{
  "exitcode": 1,
  "summary": {
    "passed": 69,
    "failed": 10,
    "total": 79,
    "collected": 79
  },
  "collectors": [
    {
      "nodeid": "",
      "outcome": "passed",
      "result": [
        {
          "nodeid": ".",
          "type": "Dir"
        }
      ]
    },
    {
      "nodeid": "samples",
      "outcome": "passed",
      "result": []
    },
    {
      "nodeid": "segment/analytics/test/test_client.py::TestClient",
      "outcome": "passed",
      "result": [
        {
          "nodeid": "segment/analytics/test/test_client.py::TestClient::test_advanced_group",
          "type": "TestCaseFunction",
          "lineno": 135
        },
        {
          "nodeid": "segment/analytics/test/test_client.py::TestClient::test_advanced_identify",
          "type": "TestCaseFunction",
          "lineno": 101
        },
        {
          "nodeid": "segment/analytics/test/test_client.py::TestClient::test_advanced_page",
          "type": "TestCaseFunction",
          "lineno": 177
        },
        {
          "nodeid": "segment/analytics/test/test_client.py::TestClient::test_advanced_screen",
          "type": "TestCaseFunction",
          "lineno": 211
        },
        {
          "nodeid": "segment/analytics/test/test_client.py::TestClient::test_advanced_track",
          "type": "TestCaseFunction",
          "lineno": 65
        },
        {
          "nodeid": "segment/analytics/test/test_client.py::TestClient::test_basic_alias",
          "type": "TestCaseFunction",
          "lineno": 158
        },
        {
          "nodeid": "segment/analytics/test/test_client.py::TestClient::test_basic_group",
          "type": "TestCaseFunction",
          "lineno": 124
        },
        {
          "nodeid": "segment/analytics/test/test_client.py::TestClient::test_basic_identify",
          "type": "TestCaseFunction",
          "lineno": 88
        },
        {
          "nodeid": "segment/analytics/test/test_client.py::TestClient::test_basic_page",
          "type": "TestCaseFunction",
          "lineno": 167
        },
        {
          "nodeid": "segment/analytics/test/test_client.py::TestClient::test_basic_screen",
          "type": "TestCaseFunction",
          "lineno": 202
        },
        {
          "nodeid": "segment/analytics/test/test_client.py::TestClient::test_basic_track",
          "type": "TestCaseFunction",
          "lineno": 25
        },
        {
          "nodeid": "segment/analytics/test/test_client.py::TestClient::test_debug",
          "type": "TestCaseFunction",
          "lineno": 294
        },
        {
          "nodeid": "segment/analytics/test/test_client.py::TestClient::test_default_timeout_15",
          "type": "TestCaseFunction",
          "lineno": 340
        },
        {
          "nodeid": "segment/analytics/test/test_client.py::TestClient::test_empty_flush",
          "type": "TestCaseFunction",
          "lineno": 22
        },
        {
          "nodeid": "segment/analytics/test/test_client.py::TestClient::test_flush",
          "type": "TestCaseFunction",
          "lineno": 236
        },
        {
          "nodeid": "segment/analytics/test/test_client.py::TestClient::test_gzip",
          "type": "TestCaseFunction",
          "lineno": 312
        },
        {
          "nodeid": "segment/analytics/test/test_client.py::TestClient::test_identify_with_date_object",
          "type": "TestCaseFunction",
          "lineno": 298
        },
        {
          "nodeid": "segment/analytics/test/test_client.py::TestClient::test_numeric_user_id",
          "type": "TestCaseFunction",
          "lineno": 289
        },
        {
          "nodeid": "segment/analytics/test/test_client.py::TestClient::test_overflow",
          "type": "TestCaseFunction",
          "lineno": 268
        },
        {
          "nodeid": "segment/analytics/test/test_client.py::TestClient::test_proxies",
          "type": "TestCaseFunction",
          "lineno": 345
        },
        {
          "nodeid": "segment/analytics/test/test_client.py::TestClient::test_requires_write_key",
          "type": "TestCaseFunction",
          "lineno": 19
        },
        {
          "nodeid": "segment/analytics/test/test_client.py::TestClient::test_shutdown",
          "type": "TestCaseFunction",
          "lineno": 247
        },
        {
          "nodeid": "segment/analytics/test/test_client.py::TestClient::test_stringifies_anonymous_id",
          "type": "TestCaseFunction",
          "lineno": 52
        },
        {
          "nodeid": "segment/analytics/test/test_client.py::TestClient::test_stringifies_user_id",
          "type": "TestCaseFunction",
          "lineno": 39
        },
        {
          "nodeid": "segment/analytics/test/test_client.py::TestClient::test_success_on_invalid_write_key",
          "type": "TestCaseFunction",
          "lineno": 280
        },
        {
          "nodeid": "segment/analytics/test/test_client.py::TestClient::test_synchronous",
          "type": "TestCaseFunction",
          "lineno": 260
        },
        {
          "nodeid": "segment/analytics/test/test_client.py::TestClient::test_unicode",
          "type": "TestCaseFunction",
          "lineno": 286
        },
        {
          "nodeid": "segment/analytics/test/test_client.py::TestClient::test_user_defined_timeout",
          "type": "TestCaseFunction",
          "lineno": 335
        },
        {
          "nodeid": "segment/analytics/test/test_client.py::TestClient::test_user_defined_upload_size",
          "type": "TestCaseFunction",
          "lineno": 319
        }
      ]
    },
    {
      "nodeid": "segment/analytics/test/test_client.py",
      "outcome": "passed",
      "result": [
        {
          "nodeid": "segment/analytics/test/test_client.py::TestClient",
          "type": "UnitTestCase"
        }
      ]
    },
    {
      "nodeid": "segment/analytics/test/test_consumer.py::TestConsumer",
      "outcome": "passed",
      "result": [
        {
          "nodeid": "segment/analytics/test/test_consumer.py::TestConsumer::test_dropping_oversize_msg",
          "type": "TestCaseFunction",
          "lineno": 32
        },
        {
          "nodeid": "segment/analytics/test/test_consumer.py::TestConsumer::test_max_batch_size",
          "type": "TestCaseFunction",
          "lineno": 171
        },
        {
          "nodeid": "segment/analytics/test/test_consumer.py::TestConsumer::test_multiple_uploads_per_interval",
          "type": "TestCaseFunction",
          "lineno": 73
        },
        {
          "nodeid": "segment/analytics/test/test_consumer.py::TestConsumer::test_next",
          "type": "TestCaseFunction",
          "lineno": 16
        },
        {
          "nodeid": "segment/analytics/test/test_consumer.py::TestConsumer::test_next_limit",
          "type": "TestCaseFunction",
          "lineno": 23
        },
        {
          "nodeid": "segment/analytics/test/test_consumer.py::TestConsumer::test_pause",
          "type": "TestCaseFunction",
          "lineno": 166
        },
        {
          "nodeid": "segment/analytics/test/test_consumer.py::TestConsumer::test_proxies",
          "type": "TestCaseFunction",
          "lineno": 200
        },
        {
          "nodeid": "segment/analytics/test/test_consumer.py::TestConsumer::test_request",
          "type": "TestCaseFunction",
          "lineno": 93
        },
        {
          "nodeid": "segment/analytics/test/test_consumer.py::TestConsumer::test_request_retry",
          "type": "TestCaseFunction",
          "lineno": 136
        },
        {
          "nodeid": "segment/analytics/test/test_consumer.py::TestConsumer::test_upload",
          "type": "TestCaseFunction",
          "lineno": 41
        },
        {
          "nodeid": "segment/analytics/test/test_consumer.py::TestConsumer::test_upload_interval",
          "type": "TestCaseFunction",
          "lineno": 53
        }
      ]
    },
    {
      "nodeid": "segment/analytics/test/test_consumer.py",
      "outcome": "passed",
      "result": [
        {
          "nodeid": "segment/analytics/test/test_consumer.py::TestConsumer",
          "type": "UnitTestCase"
        }
      ]
    },
    {
      "nodeid": "segment/analytics/test/test_init.py::TestInit",
      "outcome": "passed",
      "result": [
        {
          "nodeid": "segment/analytics/test/test_init.py::TestInit::test_debug",
          "type": "TestCaseFunction",
          "lineno": 24
        },
        {
          "nodeid": "segment/analytics/test/test_init.py::TestInit::test_gzip",
          "type": "TestCaseFunction",
          "lineno": 35
        },
        {
          "nodeid": "segment/analytics/test/test_init.py::TestInit::test_host",
          "type": "TestCaseFunction",
          "lineno": 45
        },
        {
          "nodeid": "segment/analytics/test/test_init.py::TestInit::test_max_queue_size",
          "type": "TestCaseFunction",
          "lineno": 53
        },
        {
          "nodeid": "segment/analytics/test/test_init.py::TestInit::test_max_retries",
          "type": "TestCaseFunction",
          "lineno": 59
        },
        {
          "nodeid": "segment/analytics/test/test_init.py::TestInit::test_sync_mode",
          "type": "TestCaseFunction",
          "lineno": 65
        },
        {
          "nodeid": "segment/analytics/test/test_init.py::TestInit::test_timeout",
          "type": "TestCaseFunction",
          "lineno": 75
        },
        {
          "nodeid": "segment/analytics/test/test_init.py::TestInit::test_writeKey",
          "type": "TestCaseFunction",
          "lineno": 19
        }
      ]
    },
    {
      "nodeid": "segment/analytics/test/test_init.py",
      "outcome": "passed",
      "result": [
        {
          "nodeid": "segment/analytics/test/test_init.py::TestInit",
          "type": "UnitTestCase"
        }
      ]
    },
    {
      "nodeid": "segment/analytics/test/test_module.py::TestModule",
      "outcome": "passed",
      "result": [
        {
          "nodeid": "segment/analytics/test/test_module.py::TestModule::test_alias",
          "type": "TestCaseFunction",
          "lineno": 35
        },
        {
          "nodeid": "segment/analytics/test/test_module.py::TestModule::test_flush",
          "type": "TestCaseFunction",
          "lineno": 47
        },
        {
          "nodeid": "segment/analytics/test/test_module.py::TestModule::test_group",
          "type": "TestCaseFunction",
          "lineno": 31
        },
        {
          "nodeid": "segment/analytics/test/test_module.py::TestModule::test_identify",
          "type": "TestCaseFunction",
          "lineno": 27
        },
        {
          "nodeid": "segment/analytics/test/test_module.py::TestModule::test_no_host",
          "type": "TestCaseFunction",
          "lineno": 19
        },
        {
          "nodeid": "segment/analytics/test/test_module.py::TestModule::test_no_write_key",
          "type": "TestCaseFunction",
          "lineno": 15
        },
        {
          "nodeid": "segment/analytics/test/test_module.py::TestModule::test_page",
          "type": "TestCaseFunction",
          "lineno": 39
        },
        {
          "nodeid": "segment/analytics/test/test_module.py::TestModule::test_screen",
          "type": "TestCaseFunction",
          "lineno": 43
        },
        {
          "nodeid": "segment/analytics/test/test_module.py::TestModule::test_track",
          "type": "TestCaseFunction",
          "lineno": 23
        }
      ]
    },
    {
      "nodeid": "segment/analytics/test/test_module.py",
      "outcome": "passed",
      "result": [
        {
          "nodeid": "segment/analytics/test/test_module.py::TestModule",
          "type": "UnitTestCase"
        }
      ]
    },
    {
      "nodeid": "segment/analytics/test/test_oauth.py::TestOauthManager",
      "outcome": "passed",
      "result": [
        {
          "nodeid": "segment/analytics/test/test_oauth.py::TestOauthManager::test_oauth_fail_unrecoverably",
          "type": "TestCaseFunction",
          "lineno": 85
        },
        {
          "nodeid": "segment/analytics/test/test_oauth.py::TestOauthManager::test_oauth_fail_with_retries",
          "type": "TestCaseFunction",
          "lineno": 94
        },
        {
          "nodeid": "segment/analytics/test/test_oauth.py::TestOauthManager::test_oauth_rate_limit_delay",
          "type": "TestCaseFunction",
          "lineno": 103
        },
        {
          "nodeid": "segment/analytics/test/test_oauth.py::TestOauthManager::test_oauth_success",
          "type": "TestCaseFunction",
          "lineno": 75
        }
      ]
    },
    {
      "nodeid": "segment/analytics/test/test_oauth.py::TestOauthIntegration",
      "outcome": "passed",
      "result": [
        {
          "nodeid": "segment/analytics/test/test_oauth.py::TestOauthIntegration::test_oauth_integration_fail_bad_key",
          "type": "TestCaseFunction",
          "lineno": 145
        },
        {
          "nodeid": "segment/analytics/test/test_oauth.py::TestOauthIntegration::test_oauth_integration_failure",
          "type": "TestCaseFunction",
          "lineno": 126
        },
        {
          "nodeid": "segment/analytics/test/test_oauth.py::TestOauthIntegration::test_oauth_integration_recovery",
          "type": "TestCaseFunction",
          "lineno": 135
        },
        {
          "nodeid": "segment/analytics/test/test_oauth.py::TestOauthIntegration::test_oauth_integration_success",
          "type": "TestCaseFunction",
          "lineno": 117
        }
      ]
    },
    {
      "nodeid": "segment/analytics/test/test_oauth.py",
      "outcome": "passed",
      "result": [
        {
          "nodeid": "segment/analytics/test/test_oauth.py::TestOauthManager",
          "type": "UnitTestCase"
        },
        {
          "nodeid": "segment/analytics/test/test_oauth.py::TestOauthIntegration",
          "type": "UnitTestCase"
        }
      ]
    },
    {
      "nodeid": "segment/analytics/test/test_request.py::TestRequests",
      "outcome": "passed",
      "result": [
        {
          "nodeid": "segment/analytics/test/test_request.py::TestRequests::test_date_serialization",
          "type": "TestCaseFunction",
          "lineno": 35
        },
        {
          "nodeid": "segment/analytics/test/test_request.py::TestRequests::test_datetime_serialization",
          "type": "TestCaseFunction",
          "lineno": 30
        },
        {
          "nodeid": "segment/analytics/test/test_request.py::TestRequests::test_invalid_host",
          "type": "TestCaseFunction",
          "lineno": 25
        },
        {
          "nodeid": "segment/analytics/test/test_request.py::TestRequests::test_invalid_request_error",
          "type": "TestCaseFunction",
          "lineno": 20
        },
        {
          "nodeid": "segment/analytics/test/test_request.py::TestRequests::test_proxies",
          "type": "TestCaseFunction",
          "lineno": 62
        },
        {
          "nodeid": "segment/analytics/test/test_request.py::TestRequests::test_should_not_timeout",
          "type": "TestCaseFunction",
          "lineno": 42
        },
        {
          "nodeid": "segment/analytics/test/test_request.py::TestRequests::test_should_timeout",
          "type": "TestCaseFunction",
          "lineno": 52
        },
        {
          "nodeid": "segment/analytics/test/test_request.py::TestRequests::test_valid_request",
          "type": "TestCaseFunction",
          "lineno": 10
        }
      ]
    },
    {
      "nodeid": "segment/analytics/test/test_request.py",
      "outcome": "passed",
      "result": [
        {
          "nodeid": "segment/analytics/test/test_request.py::TestRequests",
          "type": "UnitTestCase"
        }
      ]
    },
    {
      "nodeid": "segment/analytics/test/test_utils.py::TestUtils",
      "outcome": "passed",
      "result": [
        {
          "nodeid": "segment/analytics/test/test_utils.py::TestUtils::test_bytes",
          "type": "TestCaseFunction",
          "lineno": 57
        },
        {
          "nodeid": "segment/analytics/test/test_utils.py::TestUtils::test_clean",
          "type": "TestCaseFunction",
          "lineno": 23
        },
        {
          "nodeid": "segment/analytics/test/test_utils.py::TestUtils::test_clean_fn",
          "type": "TestCaseFunction",
          "lineno": 62
        },
        {
          "nodeid": "segment/analytics/test/test_utils.py::TestUtils::test_clean_with_dates",
          "type": "TestCaseFunction",
          "lineno": 50
        },
        {
          "nodeid": "segment/analytics/test/test_utils.py::TestUtils::test_remove_slash",
          "type": "TestCaseFunction",
          "lineno": 68
        },
        {
          "nodeid": "segment/analytics/test/test_utils.py::TestUtils::test_timezone_utils",
          "type": "TestCaseFunction",
          "lineno": 11
        }
      ]
    },
    {
      "nodeid": "segment/analytics/test/test_utils.py",
      "outcome": "passed",
      "result": [
        {
          "nodeid": "segment/analytics/test/test_utils.py::TestUtils",
          "type": "UnitTestCase"
        }
      ]
    },
    {
      "nodeid": "segment/analytics/test",
      "outcome": "passed",
      "result": [
        {
          "nodeid": "segment/analytics/test/test_client.py",
          "type": "Module"
        },
        {
          "nodeid": "segment/analytics/test/test_consumer.py",
          "type": "Module"
        },
        {
          "nodeid": "segment/analytics/test/test_init.py",
          "type": "Module"
        },
        {
          "nodeid": "segment/analytics/test/test_module.py",
          "type": "Module"
        },
        {
          "nodeid": "segment/analytics/test/test_oauth.py",
          "type": "Module"
        },
        {
          "nodeid": "segment/analytics/test/test_request.py",
          "type": "Module"
        },
        {
          "nodeid": "segment/analytics/test/test_utils.py",
          "type": "Module"
        }
      ]
    },
    {
      "nodeid": "segment/analytics",
      "outcome": "passed",
      "result": [
        {
          "nodeid": "segment/analytics/test",
          "type": "Package"
        }
      ]
    },
    {
      "nodeid": "segment",
      "outcome": "passed",
      "result": [
        {
          "nodeid": "segment/analytics",
          "type": "Package"
        }
      ]
    },
    {
      "nodeid": "segment_analytics_python.egg-info",
      "outcome": "passed",
      "result": []
    },
    {
      "nodeid": ".",
      "outcome": "passed",
      "result": [
        {
          "nodeid": "samples",
          "type": "Dir"
        },
        {
          "nodeid": "segment",
          "type": "Dir"
        },
        {
          "nodeid": "segment_analytics_python.egg-info",
          "type": "Dir"
        }
      ]
    }
  ],
  "tests": [
    {
      "nodeid": "segment/analytics/test/test_client.py::TestClient::test_advanced_group",
      "lineno": 135,
      "outcome": "passed",
      "keywords": [
        "test_advanced_group",
        "TestClient",
        "test_client.py",
        "test",
        "analytics",
        "segment",
        "segmentio@analytics-python__603632f3__requests__requests_futures",
        ""
      ],
      "setup": {
        "outcome": "passed"
      },
      "call": {
        "outcome": "passed"
      },
      "teardown": {
        "outcome": "passed"
      }
    },
    {
      "nodeid": "segment/analytics/test/test_client.py::TestClient::test_advanced_identify",
      "lineno": 101,
      "outcome": "passed",
      "keywords": [
        "test_advanced_identify",
        "TestClient",
        "test_client.py",
        "test",
        "analytics",
        "segment",
        "segmentio@analytics-python__603632f3__requests__requests_futures",
        ""
      ],
      "setup": {
        "outcome": "passed"
      },
      "call": {
        "outcome": "passed"
      },
      "teardown": {
        "outcome": "passed"
      }
    },
    {
      "nodeid": "segment/analytics/test/test_client.py::TestClient::test_advanced_page",
      "lineno": 177,
      "outcome": "passed",
      "keywords": [
        "test_advanced_page",
        "TestClient",
        "test_client.py",
        "test",
        "analytics",
        "segment",
        "segmentio@analytics-python__603632f3__requests__requests_futures",
        ""
      ],
      "setup": {
        "outcome": "passed"
      },
      "call": {
        "outcome": "passed"
      },
      "teardown": {
        "outcome": "passed"
      }
    },
    {
      "nodeid": "segment/analytics/test/test_client.py::TestClient::test_advanced_screen",
      "lineno": 211,
      "outcome": "passed",
      "keywords": [
        "test_advanced_screen",
        "TestClient",
        "test_client.py",
        "test",
        "analytics",
        "segment",
        "segmentio@analytics-python__603632f3__requests__requests_futures",
        ""
      ],
      "setup": {
        "outcome": "passed"
      },
      "call": {
        "outcome": "passed"
      },
      "teardown": {
        "outcome": "passed"
      }
    },
    {
      "nodeid": "segment/analytics/test/test_client.py::TestClient::test_advanced_track",
      "lineno": 65,
      "outcome": "passed",
      "keywords": [
        "test_advanced_track",
        "TestClient",
        "test_client.py",
        "test",
        "analytics",
        "segment",
        "segmentio@analytics-python__603632f3__requests__requests_futures",
        ""
      ],
      "setup": {
        "outcome": "passed"
      },
      "call": {
        "outcome": "passed"
      },
      "teardown": {
        "outcome": "passed"
      }
    },
    {
      "nodeid": "segment/analytics/test/test_client.py::TestClient::test_basic_alias",
      "lineno": 158,
      "outcome": "passed",
      "keywords": [
        "test_basic_alias",
        "TestClient",
        "test_client.py",
        "test",
        "analytics",
        "segment",
        "segmentio@analytics-python__603632f3__requests__requests_futures",
        ""
      ],
      "setup": {
        "outcome": "passed"
      },
      "call": {
        "outcome": "passed"
      },
      "teardown": {
        "outcome": "passed"
      }
    },
    {
      "nodeid": "segment/analytics/test/test_client.py::TestClient::test_basic_group",
      "lineno": 124,
      "outcome": "passed",
      "keywords": [
        "test_basic_group",
        "TestClient",
        "test_client.py",
        "test",
        "analytics",
        "segment",
        "segmentio@analytics-python__603632f3__requests__requests_futures",
        ""
      ],
      "setup": {
        "outcome": "passed"
      },
      "call": {
        "outcome": "passed"
      },
      "teardown": {
        "outcome": "passed"
      }
    },
    {
      "nodeid": "segment/analytics/test/test_client.py::TestClient::test_basic_identify",
      "lineno": 88,
      "outcome": "passed",
      "keywords": [
        "test_basic_identify",
        "TestClient",
        "test_client.py",
        "test",
        "analytics",
        "segment",
        "segmentio@analytics-python__603632f3__requests__requests_futures",
        ""
      ],
      "setup": {
        "outcome": "passed"
      },
      "call": {
        "outcome": "passed"
      },
      "teardown": {
        "outcome": "passed"
      }
    },
    {
      "nodeid": "segment/analytics/test/test_client.py::TestClient::test_basic_page",
      "lineno": 167,
      "outcome": "passed",
      "keywords": [
        "test_basic_page",
        "TestClient",
        "test_client.py",
        "test",
        "analytics",
        "segment",
        "segmentio@analytics-python__603632f3__requests__requests_futures",
        ""
      ],
      "setup": {
        "outcome": "passed"
      },
      "call": {
        "outcome": "passed"
      },
      "teardown": {
        "outcome": "passed"
      }
    },
    {
      "nodeid": "segment/analytics/test/test_client.py::TestClient::test_basic_screen",
      "lineno": 202,
      "outcome": "passed",
      "keywords": [
        "test_basic_screen",
        "TestClient",
        "test_client.py",
        "test",
        "analytics",
        "segment",
        "segmentio@analytics-python__603632f3__requests__requests_futures",
        ""
      ],
      "setup": {
        "outcome": "passed"
      },
      "call": {
        "outcome": "passed"
      },
      "teardown": {
        "outcome": "passed"
      }
    },
    {
      "nodeid": "segment/analytics/test/test_client.py::TestClient::test_basic_track",
      "lineno": 25,
      "outcome": "passed",
      "keywords": [
        "test_basic_track",
        "TestClient",
        "test_client.py",
        "test",
        "analytics",
        "segment",
        "segmentio@analytics-python__603632f3__requests__requests_futures",
        ""
      ],
      "setup": {
        "outcome": "passed"
      },
      "call": {
        "outcome": "passed"
      },
      "teardown": {
        "outcome": "passed"
      }
    },
    {
      "nodeid": "segment/analytics/test/test_client.py::TestClient::test_debug",
      "lineno": 294,
      "outcome": "passed",
      "keywords": [
        "test_debug",
        "TestClient",
        "test_client.py",
        "test",
        "analytics",
        "segment",
        "segmentio@analytics-python__603632f3__requests__requests_futures",
        ""
      ],
      "setup": {
        "outcome": "passed"
      },
      "call": {
        "outcome": "passed"
      },
      "teardown": {
        "outcome": "passed"
      }
    },
    {
      "nodeid": "segment/analytics/test/test_client.py::TestClient::test_default_timeout_15",
      "lineno": 340,
      "outcome": "passed",
      "keywords": [
        "test_default_timeout_15",
        "TestClient",
        "test_client.py",
        "test",
        "analytics",
        "segment",
        "segmentio@analytics-python__603632f3__requests__requests_futures",
        ""
      ],
      "setup": {
        "outcome": "passed"
      },
      "call": {
        "outcome": "passed"
      },
      "teardown": {
        "outcome": "passed"
      }
    },
    {
      "nodeid": "segment/analytics/test/test_client.py::TestClient::test_empty_flush",
      "lineno": 22,
      "outcome": "passed",
      "keywords": [
        "test_empty_flush",
        "TestClient",
        "test_client.py",
        "test",
        "analytics",
        "segment",
        "segmentio@analytics-python__603632f3__requests__requests_futures",
        ""
      ],
      "setup": {
        "outcome": "passed"
      },
      "call": {
        "outcome": "passed"
      },
      "teardown": {
        "outcome": "passed"
      }
    },
    {
      "nodeid": "segment/analytics/test/test_client.py::TestClient::test_flush",
      "lineno": 236,
      "outcome": "passed",
      "keywords": [
        "test_flush",
        "TestClient",
        "test_client.py",
        "test",
        "analytics",
        "segment",
        "segmentio@analytics-python__603632f3__requests__requests_futures",
        ""
      ],
      "setup": {
        "outcome": "passed"
      },
      "call": {
        "outcome": "passed"
      },
      "teardown": {
        "outcome": "passed"
      }
    },
    {
      "nodeid": "segment/analytics/test/test_client.py::TestClient::test_gzip",
      "lineno": 312,
      "outcome": "passed",
      "keywords": [
        "test_gzip",
        "TestClient",
        "test_client.py",
        "test",
        "analytics",
        "segment",
        "segmentio@analytics-python__603632f3__requests__requests_futures",
        ""
      ],
      "setup": {
        "outcome": "passed"
      },
      "call": {
        "outcome": "passed"
      },
      "teardown": {
        "outcome": "passed"
      }
    },
    {
      "nodeid": "segment/analytics/test/test_client.py::TestClient::test_identify_with_date_object",
      "lineno": 298,
      "outcome": "passed",
      "keywords": [
        "test_identify_with_date_object",
        "TestClient",
        "test_client.py",
        "test",
        "analytics",
        "segment",
        "segmentio@analytics-python__603632f3__requests__requests_futures",
        ""
      ],
      "setup": {
        "outcome": "passed"
      },
      "call": {
        "outcome": "passed"
      },
      "teardown": {
        "outcome": "passed"
      }
    },
    {
      "nodeid": "segment/analytics/test/test_client.py::TestClient::test_numeric_user_id",
      "lineno": 289,
      "outcome": "passed",
      "keywords": [
        "test_numeric_user_id",
        "TestClient",
        "test_client.py",
        "test",
        "analytics",
        "segment",
        "segmentio@analytics-python__603632f3__requests__requests_futures",
        ""
      ],
      "setup": {
        "outcome": "passed"
      },
      "call": {
        "outcome": "passed"
      },
      "teardown": {
        "outcome": "passed"
      }
    },
    {
      "nodeid": "segment/analytics/test/test_client.py::TestClient::test_overflow",
      "lineno": 268,
      "outcome": "passed",
      "keywords": [
        "test_overflow",
        "TestClient",
        "test_client.py",
        "test",
        "analytics",
        "segment",
        "segmentio@analytics-python__603632f3__requests__requests_futures",
        ""
      ],
      "setup": {
        "outcome": "passed"
      },
      "call": {
        "outcome": "passed",
        "stderr": "analytics-python queue is full\nanalytics-python queue is full\nanalytics-python queue is full\nanalytics-python queue is full\nanalytics-python queue is full\nanalytics-python queue is full\nanalytics-python queue is full\nanalytics-python queue is full\nanalytics-python queue is full\nanalytics-python queue is full\n"
      },
      "teardown": {
        "outcome": "passed"
      }
    },
    {
      "nodeid": "segment/analytics/test/test_client.py::TestClient::test_proxies",
      "lineno": 345,
      "outcome": "passed",
      "keywords": [
        "test_proxies",
        "TestClient",
        "test_client.py",
        "test",
        "analytics",
        "segment",
        "segmentio@analytics-python__603632f3__requests__requests_futures",
        ""
      ],
      "setup": {
        "outcome": "passed"
      },
      "call": {
        "outcome": "passed"
      },
      "teardown": {
        "outcome": "passed"
      }
    },
    {
      "nodeid": "segment/analytics/test/test_client.py::TestClient::test_requires_write_key",
      "lineno": 19,
      "outcome": "passed",
      "keywords": [
        "test_requires_write_key",
        "TestClient",
        "test_client.py",
        "test",
        "analytics",
        "segment",
        "segmentio@analytics-python__603632f3__requests__requests_futures",
        ""
      ],
      "setup": {
        "outcome": "passed"
      },
      "call": {
        "outcome": "passed"
      },
      "teardown": {
        "outcome": "passed"
      }
    },
    {
      "nodeid": "segment/analytics/test/test_client.py::TestClient::test_shutdown",
      "lineno": 247,
      "outcome": "passed",
      "keywords": [
        "test_shutdown",
        "TestClient",
        "test_client.py",
        "test",
        "analytics",
        "segment",
        "segmentio@analytics-python__603632f3__requests__requests_futures",
        ""
      ],
      "setup": {
        "outcome": "passed"
      },
      "call": {
        "outcome": "passed"
      },
      "teardown": {
        "outcome": "passed"
      }
    },
    {
      "nodeid": "segment/analytics/test/test_client.py::TestClient::test_stringifies_anonymous_id",
      "lineno": 52,
      "outcome": "passed",
      "keywords": [
        "test_stringifies_anonymous_id",
        "TestClient",
        "test_client.py",
        "test",
        "analytics",
        "segment",
        "segmentio@analytics-python__603632f3__requests__requests_futures",
        ""
      ],
      "setup": {
        "outcome": "passed"
      },
      "call": {
        "outcome": "passed"
      },
      "teardown": {
        "outcome": "passed"
      }
    },
    {
      "nodeid": "segment/analytics/test/test_client.py::TestClient::test_stringifies_user_id",
      "lineno": 39,
      "outcome": "passed",
      "keywords": [
        "test_stringifies_user_id",
        "TestClient",
        "test_client.py",
        "test",
        "analytics",
        "segment",
        "segmentio@analytics-python__603632f3__requests__requests_futures",
        ""
      ],
      "setup": {
        "outcome": "passed"
      },
      "call": {
        "outcome": "passed"
      },
      "teardown": {
        "outcome": "passed"
      }
    },
    {
      "nodeid": "segment/analytics/test/test_client.py::TestClient::test_success_on_invalid_write_key",
      "lineno": 280,
      "outcome": "passed",
      "keywords": [
        "test_success_on_invalid_write_key",
        "TestClient",
        "test_client.py",
        "test",
        "analytics",
        "segment",
        "segmentio@analytics-python__603632f3__requests__requests_futures",
        ""
      ],
      "setup": {
        "outcome": "passed"
      },
      "call": {
        "outcome": "passed"
      },
      "teardown": {
        "outcome": "passed"
      }
    },
    {
      "nodeid": "segment/analytics/test/test_client.py::TestClient::test_synchronous",
      "lineno": 260,
      "outcome": "passed",
      "keywords": [
        "test_synchronous",
        "TestClient",
        "test_client.py",
        "test",
        "analytics",
        "segment",
        "segmentio@analytics-python__603632f3__requests__requests_futures",
        ""
      ],
      "setup": {
        "outcome": "passed"
      },
      "call": {
        "outcome": "passed"
      },
      "teardown": {
        "outcome": "passed"
      }
    },
    {
      "nodeid": "segment/analytics/test/test_client.py::TestClient::test_unicode",
      "lineno": 286,
      "outcome": "passed",
      "keywords": [
        "test_unicode",
        "TestClient",
        "test_client.py",
        "test",
        "analytics",
        "segment",
        "segmentio@analytics-python__603632f3__requests__requests_futures",
        ""
      ],
      "setup": {
        "outcome": "passed"
      },
      "call": {
        "outcome": "passed"
      },
      "teardown": {
        "outcome": "passed"
      }
    },
    {
      "nodeid": "segment/analytics/test/test_client.py::TestClient::test_user_defined_timeout",
      "lineno": 335,
      "outcome": "passed",
      "keywords": [
        "test_user_defined_timeout",
        "TestClient",
        "test_client.py",
        "test",
        "analytics",
        "segment",
        "segmentio@analytics-python__603632f3__requests__requests_futures",
        ""
      ],
      "setup": {
        "outcome": "passed"
      },
      "call": {
        "outcome": "passed"
      },
      "teardown": {
        "outcome": "passed"
      }
    },
    {
      "nodeid": "segment/analytics/test/test_client.py::TestClient::test_user_defined_upload_size",
      "lineno": 319,
      "outcome": "passed",
      "keywords": [
        "test_user_defined_upload_size",
        "TestClient",
        "test_client.py",
        "test",
        "analytics",
        "segment",
        "segmentio@analytics-python__603632f3__requests__requests_futures",
        ""
      ],
      "setup": {
        "outcome": "passed"
      },
      "call": {
        "outcome": "passed"
      },
      "teardown": {
        "outcome": "passed"
      }
    },
    {
      "nodeid": "segment/analytics/test/test_consumer.py::TestConsumer::test_dropping_oversize_msg",
      "lineno": 32,
      "outcome": "passed",
      "keywords": [
        "test_dropping_oversize_msg",
        "TestConsumer",
        "test_consumer.py",
        "test",
        "analytics",
        "segment",
        "segmentio@analytics-python__603632f3__requests__requests_futures",
        ""
      ],
      "setup": {
        "outcome": "passed"
      },
      "call": {
        "outcome": "passed",
        "stderr": "Item exceeds 32kb limit, dropping. ({'m': 'xxxxxxxxxxxxxxxxxxxxxxxxxxxxxxxxxxxxxxxxxxxxxxxxxxxxxxxxxxxxxxxxxxxxxxxxxxxxxxxxxxxxxxxxxxxxxxxxxxxxxxxxxxxxxxxxxxxxxxxxxxxxxxxxxxxxxxxxxxxxxxxxxxxxxxxxxxxxxxxxxxxxxxxxxxxxxxxxxxxxxxxxxxxxxxxxxxxxxxxxxxxxxxxxxxxxxxxxxxxxxxxxxxxxxxxxxxxxxxxxxxxxxxxxxxxxxxxxxxxxxxxxxxxxxxxxxxxxxxxxxxxxxxxxxxxxxxxxxxxxxxxxxxxxxxxxxxxxxxxxxxxxxxxxxxxxxxxxxxxxxxxxxxxxxxxxxxxxxxxxxxxxxxxxxxxxxxxxxxxxxxxxxxxxxxxxxxxxxxxxxxxxxxxxxxxxxxxxxxxxxxxxxxxxxxxxxxxxxxxxxxxxxxxxxxxxxxxxxxxxxxxxxxxxxxxxxxxxxxxxxxxxxxxxxxxxxxxxxxxxxxxxxxxxxxxxxxxxxxxxxxxxxxxxxxxxxxxxxxxxxxxxxxxxxxxxxxxxxxxxxxxxxxxxxxxxxxxxxxxxxxxxxxxxxxxxxxxxxxxxxxxxxxxxxxxxxxxxxxxxxxxxxxxxxxxxxxxxxxxxxxxxxxxxxxxxxxxxxxxxxxxxxxxxxxxxxxxxxxxxxxxxxxxxxxxxxxxxxxxxxxxxxxxxxxxxxxxxxxxxxxxxxxxxxxxxxxxxxxxxxxxxxxxxxxxxxxxxxxxxxxxxxxxxxxxxxxxxxxxxxxxxxxxxxxxxxxxxxxxxxxxxxxxxxxxxxxxxxxxxxxxxxxxxxxxxxxxxxxxxxxxxxxxxxxxxxxxxxxxxxxxxxxxxxxxxxxxxxxxxxxxxxxxxxxxxxxxxxxxxxxxxxxxxxxxxxxxxxxxxxxxxxxxxxxxxxxxxxxxxxxxxxxxxxxxxxxxxxxxxxxxxxxxxxxxxxxxxxxxxxxxxxxxxxxxxxxxxxxxxxxxxxxxxxxxxxxxxxxxxxxxxxxxxxxxxxxxxxxxxxxxxxxxxxxxxxxxxxxxxxxxxxxxxxxxxxxxxxxxxxxxxxxxxxxxxxxxxxxxxxxxxxxxxxxxxxxxxxxxxxxxxxxxxxxxxxxxxxxxxxxxxxxxxxxxxxxxxxxxxxxxxxxxxxxxxxxxxxxxxxxxxxxxxxxxxxxxxxxxxxxxxxxxxxxxxxxxxxxxxxxxxxxxxxxxxxxxxxxxxxxxxxxxxxxxxxxxxxxxxxxxxxxxxxxxxxxxxxxxxxxxxxxxxxxxxxxxxxxxxxxxxxxxxxxxxxxxxxxxxxxxxxxxxxxxxxxxxxxxxxxxxxxxxxxxxxxxxxxxxxxxxxxxxxxxxxxxxxxxxxxxxxxxxxxxxxxxxxxxxxxxxxxxxxxxxxxxxxxxxxxxxxxxxxxxxxxxxxxxxxxxxxxxxxxxxxxxxxxxxxxxxxxxxxxxxxxxxxxxxxxxxxxxxxxxxxxxxxxxxxxxxxxxxxxxxxxxxxxxxxxxxxxxxxxxxxxxxxxxxxxxxxxxxxxxxxxxxxxxxxxxxxxxxxxxxxxxxxxxxxxxxxxxxxxxxxxxxxxxxxxxxxxxxxxxxxxxxxxxxxxxxxxxxxxxxxxxxxxxxxxxxxxxxxxxxxxxxxxxxxxxxxxxxxxxxxxxxxxxxxxxxxxxxxxxxxxxxxxxxxxxxxxxxxxxxxxxxxxxxxxxxxxxxxxxxxxxxxxxxxxxxxxxxxxxxxxxxxxxxxxxxxxxxxxxxxxxxxxxxxxxxxxxxxxxxxxxxxxxxxxxxxxxxxxxxxxxxxxxxxxxxxxxxxxxxxxxxxxxxxxxxxxxxxxxxxxxxxxxxxxxxxxxxxxxxxxxxxxxxxxxxxxxxxxxxxxxxxxxxxxxxxxxxxxxxxxxxxxxxxxxxxxxxxxxxxxxxxxxxxxxxxxxxxxxxxxxxxxxxxxxxxxxxxxxxxxxxxxxxxxxxxxxxxxxxxxxxxxxxxxxxxxxxxxxxxxxxxxxxxxxxxxxxxxxxxxxxxxxxxxxxxxxxxxxxxxxxxxxxxxxxxxxxxxxxxxxxxxxxxxxxxxxxxxxxxxxxxxxxxxxxxxxxxxxxxxxxxxxxxxxxxxxxxxxxxxxxxxxxxxxxxxxxxxxxxxxxxxxxxxxxxxxxxxxxxxxxxxxxxxxxxxxxxxxxxxxxxxxxxxxxxxxxxxxxxxxxxxxxxxxxxxxxxxxxxxxxxxxxxxxxxxxxxxxxxxxxxxxxxxxxxxxxxxxxxxxxxxxxxxxxxxxxxxxxxxxxxxxxxxxxxxxxxxxxxxxxxxxxxxxxxxxxxxxxxxxxxxxxxxxxxxxxxxxxxxxxxxxxxxxxxxxxxxxxxxxxxxxxxxxxxxxxxxxxxxxxxxxxxxxxxxxxxxxxxxxxxxxxxxxxxxxxxxxxxxxxxxxxxxxxxxxxxxxxxxxxxxxxxxxxxxxxxxxxxxxxxxxxxxxxxxxxxxxxxxxxxxxxxxxxxxxxxxxxxxxxxxxxxxxxxxxxxxxxxxxxxxxxxxxxxxxxxxxxxxxxxxxxxxxxxxxxxxxxxxxxxxxxxxxxxxxxxxxxxxxxxxxxxxxxxxxxxxxxxxxxxxxxxxxxxxxxxxxxxxxxxxxxxxxxxxxxxxxxxxxxxxxxxxxxxxxxxxxxxxxxxxxxxxxxxxxxxxxxxxxxxxxxxxxxxxxxxxxxxxxxxxxxxxxxxxxxxxxxxxxxxxxxxxxxxxxxxxxxxxxxxxxxxxxxxxxxxxxxxxxxxxxxxxxxxxxxxxxxxxxxxxxxxxxxxxxxxxxxxxxxxxxxxxxxxxxxxxxxxxxxxxxxxxxxxxxxxxxxxxxxxxxxxxxxxxxxxxxxxxxxxxxxxxxxxxxxxxxxxxxxxxxxxxxxxxxxxxxxxxxxxxxxxxxxxxxxxxxxxxxxxxxxxxxxxxxxxxxxxxxxxxxxxxxxxxxxxxxxxxxxxxxxxxxxxxxxxxxxxxxxxxxxxxxxxxxxxxxxxxxxxxxxxxxxxxxxxxxxxxxxxxxxxxxxxxxxxxxxxxxxxxxxxxxxxxxxxxxxxxxxxxxxxxxxxxxxxxxxxxxxxxxxxxxxxxxxxxxxxxxxxxxxxxxxxxxxxxxxxxxxxxxxxxxxxxxxxxxxxxxxxxxxxxxxxxxxxxxxxxxxxxxxxxxxxxxxxxxxxxxxxxxxxxxxxxxxxxxxxxxxxxxxxxxxxxxxxxxxxxxxxxxxxxxxxxxxxxxxxxxxxxxxxxxxxxxxxxxxxxxxxxxxxxxxxxxxxxxxxxxxxxxxxxxxxxxxxxxxxxxxxxxxxxxxxxxxxxxxxxxxxxxxxxxxxxxxxxxxxxxxxxxxxxxxxxxxxxxxxxxxxxxxxxxxxxxxxxxxxxxxxxxxxxxxxxxxxxxxxxxxxxxxxxxxxxxxxxxxxxxxxxxxxxxxxxxxxxxxxxxxxxxxxxxxxxxxxxxxxxxxxxxxxxxxxxxxxxxxxxxxxxxxxxxxxxxxxxxxxxxxxxxxxxxxxxxxxxxxxxxxxxxxxxxxxxxxxxxxxxxxxxxxxxxxxxxxxxxxxxxxxxxxxxxxxxxxxxxxxxxxxxxxxxxxxxxxxxxxxxxxxxxxxxxxxxxxxxxxxxxxxxxxxxxxxxxxxxxxxxxxxxxxxxxxxxxxxxxxxxxxxxxxxxxxxxxxxxxxxxxxxxxxxxxxxxxxxxxxxxxxxxxxxxxxxxxxxxxxxxxxxxxxxxxxxxxxxxxxxxxxxxxxxxxxxxxxxxxxxxxxxxxxxxxxxxxxxxxxxxxxxxxxxxxxxxxxxxxxxxxxxxxxxxxxxxxxxxxxxxxxxxxxxxxxxxxxxxxxxxxxxxxxxxxxxxxxxxxxxxxxxxxxxxxxxxxxxxxxxxxxxxxxxxxxxxxxxxxxxxxxxxxxxxxxxxxxxxxxxxxxxxxxxxxxxxxxxxxxxxxxxxxxxxxxxxxxxxxxxxxxxxxxxxxxxxxxxxxxxxxxxxxxxxxxxxxxxxxxxxxxxxxxxxxxxxxxxxxxxxxxxxxxxxxxxxxxxxxxxxxxxxxxxxxxxxxxxxxxxxxxxxxxxxxxxxxxxxxxxxxxxxxxxxxxxxxxxxxxxxxxxxxxxxxxxxxxxxxxxxxxxxxxxxxxxxxxxxxxxxxxxxxxxxxxxxxxxxxxxxxxxxxxxxxxxxxxxxxxxxxxxxxxxxxxxxxxxxxxxxxxxxxxxxxxxxxxxxxxxxxxxxxxxxxxxxxxxxxxxxxxxxxxxxxxxxxxxxxxxxxxxxxxxxxxxxxxxxxxxxxxxxxxxxxxxxxxxxxxxxxxxxxxxxxxxxxxxxxxxxxxxxxxxxxxxxxxxxxxxxxxxxxxxxxxxxxxxxxxxxxxxxxxxxxxxxxxxxxxxxxxxxxxxxxxxxxxxxxxxxxxxxxxxxxxxxxxxxxxxxxxxxxxxxxxxxxxxxxxxxxxxxxxxxxxxxxxxxxxxxxxxxxxxxxxxxxxxxxxxxxxxxxxxxxxxxxxxxxxxxxxxxxxxxxxxxxxxxxxxxxxxxxxxxxxxxxxxxxxxxxxxxxxxxxxxxxxxxxxxxxxxxxxxxxxxxxxxxxxxxxxxxxxxxxxxxxxxxxxxxxxxxxxxxxxxxxxxxxxxxxxxxxxxxxxxxxxxxxxxxxxxxxxxxxxxxxxxxxxxxxxxxxxxxxxxxxxxxxxxxxxxxxxxxxxxxxxxxxxxxxxxxxxxxxxxxxxxxxxxxxxxxxxxxxxxxxxxxxxxxxxxxxxxxxxxxxxxxxxxxxxxxxxxxxxxxxxxxxxxxxxxxxxxxxxxxxxxxxxxxxxxxxxxxxxxxxxxxxxxxxxxxxxxxxxxxxxxxxxxxxxxxxxxxxxxxxxxxxxxxxxxxxxxxxxxxxxxxxxxxxxxxxxxxxxxxxxxxxxxxxxxxxxxxxxxxxxxxxxxxxxxxxxxxxxxxxxxxxxxxxxxxxxxxxxxxxxxxxxxxxxxxxxxxxxxxxxxxxxxxxxxxxxxxxxxxxxxxxxxxxxxxxxxxxxxxxxxxxxxxxxxxxxxxxxxxxxxxxxxxxxxxxxxxxxxxxxxxxxxxxxxxxxxxxxxxxxxxxxxxxxxxxxxxxxxxxxxxxxxxxxxxxxxxxxxxxxxxxxxxxxxxxxxxxxxxxxxxxxxxxxxxxxxxxxxxxxxxxxxxxxxxxxxxxxxxxxxxxxxxxxxxxxxxxxxxxxxxxxxxxxxxxxxxxxxxxxxxxxxxxxxxxxxxxxxxxxxxxxxxxxxxxxxxxxxxxxxxxxxxxxxxxxxxxxxxxxxxxxxxxxxxxxxxxxxxxxxxxxxxxxxxxxxxxxxxxxxxxxxxxxxxxxxxxxxxxxxxxxxxxxxxxxxxxxxxxxxxxxxxxxxxxxxxxxxxxxxxxxxxxxxxxxxxxxxxxxxxxxxxxxxxxxxxxxxxxxxxxxxxxxxxxxxxxxxxxxxxxxxxxxxxxxxxxxxxxxxxxxxxxxxxxxxxxxxxxxxxxxxxxxxxxxxxxxxxxxxxxxxxxxxxxxxxxxxxxxxxxxxxxxxxxxxxxxxxxxxxxxxxxxxxxxxxxxxxxxxxxxxxxxxxxxxxxxxxxxxxxxxxxxxxxxxxxxxxxxxxxxxxxxxxxxxxxxxxxxxxxxxxxxxxxxxxxxxxxxxxxxxxxxxxxxxxxxxxxxxxxxxxxxxxxxxxxxxxxxxxxxxxxxxxxxxxxxxxxxxxxxxxxxxxxxxxxxxxxxxxxxxxxxxxxxxxxxxxxxxxxxxxxxxxxxxxxxxxxxxxxxxxxxxxxxxxxxxxxxxxxxxxxxxxxxxxxxxxxxxxxxxxxxxxxxxxxxxxxxxxxxxxxxxxxxxxxxxxxxxxxxxxxxxxxxxxxxxxxxxxxxxxxxxxxxxxxxxxxxxxxxxxxxxxxxxxxxxxxxxxxxxxxxxxxxxxxxxxxxxxxxxxxxxxxxxxxxxxxxxxxxxxxxxxxxxxxxxxxxxxxxxxxxxxxxxxxxxxxxxxxxxxxxxxxxxxxxxxxxxxxxxxxxxxxxxxxxxxxxxxxxxxxxxxxxxxxxxxxxxxxxxxxxxxxxxxxxxxxxxxxxxxxxxxxxxxxxxxxxxxxxxxxxxxxxxxxxxxxxxxxxxxxxxxxxxxxxxxxxxxxxxxxxxxxxxxxxxxxxxxxxxxxxxxxxxxxxxxxxxxxxxxxxxxxxxxxxxxxxxxxxxxxxxxxxxxxxxxxxxxxxxxxxxxxxxxxxxxxxxxxxxxxxxxxxxxxxxxxxxxxxxxxxxxxxxxxxxxxxxxxxxxxxxxxxxxxxxxxxxxxxxxxxxxxxxxxxxxxxxxxxxxxxxxxxxxxxxxxxxxxxxxxxxxxxxxxxxxxxxxxxxxxxxxxxxxxxxxxxxxxxxxxxxxxxxxxxxxxxxxxxxxxxxxxxxxxxxxxxxxxxxxxxxxxxxxxxxxxxxxxxxxxxxxxxxxxxxxxxxxxxxxxxxxxxxxxxxxxxxxxxxxxxxxxxxxxxxxxxxxxxxxxxxxxxxxxxxxxxxxxxxxxxxxxxxxxxxxxxxxxxxxxxxxxxxxxxxxxxxxxxxxxxxxxxxxxxxxxxxxxxxxxxxxxxxxxxxxxxxxxxxxxxxxxxxxxxxxxxxxxxxxxxxxxxxxxxxxxxxxxxxxxxxxxxxxxxxxxxxxxxxxxxxxxxxxxxxxxxxxxxxxxxxxxxxxxxxxxxxxxxxxxxxxxxxxxxxxxxxxxxxxxxxxxxxxxxxxxxxxxxxxxxxxxxxxxxxxxxxxxxxxxxxxxxxxxxxxxxxxxxxxxxxxxxxxxxxxxxxxxxxxxxxxxxxxxxxxxxxxxxxxxxxxxxxxxxxxxxxxxxxxxxxxxxxxxxxxxxxxxxxxxxxxxxxxxxxxxxxxxxxxxxxxxxxxxxxxxxxxxxxxxxxxxxxxxxxxxxxxxxxxxxxxxxxxxxxxxxxxxxxxxxxxxxxxxxxxxxxxxxxxxxxxxxxxxxxxxxxxxxxxxxxxxxxxxxxxxxxxxxxxxxxxxxxxxxxxxxxxxxxxxxxxxxxxxxxxxxxxxxxxxxxxxxxxxxxxxxxxxxxxxxxxxxxxxxxxxxxxxxxxxxxxxxxxxxxxxxxxxxxxxxxxxxxxxxxxxxxxxxxxxxxxxxxxxxxxxxxxxxxxxxxxxxxxxxxxxxxxxxxxxxxxxxxxxxxxxxxxxxxxxxxxxxxxxxxxxxxxxxxxxxxxxxxxxxxxxxxxxxxxxxxxxxxxxxxxxxxxxxxxxxxxxxxxxxxxxxxxxxxxxxxxxxxxxxxxxxxxxxxxxxxxxxxxxxxxxxxxxxxxxxxxxxxxxxxxxxxxxxxxxxxxxxxxxxxxxxxxxxxxxxxxxxxxxxxxxxxxxxxxxxxxxxxxxxxxxxxxxxxxxxxxxxxxxxxxxxxxxxxxxxxxxxxxxxxxxxxxxxxxxxxxxxxxxxxxxxxxxxxxxxxxxxxxxxxxxxxxxxxxxxxxxxxxxxxxxxxxxxxxxxxxxxxxxxxxxxxxxxxxxxxxxxxxxxxxxxxxxxxxxxxxxxxxxxxxxxxxxxxxxxxxxxxxxxxxxxxxxxxxxxxxxxxxxxxxxxxxxxxxxxxxxxxxxxxxxxxxxxxxxxxxxxxxxxxxxxxxxxxxxxxxxxxxxxxxxxxxxxxxxxxxxxxxxxxxxxxxxxxxxxxxxxxxxxxxxxxxxxxxxxxxxxxxxxxxxxxxxxxxxxxxxxxxxxxxxxxxxxxxxxxxxxxxxxxxxxxxxxxxxxxxxxxxxxxxxxxxxxxxxxxxxxxxxxxxxxxxxxxxxxxxxxxxxxxxxxxxxxxxxxxxxxxxxxxxxxxxxxxxxxxxxxxxxxxxxxxxxxxxxxxxxxxxxxxxxxxxxxxxxxxxxxxxxxxxxxxxxxxxxxxxxxxxxxxxxxxxxxxxxxxxxxxxxxxxxxxxxxxxxxxxxxxxxxxxxxxxxxxxxxxxxxxxxxxxxxxxxxxxxxxxxxxxxxxxxxxxxxxxxxxxxxxxxxxxxxxxxxxxxxxxxxxxxxxxxxxxxxxxxxxxxxxxxxxxxxxxxxxxxxxxxxxxxxxxxxxxxxxxxxxxxxxxxxxxxxxxxxxxxxxxxxxxxxxxxxxxxxxxxxxxxxxxxxxxxxxxxxxxxxxxxxxxxxxxxxxxxxxxxxxxxxxxxxxxxxxxxxxxxxxxxxxxxxxxxxxxxxxxxxxxxxxxxxxxxxxxxxxxxxxxxxxxxxxxxxxxxxxxxxxxxxxxxxxxxxxxxxxxxxxxxxxxxxxxxxxxxxxxxxxxxxxxxxxxxxxxxxxxxxxxxxxxxxxxxxxxxxxxxxxxxxxxxxxxxxxxxxxxxxxxxxxxxxxxxxxxxxxxxxxxxxxxxxxxxxxxxxxxxxxxxxxxxxxxxxxxxxxxxxxxxxxxxxxxxxxxxxxxxxxxxxxxxxxxxxxxxxxxxxxxxxxxxxxxxxxxxxxxxxxxxxxxxxxxxxxxxxxxxxxxxxxxxxxxxxxxxxxxxxxxxxxxxxxxxxxxxxxxxxxxxxxxxxxxxxxxxxxxxxxxxxxxxxxxxxxxxxxxxxxxxxxxxxxxxxxxxxxxxxxxxxxxxxxxxxxxxxxxxxxxxxxxxxxxxxxxxxxxxxxxxxxxxxxxxxxxxxxxxxxxxxxxxxxxxxxxxxxxxxxxxxxxxxxxxxxxxxxxxxxxxxxxxxxxxxxxxxxxxxxxxxxxxxxxxxxxxxxxxxxxxxxxxxxxxxxxxxxxxxxxxxxxxxxxxxxxxxxxxxxxxxxxxxxxxxxxxxxxxxxxxxxxxxxxxxxxxxxxxxxxxxxxxxxxxxxxxxxxxxxxxxxxxxxxxxxxxxxxxxxxxxxxxxxxxxxxxxxxxxxxxxxxxxxxxxxxxxxxxxxxxxxxxxxxxxxxxxxxxxxxxxxxxxxxxxxxxxxxxxxxxxxxxxxxxxxxxxxxxxxxxxxxxxxxxxxxxxxxxxxxxxxxxxxxxxxxxxxxxxxxxxxxxxxxxxxxxxxxxxxxxxxxxxxxxxxxxxxxxxxxxxxxxxxxxxxxxxxxxxxxxxxxxxxxxxxxxxxxxxxxxxxxxxxxxxxxxxxxxxxxxxxxxxxxxxxxxxxxxxxxxxxxxxxxxxxxxxxxxxxxxxxxxxxxxxxxxxxxxxxxxxxxxxxxxxxxxxxxxxxxxxxxxxxxxxxxxxxxxxxxxxxxxxxxxxxxxxxxxxxxxxxxxxxxxxxxxxxxxxxxxxxxxxxxxxxxxxxxxxxxxxxxxxxxxxxxxxxxxxxxxxxxxxxxxxxxxxxxxxxxxxxxxxxxxxxxxxxxxxxxxxxxxxxxxxxxxxxxxxxxxxxxxxxxxxxxxxxxxxxxxxxxxxxxxxxxxxxxxxxxxxxxxxxxxxxxxxxxxxxxxxxxxxxxxxxxxxxxxxxxxxxxxxxxxxxxxxxxxxxxxxxxxxxxxxxxxxxxxxxxxxxxxxxxxxxxxxxxxxxxxxxxxxxxxxxxxxxxxxxxxxxxxxxxxxxxxxxxxxxxxxxxxxxxxxxxxxxxxxxxxxxxxxxxxxxxxxxxxxxxxxxxxxxxxxxxxxxxxxxxxxxxxxxxxxxxxxxxxxxxxxxxxxxxxxxxxxxxxxxxxxxxxxxxxxxxxxxxxxxxxxxxxxxxxxxxxxxxxxxxxxxxxxxxxxxxxxxxxxxxxxxxxxxxxxxxxxxxxxxxxxxxxxxxxxxxxxxxxxxxxxxxxxxxxxxxxxxxxxxxxxxxxxxxxxxxxxxxxxxxxxxxxxxxxxxxxxxxxxxxxxxxxxxxxxxxxxxxxxxxxxxxxxxxxxxxxxxxxxxxxxxxxxxxxxxxxxxxxxxxxxxxxxxxxxxxxxxxxxxxxxxxxxxxxxxxxxxxxxxxxxxxxxxxxxxxxxxxxxxxxxxxxxxxxxxxxxxxxxxxxxxxxxxxxxxxxxxxxxxxxxxxxxxxxxxxxxxxxxxxxxxxxxxxxxxxxxxxxxxxxxxxxxxxxxxxxxxxxxxxxxxxxxxxxxxxxxxxxxxxxxxxxxxxxxxxxxxxxxxxxxxxxxxxxxxxxxxxxxxxxxxxxxxxxxxxxxxxxxxxxxxxxxxxxxxxxxxxxxxxxxxxxxxxxxxxxxxxxxxxxxxxxxxxxxxxxxxxxxxxxxxxxxxxxxxxxxxxxxxxxxxxxxxxxxxxxxxxxxxxxxxxxxxxxxxxxxxxxxxxxxxxxxxxxxxxxxxxxxxxxxxxxxxxxxxxxxxxxxxxxxxxxxxxxxxxxxxxxxxxxxxxxxxxxxxxxxxxxxxxxxxxxxxxxxxxxxxxxxxxxxxxxxxxxxxxxxxxxxxxxxxxxxxxxxxxxxxxxxxxxxxxxxxxxxxxxxxxxxxxxxxxxxxxxxxxxxxxxxxxxxxxxxxxxxxxxxxxxxxxxxxxxxxxxxxxxxxxxxxxxxxxxxxxxxxxxxxxxxxxxxxxxxxxxxxxxxxxxxxxxxxxxxxxxxxxxxxxxxxxxxxxxxxxxxxxxxxxxxxxxxxxxxxxxxxxxxxxxxxxxxxxxxxxxxxxxxxxxxxxxxxxxxxxxxxxxxxxxxxxxxxxxxxxxxxxxxxxxxxxxxxxxxxxxxxxxxxxxxxxxxxxxxxxxxxxxxxxxxxxxxxxxxxxxxxxxxxxxxxxxxxxxxxxxxxxxxxxxxxxxxxxxxxxxxxxxxxxxxxxxxxxxxxxxxxxxxxxxxxxxxxxxxxxxxxxxxxxxxxxxxxxxxxxxxxxxxxxxxxxxxxxxxxxxxxxxxxxxxxxxxxxxxxxxxxxxxxxxxxxxxxxxxxxxxxxxxxxxxxxxxxxxxxxxxxxxxxxxxxxxxxxxxxxxxxxxxxxxxxxxxxxxxxxxxxxxxxxxxxxxxxxxxxxxxxxxxxxxxxxxxxxxxxxxxxxxxxxxxxxxxxxxxxxxxxxxxxxxxxxxxxxxxxxxxxxxxxxxxxxxxxxxxxxxxxxxxxxxxxxxxxxxxxxxxxxxxxxxxxxxxxxxxxxxxxxxxxxxxxxxxxxxxxxxxxxxxxxxxxxxxxxxxxxxxxxxxxxxxxxxxxxxxxxxxxxxxxxxxxxxxxxxxxxxxxxxxxxxxxxxxxxxxxxxxxxxxxxxxxxxxxxxxxxxxxxxxxxxxxxxxxxxxxxxxxxxxxxxxxxxxxxxxxxxxxxxxxxxxxxxxxxxxxxxxxxxxxxxxxxxxxxxxxxxxxxxxxxxxxxxxxxxxxxxxxxxxxxxxxxxxxxxxxxxxxxxxxxxxxxxxxxxxxxxxxxxxxxxxxxxxxxxxxxxxxxxxxxxxxxxxxxxxxxxxxxxxxxxxxxxxxxxxxxxxxxxxxxxxxxxxxxxxxxxxxxxxxxxxxxxxxxxxxxxxxxxxxxxxxxxxxxxxxxxxxxxxxxxxxxxxxxxxxxxxxxxxxxxxxxxxxxxxxxxxxxxxxxxxxxxxxxxxxxxxxxxxxxxxxxxxxxxxxxxxxxxxxxxxxxxxxxxxxxxxxxxxxxxxxxxxxxxxxxxxxxxxxxxxxxxxxxxxxxxxxxxxxxxxxxxxxxxxxxxxxxxxxxxxxxxxxxxxxxxxxxxxxxxxxxxxxxxxxxxxxxxxxxxxxxxxxxxxxxxxxxxxxxxxxxxxxxxxxxxxxxxxxxxxxxxxxxxxxxxxxxxxxxxxxxxxxxxxxxxxxxxxxxxxxxxxxxxxxxxxxxxxxxxxxxxxxxxxxxxxxxxxxxxxxxxxxxxxxxxxxxxxxxxxxxxxxxxxxxxxxxxxxxxxxxxxxxxxxxxxxxxxxxxxxxxxxxxxxxxxxxxxxxxxxxxxxxxxxxxxxxxxxxxxxxxxxxxxxxxxxxxxxxxxxxxxxxxxxxxxxxxxxxxxxxxxxxxxxxxxxxxxxxxxxxxxxxxxxxxxxxxxxxxxxxxxxxxxxxxxxxxxxxxxxxxxxxxxxxxxxxxxxxxxxxxxxxxxxxxxxxxxxxxxxxxxxxxxxxxxxxxxxxxxxxxxxxxxxxxxxxxxxxxxxxxxxxxxxxxxxxxxxxxxxxxxxxxxxxxxxxxxxxxxxxxxxxxxxxxxxxxxxxxxxxxxxxxxxxxxxxxxxxxxxxxxxxxxxxxxxxxxxxxxxxxxxxxxxxxxxxxxxxxxxxxxxxxxxxxxxxxxxxxxxxxxxxxxxxxxxxxxxxxxxxxxxxxxxxxxxxxxxxxxxxxxxxxxxxxxxxxxxxxxxxxxxxxxxxxxxxxxxxxxxxxxxxxxxxxxxxxxxxxxxxxxxxxxxxxxxxxxxxxxxxxxxxxxxxxxxxxxxxxxxxxxxxxxxxxxxxxxxxxxxxxxxxxxxxxxxxxxxxxxxxxxxxxxxxxxxxxxxxxxxxxxxxxxxxxxxxxxxxxxxxxxxxxxxxxxxxxxxxxxxxxxxxxxxxxxxxxxxxxxxxxxxxxxxxxxxxxxxxxxxxxxxxxxxxxxxxxxxxxxxxxxxxxxxxxxxxxxxxxxxxxxxxxxxxxxxxxxxxxxxxxxxxxxxxxxxxxxxxxxxxxxxxxxxxxxxxxxxxxxxxxxxxxxxxxxxxxxxxxxxxxxxxxxxxxxxxxxxxxxxxxxxxxxxxxxxxxxxxxxxxxxxxxxxxxxxxxxxxxxxxxxxxxxxxxxxxxxxxxxxxxxxxxxxxxxxxxxxxxxxxxxxxxxxxxxxxxxxxxxxxxxxxxxxxxxxxxxxxxxxxxxxxxxxxxxxxxxxxxxxxxxxxxxxxxxxxxxxxxxxxxxxxxxxxxxxxxxxxxxxxxxxxxxxxxxxxxxxxxxxxxxxxxxxxxxxxxxxxxxxxxxxxxxxxxxxxxxxxxxxxxxxxxxxxxxxxxxxxxxxxxxxxxxxxxxxxxxxxxxxxxxxxxxxxxxxxxxxxxxxxxxxxxxxxxxxxxxxxxxxxxxxxxxxxxxxxxxxxxxxxxxxxxxxxxxxxxxxxxxxxxxxxxxxxxxxxxxxxxxxxxxxxxxxxxxxxxxxxxxxxxxxxxxxxxxxxxxxxxxxxxxxxxxxxxxxxxxxxxxxxxxxxxxxxxxxxxxxxxxxxxxxxxxxxxxxxxxxxxxxxxxxxxxxxxxxxxxxxxxxxxxxxxxxxxxxxxxxxxxxxxxxxxxxxxxxxxxxxxxxxxxxxxxxxxxxxxxxxxxxxxxxxxxxxxxxxxxxxxxxxxxxxxxxxxxxxxxxxxxxxxxxxxxxxxxxxxxxxxxxxxxxxxxxxxxxxxxxxxxxxxxxxxxxxxxxxxxxxxxxxxxxxxxxxxxxxxxxxxxxxxxxxxxxxxxxxxxxxxxxxxxxxxxxxxxxxxxxxxxxxxxxxxxxxxxxxxxxxxxxxxxxxxxxxxxxxxxxxxxxxxxxxxxxxxxxxxxxxxxxxxxxxxxxxxxxxxxxxxxxxxxxxxxxxxxxxxxxxxxxxxxxxxxxxxxxxxxxxxxxxxxxxxxxxxxxxxxxxxxxxxxxxxxxxxxxxxxxxxxxxxxxxxxxxxxxxxxxxxxxxxxxxxxxxxxxxxxxxxxxxxxxxxxxxxxxxxxxxxxxxxxxxxxxxxxxxxxxxxxxxxxxxxxxxxxxxxxxxxxxxxxxxxxxxxxxxxxxxxxxxxxxxxxxxxxxxxxxxxxxxxxxxxxxxxxxxxxxxxxxxxxxxxxxxxxxxxxxxxxxxxxxxxxxxxxxxxxxxxxxxxxxxxxxxxxxxxxxxxxxxxxxxxxxxxxxxxxxxxxxxxxxxxxxxxxxxxxxxxxxxxxxxxxxxxxxxxxxxxxxxxxxxxxxxxxxxxxxxxxxxxxxxxxxxxxxxxxxxxxxxxxxxxxxxxxxxxxxxxxxxxxxxxxxxxxxxxxxxxxxxxxxxxxxxxxxxxxxxxxxxxxxxxxxxxxxxxxxxxxxxxxxxxxxxxxxxxxxxxxxxxxxxxxxxxxxxxxxxxxxxxxxxxxxxxxxxxxxxxxxxxxxxxxxxxxxxxxxxxxxxxxxxxxxxxxxxxxxxxxxxxxxxxxxxxxxxxxxxxxxxxxxxxxxxxxxxxxxxxxxxxxxxxxxxxxxxxxxxxxxxxxxxxxxxxxxxxxxxxxxxxxxxxxxxxxxxxxxxxxxxxxxxxxxxxxxxxxxxxxxxxxxxxxxxxxxxxxxxxxxxxxxxxxxxxxxxxxxxxxxxxxxxxxxxxxxxxxxxxxxxxxxxxxxxxxxxxxxxxxxxxxxxxxxxxxxxxxxxxxxxxxxxxxxxxxxxxxxxxxxxxxxxxxxxxxxxxxxxxxxxxxxxxxxxxxxxxxxxxxxxxxxxxxxxxxxxxxxxxxxxxxxxxxxxxxxxxxxxxxxxxxxxxxxxxxxxxxxxxxxxxxxxxxxxxxxxxxxxxxxxxxxxxxxxxxxxxxxxxxxxxxxxxxxxxxxxxxxxxxxxxxxxxxxxxxxxxxxxxxxxxxxxxxxxxxxxxxxxxxxxxxxxxxxxxxxxxxxxxxxxxxxxxxxxxxxxxxxxxxxxxxxxxxxxxxxxxxxxxxxxxxxxxxxxxxxxxxxxxxxxxxxxxxxxxxxxxxxxxxxxxxxxxxxxxxxxxxxxxxxxxxxxxxxxxxxxxxxxxxxxxxxxxxxxxxxxxxxxxxxxxxxxxxxxxxxxxxxxxxxxxxxxxxxxxxxxxxxxxxxxxxxxxxxxxxxxxxxxxxxxxxxxxxxxxxxxxxxxxxxxxxxxxxxxxxxxxxxxxxxxxxxxxxxxxxxxxxxxxxxxxxxxxxxxxxxxxxxxxxxxxxxxxxxxxxxxxxxxxxxxxxxxxxxxxxxxxxxxxxxxxxxxxxxxxxxxxxxxxxxxxxxxxxxxxxxxxxxxxxxxxxxxxxxxxxxxxxxxxxxxxxxxxxxxxxxxxxxxxxxxxxxxxxxxxxxxxxxxxxxxxxxxxxxxxxxxxxxxxxxxxxxxxxxxxxxxxxxxxxxxxxxxxxxxxxxxxxxxxxxxxxxxxxxxxxxxxxxxxxxxxxxxxxxxxxxxxxxxxxxxxxxxxxxxxxxxxxxxxxxxxxxxxxxxxxxxxxxxxxxxxxxxxxxxxxxxxxxxxxxxxxxxxxxxxxxxxxxxxxxxxxxxxxxxxxxxxxxxxxxxxxxxxxxxxxxxxxxxxxxxxxxxxxxxxxxxxxxxxxxxxxxxxxxxxxxxxxxxxxxxxxxxxxxxxxxxxxxxxxxxxxxxxxxxxxxxxxxxxxxxxxxxxxxxxxxxxxxxxxxxxxxxxxxxxxxxxxxxxxxxxxxxxxxxxxxxxxxxxxxxxxxxxxxxxxxxxxxxxxxxxxxxxxxxxxxxxxxxxxxxxxxxxxxxxxxxxxxxxxxxxxxxxxxxxxxxxxxxxxxxxxxxxxxxxxxxxxxxxxxxxxxxxxxxxxxxxxxxxxxxxxxxxxxxxxxxxxxxxxxxxxxxxxxxxxxxxxxxxxxxxxxxxxxxxxxxxxxxxxxxxxxxxxxxxxxxxxxxxxxxxxxxxxxxxxxxxxxxxxxxxxxxxxxxxxxxxxxxxxxxxxxxxxxxxxxxxxxxxxxxxxxxxxxxxxxxxxxxxxxxxxxxxxxxxxxxxxxxxxxxxxxxxxxxxxxxxxxxxxxxxxxxxxxxxxxxxxxxxxxxxxxxxxxxxxxxxxxxxxxxxxxxxxxxxxxxxxxxxxxxxxxxxxxxxxxxxxxxxxxxxxxxxxxxxxxxxxxxxxxxxxxxxxxxxxxxxxxxxxxxxxxxxxxxxxxxxxxxxxxxxxxxxxxxxxxxxxxxxxxxxxxxxxxxxxxxxxxxxxxxxxxxxxxxxxxxxxxxxxxxxxxxxxxxxxxxxxxxxxxxxxxxxxxxxxxxxxxxxxxxxxxxxxxxxxxxxxxxxxxxxxxxxxxxxxxxxxxxxxxxxxxxxxxxxxxxxxxxxxxxxxxxxxxxxxxxxxxxxxxxxxxxxxxxxxxxxxxxxxxxxxxxxxxxxxxxxxxxxxxxxxxxxxxxxxxxxxxxxxxxxxxxxxxxxxxxxxxxxxxxxxxxxxxxxxxxxxxxxxxxxxxxxxxxxxxxxxxxxxxxxxxxxxxxxxxxxxxxxxxxxxxxxxxxxxxxxxxxxxxxxxxxxxxxxxxxxxxxxxxxxxxxxxxxxxxxxxxxxxxxxxxxxxxxxxxxxxxxxxxxxxxxxxxxxxxxxxxxxxxxxxxxxxxxxxxxxxxxxxxxxxxxxxxxxxxxxxxxxxxxxxxxxxxxxxxxxxxxxxxxxxxxxxxxxxxxxxxxxxxxxxxxxxxxxxxxxxxxxxxxxxxxxxxxxxxxxxxxxxxxxxxxxxxxxxxxxxxxxxxxxxxxxxxxxxxxxxxxxxxxxxxxxxxxxxxxxxxxxxxxxxxxxxxxxxxxxxxxxxxxxxxxxxxxxxxxxxxxxxxxxxxxxxxxxxxxxxxxxxxxxxxxxxxxxxxxxxxxxxxxxxxxxxxxxxxxxxxxxxxxxxxxxxxxxxxxxxxxxxxxxxxxxxxxxxxxxxxxxxxxxxxxxxxxxxxxxxxxxxxxxxxxxxxxxxxxxxxxxxxxxxxxxxxxxxxxxxxxxxxxxxxxxxxxxxxxxxxxxxxxxxxxxxxxxxxxxxxxxxxxxxxxxxxxxxxxxxxxxxxxxxxxxxxxxxxxxxxxxxxxxxxxxxxxxxxxxxxxxxxxxxxxxxxxxxxxxxxxxxxxxxxxxxxxxxxxxxxxxxxxxxxxxxxxxxxxxxxxxxxxxxxxxxxxxxxxxxxxxxxxxxxxxxxxxxxxxxxxxxxxxxxxxxxxxxxxxxxxxxxxxxxxxxxxxxxxxxxxxxxxxxxxxxxxxxxxxxxxxxxxxxxxxxxxxxxxxxxxxxxxxxxxxxxxxxxxxxxxxxxxxxxxxxxxxxxxxxxxxxxxxxxxxxxxxxxxxxxxxxxxxxxxxxxxxxxxxxxxxxxxxxxxxxxxxxxxxxxxxxxxxxxxxxxxxxxxxxxxxxxxxxxxxxxxxxxxxxxxxxxxxxxxxxxxxxxxxxxxxxxxxxxxxxxxxxxxxxxxxxxxxxxxxxxxxxxxxxxxxxxxxxxxxxxxxxxxxxxxxxxxxxxxxxxxxxxxxxxxxxxxxxxxxxxxxxxxxxxxxxxxxxxxxxxxxxxxxxxxxxxxxxxxxxxxxxxxxxxxxxxxxxxxxxxxxxxxxxxxxxxxxxxxxxxxxxxxxxxxxxxxxxxxxxxxxxxxxxxxxxxxxxxxxxxxxxxxxxxxxxxxxxxxxxxxxxxxxxxxxxxxxxxxxxxxxxxxxxxxxxxxxxxxxxxxxxxxxxxxxxxxxxxxxxxxxxxxxxxxxxxxxxxxxxxxxxxxxxxxxxxxxxxxxxxxxxxxxxxxxxxxxxxxxxxxxxxxxxxxxxxxxxxxxxxxxxxxxxxxxxxxxxxxxxxxxxxxxxxxxxxxxxxxxxxxxxxxxxxxxxxxxxxxxxxxxxxxxxxxxxxxxxxxxxxxxxxxxxxxxxxxxxxxxxxxxxxxxxxxxxxxxxxxxxxxxxxxxxxxxxxxxxxxxxxxxxxxxxxxxxxxxxxxxxxxxxxxxxxxxxxxxxxxxxxxxxxxxxxxxxxxxxxxxxxxxxxxxxxxxxxxxxxxxxxxxxxxxxxxxxxxxxxxxxxxxxxxxxxxxxxxxxxxxxxxxxxxxxxxxxxxxxxxxxxxxxxxxxxxxxxxxxxxxxxxxxxxxxxxxxxxxxxxxxxxxxxxxxxxxxxxxxxxxxxxxxxxxxxxxxxxxxxxxxxxxxxxxxxxxxxxxxxxxxxxxxxxxxxxxxxxxxxxxxxxxxxxxxxxxxxxxxxxxxxxxxxxxxxxxxxxxxxxxxxxxxxxxxxxxxxxxxxxxxxxxxxxxxxxxxxxxxxxxxxxxxxxxxxxxxxxxxxxxxxxxxxxxxxxxxxxxxxxxxxxxxxxxxxxxxxxxxxxxxxxxxxxxxxxxxxxxxxxxxxxxxxxxxxxxxxxxxxxxxxxxxxxxxxxxxxxxxxxxxxxxxxxxxxxxxxxxxxxxxxxxxxxxxxxxxxxxxxxxxxxxxxxxxxxxxxxxxxxxxxxxxxxxxxxxxxxxxxxxxxxxxxxxxxxxxxxxxxxxxxxxxxxxxxxxxxxxxxxxxxxxxxxxxxxxxxxxxxxxxxxxxxxxxxxxxxxxxxxxxxxxxxxxxxxxxxxxxxxxxxxxxxxxxxxxxxxxxxxxxxxxxxxxxxxxxxxxxxxxxxxxxxxxxxxxxxxxxxxxxxxxxxxxxxxxxxxxxxxxxxxxxxxxxxxxxxxxxxxxxxxxxxxxxxxxxxxxxxxxxxxxxxxxxxxxxxxxxxxxxxxxxxxxxxxxxxxxxxxxxxxxxxxxxxxxxxxxxxxxxxxxxxxxxxxxxxxxxxxxxxxxxxxxxxxxxxxxxxxxxxxxxxxxxxxxxxxxxxxxxxxxxxxxxxxxxxxxxxxxxxxxxxxxxxxxxxxxxxxxxxxxxxxxxxxxxxxxxxxxxxxxxxxxxxxxxxxxxxxxxxxxxxxxxxxxxxxxxxxxxxxxxxxxxxxxxxxxxxxxxxxxxxxxxxxxxxxxxxxxxxxxxxxxxxxxxxxxxxxxxxxxxxxxxxxxxxxxxxxxxxxxxxxxxxxxxxxxxxxxxxxxxxxxxxxxxxxxxxxxxxxxxxxxxxxxxxxxxxxxxxxxxxxxxxxxxxxxxxxxxxxxxxxxxxxxxxxxxxxxxxxxxxxxxxxxxxxxxxxxxxxxxxxxxxxxxxxxxxxxxxxxxxxxxxxxxxxxxxxxxxxxxxxxxxxxxxxxxxxxxxxxxxxxxxxxxxxxxxxxxxxxxxxxxxxxxxxxxxxxxxxxxxxxxxxxxxxxxxxxxxxxxxxxxxxxxxxxxxxxxxxxxxxxxxxxxxxxxxxxxxxxxxxxxxxxxxxxxxxxxxxxxxxxxxxxxxxxxxxxxxxxxxxxxxxxxxxxxxxxxxxxxxxxxxxxxxxxxxxxxxxxxxxxxxxxxxxxxxxxxxxxxxxxxxxxxxxxxxxxxxxxxxxxxxxxxxxxxxxxxxxxxxxxxxxxxxxxxxxxxxxxxxxxxxxxxxxxxxxxxxxxxxxxxxxxxxxxxxxxxxxxxxxxxxxxxxxxxxxxxxxxxxxxxxxxxxxxxxxxxxxxxxxxxxxxxxxxxxxxxxxxxxxxxxxxxxxxxxxxxxxxxxxxxxxxxxxxxxxxxxxxxxxxxxxxxxxxxxxxxxxxxxxxxxxxxxxxxxxxxxxxxxxxxxxxxxxxxxxxxxxxxxxxxxxxxxxxxxxxxxxxxxxxxxxxxxxxxxxxxxxxxxxxxxxxxxxxxxxxxxxxxxxxxxxxxxxxxxxxxxxxxxxxxxxxxxxxxxxxxxxxxxxxxxxxxxxxxxxxxxxxxxxxxxxxxxxxxxxxxxxxxxxxxxxxxxxxxxxxxxxxxxxxxxxxxxxxxxxxxxxxxxxxxxxxxxxxxxxxxxxxxxxxxxxxxxxxxxxxxxxxxxxxxxxxxxxxxxxxxxxxxxxxxxxxxxxxxxxxxxxxxxxxxxxxxxxxxxxxxxxxxxxxxxxxxxxxxxxxxxxxxxxxxxxxxxxxxxxxxxxxxxxxxxxxxxxxxxxxxxxxxxxxxxxxxxxxxxxxxxxxxxxxxxxxxxxxxxxxxxxxxxxxxxxxxxxxxxxxxxxxxxxxxxxxxxxxxxxxxxxxxxxxxxxxxxxxxxxxxxxxxxxxxxxxxxxxxxxxxxxxxxxxxxxxxxxxxxxxxxxxxxxxxxxxxxxxxxxxxxxxxxxxxxxxxxxxxxxxxxxxxxxxxxxxxxxxxxxxxxxxxxxxxxxxxxxxxxxxxxxxxxxxxxxxxxxxxxxxxxxxxxxxxxxxxxxxxxxxxxxxxxxxxxxxxxxxxxxxxxxxxxxxxxxxxxxxxxxxxxxxxxxxxxxxxxxxxxxxxxxxxxxxxxxxxxxxxxxxxxxxxxxxxxxxxxxxxxxxxxxxxxxxxxxxxxxxxxxxxxxxxxxxxxxxxxxxxxxxxxxxxxxxxxxxxxxxxxxxxxxxxxxxxxxxxxxxxxxxxxxxxxxxxxxxxxxxxxxxxxxxxxxxxxxxxxxxxxxxxxxxxxxxxxxxxxxxxxxxxxxxxxxxxxxxxxxxxxxxxxxxxxxxxxxxxxxxxxxxxxxxxxxxxxxxxxxxxxxxxxxxxxxxxxxxxxxxxxxxxxxxxxxxxxxxxxxxxxxxxxxxxxxxxxxxxxxxxxxxxxxxxxxxxxxxxxxxxxxxxxxxxxxxxxxxxxxxxxxxxxxxxxxxxxxxxxxxxxxxxxxxxxxxxxxxxxxxxxxxxxxxxxxxxxxxxxxxxxxxxxxxxxxxxxxxxxxxxxxxxxxxxxxxxxxxxxxxxxxxxxxxxxxxxxxxxxxxxxxxxxxxxxxxxxxxxxxxxxxxxxxxxxxxxxxxxxxxxxxxxxxxxxxxxxxxxxxxxxxxxxxxxxxxxxxxxxxxxxxxxxxxxxxxxxxxxxxxxxxxxxxxxxxxxxxxxxxxxxxxxxxxxxxxxxxxxxxxxxxxxxxxxxxxxxxxxxxxxxxxxxxxxxxxxxxxxxxxxxxxxxxxxxxxxxxxxxxxxxxxxxxxxxxxxxxxxxxxxxxxxxxxxxxxxxxxxxxxxxxxxxxxxxxxxxxxxxxxxxxxxxxxxxxxxxxxxxxxxxxxxxxxxxxxxxxxxxxxxxxxxxxxxxxxxxxxxxxxxxxxxxxxxxxxxxxxxxxxxxxxxxxxxxxxxxxxxxxxxxxxxxxxxxxxxxxxxxxxxxxxxxxxxxxxxxxxxxxxxxxxxxxxxxxxxxxxxxxxxxxxxxxxxxxxxxxxxxxxxxxxxxxxxxxxxxxxxxxxxxxxxxxxxxxxxxxxxxxxxxxxxxxxxxxxxxxxxxxxxxxxxxxxxxxxxxxxxxxxxxxxxxxxxxxxxxxxxxxxxxxxxxxxxxxxxxxxxxxxxxxxxxxxxxxxxxxxxxxxxxxxxxxxxxxxxxxxxxxxxxxxxxxxxxxxxxxxxxxxxxxxxxxxxxxxxxxxxxxxxxxxxxxxxxxxxxxxxxxxxxxxxxxxxxxxxxxxxxxxxxxxxxxxxxxxxxxxxxxxxxxxxxxxxxxxxxxxxxxxxxxxxxxxxxxxxxxxxxxxxxxxxxxxxxxxxxxxxxxxxxxxxxxxxxxxxxxxxxxxxxxxxxxxxxxxxxxxxxxxxxxxxxxxxxxxxxxxxxxxxxxxxxxxxxxxxxxxxxxxxxxxxxxxxxxxxxxxxxxxxxxxxxxxxxxxxxxxxxxxxxxxxxxxxxxxxxxxxxxxxxxxxxxxxxxxxxxxxxxxxxxxxxxxxxxxxxxxxxxxxxxxxxxxxxxxxxxxxxxxxxxxxxxxxxxxxxxxxxxxxxxxxxxxxxxxxxxxxxxxxxxxxxxxxxxxxxxxxxxxxxxxxxxxxxxxxxxxxxxxxxxxxxxxxxxxxxxxxxxxxxxxxxxxxxxxxxxxxxxxxxxxxxxxxxxxxxxxxxxxxxxxxxxxxxxxxxxxxxxxxxxxxxxxxxxxxxxxxxxxxxxxxxxxxxxxxxxxxxxxxxxxxxxxxxxxxxxxxxxxxxxxxxxxxxxxxxxxxxxxxxxxxxxxxxxxxxxxxxxxxxxxxxxxxxxxxxxxxxxxxxxxxxxxxxxxxxxxxxxxxxxxxxxxxxxxxxxxxxxxxxxxxxxxxxxxxxxxxxxxxxxxxxxxxxxxxxxxxxxxxxxxxxxxxxxxxxxxxxxxxxxxxxxxxxxxxxxxxxxxxxxxxxxxxxxxxxxxxxxxxxxxxxxxxxxxxxxxxxxxxxxxxxxxxxxxxxxxxxxxxxxxxxxxxxxxxxxxxxxxxxxxxxxxxxxxxxxxxxxxxxxxxxxxxxxxxxxxxxxxxxxxxxxxxxxxxxxxxxxxxxxxxxxxxxxxxxxxxxxxxxxxxxxxxxxxxxxxxxxxxxxxxxxxxxxxxxxxxxxxxxxxxxxxxxxxxxxxxxxxxxxxxxxxxxxxxxxxxxxxxxxxxxxxxxxxxxxxxxxxxxxxxxxxxxxxxxxxxxxxxxxxxxxxxxxxxxxxxxxxxxxxxxxxxxxxxxxxxxxxxxxxxxxxxxxxxxxxxxxxxxxxxxxxxxxxxxxxxxxxxxxxxxxxxxxxxxxxxxxxxxxxxxxxxxxxxxxxxxxxxxxxxxxxxxxxxxxxxxxxxxxxxxxxxxxxxxxxxxxxxxxxxxxxxxxxxxxxxxxxxxxxxxxxxxxxxxxxxxxxxxxxxxxxxxxxxxxxxxxxxxxxxxxxxxxxxxxxxxxxxxxxxxxxxxxxxxxxxxxxxxxxxxxxxxxxxxxxxxxxxxxxxxxxxxxxxxxxxxxxxxxxxxxxxxxxxxxxxxxxxxxxxxxxxxxxxxxxxxxxxxxxxxxxxxxxxxxxxxxxxxxxxxxxxxxxxxxxxxxxxxxxxxxxxxxxxxxxxxxxxxxxxxxxxxxxxxxxxxxxxxxxxxxxxxxxxxxxxxxxxxxxxxxxxxxxxxxxxxxxxxxxxxxxxxxxxxxxxxxxxxxxxxxxxxxxxxxxxxxxxxxxxxxxxxxxxxxxxxxxxxxxxxxxxxxxxxxxxxxxxxxxxxxxxxxxxxxxxxxxxxxxxxxxxxxxxxxxxxxxxxxxxxxxxxxxxxxxxxxxxxxxxxxxxxxxxxxxxxxxxxxxxxxxxxxxxxxxxxxxxxxxxxxxxxxxxxxxxxxxxxxxxxxxxxxxxxxxxxxxxxxxxxxxxxxxxxxxxxxxxxxxxxxxxxxxxxxxxxxxxxxxxxxxxxxxxxxxxxxxxxxxxxxxxxxxxxxxxxxxxxxxxxxxxxxxxxxxxxxxxxxxxxxxxxxxxxxxxxxxxxxxxxxxxxxxxxxxxxxxxxxxxxxxxxxxxxxxxxxxxxxxxxxxxxxxxxxxxxxxxxxxxxxxxxxxxxxxxxxxxxxxxxxxxxxxxxxxxxxxxxxxxxxxxxxxxxxxxxxxxxxxxxxxxxxxxxxxxxxxxxxxxxxxxxxxxxxxxxxxxxxxxxxxxxxxxxxxxxxxxxxxxxxxxxxxxxxxxxxxxxxxxxxxxxxxxxxxxxxxxxxxxxxxxxxxxxxxxxxxxxxxxxxxxxxxxxxxxxxxxxxxxxxxxxxxxxxxxxxxxxxxxxxxxxxxxxxxxxxxxxxxxxxxxxxxxxxxxxxxxxxxxxxxxxxxxxxxxxxxxxxxxxxxxxxxxxxxxxxxxxxxxxxxxxxxxxxxxxxxxxxxxxxxxxxxxxxxxxxxxxxxxxxxxxxxxxxxxxxxxxxxxxxxxxxxxxxxxxxxxxxxxxxxxxxxxxxxxxxxxxxxxxxxxxxxxxxxxxxxxxxxxxxxxxxxxxxxxxxxxxxxxxxxxxxxxxxxxxxxxxxxxxxxxxxxxxxxxxxxxxxxxxxxxxxxxxxxxxxxxxxxxxxxxxxxxxxxxxxxxxxxxxxxxxxxxxxxxxxxxxxxxxxxxxxxxxxxxxxxxxxxxxxxxxxxxxxxxxxxxxxxxxxxxxxxxxxxxxxxxxxxxxxxxxxxxxxxxxxxxxxxxxxxxxxxxxxxxxxxxxxxxxxxxxxxxxxxxxxxxxxxxxxxxxxxxxxxxxxxxxxxxxxxxxxxxxxxxxxxxxxxxxxxxxxxxxxxxxxxxxxxxxxxxxxxxxxxxxxxxxxxxxxxxxxxxxxxxxxxxxxxxxxxxxxxxxxxxxxxxxxxxxxxxxxxxxxxxxxxxxxxxxxxxxxxxxxxxxxxxxxxxxxxxxxxxxxxxxxxxxxxxxxxxxxxxxxxxxxxxxxxxxxxxxxxxxxxxxxxxxxxxxxxxxxxxxxxxxxxxxxxxxxxxxxxxxxxxxxxxxxxxxxxxxxxxxxxxxxxxxxxxxxxxxxxxxxxxxxxxxxxxxxxxxxxxxxxxxxxxxxxxxxxxxxxxxxxxxxxxxxxxxxxxxxxxxxxxxxxxxxxxxxxxxxxxxxxxxxxxxxxxxxxxxxxxxxxxxxxxxxxxxxxxxxxxxxxxxxxxxxxxxxxxxxxxxxxxxxxxxxxxxxxxxxxxxxxxxxxxxxxxxxxxxxxxxxxxxxxxxxxxxxxxxxxxxxxxxxxxxxxxxxxxxxxxxxxxxxxxxxxxxxxxxxxxxxxxxxxxxxxxxxxxxxxxxxxxxxxxxxxxxxxxxxxxxxxxxxxxxxxxxxxxxxxxxxxxxxxxxxxxxxxxxxxxxxxxxxxxxxxxxxxxxxxxxxxxxxxxxxxxxxxxxxxxxxxxxxxxxxxxxxxxxxxxxxxxxxxxxxxxxxxxxxxxxxxxxxxxxxxxxxxxxxxxxxxxxxxxxxxxxxxxxxxxxxxxxxxxxxxxxxxxxxxxxxxxxxxxxxxxxxxxxxxxxxxxxxxxxxxxxxxxxxxxxxxxxxxxxxxxxxxxxxxxxxxxxxxxxxxxxxxxxxxxxxxxxxxxxxxxxxxxxxxxxxxxxxxxxxxxxxxxxxxxxxxxxxxxxxxxxxxxxxxxxxxxxxxxxxxxxxxxxxxxxxxxxxxxxxxxxxxxxxxxxxxxxxxxxxxxxxxxxxxxxxxxxxxxxxxxxxxxxxxxxxxxxxxxxxxxxxxxxxxxxxxxxxxxxxxxxxxxxxxxxxxxxxxxxxxxxxxxxxxxxxxxxxxxxxxxxxxxxxxxxxxxxxxxxxxxxxxxxxxxxxxxxxxxxxxxxxxxxxxxxxxxxxxxxxxxxxxxxxxxxxxxxxxxxxxxxxxxxxxxxxxxxxxxxxxxxxxxxxxxxxxxxxxxxxxxxxxxxxxxxxxxxxxxxxxxxxxxxxxxxxxxxxxxxxxxxxxxxxxxxxxxxxxxxxxxxxxxxxxxxxxxxxxxxxxxxxxxxxxxxxxxxxxxxxxxxxxxxxxxxxxxxxxxxxxxxxxxxxxxxxxxxxxxxxxxxxxxxxxxxxxxxxxxxxxxxxxxxxxxxxxxxxxxxxxxxxxxxxxxxxxxxxxxxxxxxxxxxxxxxxxxxxxxxxxxxxxxxxxxxxxxxxxxxxxxxxxxxxxxxxxxxxxxxxxxxxxxxxxxxxxxxxxxxxxxxxxxxxxxxxxxxxxxxxxxxxxxxxxxxxxxxxxxxxxxxxxxxxxxxxxxxxxxxxxxxxxxxxxxxxxxxxxxxxxxxxxxxxxxxxxxxxxxxxxxxxxxxxxxxxxxxxxxxxxxxxxxxxxxxxxxxxxxxxxxxxxxxxxxxxxxxxxxxxxxxxxxxxxxxxxxxxxxxxxxxxxxxxxxxxxxxxxxxxxxxxxxxxxxxxxxxxxxxxxxxxxxxxxxxxxxxxxxxxxxxxxxxxxxxxxxxxxxxxxxxxxxxxxxxxxxxxxxxxxxxxxxxxxxxxxxxxxxxxxxxxxxxxxxxxxxxxxxxxxxxxxxxxxxxxxxxxxxxxxxxxxxxxxxxxxxxxxxxxxxxxxxxxxxxxxxxxxxxxxxxxxxxxxxxxxxxxxxxxxxxxxxxxxxxxxxxxxxxxxxxxxxxxxxxxxxxxxxxxxxxxxxxxxxxxxxxxxxxxxxxxxxxxxxxxxxxxxxxxxxxxxxxxxxxxxxxxxxxxxxxxxxxxxxxxxxxxxxxxxxxxxxxxxxxxxxxxxxxxxxxxxxxxxxxxxxxxxxxxxxxxxxxxxxxxxxxxxxxxxxxxxxxxxxxxxxxxxxxxxxxxxxxxxxxxxxxxxxxxxxxxxxxxxxxxxxxxxxxxxxxxxxxxxxxxxxxxxxxxxxxxxxxxxxxxxxxxxxxxxxxxxxxxxxxxxxxxxxxxxxxxxxxxxxxxxxxxxxxxxxxxxxxxxxxxxxxxxxxxxxxxxxxxxxxxxxxxxxxxxxxxxxxxxxxxxxxxxxxxxxxxxxxxxxxxxxxxxxxxxxxxxxxxxxxxxxxxxxxxxxxxxxxxxxxxxxxxxxxxxxxxxxxxxxxxxxxxxxxxxxxxxxxxxxxxxxxxxxxxxxxxxxxxxxxxxxxxxxxxxxxxxxxxxxxxxxxxxxxxxxxxxxxxxxxxxxxxxxxxxxxxxxxxxxxxxxxxxxxxxxxxxxxxxxxxxxxxxxxxxxxxxxxxxxxxxxxxxxxxxxxxxxxxxxxxxxxxxxxxxxxxxxxxxxxxxxxxxxxxxxxxxxxxxxxxxxxxxxxxxxxxxxxxxxxxxxxxxxxxxxxxxxxxxxxxxxxxxxxxxxxxxxxxxxxxxxxxxxxxxxxxxxxxxxxxxxxxxxxxxxxxxxxxxxxxxxxxxxxxxxxxxxxxxxxxxxxxxxxxxxxxxxxxxxxxxxxxxxxxxxxxxxxxxxxxxxxxxxxxxxxxxxxxxxxxxxxxxxxxxxxxxxxxxxxxxxxxxxxxxxxxxxxxxxxxxxxxxxxxxxxxxxxxxxxxxxxxxxxxxxxxxxxxxxxxxxxxxxxxxxxxxxxxxxxxxxxxxxxxxxxxxxxxxxxxxxxxxxxxxxxxxxxxxxxxxxxxxxxxxxxxxxxxxxxxxxxxxxxxxxxxxxxxxxxxxxxxxxxxxxxxxxxxxxxxxxxxxxxxxxxxxxxxxxxxxxxxxxxxxxxxxxxxxxxxxxxxxxxxxxxxxxxxxxxxxxxxxxxxxxxxxxxxxxxxxxxxxxxxxxxxxxxxxxxxxxxxxxxxxxxxxxxxxxxxxxxxxxxxxxxxxxxxxxxxxxxxxxxxxxxxxxxxxxxxxxxxxxxxxxxxxxxxxxxxxxxxxxxxxxxxxxxxxxxxxxxxxxxxxxxxxxxxxxxxxxxxxxxxxxxxxxxxxxxxxxxxxxxxxxxxxxxxxxxxxxxxxxxxxxxxxxxxxxxxxxxxxxxxxxxxxxxxxxxxxxxxxxxxxxxxxxxxxxxxxxxxxxxxxxxxxxxxxxxxxxxxxxxxxxxxxxxxxxxxxxxxxxxxxxxxxxxxxxxxxxxxxxxxxxxxxxxxxxxxxxxxxxxxxxxxxxxxxxxxxxxxxxxxxxxxxxxxxxxxxxxxxxxxxxxxxxxxxxxxxxxxxxxxxxxxxxxxxxxxxxxxxxxxxxxxxxxxxxxxxxxxxxxxxxxxxxxxxxxxxxxxxxxxxxxxxxxxxxxxxxxxxxxxxxxxxxxxxxxxxxxxxxxxxxxxxxxxxxxxxxxxxxxxxxxxxxxxxxxxxxxxxxxxxxxxxxxxxxxxxxxxxxxxxxxxxxxxxxxxxxxxxxxxxxxxxxxxxxxxxxxxxxxxxxxxxxxxxxxxxxxxxxxxxxxxxxxxxxxxxxxxxxxxxxxxxxxxxxxxxxxxxxxxxxxxxxxxxxxxxxxxxxxxxxxxxxxxxxxxxxxxxxxxxxxxxxxxxxxxxxxxxxxxxxxxxxxxxxxxxxxxxxxxxxxxxxxxxxxxxxxxxxxxxxxxxxxxxxxxxxxxxxxxxxxxxxxxxxxxxxxxxxxxxxxxxxxxxxxxxxxxxxxxxxxxxxxxxxxxxxxxxxxxxxxxxxxxxxxxxxxxxxxxxxxxxxxxxxxxxxxxxxxxxxxxxxxxxxxxxxxxxxxxxxxxxxxxxxxxxxxxxxxxxxxxxxxxxxxxxxxxxxxxxxxxxxxxxxxxxxxxxxxxxxxxxxxxxxxxxxxxxxxxxxxxxxxxxxxxxxxxxxxxxxxxxxxxxxxxxxxxxxxxxxxxxxxxxxxxxxxxxxxxxxxxxxxxxxxxxxxxxxxxxxxxxxxxxxxxxxxxxxxxxxxxxxxxxxxxxxxxxxxxxxxxxxxxxxxxxxxxxxxxxxxxxxxxxxxxxxxxxxxxxxxxxxxxxxxxxxxxxxxxxxxxxxxxxxxxxxxxxxxxxxxxxxxxxxxxxxxxxxxxxxxxxxxxxxxxxxxxxxxxxxxxxxxxxxxxxxxxxxxxxxxxxxxxxxxxxxxxxxxxxxxxxxxxxxxxxxxxxxxxxxxxxxxxxxxxxxxxxxxxxxxxxxxxxxxxxxxxxxxxxxxxxxxxxxxxxxxxxxxxxxxxxxxxxxxxxxxxxxxxxxxxxxxxxxxxxxxxxxxxxxxxxxxxxxxxxxxxxxxxxxxxxxxxxxxxxxxxxxxxxxxxxxxxxxxxxxxxxxxxxxxxxxxxxxxxxxxxxxxxxxxxxxxxxxxxxxxxxxxxxxxxxxxxxxxxxxxxxxxxxxxxxxxxxxxxxxxxxxxxxxxxxxxxxxxxxxxxxxxxxxxxxxxxxxxxxxxxxxxxxxxxxxxxxxxxxxxxxxxxxxxxxxxxxxxxxxxxxxxxxxxxxxxxxxxxxxxxxxxxxxxxxxxxxxxxxxxxxxxxxxxxxxxxxxxxxxxxxxxxxxxxxxxxxxxxxxxxxxxxxxxxxxxxxxxxxxxxxxxxxxxxxxxxxxxxxxxxxxxxxxxxxxxxxxxxxxxxxxxxxxxxxxxxxxxxxxxxxxxxxxxxxxxxxxxxxxxxxxxxxxxxxxxxxxxxxxxxxxxxxxxxxxxxxxxxxxxxxxxxxxxxxxxxxxxxxxxxxxxxxxxxxxxxxxxxxxxxxxxxxxxxxxxxxxxxxxxxxxxxxxxxxxxxxxxxxxxxxxxxxxxxxxxxxxxxxxxxxxxxxxxxxxxxxxxxxxxxxxxxxxxxxxxxxxxxxxxxxxxxxxxxxxxxxxxxxxxxxxxxxxxxxxxxxxxxxxxxxxxxxxxxxxxxxxxxxxxxxxxxxxxxxxxxxxxxxxxxxxxxxxxxxxxxxxxxxxxxxxxxxxxxxxxxxxxxxxxxxxxxxxxxxxxxxxxxxxxxxxxxxxxxxxxxxxxxxxxxxxxxxxxxxxxxxxxxxxxxxxxxxxxxxxxxxxxxxxxxxxxxxxxxxxxxxxxxxxxxxxxxxxxxxxxxxxxxxxxxxxxxxxxxxxxxxxxxxxxxxxxxxxxxxxxxxxxxxxxxxxxxxxxxxxxxxxxxxxxxxxxxxxxxxxxxxxxxxxxxxxxxxxxxxxxxxxxxxxxxxxxxxxxxxxxxxxxxxxxxxxxxxxxxxxxxxxxxxxxxxxxxxxxxxxxxxxxxxxxxxxxxxxxxxxxxxxxxxxxxxxxxxxxxxxxxxxxxxxxxxxxxxxxxxxxxxxxxxxxxxxxxxxxxxxxxxxxxxxxxxxxxxxxxxxxxxxxxxxxxxxxxxxxxxxxxxxxxxxxxxxxxxxxxxxxxxxxxxxxxxxxxxxxxxxxxxxxxxxxxxxxxxxxxxxxxxxxxxxxxxxxxxxxxxxxxxxxxxxxxxxxxxxxxxxxxxxxxxxxxxxxxxxxxxxxxxxxxxxxxxxxxxxxxxxxxxxxxxxxxxxxxxxxxxxxxxxxxxxxxxxxxxxxxxxxxxxxxxxxxxxxxxxxxxxxxxxxxxxxxxxxxxxxxxxxxxxxxxxxxxxxxxxxxxxxxxxxxxxxxxxxxxxxxxxxxxxxxxxxxxxxxxxxxxxxxxxxxxxxxxxxxxxxxxxxxxxxxxxxxxxxxxxxxxxxxxxxxxxxxxxxxxxxxxxxxxxxxxxxxxxxxxxxxxxxxxxxxxxxxxxxxxxxxxxxxxxxxxxxxxxxxxxxxxxxxxxxxxxxxxxxxxxxxxxxxxxxxxxxxxxxxxxxxxxxxxxxxxxxxxxxxxxxxxxxxxxxxxxxxxxxxxxxxxxxxxxxxxxxxxxxxxxxxxxxxxxxxxxxxxxxxxxxxxxxxxxxxxxxxxxxxxxxxxxxxxxxxxxxxxxxxxxxxxxxxxxxxxxxxxxxxxxxxxxxxxxxxxxxxxxxxxxxxxxxxxxxxxxxxxxxxxxxxxxxxxxxxxxxxxxxxxxxxxxxxxxxxxxxxxxxxxxxxxxxxxxxxxxxxxxxxxxxxxxxxxxxxxxxxxxxxxxxxxxxxxxxxxxxxxxxxxxxxxxxxxxxxxxxxxxxxxxxxxxxxxxxxxxxxxxxxxxxxxxxxxxxxxxxxxxxxxxxxxxxxxxxxxxxxxxxxxxxxxxxxxxxxxxxxxxxxxxxxxxxxxxxxxxxxxxxxxxxxxxxxxxxxxxxxxxxxxxxxxxxxxxxxxxxxxxxxxxxxxxxxxxxxxxxxxxxxxxxxxxxxxxxxxxxxxxxxxxxxxxxxxxxxxxxxxxxxxxxxxxxxxxxxxxxxxxxxxxxxxxxxxxxxxxxxxxxxxxxxxxxxxxxxxxxxxxxxxxxxxxxxxxxxxxxxxxxxxxxxxxxxxxxxxxxxxxxxxxxxxxxxxxxxxxxxxxxxxxxxxxxxxxxxxxxxxxxxxxxxxxxxxxxxxxxxxxxxxxxxxxxxxxxxxxxxxxxxxxxxxxxxxxxxxxxxxxxxxxxxxxxxxxxxxxxxxxxxxxxxxxxxxxxxxxxxxxxxxxxxxxxxxxxxxxxxxxxxxxxxxxxxxxxxxxxxxxxxxxxxxxxxxxxxxxxxxxxxxxxxxxxxxxxxxxxxxxxxxxxxxxxxxxxxxxxxxxxxxxxxxxxxxxxxxxxxxxxxxxxxxxxxxxxxxxxxxxxxxxxxxxxxxxxxxxxxxxxxxxxxxxxxxxxxxxxxxxxxxxxxxxxxxxxxxxxxxxxxxxxxxxxxxxxxxxxxxxxxxxxxxxxxxxxxxxxxxxxxxxxxxxxxxxxxxxxxxxxxxxxxxxxxxxxxxxxxxxxxxxxxxxxxxxxxxxxxxxxxxxxxxxxxxxxxxxxxxxxxxxxxxxxxxxxxxxxxxxxxxxxxxxxxxxxxxxxxxxxxxxxxxxxxxxxxxxxxxxxxxxxxxxxxxxxxxxxxxxxxxxxxxxxxxxxxxxxxxxxxxxxxxxxxxxxxxxxxxxxxxxxxxxxxxxxxxxxxxxxxxxxxxxxxxxxxxxxxxxxxxxxxxxxxxxxxxxxxxxxxxxxxxxxxxxxxxxxxxxxxxxxxxxxxxxxxxxxxxxxxxxxxxxxxxxxxxxxxxxxxxxxxxxxxxxxxxxxxxxxxxxxxxxxxxxxxxxxxxxxxxxxxxxxxxxxxxxxxxxxxxxxxxxxxxxxxxxxxxxxxxxxxxxxxxxxxxxxxxxxxxxxxxxxxxxxxxxxxxxxxxxxxxxxxxxxxxxxxxxxxxxxxxxxxxxxxxxxxxxxxxxxxxxxxxxxxxxxxxxxxxxxxxxxxxxxxxxxxxxxxxxxxxxxxxxxxxxxxxxxxxxxxxxxxxxxxxxxxxxxxxxxxxxxxxxxxxxxxxxxxxxxxxxxxxxxxxxxxxxxxxxxxxxxxxxxxxxxxxxxxxxxxxxxxxxxxxxxxxxxxxxxxxxxxxxxxxxxxxxxxxxxxxxxxxxxxxxxxxxxxxxxxxxxxxxxxxxxxxxxxxxxxxxxxxxxxxxxxxxxxxxxxxxxxxxxxxxxxxxxxxxxxxxxxxxxxxxxxxxxxxxxxxxxxxxxxxxxxxxxxxxxxxxxxxxxxxxxxxxxxxxxxxxxxxxxxxxxxxxxxxxxxxxxxxxxxxxxxxxxxxxxxxxxxxxxxxxxxxxxxxxxxxxxxxxxxxxxxxxxxxxxxxxxxxxxxxxxxxxxxxxxxxxxxxxxxxxxxxxxxxxxxxxxxxxxxxxxxxxxxxxxxxxxxxxxxxxxxxxxxxxxxxxxxxxxxxxxxxxxxxxxxxxxxxxxxxxxxxxxxxxxxxxxxxxxxxxxxxxxxxxxxxxxxxxxxxxxxxxxxxxxxxxxxxxxxxxxxxxxxxxxxxxxxxxxxxxxxxxxxxxxxxxxxxxxxxxxxxxxxxxxxxxxxxxxxxxxxxxxxxxxxxxxxxxxxxxxxxxxxxxxxxxxxxxxxxxxxxxxxxxxxxxxxxxxxxxxxxxxxxxxxxxxxxxxxxxxxxxxxxxxxxxxxxxxxxxxxxxxxxxxxxxxxxxxxxxxxxxxxxxxxxxxxxxxxxxxxxxxxxxxxxxxxxxxxxxxxxxxxxxxxxxxxxxxxxxxxxxxxxxxxxxxxxxxxxxxxxxxxxxxxxxxxxxxxxxxxxxxxxxxxxxxxxxxxxxxxxxxxxxxxxxxxxxxxxxxxxxxxxxxxxxxxxxxxxxxxxxxxxxxxxxxxxxxxxxxxxxxxxxxxxxxxxxxxxxxxxxxxxxxxxxxxxxxxxxxxxxxxxxxxxxxxxxxxxxxxxxxxxxxxxxxxxxxxxxxxxxxxxxxxxxxxxxxxxxxxxxxxxxxxxxxxxxxxxxxxxxxxxxxxxxxxxxxxxxxxxxxxxxxxxxxxxxxxxxxxxxxxxxxxxxxxxxxxxxxxxxxxxxxxxxxxxxxxxxxxxxxxxxxxxxxxxxxxxxxxxxxxxxxxxxxxxxxxxxxxxxxxxxxxxxxxxxxxxxxxxxxxxxxxxxxxxxxxxxxxxxxxxxxxxxxxxxxxxxxxxxxxxxxxxxxxxxxxxxxxxxxxxxxxxxxxxxxxxxxxxxxxxxxxxxxxxxxxxxxxxxxxxxxxxxxxxxxxxxxxxxxxxxxxxxxxxxxxxxxxxxxxxxxxxxxxxxxxxxxxxxxxxxxxxxxxxxxxxxxxxxxxxxxxxxxxxxxxxxxxxxxxxxxxxxxxxxxxxxxxxxxxxxxxxxxxxxxxxxxxxxxxxxxxxxxxxxxxxxxxxxxxxxxxxxxxxxxxxxxxxxxxxxxxxxxxxxxxxxxxxxxxxxxxxxxxxxxxxxxxxxxxxxxxxxxxxxxxxxxxxxxxxxxxxxxxxxxxxxxxxxxxxxxxxxxxxxxxxxxxxxxxxxxxxxxxxxxxxxxxxxxxxxxxxxxxxxxxxxxxxxxxxxxxxxxxxxxxxxxxxxxxxxxxxxxxxxxxxxxxxxxxxxxxxxxxxxxxxxxxxxxxxxxxxxxxxxxxxxxxxxxxxxxxxxxxxxxxxxxxxxxxxxxxxxxxxxxxxxxxxxxxxxxxxxxxxxxxxxxxxxxxxxxxxxxxxxxxxxxxxxxxxxxxxxxxxxxxxxxxxxxxxxxxxxxxxxxxxxxxxxxxxxxxxxxxxxxxxxxxxxxxxxxxxxxxxxxxxxxxxxxxxxxxxxxxxxxxxxxxxxxxxxxxxxxxxxxxxxxxxxxxxxxxxxxxxxxxxxxxxxxxxxxxxxxxxxxxxxxxxxxxxxxxxxxxxxxxxxxxxxxxxxxxxxxxxxxxxxxxxxxxxxxxxxxxxxxxxxxxxxxxxxxxxxxxxxxxxxxxxxxxxxxxxxxxxxxxxxxxxxxxxxxxxxxxxxxxxxxxxxxxxxxxxxxxxxxxxxxxxxxxxxxxxxxxxxxxxxxxxxxxxxxxxxxxxxxxxxxxxxxxxxxxxxxxxxxxxxxxxxxxxxxxxxxxxxxxxxxxxxxxxxxxxx'})\n"
      },
      "teardown": {
        "outcome": "passed"
      }
    },
    {
      "nodeid": "segment/analytics/test/test_consumer.py::TestConsumer::test_max_batch_size",
      "lineno": 171,
      "outcome": "failed",
      "keywords": [
        "test_max_batch_size",
        "TestConsumer",
        "test_consumer.py",
        "test",
        "analytics",
        "segment",
        "segmentio@analytics-python__603632f3__requests__requests_futures",
        ""
      ],
      "setup": {
        "outcome": "passed"
      },
      "call": {
        "outcome": "failed",
        "crash": {
          "path": "C:\\Users\\Mohay\\AppData\\Local\\Programs\\Python\\Python312\\Lib\\unittest\\case.py",
          "lineno": 878,
          "message": "AssertionError: 22 != 2"
        },
        "traceback": [
          {
            "path": "segment\\analytics\\test\\test_consumer.py",
            "lineno": 199,
            "message": "AssertionError"
          }
        ],
        "stderr": "error uploading: 'Mock' object is not subscriptable\nerror uploading: 'Mock' object is not subscriptable\n",
        "longrepr": "self = <analytics.test.test_consumer.TestConsumer testMethod=test_max_batch_size>\n\n    def test_max_batch_size(self):\n        q = Queue()\n        consumer = Consumer(\n            q, 'testsecret', upload_size=100000, upload_interval=3)\n        track = {\n            'type': 'track',\n            'event': 'python event',\n            'userId': 'userId'\n        }\n        msg_size = len(json.dumps(track).encode())\n        # number of messages in a maximum-size batch\n        n_msgs = int(475000 / msg_size)\n    \n        def mock_post_fn(_, data, **kwargs):\n            res = mock.Mock()\n            res.status_code = 200\n            self.assertTrue(len(data.encode()) < 500000,\n                            'batch size (%d) exceeds 500KB limit'\n                            % len(data.encode()))\n            return res\n    \n        with mock.patch('segment.analytics.request._session.post',\n                        side_effect=mock_post_fn) as mock_post:\n            consumer.start()\n            for _ in range(0, n_msgs + 2):\n                q.put(track)\n            q.join()\n>           self.assertEqual(mock_post.call_count, 2)\nE           AssertionError: 22 != 2\n\nsegment\\analytics\\test\\test_consumer.py:199: AssertionError"
      },
      "teardown": {
        "outcome": "passed"
      }
    },
    {
      "nodeid": "segment/analytics/test/test_consumer.py::TestConsumer::test_multiple_uploads_per_interval",
      "lineno": 73,
      "outcome": "passed",
      "keywords": [
        "test_multiple_uploads_per_interval",
        "TestConsumer",
        "test_consumer.py",
        "test",
        "analytics",
        "segment",
        "segmentio@analytics-python__603632f3__requests__requests_futures",
        ""
      ],
      "setup": {
        "outcome": "passed"
      },
      "call": {
        "outcome": "passed"
      },
      "teardown": {
        "outcome": "passed"
      }
    },
    {
      "nodeid": "segment/analytics/test/test_consumer.py::TestConsumer::test_next",
      "lineno": 16,
      "outcome": "passed",
      "keywords": [
        "test_next",
        "TestConsumer",
        "test_consumer.py",
        "test",
        "analytics",
        "segment",
        "segmentio@analytics-python__603632f3__requests__requests_futures",
        ""
      ],
      "setup": {
        "outcome": "passed"
      },
      "call": {
        "outcome": "passed"
      },
      "teardown": {
        "outcome": "passed"
      }
    },
    {
      "nodeid": "segment/analytics/test/test_consumer.py::TestConsumer::test_next_limit",
      "lineno": 23,
      "outcome": "passed",
      "keywords": [
        "test_next_limit",
        "TestConsumer",
        "test_consumer.py",
        "test",
        "analytics",
        "segment",
        "segmentio@analytics-python__603632f3__requests__requests_futures",
        ""
      ],
      "setup": {
        "outcome": "passed"
      },
      "call": {
        "outcome": "passed"
      },
      "teardown": {
        "outcome": "passed"
      }
    },
    {
      "nodeid": "segment/analytics/test/test_consumer.py::TestConsumer::test_pause",
      "lineno": 166,
      "outcome": "passed",
      "keywords": [
        "test_pause",
        "TestConsumer",
        "test_consumer.py",
        "test",
        "analytics",
        "segment",
        "segmentio@analytics-python__603632f3__requests__requests_futures",
        ""
      ],
      "setup": {
        "outcome": "passed"
      },
      "call": {
        "outcome": "passed"
      },
      "teardown": {
        "outcome": "passed"
      }
    },
    {
      "nodeid": "segment/analytics/test/test_consumer.py::TestConsumer::test_proxies",
      "lineno": 200,
      "outcome": "passed",
      "keywords": [
        "test_proxies",
        "TestConsumer",
        "test_consumer.py",
        "test",
        "analytics",
        "segment",
        "segmentio@analytics-python__603632f3__requests__requests_futures",
        ""
      ],
      "setup": {
        "outcome": "passed"
      },
      "call": {
        "outcome": "passed"
      },
      "teardown": {
        "outcome": "passed"
      }
    },
    {
      "nodeid": "segment/analytics/test/test_consumer.py::TestConsumer::test_request",
      "lineno": 93,
      "outcome": "passed",
      "keywords": [
        "test_request",
        "TestConsumer",
        "test_consumer.py",
        "test",
        "analytics",
        "segment",
        "segmentio@analytics-python__603632f3__requests__requests_futures",
        ""
      ],
      "setup": {
        "outcome": "passed"
      },
      "call": {
        "outcome": "passed"
      },
      "teardown": {
        "outcome": "passed"
      }
    },
    {
      "nodeid": "segment/analytics/test/test_consumer.py::TestConsumer::test_request_retry",
      "lineno": 136,
      "outcome": "passed",
      "keywords": [
        "test_request_retry",
        "TestConsumer",
        "test_consumer.py",
        "test",
        "analytics",
        "segment",
        "segmentio@analytics-python__603632f3__requests__requests_futures",
        ""
      ],
      "setup": {
        "outcome": "passed"
      },
      "call": {
        "outcome": "passed"
      },
      "teardown": {
        "outcome": "passed"
      }
    },
    {
      "nodeid": "segment/analytics/test/test_consumer.py::TestConsumer::test_upload",
      "lineno": 41,
      "outcome": "passed",
      "keywords": [
        "test_upload",
        "TestConsumer",
        "test_consumer.py",
        "test",
        "analytics",
        "segment",
        "segmentio@analytics-python__603632f3__requests__requests_futures",
        ""
      ],
      "setup": {
        "outcome": "passed"
      },
      "call": {
        "outcome": "passed"
      },
      "teardown": {
        "outcome": "passed"
      }
    },
    {
      "nodeid": "segment/analytics/test/test_consumer.py::TestConsumer::test_upload_interval",
      "lineno": 53,
      "outcome": "passed",
      "keywords": [
        "test_upload_interval",
        "TestConsumer",
        "test_consumer.py",
        "test",
        "analytics",
        "segment",
        "segmentio@analytics-python__603632f3__requests__requests_futures",
        ""
      ],
      "setup": {
        "outcome": "passed"
      },
      "call": {
        "outcome": "passed"
      },
      "teardown": {
        "outcome": "passed"
      }
    },
    {
      "nodeid": "segment/analytics/test/test_init.py::TestInit::test_debug",
      "lineno": 24,
      "outcome": "passed",
      "keywords": [
        "test_debug",
        "TestInit",
        "test_init.py",
        "test",
        "analytics",
        "segment",
        "segmentio@analytics-python__603632f3__requests__requests_futures",
        ""
      ],
      "setup": {
        "outcome": "passed"
      },
      "call": {
        "outcome": "passed",
        "stderr": "consumer is running...\nconsumer is running...\nsuccessfully flushed about 0 items.\nsuccessfully flushed about 0 items.\nconsumer is running...\nconsumer is running...\nsuccessfully flushed about 0 items.\nsuccessfully flushed about 0 items.\n"
      },
      "teardown": {
        "outcome": "passed"
      }
    },
    {
      "nodeid": "segment/analytics/test/test_init.py::TestInit::test_gzip",
      "lineno": 35,
      "outcome": "passed",
      "keywords": [
        "test_gzip",
        "TestInit",
        "test_init.py",
        "test",
        "analytics",
        "segment",
        "segmentio@analytics-python__603632f3__requests__requests_futures",
        ""
      ],
      "setup": {
        "outcome": "passed"
      },
      "call": {
        "outcome": "passed"
      },
      "teardown": {
        "outcome": "passed"
      }
    },
    {
      "nodeid": "segment/analytics/test/test_init.py::TestInit::test_host",
      "lineno": 45,
      "outcome": "passed",
      "keywords": [
        "test_host",
        "TestInit",
        "test_init.py",
        "test",
        "analytics",
        "segment",
        "segmentio@analytics-python__603632f3__requests__requests_futures",
        ""
      ],
      "setup": {
        "outcome": "passed"
      },
      "call": {
        "outcome": "passed"
      },
      "teardown": {
        "outcome": "passed"
      }
    },
    {
      "nodeid": "segment/analytics/test/test_init.py::TestInit::test_max_queue_size",
      "lineno": 53,
      "outcome": "passed",
      "keywords": [
        "test_max_queue_size",
        "TestInit",
        "test_init.py",
        "test",
        "analytics",
        "segment",
        "segmentio@analytics-python__603632f3__requests__requests_futures",
        ""
      ],
      "setup": {
        "outcome": "passed"
      },
      "call": {
        "outcome": "passed"
      },
      "teardown": {
        "outcome": "passed"
      }
    },
    {
      "nodeid": "segment/analytics/test/test_init.py::TestInit::test_max_retries",
      "lineno": 59,
      "outcome": "passed",
      "keywords": [
        "test_max_retries",
        "TestInit",
        "test_init.py",
        "test",
        "analytics",
        "segment",
        "segmentio@analytics-python__603632f3__requests__requests_futures",
        ""
      ],
      "setup": {
        "outcome": "passed"
      },
      "call": {
        "outcome": "passed"
      },
      "teardown": {
        "outcome": "passed"
      }
    },
    {
      "nodeid": "segment/analytics/test/test_init.py::TestInit::test_sync_mode",
      "lineno": 65,
      "outcome": "passed",
      "keywords": [
        "test_sync_mode",
        "TestInit",
        "test_init.py",
        "test",
        "analytics",
        "segment",
        "segmentio@analytics-python__603632f3__requests__requests_futures",
        ""
      ],
      "setup": {
        "outcome": "passed"
      },
      "call": {
        "outcome": "passed"
      },
      "teardown": {
        "outcome": "passed"
      }
    },
    {
      "nodeid": "segment/analytics/test/test_init.py::TestInit::test_timeout",
      "lineno": 75,
      "outcome": "passed",
      "keywords": [
        "test_timeout",
        "TestInit",
        "test_init.py",
        "test",
        "analytics",
        "segment",
        "segmentio@analytics-python__603632f3__requests__requests_futures",
        ""
      ],
      "setup": {
        "outcome": "passed"
      },
      "call": {
        "outcome": "passed"
      },
      "teardown": {
        "outcome": "passed"
      }
    },
    {
      "nodeid": "segment/analytics/test/test_init.py::TestInit::test_writeKey",
      "lineno": 19,
      "outcome": "passed",
      "keywords": [
        "test_writeKey",
        "TestInit",
        "test_init.py",
        "test",
        "analytics",
        "segment",
        "segmentio@analytics-python__603632f3__requests__requests_futures",
        ""
      ],
      "setup": {
        "outcome": "passed"
      },
      "call": {
        "outcome": "passed"
      },
      "teardown": {
        "outcome": "passed"
      }
    },
    {
      "nodeid": "segment/analytics/test/test_module.py::TestModule::test_alias",
      "lineno": 35,
      "outcome": "passed",
      "keywords": [
        "test_alias",
        "TestModule",
        "test_module.py",
        "test",
        "analytics",
        "segment",
        "segmentio@analytics-python__603632f3__requests__requests_futures",
        ""
      ],
      "setup": {
        "outcome": "passed"
      },
      "call": {
        "outcome": "passed"
      },
      "teardown": {
        "outcome": "passed"
      }
    },
    {
      "nodeid": "segment/analytics/test/test_module.py::TestModule::test_flush",
      "lineno": 47,
      "outcome": "passed",
      "keywords": [
        "test_flush",
        "TestModule",
        "test_module.py",
        "test",
        "analytics",
        "segment",
        "segmentio@analytics-python__603632f3__requests__requests_futures",
        ""
      ],
      "setup": {
        "outcome": "passed"
      },
      "call": {
        "outcome": "passed"
      },
      "teardown": {
        "outcome": "passed"
      }
    },
    {
      "nodeid": "segment/analytics/test/test_module.py::TestModule::test_group",
      "lineno": 31,
      "outcome": "passed",
      "keywords": [
        "test_group",
        "TestModule",
        "test_module.py",
        "test",
        "analytics",
        "segment",
        "segmentio@analytics-python__603632f3__requests__requests_futures",
        ""
      ],
      "setup": {
        "outcome": "passed"
      },
      "call": {
        "outcome": "passed"
      },
      "teardown": {
        "outcome": "passed"
      }
    },
    {
      "nodeid": "segment/analytics/test/test_module.py::TestModule::test_identify",
      "lineno": 27,
      "outcome": "passed",
      "keywords": [
        "test_identify",
        "TestModule",
        "test_module.py",
        "test",
        "analytics",
        "segment",
        "segmentio@analytics-python__603632f3__requests__requests_futures",
        ""
      ],
      "setup": {
        "outcome": "passed"
      },
      "call": {
        "outcome": "passed"
      },
      "teardown": {
        "outcome": "passed"
      }
    },
    {
      "nodeid": "segment/analytics/test/test_module.py::TestModule::test_no_host",
      "lineno": 19,
      "outcome": "passed",
      "keywords": [
        "test_no_host",
        "TestModule",
        "test_module.py",
        "test",
        "analytics",
        "segment",
        "segmentio@analytics-python__603632f3__requests__requests_futures",
        ""
      ],
      "setup": {
        "outcome": "passed"
      },
      "call": {
        "outcome": "passed"
      },
      "teardown": {
        "outcome": "passed"
      }
    },
    {
      "nodeid": "segment/analytics/test/test_module.py::TestModule::test_no_write_key",
      "lineno": 15,
      "outcome": "passed",
      "keywords": [
        "test_no_write_key",
        "TestModule",
        "test_module.py",
        "test",
        "analytics",
        "segment",
        "segmentio@analytics-python__603632f3__requests__requests_futures",
        ""
      ],
      "setup": {
        "outcome": "passed"
      },
      "call": {
        "outcome": "passed"
      },
      "teardown": {
        "outcome": "passed"
      }
    },
    {
      "nodeid": "segment/analytics/test/test_module.py::TestModule::test_page",
      "lineno": 39,
      "outcome": "passed",
      "keywords": [
        "test_page",
        "TestModule",
        "test_module.py",
        "test",
        "analytics",
        "segment",
        "segmentio@analytics-python__603632f3__requests__requests_futures",
        ""
      ],
      "setup": {
        "outcome": "passed"
      },
      "call": {
        "outcome": "passed"
      },
      "teardown": {
        "outcome": "passed"
      }
    },
    {
      "nodeid": "segment/analytics/test/test_module.py::TestModule::test_screen",
      "lineno": 43,
      "outcome": "passed",
      "keywords": [
        "test_screen",
        "TestModule",
        "test_module.py",
        "test",
        "analytics",
        "segment",
        "segmentio@analytics-python__603632f3__requests__requests_futures",
        ""
      ],
      "setup": {
        "outcome": "passed"
      },
      "call": {
        "outcome": "passed"
      },
      "teardown": {
        "outcome": "passed"
      }
    },
    {
      "nodeid": "segment/analytics/test/test_module.py::TestModule::test_track",
      "lineno": 23,
      "outcome": "passed",
      "keywords": [
        "test_track",
        "TestModule",
        "test_module.py",
        "test",
        "analytics",
        "segment",
        "segmentio@analytics-python__603632f3__requests__requests_futures",
        ""
      ],
      "setup": {
        "outcome": "passed"
      },
      "call": {
        "outcome": "passed"
      },
      "teardown": {
        "outcome": "passed"
      }
    },
    {
      "nodeid": "segment/analytics/test/test_oauth.py::TestOauthManager::test_oauth_fail_unrecoverably",
      "lineno": 85,
      "outcome": "failed",
      "keywords": [
        "test_oauth_fail_unrecoverably",
        "__wrapped__",
        "patchings",
        "TestOauthManager",
        "test_oauth.py",
        "test",
        "analytics",
        "segment",
        "segmentio@analytics-python__603632f3__requests__requests_futures",
        ""
      ],
      "setup": {
        "outcome": "passed"
      },
      "call": {
        "outcome": "failed",
        "crash": {
          "path": "C:\\Users\\Mohay\\AppData\\Local\\Programs\\Python\\Python312\\Lib\\unittest\\case.py",
          "lineno": 878,
          "message": "AssertionError: 3 != 1"
        },
        "traceback": [
          {
            "path": "segment\\analytics\\test\\test_oauth.py",
            "lineno": 92,
            "message": "AssertionError"
          }
        ],
        "stderr": "OAuth token request encountered an error after 3 attempts: 'MockResponse' object has no attribute 'result'\nOAuth token request encountered an error after 3 attempts: 'MockResponse' object has no attribute 'result'\n",
        "longrepr": "self = <analytics.test.test_oauth.TestOauthManager testMethod=test_oauth_fail_unrecoverably>\nmock_post = <MagicMock name='post' id='2633640667296'>\n\n    @mock.patch.object(FuturesSession, 'post', side_effect=mocked_requests_get)\n    def test_oauth_fail_unrecoverably(self, mock_post):\n        manager = segment.analytics.oauth_manager.OauthManager(\"id\", privatekey, \"keyid\", \"http://127.0.0.1:400\")\n        with self.assertRaises(Exception) as context:\n            manager.get_token()\n        self.assertTrue(manager.thread.is_alive)\n>       self.assertEqual(mock_post.call_count, 1)\nE       AssertionError: 3 != 1\n\nsegment\\analytics\\test\\test_oauth.py:92: AssertionError"
      },
      "teardown": {
        "outcome": "passed"
      }
    },
    {
      "nodeid": "segment/analytics/test/test_oauth.py::TestOauthManager::test_oauth_fail_with_retries",
      "lineno": 94,
      "outcome": "passed",
      "keywords": [
        "test_oauth_fail_with_retries",
        "__wrapped__",
        "patchings",
        "TestOauthManager",
        "test_oauth.py",
        "test",
        "analytics",
        "segment",
        "segmentio@analytics-python__603632f3__requests__requests_futures",
        ""
      ],
      "setup": {
        "outcome": "passed"
      },
      "call": {
        "outcome": "passed",
        "stderr": "OAuth token request encountered an error after 3 attempts: 'MockResponse' object has no attribute 'result'\nOAuth token request encountered an error after 3 attempts: 'MockResponse' object has no attribute 'result'\n"
      },
      "teardown": {
        "outcome": "passed"
      }
    },
    {
      "nodeid": "segment/analytics/test/test_oauth.py::TestOauthManager::test_oauth_rate_limit_delay",
      "lineno": 103,
      "outcome": "failed",
      "keywords": [
        "test_oauth_rate_limit_delay",
        "__wrapped__",
        "patchings",
        "TestOauthManager",
        "test_oauth.py",
        "test",
        "analytics",
        "segment",
        "segmentio@analytics-python__603632f3__requests__requests_futures",
        ""
      ],
      "setup": {
        "outcome": "passed"
      },
      "call": {
        "outcome": "failed",
        "crash": {
          "path": "D:\\repos\\segmentio@analytics-python__603632f3__requests__requests_futures\\.venv\\Lib\\site-packages\\mock\\mock.py",
          "lineno": 925,
          "message": "AssertionError: Expected call: sleep(234)\nNot called"
        },
        "traceback": [
          {
            "path": "segment\\analytics\\test\\test_oauth.py",
            "lineno": 109,
            "message": ""
          },
          {
            "path": ".venv\\Lib\\site-packages\\mock\\mock.py",
            "lineno": 925,
            "message": "AssertionError"
          }
        ],
        "longrepr": "self = <analytics.test.test_oauth.TestOauthManager testMethod=test_oauth_rate_limit_delay>\nmock_sleep = <MagicMock name='sleep' spec='builtin_function_or_method' id='2633640126576'>\nmock_post = <MagicMock name='post' id='2633632256400'>\n\n    @mock.patch.object(FuturesSession, 'post', side_effect=mocked_requests_get)\n    @mock.patch('time.sleep', spec=time.sleep) # 429 uses sleep so it won't be interrupted\n    def test_oauth_rate_limit_delay(self, mock_sleep, mock_post):\n        manager = segment.analytics.oauth_manager.OauthManager(\"id\", privatekey, \"keyid\", \"http://127.0.0.1:429\")\n        manager._poller_loop()\n>       mock_sleep.assert_called_with(234)\n\nsegment\\analytics\\test\\test_oauth.py:109: \n_ _ _ _ _ _ _ _ _ _ _ _ _ _ _ _ _ _ _ _ _ _ _ _ _ _ _ _ _ _ _ _ _ _ _ _ _ _ _ _\n\n_mock_self = <MagicMock name='sleep' spec='builtin_function_or_method' id='2633640126576'>\nargs = (234,), kwargs = {}, expected = 'sleep(234)'\n\n    def assert_called_with(_mock_self, *args, **kwargs):\n        \"\"\"assert that the mock was called with the specified arguments.\n    \n        Raises an AssertionError if the args and keyword args passed in are\n        different to the last call to the mock.\"\"\"\n        self = _mock_self\n        if self.call_args is None:\n            expected = self._format_mock_call_signature(args, kwargs)\n>           raise AssertionError('Expected call: %s\\nNot called' % (expected,))\nE           AssertionError: Expected call: sleep(234)\nE           Not called\n\n.venv\\Lib\\site-packages\\mock\\mock.py:925: AssertionError"
      },
      "teardown": {
        "outcome": "passed"
      }
    },
    {
      "nodeid": "segment/analytics/test/test_oauth.py::TestOauthManager::test_oauth_success",
      "lineno": 75,
      "outcome": "failed",
      "keywords": [
        "test_oauth_success",
        "__wrapped__",
        "patchings",
        "TestOauthManager",
        "test_oauth.py",
        "test",
        "analytics",
        "segment",
        "segmentio@analytics-python__603632f3__requests__requests_futures",
        ""
      ],
      "setup": {
        "outcome": "passed"
      },
      "call": {
        "outcome": "failed",
        "crash": {
          "path": "D:\\repos\\segmentio@analytics-python__603632f3__requests__requests_futures\\segment\\analytics\\oauth_manager.py",
          "lineno": 61,
          "message": "segment.analytics.consumer.FatalError: [Segment] 'MockResponse' object has no attribute 'result')"
        },
        "traceback": [
          {
            "path": "segment\\analytics\\test\\test_oauth.py",
            "lineno": 79,
            "message": ""
          },
          {
            "path": "segment\\analytics\\oauth_manager.py",
            "lineno": 61,
            "message": "FatalError"
          }
        ],
        "stderr": "OAuth token request encountered an error after 3 attempts: 'MockResponse' object has no attribute 'result'\nOAuth token request encountered an error after 3 attempts: 'MockResponse' object has no attribute 'result'\n",
        "longrepr": "self = <analytics.test.test_oauth.TestOauthManager testMethod=test_oauth_success>\nmock_post = <MagicMock name='post' id='2633643292480'>\n\n    @mock.patch.object(FuturesSession, 'post', side_effect=mocked_requests_get)\n    def test_oauth_success(self, mock_post):\n        manager = segment.analytics.oauth_manager.OauthManager(\"id\", privatekey, \"keyid\", \"http://127.0.0.1:80\")\n>       self.assertEqual(manager.get_token(), \"test_token\")\n\nsegment\\analytics\\test\\test_oauth.py:79: \n_ _ _ _ _ _ _ _ _ _ _ _ _ _ _ _ _ _ _ _ _ _ _ _ _ _ _ _ _ _ _ _ _ _ _ _ _ _ _ _\n\nself = <segment.analytics.oauth_manager.OauthManager object at 0x00000265315F6840>\n\n    def get_token(self):\n        with self.token_mutex:\n            if self.token:\n                return self.token\n        # No good token, start the loop\n        self.log.debug(\"OAuth is enabled. No cached access token.\")\n        # Make sure we're not waiting an excessively long time (this will not cancel 429 waits)\n        if self.thread and self.thread.is_alive():\n            self.thread.cancel()\n        self.thread = threading.Timer(0,self._poller_loop)\n        self.thread.daemon = True\n        self.thread.start()\n    \n        while True:\n            # Wait for a token or error\n            with self.token_mutex:\n                if self.token:\n                    return self.token\n                if self.error:\n                    error = self.error\n                    self.error = None\n>                   raise error\nE                   segment.analytics.consumer.FatalError: [Segment] 'MockResponse' object has no attribute 'result')\n\nsegment\\analytics\\oauth_manager.py:61: FatalError"
      },
      "teardown": {
        "outcome": "passed"
      }
    },
    {
      "nodeid": "segment/analytics/test/test_oauth.py::TestOauthIntegration::test_oauth_integration_fail_bad_key",
      "lineno": 145,
      "outcome": "passed",
      "keywords": [
        "test_oauth_integration_fail_bad_key",
        "__wrapped__",
        "patchings",
        "TestOauthIntegration",
        "test_oauth.py",
        "test",
        "analytics",
        "segment",
        "segmentio@analytics-python__603632f3__requests__requests_futures",
        ""
      ],
      "setup": {
        "outcome": "passed"
      },
      "call": {
        "outcome": "passed",
        "stderr": "OAuth token request encountered an error after 10 attempts: Could not parse the provided public key.\nOAuth token request encountered an error after 10 attempts: Could not parse the provided public key.\nerror uploading: [Segment] Could not parse the provided public key.)\nerror uploading: [Segment] Could not parse the provided public key.)\n"
      },
      "teardown": {
        "outcome": "passed"
      }
    },
    {
      "nodeid": "segment/analytics/test/test_oauth.py::TestOauthIntegration::test_oauth_integration_failure",
      "lineno": 126,
      "outcome": "failed",
      "keywords": [
        "test_oauth_integration_failure",
        "__wrapped__",
        "patchings",
        "TestOauthIntegration",
        "test_oauth.py",
        "test",
        "analytics",
        "segment",
        "segmentio@analytics-python__603632f3__requests__requests_futures",
        ""
      ],
      "setup": {
        "outcome": "passed"
      },
      "call": {
        "outcome": "failed",
        "crash": {
          "path": "C:\\Users\\Mohay\\AppData\\Local\\Programs\\Python\\Python312\\Lib\\unittest\\case.py",
          "lineno": 878,
          "message": "AssertionError: 11 != 1"
        },
        "traceback": [
          {
            "path": "segment\\analytics\\test\\test_oauth.py",
            "lineno": 134,
            "message": "AssertionError"
          }
        ],
        "stderr": "OAuth token request encountered an error after 3 attempts: 'MockResponse' object has no attribute 'result'\nOAuth token request encountered an error after 3 attempts: 'MockResponse' object has no attribute 'result'\nOAuth token request encountered an error after 10 attempts: 'MockResponse' object has no attribute 'result'\nOAuth token request encountered an error after 10 attempts: 'MockResponse' object has no attribute 'result'\nerror uploading: [Segment] 'MockResponse' object has no attribute 'result')\nerror uploading: [Segment] 'MockResponse' object has no attribute 'result')\n",
        "longrepr": "self = <analytics.test.test_oauth.TestOauthIntegration testMethod=test_oauth_integration_failure>\nmock_post = <MagicMock name='post' id='2633643723424'>\n\n    @mock.patch.object(FuturesSession, 'post', side_effect=mocked_requests_get)\n    def test_oauth_integration_failure(self, mock_post):\n        client = Client(\"write_key\", on_error=self.fail, oauth_auth_server=\"http://127.0.0.1:400\",\n                        oauth_client_id=\"id\",oauth_client_key=privatekey, oauth_key_id=\"keyid\")\n        client.track(\"user\", \"event\")\n        client.flush()\n        self.assertTrue(self.failed)\n>       self.assertEqual(mock_post.call_count, 1)\nE       AssertionError: 11 != 1\n\nsegment\\analytics\\test\\test_oauth.py:134: AssertionError"
      },
      "teardown": {
        "outcome": "passed"
      }
    },
    {
      "nodeid": "segment/analytics/test/test_oauth.py::TestOauthIntegration::test_oauth_integration_recovery",
      "lineno": 135,
      "outcome": "failed",
      "keywords": [
        "test_oauth_integration_recovery",
        "__wrapped__",
        "patchings",
        "TestOauthIntegration",
        "test_oauth.py",
        "test",
        "analytics",
        "segment",
        "segmentio@analytics-python__603632f3__requests__requests_futures",
        ""
      ],
      "setup": {
        "outcome": "passed"
      },
      "call": {
        "outcome": "failed",
        "crash": {
          "path": "C:\\Users\\Mohay\\AppData\\Local\\Programs\\Python\\Python312\\Lib\\unittest\\case.py",
          "lineno": 721,
          "message": "AssertionError: True is not false"
        },
        "traceback": [
          {
            "path": "segment\\analytics\\test\\test_oauth.py",
            "lineno": 143,
            "message": "AssertionError"
          }
        ],
        "stderr": "OAuth token request encountered an error after 10 attempts: 'MockResponse' object has no attribute 'result'\nOAuth token request encountered an error after 10 attempts: 'MockResponse' object has no attribute 'result'\nerror uploading: [Segment] 'MockResponse' object has no attribute 'result')\nerror uploading: [Segment] 'MockResponse' object has no attribute 'result')\n",
        "longrepr": "self = <analytics.test.test_oauth.TestOauthIntegration testMethod=test_oauth_integration_recovery>\nmock_post = <MagicMock name='post' id='2633643736816'>\n\n    @mock.patch.object(FuturesSession, 'post', side_effect=mocked_requests_get)\n    def test_oauth_integration_recovery(self, mock_post):\n        mocked_requests_get.error_count = 2 # 2 errors and then success\n        client = Client(\"write_key\", on_error=self.fail, oauth_auth_server=\"http://127.0.0.1:501\",\n                        oauth_client_id=\"id\",oauth_client_key=privatekey, oauth_key_id=\"keyid\")\n        client.track(\"user\", \"event\")\n        client.flush()\n>       self.assertFalse(self.failed)\nE       AssertionError: True is not false\n\nsegment\\analytics\\test\\test_oauth.py:143: AssertionError"
      },
      "teardown": {
        "outcome": "passed"
      }
    },
    {
      "nodeid": "segment/analytics/test/test_oauth.py::TestOauthIntegration::test_oauth_integration_success",
      "lineno": 117,
      "outcome": "failed",
      "keywords": [
        "test_oauth_integration_success",
        "__wrapped__",
        "patchings",
        "TestOauthIntegration",
        "test_oauth.py",
        "test",
        "analytics",
        "segment",
        "segmentio@analytics-python__603632f3__requests__requests_futures",
        ""
      ],
      "setup": {
        "outcome": "passed"
      },
      "call": {
        "outcome": "failed",
        "crash": {
          "path": "C:\\Users\\Mohay\\AppData\\Local\\Programs\\Python\\Python312\\Lib\\unittest\\case.py",
          "lineno": 721,
          "message": "AssertionError: True is not false"
        },
        "traceback": [
          {
            "path": "segment\\analytics\\test\\test_oauth.py",
            "lineno": 124,
            "message": "AssertionError"
          }
        ],
        "stderr": "OAuth token request encountered an error after 10 attempts: 'MockResponse' object has no attribute 'result'\nOAuth token request encountered an error after 10 attempts: 'MockResponse' object has no attribute 'result'\nerror uploading: [Segment] 'MockResponse' object has no attribute 'result')\nerror uploading: [Segment] 'MockResponse' object has no attribute 'result')\n",
        "longrepr": "self = <analytics.test.test_oauth.TestOauthIntegration testMethod=test_oauth_integration_success>\nmock_post = <MagicMock name='post' id='2633643735280'>\n\n    @mock.patch.object(FuturesSession, 'post', side_effect=mocked_requests_get)\n    def test_oauth_integration_success(self, mock_post):\n        client = Client(\"write_key\", on_error=self.fail, oauth_auth_server=\"http://127.0.0.1:80\",\n                        oauth_client_id=\"id\",oauth_client_key=privatekey, oauth_key_id=\"keyid\")\n        client.track(\"user\", \"event\")\n        client.flush()\n>       self.assertFalse(self.failed)\nE       AssertionError: True is not false\n\nsegment\\analytics\\test\\test_oauth.py:124: AssertionError"
      },
      "teardown": {
        "outcome": "passed"
      }
    },
    {
      "nodeid": "segment/analytics/test/test_request.py::TestRequests::test_date_serialization",
      "lineno": 35,
      "outcome": "passed",
      "keywords": [
        "test_date_serialization",
        "TestRequests",
        "test_request.py",
        "test",
        "analytics",
        "segment",
        "segmentio@analytics-python__603632f3__requests__requests_futures",
        ""
      ],
      "setup": {
        "outcome": "passed"
      },
      "call": {
        "outcome": "passed"
      },
      "teardown": {
        "outcome": "passed"
      }
    },
    {
      "nodeid": "segment/analytics/test/test_request.py::TestRequests::test_datetime_serialization",
      "lineno": 30,
      "outcome": "passed",
      "keywords": [
        "test_datetime_serialization",
        "TestRequests",
        "test_request.py",
        "test",
        "analytics",
        "segment",
        "segmentio@analytics-python__603632f3__requests__requests_futures",
        ""
      ],
      "setup": {
        "outcome": "passed"
      },
      "call": {
        "outcome": "passed"
      },
      "teardown": {
        "outcome": "passed"
      }
    },
    {
      "nodeid": "segment/analytics/test/test_request.py::TestRequests::test_invalid_host",
      "lineno": 25,
      "outcome": "passed",
      "keywords": [
        "test_invalid_host",
        "TestRequests",
        "test_request.py",
        "test",
        "analytics",
        "segment",
        "segmentio@analytics-python__603632f3__requests__requests_futures",
        ""
      ],
      "setup": {
        "outcome": "passed"
      },
      "call": {
        "outcome": "passed"
      },
      "teardown": {
        "outcome": "passed"
      }
    },
    {
      "nodeid": "segment/analytics/test/test_request.py::TestRequests::test_invalid_request_error",
      "lineno": 20,
      "outcome": "passed",
      "keywords": [
        "test_invalid_request_error",
        "TestRequests",
        "test_request.py",
        "test",
        "analytics",
        "segment",
        "segmentio@analytics-python__603632f3__requests__requests_futures",
        ""
      ],
      "setup": {
        "outcome": "passed"
      },
      "call": {
        "outcome": "passed"
      },
      "teardown": {
        "outcome": "passed"
      }
    },
    {
      "nodeid": "segment/analytics/test/test_request.py::TestRequests::test_proxies",
      "lineno": 62,
      "outcome": "failed",
      "keywords": [
        "test_proxies",
        "TestRequests",
        "test_request.py",
        "test",
        "analytics",
        "segment",
        "segmentio@analytics-python__603632f3__requests__requests_futures",
        ""
      ],
      "setup": {
        "outcome": "passed"
      },
      "call": {
        "outcome": "failed",
        "crash": {
          "path": "C:\\Users\\Mohay\\AppData\\Local\\Programs\\Python\\Python312\\Lib\\json\\encoder.py",
          "lineno": 180,
          "message": "TypeError: Object of type FuturesSession is not JSON serializable"
        },
        "traceback": [
          {
            "path": "segment\\analytics\\test\\test_request.py",
            "lineno": 65,
            "message": ""
          },
          {
            "path": "segment\\analytics\\request.py",
            "lineno": 27,
            "message": "in post"
          },
          {
            "path": "C:\\Users\\Mohay\\AppData\\Local\\Programs\\Python\\Python312\\Lib\\json\\__init__.py",
            "lineno": 238,
            "message": "in dumps"
          },
          {
            "path": "C:\\Users\\Mohay\\AppData\\Local\\Programs\\Python\\Python312\\Lib\\json\\encoder.py",
            "lineno": 200,
            "message": "in encode"
          },
          {
            "path": "C:\\Users\\Mohay\\AppData\\Local\\Programs\\Python\\Python312\\Lib\\json\\encoder.py",
            "lineno": 258,
            "message": "in iterencode"
          },
          {
            "path": "segment\\analytics\\request.py",
            "lineno": 95,
            "message": "in default"
          },
          {
            "path": "C:\\Users\\Mohay\\AppData\\Local\\Programs\\Python\\Python312\\Lib\\json\\encoder.py",
            "lineno": 180,
            "message": "TypeError"
          }
        ],
        "longrepr": "self = <analytics.test.test_request.TestRequests testMethod=test_proxies>\n\n    def test_proxies(self):\n        session = FuturesSession()\n>       future = post('testsecret', batch=[{\n            'userId': 'userId',\n            'event': 'python event',\n            'type': 'track',\n            'proxies': '203.243.63.16:80'\n        }], session=session)\n\nsegment\\analytics\\test\\test_request.py:65: \n_ _ _ _ _ _ _ _ _ _ _ _ _ _ _ _ _ _ _ _ _ _ _ _ _ _ _ _ _ _ _ _ _ _ _ _ _ _ _ _\nsegment\\analytics\\request.py:27: in post\n    data = json.dumps(body, cls=DatetimeSerializer)\nC:\\Users\\Mohay\\AppData\\Local\\Programs\\Python\\Python312\\Lib\\json\\__init__.py:238: in dumps\n    **kw).encode(obj)\nC:\\Users\\Mohay\\AppData\\Local\\Programs\\Python\\Python312\\Lib\\json\\encoder.py:200: in encode\n    chunks = self.iterencode(o, _one_shot=True)\nC:\\Users\\Mohay\\AppData\\Local\\Programs\\Python\\Python312\\Lib\\json\\encoder.py:258: in iterencode\n    return _iterencode(o, 0)\nsegment\\analytics\\request.py:95: in default\n    return json.JSONEncoder.default(self, obj)\n_ _ _ _ _ _ _ _ _ _ _ _ _ _ _ _ _ _ _ _ _ _ _ _ _ _ _ _ _ _ _ _ _ _ _ _ _ _ _ _\n\nself = <segment.analytics.request.DatetimeSerializer object at 0x000002653167D7C0>\no = <requests_futures.sessions.FuturesSession object at 0x000002653167D580>\n\n    def default(self, o):\n        \"\"\"Implement this method in a subclass such that it returns\n        a serializable object for ``o``, or calls the base implementation\n        (to raise a ``TypeError``).\n    \n        For example, to support arbitrary iterators, you could\n        implement default like this::\n    \n            def default(self, o):\n                try:\n                    iterable = iter(o)\n                except TypeError:\n                    pass\n                else:\n                    return list(iterable)\n                # Let the base class default method raise the TypeError\n                return super().default(o)\n    \n        \"\"\"\n>       raise TypeError(f'Object of type {o.__class__.__name__} '\n                        f'is not JSON serializable')\nE       TypeError: Object of type FuturesSession is not JSON serializable\n\nC:\\Users\\Mohay\\AppData\\Local\\Programs\\Python\\Python312\\Lib\\json\\encoder.py:180: TypeError"
      },
      "teardown": {
        "outcome": "passed"
      }
    },
    {
      "nodeid": "segment/analytics/test/test_request.py::TestRequests::test_should_not_timeout",
      "lineno": 42,
      "outcome": "failed",
      "keywords": [
        "test_should_not_timeout",
        "TestRequests",
        "test_request.py",
        "test",
        "analytics",
        "segment",
        "segmentio@analytics-python__603632f3__requests__requests_futures",
        ""
      ],
      "setup": {
        "outcome": "passed"
      },
      "call": {
        "outcome": "failed",
        "crash": {
          "path": "C:\\Users\\Mohay\\AppData\\Local\\Programs\\Python\\Python312\\Lib\\json\\encoder.py",
          "lineno": 180,
          "message": "TypeError: Object of type FuturesSession is not JSON serializable"
        },
        "traceback": [
          {
            "path": "segment\\analytics\\test\\test_request.py",
            "lineno": 45,
            "message": ""
          },
          {
            "path": "segment\\analytics\\request.py",
            "lineno": 27,
            "message": "in post"
          },
          {
            "path": "C:\\Users\\Mohay\\AppData\\Local\\Programs\\Python\\Python312\\Lib\\json\\__init__.py",
            "lineno": 238,
            "message": "in dumps"
          },
          {
            "path": "C:\\Users\\Mohay\\AppData\\Local\\Programs\\Python\\Python312\\Lib\\json\\encoder.py",
            "lineno": 200,
            "message": "in encode"
          },
          {
            "path": "C:\\Users\\Mohay\\AppData\\Local\\Programs\\Python\\Python312\\Lib\\json\\encoder.py",
            "lineno": 258,
            "message": "in iterencode"
          },
          {
            "path": "segment\\analytics\\request.py",
            "lineno": 95,
            "message": "in default"
          },
          {
            "path": "C:\\Users\\Mohay\\AppData\\Local\\Programs\\Python\\Python312\\Lib\\json\\encoder.py",
            "lineno": 180,
            "message": "TypeError"
          }
        ],
        "longrepr": "self = <analytics.test.test_request.TestRequests testMethod=test_should_not_timeout>\n\n    def test_should_not_timeout(self):\n        session = FuturesSession()\n>       future = post('testsecret', batch=[{\n            'userId': 'userId',\n            'event': 'python event',\n            'type': 'track'\n        }], timeout=15, session=session)\n\nsegment\\analytics\\test\\test_request.py:45: \n_ _ _ _ _ _ _ _ _ _ _ _ _ _ _ _ _ _ _ _ _ _ _ _ _ _ _ _ _ _ _ _ _ _ _ _ _ _ _ _\nsegment\\analytics\\request.py:27: in post\n    data = json.dumps(body, cls=DatetimeSerializer)\nC:\\Users\\Mohay\\AppData\\Local\\Programs\\Python\\Python312\\Lib\\json\\__init__.py:238: in dumps\n    **kw).encode(obj)\nC:\\Users\\Mohay\\AppData\\Local\\Programs\\Python\\Python312\\Lib\\json\\encoder.py:200: in encode\n    chunks = self.iterencode(o, _one_shot=True)\nC:\\Users\\Mohay\\AppData\\Local\\Programs\\Python\\Python312\\Lib\\json\\encoder.py:258: in iterencode\n    return _iterencode(o, 0)\nsegment\\analytics\\request.py:95: in default\n    return json.JSONEncoder.default(self, obj)\n_ _ _ _ _ _ _ _ _ _ _ _ _ _ _ _ _ _ _ _ _ _ _ _ _ _ _ _ _ _ _ _ _ _ _ _ _ _ _ _\n\nself = <segment.analytics.request.DatetimeSerializer object at 0x00000265315F57F0>\no = <requests_futures.sessions.FuturesSession object at 0x00000265315F63C0>\n\n    def default(self, o):\n        \"\"\"Implement this method in a subclass such that it returns\n        a serializable object for ``o``, or calls the base implementation\n        (to raise a ``TypeError``).\n    \n        For example, to support arbitrary iterators, you could\n        implement default like this::\n    \n            def default(self, o):\n                try:\n                    iterable = iter(o)\n                except TypeError:\n                    pass\n                else:\n                    return list(iterable)\n                # Let the base class default method raise the TypeError\n                return super().default(o)\n    \n        \"\"\"\n>       raise TypeError(f'Object of type {o.__class__.__name__} '\n                        f'is not JSON serializable')\nE       TypeError: Object of type FuturesSession is not JSON serializable\n\nC:\\Users\\Mohay\\AppData\\Local\\Programs\\Python\\Python312\\Lib\\json\\encoder.py:180: TypeError"
      },
      "teardown": {
        "outcome": "passed"
      }
    },
    {
      "nodeid": "segment/analytics/test/test_request.py::TestRequests::test_should_timeout",
      "lineno": 52,
      "outcome": "passed",
      "keywords": [
        "test_should_timeout",
        "TestRequests",
        "test_request.py",
        "test",
        "analytics",
        "segment",
        "segmentio@analytics-python__603632f3__requests__requests_futures",
        ""
      ],
      "setup": {
        "outcome": "passed"
      },
      "call": {
        "outcome": "passed"
      },
      "teardown": {
        "outcome": "passed"
      }
    },
    {
      "nodeid": "segment/analytics/test/test_request.py::TestRequests::test_valid_request",
      "lineno": 10,
      "outcome": "failed",
      "keywords": [
        "test_valid_request",
        "TestRequests",
        "test_request.py",
        "test",
        "analytics",
        "segment",
        "segmentio@analytics-python__603632f3__requests__requests_futures",
        ""
      ],
      "setup": {
        "outcome": "passed"
      },
      "call": {
        "outcome": "failed",
        "crash": {
          "path": "C:\\Users\\Mohay\\AppData\\Local\\Programs\\Python\\Python312\\Lib\\json\\encoder.py",
          "lineno": 180,
          "message": "TypeError: Object of type FuturesSession is not JSON serializable"
        },
        "traceback": [
          {
            "path": "segment\\analytics\\test\\test_request.py",
            "lineno": 13,
            "message": ""
          },
          {
            "path": "segment\\analytics\\request.py",
            "lineno": 27,
            "message": "in post"
          },
          {
            "path": "C:\\Users\\Mohay\\AppData\\Local\\Programs\\Python\\Python312\\Lib\\json\\__init__.py",
            "lineno": 238,
            "message": "in dumps"
          },
          {
            "path": "C:\\Users\\Mohay\\AppData\\Local\\Programs\\Python\\Python312\\Lib\\json\\encoder.py",
            "lineno": 200,
            "message": "in encode"
          },
          {
            "path": "C:\\Users\\Mohay\\AppData\\Local\\Programs\\Python\\Python312\\Lib\\json\\encoder.py",
            "lineno": 258,
            "message": "in iterencode"
          },
          {
            "path": "segment\\analytics\\request.py",
            "lineno": 95,
            "message": "in default"
          },
          {
            "path": "C:\\Users\\Mohay\\AppData\\Local\\Programs\\Python\\Python312\\Lib\\json\\encoder.py",
            "lineno": 180,
            "message": "TypeError"
          }
        ],
        "longrepr": "self = <analytics.test.test_request.TestRequests testMethod=test_valid_request>\n\n    def test_valid_request(self):\n        session = FuturesSession()\n>       future = post('testsecret', batch=[{\n            'userId': 'userId',\n            'event': 'python event',\n            'type': 'track'\n        }], session=session)\n\nsegment\\analytics\\test\\test_request.py:13: \n_ _ _ _ _ _ _ _ _ _ _ _ _ _ _ _ _ _ _ _ _ _ _ _ _ _ _ _ _ _ _ _ _ _ _ _ _ _ _ _\nsegment\\analytics\\request.py:27: in post\n    data = json.dumps(body, cls=DatetimeSerializer)\nC:\\Users\\Mohay\\AppData\\Local\\Programs\\Python\\Python312\\Lib\\json\\__init__.py:238: in dumps\n    **kw).encode(obj)\nC:\\Users\\Mohay\\AppData\\Local\\Programs\\Python\\Python312\\Lib\\json\\encoder.py:200: in encode\n    chunks = self.iterencode(o, _one_shot=True)\nC:\\Users\\Mohay\\AppData\\Local\\Programs\\Python\\Python312\\Lib\\json\\encoder.py:258: in iterencode\n    return _iterencode(o, 0)\nsegment\\analytics\\request.py:95: in default\n    return json.JSONEncoder.default(self, obj)\n_ _ _ _ _ _ _ _ _ _ _ _ _ _ _ _ _ _ _ _ _ _ _ _ _ _ _ _ _ _ _ _ _ _ _ _ _ _ _ _\n\nself = <segment.analytics.request.DatetimeSerializer object at 0x0000026531661AF0>\no = <requests_futures.sessions.FuturesSession object at 0x0000026531663020>\n\n    def default(self, o):\n        \"\"\"Implement this method in a subclass such that it returns\n        a serializable object for ``o``, or calls the base implementation\n        (to raise a ``TypeError``).\n    \n        For example, to support arbitrary iterators, you could\n        implement default like this::\n    \n            def default(self, o):\n                try:\n                    iterable = iter(o)\n                except TypeError:\n                    pass\n                else:\n                    return list(iterable)\n                # Let the base class default method raise the TypeError\n                return super().default(o)\n    \n        \"\"\"\n>       raise TypeError(f'Object of type {o.__class__.__name__} '\n                        f'is not JSON serializable')\nE       TypeError: Object of type FuturesSession is not JSON serializable\n\nC:\\Users\\Mohay\\AppData\\Local\\Programs\\Python\\Python312\\Lib\\json\\encoder.py:180: TypeError"
      },
      "teardown": {
        "outcome": "passed"
      }
    },
    {
      "nodeid": "segment/analytics/test/test_utils.py::TestUtils::test_bytes",
      "lineno": 57,
      "outcome": "passed",
      "keywords": [
        "test_bytes",
        "TestUtils",
        "test_utils.py",
        "test",
        "analytics",
        "segment",
        "segmentio@analytics-python__603632f3__requests__requests_futures",
        ""
      ],
      "setup": {
        "outcome": "passed"
      },
      "call": {
        "outcome": "passed"
      },
      "teardown": {
        "outcome": "passed"
      }
    },
    {
      "nodeid": "segment/analytics/test/test_utils.py::TestUtils::test_clean",
      "lineno": 23,
      "outcome": "passed",
      "keywords": [
        "test_clean",
        "TestUtils",
        "test_utils.py",
        "test",
        "analytics",
        "segment",
        "segmentio@analytics-python__603632f3__requests__requests_futures",
        ""
      ],
      "setup": {
        "outcome": "passed"
      },
      "call": {
        "outcome": "passed",
        "stderr": "Dictionary values must be serializeable to JSON \"exception\" value This should show up of type <class 'Exception'> is unsupported.\nDictionary values must be serializeable to JSON \"exception\" value This should show up of type <class 'Exception'> is unsupported.\nDictionary values must be serializeable to JSON \"timedelta\" value 0:00:00.000020 of type <class 'datetime.timedelta'> is unsupported.\nDictionary values must be serializeable to JSON \"timedelta\" value 0:00:00.000020 of type <class 'datetime.timedelta'> is unsupported.\n"
      },
      "teardown": {
        "outcome": "passed"
      }
    },
    {
      "nodeid": "segment/analytics/test/test_utils.py::TestUtils::test_clean_fn",
      "lineno": 62,
      "outcome": "passed",
      "keywords": [
        "test_clean_fn",
        "TestUtils",
        "test_utils.py",
        "test",
        "analytics",
        "segment",
        "segmentio@analytics-python__603632f3__requests__requests_futures",
        ""
      ],
      "setup": {
        "outcome": "passed"
      },
      "call": {
        "outcome": "passed",
        "stderr": "Dictionary values must be serializeable to JSON \"fn\" value <function TestUtils.test_clean_fn.<locals>.<lambda> at 0x00000265315EC2C0> of type <class 'function'> is unsupported.\nDictionary values must be serializeable to JSON \"fn\" value <function TestUtils.test_clean_fn.<locals>.<lambda> at 0x00000265315EC2C0> of type <class 'function'> is unsupported.\n"
      },
      "teardown": {
        "outcome": "passed"
      }
    },
    {
      "nodeid": "segment/analytics/test/test_utils.py::TestUtils::test_clean_with_dates",
      "lineno": 50,
      "outcome": "passed",
      "keywords": [
        "test_clean_with_dates",
        "TestUtils",
        "test_utils.py",
        "test",
        "analytics",
        "segment",
        "segmentio@analytics-python__603632f3__requests__requests_futures",
        ""
      ],
      "setup": {
        "outcome": "passed"
      },
      "call": {
        "outcome": "passed"
      },
      "teardown": {
        "outcome": "passed"
      }
    },
    {
      "nodeid": "segment/analytics/test/test_utils.py::TestUtils::test_remove_slash",
      "lineno": 68,
      "outcome": "passed",
      "keywords": [
        "test_remove_slash",
        "TestUtils",
        "test_utils.py",
        "test",
        "analytics",
        "segment",
        "segmentio@analytics-python__603632f3__requests__requests_futures",
        ""
      ],
      "setup": {
        "outcome": "passed"
      },
      "call": {
        "outcome": "passed"
      },
      "teardown": {
        "outcome": "passed"
      }
    },
    {
      "nodeid": "segment/analytics/test/test_utils.py::TestUtils::test_timezone_utils",
      "lineno": 11,
      "outcome": "passed",
      "keywords": [
        "test_timezone_utils",
        "TestUtils",
        "test_utils.py",
        "test",
        "analytics",
        "segment",
        "segmentio@analytics-python__603632f3__requests__requests_futures",
        ""
      ],
      "setup": {
        "outcome": "passed"
      },
      "call": {
        "outcome": "passed"
      },
      "teardown": {
        "outcome": "passed"
      }
    }
  ],
  "warnings": [
    {
      "message": "datetime.datetime.utcfromtimestamp() is deprecated and scheduled for removal in a future version. Use timezone-aware objects to represent datetimes in UTC: datetime.datetime.fromtimestamp(timestamp, datetime.UTC).",
      "category": "DeprecationWarning",
      "when": "collect",
      "filename": "D:\\repos\\segmentio@analytics-python__603632f3__requests__requests_futures\\.venv\\Lib\\site-packages\\dateutil\\tz\\tz.py",
      "lineno": 37
    },
    {
      "message": "datetime.datetime.utcnow() is deprecated and scheduled for removal in a future version. Use timezone-aware objects to represent datetimes in UTC: datetime.datetime.now(datetime.UTC).",
      "category": "DeprecationWarning",
      "when": "runtest",
      "filename": "D:\\repos\\segmentio@analytics-python__603632f3__requests__requests_futures\\segment\\analytics\\test\\test_utils.py",
      "lineno": 54
    }
  ]
}