{
  "exitcode": 1,
  "summary": {
    "passed": 70,
    "failed": 9,
    "total": 79,
    "collected": 79
  },
  "collectors": [
    {
      "nodeid": "",
      "outcome": "passed",
      "result": [
        {
          "nodeid": ".",
          "type": "Dir"
        }
      ]
    },
    {
      "nodeid": "samples",
      "outcome": "passed",
      "result": []
    },
    {
      "nodeid": "segment/analytics/test/test_client.py::TestClient",
      "outcome": "passed",
      "result": [
        {
          "nodeid": "segment/analytics/test/test_client.py::TestClient::test_advanced_group",
          "type": "TestCaseFunction",
          "lineno": 135
        },
        {
          "nodeid": "segment/analytics/test/test_client.py::TestClient::test_advanced_identify",
          "type": "TestCaseFunction",
          "lineno": 101
        },
        {
          "nodeid": "segment/analytics/test/test_client.py::TestClient::test_advanced_page",
          "type": "TestCaseFunction",
          "lineno": 177
        },
        {
          "nodeid": "segment/analytics/test/test_client.py::TestClient::test_advanced_screen",
          "type": "TestCaseFunction",
          "lineno": 211
        },
        {
          "nodeid": "segment/analytics/test/test_client.py::TestClient::test_advanced_track",
          "type": "TestCaseFunction",
          "lineno": 65
        },
        {
          "nodeid": "segment/analytics/test/test_client.py::TestClient::test_basic_alias",
          "type": "TestCaseFunction",
          "lineno": 158
        },
        {
          "nodeid": "segment/analytics/test/test_client.py::TestClient::test_basic_group",
          "type": "TestCaseFunction",
          "lineno": 124
        },
        {
          "nodeid": "segment/analytics/test/test_client.py::TestClient::test_basic_identify",
          "type": "TestCaseFunction",
          "lineno": 88
        },
        {
          "nodeid": "segment/analytics/test/test_client.py::TestClient::test_basic_page",
          "type": "TestCaseFunction",
          "lineno": 167
        },
        {
          "nodeid": "segment/analytics/test/test_client.py::TestClient::test_basic_screen",
          "type": "TestCaseFunction",
          "lineno": 202
        },
        {
          "nodeid": "segment/analytics/test/test_client.py::TestClient::test_basic_track",
          "type": "TestCaseFunction",
          "lineno": 25
        },
        {
          "nodeid": "segment/analytics/test/test_client.py::TestClient::test_debug",
          "type": "TestCaseFunction",
          "lineno": 294
        },
        {
          "nodeid": "segment/analytics/test/test_client.py::TestClient::test_default_timeout_15",
          "type": "TestCaseFunction",
          "lineno": 340
        },
        {
          "nodeid": "segment/analytics/test/test_client.py::TestClient::test_empty_flush",
          "type": "TestCaseFunction",
          "lineno": 22
        },
        {
          "nodeid": "segment/analytics/test/test_client.py::TestClient::test_flush",
          "type": "TestCaseFunction",
          "lineno": 236
        },
        {
          "nodeid": "segment/analytics/test/test_client.py::TestClient::test_gzip",
          "type": "TestCaseFunction",
          "lineno": 312
        },
        {
          "nodeid": "segment/analytics/test/test_client.py::TestClient::test_identify_with_date_object",
          "type": "TestCaseFunction",
          "lineno": 298
        },
        {
          "nodeid": "segment/analytics/test/test_client.py::TestClient::test_numeric_user_id",
          "type": "TestCaseFunction",
          "lineno": 289
        },
        {
          "nodeid": "segment/analytics/test/test_client.py::TestClient::test_overflow",
          "type": "TestCaseFunction",
          "lineno": 268
        },
        {
          "nodeid": "segment/analytics/test/test_client.py::TestClient::test_proxies",
          "type": "TestCaseFunction",
          "lineno": 345
        },
        {
          "nodeid": "segment/analytics/test/test_client.py::TestClient::test_requires_write_key",
          "type": "TestCaseFunction",
          "lineno": 19
        },
        {
          "nodeid": "segment/analytics/test/test_client.py::TestClient::test_shutdown",
          "type": "TestCaseFunction",
          "lineno": 247
        },
        {
          "nodeid": "segment/analytics/test/test_client.py::TestClient::test_stringifies_anonymous_id",
          "type": "TestCaseFunction",
          "lineno": 52
        },
        {
          "nodeid": "segment/analytics/test/test_client.py::TestClient::test_stringifies_user_id",
          "type": "TestCaseFunction",
          "lineno": 39
        },
        {
          "nodeid": "segment/analytics/test/test_client.py::TestClient::test_success_on_invalid_write_key",
          "type": "TestCaseFunction",
          "lineno": 280
        },
        {
          "nodeid": "segment/analytics/test/test_client.py::TestClient::test_synchronous",
          "type": "TestCaseFunction",
          "lineno": 260
        },
        {
          "nodeid": "segment/analytics/test/test_client.py::TestClient::test_unicode",
          "type": "TestCaseFunction",
          "lineno": 286
        },
        {
          "nodeid": "segment/analytics/test/test_client.py::TestClient::test_user_defined_timeout",
          "type": "TestCaseFunction",
          "lineno": 335
        },
        {
          "nodeid": "segment/analytics/test/test_client.py::TestClient::test_user_defined_upload_size",
          "type": "TestCaseFunction",
          "lineno": 319
        }
      ]
    },
    {
      "nodeid": "segment/analytics/test/test_client.py",
      "outcome": "passed",
      "result": [
        {
          "nodeid": "segment/analytics/test/test_client.py::TestClient",
          "type": "UnitTestCase"
        }
      ]
    },
    {
      "nodeid": "segment/analytics/test/test_consumer.py::TestConsumer",
      "outcome": "passed",
      "result": [
        {
          "nodeid": "segment/analytics/test/test_consumer.py::TestConsumer::test_dropping_oversize_msg",
          "type": "TestCaseFunction",
          "lineno": 32
        },
        {
          "nodeid": "segment/analytics/test/test_consumer.py::TestConsumer::test_max_batch_size",
          "type": "TestCaseFunction",
          "lineno": 171
        },
        {
          "nodeid": "segment/analytics/test/test_consumer.py::TestConsumer::test_multiple_uploads_per_interval",
          "type": "TestCaseFunction",
          "lineno": 73
        },
        {
          "nodeid": "segment/analytics/test/test_consumer.py::TestConsumer::test_next",
          "type": "TestCaseFunction",
          "lineno": 16
        },
        {
          "nodeid": "segment/analytics/test/test_consumer.py::TestConsumer::test_next_limit",
          "type": "TestCaseFunction",
          "lineno": 23
        },
        {
          "nodeid": "segment/analytics/test/test_consumer.py::TestConsumer::test_pause",
          "type": "TestCaseFunction",
          "lineno": 166
        },
        {
          "nodeid": "segment/analytics/test/test_consumer.py::TestConsumer::test_proxies",
          "type": "TestCaseFunction",
          "lineno": 200
        },
        {
          "nodeid": "segment/analytics/test/test_consumer.py::TestConsumer::test_request",
          "type": "TestCaseFunction",
          "lineno": 93
        },
        {
          "nodeid": "segment/analytics/test/test_consumer.py::TestConsumer::test_request_retry",
          "type": "TestCaseFunction",
          "lineno": 136
        },
        {
          "nodeid": "segment/analytics/test/test_consumer.py::TestConsumer::test_upload",
          "type": "TestCaseFunction",
          "lineno": 41
        },
        {
          "nodeid": "segment/analytics/test/test_consumer.py::TestConsumer::test_upload_interval",
          "type": "TestCaseFunction",
          "lineno": 53
        }
      ]
    },
    {
      "nodeid": "segment/analytics/test/test_consumer.py",
      "outcome": "passed",
      "result": [
        {
          "nodeid": "segment/analytics/test/test_consumer.py::TestConsumer",
          "type": "UnitTestCase"
        }
      ]
    },
    {
      "nodeid": "segment/analytics/test/test_init.py::TestInit",
      "outcome": "passed",
      "result": [
        {
          "nodeid": "segment/analytics/test/test_init.py::TestInit::test_debug",
          "type": "TestCaseFunction",
          "lineno": 24
        },
        {
          "nodeid": "segment/analytics/test/test_init.py::TestInit::test_gzip",
          "type": "TestCaseFunction",
          "lineno": 35
        },
        {
          "nodeid": "segment/analytics/test/test_init.py::TestInit::test_host",
          "type": "TestCaseFunction",
          "lineno": 45
        },
        {
          "nodeid": "segment/analytics/test/test_init.py::TestInit::test_max_queue_size",
          "type": "TestCaseFunction",
          "lineno": 53
        },
        {
          "nodeid": "segment/analytics/test/test_init.py::TestInit::test_max_retries",
          "type": "TestCaseFunction",
          "lineno": 59
        },
        {
          "nodeid": "segment/analytics/test/test_init.py::TestInit::test_sync_mode",
          "type": "TestCaseFunction",
          "lineno": 65
        },
        {
          "nodeid": "segment/analytics/test/test_init.py::TestInit::test_timeout",
          "type": "TestCaseFunction",
          "lineno": 75
        },
        {
          "nodeid": "segment/analytics/test/test_init.py::TestInit::test_writeKey",
          "type": "TestCaseFunction",
          "lineno": 19
        }
      ]
    },
    {
      "nodeid": "segment/analytics/test/test_init.py",
      "outcome": "passed",
      "result": [
        {
          "nodeid": "segment/analytics/test/test_init.py::TestInit",
          "type": "UnitTestCase"
        }
      ]
    },
    {
      "nodeid": "segment/analytics/test/test_module.py::TestModule",
      "outcome": "passed",
      "result": [
        {
          "nodeid": "segment/analytics/test/test_module.py::TestModule::test_alias",
          "type": "TestCaseFunction",
          "lineno": 35
        },
        {
          "nodeid": "segment/analytics/test/test_module.py::TestModule::test_flush",
          "type": "TestCaseFunction",
          "lineno": 47
        },
        {
          "nodeid": "segment/analytics/test/test_module.py::TestModule::test_group",
          "type": "TestCaseFunction",
          "lineno": 31
        },
        {
          "nodeid": "segment/analytics/test/test_module.py::TestModule::test_identify",
          "type": "TestCaseFunction",
          "lineno": 27
        },
        {
          "nodeid": "segment/analytics/test/test_module.py::TestModule::test_no_host",
          "type": "TestCaseFunction",
          "lineno": 19
        },
        {
          "nodeid": "segment/analytics/test/test_module.py::TestModule::test_no_write_key",
          "type": "TestCaseFunction",
          "lineno": 15
        },
        {
          "nodeid": "segment/analytics/test/test_module.py::TestModule::test_page",
          "type": "TestCaseFunction",
          "lineno": 39
        },
        {
          "nodeid": "segment/analytics/test/test_module.py::TestModule::test_screen",
          "type": "TestCaseFunction",
          "lineno": 43
        },
        {
          "nodeid": "segment/analytics/test/test_module.py::TestModule::test_track",
          "type": "TestCaseFunction",
          "lineno": 23
        }
      ]
    },
    {
      "nodeid": "segment/analytics/test/test_module.py",
      "outcome": "passed",
      "result": [
        {
          "nodeid": "segment/analytics/test/test_module.py::TestModule",
          "type": "UnitTestCase"
        }
      ]
    },
    {
      "nodeid": "segment/analytics/test/test_oauth.py::TestOauthManager",
      "outcome": "passed",
      "result": [
        {
          "nodeid": "segment/analytics/test/test_oauth.py::TestOauthManager::test_oauth_fail_unrecoverably",
          "type": "TestCaseFunction",
          "lineno": 89
        },
        {
          "nodeid": "segment/analytics/test/test_oauth.py::TestOauthManager::test_oauth_fail_with_retries",
          "type": "TestCaseFunction",
          "lineno": 98
        },
        {
          "nodeid": "segment/analytics/test/test_oauth.py::TestOauthManager::test_oauth_rate_limit_delay",
          "type": "TestCaseFunction",
          "lineno": 107
        },
        {
          "nodeid": "segment/analytics/test/test_oauth.py::TestOauthManager::test_oauth_success",
          "type": "TestCaseFunction",
          "lineno": 79
        }
      ]
    },
    {
      "nodeid": "segment/analytics/test/test_oauth.py::TestOauthIntegration",
      "outcome": "passed",
      "result": [
        {
          "nodeid": "segment/analytics/test/test_oauth.py::TestOauthIntegration::test_oauth_integration_fail_bad_key",
          "type": "TestCaseFunction",
          "lineno": 149
        },
        {
          "nodeid": "segment/analytics/test/test_oauth.py::TestOauthIntegration::test_oauth_integration_failure",
          "type": "TestCaseFunction",
          "lineno": 130
        },
        {
          "nodeid": "segment/analytics/test/test_oauth.py::TestOauthIntegration::test_oauth_integration_recovery",
          "type": "TestCaseFunction",
          "lineno": 139
        },
        {
          "nodeid": "segment/analytics/test/test_oauth.py::TestOauthIntegration::test_oauth_integration_success",
          "type": "TestCaseFunction",
          "lineno": 121
        }
      ]
    },
    {
      "nodeid": "segment/analytics/test/test_oauth.py",
      "outcome": "passed",
      "result": [
        {
          "nodeid": "segment/analytics/test/test_oauth.py::TestOauthManager",
          "type": "UnitTestCase"
        },
        {
          "nodeid": "segment/analytics/test/test_oauth.py::TestOauthIntegration",
          "type": "UnitTestCase"
        }
      ]
    },
    {
      "nodeid": "segment/analytics/test/test_request.py::TestRequests",
      "outcome": "passed",
      "result": [
        {
          "nodeid": "segment/analytics/test/test_request.py::TestRequests::test_date_serialization",
          "type": "TestCaseFunction",
          "lineno": 32
        },
        {
          "nodeid": "segment/analytics/test/test_request.py::TestRequests::test_datetime_serialization",
          "type": "TestCaseFunction",
          "lineno": 27
        },
        {
          "nodeid": "segment/analytics/test/test_request.py::TestRequests::test_invalid_host",
          "type": "TestCaseFunction",
          "lineno": 23
        },
        {
          "nodeid": "segment/analytics/test/test_request.py::TestRequests::test_invalid_request_error",
          "type": "TestCaseFunction",
          "lineno": 19
        },
        {
          "nodeid": "segment/analytics/test/test_request.py::TestRequests::test_proxies",
          "type": "TestCaseFunction",
          "lineno": 55
        },
        {
          "nodeid": "segment/analytics/test/test_request.py::TestRequests::test_should_not_timeout",
          "type": "TestCaseFunction",
          "lineno": 39
        },
        {
          "nodeid": "segment/analytics/test/test_request.py::TestRequests::test_should_timeout",
          "type": "TestCaseFunction",
          "lineno": 47
        },
        {
          "nodeid": "segment/analytics/test/test_request.py::TestRequests::test_valid_request",
          "type": "TestCaseFunction",
          "lineno": 11
        }
      ]
    },
    {
      "nodeid": "segment/analytics/test/test_request.py",
      "outcome": "passed",
      "result": [
        {
          "nodeid": "segment/analytics/test/test_request.py::TestRequests",
          "type": "UnitTestCase"
        }
      ]
    },
    {
      "nodeid": "segment/analytics/test/test_utils.py::TestUtils",
      "outcome": "passed",
      "result": [
        {
          "nodeid": "segment/analytics/test/test_utils.py::TestUtils::test_bytes",
          "type": "TestCaseFunction",
          "lineno": 57
        },
        {
          "nodeid": "segment/analytics/test/test_utils.py::TestUtils::test_clean",
          "type": "TestCaseFunction",
          "lineno": 23
        },
        {
          "nodeid": "segment/analytics/test/test_utils.py::TestUtils::test_clean_fn",
          "type": "TestCaseFunction",
          "lineno": 62
        },
        {
          "nodeid": "segment/analytics/test/test_utils.py::TestUtils::test_clean_with_dates",
          "type": "TestCaseFunction",
          "lineno": 50
        },
        {
          "nodeid": "segment/analytics/test/test_utils.py::TestUtils::test_remove_slash",
          "type": "TestCaseFunction",
          "lineno": 68
        },
        {
          "nodeid": "segment/analytics/test/test_utils.py::TestUtils::test_timezone_utils",
          "type": "TestCaseFunction",
          "lineno": 11
        }
      ]
    },
    {
      "nodeid": "segment/analytics/test/test_utils.py",
      "outcome": "passed",
      "result": [
        {
          "nodeid": "segment/analytics/test/test_utils.py::TestUtils",
          "type": "UnitTestCase"
        }
      ]
    },
    {
      "nodeid": "segment/analytics/test",
      "outcome": "passed",
      "result": [
        {
          "nodeid": "segment/analytics/test/test_client.py",
          "type": "Module"
        },
        {
          "nodeid": "segment/analytics/test/test_consumer.py",
          "type": "Module"
        },
        {
          "nodeid": "segment/analytics/test/test_init.py",
          "type": "Module"
        },
        {
          "nodeid": "segment/analytics/test/test_module.py",
          "type": "Module"
        },
        {
          "nodeid": "segment/analytics/test/test_oauth.py",
          "type": "Module"
        },
        {
          "nodeid": "segment/analytics/test/test_request.py",
          "type": "Module"
        },
        {
          "nodeid": "segment/analytics/test/test_utils.py",
          "type": "Module"
        }
      ]
    },
    {
      "nodeid": "segment/analytics",
      "outcome": "passed",
      "result": [
        {
          "nodeid": "segment/analytics/test",
          "type": "Package"
        }
      ]
    },
    {
      "nodeid": "segment",
      "outcome": "passed",
      "result": [
        {
          "nodeid": "segment/analytics",
          "type": "Package"
        }
      ]
    },
    {
      "nodeid": "segment_analytics_python.egg-info",
      "outcome": "passed",
      "result": []
    },
    {
      "nodeid": ".",
      "outcome": "passed",
      "result": [
        {
          "nodeid": "samples",
          "type": "Dir"
        },
        {
          "nodeid": "segment",
          "type": "Dir"
        },
        {
          "nodeid": "segment_analytics_python.egg-info",
          "type": "Dir"
        }
      ]
    }
  ],
  "tests": [
    {
      "nodeid": "segment/analytics/test/test_client.py::TestClient::test_advanced_group",
      "lineno": 135,
      "outcome": "passed",
      "keywords": [
        "test_advanced_group",
        "TestClient",
        "test_client.py",
        "test",
        "analytics",
        "segment",
        "segmentio@analytics-python__603632f3__requests__aiohttp",
        ""
      ],
      "setup": {
        "outcome": "passed"
      },
      "call": {
        "outcome": "passed"
      },
      "teardown": {
        "outcome": "passed"
      }
    },
    {
      "nodeid": "segment/analytics/test/test_client.py::TestClient::test_advanced_identify",
      "lineno": 101,
      "outcome": "passed",
      "keywords": [
        "test_advanced_identify",
        "TestClient",
        "test_client.py",
        "test",
        "analytics",
        "segment",
        "segmentio@analytics-python__603632f3__requests__aiohttp",
        ""
      ],
      "setup": {
        "outcome": "passed"
      },
      "call": {
        "outcome": "passed"
      },
      "teardown": {
        "outcome": "passed"
      }
    },
    {
      "nodeid": "segment/analytics/test/test_client.py::TestClient::test_advanced_page",
      "lineno": 177,
      "outcome": "passed",
      "keywords": [
        "test_advanced_page",
        "TestClient",
        "test_client.py",
        "test",
        "analytics",
        "segment",
        "segmentio@analytics-python__603632f3__requests__aiohttp",
        ""
      ],
      "setup": {
        "outcome": "passed"
      },
      "call": {
        "outcome": "passed"
      },
      "teardown": {
        "outcome": "passed"
      }
    },
    {
      "nodeid": "segment/analytics/test/test_client.py::TestClient::test_advanced_screen",
      "lineno": 211,
      "outcome": "passed",
      "keywords": [
        "test_advanced_screen",
        "TestClient",
        "test_client.py",
        "test",
        "analytics",
        "segment",
        "segmentio@analytics-python__603632f3__requests__aiohttp",
        ""
      ],
      "setup": {
        "outcome": "passed"
      },
      "call": {
        "outcome": "passed"
      },
      "teardown": {
        "outcome": "passed"
      }
    },
    {
      "nodeid": "segment/analytics/test/test_client.py::TestClient::test_advanced_track",
      "lineno": 65,
      "outcome": "passed",
      "keywords": [
        "test_advanced_track",
        "TestClient",
        "test_client.py",
        "test",
        "analytics",
        "segment",
        "segmentio@analytics-python__603632f3__requests__aiohttp",
        ""
      ],
      "setup": {
        "outcome": "passed"
      },
      "call": {
        "outcome": "passed"
      },
      "teardown": {
        "outcome": "passed"
      }
    },
    {
      "nodeid": "segment/analytics/test/test_client.py::TestClient::test_basic_alias",
      "lineno": 158,
      "outcome": "passed",
      "keywords": [
        "test_basic_alias",
        "TestClient",
        "test_client.py",
        "test",
        "analytics",
        "segment",
        "segmentio@analytics-python__603632f3__requests__aiohttp",
        ""
      ],
      "setup": {
        "outcome": "passed"
      },
      "call": {
        "outcome": "passed"
      },
      "teardown": {
        "outcome": "passed"
      }
    },
    {
      "nodeid": "segment/analytics/test/test_client.py::TestClient::test_basic_group",
      "lineno": 124,
      "outcome": "passed",
      "keywords": [
        "test_basic_group",
        "TestClient",
        "test_client.py",
        "test",
        "analytics",
        "segment",
        "segmentio@analytics-python__603632f3__requests__aiohttp",
        ""
      ],
      "setup": {
        "outcome": "passed"
      },
      "call": {
        "outcome": "passed"
      },
      "teardown": {
        "outcome": "passed"
      }
    },
    {
      "nodeid": "segment/analytics/test/test_client.py::TestClient::test_basic_identify",
      "lineno": 88,
      "outcome": "passed",
      "keywords": [
        "test_basic_identify",
        "TestClient",
        "test_client.py",
        "test",
        "analytics",
        "segment",
        "segmentio@analytics-python__603632f3__requests__aiohttp",
        ""
      ],
      "setup": {
        "outcome": "passed"
      },
      "call": {
        "outcome": "passed"
      },
      "teardown": {
        "outcome": "passed"
      }
    },
    {
      "nodeid": "segment/analytics/test/test_client.py::TestClient::test_basic_page",
      "lineno": 167,
      "outcome": "passed",
      "keywords": [
        "test_basic_page",
        "TestClient",
        "test_client.py",
        "test",
        "analytics",
        "segment",
        "segmentio@analytics-python__603632f3__requests__aiohttp",
        ""
      ],
      "setup": {
        "outcome": "passed"
      },
      "call": {
        "outcome": "passed"
      },
      "teardown": {
        "outcome": "passed"
      }
    },
    {
      "nodeid": "segment/analytics/test/test_client.py::TestClient::test_basic_screen",
      "lineno": 202,
      "outcome": "passed",
      "keywords": [
        "test_basic_screen",
        "TestClient",
        "test_client.py",
        "test",
        "analytics",
        "segment",
        "segmentio@analytics-python__603632f3__requests__aiohttp",
        ""
      ],
      "setup": {
        "outcome": "passed"
      },
      "call": {
        "outcome": "passed"
      },
      "teardown": {
        "outcome": "passed"
      }
    },
    {
      "nodeid": "segment/analytics/test/test_client.py::TestClient::test_basic_track",
      "lineno": 25,
      "outcome": "passed",
      "keywords": [
        "test_basic_track",
        "TestClient",
        "test_client.py",
        "test",
        "analytics",
        "segment",
        "segmentio@analytics-python__603632f3__requests__aiohttp",
        ""
      ],
      "setup": {
        "outcome": "passed"
      },
      "call": {
        "outcome": "passed"
      },
      "teardown": {
        "outcome": "passed"
      }
    },
    {
      "nodeid": "segment/analytics/test/test_client.py::TestClient::test_debug",
      "lineno": 294,
      "outcome": "passed",
      "keywords": [
        "test_debug",
        "TestClient",
        "test_client.py",
        "test",
        "analytics",
        "segment",
        "segmentio@analytics-python__603632f3__requests__aiohttp",
        ""
      ],
      "setup": {
        "outcome": "passed"
      },
      "call": {
        "outcome": "passed"
      },
      "teardown": {
        "outcome": "passed",
        "stderr": "consumer is running...\n"
      }
    },
    {
      "nodeid": "segment/analytics/test/test_client.py::TestClient::test_default_timeout_15",
      "lineno": 340,
      "outcome": "passed",
      "keywords": [
        "test_default_timeout_15",
        "TestClient",
        "test_client.py",
        "test",
        "analytics",
        "segment",
        "segmentio@analytics-python__603632f3__requests__aiohttp",
        ""
      ],
      "setup": {
        "outcome": "passed"
      },
      "call": {
        "outcome": "passed"
      },
      "teardown": {
        "outcome": "passed"
      }
    },
    {
      "nodeid": "segment/analytics/test/test_client.py::TestClient::test_empty_flush",
      "lineno": 22,
      "outcome": "passed",
      "keywords": [
        "test_empty_flush",
        "TestClient",
        "test_client.py",
        "test",
        "analytics",
        "segment",
        "segmentio@analytics-python__603632f3__requests__aiohttp",
        ""
      ],
      "setup": {
        "outcome": "passed"
      },
      "call": {
        "outcome": "passed"
      },
      "teardown": {
        "outcome": "passed"
      }
    },
    {
      "nodeid": "segment/analytics/test/test_client.py::TestClient::test_flush",
      "lineno": 236,
      "outcome": "passed",
      "keywords": [
        "test_flush",
        "TestClient",
        "test_client.py",
        "test",
        "analytics",
        "segment",
        "segmentio@analytics-python__603632f3__requests__aiohttp",
        ""
      ],
      "setup": {
        "outcome": "passed"
      },
      "call": {
        "outcome": "passed"
      },
      "teardown": {
        "outcome": "passed"
      }
    },
    {
      "nodeid": "segment/analytics/test/test_client.py::TestClient::test_gzip",
      "lineno": 312,
      "outcome": "passed",
      "keywords": [
        "test_gzip",
        "TestClient",
        "test_client.py",
        "test",
        "analytics",
        "segment",
        "segmentio@analytics-python__603632f3__requests__aiohttp",
        ""
      ],
      "setup": {
        "outcome": "passed"
      },
      "call": {
        "outcome": "passed"
      },
      "teardown": {
        "outcome": "passed"
      }
    },
    {
      "nodeid": "segment/analytics/test/test_client.py::TestClient::test_identify_with_date_object",
      "lineno": 298,
      "outcome": "passed",
      "keywords": [
        "test_identify_with_date_object",
        "TestClient",
        "test_client.py",
        "test",
        "analytics",
        "segment",
        "segmentio@analytics-python__603632f3__requests__aiohttp",
        ""
      ],
      "setup": {
        "outcome": "passed"
      },
      "call": {
        "outcome": "passed"
      },
      "teardown": {
        "outcome": "passed"
      }
    },
    {
      "nodeid": "segment/analytics/test/test_client.py::TestClient::test_numeric_user_id",
      "lineno": 289,
      "outcome": "passed",
      "keywords": [
        "test_numeric_user_id",
        "TestClient",
        "test_client.py",
        "test",
        "analytics",
        "segment",
        "segmentio@analytics-python__603632f3__requests__aiohttp",
        ""
      ],
      "setup": {
        "outcome": "passed"
      },
      "call": {
        "outcome": "passed"
      },
      "teardown": {
        "outcome": "passed"
      }
    },
    {
      "nodeid": "segment/analytics/test/test_client.py::TestClient::test_overflow",
      "lineno": 268,
      "outcome": "passed",
      "keywords": [
        "test_overflow",
        "TestClient",
        "test_client.py",
        "test",
        "analytics",
        "segment",
        "segmentio@analytics-python__603632f3__requests__aiohttp",
        ""
      ],
      "setup": {
        "outcome": "passed"
      },
      "call": {
        "outcome": "passed",
        "stderr": "analytics-python queue is full\nanalytics-python queue is full\nanalytics-python queue is full\nanalytics-python queue is full\nanalytics-python queue is full\nanalytics-python queue is full\nanalytics-python queue is full\nanalytics-python queue is full\nanalytics-python queue is full\nanalytics-python queue is full\n"
      },
      "teardown": {
        "outcome": "passed"
      }
    },
    {
      "nodeid": "segment/analytics/test/test_client.py::TestClient::test_proxies",
      "lineno": 345,
      "outcome": "passed",
      "keywords": [
        "test_proxies",
        "TestClient",
        "test_client.py",
        "test",
        "analytics",
        "segment",
        "segmentio@analytics-python__603632f3__requests__aiohttp",
        ""
      ],
      "setup": {
        "outcome": "passed"
      },
      "call": {
        "outcome": "passed"
      },
      "teardown": {
        "outcome": "passed"
      }
    },
    {
      "nodeid": "segment/analytics/test/test_client.py::TestClient::test_requires_write_key",
      "lineno": 19,
      "outcome": "passed",
      "keywords": [
        "test_requires_write_key",
        "TestClient",
        "test_client.py",
        "test",
        "analytics",
        "segment",
        "segmentio@analytics-python__603632f3__requests__aiohttp",
        ""
      ],
      "setup": {
        "outcome": "passed"
      },
      "call": {
        "outcome": "passed"
      },
      "teardown": {
        "outcome": "passed"
      }
    },
    {
      "nodeid": "segment/analytics/test/test_client.py::TestClient::test_shutdown",
      "lineno": 247,
      "outcome": "passed",
      "keywords": [
        "test_shutdown",
        "TestClient",
        "test_client.py",
        "test",
        "analytics",
        "segment",
        "segmentio@analytics-python__603632f3__requests__aiohttp",
        ""
      ],
      "setup": {
        "outcome": "passed"
      },
      "call": {
        "outcome": "passed"
      },
      "teardown": {
        "outcome": "passed"
      }
    },
    {
      "nodeid": "segment/analytics/test/test_client.py::TestClient::test_stringifies_anonymous_id",
      "lineno": 52,
      "outcome": "passed",
      "keywords": [
        "test_stringifies_anonymous_id",
        "TestClient",
        "test_client.py",
        "test",
        "analytics",
        "segment",
        "segmentio@analytics-python__603632f3__requests__aiohttp",
        ""
      ],
      "setup": {
        "outcome": "passed"
      },
      "call": {
        "outcome": "passed"
      },
      "teardown": {
        "outcome": "passed"
      }
    },
    {
      "nodeid": "segment/analytics/test/test_client.py::TestClient::test_stringifies_user_id",
      "lineno": 39,
      "outcome": "passed",
      "keywords": [
        "test_stringifies_user_id",
        "TestClient",
        "test_client.py",
        "test",
        "analytics",
        "segment",
        "segmentio@analytics-python__603632f3__requests__aiohttp",
        ""
      ],
      "setup": {
        "outcome": "passed"
      },
      "call": {
        "outcome": "passed"
      },
      "teardown": {
        "outcome": "passed"
      }
    },
    {
      "nodeid": "segment/analytics/test/test_client.py::TestClient::test_success_on_invalid_write_key",
      "lineno": 280,
      "outcome": "passed",
      "keywords": [
        "test_success_on_invalid_write_key",
        "TestClient",
        "test_client.py",
        "test",
        "analytics",
        "segment",
        "segmentio@analytics-python__603632f3__requests__aiohttp",
        ""
      ],
      "setup": {
        "outcome": "passed"
      },
      "call": {
        "outcome": "passed"
      },
      "teardown": {
        "outcome": "passed"
      }
    },
    {
      "nodeid": "segment/analytics/test/test_client.py::TestClient::test_synchronous",
      "lineno": 260,
      "outcome": "passed",
      "keywords": [
        "test_synchronous",
        "TestClient",
        "test_client.py",
        "test",
        "analytics",
        "segment",
        "segmentio@analytics-python__603632f3__requests__aiohttp",
        ""
      ],
      "setup": {
        "outcome": "passed"
      },
      "call": {
        "outcome": "passed"
      },
      "teardown": {
        "outcome": "passed"
      }
    },
    {
      "nodeid": "segment/analytics/test/test_client.py::TestClient::test_unicode",
      "lineno": 286,
      "outcome": "passed",
      "keywords": [
        "test_unicode",
        "TestClient",
        "test_client.py",
        "test",
        "analytics",
        "segment",
        "segmentio@analytics-python__603632f3__requests__aiohttp",
        ""
      ],
      "setup": {
        "outcome": "passed"
      },
      "call": {
        "outcome": "passed"
      },
      "teardown": {
        "outcome": "passed"
      }
    },
    {
      "nodeid": "segment/analytics/test/test_client.py::TestClient::test_user_defined_timeout",
      "lineno": 335,
      "outcome": "passed",
      "keywords": [
        "test_user_defined_timeout",
        "TestClient",
        "test_client.py",
        "test",
        "analytics",
        "segment",
        "segmentio@analytics-python__603632f3__requests__aiohttp",
        ""
      ],
      "setup": {
        "outcome": "passed"
      },
      "call": {
        "outcome": "passed"
      },
      "teardown": {
        "outcome": "passed"
      }
    },
    {
      "nodeid": "segment/analytics/test/test_client.py::TestClient::test_user_defined_upload_size",
      "lineno": 319,
      "outcome": "passed",
      "keywords": [
        "test_user_defined_upload_size",
        "TestClient",
        "test_client.py",
        "test",
        "analytics",
        "segment",
        "segmentio@analytics-python__603632f3__requests__aiohttp",
        ""
      ],
      "setup": {
        "outcome": "passed"
      },
      "call": {
        "outcome": "passed"
      },
      "teardown": {
        "outcome": "passed"
      }
    },
    {
      "nodeid": "segment/analytics/test/test_consumer.py::TestConsumer::test_dropping_oversize_msg",
      "lineno": 32,
      "outcome": "passed",
      "keywords": [
        "test_dropping_oversize_msg",
        "TestConsumer",
        "test_consumer.py",
        "test",
        "analytics",
        "segment",
        "segmentio@analytics-python__603632f3__requests__aiohttp",
        ""
      ],
      "setup": {
        "outcome": "passed"
      },
      "call": {
        "outcome": "passed",
        "stderr": "Item exceeds 32kb limit, dropping. ({'m': 'xxxxxxxxxxxxxxxxxxxxxxxxxxxxxxxxxxxxxxxxxxxxxxxxxxxxxxxxxxxxxxxxxxxxxxxxxxxxxxxxxxxxxxxxxxxxxxxxxxxxxxxxxxxxxxxxxxxxxxxxxxxxxxxxxxxxxxxxxxxxxxxxxxxxxxxxxxxxxxxxxxxxxxxxxxxxxxxxxxxxxxxxxxxxxxxxxxxxxxxxxxxxxxxxxxxxxxxxxxxxxxxxxxxxxxxxxxxxxxxxxxxxxxxxxxxxxxxxxxxxxxxxxxxxxxxxxxxxxxxxxxxxxxxxxxxxxxxxxxxxxxxxxxxxxxxxxxxxxxxxxxxxxxxxxxxxxxxxxxxxxxxxxxxxxxxxxxxxxxxxxxxxxxxxxxxxxxxxxxxxxxxxxxxxxxxxxxxxxxxxxxxxxxxxxxxxxxxxxxxxxxxxxxxxxxxxxxxxxxxxxxxxxxxxxxxxxxxxxxxxxxxxxxxxxxxxxxxxxxxxxxxxxxxxxxxxxxxxxxxxxxxxxxxxxxxxxxxxxxxxxxxxxxxxxxxxxxxxxxxxxxxxxxxxxxxxxxxxxxxxxxxxxxxxxxxxxxxxxxxxxxxxxxxxxxxxxxxxxxxxxxxxxxxxxxxxxxxxxxxxxxxxxxxxxxxxxxxxxxxxxxxxxxxxxxxxxxxxxxxxxxxxxxxxxxxxxxxxxxxxxxxxxxxxxxxxxxxxxxxxxxxxxxxxxxxxxxxxxxxxxxxxxxxxxxxxxxxxxxxxxxxxxxxxxxxxxxxxxxxxxxxxxxxxxxxxxxxxxxxxxxxxxxxxxxxxxxxxxxxxxxxxxxxxxxxxxxxxxxxxxxxxxxxxxxxxxxxxxxxxxxxxxxxxxxxxxxxxxxxxxxxxxxxxxxxxxxxxxxxxxxxxxxxxxxxxxxxxxxxxxxxxxxxxxxxxxxxxxxxxxxxxxxxxxxxxxxxxxxxxxxxxxxxxxxxxxxxxxxxxxxxxxxxxxxxxxxxxxxxxxxxxxxxxxxxxxxxxxxxxxxxxxxxxxxxxxxxxxxxxxxxxxxxxxxxxxxxxxxxxxxxxxxxxxxxxxxxxxxxxxxxxxxxxxxxxxxxxxxxxxxxxxxxxxxxxxxxxxxxxxxxxxxxxxxxxxxxxxxxxxxxxxxxxxxxxxxxxxxxxxxxxxxxxxxxxxxxxxxxxxxxxxxxxxxxxxxxxxxxxxxxxxxxxxxxxxxxxxxxxxxxxxxxxxxxxxxxxxxxxxxxxxxxxxxxxxxxxxxxxxxxxxxxxxxxxxxxxxxxxxxxxxxxxxxxxxxxxxxxxxxxxxxxxxxxxxxxxxxxxxxxxxxxxxxxxxxxxxxxxxxxxxxxxxxxxxxxxxxxxxxxxxxxxxxxxxxxxxxxxxxxxxxxxxxxxxxxxxxxxxxxxxxxxxxxxxxxxxxxxxxxxxxxxxxxxxxxxxxxxxxxxxxxxxxxxxxxxxxxxxxxxxxxxxxxxxxxxxxxxxxxxxxxxxxxxxxxxxxxxxxxxxxxxxxxxxxxxxxxxxxxxxxxxxxxxxxxxxxxxxxxxxxxxxxxxxxxxxxxxxxxxxxxxxxxxxxxxxxxxxxxxxxxxxxxxxxxxxxxxxxxxxxxxxxxxxxxxxxxxxxxxxxxxxxxxxxxxxxxxxxxxxxxxxxxxxxxxxxxxxxxxxxxxxxxxxxxxxxxxxxxxxxxxxxxxxxxxxxxxxxxxxxxxxxxxxxxxxxxxxxxxxxxxxxxxxxxxxxxxxxxxxxxxxxxxxxxxxxxxxxxxxxxxxxxxxxxxxxxxxxxxxxxxxxxxxxxxxxxxxxxxxxxxxxxxxxxxxxxxxxxxxxxxxxxxxxxxxxxxxxxxxxxxxxxxxxxxxxxxxxxxxxxxxxxxxxxxxxxxxxxxxxxxxxxxxxxxxxxxxxxxxxxxxxxxxxxxxxxxxxxxxxxxxxxxxxxxxxxxxxxxxxxxxxxxxxxxxxxxxxxxxxxxxxxxxxxxxxxxxxxxxxxxxxxxxxxxxxxxxxxxxxxxxxxxxxxxxxxxxxxxxxxxxxxxxxxxxxxxxxxxxxxxxxxxxxxxxxxxxxxxxxxxxxxxxxxxxxxxxxxxxxxxxxxxxxxxxxxxxxxxxxxxxxxxxxxxxxxxxxxxxxxxxxxxxxxxxxxxxxxxxxxxxxxxxxxxxxxxxxxxxxxxxxxxxxxxxxxxxxxxxxxxxxxxxxxxxxxxxxxxxxxxxxxxxxxxxxxxxxxxxxxxxxxxxxxxxxxxxxxxxxxxxxxxxxxxxxxxxxxxxxxxxxxxxxxxxxxxxxxxxxxxxxxxxxxxxxxxxxxxxxxxxxxxxxxxxxxxxxxxxxxxxxxxxxxxxxxxxxxxxxxxxxxxxxxxxxxxxxxxxxxxxxxxxxxxxxxxxxxxxxxxxxxxxxxxxxxxxxxxxxxxxxxxxxxxxxxxxxxxxxxxxxxxxxxxxxxxxxxxxxxxxxxxxxxxxxxxxxxxxxxxxxxxxxxxxxxxxxxxxxxxxxxxxxxxxxxxxxxxxxxxxxxxxxxxxxxxxxxxxxxxxxxxxxxxxxxxxxxxxxxxxxxxxxxxxxxxxxxxxxxxxxxxxxxxxxxxxxxxxxxxxxxxxxxxxxxxxxxxxxxxxxxxxxxxxxxxxxxxxxxxxxxxxxxxxxxxxxxxxxxxxxxxxxxxxxxxxxxxxxxxxxxxxxxxxxxxxxxxxxxxxxxxxxxxxxxxxxxxxxxxxxxxxxxxxxxxxxxxxxxxxxxxxxxxxxxxxxxxxxxxxxxxxxxxxxxxxxxxxxxxxxxxxxxxxxxxxxxxxxxxxxxxxxxxxxxxxxxxxxxxxxxxxxxxxxxxxxxxxxxxxxxxxxxxxxxxxxxxxxxxxxxxxxxxxxxxxxxxxxxxxxxxxxxxxxxxxxxxxxxxxxxxxxxxxxxxxxxxxxxxxxxxxxxxxxxxxxxxxxxxxxxxxxxxxxxxxxxxxxxxxxxxxxxxxxxxxxxxxxxxxxxxxxxxxxxxxxxxxxxxxxxxxxxxxxxxxxxxxxxxxxxxxxxxxxxxxxxxxxxxxxxxxxxxxxxxxxxxxxxxxxxxxxxxxxxxxxxxxxxxxxxxxxxxxxxxxxxxxxxxxxxxxxxxxxxxxxxxxxxxxxxxxxxxxxxxxxxxxxxxxxxxxxxxxxxxxxxxxxxxxxxxxxxxxxxxxxxxxxxxxxxxxxxxxxxxxxxxxxxxxxxxxxxxxxxxxxxxxxxxxxxxxxxxxxxxxxxxxxxxxxxxxxxxxxxxxxxxxxxxxxxxxxxxxxxxxxxxxxxxxxxxxxxxxxxxxxxxxxxxxxxxxxxxxxxxxxxxxxxxxxxxxxxxxxxxxxxxxxxxxxxxxxxxxxxxxxxxxxxxxxxxxxxxxxxxxxxxxxxxxxxxxxxxxxxxxxxxxxxxxxxxxxxxxxxxxxxxxxxxxxxxxxxxxxxxxxxxxxxxxxxxxxxxxxxxxxxxxxxxxxxxxxxxxxxxxxxxxxxxxxxxxxxxxxxxxxxxxxxxxxxxxxxxxxxxxxxxxxxxxxxxxxxxxxxxxxxxxxxxxxxxxxxxxxxxxxxxxxxxxxxxxxxxxxxxxxxxxxxxxxxxxxxxxxxxxxxxxxxxxxxxxxxxxxxxxxxxxxxxxxxxxxxxxxxxxxxxxxxxxxxxxxxxxxxxxxxxxxxxxxxxxxxxxxxxxxxxxxxxxxxxxxxxxxxxxxxxxxxxxxxxxxxxxxxxxxxxxxxxxxxxxxxxxxxxxxxxxxxxxxxxxxxxxxxxxxxxxxxxxxxxxxxxxxxxxxxxxxxxxxxxxxxxxxxxxxxxxxxxxxxxxxxxxxxxxxxxxxxxxxxxxxxxxxxxxxxxxxxxxxxxxxxxxxxxxxxxxxxxxxxxxxxxxxxxxxxxxxxxxxxxxxxxxxxxxxxxxxxxxxxxxxxxxxxxxxxxxxxxxxxxxxxxxxxxxxxxxxxxxxxxxxxxxxxxxxxxxxxxxxxxxxxxxxxxxxxxxxxxxxxxxxxxxxxxxxxxxxxxxxxxxxxxxxxxxxxxxxxxxxxxxxxxxxxxxxxxxxxxxxxxxxxxxxxxxxxxxxxxxxxxxxxxxxxxxxxxxxxxxxxxxxxxxxxxxxxxxxxxxxxxxxxxxxxxxxxxxxxxxxxxxxxxxxxxxxxxxxxxxxxxxxxxxxxxxxxxxxxxxxxxxxxxxxxxxxxxxxxxxxxxxxxxxxxxxxxxxxxxxxxxxxxxxxxxxxxxxxxxxxxxxxxxxxxxxxxxxxxxxxxxxxxxxxxxxxxxxxxxxxxxxxxxxxxxxxxxxxxxxxxxxxxxxxxxxxxxxxxxxxxxxxxxxxxxxxxxxxxxxxxxxxxxxxxxxxxxxxxxxxxxxxxxxxxxxxxxxxxxxxxxxxxxxxxxxxxxxxxxxxxxxxxxxxxxxxxxxxxxxxxxxxxxxxxxxxxxxxxxxxxxxxxxxxxxxxxxxxxxxxxxxxxxxxxxxxxxxxxxxxxxxxxxxxxxxxxxxxxxxxxxxxxxxxxxxxxxxxxxxxxxxxxxxxxxxxxxxxxxxxxxxxxxxxxxxxxxxxxxxxxxxxxxxxxxxxxxxxxxxxxxxxxxxxxxxxxxxxxxxxxxxxxxxxxxxxxxxxxxxxxxxxxxxxxxxxxxxxxxxxxxxxxxxxxxxxxxxxxxxxxxxxxxxxxxxxxxxxxxxxxxxxxxxxxxxxxxxxxxxxxxxxxxxxxxxxxxxxxxxxxxxxxxxxxxxxxxxxxxxxxxxxxxxxxxxxxxxxxxxxxxxxxxxxxxxxxxxxxxxxxxxxxxxxxxxxxxxxxxxxxxxxxxxxxxxxxxxxxxxxxxxxxxxxxxxxxxxxxxxxxxxxxxxxxxxxxxxxxxxxxxxxxxxxxxxxxxxxxxxxxxxxxxxxxxxxxxxxxxxxxxxxxxxxxxxxxxxxxxxxxxxxxxxxxxxxxxxxxxxxxxxxxxxxxxxxxxxxxxxxxxxxxxxxxxxxxxxxxxxxxxxxxxxxxxxxxxxxxxxxxxxxxxxxxxxxxxxxxxxxxxxxxxxxxxxxxxxxxxxxxxxxxxxxxxxxxxxxxxxxxxxxxxxxxxxxxxxxxxxxxxxxxxxxxxxxxxxxxxxxxxxxxxxxxxxxxxxxxxxxxxxxxxxxxxxxxxxxxxxxxxxxxxxxxxxxxxxxxxxxxxxxxxxxxxxxxxxxxxxxxxxxxxxxxxxxxxxxxxxxxxxxxxxxxxxxxxxxxxxxxxxxxxxxxxxxxxxxxxxxxxxxxxxxxxxxxxxxxxxxxxxxxxxxxxxxxxxxxxxxxxxxxxxxxxxxxxxxxxxxxxxxxxxxxxxxxxxxxxxxxxxxxxxxxxxxxxxxxxxxxxxxxxxxxxxxxxxxxxxxxxxxxxxxxxxxxxxxxxxxxxxxxxxxxxxxxxxxxxxxxxxxxxxxxxxxxxxxxxxxxxxxxxxxxxxxxxxxxxxxxxxxxxxxxxxxxxxxxxxxxxxxxxxxxxxxxxxxxxxxxxxxxxxxxxxxxxxxxxxxxxxxxxxxxxxxxxxxxxxxxxxxxxxxxxxxxxxxxxxxxxxxxxxxxxxxxxxxxxxxxxxxxxxxxxxxxxxxxxxxxxxxxxxxxxxxxxxxxxxxxxxxxxxxxxxxxxxxxxxxxxxxxxxxxxxxxxxxxxxxxxxxxxxxxxxxxxxxxxxxxxxxxxxxxxxxxxxxxxxxxxxxxxxxxxxxxxxxxxxxxxxxxxxxxxxxxxxxxxxxxxxxxxxxxxxxxxxxxxxxxxxxxxxxxxxxxxxxxxxxxxxxxxxxxxxxxxxxxxxxxxxxxxxxxxxxxxxxxxxxxxxxxxxxxxxxxxxxxxxxxxxxxxxxxxxxxxxxxxxxxxxxxxxxxxxxxxxxxxxxxxxxxxxxxxxxxxxxxxxxxxxxxxxxxxxxxxxxxxxxxxxxxxxxxxxxxxxxxxxxxxxxxxxxxxxxxxxxxxxxxxxxxxxxxxxxxxxxxxxxxxxxxxxxxxxxxxxxxxxxxxxxxxxxxxxxxxxxxxxxxxxxxxxxxxxxxxxxxxxxxxxxxxxxxxxxxxxxxxxxxxxxxxxxxxxxxxxxxxxxxxxxxxxxxxxxxxxxxxxxxxxxxxxxxxxxxxxxxxxxxxxxxxxxxxxxxxxxxxxxxxxxxxxxxxxxxxxxxxxxxxxxxxxxxxxxxxxxxxxxxxxxxxxxxxxxxxxxxxxxxxxxxxxxxxxxxxxxxxxxxxxxxxxxxxxxxxxxxxxxxxxxxxxxxxxxxxxxxxxxxxxxxxxxxxxxxxxxxxxxxxxxxxxxxxxxxxxxxxxxxxxxxxxxxxxxxxxxxxxxxxxxxxxxxxxxxxxxxxxxxxxxxxxxxxxxxxxxxxxxxxxxxxxxxxxxxxxxxxxxxxxxxxxxxxxxxxxxxxxxxxxxxxxxxxxxxxxxxxxxxxxxxxxxxxxxxxxxxxxxxxxxxxxxxxxxxxxxxxxxxxxxxxxxxxxxxxxxxxxxxxxxxxxxxxxxxxxxxxxxxxxxxxxxxxxxxxxxxxxxxxxxxxxxxxxxxxxxxxxxxxxxxxxxxxxxxxxxxxxxxxxxxxxxxxxxxxxxxxxxxxxxxxxxxxxxxxxxxxxxxxxxxxxxxxxxxxxxxxxxxxxxxxxxxxxxxxxxxxxxxxxxxxxxxxxxxxxxxxxxxxxxxxxxxxxxxxxxxxxxxxxxxxxxxxxxxxxxxxxxxxxxxxxxxxxxxxxxxxxxxxxxxxxxxxxxxxxxxxxxxxxxxxxxxxxxxxxxxxxxxxxxxxxxxxxxxxxxxxxxxxxxxxxxxxxxxxxxxxxxxxxxxxxxxxxxxxxxxxxxxxxxxxxxxxxxxxxxxxxxxxxxxxxxxxxxxxxxxxxxxxxxxxxxxxxxxxxxxxxxxxxxxxxxxxxxxxxxxxxxxxxxxxxxxxxxxxxxxxxxxxxxxxxxxxxxxxxxxxxxxxxxxxxxxxxxxxxxxxxxxxxxxxxxxxxxxxxxxxxxxxxxxxxxxxxxxxxxxxxxxxxxxxxxxxxxxxxxxxxxxxxxxxxxxxxxxxxxxxxxxxxxxxxxxxxxxxxxxxxxxxxxxxxxxxxxxxxxxxxxxxxxxxxxxxxxxxxxxxxxxxxxxxxxxxxxxxxxxxxxxxxxxxxxxxxxxxxxxxxxxxxxxxxxxxxxxxxxxxxxxxxxxxxxxxxxxxxxxxxxxxxxxxxxxxxxxxxxxxxxxxxxxxxxxxxxxxxxxxxxxxxxxxxxxxxxxxxxxxxxxxxxxxxxxxxxxxxxxxxxxxxxxxxxxxxxxxxxxxxxxxxxxxxxxxxxxxxxxxxxxxxxxxxxxxxxxxxxxxxxxxxxxxxxxxxxxxxxxxxxxxxxxxxxxxxxxxxxxxxxxxxxxxxxxxxxxxxxxxxxxxxxxxxxxxxxxxxxxxxxxxxxxxxxxxxxxxxxxxxxxxxxxxxxxxxxxxxxxxxxxxxxxxxxxxxxxxxxxxxxxxxxxxxxxxxxxxxxxxxxxxxxxxxxxxxxxxxxxxxxxxxxxxxxxxxxxxxxxxxxxxxxxxxxxxxxxxxxxxxxxxxxxxxxxxxxxxxxxxxxxxxxxxxxxxxxxxxxxxxxxxxxxxxxxxxxxxxxxxxxxxxxxxxxxxxxxxxxxxxxxxxxxxxxxxxxxxxxxxxxxxxxxxxxxxxxxxxxxxxxxxxxxxxxxxxxxxxxxxxxxxxxxxxxxxxxxxxxxxxxxxxxxxxxxxxxxxxxxxxxxxxxxxxxxxxxxxxxxxxxxxxxxxxxxxxxxxxxxxxxxxxxxxxxxxxxxxxxxxxxxxxxxxxxxxxxxxxxxxxxxxxxxxxxxxxxxxxxxxxxxxxxxxxxxxxxxxxxxxxxxxxxxxxxxxxxxxxxxxxxxxxxxxxxxxxxxxxxxxxxxxxxxxxxxxxxxxxxxxxxxxxxxxxxxxxxxxxxxxxxxxxxxxxxxxxxxxxxxxxxxxxxxxxxxxxxxxxxxxxxxxxxxxxxxxxxxxxxxxxxxxxxxxxxxxxxxxxxxxxxxxxxxxxxxxxxxxxxxxxxxxxxxxxxxxxxxxxxxxxxxxxxxxxxxxxxxxxxxxxxxxxxxxxxxxxxxxxxxxxxxxxxxxxxxxxxxxxxxxxxxxxxxxxxxxxxxxxxxxxxxxxxxxxxxxxxxxxxxxxxxxxxxxxxxxxxxxxxxxxxxxxxxxxxxxxxxxxxxxxxxxxxxxxxxxxxxxxxxxxxxxxxxxxxxxxxxxxxxxxxxxxxxxxxxxxxxxxxxxxxxxxxxxxxxxxxxxxxxxxxxxxxxxxxxxxxxxxxxxxxxxxxxxxxxxxxxxxxxxxxxxxxxxxxxxxxxxxxxxxxxxxxxxxxxxxxxxxxxxxxxxxxxxxxxxxxxxxxxxxxxxxxxxxxxxxxxxxxxxxxxxxxxxxxxxxxxxxxxxxxxxxxxxxxxxxxxxxxxxxxxxxxxxxxxxxxxxxxxxxxxxxxxxxxxxxxxxxxxxxxxxxxxxxxxxxxxxxxxxxxxxxxxxxxxxxxxxxxxxxxxxxxxxxxxxxxxxxxxxxxxxxxxxxxxxxxxxxxxxxxxxxxxxxxxxxxxxxxxxxxxxxxxxxxxxxxxxxxxxxxxxxxxxxxxxxxxxxxxxxxxxxxxxxxxxxxxxxxxxxxxxxxxxxxxxxxxxxxxxxxxxxxxxxxxxxxxxxxxxxxxxxxxxxxxxxxxxxxxxxxxxxxxxxxxxxxxxxxxxxxxxxxxxxxxxxxxxxxxxxxxxxxxxxxxxxxxxxxxxxxxxxxxxxxxxxxxxxxxxxxxxxxxxxxxxxxxxxxxxxxxxxxxxxxxxxxxxxxxxxxxxxxxxxxxxxxxxxxxxxxxxxxxxxxxxxxxxxxxxxxxxxxxxxxxxxxxxxxxxxxxxxxxxxxxxxxxxxxxxxxxxxxxxxxxxxxxxxxxxxxxxxxxxxxxxxxxxxxxxxxxxxxxxxxxxxxxxxxxxxxxxxxxxxxxxxxxxxxxxxxxxxxxxxxxxxxxxxxxxxxxxxxxxxxxxxxxxxxxxxxxxxxxxxxxxxxxxxxxxxxxxxxxxxxxxxxxxxxxxxxxxxxxxxxxxxxxxxxxxxxxxxxxxxxxxxxxxxxxxxxxxxxxxxxxxxxxxxxxxxxxxxxxxxxxxxxxxxxxxxxxxxxxxxxxxxxxxxxxxxxxxxxxxxxxxxxxxxxxxxxxxxxxxxxxxxxxxxxxxxxxxxxxxxxxxxxxxxxxxxxxxxxxxxxxxxxxxxxxxxxxxxxxxxxxxxxxxxxxxxxxxxxxxxxxxxxxxxxxxxxxxxxxxxxxxxxxxxxxxxxxxxxxxxxxxxxxxxxxxxxxxxxxxxxxxxxxxxxxxxxxxxxxxxxxxxxxxxxxxxxxxxxxxxxxxxxxxxxxxxxxxxxxxxxxxxxxxxxxxxxxxxxxxxxxxxxxxxxxxxxxxxxxxxxxxxxxxxxxxxxxxxxxxxxxxxxxxxxxxxxxxxxxxxxxxxxxxxxxxxxxxxxxxxxxxxxxxxxxxxxxxxxxxxxxxxxxxxxxxxxxxxxxxxxxxxxxxxxxxxxxxxxxxxxxxxxxxxxxxxxxxxxxxxxxxxxxxxxxxxxxxxxxxxxxxxxxxxxxxxxxxxxxxxxxxxxxxxxxxxxxxxxxxxxxxxxxxxxxxxxxxxxxxxxxxxxxxxxxxxxxxxxxxxxxxxxxxxxxxxxxxxxxxxxxxxxxxxxxxxxxxxxxxxxxxxxxxxxxxxxxxxxxxxxxxxxxxxxxxxxxxxxxxxxxxxxxxxxxxxxxxxxxxxxxxxxxxxxxxxxxxxxxxxxxxxxxxxxxxxxxxxxxxxxxxxxxxxxxxxxxxxxxxxxxxxxxxxxxxxxxxxxxxxxxxxxxxxxxxxxxxxxxxxxxxxxxxxxxxxxxxxxxxxxxxxxxxxxxxxxxxxxxxxxxxxxxxxxxxxxxxxxxxxxxxxxxxxxxxxxxxxxxxxxxxxxxxxxxxxxxxxxxxxxxxxxxxxxxxxxxxxxxxxxxxxxxxxxxxxxxxxxxxxxxxxxxxxxxxxxxxxxxxxxxxxxxxxxxxxxxxxxxxxxxxxxxxxxxxxxxxxxxxxxxxxxxxxxxxxxxxxxxxxxxxxxxxxxxxxxxxxxxxxxxxxxxxxxxxxxxxxxxxxxxxxxxxxxxxxxxxxxxxxxxxxxxxxxxxxxxxxxxxxxxxxxxxxxxxxxxxxxxxxxxxxxxxxxxxxxxxxxxxxxxxxxxxxxxxxxxxxxxxxxxxxxxxxxxxxxxxxxxxxxxxxxxxxxxxxxxxxxxxxxxxxxxxxxxxxxxxxxxxxxxxxxxxxxxxxxxxxxxxxxxxxxxxxxxxxxxxxxxxxxxxxxxxxxxxxxxxxxxxxxxxxxxxxxxxxxxxxxxxxxxxxxxxxxxxxxxxxxxxxxxxxxxxxxxxxxxxxxxxxxxxxxxxxxxxxxxxxxxxxxxxxxxxxxxxxxxxxxxxxxxxxxxxxxxxxxxxxxxxxxxxxxxxxxxxxxxxxxxxxxxxxxxxxxxxxxxxxxxxxxxxxxxxxxxxxxxxxxxxxxxxxxxxxxxxxxxxxxxxxxxxxxxxxxxxxxxxxxxxxxxxxxxxxxxxxxxxxxxxxxxxxxxxxxxxxxxxxxxxxxxxxxxxxxxxxxxxxxxxxxxxxxxxxxxxxxxxxxxxxxxxxxxxxxxxxxxxxxxxxxxxxxxxxxxxxxxxxxxxxxxxxxxxxxxxxxxxxxxxxxxxxxxxxxxxxxxxxxxxxxxxxxxxxxxxxxxxxxxxxxxxxxxxxxxxxxxxxxxxxxxxxxxxxxxxxxxxxxxxxxxxxxxxxxxxxxxxxxxxxxxxxxxxxxxxxxxxxxxxxxxxxxxxxxxxxxxxxxxxxxxxxxxxxxxxxxxxxxxxxxxxxxxxxxxxxxxxxxxxxxxxxxxxxxxxxxxxxxxxxxxxxxxxxxxxxxxxxxxxxxxxxxxxxxxxxxxxxxxxxxxxxxxxxxxxxxxxxxxxxxxxxxxxxxxxxxxxxxxxxxxxxxxxxxxxxxxxxxxxxxxxxxxxxxxxxxxxxxxxxxxxxxxxxxxxxxxxxxxxxxxxxxxxxxxxxxxxxxxxxxxxxxxxxxxxxxxxxxxxxxxxxxxxxxxxxxxxxxxxxxxxxxxxxxxxxxxxxxxxxxxxxxxxxxxxxxxxxxxxxxxxxxxxxxxxxxxxxxxxxxxxxxxxxxxxxxxxxxxxxxxxxxxxxxxxxxxxxxxxxxxxxxxxxxxxxxxxxxxxxxxxxxxxxxxxxxxxxxxxxxxxxxxxxxxxxxxxxxxxxxxxxxxxxxxxxxxxxxxxxxxxxxxxxxxxxxxxxxxxxxxxxxxxxxxxxxxxxxxxxxxxxxxxxxxxxxxxxxxxxxxxxxxxxxxxxxxxxxxxxxxxxxxxxxxxxxxxxxxxxxxxxxxxxxxxxxxxxxxxxxxxxxxxxxxxxxxxxxxxxxxxxxxxxxxxxxxxxxxxxxxxxxxxxxxxxxxxxxxxxxxxxxxxxxxxxxxxxxxxxxxxxxxxxxxxxxxxxxxxxxxxxxxxxxxxxxxxxxxxxxxxxxxxxxxxxxxxxxxxxxxxxxxxxxxxxxxxxxxxxxxxxxxxxxxxxxxxxxxxxxxxxxxxxxxxxxxxxxxxxxxxxxxxxxxxxxxxxxxxxxxxxxxxxxxxxxxxxxxxxxxxxxxxxxxxxxxxxxxxxxxxxxxxxxxxxxxxxxxxxxxxxxxxxxxxxxxxxxxxxxxxxxxxxxxxxxxxxxxxxxxxxxxxxxxxxxxxxxxxxxxxxxxxxxxxxxxxxxxxxxxxxxxxxxxxxxxxxxxxxxxxxxxxxxxxxxxxxxxxxxxxxxxxxxxxxxxxxxxxxxxxxxxxxxxxxxxxxxxxxxxxxxxxxxxxxxxxxxxxxxxxxxxxxxxxxxxxxxxxxxxxxxxxxxxxxxxxxxxxxxxxxxxxxxxxxxxxxxxxxxxxxxxxxxxxxxxxxxxxxxxxxxxxxxxxxxxxxxxxxxxxxxxxxxxxxxxxxxxxxxxxxxxxxxxxxxxxxxxxxxxxxxxxxxxxxxxxxxxxxxxxxxxxxxxxxxxxxxxxxxxxxxxxxxxxxxxxxxxxxxxxxxxxxxxxxxxxxxxxxxxxxxxxxxxxxxxxxxxxxxxxxxxxxxxxxxxxxxxxxxxxxxxxxxxxxxxxxxxxxxxxxxxxxxxxxxxxxxxxxxxxxxxxxxxxxxxxxxxxxxxxxxxxxxxxxxxxxxxxxxxxxxxxxxxxxxxxxxxxxxxxxxxxxxxxxxxxxxxxxxxxxxxxxxxxxxxxxxxxxxxxxxxxxxxxxxxxxxxxxxxxxxxxxxxxxxxxxxxxxxxxxxxxxxxxxxxxxxxxxxxxxxxxxxxxxxxxxxxxxxxxxxxxxxxxxxxxxxxxxxxxxxxxxxxxxxxxxxxxxxxxxxxxxxxxxxxxxxxxxxxxxxxxxxxxxxxxxxxxxxxxxxxxxxxxxxxxxxxxxxxxxxxxxxxxxxxxxxxxxxxxxxxxxxxxxxxxxxxxxxxxxxxxxxxxxxxxxxxxxxxxxxxxxxxxxxxxxxxxxxxxxxxxxxxxxxxxxxxxxxxxxxxxxxxxxxxxxxxxxxxxxxxxxxxxxxxxxxxxxxxxxxxxxxxxxxxxxxxxxxxxxxxxxxxxxxxxxxxxxxxxxxxxxxxxxxxxxxxxxxxxxxxxxxxxxxxxxxxxxxxxxxxxxxxxxxxxxxxxxxxxxxxxxxxxxxxxxxxxxxxxxxxxxxxxxxxxxxxxxxxxxxxxxxxxxxxxxxxxxxxxxxxxxxxxxxxxxxxxxxxxxxxxxxxxxxxxxxxxxxxxxxxxxxxxxxxxxxxxxxxxxxxxxxxxxxxxxxxxxxxxxxxxxxxxxxxxxxxxxxxxxxxxxxxxxxxxxxxxxxxxxxxxxxxxxxxxxxxxxxxxxxxxxxxxxxxxxxxxxxxxxxxxxxxxxxxxxxxxxxxxxxxxxxxxxxxxxxxxxxxxxxxxxxxxxxxxxxxxxxxxxxxxxxxxxxxxxxxxxxxxxxxxxxxxxxxxxxxxxxxxxxxxxxxxxxxxxxxxxxxxxxxxxxxxxxxxxxxxxxxxxxxxxxxxxxxxxxxxxxxxxxxxxxxxxxxxxxxxxxxxxxxxxxxxxxxxxxxxxxxxxxxxxxxxxxxxxxxxxxxxxxxxxxxxxxxxxxxxxxxxxxxxxxxxxxxxxxxxxxxxxxxxxxxxxxxxxxxxxxxxxxxxxxxxxxxxxxxxxxxxxxxxxxxxxxxxxxxxxxxxxxxxxxxxxxxxxxxxxxxxxxxxxxxxxxxxxxxxxxxxxxxxxxxxxxxxxxxxxxxxxxxxxxxxxxxxxxxxxxxxxxxxxxxxxxxxxxxxxxxxxxxxxxxxxxxxxxxxxxxxxxxxxxxxxxxxxxxxxxxxxxxxxxxxxxxxxxxxxxxxxxxxxxxxxxxxxxxxxxxxxxxxxxxxxxxxxxxxxxxxxxxxxxxxxxxxxxxxxxxxxxxxxxxxxxxxxxxxxxxxxxxxxxxxxxxxxxxxxxxxxxxxxxxxxxxxxxxxxxxxxxxxxxxxxxxxxxxxxxxxxxxxxxxxxxxxxxxxxxxxxxxxxxxxxxxxxxxxxxxxxxxxxxxxxxxxxxxxxxxxxxxxxxxxxxxxxxxxxxxxxxxxxxxxxxxxxxxxxxxxxxxxxxxxxxxxxxxxxxxxxxxxxxxxxxxxxxxxxxxxxxxxxxxxxxxxxxxxxxxxxxxxxxxxxxxxxxxxxxxxxxxxxxxxxxxxxxxxxxxxxxxxxxxxxxxxxxxxxxxxxxxxxxxxxxxxxxxxxxxxxxxxxxxxxxxxxxxxxxxxxxxxxxxxxxxxxxxxxxxxxxxxxxxxxxxxxxxxxxxxxxxxxxxxxxxxxxxxxxxxxxxxxxxxxxxxxxxxxxxxxxxxxxxxxxxxxxxxxxxxxxxxxxxxxxxxxxxxxxxxxxxxxxxxxxxxxxxxxxxxxxxxxxxxxxxxxxxxxxxxxxxxxxxxxxxxxxxxxxxxxxxxxxxxxxxxxxxxxxxxxxxxxxxxxxxxxxxxxxxxxxxxxxxxxxxxxxxxxxxxxxxxxxxxxxxxxxxxxxxxxxxxxxxxxxxxxxxxxxxxxxxxxxxxxxxxxxxxxxxxxxxxxxxxxxxxxxxxxxxxxxxxxxxxxxxxxxxxxxxxxxxxxxxxxxxxxxxxxxxxxxxxxxxxxxxxxxxxxxxxxxxxxxxxxxxxxxxxxxxxxxxxxxxxxxxxxxxxxxxxxxxxxxxxxxxxxxxxxxxxxxxxxxxxxxxxxxxxxxxxxxxxxxxxxxxxxxxxxxxxxxxxxxxxxxxxxxxxxxxxxxxxxxxxxxxxxxxxxxxxxxxxxxxxxxxxxxxxxxxxxxxxxxxxxxxxxxxxxxxxxxxxxxxxxxxxxxxxxxxxxxxxxxxxxxxxxxxxxxxxxxxxxxxxxxxxxxxxxxxxxxxxxxxxxxxxxxxxxxxxxxxxxxxxxxxxxxxxxxxxxxxxxxxxxxxxxxxxxxxxxxxxxxxxxxxxxxxxxxxxxxxxxxxxxxxxxxxxxxxxxxxxxxxxxxxxxxxxxxxxxxxxxxxxxxxxxxxxxxxxxxxxxxxxxxxxxxxxxxxxxxxxxxxxxxxxxxxxxxxxxxxxxxxxxxxxxxxxxxxxxxxxxxxxxxxxxxxxxxxxxxxxxxxxxxxxxxxxxxxxxxxxxxxxxxxxxxxxxxxxxxxxxxxxxxxxxxxxxxxxxxxxxxxxxxxxxxxxxxxxxxxxxxxxxxxxxxxxxxxxxxxxxxxxxxxxxxxxxxxxxxxxxxxxxxxxxxxxxxxxxxxxxxxxxxxxxxxxxxxxxxxxxxxxxxxxxxxxxxxxxxxxxxxxxxxxxxxxxxxxxxxxxxxxxxxxxxxxxxxxxxxxxxxxxxxxxxxxxxxxxxxxxxxxxxxxxxxxxxxxxxxxxxxxxxxxxxxxxxxxxxxxxxxxxxxxxxxxxxxxxxxxxxxxxxxxxxxxxxxxxxxxxxxxxxxxxxxxxxxxxxxxxxxxxxxxxxxxxxxxxxxxxxxxxxxxxxxxxxxxxxxxxxxxxxxxxxxxxxxxxxxxxxxxxxxxxxxxxxxxxxxxxxxxxxxxxxxxxxxxxxxxxxxxxxxxxxxxxxxxxxxxxxxxxxxxxxxxxxxxxxxxxxxxxxxxxxxxxxxxxxxxxxxxxxxxxxxxxxxxxxxxxxxxxxxxxxxxxxxxxxxxxxxxxxxxxxxxxxxxxxxxxxxxxxxxxxxxxxxxxxxxxxxxxxxxxxxxxxxxxxxxxxxxxxxxxxxxxxxxxxxxxxxxxxxxxxxxxxxxxxxxxxxxxxxxxxxxxxxxxxxxxxxxxxxxxxxxxxxxxxxxxxxxxxxxxxxxxxxxxxxxxxxxxxxxxxxxxxxxxxxxxxxxxxxxxxxxxxxxxxxxxxxxxxxxxxxxxxxxxxxxxxxxxxxxxxxxxxxxxxxxxxxxxxxxxxxxxxxxxxxxxxxxxxxxxxxxxxxxxxxxxxxxxxxxxxxxxxxxxxxxxxxxxxxxxxxxxxxxxxxxxxxxxxxxxxxxxxxxxxxxxxxxxxxxxxxxxxxxxxxxxxxxxxxxxxxxxxxxxxxxxxxxxxxxxxxxxxxxxxxxxxxxxxxxxxxxxxxxxxxxxxxxxxxxxxxxxxxxxxxxxxxxxxxxxxxxxxxxxxxxxxxxxxxxxxxxxxxxxxxxxxxxxxxxxxxxxxxxxxxxxxxxxxxxxxxxxxxxxxxxxxxxxxxxxxxxxxxxxxxxxxxxxxxxxxxxxxxxxxxxxxxxxxxxxxxxxxxxxxxxxxxxxxxxxxxxxxxxxxxxxxxxxxxxxxxxxxxxxxxxxxxxxxxxxxxxxxxxxxxxxxxxxxxxxxxxxxxxxxxxxxxxxxxxxxxxxxxxxxxxxxxxxxxxxxxxxxxxxxxxxxxxxxxxxxxxxxxxxxxxxxxxxxxxxxxxxxxxxxxxxxxxxxxxxxxxxxxxxxxxxxxxxxxxxxxxxxxxxxxxxxxxxxxxxxxxxxxxxxxxxxxxxxxxxxxxxxxxxxxxxxxxxxxxxxxxxxxxxxxxxxxxxxxxxxxxxxxxxxxxxxxxxxxxxxxxxxxxxxxxxxxxxxxxxxxxxxxxxxxxxxxxxxxxxxxxxxxxxxxxxxxxxxxxxxxxxxxxxxxxxxxxxxxxxxxxxxxxxxxxxxxxxxxxxxxxxxxxxxxxxxxxxxxxxxxxxxxxxxxxxxxxxxxxxxxxxxxxxxxxxxxxxxxxxxxxxxxxxxxxxxxxxxxxxxxxxxxxxxxxxxxxxxxxxxxxxxxxxxxxxxxxxxxxxxxxxxxxxxxxxxxxxxxxxxxxxxxxxxxxxxxxxxxxxxxxxxxxxxxxxxxxxxxxxxxxxxxxxxxxxxxxxxxxxxxxxxxxxxxxxxxxxxxxxxxxxxxxxxxxxxxxxxxxxxxxxxxxxxxxxxxxxxxxxxxxxxxxxxxxxxxxxxxxxxxxxxxxxxxxxxxxxxxxxxxxxxxxxxxxxxxxxxxxxxxxxxxxxxxxxxxxxxxxxxxxxxxxxxxxxxxxxxxxxxxxxxxxxxxxxxxxxxxxxxxxxxxxxxxxxxxxxxxxxxxxxxxxxxxxxxxxxxxxxxxxxxxxxxxxxxxxxxxxxxxxxxxxxxxxxxxxxxxxxxxxxxxxxxxxxxxxxxxxxxxxxxxxxxxxxxxxxxxxxxxxxxxxxxxxxxxxxxxxxxxxxxxxxxxxxxxxxxxxxxxxxxxxxxxxxxxxxxxxxxxxxxxxxxxxxxxxxxxxxxxxxxxxxxxxxxxxxxxxxxxxxxxxxxxxxxxxxxxxxxxxxxxxxxxxxxxxxxxxxxxxxxxxxxxxxxxxxxxxxxxxxxxxxxxxxxxxxxxxxxxxxxxxxxxxxxxxxxxxxxxxxxxxxxxxxxxxxxxxxxxxxxxxxxxxxxxxxxxxxxxxxxxxxxxxxxxxxxxxxxxxxxxxxxxxxxxxxxxxxxxxxxxxxxxxxxxxxxxxxxxxxxxxxxxxxxxxxxxxxxxxxxxxxxxxxxxxxxxxxxxxxxxxxxxxxxxxxxxxxxxxxxxxxxxxxxxxxxxxxxxxxxxxxxxxxxxxxxxxxxxxxxxxxxxxxxxxxxxxxxxxxxxxxxxxxxxxxxxxxxxxxxxxxxxxxxxxxxxxxxxxxxxxxxxxxxxxxxxxxxxxxxxxxxxxxxxxxxxxxxxxxxxxxxxxxxxxxxxxxxxxxxxxxxxxxxxxxxxxxxxxxxxxxxxxxxxxxxxxxxxxxxxxxxxxxxxxxxxxxxxxxxxxxxxxxxxxxxxxxxxxxxxxxxxxxxxxxxxxxxxxxxxxxxxxxxxxxxxxxxxxxxxxxxxxxxxxxxxxxxxxxxxxxxxxxxxxxxxxxxxxxxxxxxxxxxxxxxxxxxxxxxxxxxxxxxxxxxxxxxxxxxxxxxxxxxxxxxxxxxxxxxxxxxxxxxxxxxxxxxxxxxxxxxxxxxxxxxxxxxxxxxxxxxxxxxxxxxxxxxxxxxxxxxxxxxxxxxxxxxxxxxxxxxxxxxxxxxxxxxxxxxxxxxxxxxxxxxxxxxxxxxxxxxxxxxxxxxxxxxxxxxxxxxxxxxxxxxxxxxxxxxxxxxxxxxxxxxxxxxxxxxxxxxxxxxxxxxxxxxxxxxxxxxxxxxxxxxxxxxxxxxxxxxxxxxxxxxxxxxxxxxxxxxxxxxxxxxxxxxxxxxxxxxxxxxxxxxxxxxxxxxxxxxxxxxxxxxxxxxxxxxxxxxxxxxxxxxxxxxxxxxxxxxxxxxxxxxxxxxxxxxxxxxxxxxxxxxxxxxxxxxxxxxxxxxxxxxxxxxxxxxxxxxxxxxxxxxxxxxxxxxxxxxxxxxxxxxxxxxxxxxxxxxxxxxxxxxxxxxxxxxxxxxxxxxxxxxxxxxxxxxxxxxxxxxxxxxxxxxxxxxxxxxxxxxxxxxxxxxxxxxxxxxxxxxxxxxxxxxxxxxxxxxxxxxxxxxxxxxxxxxxxxxxxxxxxxxxxxxxxxxxxxxxxxxxxxxxxxxxxxxxxxxxxxxxxxxxxxxxxxxxxxxxxxxxxxxxxxxxxxxxxxxxxxxxxxxxxxxxxxxxxxxxxxxxxxxxxxxxxxxxxxxxxxxxxxxxxxxxxxxxxxxxxxxxxxxxxxxxxxxxxxxxxxxxxxxxxxxxxxxxxxxxxxxxxxxxxxxxxxxxxxxxxxxxxxxxxxxxxxxxxxxxxxxxxxxxxxxxxxxxxxxxxxxxxxxxxxxxxxxxxxxxxxxxxxxxxxxxxxxxxxxxxxxxxxxxxxxxxxxxxxxxxxxxxxxxxxxxxxxxxxxxxxxxxxxxxxxxxxxxxxxxxxxxxxxxxxxxxxxxxxxxxxxxxxxxxxxxxxxxxxxxxxxxxxxxxxxxxxxxxxxxxxxxxxxxxxxxxxxxxxxxxxxxxxxxxxxxxxxxxxxxxxxxxxxxxxxxxxxxxxxxxxxxxxxxxxxxxxxxxxxxxxxxxxxxxxxxxxxxxxxxxxxxxxxxxxxxxxxxxxxxxxxxxxxxxxxxxxxxxxxxxxxxxxxxxxxxxxxxxxxxxxxxxxxxxxxxxxxxxxxxxxxxxxxxxxxxxxxxxxxxxxxxxxxxxxxxxxxxxxxxxxxxxxxxxxxxxxxxxxxxxxxxxxxxxxxxxxxxxxxxxxxxxxxxxxxxxxxxxxxxxxxxxxxxxxxxxxxxxxxxxxxxxxxxxxxxxxxxxxxxxxxxxxxxxxxxxxxxxxxxxxxxxxxxxxxxxxxxxxxxxxxxxxxxxxxxxxxxxxxxxxxxxxxxxxxxxxxxxxxxxxxxxxxxxxxxxxxxxxxxxxxxxxxxxxxxxxxxxxxxxxxxxxxxxxxxxxxxxxxxxxxxxxxxxxxxxxxxxxxxxxxxxxxxxxxxxxxxxxxxxxxxxxxxxxxxxxxxxxxxxxxxxxxxxxxxxxxxxxxxxxxxxxxxxxxxxxxxxxxxxxxxxxxxxxxxxxxxxxxxxxxxxxxxxxxxxxxxxxxxxxxxxxxxxxxxxxxxxxxxxxxxxxxxxxxxxxxxxxxxxxxxxxxxxxxxxxxxxxxxxxxxxxxxxxxxxxxxxxxxxxxxxxxxxxxxxxxxxxxxxxxxxxxxxxxxxxxxxxxxxxxxxxxxxxxxxxxxxxxxxxxxxxxxxxxxxxxxxxxxxxxxxxxxxxxxxxxxxxxxxxxxxxxxxxxxxxxxxxxxxxxxxxxxxxxxxxxxxxxxxxxxxxxxxxxxxxxxxxxxxxxxxxxxxxxxxxxxxxxxxxxxxxxxxxxxxxxxxxxxxxxxxxxxxxxxxxxxxxxxxxxxxxxxxxxxxxxxxxxxxxxxxxxxxxxxxxxxxxxxxxxxxxxxxxxxxxxxxxxxxxxxxxxxxxxxxxxxxxxxxxxxxxxxxxxxxxxxxxxxxxxxxxxxxxxxxxxxxxxxxxxxxxxxxxxxxxxxxxxxxxxxxxxxxxxxxxxxxxxxxxxxxxxxxxxxxxxxxxxxxxxxxxxxxxxxxxxxxxxxxxxxxxxxxxxxxxxxxxxxxxxxxxxxxxxxxxxxxxxxxxxxxxxxxxxxxxxxxxxxxxxxxxxxxxxxxxxxxxxxxxxxxxxxxxxxxxxxxxxxxxxxxxxxxxxxxxxxxxxxxxxxxxxxxxxxxxxxxxxxxxxxxxxxxxxxxxxxxxxxxxxxxxxxxxxxxxxxxxxxxxxxxxxxxxxxxxxxxxxxxxxxxxxxxxxxxxxxxxxxxxxxxxxxxxxxxxxxxxxxxxxxxxxxxxxxxxxxxxxxxxxxxxxxxxxxxxxxxxxxxxxxxxxxxxxxxxxxxxxxxxxxxxxxxxxxxxxxxxxxxxxxxxxxxxxxxxxxxxxxxxxxxxxxxxxxxxxxxxxxxxxxxxxxxxxxxxxxxxxxxxxxxxxxxxxxxxxxxxxxxxxxxxxxxxxxxxxxxxxxxxxxxxxxxxxxxxxxxxxxxxxxxxxxxxxxxxxxxxxxxxxxxxxxxxxxxxxxxxxxxxxxxxxxxxxxxxxxxxxxxxxxxxxxxxxxxxxxxxxxxxxxxxxxxxxxxxxxxxxxxxxxxxxxxxxxxxxxxxxxxxxxxxxxxxxxxxxxxxxxxxxxxxxxxxxxxxxxxxxxxxxxxxxxxxxxxxxxxxxxxxxxxxxxxxxxxxxxxxxxxxxxxxxxxxxxxxxxxxxxxxxxxxxxxxxxxxxxxxxxxxxxxxxxxxxxxxxxxxxxxxxxxxxxxxxxxxxxxxxxxxxxxxxxxxxxxxxxxxxxxxxxxxxxxxxxxxxxxxxxxxxxxxxxxxxxxxxxxxxxxxxxxxxxxxxxxxxxxxxxxxxxxxxxxxxxxxxxxxxxxxxxxxxxxxxxxxxxxxxxxxxxxxxxxxxxxxxxxxxxxxxxxxxxxxxxxxxxxxxxxxxxxxxxxxxxxxxxxxxxxxxxxxxxxxxxxxxxxxxxxxxxxxxxxxxxxxxxxxxxxxxxxxxxxxxxxxxxxxxxxxxxxxxxxxxxxxxxxxxxxxxxxxxxxxxxxxxxxxxxxxxxxxxxxxxxxxxxxxxxxxxxxxxxxxxxxxxxxxxxxxxxxxxxxxxxxxxxxxxxxxxxxxxxxxxxxxxxxxxxxxxxxxxxxxxxxxxxxxxxxxxxxxxxxxxxxxxxxxxxxxxxxxxxxxxxxxxxxxxxxxxxxxxxxxxxxxxxxxxxxxxxxxxxxxxxxxxxxxxxxxxxxxxxxxxxxxxxxxxxxxxxxxxxxxxxxxxxxxxxxxxxxxxxxxxxxxxxxxxxxxxxxxxxxxxxxxxxxxxxxxxxxxxxxxxxxxxxxxxxxxxxxxxxxxxxxxxxxxxxxxxxxxxxxxxxxxxxxxxxxxxxxxxxxxxxxxxxxxxxxxxxxxxxxxxxxxxxxxxxxxxxxxxxxxxxxxxxxxxxxxxxxxxxxxxxxxxxxxxxxxxxxxxxxxxxxxxxxxxxxxxxxxxxxxxxxxxxxxxxxxxxxxxxxxxxxxxxxxxxxxxxxxxxxxxxxxxxxxxxxxxxxxxxxxxxxxxxxxxxxxxxxxxxxxxxxxxxxxxxxxxxxxxxxxxxxxxxxxxxxxxxxxxxxxxxxxxxxxxxxxxxxxxxxxxxxxxxxxxxxxxxxxxxxxxxxxxxxxxxxxxxxxxxxxxxxxxxxxxxxxxxxxxxxxxxxxxxxxxxxxxxxxxxxxxxxxxxxxxxxxxxxxxxxxxxxxxxxxxxxxxxxxxxxxxxxxxxxxxxxxxxxxxxxxxxxxxxxxxxxxxxxxxxxxxxxxxxxxxxxxxxxxxxxxxxxxxxxxxxxxxxxxxxxxxxxxxxxxxxxxxxxxxxxxxxxxxxxxxxxxxxxxxxxxxxxxxxxxxxxxxxxxxxxxxxxxxxxxxxxxxxxxxxxxxxxxxxxxxxxxxxxxxxxxxxxxxxxxxxxxxxxxxxxxxxxxxxxxxxxxxxxxxxxxxxxxxxxxxxxxxxxxxxxxxxxxxxxxxxxxxxxxxxxxxxxxxxxxxxxxxxxxxxxxxxxxxxxxxxxxxxxxxxxxxxxxxxxxxxxxxxxxxxxxxxxxxxxxxxxxxxxxxxxxxxxxxxxxxxxxxxxxxxxxxxxxxxxxxxxxxxxxxxxxxxxxxxxxxxxxxxxxxxxxxxxxxxxxxxxxxxxxxxxxxxxxxxxxxxxxxxxxxxxxxxxxxxxxxxxxxxxxxxxxxxxxxxxxxxxxxxxxxxxxxxxxxxxxxxxxxxxxxxxxxxxxxxxxxxxxxxxxxxxxxxxxxxxxxxxxxxxxxxxxxxxxxxxxxxxxxxxxxxxxxxxxxxxxxxxxxxxxxxxxxxxxxxxxxxxxxxxxxxxxxxxxxxxxxxxxxxxxxxxxxxxxxxxxxxxxxxxxxxxxxxxxxxxxxxxxxxxxxxxxxxxxxxxxxxxxxxxxxxxxxxxxxxxxxxxxxxxxxxxxxxxxxxxxxxxxxxxxxxxxxxxxxxxxxxxxxxxxxxxxxxxxxxxxxxxxxxxxxxxxxxxxxxxxxxxxxxxxxxxxxxxxxxxxxxxxxxxxxxxxxxxxxxxxxxxxxxxxxxxxxxxxxxxxxxxxxxxxxxxxxxxxxxxxxxxxxxxxxxxxxxxxxxxxxxxxxxxxxxxxxxxxxxxxxxxxxxxxxxxxxxxxxxxxxxxxxxxxxxxxxxxxxxxxxxxxxxxxxxxxxxxxxxxxxxxxxxxxxxxxxxxxxxxxxxxxxxxxxxxxxxxxxxxxxxxxxxxxxxxxxxxxxxxxxxxxxxxxxxxxxxxxxxxxxxxxxxxxxxxxxxxxxxxxxxxxxxxxxxxxxxxxxxxxxxxxxxxxxxxxxxxxxxxxxxxxxxxxxxxxxxxxxxxxxxxxxxxxxxxxxxxxxxxxxxxxxxxxxxxxxxxxxxxxxxxxxxxxxxxxxxxxxxxxxxxxxxxxxxxxxxxxxxxxxxxxxxxxxxxxxxxxxxxxxxxxxxxxxxxxxxxxxxxxxxxxxxxxxxxxxxxxxxxxxxxxxxxxxxxxxxxxxxxxxxxxxxxxxxxxxxxxxxxxxxxxxxxxxxxxxxxxxxxxxxxxxxxxxxxxxxxxxxxxxxxxxxxxxxxxxxxxxxxxxxxxxxxxxxxxxxxxxxxxxxxxxxxxxxxxxxxxxxxxxxxxxxxxxxxxxxxxxxxxxxxxxxxxxxxxxxxxxxxxxxxxxxxxxxxxxxxxxxxxxxxxxxxxxxxxxxxxxxxxxxxxxxxxxxxxxxxxxxxxxxxxxxxxxxxxxxxxxxxxxxxxxxxxxxxxxxxxxxxxxxxxxxxxxxxxxxxxxxxxxxxxxxxxxxxxxxxxxxxxxxxxxxxxxxxxxxxxxxxxxxxxxxxxxxxxxxxxxxxxxxxxxxxxxxxxxxxxxxxxxxxxxxxxxxxxxxxxxxxxxxxxxxxxxxxxxxxxxxxxxxxxxxxxxxxxxxxxxxxxxxxxxxxxxxxxxxxxxxxxxxxxxxxxxxxxxxxxxxxxxxxxxxxxxxxxxxxxxxxxxxxxxxxxxxxxxxxxxxxxxxxxxxxxxxxxxxxxxxxxxxxxxxxxxxxxxxxxxxxxxxxxxxxxxxxxxxxxxxxxxxxxxxxxxxxxxxxxxxxxxxxxxxxxxxxxxxxxxxxxxxxxxxxxxxxxxxxxxxxxxxxxxxxxxxxxxxxxxxxxxxxxxxxxxxxxxxxxxxxxxxxxxxxxxxxxxxxxxxxxxxxxxxxxxxxxxxxxxxxxxxxxxxxxxxxxxxxxxxxxxxxxxxxxxxxxxxxxxxxxxxxxxxxxxxxxxxxxxxxxxxxxxxxxxxxxxxxxxxxxxxxxxxxxxxxxxxxxxxxxxxxxxxxxxxxxxxxxxxxxxxxxxxxxxxxxxxxxxxxxxxxxxxxxxxxxxxxxxxxxxxxxxxxxxxxxxxxxxxxxxxxxxxxxxxxxxxxxxxxxxxxxxxxxxxxxxxxxxxxxxxxxxxxxxxxxxxxxxxxxxxxxxxxxxxxxxxxxxxxxxxxxxxxxxxxxxxxxxxxxxxxxxxxxxxxxxxxxxxxxxxxxxxxxxxxxxxxxxxxxxxxxxxxxxxxxxxxxxxxxxxxxxxxxxxxxxxxxxxxxxxxxxxxxxxxxxxxxxxxxxxxxxxxxxxxxxxxxxxxxxxxxxxxxxxxxxxxxxxxxxxxxxxxxxxxxxxxxxxxxxxxxxxxxxxxxxxxxxxxxxxxxxxxxxxxxxxxxxxxxxxxxxxxxxxxxxxxxxxxxxxxxxxxxxxxxxxxxxxxxxxxxxxxxxxxxxxxxxxxxxxxxxxxxxxxxxxxxxxxxxxxxxxxxxxxxxxxxxxxxxxxxxxxxxxxxxxxxxxxxxxxxxxxxxxxxxxxxxxxxxxxxxxxxxxxxxxxxxxxxxxxxxxxxxxxxxxxxxxxxxxxxxxxxxxxxxxxxxxxxxxxxxxxxxxxxxxxxxxxxxxxxxxxxxxxxxxxxxxxxxxxxxxxxxxxxxxxxxxxxxxxxxxxxxxxxxxxxxxxxxxxxxxxxxxxxxxxxxxxxxxxxxxxxxxxxxxxxxxxxxxxxxxxxxxxxxxxxxxxxxxxxxxxxxxxxxxxxxxxxxxxxxxxxxxxxxxxxxxxxxxxxxxxxxxxxxxxxxxxxxxxxxxxxxxxxxxxxxxxxxxxxxxxxxxxxxxxxxxxxxxxxxxxxxxxxxxxxxxxxxxxxxxxxxxxxxxxxxxxxxxxxxxxxxxxxxxxxxxxxxxxxxxxxxxxxxxxxxxxxxxxxxxxxxxxxxxxxxxxxxxxxxxxxxxxxxxxxxxxxxxxxxxxxxxxxxxxxxxxxxxxxxxxxxxxxxxxxxxxxxxxxxxxxxxxxxxxxxxxxxxxxxxxxxxxxxxxxxxxxxxxxxxxxxxxxxxxxxxxxxxxxxxxxxxxxxxxxxxxxxxxxxxxxxxxxxxxxxxxxxxxxxxxxxxxxxxxxxxxxxxxxxxxxxxxxxxxxxxxxxxxxxxxxxxxxxxxxxxxxxxxxxxxxxxxxxxxxxxxxxxxxxxxxxxxxxxxxxxxxxxxxxxxxxxxxxxxxxxxxxxxxxxxxxxxxxxxxxxxxxxxxxxxxxxxxxxxxxxxxxxxxxxxxxxxxxxxxxxxxxxxxxxxxxxxxxxxxxxxxxxxxxxxxxxxxxxxxxxxxxxxxxxxxxxxxxxxxxxxxxxxxxxxxxxxxxxxxxxxxxxxxxxxxxxxxxxxxxxxxxxxxxxxxxxxxxxxxxxxxxxxxxxxxxxxxxxxxxxxxxxxxxxxxxxxxxxxxxxxxxxxxxxxxxxxxxxxxxxxxxxxxxxxxxxxxxxxxxxxxxxxxxxxxxxxxxxxxxxxxxxxxxxxxxxxxxxxxxxxxxxxxxxxxxxxxxxxxxxxxxxxxxxxxxxxxxxxxxxxxxxxxxxxxxxxxxxxxxxxxxxxxxxxxxxxxxxxxxxxxxxxxxxxxxxxxxxxxxxxxxxxxxxxxxxxxxxxxxxxxxxxxxxxxxxxxxxxxxxxxxxxxxxxxxxxxxxxxxxxxxxxxxxxxxxxxxxxxxxxxxxxxxxxxxxxxxxxxxxxxxxxxxxxxxxxxxxxxxxxxxxxxxxxxxxxxxxxxxxxxxxxxxxxxxxxxxxxxxxxxxxxxxxxxxxxxxxxxxxxxxxxxxxxxxxxxxxxxxxxxxxxxxxxxxxxxxxxxxxxxxxxxxxxxxxxxxxxxxxxxxxxxxxxxxxxxxxxxxxxxxxxxxxxxxxxxxxxxxxxxxxxxxxxxxxxxxxxxxxxxxxxxxxxxxxxxxxxxxxxxxxxxxxxxxxxxxxxxxxxxxxxxxxxxxxxxxxxxxxxxxxxxxxxxxxxxxxxxxxxxxxxxxxxxxxxxxxxxxxxxxxxxxxxxxxxxxxxxxxxxxxxxxxxxxxxxxxxxxxxxxxxxxxxxxxxxxxxxxxxxxxxxxxxxxxxxxxxxxxxxxxxxxxxxxxxxxxxxxxxxxxxxxxxxxxxxxxxxxxxxxxxxxxxxxxxxxxxxxxxxxxxxxxxxxxxxxxxxxxxxxxxxxxxxxxxxxxxxxxxxxxxxxxxxxxxxxxxxxxxxxxxxxxxxxxxxxxxxxxxxxxxxxxxxxxxxxxxxxxxxxxxxxxxxxxxxxxxxxxxxxxxxxxxxxxxxxxxxxxxxxxxxxxxxxxxxxxxxxxxxxxxxxxxxxxxxxxxxxxxxxxxxxxxxxxxxxxxxxxxxxxxxxxxxxxxxxxxxxxxxxxxxxxxxxxxxxxxxxxxxxxxxxxxxxxxxxxxxxxxxxxxxxxxxxxxxxxxxxxxxxxxxxxxxxxxxxxxxxxxxxxxxxxxxxxxxxxxxxxxxxxxxxxxxxxxxxxxxxxxxxxxxxxxxxxxxxxxxxxxxxxxxxxxxxxxxxxxxxxxxxxxxxxxxxxxxxxxxxxxxxxxxxxxxxxxxxxxxxxxxxxxxxxxxxxxxxxxxxxxxxxxxxxxxxxxxxxxxxxxxxxxxxxxxxxxxxxxxxxxxxxxxxxxxxxxxxxxxxxxxxxxxxxxxxxxxxxxxxxxxxxxxxxxxxxxxxxxxxxxxxxxxxxxxxxxxxxxxxxxxxxxxxxxxxxxxxxxxxxxxxxxxxxxxxxxxxxxxxxxxxxxxxxxxxxxxxxxxxxxxxxxxxxxxxxxxxxxxxxxxxxxxxxxxxxxxxxxxxxxxxxxxxxxxxxxxxxxxxxxxxxxxxxxxxxxxxxxxxxxxxxxxxxxxxxxxxxxxxxxxxxxxxxxxxxxxxxxxxxxxxxxxxxxxxxxxxxxxxxxxxxxxxxxxxxxxxxxxxxxxxxxxxxxxxxxxxxxxxxxxxxxxxxxxxxxxxxxxxxxxxxxxxxxxxxxxxxxxxxxxxxxxxxxxxxxxxxxxxxxxxxxxxxxxxxxxxxxxxxxxxxxxxxxxxxxxxxxxxxxxxxxxxxxxxxxxxxxxxxxxxxxxxxxxxxxxxxxxxxxxxxxxxxxxxxxxxxxxxxxxxxxxxxxxxxxxxxxxxxxxxxxxxxxxxxxxxxxxxxxxxxxxxxxxxxxxxxxxxxxxxxxxxxxxxxxxxxxxxxxxxxxxxxxxxxxxxxxxxxxxxxxxxxxxxxxxxxxxxxxxxxxxxxxxxxxxxxxxxxxxxxxxxxxxxxxxxxxxxxxxxxxxxxxxxxxxxxxxxxxxxxxxxxxxxxxxxxxxxxxxxxxxxxxxxxxxxxxxxxxxxxxxxxxxxxxxxxxxxxxxxxxxxxxxxxxxxxxxxxxxxxxxxxxxxxxxxxxxxxxxxxxxxxxxxxxxxxxxxxxxxxxxxxxxxxxxxxxxxxxxxxxxxxxxxxxxxxxxxxxxxxxxxxxxxxxxxxxxxxxxxxxxxxxxxxxxxxxxxxxxxxxxxxxxxxxxxxxxxxxxxxxxxxxxxxxxxxxxxxxxxxxxxxxxxxxxxxxxxxxxxxxxxxxxxxxxxxxxxxxxxxxxxxxxxxxxxxxxxxxxxxxxxxxxxxxxxxxxxxxxxxxxxxxxxxxxxxxxxxxxxxxxxxxxxxxxxxxxxxxxxxxxxxxxxxxxxxxxxxxxxxxxxxxxxxxxxxxxxxxxxxxxxxxxxxxxxxxxxxxxxxxxxxxxxxxxxxxxxxxxxxxxxxxxxxxxxxxxxxxxxxxxxxxxxxxxxxxxxxxxxxxxxxxxxxxxxxxxxxxxxxxxxxxxxxxxxxxxxxxxxxxxxxxxxxxxxxxxxxxxxxxxxxxxxxxxxxxxxxxxxxxxxxxxxxxxxxxxxxxxxxxxxxxxxxxxxxxxxxxxxxxxxxxxxxxxxxxxxxxxxxxxxxxxxxxxxxxxxxxxxxxxxxxxxxxxxxxxxxxxxxxxxxxxxxxxxxxxxxxxxxxxxxxxxxxxxxxxxxxxxxxxxxxxxxxxxxxxxxxxxxxxxxxxxxxxxxxxxxxxxxxxxxxxxxxxxxxxxxxxxxxxxxxxxxxxxxxxxxxxxxxxxxxxxxxxxxxxxxxxxxxxxxxxxxxxxxxxxxxxxxxxxxxxxxxxxxxxxxxxxxxxxxxxxxxxxxxxxxxxxxxxxxxxxxxxxxxxxxxxxxxxxxxxxxxxxxxxxxxxxxxxxxxxxxxxxxxxxxxxxxxxxxxxxxxxxxxxxxxxxxxxxxxxxxxxxxxxxxxxxxxxxxxxxxxxxxxxxxxxxxxxxxxxxxxxxxxxxxxxxxxxxxxxxxxxxxxxxxxxxxxxxxxxxxxxxxxxxxxxxxxxxxxxxxxxxxxxxxxxxxxxxxxxxxxxxxxxxxxxxxxxxxxxxxxxxxxxxxxxxxxxxxxxxxxxxxxxxxxxxxxxxxxxxxxxxxxxxxxxxxxxxxxxxxxxxxxxxxxxxxxxxxxxxxxxxxxxxxxxxxxxxxxxxxxxxxxxxxxxxxxxxxxxxxxxxxxxxxxxxxxxxxxxxxxxxxxxxxxxxxxxxxxxxxxxxxxxxxxxxxxxxxxxxxxxxxxxxxxxxxxxxxxxxxxxxxxxxxxxxxxxxxxxxxxxxxxxxxxxxxxxxxxxxxxxxxxxxxxxxxxxxxxxxxxxxxxxxxxxxxxxxxxxxxxxxxxxxxxxxxxxxxxxxxxxxxxxxxxxxxxxxxxxxxxxxxxxxxxxxxxxxxxxxxxxxxxxxxxxxxxxxxxxxxxxxxxxxxxxxxxxxxxxxxxxxxxxxxxxxxxxxxxxxxxxxxxxxxxxxxxxxxxxxxxxxxxxxxxxxxxxxxxxxxxxxxxxxxxxxxxxxxxxxxxxxxxxxxxxxxxxxxxxxxxxxxxxxxxxxxxxxxxxxxxxxxxxxxxxxxxxxxxxxxxxxxxxxxxxxxxxxxxxxxxxxxxxxxxxxxxxxxxxxxxxxxxxxxxxxxxxxxxxxxxxxxxxxxxxxxxxxxxxxxxxxxxxxxxxxxxxxxxxxxxxxxxxxxxxxxxxxxxxxxxxxxxxxxxxxxxxxxxxxxxxxxxxxxxxxxxxxxxxxxxxxxxxxxxxxxxxxxxxxxxxxxxxxxxxxxxxxxxxxxxxxxxxxxxxxxxxxxxxxxxxxxxxxxxxxxxxxxxxxxxxxxxxxxxxxxxxxxxxxxxxxxxxxxxxxxxxxxxxxxxxxxxxxxxxxxxxxxxxxxxxxxxxxxxxxxxxxxxxxxxxxxxxxxxxxxxxxxxxxxxxxxxxxxxxxxxxxxxxxxxxxxxxxxxxxxxxxxxxxxxxxxxxxxxxxxxxxxxxxxxxxxxxxxxxxxxxxxxxxxxxxxxxxxxxxxxxxxxxxxxxxxxxxxxxxxxxxxxxxxxxxxxxxxxxxxxxxxxxxxxxxxxxxxxxxxxxxxxxxxxxxxxxxxxxxxxxxxxxxxxxxxxxxxxxxxxxxxxxxxxxxxxxxxxxxxxxxxxxxxxxxxxxxxxxxxxxxxxxxxxxxxxxxxxxxxxxxxxxxxxxxxxxxxxxxxxxxxxxxxxxxxxxxxxxxxxxxxxxxxxxxxxxxxxxxxxxxxxxxxxxxxxxxxxxxxxxxxxxxxxxxxxxxxxxxxxxxxxxxxxxxxxxxxxxxxxxxxxxxxxxxxxxxxxxxxxxxxxxxxxxxxxxxxxxxxxxxxxxxxxxxxxxxxxxxxxxxxxxxxxxxxxxxxxxxxxxxxxxxxxxxxxxxxxxxxxxxxxxxxxxxxxxxxxxxxxxxxxxxxxxxxxxxxxxxxxxxxxxxxxxxxxxxxxxxxxxxxxxxxxxxxxxxxxxxxxxxxxxxxxxxxxxxxxxxxxxxxxxxxxxxxxxxxxxxxxxxxxxxxxxxxxxxxxxxxxxxxxxxxxxxxxxxxxxxxxxxxxxxxxxxxxxxxxxxxxxxxxxxxxxxxxxxxxxxxxxxxxxxxxxxxxxxxxxxxxxxxxxxxxxxxxxxxxxxxxxxxxxxxxxxxxxxxxxxxxxxxxxxxxxxxxxxxxxxxxxxxxxxxxxxxxxxxxxxxxxxxxxxxxxxxxxxxxxxxxxxxxxxxxxxxxxxxxxxxxxxxxxxxxxxxxxxxxxxxxxxxxxxxxxxxxxxxxxxxxxxxxxxxxxxxxxxxxxxxxxxxxxxxxxxxxxxxxxxxxxxxxxxxxxxxxxxxxxxxxxxxxxxxxxxxxxxxxxxxxxxxxxxxxxxxxxxxxxxxxxxxxxxxxxxxxxxxxxxxxxxxxxxxxxxxxxxxxxxxxxxxxxxxxxxxxxxxxxxxxxxxxxxxxxxxxxxxxxxxxxxxxxxxxxxxxxxxxxxxxxxxxxxxxxxxxxxxxxxxxxxxxxxxxxxxxxxxxxxxxxxxxxxxxxxxxxxxxxxxxxxxxxxxxxxxxxxxxxxxxxxxxxxxxxxxxxxxxxxxxxxxxxxxxxxxxxxxxxxxxxxxxxxxxxxxxxxxxxxxxxxxxxxxxxxxxxxxxxxxxxxxxxxxxxxxxxxxxxxxxxxxxxxxxxxxxxxxxxxxxxxxxxxxxxxxxxxxxxxxxxxxxxxxxxxxxxxxxxxxxxxxxxxxxxxxxxxxxxxxxxxxxxxxxxxxxxxxxxxxxxxxxxxxxxxxxxxxxxxxxxxxxxxxxxxxxxxxxxxxxxxxxxxxxxxxxxxxxxxxxxxxxxxxxxxxxxxxxxxxxxxxxxxxxxxxxxxxxxxxxxxxxxxxxxxxxxxxxxxxxxxxxxxxxxxxxxxxxxxxxxxxxxxxxxxxxxxxxxxxxxxxxxxxxxxxxxxxxxxxxxxxxxxxxxxxxxxxxxxxxxxxxxxxxxxxxxxxxxxxxxxxxxxxxxxxxxxxxxxxxxxxxxxxxxxxxxxxxxxxxxxxxxxxxxxxxxxxxxxxxxxxxxxxxxxxxxxxxxxxxxxxxxxxxxxxxxxxxxxxxxxxxxxxxxxxxxxxxxxxxxxxxxxxxxxxxxxxxxxxxxxxxxxxxxxxxxxxxxxxxxxxxxxxxxxxxxxxxxxxxxxxxxxxxxxxxxxxxxxxxxxxxxxxxxxxxxxxxxxxxxxxxxxxxxxxxxxxxxxxxxxxxxxxxxxxxxxxxxxxxxxxxxxxxxxxxxxxxxxxxxxxxxxxxxxxxxxxxxxxxxxxxxxxxxxxxxxxxxxxxxxxxxxxxxxxxxxxxxxxxxxxxxxxxxxxxxxxxxxxxxxxxxxxxxxxxxxxxxxxxxxxxxxxxxxxxxxxxxxxxxxxxxxxxxxxxxxxxxxxxxxxxxxxxxxxxxxxxxxxxxxxxxxxxxxxxxxxxxxxxxxxxxxxxxxxxxxxxxxxxxxxxxxxxxxxxxxxxxxxxxxxxxxxxxxxxxxxxxxxxxxxxxxxxxxxxxxxxxxxxxxxxxxxxxxxxxxxxxxxxxxxxxxxxxxxxxxxxxxxxxxxxxxxxxxxxxxxxxxxxxxxxxxxxxxxxxxxxxxxxxxxxxxxxxxxxxxxxxxxxxxxxxxxxxxxxxxxxxxxxxxxxxxxxxxxxxxxxxxxxxxxxxxxxxxxxxxxxxxxxxxxxxxxxxxxxxxxxxxxxxxxxxxxxxxxxxxxxxxxxxxxxxxxxxxxxxxxxxxxxxxxxxxxxxxxxxxxxxxxxxxxxxxxxxxxxxxxxxxxxxxxxxxxxxxxxxxxxxxxxxxxxxxxxxxxxxxxxxxxxxxxxxxxxxxxxxxxxxxxxxxxxxxxxxxxxxxxxxxxxxxxxxxxxxxxxxxxxxxxxxxxxxxxxxxxxxxxxxxxxxxxxxxxxxxxxxxxxxxxxxxxxxxxxxxxxxxxxxxxxxxxxxxxxxxxxxxxxxxxxxxxxxxxxxxxxxxxxxxxxxxxxxxxxxxxxxxxxxxxxxxxxxxxxxxxxxxxxxxxxxxxxxxxxxxxxxxxxxxxxxxxxxxxxxxxxxxxxxxxxxxxxxxxxxxxxxxxxxxxxxxxxxxxxxxxxxxxxxxxxxxxxxxxxxxxxxxxxxxxxxxxxxxxxxxxxxxxxxxxxxxxxxxxxxxxxxxxxxxxxxxxxxxxxxxxxxxxxxxxxxxxxxxxxxxxxxxxxxxxxxxxxxxxxxxxxxxxxxxxxxxxxxxxxxxxxxxxxxxxxxxxxxxxxxxxxxxxxxxxxxxxxxxxxxxxxxxxxxxxxxxxxxxxxxxxxxxxxxxxxxxxxxxxxxxxxxxxxxxxxxxxxxxxxxxxxxxxxxxxxxxxxxxxxxxxxxxxxxxxxxxxxxxxxxxxxxxxxxxxxxxxxxxxxxxxxxxxxxxxxxxxxxxxxxxxxxxxxxxxxxxxxxxxxxxxxxxxxxxxxxxxxxxxxxxxxxxxxxxxxxxxxxxxxxxxxxxxxxxxxxxxxxxxxxxxxxxxxxxxxxxxxxxxxxxxxxxxxxxxxxxxxxxxxxxxxxxxxxxxxxxxxxxxxxxxxxxxxxxxxxxxxxxxxxxxxxxxxxxxxxxxxxxxxxxxxxxxxxxxxxxxxxxxxxxxxxxxxxxxxxxxxxxxxxxxxxxxxxxxxxxxxxxxxxxxxxxxxxxxxxxxxxxxxxxxxxxxxxxxxxxxxxxxxxxxxxxxxxxxxxxxxxxxxxxxxxxxxxxxxxxxxxxxxxxxxxxxxxxxxxxxxxxxxxxxxxxxxxxxxxxxxxxxxxxxxxxxxxxxxxxxxxxxxxxxxxxxxxxxxxxxxxxxxxxxxxxxxxxxxxxxxxxxxxxxxxxxxxxxxxxxxxxxxxxxxxxxxxxxxxxxxxxxxxxxxxxxxxxxxxxxxxxxxxxxxxxxxxxxxxxxxxxxxxxxxxxxxxxxxxxxxxxxxxxxxxxxxxxxxxxxxxxxxxxxxxxxxxxxxxxxxxxxxxxxxxxxxxxxxxxxxxxxxxxxxxxxxxxxxxxxxxxxxxxxxxxxxxxxxxxxxxxxxxxxxxxxxxxxxxxxxxxxxxxxxxxxxxxxxxxxxxxxxxxxxxxxxxxxxxxxxxxxxxxxxxxxxxxxxxxxxxxxxxxxxxxxxxxxxxxxxxxxxxxxxxxxxxxxxxxxxxxxxxxxxxxxxxxxxxxxxxxxxxxxxxxxxxxxxxxxxxxxxxxxxxxxxxxxxxxxxxxxxxxxxxxxxxxxxxxxxxxxxxxxxxxxxxxxxxxxxxxxxxxxxxxxxxxxxxxxxxxxxxxxxxxxxxxxxxxxxxxxxxxxxxxxxxxxxxxxxxxxxxxxxxxxxxxxxxxxxxxxxxxxxxxxxxxxxxxxxxxxxxxxxxxxxxxxxxxxxxxxxxxxxxxxxxxxxxxxxxxxxxxxxxxxxxxxxxxxxxxxxxxxxxxxxxxxxxxxxxxxxxxxxxxxxxxxxxxxxxxxxxxxxxxxxxxxxxxxxxxxxxxxxxxxxxxxxxxxxxxxxxxxxxxxxxxxxxxxxxxxxxxxxxxxxxxxxxxxxxxxxxxxxxxxxxxxxxxxxxxxxxxxxxxxxxxxxxxxxxxxxxxxxxxxxxxxxxxxxxxxxxxxxxxxxxxxxxxxxxxxxxxxxxxxxxxxxxxxxxxxxxxxxxxxxxxxxxxxxxxxxxxxxxxxxxxxxxxxxxxxxxxxxxxxxxxxxxxxxxxxxxxxxxxxxxxxxxxxxxxxxxxxxxxxxxxxxxxxxxxxxxxxxxxxxxxxxxxxxxxxxxxxxxxxxxxxxxxxxxxxxxxxxxxxxxxxxxxxxxxxxxxxxxxxxxxxxxxxxxxxxxxxxxxxxxxxxxxxxxxxxxxxxxxxxxxxxxxxxxxxxxxxxxxxxxxxxxxxx'})\n"
      },
      "teardown": {
        "outcome": "passed"
      }
    },
    {
      "nodeid": "segment/analytics/test/test_consumer.py::TestConsumer::test_max_batch_size",
      "lineno": 171,
      "outcome": "failed",
      "keywords": [
        "test_max_batch_size",
        "TestConsumer",
        "test_consumer.py",
        "test",
        "analytics",
        "segment",
        "segmentio@analytics-python__603632f3__requests__aiohttp",
        ""
      ],
      "setup": {
        "outcome": "passed"
      },
      "call": {
        "outcome": "failed",
        "crash": {
          "path": "D:\\repos\\segmentio@analytics-python__603632f3__requests__aiohttp\\.venv\\Lib\\site-packages\\mock\\mock.py",
          "lineno": 1199,
          "message": "ModuleNotFoundError: No module named 'segment.analytics.request._session'; 'segment.analytics.request' is not a package"
        },
        "traceback": [
          {
            "path": "segment\\analytics\\test\\test_consumer.py",
            "lineno": 193,
            "message": ""
          },
          {
            "path": ".venv\\Lib\\site-packages\\mock\\mock.py",
            "lineno": 1353,
            "message": "in __enter__"
          },
          {
            "path": ".venv\\Lib\\site-packages\\mock\\mock.py",
            "lineno": 1523,
            "message": "in <lambda>"
          },
          {
            "path": ".venv\\Lib\\site-packages\\mock\\mock.py",
            "lineno": 1210,
            "message": "in _importer"
          },
          {
            "path": ".venv\\Lib\\site-packages\\mock\\mock.py",
            "lineno": 1199,
            "message": "ModuleNotFoundError"
          }
        ],
        "longrepr": "self = <analytics.test.test_consumer.TestConsumer testMethod=test_max_batch_size>\n\n    def test_max_batch_size(self):\n        q = Queue()\n        consumer = Consumer(\n            q, 'testsecret', upload_size=100000, upload_interval=3)\n        track = {\n            'type': 'track',\n            'event': 'python event',\n            'userId': 'userId'\n        }\n        msg_size = len(json.dumps(track).encode())\n        # number of messages in a maximum-size batch\n        n_msgs = int(475000 / msg_size)\n    \n        def mock_post_fn(_, data, **kwargs):\n            res = mock.Mock()\n            res.status_code = 200\n            self.assertTrue(len(data.encode()) < 500000,\n                            'batch size (%d) exceeds 500KB limit'\n                            % len(data.encode()))\n            return res\n    \n>       with mock.patch('segment.analytics.request._session.post',\n                        side_effect=mock_post_fn) as mock_post:\n\nsegment\\analytics\\test\\test_consumer.py:193: \n_ _ _ _ _ _ _ _ _ _ _ _ _ _ _ _ _ _ _ _ _ _ _ _ _ _ _ _ _ _ _ _ _ _ _ _ _ _ _ _\n.venv\\Lib\\site-packages\\mock\\mock.py:1353: in __enter__\n    self.target = self.getter()\n.venv\\Lib\\site-packages\\mock\\mock.py:1523: in <lambda>\n    getter = lambda: _importer(target)\n.venv\\Lib\\site-packages\\mock\\mock.py:1210: in _importer\n    thing = _dot_lookup(thing, comp, import_path)\n_ _ _ _ _ _ _ _ _ _ _ _ _ _ _ _ _ _ _ _ _ _ _ _ _ _ _ _ _ _ _ _ _ _ _ _ _ _ _ _\n\nthing = <module 'segment.analytics.request' from 'D:\\\\repos\\\\segmentio@analytics-python__603632f3__requests__aiohttp\\\\segment\\\\analytics\\\\request.py'>\ncomp = '_session', import_path = 'segment.analytics.request._session'\n\n    def _dot_lookup(thing, comp, import_path):\n        try:\n            return getattr(thing, comp)\n        except AttributeError:\n>           __import__(import_path)\nE           ModuleNotFoundError: No module named 'segment.analytics.request._session'; 'segment.analytics.request' is not a package\n\n.venv\\Lib\\site-packages\\mock\\mock.py:1199: ModuleNotFoundError"
      },
      "teardown": {
        "outcome": "passed"
      }
    },
    {
      "nodeid": "segment/analytics/test/test_consumer.py::TestConsumer::test_multiple_uploads_per_interval",
      "lineno": 73,
      "outcome": "passed",
      "keywords": [
        "test_multiple_uploads_per_interval",
        "TestConsumer",
        "test_consumer.py",
        "test",
        "analytics",
        "segment",
        "segmentio@analytics-python__603632f3__requests__aiohttp",
        ""
      ],
      "setup": {
        "outcome": "passed"
      },
      "call": {
        "outcome": "passed"
      },
      "teardown": {
        "outcome": "passed"
      }
    },
    {
      "nodeid": "segment/analytics/test/test_consumer.py::TestConsumer::test_next",
      "lineno": 16,
      "outcome": "passed",
      "keywords": [
        "test_next",
        "TestConsumer",
        "test_consumer.py",
        "test",
        "analytics",
        "segment",
        "segmentio@analytics-python__603632f3__requests__aiohttp",
        ""
      ],
      "setup": {
        "outcome": "passed"
      },
      "call": {
        "outcome": "passed"
      },
      "teardown": {
        "outcome": "passed"
      }
    },
    {
      "nodeid": "segment/analytics/test/test_consumer.py::TestConsumer::test_next_limit",
      "lineno": 23,
      "outcome": "passed",
      "keywords": [
        "test_next_limit",
        "TestConsumer",
        "test_consumer.py",
        "test",
        "analytics",
        "segment",
        "segmentio@analytics-python__603632f3__requests__aiohttp",
        ""
      ],
      "setup": {
        "outcome": "passed"
      },
      "call": {
        "outcome": "passed"
      },
      "teardown": {
        "outcome": "passed"
      }
    },
    {
      "nodeid": "segment/analytics/test/test_consumer.py::TestConsumer::test_pause",
      "lineno": 166,
      "outcome": "passed",
      "keywords": [
        "test_pause",
        "TestConsumer",
        "test_consumer.py",
        "test",
        "analytics",
        "segment",
        "segmentio@analytics-python__603632f3__requests__aiohttp",
        ""
      ],
      "setup": {
        "outcome": "passed"
      },
      "call": {
        "outcome": "passed"
      },
      "teardown": {
        "outcome": "passed"
      }
    },
    {
      "nodeid": "segment/analytics/test/test_consumer.py::TestConsumer::test_proxies",
      "lineno": 200,
      "outcome": "passed",
      "keywords": [
        "test_proxies",
        "TestConsumer",
        "test_consumer.py",
        "test",
        "analytics",
        "segment",
        "segmentio@analytics-python__603632f3__requests__aiohttp",
        ""
      ],
      "setup": {
        "outcome": "passed"
      },
      "call": {
        "outcome": "passed"
      },
      "teardown": {
        "outcome": "passed"
      }
    },
    {
      "nodeid": "segment/analytics/test/test_consumer.py::TestConsumer::test_request",
      "lineno": 93,
      "outcome": "passed",
      "keywords": [
        "test_request",
        "TestConsumer",
        "test_consumer.py",
        "test",
        "analytics",
        "segment",
        "segmentio@analytics-python__603632f3__requests__aiohttp",
        ""
      ],
      "setup": {
        "outcome": "passed"
      },
      "call": {
        "outcome": "passed"
      },
      "teardown": {
        "outcome": "passed"
      }
    },
    {
      "nodeid": "segment/analytics/test/test_consumer.py::TestConsumer::test_request_retry",
      "lineno": 136,
      "outcome": "passed",
      "keywords": [
        "test_request_retry",
        "TestConsumer",
        "test_consumer.py",
        "test",
        "analytics",
        "segment",
        "segmentio@analytics-python__603632f3__requests__aiohttp",
        ""
      ],
      "setup": {
        "outcome": "passed"
      },
      "call": {
        "outcome": "passed"
      },
      "teardown": {
        "outcome": "passed"
      }
    },
    {
      "nodeid": "segment/analytics/test/test_consumer.py::TestConsumer::test_upload",
      "lineno": 41,
      "outcome": "passed",
      "keywords": [
        "test_upload",
        "TestConsumer",
        "test_consumer.py",
        "test",
        "analytics",
        "segment",
        "segmentio@analytics-python__603632f3__requests__aiohttp",
        ""
      ],
      "setup": {
        "outcome": "passed"
      },
      "call": {
        "outcome": "passed"
      },
      "teardown": {
        "outcome": "passed"
      }
    },
    {
      "nodeid": "segment/analytics/test/test_consumer.py::TestConsumer::test_upload_interval",
      "lineno": 53,
      "outcome": "passed",
      "keywords": [
        "test_upload_interval",
        "TestConsumer",
        "test_consumer.py",
        "test",
        "analytics",
        "segment",
        "segmentio@analytics-python__603632f3__requests__aiohttp",
        ""
      ],
      "setup": {
        "outcome": "passed"
      },
      "call": {
        "outcome": "passed"
      },
      "teardown": {
        "outcome": "passed"
      }
    },
    {
      "nodeid": "segment/analytics/test/test_init.py::TestInit::test_debug",
      "lineno": 24,
      "outcome": "passed",
      "keywords": [
        "test_debug",
        "TestInit",
        "test_init.py",
        "test",
        "analytics",
        "segment",
        "segmentio@analytics-python__603632f3__requests__aiohttp",
        ""
      ],
      "setup": {
        "outcome": "passed"
      },
      "call": {
        "outcome": "passed",
        "stderr": "consumer is running...\nconsumer is running...\nsuccessfully flushed about 0 items.\nsuccessfully flushed about 0 items.\nconsumer is running...\nconsumer is running...\nsuccessfully flushed about 0 items.\nsuccessfully flushed about 0 items.\n"
      },
      "teardown": {
        "outcome": "passed"
      }
    },
    {
      "nodeid": "segment/analytics/test/test_init.py::TestInit::test_gzip",
      "lineno": 35,
      "outcome": "passed",
      "keywords": [
        "test_gzip",
        "TestInit",
        "test_init.py",
        "test",
        "analytics",
        "segment",
        "segmentio@analytics-python__603632f3__requests__aiohttp",
        ""
      ],
      "setup": {
        "outcome": "passed"
      },
      "call": {
        "outcome": "passed"
      },
      "teardown": {
        "outcome": "passed"
      }
    },
    {
      "nodeid": "segment/analytics/test/test_init.py::TestInit::test_host",
      "lineno": 45,
      "outcome": "passed",
      "keywords": [
        "test_host",
        "TestInit",
        "test_init.py",
        "test",
        "analytics",
        "segment",
        "segmentio@analytics-python__603632f3__requests__aiohttp",
        ""
      ],
      "setup": {
        "outcome": "passed"
      },
      "call": {
        "outcome": "passed"
      },
      "teardown": {
        "outcome": "passed"
      }
    },
    {
      "nodeid": "segment/analytics/test/test_init.py::TestInit::test_max_queue_size",
      "lineno": 53,
      "outcome": "passed",
      "keywords": [
        "test_max_queue_size",
        "TestInit",
        "test_init.py",
        "test",
        "analytics",
        "segment",
        "segmentio@analytics-python__603632f3__requests__aiohttp",
        ""
      ],
      "setup": {
        "outcome": "passed"
      },
      "call": {
        "outcome": "passed"
      },
      "teardown": {
        "outcome": "passed"
      }
    },
    {
      "nodeid": "segment/analytics/test/test_init.py::TestInit::test_max_retries",
      "lineno": 59,
      "outcome": "passed",
      "keywords": [
        "test_max_retries",
        "TestInit",
        "test_init.py",
        "test",
        "analytics",
        "segment",
        "segmentio@analytics-python__603632f3__requests__aiohttp",
        ""
      ],
      "setup": {
        "outcome": "passed"
      },
      "call": {
        "outcome": "passed"
      },
      "teardown": {
        "outcome": "passed"
      }
    },
    {
      "nodeid": "segment/analytics/test/test_init.py::TestInit::test_sync_mode",
      "lineno": 65,
      "outcome": "passed",
      "keywords": [
        "test_sync_mode",
        "TestInit",
        "test_init.py",
        "test",
        "analytics",
        "segment",
        "segmentio@analytics-python__603632f3__requests__aiohttp",
        ""
      ],
      "setup": {
        "outcome": "passed"
      },
      "call": {
        "outcome": "passed"
      },
      "teardown": {
        "outcome": "passed"
      }
    },
    {
      "nodeid": "segment/analytics/test/test_init.py::TestInit::test_timeout",
      "lineno": 75,
      "outcome": "passed",
      "keywords": [
        "test_timeout",
        "TestInit",
        "test_init.py",
        "test",
        "analytics",
        "segment",
        "segmentio@analytics-python__603632f3__requests__aiohttp",
        ""
      ],
      "setup": {
        "outcome": "passed"
      },
      "call": {
        "outcome": "passed"
      },
      "teardown": {
        "outcome": "passed"
      }
    },
    {
      "nodeid": "segment/analytics/test/test_init.py::TestInit::test_writeKey",
      "lineno": 19,
      "outcome": "passed",
      "keywords": [
        "test_writeKey",
        "TestInit",
        "test_init.py",
        "test",
        "analytics",
        "segment",
        "segmentio@analytics-python__603632f3__requests__aiohttp",
        ""
      ],
      "setup": {
        "outcome": "passed"
      },
      "call": {
        "outcome": "passed"
      },
      "teardown": {
        "outcome": "passed"
      }
    },
    {
      "nodeid": "segment/analytics/test/test_module.py::TestModule::test_alias",
      "lineno": 35,
      "outcome": "passed",
      "keywords": [
        "test_alias",
        "TestModule",
        "test_module.py",
        "test",
        "analytics",
        "segment",
        "segmentio@analytics-python__603632f3__requests__aiohttp",
        ""
      ],
      "setup": {
        "outcome": "passed"
      },
      "call": {
        "outcome": "passed"
      },
      "teardown": {
        "outcome": "passed"
      }
    },
    {
      "nodeid": "segment/analytics/test/test_module.py::TestModule::test_flush",
      "lineno": 47,
      "outcome": "passed",
      "keywords": [
        "test_flush",
        "TestModule",
        "test_module.py",
        "test",
        "analytics",
        "segment",
        "segmentio@analytics-python__603632f3__requests__aiohttp",
        ""
      ],
      "setup": {
        "outcome": "passed"
      },
      "call": {
        "outcome": "passed"
      },
      "teardown": {
        "outcome": "passed"
      }
    },
    {
      "nodeid": "segment/analytics/test/test_module.py::TestModule::test_group",
      "lineno": 31,
      "outcome": "passed",
      "keywords": [
        "test_group",
        "TestModule",
        "test_module.py",
        "test",
        "analytics",
        "segment",
        "segmentio@analytics-python__603632f3__requests__aiohttp",
        ""
      ],
      "setup": {
        "outcome": "passed"
      },
      "call": {
        "outcome": "passed"
      },
      "teardown": {
        "outcome": "passed"
      }
    },
    {
      "nodeid": "segment/analytics/test/test_module.py::TestModule::test_identify",
      "lineno": 27,
      "outcome": "passed",
      "keywords": [
        "test_identify",
        "TestModule",
        "test_module.py",
        "test",
        "analytics",
        "segment",
        "segmentio@analytics-python__603632f3__requests__aiohttp",
        ""
      ],
      "setup": {
        "outcome": "passed"
      },
      "call": {
        "outcome": "passed"
      },
      "teardown": {
        "outcome": "passed"
      }
    },
    {
      "nodeid": "segment/analytics/test/test_module.py::TestModule::test_no_host",
      "lineno": 19,
      "outcome": "passed",
      "keywords": [
        "test_no_host",
        "TestModule",
        "test_module.py",
        "test",
        "analytics",
        "segment",
        "segmentio@analytics-python__603632f3__requests__aiohttp",
        ""
      ],
      "setup": {
        "outcome": "passed"
      },
      "call": {
        "outcome": "passed"
      },
      "teardown": {
        "outcome": "passed"
      }
    },
    {
      "nodeid": "segment/analytics/test/test_module.py::TestModule::test_no_write_key",
      "lineno": 15,
      "outcome": "passed",
      "keywords": [
        "test_no_write_key",
        "TestModule",
        "test_module.py",
        "test",
        "analytics",
        "segment",
        "segmentio@analytics-python__603632f3__requests__aiohttp",
        ""
      ],
      "setup": {
        "outcome": "passed"
      },
      "call": {
        "outcome": "passed"
      },
      "teardown": {
        "outcome": "passed"
      }
    },
    {
      "nodeid": "segment/analytics/test/test_module.py::TestModule::test_page",
      "lineno": 39,
      "outcome": "passed",
      "keywords": [
        "test_page",
        "TestModule",
        "test_module.py",
        "test",
        "analytics",
        "segment",
        "segmentio@analytics-python__603632f3__requests__aiohttp",
        ""
      ],
      "setup": {
        "outcome": "passed"
      },
      "call": {
        "outcome": "passed"
      },
      "teardown": {
        "outcome": "passed"
      }
    },
    {
      "nodeid": "segment/analytics/test/test_module.py::TestModule::test_screen",
      "lineno": 43,
      "outcome": "passed",
      "keywords": [
        "test_screen",
        "TestModule",
        "test_module.py",
        "test",
        "analytics",
        "segment",
        "segmentio@analytics-python__603632f3__requests__aiohttp",
        ""
      ],
      "setup": {
        "outcome": "passed"
      },
      "call": {
        "outcome": "passed"
      },
      "teardown": {
        "outcome": "passed"
      }
    },
    {
      "nodeid": "segment/analytics/test/test_module.py::TestModule::test_track",
      "lineno": 23,
      "outcome": "passed",
      "keywords": [
        "test_track",
        "TestModule",
        "test_module.py",
        "test",
        "analytics",
        "segment",
        "segmentio@analytics-python__603632f3__requests__aiohttp",
        ""
      ],
      "setup": {
        "outcome": "passed"
      },
      "call": {
        "outcome": "passed"
      },
      "teardown": {
        "outcome": "passed"
      }
    },
    {
      "nodeid": "segment/analytics/test/test_oauth.py::TestOauthManager::test_oauth_fail_unrecoverably",
      "lineno": 89,
      "outcome": "failed",
      "keywords": [
        "test_oauth_fail_unrecoverably",
        "__wrapped__",
        "patchings",
        "TestOauthManager",
        "test_oauth.py",
        "test",
        "analytics",
        "segment",
        "segmentio@analytics-python__603632f3__requests__aiohttp",
        ""
      ],
      "setup": {
        "outcome": "passed"
      },
      "call": {
        "outcome": "failed",
        "crash": {
          "path": "D:\\repos\\segmentio@analytics-python__603632f3__requests__aiohttp\\segment\\analytics\\test\\test_oauth.py",
          "lineno": 95,
          "message": "AttributeError: 'OauthManager' object has no attribute 'thread'"
        },
        "traceback": [
          {
            "path": "segment\\analytics\\test\\test_oauth.py",
            "lineno": 95,
            "message": "AttributeError"
          }
        ],
        "stderr": "OAuth token request encountered an error after 3 attempts: 'coroutine' object does not support the asynchronous context manager protocol\nOAuth token request encountered an error after 3 attempts: 'coroutine' object does not support the asynchronous context manager protocol\n",
        "longrepr": "self = <analytics.test.test_oauth.TestOauthManager testMethod=test_oauth_fail_unrecoverably>\nmock_post = <AsyncMock name='post' id='1651819038240'>\n\n    @mock.patch('aiohttp.ClientSession.post', new_callable=AsyncMock, side_effect=mocked_requests_get)\n    async def test_oauth_fail_unrecoverably(self, mock_post):\n        manager = segment.analytics.oauth_manager.OauthManager(\"id\", privatekey, \"keyid\", \"http://127.0.0.1:400\")\n        with self.assertRaises(Exception) as context:\n            await manager.get_token()\n>       self.assertTrue(manager.thread.is_alive)\nE       AttributeError: 'OauthManager' object has no attribute 'thread'\n\nsegment\\analytics\\test\\test_oauth.py:95: AttributeError"
      },
      "teardown": {
        "outcome": "passed"
      }
    },
    {
      "nodeid": "segment/analytics/test/test_oauth.py::TestOauthManager::test_oauth_fail_with_retries",
      "lineno": 98,
      "outcome": "failed",
      "keywords": [
        "test_oauth_fail_with_retries",
        "__wrapped__",
        "patchings",
        "TestOauthManager",
        "test_oauth.py",
        "test",
        "analytics",
        "segment",
        "segmentio@analytics-python__603632f3__requests__aiohttp",
        ""
      ],
      "setup": {
        "outcome": "passed"
      },
      "call": {
        "outcome": "failed",
        "crash": {
          "path": "D:\\repos\\segmentio@analytics-python__603632f3__requests__aiohttp\\segment\\analytics\\test\\test_oauth.py",
          "lineno": 104,
          "message": "AttributeError: 'OauthManager' object has no attribute 'thread'"
        },
        "traceback": [
          {
            "path": "segment\\analytics\\test\\test_oauth.py",
            "lineno": 104,
            "message": "AttributeError"
          }
        ],
        "stderr": "OAuth token request encountered an error after 3 attempts: 'coroutine' object does not support the asynchronous context manager protocol\nOAuth token request encountered an error after 3 attempts: 'coroutine' object does not support the asynchronous context manager protocol\n",
        "longrepr": "self = <analytics.test.test_oauth.TestOauthManager testMethod=test_oauth_fail_with_retries>\nmock_post = <AsyncMock name='post' id='1651797455360'>\n\n    @mock.patch('aiohttp.ClientSession.post', new_callable=AsyncMock, side_effect=mocked_requests_get)\n    async def test_oauth_fail_with_retries(self, mock_post):\n        manager = segment.analytics.oauth_manager.OauthManager(\"id\", privatekey, \"keyid\", \"http://127.0.0.1:500\")\n        with self.assertRaises(Exception) as context:\n            await manager.get_token()\n>       self.assertTrue(manager.thread.is_alive)\nE       AttributeError: 'OauthManager' object has no attribute 'thread'\n\nsegment\\analytics\\test\\test_oauth.py:104: AttributeError"
      },
      "teardown": {
        "outcome": "passed"
      }
    },
    {
      "nodeid": "segment/analytics/test/test_oauth.py::TestOauthManager::test_oauth_rate_limit_delay",
      "lineno": 107,
      "outcome": "failed",
      "keywords": [
        "test_oauth_rate_limit_delay",
        "__wrapped__",
        "patchings",
        "TestOauthManager",
        "test_oauth.py",
        "test",
        "analytics",
        "segment",
        "segmentio@analytics-python__603632f3__requests__aiohttp",
        ""
      ],
      "setup": {
        "outcome": "passed"
      },
      "call": {
        "outcome": "failed",
        "crash": {
          "path": "C:\\Users\\Mohay\\AppData\\Local\\Programs\\Python\\Python312\\Lib\\unittest\\mock.py",
          "lineno": 935,
          "message": "AssertionError: expected call not found.\nExpected: sleep(234)\n  Actual: not called."
        },
        "traceback": [
          {
            "path": "segment\\analytics\\test\\test_oauth.py",
            "lineno": 113,
            "message": ""
          },
          {
            "path": "C:\\Users\\Mohay\\AppData\\Local\\Programs\\Python\\Python312\\Lib\\unittest\\mock.py",
            "lineno": 935,
            "message": "AssertionError"
          }
        ],
        "stderr": "OAuth token request encountered an error after 3 attempts: 'coroutine' object does not support the asynchronous context manager protocol\nOAuth token request encountered an error after 3 attempts: 'coroutine' object does not support the asynchronous context manager protocol\n",
        "longrepr": "self = <analytics.test.test_oauth.TestOauthManager testMethod=test_oauth_rate_limit_delay>\nmock_sleep = <MagicMock name='sleep' spec='builtin_function_or_method' id='1651797451952'>\nmock_post = <AsyncMock name='post' id='1651797358400'>\n\n    @mock.patch('aiohttp.ClientSession.post', new_callable=AsyncMock, side_effect=mocked_requests_get)\n    @mock.patch('time.sleep', spec=time.sleep)\n    async def test_oauth_rate_limit_delay(self, mock_sleep, mock_post):\n        manager = segment.analytics.oauth_manager.OauthManager(\"id\", privatekey, \"keyid\", \"http://127.0.0.1:429\")\n        await manager._poller_loop()\n>       mock_sleep.assert_called_with(234)\n\nsegment\\analytics\\test\\test_oauth.py:113: \n_ _ _ _ _ _ _ _ _ _ _ _ _ _ _ _ _ _ _ _ _ _ _ _ _ _ _ _ _ _ _ _ _ _ _ _ _ _ _ _\n\nself = <MagicMock name='sleep' spec='builtin_function_or_method' id='1651797451952'>\nargs = (234,), kwargs = {}, expected = 'sleep(234)', actual = 'not called.'\nerror_message = 'expected call not found.\\nExpected: sleep(234)\\n  Actual: not called.'\n\n    def assert_called_with(self, /, *args, **kwargs):\n        \"\"\"assert that the last call was made with the specified arguments.\n    \n        Raises an AssertionError if the args and keyword args passed in are\n        different to the last call to the mock.\"\"\"\n        if self.call_args is None:\n            expected = self._format_mock_call_signature(args, kwargs)\n            actual = 'not called.'\n            error_message = ('expected call not found.\\nExpected: %s\\n  Actual: %s'\n                    % (expected, actual))\n>           raise AssertionError(error_message)\nE           AssertionError: expected call not found.\nE           Expected: sleep(234)\nE             Actual: not called.\n\nC:\\Users\\Mohay\\AppData\\Local\\Programs\\Python\\Python312\\Lib\\unittest\\mock.py:935: AssertionError"
      },
      "teardown": {
        "outcome": "passed"
      }
    },
    {
      "nodeid": "segment/analytics/test/test_oauth.py::TestOauthManager::test_oauth_success",
      "lineno": 79,
      "outcome": "failed",
      "keywords": [
        "test_oauth_success",
        "__wrapped__",
        "patchings",
        "TestOauthManager",
        "test_oauth.py",
        "test",
        "analytics",
        "segment",
        "segmentio@analytics-python__603632f3__requests__aiohttp",
        ""
      ],
      "setup": {
        "outcome": "passed"
      },
      "call": {
        "outcome": "failed",
        "crash": {
          "path": "D:\\repos\\segmentio@analytics-python__603632f3__requests__aiohttp\\segment\\analytics\\oauth_manager.py",
          "lineno": 54,
          "message": "segment.analytics.consumer.FatalError: [Segment] 'coroutine' object does not support the asynchronous context manager protocol)"
        },
        "traceback": [
          {
            "path": "segment\\analytics\\test\\test_oauth.py",
            "lineno": 83,
            "message": ""
          },
          {
            "path": "segment\\analytics\\oauth_manager.py",
            "lineno": 54,
            "message": "FatalError"
          }
        ],
        "stderr": "OAuth token request encountered an error after 3 attempts: 'coroutine' object does not support the asynchronous context manager protocol\nOAuth token request encountered an error after 3 attempts: 'coroutine' object does not support the asynchronous context manager protocol\n",
        "longrepr": "self = <analytics.test.test_oauth.TestOauthManager testMethod=test_oauth_success>\nmock_post = <AsyncMock name='post' id='1651819051104'>\n\n    @mock.patch('aiohttp.ClientSession.post', new_callable=AsyncMock, side_effect=mocked_requests_get)\n    async def test_oauth_success(self, mock_post):\n        manager = segment.analytics.oauth_manager.OauthManager(\"id\", privatekey, \"keyid\", \"http://127.0.0.1:80\")\n>       self.assertEqual(await manager.get_token(), \"test_token\")\n\nsegment\\analytics\\test\\test_oauth.py:83: \n_ _ _ _ _ _ _ _ _ _ _ _ _ _ _ _ _ _ _ _ _ _ _ _ _ _ _ _ _ _ _ _ _ _ _ _ _ _ _ _\n\nself = <segment.analytics.oauth_manager.OauthManager object at 0x0000018098167980>\n\n    async def get_token(self):\n        async with self.token_mutex:\n            if self.token:\n                return self.token\n    \n        self.log.debug(\"OAuth is enabled. No cached access token.\")\n        # Start the poller loop\n        await self._poller_loop()\n    \n        while True:\n            async with self.token_mutex:\n                if self.token:\n                    return self.token\n                if self.error:\n                    error = self.error\n                    self.error = None\n>                   raise error\nE                   segment.analytics.consumer.FatalError: [Segment] 'coroutine' object does not support the asynchronous context manager protocol)\n\nsegment\\analytics\\oauth_manager.py:54: FatalError"
      },
      "teardown": {
        "outcome": "passed"
      }
    },
    {
      "nodeid": "segment/analytics/test/test_oauth.py::TestOauthIntegration::test_oauth_integration_fail_bad_key",
      "lineno": 149,
      "outcome": "failed",
      "keywords": [
        "test_oauth_integration_fail_bad_key",
        "__wrapped__",
        "patchings",
        "TestOauthIntegration",
        "test_oauth.py",
        "test",
        "analytics",
        "segment",
        "segmentio@analytics-python__603632f3__requests__aiohttp",
        ""
      ],
      "setup": {
        "outcome": "passed"
      },
      "call": {
        "outcome": "failed",
        "crash": {
          "path": "D:\\repos\\segmentio@analytics-python__603632f3__requests__aiohttp\\segment\\analytics\\test\\test_oauth.py",
          "lineno": 154,
          "message": "TypeError: object tuple can't be used in 'await' expression"
        },
        "traceback": [
          {
            "path": "segment\\analytics\\test\\test_oauth.py",
            "lineno": 154,
            "message": "TypeError"
          }
        ],
        "longrepr": "self = <analytics.test.test_oauth.TestOauthIntegration testMethod=test_oauth_integration_fail_bad_key>\nmock_post = <AsyncMock name='post' id='1651799417216'>\n\n    @mock.patch('aiohttp.ClientSession.post', new_callable=AsyncMock, side_effect=mocked_requests_get)\n    async def test_oauth_integration_fail_bad_key(self, mock_post):\n        client = Client(\"write_key\", on_error=self.fail, oauth_auth_server=\"http://127.0.0.1:80\",\n                        oauth_client_id=\"id\", oauth_client_key=\"badkey\", oauth_key_id=\"keyid\")\n>       await client.track(\"user\", \"event\")\nE       TypeError: object tuple can't be used in 'await' expression\n\nsegment\\analytics\\test\\test_oauth.py:154: TypeError"
      },
      "teardown": {
        "outcome": "passed"
      }
    },
    {
      "nodeid": "segment/analytics/test/test_oauth.py::TestOauthIntegration::test_oauth_integration_failure",
      "lineno": 130,
      "outcome": "failed",
      "keywords": [
        "test_oauth_integration_failure",
        "__wrapped__",
        "patchings",
        "TestOauthIntegration",
        "test_oauth.py",
        "test",
        "analytics",
        "segment",
        "segmentio@analytics-python__603632f3__requests__aiohttp",
        ""
      ],
      "setup": {
        "outcome": "passed"
      },
      "call": {
        "outcome": "failed",
        "crash": {
          "path": "D:\\repos\\segmentio@analytics-python__603632f3__requests__aiohttp\\segment\\analytics\\test\\test_oauth.py",
          "lineno": 135,
          "message": "TypeError: object tuple can't be used in 'await' expression"
        },
        "traceback": [
          {
            "path": "segment\\analytics\\test\\test_oauth.py",
            "lineno": 135,
            "message": "TypeError"
          }
        ],
        "longrepr": "self = <analytics.test.test_oauth.TestOauthIntegration testMethod=test_oauth_integration_failure>\nmock_post = <AsyncMock name='post' id='1651799419856'>\n\n    @mock.patch('aiohttp.ClientSession.post', new_callable=AsyncMock, side_effect=mocked_requests_get)\n    async def test_oauth_integration_failure(self, mock_post):\n        client = Client(\"write_key\", on_error=self.fail, oauth_auth_server=\"http://127.0.0.1:400\",\n                        oauth_client_id=\"id\", oauth_client_key=privatekey, oauth_key_id=\"keyid\")\n>       await client.track(\"user\", \"event\")\nE       TypeError: object tuple can't be used in 'await' expression\n\nsegment\\analytics\\test\\test_oauth.py:135: TypeError"
      },
      "teardown": {
        "outcome": "passed"
      }
    },
    {
      "nodeid": "segment/analytics/test/test_oauth.py::TestOauthIntegration::test_oauth_integration_recovery",
      "lineno": 139,
      "outcome": "failed",
      "keywords": [
        "test_oauth_integration_recovery",
        "__wrapped__",
        "patchings",
        "TestOauthIntegration",
        "test_oauth.py",
        "test",
        "analytics",
        "segment",
        "segmentio@analytics-python__603632f3__requests__aiohttp",
        ""
      ],
      "setup": {
        "outcome": "passed"
      },
      "call": {
        "outcome": "failed",
        "crash": {
          "path": "D:\\repos\\segmentio@analytics-python__603632f3__requests__aiohttp\\segment\\analytics\\test\\test_oauth.py",
          "lineno": 145,
          "message": "TypeError: object tuple can't be used in 'await' expression"
        },
        "traceback": [
          {
            "path": "segment\\analytics\\test\\test_oauth.py",
            "lineno": 145,
            "message": "TypeError"
          }
        ],
        "longrepr": "self = <analytics.test.test_oauth.TestOauthIntegration testMethod=test_oauth_integration_recovery>\nmock_post = <AsyncMock name='post' id='1651800000128'>\n\n    @mock.patch('aiohttp.ClientSession.post', new_callable=AsyncMock, side_effect=mocked_requests_get)\n    async def test_oauth_integration_recovery(self, mock_post):\n        mocked_requests_get.error_count = 2  # 2 errors and then success\n        client = Client(\"write_key\", on_error=self.fail, oauth_auth_server=\"http://127.0.0.1:501\",\n                        oauth_client_id=\"id\", oauth_client_key=privatekey, oauth_key_id=\"keyid\")\n>       await client.track(\"user\", \"event\")\nE       TypeError: object tuple can't be used in 'await' expression\n\nsegment\\analytics\\test\\test_oauth.py:145: TypeError"
      },
      "teardown": {
        "outcome": "passed"
      }
    },
    {
      "nodeid": "segment/analytics/test/test_oauth.py::TestOauthIntegration::test_oauth_integration_success",
      "lineno": 121,
      "outcome": "failed",
      "keywords": [
        "test_oauth_integration_success",
        "__wrapped__",
        "patchings",
        "TestOauthIntegration",
        "test_oauth.py",
        "test",
        "analytics",
        "segment",
        "segmentio@analytics-python__603632f3__requests__aiohttp",
        ""
      ],
      "setup": {
        "outcome": "passed"
      },
      "call": {
        "outcome": "failed",
        "crash": {
          "path": "D:\\repos\\segmentio@analytics-python__603632f3__requests__aiohttp\\segment\\analytics\\test\\test_oauth.py",
          "lineno": 126,
          "message": "TypeError: object tuple can't be used in 'await' expression"
        },
        "traceback": [
          {
            "path": "segment\\analytics\\test\\test_oauth.py",
            "lineno": 126,
            "message": "TypeError"
          }
        ],
        "longrepr": "self = <analytics.test.test_oauth.TestOauthIntegration testMethod=test_oauth_integration_success>\nmock_post = <AsyncMock name='post' id='1651800007280'>\n\n    @mock.patch('aiohttp.ClientSession.post', new_callable=AsyncMock, side_effect=mocked_requests_get)\n    async def test_oauth_integration_success(self, mock_post):\n        client = Client(\"write_key\", on_error=self.fail, oauth_auth_server=\"http://127.0.0.1:80\",\n                        oauth_client_id=\"id\", oauth_client_key=privatekey, oauth_key_id=\"keyid\")\n>       await client.track(\"user\", \"event\")\nE       TypeError: object tuple can't be used in 'await' expression\n\nsegment\\analytics\\test\\test_oauth.py:126: TypeError"
      },
      "teardown": {
        "outcome": "passed"
      }
    },
    {
      "nodeid": "segment/analytics/test/test_request.py::TestRequests::test_date_serialization",
      "lineno": 32,
      "outcome": "passed",
      "keywords": [
        "test_date_serialization",
        "TestRequests",
        "test_request.py",
        "test",
        "analytics",
        "segment",
        "segmentio@analytics-python__603632f3__requests__aiohttp",
        ""
      ],
      "setup": {
        "outcome": "passed"
      },
      "call": {
        "outcome": "passed"
      },
      "teardown": {
        "outcome": "passed"
      }
    },
    {
      "nodeid": "segment/analytics/test/test_request.py::TestRequests::test_datetime_serialization",
      "lineno": 27,
      "outcome": "passed",
      "keywords": [
        "test_datetime_serialization",
        "TestRequests",
        "test_request.py",
        "test",
        "analytics",
        "segment",
        "segmentio@analytics-python__603632f3__requests__aiohttp",
        ""
      ],
      "setup": {
        "outcome": "passed"
      },
      "call": {
        "outcome": "passed"
      },
      "teardown": {
        "outcome": "passed"
      }
    },
    {
      "nodeid": "segment/analytics/test/test_request.py::TestRequests::test_invalid_host",
      "lineno": 23,
      "outcome": "passed",
      "keywords": [
        "test_invalid_host",
        "TestRequests",
        "test_request.py",
        "test",
        "analytics",
        "segment",
        "segmentio@analytics-python__603632f3__requests__aiohttp",
        ""
      ],
      "setup": {
        "outcome": "passed"
      },
      "call": {
        "outcome": "passed",
        "stderr": "api.segment.io/v1/batch\napi.segment.io/v1/batch\n"
      },
      "teardown": {
        "outcome": "passed"
      }
    },
    {
      "nodeid": "segment/analytics/test/test_request.py::TestRequests::test_invalid_request_error",
      "lineno": 19,
      "outcome": "passed",
      "keywords": [
        "test_invalid_request_error",
        "TestRequests",
        "test_request.py",
        "test",
        "analytics",
        "segment",
        "segmentio@analytics-python__603632f3__requests__aiohttp",
        ""
      ],
      "setup": {
        "outcome": "passed"
      },
      "call": {
        "outcome": "passed"
      },
      "teardown": {
        "outcome": "passed"
      }
    },
    {
      "nodeid": "segment/analytics/test/test_request.py::TestRequests::test_proxies",
      "lineno": 55,
      "outcome": "passed",
      "keywords": [
        "test_proxies",
        "TestRequests",
        "test_request.py",
        "test",
        "analytics",
        "segment",
        "segmentio@analytics-python__603632f3__requests__aiohttp",
        ""
      ],
      "setup": {
        "outcome": "passed"
      },
      "call": {
        "outcome": "passed"
      },
      "teardown": {
        "outcome": "passed"
      }
    },
    {
      "nodeid": "segment/analytics/test/test_request.py::TestRequests::test_should_not_timeout",
      "lineno": 39,
      "outcome": "passed",
      "keywords": [
        "test_should_not_timeout",
        "TestRequests",
        "test_request.py",
        "test",
        "analytics",
        "segment",
        "segmentio@analytics-python__603632f3__requests__aiohttp",
        ""
      ],
      "setup": {
        "outcome": "passed"
      },
      "call": {
        "outcome": "passed"
      },
      "teardown": {
        "outcome": "passed"
      }
    },
    {
      "nodeid": "segment/analytics/test/test_request.py::TestRequests::test_should_timeout",
      "lineno": 47,
      "outcome": "passed",
      "keywords": [
        "test_should_timeout",
        "TestRequests",
        "test_request.py",
        "test",
        "analytics",
        "segment",
        "segmentio@analytics-python__603632f3__requests__aiohttp",
        ""
      ],
      "setup": {
        "outcome": "passed"
      },
      "call": {
        "outcome": "passed"
      },
      "teardown": {
        "outcome": "passed"
      }
    },
    {
      "nodeid": "segment/analytics/test/test_request.py::TestRequests::test_valid_request",
      "lineno": 11,
      "outcome": "passed",
      "keywords": [
        "test_valid_request",
        "TestRequests",
        "test_request.py",
        "test",
        "analytics",
        "segment",
        "segmentio@analytics-python__603632f3__requests__aiohttp",
        ""
      ],
      "setup": {
        "outcome": "passed"
      },
      "call": {
        "outcome": "passed"
      },
      "teardown": {
        "outcome": "passed"
      }
    },
    {
      "nodeid": "segment/analytics/test/test_utils.py::TestUtils::test_bytes",
      "lineno": 57,
      "outcome": "passed",
      "keywords": [
        "test_bytes",
        "TestUtils",
        "test_utils.py",
        "test",
        "analytics",
        "segment",
        "segmentio@analytics-python__603632f3__requests__aiohttp",
        ""
      ],
      "setup": {
        "outcome": "passed"
      },
      "call": {
        "outcome": "passed"
      },
      "teardown": {
        "outcome": "passed"
      }
    },
    {
      "nodeid": "segment/analytics/test/test_utils.py::TestUtils::test_clean",
      "lineno": 23,
      "outcome": "passed",
      "keywords": [
        "test_clean",
        "TestUtils",
        "test_utils.py",
        "test",
        "analytics",
        "segment",
        "segmentio@analytics-python__603632f3__requests__aiohttp",
        ""
      ],
      "setup": {
        "outcome": "passed"
      },
      "call": {
        "outcome": "passed",
        "stderr": "Dictionary values must be serializeable to JSON \"exception\" value This should show up of type <class 'Exception'> is unsupported.\nDictionary values must be serializeable to JSON \"exception\" value This should show up of type <class 'Exception'> is unsupported.\nDictionary values must be serializeable to JSON \"timedelta\" value 0:00:00.000020 of type <class 'datetime.timedelta'> is unsupported.\nDictionary values must be serializeable to JSON \"timedelta\" value 0:00:00.000020 of type <class 'datetime.timedelta'> is unsupported.\n"
      },
      "teardown": {
        "outcome": "passed"
      }
    },
    {
      "nodeid": "segment/analytics/test/test_utils.py::TestUtils::test_clean_fn",
      "lineno": 62,
      "outcome": "passed",
      "keywords": [
        "test_clean_fn",
        "TestUtils",
        "test_utils.py",
        "test",
        "analytics",
        "segment",
        "segmentio@analytics-python__603632f3__requests__aiohttp",
        ""
      ],
      "setup": {
        "outcome": "passed"
      },
      "call": {
        "outcome": "passed",
        "stderr": "Dictionary values must be serializeable to JSON \"fn\" value <function TestUtils.test_clean_fn.<locals>.<lambda> at 0x0000018098428B80> of type <class 'function'> is unsupported.\nDictionary values must be serializeable to JSON \"fn\" value <function TestUtils.test_clean_fn.<locals>.<lambda> at 0x0000018098428B80> of type <class 'function'> is unsupported.\n"
      },
      "teardown": {
        "outcome": "passed"
      }
    },
    {
      "nodeid": "segment/analytics/test/test_utils.py::TestUtils::test_clean_with_dates",
      "lineno": 50,
      "outcome": "passed",
      "keywords": [
        "test_clean_with_dates",
        "TestUtils",
        "test_utils.py",
        "test",
        "analytics",
        "segment",
        "segmentio@analytics-python__603632f3__requests__aiohttp",
        ""
      ],
      "setup": {
        "outcome": "passed"
      },
      "call": {
        "outcome": "passed"
      },
      "teardown": {
        "outcome": "passed"
      }
    },
    {
      "nodeid": "segment/analytics/test/test_utils.py::TestUtils::test_remove_slash",
      "lineno": 68,
      "outcome": "passed",
      "keywords": [
        "test_remove_slash",
        "TestUtils",
        "test_utils.py",
        "test",
        "analytics",
        "segment",
        "segmentio@analytics-python__603632f3__requests__aiohttp",
        ""
      ],
      "setup": {
        "outcome": "passed"
      },
      "call": {
        "outcome": "passed"
      },
      "teardown": {
        "outcome": "passed"
      }
    },
    {
      "nodeid": "segment/analytics/test/test_utils.py::TestUtils::test_timezone_utils",
      "lineno": 11,
      "outcome": "passed",
      "keywords": [
        "test_timezone_utils",
        "TestUtils",
        "test_utils.py",
        "test",
        "analytics",
        "segment",
        "segmentio@analytics-python__603632f3__requests__aiohttp",
        ""
      ],
      "setup": {
        "outcome": "passed"
      },
      "call": {
        "outcome": "passed"
      },
      "teardown": {
        "outcome": "passed"
      }
    }
  ],
  "warnings": [
    {
      "message": "datetime.datetime.utcfromtimestamp() is deprecated and scheduled for removal in a future version. Use timezone-aware objects to represent datetimes in UTC: datetime.datetime.fromtimestamp(timestamp, datetime.UTC).",
      "category": "DeprecationWarning",
      "when": "collect",
      "filename": "D:\\repos\\segmentio@analytics-python__603632f3__requests__aiohttp\\.venv\\Lib\\site-packages\\dateutil\\tz\\tz.py",
      "lineno": 37
    },
    {
      "message": "coroutine 'post' was never awaited",
      "category": "RuntimeWarning",
      "when": "runtest",
      "filename": "D:\\repos\\segmentio@analytics-python__603632f3__requests__aiohttp\\segment\\analytics\\consumer.py",
      "lineno": 141
    },
    {
      "message": "coroutine 'post' was never awaited",
      "category": "RuntimeWarning",
      "when": "runtest",
      "filename": "D:\\repos\\segmentio@analytics-python__603632f3__requests__aiohttp\\segment\\analytics\\consumer.py",
      "lineno": 141
    },
    {
      "message": "coroutine 'post' was never awaited",
      "category": "RuntimeWarning",
      "when": "runtest",
      "filename": "D:\\repos\\segmentio@analytics-python__603632f3__requests__aiohttp\\segment\\analytics\\consumer.py",
      "lineno": 141
    },
    {
      "message": "coroutine 'post' was never awaited",
      "category": "RuntimeWarning",
      "when": "runtest",
      "filename": "D:\\repos\\segmentio@analytics-python__603632f3__requests__aiohttp\\segment\\analytics\\consumer.py",
      "lineno": 141
    },
    {
      "message": "coroutine 'post' was never awaited",
      "category": "RuntimeWarning",
      "when": "runtest",
      "filename": "D:\\repos\\segmentio@analytics-python__603632f3__requests__aiohttp\\segment\\analytics\\consumer.py",
      "lineno": 141
    },
    {
      "message": "coroutine 'post' was never awaited",
      "category": "RuntimeWarning",
      "when": "runtest",
      "filename": "D:\\repos\\segmentio@analytics-python__603632f3__requests__aiohttp\\segment\\analytics\\consumer.py",
      "lineno": 141
    },
    {
      "message": "coroutine 'post' was never awaited",
      "category": "RuntimeWarning",
      "when": "runtest",
      "filename": "D:\\repos\\segmentio@analytics-python__603632f3__requests__aiohttp\\segment\\analytics\\consumer.py",
      "lineno": 141
    },
    {
      "message": "coroutine 'post' was never awaited",
      "category": "RuntimeWarning",
      "when": "runtest",
      "filename": "D:\\repos\\segmentio@analytics-python__603632f3__requests__aiohttp\\segment\\analytics\\consumer.py",
      "lineno": 141
    },
    {
      "message": "coroutine 'post' was never awaited",
      "category": "RuntimeWarning",
      "when": "runtest",
      "filename": "D:\\repos\\segmentio@analytics-python__603632f3__requests__aiohttp\\segment\\analytics\\consumer.py",
      "lineno": 141
    },
    {
      "message": "coroutine 'post' was never awaited",
      "category": "RuntimeWarning",
      "when": "runtest",
      "filename": "D:\\repos\\segmentio@analytics-python__603632f3__requests__aiohttp\\segment\\analytics\\consumer.py",
      "lineno": 141
    },
    {
      "message": "coroutine 'post' was never awaited",
      "category": "RuntimeWarning",
      "when": "runtest",
      "filename": "D:\\repos\\segmentio@analytics-python__603632f3__requests__aiohttp\\segment\\analytics\\consumer.py",
      "lineno": 141
    },
    {
      "message": "coroutine 'post' was never awaited",
      "category": "RuntimeWarning",
      "when": "runtest",
      "filename": "D:\\repos\\segmentio@analytics-python__603632f3__requests__aiohttp\\segment\\analytics\\consumer.py",
      "lineno": 141
    },
    {
      "message": "coroutine 'post' was never awaited",
      "category": "RuntimeWarning",
      "when": "runtest",
      "filename": "D:\\repos\\segmentio@analytics-python__603632f3__requests__aiohttp\\segment\\analytics\\consumer.py",
      "lineno": 141
    },
    {
      "message": "coroutine 'post' was never awaited",
      "category": "RuntimeWarning",
      "when": "runtest",
      "filename": "D:\\repos\\segmentio@analytics-python__603632f3__requests__aiohttp\\segment\\analytics\\consumer.py",
      "lineno": 141
    },
    {
      "message": "coroutine 'post' was never awaited",
      "category": "RuntimeWarning",
      "when": "runtest",
      "filename": "D:\\repos\\segmentio@analytics-python__603632f3__requests__aiohttp\\segment\\analytics\\client.py",
      "lineno": 306
    },
    {
      "message": "coroutine 'post' was never awaited",
      "category": "RuntimeWarning",
      "when": "runtest",
      "filename": "D:\\repos\\segmentio@analytics-python__603632f3__requests__aiohttp\\segment\\analytics\\consumer.py",
      "lineno": 141
    },
    {
      "message": "coroutine 'post' was never awaited",
      "category": "RuntimeWarning",
      "when": "runtest",
      "filename": "D:\\repos\\segmentio@analytics-python__603632f3__requests__aiohttp\\segment\\analytics\\consumer.py",
      "lineno": 141
    },
    {
      "message": "coroutine 'post' was never awaited",
      "category": "RuntimeWarning",
      "when": "runtest",
      "filename": "D:\\repos\\segmentio@analytics-python__603632f3__requests__aiohttp\\segment\\analytics\\consumer.py",
      "lineno": 141
    },
    {
      "message": "coroutine 'post' was never awaited",
      "category": "RuntimeWarning",
      "when": "runtest",
      "filename": "D:\\repos\\segmentio@analytics-python__603632f3__requests__aiohttp\\segment\\analytics\\consumer.py",
      "lineno": 141
    },
    {
      "message": "coroutine 'post' was never awaited",
      "category": "RuntimeWarning",
      "when": "runtest",
      "filename": "D:\\repos\\segmentio@analytics-python__603632f3__requests__aiohttp\\segment\\analytics\\consumer.py",
      "lineno": 141
    },
    {
      "message": "coroutine 'post' was never awaited",
      "category": "RuntimeWarning",
      "when": "runtest",
      "filename": "D:\\repos\\segmentio@analytics-python__603632f3__requests__aiohttp\\segment\\analytics\\consumer.py",
      "lineno": 141
    },
    {
      "message": "coroutine 'post' was never awaited",
      "category": "RuntimeWarning",
      "when": "runtest",
      "filename": "D:\\repos\\segmentio@analytics-python__603632f3__requests__aiohttp\\segment\\analytics\\consumer.py",
      "lineno": 141
    },
    {
      "message": "coroutine 'post' was never awaited",
      "category": "RuntimeWarning",
      "when": "runtest",
      "filename": "D:\\repos\\segmentio@analytics-python__603632f3__requests__aiohttp\\segment\\analytics\\consumer.py",
      "lineno": 141
    },
    {
      "message": "coroutine 'post' was never awaited",
      "category": "RuntimeWarning",
      "when": "runtest",
      "filename": "D:\\repos\\segmentio@analytics-python__603632f3__requests__aiohttp\\segment\\analytics\\consumer.py",
      "lineno": 141
    },
    {
      "message": "coroutine 'AsyncMockMixin._execute_mock_call' was never awaited\nCoroutine created at (most recent call last)\n  File \"C:\\Users\\Mohay\\AppData\\Local\\Programs\\Python\\Python312\\Lib\\asyncio\\base_events.py\", line 641, in run_forever\n    self._run_once()\n  File \"C:\\Users\\Mohay\\AppData\\Local\\Programs\\Python\\Python312\\Lib\\asyncio\\base_events.py\", line 1979, in _run_once\n    handle._run()\n  File \"C:\\Users\\Mohay\\AppData\\Local\\Programs\\Python\\Python312\\Lib\\asyncio\\events.py\", line 88, in _run\n    self._context.run(self._callback, *self._args)\n  File \"C:\\Users\\Mohay\\AppData\\Local\\Programs\\Python\\Python312\\Lib\\unittest\\mock.py\", line 1407, in patched\n    return await func(*newargs, **newkeywargs)\n  File \"D:\\repos\\segmentio@analytics-python__603632f3__requests__aiohttp\\segment\\analytics\\test\\test_oauth.py\", line 94, in test_oauth_fail_unrecoverably\n    await manager.get_token()\n  File \"D:\\repos\\segmentio@analytics-python__603632f3__requests__aiohttp\\segment\\analytics\\oauth_manager.py\", line 45, in get_token\n    await self._poller_loop()\n  File \"D:\\repos\\segmentio@analytics-python__603632f3__requests__aiohttp\\segment\\analytics\\oauth_manager.py\", line 104, in _poller_loop\n    response = await self._request_token()\n  File \"D:\\repos\\segmentio@analytics-python__603632f3__requests__aiohttp\\segment\\analytics\\oauth_manager.py\", line 88, in _request_token\n    async with self.session.post(\n  File \"C:\\Users\\Mohay\\AppData\\Local\\Programs\\Python\\Python312\\Lib\\unittest\\mock.py\", line 1134, in __call__\n    return self._mock_call(*args, **kwargs)\n  File \"C:\\Users\\Mohay\\AppData\\Local\\Programs\\Python\\Python312\\Lib\\unittest\\mock.py\", line 1138, in _mock_call\n    return self._execute_mock_call(*args, **kwargs)",
      "category": "RuntimeWarning",
      "when": "runtest",
      "filename": "D:\\repos\\segmentio@analytics-python__603632f3__requests__aiohttp\\segment\\analytics\\oauth_manager.py",
      "lineno": 88
    },
    {
      "message": "coroutine 'AsyncMockMixin._execute_mock_call' was never awaited\nCoroutine created at (most recent call last)\n  File \"C:\\Users\\Mohay\\AppData\\Local\\Programs\\Python\\Python312\\Lib\\asyncio\\base_events.py\", line 1979, in _run_once\n    handle._run()\n  File \"C:\\Users\\Mohay\\AppData\\Local\\Programs\\Python\\Python312\\Lib\\asyncio\\events.py\", line 88, in _run\n    self._context.run(self._callback, *self._args)\n  File \"C:\\Users\\Mohay\\AppData\\Local\\Programs\\Python\\Python312\\Lib\\unittest\\mock.py\", line 1407, in patched\n    return await func(*newargs, **newkeywargs)\n  File \"D:\\repos\\segmentio@analytics-python__603632f3__requests__aiohttp\\segment\\analytics\\test\\test_oauth.py\", line 94, in test_oauth_fail_unrecoverably\n    await manager.get_token()\n  File \"D:\\repos\\segmentio@analytics-python__603632f3__requests__aiohttp\\segment\\analytics\\oauth_manager.py\", line 45, in get_token\n    await self._poller_loop()\n  File \"D:\\repos\\segmentio@analytics-python__603632f3__requests__aiohttp\\segment\\analytics\\oauth_manager.py\", line 110, in _poller_loop\n    await self._poller_loop()\n  File \"D:\\repos\\segmentio@analytics-python__603632f3__requests__aiohttp\\segment\\analytics\\oauth_manager.py\", line 104, in _poller_loop\n    response = await self._request_token()\n  File \"D:\\repos\\segmentio@analytics-python__603632f3__requests__aiohttp\\segment\\analytics\\oauth_manager.py\", line 88, in _request_token\n    async with self.session.post(\n  File \"C:\\Users\\Mohay\\AppData\\Local\\Programs\\Python\\Python312\\Lib\\unittest\\mock.py\", line 1134, in __call__\n    return self._mock_call(*args, **kwargs)\n  File \"C:\\Users\\Mohay\\AppData\\Local\\Programs\\Python\\Python312\\Lib\\unittest\\mock.py\", line 1138, in _mock_call\n    return self._execute_mock_call(*args, **kwargs)",
      "category": "RuntimeWarning",
      "when": "runtest",
      "filename": "D:\\repos\\segmentio@analytics-python__603632f3__requests__aiohttp\\segment\\analytics\\oauth_manager.py",
      "lineno": 88
    },
    {
      "message": "coroutine 'AsyncMockMixin._execute_mock_call' was never awaited\nCoroutine created at (most recent call last)\n  File \"C:\\Users\\Mohay\\AppData\\Local\\Programs\\Python\\Python312\\Lib\\asyncio\\events.py\", line 88, in _run\n    self._context.run(self._callback, *self._args)\n  File \"C:\\Users\\Mohay\\AppData\\Local\\Programs\\Python\\Python312\\Lib\\unittest\\mock.py\", line 1407, in patched\n    return await func(*newargs, **newkeywargs)\n  File \"D:\\repos\\segmentio@analytics-python__603632f3__requests__aiohttp\\segment\\analytics\\test\\test_oauth.py\", line 94, in test_oauth_fail_unrecoverably\n    await manager.get_token()\n  File \"D:\\repos\\segmentio@analytics-python__603632f3__requests__aiohttp\\segment\\analytics\\oauth_manager.py\", line 45, in get_token\n    await self._poller_loop()\n  File \"D:\\repos\\segmentio@analytics-python__603632f3__requests__aiohttp\\segment\\analytics\\oauth_manager.py\", line 110, in _poller_loop\n    await self._poller_loop()\n  File \"D:\\repos\\segmentio@analytics-python__603632f3__requests__aiohttp\\segment\\analytics\\oauth_manager.py\", line 110, in _poller_loop\n    await self._poller_loop()\n  File \"D:\\repos\\segmentio@analytics-python__603632f3__requests__aiohttp\\segment\\analytics\\oauth_manager.py\", line 104, in _poller_loop\n    response = await self._request_token()\n  File \"D:\\repos\\segmentio@analytics-python__603632f3__requests__aiohttp\\segment\\analytics\\oauth_manager.py\", line 88, in _request_token\n    async with self.session.post(\n  File \"C:\\Users\\Mohay\\AppData\\Local\\Programs\\Python\\Python312\\Lib\\unittest\\mock.py\", line 1134, in __call__\n    return self._mock_call(*args, **kwargs)\n  File \"C:\\Users\\Mohay\\AppData\\Local\\Programs\\Python\\Python312\\Lib\\unittest\\mock.py\", line 1138, in _mock_call\n    return self._execute_mock_call(*args, **kwargs)",
      "category": "RuntimeWarning",
      "when": "runtest",
      "filename": "D:\\repos\\segmentio@analytics-python__603632f3__requests__aiohttp\\segment\\analytics\\oauth_manager.py",
      "lineno": 88
    },
    {
      "message": "coroutine 'AsyncMockMixin._execute_mock_call' was never awaited\nCoroutine created at (most recent call last)\n  File \"C:\\Users\\Mohay\\AppData\\Local\\Programs\\Python\\Python312\\Lib\\asyncio\\base_events.py\", line 641, in run_forever\n    self._run_once()\n  File \"C:\\Users\\Mohay\\AppData\\Local\\Programs\\Python\\Python312\\Lib\\asyncio\\base_events.py\", line 1979, in _run_once\n    handle._run()\n  File \"C:\\Users\\Mohay\\AppData\\Local\\Programs\\Python\\Python312\\Lib\\asyncio\\events.py\", line 88, in _run\n    self._context.run(self._callback, *self._args)\n  File \"C:\\Users\\Mohay\\AppData\\Local\\Programs\\Python\\Python312\\Lib\\unittest\\mock.py\", line 1407, in patched\n    return await func(*newargs, **newkeywargs)\n  File \"D:\\repos\\segmentio@analytics-python__603632f3__requests__aiohttp\\segment\\analytics\\test\\test_oauth.py\", line 103, in test_oauth_fail_with_retries\n    await manager.get_token()\n  File \"D:\\repos\\segmentio@analytics-python__603632f3__requests__aiohttp\\segment\\analytics\\oauth_manager.py\", line 45, in get_token\n    await self._poller_loop()\n  File \"D:\\repos\\segmentio@analytics-python__603632f3__requests__aiohttp\\segment\\analytics\\oauth_manager.py\", line 104, in _poller_loop\n    response = await self._request_token()\n  File \"D:\\repos\\segmentio@analytics-python__603632f3__requests__aiohttp\\segment\\analytics\\oauth_manager.py\", line 88, in _request_token\n    async with self.session.post(\n  File \"C:\\Users\\Mohay\\AppData\\Local\\Programs\\Python\\Python312\\Lib\\unittest\\mock.py\", line 1134, in __call__\n    return self._mock_call(*args, **kwargs)\n  File \"C:\\Users\\Mohay\\AppData\\Local\\Programs\\Python\\Python312\\Lib\\unittest\\mock.py\", line 1138, in _mock_call\n    return self._execute_mock_call(*args, **kwargs)",
      "category": "RuntimeWarning",
      "when": "runtest",
      "filename": "D:\\repos\\segmentio@analytics-python__603632f3__requests__aiohttp\\segment\\analytics\\oauth_manager.py",
      "lineno": 88
    },
    {
      "message": "coroutine 'AsyncMockMixin._execute_mock_call' was never awaited\nCoroutine created at (most recent call last)\n  File \"C:\\Users\\Mohay\\AppData\\Local\\Programs\\Python\\Python312\\Lib\\asyncio\\base_events.py\", line 1979, in _run_once\n    handle._run()\n  File \"C:\\Users\\Mohay\\AppData\\Local\\Programs\\Python\\Python312\\Lib\\asyncio\\events.py\", line 88, in _run\n    self._context.run(self._callback, *self._args)\n  File \"C:\\Users\\Mohay\\AppData\\Local\\Programs\\Python\\Python312\\Lib\\unittest\\mock.py\", line 1407, in patched\n    return await func(*newargs, **newkeywargs)\n  File \"D:\\repos\\segmentio@analytics-python__603632f3__requests__aiohttp\\segment\\analytics\\test\\test_oauth.py\", line 103, in test_oauth_fail_with_retries\n    await manager.get_token()\n  File \"D:\\repos\\segmentio@analytics-python__603632f3__requests__aiohttp\\segment\\analytics\\oauth_manager.py\", line 45, in get_token\n    await self._poller_loop()\n  File \"D:\\repos\\segmentio@analytics-python__603632f3__requests__aiohttp\\segment\\analytics\\oauth_manager.py\", line 110, in _poller_loop\n    await self._poller_loop()\n  File \"D:\\repos\\segmentio@analytics-python__603632f3__requests__aiohttp\\segment\\analytics\\oauth_manager.py\", line 104, in _poller_loop\n    response = await self._request_token()\n  File \"D:\\repos\\segmentio@analytics-python__603632f3__requests__aiohttp\\segment\\analytics\\oauth_manager.py\", line 88, in _request_token\n    async with self.session.post(\n  File \"C:\\Users\\Mohay\\AppData\\Local\\Programs\\Python\\Python312\\Lib\\unittest\\mock.py\", line 1134, in __call__\n    return self._mock_call(*args, **kwargs)\n  File \"C:\\Users\\Mohay\\AppData\\Local\\Programs\\Python\\Python312\\Lib\\unittest\\mock.py\", line 1138, in _mock_call\n    return self._execute_mock_call(*args, **kwargs)",
      "category": "RuntimeWarning",
      "when": "runtest",
      "filename": "D:\\repos\\segmentio@analytics-python__603632f3__requests__aiohttp\\segment\\analytics\\oauth_manager.py",
      "lineno": 88
    },
    {
      "message": "coroutine 'AsyncMockMixin._execute_mock_call' was never awaited\nCoroutine created at (most recent call last)\n  File \"C:\\Users\\Mohay\\AppData\\Local\\Programs\\Python\\Python312\\Lib\\asyncio\\events.py\", line 88, in _run\n    self._context.run(self._callback, *self._args)\n  File \"C:\\Users\\Mohay\\AppData\\Local\\Programs\\Python\\Python312\\Lib\\unittest\\mock.py\", line 1407, in patched\n    return await func(*newargs, **newkeywargs)\n  File \"D:\\repos\\segmentio@analytics-python__603632f3__requests__aiohttp\\segment\\analytics\\test\\test_oauth.py\", line 103, in test_oauth_fail_with_retries\n    await manager.get_token()\n  File \"D:\\repos\\segmentio@analytics-python__603632f3__requests__aiohttp\\segment\\analytics\\oauth_manager.py\", line 45, in get_token\n    await self._poller_loop()\n  File \"D:\\repos\\segmentio@analytics-python__603632f3__requests__aiohttp\\segment\\analytics\\oauth_manager.py\", line 110, in _poller_loop\n    await self._poller_loop()\n  File \"D:\\repos\\segmentio@analytics-python__603632f3__requests__aiohttp\\segment\\analytics\\oauth_manager.py\", line 110, in _poller_loop\n    await self._poller_loop()\n  File \"D:\\repos\\segmentio@analytics-python__603632f3__requests__aiohttp\\segment\\analytics\\oauth_manager.py\", line 104, in _poller_loop\n    response = await self._request_token()\n  File \"D:\\repos\\segmentio@analytics-python__603632f3__requests__aiohttp\\segment\\analytics\\oauth_manager.py\", line 88, in _request_token\n    async with self.session.post(\n  File \"C:\\Users\\Mohay\\AppData\\Local\\Programs\\Python\\Python312\\Lib\\unittest\\mock.py\", line 1134, in __call__\n    return self._mock_call(*args, **kwargs)\n  File \"C:\\Users\\Mohay\\AppData\\Local\\Programs\\Python\\Python312\\Lib\\unittest\\mock.py\", line 1138, in _mock_call\n    return self._execute_mock_call(*args, **kwargs)",
      "category": "RuntimeWarning",
      "when": "runtest",
      "filename": "D:\\repos\\segmentio@analytics-python__603632f3__requests__aiohttp\\segment\\analytics\\oauth_manager.py",
      "lineno": 88
    },
    {
      "message": "coroutine 'AsyncMockMixin._execute_mock_call' was never awaited\nCoroutine created at (most recent call last)\n  File \"C:\\Users\\Mohay\\AppData\\Local\\Programs\\Python\\Python312\\Lib\\asyncio\\windows_events.py\", line 322, in run_forever\n    super().run_forever()\n  File \"C:\\Users\\Mohay\\AppData\\Local\\Programs\\Python\\Python312\\Lib\\asyncio\\base_events.py\", line 641, in run_forever\n    self._run_once()\n  File \"C:\\Users\\Mohay\\AppData\\Local\\Programs\\Python\\Python312\\Lib\\asyncio\\base_events.py\", line 1979, in _run_once\n    handle._run()\n  File \"C:\\Users\\Mohay\\AppData\\Local\\Programs\\Python\\Python312\\Lib\\asyncio\\events.py\", line 88, in _run\n    self._context.run(self._callback, *self._args)\n  File \"C:\\Users\\Mohay\\AppData\\Local\\Programs\\Python\\Python312\\Lib\\unittest\\mock.py\", line 1407, in patched\n    return await func(*newargs, **newkeywargs)\n  File \"D:\\repos\\segmentio@analytics-python__603632f3__requests__aiohttp\\segment\\analytics\\test\\test_oauth.py\", line 112, in test_oauth_rate_limit_delay\n    await manager._poller_loop()\n  File \"D:\\repos\\segmentio@analytics-python__603632f3__requests__aiohttp\\segment\\analytics\\oauth_manager.py\", line 104, in _poller_loop\n    response = await self._request_token()\n  File \"D:\\repos\\segmentio@analytics-python__603632f3__requests__aiohttp\\segment\\analytics\\oauth_manager.py\", line 88, in _request_token\n    async with self.session.post(\n  File \"C:\\Users\\Mohay\\AppData\\Local\\Programs\\Python\\Python312\\Lib\\unittest\\mock.py\", line 1134, in __call__\n    return self._mock_call(*args, **kwargs)\n  File \"C:\\Users\\Mohay\\AppData\\Local\\Programs\\Python\\Python312\\Lib\\unittest\\mock.py\", line 1138, in _mock_call\n    return self._execute_mock_call(*args, **kwargs)",
      "category": "RuntimeWarning",
      "when": "runtest",
      "filename": "D:\\repos\\segmentio@analytics-python__603632f3__requests__aiohttp\\segment\\analytics\\oauth_manager.py",
      "lineno": 88
    },
    {
      "message": "coroutine 'AsyncMockMixin._execute_mock_call' was never awaited\nCoroutine created at (most recent call last)\n  File \"C:\\Users\\Mohay\\AppData\\Local\\Programs\\Python\\Python312\\Lib\\asyncio\\base_events.py\", line 641, in run_forever\n    self._run_once()\n  File \"C:\\Users\\Mohay\\AppData\\Local\\Programs\\Python\\Python312\\Lib\\asyncio\\base_events.py\", line 1979, in _run_once\n    handle._run()\n  File \"C:\\Users\\Mohay\\AppData\\Local\\Programs\\Python\\Python312\\Lib\\asyncio\\events.py\", line 88, in _run\n    self._context.run(self._callback, *self._args)\n  File \"C:\\Users\\Mohay\\AppData\\Local\\Programs\\Python\\Python312\\Lib\\unittest\\mock.py\", line 1407, in patched\n    return await func(*newargs, **newkeywargs)\n  File \"D:\\repos\\segmentio@analytics-python__603632f3__requests__aiohttp\\segment\\analytics\\test\\test_oauth.py\", line 112, in test_oauth_rate_limit_delay\n    await manager._poller_loop()\n  File \"D:\\repos\\segmentio@analytics-python__603632f3__requests__aiohttp\\segment\\analytics\\oauth_manager.py\", line 110, in _poller_loop\n    await self._poller_loop()\n  File \"D:\\repos\\segmentio@analytics-python__603632f3__requests__aiohttp\\segment\\analytics\\oauth_manager.py\", line 104, in _poller_loop\n    response = await self._request_token()\n  File \"D:\\repos\\segmentio@analytics-python__603632f3__requests__aiohttp\\segment\\analytics\\oauth_manager.py\", line 88, in _request_token\n    async with self.session.post(\n  File \"C:\\Users\\Mohay\\AppData\\Local\\Programs\\Python\\Python312\\Lib\\unittest\\mock.py\", line 1134, in __call__\n    return self._mock_call(*args, **kwargs)\n  File \"C:\\Users\\Mohay\\AppData\\Local\\Programs\\Python\\Python312\\Lib\\unittest\\mock.py\", line 1138, in _mock_call\n    return self._execute_mock_call(*args, **kwargs)",
      "category": "RuntimeWarning",
      "when": "runtest",
      "filename": "D:\\repos\\segmentio@analytics-python__603632f3__requests__aiohttp\\segment\\analytics\\oauth_manager.py",
      "lineno": 88
    },
    {
      "message": "coroutine 'AsyncMockMixin._execute_mock_call' was never awaited\nCoroutine created at (most recent call last)\n  File \"C:\\Users\\Mohay\\AppData\\Local\\Programs\\Python\\Python312\\Lib\\asyncio\\base_events.py\", line 1979, in _run_once\n    handle._run()\n  File \"C:\\Users\\Mohay\\AppData\\Local\\Programs\\Python\\Python312\\Lib\\asyncio\\events.py\", line 88, in _run\n    self._context.run(self._callback, *self._args)\n  File \"C:\\Users\\Mohay\\AppData\\Local\\Programs\\Python\\Python312\\Lib\\unittest\\mock.py\", line 1407, in patched\n    return await func(*newargs, **newkeywargs)\n  File \"D:\\repos\\segmentio@analytics-python__603632f3__requests__aiohttp\\segment\\analytics\\test\\test_oauth.py\", line 112, in test_oauth_rate_limit_delay\n    await manager._poller_loop()\n  File \"D:\\repos\\segmentio@analytics-python__603632f3__requests__aiohttp\\segment\\analytics\\oauth_manager.py\", line 110, in _poller_loop\n    await self._poller_loop()\n  File \"D:\\repos\\segmentio@analytics-python__603632f3__requests__aiohttp\\segment\\analytics\\oauth_manager.py\", line 110, in _poller_loop\n    await self._poller_loop()\n  File \"D:\\repos\\segmentio@analytics-python__603632f3__requests__aiohttp\\segment\\analytics\\oauth_manager.py\", line 104, in _poller_loop\n    response = await self._request_token()\n  File \"D:\\repos\\segmentio@analytics-python__603632f3__requests__aiohttp\\segment\\analytics\\oauth_manager.py\", line 88, in _request_token\n    async with self.session.post(\n  File \"C:\\Users\\Mohay\\AppData\\Local\\Programs\\Python\\Python312\\Lib\\unittest\\mock.py\", line 1134, in __call__\n    return self._mock_call(*args, **kwargs)\n  File \"C:\\Users\\Mohay\\AppData\\Local\\Programs\\Python\\Python312\\Lib\\unittest\\mock.py\", line 1138, in _mock_call\n    return self._execute_mock_call(*args, **kwargs)",
      "category": "RuntimeWarning",
      "when": "runtest",
      "filename": "D:\\repos\\segmentio@analytics-python__603632f3__requests__aiohttp\\segment\\analytics\\oauth_manager.py",
      "lineno": 88
    },
    {
      "message": "coroutine 'AsyncMockMixin._execute_mock_call' was never awaited\nCoroutine created at (most recent call last)\n  File \"C:\\Users\\Mohay\\AppData\\Local\\Programs\\Python\\Python312\\Lib\\asyncio\\base_events.py\", line 641, in run_forever\n    self._run_once()\n  File \"C:\\Users\\Mohay\\AppData\\Local\\Programs\\Python\\Python312\\Lib\\asyncio\\base_events.py\", line 1979, in _run_once\n    handle._run()\n  File \"C:\\Users\\Mohay\\AppData\\Local\\Programs\\Python\\Python312\\Lib\\asyncio\\events.py\", line 88, in _run\n    self._context.run(self._callback, *self._args)\n  File \"C:\\Users\\Mohay\\AppData\\Local\\Programs\\Python\\Python312\\Lib\\unittest\\mock.py\", line 1407, in patched\n    return await func(*newargs, **newkeywargs)\n  File \"D:\\repos\\segmentio@analytics-python__603632f3__requests__aiohttp\\segment\\analytics\\test\\test_oauth.py\", line 83, in test_oauth_success\n    self.assertEqual(await manager.get_token(), \"test_token\")\n  File \"D:\\repos\\segmentio@analytics-python__603632f3__requests__aiohttp\\segment\\analytics\\oauth_manager.py\", line 45, in get_token\n    await self._poller_loop()\n  File \"D:\\repos\\segmentio@analytics-python__603632f3__requests__aiohttp\\segment\\analytics\\oauth_manager.py\", line 104, in _poller_loop\n    response = await self._request_token()\n  File \"D:\\repos\\segmentio@analytics-python__603632f3__requests__aiohttp\\segment\\analytics\\oauth_manager.py\", line 88, in _request_token\n    async with self.session.post(\n  File \"C:\\Users\\Mohay\\AppData\\Local\\Programs\\Python\\Python312\\Lib\\unittest\\mock.py\", line 1134, in __call__\n    return self._mock_call(*args, **kwargs)\n  File \"C:\\Users\\Mohay\\AppData\\Local\\Programs\\Python\\Python312\\Lib\\unittest\\mock.py\", line 1138, in _mock_call\n    return self._execute_mock_call(*args, **kwargs)",
      "category": "RuntimeWarning",
      "when": "runtest",
      "filename": "D:\\repos\\segmentio@analytics-python__603632f3__requests__aiohttp\\segment\\analytics\\oauth_manager.py",
      "lineno": 88
    },
    {
      "message": "coroutine 'AsyncMockMixin._execute_mock_call' was never awaited\nCoroutine created at (most recent call last)\n  File \"C:\\Users\\Mohay\\AppData\\Local\\Programs\\Python\\Python312\\Lib\\asyncio\\base_events.py\", line 1979, in _run_once\n    handle._run()\n  File \"C:\\Users\\Mohay\\AppData\\Local\\Programs\\Python\\Python312\\Lib\\asyncio\\events.py\", line 88, in _run\n    self._context.run(self._callback, *self._args)\n  File \"C:\\Users\\Mohay\\AppData\\Local\\Programs\\Python\\Python312\\Lib\\unittest\\mock.py\", line 1407, in patched\n    return await func(*newargs, **newkeywargs)\n  File \"D:\\repos\\segmentio@analytics-python__603632f3__requests__aiohttp\\segment\\analytics\\test\\test_oauth.py\", line 83, in test_oauth_success\n    self.assertEqual(await manager.get_token(), \"test_token\")\n  File \"D:\\repos\\segmentio@analytics-python__603632f3__requests__aiohttp\\segment\\analytics\\oauth_manager.py\", line 45, in get_token\n    await self._poller_loop()\n  File \"D:\\repos\\segmentio@analytics-python__603632f3__requests__aiohttp\\segment\\analytics\\oauth_manager.py\", line 110, in _poller_loop\n    await self._poller_loop()\n  File \"D:\\repos\\segmentio@analytics-python__603632f3__requests__aiohttp\\segment\\analytics\\oauth_manager.py\", line 104, in _poller_loop\n    response = await self._request_token()\n  File \"D:\\repos\\segmentio@analytics-python__603632f3__requests__aiohttp\\segment\\analytics\\oauth_manager.py\", line 88, in _request_token\n    async with self.session.post(\n  File \"C:\\Users\\Mohay\\AppData\\Local\\Programs\\Python\\Python312\\Lib\\unittest\\mock.py\", line 1134, in __call__\n    return self._mock_call(*args, **kwargs)\n  File \"C:\\Users\\Mohay\\AppData\\Local\\Programs\\Python\\Python312\\Lib\\unittest\\mock.py\", line 1138, in _mock_call\n    return self._execute_mock_call(*args, **kwargs)",
      "category": "RuntimeWarning",
      "when": "runtest",
      "filename": "D:\\repos\\segmentio@analytics-python__603632f3__requests__aiohttp\\segment\\analytics\\oauth_manager.py",
      "lineno": 88
    },
    {
      "message": "coroutine 'AsyncMockMixin._execute_mock_call' was never awaited\nCoroutine created at (most recent call last)\n  File \"C:\\Users\\Mohay\\AppData\\Local\\Programs\\Python\\Python312\\Lib\\asyncio\\events.py\", line 88, in _run\n    self._context.run(self._callback, *self._args)\n  File \"C:\\Users\\Mohay\\AppData\\Local\\Programs\\Python\\Python312\\Lib\\unittest\\mock.py\", line 1407, in patched\n    return await func(*newargs, **newkeywargs)\n  File \"D:\\repos\\segmentio@analytics-python__603632f3__requests__aiohttp\\segment\\analytics\\test\\test_oauth.py\", line 83, in test_oauth_success\n    self.assertEqual(await manager.get_token(), \"test_token\")\n  File \"D:\\repos\\segmentio@analytics-python__603632f3__requests__aiohttp\\segment\\analytics\\oauth_manager.py\", line 45, in get_token\n    await self._poller_loop()\n  File \"D:\\repos\\segmentio@analytics-python__603632f3__requests__aiohttp\\segment\\analytics\\oauth_manager.py\", line 110, in _poller_loop\n    await self._poller_loop()\n  File \"D:\\repos\\segmentio@analytics-python__603632f3__requests__aiohttp\\segment\\analytics\\oauth_manager.py\", line 110, in _poller_loop\n    await self._poller_loop()\n  File \"D:\\repos\\segmentio@analytics-python__603632f3__requests__aiohttp\\segment\\analytics\\oauth_manager.py\", line 104, in _poller_loop\n    response = await self._request_token()\n  File \"D:\\repos\\segmentio@analytics-python__603632f3__requests__aiohttp\\segment\\analytics\\oauth_manager.py\", line 88, in _request_token\n    async with self.session.post(\n  File \"C:\\Users\\Mohay\\AppData\\Local\\Programs\\Python\\Python312\\Lib\\unittest\\mock.py\", line 1134, in __call__\n    return self._mock_call(*args, **kwargs)\n  File \"C:\\Users\\Mohay\\AppData\\Local\\Programs\\Python\\Python312\\Lib\\unittest\\mock.py\", line 1138, in _mock_call\n    return self._execute_mock_call(*args, **kwargs)",
      "category": "RuntimeWarning",
      "when": "runtest",
      "filename": "D:\\repos\\segmentio@analytics-python__603632f3__requests__aiohttp\\segment\\analytics\\oauth_manager.py",
      "lineno": 88
    },
    {
      "message": "coroutine 'post' was never awaited",
      "category": "RuntimeWarning",
      "when": "runtest",
      "filename": "D:\\repos\\segmentio@analytics-python__603632f3__requests__aiohttp\\segment\\analytics\\consumer.py",
      "lineno": 141
    },
    {
      "message": "datetime.datetime.utcnow() is deprecated and scheduled for removal in a future version. Use timezone-aware objects to represent datetimes in UTC: datetime.datetime.now(datetime.UTC).",
      "category": "DeprecationWarning",
      "when": "runtest",
      "filename": "D:\\repos\\segmentio@analytics-python__603632f3__requests__aiohttp\\segment\\analytics\\test\\test_utils.py",
      "lineno": 54
    }
  ]
}