{
  "exitcode": 1,
  "summary": {
    "passed": 10,
    "failed": 16,
    "total": 26,
    "collected": 26
  },
  "collectors": [
    {
      "nodeid": "",
      "outcome": "passed",
      "result": [
        {
          "nodeid": ".",
          "type": "Dir"
        }
      ]
    },
    {
      "nodeid": "docs/_static/css",
      "outcome": "passed",
      "result": []
    },
    {
      "nodeid": "docs/_static",
      "outcome": "passed",
      "result": [
        {
          "nodeid": "docs/_static/css",
          "type": "Dir"
        }
      ]
    },
    {
      "nodeid": "docs/_templates",
      "outcome": "passed",
      "result": []
    },
    {
      "nodeid": "docs",
      "outcome": "passed",
      "result": [
        {
          "nodeid": "docs/_static",
          "type": "Dir"
        },
        {
          "nodeid": "docs/_templates",
          "type": "Dir"
        }
      ]
    },
    {
      "nodeid": "test_dir",
      "outcome": "passed",
      "result": []
    },
    {
      "nodeid": "tests/test_cache.py::TestUnpywallCache",
      "outcome": "passed",
      "result": [
        {
          "nodeid": "tests/test_cache.py::TestUnpywallCache::test_reset_cache",
          "type": "Function",
          "lineno": 41
        },
        {
          "nodeid": "tests/test_cache.py::TestUnpywallCache::test_delete",
          "type": "Function",
          "lineno": 46
        },
        {
          "nodeid": "tests/test_cache.py::TestUnpywallCache::test_timeout",
          "type": "Coroutine",
          "lineno": 54
        },
        {
          "nodeid": "tests/test_cache.py::TestUnpywallCache::test_get",
          "type": "Coroutine",
          "lineno": 65
        },
        {
          "nodeid": "tests/test_cache.py::TestUnpywallCache::test_save_load",
          "type": "Coroutine",
          "lineno": 82
        },
        {
          "nodeid": "tests/test_cache.py::TestUnpywallCache::test_download",
          "type": "Coroutine",
          "lineno": 105
        }
      ]
    },
    {
      "nodeid": "tests/test_cache.py",
      "outcome": "passed",
      "result": [
        {
          "nodeid": "tests/test_cache.py::TestUnpywallCache",
          "type": "Class"
        }
      ]
    },
    {
      "nodeid": "tests/test_cli.py::TestUnpywallCli",
      "outcome": "passed",
      "result": [
        {
          "nodeid": "tests/test_cli.py::TestUnpywallCli::test_main",
          "type": "Coroutine",
          "lineno": 10
        },
        {
          "nodeid": "tests/test_cli.py::TestUnpywallCli::test_view",
          "type": "Coroutine",
          "lineno": 22
        },
        {
          "nodeid": "tests/test_cli.py::TestUnpywallCli::test_download",
          "type": "Coroutine",
          "lineno": 33
        },
        {
          "nodeid": "tests/test_cli.py::TestUnpywallCli::test_link",
          "type": "Coroutine",
          "lineno": 46
        }
      ]
    },
    {
      "nodeid": "tests/test_cli.py",
      "outcome": "passed",
      "result": [
        {
          "nodeid": "tests/test_cli.py::TestUnpywallCli",
          "type": "Class"
        }
      ]
    },
    {
      "nodeid": "tests/test_unpywall.py::TestUnpywall",
      "outcome": "passed",
      "result": [
        {
          "nodeid": "tests/test_unpywall.py::TestUnpywall::test_init_cache",
          "type": "Function",
          "lineno": 24
        },
        {
          "nodeid": "tests/test_unpywall.py::TestUnpywall::test_validate_dois",
          "type": "Function",
          "lineno": 39
        },
        {
          "nodeid": "tests/test_unpywall.py::TestUnpywall::test_get_df",
          "type": "Coroutine",
          "lineno": 58
        },
        {
          "nodeid": "tests/test_unpywall.py::TestUnpywall::test_doi",
          "type": "Coroutine",
          "lineno": 84
        },
        {
          "nodeid": "tests/test_unpywall.py::TestUnpywall::test_query",
          "type": "Coroutine",
          "lineno": 104
        },
        {
          "nodeid": "tests/test_unpywall.py::TestUnpywall::test_get_json",
          "type": "Coroutine",
          "lineno": 114
        },
        {
          "nodeid": "tests/test_unpywall.py::TestUnpywall::test_get_pdf_link",
          "type": "Coroutine",
          "lineno": 138
        },
        {
          "nodeid": "tests/test_unpywall.py::TestUnpywall::test_get_doc_link",
          "type": "Coroutine",
          "lineno": 144
        },
        {
          "nodeid": "tests/test_unpywall.py::TestUnpywall::test_get_all_links",
          "type": "Coroutine",
          "lineno": 151
        },
        {
          "nodeid": "tests/test_unpywall.py::TestUnpywall::test_download_pdf_handle",
          "type": "Coroutine",
          "lineno": 158
        },
        {
          "nodeid": "tests/test_unpywall.py::TestUnpywall::test_progress",
          "type": "Function",
          "lineno": 165
        },
        {
          "nodeid": "tests/test_unpywall.py::TestUnpywall::test_view_pdf",
          "type": "Coroutine",
          "lineno": 170
        },
        {
          "nodeid": "tests/test_unpywall.py::TestUnpywall::test_download_pdf_file",
          "type": "Coroutine",
          "lineno": 174
        }
      ]
    },
    {
      "nodeid": "tests/test_unpywall.py",
      "outcome": "passed",
      "result": [
        {
          "nodeid": "tests/test_unpywall.py::TestUnpywall",
          "type": "Class"
        }
      ]
    },
    {
      "nodeid": "tests/test_utils.py::TestUnpywallCredentials",
      "outcome": "passed",
      "result": [
        {
          "nodeid": "tests/test_utils.py::TestUnpywallCredentials::test_validate_email",
          "type": "Function",
          "lineno": 7
        }
      ]
    },
    {
      "nodeid": "tests/test_utils.py::TestUnpywallURL",
      "outcome": "passed",
      "result": [
        {
          "nodeid": "tests/test_utils.py::TestUnpywallURL::test_doi_url",
          "type": "Function",
          "lineno": 36
        },
        {
          "nodeid": "tests/test_utils.py::TestUnpywallURL::test_query_url",
          "type": "Function",
          "lineno": 44
        }
      ]
    },
    {
      "nodeid": "tests/test_utils.py",
      "outcome": "passed",
      "result": [
        {
          "nodeid": "tests/test_utils.py::TestUnpywallCredentials",
          "type": "Class"
        },
        {
          "nodeid": "tests/test_utils.py::TestUnpywallURL",
          "type": "Class"
        }
      ]
    },
    {
      "nodeid": "tests",
      "outcome": "passed",
      "result": [
        {
          "nodeid": "tests/test_cache.py",
          "type": "Module"
        },
        {
          "nodeid": "tests/test_cli.py",
          "type": "Module"
        },
        {
          "nodeid": "tests/test_unpywall.py",
          "type": "Module"
        },
        {
          "nodeid": "tests/test_utils.py",
          "type": "Module"
        }
      ]
    },
    {
      "nodeid": "unpywall",
      "outcome": "passed",
      "result": []
    },
    {
      "nodeid": "unpywall.egg-info",
      "outcome": "passed",
      "result": []
    },
    {
      "nodeid": ".",
      "outcome": "passed",
      "result": [
        {
          "nodeid": "docs",
          "type": "Dir"
        },
        {
          "nodeid": "test_dir",
          "type": "Dir"
        },
        {
          "nodeid": "tests",
          "type": "Package"
        },
        {
          "nodeid": "unpywall",
          "type": "Package"
        },
        {
          "nodeid": "unpywall.egg-info",
          "type": "Dir"
        }
      ]
    }
  ],
  "tests": [
    {
      "nodeid": "tests/test_cache.py::TestUnpywallCache::test_reset_cache",
      "lineno": 41,
      "outcome": "passed",
      "keywords": [
        "test_reset_cache",
        "TestUnpywallCache",
        "test_cache.py",
        "tests",
        "unpywall@unpywall__7909fde0__requests__aiohttp",
        ""
      ],
      "setup": {
        "outcome": "passed"
      },
      "call": {
        "outcome": "passed"
      },
      "teardown": {
        "outcome": "passed"
      }
    },
    {
      "nodeid": "tests/test_cache.py::TestUnpywallCache::test_delete",
      "lineno": 46,
      "outcome": "passed",
      "keywords": [
        "test_delete",
        "TestUnpywallCache",
        "test_cache.py",
        "tests",
        "unpywall@unpywall__7909fde0__requests__aiohttp",
        ""
      ],
      "setup": {
        "outcome": "passed"
      },
      "call": {
        "outcome": "passed"
      },
      "teardown": {
        "outcome": "passed"
      }
    },
    {
      "nodeid": "tests/test_cache.py::TestUnpywallCache::test_timeout",
      "lineno": 54,
      "outcome": "passed",
      "keywords": [
        "test_timeout",
        "asyncio",
        "pytestmark",
        "TestUnpywallCache",
        "test_cache.py",
        "tests",
        "unpywall@unpywall__7909fde0__requests__aiohttp",
        ""
      ],
      "setup": {
        "outcome": "passed"
      },
      "call": {
        "outcome": "passed"
      },
      "teardown": {
        "outcome": "passed"
      }
    },
    {
      "nodeid": "tests/test_cache.py::TestUnpywallCache::test_get",
      "lineno": 65,
      "outcome": "failed",
      "keywords": [
        "test_get",
        "asyncio",
        "pytestmark",
        "TestUnpywallCache",
        "test_cache.py",
        "tests",
        "unpywall@unpywall__7909fde0__requests__aiohttp",
        ""
      ],
      "setup": {
        "outcome": "passed"
      },
      "call": {
        "outcome": "failed",
        "crash": {
          "path": "C:\\Users\\Mohay\\AppData\\Local\\Programs\\Python\\Python311\\Lib\\asyncio\\runners.py",
          "lineno": 186,
          "message": "RuntimeError: asyncio.run() cannot be called from a running event loop"
        },
        "traceback": [
          {
            "path": "tests\\test_cache.py",
            "lineno": 81,
            "message": ""
          },
          {
            "path": "C:\\Users\\Mohay\\AppData\\Local\\Programs\\Python\\Python311\\Lib\\asyncio\\runners.py",
            "lineno": 186,
            "message": "RuntimeError"
          }
        ],
        "longrepr": "self = <tests.test_cache.TestUnpywallCache object at 0x00000234F4292A90>\nexample_cache = <unpywall.cache.UnpywallCache object at 0x00000234F44AF690>\nbackup_cache = <unpywall.cache.UnpywallCache object at 0x00000234F44AF1D0>\n\n    @pytest.mark.asyncio\n    async def test_get(self, example_cache, backup_cache):\n        doi = '10.1016/j.jns.2020.116832'\n        example_cache.delete(doi)\n        assert doi not in example_cache.content\n        assert doi not in example_cache.access_times\n    \n        # Use asyncio to run the asynchronous get method\n        async def async_test_get():\n            async with ClientSession() as session:\n                response = await backup_cache.get(doi, session=session)\n                assert isinstance(response, ClientResponse)\n                response = await example_cache.get(doi, ignore_cache=True, session=session)\n                assert isinstance(response, ClientResponse)\n    \n>       asyncio.run(async_test_get())\n\ntests\\test_cache.py:81: \n_ _ _ _ _ _ _ _ _ _ _ _ _ _ _ _ _ _ _ _ _ _ _ _ _ _ _ _ _ _ _ _ _ _ _ _ _ _ _ _\n\nmain = <coroutine object TestUnpywallCache.test_get.<locals>.async_test_get at 0x00000234F45003A0>\n\n    def run(main, *, debug=None):\n        \"\"\"Execute the coroutine and return the result.\n    \n        This function runs the passed coroutine, taking care of\n        managing the asyncio event loop and finalizing asynchronous\n        generators.\n    \n        This function cannot be called when another asyncio event loop is\n        running in the same thread.\n    \n        If debug is True, the event loop will be run in debug mode.\n    \n        This function always creates a new event loop and closes it at the end.\n        It should be used as a main entry point for asyncio programs, and should\n        ideally only be called once.\n    \n        Example:\n    \n            async def main():\n                await asyncio.sleep(1)\n                print('hello')\n    \n            asyncio.run(main())\n        \"\"\"\n        if events._get_running_loop() is not None:\n            # fail fast with short traceback\n>           raise RuntimeError(\n                \"asyncio.run() cannot be called from a running event loop\")\nE           RuntimeError: asyncio.run() cannot be called from a running event loop\n\nC:\\Users\\Mohay\\AppData\\Local\\Programs\\Python\\Python311\\Lib\\asyncio\\runners.py:186: RuntimeError"
      },
      "teardown": {
        "outcome": "passed"
      }
    },
    {
      "nodeid": "tests/test_cache.py::TestUnpywallCache::test_save_load",
      "lineno": 82,
      "outcome": "failed",
      "keywords": [
        "test_save_load",
        "asyncio",
        "pytestmark",
        "TestUnpywallCache",
        "test_cache.py",
        "tests",
        "unpywall@unpywall__7909fde0__requests__aiohttp",
        ""
      ],
      "setup": {
        "outcome": "passed"
      },
      "call": {
        "outcome": "failed",
        "crash": {
          "path": "C:\\Users\\Mohay\\AppData\\Local\\Programs\\Python\\Python311\\Lib\\asyncio\\runners.py",
          "lineno": 186,
          "message": "RuntimeError: asyncio.run() cannot be called from a running event loop"
        },
        "traceback": [
          {
            "path": "tests\\test_cache.py",
            "lineno": 104,
            "message": ""
          },
          {
            "path": "C:\\Users\\Mohay\\AppData\\Local\\Programs\\Python\\Python311\\Lib\\asyncio\\runners.py",
            "lineno": 186,
            "message": "RuntimeError"
          }
        ],
        "longrepr": "self = <tests.test_cache.TestUnpywallCache object at 0x00000234F4293390>\nexample_cache = <unpywall.cache.UnpywallCache object at 0x00000234F4559850>\nbackup_cache = <unpywall.cache.UnpywallCache object at 0x00000234F455A810>\n\n    @pytest.mark.asyncio\n    async def test_save_load(self, example_cache, backup_cache):\n        doi = '10.1016/j.jns.2020.116832'\n        example_cache.delete(doi)\n        assert doi not in example_cache.content\n        assert doi not in example_cache.access_times\n    \n        # Use asyncio to run the asynchronous get method\n        async def async_test_save_load():\n            async with ClientSession() as session:\n                await backup_cache.get(doi, session=session)\n                saved_cache_name = str(uuid.uuid4().hex)\n                example_cache.save(saved_cache_name)\n                UnpywallCache(saved_cache_name)\n                os.remove(saved_cache_name)\n                path = os.path.join(os.getcwd(), 'unpaywall_cache')\n                assert UnpywallCache().name == path\n                os.remove(path)\n                assert doi in backup_cache.content\n                assert doi in backup_cache.access_times\n    \n>       asyncio.run(async_test_save_load())\n\ntests\\test_cache.py:104: \n_ _ _ _ _ _ _ _ _ _ _ _ _ _ _ _ _ _ _ _ _ _ _ _ _ _ _ _ _ _ _ _ _ _ _ _ _ _ _ _\n\nmain = <coroutine object TestUnpywallCache.test_save_load.<locals>.async_test_save_load at 0x00000234F438BDF0>\n\n    def run(main, *, debug=None):\n        \"\"\"Execute the coroutine and return the result.\n    \n        This function runs the passed coroutine, taking care of\n        managing the asyncio event loop and finalizing asynchronous\n        generators.\n    \n        This function cannot be called when another asyncio event loop is\n        running in the same thread.\n    \n        If debug is True, the event loop will be run in debug mode.\n    \n        This function always creates a new event loop and closes it at the end.\n        It should be used as a main entry point for asyncio programs, and should\n        ideally only be called once.\n    \n        Example:\n    \n            async def main():\n                await asyncio.sleep(1)\n                print('hello')\n    \n            asyncio.run(main())\n        \"\"\"\n        if events._get_running_loop() is not None:\n            # fail fast with short traceback\n>           raise RuntimeError(\n                \"asyncio.run() cannot be called from a running event loop\")\nE           RuntimeError: asyncio.run() cannot be called from a running event loop\n\nC:\\Users\\Mohay\\AppData\\Local\\Programs\\Python\\Python311\\Lib\\asyncio\\runners.py:186: RuntimeError"
      },
      "teardown": {
        "outcome": "passed"
      }
    },
    {
      "nodeid": "tests/test_cache.py::TestUnpywallCache::test_download",
      "lineno": 105,
      "outcome": "failed",
      "keywords": [
        "test_download",
        "asyncio",
        "pytestmark",
        "TestUnpywallCache",
        "test_cache.py",
        "tests",
        "unpywall@unpywall__7909fde0__requests__aiohttp",
        ""
      ],
      "setup": {
        "outcome": "passed"
      },
      "call": {
        "outcome": "failed",
        "crash": {
          "path": "C:\\Users\\Mohay\\AppData\\Local\\Programs\\Python\\Python311\\Lib\\asyncio\\runners.py",
          "lineno": 186,
          "message": "RuntimeError: asyncio.run() cannot be called from a running event loop"
        },
        "traceback": [
          {
            "path": "tests\\test_cache.py",
            "lineno": 116,
            "message": ""
          },
          {
            "path": "C:\\Users\\Mohay\\AppData\\Local\\Programs\\Python\\Python311\\Lib\\asyncio\\runners.py",
            "lineno": 186,
            "message": "RuntimeError"
          }
        ],
        "longrepr": "self = <tests.test_cache.TestUnpywallCache object at 0x00000234F4293CD0>\nexample_cache = <unpywall.cache.UnpywallCache object at 0x00000234F44AC710>\n\n    @pytest.mark.asyncio\n    async def test_download(self, example_cache):\n        doi = '10.1016/j.jns.2020.116832'\n    \n        # Use asyncio to run the asynchronous download method\n        async def async_test_download():\n            async with ClientSession() as session:\n                response = await example_cache.download(doi, 'raise', session=session)\n                assert isinstance(response, ClientResponse)\n    \n>       asyncio.run(async_test_download())\n\ntests\\test_cache.py:116: \n_ _ _ _ _ _ _ _ _ _ _ _ _ _ _ _ _ _ _ _ _ _ _ _ _ _ _ _ _ _ _ _ _ _ _ _ _ _ _ _\n\nmain = <coroutine object TestUnpywallCache.test_download.<locals>.async_test_download at 0x00000234F4500EE0>\n\n    def run(main, *, debug=None):\n        \"\"\"Execute the coroutine and return the result.\n    \n        This function runs the passed coroutine, taking care of\n        managing the asyncio event loop and finalizing asynchronous\n        generators.\n    \n        This function cannot be called when another asyncio event loop is\n        running in the same thread.\n    \n        If debug is True, the event loop will be run in debug mode.\n    \n        This function always creates a new event loop and closes it at the end.\n        It should be used as a main entry point for asyncio programs, and should\n        ideally only be called once.\n    \n        Example:\n    \n            async def main():\n                await asyncio.sleep(1)\n                print('hello')\n    \n            asyncio.run(main())\n        \"\"\"\n        if events._get_running_loop() is not None:\n            # fail fast with short traceback\n>           raise RuntimeError(\n                \"asyncio.run() cannot be called from a running event loop\")\nE           RuntimeError: asyncio.run() cannot be called from a running event loop\n\nC:\\Users\\Mohay\\AppData\\Local\\Programs\\Python\\Python311\\Lib\\asyncio\\runners.py:186: RuntimeError"
      },
      "teardown": {
        "outcome": "passed"
      }
    },
    {
      "nodeid": "tests/test_cli.py::TestUnpywallCli::test_main",
      "lineno": 10,
      "outcome": "failed",
      "keywords": [
        "test_main",
        "asyncio",
        "pytestmark",
        "TestUnpywallCli",
        "test_cli.py",
        "tests",
        "unpywall@unpywall__7909fde0__requests__aiohttp",
        ""
      ],
      "setup": {
        "outcome": "passed"
      },
      "call": {
        "outcome": "failed",
        "crash": {
          "path": "D:\\repos\\unpywall@unpywall__7909fde0__requests__aiohttp\\tests\\test_cli.py",
          "lineno": 15,
          "message": "TypeError: __init__() should return None, not 'coroutine'"
        },
        "traceback": [
          {
            "path": "tests\\test_cli.py",
            "lineno": 15,
            "message": "TypeError"
          }
        ],
        "longrepr": "self = <tests.test_cli.TestUnpywallCli object at 0x00000234F42CEDD0>\n\n    @pytest.mark.asyncio\n    async def test_main(self):\n    \n        with pytest.raises(SystemExit) as pytest_raise_system_exit:\n>           assert main(test_args=['-h'])\n                   ^^^^^^^^^^^^^^^^^^^^^^\nE           TypeError: __init__() should return None, not 'coroutine'\n\ntests\\test_cli.py:15: TypeError"
      },
      "teardown": {
        "outcome": "passed"
      }
    },
    {
      "nodeid": "tests/test_cli.py::TestUnpywallCli::test_view",
      "lineno": 22,
      "outcome": "failed",
      "keywords": [
        "test_view",
        "asyncio",
        "pytestmark",
        "TestUnpywallCli",
        "test_cli.py",
        "tests",
        "unpywall@unpywall__7909fde0__requests__aiohttp",
        ""
      ],
      "setup": {
        "outcome": "passed"
      },
      "call": {
        "outcome": "failed",
        "crash": {
          "path": "D:\\repos\\unpywall@unpywall__7909fde0__requests__aiohttp\\tests\\test_cli.py",
          "lineno": 26,
          "message": "TypeError: __init__() should return None, not 'coroutine'"
        },
        "traceback": [
          {
            "path": "tests\\test_cli.py",
            "lineno": 26,
            "message": "TypeError"
          }
        ],
        "longrepr": "self = <tests.test_cli.TestUnpywallCli object at 0x00000234F42CF790>\n\n    @pytest.mark.asyncio\n    async def test_view(self):\n        with pytest.raises(SystemExit) as pytest_raise_system_exit:\n>           main(test_args=['view'])\nE           TypeError: __init__() should return None, not 'coroutine'\n\ntests\\test_cli.py:26: TypeError"
      },
      "teardown": {
        "outcome": "passed"
      }
    },
    {
      "nodeid": "tests/test_cli.py::TestUnpywallCli::test_download",
      "lineno": 33,
      "outcome": "failed",
      "keywords": [
        "test_download",
        "asyncio",
        "pytestmark",
        "TestUnpywallCli",
        "test_cli.py",
        "tests",
        "unpywall@unpywall__7909fde0__requests__aiohttp",
        ""
      ],
      "setup": {
        "outcome": "passed"
      },
      "call": {
        "outcome": "failed",
        "crash": {
          "path": "D:\\repos\\unpywall@unpywall__7909fde0__requests__aiohttp\\tests\\test_cli.py",
          "lineno": 38,
          "message": "TypeError: __init__() should return None, not 'coroutine'"
        },
        "traceback": [
          {
            "path": "tests\\test_cli.py",
            "lineno": 38,
            "message": "TypeError"
          }
        ],
        "longrepr": "self = <tests.test_cli.TestUnpywallCli object at 0x00000234F42CFE10>\ncapfd = <_pytest.capture.CaptureFixture object at 0x00000234F4596850>\n\n    @pytest.mark.asyncio\n    async def test_download(self, capfd):\n    \n        bad_doi = 'bad_doi'\n>       main(test_args=['download', bad_doi])\nE       TypeError: __init__() should return None, not 'coroutine'\n\ntests\\test_cli.py:38: TypeError"
      },
      "teardown": {
        "outcome": "passed"
      }
    },
    {
      "nodeid": "tests/test_cli.py::TestUnpywallCli::test_link",
      "lineno": 46,
      "outcome": "failed",
      "keywords": [
        "test_link",
        "asyncio",
        "pytestmark",
        "TestUnpywallCli",
        "test_cli.py",
        "tests",
        "unpywall@unpywall__7909fde0__requests__aiohttp",
        ""
      ],
      "setup": {
        "outcome": "passed"
      },
      "call": {
        "outcome": "failed",
        "crash": {
          "path": "D:\\repos\\unpywall@unpywall__7909fde0__requests__aiohttp\\tests\\test_cli.py",
          "lineno": 50,
          "message": "TypeError: __init__() should return None, not 'coroutine'"
        },
        "traceback": [
          {
            "path": "tests\\test_cli.py",
            "lineno": 50,
            "message": "TypeError"
          }
        ],
        "longrepr": "self = <tests.test_cli.TestUnpywallCli object at 0x00000234F42CD9D0>\n\n    @pytest.mark.asyncio\n    async def test_link(self):\n        with pytest.raises(SystemExit) as pytest_raise_system_exit:\n>           main(test_args=['link'])\nE           TypeError: __init__() should return None, not 'coroutine'\n\ntests\\test_cli.py:50: TypeError"
      },
      "teardown": {
        "outcome": "passed"
      }
    },
    {
      "nodeid": "tests/test_unpywall.py::TestUnpywall::test_init_cache",
      "lineno": 24,
      "outcome": "passed",
      "keywords": [
        "test_init_cache",
        "TestUnpywall",
        "test_unpywall.py",
        "tests",
        "unpywall@unpywall__7909fde0__requests__aiohttp",
        ""
      ],
      "setup": {
        "outcome": "passed"
      },
      "call": {
        "outcome": "passed"
      },
      "teardown": {
        "outcome": "passed"
      }
    },
    {
      "nodeid": "tests/test_unpywall.py::TestUnpywall::test_validate_dois",
      "lineno": 39,
      "outcome": "passed",
      "keywords": [
        "test_validate_dois",
        "TestUnpywall",
        "test_unpywall.py",
        "tests",
        "unpywall@unpywall__7909fde0__requests__aiohttp",
        ""
      ],
      "setup": {
        "outcome": "passed"
      },
      "call": {
        "outcome": "passed"
      },
      "teardown": {
        "outcome": "passed"
      }
    },
    {
      "nodeid": "tests/test_unpywall.py::TestUnpywall::test_get_df",
      "lineno": 58,
      "outcome": "failed",
      "keywords": [
        "test_get_df",
        "asyncio",
        "pytestmark",
        "TestUnpywall",
        "test_unpywall.py",
        "tests",
        "unpywall@unpywall__7909fde0__requests__aiohttp",
        ""
      ],
      "setup": {
        "outcome": "passed"
      },
      "call": {
        "outcome": "failed",
        "crash": {
          "path": "D:\\repos\\unpywall@unpywall__7909fde0__requests__aiohttp\\.venv\\Lib\\site-packages\\pandas\\io\\json\\_normalize.py",
          "lineno": 445,
          "message": "NotImplementedError"
        },
        "traceback": [
          {
            "path": "tests\\test_unpywall.py",
            "lineno": 73,
            "message": ""
          },
          {
            "path": "unpywall\\__init__.py",
            "lineno": 102,
            "message": "in _get_df"
          },
          {
            "path": ".venv\\Lib\\site-packages\\pandas\\io\\json\\_normalize.py",
            "lineno": 445,
            "message": "NotImplementedError"
          }
        ],
        "longrepr": "self = <tests.test_unpywall.TestUnpywall object at 0x00000234F4494AD0>\nUnpywall = <class 'unpywall.Unpywall'>\n\n    @pytest.mark.asyncio\n    @pytest.mark.asyncio\n    async def test_get_df(self, Unpywall):\n    \n        data = await Unpywall.get_json(doi='10.1016/j.tmaid.2020.101663',\n                                       errors='raise')\n    \n        with pytest.raises(ValueError,\n                           match=('The argument format only accepts the'\n                                  ' values \"raw\" and \"extended\"')):\n            assert Unpywall._get_df(data=data,\n                                    format='not a valid format',\n                                    errors='raise')\n    \n>       df_raw = Unpywall._get_df(data=data,\n                                  format='raw',\n                                  errors='ignore')\n\ntests\\test_unpywall.py:73: \n_ _ _ _ _ _ _ _ _ _ _ _ _ _ _ _ _ _ _ _ _ _ _ _ _ _ _ _ _ _ _ _ _ _ _ _ _ _ _ _\nunpywall\\__init__.py:102: in _get_df\n    df = pd.json_normalize(data=data, max_level=1, errors=errors)\n         ^^^^^^^^^^^^^^^^^^^^^^^^^^^^^^^^^^^^^^^^^^^^^^^^^^^^^^^^\n_ _ _ _ _ _ _ _ _ _ _ _ _ _ _ _ _ _ _ _ _ _ _ _ _ _ _ _ _ _ _ _ _ _ _ _ _ _ _ _\n\ndata = None, record_path = None, meta = None, meta_prefix = None\nrecord_prefix = None, errors = 'ignore', sep = '.', max_level = 1\n\n    def json_normalize(\n        data: dict | list[dict],\n        record_path: str | list | None = None,\n        meta: str | list[str | list[str]] | None = None,\n        meta_prefix: str | None = None,\n        record_prefix: str | None = None,\n        errors: IgnoreRaise = \"raise\",\n        sep: str = \".\",\n        max_level: int | None = None,\n    ) -> DataFrame:\n        \"\"\"\n        Normalize semi-structured JSON data into a flat table.\n    \n        Parameters\n        ----------\n        data : dict or list of dicts\n            Unserialized JSON objects.\n        record_path : str or list of str, default None\n            Path in each object to list of records. If not passed, data will be\n            assumed to be an array of records.\n        meta : list of paths (str or list of str), default None\n            Fields to use as metadata for each record in resulting table.\n        meta_prefix : str, default None\n            If True, prefix records with dotted (?) path, e.g. foo.bar.field if\n            meta is ['foo', 'bar'].\n        record_prefix : str, default None\n            If True, prefix records with dotted (?) path, e.g. foo.bar.field if\n            path to records is ['foo', 'bar'].\n        errors : {'raise', 'ignore'}, default 'raise'\n            Configures error handling.\n    \n            * 'ignore' : will ignore KeyError if keys listed in meta are not\n              always present.\n            * 'raise' : will raise KeyError if keys listed in meta are not\n              always present.\n        sep : str, default '.'\n            Nested records will generate names separated by sep.\n            e.g., for sep='.', {'foo': {'bar': 0}} -> foo.bar.\n        max_level : int, default None\n            Max number of levels(depth of dict) to normalize.\n            if None, normalizes all levels.\n    \n        Returns\n        -------\n        frame : DataFrame\n        Normalize semi-structured JSON data into a flat table.\n    \n        Examples\n        --------\n        >>> data = [\n        ...     {\"id\": 1, \"name\": {\"first\": \"Coleen\", \"last\": \"Volk\"}},\n        ...     {\"name\": {\"given\": \"Mark\", \"family\": \"Regner\"}},\n        ...     {\"id\": 2, \"name\": \"Faye Raker\"},\n        ... ]\n        >>> pd.json_normalize(data)\n            id name.first name.last name.given name.family        name\n        0  1.0     Coleen      Volk        NaN         NaN         NaN\n        1  NaN        NaN       NaN       Mark      Regner         NaN\n        2  2.0        NaN       NaN        NaN         NaN  Faye Raker\n    \n        >>> data = [\n        ...     {\n        ...         \"id\": 1,\n        ...         \"name\": \"Cole Volk\",\n        ...         \"fitness\": {\"height\": 130, \"weight\": 60},\n        ...     },\n        ...     {\"name\": \"Mark Reg\", \"fitness\": {\"height\": 130, \"weight\": 60}},\n        ...     {\n        ...         \"id\": 2,\n        ...         \"name\": \"Faye Raker\",\n        ...         \"fitness\": {\"height\": 130, \"weight\": 60},\n        ...     },\n        ... ]\n        >>> pd.json_normalize(data, max_level=0)\n            id        name                        fitness\n        0  1.0   Cole Volk  {'height': 130, 'weight': 60}\n        1  NaN    Mark Reg  {'height': 130, 'weight': 60}\n        2  2.0  Faye Raker  {'height': 130, 'weight': 60}\n    \n        Normalizes nested data up to level 1.\n    \n        >>> data = [\n        ...     {\n        ...         \"id\": 1,\n        ...         \"name\": \"Cole Volk\",\n        ...         \"fitness\": {\"height\": 130, \"weight\": 60},\n        ...     },\n        ...     {\"name\": \"Mark Reg\", \"fitness\": {\"height\": 130, \"weight\": 60}},\n        ...     {\n        ...         \"id\": 2,\n        ...         \"name\": \"Faye Raker\",\n        ...         \"fitness\": {\"height\": 130, \"weight\": 60},\n        ...     },\n        ... ]\n        >>> pd.json_normalize(data, max_level=1)\n            id        name  fitness.height  fitness.weight\n        0  1.0   Cole Volk             130              60\n        1  NaN    Mark Reg             130              60\n        2  2.0  Faye Raker             130              60\n    \n        >>> data = [\n        ...     {\n        ...         \"state\": \"Florida\",\n        ...         \"shortname\": \"FL\",\n        ...         \"info\": {\"governor\": \"Rick Scott\"},\n        ...         \"counties\": [\n        ...             {\"name\": \"Dade\", \"population\": 12345},\n        ...             {\"name\": \"Broward\", \"population\": 40000},\n        ...             {\"name\": \"Palm Beach\", \"population\": 60000},\n        ...         ],\n        ...     },\n        ...     {\n        ...         \"state\": \"Ohio\",\n        ...         \"shortname\": \"OH\",\n        ...         \"info\": {\"governor\": \"John Kasich\"},\n        ...         \"counties\": [\n        ...             {\"name\": \"Summit\", \"population\": 1234},\n        ...             {\"name\": \"Cuyahoga\", \"population\": 1337},\n        ...         ],\n        ...     },\n        ... ]\n        >>> result = pd.json_normalize(\n        ...     data, \"counties\", [\"state\", \"shortname\", [\"info\", \"governor\"]]\n        ... )\n        >>> result\n                 name  population    state shortname info.governor\n        0        Dade       12345   Florida    FL    Rick Scott\n        1     Broward       40000   Florida    FL    Rick Scott\n        2  Palm Beach       60000   Florida    FL    Rick Scott\n        3      Summit        1234   Ohio       OH    John Kasich\n        4    Cuyahoga        1337   Ohio       OH    John Kasich\n    \n        >>> data = {\"A\": [1, 2]}\n        >>> pd.json_normalize(data, \"A\", record_prefix=\"Prefix.\")\n            Prefix.0\n        0          1\n        1          2\n    \n        Returns normalized data with columns prefixed with the given string.\n        \"\"\"\n    \n        def _pull_field(\n            js: dict[str, Any], spec: list | str, extract_record: bool = False\n        ) -> Scalar | Iterable:\n            \"\"\"Internal function to pull field\"\"\"\n            result = js\n            try:\n                if isinstance(spec, list):\n                    for field in spec:\n                        if result is None:\n                            raise KeyError(field)\n                        result = result[field]\n                else:\n                    result = result[spec]\n            except KeyError as e:\n                if extract_record:\n                    raise KeyError(\n                        f\"Key {e} not found. If specifying a record_path, all elements of \"\n                        f\"data should have the path.\"\n                    ) from e\n                if errors == \"ignore\":\n                    return np.nan\n                else:\n                    raise KeyError(\n                        f\"Key {e} not found. To replace missing values of {e} with \"\n                        f\"np.nan, pass in errors='ignore'\"\n                    ) from e\n    \n            return result\n    \n        def _pull_records(js: dict[str, Any], spec: list | str) -> list:\n            \"\"\"\n            Internal function to pull field for records, and similar to\n            _pull_field, but require to return list. And will raise error\n            if has non iterable value.\n            \"\"\"\n            result = _pull_field(js, spec, extract_record=True)\n    \n            # GH 31507 GH 30145, GH 26284 if result is not list, raise TypeError if not\n            # null, otherwise return an empty list\n            if not isinstance(result, list):\n                if pd.isnull(result):\n                    result = []\n                else:\n                    raise TypeError(\n                        f\"{js} has non list value {result} for path {spec}. \"\n                        \"Must be list or null.\"\n                    )\n            return result\n    \n        if isinstance(data, list) and not data:\n            return DataFrame()\n        elif isinstance(data, dict):\n            # A bit of a hackjob\n            data = [data]\n        elif isinstance(data, abc.Iterable) and not isinstance(data, str):\n            # GH35923 Fix pd.json_normalize to not skip the first element of a\n            # generator input\n            data = list(data)\n        else:\n>           raise NotImplementedError\nE           NotImplementedError\n\n.venv\\Lib\\site-packages\\pandas\\io\\json\\_normalize.py:445: NotImplementedError"
      },
      "teardown": {
        "outcome": "passed"
      }
    },
    {
      "nodeid": "tests/test_unpywall.py::TestUnpywall::test_doi",
      "lineno": 84,
      "outcome": "failed",
      "keywords": [
        "test_doi",
        "asyncio",
        "pytestmark",
        "TestUnpywall",
        "test_unpywall.py",
        "tests",
        "unpywall@unpywall__7909fde0__requests__aiohttp",
        ""
      ],
      "setup": {
        "outcome": "passed"
      },
      "call": {
        "outcome": "failed",
        "crash": {
          "path": "D:\\repos\\unpywall@unpywall__7909fde0__requests__aiohttp\\tests\\test_unpywall.py",
          "lineno": 89,
          "message": "AttributeError: type object 'Unpywall' has no attribute 'doi'"
        },
        "traceback": [
          {
            "path": "tests\\test_unpywall.py",
            "lineno": 89,
            "message": "AttributeError"
          }
        ],
        "longrepr": "self = <tests.test_unpywall.TestUnpywall object at 0x00000234F4495350>\nUnpywall = <class 'unpywall.Unpywall'>\ncapfd = <_pytest.capture.CaptureFixture object at 0x00000234F45BB7D0>\n\n    @pytest.mark.asyncio\n    @pytest.mark.asyncio\n    async def test_doi(self, Unpywall, capfd):\n    \n>       df = await Unpywall.doi(dois=['10.1038/nature12373'],\n                   ^^^^^^^^^^^^\n                                format='raw',\n                                progress=True,\n                                errors='ignore')\nE       AttributeError: type object 'Unpywall' has no attribute 'doi'\n\ntests\\test_unpywall.py:89: AttributeError"
      },
      "teardown": {
        "outcome": "passed"
      }
    },
    {
      "nodeid": "tests/test_unpywall.py::TestUnpywall::test_query",
      "lineno": 104,
      "outcome": "failed",
      "keywords": [
        "test_query",
        "asyncio",
        "pytestmark",
        "TestUnpywall",
        "test_unpywall.py",
        "tests",
        "unpywall@unpywall__7909fde0__requests__aiohttp",
        ""
      ],
      "setup": {
        "outcome": "passed"
      },
      "call": {
        "outcome": "failed",
        "crash": {
          "path": "D:\\repos\\unpywall@unpywall__7909fde0__requests__aiohttp\\tests\\test_unpywall.py",
          "lineno": 109,
          "message": "AttributeError: type object 'Unpywall' has no attribute 'query'"
        },
        "traceback": [
          {
            "path": "tests\\test_unpywall.py",
            "lineno": 109,
            "message": "AttributeError"
          }
        ],
        "longrepr": "self = <tests.test_unpywall.TestUnpywall object at 0x00000234F4495B90>\nUnpywall = <class 'unpywall.Unpywall'>\n\n    @pytest.mark.asyncio\n    @pytest.mark.asyncio\n    async def test_query(self, Unpywall):\n    \n>       df = await Unpywall.query(query='test',\n                   ^^^^^^^^^^^^^^\n                                  is_oa=True,\n                                  errors='ignore')\nE       AttributeError: type object 'Unpywall' has no attribute 'query'\n\ntests\\test_unpywall.py:109: AttributeError"
      },
      "teardown": {
        "outcome": "passed"
      }
    },
    {
      "nodeid": "tests/test_unpywall.py::TestUnpywall::test_get_json",
      "lineno": 114,
      "outcome": "failed",
      "keywords": [
        "test_get_json",
        "asyncio",
        "pytestmark",
        "TestUnpywall",
        "test_unpywall.py",
        "tests",
        "unpywall@unpywall__7909fde0__requests__aiohttp",
        ""
      ],
      "setup": {
        "outcome": "passed"
      },
      "call": {
        "outcome": "failed",
        "crash": {
          "path": "D:\\repos\\unpywall@unpywall__7909fde0__requests__aiohttp\\tests\\test_unpywall.py",
          "lineno": 125,
          "message": "assert False\n +  where False = isinstance(None, dict)"
        },
        "traceback": [
          {
            "path": "tests\\test_unpywall.py",
            "lineno": 125,
            "message": "AssertionError"
          }
        ],
        "longrepr": "self = <tests.test_unpywall.TestUnpywall object at 0x00000234F44963D0>\nUnpywall = <class 'unpywall.Unpywall'>\n\n    @pytest.mark.asyncio\n    @pytest.mark.asyncio\n    async def test_get_json(self, Unpywall):\n    \n        with pytest.raises(ClientResponseError):\n            await Unpywall.get_json(doi='a bad doi', errors='raise')\n    \n        with pytest.warns(UserWarning):\n            await Unpywall.get_json(doi='a bad doi', errors='ignore')\n    \n>       assert isinstance(await Unpywall.get_json(doi='10.1016/j.tmaid.2020.101663',\n                                                  errors='raise'), dict)\nE       assert False\nE        +  where False = isinstance(None, dict)\n\ntests\\test_unpywall.py:125: AssertionError"
      },
      "teardown": {
        "outcome": "passed"
      }
    },
    {
      "nodeid": "tests/test_unpywall.py::TestUnpywall::test_get_pdf_link",
      "lineno": 138,
      "outcome": "failed",
      "keywords": [
        "test_get_pdf_link",
        "asyncio",
        "pytestmark",
        "TestUnpywall",
        "test_unpywall.py",
        "tests",
        "unpywall@unpywall__7909fde0__requests__aiohttp",
        ""
      ],
      "setup": {
        "outcome": "passed"
      },
      "call": {
        "outcome": "failed",
        "crash": {
          "path": "D:\\repos\\unpywall@unpywall__7909fde0__requests__aiohttp\\tests\\test_unpywall.py",
          "lineno": 143,
          "message": "AttributeError: type object 'Unpywall' has no attribute 'get_pdf_link'"
        },
        "traceback": [
          {
            "path": "tests\\test_unpywall.py",
            "lineno": 143,
            "message": "AttributeError"
          }
        ],
        "longrepr": "self = <tests.test_unpywall.TestUnpywall object at 0x00000234F4496C10>\nUnpywall = <class 'unpywall.Unpywall'>\n\n    @pytest.mark.asyncio\n    @pytest.mark.asyncio\n    async def test_get_pdf_link(self, Unpywall):\n    \n>       assert isinstance(await Unpywall.get_pdf_link('10.1038/nature12373'), str)\n                                ^^^^^^^^^^^^^^^^^^^^^\nE       AttributeError: type object 'Unpywall' has no attribute 'get_pdf_link'\n\ntests\\test_unpywall.py:143: AttributeError"
      },
      "teardown": {
        "outcome": "passed"
      }
    },
    {
      "nodeid": "tests/test_unpywall.py::TestUnpywall::test_get_doc_link",
      "lineno": 144,
      "outcome": "failed",
      "keywords": [
        "test_get_doc_link",
        "asyncio",
        "pytestmark",
        "TestUnpywall",
        "test_unpywall.py",
        "tests",
        "unpywall@unpywall__7909fde0__requests__aiohttp",
        ""
      ],
      "setup": {
        "outcome": "passed"
      },
      "call": {
        "outcome": "failed",
        "crash": {
          "path": "D:\\repos\\unpywall@unpywall__7909fde0__requests__aiohttp\\tests\\test_unpywall.py",
          "lineno": 150,
          "message": "AttributeError: type object 'Unpywall' has no attribute 'get_doc_link'"
        },
        "traceback": [
          {
            "path": "tests\\test_unpywall.py",
            "lineno": 150,
            "message": "AttributeError"
          }
        ],
        "longrepr": "self = <tests.test_unpywall.TestUnpywall object at 0x00000234F4497450>\nUnpywall = <class 'unpywall.Unpywall'>\n\n    @pytest.mark.asyncio\n    @pytest.mark.asyncio\n    async def test_get_doc_link(self, Unpywall):\n    \n        assert isinstance(\n>           await Unpywall.get_doc_link('10.1016/j.tmaid.2020.101663'), str)\n                  ^^^^^^^^^^^^^^^^^^^^^\nE       AttributeError: type object 'Unpywall' has no attribute 'get_doc_link'\n\ntests\\test_unpywall.py:150: AttributeError"
      },
      "teardown": {
        "outcome": "passed"
      }
    },
    {
      "nodeid": "tests/test_unpywall.py::TestUnpywall::test_get_all_links",
      "lineno": 151,
      "outcome": "failed",
      "keywords": [
        "test_get_all_links",
        "asyncio",
        "pytestmark",
        "TestUnpywall",
        "test_unpywall.py",
        "tests",
        "unpywall@unpywall__7909fde0__requests__aiohttp",
        ""
      ],
      "setup": {
        "outcome": "passed"
      },
      "call": {
        "outcome": "failed",
        "crash": {
          "path": "D:\\repos\\unpywall@unpywall__7909fde0__requests__aiohttp\\tests\\test_unpywall.py",
          "lineno": 157,
          "message": "AttributeError: type object 'Unpywall' has no attribute 'get_all_links'"
        },
        "traceback": [
          {
            "path": "tests\\test_unpywall.py",
            "lineno": 157,
            "message": "AttributeError"
          }
        ],
        "longrepr": "self = <tests.test_unpywall.TestUnpywall object at 0x00000234F4497C90>\nUnpywall = <class 'unpywall.Unpywall'>\n\n    @pytest.mark.asyncio\n    @pytest.mark.asyncio\n    async def test_get_all_links(self, Unpywall):\n    \n        assert isinstance(\n>           await Unpywall.get_all_links('10.1016/j.tmaid.2020.101663'), list)\n                  ^^^^^^^^^^^^^^^^^^^^^^\nE       AttributeError: type object 'Unpywall' has no attribute 'get_all_links'\n\ntests\\test_unpywall.py:157: AttributeError"
      },
      "teardown": {
        "outcome": "passed"
      }
    },
    {
      "nodeid": "tests/test_unpywall.py::TestUnpywall::test_download_pdf_handle",
      "lineno": 158,
      "outcome": "failed",
      "keywords": [
        "test_download_pdf_handle",
        "asyncio",
        "pytestmark",
        "TestUnpywall",
        "test_unpywall.py",
        "tests",
        "unpywall@unpywall__7909fde0__requests__aiohttp",
        ""
      ],
      "setup": {
        "outcome": "passed"
      },
      "call": {
        "outcome": "failed",
        "crash": {
          "path": "D:\\repos\\unpywall@unpywall__7909fde0__requests__aiohttp\\unpywall\\__init__.py",
          "lineno": 135,
          "message": "AttributeError: type object 'Unpywall' has no attribute 'get_pdf_link'"
        },
        "traceback": [
          {
            "path": "tests\\test_unpywall.py",
            "lineno": 164,
            "message": ""
          },
          {
            "path": "unpywall\\__init__.py",
            "lineno": 135,
            "message": "AttributeError"
          }
        ],
        "longrepr": "self = <tests.test_unpywall.TestUnpywall object at 0x00000234F449C4D0>\nUnpywall = <class 'unpywall.Unpywall'>\n\n    @pytest.mark.asyncio\n    @pytest.mark.asyncio\n    async def test_download_pdf_handle(self, Unpywall):\n    \n        assert isinstance(\n>           await Unpywall.download_pdf_handle('10.1038/nature12373'), BytesIO)\n            ^^^^^^^^^^^^^^^^^^^^^^^^^^^^^^^^^^^^^^^^^^^^^^^^^^^^^^^^^\n\ntests\\test_unpywall.py:164: \n_ _ _ _ _ _ _ _ _ _ _ _ _ _ _ _ _ _ _ _ _ _ _ _ _ _ _ _ _ _ _ _ _ _ _ _ _ _ _ _\n\ndoi = '10.1038/nature12373'\n\n    @staticmethod\n    async def download_pdf_handle(doi: str) -> BytesIO:\n>       pdf_link = await Unpywall.get_pdf_link(doi)\n                         ^^^^^^^^^^^^^^^^^^^^^\nE       AttributeError: type object 'Unpywall' has no attribute 'get_pdf_link'\n\nunpywall\\__init__.py:135: AttributeError"
      },
      "teardown": {
        "outcome": "passed"
      }
    },
    {
      "nodeid": "tests/test_unpywall.py::TestUnpywall::test_progress",
      "lineno": 165,
      "outcome": "passed",
      "keywords": [
        "test_progress",
        "TestUnpywall",
        "test_unpywall.py",
        "tests",
        "unpywall@unpywall__7909fde0__requests__aiohttp",
        ""
      ],
      "setup": {
        "outcome": "passed"
      },
      "call": {
        "outcome": "passed"
      },
      "teardown": {
        "outcome": "passed"
      }
    },
    {
      "nodeid": "tests/test_unpywall.py::TestUnpywall::test_view_pdf",
      "lineno": 170,
      "outcome": "passed",
      "keywords": [
        "test_view_pdf",
        "asyncio",
        "pytestmark",
        "TestUnpywall",
        "test_unpywall.py",
        "tests",
        "unpywall@unpywall__7909fde0__requests__aiohttp",
        ""
      ],
      "setup": {
        "outcome": "passed"
      },
      "call": {
        "outcome": "passed"
      },
      "teardown": {
        "outcome": "passed"
      }
    },
    {
      "nodeid": "tests/test_unpywall.py::TestUnpywall::test_download_pdf_file",
      "lineno": 174,
      "outcome": "failed",
      "keywords": [
        "test_download_pdf_file",
        "asyncio",
        "pytestmark",
        "TestUnpywall",
        "test_unpywall.py",
        "tests",
        "unpywall@unpywall__7909fde0__requests__aiohttp",
        ""
      ],
      "setup": {
        "outcome": "passed"
      },
      "call": {
        "outcome": "failed",
        "crash": {
          "path": "D:\\repos\\unpywall@unpywall__7909fde0__requests__aiohttp\\unpywall\\__init__.py",
          "lineno": 180,
          "message": "AttributeError: type object 'Unpywall' has no attribute 'get_pdf_link'"
        },
        "traceback": [
          {
            "path": "tests\\test_unpywall.py",
            "lineno": 182,
            "message": ""
          },
          {
            "path": "unpywall\\__init__.py",
            "lineno": 180,
            "message": "AttributeError"
          }
        ],
        "longrepr": "self = <tests.test_unpywall.TestUnpywall object at 0x00000234F449DB90>\nUnpywall = <class 'unpywall.Unpywall'>\ncapfd = <_pytest.capture.CaptureFixture object at 0x00000234F45399D0>\n\n    @pytest.mark.asyncio\n    @pytest.mark.asyncio\n    async def test_download_pdf_file(self, Unpywall, capfd):\n    \n        filename = 'test.pdf'\n        filepath = './test_dir'\n    \n>       await Unpywall.download_pdf_file('10.1038/nature12373',\n                                         filename=filename,\n                                         filepath=filepath,\n                                         progress=True)\n\ntests\\test_unpywall.py:182: \n_ _ _ _ _ _ _ _ _ _ _ _ _ _ _ _ _ _ _ _ _ _ _ _ _ _ _ _ _ _ _ _ _ _ _ _ _ _ _ _\n\ndoi = '10.1038/nature12373', filename = 'test.pdf', filepath = './test_dir'\nprogress = True\n\n    @staticmethod\n    async def download_pdf_file(doi: str,\n                                 filename: str,\n                                 filepath: str = '.',\n                                 progress: bool = False) -> None:\n>       url = await Unpywall.get_pdf_link(doi)\n                    ^^^^^^^^^^^^^^^^^^^^^\nE       AttributeError: type object 'Unpywall' has no attribute 'get_pdf_link'\n\nunpywall\\__init__.py:180: AttributeError"
      },
      "teardown": {
        "outcome": "passed"
      }
    },
    {
      "nodeid": "tests/test_utils.py::TestUnpywallCredentials::test_validate_email",
      "lineno": 7,
      "outcome": "passed",
      "keywords": [
        "test_validate_email",
        "TestUnpywallCredentials",
        "test_utils.py",
        "tests",
        "unpywall@unpywall__7909fde0__requests__aiohttp",
        ""
      ],
      "setup": {
        "outcome": "passed"
      },
      "call": {
        "outcome": "passed"
      },
      "teardown": {
        "outcome": "passed"
      }
    },
    {
      "nodeid": "tests/test_utils.py::TestUnpywallURL::test_doi_url",
      "lineno": 36,
      "outcome": "passed",
      "keywords": [
        "test_doi_url",
        "TestUnpywallURL",
        "test_utils.py",
        "tests",
        "unpywall@unpywall__7909fde0__requests__aiohttp",
        ""
      ],
      "setup": {
        "outcome": "passed"
      },
      "call": {
        "outcome": "passed"
      },
      "teardown": {
        "outcome": "passed"
      }
    },
    {
      "nodeid": "tests/test_utils.py::TestUnpywallURL::test_query_url",
      "lineno": 44,
      "outcome": "passed",
      "keywords": [
        "test_query_url",
        "TestUnpywallURL",
        "test_utils.py",
        "tests",
        "unpywall@unpywall__7909fde0__requests__aiohttp",
        ""
      ],
      "setup": {
        "outcome": "passed"
      },
      "call": {
        "outcome": "passed"
      },
      "teardown": {
        "outcome": "passed"
      }
    }
  ],
  "warnings": [
    {
      "message": "coroutine 'main.__init__' was never awaited",
      "category": "RuntimeWarning",
      "when": "runtest",
      "filename": "D:\\repos\\unpywall@unpywall__7909fde0__requests__aiohttp\\tests\\test_cli.py",
      "lineno": 15
    },
    {
      "message": "coroutine 'main.__init__' was never awaited",
      "category": "RuntimeWarning",
      "when": "runtest",
      "filename": "D:\\repos\\unpywall@unpywall__7909fde0__requests__aiohttp\\tests\\test_cli.py",
      "lineno": 26
    },
    {
      "message": "coroutine 'main.__init__' was never awaited",
      "category": "RuntimeWarning",
      "when": "runtest",
      "filename": "D:\\repos\\unpywall@unpywall__7909fde0__requests__aiohttp\\tests\\test_cli.py",
      "lineno": 38
    },
    {
      "message": "coroutine 'main.__init__' was never awaited",
      "category": "RuntimeWarning",
      "when": "runtest",
      "filename": "D:\\repos\\unpywall@unpywall__7909fde0__requests__aiohttp\\tests\\test_cli.py",
      "lineno": 50
    }
  ]
}