{
  "exitcode": 1,
  "summary": {
    "passed": 14,
    "failed": 8,
    "total": 22,
    "collected": 22
  },
  "collectors": [
    {
      "nodeid": "",
      "outcome": "passed",
      "result": [
        {
          "nodeid": ".",
          "type": "Dir"
        }
      ]
    },
    {
      "nodeid": "test_auth.py::TestAuth",
      "outcome": "passed",
      "result": [
        {
          "nodeid": "test_auth.py::TestAuth::test_auth_to_github_invalid_credentials",
          "type": "TestCaseFunction",
          "lineno": 114
        },
        {
          "nodeid": "test_auth.py::TestAuth::test_auth_to_github_with_app",
          "type": "TestCaseFunction",
          "lineno": 63
        },
        {
          "nodeid": "test_auth.py::TestAuth::test_auth_to_github_with_ghe",
          "type": "TestCaseFunction",
          "lineno": 38
        },
        {
          "nodeid": "test_auth.py::TestAuth::test_auth_to_github_with_ghe_and_ghe_app",
          "type": "TestCaseFunction",
          "lineno": 50
        },
        {
          "nodeid": "test_auth.py::TestAuth::test_auth_to_github_with_token",
          "type": "TestCaseFunction",
          "lineno": 14
        },
        {
          "nodeid": "test_auth.py::TestAuth::test_auth_to_github_without_token",
          "type": "TestCaseFunction",
          "lineno": 25
        },
        {
          "nodeid": "test_auth.py::TestAuth::test_get_github_app_installation_token",
          "type": "TestCaseFunction",
          "lineno": 76
        },
        {
          "nodeid": "test_auth.py::TestAuth::test_get_github_app_installation_token_request_failure",
          "type": "TestCaseFunction",
          "lineno": 94
        }
      ]
    },
    {
      "nodeid": "test_auth.py",
      "outcome": "passed",
      "result": [
        {
          "nodeid": "test_auth.py::TestAuth",
          "type": "UnitTestCase"
        }
      ]
    },
    {
      "nodeid": "test_env.py::TestEnv",
      "outcome": "passed",
      "result": [
        {
          "nodeid": "test_env.py::TestEnv::test_get_env_vars_auth_with_github_app_installation_missing_inputs",
          "type": "TestCaseFunction",
          "lineno": 166
        },
        {
          "nodeid": "test_env.py::TestEnv::test_get_env_vars_missing_all_authentication",
          "type": "TestCaseFunction",
          "lineno": 139
        },
        {
          "nodeid": "test_env.py::TestEnv::test_get_env_vars_missing_organization",
          "type": "TestCaseFunction",
          "lineno": 150
        },
        {
          "nodeid": "test_env.py::TestEnv::test_get_env_vars_no_organization_set",
          "type": "TestCaseFunction",
          "lineno": 187
        },
        {
          "nodeid": "test_env.py::TestEnv::test_get_env_vars_optional_values",
          "type": "TestCaseFunction",
          "lineno": 105
        },
        {
          "nodeid": "test_env.py::TestEnv::test_get_env_vars_pr_body_too_long",
          "type": "TestCaseFunction",
          "lineno": 226
        },
        {
          "nodeid": "test_env.py::TestEnv::test_get_env_vars_pr_title_too_long",
          "type": "TestCaseFunction",
          "lineno": 205
        },
        {
          "nodeid": "test_env.py::TestEnv::test_get_env_vars_with_github_app",
          "type": "TestCaseFunction",
          "lineno": 71
        },
        {
          "nodeid": "test_env.py::TestEnv::test_get_env_vars_with_token",
          "type": "TestCaseFunction",
          "lineno": 38
        }
      ]
    },
    {
      "nodeid": "test_env.py",
      "outcome": "passed",
      "result": [
        {
          "nodeid": "test_env.py::TestEnv",
          "type": "UnitTestCase"
        }
      ]
    },
    {
      "nodeid": "test_open_contrib_pr.py::TestOpenContribPR",
      "outcome": "passed",
      "result": [
        {
          "nodeid": "test_open_contrib_pr.py::TestOpenContribPR::test_get_repos_json",
          "type": "TestCaseFunction",
          "lineno": 12
        }
      ]
    },
    {
      "nodeid": "test_open_contrib_pr.py::TestCloneRepository",
      "outcome": "passed",
      "result": [
        {
          "nodeid": "test_open_contrib_pr.py::TestCloneRepository::test_clone_repository_failure",
          "type": "TestCaseFunction",
          "lineno": 62
        },
        {
          "nodeid": "test_open_contrib_pr.py::TestCloneRepository::test_clone_repository_success",
          "type": "TestCaseFunction",
          "lineno": 43
        }
      ]
    },
    {
      "nodeid": "test_open_contrib_pr.py::TestCreatePullRequest",
      "outcome": "passed",
      "result": [
        {
          "nodeid": "test_open_contrib_pr.py::TestCreatePullRequest::test_create_pull_exceptions",
          "type": "TestCaseFunction",
          "lineno": 106
        },
        {
          "nodeid": "test_open_contrib_pr.py::TestCreatePullRequest::test_create_pull_request_success",
          "type": "TestCaseFunction",
          "lineno": 85
        }
      ]
    },
    {
      "nodeid": "test_open_contrib_pr.py",
      "outcome": "passed",
      "result": [
        {
          "nodeid": "test_open_contrib_pr.py::TestOpenContribPR",
          "type": "UnitTestCase"
        },
        {
          "nodeid": "test_open_contrib_pr.py::TestCloneRepository",
          "type": "UnitTestCase"
        },
        {
          "nodeid": "test_open_contrib_pr.py::TestCreatePullRequest",
          "type": "UnitTestCase"
        }
      ]
    },
    {
      "nodeid": ".",
      "outcome": "passed",
      "result": [
        {
          "nodeid": "test_auth.py",
          "type": "Module"
        },
        {
          "nodeid": "test_env.py",
          "type": "Module"
        },
        {
          "nodeid": "test_open_contrib_pr.py",
          "type": "Module"
        }
      ]
    }
  ],
  "tests": [
    {
      "nodeid": "test_auth.py::TestAuth::test_auth_to_github_invalid_credentials",
      "lineno": 114,
      "outcome": "passed",
      "keywords": [
        "test_auth_to_github_invalid_credentials",
        "__wrapped__",
        "patchings",
        "TestAuth",
        "test_auth.py",
        "github@automatic-contrib-prs__3c357a2e__python-dotenv__dynaconf",
        ""
      ],
      "setup": {
        "outcome": "passed"
      },
      "call": {
        "outcome": "passed"
      },
      "teardown": {
        "outcome": "passed"
      }
    },
    {
      "nodeid": "test_auth.py::TestAuth::test_auth_to_github_with_app",
      "lineno": 63,
      "outcome": "passed",
      "keywords": [
        "test_auth_to_github_with_app",
        "__wrapped__",
        "patchings",
        "TestAuth",
        "test_auth.py",
        "github@automatic-contrib-prs__3c357a2e__python-dotenv__dynaconf",
        ""
      ],
      "setup": {
        "outcome": "passed"
      },
      "call": {
        "outcome": "passed"
      },
      "teardown": {
        "outcome": "passed"
      }
    },
    {
      "nodeid": "test_auth.py::TestAuth::test_auth_to_github_with_ghe",
      "lineno": 38,
      "outcome": "passed",
      "keywords": [
        "test_auth_to_github_with_ghe",
        "__wrapped__",
        "patchings",
        "TestAuth",
        "test_auth.py",
        "github@automatic-contrib-prs__3c357a2e__python-dotenv__dynaconf",
        ""
      ],
      "setup": {
        "outcome": "passed"
      },
      "call": {
        "outcome": "passed"
      },
      "teardown": {
        "outcome": "passed"
      }
    },
    {
      "nodeid": "test_auth.py::TestAuth::test_auth_to_github_with_ghe_and_ghe_app",
      "lineno": 50,
      "outcome": "passed",
      "keywords": [
        "test_auth_to_github_with_ghe_and_ghe_app",
        "__wrapped__",
        "patchings",
        "TestAuth",
        "test_auth.py",
        "github@automatic-contrib-prs__3c357a2e__python-dotenv__dynaconf",
        ""
      ],
      "setup": {
        "outcome": "passed"
      },
      "call": {
        "outcome": "passed"
      },
      "teardown": {
        "outcome": "passed"
      }
    },
    {
      "nodeid": "test_auth.py::TestAuth::test_auth_to_github_with_token",
      "lineno": 14,
      "outcome": "passed",
      "keywords": [
        "test_auth_to_github_with_token",
        "__wrapped__",
        "patchings",
        "TestAuth",
        "test_auth.py",
        "github@automatic-contrib-prs__3c357a2e__python-dotenv__dynaconf",
        ""
      ],
      "setup": {
        "outcome": "passed"
      },
      "call": {
        "outcome": "passed"
      },
      "teardown": {
        "outcome": "passed"
      }
    },
    {
      "nodeid": "test_auth.py::TestAuth::test_auth_to_github_without_token",
      "lineno": 25,
      "outcome": "passed",
      "keywords": [
        "test_auth_to_github_without_token",
        "TestAuth",
        "test_auth.py",
        "github@automatic-contrib-prs__3c357a2e__python-dotenv__dynaconf",
        ""
      ],
      "setup": {
        "outcome": "passed"
      },
      "call": {
        "outcome": "passed"
      },
      "teardown": {
        "outcome": "passed"
      }
    },
    {
      "nodeid": "test_auth.py::TestAuth::test_get_github_app_installation_token",
      "lineno": 76,
      "outcome": "passed",
      "keywords": [
        "test_get_github_app_installation_token",
        "__wrapped__",
        "patchings",
        "TestAuth",
        "test_auth.py",
        "github@automatic-contrib-prs__3c357a2e__python-dotenv__dynaconf",
        ""
      ],
      "setup": {
        "outcome": "passed"
      },
      "call": {
        "outcome": "passed"
      },
      "teardown": {
        "outcome": "passed"
      }
    },
    {
      "nodeid": "test_auth.py::TestAuth::test_get_github_app_installation_token_request_failure",
      "lineno": 94,
      "outcome": "passed",
      "keywords": [
        "test_get_github_app_installation_token_request_failure",
        "__wrapped__",
        "patchings",
        "TestAuth",
        "test_auth.py",
        "github@automatic-contrib-prs__3c357a2e__python-dotenv__dynaconf",
        ""
      ],
      "setup": {
        "outcome": "passed"
      },
      "call": {
        "outcome": "passed",
        "stdout": "Request failed: Request failed\n"
      },
      "teardown": {
        "outcome": "passed"
      }
    },
    {
      "nodeid": "test_env.py::TestEnv::test_get_env_vars_auth_with_github_app_installation_missing_inputs",
      "lineno": 166,
      "outcome": "failed",
      "keywords": [
        "test_get_env_vars_auth_with_github_app_installation_missing_inputs",
        "__wrapped__",
        "TestEnv",
        "test_env.py",
        "github@automatic-contrib-prs__3c357a2e__python-dotenv__dynaconf",
        ""
      ],
      "setup": {
        "outcome": "passed"
      },
      "call": {
        "outcome": "failed",
        "crash": {
          "path": "C:\\Users\\Mohay\\AppData\\Local\\Programs\\Python\\Python312\\Lib\\unittest\\case.py",
          "lineno": 715,
          "message": "AssertionError: 'GH_TOKEN environment variable not set' != 'GH_APP_ID set and GH_APP_INSTALLATION_ID or [31 chars] set'\n- GH_TOKEN environment variable not set\n+ GH_APP_ID set and GH_APP_INSTALLATION_ID or GH_APP_PRIVATE_KEY variable not set"
        },
        "traceback": [
          {
            "path": "test_env.py",
            "lineno": 183,
            "message": "AssertionError"
          }
        ],
        "longrepr": "self = <test_env.TestEnv testMethod=test_get_env_vars_auth_with_github_app_installation_missing_inputs>\n\n    @patch.dict(\n        os.environ,\n        {\n            \"ORGANIZATION\": \"my_organization\",\n            \"GH_APP_ID\": \"12345\",\n            \"GH_APP_INSTALLATION_ID\": \"\",\n            \"GH_APP_PRIVATE_KEY\": \"\",\n            \"GH_TOKEN\": \"\",\n        },\n        clear=True,\n    )\n    def test_get_env_vars_auth_with_github_app_installation_missing_inputs(self):\n        \"\"\"Test that an error is raised when there are missing inputs for the gh app\"\"\"\n        with self.assertRaises(ValueError) as context_manager:\n            get_env_vars(True)\n        the_exception = context_manager.exception\n>       self.assertEqual(\n            str(the_exception),\n            \"GH_APP_ID set and GH_APP_INSTALLATION_ID or GH_APP_PRIVATE_KEY variable not set\",\n        )\nE       AssertionError: 'GH_TOKEN environment variable not set' != 'GH_APP_ID set and GH_APP_INSTALLATION_ID or [31 chars] set'\nE       - GH_TOKEN environment variable not set\nE       + GH_APP_ID set and GH_APP_INSTALLATION_ID or GH_APP_PRIVATE_KEY variable not set\n\ntest_env.py:183: AssertionError"
      },
      "teardown": {
        "outcome": "passed"
      }
    },
    {
      "nodeid": "test_env.py::TestEnv::test_get_env_vars_missing_all_authentication",
      "lineno": 139,
      "outcome": "passed",
      "keywords": [
        "test_get_env_vars_missing_all_authentication",
        "__wrapped__",
        "TestEnv",
        "test_env.py",
        "github@automatic-contrib-prs__3c357a2e__python-dotenv__dynaconf",
        ""
      ],
      "setup": {
        "outcome": "passed"
      },
      "call": {
        "outcome": "passed"
      },
      "teardown": {
        "outcome": "passed"
      }
    },
    {
      "nodeid": "test_env.py::TestEnv::test_get_env_vars_missing_organization",
      "lineno": 150,
      "outcome": "failed",
      "keywords": [
        "test_get_env_vars_missing_organization",
        "__wrapped__",
        "TestEnv",
        "test_env.py",
        "github@automatic-contrib-prs__3c357a2e__python-dotenv__dynaconf",
        ""
      ],
      "setup": {
        "outcome": "passed"
      },
      "call": {
        "outcome": "failed",
        "crash": {
          "path": "C:\\Users\\Mohay\\AppData\\Local\\Programs\\Python\\Python312\\Lib\\unittest\\case.py",
          "lineno": 715,
          "message": "AssertionError: 'GH_TOKEN environment variable not set' != 'ORGANIZATION environment variable not set'\n- GH_TOKEN environment variable not set\n?  ^^  --\n+ ORGANIZATION environment variable not set\n? ++ ^^^^^ +"
        },
        "traceback": [
          {
            "path": "test_env.py",
            "lineno": 162,
            "message": "AssertionError"
          }
        ],
        "longrepr": "self = <test_env.TestEnv testMethod=test_get_env_vars_missing_organization>\n\n    @patch.dict(\n        os.environ,\n        {\n            \"GH_TOKEN\": TOKEN,\n        },\n    )\n    def test_get_env_vars_missing_organization(self):\n        \"\"\"Test that an error is raised if required organization environment variables is not set\"\"\"\n        with self.assertRaises(ValueError) as context_manager:\n            get_env_vars()\n        the_exception = context_manager.exception\n>       self.assertEqual(\n            str(the_exception),\n            \"ORGANIZATION environment variable not set\",\n        )\nE       AssertionError: 'GH_TOKEN environment variable not set' != 'ORGANIZATION environment variable not set'\nE       - GH_TOKEN environment variable not set\nE       ?  ^^  --\nE       + ORGANIZATION environment variable not set\nE       ? ++ ^^^^^ +\n\ntest_env.py:162: AssertionError"
      },
      "teardown": {
        "outcome": "passed"
      }
    },
    {
      "nodeid": "test_env.py::TestEnv::test_get_env_vars_no_organization_set",
      "lineno": 187,
      "outcome": "failed",
      "keywords": [
        "test_get_env_vars_no_organization_set",
        "__wrapped__",
        "TestEnv",
        "test_env.py",
        "github@automatic-contrib-prs__3c357a2e__python-dotenv__dynaconf",
        ""
      ],
      "setup": {
        "outcome": "passed"
      },
      "call": {
        "outcome": "failed",
        "crash": {
          "path": "C:\\Users\\Mohay\\AppData\\Local\\Programs\\Python\\Python312\\Lib\\unittest\\case.py",
          "lineno": 715,
          "message": "AssertionError: 'GH_TOKEN environment variable not set' != 'ORGANIZATION environment variable not set'\n- GH_TOKEN environment variable not set\n?  ^^  --\n+ ORGANIZATION environment variable not set\n? ++ ^^^^^ +"
        },
        "traceback": [
          {
            "path": "test_env.py",
            "lineno": 201,
            "message": "AssertionError"
          }
        ],
        "longrepr": "self = <test_env.TestEnv testMethod=test_get_env_vars_no_organization_set>\n\n    @patch.dict(\n        os.environ,\n        {\n            \"ORGANIZATION\": \"\",\n            \"GH_TOKEN\": \"test\",\n        },\n        clear=True,\n    )\n    def test_get_env_vars_no_organization_set(self):\n        \"\"\"Test that an error is raised whenthere are missing inputs for the gh app\"\"\"\n        with self.assertRaises(ValueError) as context_manager:\n            get_env_vars(True)\n        the_exception = context_manager.exception\n>       self.assertEqual(\n            str(the_exception),\n            \"ORGANIZATION environment variable not set\",\n        )\nE       AssertionError: 'GH_TOKEN environment variable not set' != 'ORGANIZATION environment variable not set'\nE       - GH_TOKEN environment variable not set\nE       ?  ^^  --\nE       + ORGANIZATION environment variable not set\nE       ? ++ ^^^^^ +\n\ntest_env.py:201: AssertionError"
      },
      "teardown": {
        "outcome": "passed"
      }
    },
    {
      "nodeid": "test_env.py::TestEnv::test_get_env_vars_optional_values",
      "lineno": 105,
      "outcome": "failed",
      "keywords": [
        "test_get_env_vars_optional_values",
        "__wrapped__",
        "TestEnv",
        "test_env.py",
        "github@automatic-contrib-prs__3c357a2e__python-dotenv__dynaconf",
        ""
      ],
      "setup": {
        "outcome": "passed"
      },
      "call": {
        "outcome": "failed",
        "crash": {
          "path": "D:\\repos\\github@automatic-contrib-prs__3c357a2e__python-dotenv__dynaconf\\env.py",
          "lineno": 150,
          "message": "ValueError: GH_TOKEN environment variable not set"
        },
        "traceback": [
          {
            "path": "test_env.py",
            "lineno": 137,
            "message": ""
          },
          {
            "path": "env.py",
            "lineno": 150,
            "message": "ValueError"
          }
        ],
        "longrepr": "self = <test_env.TestEnv testMethod=test_get_env_vars_optional_values>\n\n    @patch.dict(\n        os.environ,\n        {\n            \"GH_ACTOR\": \"testactor\",\n            \"GH_APP_ID\": \"\",\n            \"GH_APP_INSTALLATION_ID\": \"\",\n            \"GH_APP_PRIVATE_KEY\": \"\",\n            \"GITHUB_APP_ENTERPRISE_ONLY\": \"\",\n            \"GH_ENTERPRISE_URL\": \"testghe\",\n            \"GH_TOKEN\": TOKEN,\n            \"ORGANIZATION\": ORGANIZATION,\n            \"PR_BODY\": BODY,\n            \"PR_TITLE\": TITLE,\n            \"REPOS_JSON_LOCATION\": \"test/repos.json\",\n        },\n    )\n    def test_get_env_vars_optional_values(self):\n        \"\"\"Test that optional values are set to their default values if not provided\"\"\"\n        expected_result = EnvVars(\n            \"testactor\",\n            None,\n            None,\n            b\"\",\n            False,\n            \"testghe\",\n            TOKEN,\n            ORGANIZATION,\n            BODY,\n            TITLE,\n            \"test/repos.json\",\n        )\n>       result = get_env_vars(True)\n\ntest_env.py:137: \n_ _ _ _ _ _ _ _ _ _ _ _ _ _ _ _ _ _ _ _ _ _ _ _ _ _ _ _ _ _ _ _ _ _ _ _ _ _ _ _\n\ntest = True\n\n    def get_env_vars(test: bool = False) -> EnvVars:\n        \"\"\"\n        Get the environment variables for use in the action.\n    \n        Args:\n            test (bool): Whether or not to load the environment variables from a .env file (default: False)\n    \n        Returns:\n            gh_actor (str): The GitHub actor to use for authentication\n            gh_app_id (int | None): The GitHub App ID to use for authentication\n            gh_app_installation_id (int | None): The GitHub App Installation ID to use for authentication\n            gh_app_private_key_bytes (bytes): The GitHub App Private Key as bytes to use for authentication\n            gh_app_enterprise_only (bool): Set this to true if the GH APP is created on GHE and needs to communicate with GHE api only\n            gh_enterprise_url (str): The GitHub Enterprise URL to use for authentication\n            gh_token (str | None): The GitHub token to use for authentication\n            organization (str): The GitHub organization to use for the PR\n            pr_body (str): The PR body to use for the PR\n            pr_title (str): The PR title to use for the PR\n            repos_json_location (str): The location of the repos.json file\n        \"\"\"\n        if not test:\n            # Dynaconf automatically loads from .env if it exists\n            pass\n    \n        gh_actor = settings.get(\"GH_ACTOR\", \"nobody\")\n        gh_app_id = get_int_env_var(\"GH_APP_ID\")\n        gh_app_private_key_bytes = settings.get(\"GH_APP_PRIVATE_KEY\", \"\").encode(\"utf8\")\n        gh_app_installation_id = get_int_env_var(\"GH_APP_INSTALLATION_ID\")\n        gh_app_enterprise_only = get_bool_env_var(\"GITHUB_APP_ENTERPRISE_ONLY\")\n    \n        if gh_app_id and (not gh_app_private_key_bytes or not gh_app_installation_id):\n            raise ValueError(\n                \"GH_APP_ID set and GH_APP_INSTALLATION_ID or GH_APP_PRIVATE_KEY variable not set\"\n            )\n    \n        gh_token = settings.get(\"GH_TOKEN\")\n        if (\n            not gh_app_id\n            and not gh_app_private_key_bytes\n            and not gh_app_installation_id\n            and not gh_token\n        ):\n>           raise ValueError(\"GH_TOKEN environment variable not set\")\nE           ValueError: GH_TOKEN environment variable not set\n\nenv.py:150: ValueError"
      },
      "teardown": {
        "outcome": "passed"
      }
    },
    {
      "nodeid": "test_env.py::TestEnv::test_get_env_vars_pr_body_too_long",
      "lineno": 226,
      "outcome": "failed",
      "keywords": [
        "test_get_env_vars_pr_body_too_long",
        "__wrapped__",
        "TestEnv",
        "test_env.py",
        "github@automatic-contrib-prs__3c357a2e__python-dotenv__dynaconf",
        ""
      ],
      "setup": {
        "outcome": "passed"
      },
      "call": {
        "outcome": "failed",
        "crash": {
          "path": "<frozen os>",
          "lineno": 720,
          "message": "ValueError: the environment variable is longer than 32767 characters"
        },
        "traceback": [
          {
            "path": "C:\\Users\\Mohay\\AppData\\Local\\Programs\\Python\\Python312\\Lib\\unittest\\mock.py",
            "lineno": 1841,
            "message": "in _inner"
          },
          {
            "path": "C:\\Users\\Mohay\\AppData\\Local\\Programs\\Python\\Python312\\Lib\\unittest\\mock.py",
            "lineno": 1900,
            "message": "ValueError"
          }
        ],
        "longrepr": "C:\\Users\\Mohay\\AppData\\Local\\Programs\\Python\\Python312\\Lib\\unittest\\mock.py:1841: in _inner\n    self._patch_dict()\n_ _ _ _ _ _ _ _ _ _ _ _ _ _ _ _ _ _ _ _ _ _ _ _ _ _ _ _ _ _ _ _ _ _ _ _ _ _ _ _\n\nself = <unittest.mock._patch_dict object at 0x000001FFAD215250>\n\n    def _patch_dict(self):\n        values = self.values\n        if isinstance(self.in_dict, str):\n            self.in_dict = pkgutil.resolve_name(self.in_dict)\n        in_dict = self.in_dict\n        clear = self.clear\n    \n        try:\n            original = in_dict.copy()\n        except AttributeError:\n            # dict like object with no copy method\n            # must support iteration over keys\n            original = {}\n            for key in in_dict:\n                original[key] = in_dict[key]\n        self._original = original\n    \n        if clear:\n            _clear_dict(in_dict)\n    \n        try:\n>           in_dict.update(values)\nE           ValueError: the environment variable is longer than 32767 characters\n\nC:\\Users\\Mohay\\AppData\\Local\\Programs\\Python\\Python312\\Lib\\unittest\\mock.py:1900: ValueError"
      },
      "teardown": {
        "outcome": "passed"
      }
    },
    {
      "nodeid": "test_env.py::TestEnv::test_get_env_vars_pr_title_too_long",
      "lineno": 205,
      "outcome": "failed",
      "keywords": [
        "test_get_env_vars_pr_title_too_long",
        "__wrapped__",
        "TestEnv",
        "test_env.py",
        "github@automatic-contrib-prs__3c357a2e__python-dotenv__dynaconf",
        ""
      ],
      "setup": {
        "outcome": "passed"
      },
      "call": {
        "outcome": "failed",
        "crash": {
          "path": "C:\\Users\\Mohay\\AppData\\Local\\Programs\\Python\\Python312\\Lib\\unittest\\case.py",
          "lineno": 715,
          "message": "AssertionError: 'GH_TOKEN environment variable not set' != 'PR_TITLE environment variable is too long. Max 70 characters'\n- GH_TOKEN environment variable not set\n+ PR_TITLE environment variable is too long. Max 70 characters"
        },
        "traceback": [
          {
            "path": "test_env.py",
            "lineno": 222,
            "message": "AssertionError"
          }
        ],
        "longrepr": "self = <test_env.TestEnv testMethod=test_get_env_vars_pr_title_too_long>\n\n    @patch.dict(\n        os.environ,\n        {\n            \"ORGANIZATION\": \"my_organization\",\n            \"GH_TOKEN\": \"test\",\n            \"PR_TITLE\": \"\".join(\n                random.choices(string.ascii_letters, k=MAX_TITLE_LENGTH + 1)\n            ),\n        },\n        clear=True,\n    )\n    def test_get_env_vars_pr_title_too_long(self):\n        \"\"\"Test that an error is raised when the PR_TITLE env variable has more than MAX_TITLE_LENGTH characters\"\"\"\n        with self.assertRaises(ValueError) as context_manager:\n            get_env_vars(True)\n        the_exception = context_manager.exception\n>       self.assertEqual(\n            str(the_exception),\n            f\"PR_TITLE environment variable is too long. Max {MAX_TITLE_LENGTH} characters\",\n        )\nE       AssertionError: 'GH_TOKEN environment variable not set' != 'PR_TITLE environment variable is too long. Max 70 characters'\nE       - GH_TOKEN environment variable not set\nE       + PR_TITLE environment variable is too long. Max 70 characters\n\ntest_env.py:222: AssertionError"
      },
      "teardown": {
        "outcome": "passed"
      }
    },
    {
      "nodeid": "test_env.py::TestEnv::test_get_env_vars_with_github_app",
      "lineno": 71,
      "outcome": "failed",
      "keywords": [
        "test_get_env_vars_with_github_app",
        "__wrapped__",
        "TestEnv",
        "test_env.py",
        "github@automatic-contrib-prs__3c357a2e__python-dotenv__dynaconf",
        ""
      ],
      "setup": {
        "outcome": "passed"
      },
      "call": {
        "outcome": "failed",
        "crash": {
          "path": "D:\\repos\\github@automatic-contrib-prs__3c357a2e__python-dotenv__dynaconf\\env.py",
          "lineno": 150,
          "message": "ValueError: GH_TOKEN environment variable not set"
        },
        "traceback": [
          {
            "path": "test_env.py",
            "lineno": 103,
            "message": ""
          },
          {
            "path": "env.py",
            "lineno": 150,
            "message": "ValueError"
          }
        ],
        "longrepr": "self = <test_env.TestEnv testMethod=test_get_env_vars_with_github_app>\n\n    @patch.dict(\n        os.environ,\n        {\n            \"GH_ACTOR\": \"\",\n            \"GH_APP_ID\": \"12345\",\n            \"GH_APP_INSTALLATION_ID\": \"678910\",\n            \"GH_APP_PRIVATE_KEY\": \"hello\",\n            \"GITHUB_APP_ENTERPRISE_ONLY\": \"\",\n            \"GH_ENTERPRISE_URL\": \"\",\n            \"GH_TOKEN\": \"\",\n            \"ORGANIZATION\": ORGANIZATION,\n            \"PR_BODY\": BODY,\n            \"PR_TITLE\": TITLE,\n        },\n        clear=True,\n    )\n    def test_get_env_vars_with_github_app(self):\n        \"\"\"Test that all environment variables are set correctly using github app authentication\"\"\"\n        expected_result = EnvVars(\n            \"\",\n            12345,\n            678910,\n            b\"hello\",\n            False,\n            \"\",\n            \"\",\n            ORGANIZATION,\n            BODY,\n            TITLE,\n            REPOS_JSON_LOCATION,\n        )\n>       result = get_env_vars(True)\n\ntest_env.py:103: \n_ _ _ _ _ _ _ _ _ _ _ _ _ _ _ _ _ _ _ _ _ _ _ _ _ _ _ _ _ _ _ _ _ _ _ _ _ _ _ _\n\ntest = True\n\n    def get_env_vars(test: bool = False) -> EnvVars:\n        \"\"\"\n        Get the environment variables for use in the action.\n    \n        Args:\n            test (bool): Whether or not to load the environment variables from a .env file (default: False)\n    \n        Returns:\n            gh_actor (str): The GitHub actor to use for authentication\n            gh_app_id (int | None): The GitHub App ID to use for authentication\n            gh_app_installation_id (int | None): The GitHub App Installation ID to use for authentication\n            gh_app_private_key_bytes (bytes): The GitHub App Private Key as bytes to use for authentication\n            gh_app_enterprise_only (bool): Set this to true if the GH APP is created on GHE and needs to communicate with GHE api only\n            gh_enterprise_url (str): The GitHub Enterprise URL to use for authentication\n            gh_token (str | None): The GitHub token to use for authentication\n            organization (str): The GitHub organization to use for the PR\n            pr_body (str): The PR body to use for the PR\n            pr_title (str): The PR title to use for the PR\n            repos_json_location (str): The location of the repos.json file\n        \"\"\"\n        if not test:\n            # Dynaconf automatically loads from .env if it exists\n            pass\n    \n        gh_actor = settings.get(\"GH_ACTOR\", \"nobody\")\n        gh_app_id = get_int_env_var(\"GH_APP_ID\")\n        gh_app_private_key_bytes = settings.get(\"GH_APP_PRIVATE_KEY\", \"\").encode(\"utf8\")\n        gh_app_installation_id = get_int_env_var(\"GH_APP_INSTALLATION_ID\")\n        gh_app_enterprise_only = get_bool_env_var(\"GITHUB_APP_ENTERPRISE_ONLY\")\n    \n        if gh_app_id and (not gh_app_private_key_bytes or not gh_app_installation_id):\n            raise ValueError(\n                \"GH_APP_ID set and GH_APP_INSTALLATION_ID or GH_APP_PRIVATE_KEY variable not set\"\n            )\n    \n        gh_token = settings.get(\"GH_TOKEN\")\n        if (\n            not gh_app_id\n            and not gh_app_private_key_bytes\n            and not gh_app_installation_id\n            and not gh_token\n        ):\n>           raise ValueError(\"GH_TOKEN environment variable not set\")\nE           ValueError: GH_TOKEN environment variable not set\n\nenv.py:150: ValueError"
      },
      "teardown": {
        "outcome": "passed"
      }
    },
    {
      "nodeid": "test_env.py::TestEnv::test_get_env_vars_with_token",
      "lineno": 38,
      "outcome": "failed",
      "keywords": [
        "test_get_env_vars_with_token",
        "__wrapped__",
        "TestEnv",
        "test_env.py",
        "github@automatic-contrib-prs__3c357a2e__python-dotenv__dynaconf",
        ""
      ],
      "setup": {
        "outcome": "passed"
      },
      "call": {
        "outcome": "failed",
        "crash": {
          "path": "D:\\repos\\github@automatic-contrib-prs__3c357a2e__python-dotenv__dynaconf\\env.py",
          "lineno": 150,
          "message": "ValueError: GH_TOKEN environment variable not set"
        },
        "traceback": [
          {
            "path": "test_env.py",
            "lineno": 69,
            "message": ""
          },
          {
            "path": "env.py",
            "lineno": 150,
            "message": "ValueError"
          }
        ],
        "longrepr": "self = <test_env.TestEnv testMethod=test_get_env_vars_with_token>\n\n    @patch.dict(\n        os.environ,\n        {\n            \"GH_ACTOR\": \"\",\n            \"GH_APP_ID\": \"\",\n            \"GH_APP_INSTALLATION_ID\": \"\",\n            \"GH_APP_PRIVATE_KEY\": \"\",\n            \"GITHUB_APP_ENTERPRISE_ONLY\": \"\",\n            \"GH_ENTERPRISE_URL\": \"\",\n            \"GH_TOKEN\": TOKEN,\n            \"ORGANIZATION\": ORGANIZATION,\n            \"PR_BODY\": BODY,\n            \"PR_TITLE\": TITLE,\n        },\n    )\n    def test_get_env_vars_with_token(self):\n        \"\"\"Test that all environment variables are set correctly using a token\"\"\"\n        expected_result = EnvVars(\n            \"\",\n            None,\n            None,\n            b\"\",\n            False,\n            \"\",\n            TOKEN,\n            ORGANIZATION,\n            BODY,\n            TITLE,\n            REPOS_JSON_LOCATION,\n        )\n>       result = get_env_vars(True)\n\ntest_env.py:69: \n_ _ _ _ _ _ _ _ _ _ _ _ _ _ _ _ _ _ _ _ _ _ _ _ _ _ _ _ _ _ _ _ _ _ _ _ _ _ _ _\n\ntest = True\n\n    def get_env_vars(test: bool = False) -> EnvVars:\n        \"\"\"\n        Get the environment variables for use in the action.\n    \n        Args:\n            test (bool): Whether or not to load the environment variables from a .env file (default: False)\n    \n        Returns:\n            gh_actor (str): The GitHub actor to use for authentication\n            gh_app_id (int | None): The GitHub App ID to use for authentication\n            gh_app_installation_id (int | None): The GitHub App Installation ID to use for authentication\n            gh_app_private_key_bytes (bytes): The GitHub App Private Key as bytes to use for authentication\n            gh_app_enterprise_only (bool): Set this to true if the GH APP is created on GHE and needs to communicate with GHE api only\n            gh_enterprise_url (str): The GitHub Enterprise URL to use for authentication\n            gh_token (str | None): The GitHub token to use for authentication\n            organization (str): The GitHub organization to use for the PR\n            pr_body (str): The PR body to use for the PR\n            pr_title (str): The PR title to use for the PR\n            repos_json_location (str): The location of the repos.json file\n        \"\"\"\n        if not test:\n            # Dynaconf automatically loads from .env if it exists\n            pass\n    \n        gh_actor = settings.get(\"GH_ACTOR\", \"nobody\")\n        gh_app_id = get_int_env_var(\"GH_APP_ID\")\n        gh_app_private_key_bytes = settings.get(\"GH_APP_PRIVATE_KEY\", \"\").encode(\"utf8\")\n        gh_app_installation_id = get_int_env_var(\"GH_APP_INSTALLATION_ID\")\n        gh_app_enterprise_only = get_bool_env_var(\"GITHUB_APP_ENTERPRISE_ONLY\")\n    \n        if gh_app_id and (not gh_app_private_key_bytes or not gh_app_installation_id):\n            raise ValueError(\n                \"GH_APP_ID set and GH_APP_INSTALLATION_ID or GH_APP_PRIVATE_KEY variable not set\"\n            )\n    \n        gh_token = settings.get(\"GH_TOKEN\")\n        if (\n            not gh_app_id\n            and not gh_app_private_key_bytes\n            and not gh_app_installation_id\n            and not gh_token\n        ):\n>           raise ValueError(\"GH_TOKEN environment variable not set\")\nE           ValueError: GH_TOKEN environment variable not set\n\nenv.py:150: ValueError"
      },
      "teardown": {
        "outcome": "passed"
      }
    },
    {
      "nodeid": "test_open_contrib_pr.py::TestOpenContribPR::test_get_repos_json",
      "lineno": 12,
      "outcome": "passed",
      "keywords": [
        "test_get_repos_json",
        "__wrapped__",
        "patchings",
        "TestOpenContribPR",
        "test_open_contrib_pr.py",
        "github@automatic-contrib-prs__3c357a2e__python-dotenv__dynaconf",
        ""
      ],
      "setup": {
        "outcome": "passed"
      },
      "call": {
        "outcome": "passed"
      },
      "teardown": {
        "outcome": "passed"
      }
    },
    {
      "nodeid": "test_open_contrib_pr.py::TestCloneRepository::test_clone_repository_failure",
      "lineno": 62,
      "outcome": "passed",
      "keywords": [
        "test_clone_repository_failure",
        "__wrapped__",
        "patchings",
        "TestCloneRepository",
        "test_open_contrib_pr.py",
        "github@automatic-contrib-prs__3c357a2e__python-dotenv__dynaconf",
        ""
      ],
      "setup": {
        "outcome": "passed"
      },
      "call": {
        "outcome": "passed",
        "stdout": "Failed to clone repository: Clone failed\n"
      },
      "teardown": {
        "outcome": "passed"
      }
    },
    {
      "nodeid": "test_open_contrib_pr.py::TestCloneRepository::test_clone_repository_success",
      "lineno": 43,
      "outcome": "passed",
      "keywords": [
        "test_clone_repository_success",
        "__wrapped__",
        "patchings",
        "TestCloneRepository",
        "test_open_contrib_pr.py",
        "github@automatic-contrib-prs__3c357a2e__python-dotenv__dynaconf",
        ""
      ],
      "setup": {
        "outcome": "passed"
      },
      "call": {
        "outcome": "passed"
      },
      "teardown": {
        "outcome": "passed"
      }
    },
    {
      "nodeid": "test_open_contrib_pr.py::TestCreatePullRequest::test_create_pull_exceptions",
      "lineno": 106,
      "outcome": "passed",
      "keywords": [
        "test_create_pull_exceptions",
        "TestCreatePullRequest",
        "test_open_contrib_pr.py",
        "github@automatic-contrib-prs__3c357a2e__python-dotenv__dynaconf",
        ""
      ],
      "setup": {
        "outcome": "passed"
      },
      "call": {
        "outcome": "passed"
      },
      "teardown": {
        "outcome": "passed"
      }
    },
    {
      "nodeid": "test_open_contrib_pr.py::TestCreatePullRequest::test_create_pull_request_success",
      "lineno": 85,
      "outcome": "passed",
      "keywords": [
        "test_create_pull_request_success",
        "TestCreatePullRequest",
        "test_open_contrib_pr.py",
        "github@automatic-contrib-prs__3c357a2e__python-dotenv__dynaconf",
        ""
      ],
      "setup": {
        "outcome": "passed"
      },
      "call": {
        "outcome": "passed"
      },
      "teardown": {
        "outcome": "passed"
      }
    }
  ],
  "warnings": [
    {
      "message": "Usage of `from dynaconf import settings` is now DEPRECATED in 3.0.0+. You are encouraged to change it to your own instance e.g: `settings = Dynaconf(*options)`",
      "category": "DeprecationWarning",
      "when": "runtest",
      "filename": "D:\\repos\\github@automatic-contrib-prs__3c357a2e__python-dotenv__dynaconf\\.venv\\Lib\\site-packages\\dynaconf\\base.py",
      "lineno": 170
    }
  ]
}