{
  "exitcode": 1,
  "summary": {
    "passed": 72,
    "failed": 8,
    "total": 80,
    "collected": 80
  },
  "collectors": [
    {
      "nodeid": "",
      "outcome": "passed",
      "result": [
        {
          "nodeid": ".",
          "type": "Dir"
        }
      ]
    },
    {
      "nodeid": "ash_model/classes",
      "outcome": "passed",
      "result": []
    },
    {
      "nodeid": "ash_model/measures",
      "outcome": "passed",
      "result": []
    },
    {
      "nodeid": "ash_model/models",
      "outcome": "passed",
      "result": []
    },
    {
      "nodeid": "ash_model/paths",
      "outcome": "passed",
      "result": []
    },
    {
      "nodeid": "ash_model/readwrite",
      "outcome": "passed",
      "result": []
    },
    {
      "nodeid": "ash_model/test/test_ash.py::ASHTestCase",
      "outcome": "passed",
      "result": [
        {
          "nodeid": "ash_model/test/test_ash.py::ASHTestCase::test_add_node",
          "type": "TestCaseFunction",
          "lineno": 9
        },
        {
          "nodeid": "ash_model/test/test_ash.py::ASHTestCase::test_add_nodes",
          "type": "TestCaseFunction",
          "lineno": 17
        },
        {
          "nodeid": "ash_model/test/test_ash.py::ASHTestCase::test_adjacency",
          "type": "TestCaseFunction",
          "lineno": 396
        },
        {
          "nodeid": "ash_model/test/test_ash.py::ASHTestCase::test_bipartite",
          "type": "TestCaseFunction",
          "lineno": 357
        },
        {
          "nodeid": "ash_model/test/test_ash.py::ASHTestCase::test_degree_dist",
          "type": "TestCaseFunction",
          "lineno": 37
        },
        {
          "nodeid": "ash_model/test/test_ash.py::ASHTestCase::test_dual",
          "type": "TestCaseFunction",
          "lineno": 371
        },
        {
          "nodeid": "ash_model/test/test_ash.py::ASHTestCase::test_hyper_subgraph",
          "type": "TestCaseFunction",
          "lineno": 432
        },
        {
          "nodeid": "ash_model/test/test_ash.py::ASHTestCase::test_hyperedge",
          "type": "TestCaseFunction",
          "lineno": 172
        },
        {
          "nodeid": "ash_model/test/test_ash.py::ASHTestCase::test_hyperedge_id_iterator",
          "type": "TestCaseFunction",
          "lineno": 417
        },
        {
          "nodeid": "ash_model/test/test_ash.py::ASHTestCase::test_incidence",
          "type": "TestCaseFunction",
          "lineno": 385
        },
        {
          "nodeid": "ash_model/test/test_ash.py::ASHTestCase::test_interactions",
          "type": "TestCaseFunction",
          "lineno": 260
        },
        {
          "nodeid": "ash_model/test/test_ash.py::ASHTestCase::test_line_graph",
          "type": "TestCaseFunction",
          "lineno": 323
        },
        {
          "nodeid": "ash_model/test/test_ash.py::ASHTestCase::test_node_attributes",
          "type": "TestCaseFunction",
          "lineno": 55
        },
        {
          "nodeid": "ash_model/test/test_ash.py::ASHTestCase::test_node_attributes_to_attribute_values",
          "type": "TestCaseFunction",
          "lineno": 72
        },
        {
          "nodeid": "ash_model/test/test_ash.py::ASHTestCase::test_node_iterator",
          "type": "TestCaseFunction",
          "lineno": 158
        },
        {
          "nodeid": "ash_model/test/test_ash.py::ASHTestCase::test_node_profiles",
          "type": "TestCaseFunction",
          "lineno": 123
        },
        {
          "nodeid": "ash_model/test/test_ash.py::ASHTestCase::test_node_set",
          "type": "TestCaseFunction",
          "lineno": 144
        },
        {
          "nodeid": "ash_model/test/test_ash.py::ASHTestCase::test_s_incidente",
          "type": "TestCaseFunction",
          "lineno": 407
        },
        {
          "nodeid": "ash_model/test/test_ash.py::ASHTestCase::test_size_distribution",
          "type": "TestCaseFunction",
          "lineno": 270
        },
        {
          "nodeid": "ash_model/test/test_ash.py::ASHTestCase::test_star",
          "type": "TestCaseFunction",
          "lineno": 292
        },
        {
          "nodeid": "ash_model/test/test_ash.py::ASHTestCase::test_str",
          "type": "TestCaseFunction",
          "lineno": 306
        },
        {
          "nodeid": "ash_model/test/test_ash.py::ASHTestCase::test_temporal_slice",
          "type": "TestCaseFunction",
          "lineno": 241
        }
      ]
    },
    {
      "nodeid": "ash_model/test/test_ash.py",
      "outcome": "passed",
      "result": [
        {
          "nodeid": "ash_model/test/test_ash.py::ASHTestCase",
          "type": "UnitTestCase"
        }
      ]
    },
    {
      "nodeid": "ash_model/test/test_attribute_analysis.py::AttributeAnalysisCase",
      "outcome": "passed",
      "result": [
        {
          "nodeid": "ash_model/test/test_attribute_analysis.py::AttributeAnalysisCase::test_average_group_degree",
          "type": "TestCaseFunction",
          "lineno": 133
        },
        {
          "nodeid": "ash_model/test/test_attribute_analysis.py::AttributeAnalysisCase::test_consistency",
          "type": "TestCaseFunction",
          "lineno": 125
        },
        {
          "nodeid": "ash_model/test/test_attribute_analysis.py::AttributeAnalysisCase::test_hyperedge_profile_entropy",
          "type": "TestCaseFunction",
          "lineno": 80
        },
        {
          "nodeid": "ash_model/test/test_attribute_analysis.py::AttributeAnalysisCase::test_hyperedge_profile_purity",
          "type": "TestCaseFunction",
          "lineno": 67
        },
        {
          "nodeid": "ash_model/test/test_attribute_analysis.py::AttributeAnalysisCase::test_profiles",
          "type": "TestCaseFunction",
          "lineno": 47
        },
        {
          "nodeid": "ash_model/test/test_attribute_analysis.py::AttributeAnalysisCase::test_star_profile_entropy",
          "type": "TestCaseFunction",
          "lineno": 111
        },
        {
          "nodeid": "ash_model/test/test_attribute_analysis.py::AttributeAnalysisCase::test_star_profile_homogeneity",
          "type": "TestCaseFunction",
          "lineno": 91
        }
      ]
    },
    {
      "nodeid": "ash_model/test/test_attribute_analysis.py",
      "outcome": "passed",
      "result": [
        {
          "nodeid": "ash_model/test/test_attribute_analysis.py::AttributeAnalysisCase",
          "type": "UnitTestCase"
        }
      ]
    },
    {
      "nodeid": "ash_model/test/test_clustering.py::ClusteringTestCase",
      "outcome": "passed",
      "result": [
        {
          "nodeid": "ash_model/test/test_clustering.py::ClusteringTestCase::test_LCC",
          "type": "TestCaseFunction",
          "lineno": 6
        },
        {
          "nodeid": "ash_model/test/test_clustering.py::ClusteringTestCase::test_avg_LCC",
          "type": "TestCaseFunction",
          "lineno": 31
        },
        {
          "nodeid": "ash_model/test/test_clustering.py::ClusteringTestCase::test_inclusiveness",
          "type": "TestCaseFunction",
          "lineno": 65
        },
        {
          "nodeid": "ash_model/test/test_clustering.py::ClusteringTestCase::test_s_intersections",
          "type": "TestCaseFunction",
          "lineno": 56
        }
      ]
    },
    {
      "nodeid": "ash_model/test/test_clustering.py",
      "outcome": "passed",
      "result": [
        {
          "nodeid": "ash_model/test/test_clustering.py::ClusteringTestCase",
          "type": "UnitTestCase"
        }
      ]
    },
    {
      "nodeid": "ash_model/test/test_hyperconformity.py::HyperConformityTestCase",
      "outcome": "passed",
      "result": [
        {
          "nodeid": "ash_model/test/test_hyperconformity.py::HyperConformityTestCase::test_hyper_conformity",
          "type": "TestCaseFunction",
          "lineno": 43
        }
      ]
    },
    {
      "nodeid": "ash_model/test/test_hyperconformity.py",
      "outcome": "passed",
      "result": [
        {
          "nodeid": "ash_model/test/test_hyperconformity.py::HyperConformityTestCase",
          "type": "UnitTestCase"
        }
      ]
    },
    {
      "nodeid": "ash_model/test/test_io.py::IOTestCase",
      "outcome": "passed",
      "result": [
        {
          "nodeid": "ash_model/test/test_io.py::IOTestCase::test_read_write_ash",
          "type": "TestCaseFunction",
          "lineno": 75
        },
        {
          "nodeid": "ash_model/test/test_io.py::IOTestCase::test_read_write_profile_csv",
          "type": "TestCaseFunction",
          "lineno": 23
        },
        {
          "nodeid": "ash_model/test/test_io.py::IOTestCase::test_read_write_profile_json",
          "type": "TestCaseFunction",
          "lineno": 37
        },
        {
          "nodeid": "ash_model/test/test_io.py::IOTestCase::test_read_write_sh_csv",
          "type": "TestCaseFunction",
          "lineno": 52
        }
      ]
    },
    {
      "nodeid": "ash_model/test/test_io.py",
      "outcome": "passed",
      "result": [
        {
          "nodeid": "ash_model/test/test_io.py::IOTestCase",
          "type": "UnitTestCase"
        }
      ]
    },
    {
      "nodeid": "ash_model/test/test_models.py::ModelsTestCase",
      "outcome": "passed",
      "result": [
        {
          "nodeid": "ash_model/test/test_models.py::ModelsTestCase::test_random_ASH",
          "type": "TestCaseFunction",
          "lineno": 6
        }
      ]
    },
    {
      "nodeid": "ash_model/test/test_models.py",
      "outcome": "passed",
      "result": [
        {
          "nodeid": "ash_model/test/test_models.py::ModelsTestCase",
          "type": "UnitTestCase"
        }
      ]
    },
    {
      "nodeid": "ash_model/test/test_nprofile.py::NProfileTestCase",
      "outcome": "passed",
      "result": [
        {
          "nodeid": "ash_model/test/test_nprofile.py::NProfileTestCase::test_compare",
          "type": "TestCaseFunction",
          "lineno": 23
        },
        {
          "nodeid": "ash_model/test/test_nprofile.py::NProfileTestCase::test_creation",
          "type": "TestCaseFunction",
          "lineno": 35
        },
        {
          "nodeid": "ash_model/test/test_nprofile.py::NProfileTestCase::test_profile",
          "type": "TestCaseFunction",
          "lineno": 5
        },
        {
          "nodeid": "ash_model/test/test_nprofile.py::NProfileTestCase::test_statistic",
          "type": "TestCaseFunction",
          "lineno": 40
        }
      ]
    },
    {
      "nodeid": "ash_model/test/test_nprofile.py",
      "outcome": "passed",
      "result": [
        {
          "nodeid": "ash_model/test/test_nprofile.py::NProfileTestCase",
          "type": "UnitTestCase"
        }
      ]
    },
    {
      "nodeid": "ash_model/test/test_s_centralities.py::SCentralitiesCase",
      "outcome": "passed",
      "result": [
        {
          "nodeid": "ash_model/test/test_s_centralities.py::SCentralitiesCase::test_centralities",
          "type": "TestCaseFunction",
          "lineno": 16
        }
      ]
    },
    {
      "nodeid": "ash_model/test/test_s_centralities.py",
      "outcome": "passed",
      "result": [
        {
          "nodeid": "ash_model/test/test_s_centralities.py::SCentralitiesCase",
          "type": "UnitTestCase"
        }
      ]
    },
    {
      "nodeid": "ash_model/test/test_s_walks.py::SWalksCase",
      "outcome": "passed",
      "result": [
        {
          "nodeid": "ash_model/test/test_s_walks.py::SWalksCase::test_all_simple_s_paths",
          "type": "TestCaseFunction",
          "lineno": 262
        },
        {
          "nodeid": "ash_model/test/test_s_walks.py::SWalksCase::test_average_s_distance",
          "type": "TestCaseFunction",
          "lineno": 118
        },
        {
          "nodeid": "ash_model/test/test_s_walks.py::SWalksCase::test_closed_s_walk",
          "type": "TestCaseFunction",
          "lineno": 240
        },
        {
          "nodeid": "ash_model/test/test_s_walks.py::SWalksCase::test_diameter",
          "type": "TestCaseFunction",
          "lineno": 131
        },
        {
          "nodeid": "ash_model/test/test_s_walks.py::SWalksCase::test_has_s_walk",
          "type": "TestCaseFunction",
          "lineno": 124
        },
        {
          "nodeid": "ash_model/test/test_s_walks.py::SWalksCase::test_is_path",
          "type": "TestCaseFunction",
          "lineno": 221
        },
        {
          "nodeid": "ash_model/test/test_s_walks.py::SWalksCase::test_node_average_s_distance",
          "type": "TestCaseFunction",
          "lineno": 191
        },
        {
          "nodeid": "ash_model/test/test_s_walks.py::SWalksCase::test_node_diameter",
          "type": "TestCaseFunction",
          "lineno": 206
        },
        {
          "nodeid": "ash_model/test/test_s_walks.py::SWalksCase::test_node_has_s_walk",
          "type": "TestCaseFunction",
          "lineno": 199
        },
        {
          "nodeid": "ash_model/test/test_s_walks.py::SWalksCase::test_node_s_components",
          "type": "TestCaseFunction",
          "lineno": 213
        },
        {
          "nodeid": "ash_model/test/test_s_walks.py::SWalksCase::test_node_s_distance",
          "type": "TestCaseFunction",
          "lineno": 170
        },
        {
          "nodeid": "ash_model/test/test_s_walks.py::SWalksCase::test_node_shortest_s_walk",
          "type": "TestCaseFunction",
          "lineno": 146
        },
        {
          "nodeid": "ash_model/test/test_s_walks.py::SWalksCase::test_s_components",
          "type": "TestCaseFunction",
          "lineno": 138
        },
        {
          "nodeid": "ash_model/test/test_s_walks.py::SWalksCase::test_s_distance",
          "type": "TestCaseFunction",
          "lineno": 93
        },
        {
          "nodeid": "ash_model/test/test_s_walks.py::SWalksCase::test_s_shortest_paths",
          "type": "TestCaseFunction",
          "lineno": 271
        },
        {
          "nodeid": "ash_model/test/test_s_walks.py::SWalksCase::test_shortest_s_walk",
          "type": "TestCaseFunction",
          "lineno": 19
        }
      ]
    },
    {
      "nodeid": "ash_model/test/test_s_walks.py",
      "outcome": "passed",
      "result": [
        {
          "nodeid": "ash_model/test/test_s_walks.py::SWalksCase",
          "type": "UnitTestCase"
        }
      ]
    },
    {
      "nodeid": "ash_model/test/test_static_viz.py::StaticVizTestCase",
      "outcome": "passed",
      "result": [
        {
          "nodeid": "ash_model/test/test_static_viz.py::StaticVizTestCase::test_plot_degree_distribution",
          "type": "TestCaseFunction",
          "lineno": 28
        },
        {
          "nodeid": "ash_model/test/test_static_viz.py::StaticVizTestCase::test_plot_hyperedge_size_distribution",
          "type": "TestCaseFunction",
          "lineno": 23
        },
        {
          "nodeid": "ash_model/test/test_static_viz.py::StaticVizTestCase::test_plot_s_degrees",
          "type": "TestCaseFunction",
          "lineno": 18
        },
        {
          "nodeid": "ash_model/test/test_static_viz.py::StaticVizTestCase::test_plot_s_ranks",
          "type": "TestCaseFunction",
          "lineno": 33
        }
      ]
    },
    {
      "nodeid": "ash_model/test/test_static_viz.py",
      "outcome": "passed",
      "result": [
        {
          "nodeid": "ash_model/test/test_static_viz.py::StaticVizTestCase",
          "type": "UnitTestCase"
        }
      ]
    },
    {
      "nodeid": "ash_model/test/test_temporal_viz.py::TemporalVizTestCase",
      "outcome": "passed",
      "result": [
        {
          "nodeid": "ash_model/test/test_temporal_viz.py::TemporalVizTestCase::test_plot_attribute_dynamics",
          "type": "TestCaseFunction",
          "lineno": 57
        },
        {
          "nodeid": "ash_model/test/test_temporal_viz.py::TemporalVizTestCase::test_plot_consistency",
          "type": "TestCaseFunction",
          "lineno": 98
        },
        {
          "nodeid": "ash_model/test/test_temporal_viz.py::TemporalVizTestCase::test_plot_structure_dynamics",
          "type": "TestCaseFunction",
          "lineno": 47
        }
      ]
    },
    {
      "nodeid": "ash_model/test/test_temporal_viz.py",
      "outcome": "passed",
      "result": [
        {
          "nodeid": "ash_model/test/test_temporal_viz.py::TemporalVizTestCase",
          "type": "UnitTestCase"
        }
      ]
    },
    {
      "nodeid": "ash_model/test/test_time_respecting_walks.py::TimeRespectingWalksCase",
      "outcome": "passed",
      "result": [
        {
          "nodeid": "ash_model/test/test_time_respecting_walks.py::TimeRespectingWalksCase::test_all_time_respecting_paths",
          "type": "TestCaseFunction",
          "lineno": 59
        },
        {
          "nodeid": "ash_model/test/test_time_respecting_walks.py::TimeRespectingWalksCase::test_annotated_paths",
          "type": "TestCaseFunction",
          "lineno": 66
        },
        {
          "nodeid": "ash_model/test/test_time_respecting_walks.py::TimeRespectingWalksCase::test_incidence",
          "type": "TestCaseFunction",
          "lineno": 17
        },
        {
          "nodeid": "ash_model/test/test_time_respecting_walks.py::TimeRespectingWalksCase::test_temporal_dag",
          "type": "TestCaseFunction",
          "lineno": 30
        },
        {
          "nodeid": "ash_model/test/test_time_respecting_walks.py::TimeRespectingWalksCase::test_time_respecting_s_walks",
          "type": "TestCaseFunction",
          "lineno": 43
        }
      ]
    },
    {
      "nodeid": "ash_model/test/test_time_respecting_walks.py",
      "outcome": "passed",
      "result": [
        {
          "nodeid": "ash_model/test/test_time_respecting_walks.py::TimeRespectingWalksCase",
          "type": "UnitTestCase"
        }
      ]
    },
    {
      "nodeid": "ash_model/test/test_utils.py::UtilsTestCase",
      "outcome": "passed",
      "result": [
        {
          "nodeid": "ash_model/test/test_utils.py::UtilsTestCase::test_from_networkx_graph",
          "type": "TestCaseFunction",
          "lineno": 82
        },
        {
          "nodeid": "ash_model/test/test_utils.py::UtilsTestCase::test_get_hyperedge_id_mapping",
          "type": "TestCaseFunction",
          "lineno": 27
        },
        {
          "nodeid": "ash_model/test/test_utils.py::UtilsTestCase::test_get_hyperedge_weight_matrix",
          "type": "TestCaseFunction",
          "lineno": 43
        },
        {
          "nodeid": "ash_model/test/test_utils.py::UtilsTestCase::test_get_incidence_matrix",
          "type": "TestCaseFunction",
          "lineno": 33
        },
        {
          "nodeid": "ash_model/test/test_utils.py::UtilsTestCase::test_get_vertex_degree_matrix",
          "type": "TestCaseFunction",
          "lineno": 52
        },
        {
          "nodeid": "ash_model/test/test_utils.py::UtilsTestCase::test_node_mapping",
          "type": "TestCaseFunction",
          "lineno": 21
        },
        {
          "nodeid": "ash_model/test/test_utils.py::UtilsTestCase::test_to_graph_decomposition",
          "type": "TestCaseFunction",
          "lineno": 60
        },
        {
          "nodeid": "ash_model/test/test_utils.py::UtilsTestCase::test_to_networkx_graph",
          "type": "TestCaseFunction",
          "lineno": 71
        }
      ]
    },
    {
      "nodeid": "ash_model/test/test_utils.py",
      "outcome": "passed",
      "result": [
        {
          "nodeid": "ash_model/test/test_utils.py::UtilsTestCase",
          "type": "UnitTestCase"
        }
      ]
    },
    {
      "nodeid": "ash_model/test",
      "outcome": "passed",
      "result": [
        {
          "nodeid": "ash_model/test/test_ash.py",
          "type": "Module"
        },
        {
          "nodeid": "ash_model/test/test_attribute_analysis.py",
          "type": "Module"
        },
        {
          "nodeid": "ash_model/test/test_clustering.py",
          "type": "Module"
        },
        {
          "nodeid": "ash_model/test/test_hyperconformity.py",
          "type": "Module"
        },
        {
          "nodeid": "ash_model/test/test_io.py",
          "type": "Module"
        },
        {
          "nodeid": "ash_model/test/test_models.py",
          "type": "Module"
        },
        {
          "nodeid": "ash_model/test/test_nprofile.py",
          "type": "Module"
        },
        {
          "nodeid": "ash_model/test/test_s_centralities.py",
          "type": "Module"
        },
        {
          "nodeid": "ash_model/test/test_s_walks.py",
          "type": "Module"
        },
        {
          "nodeid": "ash_model/test/test_static_viz.py",
          "type": "Module"
        },
        {
          "nodeid": "ash_model/test/test_temporal_viz.py",
          "type": "Module"
        },
        {
          "nodeid": "ash_model/test/test_time_respecting_walks.py",
          "type": "Module"
        },
        {
          "nodeid": "ash_model/test/test_utils.py",
          "type": "Module"
        }
      ]
    },
    {
      "nodeid": "ash_model/utils",
      "outcome": "passed",
      "result": []
    },
    {
      "nodeid": "ash_model/viz",
      "outcome": "passed",
      "result": []
    },
    {
      "nodeid": "ash_model",
      "outcome": "passed",
      "result": [
        {
          "nodeid": "ash_model/classes",
          "type": "Package"
        },
        {
          "nodeid": "ash_model/measures",
          "type": "Package"
        },
        {
          "nodeid": "ash_model/models",
          "type": "Package"
        },
        {
          "nodeid": "ash_model/paths",
          "type": "Package"
        },
        {
          "nodeid": "ash_model/readwrite",
          "type": "Package"
        },
        {
          "nodeid": "ash_model/test",
          "type": "Package"
        },
        {
          "nodeid": "ash_model/utils",
          "type": "Package"
        },
        {
          "nodeid": "ash_model/viz",
          "type": "Package"
        }
      ]
    },
    {
      "nodeid": "ash_model.egg-info",
      "outcome": "passed",
      "result": []
    },
    {
      "nodeid": "docs/_static/css",
      "outcome": "passed",
      "result": []
    },
    {
      "nodeid": "docs/_static",
      "outcome": "passed",
      "result": [
        {
          "nodeid": "docs/_static/css",
          "type": "Dir"
        }
      ]
    },
    {
      "nodeid": "docs/reference",
      "outcome": "passed",
      "result": []
    },
    {
      "nodeid": "docs",
      "outcome": "passed",
      "result": [
        {
          "nodeid": "docs/_static",
          "type": "Dir"
        },
        {
          "nodeid": "docs/reference",
          "type": "Dir"
        }
      ]
    },
    {
      "nodeid": ".",
      "outcome": "passed",
      "result": [
        {
          "nodeid": "ash_model",
          "type": "Package"
        },
        {
          "nodeid": "ash_model.egg-info",
          "type": "Dir"
        },
        {
          "nodeid": "docs",
          "type": "Dir"
        }
      ]
    }
  ],
  "tests": [
    {
      "nodeid": "ash_model/test/test_ash.py::ASHTestCase::test_add_node",
      "lineno": 9,
      "outcome": "passed",
      "keywords": [
        "test_add_node",
        "ASHTestCase",
        "test_ash.py",
        "test",
        "ash_model",
        "giuliorossetti@ash__1106b609__matplotlib__plotly",
        ""
      ],
      "setup": {
        "outcome": "passed"
      },
      "call": {
        "outcome": "passed"
      },
      "teardown": {
        "outcome": "passed"
      }
    },
    {
      "nodeid": "ash_model/test/test_ash.py::ASHTestCase::test_add_nodes",
      "lineno": 17,
      "outcome": "passed",
      "keywords": [
        "test_add_nodes",
        "ASHTestCase",
        "test_ash.py",
        "test",
        "ash_model",
        "giuliorossetti@ash__1106b609__matplotlib__plotly",
        ""
      ],
      "setup": {
        "outcome": "passed"
      },
      "call": {
        "outcome": "passed"
      },
      "teardown": {
        "outcome": "passed"
      }
    },
    {
      "nodeid": "ash_model/test/test_ash.py::ASHTestCase::test_adjacency",
      "lineno": 396,
      "outcome": "passed",
      "keywords": [
        "test_adjacency",
        "ASHTestCase",
        "test_ash.py",
        "test",
        "ash_model",
        "giuliorossetti@ash__1106b609__matplotlib__plotly",
        ""
      ],
      "setup": {
        "outcome": "passed"
      },
      "call": {
        "outcome": "passed"
      },
      "teardown": {
        "outcome": "passed"
      }
    },
    {
      "nodeid": "ash_model/test/test_ash.py::ASHTestCase::test_bipartite",
      "lineno": 357,
      "outcome": "passed",
      "keywords": [
        "test_bipartite",
        "ASHTestCase",
        "test_ash.py",
        "test",
        "ash_model",
        "giuliorossetti@ash__1106b609__matplotlib__plotly",
        ""
      ],
      "setup": {
        "outcome": "passed"
      },
      "call": {
        "outcome": "passed"
      },
      "teardown": {
        "outcome": "passed"
      }
    },
    {
      "nodeid": "ash_model/test/test_ash.py::ASHTestCase::test_degree_dist",
      "lineno": 37,
      "outcome": "passed",
      "keywords": [
        "test_degree_dist",
        "ASHTestCase",
        "test_ash.py",
        "test",
        "ash_model",
        "giuliorossetti@ash__1106b609__matplotlib__plotly",
        ""
      ],
      "setup": {
        "outcome": "passed"
      },
      "call": {
        "outcome": "passed"
      },
      "teardown": {
        "outcome": "passed"
      }
    },
    {
      "nodeid": "ash_model/test/test_ash.py::ASHTestCase::test_dual",
      "lineno": 371,
      "outcome": "passed",
      "keywords": [
        "test_dual",
        "ASHTestCase",
        "test_ash.py",
        "test",
        "ash_model",
        "giuliorossetti@ash__1106b609__matplotlib__plotly",
        ""
      ],
      "setup": {
        "outcome": "passed"
      },
      "call": {
        "outcome": "passed"
      },
      "teardown": {
        "outcome": "passed"
      }
    },
    {
      "nodeid": "ash_model/test/test_ash.py::ASHTestCase::test_hyper_subgraph",
      "lineno": 432,
      "outcome": "passed",
      "keywords": [
        "test_hyper_subgraph",
        "ASHTestCase",
        "test_ash.py",
        "test",
        "ash_model",
        "giuliorossetti@ash__1106b609__matplotlib__plotly",
        ""
      ],
      "setup": {
        "outcome": "passed"
      },
      "call": {
        "outcome": "passed"
      },
      "teardown": {
        "outcome": "passed"
      }
    },
    {
      "nodeid": "ash_model/test/test_ash.py::ASHTestCase::test_hyperedge",
      "lineno": 172,
      "outcome": "failed",
      "keywords": [
        "test_hyperedge",
        "ASHTestCase",
        "test_ash.py",
        "test",
        "ash_model",
        "giuliorossetti@ash__1106b609__matplotlib__plotly",
        ""
      ],
      "setup": {
        "outcome": "passed"
      },
      "call": {
        "outcome": "failed",
        "crash": {
          "path": "C:\\Users\\Mohay\\AppData\\Local\\Programs\\Python\\Python312\\Lib\\unittest\\case.py",
          "lineno": 878,
          "message": "AssertionError: 2 != 3"
        },
        "traceback": [
          {
            "path": "ash_model\\test\\test_ash.py",
            "lineno": 191,
            "message": "AssertionError"
          }
        ],
        "longrepr": "self = <ash_model.test.test_ash.ASHTestCase testMethod=test_hyperedge>\n\n    def test_hyperedge(self):\n        a = ASH(hedge_removal=True)\n        a.add_hyperedge([1, 2, 3], 0, 1)\n        a.add_hyperedge([1, 2, 3], 6, 9)\n        a.add_hyperedge([1, 2, 3], -3, -2)\n        a.add_hyperedge([3, 4, 5], 3, 4)\n    \n        self.assertEqual(a.get_avg_number_of_hyperedges(), 1.0)\n        self.assertEqual(a.hyperedge_contribution(\"e1\"), 0.8)\n    \n        self.assertEqual(a.has_hyperedge([1, 2, 3]), True)\n        self.assertEqual(a.has_hyperedge([1, 2, 4]), False)\n        self.assertEqual(a.has_hyperedge([1, 2, 3], tid=0), True)\n        self.assertEqual(a.has_hyperedge([1, 2, 3], tid=5), False)\n    \n        self.assertEqual(a.get_size(), 2)\n        self.assertEqual(a.get_size(0), 1)\n    \n>       self.assertEqual(a.get_number_of_neighbors(1), 3)\nE       AssertionError: 2 != 3\n\nash_model\\test\\test_ash.py:191: AssertionError"
      },
      "teardown": {
        "outcome": "passed"
      }
    },
    {
      "nodeid": "ash_model/test/test_ash.py::ASHTestCase::test_hyperedge_id_iterator",
      "lineno": 417,
      "outcome": "passed",
      "keywords": [
        "test_hyperedge_id_iterator",
        "ASHTestCase",
        "test_ash.py",
        "test",
        "ash_model",
        "giuliorossetti@ash__1106b609__matplotlib__plotly",
        ""
      ],
      "setup": {
        "outcome": "passed"
      },
      "call": {
        "outcome": "passed"
      },
      "teardown": {
        "outcome": "passed"
      }
    },
    {
      "nodeid": "ash_model/test/test_ash.py::ASHTestCase::test_incidence",
      "lineno": 385,
      "outcome": "passed",
      "keywords": [
        "test_incidence",
        "ASHTestCase",
        "test_ash.py",
        "test",
        "ash_model",
        "giuliorossetti@ash__1106b609__matplotlib__plotly",
        ""
      ],
      "setup": {
        "outcome": "passed"
      },
      "call": {
        "outcome": "passed"
      },
      "teardown": {
        "outcome": "passed"
      }
    },
    {
      "nodeid": "ash_model/test/test_ash.py::ASHTestCase::test_interactions",
      "lineno": 260,
      "outcome": "passed",
      "keywords": [
        "test_interactions",
        "ASHTestCase",
        "test_ash.py",
        "test",
        "ash_model",
        "giuliorossetti@ash__1106b609__matplotlib__plotly",
        ""
      ],
      "setup": {
        "outcome": "passed"
      },
      "call": {
        "outcome": "passed"
      },
      "teardown": {
        "outcome": "passed"
      }
    },
    {
      "nodeid": "ash_model/test/test_ash.py::ASHTestCase::test_line_graph",
      "lineno": 323,
      "outcome": "passed",
      "keywords": [
        "test_line_graph",
        "ASHTestCase",
        "test_ash.py",
        "test",
        "ash_model",
        "giuliorossetti@ash__1106b609__matplotlib__plotly",
        ""
      ],
      "setup": {
        "outcome": "passed"
      },
      "call": {
        "outcome": "passed"
      },
      "teardown": {
        "outcome": "passed"
      }
    },
    {
      "nodeid": "ash_model/test/test_ash.py::ASHTestCase::test_node_attributes",
      "lineno": 55,
      "outcome": "passed",
      "keywords": [
        "test_node_attributes",
        "ASHTestCase",
        "test_ash.py",
        "test",
        "ash_model",
        "giuliorossetti@ash__1106b609__matplotlib__plotly",
        ""
      ],
      "setup": {
        "outcome": "passed"
      },
      "call": {
        "outcome": "passed"
      },
      "teardown": {
        "outcome": "passed"
      }
    },
    {
      "nodeid": "ash_model/test/test_ash.py::ASHTestCase::test_node_attributes_to_attribute_values",
      "lineno": 72,
      "outcome": "passed",
      "keywords": [
        "test_node_attributes_to_attribute_values",
        "ASHTestCase",
        "test_ash.py",
        "test",
        "ash_model",
        "giuliorossetti@ash__1106b609__matplotlib__plotly",
        ""
      ],
      "setup": {
        "outcome": "passed"
      },
      "call": {
        "outcome": "passed"
      },
      "teardown": {
        "outcome": "passed"
      }
    },
    {
      "nodeid": "ash_model/test/test_ash.py::ASHTestCase::test_node_iterator",
      "lineno": 158,
      "outcome": "passed",
      "keywords": [
        "test_node_iterator",
        "ASHTestCase",
        "test_ash.py",
        "test",
        "ash_model",
        "giuliorossetti@ash__1106b609__matplotlib__plotly",
        ""
      ],
      "setup": {
        "outcome": "passed"
      },
      "call": {
        "outcome": "passed"
      },
      "teardown": {
        "outcome": "passed"
      }
    },
    {
      "nodeid": "ash_model/test/test_ash.py::ASHTestCase::test_node_profiles",
      "lineno": 123,
      "outcome": "passed",
      "keywords": [
        "test_node_profiles",
        "ASHTestCase",
        "test_ash.py",
        "test",
        "ash_model",
        "giuliorossetti@ash__1106b609__matplotlib__plotly",
        ""
      ],
      "setup": {
        "outcome": "passed"
      },
      "call": {
        "outcome": "passed"
      },
      "teardown": {
        "outcome": "passed"
      }
    },
    {
      "nodeid": "ash_model/test/test_ash.py::ASHTestCase::test_node_set",
      "lineno": 144,
      "outcome": "passed",
      "keywords": [
        "test_node_set",
        "ASHTestCase",
        "test_ash.py",
        "test",
        "ash_model",
        "giuliorossetti@ash__1106b609__matplotlib__plotly",
        ""
      ],
      "setup": {
        "outcome": "passed"
      },
      "call": {
        "outcome": "passed"
      },
      "teardown": {
        "outcome": "passed"
      }
    },
    {
      "nodeid": "ash_model/test/test_ash.py::ASHTestCase::test_s_incidente",
      "lineno": 407,
      "outcome": "passed",
      "keywords": [
        "test_s_incidente",
        "ASHTestCase",
        "test_ash.py",
        "test",
        "ash_model",
        "giuliorossetti@ash__1106b609__matplotlib__plotly",
        ""
      ],
      "setup": {
        "outcome": "passed"
      },
      "call": {
        "outcome": "passed"
      },
      "teardown": {
        "outcome": "passed"
      }
    },
    {
      "nodeid": "ash_model/test/test_ash.py::ASHTestCase::test_size_distribution",
      "lineno": 270,
      "outcome": "passed",
      "keywords": [
        "test_size_distribution",
        "ASHTestCase",
        "test_ash.py",
        "test",
        "ash_model",
        "giuliorossetti@ash__1106b609__matplotlib__plotly",
        ""
      ],
      "setup": {
        "outcome": "passed"
      },
      "call": {
        "outcome": "passed"
      },
      "teardown": {
        "outcome": "passed"
      }
    },
    {
      "nodeid": "ash_model/test/test_ash.py::ASHTestCase::test_star",
      "lineno": 292,
      "outcome": "passed",
      "keywords": [
        "test_star",
        "ASHTestCase",
        "test_ash.py",
        "test",
        "ash_model",
        "giuliorossetti@ash__1106b609__matplotlib__plotly",
        ""
      ],
      "setup": {
        "outcome": "passed"
      },
      "call": {
        "outcome": "passed"
      },
      "teardown": {
        "outcome": "passed"
      }
    },
    {
      "nodeid": "ash_model/test/test_ash.py::ASHTestCase::test_str",
      "lineno": 306,
      "outcome": "passed",
      "keywords": [
        "test_str",
        "ASHTestCase",
        "test_ash.py",
        "test",
        "ash_model",
        "giuliorossetti@ash__1106b609__matplotlib__plotly",
        ""
      ],
      "setup": {
        "outcome": "passed"
      },
      "call": {
        "outcome": "passed"
      },
      "teardown": {
        "outcome": "passed"
      }
    },
    {
      "nodeid": "ash_model/test/test_ash.py::ASHTestCase::test_temporal_slice",
      "lineno": 241,
      "outcome": "passed",
      "keywords": [
        "test_temporal_slice",
        "ASHTestCase",
        "test_ash.py",
        "test",
        "ash_model",
        "giuliorossetti@ash__1106b609__matplotlib__plotly",
        ""
      ],
      "setup": {
        "outcome": "passed"
      },
      "call": {
        "outcome": "passed"
      },
      "teardown": {
        "outcome": "passed"
      }
    },
    {
      "nodeid": "ash_model/test/test_attribute_analysis.py::AttributeAnalysisCase::test_average_group_degree",
      "lineno": 133,
      "outcome": "passed",
      "keywords": [
        "test_average_group_degree",
        "AttributeAnalysisCase",
        "test_attribute_analysis.py",
        "test",
        "ash_model",
        "giuliorossetti@ash__1106b609__matplotlib__plotly",
        ""
      ],
      "setup": {
        "outcome": "passed"
      },
      "call": {
        "outcome": "passed"
      },
      "teardown": {
        "outcome": "passed"
      }
    },
    {
      "nodeid": "ash_model/test/test_attribute_analysis.py::AttributeAnalysisCase::test_consistency",
      "lineno": 125,
      "outcome": "passed",
      "keywords": [
        "test_consistency",
        "AttributeAnalysisCase",
        "test_attribute_analysis.py",
        "test",
        "ash_model",
        "giuliorossetti@ash__1106b609__matplotlib__plotly",
        ""
      ],
      "setup": {
        "outcome": "passed"
      },
      "call": {
        "outcome": "passed"
      },
      "teardown": {
        "outcome": "passed"
      }
    },
    {
      "nodeid": "ash_model/test/test_attribute_analysis.py::AttributeAnalysisCase::test_hyperedge_profile_entropy",
      "lineno": 80,
      "outcome": "passed",
      "keywords": [
        "test_hyperedge_profile_entropy",
        "AttributeAnalysisCase",
        "test_attribute_analysis.py",
        "test",
        "ash_model",
        "giuliorossetti@ash__1106b609__matplotlib__plotly",
        ""
      ],
      "setup": {
        "outcome": "passed"
      },
      "call": {
        "outcome": "passed"
      },
      "teardown": {
        "outcome": "passed"
      }
    },
    {
      "nodeid": "ash_model/test/test_attribute_analysis.py::AttributeAnalysisCase::test_hyperedge_profile_purity",
      "lineno": 67,
      "outcome": "passed",
      "keywords": [
        "test_hyperedge_profile_purity",
        "AttributeAnalysisCase",
        "test_attribute_analysis.py",
        "test",
        "ash_model",
        "giuliorossetti@ash__1106b609__matplotlib__plotly",
        ""
      ],
      "setup": {
        "outcome": "passed"
      },
      "call": {
        "outcome": "passed"
      },
      "teardown": {
        "outcome": "passed"
      }
    },
    {
      "nodeid": "ash_model/test/test_attribute_analysis.py::AttributeAnalysisCase::test_profiles",
      "lineno": 47,
      "outcome": "passed",
      "keywords": [
        "test_profiles",
        "AttributeAnalysisCase",
        "test_attribute_analysis.py",
        "test",
        "ash_model",
        "giuliorossetti@ash__1106b609__matplotlib__plotly",
        ""
      ],
      "setup": {
        "outcome": "passed"
      },
      "call": {
        "outcome": "passed"
      },
      "teardown": {
        "outcome": "passed"
      }
    },
    {
      "nodeid": "ash_model/test/test_attribute_analysis.py::AttributeAnalysisCase::test_star_profile_entropy",
      "lineno": 111,
      "outcome": "passed",
      "keywords": [
        "test_star_profile_entropy",
        "AttributeAnalysisCase",
        "test_attribute_analysis.py",
        "test",
        "ash_model",
        "giuliorossetti@ash__1106b609__matplotlib__plotly",
        ""
      ],
      "setup": {
        "outcome": "passed"
      },
      "call": {
        "outcome": "passed"
      },
      "teardown": {
        "outcome": "passed"
      }
    },
    {
      "nodeid": "ash_model/test/test_attribute_analysis.py::AttributeAnalysisCase::test_star_profile_homogeneity",
      "lineno": 91,
      "outcome": "passed",
      "keywords": [
        "test_star_profile_homogeneity",
        "AttributeAnalysisCase",
        "test_attribute_analysis.py",
        "test",
        "ash_model",
        "giuliorossetti@ash__1106b609__matplotlib__plotly",
        ""
      ],
      "setup": {
        "outcome": "passed"
      },
      "call": {
        "outcome": "passed"
      },
      "teardown": {
        "outcome": "passed"
      }
    },
    {
      "nodeid": "ash_model/test/test_clustering.py::ClusteringTestCase::test_LCC",
      "lineno": 6,
      "outcome": "passed",
      "keywords": [
        "test_LCC",
        "ClusteringTestCase",
        "test_clustering.py",
        "test",
        "ash_model",
        "giuliorossetti@ash__1106b609__matplotlib__plotly",
        ""
      ],
      "setup": {
        "outcome": "passed"
      },
      "call": {
        "outcome": "passed"
      },
      "teardown": {
        "outcome": "passed"
      }
    },
    {
      "nodeid": "ash_model/test/test_clustering.py::ClusteringTestCase::test_avg_LCC",
      "lineno": 31,
      "outcome": "passed",
      "keywords": [
        "test_avg_LCC",
        "ClusteringTestCase",
        "test_clustering.py",
        "test",
        "ash_model",
        "giuliorossetti@ash__1106b609__matplotlib__plotly",
        ""
      ],
      "setup": {
        "outcome": "passed"
      },
      "call": {
        "outcome": "passed"
      },
      "teardown": {
        "outcome": "passed"
      }
    },
    {
      "nodeid": "ash_model/test/test_clustering.py::ClusteringTestCase::test_inclusiveness",
      "lineno": 65,
      "outcome": "passed",
      "keywords": [
        "test_inclusiveness",
        "ClusteringTestCase",
        "test_clustering.py",
        "test",
        "ash_model",
        "giuliorossetti@ash__1106b609__matplotlib__plotly",
        ""
      ],
      "setup": {
        "outcome": "passed"
      },
      "call": {
        "outcome": "passed"
      },
      "teardown": {
        "outcome": "passed"
      }
    },
    {
      "nodeid": "ash_model/test/test_clustering.py::ClusteringTestCase::test_s_intersections",
      "lineno": 56,
      "outcome": "passed",
      "keywords": [
        "test_s_intersections",
        "ClusteringTestCase",
        "test_clustering.py",
        "test",
        "ash_model",
        "giuliorossetti@ash__1106b609__matplotlib__plotly",
        ""
      ],
      "setup": {
        "outcome": "passed"
      },
      "call": {
        "outcome": "passed"
      },
      "teardown": {
        "outcome": "passed"
      }
    },
    {
      "nodeid": "ash_model/test/test_hyperconformity.py::HyperConformityTestCase::test_hyper_conformity",
      "lineno": 43,
      "outcome": "passed",
      "keywords": [
        "test_hyper_conformity",
        "HyperConformityTestCase",
        "test_hyperconformity.py",
        "test",
        "ash_model",
        "giuliorossetti@ash__1106b609__matplotlib__plotly",
        ""
      ],
      "setup": {
        "outcome": "passed"
      },
      "call": {
        "outcome": "passed",
        "stderr": "\r  0%|          | 0/5 [00:00<?, ?it/s]\r100%|\u2588\u2588\u2588\u2588\u2588\u2588\u2588\u2588\u2588\u2588| 5/5 [00:00<00:00, 1667.72it/s]\n\r  0%|          | 0/5 [00:00<?, ?it/s]\r100%|\u2588\u2588\u2588\u2588\u2588\u2588\u2588\u2588\u2588\u2588| 5/5 [00:00<00:00, 1667.32it/s]\n"
      },
      "teardown": {
        "outcome": "passed"
      }
    },
    {
      "nodeid": "ash_model/test/test_io.py::IOTestCase::test_read_write_ash",
      "lineno": 75,
      "outcome": "passed",
      "keywords": [
        "test_read_write_ash",
        "IOTestCase",
        "test_io.py",
        "test",
        "ash_model",
        "giuliorossetti@ash__1106b609__matplotlib__plotly",
        ""
      ],
      "setup": {
        "outcome": "passed"
      },
      "call": {
        "outcome": "passed"
      },
      "teardown": {
        "outcome": "passed"
      }
    },
    {
      "nodeid": "ash_model/test/test_io.py::IOTestCase::test_read_write_profile_csv",
      "lineno": 23,
      "outcome": "passed",
      "keywords": [
        "test_read_write_profile_csv",
        "IOTestCase",
        "test_io.py",
        "test",
        "ash_model",
        "giuliorossetti@ash__1106b609__matplotlib__plotly",
        ""
      ],
      "setup": {
        "outcome": "passed"
      },
      "call": {
        "outcome": "passed"
      },
      "teardown": {
        "outcome": "passed"
      }
    },
    {
      "nodeid": "ash_model/test/test_io.py::IOTestCase::test_read_write_profile_json",
      "lineno": 37,
      "outcome": "passed",
      "keywords": [
        "test_read_write_profile_json",
        "IOTestCase",
        "test_io.py",
        "test",
        "ash_model",
        "giuliorossetti@ash__1106b609__matplotlib__plotly",
        ""
      ],
      "setup": {
        "outcome": "passed"
      },
      "call": {
        "outcome": "passed"
      },
      "teardown": {
        "outcome": "passed"
      }
    },
    {
      "nodeid": "ash_model/test/test_io.py::IOTestCase::test_read_write_sh_csv",
      "lineno": 52,
      "outcome": "passed",
      "keywords": [
        "test_read_write_sh_csv",
        "IOTestCase",
        "test_io.py",
        "test",
        "ash_model",
        "giuliorossetti@ash__1106b609__matplotlib__plotly",
        ""
      ],
      "setup": {
        "outcome": "passed"
      },
      "call": {
        "outcome": "passed"
      },
      "teardown": {
        "outcome": "passed"
      }
    },
    {
      "nodeid": "ash_model/test/test_models.py::ModelsTestCase::test_random_ASH",
      "lineno": 6,
      "outcome": "passed",
      "keywords": [
        "test_random_ASH",
        "ModelsTestCase",
        "test_models.py",
        "test",
        "ash_model",
        "giuliorossetti@ash__1106b609__matplotlib__plotly",
        ""
      ],
      "setup": {
        "outcome": "passed"
      },
      "call": {
        "outcome": "passed"
      },
      "teardown": {
        "outcome": "passed"
      }
    },
    {
      "nodeid": "ash_model/test/test_nprofile.py::NProfileTestCase::test_compare",
      "lineno": 23,
      "outcome": "passed",
      "keywords": [
        "test_compare",
        "NProfileTestCase",
        "test_nprofile.py",
        "test",
        "ash_model",
        "giuliorossetti@ash__1106b609__matplotlib__plotly",
        ""
      ],
      "setup": {
        "outcome": "passed"
      },
      "call": {
        "outcome": "passed"
      },
      "teardown": {
        "outcome": "passed"
      }
    },
    {
      "nodeid": "ash_model/test/test_nprofile.py::NProfileTestCase::test_creation",
      "lineno": 35,
      "outcome": "passed",
      "keywords": [
        "test_creation",
        "NProfileTestCase",
        "test_nprofile.py",
        "test",
        "ash_model",
        "giuliorossetti@ash__1106b609__matplotlib__plotly",
        ""
      ],
      "setup": {
        "outcome": "passed"
      },
      "call": {
        "outcome": "passed"
      },
      "teardown": {
        "outcome": "passed"
      }
    },
    {
      "nodeid": "ash_model/test/test_nprofile.py::NProfileTestCase::test_profile",
      "lineno": 5,
      "outcome": "passed",
      "keywords": [
        "test_profile",
        "NProfileTestCase",
        "test_nprofile.py",
        "test",
        "ash_model",
        "giuliorossetti@ash__1106b609__matplotlib__plotly",
        ""
      ],
      "setup": {
        "outcome": "passed"
      },
      "call": {
        "outcome": "passed"
      },
      "teardown": {
        "outcome": "passed"
      }
    },
    {
      "nodeid": "ash_model/test/test_nprofile.py::NProfileTestCase::test_statistic",
      "lineno": 40,
      "outcome": "passed",
      "keywords": [
        "test_statistic",
        "NProfileTestCase",
        "test_nprofile.py",
        "test",
        "ash_model",
        "giuliorossetti@ash__1106b609__matplotlib__plotly",
        ""
      ],
      "setup": {
        "outcome": "passed"
      },
      "call": {
        "outcome": "passed"
      },
      "teardown": {
        "outcome": "passed"
      }
    },
    {
      "nodeid": "ash_model/test/test_s_centralities.py::SCentralitiesCase::test_centralities",
      "lineno": 16,
      "outcome": "passed",
      "keywords": [
        "test_centralities",
        "SCentralitiesCase",
        "test_s_centralities.py",
        "test",
        "ash_model",
        "giuliorossetti@ash__1106b609__matplotlib__plotly",
        ""
      ],
      "setup": {
        "outcome": "passed"
      },
      "call": {
        "outcome": "passed"
      },
      "teardown": {
        "outcome": "passed"
      }
    },
    {
      "nodeid": "ash_model/test/test_s_walks.py::SWalksCase::test_all_simple_s_paths",
      "lineno": 262,
      "outcome": "passed",
      "keywords": [
        "test_all_simple_s_paths",
        "SWalksCase",
        "test_s_walks.py",
        "test",
        "ash_model",
        "giuliorossetti@ash__1106b609__matplotlib__plotly",
        ""
      ],
      "setup": {
        "outcome": "passed"
      },
      "call": {
        "outcome": "passed"
      },
      "teardown": {
        "outcome": "passed"
      }
    },
    {
      "nodeid": "ash_model/test/test_s_walks.py::SWalksCase::test_average_s_distance",
      "lineno": 118,
      "outcome": "passed",
      "keywords": [
        "test_average_s_distance",
        "SWalksCase",
        "test_s_walks.py",
        "test",
        "ash_model",
        "giuliorossetti@ash__1106b609__matplotlib__plotly",
        ""
      ],
      "setup": {
        "outcome": "passed"
      },
      "call": {
        "outcome": "passed"
      },
      "teardown": {
        "outcome": "passed"
      }
    },
    {
      "nodeid": "ash_model/test/test_s_walks.py::SWalksCase::test_closed_s_walk",
      "lineno": 240,
      "outcome": "passed",
      "keywords": [
        "test_closed_s_walk",
        "SWalksCase",
        "test_s_walks.py",
        "test",
        "ash_model",
        "giuliorossetti@ash__1106b609__matplotlib__plotly",
        ""
      ],
      "setup": {
        "outcome": "passed"
      },
      "call": {
        "outcome": "passed"
      },
      "teardown": {
        "outcome": "passed"
      }
    },
    {
      "nodeid": "ash_model/test/test_s_walks.py::SWalksCase::test_diameter",
      "lineno": 131,
      "outcome": "passed",
      "keywords": [
        "test_diameter",
        "SWalksCase",
        "test_s_walks.py",
        "test",
        "ash_model",
        "giuliorossetti@ash__1106b609__matplotlib__plotly",
        ""
      ],
      "setup": {
        "outcome": "passed"
      },
      "call": {
        "outcome": "passed"
      },
      "teardown": {
        "outcome": "passed"
      }
    },
    {
      "nodeid": "ash_model/test/test_s_walks.py::SWalksCase::test_has_s_walk",
      "lineno": 124,
      "outcome": "passed",
      "keywords": [
        "test_has_s_walk",
        "SWalksCase",
        "test_s_walks.py",
        "test",
        "ash_model",
        "giuliorossetti@ash__1106b609__matplotlib__plotly",
        ""
      ],
      "setup": {
        "outcome": "passed"
      },
      "call": {
        "outcome": "passed"
      },
      "teardown": {
        "outcome": "passed"
      }
    },
    {
      "nodeid": "ash_model/test/test_s_walks.py::SWalksCase::test_is_path",
      "lineno": 221,
      "outcome": "passed",
      "keywords": [
        "test_is_path",
        "SWalksCase",
        "test_s_walks.py",
        "test",
        "ash_model",
        "giuliorossetti@ash__1106b609__matplotlib__plotly",
        ""
      ],
      "setup": {
        "outcome": "passed"
      },
      "call": {
        "outcome": "passed"
      },
      "teardown": {
        "outcome": "passed"
      }
    },
    {
      "nodeid": "ash_model/test/test_s_walks.py::SWalksCase::test_node_average_s_distance",
      "lineno": 191,
      "outcome": "passed",
      "keywords": [
        "test_node_average_s_distance",
        "SWalksCase",
        "test_s_walks.py",
        "test",
        "ash_model",
        "giuliorossetti@ash__1106b609__matplotlib__plotly",
        ""
      ],
      "setup": {
        "outcome": "passed"
      },
      "call": {
        "outcome": "passed"
      },
      "teardown": {
        "outcome": "passed"
      }
    },
    {
      "nodeid": "ash_model/test/test_s_walks.py::SWalksCase::test_node_diameter",
      "lineno": 206,
      "outcome": "passed",
      "keywords": [
        "test_node_diameter",
        "SWalksCase",
        "test_s_walks.py",
        "test",
        "ash_model",
        "giuliorossetti@ash__1106b609__matplotlib__plotly",
        ""
      ],
      "setup": {
        "outcome": "passed"
      },
      "call": {
        "outcome": "passed"
      },
      "teardown": {
        "outcome": "passed"
      }
    },
    {
      "nodeid": "ash_model/test/test_s_walks.py::SWalksCase::test_node_has_s_walk",
      "lineno": 199,
      "outcome": "passed",
      "keywords": [
        "test_node_has_s_walk",
        "SWalksCase",
        "test_s_walks.py",
        "test",
        "ash_model",
        "giuliorossetti@ash__1106b609__matplotlib__plotly",
        ""
      ],
      "setup": {
        "outcome": "passed"
      },
      "call": {
        "outcome": "passed"
      },
      "teardown": {
        "outcome": "passed"
      }
    },
    {
      "nodeid": "ash_model/test/test_s_walks.py::SWalksCase::test_node_s_components",
      "lineno": 213,
      "outcome": "passed",
      "keywords": [
        "test_node_s_components",
        "SWalksCase",
        "test_s_walks.py",
        "test",
        "ash_model",
        "giuliorossetti@ash__1106b609__matplotlib__plotly",
        ""
      ],
      "setup": {
        "outcome": "passed"
      },
      "call": {
        "outcome": "passed"
      },
      "teardown": {
        "outcome": "passed"
      }
    },
    {
      "nodeid": "ash_model/test/test_s_walks.py::SWalksCase::test_node_s_distance",
      "lineno": 170,
      "outcome": "passed",
      "keywords": [
        "test_node_s_distance",
        "SWalksCase",
        "test_s_walks.py",
        "test",
        "ash_model",
        "giuliorossetti@ash__1106b609__matplotlib__plotly",
        ""
      ],
      "setup": {
        "outcome": "passed"
      },
      "call": {
        "outcome": "passed"
      },
      "teardown": {
        "outcome": "passed"
      }
    },
    {
      "nodeid": "ash_model/test/test_s_walks.py::SWalksCase::test_node_shortest_s_walk",
      "lineno": 146,
      "outcome": "passed",
      "keywords": [
        "test_node_shortest_s_walk",
        "SWalksCase",
        "test_s_walks.py",
        "test",
        "ash_model",
        "giuliorossetti@ash__1106b609__matplotlib__plotly",
        ""
      ],
      "setup": {
        "outcome": "passed"
      },
      "call": {
        "outcome": "passed"
      },
      "teardown": {
        "outcome": "passed"
      }
    },
    {
      "nodeid": "ash_model/test/test_s_walks.py::SWalksCase::test_s_components",
      "lineno": 138,
      "outcome": "passed",
      "keywords": [
        "test_s_components",
        "SWalksCase",
        "test_s_walks.py",
        "test",
        "ash_model",
        "giuliorossetti@ash__1106b609__matplotlib__plotly",
        ""
      ],
      "setup": {
        "outcome": "passed"
      },
      "call": {
        "outcome": "passed"
      },
      "teardown": {
        "outcome": "passed"
      }
    },
    {
      "nodeid": "ash_model/test/test_s_walks.py::SWalksCase::test_s_distance",
      "lineno": 93,
      "outcome": "passed",
      "keywords": [
        "test_s_distance",
        "SWalksCase",
        "test_s_walks.py",
        "test",
        "ash_model",
        "giuliorossetti@ash__1106b609__matplotlib__plotly",
        ""
      ],
      "setup": {
        "outcome": "passed"
      },
      "call": {
        "outcome": "passed"
      },
      "teardown": {
        "outcome": "passed"
      }
    },
    {
      "nodeid": "ash_model/test/test_s_walks.py::SWalksCase::test_s_shortest_paths",
      "lineno": 271,
      "outcome": "passed",
      "keywords": [
        "test_s_shortest_paths",
        "SWalksCase",
        "test_s_walks.py",
        "test",
        "ash_model",
        "giuliorossetti@ash__1106b609__matplotlib__plotly",
        ""
      ],
      "setup": {
        "outcome": "passed"
      },
      "call": {
        "outcome": "passed"
      },
      "teardown": {
        "outcome": "passed"
      }
    },
    {
      "nodeid": "ash_model/test/test_s_walks.py::SWalksCase::test_shortest_s_walk",
      "lineno": 19,
      "outcome": "passed",
      "keywords": [
        "test_shortest_s_walk",
        "SWalksCase",
        "test_s_walks.py",
        "test",
        "ash_model",
        "giuliorossetti@ash__1106b609__matplotlib__plotly",
        ""
      ],
      "setup": {
        "outcome": "passed"
      },
      "call": {
        "outcome": "passed"
      },
      "teardown": {
        "outcome": "passed"
      }
    },
    {
      "nodeid": "ash_model/test/test_static_viz.py::StaticVizTestCase::test_plot_degree_distribution",
      "lineno": 28,
      "outcome": "failed",
      "keywords": [
        "test_plot_degree_distribution",
        "StaticVizTestCase",
        "test_static_viz.py",
        "test",
        "ash_model",
        "giuliorossetti@ash__1106b609__matplotlib__plotly",
        ""
      ],
      "setup": {
        "outcome": "passed"
      },
      "call": {
        "outcome": "failed",
        "crash": {
          "path": "D:\\repos\\giuliorossetti@ash__1106b609__matplotlib__plotly\\.venv\\Lib\\site-packages\\_plotly_utils\\basevalidators.py",
          "lineno": 299,
          "message": "ValueError: \n    Invalid value of type 'builtins.range' received for the 'x' property of scatter\n        Received value: range(0, 5)\n\n    The 'x' property is an array that may be specified as a tuple,\n    list, numpy array, or pandas Series"
        },
        "traceback": [
          {
            "path": "ash_model\\test\\test_static_viz.py",
            "lineno": 31,
            "message": ""
          },
          {
            "path": "ash_model\\viz\\static.py",
            "lineno": 112,
            "message": "in plot_degree_distribution"
          },
          {
            "path": ".venv\\Lib\\site-packages\\plotly\\graph_objs\\_scatter.py",
            "lineno": 3634,
            "message": "in __init__"
          },
          {
            "path": ".venv\\Lib\\site-packages\\plotly\\basedatatypes.py",
            "lineno": 4860,
            "message": "in __setitem__"
          },
          {
            "path": ".venv\\Lib\\site-packages\\plotly\\basedatatypes.py",
            "lineno": 5204,
            "message": "in _set_prop"
          },
          {
            "path": ".venv\\Lib\\site-packages\\plotly\\basedatatypes.py",
            "lineno": 5199,
            "message": "in _set_prop"
          },
          {
            "path": ".venv\\Lib\\site-packages\\_plotly_utils\\basevalidators.py",
            "lineno": 414,
            "message": "in validate_coerce"
          },
          {
            "path": ".venv\\Lib\\site-packages\\_plotly_utils\\basevalidators.py",
            "lineno": 299,
            "message": "ValueError"
          }
        ],
        "longrepr": "self = <ash_model.test.test_static_viz.StaticVizTestCase testMethod=test_plot_degree_distribution>\n\n    def test_plot_degree_distribution(self):\n        a = self.get_hypergraph()\n>       ax = plot_degree_distribution(a)\n\nash_model\\test\\test_static_viz.py:31: \n_ _ _ _ _ _ _ _ _ _ _ _ _ _ _ _ _ _ _ _ _ _ _ _ _ _ _ _ _ _ _ _ _ _ _ _ _ _ _ _\nash_model\\viz\\static.py:112: in plot_degree_distribution\n    go.Scatter(\n.venv\\Lib\\site-packages\\plotly\\graph_objs\\_scatter.py:3634: in __init__\n    self[\"x\"] = _v\n.venv\\Lib\\site-packages\\plotly\\basedatatypes.py:4860: in __setitem__\n    self._set_prop(prop, value)\n.venv\\Lib\\site-packages\\plotly\\basedatatypes.py:5204: in _set_prop\n    raise err\n.venv\\Lib\\site-packages\\plotly\\basedatatypes.py:5199: in _set_prop\n    val = validator.validate_coerce(val)\n.venv\\Lib\\site-packages\\_plotly_utils\\basevalidators.py:414: in validate_coerce\n    self.raise_invalid_val(v)\n_ _ _ _ _ _ _ _ _ _ _ _ _ _ _ _ _ _ _ _ _ _ _ _ _ _ _ _ _ _ _ _ _ _ _ _ _ _ _ _\n\nself = <plotly.validators.scatter._x.XValidator object at 0x00000178F882B320>\nv = range(0, 5), inds = None\n\n        def raise_invalid_val(self, v, inds=None):\n            \"\"\"\n            Helper method to raise an informative exception when an invalid\n            value is passed to the validate_coerce method.\n    \n            Parameters\n            ----------\n            v :\n                Value that was input to validate_coerce and could not be coerced\n            inds: list of int or None (default)\n                Indexes to display after property name. e.g. if self.plotly_name\n                is 'prop' and inds=[2, 1] then the name in the validation error\n                message will be 'prop[2][1]`\n            Raises\n            -------\n            ValueError\n            \"\"\"\n            name = self.plotly_name\n            if inds:\n                for i in inds:\n                    name += \"[\" + str(i) + \"]\"\n    \n>           raise ValueError(\n                \"\"\"\n        Invalid value of type {typ} received for the '{name}' property of {pname}\n            Received value: {v}\n    \n    {valid_clr_desc}\"\"\".format(\n                    name=name,\n                    pname=self.parent_name,\n                    typ=type_str(v),\n                    v=repr(v),\n                    valid_clr_desc=self.description(),\n                )\n            )\nE           ValueError: \nE               Invalid value of type 'builtins.range' received for the 'x' property of scatter\nE                   Received value: range(0, 5)\nE           \nE               The 'x' property is an array that may be specified as a tuple,\nE               list, numpy array, or pandas Series\n\n.venv\\Lib\\site-packages\\_plotly_utils\\basevalidators.py:299: ValueError"
      },
      "teardown": {
        "outcome": "passed"
      }
    },
    {
      "nodeid": "ash_model/test/test_static_viz.py::StaticVizTestCase::test_plot_hyperedge_size_distribution",
      "lineno": 23,
      "outcome": "failed",
      "keywords": [
        "test_plot_hyperedge_size_distribution",
        "StaticVizTestCase",
        "test_static_viz.py",
        "test",
        "ash_model",
        "giuliorossetti@ash__1106b609__matplotlib__plotly",
        ""
      ],
      "setup": {
        "outcome": "passed"
      },
      "call": {
        "outcome": "failed",
        "crash": {
          "path": "D:\\repos\\giuliorossetti@ash__1106b609__matplotlib__plotly\\ash_model\\test\\test_static_viz.py",
          "lineno": 27,
          "message": "NameError: name 'plt' is not defined"
        },
        "traceback": [
          {
            "path": "ash_model\\test\\test_static_viz.py",
            "lineno": 27,
            "message": "NameError"
          }
        ],
        "longrepr": "self = <ash_model.test.test_static_viz.StaticVizTestCase testMethod=test_plot_hyperedge_size_distribution>\n\n    def test_plot_hyperedge_size_distribution(self):\n        a = self.get_hypergraph()\n        ax = plot_hyperedge_size_distribution(a)\n>       self.assertIsInstance(ax, plt.Axes)\nE       NameError: name 'plt' is not defined\n\nash_model\\test\\test_static_viz.py:27: NameError"
      },
      "teardown": {
        "outcome": "passed"
      }
    },
    {
      "nodeid": "ash_model/test/test_static_viz.py::StaticVizTestCase::test_plot_s_degrees",
      "lineno": 18,
      "outcome": "failed",
      "keywords": [
        "test_plot_s_degrees",
        "StaticVizTestCase",
        "test_static_viz.py",
        "test",
        "ash_model",
        "giuliorossetti@ash__1106b609__matplotlib__plotly",
        ""
      ],
      "setup": {
        "outcome": "passed"
      },
      "call": {
        "outcome": "failed",
        "crash": {
          "path": "D:\\repos\\giuliorossetti@ash__1106b609__matplotlib__plotly\\ash_model\\test\\test_static_viz.py",
          "lineno": 22,
          "message": "NameError: name 'plt' is not defined"
        },
        "traceback": [
          {
            "path": "ash_model\\test\\test_static_viz.py",
            "lineno": 22,
            "message": "NameError"
          }
        ],
        "longrepr": "self = <ash_model.test.test_static_viz.StaticVizTestCase testMethod=test_plot_s_degrees>\n\n    def test_plot_s_degrees(self):\n        a = self.get_hypergraph()\n        ax = plot_s_degrees(a, smax=3)\n>       self.assertIsInstance(ax, plt.Axes)\nE       NameError: name 'plt' is not defined\n\nash_model\\test\\test_static_viz.py:22: NameError"
      },
      "teardown": {
        "outcome": "passed"
      }
    },
    {
      "nodeid": "ash_model/test/test_static_viz.py::StaticVizTestCase::test_plot_s_ranks",
      "lineno": 33,
      "outcome": "failed",
      "keywords": [
        "test_plot_s_ranks",
        "StaticVizTestCase",
        "test_static_viz.py",
        "test",
        "ash_model",
        "giuliorossetti@ash__1106b609__matplotlib__plotly",
        ""
      ],
      "setup": {
        "outcome": "passed"
      },
      "call": {
        "outcome": "failed",
        "crash": {
          "path": "D:\\repos\\giuliorossetti@ash__1106b609__matplotlib__plotly\\ash_model\\test\\test_static_viz.py",
          "lineno": 37,
          "message": "NameError: name 'plt' is not defined"
        },
        "traceback": [
          {
            "path": "ash_model\\test\\test_static_viz.py",
            "lineno": 37,
            "message": "NameError"
          }
        ],
        "longrepr": "self = <ash_model.test.test_static_viz.StaticVizTestCase testMethod=test_plot_s_ranks>\n\n    def test_plot_s_ranks(self):\n        a = self.get_hypergraph()\n        ax = plot_s_ranks(a, smax=3)\n>       self.assertIsInstance(ax, plt.Axes)\nE       NameError: name 'plt' is not defined\n\nash_model\\test\\test_static_viz.py:37: NameError"
      },
      "teardown": {
        "outcome": "passed"
      }
    },
    {
      "nodeid": "ash_model/test/test_temporal_viz.py::TemporalVizTestCase::test_plot_attribute_dynamics",
      "lineno": 57,
      "outcome": "failed",
      "keywords": [
        "test_plot_attribute_dynamics",
        "TemporalVizTestCase",
        "test_temporal_viz.py",
        "test",
        "ash_model",
        "giuliorossetti@ash__1106b609__matplotlib__plotly",
        ""
      ],
      "setup": {
        "outcome": "passed"
      },
      "call": {
        "outcome": "failed",
        "crash": {
          "path": "D:\\repos\\giuliorossetti@ash__1106b609__matplotlib__plotly\\ash_model\\test\\test_temporal_viz.py",
          "lineno": 63,
          "message": "NameError: name 'plt' is not defined"
        },
        "traceback": [
          {
            "path": "ash_model\\test\\test_temporal_viz.py",
            "lineno": 63,
            "message": "NameError"
          }
        ],
        "longrepr": "self = <ash_model.test.test_temporal_viz.TemporalVizTestCase testMethod=test_plot_attribute_dynamics>\n\n    def test_plot_attribute_dynamics(self):\n        a = self.get_hypergraph()\n        ax = plot_attribute_dynamics(\n            a, attr_name=\"party\", func=average_hyperedge_profile_entropy\n        )\n>       self.assertIsInstance(ax, plt.Axes)\nE       NameError: name 'plt' is not defined\n\nash_model\\test\\test_temporal_viz.py:63: NameError"
      },
      "teardown": {
        "outcome": "passed"
      }
    },
    {
      "nodeid": "ash_model/test/test_temporal_viz.py::TemporalVizTestCase::test_plot_consistency",
      "lineno": 98,
      "outcome": "failed",
      "keywords": [
        "test_plot_consistency",
        "TemporalVizTestCase",
        "test_temporal_viz.py",
        "test",
        "ash_model",
        "giuliorossetti@ash__1106b609__matplotlib__plotly",
        ""
      ],
      "setup": {
        "outcome": "passed"
      },
      "call": {
        "outcome": "failed",
        "crash": {
          "path": "D:\\repos\\giuliorossetti@ash__1106b609__matplotlib__plotly\\ash_model\\test\\test_temporal_viz.py",
          "lineno": 102,
          "message": "NameError: name 'plt' is not defined"
        },
        "traceback": [
          {
            "path": "ash_model\\test\\test_temporal_viz.py",
            "lineno": 102,
            "message": "NameError"
          }
        ],
        "longrepr": "self = <ash_model.test.test_temporal_viz.TemporalVizTestCase testMethod=test_plot_consistency>\n\n    def test_plot_consistency(self):\n        a = self.get_hypergraph()\n        ax = plot_consistency(a)\n>       self.assertIsInstance(ax, plt.Axes)\nE       NameError: name 'plt' is not defined\n\nash_model\\test\\test_temporal_viz.py:102: NameError"
      },
      "teardown": {
        "outcome": "passed"
      }
    },
    {
      "nodeid": "ash_model/test/test_temporal_viz.py::TemporalVizTestCase::test_plot_structure_dynamics",
      "lineno": 47,
      "outcome": "failed",
      "keywords": [
        "test_plot_structure_dynamics",
        "TemporalVizTestCase",
        "test_temporal_viz.py",
        "test",
        "ash_model",
        "giuliorossetti@ash__1106b609__matplotlib__plotly",
        ""
      ],
      "setup": {
        "outcome": "passed"
      },
      "call": {
        "outcome": "failed",
        "crash": {
          "path": "D:\\repos\\giuliorossetti@ash__1106b609__matplotlib__plotly\\ash_model\\test\\test_temporal_viz.py",
          "lineno": 54,
          "message": "NameError: name 'plt' is not defined"
        },
        "traceback": [
          {
            "path": "ash_model\\test\\test_temporal_viz.py",
            "lineno": 54,
            "message": "NameError"
          }
        ],
        "longrepr": "self = <ash_model.test.test_temporal_viz.TemporalVizTestCase testMethod=test_plot_structure_dynamics>\n\n    def test_plot_structure_dynamics(self):\n        a = self.get_hypergraph()\n    \n        ax = plot_structure_dynamics(\n            a, average_s_local_clustering_coefficient, func_params={\"s\": 2}\n        )\n>       self.assertIsInstance(ax, plt.Axes)\nE       NameError: name 'plt' is not defined\n\nash_model\\test\\test_temporal_viz.py:54: NameError"
      },
      "teardown": {
        "outcome": "passed"
      }
    },
    {
      "nodeid": "ash_model/test/test_time_respecting_walks.py::TimeRespectingWalksCase::test_all_time_respecting_paths",
      "lineno": 59,
      "outcome": "passed",
      "keywords": [
        "test_all_time_respecting_paths",
        "TimeRespectingWalksCase",
        "test_time_respecting_walks.py",
        "test",
        "ash_model",
        "giuliorossetti@ash__1106b609__matplotlib__plotly",
        ""
      ],
      "setup": {
        "outcome": "passed"
      },
      "call": {
        "outcome": "passed"
      },
      "teardown": {
        "outcome": "passed"
      }
    },
    {
      "nodeid": "ash_model/test/test_time_respecting_walks.py::TimeRespectingWalksCase::test_annotated_paths",
      "lineno": 66,
      "outcome": "passed",
      "keywords": [
        "test_annotated_paths",
        "TimeRespectingWalksCase",
        "test_time_respecting_walks.py",
        "test",
        "ash_model",
        "giuliorossetti@ash__1106b609__matplotlib__plotly",
        ""
      ],
      "setup": {
        "outcome": "passed"
      },
      "call": {
        "outcome": "passed"
      },
      "teardown": {
        "outcome": "passed"
      }
    },
    {
      "nodeid": "ash_model/test/test_time_respecting_walks.py::TimeRespectingWalksCase::test_incidence",
      "lineno": 17,
      "outcome": "passed",
      "keywords": [
        "test_incidence",
        "TimeRespectingWalksCase",
        "test_time_respecting_walks.py",
        "test",
        "ash_model",
        "giuliorossetti@ash__1106b609__matplotlib__plotly",
        ""
      ],
      "setup": {
        "outcome": "passed"
      },
      "call": {
        "outcome": "passed"
      },
      "teardown": {
        "outcome": "passed"
      }
    },
    {
      "nodeid": "ash_model/test/test_time_respecting_walks.py::TimeRespectingWalksCase::test_temporal_dag",
      "lineno": 30,
      "outcome": "passed",
      "keywords": [
        "test_temporal_dag",
        "TimeRespectingWalksCase",
        "test_time_respecting_walks.py",
        "test",
        "ash_model",
        "giuliorossetti@ash__1106b609__matplotlib__plotly",
        ""
      ],
      "setup": {
        "outcome": "passed"
      },
      "call": {
        "outcome": "passed"
      },
      "teardown": {
        "outcome": "passed"
      }
    },
    {
      "nodeid": "ash_model/test/test_time_respecting_walks.py::TimeRespectingWalksCase::test_time_respecting_s_walks",
      "lineno": 43,
      "outcome": "passed",
      "keywords": [
        "test_time_respecting_s_walks",
        "TimeRespectingWalksCase",
        "test_time_respecting_walks.py",
        "test",
        "ash_model",
        "giuliorossetti@ash__1106b609__matplotlib__plotly",
        ""
      ],
      "setup": {
        "outcome": "passed"
      },
      "call": {
        "outcome": "passed"
      },
      "teardown": {
        "outcome": "passed"
      }
    },
    {
      "nodeid": "ash_model/test/test_utils.py::UtilsTestCase::test_from_networkx_graph",
      "lineno": 82,
      "outcome": "passed",
      "keywords": [
        "test_from_networkx_graph",
        "UtilsTestCase",
        "test_utils.py",
        "test",
        "ash_model",
        "giuliorossetti@ash__1106b609__matplotlib__plotly",
        ""
      ],
      "setup": {
        "outcome": "passed"
      },
      "call": {
        "outcome": "passed"
      },
      "teardown": {
        "outcome": "passed"
      }
    },
    {
      "nodeid": "ash_model/test/test_utils.py::UtilsTestCase::test_get_hyperedge_id_mapping",
      "lineno": 27,
      "outcome": "passed",
      "keywords": [
        "test_get_hyperedge_id_mapping",
        "UtilsTestCase",
        "test_utils.py",
        "test",
        "ash_model",
        "giuliorossetti@ash__1106b609__matplotlib__plotly",
        ""
      ],
      "setup": {
        "outcome": "passed"
      },
      "call": {
        "outcome": "passed"
      },
      "teardown": {
        "outcome": "passed"
      }
    },
    {
      "nodeid": "ash_model/test/test_utils.py::UtilsTestCase::test_get_hyperedge_weight_matrix",
      "lineno": 43,
      "outcome": "passed",
      "keywords": [
        "test_get_hyperedge_weight_matrix",
        "UtilsTestCase",
        "test_utils.py",
        "test",
        "ash_model",
        "giuliorossetti@ash__1106b609__matplotlib__plotly",
        ""
      ],
      "setup": {
        "outcome": "passed"
      },
      "call": {
        "outcome": "passed"
      },
      "teardown": {
        "outcome": "passed"
      }
    },
    {
      "nodeid": "ash_model/test/test_utils.py::UtilsTestCase::test_get_incidence_matrix",
      "lineno": 33,
      "outcome": "passed",
      "keywords": [
        "test_get_incidence_matrix",
        "UtilsTestCase",
        "test_utils.py",
        "test",
        "ash_model",
        "giuliorossetti@ash__1106b609__matplotlib__plotly",
        ""
      ],
      "setup": {
        "outcome": "passed"
      },
      "call": {
        "outcome": "passed"
      },
      "teardown": {
        "outcome": "passed"
      }
    },
    {
      "nodeid": "ash_model/test/test_utils.py::UtilsTestCase::test_get_vertex_degree_matrix",
      "lineno": 52,
      "outcome": "passed",
      "keywords": [
        "test_get_vertex_degree_matrix",
        "UtilsTestCase",
        "test_utils.py",
        "test",
        "ash_model",
        "giuliorossetti@ash__1106b609__matplotlib__plotly",
        ""
      ],
      "setup": {
        "outcome": "passed"
      },
      "call": {
        "outcome": "passed"
      },
      "teardown": {
        "outcome": "passed"
      }
    },
    {
      "nodeid": "ash_model/test/test_utils.py::UtilsTestCase::test_node_mapping",
      "lineno": 21,
      "outcome": "passed",
      "keywords": [
        "test_node_mapping",
        "UtilsTestCase",
        "test_utils.py",
        "test",
        "ash_model",
        "giuliorossetti@ash__1106b609__matplotlib__plotly",
        ""
      ],
      "setup": {
        "outcome": "passed"
      },
      "call": {
        "outcome": "passed"
      },
      "teardown": {
        "outcome": "passed"
      }
    },
    {
      "nodeid": "ash_model/test/test_utils.py::UtilsTestCase::test_to_graph_decomposition",
      "lineno": 60,
      "outcome": "passed",
      "keywords": [
        "test_to_graph_decomposition",
        "UtilsTestCase",
        "test_utils.py",
        "test",
        "ash_model",
        "giuliorossetti@ash__1106b609__matplotlib__plotly",
        ""
      ],
      "setup": {
        "outcome": "passed"
      },
      "call": {
        "outcome": "passed"
      },
      "teardown": {
        "outcome": "passed"
      }
    },
    {
      "nodeid": "ash_model/test/test_utils.py::UtilsTestCase::test_to_networkx_graph",
      "lineno": 71,
      "outcome": "passed",
      "keywords": [
        "test_to_networkx_graph",
        "UtilsTestCase",
        "test_utils.py",
        "test",
        "ash_model",
        "giuliorossetti@ash__1106b609__matplotlib__plotly",
        ""
      ],
      "setup": {
        "outcome": "passed"
      },
      "call": {
        "outcome": "passed"
      },
      "teardown": {
        "outcome": "passed"
      }
    }
  ],
  "warnings": [
    {
      "message": "Mean of empty slice.",
      "category": "RuntimeWarning",
      "when": "runtest",
      "filename": "D:\\repos\\giuliorossetti@ash__1106b609__matplotlib__plotly\\.venv\\Lib\\site-packages\\numpy\\_core\\fromnumeric.py",
      "lineno": 3860
    },
    {
      "message": "invalid value encountered in scalar divide",
      "category": "RuntimeWarning",
      "when": "runtest",
      "filename": "D:\\repos\\giuliorossetti@ash__1106b609__matplotlib__plotly\\.venv\\Lib\\site-packages\\numpy\\_core\\_methods.py",
      "lineno": 145
    },
    {
      "message": "\n\nshortest_path will return an iterator that yields\n(node, path) pairs instead of a dictionary when source\nand target are unspecified beginning in version 3.5\n\nTo keep the current behavior, use:\n\n\tdict(nx.shortest_path(G))",
      "category": "FutureWarning",
      "when": "runtest",
      "filename": "<class 'networkx.utils.decorators.argmap'> compilation 29",
      "lineno": 3
    },
    {
      "message": "\n\nshortest_path will return an iterator that yields\n(node, path) pairs instead of a dictionary when source\nand target are unspecified beginning in version 3.5\n\nTo keep the current behavior, use:\n\n\tdict(nx.shortest_path(G))",
      "category": "FutureWarning",
      "when": "runtest",
      "filename": "<class 'networkx.utils.decorators.argmap'> compilation 29",
      "lineno": 3
    }
  ]
}