{
  "exitcode": 1,
  "summary": {
    "failed": 7,
    "total": 7,
    "collected": 7
  },
  "collectors": [
    {
      "nodeid": "",
      "outcome": "passed",
      "result": [
        {
          "nodeid": ".",
          "type": "Dir"
        }
      ]
    },
    {
      "nodeid": "lambdas/v1/generate_badge",
      "outcome": "passed",
      "result": []
    },
    {
      "nodeid": "lambdas/v1",
      "outcome": "passed",
      "result": [
        {
          "nodeid": "lambdas/v1/generate_badge",
          "type": "Dir"
        }
      ]
    },
    {
      "nodeid": "lambdas/v2/generate_badge/fonts",
      "outcome": "passed",
      "result": []
    },
    {
      "nodeid": "lambdas/v2/generate_badge",
      "outcome": "passed",
      "result": [
        {
          "nodeid": "lambdas/v2/generate_badge/fonts",
          "type": "Dir"
        }
      ]
    },
    {
      "nodeid": "lambdas/v2",
      "outcome": "passed",
      "result": [
        {
          "nodeid": "lambdas/v2/generate_badge",
          "type": "Dir"
        }
      ]
    },
    {
      "nodeid": "lambdas",
      "outcome": "passed",
      "result": [
        {
          "nodeid": "lambdas/v1",
          "type": "Dir"
        },
        {
          "nodeid": "lambdas/v2",
          "type": "Dir"
        }
      ]
    },
    {
      "nodeid": "layers/util_layer/python",
      "outcome": "passed",
      "result": []
    },
    {
      "nodeid": "layers/util_layer",
      "outcome": "passed",
      "result": [
        {
          "nodeid": "layers/util_layer/python",
          "type": "Dir"
        }
      ]
    },
    {
      "nodeid": "layers",
      "outcome": "passed",
      "result": [
        {
          "nodeid": "layers/util_layer",
          "type": "Dir"
        }
      ]
    },
    {
      "nodeid": "terraform/modules/role",
      "outcome": "passed",
      "result": []
    },
    {
      "nodeid": "terraform/modules",
      "outcome": "passed",
      "result": [
        {
          "nodeid": "terraform/modules/role",
          "type": "Dir"
        }
      ]
    },
    {
      "nodeid": "terraform",
      "outcome": "passed",
      "result": [
        {
          "nodeid": "terraform/modules",
          "type": "Dir"
        }
      ]
    },
    {
      "nodeid": "tests/test_utils.py",
      "outcome": "passed",
      "result": [
        {
          "nodeid": "tests/test_utils.py::test_get_user_data[tourist-True]",
          "type": "Function",
          "lineno": 5
        },
        {
          "nodeid": "tests/test_utils.py::test_get_user_data[junah-True]",
          "type": "Function",
          "lineno": 5
        },
        {
          "nodeid": "tests/test_utils.py::test_get_user_data[invalid_username_20240701-False]",
          "type": "Function",
          "lineno": 5
        }
      ]
    },
    {
      "nodeid": "tests/test_v1_generate_badge.py",
      "outcome": "passed",
      "result": [
        {
          "nodeid": "tests/test_v1_generate_badge.py::test_v1_generate_badge[tourist]",
          "type": "Function",
          "lineno": 5
        },
        {
          "nodeid": "tests/test_v1_generate_badge.py::test_v1_generate_badge[junah]",
          "type": "Function",
          "lineno": 5
        }
      ]
    },
    {
      "nodeid": "tests/test_v2_generate_badge.py",
      "outcome": "passed",
      "result": [
        {
          "nodeid": "tests/test_v2_generate_badge.py::test_v2_generate_badge[tourist]",
          "type": "Function",
          "lineno": 5
        },
        {
          "nodeid": "tests/test_v2_generate_badge.py::test_v2_generate_badge[junah]",
          "type": "Function",
          "lineno": 5
        }
      ]
    },
    {
      "nodeid": "tests",
      "outcome": "passed",
      "result": [
        {
          "nodeid": "tests/test_utils.py",
          "type": "Module"
        },
        {
          "nodeid": "tests/test_v1_generate_badge.py",
          "type": "Module"
        },
        {
          "nodeid": "tests/test_v2_generate_badge.py",
          "type": "Module"
        }
      ]
    },
    {
      "nodeid": ".",
      "outcome": "passed",
      "result": [
        {
          "nodeid": "lambdas",
          "type": "Dir"
        },
        {
          "nodeid": "layers",
          "type": "Dir"
        },
        {
          "nodeid": "terraform",
          "type": "Dir"
        },
        {
          "nodeid": "tests",
          "type": "Package"
        }
      ]
    }
  ],
  "tests": [
    {
      "nodeid": "tests/test_utils.py::test_get_user_data[tourist-True]",
      "lineno": 5,
      "outcome": "failed",
      "keywords": [
        "test_get_user_data[tourist-True]",
        "parametrize",
        "pytestmark",
        "tourist-True",
        "test_utils.py",
        "tests",
        "junah201@atcoder-readme-stats__c41ed032__requests__treq",
        ""
      ],
      "setup": {
        "outcome": "passed"
      },
      "call": {
        "outcome": "failed",
        "crash": {
          "path": "D:\\repos\\junah201@atcoder-readme-stats__c41ed032__requests__treq\\tests\\test_utils.py",
          "lineno": 26,
          "message": "AttributeError: 'coroutine' object has no attribute 'username'"
        },
        "traceback": [
          {
            "path": "tests\\test_utils.py",
            "lineno": 26,
            "message": "AttributeError"
          }
        ],
        "longrepr": "username = 'tourist', is_valid = True\n\n    @pytest.mark.parametrize(\n        \"username, is_valid\",\n        [\n            (\n                \"tourist\",\n                True\n            ),\n            (\n                \"junah\",\n                True\n            ),\n            (\n                \"invalid_username_20240701\",\n                False\n            )\n        ]\n    )\n    def test_get_user_data(username, is_valid):\n        user_data = get_user_data(username)\n        assert (user_data is not None) == is_valid\n>       assert user_data == None or user_data.username == username\nE       AttributeError: 'coroutine' object has no attribute 'username'\n\ntests\\test_utils.py:26: AttributeError"
      },
      "teardown": {
        "outcome": "passed"
      }
    },
    {
      "nodeid": "tests/test_utils.py::test_get_user_data[junah-True]",
      "lineno": 5,
      "outcome": "failed",
      "keywords": [
        "test_get_user_data[junah-True]",
        "parametrize",
        "pytestmark",
        "junah-True",
        "test_utils.py",
        "tests",
        "junah201@atcoder-readme-stats__c41ed032__requests__treq",
        ""
      ],
      "setup": {
        "outcome": "passed"
      },
      "call": {
        "outcome": "failed",
        "crash": {
          "path": "D:\\repos\\junah201@atcoder-readme-stats__c41ed032__requests__treq\\tests\\test_utils.py",
          "lineno": 26,
          "message": "AttributeError: 'coroutine' object has no attribute 'username'"
        },
        "traceback": [
          {
            "path": "tests\\test_utils.py",
            "lineno": 26,
            "message": "AttributeError"
          }
        ],
        "longrepr": "username = 'junah', is_valid = True\n\n    @pytest.mark.parametrize(\n        \"username, is_valid\",\n        [\n            (\n                \"tourist\",\n                True\n            ),\n            (\n                \"junah\",\n                True\n            ),\n            (\n                \"invalid_username_20240701\",\n                False\n            )\n        ]\n    )\n    def test_get_user_data(username, is_valid):\n        user_data = get_user_data(username)\n        assert (user_data is not None) == is_valid\n>       assert user_data == None or user_data.username == username\nE       AttributeError: 'coroutine' object has no attribute 'username'\n\ntests\\test_utils.py:26: AttributeError"
      },
      "teardown": {
        "outcome": "passed"
      }
    },
    {
      "nodeid": "tests/test_utils.py::test_get_user_data[invalid_username_20240701-False]",
      "lineno": 5,
      "outcome": "failed",
      "keywords": [
        "test_get_user_data[invalid_username_20240701-False]",
        "parametrize",
        "pytestmark",
        "invalid_username_20240701-False",
        "test_utils.py",
        "tests",
        "junah201@atcoder-readme-stats__c41ed032__requests__treq",
        ""
      ],
      "setup": {
        "outcome": "passed"
      },
      "call": {
        "outcome": "failed",
        "crash": {
          "path": "D:\\repos\\junah201@atcoder-readme-stats__c41ed032__requests__treq\\tests\\test_utils.py",
          "lineno": 25,
          "message": "assert (<coroutine object get_user_data at 0x0000023E89030F40> is not None) == False"
        },
        "traceback": [
          {
            "path": "tests\\test_utils.py",
            "lineno": 25,
            "message": "AssertionError"
          }
        ],
        "longrepr": "username = 'invalid_username_20240701', is_valid = False\n\n    @pytest.mark.parametrize(\n        \"username, is_valid\",\n        [\n            (\n                \"tourist\",\n                True\n            ),\n            (\n                \"junah\",\n                True\n            ),\n            (\n                \"invalid_username_20240701\",\n                False\n            )\n        ]\n    )\n    def test_get_user_data(username, is_valid):\n        user_data = get_user_data(username)\n>       assert (user_data is not None) == is_valid\nE       assert (<coroutine object get_user_data at 0x0000023E89030F40> is not None) == False\n\ntests\\test_utils.py:25: AssertionError"
      },
      "teardown": {
        "outcome": "passed"
      }
    },
    {
      "nodeid": "tests/test_v1_generate_badge.py::test_v1_generate_badge[tourist]",
      "lineno": 5,
      "outcome": "failed",
      "keywords": [
        "test_v1_generate_badge[tourist]",
        "parametrize",
        "pytestmark",
        "tourist",
        "test_v1_generate_badge.py",
        "tests",
        "junah201@atcoder-readme-stats__c41ed032__requests__treq",
        ""
      ],
      "setup": {
        "outcome": "passed"
      },
      "call": {
        "outcome": "failed",
        "crash": {
          "path": "D:\\repos\\junah201@atcoder-readme-stats__c41ed032__requests__treq\\lambdas\\v1\\generate_badge\\main.py",
          "lineno": 200,
          "message": "AttributeError: 'coroutine' object has no attribute 'tier'"
        },
        "traceback": [
          {
            "path": "tests\\test_v1_generate_badge.py",
            "lineno": 18,
            "message": ""
          },
          {
            "path": "lambdas\\v1\\generate_badge\\main.py",
            "lineno": 200,
            "message": "AttributeError"
          }
        ],
        "longrepr": "username = 'tourist'\n\n    @pytest.mark.parametrize(\n        \"username\",\n        [\n            (\n                \"tourist\"\n            ),\n            (\n                \"junah\"\n            )\n        ]\n    )\n    def test_v1_generate_badge(username):\n>       response = lambda_handler(\n            {\n                \"queryStringParameters\": {\n                    \"name\": username\n                }\n            },\n            {}\n        )\n\ntests\\test_v1_generate_badge.py:18: \n_ _ _ _ _ _ _ _ _ _ _ _ _ _ _ _ _ _ _ _ _ _ _ _ _ _ _ _ _ _ _ _ _ _ _ _ _ _ _ _\n\nevent = {'queryStringParameters': {'name': 'tourist'}}, context = {}\n\n    def lambda_handler(event, context):\n        query_string_parameters = event.get(\"queryStringParameters\", {})\n    \n        if not query_string_parameters:\n            return {\n                'statusCode': 400,\n                'body': \"name parameter is required\"\n            }\n    \n        username = event.get(\"queryStringParameters\", {}).get(\"name\", None)\n    \n        if not username:\n            return {\n                'statusCode': 400,\n                'body': \"name parameter is required\"\n            }\n    \n        user_data = utils.get_user_data(username)\n    \n        if not user_data:\n            return {\n                'statusCode': 404,\n                'body': f\"user({username}) not found\"\n            }\n    \n>       tier = user_data.tier\nE       AttributeError: 'coroutine' object has no attribute 'tier'\n\nlambdas\\v1\\generate_badge\\main.py:200: AttributeError"
      },
      "teardown": {
        "outcome": "passed"
      }
    },
    {
      "nodeid": "tests/test_v1_generate_badge.py::test_v1_generate_badge[junah]",
      "lineno": 5,
      "outcome": "failed",
      "keywords": [
        "test_v1_generate_badge[junah]",
        "parametrize",
        "pytestmark",
        "junah",
        "test_v1_generate_badge.py",
        "tests",
        "junah201@atcoder-readme-stats__c41ed032__requests__treq",
        ""
      ],
      "setup": {
        "outcome": "passed"
      },
      "call": {
        "outcome": "failed",
        "crash": {
          "path": "D:\\repos\\junah201@atcoder-readme-stats__c41ed032__requests__treq\\lambdas\\v1\\generate_badge\\main.py",
          "lineno": 200,
          "message": "AttributeError: 'coroutine' object has no attribute 'tier'"
        },
        "traceback": [
          {
            "path": "tests\\test_v1_generate_badge.py",
            "lineno": 18,
            "message": ""
          },
          {
            "path": "lambdas\\v1\\generate_badge\\main.py",
            "lineno": 200,
            "message": "AttributeError"
          }
        ],
        "longrepr": "username = 'junah'\n\n    @pytest.mark.parametrize(\n        \"username\",\n        [\n            (\n                \"tourist\"\n            ),\n            (\n                \"junah\"\n            )\n        ]\n    )\n    def test_v1_generate_badge(username):\n>       response = lambda_handler(\n            {\n                \"queryStringParameters\": {\n                    \"name\": username\n                }\n            },\n            {}\n        )\n\ntests\\test_v1_generate_badge.py:18: \n_ _ _ _ _ _ _ _ _ _ _ _ _ _ _ _ _ _ _ _ _ _ _ _ _ _ _ _ _ _ _ _ _ _ _ _ _ _ _ _\n\nevent = {'queryStringParameters': {'name': 'junah'}}, context = {}\n\n    def lambda_handler(event, context):\n        query_string_parameters = event.get(\"queryStringParameters\", {})\n    \n        if not query_string_parameters:\n            return {\n                'statusCode': 400,\n                'body': \"name parameter is required\"\n            }\n    \n        username = event.get(\"queryStringParameters\", {}).get(\"name\", None)\n    \n        if not username:\n            return {\n                'statusCode': 400,\n                'body': \"name parameter is required\"\n            }\n    \n        user_data = utils.get_user_data(username)\n    \n        if not user_data:\n            return {\n                'statusCode': 404,\n                'body': f\"user({username}) not found\"\n            }\n    \n>       tier = user_data.tier\nE       AttributeError: 'coroutine' object has no attribute 'tier'\n\nlambdas\\v1\\generate_badge\\main.py:200: AttributeError"
      },
      "teardown": {
        "outcome": "passed"
      }
    },
    {
      "nodeid": "tests/test_v2_generate_badge.py::test_v2_generate_badge[tourist]",
      "lineno": 5,
      "outcome": "failed",
      "keywords": [
        "test_v2_generate_badge[tourist]",
        "parametrize",
        "pytestmark",
        "tourist",
        "test_v2_generate_badge.py",
        "tests",
        "junah201@atcoder-readme-stats__c41ed032__requests__treq",
        ""
      ],
      "setup": {
        "outcome": "passed"
      },
      "call": {
        "outcome": "failed",
        "crash": {
          "path": "D:\\repos\\junah201@atcoder-readme-stats__c41ed032__requests__treq\\lambdas\\v2\\generate_badge\\main.py",
          "lineno": 170,
          "message": "AttributeError: 'coroutine' object has no attribute 'tier'"
        },
        "traceback": [
          {
            "path": "tests\\test_v2_generate_badge.py",
            "lineno": 18,
            "message": ""
          },
          {
            "path": "lambdas\\v2\\generate_badge\\main.py",
            "lineno": 170,
            "message": "AttributeError"
          }
        ],
        "longrepr": "username = 'tourist'\n\n    @pytest.mark.parametrize(\n        \"username\",\n        [\n            (\n                \"tourist\"\n            ),\n            (\n                \"junah\"\n            )\n        ]\n    )\n    def test_v2_generate_badge(username):\n>       response = lambda_handler(\n            {\n                \"queryStringParameters\": {\n                    \"name\": username\n                }\n            },\n            {}\n        )\n\ntests\\test_v2_generate_badge.py:18: \n_ _ _ _ _ _ _ _ _ _ _ _ _ _ _ _ _ _ _ _ _ _ _ _ _ _ _ _ _ _ _ _ _ _ _ _ _ _ _ _\n\nevent = {'queryStringParameters': {'name': 'tourist'}}, context = {}\n\n    def lambda_handler(event, context):\n        query_string_parameters = event.get(\"queryStringParameters\", {})\n    \n        if not query_string_parameters:\n            return {\n                'statusCode': 400,\n                'body': \"name parameter is required\"\n            }\n    \n        username = event.get(\"queryStringParameters\", {}).get(\"name\", None)\n    \n        if not username:\n            return {\n                'statusCode': 400,\n                'body': \"name parameter is required\"\n            }\n    \n        user_data = utils.get_user_data(username)\n    \n        if not user_data:\n            return {\n                'statusCode': 404,\n                'body': f\"user({username}) not found\"\n            }\n    \n>       tier = user_data.tier\nE       AttributeError: 'coroutine' object has no attribute 'tier'\n\nlambdas\\v2\\generate_badge\\main.py:170: AttributeError"
      },
      "teardown": {
        "outcome": "passed"
      }
    },
    {
      "nodeid": "tests/test_v2_generate_badge.py::test_v2_generate_badge[junah]",
      "lineno": 5,
      "outcome": "failed",
      "keywords": [
        "test_v2_generate_badge[junah]",
        "parametrize",
        "pytestmark",
        "junah",
        "test_v2_generate_badge.py",
        "tests",
        "junah201@atcoder-readme-stats__c41ed032__requests__treq",
        ""
      ],
      "setup": {
        "outcome": "passed"
      },
      "call": {
        "outcome": "failed",
        "crash": {
          "path": "D:\\repos\\junah201@atcoder-readme-stats__c41ed032__requests__treq\\lambdas\\v2\\generate_badge\\main.py",
          "lineno": 170,
          "message": "AttributeError: 'coroutine' object has no attribute 'tier'"
        },
        "traceback": [
          {
            "path": "tests\\test_v2_generate_badge.py",
            "lineno": 18,
            "message": ""
          },
          {
            "path": "lambdas\\v2\\generate_badge\\main.py",
            "lineno": 170,
            "message": "AttributeError"
          }
        ],
        "longrepr": "username = 'junah'\n\n    @pytest.mark.parametrize(\n        \"username\",\n        [\n            (\n                \"tourist\"\n            ),\n            (\n                \"junah\"\n            )\n        ]\n    )\n    def test_v2_generate_badge(username):\n>       response = lambda_handler(\n            {\n                \"queryStringParameters\": {\n                    \"name\": username\n                }\n            },\n            {}\n        )\n\ntests\\test_v2_generate_badge.py:18: \n_ _ _ _ _ _ _ _ _ _ _ _ _ _ _ _ _ _ _ _ _ _ _ _ _ _ _ _ _ _ _ _ _ _ _ _ _ _ _ _\n\nevent = {'queryStringParameters': {'name': 'junah'}}, context = {}\n\n    def lambda_handler(event, context):\n        query_string_parameters = event.get(\"queryStringParameters\", {})\n    \n        if not query_string_parameters:\n            return {\n                'statusCode': 400,\n                'body': \"name parameter is required\"\n            }\n    \n        username = event.get(\"queryStringParameters\", {}).get(\"name\", None)\n    \n        if not username:\n            return {\n                'statusCode': 400,\n                'body': \"name parameter is required\"\n            }\n    \n        user_data = utils.get_user_data(username)\n    \n        if not user_data:\n            return {\n                'statusCode': 404,\n                'body': f\"user({username}) not found\"\n            }\n    \n>       tier = user_data.tier\nE       AttributeError: 'coroutine' object has no attribute 'tier'\n\nlambdas\\v2\\generate_badge\\main.py:170: AttributeError"
      },
      "teardown": {
        "outcome": "passed"
      }
    }
  ]
}