{
  "exitcode": 1,
  "summary": {
    "passed": 9,
    "failed": 4,
    "skipped": 13,
    "total": 26,
    "collected": 26
  },
  "collectors": [
    {
      "nodeid": "",
      "outcome": "passed",
      "result": [
        {
          "nodeid": ".",
          "type": "Dir"
        }
      ]
    },
    {
      "nodeid": "docs/_static/css",
      "outcome": "passed",
      "result": []
    },
    {
      "nodeid": "docs/_static",
      "outcome": "passed",
      "result": [
        {
          "nodeid": "docs/_static/css",
          "type": "Dir"
        }
      ]
    },
    {
      "nodeid": "docs/_templates",
      "outcome": "passed",
      "result": []
    },
    {
      "nodeid": "docs",
      "outcome": "passed",
      "result": [
        {
          "nodeid": "docs/_static",
          "type": "Dir"
        },
        {
          "nodeid": "docs/_templates",
          "type": "Dir"
        }
      ]
    },
    {
      "nodeid": "test_dir",
      "outcome": "passed",
      "result": []
    },
    {
      "nodeid": "tests/test_cache.py::TestUnpywallCache",
      "outcome": "passed",
      "result": [
        {
          "nodeid": "tests/test_cache.py::TestUnpywallCache::test_reset_cache",
          "type": "Function",
          "lineno": 40
        },
        {
          "nodeid": "tests/test_cache.py::TestUnpywallCache::test_delete",
          "type": "Function",
          "lineno": 45
        },
        {
          "nodeid": "tests/test_cache.py::TestUnpywallCache::test_timeout",
          "type": "Function",
          "lineno": 53
        },
        {
          "nodeid": "tests/test_cache.py::TestUnpywallCache::test_get",
          "type": "Function",
          "lineno": 63
        },
        {
          "nodeid": "tests/test_cache.py::TestUnpywallCache::test_save_load",
          "type": "Function",
          "lineno": 79
        },
        {
          "nodeid": "tests/test_cache.py::TestUnpywallCache::test_download",
          "type": "Function",
          "lineno": 98
        }
      ]
    },
    {
      "nodeid": "tests/test_cache.py",
      "outcome": "passed",
      "result": [
        {
          "nodeid": "tests/test_cache.py::TestUnpywallCache",
          "type": "Class"
        }
      ]
    },
    {
      "nodeid": "tests/test_cli.py::TestUnpywallCli",
      "outcome": "passed",
      "result": [
        {
          "nodeid": "tests/test_cli.py::TestUnpywallCli::test_main",
          "type": "Function",
          "lineno": 10
        },
        {
          "nodeid": "tests/test_cli.py::TestUnpywallCli::test_view",
          "type": "Function",
          "lineno": 21
        },
        {
          "nodeid": "tests/test_cli.py::TestUnpywallCli::test_download",
          "type": "Function",
          "lineno": 31
        },
        {
          "nodeid": "tests/test_cli.py::TestUnpywallCli::test_link",
          "type": "Function",
          "lineno": 43
        }
      ]
    },
    {
      "nodeid": "tests/test_cli.py",
      "outcome": "passed",
      "result": [
        {
          "nodeid": "tests/test_cli.py::TestUnpywallCli",
          "type": "Class"
        }
      ]
    },
    {
      "nodeid": "tests/test_unpywall.py::TestUnpywall",
      "outcome": "passed",
      "result": [
        {
          "nodeid": "tests/test_unpywall.py::TestUnpywall::test_init_cache",
          "type": "Function",
          "lineno": 25
        },
        {
          "nodeid": "tests/test_unpywall.py::TestUnpywall::test_validate_dois",
          "type": "Function",
          "lineno": 40
        },
        {
          "nodeid": "tests/test_unpywall.py::TestUnpywall::test_get_df",
          "type": "Function",
          "lineno": 59
        },
        {
          "nodeid": "tests/test_unpywall.py::TestUnpywall::test_doi",
          "type": "Function",
          "lineno": 84
        },
        {
          "nodeid": "tests/test_unpywall.py::TestUnpywall::test_query",
          "type": "Function",
          "lineno": 103
        },
        {
          "nodeid": "tests/test_unpywall.py::TestUnpywall::test_get_json",
          "type": "Function",
          "lineno": 112
        },
        {
          "nodeid": "tests/test_unpywall.py::TestUnpywall::test_get_pdf_link",
          "type": "Function",
          "lineno": 135
        },
        {
          "nodeid": "tests/test_unpywall.py::TestUnpywall::test_get_doc_link",
          "type": "Function",
          "lineno": 140
        },
        {
          "nodeid": "tests/test_unpywall.py::TestUnpywall::test_get_all_links",
          "type": "Function",
          "lineno": 146
        },
        {
          "nodeid": "tests/test_unpywall.py::TestUnpywall::test_download_pdf_handle",
          "type": "Function",
          "lineno": 152
        },
        {
          "nodeid": "tests/test_unpywall.py::TestUnpywall::test_progress",
          "type": "Function",
          "lineno": 158
        },
        {
          "nodeid": "tests/test_unpywall.py::TestUnpywall::test_view_pdf",
          "type": "Function",
          "lineno": 163
        },
        {
          "nodeid": "tests/test_unpywall.py::TestUnpywall::test_download_pdf_file",
          "type": "Function",
          "lineno": 167
        }
      ]
    },
    {
      "nodeid": "tests/test_unpywall.py",
      "outcome": "passed",
      "result": [
        {
          "nodeid": "tests/test_unpywall.py::TestUnpywall",
          "type": "Class"
        }
      ]
    },
    {
      "nodeid": "tests/test_utils.py::TestUnpywallCredentials",
      "outcome": "passed",
      "result": [
        {
          "nodeid": "tests/test_utils.py::TestUnpywallCredentials::test_validate_email",
          "type": "Function",
          "lineno": 7
        }
      ]
    },
    {
      "nodeid": "tests/test_utils.py::TestUnpywallURL",
      "outcome": "passed",
      "result": [
        {
          "nodeid": "tests/test_utils.py::TestUnpywallURL::test_doi_url",
          "type": "Function",
          "lineno": 36
        },
        {
          "nodeid": "tests/test_utils.py::TestUnpywallURL::test_query_url",
          "type": "Function",
          "lineno": 44
        }
      ]
    },
    {
      "nodeid": "tests/test_utils.py",
      "outcome": "passed",
      "result": [
        {
          "nodeid": "tests/test_utils.py::TestUnpywallCredentials",
          "type": "Class"
        },
        {
          "nodeid": "tests/test_utils.py::TestUnpywallURL",
          "type": "Class"
        }
      ]
    },
    {
      "nodeid": "tests",
      "outcome": "passed",
      "result": [
        {
          "nodeid": "tests/test_cache.py",
          "type": "Module"
        },
        {
          "nodeid": "tests/test_cli.py",
          "type": "Module"
        },
        {
          "nodeid": "tests/test_unpywall.py",
          "type": "Module"
        },
        {
          "nodeid": "tests/test_utils.py",
          "type": "Module"
        }
      ]
    },
    {
      "nodeid": "unpywall",
      "outcome": "passed",
      "result": []
    },
    {
      "nodeid": "unpywall.egg-info",
      "outcome": "passed",
      "result": []
    },
    {
      "nodeid": ".",
      "outcome": "passed",
      "result": [
        {
          "nodeid": "docs",
          "type": "Dir"
        },
        {
          "nodeid": "test_dir",
          "type": "Dir"
        },
        {
          "nodeid": "tests",
          "type": "Package"
        },
        {
          "nodeid": "unpywall",
          "type": "Package"
        },
        {
          "nodeid": "unpywall.egg-info",
          "type": "Dir"
        }
      ]
    }
  ],
  "tests": [
    {
      "nodeid": "tests/test_cache.py::TestUnpywallCache::test_reset_cache",
      "lineno": 40,
      "outcome": "passed",
      "keywords": [
        "test_reset_cache",
        "TestUnpywallCache",
        "test_cache.py",
        "tests",
        "unpywall@unpywall__7909fde0__requests__treq",
        ""
      ],
      "setup": {
        "outcome": "passed"
      },
      "call": {
        "outcome": "passed"
      },
      "teardown": {
        "outcome": "passed"
      }
    },
    {
      "nodeid": "tests/test_cache.py::TestUnpywallCache::test_delete",
      "lineno": 45,
      "outcome": "passed",
      "keywords": [
        "test_delete",
        "TestUnpywallCache",
        "test_cache.py",
        "tests",
        "unpywall@unpywall__7909fde0__requests__treq",
        ""
      ],
      "setup": {
        "outcome": "passed"
      },
      "call": {
        "outcome": "passed"
      },
      "teardown": {
        "outcome": "passed"
      }
    },
    {
      "nodeid": "tests/test_cache.py::TestUnpywallCache::test_timeout",
      "lineno": 53,
      "outcome": "failed",
      "keywords": [
        "test_timeout",
        "TestUnpywallCache",
        "test_cache.py",
        "tests",
        "unpywall@unpywall__7909fde0__requests__treq",
        ""
      ],
      "setup": {
        "outcome": "passed"
      },
      "call": {
        "outcome": "failed",
        "crash": {
          "path": "D:\\repos\\unpywall@unpywall__7909fde0__requests__treq\\unpywall\\cache.py",
          "lineno": 88,
          "message": "KeyError: '10.1016/j.jns.2020.116832'"
        },
        "traceback": [
          {
            "path": "tests\\test_cache.py",
            "lineno": 62,
            "message": ""
          },
          {
            "path": "unpywall\\cache.py",
            "lineno": 88,
            "message": "KeyError"
          }
        ],
        "longrepr": "self = <tests.test_cache.TestUnpywallCache object at 0x000001C532934740>\nexample_cache = <unpywall.cache.UnpywallCache object at 0x000001C532947860>\n\n    def test_timeout(self, example_cache):\n        timeout = 1\n        doi = '10.1016/j.jns.2020.116832'\n        example_cache.timeout = timeout\n        example_cache.delete(doi)\n        assert doi not in example_cache.content\n        example_cache.get(doi)\n        time.sleep(timeout)\n>       assert example_cache.timed_out(doi)\n\ntests\\test_cache.py:62: \n_ _ _ _ _ _ _ _ _ _ _ _ _ _ _ _ _ _ _ _ _ _ _ _ _ _ _ _ _ _ _ _ _ _ _ _ _ _ _ _\n\nself = <unpywall.cache.UnpywallCache object at 0x000001C532947860>\ndoi = '10.1016/j.jns.2020.116832'\n\n    def timed_out(self, doi: str) -> bool:\n        \"\"\"\n        Return whether the record for the given doi has expired.\n    \n        Parameters\n        ----------\n        doi : str\n            The DOI to be removed from the cache.\n    \n        Returns\n        -------\n        is_timed_out : bool\n            Whether the given entry has timed out.\n        \"\"\"\n        if not self.timeout:\n            is_timed_out = False\n        else:\n>           is_timed_out = time.time() > self.access_times[doi] + self.timeout\nE           KeyError: '10.1016/j.jns.2020.116832'\n\nunpywall\\cache.py:88: KeyError"
      },
      "teardown": {
        "outcome": "passed"
      }
    },
    {
      "nodeid": "tests/test_cache.py::TestUnpywallCache::test_get",
      "lineno": 63,
      "outcome": "skipped",
      "keywords": [
        "test_get",
        "asyncio",
        "pytestmark",
        "TestUnpywallCache",
        "test_cache.py",
        "tests",
        "unpywall@unpywall__7909fde0__requests__treq",
        ""
      ],
      "setup": {
        "outcome": "passed"
      },
      "call": {
        "outcome": "skipped",
        "longrepr": "('D:\\\\repos\\\\unpywall@unpywall__7909fde0__requests__treq\\\\.venv\\\\Lib\\\\site-packages\\\\_pytest\\\\python.py', 149, 'Skipped: async def function and no async plugin installed (see warnings)')"
      },
      "teardown": {
        "outcome": "passed"
      }
    },
    {
      "nodeid": "tests/test_cache.py::TestUnpywallCache::test_save_load",
      "lineno": 79,
      "outcome": "skipped",
      "keywords": [
        "test_save_load",
        "asyncio",
        "pytestmark",
        "TestUnpywallCache",
        "test_cache.py",
        "tests",
        "unpywall@unpywall__7909fde0__requests__treq",
        ""
      ],
      "setup": {
        "outcome": "passed"
      },
      "call": {
        "outcome": "skipped",
        "longrepr": "('D:\\\\repos\\\\unpywall@unpywall__7909fde0__requests__treq\\\\.venv\\\\Lib\\\\site-packages\\\\_pytest\\\\python.py', 149, 'Skipped: async def function and no async plugin installed (see warnings)')"
      },
      "teardown": {
        "outcome": "passed"
      }
    },
    {
      "nodeid": "tests/test_cache.py::TestUnpywallCache::test_download",
      "lineno": 98,
      "outcome": "skipped",
      "keywords": [
        "test_download",
        "asyncio",
        "pytestmark",
        "TestUnpywallCache",
        "test_cache.py",
        "tests",
        "unpywall@unpywall__7909fde0__requests__treq",
        ""
      ],
      "setup": {
        "outcome": "passed"
      },
      "call": {
        "outcome": "skipped",
        "longrepr": "('D:\\\\repos\\\\unpywall@unpywall__7909fde0__requests__treq\\\\.venv\\\\Lib\\\\site-packages\\\\_pytest\\\\python.py', 149, 'Skipped: async def function and no async plugin installed (see warnings)')"
      },
      "teardown": {
        "outcome": "passed"
      }
    },
    {
      "nodeid": "tests/test_cli.py::TestUnpywallCli::test_main",
      "lineno": 10,
      "outcome": "passed",
      "keywords": [
        "test_main",
        "TestUnpywallCli",
        "test_cli.py",
        "tests",
        "unpywall@unpywall__7909fde0__requests__treq",
        ""
      ],
      "setup": {
        "outcome": "passed"
      },
      "call": {
        "outcome": "passed",
        "stdout": "usage: unpywall <command> [<args>]\n\nCommand-line tool for interfacing the Unpaywall API\n\nThese are common unpywall commands:\n\n   view        This command opens a local copy of a PDF from\n               a given DOI.\n   download    This command downloads a copy of a PDF from a\n               given DOI.\n   link        This command returns a link to an OA pdf\n               (if available).\nUnknown option: this is a bad argument\nusage: unpywall <command> [<args>]\n\nCommand-line tool for interfacing the Unpaywall API\n\nThese are common unpywall commands:\n\n   view        This command opens a local copy of a PDF from\n               a given DOI.\n   download    This command downloads a copy of a PDF from a\n               given DOI.\n   link        This command returns a link to an OA pdf\n               (if available).\n"
      },
      "teardown": {
        "outcome": "passed"
      }
    },
    {
      "nodeid": "tests/test_cli.py::TestUnpywallCli::test_view",
      "lineno": 21,
      "outcome": "failed",
      "keywords": [
        "test_view",
        "TestUnpywallCli",
        "test_cli.py",
        "tests",
        "unpywall@unpywall__7909fde0__requests__treq",
        ""
      ],
      "setup": {
        "outcome": "passed"
      },
      "call": {
        "outcome": "failed",
        "crash": {
          "path": "D:\\repos\\unpywall@unpywall__7909fde0__requests__treq\\tests\\test_cli.py",
          "lineno": 28,
          "message": "Failed: DID NOT RAISE <class 'twisted.web._newclient.ResponseFailed'>"
        },
        "traceback": [
          {
            "path": "tests\\test_cli.py",
            "lineno": 28,
            "message": "Failed"
          }
        ],
        "stdout": "usage: __main__.py [-m \b] [-b \b] [-u \b] doi\n\nThis command opens a local copy of a PDF from a given DOI.\n\npositional arguments:\n  doi                 \tThe DOI of the document.\n\noptions:\n  -m \b, --mode \b      \tThe mode for viewing a PDF.\n  -b \b, --backend \b   \tThe backend you want to use.\n  -u \b, --progress \b  \tShow progress bar.\n",
        "stderr": "error: the following arguments are required: doi\n\n",
        "longrepr": "self = <tests.test_cli.TestUnpywallCli object at 0x000001C532934560>\n\n    def test_view(self):\n        with pytest.raises(SystemExit) as pytest_raise_system_exit:\n            main(test_args=['view'])\n    \n            assert pytest_raise_system_exit.value.code == 2\n    \n>       with pytest.raises(ResponseFailed):\nE       Failed: DID NOT RAISE <class 'twisted.web._newclient.ResponseFailed'>\n\ntests\\test_cli.py:28: Failed"
      },
      "teardown": {
        "outcome": "passed"
      }
    },
    {
      "nodeid": "tests/test_cli.py::TestUnpywallCli::test_download",
      "lineno": 31,
      "outcome": "failed",
      "keywords": [
        "test_download",
        "TestUnpywallCli",
        "test_cli.py",
        "tests",
        "unpywall@unpywall__7909fde0__requests__treq",
        ""
      ],
      "setup": {
        "outcome": "passed"
      },
      "call": {
        "outcome": "failed",
        "crash": {
          "path": "D:\\repos\\unpywall@unpywall__7909fde0__requests__treq\\tests\\test_cli.py",
          "lineno": 37,
          "message": "AssertionError: assert 'File was suc...downloaded.\\n' == 'Could not download file.\\n'\n  \n  - Could not download file.\n  + File was successfully downloaded."
        },
        "traceback": [
          {
            "path": "tests\\test_cli.py",
            "lineno": 37,
            "message": "AssertionError"
          }
        ],
        "longrepr": "self = <tests.test_cli.TestUnpywallCli object at 0x000001C532934EF0>\ncapfd = <_pytest.capture.CaptureFixture object at 0x000001C532A53800>\n\n    def test_download(self, capfd):\n    \n        bad_doi = 'bad_doi'\n        main(test_args=['download', bad_doi])\n        captured = capfd.readouterr()\n>       assert captured.out == 'Could not download file.\\n'\nE       AssertionError: assert 'File was suc...downloaded.\\n' == 'Could not download file.\\n'\nE         \nE         - Could not download file.\nE         + File was successfully downloaded.\n\ntests\\test_cli.py:37: AssertionError"
      },
      "teardown": {
        "outcome": "passed"
      }
    },
    {
      "nodeid": "tests/test_cli.py::TestUnpywallCli::test_link",
      "lineno": 43,
      "outcome": "failed",
      "keywords": [
        "test_link",
        "TestUnpywallCli",
        "test_cli.py",
        "tests",
        "unpywall@unpywall__7909fde0__requests__treq",
        ""
      ],
      "setup": {
        "outcome": "passed"
      },
      "call": {
        "outcome": "failed",
        "crash": {
          "path": "D:\\repos\\unpywall@unpywall__7909fde0__requests__treq\\unpywall\\__main__.py",
          "lineno": 196,
          "message": "AttributeError: type object 'Unpywall' has no attribute 'get_pdf_link'"
        },
        "traceback": [
          {
            "path": "tests\\test_cli.py",
            "lineno": 52,
            "message": ""
          },
          {
            "path": "unpywall\\__main__.py",
            "lineno": 56,
            "message": "in __init__"
          },
          {
            "path": "unpywall\\__main__.py",
            "lineno": 196,
            "message": "AttributeError"
          }
        ],
        "stdout": "usage: __main__.py [-b \b] doi\n\nThis command returns a link to an OA pdf (if available).\n\npositional arguments:\n  doi                \tThe DOI of the document.\n\noptions:\n  -b \b, --backend \b  \tThe backend you want to use.\n",
        "stderr": "error: the following arguments are required: doi\n\n",
        "longrepr": "self = <tests.test_cli.TestUnpywallCli object at 0x000001C532935850>\n\n    def test_link(self):\n        with pytest.raises(SystemExit) as pytest_raise_system_exit:\n            main(test_args=['link'])\n    \n            assert pytest_raise_system_exit.value.code == 2\n    \n        with pytest.raises(ResponseFailed):\n            bad_doi = 'bad_doi'\n>           main(test_args=['link', bad_doi])\n\ntests\\test_cli.py:52: \n_ _ _ _ _ _ _ _ _ _ _ _ _ _ _ _ _ _ _ _ _ _ _ _ _ _ _ _ _ _ _ _ _ _ _ _ _ _ _ _\nunpywall\\__main__.py:56: in __init__\n    getattr(self, args.command)()\n_ _ _ _ _ _ _ _ _ _ _ _ _ _ _ _ _ _ _ _ _ _ _ _ _ _ _ _ _ _ _ _ _ _ _ _ _ _ _ _\n\nself = <[TypeError('__repr__ returned non-string (type NoneType)') raised in repr()] main object at 0x1c532a64d70>\n\n    def link(self) -> None:\n        ap = UnpywallArgumentParser(description=('This command returns a link'\n                                                 ' to an OA pdf'\n                                                 ' (if available).'),\n                                    formatter_class=RawTextHelpFormatter,\n                                    add_help=False)\n        ap.add_argument('doi',\n                        type=str,\n                        metavar='doi',\n                        help='\\tThe DOI of the document.')\n        ap.add_argument('-b',\n                        '--backend',\n                        type=str,\n                        default='remote',\n                        dest='backend',\n                        choices=['remote', 'cache', 'snapshot'],\n                        metavar='\\b',\n                        help='\\tThe backend you want to use.')\n        ap.add_argument('-h',\n                        '--help',\n                        action='help',\n                        default=SUPPRESS,\n                        help=SUPPRESS)\n    \n        if self.test_args:\n            args = ap.parse_args(self.test_args[1:])\n        else:\n            args = ap.parse_args(sys.argv[2:])\n    \n>       print(Unpywall.get_pdf_link(args.doi))\nE       AttributeError: type object 'Unpywall' has no attribute 'get_pdf_link'\n\nunpywall\\__main__.py:196: AttributeError"
      },
      "teardown": {
        "outcome": "passed"
      }
    },
    {
      "nodeid": "tests/test_unpywall.py::TestUnpywall::test_init_cache",
      "lineno": 25,
      "outcome": "passed",
      "keywords": [
        "test_init_cache",
        "TestUnpywall",
        "test_unpywall.py",
        "tests",
        "unpywall@unpywall__7909fde0__requests__treq",
        ""
      ],
      "setup": {
        "outcome": "passed"
      },
      "call": {
        "outcome": "passed"
      },
      "teardown": {
        "outcome": "passed"
      }
    },
    {
      "nodeid": "tests/test_unpywall.py::TestUnpywall::test_validate_dois",
      "lineno": 40,
      "outcome": "passed",
      "keywords": [
        "test_validate_dois",
        "TestUnpywall",
        "test_unpywall.py",
        "tests",
        "unpywall@unpywall__7909fde0__requests__treq",
        ""
      ],
      "setup": {
        "outcome": "passed"
      },
      "call": {
        "outcome": "passed"
      },
      "teardown": {
        "outcome": "passed"
      }
    },
    {
      "nodeid": "tests/test_unpywall.py::TestUnpywall::test_get_df",
      "lineno": 59,
      "outcome": "skipped",
      "keywords": [
        "test_get_df",
        "asyncio",
        "pytestmark",
        "TestUnpywall",
        "test_unpywall.py",
        "tests",
        "unpywall@unpywall__7909fde0__requests__treq",
        ""
      ],
      "setup": {
        "outcome": "passed"
      },
      "call": {
        "outcome": "skipped",
        "longrepr": "('D:\\\\repos\\\\unpywall@unpywall__7909fde0__requests__treq\\\\.venv\\\\Lib\\\\site-packages\\\\_pytest\\\\python.py', 149, 'Skipped: async def function and no async plugin installed (see warnings)')"
      },
      "teardown": {
        "outcome": "passed"
      }
    },
    {
      "nodeid": "tests/test_unpywall.py::TestUnpywall::test_doi",
      "lineno": 84,
      "outcome": "skipped",
      "keywords": [
        "test_doi",
        "asyncio",
        "pytestmark",
        "TestUnpywall",
        "test_unpywall.py",
        "tests",
        "unpywall@unpywall__7909fde0__requests__treq",
        ""
      ],
      "setup": {
        "outcome": "passed"
      },
      "call": {
        "outcome": "skipped",
        "longrepr": "('D:\\\\repos\\\\unpywall@unpywall__7909fde0__requests__treq\\\\.venv\\\\Lib\\\\site-packages\\\\_pytest\\\\python.py', 149, 'Skipped: async def function and no async plugin installed (see warnings)')"
      },
      "teardown": {
        "outcome": "passed"
      }
    },
    {
      "nodeid": "tests/test_unpywall.py::TestUnpywall::test_query",
      "lineno": 103,
      "outcome": "skipped",
      "keywords": [
        "test_query",
        "asyncio",
        "pytestmark",
        "TestUnpywall",
        "test_unpywall.py",
        "tests",
        "unpywall@unpywall__7909fde0__requests__treq",
        ""
      ],
      "setup": {
        "outcome": "passed"
      },
      "call": {
        "outcome": "skipped",
        "longrepr": "('D:\\\\repos\\\\unpywall@unpywall__7909fde0__requests__treq\\\\.venv\\\\Lib\\\\site-packages\\\\_pytest\\\\python.py', 149, 'Skipped: async def function and no async plugin installed (see warnings)')"
      },
      "teardown": {
        "outcome": "passed"
      }
    },
    {
      "nodeid": "tests/test_unpywall.py::TestUnpywall::test_get_json",
      "lineno": 112,
      "outcome": "skipped",
      "keywords": [
        "test_get_json",
        "asyncio",
        "pytestmark",
        "TestUnpywall",
        "test_unpywall.py",
        "tests",
        "unpywall@unpywall__7909fde0__requests__treq",
        ""
      ],
      "setup": {
        "outcome": "passed"
      },
      "call": {
        "outcome": "skipped",
        "longrepr": "('D:\\\\repos\\\\unpywall@unpywall__7909fde0__requests__treq\\\\.venv\\\\Lib\\\\site-packages\\\\_pytest\\\\python.py', 149, 'Skipped: async def function and no async plugin installed (see warnings)')"
      },
      "teardown": {
        "outcome": "passed"
      }
    },
    {
      "nodeid": "tests/test_unpywall.py::TestUnpywall::test_get_pdf_link",
      "lineno": 135,
      "outcome": "skipped",
      "keywords": [
        "test_get_pdf_link",
        "asyncio",
        "pytestmark",
        "TestUnpywall",
        "test_unpywall.py",
        "tests",
        "unpywall@unpywall__7909fde0__requests__treq",
        ""
      ],
      "setup": {
        "outcome": "passed"
      },
      "call": {
        "outcome": "skipped",
        "longrepr": "('D:\\\\repos\\\\unpywall@unpywall__7909fde0__requests__treq\\\\.venv\\\\Lib\\\\site-packages\\\\_pytest\\\\python.py', 149, 'Skipped: async def function and no async plugin installed (see warnings)')"
      },
      "teardown": {
        "outcome": "passed"
      }
    },
    {
      "nodeid": "tests/test_unpywall.py::TestUnpywall::test_get_doc_link",
      "lineno": 140,
      "outcome": "skipped",
      "keywords": [
        "test_get_doc_link",
        "asyncio",
        "pytestmark",
        "TestUnpywall",
        "test_unpywall.py",
        "tests",
        "unpywall@unpywall__7909fde0__requests__treq",
        ""
      ],
      "setup": {
        "outcome": "passed"
      },
      "call": {
        "outcome": "skipped",
        "longrepr": "('D:\\\\repos\\\\unpywall@unpywall__7909fde0__requests__treq\\\\.venv\\\\Lib\\\\site-packages\\\\_pytest\\\\python.py', 149, 'Skipped: async def function and no async plugin installed (see warnings)')"
      },
      "teardown": {
        "outcome": "passed"
      }
    },
    {
      "nodeid": "tests/test_unpywall.py::TestUnpywall::test_get_all_links",
      "lineno": 146,
      "outcome": "skipped",
      "keywords": [
        "test_get_all_links",
        "asyncio",
        "pytestmark",
        "TestUnpywall",
        "test_unpywall.py",
        "tests",
        "unpywall@unpywall__7909fde0__requests__treq",
        ""
      ],
      "setup": {
        "outcome": "passed"
      },
      "call": {
        "outcome": "skipped",
        "longrepr": "('D:\\\\repos\\\\unpywall@unpywall__7909fde0__requests__treq\\\\.venv\\\\Lib\\\\site-packages\\\\_pytest\\\\python.py', 149, 'Skipped: async def function and no async plugin installed (see warnings)')"
      },
      "teardown": {
        "outcome": "passed"
      }
    },
    {
      "nodeid": "tests/test_unpywall.py::TestUnpywall::test_download_pdf_handle",
      "lineno": 152,
      "outcome": "skipped",
      "keywords": [
        "test_download_pdf_handle",
        "asyncio",
        "pytestmark",
        "TestUnpywall",
        "test_unpywall.py",
        "tests",
        "unpywall@unpywall__7909fde0__requests__treq",
        ""
      ],
      "setup": {
        "outcome": "passed"
      },
      "call": {
        "outcome": "skipped",
        "longrepr": "('D:\\\\repos\\\\unpywall@unpywall__7909fde0__requests__treq\\\\.venv\\\\Lib\\\\site-packages\\\\_pytest\\\\python.py', 149, 'Skipped: async def function and no async plugin installed (see warnings)')"
      },
      "teardown": {
        "outcome": "passed"
      }
    },
    {
      "nodeid": "tests/test_unpywall.py::TestUnpywall::test_progress",
      "lineno": 158,
      "outcome": "passed",
      "keywords": [
        "test_progress",
        "TestUnpywall",
        "test_unpywall.py",
        "tests",
        "unpywall@unpywall__7909fde0__requests__treq",
        ""
      ],
      "setup": {
        "outcome": "passed"
      },
      "call": {
        "outcome": "passed"
      },
      "teardown": {
        "outcome": "passed"
      }
    },
    {
      "nodeid": "tests/test_unpywall.py::TestUnpywall::test_view_pdf",
      "lineno": 163,
      "outcome": "skipped",
      "keywords": [
        "test_view_pdf",
        "asyncio",
        "pytestmark",
        "TestUnpywall",
        "test_unpywall.py",
        "tests",
        "unpywall@unpywall__7909fde0__requests__treq",
        ""
      ],
      "setup": {
        "outcome": "passed"
      },
      "call": {
        "outcome": "skipped",
        "longrepr": "('D:\\\\repos\\\\unpywall@unpywall__7909fde0__requests__treq\\\\.venv\\\\Lib\\\\site-packages\\\\_pytest\\\\python.py', 149, 'Skipped: async def function and no async plugin installed (see warnings)')"
      },
      "teardown": {
        "outcome": "passed"
      }
    },
    {
      "nodeid": "tests/test_unpywall.py::TestUnpywall::test_download_pdf_file",
      "lineno": 167,
      "outcome": "skipped",
      "keywords": [
        "test_download_pdf_file",
        "asyncio",
        "pytestmark",
        "TestUnpywall",
        "test_unpywall.py",
        "tests",
        "unpywall@unpywall__7909fde0__requests__treq",
        ""
      ],
      "setup": {
        "outcome": "passed"
      },
      "call": {
        "outcome": "skipped",
        "longrepr": "('D:\\\\repos\\\\unpywall@unpywall__7909fde0__requests__treq\\\\.venv\\\\Lib\\\\site-packages\\\\_pytest\\\\python.py', 149, 'Skipped: async def function and no async plugin installed (see warnings)')"
      },
      "teardown": {
        "outcome": "passed"
      }
    },
    {
      "nodeid": "tests/test_utils.py::TestUnpywallCredentials::test_validate_email",
      "lineno": 7,
      "outcome": "passed",
      "keywords": [
        "test_validate_email",
        "TestUnpywallCredentials",
        "test_utils.py",
        "tests",
        "unpywall@unpywall__7909fde0__requests__treq",
        ""
      ],
      "setup": {
        "outcome": "passed"
      },
      "call": {
        "outcome": "passed"
      },
      "teardown": {
        "outcome": "passed"
      }
    },
    {
      "nodeid": "tests/test_utils.py::TestUnpywallURL::test_doi_url",
      "lineno": 36,
      "outcome": "passed",
      "keywords": [
        "test_doi_url",
        "TestUnpywallURL",
        "test_utils.py",
        "tests",
        "unpywall@unpywall__7909fde0__requests__treq",
        ""
      ],
      "setup": {
        "outcome": "passed"
      },
      "call": {
        "outcome": "passed"
      },
      "teardown": {
        "outcome": "passed"
      }
    },
    {
      "nodeid": "tests/test_utils.py::TestUnpywallURL::test_query_url",
      "lineno": 44,
      "outcome": "passed",
      "keywords": [
        "test_query_url",
        "TestUnpywallURL",
        "test_utils.py",
        "tests",
        "unpywall@unpywall__7909fde0__requests__treq",
        ""
      ],
      "setup": {
        "outcome": "passed"
      },
      "call": {
        "outcome": "passed"
      },
      "teardown": {
        "outcome": "passed"
      }
    }
  ],
  "warnings": [
    {
      "message": "Unknown pytest.mark.asyncio - is this a typo?  You can register custom marks to avoid this warning - for details, see https://docs.pytest.org/en/stable/how-to/mark.html",
      "category": "PytestUnknownMarkWarning",
      "when": "collect",
      "filename": "D:\\repos\\unpywall@unpywall__7909fde0__requests__treq\\tests\\test_cache.py",
      "lineno": 64
    },
    {
      "message": "Unknown pytest.mark.asyncio - is this a typo?  You can register custom marks to avoid this warning - for details, see https://docs.pytest.org/en/stable/how-to/mark.html",
      "category": "PytestUnknownMarkWarning",
      "when": "collect",
      "filename": "D:\\repos\\unpywall@unpywall__7909fde0__requests__treq\\tests\\test_cache.py",
      "lineno": 80
    },
    {
      "message": "Unknown pytest.mark.asyncio - is this a typo?  You can register custom marks to avoid this warning - for details, see https://docs.pytest.org/en/stable/how-to/mark.html",
      "category": "PytestUnknownMarkWarning",
      "when": "collect",
      "filename": "D:\\repos\\unpywall@unpywall__7909fde0__requests__treq\\tests\\test_cache.py",
      "lineno": 99
    },
    {
      "message": "Unknown pytest.mark.asyncio - is this a typo?  You can register custom marks to avoid this warning - for details, see https://docs.pytest.org/en/stable/how-to/mark.html",
      "category": "PytestUnknownMarkWarning",
      "when": "collect",
      "filename": "D:\\repos\\unpywall@unpywall__7909fde0__requests__treq\\tests\\test_unpywall.py",
      "lineno": 60
    },
    {
      "message": "Unknown pytest.mark.asyncio - is this a typo?  You can register custom marks to avoid this warning - for details, see https://docs.pytest.org/en/stable/how-to/mark.html",
      "category": "PytestUnknownMarkWarning",
      "when": "collect",
      "filename": "D:\\repos\\unpywall@unpywall__7909fde0__requests__treq\\tests\\test_unpywall.py",
      "lineno": 85
    },
    {
      "message": "Unknown pytest.mark.asyncio - is this a typo?  You can register custom marks to avoid this warning - for details, see https://docs.pytest.org/en/stable/how-to/mark.html",
      "category": "PytestUnknownMarkWarning",
      "when": "collect",
      "filename": "D:\\repos\\unpywall@unpywall__7909fde0__requests__treq\\tests\\test_unpywall.py",
      "lineno": 104
    },
    {
      "message": "Unknown pytest.mark.asyncio - is this a typo?  You can register custom marks to avoid this warning - for details, see https://docs.pytest.org/en/stable/how-to/mark.html",
      "category": "PytestUnknownMarkWarning",
      "when": "collect",
      "filename": "D:\\repos\\unpywall@unpywall__7909fde0__requests__treq\\tests\\test_unpywall.py",
      "lineno": 113
    },
    {
      "message": "Unknown pytest.mark.asyncio - is this a typo?  You can register custom marks to avoid this warning - for details, see https://docs.pytest.org/en/stable/how-to/mark.html",
      "category": "PytestUnknownMarkWarning",
      "when": "collect",
      "filename": "D:\\repos\\unpywall@unpywall__7909fde0__requests__treq\\tests\\test_unpywall.py",
      "lineno": 136
    },
    {
      "message": "Unknown pytest.mark.asyncio - is this a typo?  You can register custom marks to avoid this warning - for details, see https://docs.pytest.org/en/stable/how-to/mark.html",
      "category": "PytestUnknownMarkWarning",
      "when": "collect",
      "filename": "D:\\repos\\unpywall@unpywall__7909fde0__requests__treq\\tests\\test_unpywall.py",
      "lineno": 141
    },
    {
      "message": "Unknown pytest.mark.asyncio - is this a typo?  You can register custom marks to avoid this warning - for details, see https://docs.pytest.org/en/stable/how-to/mark.html",
      "category": "PytestUnknownMarkWarning",
      "when": "collect",
      "filename": "D:\\repos\\unpywall@unpywall__7909fde0__requests__treq\\tests\\test_unpywall.py",
      "lineno": 147
    },
    {
      "message": "Unknown pytest.mark.asyncio - is this a typo?  You can register custom marks to avoid this warning - for details, see https://docs.pytest.org/en/stable/how-to/mark.html",
      "category": "PytestUnknownMarkWarning",
      "when": "collect",
      "filename": "D:\\repos\\unpywall@unpywall__7909fde0__requests__treq\\tests\\test_unpywall.py",
      "lineno": 153
    },
    {
      "message": "Unknown pytest.mark.asyncio - is this a typo?  You can register custom marks to avoid this warning - for details, see https://docs.pytest.org/en/stable/how-to/mark.html",
      "category": "PytestUnknownMarkWarning",
      "when": "collect",
      "filename": "D:\\repos\\unpywall@unpywall__7909fde0__requests__treq\\tests\\test_unpywall.py",
      "lineno": 164
    },
    {
      "message": "Unknown pytest.mark.asyncio - is this a typo?  You can register custom marks to avoid this warning - for details, see https://docs.pytest.org/en/stable/how-to/mark.html",
      "category": "PytestUnknownMarkWarning",
      "when": "collect",
      "filename": "D:\\repos\\unpywall@unpywall__7909fde0__requests__treq\\tests\\test_unpywall.py",
      "lineno": 168
    },
    {
      "message": "coroutine 'UnpywallCache.get' was never awaited",
      "category": "RuntimeWarning",
      "when": "runtest",
      "filename": "D:\\repos\\unpywall@unpywall__7909fde0__requests__treq\\tests\\test_cache.py",
      "lineno": 60
    },
    {
      "message": "async def functions are not natively supported and have been skipped.\nYou need to install a suitable plugin for your async framework, for example:\n  - anyio\n  - pytest-asyncio\n  - pytest-tornasync\n  - pytest-trio\n  - pytest-twisted",
      "category": "PytestUnhandledCoroutineWarning",
      "when": "runtest",
      "filename": "D:\\repos\\unpywall@unpywall__7909fde0__requests__treq\\.venv\\Lib\\site-packages\\_pytest\\python.py",
      "lineno": 148
    },
    {
      "message": "async def functions are not natively supported and have been skipped.\nYou need to install a suitable plugin for your async framework, for example:\n  - anyio\n  - pytest-asyncio\n  - pytest-tornasync\n  - pytest-trio\n  - pytest-twisted",
      "category": "PytestUnhandledCoroutineWarning",
      "when": "runtest",
      "filename": "D:\\repos\\unpywall@unpywall__7909fde0__requests__treq\\.venv\\Lib\\site-packages\\_pytest\\python.py",
      "lineno": 148
    },
    {
      "message": "async def functions are not natively supported and have been skipped.\nYou need to install a suitable plugin for your async framework, for example:\n  - anyio\n  - pytest-asyncio\n  - pytest-tornasync\n  - pytest-trio\n  - pytest-twisted",
      "category": "PytestUnhandledCoroutineWarning",
      "when": "runtest",
      "filename": "D:\\repos\\unpywall@unpywall__7909fde0__requests__treq\\.venv\\Lib\\site-packages\\_pytest\\python.py",
      "lineno": 148
    },
    {
      "message": "coroutine 'Unpywall.view_pdf' was never awaited",
      "category": "RuntimeWarning",
      "when": "runtest",
      "filename": "D:\\repos\\unpywall@unpywall__7909fde0__requests__treq\\unpywall\\__main__.py",
      "lineno": 105
    },
    {
      "message": "coroutine 'Unpywall.download_pdf_file' was never awaited",
      "category": "RuntimeWarning",
      "when": "runtest",
      "filename": "D:\\repos\\unpywall@unpywall__7909fde0__requests__treq\\unpywall\\__main__.py",
      "lineno": 159
    },
    {
      "message": "async def functions are not natively supported and have been skipped.\nYou need to install a suitable plugin for your async framework, for example:\n  - anyio\n  - pytest-asyncio\n  - pytest-tornasync\n  - pytest-trio\n  - pytest-twisted",
      "category": "PytestUnhandledCoroutineWarning",
      "when": "runtest",
      "filename": "D:\\repos\\unpywall@unpywall__7909fde0__requests__treq\\.venv\\Lib\\site-packages\\_pytest\\python.py",
      "lineno": 148
    },
    {
      "message": "async def functions are not natively supported and have been skipped.\nYou need to install a suitable plugin for your async framework, for example:\n  - anyio\n  - pytest-asyncio\n  - pytest-tornasync\n  - pytest-trio\n  - pytest-twisted",
      "category": "PytestUnhandledCoroutineWarning",
      "when": "runtest",
      "filename": "D:\\repos\\unpywall@unpywall__7909fde0__requests__treq\\.venv\\Lib\\site-packages\\_pytest\\python.py",
      "lineno": 148
    },
    {
      "message": "async def functions are not natively supported and have been skipped.\nYou need to install a suitable plugin for your async framework, for example:\n  - anyio\n  - pytest-asyncio\n  - pytest-tornasync\n  - pytest-trio\n  - pytest-twisted",
      "category": "PytestUnhandledCoroutineWarning",
      "when": "runtest",
      "filename": "D:\\repos\\unpywall@unpywall__7909fde0__requests__treq\\.venv\\Lib\\site-packages\\_pytest\\python.py",
      "lineno": 148
    },
    {
      "message": "async def functions are not natively supported and have been skipped.\nYou need to install a suitable plugin for your async framework, for example:\n  - anyio\n  - pytest-asyncio\n  - pytest-tornasync\n  - pytest-trio\n  - pytest-twisted",
      "category": "PytestUnhandledCoroutineWarning",
      "when": "runtest",
      "filename": "D:\\repos\\unpywall@unpywall__7909fde0__requests__treq\\.venv\\Lib\\site-packages\\_pytest\\python.py",
      "lineno": 148
    },
    {
      "message": "async def functions are not natively supported and have been skipped.\nYou need to install a suitable plugin for your async framework, for example:\n  - anyio\n  - pytest-asyncio\n  - pytest-tornasync\n  - pytest-trio\n  - pytest-twisted",
      "category": "PytestUnhandledCoroutineWarning",
      "when": "runtest",
      "filename": "D:\\repos\\unpywall@unpywall__7909fde0__requests__treq\\.venv\\Lib\\site-packages\\_pytest\\python.py",
      "lineno": 148
    },
    {
      "message": "async def functions are not natively supported and have been skipped.\nYou need to install a suitable plugin for your async framework, for example:\n  - anyio\n  - pytest-asyncio\n  - pytest-tornasync\n  - pytest-trio\n  - pytest-twisted",
      "category": "PytestUnhandledCoroutineWarning",
      "when": "runtest",
      "filename": "D:\\repos\\unpywall@unpywall__7909fde0__requests__treq\\.venv\\Lib\\site-packages\\_pytest\\python.py",
      "lineno": 148
    },
    {
      "message": "async def functions are not natively supported and have been skipped.\nYou need to install a suitable plugin for your async framework, for example:\n  - anyio\n  - pytest-asyncio\n  - pytest-tornasync\n  - pytest-trio\n  - pytest-twisted",
      "category": "PytestUnhandledCoroutineWarning",
      "when": "runtest",
      "filename": "D:\\repos\\unpywall@unpywall__7909fde0__requests__treq\\.venv\\Lib\\site-packages\\_pytest\\python.py",
      "lineno": 148
    },
    {
      "message": "async def functions are not natively supported and have been skipped.\nYou need to install a suitable plugin for your async framework, for example:\n  - anyio\n  - pytest-asyncio\n  - pytest-tornasync\n  - pytest-trio\n  - pytest-twisted",
      "category": "PytestUnhandledCoroutineWarning",
      "when": "runtest",
      "filename": "D:\\repos\\unpywall@unpywall__7909fde0__requests__treq\\.venv\\Lib\\site-packages\\_pytest\\python.py",
      "lineno": 148
    },
    {
      "message": "async def functions are not natively supported and have been skipped.\nYou need to install a suitable plugin for your async framework, for example:\n  - anyio\n  - pytest-asyncio\n  - pytest-tornasync\n  - pytest-trio\n  - pytest-twisted",
      "category": "PytestUnhandledCoroutineWarning",
      "when": "runtest",
      "filename": "D:\\repos\\unpywall@unpywall__7909fde0__requests__treq\\.venv\\Lib\\site-packages\\_pytest\\python.py",
      "lineno": 148
    },
    {
      "message": "async def functions are not natively supported and have been skipped.\nYou need to install a suitable plugin for your async framework, for example:\n  - anyio\n  - pytest-asyncio\n  - pytest-tornasync\n  - pytest-trio\n  - pytest-twisted",
      "category": "PytestUnhandledCoroutineWarning",
      "when": "runtest",
      "filename": "D:\\repos\\unpywall@unpywall__7909fde0__requests__treq\\.venv\\Lib\\site-packages\\_pytest\\python.py",
      "lineno": 148
    }
  ]
}