{
  "exitcode": 1,
  "summary": {
    "passed": 28,
    "failed": 6,
    "total": 34,
    "collected": 34
  },
  "collectors": [
    {
      "nodeid": "",
      "outcome": "passed",
      "result": [
        {
          "nodeid": ".",
          "type": "Dir"
        }
      ]
    },
    {
      "nodeid": "test_auth.py::TestAuth",
      "outcome": "passed",
      "result": [
        {
          "nodeid": "test_auth.py::TestAuth::test_auth_to_github_invalid_credentials",
          "type": "TestCaseFunction",
          "lineno": 114
        },
        {
          "nodeid": "test_auth.py::TestAuth::test_auth_to_github_with_app",
          "type": "TestCaseFunction",
          "lineno": 63
        },
        {
          "nodeid": "test_auth.py::TestAuth::test_auth_to_github_with_ghe",
          "type": "TestCaseFunction",
          "lineno": 38
        },
        {
          "nodeid": "test_auth.py::TestAuth::test_auth_to_github_with_ghe_and_ghe_app",
          "type": "TestCaseFunction",
          "lineno": 50
        },
        {
          "nodeid": "test_auth.py::TestAuth::test_auth_to_github_with_token",
          "type": "TestCaseFunction",
          "lineno": 14
        },
        {
          "nodeid": "test_auth.py::TestAuth::test_auth_to_github_without_token",
          "type": "TestCaseFunction",
          "lineno": 25
        },
        {
          "nodeid": "test_auth.py::TestAuth::test_get_github_app_installation_token",
          "type": "TestCaseFunction",
          "lineno": 76
        },
        {
          "nodeid": "test_auth.py::TestAuth::test_get_github_app_installation_token_request_failure",
          "type": "TestCaseFunction",
          "lineno": 94
        }
      ]
    },
    {
      "nodeid": "test_auth.py",
      "outcome": "passed",
      "result": [
        {
          "nodeid": "test_auth.py::TestAuth",
          "type": "UnitTestCase"
        }
      ]
    },
    {
      "nodeid": "test_contributor_stats.py::TestContributorStats",
      "outcome": "passed",
      "result": [
        {
          "nodeid": "test_contributor_stats.py::TestContributorStats::test_fetch_sponsor_info",
          "type": "TestCaseFunction",
          "lineno": 161
        },
        {
          "nodeid": "test_contributor_stats.py::TestContributorStats::test_init",
          "type": "TestCaseFunction",
          "lineno": 31
        },
        {
          "nodeid": "test_contributor_stats.py::TestContributorStats::test_is_new_contributor_false",
          "type": "TestCaseFunction",
          "lineno": 133
        },
        {
          "nodeid": "test_contributor_stats.py::TestContributorStats::test_is_new_contributor_true",
          "type": "TestCaseFunction",
          "lineno": 105
        },
        {
          "nodeid": "test_contributor_stats.py::TestContributorStats::test_merge_contributors",
          "type": "TestCaseFunction",
          "lineno": 47
        }
      ]
    },
    {
      "nodeid": "test_contributor_stats.py",
      "outcome": "passed",
      "result": [
        {
          "nodeid": "test_contributor_stats.py::TestContributorStats",
          "type": "UnitTestCase"
        }
      ]
    },
    {
      "nodeid": "test_contributors.py::TestContributors",
      "outcome": "passed",
      "result": [
        {
          "nodeid": "test_contributors.py::TestContributors::test_get_all_contributors_with_organization",
          "type": "TestCaseFunction",
          "lineno": 38
        },
        {
          "nodeid": "test_contributors.py::TestContributors::test_get_all_contributors_with_repository",
          "type": "TestCaseFunction",
          "lineno": 80
        },
        {
          "nodeid": "test_contributors.py::TestContributors::test_get_contributors",
          "type": "TestCaseFunction",
          "lineno": 14
        },
        {
          "nodeid": "test_contributors.py::TestContributors::test_get_contributors_no_commit_end_date",
          "type": "TestCaseFunction",
          "lineno": 173
        },
        {
          "nodeid": "test_contributors.py::TestContributors::test_get_contributors_skip_bot",
          "type": "TestCaseFunction",
          "lineno": 152
        },
        {
          "nodeid": "test_contributors.py::TestContributors::test_get_contributors_skip_users_with_no_commits",
          "type": "TestCaseFunction",
          "lineno": 120
        }
      ]
    },
    {
      "nodeid": "test_contributors.py",
      "outcome": "passed",
      "result": [
        {
          "nodeid": "test_contributors.py::TestContributors",
          "type": "UnitTestCase"
        }
      ]
    },
    {
      "nodeid": "test_env.py::TestEnv",
      "outcome": "passed",
      "result": [
        {
          "nodeid": "test_env.py::TestEnv::test_get_env_vars",
          "type": "TestCaseFunction",
          "lineno": 32
        },
        {
          "nodeid": "test_env.py::TestEnv::test_get_env_vars_auth_with_github_app_installation_missing_inputs",
          "type": "TestCaseFunction",
          "lineno": 203
        },
        {
          "nodeid": "test_env.py::TestEnv::test_get_env_vars_invalid_start_date",
          "type": "TestCaseFunction",
          "lineno": 110
        },
        {
          "nodeid": "test_env.py::TestEnv::test_get_env_vars_missing_org_or_repo",
          "type": "TestCaseFunction",
          "lineno": 192
        },
        {
          "nodeid": "test_env.py::TestEnv::test_get_env_vars_missing_values",
          "type": "TestCaseFunction",
          "lineno": 82
        },
        {
          "nodeid": "test_env.py::TestEnv::test_get_env_vars_no_dates",
          "type": "TestCaseFunction",
          "lineno": 141
        }
      ]
    },
    {
      "nodeid": "test_env.py",
      "outcome": "passed",
      "result": [
        {
          "nodeid": "test_env.py::TestEnv",
          "type": "UnitTestCase"
        }
      ]
    },
    {
      "nodeid": "test_env_get_bool.py::TestEnv",
      "outcome": "passed",
      "result": [
        {
          "nodeid": "test_env_get_bool.py::TestEnv::test_get_bool_env_var_that_does_not_exist_and_default_value_returns_false",
          "type": "TestCaseFunction",
          "lineno": 64
        },
        {
          "nodeid": "test_env_get_bool.py::TestEnv::test_get_bool_env_var_that_does_not_exist_and_default_value_returns_true",
          "type": "TestCaseFunction",
          "lineno": 50
        },
        {
          "nodeid": "test_env_get_bool.py::TestEnv::test_get_bool_env_var_that_exists_and_is_false",
          "type": "TestCaseFunction",
          "lineno": 24
        },
        {
          "nodeid": "test_env_get_bool.py::TestEnv::test_get_bool_env_var_that_exists_and_is_false_due_to_invalid_value",
          "type": "TestCaseFunction",
          "lineno": 36
        },
        {
          "nodeid": "test_env_get_bool.py::TestEnv::test_get_bool_env_var_that_exists_and_is_true",
          "type": "TestCaseFunction",
          "lineno": 12
        }
      ]
    },
    {
      "nodeid": "test_env_get_bool.py",
      "outcome": "passed",
      "result": [
        {
          "nodeid": "test_env_get_bool.py::TestEnv",
          "type": "UnitTestCase"
        }
      ]
    },
    {
      "nodeid": "test_json_writer.py::TestWriteToJson",
      "outcome": "passed",
      "result": [
        {
          "nodeid": "test_json_writer.py::TestWriteToJson::test_write_to_json",
          "type": "TestCaseFunction",
          "lineno": 35
        }
      ]
    },
    {
      "nodeid": "test_json_writer.py",
      "outcome": "passed",
      "result": [
        {
          "nodeid": "test_json_writer.py::TestWriteToJson",
          "type": "UnitTestCase"
        }
      ]
    },
    {
      "nodeid": "test_markdown.py::TestMarkdown",
      "outcome": "passed",
      "result": [
        {
          "nodeid": "test_markdown.py::TestMarkdown::test_write_to_markdown",
          "type": "TestCaseFunction",
          "lineno": 14
        },
        {
          "nodeid": "test_markdown.py::TestMarkdown::test_write_to_markdown_with_sponsors",
          "type": "TestCaseFunction",
          "lineno": 70
        },
        {
          "nodeid": "test_markdown.py::TestMarkdown::test_write_to_markdown_without_link_to_profile",
          "type": "TestCaseFunction",
          "lineno": 126
        }
      ]
    },
    {
      "nodeid": "test_markdown.py",
      "outcome": "passed",
      "result": [
        {
          "nodeid": "test_markdown.py::TestMarkdown",
          "type": "UnitTestCase"
        }
      ]
    },
    {
      "nodeid": ".",
      "outcome": "passed",
      "result": [
        {
          "nodeid": "test_auth.py",
          "type": "Module"
        },
        {
          "nodeid": "test_contributor_stats.py",
          "type": "Module"
        },
        {
          "nodeid": "test_contributors.py",
          "type": "Module"
        },
        {
          "nodeid": "test_env.py",
          "type": "Module"
        },
        {
          "nodeid": "test_env_get_bool.py",
          "type": "Module"
        },
        {
          "nodeid": "test_json_writer.py",
          "type": "Module"
        },
        {
          "nodeid": "test_markdown.py",
          "type": "Module"
        }
      ]
    }
  ],
  "tests": [
    {
      "nodeid": "test_auth.py::TestAuth::test_auth_to_github_invalid_credentials",
      "lineno": 114,
      "outcome": "passed",
      "keywords": [
        "test_auth_to_github_invalid_credentials",
        "__wrapped__",
        "patchings",
        "TestAuth",
        "test_auth.py",
        "github@contributors__107543a7__python-dotenv__dynaconf",
        ""
      ],
      "setup": {
        "outcome": "passed"
      },
      "call": {
        "outcome": "passed"
      },
      "teardown": {
        "outcome": "passed"
      }
    },
    {
      "nodeid": "test_auth.py::TestAuth::test_auth_to_github_with_app",
      "lineno": 63,
      "outcome": "passed",
      "keywords": [
        "test_auth_to_github_with_app",
        "__wrapped__",
        "patchings",
        "TestAuth",
        "test_auth.py",
        "github@contributors__107543a7__python-dotenv__dynaconf",
        ""
      ],
      "setup": {
        "outcome": "passed"
      },
      "call": {
        "outcome": "passed"
      },
      "teardown": {
        "outcome": "passed"
      }
    },
    {
      "nodeid": "test_auth.py::TestAuth::test_auth_to_github_with_ghe",
      "lineno": 38,
      "outcome": "passed",
      "keywords": [
        "test_auth_to_github_with_ghe",
        "__wrapped__",
        "patchings",
        "TestAuth",
        "test_auth.py",
        "github@contributors__107543a7__python-dotenv__dynaconf",
        ""
      ],
      "setup": {
        "outcome": "passed"
      },
      "call": {
        "outcome": "passed"
      },
      "teardown": {
        "outcome": "passed"
      }
    },
    {
      "nodeid": "test_auth.py::TestAuth::test_auth_to_github_with_ghe_and_ghe_app",
      "lineno": 50,
      "outcome": "passed",
      "keywords": [
        "test_auth_to_github_with_ghe_and_ghe_app",
        "__wrapped__",
        "patchings",
        "TestAuth",
        "test_auth.py",
        "github@contributors__107543a7__python-dotenv__dynaconf",
        ""
      ],
      "setup": {
        "outcome": "passed"
      },
      "call": {
        "outcome": "passed"
      },
      "teardown": {
        "outcome": "passed"
      }
    },
    {
      "nodeid": "test_auth.py::TestAuth::test_auth_to_github_with_token",
      "lineno": 14,
      "outcome": "passed",
      "keywords": [
        "test_auth_to_github_with_token",
        "__wrapped__",
        "patchings",
        "TestAuth",
        "test_auth.py",
        "github@contributors__107543a7__python-dotenv__dynaconf",
        ""
      ],
      "setup": {
        "outcome": "passed"
      },
      "call": {
        "outcome": "passed"
      },
      "teardown": {
        "outcome": "passed"
      }
    },
    {
      "nodeid": "test_auth.py::TestAuth::test_auth_to_github_without_token",
      "lineno": 25,
      "outcome": "passed",
      "keywords": [
        "test_auth_to_github_without_token",
        "TestAuth",
        "test_auth.py",
        "github@contributors__107543a7__python-dotenv__dynaconf",
        ""
      ],
      "setup": {
        "outcome": "passed"
      },
      "call": {
        "outcome": "passed"
      },
      "teardown": {
        "outcome": "passed"
      }
    },
    {
      "nodeid": "test_auth.py::TestAuth::test_get_github_app_installation_token",
      "lineno": 76,
      "outcome": "passed",
      "keywords": [
        "test_get_github_app_installation_token",
        "__wrapped__",
        "patchings",
        "TestAuth",
        "test_auth.py",
        "github@contributors__107543a7__python-dotenv__dynaconf",
        ""
      ],
      "setup": {
        "outcome": "passed"
      },
      "call": {
        "outcome": "passed"
      },
      "teardown": {
        "outcome": "passed"
      }
    },
    {
      "nodeid": "test_auth.py::TestAuth::test_get_github_app_installation_token_request_failure",
      "lineno": 94,
      "outcome": "passed",
      "keywords": [
        "test_get_github_app_installation_token_request_failure",
        "__wrapped__",
        "patchings",
        "TestAuth",
        "test_auth.py",
        "github@contributors__107543a7__python-dotenv__dynaconf",
        ""
      ],
      "setup": {
        "outcome": "passed"
      },
      "call": {
        "outcome": "passed",
        "stdout": "Request to get GitHub App Installation Token failed: Request failed\n"
      },
      "teardown": {
        "outcome": "passed"
      }
    },
    {
      "nodeid": "test_contributor_stats.py::TestContributorStats::test_fetch_sponsor_info",
      "lineno": 161,
      "outcome": "passed",
      "keywords": [
        "test_fetch_sponsor_info",
        "__wrapped__",
        "patchings",
        "TestContributorStats",
        "test_contributor_stats.py",
        "github@contributors__107543a7__python-dotenv__dynaconf",
        ""
      ],
      "setup": {
        "outcome": "passed"
      },
      "call": {
        "outcome": "passed"
      },
      "teardown": {
        "outcome": "passed"
      }
    },
    {
      "nodeid": "test_contributor_stats.py::TestContributorStats::test_init",
      "lineno": 31,
      "outcome": "passed",
      "keywords": [
        "test_init",
        "TestContributorStats",
        "test_contributor_stats.py",
        "github@contributors__107543a7__python-dotenv__dynaconf",
        ""
      ],
      "setup": {
        "outcome": "passed"
      },
      "call": {
        "outcome": "passed"
      },
      "teardown": {
        "outcome": "passed"
      }
    },
    {
      "nodeid": "test_contributor_stats.py::TestContributorStats::test_is_new_contributor_false",
      "lineno": 133,
      "outcome": "passed",
      "keywords": [
        "test_is_new_contributor_false",
        "TestContributorStats",
        "test_contributor_stats.py",
        "github@contributors__107543a7__python-dotenv__dynaconf",
        ""
      ],
      "setup": {
        "outcome": "passed"
      },
      "call": {
        "outcome": "passed"
      },
      "teardown": {
        "outcome": "passed"
      }
    },
    {
      "nodeid": "test_contributor_stats.py::TestContributorStats::test_is_new_contributor_true",
      "lineno": 105,
      "outcome": "passed",
      "keywords": [
        "test_is_new_contributor_true",
        "TestContributorStats",
        "test_contributor_stats.py",
        "github@contributors__107543a7__python-dotenv__dynaconf",
        ""
      ],
      "setup": {
        "outcome": "passed"
      },
      "call": {
        "outcome": "passed"
      },
      "teardown": {
        "outcome": "passed"
      }
    },
    {
      "nodeid": "test_contributor_stats.py::TestContributorStats::test_merge_contributors",
      "lineno": 47,
      "outcome": "passed",
      "keywords": [
        "test_merge_contributors",
        "TestContributorStats",
        "test_contributor_stats.py",
        "github@contributors__107543a7__python-dotenv__dynaconf",
        ""
      ],
      "setup": {
        "outcome": "passed"
      },
      "call": {
        "outcome": "passed"
      },
      "teardown": {
        "outcome": "passed"
      }
    },
    {
      "nodeid": "test_contributors.py::TestContributors::test_get_all_contributors_with_organization",
      "lineno": 38,
      "outcome": "passed",
      "keywords": [
        "test_get_all_contributors_with_organization",
        "__wrapped__",
        "patchings",
        "TestContributors",
        "test_contributors.py",
        "github@contributors__107543a7__python-dotenv__dynaconf",
        ""
      ],
      "setup": {
        "outcome": "passed"
      },
      "call": {
        "outcome": "passed"
      },
      "teardown": {
        "outcome": "passed"
      }
    },
    {
      "nodeid": "test_contributors.py::TestContributors::test_get_all_contributors_with_repository",
      "lineno": 80,
      "outcome": "passed",
      "keywords": [
        "test_get_all_contributors_with_repository",
        "__wrapped__",
        "patchings",
        "TestContributors",
        "test_contributors.py",
        "github@contributors__107543a7__python-dotenv__dynaconf",
        ""
      ],
      "setup": {
        "outcome": "passed"
      },
      "call": {
        "outcome": "passed"
      },
      "teardown": {
        "outcome": "passed"
      }
    },
    {
      "nodeid": "test_contributors.py::TestContributors::test_get_contributors",
      "lineno": 14,
      "outcome": "passed",
      "keywords": [
        "test_get_contributors",
        "__wrapped__",
        "patchings",
        "TestContributors",
        "test_contributors.py",
        "github@contributors__107543a7__python-dotenv__dynaconf",
        ""
      ],
      "setup": {
        "outcome": "passed"
      },
      "call": {
        "outcome": "passed"
      },
      "teardown": {
        "outcome": "passed"
      }
    },
    {
      "nodeid": "test_contributors.py::TestContributors::test_get_contributors_no_commit_end_date",
      "lineno": 173,
      "outcome": "passed",
      "keywords": [
        "test_get_contributors_no_commit_end_date",
        "__wrapped__",
        "patchings",
        "TestContributors",
        "test_contributors.py",
        "github@contributors__107543a7__python-dotenv__dynaconf",
        ""
      ],
      "setup": {
        "outcome": "passed"
      },
      "call": {
        "outcome": "passed"
      },
      "teardown": {
        "outcome": "passed"
      }
    },
    {
      "nodeid": "test_contributors.py::TestContributors::test_get_contributors_skip_bot",
      "lineno": 152,
      "outcome": "passed",
      "keywords": [
        "test_get_contributors_skip_bot",
        "__wrapped__",
        "patchings",
        "TestContributors",
        "test_contributors.py",
        "github@contributors__107543a7__python-dotenv__dynaconf",
        ""
      ],
      "setup": {
        "outcome": "passed"
      },
      "call": {
        "outcome": "passed"
      },
      "teardown": {
        "outcome": "passed"
      }
    },
    {
      "nodeid": "test_contributors.py::TestContributors::test_get_contributors_skip_users_with_no_commits",
      "lineno": 120,
      "outcome": "passed",
      "keywords": [
        "test_get_contributors_skip_users_with_no_commits",
        "__wrapped__",
        "patchings",
        "TestContributors",
        "test_contributors.py",
        "github@contributors__107543a7__python-dotenv__dynaconf",
        ""
      ],
      "setup": {
        "outcome": "passed"
      },
      "call": {
        "outcome": "passed"
      },
      "teardown": {
        "outcome": "passed"
      }
    },
    {
      "nodeid": "test_env.py::TestEnv::test_get_env_vars",
      "lineno": 32,
      "outcome": "failed",
      "keywords": [
        "test_get_env_vars",
        "__wrapped__",
        "TestEnv",
        "test_env.py",
        "github@contributors__107543a7__python-dotenv__dynaconf",
        ""
      ],
      "setup": {
        "outcome": "passed"
      },
      "call": {
        "outcome": "failed",
        "crash": {
          "path": "D:\\repos\\github@contributors__107543a7__python-dotenv__dynaconf\\env.py",
          "lineno": 113,
          "message": "ValueError: ORGANIZATION and REPOSITORY environment variables were not set. Please set one"
        },
        "traceback": [
          {
            "path": "test_env.py",
            "lineno": 68,
            "message": ""
          },
          {
            "path": "env.py",
            "lineno": 113,
            "message": "ValueError"
          }
        ],
        "longrepr": "self = <test_env.TestEnv testMethod=test_get_env_vars>\n\n    @patch.dict(\n        os.environ,\n        {\n            \"ORGANIZATION\": \"org\",\n            \"REPOSITORY\": \"repo,repo2\",\n            \"GH_APP_ID\": \"\",\n            \"GH_APP_INSTALLATION_ID\": \"\",\n            \"GH_APP_PRIVATE_KEY\": \"\",\n            \"GH_TOKEN\": \"token\",\n            \"GH_ENTERPRISE_URL\": \"\",\n            \"START_DATE\": \"2022-01-01\",\n            \"END_DATE\": \"2022-12-31\",\n            \"SPONSOR_INFO\": \"False\",\n            \"LINK_TO_PROFILE\": \"True\",\n        },\n        clear=True,\n    )\n    def test_get_env_vars(self):\n        \"\"\"\n        Test the get_env_vars function when all environment variables are set correctly.\n        \"\"\"\n    \n        (\n            organization,\n            repository_list,\n            gh_app_id,\n            gh_app_installation_id,\n            gh_app_private_key,\n            gh_app_enterprise_only,\n            token,\n            ghe,\n            start_date,\n            end_date,\n            sponsor_info,\n            link_to_profile,\n>       ) = env.get_env_vars()\n\ntest_env.py:68: \n_ _ _ _ _ _ _ _ _ _ _ _ _ _ _ _ _ _ _ _ _ _ _ _ _ _ _ _ _ _ _ _ _ _ _ _ _ _ _ _\n\ntest = False\n\n    def get_env_vars(\n        test: bool = False,\n    ) -> tuple[\n        str | None,\n        list[str],\n        int | None,\n        int | None,\n        bytes,\n        bool,\n        str,\n        str,\n        str,\n        str,\n        bool,\n        bool,\n    ]:\n        \"\"\"\n        Get the environment variables for use in the action.\n    \n        Args:\n            None\n    \n        Returns:\n            organization (str): the organization to get contributor information for\n            repository_list (list[str]): A list of the repositories to get contributor information for\n            gh_app_id (int | None): The GitHub App ID to use for authentication\n            gh_app_installation_id (int | None): The GitHub App Installation ID to use for authentication\n            gh_app_private_key_bytes (bytes): The GitHub App Private Key as bytes to use for authentication\n            gh_app_enterprise_only (bool): Set this to true if the GH APP is created on GHE and needs to communicate with GHE api only\n            token (str): The GitHub token to use for authentication\n            ghe (str): The GitHub Enterprise URL to use for authentication\n            start_date (str): The start date to get contributor information from\n            end_date (str): The end date to get contributor information to.\n            sponsor_info (str): Whether to get sponsor information on the contributor\n            link_to_profile (str): Whether to link username to Github profile in markdown output\n        \"\"\"\n    \n        # `dynaconf` automatically loads the `.env` file if it exists, so no need to manually load it.\n    \n        organization = settings.get(\"ORGANIZATION\")\n        repositories_str = settings.get(\"REPOSITORY\")\n        # Either organization or repository must be set\n        if not organization and not repositories_str:\n>           raise ValueError(\n                \"ORGANIZATION and REPOSITORY environment variables were not set. Please set one\"\n            )\nE           ValueError: ORGANIZATION and REPOSITORY environment variables were not set. Please set one\n\nenv.py:113: ValueError"
      },
      "teardown": {
        "outcome": "passed"
      }
    },
    {
      "nodeid": "test_env.py::TestEnv::test_get_env_vars_auth_with_github_app_installation_missing_inputs",
      "lineno": 203,
      "outcome": "failed",
      "keywords": [
        "test_get_env_vars_auth_with_github_app_installation_missing_inputs",
        "__wrapped__",
        "TestEnv",
        "test_env.py",
        "github@contributors__107543a7__python-dotenv__dynaconf",
        ""
      ],
      "setup": {
        "outcome": "passed"
      },
      "call": {
        "outcome": "failed",
        "crash": {
          "path": "C:\\Users\\Mohay\\AppData\\Local\\Programs\\Python\\Python312\\Lib\\unittest\\case.py",
          "lineno": 715,
          "message": "AssertionError: 'ORGANIZATION and REPOSITORY environment v[33 chars] one' != 'GH_APP_ID set and GH_APP_INSTALLATION_ID [34 chars] set'\n- ORGANIZATION and REPOSITORY environment variables were not set. Please set one\n+ GH_APP_ID set and GH_APP_INSTALLATION_ID or GH_APP_PRIVATE_KEY variable not set"
        },
        "traceback": [
          {
            "path": "test_env.py",
            "lineno": 220,
            "message": "AssertionError"
          }
        ],
        "longrepr": "self = <test_env.TestEnv testMethod=test_get_env_vars_auth_with_github_app_installation_missing_inputs>\n\n    @patch.dict(\n        os.environ,\n        {\n            \"ORGANIZATION\": \"my_organization\",\n            \"GH_APP_ID\": \"12345\",\n            \"GH_APP_INSTALLATION_ID\": \"\",\n            \"GH_APP_PRIVATE_KEY\": \"\",\n            \"GH_TOKEN\": \"\",\n        },\n        clear=True,\n    )\n    def test_get_env_vars_auth_with_github_app_installation_missing_inputs(self):\n        \"\"\"Test that an error is raised there are missing inputs for the gh app\"\"\"\n        with self.assertRaises(ValueError) as context_manager:\n            env.get_env_vars()\n        the_exception = context_manager.exception\n>       self.assertEqual(\n            str(the_exception),\n            \"GH_APP_ID set and GH_APP_INSTALLATION_ID or GH_APP_PRIVATE_KEY variable not set\",\n        )\nE       AssertionError: 'ORGANIZATION and REPOSITORY environment v[33 chars] one' != 'GH_APP_ID set and GH_APP_INSTALLATION_ID [34 chars] set'\nE       - ORGANIZATION and REPOSITORY environment variables were not set. Please set one\nE       + GH_APP_ID set and GH_APP_INSTALLATION_ID or GH_APP_PRIVATE_KEY variable not set\n\ntest_env.py:220: AssertionError"
      },
      "teardown": {
        "outcome": "passed"
      }
    },
    {
      "nodeid": "test_env.py::TestEnv::test_get_env_vars_invalid_start_date",
      "lineno": 110,
      "outcome": "failed",
      "keywords": [
        "test_get_env_vars_invalid_start_date",
        "__wrapped__",
        "TestEnv",
        "test_env.py",
        "github@contributors__107543a7__python-dotenv__dynaconf",
        ""
      ],
      "setup": {
        "outcome": "passed"
      },
      "call": {
        "outcome": "failed",
        "crash": {
          "path": "C:\\Users\\Mohay\\AppData\\Local\\Programs\\Python\\Python312\\Lib\\unittest\\case.py",
          "lineno": 715,
          "message": "AssertionError: 'ORGANIZATION and REPOSITORY environment variables were not set. Please set one' != 'START_DATE environment variable not in the format YYYY-MM-DD'\n- ORGANIZATION and REPOSITORY environment variables were not set. Please set one\n+ START_DATE environment variable not in the format YYYY-MM-DD"
        },
        "traceback": [
          {
            "path": "test_env.py",
            "lineno": 137,
            "message": "AssertionError"
          }
        ],
        "longrepr": "self = <test_env.TestEnv testMethod=test_get_env_vars_invalid_start_date>\n\n    @patch.dict(\n        os.environ,\n        {\n            \"ORGANIZATION\": \"org\",\n            \"REPOSITORY\": \"repo,repo2\",\n            \"GH_APP_ID\": \"\",\n            \"GH_APP_INSTALLATION_ID\": \"\",\n            \"GH_APP_PRIVATE_KEY\": \"\",\n            \"GH_TOKEN\": \"token\",\n            \"GH_ENTERPRISE_URL\": \"\",\n            \"START_DATE\": \"2022/01/01\",\n            \"END_DATE\": \"2022-12-31\",\n            \"SPONSOR_INFO\": \"False\",\n            \"LINK_TO_PROFILE\": \"True\",\n        },\n        clear=True,\n    )\n    def test_get_env_vars_invalid_start_date(self):\n        \"\"\"\n        Test the get_env_vars function when invalid start date given.\n        Expect a ValueError to be raised.\n        \"\"\"\n    \n        with self.assertRaises(ValueError) as cm:\n            env.get_env_vars()\n        the_exception = cm.exception\n>       self.assertEqual(\n            str(the_exception),\n            \"START_DATE environment variable not in the format YYYY-MM-DD\",\n        )\nE       AssertionError: 'ORGANIZATION and REPOSITORY environment variables were not set. Please set one' != 'START_DATE environment variable not in the format YYYY-MM-DD'\nE       - ORGANIZATION and REPOSITORY environment variables were not set. Please set one\nE       + START_DATE environment variable not in the format YYYY-MM-DD\n\ntest_env.py:137: AssertionError"
      },
      "teardown": {
        "outcome": "passed"
      }
    },
    {
      "nodeid": "test_env.py::TestEnv::test_get_env_vars_missing_org_or_repo",
      "lineno": 192,
      "outcome": "passed",
      "keywords": [
        "test_get_env_vars_missing_org_or_repo",
        "__wrapped__",
        "TestEnv",
        "test_env.py",
        "github@contributors__107543a7__python-dotenv__dynaconf",
        ""
      ],
      "setup": {
        "outcome": "passed"
      },
      "call": {
        "outcome": "passed"
      },
      "teardown": {
        "outcome": "passed"
      }
    },
    {
      "nodeid": "test_env.py::TestEnv::test_get_env_vars_missing_values",
      "lineno": 82,
      "outcome": "failed",
      "keywords": [
        "test_get_env_vars_missing_values",
        "__wrapped__",
        "TestEnv",
        "test_env.py",
        "github@contributors__107543a7__python-dotenv__dynaconf",
        ""
      ],
      "setup": {
        "outcome": "passed"
      },
      "call": {
        "outcome": "failed",
        "crash": {
          "path": "C:\\Users\\Mohay\\AppData\\Local\\Programs\\Python\\Python312\\Lib\\unittest\\case.py",
          "lineno": 715,
          "message": "AssertionError: 'ORGANIZATION and REPOSITORY environment variables were not set. Please set one' != 'GH_TOKEN environment variable not set'\n- ORGANIZATION and REPOSITORY environment variables were not set. Please set one\n+ GH_TOKEN environment variable not set"
        },
        "traceback": [
          {
            "path": "test_env.py",
            "lineno": 109,
            "message": "AssertionError"
          }
        ],
        "longrepr": "self = <test_env.TestEnv testMethod=test_get_env_vars_missing_values>\n\n    @patch.dict(\n        os.environ,\n        {\n            \"ORGANIZATION\": \"org\",\n            \"REPOSITORY\": \"repo,repo2\",\n            \"GH_APP_ID\": \"\",\n            \"GH_APP_INSTALLATION_ID\": \"\",\n            \"GH_APP_PRIVATE_KEY\": \"\",\n            \"GH_TOKEN\": \"\",\n            \"GH_ENTERPRISE_URL\": \"\",\n            \"START_DATE\": \"2022-01-01\",\n            \"END_DATE\": \"2022-12-31\",\n            \"SPONSOR_INFO\": \"False\",\n            \"LINK_TO_PROFILE\": \"True\",\n        },\n        clear=True,\n    )\n    def test_get_env_vars_missing_values(self):\n        \"\"\"\n        Test the get_env_vars function when none of the environment variables are set.\n        Expect a ValueError to be raised.\n        \"\"\"\n    \n        with self.assertRaises(ValueError) as cm:\n            env.get_env_vars()\n        the_exception = cm.exception\n>       self.assertEqual(str(the_exception), \"GH_TOKEN environment variable not set\")\nE       AssertionError: 'ORGANIZATION and REPOSITORY environment variables were not set. Please set one' != 'GH_TOKEN environment variable not set'\nE       - ORGANIZATION and REPOSITORY environment variables were not set. Please set one\nE       + GH_TOKEN environment variable not set\n\ntest_env.py:109: AssertionError"
      },
      "teardown": {
        "outcome": "passed"
      }
    },
    {
      "nodeid": "test_env.py::TestEnv::test_get_env_vars_no_dates",
      "lineno": 141,
      "outcome": "failed",
      "keywords": [
        "test_get_env_vars_no_dates",
        "__wrapped__",
        "TestEnv",
        "test_env.py",
        "github@contributors__107543a7__python-dotenv__dynaconf",
        ""
      ],
      "setup": {
        "outcome": "passed"
      },
      "call": {
        "outcome": "failed",
        "crash": {
          "path": "D:\\repos\\github@contributors__107543a7__python-dotenv__dynaconf\\env.py",
          "lineno": 113,
          "message": "ValueError: ORGANIZATION and REPOSITORY environment variables were not set. Please set one"
        },
        "traceback": [
          {
            "path": "test_env.py",
            "lineno": 178,
            "message": ""
          },
          {
            "path": "env.py",
            "lineno": 113,
            "message": "ValueError"
          }
        ],
        "longrepr": "self = <test_env.TestEnv testMethod=test_get_env_vars_no_dates>\n\n    @patch.dict(\n        os.environ,\n        {\n            \"ORGANIZATION\": \"org\",\n            \"REPOSITORY\": \"repo,repo2\",\n            \"GH_APP_ID\": \"\",\n            \"GH_APP_INSTALLATION_ID\": \"\",\n            \"GH_APP_PRIVATE_KEY\": \"\",\n            \"GH_TOKEN\": \"token\",\n            \"GH_ENTERPRISE_URL\": \"\",\n            \"START_DATE\": \"\",\n            \"END_DATE\": \"\",\n            \"SPONSOR_INFO\": \"False\",\n            \"LINK_TO_PROFILE\": \"True\",\n        },\n        clear=True,\n    )\n    def test_get_env_vars_no_dates(self):\n        \"\"\"\n        Test the get_env_vars function when all environment variables are set correctly\n        and start_date and end_date are not set.\n        \"\"\"\n    \n        (\n            organization,\n            repository_list,\n            gh_app_id,\n            gh_app_installation_id,\n            gh_app_private_key,\n            gh_app_enterprise_only,\n            token,\n            ghe,\n            start_date,\n            end_date,\n            sponsor_info,\n            link_to_profile,\n>       ) = env.get_env_vars()\n\ntest_env.py:178: \n_ _ _ _ _ _ _ _ _ _ _ _ _ _ _ _ _ _ _ _ _ _ _ _ _ _ _ _ _ _ _ _ _ _ _ _ _ _ _ _\n\ntest = False\n\n    def get_env_vars(\n        test: bool = False,\n    ) -> tuple[\n        str | None,\n        list[str],\n        int | None,\n        int | None,\n        bytes,\n        bool,\n        str,\n        str,\n        str,\n        str,\n        bool,\n        bool,\n    ]:\n        \"\"\"\n        Get the environment variables for use in the action.\n    \n        Args:\n            None\n    \n        Returns:\n            organization (str): the organization to get contributor information for\n            repository_list (list[str]): A list of the repositories to get contributor information for\n            gh_app_id (int | None): The GitHub App ID to use for authentication\n            gh_app_installation_id (int | None): The GitHub App Installation ID to use for authentication\n            gh_app_private_key_bytes (bytes): The GitHub App Private Key as bytes to use for authentication\n            gh_app_enterprise_only (bool): Set this to true if the GH APP is created on GHE and needs to communicate with GHE api only\n            token (str): The GitHub token to use for authentication\n            ghe (str): The GitHub Enterprise URL to use for authentication\n            start_date (str): The start date to get contributor information from\n            end_date (str): The end date to get contributor information to.\n            sponsor_info (str): Whether to get sponsor information on the contributor\n            link_to_profile (str): Whether to link username to Github profile in markdown output\n        \"\"\"\n    \n        # `dynaconf` automatically loads the `.env` file if it exists, so no need to manually load it.\n    \n        organization = settings.get(\"ORGANIZATION\")\n        repositories_str = settings.get(\"REPOSITORY\")\n        # Either organization or repository must be set\n        if not organization and not repositories_str:\n>           raise ValueError(\n                \"ORGANIZATION and REPOSITORY environment variables were not set. Please set one\"\n            )\nE           ValueError: ORGANIZATION and REPOSITORY environment variables were not set. Please set one\n\nenv.py:113: ValueError"
      },
      "teardown": {
        "outcome": "passed"
      }
    },
    {
      "nodeid": "test_env_get_bool.py::TestEnv::test_get_bool_env_var_that_does_not_exist_and_default_value_returns_false",
      "lineno": 64,
      "outcome": "passed",
      "keywords": [
        "test_get_bool_env_var_that_does_not_exist_and_default_value_returns_false",
        "__wrapped__",
        "TestEnv",
        "test_env_get_bool.py",
        "github@contributors__107543a7__python-dotenv__dynaconf",
        ""
      ],
      "setup": {
        "outcome": "passed"
      },
      "call": {
        "outcome": "passed"
      },
      "teardown": {
        "outcome": "passed"
      }
    },
    {
      "nodeid": "test_env_get_bool.py::TestEnv::test_get_bool_env_var_that_does_not_exist_and_default_value_returns_true",
      "lineno": 50,
      "outcome": "passed",
      "keywords": [
        "test_get_bool_env_var_that_does_not_exist_and_default_value_returns_true",
        "__wrapped__",
        "TestEnv",
        "test_env_get_bool.py",
        "github@contributors__107543a7__python-dotenv__dynaconf",
        ""
      ],
      "setup": {
        "outcome": "passed"
      },
      "call": {
        "outcome": "passed"
      },
      "teardown": {
        "outcome": "passed"
      }
    },
    {
      "nodeid": "test_env_get_bool.py::TestEnv::test_get_bool_env_var_that_exists_and_is_false",
      "lineno": 24,
      "outcome": "passed",
      "keywords": [
        "test_get_bool_env_var_that_exists_and_is_false",
        "__wrapped__",
        "TestEnv",
        "test_env_get_bool.py",
        "github@contributors__107543a7__python-dotenv__dynaconf",
        ""
      ],
      "setup": {
        "outcome": "passed"
      },
      "call": {
        "outcome": "passed"
      },
      "teardown": {
        "outcome": "passed"
      }
    },
    {
      "nodeid": "test_env_get_bool.py::TestEnv::test_get_bool_env_var_that_exists_and_is_false_due_to_invalid_value",
      "lineno": 36,
      "outcome": "passed",
      "keywords": [
        "test_get_bool_env_var_that_exists_and_is_false_due_to_invalid_value",
        "__wrapped__",
        "TestEnv",
        "test_env_get_bool.py",
        "github@contributors__107543a7__python-dotenv__dynaconf",
        ""
      ],
      "setup": {
        "outcome": "passed"
      },
      "call": {
        "outcome": "passed"
      },
      "teardown": {
        "outcome": "passed"
      }
    },
    {
      "nodeid": "test_env_get_bool.py::TestEnv::test_get_bool_env_var_that_exists_and_is_true",
      "lineno": 12,
      "outcome": "failed",
      "keywords": [
        "test_get_bool_env_var_that_exists_and_is_true",
        "__wrapped__",
        "TestEnv",
        "test_env_get_bool.py",
        "github@contributors__107543a7__python-dotenv__dynaconf",
        ""
      ],
      "setup": {
        "outcome": "passed"
      },
      "call": {
        "outcome": "failed",
        "crash": {
          "path": "C:\\Users\\Mohay\\AppData\\Local\\Programs\\Python\\Python312\\Lib\\unittest\\case.py",
          "lineno": 727,
          "message": "AssertionError: False is not true"
        },
        "traceback": [
          {
            "path": "test_env_get_bool.py",
            "lineno": 23,
            "message": "AssertionError"
          }
        ],
        "longrepr": "self = <test_env_get_bool.TestEnv testMethod=test_get_bool_env_var_that_exists_and_is_true>\n\n    @patch.dict(\n        os.environ,\n        {\n            \"TEST_BOOL\": \"true\",\n        },\n        clear=True,\n    )\n    def test_get_bool_env_var_that_exists_and_is_true(self):\n        \"\"\"Test that gets a boolean environment variable that exists and is true\"\"\"\n        result = get_bool_env_var(\"TEST_BOOL\", False)\n>       self.assertTrue(result)\nE       AssertionError: False is not true\n\ntest_env_get_bool.py:23: AssertionError"
      },
      "teardown": {
        "outcome": "passed"
      }
    },
    {
      "nodeid": "test_json_writer.py::TestWriteToJson::test_write_to_json",
      "lineno": 35,
      "outcome": "passed",
      "keywords": [
        "test_write_to_json",
        "TestWriteToJson",
        "test_json_writer.py",
        "github@contributors__107543a7__python-dotenv__dynaconf",
        ""
      ],
      "setup": {
        "outcome": "passed"
      },
      "call": {
        "outcome": "passed"
      },
      "teardown": {
        "outcome": "passed"
      }
    },
    {
      "nodeid": "test_markdown.py::TestMarkdown::test_write_to_markdown",
      "lineno": 14,
      "outcome": "passed",
      "keywords": [
        "test_write_to_markdown",
        "__wrapped__",
        "patchings",
        "TestMarkdown",
        "test_markdown.py",
        "github@contributors__107543a7__python-dotenv__dynaconf",
        ""
      ],
      "setup": {
        "outcome": "passed"
      },
      "call": {
        "outcome": "passed"
      },
      "teardown": {
        "outcome": "passed"
      }
    },
    {
      "nodeid": "test_markdown.py::TestMarkdown::test_write_to_markdown_with_sponsors",
      "lineno": 70,
      "outcome": "passed",
      "keywords": [
        "test_write_to_markdown_with_sponsors",
        "__wrapped__",
        "patchings",
        "TestMarkdown",
        "test_markdown.py",
        "github@contributors__107543a7__python-dotenv__dynaconf",
        ""
      ],
      "setup": {
        "outcome": "passed"
      },
      "call": {
        "outcome": "passed"
      },
      "teardown": {
        "outcome": "passed"
      }
    },
    {
      "nodeid": "test_markdown.py::TestMarkdown::test_write_to_markdown_without_link_to_profile",
      "lineno": 126,
      "outcome": "passed",
      "keywords": [
        "test_write_to_markdown_without_link_to_profile",
        "__wrapped__",
        "patchings",
        "TestMarkdown",
        "test_markdown.py",
        "github@contributors__107543a7__python-dotenv__dynaconf",
        ""
      ],
      "setup": {
        "outcome": "passed"
      },
      "call": {
        "outcome": "passed"
      },
      "teardown": {
        "outcome": "passed"
      }
    }
  ],
  "warnings": [
    {
      "message": "Usage of `from dynaconf import settings` is now DEPRECATED in 3.0.0+. You are encouraged to change it to your own instance e.g: `settings = Dynaconf(*options)`",
      "category": "DeprecationWarning",
      "when": "runtest",
      "filename": "D:\\repos\\github@contributors__107543a7__python-dotenv__dynaconf\\.venv\\Lib\\site-packages\\dynaconf\\base.py",
      "lineno": 170
    }
  ]
}