{
  "exitcode": 1,
  "summary": {
    "failed": 6,
    "passed": 15,
    "total": 21,
    "collected": 21
  },
  "collectors": [
    {
      "nodeid": "",
      "outcome": "passed",
      "result": [
        {
          "nodeid": ".",
          "type": "Dir"
        }
      ]
    },
    {
      "nodeid": "contrib/unstructured",
      "outcome": "passed",
      "result": []
    },
    {
      "nodeid": "contrib",
      "outcome": "passed",
      "result": [
        {
          "nodeid": "contrib/unstructured",
          "type": "Dir"
        }
      ]
    },
    {
      "nodeid": "docs",
      "outcome": "passed",
      "result": []
    },
    {
      "nodeid": "eparse",
      "outcome": "passed",
      "result": []
    },
    {
      "nodeid": "eparse.egg-info",
      "outcome": "passed",
      "result": []
    },
    {
      "nodeid": "tests/test_cli.py",
      "outcome": "passed",
      "result": [
        {
          "nodeid": "tests/test_cli.py::test_main",
          "type": "Function",
          "lineno": 14
        },
        {
          "nodeid": "tests/test_cli.py::test_scan",
          "type": "Function",
          "lineno": 26
        },
        {
          "nodeid": "tests/test_cli.py::test_parse",
          "type": "Function",
          "lineno": 37
        },
        {
          "nodeid": "tests/test_cli.py::test_query",
          "type": "Function",
          "lineno": 48
        },
        {
          "nodeid": "tests/test_cli.py::test_migrate",
          "type": "Function",
          "lineno": 59
        },
        {
          "nodeid": "tests/test_cli.py::test_outputs",
          "type": "Function",
          "lineno": 74
        }
      ]
    },
    {
      "nodeid": "tests/test_core.py",
      "outcome": "passed",
      "result": [
        {
          "nodeid": "tests/test_core.py::test_df_find_tables",
          "type": "Function",
          "lineno": 19
        },
        {
          "nodeid": "tests/test_core.py::test_df_find_tables_loose",
          "type": "Function",
          "lineno": 25
        },
        {
          "nodeid": "tests/test_core.py::test_df_parse_table",
          "type": "Function",
          "lineno": 32
        },
        {
          "nodeid": "tests/test_core.py::test_df_parse_table_na_tolerance",
          "type": "Function",
          "lineno": 38
        },
        {
          "nodeid": "tests/test_core.py::test_df_serialize_table",
          "type": "Function",
          "lineno": 52
        },
        {
          "nodeid": "tests/test_core.py::test_get_df_from_file",
          "type": "Function",
          "lineno": 60
        },
        {
          "nodeid": "tests/test_core.py::test_get_table_digest",
          "type": "Function",
          "lineno": 70
        },
        {
          "nodeid": "tests/test_core.py::test_html_to_df_and_serialized_data",
          "type": "Function",
          "lineno": 82
        }
      ]
    },
    {
      "nodeid": "tests/test_interfaces.py",
      "outcome": "passed",
      "result": [
        {
          "nodeid": "tests/test_interfaces.py::test_sqlite3_db",
          "type": "Function",
          "lineno": 21
        },
        {
          "nodeid": "tests/test_interfaces.py::test_ExcelParse_model",
          "type": "Function",
          "lineno": 27
        },
        {
          "nodeid": "tests/test_interfaces.py::test_null_interface",
          "type": "Function",
          "lineno": 32
        },
        {
          "nodeid": "tests/test_interfaces.py::test_stdout_interface",
          "type": "Function",
          "lineno": 39
        },
        {
          "nodeid": "tests/test_interfaces.py::test_sqlite3_interface",
          "type": "Function",
          "lineno": 46
        },
        {
          "nodeid": "tests/test_interfaces.py::test_html_interface",
          "type": "Function",
          "lineno": 55
        },
        {
          "nodeid": "tests/test_interfaces.py::test_parse_uri",
          "type": "Function",
          "lineno": 66
        }
      ]
    },
    {
      "nodeid": "tests",
      "outcome": "passed",
      "result": [
        {
          "nodeid": "tests/test_cli.py",
          "type": "Module"
        },
        {
          "nodeid": "tests/test_core.py",
          "type": "Module"
        },
        {
          "nodeid": "tests/test_interfaces.py",
          "type": "Module"
        }
      ]
    },
    {
      "nodeid": ".",
      "outcome": "passed",
      "result": [
        {
          "nodeid": "contrib",
          "type": "Dir"
        },
        {
          "nodeid": "docs",
          "type": "Dir"
        },
        {
          "nodeid": "eparse",
          "type": "Package"
        },
        {
          "nodeid": "eparse.egg-info",
          "type": "Dir"
        },
        {
          "nodeid": "tests",
          "type": "Package"
        }
      ]
    }
  ],
  "tests": [
    {
      "nodeid": "tests/test_cli.py::test_main",
      "lineno": 14,
      "outcome": "failed",
      "keywords": [
        "test_main",
        "test_cli.py",
        "tests",
        "chrispappalardo@eparse__6f799d21__click__plac",
        ""
      ],
      "setup": {
        "outcome": "passed"
      },
      "call": {
        "outcome": "failed",
        "crash": {
          "path": "D:\\repos\\chrispappalardo@eparse__6f799d21__click__plac\\.venv\\Lib\\site-packages\\plac_core.py",
          "lineno": 126,
          "message": "AssertionError: <class 'str'>"
        },
        "traceback": [
          {
            "path": "tests\\test_cli.py",
            "lineno": 20,
            "message": ""
          },
          {
            "path": ".venv\\Lib\\site-packages\\plac_core.py",
            "lineno": 432,
            "message": "in call"
          },
          {
            "path": ".venv\\Lib\\site-packages\\plac_core.py",
            "lineno": 189,
            "message": "in parser_from"
          },
          {
            "path": ".venv\\Lib\\site-packages\\plac_core.py",
            "lineno": 345,
            "message": "in populate_from"
          },
          {
            "path": ".venv\\Lib\\site-packages\\plac_core.py",
            "lineno": 143,
            "message": "in from_"
          },
          {
            "path": ".venv\\Lib\\site-packages\\plac_core.py",
            "lineno": 126,
            "message": "AssertionError"
          }
        ],
        "longrepr": "def test_main():\n        # Capture stdout\n        stdout = io.StringIO()\n        sys.stdout = stdout\n        try:\n>           plac.call(main, [\"--help\"])\n\ntests\\test_cli.py:20: \n_ _ _ _ _ _ _ _ _ _ _ _ _ _ _ _ _ _ _ _ _ _ _ _ _ _ _ _ _ _ _ _ _ _ _ _ _ _ _ _\n.venv\\Lib\\site-packages\\plac_core.py:432: in call\n    parser = parser_from(obj)\n.venv\\Lib\\site-packages\\plac_core.py:189: in parser_from\n    parser.populate_from(obj)\n.venv\\Lib\\site-packages\\plac_core.py:345: in populate_from\n    a = Annotation.from_(ann)\n.venv\\Lib\\site-packages\\plac_core.py:143: in from_\n    return cls(*obj)\n_ _ _ _ _ _ _ _ _ _ _ _ _ _ _ _ _ _ _ _ _ _ _ _ _ _ _ _ _ _ _ _ _ _ _ _ _ _ _ _\n\nself = <plac_core.Annotation object at 0x000001BF05016D80>\nhelp = 'Input source', kind = <class 'str'>, abbrev = None, type = None\nchoices = None, metavar = None\n\n    def __init__(self, help=None, kind=\"positional\", abbrev=None, type=None,\n                 choices=None, metavar=None):\n>       assert kind in ('positional', 'option', 'flag'), kind\nE       AssertionError: <class 'str'>\n\n.venv\\Lib\\site-packages\\plac_core.py:126: AssertionError"
      },
      "teardown": {
        "outcome": "passed"
      }
    },
    {
      "nodeid": "tests/test_cli.py::test_scan",
      "lineno": 26,
      "outcome": "failed",
      "keywords": [
        "test_scan",
        "test_cli.py",
        "tests",
        "chrispappalardo@eparse__6f799d21__click__plac",
        ""
      ],
      "setup": {
        "outcome": "passed"
      },
      "call": {
        "outcome": "failed",
        "crash": {
          "path": "C:\\Users\\Mohay\\AppData\\Local\\Programs\\Python\\Python312\\Lib\\argparse.py",
          "lineno": 2652,
          "message": "SystemExit: 2"
        },
        "traceback": [
          {
            "path": "tests\\test_cli.py",
            "lineno": 31,
            "message": ""
          },
          {
            "path": ".venv\\Lib\\site-packages\\plac_core.py",
            "lineno": 436,
            "message": "in call"
          },
          {
            "path": ".venv\\Lib\\site-packages\\plac_core.py",
            "lineno": 262,
            "message": "in consume"
          },
          {
            "path": "C:\\Users\\Mohay\\AppData\\Local\\Programs\\Python\\Python312\\Lib\\argparse.py",
            "lineno": 1899,
            "message": "in parse_args"
          },
          {
            "path": "C:\\Users\\Mohay\\AppData\\Local\\Programs\\Python\\Python312\\Lib\\argparse.py",
            "lineno": 2665,
            "message": "in error"
          },
          {
            "path": "C:\\Users\\Mohay\\AppData\\Local\\Programs\\Python\\Python312\\Lib\\argparse.py",
            "lineno": 2652,
            "message": "SystemExit"
          }
        ],
        "stderr": "usage: __main__.py [-h]\n__main__.py: error: unrecognized arguments: -f tests/ scan\n",
        "longrepr": "def test_scan():\n        stdout = io.StringIO()\n        sys.stdout = stdout\n        try:\n>           plac.call(main, [\"-f\", \"tests/\", \"scan\"])\n\ntests\\test_cli.py:31: \n_ _ _ _ _ _ _ _ _ _ _ _ _ _ _ _ _ _ _ _ _ _ _ _ _ _ _ _ _ _ _ _ _ _ _ _ _ _ _ _\n.venv\\Lib\\site-packages\\plac_core.py:436: in call\n    cmd, result = parser.consume(arglist)\n.venv\\Lib\\site-packages\\plac_core.py:262: in consume\n    ns, extraopts = self.parse_args(arglist), []  # may raise an exit\nC:\\Users\\Mohay\\AppData\\Local\\Programs\\Python\\Python312\\Lib\\argparse.py:1899: in parse_args\n    self.error(msg % ' '.join(argv))\nC:\\Users\\Mohay\\AppData\\Local\\Programs\\Python\\Python312\\Lib\\argparse.py:2665: in error\n    self.exit(2, _('%(prog)s: error: %(message)s\\n') % args)\n_ _ _ _ _ _ _ _ _ _ _ _ _ _ _ _ _ _ _ _ _ _ _ _ _ _ _ _ _ _ _ _ _ _ _ _ _ _ _ _\n\nself = ArgumentParser(prog='__main__.py', usage=None, description='\\nexcel parser', formatter_class=<class 'argparse.RawDescriptionHelpFormatter'>, conflict_handler='error', add_help=True)\nstatus = 2\nmessage = '__main__.py: error: unrecognized arguments: -f tests/ scan\\n'\n\n    def exit(self, status=0, message=None):\n        if message:\n            self._print_message(message, _sys.stderr)\n>       _sys.exit(status)\nE       SystemExit: 2\n\nC:\\Users\\Mohay\\AppData\\Local\\Programs\\Python\\Python312\\Lib\\argparse.py:2652: SystemExit"
      },
      "teardown": {
        "outcome": "passed"
      }
    },
    {
      "nodeid": "tests/test_cli.py::test_parse",
      "lineno": 37,
      "outcome": "failed",
      "keywords": [
        "test_parse",
        "test_cli.py",
        "tests",
        "chrispappalardo@eparse__6f799d21__click__plac",
        ""
      ],
      "setup": {
        "outcome": "passed"
      },
      "call": {
        "outcome": "failed",
        "crash": {
          "path": "C:\\Users\\Mohay\\AppData\\Local\\Programs\\Python\\Python312\\Lib\\argparse.py",
          "lineno": 2652,
          "message": "SystemExit: 2"
        },
        "traceback": [
          {
            "path": "tests\\test_cli.py",
            "lineno": 42,
            "message": ""
          },
          {
            "path": ".venv\\Lib\\site-packages\\plac_core.py",
            "lineno": 436,
            "message": "in call"
          },
          {
            "path": ".venv\\Lib\\site-packages\\plac_core.py",
            "lineno": 262,
            "message": "in consume"
          },
          {
            "path": "C:\\Users\\Mohay\\AppData\\Local\\Programs\\Python\\Python312\\Lib\\argparse.py",
            "lineno": 1899,
            "message": "in parse_args"
          },
          {
            "path": "C:\\Users\\Mohay\\AppData\\Local\\Programs\\Python\\Python312\\Lib\\argparse.py",
            "lineno": 2665,
            "message": "in error"
          },
          {
            "path": "C:\\Users\\Mohay\\AppData\\Local\\Programs\\Python\\Python312\\Lib\\argparse.py",
            "lineno": 2652,
            "message": "SystemExit"
          }
        ],
        "stderr": "usage: __main__.py [-h]\n__main__.py: error: unrecognized arguments: -f tests/ parse\n",
        "longrepr": "def test_parse():\n        stdout = io.StringIO()\n        sys.stdout = stdout\n        try:\n>           plac.call(main, [\"-f\", \"tests/\", \"parse\"])\n\ntests\\test_cli.py:42: \n_ _ _ _ _ _ _ _ _ _ _ _ _ _ _ _ _ _ _ _ _ _ _ _ _ _ _ _ _ _ _ _ _ _ _ _ _ _ _ _\n.venv\\Lib\\site-packages\\plac_core.py:436: in call\n    cmd, result = parser.consume(arglist)\n.venv\\Lib\\site-packages\\plac_core.py:262: in consume\n    ns, extraopts = self.parse_args(arglist), []  # may raise an exit\nC:\\Users\\Mohay\\AppData\\Local\\Programs\\Python\\Python312\\Lib\\argparse.py:1899: in parse_args\n    self.error(msg % ' '.join(argv))\nC:\\Users\\Mohay\\AppData\\Local\\Programs\\Python\\Python312\\Lib\\argparse.py:2665: in error\n    self.exit(2, _('%(prog)s: error: %(message)s\\n') % args)\n_ _ _ _ _ _ _ _ _ _ _ _ _ _ _ _ _ _ _ _ _ _ _ _ _ _ _ _ _ _ _ _ _ _ _ _ _ _ _ _\n\nself = ArgumentParser(prog='__main__.py', usage=None, description='\\nexcel parser', formatter_class=<class 'argparse.RawDescriptionHelpFormatter'>, conflict_handler='error', add_help=True)\nstatus = 2\nmessage = '__main__.py: error: unrecognized arguments: -f tests/ parse\\n'\n\n    def exit(self, status=0, message=None):\n        if message:\n            self._print_message(message, _sys.stderr)\n>       _sys.exit(status)\nE       SystemExit: 2\n\nC:\\Users\\Mohay\\AppData\\Local\\Programs\\Python\\Python312\\Lib\\argparse.py:2652: SystemExit"
      },
      "teardown": {
        "outcome": "passed"
      }
    },
    {
      "nodeid": "tests/test_cli.py::test_query",
      "lineno": 48,
      "outcome": "failed",
      "keywords": [
        "test_query",
        "test_cli.py",
        "tests",
        "chrispappalardo@eparse__6f799d21__click__plac",
        ""
      ],
      "setup": {
        "outcome": "passed"
      },
      "call": {
        "outcome": "failed",
        "crash": {
          "path": "C:\\Users\\Mohay\\AppData\\Local\\Programs\\Python\\Python312\\Lib\\argparse.py",
          "lineno": 2652,
          "message": "SystemExit: 2"
        },
        "traceback": [
          {
            "path": "tests\\test_cli.py",
            "lineno": 53,
            "message": ""
          },
          {
            "path": ".venv\\Lib\\site-packages\\plac_core.py",
            "lineno": 436,
            "message": "in call"
          },
          {
            "path": ".venv\\Lib\\site-packages\\plac_core.py",
            "lineno": 262,
            "message": "in consume"
          },
          {
            "path": "C:\\Users\\Mohay\\AppData\\Local\\Programs\\Python\\Python312\\Lib\\argparse.py",
            "lineno": 1899,
            "message": "in parse_args"
          },
          {
            "path": "C:\\Users\\Mohay\\AppData\\Local\\Programs\\Python\\Python312\\Lib\\argparse.py",
            "lineno": 2665,
            "message": "in error"
          },
          {
            "path": "C:\\Users\\Mohay\\AppData\\Local\\Programs\\Python\\Python312\\Lib\\argparse.py",
            "lineno": 2652,
            "message": "SystemExit"
          }
        ],
        "stderr": "usage: __main__.py [-h]\n__main__.py: error: unrecognized arguments: -i sqlite3:///tests/test.db query\n",
        "longrepr": "def test_query():\n        stdout = io.StringIO()\n        sys.stdout = stdout\n        try:\n>           plac.call(main, [\"-i\", \"sqlite3:///tests/test.db\", \"query\"])\n\ntests\\test_cli.py:53: \n_ _ _ _ _ _ _ _ _ _ _ _ _ _ _ _ _ _ _ _ _ _ _ _ _ _ _ _ _ _ _ _ _ _ _ _ _ _ _ _\n.venv\\Lib\\site-packages\\plac_core.py:436: in call\n    cmd, result = parser.consume(arglist)\n.venv\\Lib\\site-packages\\plac_core.py:262: in consume\n    ns, extraopts = self.parse_args(arglist), []  # may raise an exit\nC:\\Users\\Mohay\\AppData\\Local\\Programs\\Python\\Python312\\Lib\\argparse.py:1899: in parse_args\n    self.error(msg % ' '.join(argv))\nC:\\Users\\Mohay\\AppData\\Local\\Programs\\Python\\Python312\\Lib\\argparse.py:2665: in error\n    self.exit(2, _('%(prog)s: error: %(message)s\\n') % args)\n_ _ _ _ _ _ _ _ _ _ _ _ _ _ _ _ _ _ _ _ _ _ _ _ _ _ _ _ _ _ _ _ _ _ _ _ _ _ _ _\n\nself = ArgumentParser(prog='__main__.py', usage=None, description='\\nexcel parser', formatter_class=<class 'argparse.RawDescriptionHelpFormatter'>, conflict_handler='error', add_help=True)\nstatus = 2\nmessage = '__main__.py: error: unrecognized arguments: -i sqlite3:///tests/test.db query\\n'\n\n    def exit(self, status=0, message=None):\n        if message:\n            self._print_message(message, _sys.stderr)\n>       _sys.exit(status)\nE       SystemExit: 2\n\nC:\\Users\\Mohay\\AppData\\Local\\Programs\\Python\\Python312\\Lib\\argparse.py:2652: SystemExit"
      },
      "teardown": {
        "outcome": "passed"
      }
    },
    {
      "nodeid": "tests/test_cli.py::test_migrate",
      "lineno": 59,
      "outcome": "failed",
      "keywords": [
        "test_migrate",
        "test_cli.py",
        "tests",
        "chrispappalardo@eparse__6f799d21__click__plac",
        ""
      ],
      "setup": {
        "outcome": "passed"
      },
      "call": {
        "outcome": "failed",
        "crash": {
          "path": "C:\\Users\\Mohay\\AppData\\Local\\Programs\\Python\\Python312\\Lib\\argparse.py",
          "lineno": 2652,
          "message": "SystemExit: 2"
        },
        "traceback": [
          {
            "path": "tests\\test_cli.py",
            "lineno": 64,
            "message": ""
          },
          {
            "path": ".venv\\Lib\\site-packages\\plac_core.py",
            "lineno": 436,
            "message": "in call"
          },
          {
            "path": ".venv\\Lib\\site-packages\\plac_core.py",
            "lineno": 262,
            "message": "in consume"
          },
          {
            "path": "C:\\Users\\Mohay\\AppData\\Local\\Programs\\Python\\Python312\\Lib\\argparse.py",
            "lineno": 1899,
            "message": "in parse_args"
          },
          {
            "path": "C:\\Users\\Mohay\\AppData\\Local\\Programs\\Python\\Python312\\Lib\\argparse.py",
            "lineno": 2665,
            "message": "in error"
          },
          {
            "path": "C:\\Users\\Mohay\\AppData\\Local\\Programs\\Python\\Python312\\Lib\\argparse.py",
            "lineno": 2652,
            "message": "SystemExit"
          }
        ],
        "stderr": "usage: __main__.py [-h]\n__main__.py: error: unrecognized arguments: -i sqlite3:///tests/test.db migrate -m migration_000102_000200\n",
        "longrepr": "def test_migrate():\n        stdout = io.StringIO()\n        sys.stdout = stdout\n        try:\n>           result = plac.call(\n                main,\n                [\"-i\", \"sqlite3:///tests/test.db\", \"migrate\", \"-m\", \"migration_000102_000200\"]\n            )\n\ntests\\test_cli.py:64: \n_ _ _ _ _ _ _ _ _ _ _ _ _ _ _ _ _ _ _ _ _ _ _ _ _ _ _ _ _ _ _ _ _ _ _ _ _ _ _ _\n.venv\\Lib\\site-packages\\plac_core.py:436: in call\n    cmd, result = parser.consume(arglist)\n.venv\\Lib\\site-packages\\plac_core.py:262: in consume\n    ns, extraopts = self.parse_args(arglist), []  # may raise an exit\nC:\\Users\\Mohay\\AppData\\Local\\Programs\\Python\\Python312\\Lib\\argparse.py:1899: in parse_args\n    self.error(msg % ' '.join(argv))\nC:\\Users\\Mohay\\AppData\\Local\\Programs\\Python\\Python312\\Lib\\argparse.py:2665: in error\n    self.exit(2, _('%(prog)s: error: %(message)s\\n') % args)\n_ _ _ _ _ _ _ _ _ _ _ _ _ _ _ _ _ _ _ _ _ _ _ _ _ _ _ _ _ _ _ _ _ _ _ _ _ _ _ _\n\nself = ArgumentParser(prog='__main__.py', usage=None, description='\\nexcel parser', formatter_class=<class 'argparse.RawDescriptionHelpFormatter'>, conflict_handler='error', add_help=True)\nstatus = 2\nmessage = '__main__.py: error: unrecognized arguments: -i sqlite3:///tests/test.db migrate -m migration_000102_000200\\n'\n\n    def exit(self, status=0, message=None):\n        if message:\n            self._print_message(message, _sys.stderr)\n>       _sys.exit(status)\nE       SystemExit: 2\n\nC:\\Users\\Mohay\\AppData\\Local\\Programs\\Python\\Python312\\Lib\\argparse.py:2652: SystemExit"
      },
      "teardown": {
        "outcome": "passed"
      }
    },
    {
      "nodeid": "tests/test_cli.py::test_outputs",
      "lineno": 74,
      "outcome": "failed",
      "keywords": [
        "test_outputs",
        "test_cli.py",
        "tests",
        "chrispappalardo@eparse__6f799d21__click__plac",
        ""
      ],
      "setup": {
        "outcome": "passed"
      },
      "call": {
        "outcome": "failed",
        "crash": {
          "path": "C:\\Users\\Mohay\\AppData\\Local\\Programs\\Python\\Python312\\Lib\\argparse.py",
          "lineno": 2652,
          "message": "SystemExit: 2"
        },
        "traceback": [
          {
            "path": "tests\\test_cli.py",
            "lineno": 79,
            "message": ""
          },
          {
            "path": ".venv\\Lib\\site-packages\\plac_core.py",
            "lineno": 436,
            "message": "in call"
          },
          {
            "path": ".venv\\Lib\\site-packages\\plac_core.py",
            "lineno": 262,
            "message": "in consume"
          },
          {
            "path": "C:\\Users\\Mohay\\AppData\\Local\\Programs\\Python\\Python312\\Lib\\argparse.py",
            "lineno": 1899,
            "message": "in parse_args"
          },
          {
            "path": "C:\\Users\\Mohay\\AppData\\Local\\Programs\\Python\\Python312\\Lib\\argparse.py",
            "lineno": 2665,
            "message": "in error"
          },
          {
            "path": "C:\\Users\\Mohay\\AppData\\Local\\Programs\\Python\\Python312\\Lib\\argparse.py",
            "lineno": 2652,
            "message": "SystemExit"
          }
        ],
        "stderr": "usage: __main__.py [-h]\n__main__.py: error: unrecognized arguments: -o null:/// scan\n",
        "longrepr": "def test_outputs():\n        stdout = io.StringIO()\n        sys.stdout = stdout\n        try:\n>           plac.call(main, [\"-o\", \"null:///\", \"scan\"])\n\ntests\\test_cli.py:79: \n_ _ _ _ _ _ _ _ _ _ _ _ _ _ _ _ _ _ _ _ _ _ _ _ _ _ _ _ _ _ _ _ _ _ _ _ _ _ _ _\n.venv\\Lib\\site-packages\\plac_core.py:436: in call\n    cmd, result = parser.consume(arglist)\n.venv\\Lib\\site-packages\\plac_core.py:262: in consume\n    ns, extraopts = self.parse_args(arglist), []  # may raise an exit\nC:\\Users\\Mohay\\AppData\\Local\\Programs\\Python\\Python312\\Lib\\argparse.py:1899: in parse_args\n    self.error(msg % ' '.join(argv))\nC:\\Users\\Mohay\\AppData\\Local\\Programs\\Python\\Python312\\Lib\\argparse.py:2665: in error\n    self.exit(2, _('%(prog)s: error: %(message)s\\n') % args)\n_ _ _ _ _ _ _ _ _ _ _ _ _ _ _ _ _ _ _ _ _ _ _ _ _ _ _ _ _ _ _ _ _ _ _ _ _ _ _ _\n\nself = ArgumentParser(prog='__main__.py', usage=None, description='\\nexcel parser', formatter_class=<class 'argparse.RawDescriptionHelpFormatter'>, conflict_handler='error', add_help=True)\nstatus = 2\nmessage = '__main__.py: error: unrecognized arguments: -o null:/// scan\\n'\n\n    def exit(self, status=0, message=None):\n        if message:\n            self._print_message(message, _sys.stderr)\n>       _sys.exit(status)\nE       SystemExit: 2\n\nC:\\Users\\Mohay\\AppData\\Local\\Programs\\Python\\Python312\\Lib\\argparse.py:2652: SystemExit"
      },
      "teardown": {
        "outcome": "passed"
      }
    },
    {
      "nodeid": "tests/test_core.py::test_df_find_tables",
      "lineno": 19,
      "outcome": "passed",
      "keywords": [
        "test_df_find_tables",
        "test_core.py",
        "tests",
        "chrispappalardo@eparse__6f799d21__click__plac",
        ""
      ],
      "setup": {
        "outcome": "passed"
      },
      "call": {
        "outcome": "passed"
      },
      "teardown": {
        "outcome": "passed"
      }
    },
    {
      "nodeid": "tests/test_core.py::test_df_find_tables_loose",
      "lineno": 25,
      "outcome": "passed",
      "keywords": [
        "test_df_find_tables_loose",
        "test_core.py",
        "tests",
        "chrispappalardo@eparse__6f799d21__click__plac",
        ""
      ],
      "setup": {
        "outcome": "passed"
      },
      "call": {
        "outcome": "passed"
      },
      "teardown": {
        "outcome": "passed"
      }
    },
    {
      "nodeid": "tests/test_core.py::test_df_parse_table",
      "lineno": 32,
      "outcome": "passed",
      "keywords": [
        "test_df_parse_table",
        "test_core.py",
        "tests",
        "chrispappalardo@eparse__6f799d21__click__plac",
        ""
      ],
      "setup": {
        "outcome": "passed"
      },
      "call": {
        "outcome": "passed"
      },
      "teardown": {
        "outcome": "passed"
      }
    },
    {
      "nodeid": "tests/test_core.py::test_df_parse_table_na_tolerance",
      "lineno": 38,
      "outcome": "passed",
      "keywords": [
        "test_df_parse_table_na_tolerance",
        "test_core.py",
        "tests",
        "chrispappalardo@eparse__6f799d21__click__plac",
        ""
      ],
      "setup": {
        "outcome": "passed"
      },
      "call": {
        "outcome": "passed"
      },
      "teardown": {
        "outcome": "passed"
      }
    },
    {
      "nodeid": "tests/test_core.py::test_df_serialize_table",
      "lineno": 52,
      "outcome": "passed",
      "keywords": [
        "test_df_serialize_table",
        "test_core.py",
        "tests",
        "chrispappalardo@eparse__6f799d21__click__plac",
        ""
      ],
      "setup": {
        "outcome": "passed"
      },
      "call": {
        "outcome": "passed"
      },
      "teardown": {
        "outcome": "passed"
      }
    },
    {
      "nodeid": "tests/test_core.py::test_get_df_from_file",
      "lineno": 60,
      "outcome": "passed",
      "keywords": [
        "test_get_df_from_file",
        "test_core.py",
        "tests",
        "chrispappalardo@eparse__6f799d21__click__plac",
        ""
      ],
      "setup": {
        "outcome": "passed"
      },
      "call": {
        "outcome": "passed"
      },
      "teardown": {
        "outcome": "passed"
      }
    },
    {
      "nodeid": "tests/test_core.py::test_get_table_digest",
      "lineno": 70,
      "outcome": "passed",
      "keywords": [
        "test_get_table_digest",
        "test_core.py",
        "tests",
        "chrispappalardo@eparse__6f799d21__click__plac",
        ""
      ],
      "setup": {
        "outcome": "passed"
      },
      "call": {
        "outcome": "passed"
      },
      "teardown": {
        "outcome": "passed"
      }
    },
    {
      "nodeid": "tests/test_core.py::test_html_to_df_and_serialized_data",
      "lineno": 82,
      "outcome": "passed",
      "keywords": [
        "test_html_to_df_and_serialized_data",
        "test_core.py",
        "tests",
        "chrispappalardo@eparse__6f799d21__click__plac",
        ""
      ],
      "setup": {
        "outcome": "passed"
      },
      "call": {
        "outcome": "passed"
      },
      "teardown": {
        "outcome": "passed"
      }
    },
    {
      "nodeid": "tests/test_interfaces.py::test_sqlite3_db",
      "lineno": 21,
      "outcome": "passed",
      "keywords": [
        "test_sqlite3_db",
        "test_interfaces.py",
        "tests",
        "chrispappalardo@eparse__6f799d21__click__plac",
        ""
      ],
      "setup": {
        "outcome": "passed"
      },
      "call": {
        "outcome": "passed"
      },
      "teardown": {
        "outcome": "passed"
      }
    },
    {
      "nodeid": "tests/test_interfaces.py::test_ExcelParse_model",
      "lineno": 27,
      "outcome": "passed",
      "keywords": [
        "test_ExcelParse_model",
        "test_interfaces.py",
        "tests",
        "chrispappalardo@eparse__6f799d21__click__plac",
        ""
      ],
      "setup": {
        "outcome": "passed"
      },
      "call": {
        "outcome": "passed"
      },
      "teardown": {
        "outcome": "passed"
      }
    },
    {
      "nodeid": "tests/test_interfaces.py::test_null_interface",
      "lineno": 32,
      "outcome": "passed",
      "keywords": [
        "test_null_interface",
        "test_interfaces.py",
        "tests",
        "chrispappalardo@eparse__6f799d21__click__plac",
        ""
      ],
      "setup": {
        "outcome": "passed"
      },
      "call": {
        "outcome": "passed"
      },
      "teardown": {
        "outcome": "passed"
      }
    },
    {
      "nodeid": "tests/test_interfaces.py::test_stdout_interface",
      "lineno": 39,
      "outcome": "passed",
      "keywords": [
        "test_stdout_interface",
        "test_interfaces.py",
        "tests",
        "chrispappalardo@eparse__6f799d21__click__plac",
        ""
      ],
      "setup": {
        "outcome": "passed"
      },
      "call": {
        "outcome": "passed",
        "stdout": "{'foo': 1}\n"
      },
      "teardown": {
        "outcome": "passed"
      }
    },
    {
      "nodeid": "tests/test_interfaces.py::test_sqlite3_interface",
      "lineno": 46,
      "outcome": "passed",
      "keywords": [
        "test_sqlite3_interface",
        "test_interfaces.py",
        "tests",
        "chrispappalardo@eparse__6f799d21__click__plac",
        ""
      ],
      "setup": {
        "outcome": "passed"
      },
      "call": {
        "outcome": "passed"
      },
      "teardown": {
        "outcome": "passed"
      }
    },
    {
      "nodeid": "tests/test_interfaces.py::test_html_interface",
      "lineno": 55,
      "outcome": "passed",
      "keywords": [
        "test_html_interface",
        "test_interfaces.py",
        "tests",
        "chrispappalardo@eparse__6f799d21__click__plac",
        ""
      ],
      "setup": {
        "outcome": "passed"
      },
      "call": {
        "outcome": "passed"
      },
      "teardown": {
        "outcome": "passed"
      }
    },
    {
      "nodeid": "tests/test_interfaces.py::test_parse_uri",
      "lineno": 66,
      "outcome": "passed",
      "keywords": [
        "test_parse_uri",
        "test_interfaces.py",
        "tests",
        "chrispappalardo@eparse__6f799d21__click__plac",
        ""
      ],
      "setup": {
        "outcome": "passed"
      },
      "call": {
        "outcome": "passed"
      },
      "teardown": {
        "outcome": "passed"
      }
    }
  ],
  "warnings": [
    {
      "message": "datetime.datetime.utcnow() is deprecated and scheduled for removal in a future version. Use timezone-aware objects to represent datetimes in UTC: datetime.datetime.now(datetime.UTC).",
      "category": "DeprecationWarning",
      "when": "runtest",
      "filename": "D:\\repos\\chrispappalardo@eparse__6f799d21__click__plac\\.venv\\Lib\\site-packages\\peewee.py",
      "lineno": 6432
    },
    {
      "message": "datetime.datetime.utcnow() is deprecated and scheduled for removal in a future version. Use timezone-aware objects to represent datetimes in UTC: datetime.datetime.now(datetime.UTC).",
      "category": "DeprecationWarning",
      "when": "runtest",
      "filename": "D:\\repos\\chrispappalardo@eparse__6f799d21__click__plac\\.venv\\Lib\\site-packages\\peewee.py",
      "lineno": 6432
    },
    {
      "message": "datetime.datetime.utcnow() is deprecated and scheduled for removal in a future version. Use timezone-aware objects to represent datetimes in UTC: datetime.datetime.now(datetime.UTC).",
      "category": "DeprecationWarning",
      "when": "runtest",
      "filename": "D:\\repos\\chrispappalardo@eparse__6f799d21__click__plac\\.venv\\Lib\\site-packages\\peewee.py",
      "lineno": 2844
    },
    {
      "message": "datetime.datetime.utcnow() is deprecated and scheduled for removal in a future version. Use timezone-aware objects to represent datetimes in UTC: datetime.datetime.now(datetime.UTC).",
      "category": "DeprecationWarning",
      "when": "runtest",
      "filename": "D:\\repos\\chrispappalardo@eparse__6f799d21__click__plac\\.venv\\Lib\\site-packages\\peewee.py",
      "lineno": 2844
    }
  ]
}