{
  "exitcode": 1,
  "summary": {
    "passed": 13,
    "failed": 1,
    "total": 14,
    "collected": 14
  },
  "collectors": [
    {
      "nodeid": "",
      "outcome": "passed",
      "result": [
        {
          "nodeid": ".",
          "type": "Dir"
        }
      ]
    },
    {
      "nodeid": "docs",
      "outcome": "passed",
      "result": []
    },
    {
      "nodeid": "snapchat_dl",
      "outcome": "passed",
      "result": []
    },
    {
      "nodeid": "snapchat_dl.egg-info",
      "outcome": "passed",
      "result": []
    },
    {
      "nodeid": "tests/mock_data/23",
      "outcome": "passed",
      "result": []
    },
    {
      "nodeid": "tests/mock_data/user.1name",
      "outcome": "passed",
      "result": []
    },
    {
      "nodeid": "tests/mock_data/user1",
      "outcome": "passed",
      "result": []
    },
    {
      "nodeid": "tests/mock_data",
      "outcome": "passed",
      "result": [
        {
          "nodeid": "tests/mock_data/23",
          "type": "Dir"
        },
        {
          "nodeid": "tests/mock_data/user.1name",
          "type": "Dir"
        },
        {
          "nodeid": "tests/mock_data/user1",
          "type": "Dir"
        }
      ]
    },
    {
      "nodeid": "tests/test_downlaoder.py::Test_downloader",
      "outcome": "passed",
      "result": [
        {
          "nodeid": "tests/test_downlaoder.py::Test_downloader::test_download_url",
          "type": "TestCaseFunction",
          "lineno": 25
        },
        {
          "nodeid": "tests/test_downlaoder.py::Test_downloader::test_download_url_raise",
          "type": "TestCaseFunction",
          "lineno": 34
        },
        {
          "nodeid": "tests/test_downlaoder.py::Test_downloader::test_empty_download",
          "type": "TestCaseFunction",
          "lineno": 29
        }
      ]
    },
    {
      "nodeid": "tests/test_downlaoder.py",
      "outcome": "passed",
      "result": [
        {
          "nodeid": "tests/test_downlaoder.py::Test_downloader",
          "type": "UnitTestCase"
        }
      ]
    },
    {
      "nodeid": "tests/test_snapchat_dl.py::TestSnapchat_dl",
      "outcome": "passed",
      "result": [
        {
          "nodeid": "tests/test_snapchat_dl.py::TestSnapchat_dl::test_api_error",
          "type": "TestCaseFunction",
          "lineno": 53
        },
        {
          "nodeid": "tests/test_snapchat_dl.py::TestSnapchat_dl::test_class_init",
          "type": "TestCaseFunction",
          "lineno": 44
        },
        {
          "nodeid": "tests/test_snapchat_dl.py::TestSnapchat_dl::test_get_stories",
          "type": "TestCaseFunction",
          "lineno": 60
        },
        {
          "nodeid": "tests/test_snapchat_dl.py::TestSnapchat_dl::test_invalid_username",
          "type": "TestCaseFunction",
          "lineno": 48
        },
        {
          "nodeid": "tests/test_snapchat_dl.py::TestSnapchat_dl::test_no_stories",
          "type": "TestCaseFunction",
          "lineno": 66
        }
      ]
    },
    {
      "nodeid": "tests/test_snapchat_dl.py",
      "outcome": "passed",
      "result": [
        {
          "nodeid": "tests/test_snapchat_dl.py::TestSnapchat_dl",
          "type": "UnitTestCase"
        }
      ]
    },
    {
      "nodeid": "tests/test_utils.py::Test_utils",
      "outcome": "passed",
      "result": [
        {
          "nodeid": "tests/test_utils.py::Test_utils::test_search_usernames",
          "type": "TestCaseFunction",
          "lineno": 26
        },
        {
          "nodeid": "tests/test_utils.py::Test_utils::test_strf_time",
          "type": "TestCaseFunction",
          "lineno": 19
        },
        {
          "nodeid": "tests/test_utils.py::Test_utils::test_use_batch_file",
          "type": "TestCaseFunction",
          "lineno": 38
        },
        {
          "nodeid": "tests/test_utils.py::Test_utils::test_use_batch_file_err",
          "type": "TestCaseFunction",
          "lineno": 43
        },
        {
          "nodeid": "tests/test_utils.py::Test_utils::test_use_prefix_dir",
          "type": "TestCaseFunction",
          "lineno": 48
        },
        {
          "nodeid": "tests/test_utils.py::Test_utils::test_valid_username",
          "type": "TestCaseFunction",
          "lineno": 15
        }
      ]
    },
    {
      "nodeid": "tests/test_utils.py",
      "outcome": "passed",
      "result": [
        {
          "nodeid": "tests/test_utils.py::Test_utils",
          "type": "UnitTestCase"
        }
      ]
    },
    {
      "nodeid": "tests",
      "outcome": "passed",
      "result": [
        {
          "nodeid": "tests/mock_data",
          "type": "Dir"
        },
        {
          "nodeid": "tests/test_downlaoder.py",
          "type": "Module"
        },
        {
          "nodeid": "tests/test_snapchat_dl.py",
          "type": "Module"
        },
        {
          "nodeid": "tests/test_utils.py",
          "type": "Module"
        }
      ]
    },
    {
      "nodeid": ".",
      "outcome": "passed",
      "result": [
        {
          "nodeid": "docs",
          "type": "Dir"
        },
        {
          "nodeid": "snapchat_dl",
          "type": "Package"
        },
        {
          "nodeid": "snapchat_dl.egg-info",
          "type": "Dir"
        },
        {
          "nodeid": "tests",
          "type": "Package"
        }
      ]
    }
  ],
  "tests": [
    {
      "nodeid": "tests/test_downlaoder.py::Test_downloader::test_download_url",
      "lineno": 25,
      "outcome": "passed",
      "keywords": [
        "test_download_url",
        "Test_downloader",
        "test_downlaoder.py",
        "tests",
        "skyme5@snapchat-dl__9b382d01__requests__aiohttp",
        ""
      ],
      "setup": {
        "outcome": "passed"
      },
      "call": {
        "outcome": "passed"
      },
      "teardown": {
        "outcome": "passed"
      }
    },
    {
      "nodeid": "tests/test_downlaoder.py::Test_downloader::test_download_url_raise",
      "lineno": 34,
      "outcome": "failed",
      "keywords": [
        "test_download_url_raise",
        "Test_downloader",
        "test_downlaoder.py",
        "tests",
        "skyme5@snapchat-dl__9b382d01__requests__aiohttp",
        ""
      ],
      "setup": {
        "outcome": "passed"
      },
      "call": {
        "outcome": "failed",
        "crash": {
          "path": "C:\\Users\\Mohay\\AppData\\Local\\Programs\\Python\\Python312\\Lib\\unittest\\case.py",
          "lineno": 200,
          "message": "AssertionError: ClientResponseError not raised"
        },
        "traceback": [
          {
            "path": "tests\\test_downlaoder.py",
            "lineno": 37,
            "message": "AssertionError"
          }
        ],
        "longrepr": "self = <tests.test_downlaoder.Test_downloader testMethod=test_download_url_raise>\n\n    def test_download_url_raise(self):\n        \"\"\"Test snapchat_dl download_url with invalid url.\"\"\"\n>       with self.assertRaises(ClientResponseError):  # Updated exception\nE       AssertionError: ClientResponseError not raised\n\ntests\\test_downlaoder.py:37: AssertionError"
      },
      "teardown": {
        "outcome": "passed"
      }
    },
    {
      "nodeid": "tests/test_downlaoder.py::Test_downloader::test_empty_download",
      "lineno": 29,
      "outcome": "passed",
      "keywords": [
        "test_empty_download",
        "Test_downloader",
        "test_downlaoder.py",
        "tests",
        "skyme5@snapchat-dl__9b382d01__requests__aiohttp",
        ""
      ],
      "setup": {
        "outcome": "passed"
      },
      "call": {
        "outcome": "passed"
      },
      "teardown": {
        "outcome": "passed"
      }
    },
    {
      "nodeid": "tests/test_snapchat_dl.py::TestSnapchat_dl::test_api_error",
      "lineno": 53,
      "outcome": "passed",
      "keywords": [
        "test_api_error",
        "__wrapped__",
        "patchings",
        "TestSnapchat_dl",
        "test_snapchat_dl.py",
        "tests",
        "skyme5@snapchat-dl__9b382d01__requests__aiohttp",
        ""
      ],
      "setup": {
        "outcome": "passed"
      },
      "call": {
        "outcome": "passed"
      },
      "teardown": {
        "outcome": "passed"
      }
    },
    {
      "nodeid": "tests/test_snapchat_dl.py::TestSnapchat_dl::test_class_init",
      "lineno": 44,
      "outcome": "passed",
      "keywords": [
        "test_class_init",
        "TestSnapchat_dl",
        "test_snapchat_dl.py",
        "tests",
        "skyme5@snapchat-dl__9b382d01__requests__aiohttp",
        ""
      ],
      "setup": {
        "outcome": "passed"
      },
      "call": {
        "outcome": "passed"
      },
      "teardown": {
        "outcome": "passed"
      }
    },
    {
      "nodeid": "tests/test_snapchat_dl.py::TestSnapchat_dl::test_get_stories",
      "lineno": 60,
      "outcome": "passed",
      "keywords": [
        "test_get_stories",
        "__wrapped__",
        "patchings",
        "TestSnapchat_dl",
        "test_snapchat_dl.py",
        "tests",
        "skyme5@snapchat-dl__9b382d01__requests__aiohttp",
        ""
      ],
      "setup": {
        "outcome": "passed"
      },
      "call": {
        "outcome": "passed",
        "stderr": "2025-04-22 16:44:44.845 | INFO     | snapchat_dl.snapchat_dl:download:120 - [+] invalidusername has 4 stories\n2025-04-22 16:44:44.870 | INFO     | snapchat_dl.snapchat_dl:download:151 - [\u2714] invalidusername stories downloaded\n"
      },
      "teardown": {
        "outcome": "passed"
      }
    },
    {
      "nodeid": "tests/test_snapchat_dl.py::TestSnapchat_dl::test_invalid_username",
      "lineno": 48,
      "outcome": "passed",
      "keywords": [
        "test_invalid_username",
        "TestSnapchat_dl",
        "test_snapchat_dl.py",
        "tests",
        "skyme5@snapchat-dl__9b382d01__requests__aiohttp",
        ""
      ],
      "setup": {
        "outcome": "passed"
      },
      "call": {
        "outcome": "passed"
      },
      "teardown": {
        "outcome": "passed"
      }
    },
    {
      "nodeid": "tests/test_snapchat_dl.py::TestSnapchat_dl::test_no_stories",
      "lineno": 66,
      "outcome": "passed",
      "keywords": [
        "test_no_stories",
        "__wrapped__",
        "patchings",
        "TestSnapchat_dl",
        "test_snapchat_dl.py",
        "tests",
        "skyme5@snapchat-dl__9b382d01__requests__aiohttp",
        ""
      ],
      "setup": {
        "outcome": "passed"
      },
      "call": {
        "outcome": "passed"
      },
      "teardown": {
        "outcome": "passed"
      }
    },
    {
      "nodeid": "tests/test_utils.py::Test_utils::test_search_usernames",
      "lineno": 26,
      "outcome": "passed",
      "keywords": [
        "test_search_usernames",
        "Test_utils",
        "test_utils.py",
        "tests",
        "skyme5@snapchat-dl__9b382d01__requests__aiohttp",
        ""
      ],
      "setup": {
        "outcome": "passed"
      },
      "call": {
        "outcome": "passed"
      },
      "teardown": {
        "outcome": "passed"
      }
    },
    {
      "nodeid": "tests/test_utils.py::Test_utils::test_strf_time",
      "lineno": 19,
      "outcome": "passed",
      "keywords": [
        "test_strf_time",
        "Test_utils",
        "test_utils.py",
        "tests",
        "skyme5@snapchat-dl__9b382d01__requests__aiohttp",
        ""
      ],
      "setup": {
        "outcome": "passed"
      },
      "call": {
        "outcome": "passed"
      },
      "teardown": {
        "outcome": "passed"
      }
    },
    {
      "nodeid": "tests/test_utils.py::Test_utils::test_use_batch_file",
      "lineno": 38,
      "outcome": "passed",
      "keywords": [
        "test_use_batch_file",
        "Test_utils",
        "test_utils.py",
        "tests",
        "skyme5@snapchat-dl__9b382d01__requests__aiohttp",
        ""
      ],
      "setup": {
        "outcome": "passed"
      },
      "call": {
        "outcome": "passed"
      },
      "teardown": {
        "outcome": "passed"
      }
    },
    {
      "nodeid": "tests/test_utils.py::Test_utils::test_use_batch_file_err",
      "lineno": 43,
      "outcome": "passed",
      "keywords": [
        "test_use_batch_file_err",
        "Test_utils",
        "test_utils.py",
        "tests",
        "skyme5@snapchat-dl__9b382d01__requests__aiohttp",
        ""
      ],
      "setup": {
        "outcome": "passed"
      },
      "call": {
        "outcome": "passed",
        "stderr": "2025-04-22 16:44:45.294 | ERROR    | snapchat_dl.utils:use_batch_file:102 - Invalid Batch File at tests/mock_data/batch_file_err.txt\n"
      },
      "teardown": {
        "outcome": "passed"
      }
    },
    {
      "nodeid": "tests/test_utils.py::Test_utils::test_use_prefix_dir",
      "lineno": 48,
      "outcome": "passed",
      "keywords": [
        "test_use_prefix_dir",
        "Test_utils",
        "test_utils.py",
        "tests",
        "skyme5@snapchat-dl__9b382d01__requests__aiohttp",
        ""
      ],
      "setup": {
        "outcome": "passed"
      },
      "call": {
        "outcome": "passed",
        "stderr": "2025-04-22 16:44:45.298 | INFO     | snapchat_dl.utils:use_prefix_dir:134 - Added 2 usernames from tests/mock_data\n"
      },
      "teardown": {
        "outcome": "passed"
      }
    },
    {
      "nodeid": "tests/test_utils.py::Test_utils::test_valid_username",
      "lineno": 15,
      "outcome": "passed",
      "keywords": [
        "test_valid_username",
        "Test_utils",
        "test_utils.py",
        "tests",
        "skyme5@snapchat-dl__9b382d01__requests__aiohttp",
        ""
      ],
      "setup": {
        "outcome": "passed"
      },
      "call": {
        "outcome": "passed"
      },
      "teardown": {
        "outcome": "passed"
      }
    }
  ],
  "warnings": [
    {
      "message": "coroutine 'download_url' was never awaited",
      "category": "RuntimeWarning",
      "when": "runtest",
      "filename": "D:\\repos\\skyme5@snapchat-dl__9b382d01__requests__aiohttp\\tests\\test_downlaoder.py",
      "lineno": 28
    },
    {
      "message": "coroutine 'download_url' was never awaited",
      "category": "RuntimeWarning",
      "when": "runtest",
      "filename": "D:\\repos\\skyme5@snapchat-dl__9b382d01__requests__aiohttp\\tests\\test_downlaoder.py",
      "lineno": 38
    },
    {
      "message": "coroutine 'download_url' was never awaited",
      "category": "RuntimeWarning",
      "when": "runtest",
      "filename": "D:\\repos\\skyme5@snapchat-dl__9b382d01__requests__aiohttp\\tests\\test_downlaoder.py",
      "lineno": 33
    },
    {
      "message": "There is no current event loop",
      "category": "DeprecationWarning",
      "when": "runtest",
      "filename": "D:\\repos\\skyme5@snapchat-dl__9b382d01__requests__aiohttp\\snapchat_dl\\snapchat_dl.py",
      "lineno": 108
    },
    {
      "message": "datetime.datetime.utcfromtimestamp() is deprecated and scheduled for removal in a future version. Use timezone-aware objects to represent datetimes in UTC: datetime.datetime.fromtimestamp(timestamp, datetime.UTC).",
      "category": "DeprecationWarning",
      "when": "runtest",
      "filename": "D:\\repos\\skyme5@snapchat-dl__9b382d01__requests__aiohttp\\snapchat_dl\\utils.py",
      "lineno": 42
    },
    {
      "message": "datetime.datetime.utcfromtimestamp() is deprecated and scheduled for removal in a future version. Use timezone-aware objects to represent datetimes in UTC: datetime.datetime.fromtimestamp(timestamp, datetime.UTC).",
      "category": "DeprecationWarning",
      "when": "runtest",
      "filename": "D:\\repos\\skyme5@snapchat-dl__9b382d01__requests__aiohttp\\snapchat_dl\\utils.py",
      "lineno": 42
    },
    {
      "message": "coroutine 'download_url' was never awaited",
      "category": "RuntimeWarning",
      "when": "runtest",
      "filename": "D:\\repos\\skyme5@snapchat-dl__9b382d01__requests__aiohttp\\snapchat_dl\\snapchat_dl.py",
      "lineno": 144
    },
    {
      "message": "datetime.datetime.utcfromtimestamp() is deprecated and scheduled for removal in a future version. Use timezone-aware objects to represent datetimes in UTC: datetime.datetime.fromtimestamp(timestamp, datetime.UTC).",
      "category": "DeprecationWarning",
      "when": "runtest",
      "filename": "D:\\repos\\skyme5@snapchat-dl__9b382d01__requests__aiohttp\\snapchat_dl\\utils.py",
      "lineno": 42
    },
    {
      "message": "datetime.datetime.utcfromtimestamp() is deprecated and scheduled for removal in a future version. Use timezone-aware objects to represent datetimes in UTC: datetime.datetime.fromtimestamp(timestamp, datetime.UTC).",
      "category": "DeprecationWarning",
      "when": "runtest",
      "filename": "D:\\repos\\skyme5@snapchat-dl__9b382d01__requests__aiohttp\\snapchat_dl\\utils.py",
      "lineno": 42
    },
    {
      "message": "datetime.datetime.utcfromtimestamp() is deprecated and scheduled for removal in a future version. Use timezone-aware objects to represent datetimes in UTC: datetime.datetime.fromtimestamp(timestamp, datetime.UTC).",
      "category": "DeprecationWarning",
      "when": "runtest",
      "filename": "D:\\repos\\skyme5@snapchat-dl__9b382d01__requests__aiohttp\\snapchat_dl\\utils.py",
      "lineno": 42
    },
    {
      "message": "datetime.datetime.utcfromtimestamp() is deprecated and scheduled for removal in a future version. Use timezone-aware objects to represent datetimes in UTC: datetime.datetime.fromtimestamp(timestamp, datetime.UTC).",
      "category": "DeprecationWarning",
      "when": "runtest",
      "filename": "D:\\repos\\skyme5@snapchat-dl__9b382d01__requests__aiohttp\\snapchat_dl\\utils.py",
      "lineno": 42
    },
    {
      "message": "coroutine 'download_url' was never awaited",
      "category": "RuntimeWarning",
      "when": "runtest",
      "filename": "C:\\Users\\Mohay\\AppData\\Local\\Programs\\Python\\Python312\\Lib\\concurrent\\futures\\thread.py",
      "lineno": 94
    },
    {
      "message": "datetime.datetime.utcfromtimestamp() is deprecated and scheduled for removal in a future version. Use timezone-aware objects to represent datetimes in UTC: datetime.datetime.fromtimestamp(timestamp, datetime.UTC).",
      "category": "DeprecationWarning",
      "when": "runtest",
      "filename": "D:\\repos\\skyme5@snapchat-dl__9b382d01__requests__aiohttp\\snapchat_dl\\utils.py",
      "lineno": 42
    },
    {
      "message": "datetime.datetime.utcfromtimestamp() is deprecated and scheduled for removal in a future version. Use timezone-aware objects to represent datetimes in UTC: datetime.datetime.fromtimestamp(timestamp, datetime.UTC).",
      "category": "DeprecationWarning",
      "when": "runtest",
      "filename": "D:\\repos\\skyme5@snapchat-dl__9b382d01__requests__aiohttp\\snapchat_dl\\utils.py",
      "lineno": 42
    },
    {
      "message": "datetime.datetime.utcfromtimestamp() is deprecated and scheduled for removal in a future version. Use timezone-aware objects to represent datetimes in UTC: datetime.datetime.fromtimestamp(timestamp, datetime.UTC).",
      "category": "DeprecationWarning",
      "when": "runtest",
      "filename": "D:\\repos\\skyme5@snapchat-dl__9b382d01__requests__aiohttp\\snapchat_dl\\utils.py",
      "lineno": 42
    }
  ]
}