{
  "exitcode": 1,
  "summary": {
    "failed": 35,
    "passed": 65,
    "skipped": 7,
    "total": 107,
    "collected": 107
  },
  "collectors": [
    {
      "nodeid": "",
      "outcome": "passed",
      "result": [
        {
          "nodeid": ".",
          "type": "Dir"
        }
      ]
    },
    {
      "nodeid": "docs/source/_static/img",
      "outcome": "passed",
      "result": []
    },
    {
      "nodeid": "docs/source/_static",
      "outcome": "passed",
      "result": [
        {
          "nodeid": "docs/source/_static/img",
          "type": "Dir"
        }
      ]
    },
    {
      "nodeid": "docs/source",
      "outcome": "passed",
      "result": [
        {
          "nodeid": "docs/source/_static",
          "type": "Dir"
        }
      ]
    },
    {
      "nodeid": "docs",
      "outcome": "passed",
      "result": [
        {
          "nodeid": "docs/source",
          "type": "Dir"
        }
      ]
    },
    {
      "nodeid": "examples",
      "outcome": "passed",
      "result": []
    },
    {
      "nodeid": "filestack/mixins",
      "outcome": "passed",
      "result": []
    },
    {
      "nodeid": "filestack/models",
      "outcome": "passed",
      "result": []
    },
    {
      "nodeid": "filestack/uploads",
      "outcome": "passed",
      "result": []
    },
    {
      "nodeid": "filestack",
      "outcome": "passed",
      "result": [
        {
          "nodeid": "filestack/mixins",
          "type": "Package"
        },
        {
          "nodeid": "filestack/models",
          "type": "Package"
        },
        {
          "nodeid": "filestack/uploads",
          "type": "Package"
        }
      ]
    },
    {
      "nodeid": "filestack_python.egg-info",
      "outcome": "passed",
      "result": []
    },
    {
      "nodeid": "tests/audiovisual_test.py",
      "outcome": "passed",
      "result": [
        {
          "nodeid": "tests/audiovisual_test.py::test_status",
          "type": "Function",
          "lineno": 17
        },
        {
          "nodeid": "tests/audiovisual_test.py::test_convert",
          "type": "Function",
          "lineno": 23
        }
      ]
    },
    {
      "nodeid": "tests/client_test.py",
      "outcome": "passed",
      "result": [
        {
          "nodeid": "tests/client_test.py::test_api_set",
          "type": "Function",
          "lineno": 20
        },
        {
          "nodeid": "tests/client_test.py::test_wrong_storage",
          "type": "Function",
          "lineno": 24
        },
        {
          "nodeid": "tests/client_test.py::test_store_external_url",
          "type": "Function",
          "lineno": 29
        },
        {
          "nodeid": "tests/client_test.py::test_store_filepath",
          "type": "Function",
          "lineno": 40
        },
        {
          "nodeid": "tests/client_test.py::test_security_inheritance",
          "type": "Function",
          "lineno": 50
        },
        {
          "nodeid": "tests/client_test.py::test_url_screenshot",
          "type": "Function",
          "lineno": 68
        },
        {
          "nodeid": "tests/client_test.py::test_transform_external",
          "type": "Function",
          "lineno": 75
        },
        {
          "nodeid": "tests/client_test.py::test_zip",
          "type": "Function",
          "lineno": 80
        }
      ]
    },
    {
      "nodeid": "tests/data",
      "outcome": "passed",
      "result": []
    },
    {
      "nodeid": "tests/filelink_test.py",
      "outcome": "passed",
      "result": [
        {
          "nodeid": "tests/filelink_test.py::test_handle",
          "type": "Function",
          "lineno": 26
        },
        {
          "nodeid": "tests/filelink_test.py::test_url",
          "type": "Function",
          "lineno": 30
        },
        {
          "nodeid": "tests/filelink_test.py::test_signed_url[None-security=p:eyJjYWxsIjogWyJyZWFkIl0sICJleHBpcnkiOiAxMDIzODIzOX0=,s:858d1ee9c0a1f06283e495f78dc7950ff6e64136ce960465f35539791fcd486b]",
          "type": "Function",
          "lineno": 35
        },
        {
          "nodeid": "tests/filelink_test.py::test_signed_url[security_obj1-security=p:eyJjYWxsIjogWyJ3cml0ZSJdLCAiZXhwaXJ5IjogMTY1NTk5MjQzMn0=,s:625cc5b9beab3e939fb53935f7795919c9f57f628d43adfc14566d2ad9a4ad47]",
          "type": "Function",
          "lineno": 35
        },
        {
          "nodeid": "tests/filelink_test.py::test_get_content",
          "type": "Function",
          "lineno": 55
        },
        {
          "nodeid": "tests/filelink_test.py::test_bad_call",
          "type": "Function",
          "lineno": 64
        },
        {
          "nodeid": "tests/filelink_test.py::test_metadata[None-None-expected_params0]",
          "type": "Function",
          "lineno": 73
        },
        {
          "nodeid": "tests/filelink_test.py::test_metadata[None-security1-expected_params1]",
          "type": "Function",
          "lineno": 73
        },
        {
          "nodeid": "tests/filelink_test.py::test_metadata[attributes2-security2-expected_params2]",
          "type": "Function",
          "lineno": 73
        },
        {
          "nodeid": "tests/filelink_test.py::test_download",
          "type": "Function",
          "lineno": 106
        },
        {
          "nodeid": "tests/filelink_test.py::test_tags_without_security",
          "type": "Function",
          "lineno": 118
        },
        {
          "nodeid": "tests/filelink_test.py::test_tags",
          "type": "Function",
          "lineno": 123
        },
        {
          "nodeid": "tests/filelink_test.py::test_tags_on_transformation",
          "type": "Function",
          "lineno": 133
        },
        {
          "nodeid": "tests/filelink_test.py::test_sfw_without_security",
          "type": "Function",
          "lineno": 147
        },
        {
          "nodeid": "tests/filelink_test.py::test_sfw",
          "type": "Function",
          "lineno": 152
        },
        {
          "nodeid": "tests/filelink_test.py::test_sfw_on_transformation",
          "type": "Function",
          "lineno": 160
        },
        {
          "nodeid": "tests/filelink_test.py::test_overwrite_without_security",
          "type": "Function",
          "lineno": 171
        },
        {
          "nodeid": "tests/filelink_test.py::test_invalid_overwrite_call",
          "type": "Function",
          "lineno": 176
        },
        {
          "nodeid": "tests/filelink_test.py::test_overwrite_with_url[True]",
          "type": "Function",
          "lineno": 181
        },
        {
          "nodeid": "tests/filelink_test.py::test_overwrite_with_url[False]",
          "type": "Function",
          "lineno": 181
        },
        {
          "nodeid": "tests/filelink_test.py::test_overwrite_with_filepath",
          "type": "Function",
          "lineno": 196
        },
        {
          "nodeid": "tests/filelink_test.py::test_overwrite_with_file_obj",
          "type": "Function",
          "lineno": 212
        },
        {
          "nodeid": "tests/filelink_test.py::test_delete_without_apikey_or_security[flink0-Security is required]",
          "type": "Function",
          "lineno": 227
        },
        {
          "nodeid": "tests/filelink_test.py::test_delete_without_apikey_or_security[flink1-Apikey is required]",
          "type": "Function",
          "lineno": 227
        },
        {
          "nodeid": "tests/filelink_test.py::test_successful_delete[flink0-security_arg0]",
          "type": "Function",
          "lineno": 236
        },
        {
          "nodeid": "tests/filelink_test.py::test_successful_delete[flink1-None]",
          "type": "Function",
          "lineno": 236
        }
      ]
    },
    {
      "nodeid": "tests/filestack_helpers_test.py",
      "outcome": "passed",
      "result": [
        {
          "nodeid": "tests/filestack_helpers_test.py::test_webhook_verification[57cbb25386c3d6ff758a7a75cf52ba02cf2b0a1a2d6d5dfb9c886553ca6011cb-True]",
          "type": "Function",
          "lineno": 4
        },
        {
          "nodeid": "tests/filestack_helpers_test.py::test_webhook_verification[incorrect-signature-False]",
          "type": "Function",
          "lineno": 4
        },
        {
          "nodeid": "tests/filestack_helpers_test.py::test_agrument_validation[hook-secret-body-should be a dict-value is not a dict]",
          "type": "Function",
          "lineno": 22
        },
        {
          "nodeid": "tests/filestack_helpers_test.py::test_agrument_validation[1-body-headers1-value is not a string]",
          "type": "Function",
          "lineno": 22
        },
        {
          "nodeid": "tests/filestack_helpers_test.py::test_agrument_validation[hook-secret--headers2-fs-signature header is missing]",
          "type": "Function",
          "lineno": 22
        },
        {
          "nodeid": "tests/filestack_helpers_test.py::test_agrument_validation[hook-secret-body3-headers3-Invalid webhook body]",
          "type": "Function",
          "lineno": 22
        }
      ]
    },
    {
      "nodeid": "tests/intelligent_ingestion_test.py",
      "outcome": "passed",
      "result": [
        {
          "nodeid": "tests/intelligent_ingestion_test.py::test_upload_part_success",
          "type": "Function",
          "lineno": 8
        },
        {
          "nodeid": "tests/intelligent_ingestion_test.py::test_upload_part_with_resize",
          "type": "Function",
          "lineno": 37
        },
        {
          "nodeid": "tests/intelligent_ingestion_test.py::test_min_chunk_size_exception",
          "type": "Function",
          "lineno": 60
        }
      ]
    },
    {
      "nodeid": "tests/multipart_test.py",
      "outcome": "passed",
      "result": [
        {
          "nodeid": "tests/multipart_test.py::test_upload_filepath",
          "type": "Function",
          "lineno": 49
        },
        {
          "nodeid": "tests/multipart_test.py::test_upload_file_obj",
          "type": "Function",
          "lineno": 57
        },
        {
          "nodeid": "tests/multipart_test.py::test_upload_with_workflows",
          "type": "Function",
          "lineno": 68
        },
        {
          "nodeid": "tests/multipart_test.py::test_upload_chunk",
          "type": "Function",
          "lineno": 94
        }
      ]
    },
    {
      "nodeid": "tests/security_test.py",
      "outcome": "passed",
      "result": [
        {
          "nodeid": "tests/security_test.py::test_security",
          "type": "Function",
          "lineno": 3
        },
        {
          "nodeid": "tests/security_test.py::test_security_as_url_string",
          "type": "Function",
          "lineno": 11
        }
      ]
    },
    {
      "nodeid": "tests/tasks_test.py",
      "outcome": "passed",
      "result": [
        {
          "nodeid": "tests/tasks_test.py::test_createpdf",
          "type": "Function",
          "lineno": 18
        },
        {
          "nodeid": "tests/tasks_test.py::test_animate",
          "type": "Function",
          "lineno": 23
        },
        {
          "nodeid": "tests/tasks_test.py::test_doc_to_images",
          "type": "Function",
          "lineno": 28
        },
        {
          "nodeid": "tests/tasks_test.py::test_smart_crop",
          "type": "Function",
          "lineno": 33
        },
        {
          "nodeid": "tests/tasks_test.py::test_pdf_convert",
          "type": "Function",
          "lineno": 38
        },
        {
          "nodeid": "tests/tasks_test.py::test_fallback",
          "type": "Function",
          "lineno": 43
        }
      ]
    },
    {
      "nodeid": "tests/transformation_test.py",
      "outcome": "passed",
      "result": [
        {
          "nodeid": "tests/transformation_test.py::test_sanity",
          "type": "Function",
          "lineno": 18
        },
        {
          "nodeid": "tests/transformation_test.py::test_resize",
          "type": "Function",
          "lineno": 23
        },
        {
          "nodeid": "tests/transformation_test.py::test_crop",
          "type": "Function",
          "lineno": 29
        },
        {
          "nodeid": "tests/transformation_test.py::test_rotate",
          "type": "Function",
          "lineno": 35
        },
        {
          "nodeid": "tests/transformation_test.py::test_flip",
          "type": "Function",
          "lineno": 41
        },
        {
          "nodeid": "tests/transformation_test.py::test_flop",
          "type": "Function",
          "lineno": 47
        },
        {
          "nodeid": "tests/transformation_test.py::test_watermark",
          "type": "Function",
          "lineno": 53
        },
        {
          "nodeid": "tests/transformation_test.py::test_detect_faces",
          "type": "Function",
          "lineno": 59
        },
        {
          "nodeid": "tests/transformation_test.py::test_crop_faces",
          "type": "Function",
          "lineno": 65
        },
        {
          "nodeid": "tests/transformation_test.py::test_pixelate_faces",
          "type": "Function",
          "lineno": 72
        },
        {
          "nodeid": "tests/transformation_test.py::test_round_corners",
          "type": "Function",
          "lineno": 78
        },
        {
          "nodeid": "tests/transformation_test.py::test_vignette",
          "type": "Function",
          "lineno": 84
        },
        {
          "nodeid": "tests/transformation_test.py::test_polaroid",
          "type": "Function",
          "lineno": 90
        },
        {
          "nodeid": "tests/transformation_test.py::test_torn_edges",
          "type": "Function",
          "lineno": 96
        },
        {
          "nodeid": "tests/transformation_test.py::test_shadow",
          "type": "Function",
          "lineno": 102
        },
        {
          "nodeid": "tests/transformation_test.py::test_circle",
          "type": "Function",
          "lineno": 108
        },
        {
          "nodeid": "tests/transformation_test.py::test_border",
          "type": "Function",
          "lineno": 114
        },
        {
          "nodeid": "tests/transformation_test.py::test_sharpen",
          "type": "Function",
          "lineno": 120
        },
        {
          "nodeid": "tests/transformation_test.py::test_blur",
          "type": "Function",
          "lineno": 126
        },
        {
          "nodeid": "tests/transformation_test.py::test_monochrome",
          "type": "Function",
          "lineno": 132
        },
        {
          "nodeid": "tests/transformation_test.py::test_blackwhite",
          "type": "Function",
          "lineno": 138
        },
        {
          "nodeid": "tests/transformation_test.py::test_sepia",
          "type": "Function",
          "lineno": 144
        },
        {
          "nodeid": "tests/transformation_test.py::test_pixelate",
          "type": "Function",
          "lineno": 150
        },
        {
          "nodeid": "tests/transformation_test.py::test_oil_paint",
          "type": "Function",
          "lineno": 156
        },
        {
          "nodeid": "tests/transformation_test.py::test_negative",
          "type": "Function",
          "lineno": 162
        },
        {
          "nodeid": "tests/transformation_test.py::test_modulate",
          "type": "Function",
          "lineno": 168
        },
        {
          "nodeid": "tests/transformation_test.py::test_partial_pixelate",
          "type": "Function",
          "lineno": 174
        },
        {
          "nodeid": "tests/transformation_test.py::test_partial_blur",
          "type": "Function",
          "lineno": 186
        },
        {
          "nodeid": "tests/transformation_test.py::test_collage",
          "type": "Function",
          "lineno": 198
        },
        {
          "nodeid": "tests/transformation_test.py::test_upscale",
          "type": "Function",
          "lineno": 211
        },
        {
          "nodeid": "tests/transformation_test.py::test_enhance",
          "type": "Function",
          "lineno": 217
        },
        {
          "nodeid": "tests/transformation_test.py::test_redeye",
          "type": "Function",
          "lineno": 223
        },
        {
          "nodeid": "tests/transformation_test.py::test_ascii",
          "type": "Function",
          "lineno": 229
        },
        {
          "nodeid": "tests/transformation_test.py::test_zip",
          "type": "Function",
          "lineno": 238
        },
        {
          "nodeid": "tests/transformation_test.py::test_fallback",
          "type": "Function",
          "lineno": 243
        },
        {
          "nodeid": "tests/transformation_test.py::test_pdf_info",
          "type": "Function",
          "lineno": 249
        },
        {
          "nodeid": "tests/transformation_test.py::test_pdf_convert",
          "type": "Function",
          "lineno": 255
        },
        {
          "nodeid": "tests/transformation_test.py::test_minify_css",
          "type": "Function",
          "lineno": 261
        },
        {
          "nodeid": "tests/transformation_test.py::test_minify_css_with_params",
          "type": "Function",
          "lineno": 267
        },
        {
          "nodeid": "tests/transformation_test.py::test_minify_js",
          "type": "Function",
          "lineno": 273
        },
        {
          "nodeid": "tests/transformation_test.py::test_filetype_conversion",
          "type": "Function",
          "lineno": 286
        },
        {
          "nodeid": "tests/transformation_test.py::test_no_metadata",
          "type": "Function",
          "lineno": 301
        },
        {
          "nodeid": "tests/transformation_test.py::test_chain_tasks_and_store",
          "type": "Function",
          "lineno": 308
        },
        {
          "nodeid": "tests/transformation_test.py::test_av_convert",
          "type": "Function",
          "lineno": 323
        },
        {
          "nodeid": "tests/transformation_test.py::test_auto_image",
          "type": "Function",
          "lineno": 336
        }
      ]
    },
    {
      "nodeid": "tests/uploads/test_upload_external_url.py",
      "outcome": "passed",
      "result": [
        {
          "nodeid": "tests/uploads/test_upload_external_url.py::test_upload_with_store_params[S3,-store_params0-None-expected_store_tasks0]",
          "type": "Function",
          "lineno": 12
        },
        {
          "nodeid": "tests/uploads/test_upload_external_url.py::test_upload_with_store_params[gcs-store_params1-SecurityMock-expected_store_tasks1]",
          "type": "Function",
          "lineno": 12
        }
      ]
    },
    {
      "nodeid": "tests/uploads",
      "outcome": "passed",
      "result": [
        {
          "nodeid": "tests/uploads/test_upload_external_url.py",
          "type": "Module"
        }
      ]
    },
    {
      "nodeid": "tests/utils_test.py",
      "outcome": "passed",
      "result": [
        {
          "nodeid": "tests/utils_test.py::test_req_wrapper_overwrite_headers",
          "type": "Function",
          "lineno": 33
        },
        {
          "nodeid": "tests/utils_test.py::test_req_wrapper_use_provided_headers",
          "type": "Function",
          "lineno": 52
        },
        {
          "nodeid": "tests/utils_test.py::test_req_wrapper_raise_exception",
          "type": "Function",
          "lineno": 64
        }
      ]
    },
    {
      "nodeid": "tests",
      "outcome": "passed",
      "result": [
        {
          "nodeid": "tests/audiovisual_test.py",
          "type": "Module"
        },
        {
          "nodeid": "tests/client_test.py",
          "type": "Module"
        },
        {
          "nodeid": "tests/data",
          "type": "Dir"
        },
        {
          "nodeid": "tests/filelink_test.py",
          "type": "Module"
        },
        {
          "nodeid": "tests/filestack_helpers_test.py",
          "type": "Module"
        },
        {
          "nodeid": "tests/intelligent_ingestion_test.py",
          "type": "Module"
        },
        {
          "nodeid": "tests/multipart_test.py",
          "type": "Module"
        },
        {
          "nodeid": "tests/security_test.py",
          "type": "Module"
        },
        {
          "nodeid": "tests/tasks_test.py",
          "type": "Module"
        },
        {
          "nodeid": "tests/transformation_test.py",
          "type": "Module"
        },
        {
          "nodeid": "tests/uploads",
          "type": "Dir"
        },
        {
          "nodeid": "tests/utils_test.py",
          "type": "Module"
        }
      ]
    },
    {
      "nodeid": ".",
      "outcome": "passed",
      "result": [
        {
          "nodeid": "docs",
          "type": "Dir"
        },
        {
          "nodeid": "examples",
          "type": "Dir"
        },
        {
          "nodeid": "filestack",
          "type": "Package"
        },
        {
          "nodeid": "filestack_python.egg-info",
          "type": "Dir"
        },
        {
          "nodeid": "tests",
          "type": "Package"
        }
      ]
    }
  ],
  "tests": [
    {
      "nodeid": "tests/audiovisual_test.py::test_status",
      "lineno": 17,
      "outcome": "failed",
      "keywords": [
        "test_status",
        "__wrapped__",
        "audiovisual_test.py",
        "tests",
        "filestack@filestack-python__0e44e337__requests__treq",
        ""
      ],
      "setup": {
        "outcome": "passed"
      },
      "call": {
        "outcome": "failed",
        "crash": {
          "path": "D:\\repos\\filestack@filestack-python__0e44e337__requests__treq\\tests\\audiovisual_test.py",
          "lineno": 21,
          "message": "AssertionError: assert <coroutine object AudioVisual.status at 0x000002209DA86330> == 'completed'\n +  where <coroutine object AudioVisual.status at 0x000002209DA86330> = <filestack.models.audiovisual.AudioVisual object at 0x000002209DADCC50>.status"
        },
        "traceback": [
          {
            "path": "tests\\audiovisual_test.py",
            "lineno": 21,
            "message": "AssertionError"
          }
        ],
        "longrepr": "av = <filestack.models.audiovisual.AudioVisual object at 0x000002209DADCC50>\n\n    @responses.activate\n    def test_status(av):\n        responses.add(responses.GET, 'https://process.filestackapi.com/SOMEHANDLE', json={'status': 'completed'})\n>       assert av.status == 'completed'\nE       AssertionError: assert <coroutine object AudioVisual.status at 0x000002209DA86330> == 'completed'\nE        +  where <coroutine object AudioVisual.status at 0x000002209DA86330> = <filestack.models.audiovisual.AudioVisual object at 0x000002209DADCC50>.status\n\ntests\\audiovisual_test.py:21: AssertionError"
      },
      "teardown": {
        "outcome": "passed"
      }
    },
    {
      "nodeid": "tests/audiovisual_test.py::test_convert",
      "lineno": 23,
      "outcome": "failed",
      "keywords": [
        "test_convert",
        "__wrapped__",
        "audiovisual_test.py",
        "tests",
        "filestack@filestack-python__0e44e337__requests__treq",
        ""
      ],
      "setup": {
        "outcome": "passed"
      },
      "call": {
        "outcome": "failed",
        "crash": {
          "path": "D:\\repos\\filestack@filestack-python__0e44e337__requests__treq\\tests\\audiovisual_test.py",
          "lineno": 31,
          "message": "assert False\n +  where False = isinstance(<coroutine object AudioVisual.to_filelink at 0x000002209DB11210>, Filelink)"
        },
        "traceback": [
          {
            "path": "tests\\audiovisual_test.py",
            "lineno": 31,
            "message": "AssertionError"
          }
        ],
        "longrepr": "av = <filestack.models.audiovisual.AudioVisual object at 0x000002209DADD5E0>\n\n    @responses.activate\n    def test_convert(av):\n        responses.add(\n            responses.GET, 'https://process.filestackapi.com/SOMEHANDLE',\n            json={'status': 'completed', 'data': {'url': URL}}\n        )\n        filelink = av.to_filelink()\n>       assert isinstance(filelink, Filelink)\nE       assert False\nE        +  where False = isinstance(<coroutine object AudioVisual.to_filelink at 0x000002209DB11210>, Filelink)\n\ntests\\audiovisual_test.py:31: AssertionError"
      },
      "teardown": {
        "outcome": "passed"
      }
    },
    {
      "nodeid": "tests/client_test.py::test_api_set",
      "lineno": 20,
      "outcome": "passed",
      "keywords": [
        "test_api_set",
        "client_test.py",
        "tests",
        "filestack@filestack-python__0e44e337__requests__treq",
        ""
      ],
      "setup": {
        "outcome": "passed"
      },
      "call": {
        "outcome": "passed"
      },
      "teardown": {
        "outcome": "passed"
      }
    },
    {
      "nodeid": "tests/client_test.py::test_wrong_storage",
      "lineno": 24,
      "outcome": "passed",
      "keywords": [
        "test_wrong_storage",
        "client_test.py",
        "tests",
        "filestack@filestack-python__0e44e337__requests__treq",
        ""
      ],
      "setup": {
        "outcome": "passed"
      },
      "call": {
        "outcome": "passed"
      },
      "teardown": {
        "outcome": "passed"
      }
    },
    {
      "nodeid": "tests/client_test.py::test_store_external_url",
      "lineno": 29,
      "outcome": "failed",
      "keywords": [
        "test_store_external_url",
        "__wrapped__",
        "client_test.py",
        "tests",
        "filestack@filestack-python__0e44e337__requests__treq",
        ""
      ],
      "setup": {
        "outcome": "passed"
      },
      "call": {
        "outcome": "failed",
        "crash": {
          "path": "D:\\repos\\filestack@filestack-python__0e44e337__requests__treq\\filestack\\models\\client.py",
          "lineno": 129,
          "message": "TypeError: 'coroutine' object is not subscriptable"
        },
        "traceback": [
          {
            "path": "tests\\client_test.py",
            "lineno": 35,
            "message": ""
          },
          {
            "path": "filestack\\models\\client.py",
            "lineno": 129,
            "message": "TypeError"
          }
        ],
        "longrepr": "client = <filestack.models.client.Client object at 0x000002209DADD0D0>\n\n    @responses.activate\n    def test_store_external_url(client):\n        responses.add(\n            responses.POST, 'https://cdn.filestackcontent.com/process', json={'handle': HANDLE}\n        )\n>       filelink = client.upload_url(url='http://a.bc')\n\ntests\\client_test.py:35: \n_ _ _ _ _ _ _ _ _ _ _ _ _ _ _ _ _ _ _ _ _ _ _ _ _ _ _ _ _ _ _ _ _ _ _ _ _ _ _ _\n\nself = <filestack.models.client.Client object at 0x000002209DADD0D0>\nurl = 'http://a.bc', store_params = None, security = None\n\n    def upload_url(self, url, store_params=None, security=None):\n        \"\"\"\n        Uploads file from external url\n    \n        Args:\n            url (str): file URL\n            store_params (dict): store parameters to be used during upload\n            security (:class:`filestack.Security`): Security object that will be used for this API call\n    \n        Returns:\n            :class:`filestack.Filelink`: new Filelink object\n        \"\"\"\n        sec = security or self.security\n        upload_response = upload_external_url(url, self.apikey, self.storage, store_params, security=sec)\n        return filestack.models.Filelink(\n>           handle=upload_response['handle'],\n            apikey=self.apikey,\n            security=sec,\n            upload_response=upload_response\n        )\nE       TypeError: 'coroutine' object is not subscriptable\n\nfilestack\\models\\client.py:129: TypeError"
      },
      "teardown": {
        "outcome": "passed"
      }
    },
    {
      "nodeid": "tests/client_test.py::test_store_filepath",
      "lineno": 40,
      "outcome": "failed",
      "keywords": [
        "test_store_filepath",
        "__wrapped__",
        "patchings",
        "client_test.py",
        "tests",
        "filestack@filestack-python__0e44e337__requests__treq",
        ""
      ],
      "setup": {
        "outcome": "passed"
      },
      "call": {
        "outcome": "failed",
        "crash": {
          "path": "D:\\repos\\filestack@filestack-python__0e44e337__requests__treq\\filestack\\models\\client.py",
          "lineno": 165,
          "message": "TypeError: 'coroutine' object is not subscriptable"
        },
        "traceback": [
          {
            "path": "tests\\client_test.py",
            "lineno": 44,
            "message": ""
          },
          {
            "path": "filestack\\models\\client.py",
            "lineno": 165,
            "message": "TypeError"
          }
        ],
        "longrepr": "upload_mock = <AsyncMock name='multipart_upload' id='2339107629120'>\nclient = <filestack.models.client.Client object at 0x000002209DADE8D0>\n\n    @patch('filestack.models.client.multipart_upload')\n    def test_store_filepath(upload_mock, client):\n        upload_mock.return_value = {'handle': HANDLE}\n>       filelink = client.upload(filepath='path/to/image.jpg')\n\ntests\\client_test.py:44: \n_ _ _ _ _ _ _ _ _ _ _ _ _ _ _ _ _ _ _ _ _ _ _ _ _ _ _ _ _ _ _ _ _ _ _ _ _ _ _ _\n\nself = <filestack.models.client.Client object at 0x000002209DADE8D0>\n\n    def upload(self, *, filepath=None, file_obj=None, store_params=None, intelligent=False, security=None):\n        \"\"\"\n        Uploads local file or file-like object.\n    \n        Args:\n            filepath (str): path to file\n            file_obj (io.BytesIO or similar): file-like object\n            store_params (dict): store parameters to be used during upload\n            intelligent (bool): upload file using `Filestack Intelligent Ingestion\n                <https://www.filestack.com/products/file-upload/technology/>`_.\n            security (:class:`filestack.Security`): Security object that will be used for this API call\n    \n        Returns:\n            :class:`filestack.Filelink`: new Filelink object\n    \n        Note:\n            This method accepts keyword arguments only.\n            Out of filepath and file_obj only one should be provided.\n        \"\"\"\n        if store_params:  # Check the structure of parameters\n            STORE_SCHEMA.check(store_params)\n    \n        upload_method = multipart_upload\n        if intelligent:\n            upload_method = intelligent_ingestion.upload\n    \n        response_json = upload_method(\n            self.apikey, filepath, file_obj, self.storage, params=store_params, security=security or self.security\n        )\n    \n>       handle = response_json['handle']\nE       TypeError: 'coroutine' object is not subscriptable\n\nfilestack\\models\\client.py:165: TypeError"
      },
      "teardown": {
        "outcome": "passed"
      }
    },
    {
      "nodeid": "tests/client_test.py::test_security_inheritance",
      "lineno": 50,
      "outcome": "failed",
      "keywords": [
        "test_security_inheritance",
        "__wrapped__",
        "patchings",
        "client_test.py",
        "tests",
        "filestack@filestack-python__0e44e337__requests__treq",
        ""
      ],
      "setup": {
        "outcome": "passed"
      },
      "call": {
        "outcome": "failed",
        "crash": {
          "path": "D:\\repos\\filestack@filestack-python__0e44e337__requests__treq\\filestack\\models\\client.py",
          "lineno": 129,
          "message": "TypeError: 'coroutine' object is not subscriptable"
        },
        "traceback": [
          {
            "path": "tests\\client_test.py",
            "lineno": 60,
            "message": ""
          },
          {
            "path": "filestack\\models\\client.py",
            "lineno": 129,
            "message": "TypeError"
          }
        ],
        "longrepr": "upload_external_mock = <AsyncMock name='upload_external_url' id='2339108264832'>\nmultipart_mock = <AsyncMock name='multipart_upload' id='2339108263344'>\n\n    @patch('filestack.models.client.multipart_upload')\n    @patch('filestack.models.client.upload_external_url')\n    def test_security_inheritance(upload_external_mock, multipart_mock):\n        upload_external_mock.return_value = {'handle': 'URL_HANDLE'}\n        multipart_mock.return_value = {'handle': 'FILE_HANDLE'}\n    \n        policy = {'expiry': 1900}\n        cli = Client(APIKEY, security=Security(policy, 'SECRET'))\n    \n>       flink_from_url = cli.upload_url('https://just.some/url')\n\ntests\\client_test.py:60: \n_ _ _ _ _ _ _ _ _ _ _ _ _ _ _ _ _ _ _ _ _ _ _ _ _ _ _ _ _ _ _ _ _ _ _ _ _ _ _ _\n\nself = <filestack.models.client.Client object at 0x000002209DB7A6C0>\nurl = 'https://just.some/url', store_params = None, security = None\n\n    def upload_url(self, url, store_params=None, security=None):\n        \"\"\"\n        Uploads file from external url\n    \n        Args:\n            url (str): file URL\n            store_params (dict): store parameters to be used during upload\n            security (:class:`filestack.Security`): Security object that will be used for this API call\n    \n        Returns:\n            :class:`filestack.Filelink`: new Filelink object\n        \"\"\"\n        sec = security or self.security\n        upload_response = upload_external_url(url, self.apikey, self.storage, store_params, security=sec)\n        return filestack.models.Filelink(\n>           handle=upload_response['handle'],\n            apikey=self.apikey,\n            security=sec,\n            upload_response=upload_response\n        )\nE       TypeError: 'coroutine' object is not subscriptable\n\nfilestack\\models\\client.py:129: TypeError"
      },
      "teardown": {
        "outcome": "passed"
      }
    },
    {
      "nodeid": "tests/client_test.py::test_url_screenshot",
      "lineno": 68,
      "outcome": "passed",
      "keywords": [
        "test_url_screenshot",
        "client_test.py",
        "tests",
        "filestack@filestack-python__0e44e337__requests__treq",
        ""
      ],
      "setup": {
        "outcome": "passed"
      },
      "call": {
        "outcome": "passed"
      },
      "teardown": {
        "outcome": "passed"
      }
    },
    {
      "nodeid": "tests/client_test.py::test_transform_external",
      "lineno": 75,
      "outcome": "passed",
      "keywords": [
        "test_transform_external",
        "client_test.py",
        "tests",
        "filestack@filestack-python__0e44e337__requests__treq",
        ""
      ],
      "setup": {
        "outcome": "passed"
      },
      "call": {
        "outcome": "passed"
      },
      "teardown": {
        "outcome": "passed"
      }
    },
    {
      "nodeid": "tests/client_test.py::test_zip",
      "lineno": 80,
      "outcome": "failed",
      "keywords": [
        "test_zip",
        "__wrapped__",
        "client_test.py",
        "tests",
        "filestack@filestack-python__0e44e337__requests__treq",
        ""
      ],
      "setup": {
        "outcome": "passed"
      },
      "call": {
        "outcome": "failed",
        "crash": {
          "path": "D:\\repos\\filestack@filestack-python__0e44e337__requests__treq\\tests\\client_test.py",
          "lineno": 91,
          "message": "assert <coroutine object Client.zip at 0x000002209DB94040> == 9"
        },
        "traceback": [
          {
            "path": "tests\\client_test.py",
            "lineno": 91,
            "message": "AssertionError"
          }
        ],
        "longrepr": "client = <filestack.models.client.Client object at 0x000002209DB7B590>\n\n    @responses.activate\n    def test_zip(client):\n        responses.add(\n            responses.GET, re.compile('https://cdn.filestackcontent.com/APIKEY/zip*'),\n            body=b'zip-bytes'\n        )\n        m = mock_open()\n        with patch('filestack.models.client.open', m):\n            zip_size = client.zip('test.zip', ['handle1', 'handle2'])\n    \n>       assert zip_size == 9\nE       assert <coroutine object Client.zip at 0x000002209DB94040> == 9\n\ntests\\client_test.py:91: AssertionError"
      },
      "teardown": {
        "outcome": "passed"
      }
    },
    {
      "nodeid": "tests/filelink_test.py::test_handle",
      "lineno": 26,
      "outcome": "passed",
      "keywords": [
        "test_handle",
        "filelink_test.py",
        "tests",
        "filestack@filestack-python__0e44e337__requests__treq",
        ""
      ],
      "setup": {
        "outcome": "passed"
      },
      "call": {
        "outcome": "passed"
      },
      "teardown": {
        "outcome": "passed"
      }
    },
    {
      "nodeid": "tests/filelink_test.py::test_url",
      "lineno": 30,
      "outcome": "passed",
      "keywords": [
        "test_url",
        "filelink_test.py",
        "tests",
        "filestack@filestack-python__0e44e337__requests__treq",
        ""
      ],
      "setup": {
        "outcome": "passed"
      },
      "call": {
        "outcome": "passed"
      },
      "teardown": {
        "outcome": "passed"
      }
    },
    {
      "nodeid": "tests/filelink_test.py::test_signed_url[None-security=p:eyJjYWxsIjogWyJyZWFkIl0sICJleHBpcnkiOiAxMDIzODIzOX0=,s:858d1ee9c0a1f06283e495f78dc7950ff6e64136ce960465f35539791fcd486b]",
      "lineno": 35,
      "outcome": "passed",
      "keywords": [
        "test_signed_url[None-security=p:eyJjYWxsIjogWyJyZWFkIl0sICJleHBpcnkiOiAxMDIzODIzOX0=,s:858d1ee9c0a1f06283e495f78dc7950ff6e64136ce960465f35539791fcd486b]",
        "parametrize",
        "pytestmark",
        "None-security=p:eyJjYWxsIjogWyJyZWFkIl0sICJleHBpcnkiOiAxMDIzODIzOX0=,s:858d1ee9c0a1f06283e495f78dc7950ff6e64136ce960465f35539791fcd486b",
        "filelink_test.py",
        "tests",
        "filestack@filestack-python__0e44e337__requests__treq",
        ""
      ],
      "setup": {
        "outcome": "passed"
      },
      "call": {
        "outcome": "passed"
      },
      "teardown": {
        "outcome": "passed"
      }
    },
    {
      "nodeid": "tests/filelink_test.py::test_signed_url[security_obj1-security=p:eyJjYWxsIjogWyJ3cml0ZSJdLCAiZXhwaXJ5IjogMTY1NTk5MjQzMn0=,s:625cc5b9beab3e939fb53935f7795919c9f57f628d43adfc14566d2ad9a4ad47]",
      "lineno": 35,
      "outcome": "passed",
      "keywords": [
        "test_signed_url[security_obj1-security=p:eyJjYWxsIjogWyJ3cml0ZSJdLCAiZXhwaXJ5IjogMTY1NTk5MjQzMn0=,s:625cc5b9beab3e939fb53935f7795919c9f57f628d43adfc14566d2ad9a4ad47]",
        "parametrize",
        "pytestmark",
        "security_obj1-security=p:eyJjYWxsIjogWyJ3cml0ZSJdLCAiZXhwaXJ5IjogMTY1NTk5MjQzMn0=,s:625cc5b9beab3e939fb53935f7795919c9f57f628d43adfc14566d2ad9a4ad47",
        "filelink_test.py",
        "tests",
        "filestack@filestack-python__0e44e337__requests__treq",
        ""
      ],
      "setup": {
        "outcome": "passed"
      },
      "call": {
        "outcome": "passed"
      },
      "teardown": {
        "outcome": "passed"
      }
    },
    {
      "nodeid": "tests/filelink_test.py::test_get_content",
      "lineno": 55,
      "outcome": "failed",
      "keywords": [
        "test_get_content",
        "__wrapped__",
        "filelink_test.py",
        "tests",
        "filestack@filestack-python__0e44e337__requests__treq",
        ""
      ],
      "setup": {
        "outcome": "passed"
      },
      "call": {
        "outcome": "failed",
        "crash": {
          "path": "D:\\repos\\filestack@filestack-python__0e44e337__requests__treq\\tests\\filelink_test.py",
          "lineno": 62,
          "message": "AssertionError: assert <coroutine object CommonMixin.get_content at 0x000002209DB132E0> == b'file-content'"
        },
        "traceback": [
          {
            "path": "tests\\filelink_test.py",
            "lineno": 62,
            "message": "AssertionError"
          }
        ],
        "longrepr": "filelink = <Filelink SOMEHANDLE>\n\n    @responses.activate\n    def test_get_content(filelink):\n        responses.add(\n            responses.GET, 'https://cdn.filestackcontent.com/{}'.format(HANDLE), body=b'file-content'\n        )\n        content = filelink.get_content()\n>       assert content == b'file-content'\nE       AssertionError: assert <coroutine object CommonMixin.get_content at 0x000002209DB132E0> == b'file-content'\n\ntests\\filelink_test.py:62: AssertionError"
      },
      "teardown": {
        "outcome": "passed"
      }
    },
    {
      "nodeid": "tests/filelink_test.py::test_bad_call",
      "lineno": 64,
      "outcome": "failed",
      "keywords": [
        "test_bad_call",
        "__wrapped__",
        "filelink_test.py",
        "tests",
        "filestack@filestack-python__0e44e337__requests__treq",
        ""
      ],
      "setup": {
        "outcome": "passed"
      },
      "call": {
        "outcome": "failed",
        "crash": {
          "path": "D:\\repos\\filestack@filestack-python__0e44e337__requests__treq\\tests\\filelink_test.py",
          "lineno": 70,
          "message": "Failed: DID NOT RAISE <class 'filestack.exceptions.FilestackHTTPError'>"
        },
        "traceback": [
          {
            "path": "tests\\filelink_test.py",
            "lineno": 70,
            "message": "Failed"
          }
        ],
        "longrepr": "filelink = <Filelink SOMEHANDLE>\n\n    @responses.activate\n    def test_bad_call(filelink):\n        responses.add(\n            responses.GET, 'https://cdn.filestackcontent.com/{}'.format(HANDLE), status=400\n        )\n>       with pytest.raises(exceptions.FilestackHTTPError):\nE       Failed: DID NOT RAISE <class 'filestack.exceptions.FilestackHTTPError'>\n\ntests\\filelink_test.py:70: Failed"
      },
      "teardown": {
        "outcome": "passed"
      }
    },
    {
      "nodeid": "tests/filelink_test.py::test_metadata[None-None-expected_params0]",
      "lineno": 73,
      "outcome": "failed",
      "keywords": [
        "test_metadata[None-None-expected_params0]",
        "parametrize",
        "__wrapped__",
        "pytestmark",
        "None-None-expected_params0",
        "filelink_test.py",
        "tests",
        "filestack@filestack-python__0e44e337__requests__treq",
        ""
      ],
      "setup": {
        "outcome": "passed"
      },
      "call": {
        "outcome": "failed",
        "crash": {
          "path": "D:\\repos\\filestack@filestack-python__0e44e337__requests__treq\\tests\\filelink_test.py",
          "lineno": 103,
          "message": "AssertionError: assert <Deferred at 0x2209dbb6870> == {'metadata': 'content'}\n  \n  Use -v to get more diff"
        },
        "traceback": [
          {
            "path": "tests\\filelink_test.py",
            "lineno": 103,
            "message": "AssertionError"
          }
        ],
        "longrepr": "attributes = None, security = None, expected_params = {}\nfilelink = <Filelink SOMEHANDLE>\n\n    @pytest.mark.parametrize('attributes, security, expected_params', [\n        (None, None, {}),\n        (\n            None,\n            Security({'expiry': 123}, 'secret'),\n            {\n                'policy': 'eyJleHBpcnkiOiAxMjN9',\n                'signature': '4de8b7441b3daf0d68b4f8ebcf7e015d07aef43a1295476a1dde1aed327abc01'\n            }\n        ),\n        (\n            ['size', 'filename'],\n            Security({'expiry': 123}, 'secret'),\n            {\n                'size': 'true',\n                'filename': 'true',\n                'policy': 'eyJleHBpcnkiOiAxMjN9',\n                'signature': '4de8b7441b3daf0d68b4f8ebcf7e015d07aef43a1295476a1dde1aed327abc01'\n            }\n        ),\n    ])\n    @responses.activate\n    def test_metadata(attributes, security, expected_params, filelink):\n        responses.add(\n            responses.GET,\n            re.compile('https://cdn.filestackcontent.com/SOMEHANDLE/metadata.*'),\n            json={'metadata': 'content'}\n        )\n        metadata_response = filelink.metadata(attributes_list=attributes, security=security)\n>       assert metadata_response == {'metadata': 'content'}\nE       AssertionError: assert <Deferred at 0x2209dbb6870> == {'metadata': 'content'}\nE         \nE         Use -v to get more diff\n\ntests\\filelink_test.py:103: AssertionError"
      },
      "teardown": {
        "outcome": "passed"
      }
    },
    {
      "nodeid": "tests/filelink_test.py::test_metadata[None-security1-expected_params1]",
      "lineno": 73,
      "outcome": "failed",
      "keywords": [
        "test_metadata[None-security1-expected_params1]",
        "parametrize",
        "__wrapped__",
        "pytestmark",
        "None-security1-expected_params1",
        "filelink_test.py",
        "tests",
        "filestack@filestack-python__0e44e337__requests__treq",
        ""
      ],
      "setup": {
        "outcome": "passed"
      },
      "call": {
        "outcome": "failed",
        "crash": {
          "path": "D:\\repos\\filestack@filestack-python__0e44e337__requests__treq\\tests\\filelink_test.py",
          "lineno": 103,
          "message": "AssertionError: assert <Deferred at 0x2209dbea270> == {'metadata': 'content'}\n  \n  Use -v to get more diff"
        },
        "traceback": [
          {
            "path": "tests\\filelink_test.py",
            "lineno": 103,
            "message": "AssertionError"
          }
        ],
        "longrepr": "attributes = None\nsecurity = <filestack.models.security.Security object at 0x000002209D839280>\nexpected_params = {'policy': 'eyJleHBpcnkiOiAxMjN9', 'signature': '4de8b7441b3daf0d68b4f8ebcf7e015d07aef43a1295476a1dde1aed327abc01'}\nfilelink = <Filelink SOMEHANDLE>\n\n    @pytest.mark.parametrize('attributes, security, expected_params', [\n        (None, None, {}),\n        (\n            None,\n            Security({'expiry': 123}, 'secret'),\n            {\n                'policy': 'eyJleHBpcnkiOiAxMjN9',\n                'signature': '4de8b7441b3daf0d68b4f8ebcf7e015d07aef43a1295476a1dde1aed327abc01'\n            }\n        ),\n        (\n            ['size', 'filename'],\n            Security({'expiry': 123}, 'secret'),\n            {\n                'size': 'true',\n                'filename': 'true',\n                'policy': 'eyJleHBpcnkiOiAxMjN9',\n                'signature': '4de8b7441b3daf0d68b4f8ebcf7e015d07aef43a1295476a1dde1aed327abc01'\n            }\n        ),\n    ])\n    @responses.activate\n    def test_metadata(attributes, security, expected_params, filelink):\n        responses.add(\n            responses.GET,\n            re.compile('https://cdn.filestackcontent.com/SOMEHANDLE/metadata.*'),\n            json={'metadata': 'content'}\n        )\n        metadata_response = filelink.metadata(attributes_list=attributes, security=security)\n>       assert metadata_response == {'metadata': 'content'}\nE       AssertionError: assert <Deferred at 0x2209dbea270> == {'metadata': 'content'}\nE         \nE         Use -v to get more diff\n\ntests\\filelink_test.py:103: AssertionError"
      },
      "teardown": {
        "outcome": "passed"
      }
    },
    {
      "nodeid": "tests/filelink_test.py::test_metadata[attributes2-security2-expected_params2]",
      "lineno": 73,
      "outcome": "failed",
      "keywords": [
        "test_metadata[attributes2-security2-expected_params2]",
        "parametrize",
        "__wrapped__",
        "pytestmark",
        "attributes2-security2-expected_params2",
        "filelink_test.py",
        "tests",
        "filestack@filestack-python__0e44e337__requests__treq",
        ""
      ],
      "setup": {
        "outcome": "passed"
      },
      "call": {
        "outcome": "failed",
        "crash": {
          "path": "D:\\repos\\filestack@filestack-python__0e44e337__requests__treq\\tests\\filelink_test.py",
          "lineno": 103,
          "message": "AssertionError: assert <Deferred at 0x2209dbea300> == {'metadata': 'content'}\n  \n  Use -v to get more diff"
        },
        "traceback": [
          {
            "path": "tests\\filelink_test.py",
            "lineno": 103,
            "message": "AssertionError"
          }
        ],
        "longrepr": "attributes = ['size', 'filename']\nsecurity = <filestack.models.security.Security object at 0x000002209D839250>\nexpected_params = {'filename': 'true', 'policy': 'eyJleHBpcnkiOiAxMjN9', 'signature': '4de8b7441b3daf0d68b4f8ebcf7e015d07aef43a1295476a1dde1aed327abc01', 'size': 'true'}\nfilelink = <Filelink SOMEHANDLE>\n\n    @pytest.mark.parametrize('attributes, security, expected_params', [\n        (None, None, {}),\n        (\n            None,\n            Security({'expiry': 123}, 'secret'),\n            {\n                'policy': 'eyJleHBpcnkiOiAxMjN9',\n                'signature': '4de8b7441b3daf0d68b4f8ebcf7e015d07aef43a1295476a1dde1aed327abc01'\n            }\n        ),\n        (\n            ['size', 'filename'],\n            Security({'expiry': 123}, 'secret'),\n            {\n                'size': 'true',\n                'filename': 'true',\n                'policy': 'eyJleHBpcnkiOiAxMjN9',\n                'signature': '4de8b7441b3daf0d68b4f8ebcf7e015d07aef43a1295476a1dde1aed327abc01'\n            }\n        ),\n    ])\n    @responses.activate\n    def test_metadata(attributes, security, expected_params, filelink):\n        responses.add(\n            responses.GET,\n            re.compile('https://cdn.filestackcontent.com/SOMEHANDLE/metadata.*'),\n            json={'metadata': 'content'}\n        )\n        metadata_response = filelink.metadata(attributes_list=attributes, security=security)\n>       assert metadata_response == {'metadata': 'content'}\nE       AssertionError: assert <Deferred at 0x2209dbea300> == {'metadata': 'content'}\nE         \nE         Use -v to get more diff\n\ntests\\filelink_test.py:103: AssertionError"
      },
      "teardown": {
        "outcome": "passed"
      }
    },
    {
      "nodeid": "tests/filelink_test.py::test_download",
      "lineno": 106,
      "outcome": "failed",
      "keywords": [
        "test_download",
        "__wrapped__",
        "filelink_test.py",
        "tests",
        "filestack@filestack-python__0e44e337__requests__treq",
        ""
      ],
      "setup": {
        "outcome": "passed"
      },
      "call": {
        "outcome": "failed",
        "crash": {
          "path": "D:\\repos\\filestack@filestack-python__0e44e337__requests__treq\\tests\\filelink_test.py",
          "lineno": 115,
          "message": "assert <coroutine object CommonMixin.download at 0x000002209DCE9CF0> == 12"
        },
        "traceback": [
          {
            "path": "tests\\filelink_test.py",
            "lineno": 115,
            "message": "AssertionError"
          }
        ],
        "longrepr": "filelink = <Filelink SOMEHANDLE>\n\n    @responses.activate\n    def test_download(filelink):\n        responses.add(\n            responses.GET, 'https://cdn.filestackcontent.com/{}'.format(HANDLE), body=b'file-content'\n        )\n        m = mock_open()\n        with patch('filestack.mixins.common.open', m):\n            file_size = filelink.download('tests/data/test_download.jpg')\n>           assert file_size == 12\nE           assert <coroutine object CommonMixin.download at 0x000002209DCE9CF0> == 12\n\ntests\\filelink_test.py:115: AssertionError"
      },
      "teardown": {
        "outcome": "passed"
      }
    },
    {
      "nodeid": "tests/filelink_test.py::test_tags_without_security",
      "lineno": 118,
      "outcome": "failed",
      "keywords": [
        "test_tags_without_security",
        "filelink_test.py",
        "tests",
        "filestack@filestack-python__0e44e337__requests__treq",
        ""
      ],
      "setup": {
        "outcome": "passed"
      },
      "call": {
        "outcome": "failed",
        "crash": {
          "path": "D:\\repos\\filestack@filestack-python__0e44e337__requests__treq\\tests\\filelink_test.py",
          "lineno": 120,
          "message": "Failed: DID NOT RAISE <class 'Exception'>"
        },
        "traceback": [
          {
            "path": "tests\\filelink_test.py",
            "lineno": 120,
            "message": "Failed"
          }
        ],
        "longrepr": "filelink = <Filelink SOMEHANDLE>\n\n    def test_tags_without_security(filelink):\n>       with pytest.raises(Exception, match=r'Security is required'):\nE       Failed: DID NOT RAISE <class 'Exception'>\n\ntests\\filelink_test.py:120: Failed"
      },
      "teardown": {
        "outcome": "passed"
      }
    },
    {
      "nodeid": "tests/filelink_test.py::test_tags",
      "lineno": 123,
      "outcome": "failed",
      "keywords": [
        "test_tags",
        "__wrapped__",
        "filelink_test.py",
        "tests",
        "filestack@filestack-python__0e44e337__requests__treq",
        ""
      ],
      "setup": {
        "outcome": "passed"
      },
      "call": {
        "outcome": "failed",
        "crash": {
          "path": "D:\\repos\\filestack@filestack-python__0e44e337__requests__treq\\tests\\filelink_test.py",
          "lineno": 130,
          "message": "AssertionError: assert <coroutine object CommonMixin.tags at 0x000002209DBD0C70> == {'tags': {'cat': 98}}\n +  where <coroutine object CommonMixin.tags at 0x000002209DBD0C70> = tags()\n +    where tags = <Filelink SOMEHANDLE>.tags"
        },
        "traceback": [
          {
            "path": "tests\\filelink_test.py",
            "lineno": 130,
            "message": "AssertionError"
          }
        ],
        "longrepr": "secure_filelink = <Filelink SOMEHANDLE>\n\n    @responses.activate\n    def test_tags(secure_filelink):\n        responses.add(\n            responses.GET, re.compile('https://cdn.filestackcontent.com/tags/.*/{}$'.format(HANDLE)),\n            json={'tags': {'cat': 98}}\n        )\n>       assert secure_filelink.tags() == {'tags': {'cat': 98}}\nE       AssertionError: assert <coroutine object CommonMixin.tags at 0x000002209DBD0C70> == {'tags': {'cat': 98}}\nE        +  where <coroutine object CommonMixin.tags at 0x000002209DBD0C70> = tags()\nE        +    where tags = <Filelink SOMEHANDLE>.tags\n\ntests\\filelink_test.py:130: AssertionError"
      },
      "teardown": {
        "outcome": "passed"
      }
    },
    {
      "nodeid": "tests/filelink_test.py::test_tags_on_transformation",
      "lineno": 133,
      "outcome": "failed",
      "keywords": [
        "test_tags_on_transformation",
        "__wrapped__",
        "filelink_test.py",
        "tests",
        "filestack@filestack-python__0e44e337__requests__treq",
        ""
      ],
      "setup": {
        "outcome": "passed"
      },
      "call": {
        "outcome": "failed",
        "crash": {
          "path": "D:\\repos\\filestack@filestack-python__0e44e337__requests__treq\\tests\\filelink_test.py",
          "lineno": 142,
          "message": "AssertionError: assert <coroutine object CommonMixin.tags at 0x000002209DBD0F40> == {'tags': {'cat': 99}}\n +  where <coroutine object CommonMixin.tags at 0x000002209DBD0F40> = tags()\n +    where tags = <filestack.models.transformation.Transformation object at 0x000002209DD2F950>.tags"
        },
        "traceback": [
          {
            "path": "tests\\filelink_test.py",
            "lineno": 142,
            "message": "AssertionError"
          }
        ],
        "longrepr": "secure_filelink = <Filelink SOMEHANDLE>\n\n    @responses.activate\n    def test_tags_on_transformation(secure_filelink):\n        transformation = secure_filelink.resize(width=100)\n        image_tags = {'tags': {'cat': 99}}\n        responses.add(\n            responses.GET, re.compile('{}/resize.*/{}$'.format(config.CDN_URL, HANDLE)),\n            json=image_tags\n        )\n>       assert transformation.tags() == image_tags\nE       AssertionError: assert <coroutine object CommonMixin.tags at 0x000002209DBD0F40> == {'tags': {'cat': 99}}\nE        +  where <coroutine object CommonMixin.tags at 0x000002209DBD0F40> = tags()\nE        +    where tags = <filestack.models.transformation.Transformation object at 0x000002209DD2F950>.tags\n\ntests\\filelink_test.py:142: AssertionError"
      },
      "teardown": {
        "outcome": "passed"
      }
    },
    {
      "nodeid": "tests/filelink_test.py::test_sfw_without_security",
      "lineno": 147,
      "outcome": "failed",
      "keywords": [
        "test_sfw_without_security",
        "filelink_test.py",
        "tests",
        "filestack@filestack-python__0e44e337__requests__treq",
        ""
      ],
      "setup": {
        "outcome": "passed"
      },
      "call": {
        "outcome": "failed",
        "crash": {
          "path": "D:\\repos\\filestack@filestack-python__0e44e337__requests__treq\\tests\\filelink_test.py",
          "lineno": 149,
          "message": "Failed: DID NOT RAISE <class 'Exception'>"
        },
        "traceback": [
          {
            "path": "tests\\filelink_test.py",
            "lineno": 149,
            "message": "Failed"
          }
        ],
        "longrepr": "filelink = <Filelink SOMEHANDLE>\n\n    def test_sfw_without_security(filelink):\n>       with pytest.raises(Exception, match=r'Security is required'):\nE       Failed: DID NOT RAISE <class 'Exception'>\n\ntests\\filelink_test.py:149: Failed"
      },
      "teardown": {
        "outcome": "passed"
      }
    },
    {
      "nodeid": "tests/filelink_test.py::test_sfw",
      "lineno": 152,
      "outcome": "failed",
      "keywords": [
        "test_sfw",
        "__wrapped__",
        "filelink_test.py",
        "tests",
        "filestack@filestack-python__0e44e337__requests__treq",
        ""
      ],
      "setup": {
        "outcome": "passed"
      },
      "call": {
        "outcome": "failed",
        "crash": {
          "path": "D:\\repos\\filestack@filestack-python__0e44e337__requests__treq\\tests\\filelink_test.py",
          "lineno": 157,
          "message": "AssertionError: assert <coroutine object CommonMixin.sfw at 0x000002209DBD13F0> == {'sfw': False}\n +  where <coroutine object CommonMixin.sfw at 0x000002209DBD13F0> = sfw()\n +    where sfw = <Filelink SOMEHANDLE>.sfw"
        },
        "traceback": [
          {
            "path": "tests\\filelink_test.py",
            "lineno": 157,
            "message": "AssertionError"
          }
        ],
        "longrepr": "secure_filelink = <Filelink SOMEHANDLE>\n\n    @responses.activate\n    def test_sfw(secure_filelink):\n        sfw_response = {'sfw': False}\n        responses.add(responses.GET, re.compile('{}.*'.format(config.CDN_URL)), json=sfw_response)\n>       assert secure_filelink.sfw() == sfw_response\nE       AssertionError: assert <coroutine object CommonMixin.sfw at 0x000002209DBD13F0> == {'sfw': False}\nE        +  where <coroutine object CommonMixin.sfw at 0x000002209DBD13F0> = sfw()\nE        +    where sfw = <Filelink SOMEHANDLE>.sfw\n\ntests\\filelink_test.py:157: AssertionError"
      },
      "teardown": {
        "outcome": "passed"
      }
    },
    {
      "nodeid": "tests/filelink_test.py::test_sfw_on_transformation",
      "lineno": 160,
      "outcome": "failed",
      "keywords": [
        "test_sfw_on_transformation",
        "__wrapped__",
        "filelink_test.py",
        "tests",
        "filestack@filestack-python__0e44e337__requests__treq",
        ""
      ],
      "setup": {
        "outcome": "passed"
      },
      "call": {
        "outcome": "failed",
        "crash": {
          "path": "D:\\repos\\filestack@filestack-python__0e44e337__requests__treq\\tests\\filelink_test.py",
          "lineno": 166,
          "message": "AssertionError: assert <coroutine object CommonMixin.sfw at 0x000002209DB10B80> == {'sfw': True}\n +  where <coroutine object CommonMixin.sfw at 0x000002209DB10B80> = sfw()\n +    where sfw = <filestack.models.transformation.Transformation object at 0x000002209DD3F110>.sfw"
        },
        "traceback": [
          {
            "path": "tests\\filelink_test.py",
            "lineno": 166,
            "message": "AssertionError"
          }
        ],
        "longrepr": "secure_filelink = <Filelink SOMEHANDLE>\n\n    @responses.activate\n    def test_sfw_on_transformation(secure_filelink):\n        transformation = secure_filelink.resize(width=100)\n        sfw_response = {'sfw': True}\n        responses.add(responses.GET, re.compile('{}/resize.*'.format(config.CDN_URL)), json=sfw_response)\n>       assert transformation.sfw() == sfw_response\nE       AssertionError: assert <coroutine object CommonMixin.sfw at 0x000002209DB10B80> == {'sfw': True}\nE        +  where <coroutine object CommonMixin.sfw at 0x000002209DB10B80> = sfw()\nE        +    where sfw = <filestack.models.transformation.Transformation object at 0x000002209DD3F110>.sfw\n\ntests\\filelink_test.py:166: AssertionError"
      },
      "teardown": {
        "outcome": "passed"
      }
    },
    {
      "nodeid": "tests/filelink_test.py::test_overwrite_without_security",
      "lineno": 171,
      "outcome": "failed",
      "keywords": [
        "test_overwrite_without_security",
        "filelink_test.py",
        "tests",
        "filestack@filestack-python__0e44e337__requests__treq",
        ""
      ],
      "setup": {
        "outcome": "passed"
      },
      "call": {
        "outcome": "failed",
        "crash": {
          "path": "D:\\repos\\filestack@filestack-python__0e44e337__requests__treq\\tests\\filelink_test.py",
          "lineno": 173,
          "message": "Failed: DID NOT RAISE <class 'Exception'>"
        },
        "traceback": [
          {
            "path": "tests\\filelink_test.py",
            "lineno": 173,
            "message": "Failed"
          }
        ],
        "longrepr": "filelink = <Filelink SOMEHANDLE>\n\n    def test_overwrite_without_security(filelink):\n>       with pytest.raises(Exception, match='Security is required'):\nE       Failed: DID NOT RAISE <class 'Exception'>\n\ntests\\filelink_test.py:173: Failed"
      },
      "teardown": {
        "outcome": "passed",
        "stderr": "Unhandled error in Deferred:\n\nTraceback (most recent call last):\n  File \"D:\\repos\\filestack@filestack-python__0e44e337__requests__treq\\.venv\\Lib\\site-packages\\twisted\\internet\\defer.py\", line 2017, in _inlineCallbacks\n    result = context.run(gen.send, result)\n  File \"D:\\repos\\filestack@filestack-python__0e44e337__requests__treq\\filestack\\models\\filelink.py\", line 120, in overwrite\n    raise Exception('Security is required to overwrite filelink')\nbuiltins.Exception: Security is required to overwrite filelink\n\n"
      }
    },
    {
      "nodeid": "tests/filelink_test.py::test_invalid_overwrite_call",
      "lineno": 176,
      "outcome": "failed",
      "keywords": [
        "test_invalid_overwrite_call",
        "filelink_test.py",
        "tests",
        "filestack@filestack-python__0e44e337__requests__treq",
        ""
      ],
      "setup": {
        "outcome": "passed"
      },
      "call": {
        "outcome": "failed",
        "crash": {
          "path": "D:\\repos\\filestack@filestack-python__0e44e337__requests__treq\\tests\\filelink_test.py",
          "lineno": 178,
          "message": "Failed: DID NOT RAISE <class 'Exception'>"
        },
        "traceback": [
          {
            "path": "tests\\filelink_test.py",
            "lineno": 178,
            "message": "Failed"
          }
        ],
        "longrepr": "secure_filelink = <Filelink SOMEHANDLE>\n\n    def test_invalid_overwrite_call(secure_filelink):\n>       with pytest.raises(Exception, match='filepath, file_obj or url argument must be provided'):\nE       Failed: DID NOT RAISE <class 'Exception'>\n\ntests\\filelink_test.py:178: Failed"
      },
      "teardown": {
        "outcome": "passed",
        "stderr": "Unhandled error in Deferred:\n\nTraceback (most recent call last):\n  File \"D:\\repos\\filestack@filestack-python__0e44e337__requests__treq\\.venv\\Lib\\site-packages\\twisted\\internet\\defer.py\", line 2017, in _inlineCallbacks\n    result = context.run(gen.send, result)\n  File \"D:\\repos\\filestack@filestack-python__0e44e337__requests__treq\\filestack\\models\\filelink.py\", line 138, in overwrite\n    raise Exception('filepath, file_obj or url argument must be provided')\nbuiltins.Exception: filepath, file_obj or url argument must be provided\n\n"
      }
    },
    {
      "nodeid": "tests/filelink_test.py::test_overwrite_with_url[True]",
      "lineno": 181,
      "outcome": "failed",
      "keywords": [
        "test_overwrite_with_url[True]",
        "parametrize",
        "__wrapped__",
        "patchings",
        "pytestmark",
        "True",
        "filelink_test.py",
        "tests",
        "filestack@filestack-python__0e44e337__requests__treq",
        ""
      ],
      "setup": {
        "outcome": "passed"
      },
      "call": {
        "outcome": "failed",
        "crash": {
          "path": "C:\\Users\\Mohay\\AppData\\Local\\Programs\\Python\\Python312\\Lib\\pkgutil.py",
          "lineno": 528,
          "message": "AttributeError: module 'filestack.models.filelink' has no attribute 'requests'"
        },
        "traceback": [
          {
            "path": "C:\\Users\\Mohay\\AppData\\Local\\Programs\\Python\\Python312\\Lib\\unittest\\mock.py",
            "lineno": 1387,
            "message": ""
          },
          {
            "path": "C:\\Users\\Mohay\\AppData\\Local\\Programs\\Python\\Python312\\Lib\\contextlib.py",
            "lineno": 137,
            "message": "in __enter__"
          },
          {
            "path": "C:\\Users\\Mohay\\AppData\\Local\\Programs\\Python\\Python312\\Lib\\unittest\\mock.py",
            "lineno": 1369,
            "message": "in decoration_helper"
          },
          {
            "path": "C:\\Users\\Mohay\\AppData\\Local\\Programs\\Python\\Python312\\Lib\\contextlib.py",
            "lineno": 526,
            "message": "in enter_context"
          },
          {
            "path": "C:\\Users\\Mohay\\AppData\\Local\\Programs\\Python\\Python312\\Lib\\unittest\\mock.py",
            "lineno": 1442,
            "message": "in __enter__"
          },
          {
            "path": "C:\\Users\\Mohay\\AppData\\Local\\Programs\\Python\\Python312\\Lib\\pkgutil.py",
            "lineno": 528,
            "message": "AttributeError"
          }
        ],
        "longrepr": "args = ()\nkeywargs = {'decode_base64': True, 'secure_filelink': <Filelink SOMEHANDLE>}\n\n    @wraps(func)\n    def patched(*args, **keywargs):\n>       with self.decoration_helper(patched,\n                                    args,\n                                    keywargs) as (newargs, newkeywargs):\n\nC:\\Users\\Mohay\\AppData\\Local\\Programs\\Python\\Python312\\Lib\\unittest\\mock.py:1387: \n_ _ _ _ _ _ _ _ _ _ _ _ _ _ _ _ _ _ _ _ _ _ _ _ _ _ _ _ _ _ _ _ _ _ _ _ _ _ _ _\nC:\\Users\\Mohay\\AppData\\Local\\Programs\\Python\\Python312\\Lib\\contextlib.py:137: in __enter__\n    return next(self.gen)\nC:\\Users\\Mohay\\AppData\\Local\\Programs\\Python\\Python312\\Lib\\unittest\\mock.py:1369: in decoration_helper\n    arg = exit_stack.enter_context(patching)\nC:\\Users\\Mohay\\AppData\\Local\\Programs\\Python\\Python312\\Lib\\contextlib.py:526: in enter_context\n    result = _enter(cm)\nC:\\Users\\Mohay\\AppData\\Local\\Programs\\Python\\Python312\\Lib\\unittest\\mock.py:1442: in __enter__\n    self.target = self.getter()\n_ _ _ _ _ _ _ _ _ _ _ _ _ _ _ _ _ _ _ _ _ _ _ _ _ _ _ _ _ _ _ _ _ _ _ _ _ _ _ _\n\nname = 'filestack.models.filelink.requests'\n\n    def resolve_name(name):\n        \"\"\"\n        Resolve a name to an object.\n    \n        It is expected that `name` will be a string in one of the following\n        formats, where W is shorthand for a valid Python identifier and dot stands\n        for a literal period in these pseudo-regexes:\n    \n        W(.W)*\n        W(.W)*:(W(.W)*)?\n    \n        The first form is intended for backward compatibility only. It assumes that\n        some part of the dotted name is a package, and the rest is an object\n        somewhere within that package, possibly nested inside other objects.\n        Because the place where the package stops and the object hierarchy starts\n        can't be inferred by inspection, repeated attempts to import must be done\n        with this form.\n    \n        In the second form, the caller makes the division point clear through the\n        provision of a single colon: the dotted name to the left of the colon is a\n        package to be imported, and the dotted name to the right is the object\n        hierarchy within that package. Only one import is needed in this form. If\n        it ends with the colon, then a module object is returned.\n    \n        The function will return an object (which might be a module), or raise one\n        of the following exceptions:\n    \n        ValueError - if `name` isn't in a recognised format\n        ImportError - if an import failed when it shouldn't have\n        AttributeError - if a failure occurred when traversing the object hierarchy\n                         within the imported package to get to the desired object.\n        \"\"\"\n        global _NAME_PATTERN\n        if _NAME_PATTERN is None:\n            # Lazy import to speedup Python startup time\n            import re\n            dotted_words = r'(?!\\d)(\\w+)(\\.(?!\\d)(\\w+))*'\n            _NAME_PATTERN = re.compile(f'^(?P<pkg>{dotted_words})'\n                                       f'(?P<cln>:(?P<obj>{dotted_words})?)?$',\n                                       re.UNICODE)\n    \n        m = _NAME_PATTERN.match(name)\n        if not m:\n            raise ValueError(f'invalid format: {name!r}')\n        gd = m.groupdict()\n        if gd.get('cln'):\n            # there is a colon - a one-step import is all that's needed\n            mod = importlib.import_module(gd['pkg'])\n            parts = gd.get('obj')\n            parts = parts.split('.') if parts else []\n        else:\n            # no colon - have to iterate to find the package boundary\n            parts = name.split('.')\n            modname = parts.pop(0)\n            # first part *must* be a module/package.\n            mod = importlib.import_module(modname)\n            while parts:\n                p = parts[0]\n                s = f'{modname}.{p}'\n                try:\n                    mod = importlib.import_module(s)\n                    parts.pop(0)\n                    modname = s\n                except ImportError:\n                    break\n        # if we reach this point, mod is the module, already imported, and\n        # parts is the list of parts in the object hierarchy to be traversed, or\n        # an empty list if just the module is wanted.\n        result = mod\n        for p in parts:\n>           result = getattr(result, p)\nE           AttributeError: module 'filestack.models.filelink' has no attribute 'requests'\n\nC:\\Users\\Mohay\\AppData\\Local\\Programs\\Python\\Python312\\Lib\\pkgutil.py:528: AttributeError"
      },
      "teardown": {
        "outcome": "passed"
      }
    },
    {
      "nodeid": "tests/filelink_test.py::test_overwrite_with_url[False]",
      "lineno": 181,
      "outcome": "failed",
      "keywords": [
        "test_overwrite_with_url[False]",
        "parametrize",
        "__wrapped__",
        "patchings",
        "pytestmark",
        "False",
        "filelink_test.py",
        "tests",
        "filestack@filestack-python__0e44e337__requests__treq",
        ""
      ],
      "setup": {
        "outcome": "passed"
      },
      "call": {
        "outcome": "failed",
        "crash": {
          "path": "C:\\Users\\Mohay\\AppData\\Local\\Programs\\Python\\Python312\\Lib\\pkgutil.py",
          "lineno": 528,
          "message": "AttributeError: module 'filestack.models.filelink' has no attribute 'requests'"
        },
        "traceback": [
          {
            "path": "C:\\Users\\Mohay\\AppData\\Local\\Programs\\Python\\Python312\\Lib\\unittest\\mock.py",
            "lineno": 1387,
            "message": ""
          },
          {
            "path": "C:\\Users\\Mohay\\AppData\\Local\\Programs\\Python\\Python312\\Lib\\contextlib.py",
            "lineno": 137,
            "message": "in __enter__"
          },
          {
            "path": "C:\\Users\\Mohay\\AppData\\Local\\Programs\\Python\\Python312\\Lib\\unittest\\mock.py",
            "lineno": 1369,
            "message": "in decoration_helper"
          },
          {
            "path": "C:\\Users\\Mohay\\AppData\\Local\\Programs\\Python\\Python312\\Lib\\contextlib.py",
            "lineno": 526,
            "message": "in enter_context"
          },
          {
            "path": "C:\\Users\\Mohay\\AppData\\Local\\Programs\\Python\\Python312\\Lib\\unittest\\mock.py",
            "lineno": 1442,
            "message": "in __enter__"
          },
          {
            "path": "C:\\Users\\Mohay\\AppData\\Local\\Programs\\Python\\Python312\\Lib\\pkgutil.py",
            "lineno": 528,
            "message": "AttributeError"
          }
        ],
        "longrepr": "args = ()\nkeywargs = {'decode_base64': False, 'secure_filelink': <Filelink SOMEHANDLE>}\n\n    @wraps(func)\n    def patched(*args, **keywargs):\n>       with self.decoration_helper(patched,\n                                    args,\n                                    keywargs) as (newargs, newkeywargs):\n\nC:\\Users\\Mohay\\AppData\\Local\\Programs\\Python\\Python312\\Lib\\unittest\\mock.py:1387: \n_ _ _ _ _ _ _ _ _ _ _ _ _ _ _ _ _ _ _ _ _ _ _ _ _ _ _ _ _ _ _ _ _ _ _ _ _ _ _ _\nC:\\Users\\Mohay\\AppData\\Local\\Programs\\Python\\Python312\\Lib\\contextlib.py:137: in __enter__\n    return next(self.gen)\nC:\\Users\\Mohay\\AppData\\Local\\Programs\\Python\\Python312\\Lib\\unittest\\mock.py:1369: in decoration_helper\n    arg = exit_stack.enter_context(patching)\nC:\\Users\\Mohay\\AppData\\Local\\Programs\\Python\\Python312\\Lib\\contextlib.py:526: in enter_context\n    result = _enter(cm)\nC:\\Users\\Mohay\\AppData\\Local\\Programs\\Python\\Python312\\Lib\\unittest\\mock.py:1442: in __enter__\n    self.target = self.getter()\n_ _ _ _ _ _ _ _ _ _ _ _ _ _ _ _ _ _ _ _ _ _ _ _ _ _ _ _ _ _ _ _ _ _ _ _ _ _ _ _\n\nname = 'filestack.models.filelink.requests'\n\n    def resolve_name(name):\n        \"\"\"\n        Resolve a name to an object.\n    \n        It is expected that `name` will be a string in one of the following\n        formats, where W is shorthand for a valid Python identifier and dot stands\n        for a literal period in these pseudo-regexes:\n    \n        W(.W)*\n        W(.W)*:(W(.W)*)?\n    \n        The first form is intended for backward compatibility only. It assumes that\n        some part of the dotted name is a package, and the rest is an object\n        somewhere within that package, possibly nested inside other objects.\n        Because the place where the package stops and the object hierarchy starts\n        can't be inferred by inspection, repeated attempts to import must be done\n        with this form.\n    \n        In the second form, the caller makes the division point clear through the\n        provision of a single colon: the dotted name to the left of the colon is a\n        package to be imported, and the dotted name to the right is the object\n        hierarchy within that package. Only one import is needed in this form. If\n        it ends with the colon, then a module object is returned.\n    \n        The function will return an object (which might be a module), or raise one\n        of the following exceptions:\n    \n        ValueError - if `name` isn't in a recognised format\n        ImportError - if an import failed when it shouldn't have\n        AttributeError - if a failure occurred when traversing the object hierarchy\n                         within the imported package to get to the desired object.\n        \"\"\"\n        global _NAME_PATTERN\n        if _NAME_PATTERN is None:\n            # Lazy import to speedup Python startup time\n            import re\n            dotted_words = r'(?!\\d)(\\w+)(\\.(?!\\d)(\\w+))*'\n            _NAME_PATTERN = re.compile(f'^(?P<pkg>{dotted_words})'\n                                       f'(?P<cln>:(?P<obj>{dotted_words})?)?$',\n                                       re.UNICODE)\n    \n        m = _NAME_PATTERN.match(name)\n        if not m:\n            raise ValueError(f'invalid format: {name!r}')\n        gd = m.groupdict()\n        if gd.get('cln'):\n            # there is a colon - a one-step import is all that's needed\n            mod = importlib.import_module(gd['pkg'])\n            parts = gd.get('obj')\n            parts = parts.split('.') if parts else []\n        else:\n            # no colon - have to iterate to find the package boundary\n            parts = name.split('.')\n            modname = parts.pop(0)\n            # first part *must* be a module/package.\n            mod = importlib.import_module(modname)\n            while parts:\n                p = parts[0]\n                s = f'{modname}.{p}'\n                try:\n                    mod = importlib.import_module(s)\n                    parts.pop(0)\n                    modname = s\n                except ImportError:\n                    break\n        # if we reach this point, mod is the module, already imported, and\n        # parts is the list of parts in the object hierarchy to be traversed, or\n        # an empty list if just the module is wanted.\n        result = mod\n        for p in parts:\n>           result = getattr(result, p)\nE           AttributeError: module 'filestack.models.filelink' has no attribute 'requests'\n\nC:\\Users\\Mohay\\AppData\\Local\\Programs\\Python\\Python312\\Lib\\pkgutil.py:528: AttributeError"
      },
      "teardown": {
        "outcome": "passed"
      }
    },
    {
      "nodeid": "tests/filelink_test.py::test_overwrite_with_filepath",
      "lineno": 196,
      "outcome": "failed",
      "keywords": [
        "test_overwrite_with_filepath",
        "__wrapped__",
        "patchings",
        "filelink_test.py",
        "tests",
        "filestack@filestack-python__0e44e337__requests__treq",
        ""
      ],
      "setup": {
        "outcome": "passed"
      },
      "call": {
        "outcome": "failed",
        "crash": {
          "path": "C:\\Users\\Mohay\\AppData\\Local\\Programs\\Python\\Python312\\Lib\\pkgutil.py",
          "lineno": 528,
          "message": "AttributeError: module 'filestack.models.filelink' has no attribute 'requests'"
        },
        "traceback": [
          {
            "path": "C:\\Users\\Mohay\\AppData\\Local\\Programs\\Python\\Python312\\Lib\\unittest\\mock.py",
            "lineno": 1387,
            "message": ""
          },
          {
            "path": "C:\\Users\\Mohay\\AppData\\Local\\Programs\\Python\\Python312\\Lib\\contextlib.py",
            "lineno": 137,
            "message": "in __enter__"
          },
          {
            "path": "C:\\Users\\Mohay\\AppData\\Local\\Programs\\Python\\Python312\\Lib\\unittest\\mock.py",
            "lineno": 1369,
            "message": "in decoration_helper"
          },
          {
            "path": "C:\\Users\\Mohay\\AppData\\Local\\Programs\\Python\\Python312\\Lib\\contextlib.py",
            "lineno": 526,
            "message": "in enter_context"
          },
          {
            "path": "C:\\Users\\Mohay\\AppData\\Local\\Programs\\Python\\Python312\\Lib\\unittest\\mock.py",
            "lineno": 1442,
            "message": "in __enter__"
          },
          {
            "path": "C:\\Users\\Mohay\\AppData\\Local\\Programs\\Python\\Python312\\Lib\\pkgutil.py",
            "lineno": 528,
            "message": "AttributeError"
          }
        ],
        "longrepr": "args = (), keywargs = {'secure_filelink': <Filelink SOMEHANDLE>}\n\n    @wraps(func)\n    def patched(*args, **keywargs):\n>       with self.decoration_helper(patched,\n                                    args,\n                                    keywargs) as (newargs, newkeywargs):\n\nC:\\Users\\Mohay\\AppData\\Local\\Programs\\Python\\Python312\\Lib\\unittest\\mock.py:1387: \n_ _ _ _ _ _ _ _ _ _ _ _ _ _ _ _ _ _ _ _ _ _ _ _ _ _ _ _ _ _ _ _ _ _ _ _ _ _ _ _\nC:\\Users\\Mohay\\AppData\\Local\\Programs\\Python\\Python312\\Lib\\contextlib.py:137: in __enter__\n    return next(self.gen)\nC:\\Users\\Mohay\\AppData\\Local\\Programs\\Python\\Python312\\Lib\\unittest\\mock.py:1369: in decoration_helper\n    arg = exit_stack.enter_context(patching)\nC:\\Users\\Mohay\\AppData\\Local\\Programs\\Python\\Python312\\Lib\\contextlib.py:526: in enter_context\n    result = _enter(cm)\nC:\\Users\\Mohay\\AppData\\Local\\Programs\\Python\\Python312\\Lib\\unittest\\mock.py:1442: in __enter__\n    self.target = self.getter()\n_ _ _ _ _ _ _ _ _ _ _ _ _ _ _ _ _ _ _ _ _ _ _ _ _ _ _ _ _ _ _ _ _ _ _ _ _ _ _ _\n\nname = 'filestack.models.filelink.requests'\n\n    def resolve_name(name):\n        \"\"\"\n        Resolve a name to an object.\n    \n        It is expected that `name` will be a string in one of the following\n        formats, where W is shorthand for a valid Python identifier and dot stands\n        for a literal period in these pseudo-regexes:\n    \n        W(.W)*\n        W(.W)*:(W(.W)*)?\n    \n        The first form is intended for backward compatibility only. It assumes that\n        some part of the dotted name is a package, and the rest is an object\n        somewhere within that package, possibly nested inside other objects.\n        Because the place where the package stops and the object hierarchy starts\n        can't be inferred by inspection, repeated attempts to import must be done\n        with this form.\n    \n        In the second form, the caller makes the division point clear through the\n        provision of a single colon: the dotted name to the left of the colon is a\n        package to be imported, and the dotted name to the right is the object\n        hierarchy within that package. Only one import is needed in this form. If\n        it ends with the colon, then a module object is returned.\n    \n        The function will return an object (which might be a module), or raise one\n        of the following exceptions:\n    \n        ValueError - if `name` isn't in a recognised format\n        ImportError - if an import failed when it shouldn't have\n        AttributeError - if a failure occurred when traversing the object hierarchy\n                         within the imported package to get to the desired object.\n        \"\"\"\n        global _NAME_PATTERN\n        if _NAME_PATTERN is None:\n            # Lazy import to speedup Python startup time\n            import re\n            dotted_words = r'(?!\\d)(\\w+)(\\.(?!\\d)(\\w+))*'\n            _NAME_PATTERN = re.compile(f'^(?P<pkg>{dotted_words})'\n                                       f'(?P<cln>:(?P<obj>{dotted_words})?)?$',\n                                       re.UNICODE)\n    \n        m = _NAME_PATTERN.match(name)\n        if not m:\n            raise ValueError(f'invalid format: {name!r}')\n        gd = m.groupdict()\n        if gd.get('cln'):\n            # there is a colon - a one-step import is all that's needed\n            mod = importlib.import_module(gd['pkg'])\n            parts = gd.get('obj')\n            parts = parts.split('.') if parts else []\n        else:\n            # no colon - have to iterate to find the package boundary\n            parts = name.split('.')\n            modname = parts.pop(0)\n            # first part *must* be a module/package.\n            mod = importlib.import_module(modname)\n            while parts:\n                p = parts[0]\n                s = f'{modname}.{p}'\n                try:\n                    mod = importlib.import_module(s)\n                    parts.pop(0)\n                    modname = s\n                except ImportError:\n                    break\n        # if we reach this point, mod is the module, already imported, and\n        # parts is the list of parts in the object hierarchy to be traversed, or\n        # an empty list if just the module is wanted.\n        result = mod\n        for p in parts:\n>           result = getattr(result, p)\nE           AttributeError: module 'filestack.models.filelink' has no attribute 'requests'\n\nC:\\Users\\Mohay\\AppData\\Local\\Programs\\Python\\Python312\\Lib\\pkgutil.py:528: AttributeError"
      },
      "teardown": {
        "outcome": "passed"
      }
    },
    {
      "nodeid": "tests/filelink_test.py::test_overwrite_with_file_obj",
      "lineno": 212,
      "outcome": "failed",
      "keywords": [
        "test_overwrite_with_file_obj",
        "__wrapped__",
        "patchings",
        "filelink_test.py",
        "tests",
        "filestack@filestack-python__0e44e337__requests__treq",
        ""
      ],
      "setup": {
        "outcome": "passed"
      },
      "call": {
        "outcome": "failed",
        "crash": {
          "path": "C:\\Users\\Mohay\\AppData\\Local\\Programs\\Python\\Python312\\Lib\\pkgutil.py",
          "lineno": 528,
          "message": "AttributeError: module 'filestack.models.filelink' has no attribute 'requests'"
        },
        "traceback": [
          {
            "path": "C:\\Users\\Mohay\\AppData\\Local\\Programs\\Python\\Python312\\Lib\\unittest\\mock.py",
            "lineno": 1387,
            "message": ""
          },
          {
            "path": "C:\\Users\\Mohay\\AppData\\Local\\Programs\\Python\\Python312\\Lib\\contextlib.py",
            "lineno": 137,
            "message": "in __enter__"
          },
          {
            "path": "C:\\Users\\Mohay\\AppData\\Local\\Programs\\Python\\Python312\\Lib\\unittest\\mock.py",
            "lineno": 1369,
            "message": "in decoration_helper"
          },
          {
            "path": "C:\\Users\\Mohay\\AppData\\Local\\Programs\\Python\\Python312\\Lib\\contextlib.py",
            "lineno": 526,
            "message": "in enter_context"
          },
          {
            "path": "C:\\Users\\Mohay\\AppData\\Local\\Programs\\Python\\Python312\\Lib\\unittest\\mock.py",
            "lineno": 1442,
            "message": "in __enter__"
          },
          {
            "path": "C:\\Users\\Mohay\\AppData\\Local\\Programs\\Python\\Python312\\Lib\\pkgutil.py",
            "lineno": 528,
            "message": "AttributeError"
          }
        ],
        "longrepr": "args = (), keywargs = {'secure_filelink': <Filelink SOMEHANDLE>}\n\n    @wraps(func)\n    def patched(*args, **keywargs):\n>       with self.decoration_helper(patched,\n                                    args,\n                                    keywargs) as (newargs, newkeywargs):\n\nC:\\Users\\Mohay\\AppData\\Local\\Programs\\Python\\Python312\\Lib\\unittest\\mock.py:1387: \n_ _ _ _ _ _ _ _ _ _ _ _ _ _ _ _ _ _ _ _ _ _ _ _ _ _ _ _ _ _ _ _ _ _ _ _ _ _ _ _\nC:\\Users\\Mohay\\AppData\\Local\\Programs\\Python\\Python312\\Lib\\contextlib.py:137: in __enter__\n    return next(self.gen)\nC:\\Users\\Mohay\\AppData\\Local\\Programs\\Python\\Python312\\Lib\\unittest\\mock.py:1369: in decoration_helper\n    arg = exit_stack.enter_context(patching)\nC:\\Users\\Mohay\\AppData\\Local\\Programs\\Python\\Python312\\Lib\\contextlib.py:526: in enter_context\n    result = _enter(cm)\nC:\\Users\\Mohay\\AppData\\Local\\Programs\\Python\\Python312\\Lib\\unittest\\mock.py:1442: in __enter__\n    self.target = self.getter()\n_ _ _ _ _ _ _ _ _ _ _ _ _ _ _ _ _ _ _ _ _ _ _ _ _ _ _ _ _ _ _ _ _ _ _ _ _ _ _ _\n\nname = 'filestack.models.filelink.requests'\n\n    def resolve_name(name):\n        \"\"\"\n        Resolve a name to an object.\n    \n        It is expected that `name` will be a string in one of the following\n        formats, where W is shorthand for a valid Python identifier and dot stands\n        for a literal period in these pseudo-regexes:\n    \n        W(.W)*\n        W(.W)*:(W(.W)*)?\n    \n        The first form is intended for backward compatibility only. It assumes that\n        some part of the dotted name is a package, and the rest is an object\n        somewhere within that package, possibly nested inside other objects.\n        Because the place where the package stops and the object hierarchy starts\n        can't be inferred by inspection, repeated attempts to import must be done\n        with this form.\n    \n        In the second form, the caller makes the division point clear through the\n        provision of a single colon: the dotted name to the left of the colon is a\n        package to be imported, and the dotted name to the right is the object\n        hierarchy within that package. Only one import is needed in this form. If\n        it ends with the colon, then a module object is returned.\n    \n        The function will return an object (which might be a module), or raise one\n        of the following exceptions:\n    \n        ValueError - if `name` isn't in a recognised format\n        ImportError - if an import failed when it shouldn't have\n        AttributeError - if a failure occurred when traversing the object hierarchy\n                         within the imported package to get to the desired object.\n        \"\"\"\n        global _NAME_PATTERN\n        if _NAME_PATTERN is None:\n            # Lazy import to speedup Python startup time\n            import re\n            dotted_words = r'(?!\\d)(\\w+)(\\.(?!\\d)(\\w+))*'\n            _NAME_PATTERN = re.compile(f'^(?P<pkg>{dotted_words})'\n                                       f'(?P<cln>:(?P<obj>{dotted_words})?)?$',\n                                       re.UNICODE)\n    \n        m = _NAME_PATTERN.match(name)\n        if not m:\n            raise ValueError(f'invalid format: {name!r}')\n        gd = m.groupdict()\n        if gd.get('cln'):\n            # there is a colon - a one-step import is all that's needed\n            mod = importlib.import_module(gd['pkg'])\n            parts = gd.get('obj')\n            parts = parts.split('.') if parts else []\n        else:\n            # no colon - have to iterate to find the package boundary\n            parts = name.split('.')\n            modname = parts.pop(0)\n            # first part *must* be a module/package.\n            mod = importlib.import_module(modname)\n            while parts:\n                p = parts[0]\n                s = f'{modname}.{p}'\n                try:\n                    mod = importlib.import_module(s)\n                    parts.pop(0)\n                    modname = s\n                except ImportError:\n                    break\n        # if we reach this point, mod is the module, already imported, and\n        # parts is the list of parts in the object hierarchy to be traversed, or\n        # an empty list if just the module is wanted.\n        result = mod\n        for p in parts:\n>           result = getattr(result, p)\nE           AttributeError: module 'filestack.models.filelink' has no attribute 'requests'\n\nC:\\Users\\Mohay\\AppData\\Local\\Programs\\Python\\Python312\\Lib\\pkgutil.py:528: AttributeError"
      },
      "teardown": {
        "outcome": "passed"
      }
    },
    {
      "nodeid": "tests/filelink_test.py::test_delete_without_apikey_or_security[flink0-Security is required]",
      "lineno": 227,
      "outcome": "failed",
      "keywords": [
        "test_delete_without_apikey_or_security[flink0-Security is required]",
        "parametrize",
        "pytestmark",
        "flink0-Security is required",
        "filelink_test.py",
        "tests",
        "filestack@filestack-python__0e44e337__requests__treq",
        ""
      ],
      "setup": {
        "outcome": "passed"
      },
      "call": {
        "outcome": "failed",
        "crash": {
          "path": "D:\\repos\\filestack@filestack-python__0e44e337__requests__treq\\tests\\filelink_test.py",
          "lineno": 233,
          "message": "Failed: DID NOT RAISE <class 'Exception'>"
        },
        "traceback": [
          {
            "path": "tests\\filelink_test.py",
            "lineno": 233,
            "message": "Failed"
          }
        ],
        "longrepr": "flink = <Filelink handle>, exc_message = 'Security is required'\n\n    @pytest.mark.parametrize('flink, exc_message', [\n        (Filelink('handle', apikey=APIKEY), 'Security is required'),\n        (Filelink('handle', security=SECURITY), 'Apikey is required')\n    ])\n    def test_delete_without_apikey_or_security(flink, exc_message):\n>       with pytest.raises(Exception, match=exc_message):\nE       Failed: DID NOT RAISE <class 'Exception'>\n\ntests\\filelink_test.py:233: Failed"
      },
      "teardown": {
        "outcome": "passed",
        "stderr": "Unhandled error in Deferred:\n\nTraceback (most recent call last):\n  File \"D:\\repos\\filestack@filestack-python__0e44e337__requests__treq\\.venv\\Lib\\site-packages\\twisted\\internet\\defer.py\", line 2017, in _inlineCallbacks\n    result = context.run(gen.send, result)\n  File \"D:\\repos\\filestack@filestack-python__0e44e337__requests__treq\\filestack\\models\\filelink.py\", line 88, in delete\n    raise Exception('Security is required to delete filelink')\nbuiltins.Exception: Security is required to delete filelink\n\n"
      }
    },
    {
      "nodeid": "tests/filelink_test.py::test_delete_without_apikey_or_security[flink1-Apikey is required]",
      "lineno": 227,
      "outcome": "failed",
      "keywords": [
        "test_delete_without_apikey_or_security[flink1-Apikey is required]",
        "parametrize",
        "pytestmark",
        "flink1-Apikey is required",
        "filelink_test.py",
        "tests",
        "filestack@filestack-python__0e44e337__requests__treq",
        ""
      ],
      "setup": {
        "outcome": "passed"
      },
      "call": {
        "outcome": "failed",
        "crash": {
          "path": "D:\\repos\\filestack@filestack-python__0e44e337__requests__treq\\tests\\filelink_test.py",
          "lineno": 233,
          "message": "Failed: DID NOT RAISE <class 'Exception'>"
        },
        "traceback": [
          {
            "path": "tests\\filelink_test.py",
            "lineno": 233,
            "message": "Failed"
          }
        ],
        "longrepr": "flink = <Filelink handle>, exc_message = 'Apikey is required'\n\n    @pytest.mark.parametrize('flink, exc_message', [\n        (Filelink('handle', apikey=APIKEY), 'Security is required'),\n        (Filelink('handle', security=SECURITY), 'Apikey is required')\n    ])\n    def test_delete_without_apikey_or_security(flink, exc_message):\n>       with pytest.raises(Exception, match=exc_message):\nE       Failed: DID NOT RAISE <class 'Exception'>\n\ntests\\filelink_test.py:233: Failed"
      },
      "teardown": {
        "outcome": "passed",
        "stderr": "Unhandled error in Deferred:\n\nTraceback (most recent call last):\n  File \"D:\\repos\\filestack@filestack-python__0e44e337__requests__treq\\.venv\\Lib\\site-packages\\twisted\\internet\\defer.py\", line 2017, in _inlineCallbacks\n    result = context.run(gen.send, result)\n  File \"D:\\repos\\filestack@filestack-python__0e44e337__requests__treq\\filestack\\models\\filelink.py\", line 91, in delete\n    raise Exception('Apikey is required to delete filelink')\nbuiltins.Exception: Apikey is required to delete filelink\n\n"
      }
    },
    {
      "nodeid": "tests/filelink_test.py::test_successful_delete[flink0-security_arg0]",
      "lineno": 236,
      "outcome": "failed",
      "keywords": [
        "test_successful_delete[flink0-security_arg0]",
        "parametrize",
        "__wrapped__",
        "patchings",
        "pytestmark",
        "flink0-security_arg0",
        "filelink_test.py",
        "tests",
        "filestack@filestack-python__0e44e337__requests__treq",
        ""
      ],
      "setup": {
        "outcome": "passed"
      },
      "call": {
        "outcome": "failed",
        "crash": {
          "path": "C:\\Users\\Mohay\\AppData\\Local\\Programs\\Python\\Python312\\Lib\\pkgutil.py",
          "lineno": 528,
          "message": "AttributeError: module 'filestack.models.filelink' has no attribute 'requests'"
        },
        "traceback": [
          {
            "path": "C:\\Users\\Mohay\\AppData\\Local\\Programs\\Python\\Python312\\Lib\\unittest\\mock.py",
            "lineno": 1387,
            "message": ""
          },
          {
            "path": "C:\\Users\\Mohay\\AppData\\Local\\Programs\\Python\\Python312\\Lib\\contextlib.py",
            "lineno": 137,
            "message": "in __enter__"
          },
          {
            "path": "C:\\Users\\Mohay\\AppData\\Local\\Programs\\Python\\Python312\\Lib\\unittest\\mock.py",
            "lineno": 1369,
            "message": "in decoration_helper"
          },
          {
            "path": "C:\\Users\\Mohay\\AppData\\Local\\Programs\\Python\\Python312\\Lib\\contextlib.py",
            "lineno": 526,
            "message": "in enter_context"
          },
          {
            "path": "C:\\Users\\Mohay\\AppData\\Local\\Programs\\Python\\Python312\\Lib\\unittest\\mock.py",
            "lineno": 1442,
            "message": "in __enter__"
          },
          {
            "path": "C:\\Users\\Mohay\\AppData\\Local\\Programs\\Python\\Python312\\Lib\\pkgutil.py",
            "lineno": 528,
            "message": "AttributeError"
          }
        ],
        "longrepr": "args = ()\nkeywargs = {'flink': <Filelink SOMEHANDLE>, 'security_arg': <filestack.models.security.Security object at 0x000002209D827FB0>}\n\n    @wraps(func)\n    def patched(*args, **keywargs):\n>       with self.decoration_helper(patched,\n                                    args,\n                                    keywargs) as (newargs, newkeywargs):\n\nC:\\Users\\Mohay\\AppData\\Local\\Programs\\Python\\Python312\\Lib\\unittest\\mock.py:1387: \n_ _ _ _ _ _ _ _ _ _ _ _ _ _ _ _ _ _ _ _ _ _ _ _ _ _ _ _ _ _ _ _ _ _ _ _ _ _ _ _\nC:\\Users\\Mohay\\AppData\\Local\\Programs\\Python\\Python312\\Lib\\contextlib.py:137: in __enter__\n    return next(self.gen)\nC:\\Users\\Mohay\\AppData\\Local\\Programs\\Python\\Python312\\Lib\\unittest\\mock.py:1369: in decoration_helper\n    arg = exit_stack.enter_context(patching)\nC:\\Users\\Mohay\\AppData\\Local\\Programs\\Python\\Python312\\Lib\\contextlib.py:526: in enter_context\n    result = _enter(cm)\nC:\\Users\\Mohay\\AppData\\Local\\Programs\\Python\\Python312\\Lib\\unittest\\mock.py:1442: in __enter__\n    self.target = self.getter()\n_ _ _ _ _ _ _ _ _ _ _ _ _ _ _ _ _ _ _ _ _ _ _ _ _ _ _ _ _ _ _ _ _ _ _ _ _ _ _ _\n\nname = 'filestack.models.filelink.requests'\n\n    def resolve_name(name):\n        \"\"\"\n        Resolve a name to an object.\n    \n        It is expected that `name` will be a string in one of the following\n        formats, where W is shorthand for a valid Python identifier and dot stands\n        for a literal period in these pseudo-regexes:\n    \n        W(.W)*\n        W(.W)*:(W(.W)*)?\n    \n        The first form is intended for backward compatibility only. It assumes that\n        some part of the dotted name is a package, and the rest is an object\n        somewhere within that package, possibly nested inside other objects.\n        Because the place where the package stops and the object hierarchy starts\n        can't be inferred by inspection, repeated attempts to import must be done\n        with this form.\n    \n        In the second form, the caller makes the division point clear through the\n        provision of a single colon: the dotted name to the left of the colon is a\n        package to be imported, and the dotted name to the right is the object\n        hierarchy within that package. Only one import is needed in this form. If\n        it ends with the colon, then a module object is returned.\n    \n        The function will return an object (which might be a module), or raise one\n        of the following exceptions:\n    \n        ValueError - if `name` isn't in a recognised format\n        ImportError - if an import failed when it shouldn't have\n        AttributeError - if a failure occurred when traversing the object hierarchy\n                         within the imported package to get to the desired object.\n        \"\"\"\n        global _NAME_PATTERN\n        if _NAME_PATTERN is None:\n            # Lazy import to speedup Python startup time\n            import re\n            dotted_words = r'(?!\\d)(\\w+)(\\.(?!\\d)(\\w+))*'\n            _NAME_PATTERN = re.compile(f'^(?P<pkg>{dotted_words})'\n                                       f'(?P<cln>:(?P<obj>{dotted_words})?)?$',\n                                       re.UNICODE)\n    \n        m = _NAME_PATTERN.match(name)\n        if not m:\n            raise ValueError(f'invalid format: {name!r}')\n        gd = m.groupdict()\n        if gd.get('cln'):\n            # there is a colon - a one-step import is all that's needed\n            mod = importlib.import_module(gd['pkg'])\n            parts = gd.get('obj')\n            parts = parts.split('.') if parts else []\n        else:\n            # no colon - have to iterate to find the package boundary\n            parts = name.split('.')\n            modname = parts.pop(0)\n            # first part *must* be a module/package.\n            mod = importlib.import_module(modname)\n            while parts:\n                p = parts[0]\n                s = f'{modname}.{p}'\n                try:\n                    mod = importlib.import_module(s)\n                    parts.pop(0)\n                    modname = s\n                except ImportError:\n                    break\n        # if we reach this point, mod is the module, already imported, and\n        # parts is the list of parts in the object hierarchy to be traversed, or\n        # an empty list if just the module is wanted.\n        result = mod\n        for p in parts:\n>           result = getattr(result, p)\nE           AttributeError: module 'filestack.models.filelink' has no attribute 'requests'\n\nC:\\Users\\Mohay\\AppData\\Local\\Programs\\Python\\Python312\\Lib\\pkgutil.py:528: AttributeError"
      },
      "teardown": {
        "outcome": "passed"
      }
    },
    {
      "nodeid": "tests/filelink_test.py::test_successful_delete[flink1-None]",
      "lineno": 236,
      "outcome": "failed",
      "keywords": [
        "test_successful_delete[flink1-None]",
        "parametrize",
        "__wrapped__",
        "patchings",
        "pytestmark",
        "flink1-None",
        "filelink_test.py",
        "tests",
        "filestack@filestack-python__0e44e337__requests__treq",
        ""
      ],
      "setup": {
        "outcome": "passed"
      },
      "call": {
        "outcome": "failed",
        "crash": {
          "path": "C:\\Users\\Mohay\\AppData\\Local\\Programs\\Python\\Python312\\Lib\\pkgutil.py",
          "lineno": 528,
          "message": "AttributeError: module 'filestack.models.filelink' has no attribute 'requests'"
        },
        "traceback": [
          {
            "path": "C:\\Users\\Mohay\\AppData\\Local\\Programs\\Python\\Python312\\Lib\\unittest\\mock.py",
            "lineno": 1387,
            "message": ""
          },
          {
            "path": "C:\\Users\\Mohay\\AppData\\Local\\Programs\\Python\\Python312\\Lib\\contextlib.py",
            "lineno": 137,
            "message": "in __enter__"
          },
          {
            "path": "C:\\Users\\Mohay\\AppData\\Local\\Programs\\Python\\Python312\\Lib\\unittest\\mock.py",
            "lineno": 1369,
            "message": "in decoration_helper"
          },
          {
            "path": "C:\\Users\\Mohay\\AppData\\Local\\Programs\\Python\\Python312\\Lib\\contextlib.py",
            "lineno": 526,
            "message": "in enter_context"
          },
          {
            "path": "C:\\Users\\Mohay\\AppData\\Local\\Programs\\Python\\Python312\\Lib\\unittest\\mock.py",
            "lineno": 1442,
            "message": "in __enter__"
          },
          {
            "path": "C:\\Users\\Mohay\\AppData\\Local\\Programs\\Python\\Python312\\Lib\\pkgutil.py",
            "lineno": 528,
            "message": "AttributeError"
          }
        ],
        "longrepr": "args = (), keywargs = {'flink': <Filelink SOMEHANDLE>, 'security_arg': None}\n\n    @wraps(func)\n    def patched(*args, **keywargs):\n>       with self.decoration_helper(patched,\n                                    args,\n                                    keywargs) as (newargs, newkeywargs):\n\nC:\\Users\\Mohay\\AppData\\Local\\Programs\\Python\\Python312\\Lib\\unittest\\mock.py:1387: \n_ _ _ _ _ _ _ _ _ _ _ _ _ _ _ _ _ _ _ _ _ _ _ _ _ _ _ _ _ _ _ _ _ _ _ _ _ _ _ _\nC:\\Users\\Mohay\\AppData\\Local\\Programs\\Python\\Python312\\Lib\\contextlib.py:137: in __enter__\n    return next(self.gen)\nC:\\Users\\Mohay\\AppData\\Local\\Programs\\Python\\Python312\\Lib\\unittest\\mock.py:1369: in decoration_helper\n    arg = exit_stack.enter_context(patching)\nC:\\Users\\Mohay\\AppData\\Local\\Programs\\Python\\Python312\\Lib\\contextlib.py:526: in enter_context\n    result = _enter(cm)\nC:\\Users\\Mohay\\AppData\\Local\\Programs\\Python\\Python312\\Lib\\unittest\\mock.py:1442: in __enter__\n    self.target = self.getter()\n_ _ _ _ _ _ _ _ _ _ _ _ _ _ _ _ _ _ _ _ _ _ _ _ _ _ _ _ _ _ _ _ _ _ _ _ _ _ _ _\n\nname = 'filestack.models.filelink.requests'\n\n    def resolve_name(name):\n        \"\"\"\n        Resolve a name to an object.\n    \n        It is expected that `name` will be a string in one of the following\n        formats, where W is shorthand for a valid Python identifier and dot stands\n        for a literal period in these pseudo-regexes:\n    \n        W(.W)*\n        W(.W)*:(W(.W)*)?\n    \n        The first form is intended for backward compatibility only. It assumes that\n        some part of the dotted name is a package, and the rest is an object\n        somewhere within that package, possibly nested inside other objects.\n        Because the place where the package stops and the object hierarchy starts\n        can't be inferred by inspection, repeated attempts to import must be done\n        with this form.\n    \n        In the second form, the caller makes the division point clear through the\n        provision of a single colon: the dotted name to the left of the colon is a\n        package to be imported, and the dotted name to the right is the object\n        hierarchy within that package. Only one import is needed in this form. If\n        it ends with the colon, then a module object is returned.\n    \n        The function will return an object (which might be a module), or raise one\n        of the following exceptions:\n    \n        ValueError - if `name` isn't in a recognised format\n        ImportError - if an import failed when it shouldn't have\n        AttributeError - if a failure occurred when traversing the object hierarchy\n                         within the imported package to get to the desired object.\n        \"\"\"\n        global _NAME_PATTERN\n        if _NAME_PATTERN is None:\n            # Lazy import to speedup Python startup time\n            import re\n            dotted_words = r'(?!\\d)(\\w+)(\\.(?!\\d)(\\w+))*'\n            _NAME_PATTERN = re.compile(f'^(?P<pkg>{dotted_words})'\n                                       f'(?P<cln>:(?P<obj>{dotted_words})?)?$',\n                                       re.UNICODE)\n    \n        m = _NAME_PATTERN.match(name)\n        if not m:\n            raise ValueError(f'invalid format: {name!r}')\n        gd = m.groupdict()\n        if gd.get('cln'):\n            # there is a colon - a one-step import is all that's needed\n            mod = importlib.import_module(gd['pkg'])\n            parts = gd.get('obj')\n            parts = parts.split('.') if parts else []\n        else:\n            # no colon - have to iterate to find the package boundary\n            parts = name.split('.')\n            modname = parts.pop(0)\n            # first part *must* be a module/package.\n            mod = importlib.import_module(modname)\n            while parts:\n                p = parts[0]\n                s = f'{modname}.{p}'\n                try:\n                    mod = importlib.import_module(s)\n                    parts.pop(0)\n                    modname = s\n                except ImportError:\n                    break\n        # if we reach this point, mod is the module, already imported, and\n        # parts is the list of parts in the object hierarchy to be traversed, or\n        # an empty list if just the module is wanted.\n        result = mod\n        for p in parts:\n>           result = getattr(result, p)\nE           AttributeError: module 'filestack.models.filelink' has no attribute 'requests'\n\nC:\\Users\\Mohay\\AppData\\Local\\Programs\\Python\\Python312\\Lib\\pkgutil.py:528: AttributeError"
      },
      "teardown": {
        "outcome": "passed"
      }
    },
    {
      "nodeid": "tests/filestack_helpers_test.py::test_webhook_verification[57cbb25386c3d6ff758a7a75cf52ba02cf2b0a1a2d6d5dfb9c886553ca6011cb-True]",
      "lineno": 4,
      "outcome": "passed",
      "keywords": [
        "test_webhook_verification[57cbb25386c3d6ff758a7a75cf52ba02cf2b0a1a2d6d5dfb9c886553ca6011cb-True]",
        "parametrize",
        "pytestmark",
        "57cbb25386c3d6ff758a7a75cf52ba02cf2b0a1a2d6d5dfb9c886553ca6011cb-True",
        "filestack_helpers_test.py",
        "tests",
        "filestack@filestack-python__0e44e337__requests__treq",
        ""
      ],
      "setup": {
        "outcome": "passed"
      },
      "call": {
        "outcome": "passed"
      },
      "teardown": {
        "outcome": "passed"
      }
    },
    {
      "nodeid": "tests/filestack_helpers_test.py::test_webhook_verification[incorrect-signature-False]",
      "lineno": 4,
      "outcome": "passed",
      "keywords": [
        "test_webhook_verification[incorrect-signature-False]",
        "parametrize",
        "pytestmark",
        "incorrect-signature-False",
        "filestack_helpers_test.py",
        "tests",
        "filestack@filestack-python__0e44e337__requests__treq",
        ""
      ],
      "setup": {
        "outcome": "passed"
      },
      "call": {
        "outcome": "passed"
      },
      "teardown": {
        "outcome": "passed"
      }
    },
    {
      "nodeid": "tests/filestack_helpers_test.py::test_agrument_validation[hook-secret-body-should be a dict-value is not a dict]",
      "lineno": 22,
      "outcome": "passed",
      "keywords": [
        "test_agrument_validation[hook-secret-body-should be a dict-value is not a dict]",
        "parametrize",
        "pytestmark",
        "hook-secret-body-should be a dict-value is not a dict",
        "filestack_helpers_test.py",
        "tests",
        "filestack@filestack-python__0e44e337__requests__treq",
        ""
      ],
      "setup": {
        "outcome": "passed"
      },
      "call": {
        "outcome": "passed"
      },
      "teardown": {
        "outcome": "passed"
      }
    },
    {
      "nodeid": "tests/filestack_helpers_test.py::test_agrument_validation[1-body-headers1-value is not a string]",
      "lineno": 22,
      "outcome": "passed",
      "keywords": [
        "test_agrument_validation[1-body-headers1-value is not a string]",
        "parametrize",
        "pytestmark",
        "1-body-headers1-value is not a string",
        "filestack_helpers_test.py",
        "tests",
        "filestack@filestack-python__0e44e337__requests__treq",
        ""
      ],
      "setup": {
        "outcome": "passed"
      },
      "call": {
        "outcome": "passed"
      },
      "teardown": {
        "outcome": "passed"
      }
    },
    {
      "nodeid": "tests/filestack_helpers_test.py::test_agrument_validation[hook-secret--headers2-fs-signature header is missing]",
      "lineno": 22,
      "outcome": "passed",
      "keywords": [
        "test_agrument_validation[hook-secret--headers2-fs-signature header is missing]",
        "parametrize",
        "pytestmark",
        "hook-secret--headers2-fs-signature header is missing",
        "filestack_helpers_test.py",
        "tests",
        "filestack@filestack-python__0e44e337__requests__treq",
        ""
      ],
      "setup": {
        "outcome": "passed"
      },
      "call": {
        "outcome": "passed"
      },
      "teardown": {
        "outcome": "passed"
      }
    },
    {
      "nodeid": "tests/filestack_helpers_test.py::test_agrument_validation[hook-secret-body3-headers3-Invalid webhook body]",
      "lineno": 22,
      "outcome": "passed",
      "keywords": [
        "test_agrument_validation[hook-secret-body3-headers3-Invalid webhook body]",
        "parametrize",
        "pytestmark",
        "hook-secret-body3-headers3-Invalid webhook body",
        "filestack_helpers_test.py",
        "tests",
        "filestack@filestack-python__0e44e337__requests__treq",
        ""
      ],
      "setup": {
        "outcome": "passed"
      },
      "call": {
        "outcome": "passed"
      },
      "teardown": {
        "outcome": "passed"
      }
    },
    {
      "nodeid": "tests/intelligent_ingestion_test.py::test_upload_part_success",
      "lineno": 8,
      "outcome": "failed",
      "keywords": [
        "test_upload_part_success",
        "__wrapped__",
        "intelligent_ingestion_test.py",
        "tests",
        "filestack@filestack-python__0e44e337__requests__treq",
        ""
      ],
      "setup": {
        "outcome": "passed"
      },
      "call": {
        "outcome": "failed",
        "crash": {
          "path": "D:\\repos\\filestack@filestack-python__0e44e337__requests__treq\\.venv\\Lib\\site-packages\\responses\\__init__.py",
          "lineno": 227,
          "message": "IndexError: list index out of range"
        },
        "traceback": [
          {
            "path": "tests\\intelligent_ingestion_test.py",
            "lineno": 23,
            "message": ""
          },
          {
            "path": ".venv\\Lib\\site-packages\\responses\\__init__.py",
            "lineno": 227,
            "message": "IndexError"
          }
        ],
        "longrepr": "@responses.activate\n    def test_upload_part_success():\n        responses.add(\n            responses.POST, 'https://fs-upload.com/multipart/upload',\n            json={'url': 'http://s3.url', 'headers': {'filestack': 'headers'}}\n        )\n        responses.add(responses.PUT, 'http://s3.url')\n        responses.add(responses.POST, 'https://fs-upload.com/multipart/commit')\n    \n        part = {'seek_point': 0, 'num': 1}\n        start_response = {\n            'uri': 'fs-upload.com', 'location_url': 'fs-upload.com', 'region': 'region', 'upload_id': 'abc'\n        }\n        upload_part('Aaaaapikey', 'file.txt', 'tests/data/doom.mp4', 1234, 's3', start_response, part)\n>       multipart_upload_payload = json.loads(responses.calls[0].request.body.decode())\n\ntests\\intelligent_ingestion_test.py:23: \n_ _ _ _ _ _ _ _ _ _ _ _ _ _ _ _ _ _ _ _ _ _ _ _ _ _ _ _ _ _ _ _ _ _ _ _ _ _ _ _\n\nself = <responses.CallList object at 0x000002209BC52270>, idx = 0\n\n    def __getitem__(self, idx):\n>       return self._calls[idx]\nE       IndexError: list index out of range\n\n.venv\\Lib\\site-packages\\responses\\__init__.py:227: IndexError"
      },
      "teardown": {
        "outcome": "passed"
      }
    },
    {
      "nodeid": "tests/intelligent_ingestion_test.py::test_upload_part_with_resize",
      "lineno": 37,
      "outcome": "failed",
      "keywords": [
        "test_upload_part_with_resize",
        "__wrapped__",
        "intelligent_ingestion_test.py",
        "tests",
        "filestack@filestack-python__0e44e337__requests__treq",
        ""
      ],
      "setup": {
        "outcome": "passed"
      },
      "call": {
        "outcome": "failed",
        "crash": {
          "path": "D:\\repos\\filestack@filestack-python__0e44e337__requests__treq\\.venv\\Lib\\site-packages\\responses\\__init__.py",
          "lineno": 806,
          "message": "AssertionError: Expected URL 'https://fs-upload.com/multipart/upload' to be called 3 times. Called 0 times."
        },
        "traceback": [
          {
            "path": "tests\\intelligent_ingestion_test.py",
            "lineno": 54,
            "message": ""
          },
          {
            "path": ".venv\\Lib\\site-packages\\responses\\__init__.py",
            "lineno": 806,
            "message": "AssertionError"
          }
        ],
        "longrepr": "@responses.activate\n    def test_upload_part_with_resize():\n        responses.add(\n            responses.POST, 'https://fs-upload.com/multipart/upload',\n            json={'url': 'https://s3.url', 'headers': {'filestack': 'headers'}}\n        )\n        responses.add(responses.PUT, 'https://s3.url', status=400)\n        responses.add(responses.PUT, 'https://s3.url')  # chunks 1 & 2 of part 1\n        responses.add(responses.POST, 'https://fs-upload.com/multipart/commit')\n    \n        start_response = {\n            'uri': 'fs-upload.com', 'location_url': 'fs-upload.com', 'region': 'region', 'upload_id': 'abc'\n        }\n        part = {'seek_point': 0, 'num': 1}\n        upload_part('Aaaaapikey', 'file.txt', 'tests/data/doom.mp4', 5415034, 's3', start_response, part)\n    \n>       responses.assert_call_count('https://fs-upload.com/multipart/upload', 3)\n\ntests\\intelligent_ingestion_test.py:54: \n_ _ _ _ _ _ _ _ _ _ _ _ _ _ _ _ _ _ _ _ _ _ _ _ _ _ _ _ _ _ _ _ _ _ _ _ _ _ _ _\n\nself = <responses.RequestsMock object at 0x000002209BC52090>\nurl = 'https://fs-upload.com/multipart/upload', count = 3\n\n    def assert_call_count(self, url, count):\n        call_count = len(\n            [\n                1\n                for call in self.calls\n                if call.request.url == _ensure_url_default_path(url)\n            ]\n        )\n        if call_count == count:\n            return True\n        else:\n>           raise AssertionError(\n                \"Expected URL '{0}' to be called {1} times. Called {2} times.\".format(\n                    url, count, call_count\n                )\n            )\nE           AssertionError: Expected URL 'https://fs-upload.com/multipart/upload' to be called 3 times. Called 0 times.\n\n.venv\\Lib\\site-packages\\responses\\__init__.py:806: AssertionError"
      },
      "teardown": {
        "outcome": "passed"
      }
    },
    {
      "nodeid": "tests/intelligent_ingestion_test.py::test_min_chunk_size_exception",
      "lineno": 60,
      "outcome": "failed",
      "keywords": [
        "test_min_chunk_size_exception",
        "__wrapped__",
        "intelligent_ingestion_test.py",
        "tests",
        "filestack@filestack-python__0e44e337__requests__treq",
        ""
      ],
      "setup": {
        "outcome": "passed"
      },
      "call": {
        "outcome": "failed",
        "crash": {
          "path": "D:\\repos\\filestack@filestack-python__0e44e337__requests__treq\\tests\\intelligent_ingestion_test.py",
          "lineno": 74,
          "message": "Failed: DID NOT RAISE <class 'Exception'>"
        },
        "traceback": [
          {
            "path": "tests\\intelligent_ingestion_test.py",
            "lineno": 74,
            "message": "Failed"
          }
        ],
        "longrepr": "@responses.activate\n    def test_min_chunk_size_exception():\n        responses.reset()\n        responses.add(\n            responses.POST, 'https://fs-upload.com/multipart/upload',\n            json={'url': 'https://upload.url', 'headers': {'filestack': 'headers'}}\n        )\n        responses.add(responses.PUT, 'https://upload.url', status=400)\n    \n        part = {'seek_point': 0, 'num': 1}\n        start_response = {\n            'uri': 'fs-upload.com', 'location_url': 'fs-upload.com', 'region': 'region', 'upload_id': 'abc'\n        }\n>       with pytest.raises(Exception, match='Minimal chunk size failed'):\nE       Failed: DID NOT RAISE <class 'Exception'>\n\ntests\\intelligent_ingestion_test.py:74: Failed"
      },
      "teardown": {
        "outcome": "passed"
      }
    },
    {
      "nodeid": "tests/multipart_test.py::test_upload_filepath",
      "lineno": 49,
      "outcome": "skipped",
      "keywords": [
        "test_upload_filepath",
        "asyncio",
        "pytestmark",
        "multipart_test.py",
        "tests",
        "filestack@filestack-python__0e44e337__requests__treq",
        ""
      ],
      "setup": {
        "outcome": "passed"
      },
      "call": {
        "outcome": "skipped",
        "longrepr": "('D:\\\\repos\\\\filestack@filestack-python__0e44e337__requests__treq\\\\.venv\\\\Lib\\\\site-packages\\\\_pytest\\\\python.py', 149, 'Skipped: async def function and no async plugin installed (see warnings)')"
      },
      "teardown": {
        "outcome": "passed"
      }
    },
    {
      "nodeid": "tests/multipart_test.py::test_upload_file_obj",
      "lineno": 57,
      "outcome": "skipped",
      "keywords": [
        "test_upload_file_obj",
        "asyncio",
        "pytestmark",
        "multipart_test.py",
        "tests",
        "filestack@filestack-python__0e44e337__requests__treq",
        ""
      ],
      "setup": {
        "outcome": "passed"
      },
      "call": {
        "outcome": "skipped",
        "longrepr": "('D:\\\\repos\\\\filestack@filestack-python__0e44e337__requests__treq\\\\.venv\\\\Lib\\\\site-packages\\\\_pytest\\\\python.py', 149, 'Skipped: async def function and no async plugin installed (see warnings)')"
      },
      "teardown": {
        "outcome": "passed"
      }
    },
    {
      "nodeid": "tests/multipart_test.py::test_upload_with_workflows",
      "lineno": 68,
      "outcome": "skipped",
      "keywords": [
        "test_upload_with_workflows",
        "asyncio",
        "pytestmark",
        "multipart_test.py",
        "tests",
        "filestack@filestack-python__0e44e337__requests__treq",
        ""
      ],
      "setup": {
        "outcome": "passed"
      },
      "call": {
        "outcome": "skipped",
        "longrepr": "('D:\\\\repos\\\\filestack@filestack-python__0e44e337__requests__treq\\\\.venv\\\\Lib\\\\site-packages\\\\_pytest\\\\python.py', 149, 'Skipped: async def function and no async plugin installed (see warnings)')"
      },
      "teardown": {
        "outcome": "passed"
      }
    },
    {
      "nodeid": "tests/multipart_test.py::test_upload_chunk",
      "lineno": 94,
      "outcome": "skipped",
      "keywords": [
        "test_upload_chunk",
        "asyncio",
        "pytestmark",
        "multipart_test.py",
        "tests",
        "filestack@filestack-python__0e44e337__requests__treq",
        ""
      ],
      "setup": {
        "outcome": "passed"
      },
      "call": {
        "outcome": "skipped",
        "longrepr": "('D:\\\\repos\\\\filestack@filestack-python__0e44e337__requests__treq\\\\.venv\\\\Lib\\\\site-packages\\\\_pytest\\\\python.py', 149, 'Skipped: async def function and no async plugin installed (see warnings)')"
      },
      "teardown": {
        "outcome": "passed"
      }
    },
    {
      "nodeid": "tests/security_test.py::test_security",
      "lineno": 3,
      "outcome": "passed",
      "keywords": [
        "test_security",
        "security_test.py",
        "tests",
        "filestack@filestack-python__0e44e337__requests__treq",
        ""
      ],
      "setup": {
        "outcome": "passed"
      },
      "call": {
        "outcome": "passed"
      },
      "teardown": {
        "outcome": "passed"
      }
    },
    {
      "nodeid": "tests/security_test.py::test_security_as_url_string",
      "lineno": 11,
      "outcome": "passed",
      "keywords": [
        "test_security_as_url_string",
        "security_test.py",
        "tests",
        "filestack@filestack-python__0e44e337__requests__treq",
        ""
      ],
      "setup": {
        "outcome": "passed"
      },
      "call": {
        "outcome": "passed"
      },
      "teardown": {
        "outcome": "passed"
      }
    },
    {
      "nodeid": "tests/tasks_test.py::test_createpdf",
      "lineno": 18,
      "outcome": "passed",
      "keywords": [
        "test_createpdf",
        "tasks_test.py",
        "tests",
        "filestack@filestack-python__0e44e337__requests__treq",
        ""
      ],
      "setup": {
        "outcome": "passed"
      },
      "call": {
        "outcome": "passed"
      },
      "teardown": {
        "outcome": "passed"
      }
    },
    {
      "nodeid": "tests/tasks_test.py::test_animate",
      "lineno": 23,
      "outcome": "passed",
      "keywords": [
        "test_animate",
        "tasks_test.py",
        "tests",
        "filestack@filestack-python__0e44e337__requests__treq",
        ""
      ],
      "setup": {
        "outcome": "passed"
      },
      "call": {
        "outcome": "passed"
      },
      "teardown": {
        "outcome": "passed"
      }
    },
    {
      "nodeid": "tests/tasks_test.py::test_doc_to_images",
      "lineno": 28,
      "outcome": "passed",
      "keywords": [
        "test_doc_to_images",
        "tasks_test.py",
        "tests",
        "filestack@filestack-python__0e44e337__requests__treq",
        ""
      ],
      "setup": {
        "outcome": "passed"
      },
      "call": {
        "outcome": "passed"
      },
      "teardown": {
        "outcome": "passed"
      }
    },
    {
      "nodeid": "tests/tasks_test.py::test_smart_crop",
      "lineno": 33,
      "outcome": "passed",
      "keywords": [
        "test_smart_crop",
        "tasks_test.py",
        "tests",
        "filestack@filestack-python__0e44e337__requests__treq",
        ""
      ],
      "setup": {
        "outcome": "passed"
      },
      "call": {
        "outcome": "passed"
      },
      "teardown": {
        "outcome": "passed"
      }
    },
    {
      "nodeid": "tests/tasks_test.py::test_pdf_convert",
      "lineno": 38,
      "outcome": "passed",
      "keywords": [
        "test_pdf_convert",
        "tasks_test.py",
        "tests",
        "filestack@filestack-python__0e44e337__requests__treq",
        ""
      ],
      "setup": {
        "outcome": "passed"
      },
      "call": {
        "outcome": "passed"
      },
      "teardown": {
        "outcome": "passed"
      }
    },
    {
      "nodeid": "tests/tasks_test.py::test_fallback",
      "lineno": 43,
      "outcome": "passed",
      "keywords": [
        "test_fallback",
        "tasks_test.py",
        "tests",
        "filestack@filestack-python__0e44e337__requests__treq",
        ""
      ],
      "setup": {
        "outcome": "passed"
      },
      "call": {
        "outcome": "passed"
      },
      "teardown": {
        "outcome": "passed"
      }
    },
    {
      "nodeid": "tests/transformation_test.py::test_sanity",
      "lineno": 18,
      "outcome": "passed",
      "keywords": [
        "test_sanity",
        "transformation_test.py",
        "tests",
        "filestack@filestack-python__0e44e337__requests__treq",
        ""
      ],
      "setup": {
        "outcome": "passed"
      },
      "call": {
        "outcome": "passed"
      },
      "teardown": {
        "outcome": "passed"
      }
    },
    {
      "nodeid": "tests/transformation_test.py::test_resize",
      "lineno": 23,
      "outcome": "passed",
      "keywords": [
        "test_resize",
        "transformation_test.py",
        "tests",
        "filestack@filestack-python__0e44e337__requests__treq",
        ""
      ],
      "setup": {
        "outcome": "passed"
      },
      "call": {
        "outcome": "passed"
      },
      "teardown": {
        "outcome": "passed"
      }
    },
    {
      "nodeid": "tests/transformation_test.py::test_crop",
      "lineno": 29,
      "outcome": "passed",
      "keywords": [
        "test_crop",
        "transformation_test.py",
        "tests",
        "filestack@filestack-python__0e44e337__requests__treq",
        ""
      ],
      "setup": {
        "outcome": "passed"
      },
      "call": {
        "outcome": "passed"
      },
      "teardown": {
        "outcome": "passed"
      }
    },
    {
      "nodeid": "tests/transformation_test.py::test_rotate",
      "lineno": 35,
      "outcome": "passed",
      "keywords": [
        "test_rotate",
        "transformation_test.py",
        "tests",
        "filestack@filestack-python__0e44e337__requests__treq",
        ""
      ],
      "setup": {
        "outcome": "passed"
      },
      "call": {
        "outcome": "passed"
      },
      "teardown": {
        "outcome": "passed"
      }
    },
    {
      "nodeid": "tests/transformation_test.py::test_flip",
      "lineno": 41,
      "outcome": "passed",
      "keywords": [
        "test_flip",
        "transformation_test.py",
        "tests",
        "filestack@filestack-python__0e44e337__requests__treq",
        ""
      ],
      "setup": {
        "outcome": "passed"
      },
      "call": {
        "outcome": "passed"
      },
      "teardown": {
        "outcome": "passed"
      }
    },
    {
      "nodeid": "tests/transformation_test.py::test_flop",
      "lineno": 47,
      "outcome": "passed",
      "keywords": [
        "test_flop",
        "transformation_test.py",
        "tests",
        "filestack@filestack-python__0e44e337__requests__treq",
        ""
      ],
      "setup": {
        "outcome": "passed"
      },
      "call": {
        "outcome": "passed"
      },
      "teardown": {
        "outcome": "passed"
      }
    },
    {
      "nodeid": "tests/transformation_test.py::test_watermark",
      "lineno": 53,
      "outcome": "passed",
      "keywords": [
        "test_watermark",
        "transformation_test.py",
        "tests",
        "filestack@filestack-python__0e44e337__requests__treq",
        ""
      ],
      "setup": {
        "outcome": "passed"
      },
      "call": {
        "outcome": "passed"
      },
      "teardown": {
        "outcome": "passed"
      }
    },
    {
      "nodeid": "tests/transformation_test.py::test_detect_faces",
      "lineno": 59,
      "outcome": "passed",
      "keywords": [
        "test_detect_faces",
        "transformation_test.py",
        "tests",
        "filestack@filestack-python__0e44e337__requests__treq",
        ""
      ],
      "setup": {
        "outcome": "passed"
      },
      "call": {
        "outcome": "passed"
      },
      "teardown": {
        "outcome": "passed"
      }
    },
    {
      "nodeid": "tests/transformation_test.py::test_crop_faces",
      "lineno": 65,
      "outcome": "passed",
      "keywords": [
        "test_crop_faces",
        "transformation_test.py",
        "tests",
        "filestack@filestack-python__0e44e337__requests__treq",
        ""
      ],
      "setup": {
        "outcome": "passed"
      },
      "call": {
        "outcome": "passed"
      },
      "teardown": {
        "outcome": "passed"
      }
    },
    {
      "nodeid": "tests/transformation_test.py::test_pixelate_faces",
      "lineno": 72,
      "outcome": "passed",
      "keywords": [
        "test_pixelate_faces",
        "transformation_test.py",
        "tests",
        "filestack@filestack-python__0e44e337__requests__treq",
        ""
      ],
      "setup": {
        "outcome": "passed"
      },
      "call": {
        "outcome": "passed"
      },
      "teardown": {
        "outcome": "passed"
      }
    },
    {
      "nodeid": "tests/transformation_test.py::test_round_corners",
      "lineno": 78,
      "outcome": "passed",
      "keywords": [
        "test_round_corners",
        "transformation_test.py",
        "tests",
        "filestack@filestack-python__0e44e337__requests__treq",
        ""
      ],
      "setup": {
        "outcome": "passed"
      },
      "call": {
        "outcome": "passed"
      },
      "teardown": {
        "outcome": "passed"
      }
    },
    {
      "nodeid": "tests/transformation_test.py::test_vignette",
      "lineno": 84,
      "outcome": "passed",
      "keywords": [
        "test_vignette",
        "transformation_test.py",
        "tests",
        "filestack@filestack-python__0e44e337__requests__treq",
        ""
      ],
      "setup": {
        "outcome": "passed"
      },
      "call": {
        "outcome": "passed"
      },
      "teardown": {
        "outcome": "passed"
      }
    },
    {
      "nodeid": "tests/transformation_test.py::test_polaroid",
      "lineno": 90,
      "outcome": "passed",
      "keywords": [
        "test_polaroid",
        "transformation_test.py",
        "tests",
        "filestack@filestack-python__0e44e337__requests__treq",
        ""
      ],
      "setup": {
        "outcome": "passed"
      },
      "call": {
        "outcome": "passed"
      },
      "teardown": {
        "outcome": "passed"
      }
    },
    {
      "nodeid": "tests/transformation_test.py::test_torn_edges",
      "lineno": 96,
      "outcome": "passed",
      "keywords": [
        "test_torn_edges",
        "transformation_test.py",
        "tests",
        "filestack@filestack-python__0e44e337__requests__treq",
        ""
      ],
      "setup": {
        "outcome": "passed"
      },
      "call": {
        "outcome": "passed"
      },
      "teardown": {
        "outcome": "passed"
      }
    },
    {
      "nodeid": "tests/transformation_test.py::test_shadow",
      "lineno": 102,
      "outcome": "passed",
      "keywords": [
        "test_shadow",
        "transformation_test.py",
        "tests",
        "filestack@filestack-python__0e44e337__requests__treq",
        ""
      ],
      "setup": {
        "outcome": "passed"
      },
      "call": {
        "outcome": "passed"
      },
      "teardown": {
        "outcome": "passed"
      }
    },
    {
      "nodeid": "tests/transformation_test.py::test_circle",
      "lineno": 108,
      "outcome": "passed",
      "keywords": [
        "test_circle",
        "transformation_test.py",
        "tests",
        "filestack@filestack-python__0e44e337__requests__treq",
        ""
      ],
      "setup": {
        "outcome": "passed"
      },
      "call": {
        "outcome": "passed"
      },
      "teardown": {
        "outcome": "passed"
      }
    },
    {
      "nodeid": "tests/transformation_test.py::test_border",
      "lineno": 114,
      "outcome": "passed",
      "keywords": [
        "test_border",
        "transformation_test.py",
        "tests",
        "filestack@filestack-python__0e44e337__requests__treq",
        ""
      ],
      "setup": {
        "outcome": "passed"
      },
      "call": {
        "outcome": "passed"
      },
      "teardown": {
        "outcome": "passed"
      }
    },
    {
      "nodeid": "tests/transformation_test.py::test_sharpen",
      "lineno": 120,
      "outcome": "passed",
      "keywords": [
        "test_sharpen",
        "transformation_test.py",
        "tests",
        "filestack@filestack-python__0e44e337__requests__treq",
        ""
      ],
      "setup": {
        "outcome": "passed"
      },
      "call": {
        "outcome": "passed"
      },
      "teardown": {
        "outcome": "passed"
      }
    },
    {
      "nodeid": "tests/transformation_test.py::test_blur",
      "lineno": 126,
      "outcome": "passed",
      "keywords": [
        "test_blur",
        "transformation_test.py",
        "tests",
        "filestack@filestack-python__0e44e337__requests__treq",
        ""
      ],
      "setup": {
        "outcome": "passed"
      },
      "call": {
        "outcome": "passed"
      },
      "teardown": {
        "outcome": "passed"
      }
    },
    {
      "nodeid": "tests/transformation_test.py::test_monochrome",
      "lineno": 132,
      "outcome": "passed",
      "keywords": [
        "test_monochrome",
        "transformation_test.py",
        "tests",
        "filestack@filestack-python__0e44e337__requests__treq",
        ""
      ],
      "setup": {
        "outcome": "passed"
      },
      "call": {
        "outcome": "passed"
      },
      "teardown": {
        "outcome": "passed"
      }
    },
    {
      "nodeid": "tests/transformation_test.py::test_blackwhite",
      "lineno": 138,
      "outcome": "passed",
      "keywords": [
        "test_blackwhite",
        "transformation_test.py",
        "tests",
        "filestack@filestack-python__0e44e337__requests__treq",
        ""
      ],
      "setup": {
        "outcome": "passed"
      },
      "call": {
        "outcome": "passed"
      },
      "teardown": {
        "outcome": "passed"
      }
    },
    {
      "nodeid": "tests/transformation_test.py::test_sepia",
      "lineno": 144,
      "outcome": "passed",
      "keywords": [
        "test_sepia",
        "transformation_test.py",
        "tests",
        "filestack@filestack-python__0e44e337__requests__treq",
        ""
      ],
      "setup": {
        "outcome": "passed"
      },
      "call": {
        "outcome": "passed"
      },
      "teardown": {
        "outcome": "passed"
      }
    },
    {
      "nodeid": "tests/transformation_test.py::test_pixelate",
      "lineno": 150,
      "outcome": "passed",
      "keywords": [
        "test_pixelate",
        "transformation_test.py",
        "tests",
        "filestack@filestack-python__0e44e337__requests__treq",
        ""
      ],
      "setup": {
        "outcome": "passed"
      },
      "call": {
        "outcome": "passed"
      },
      "teardown": {
        "outcome": "passed"
      }
    },
    {
      "nodeid": "tests/transformation_test.py::test_oil_paint",
      "lineno": 156,
      "outcome": "passed",
      "keywords": [
        "test_oil_paint",
        "transformation_test.py",
        "tests",
        "filestack@filestack-python__0e44e337__requests__treq",
        ""
      ],
      "setup": {
        "outcome": "passed"
      },
      "call": {
        "outcome": "passed"
      },
      "teardown": {
        "outcome": "passed"
      }
    },
    {
      "nodeid": "tests/transformation_test.py::test_negative",
      "lineno": 162,
      "outcome": "passed",
      "keywords": [
        "test_negative",
        "transformation_test.py",
        "tests",
        "filestack@filestack-python__0e44e337__requests__treq",
        ""
      ],
      "setup": {
        "outcome": "passed"
      },
      "call": {
        "outcome": "passed"
      },
      "teardown": {
        "outcome": "passed"
      }
    },
    {
      "nodeid": "tests/transformation_test.py::test_modulate",
      "lineno": 168,
      "outcome": "passed",
      "keywords": [
        "test_modulate",
        "transformation_test.py",
        "tests",
        "filestack@filestack-python__0e44e337__requests__treq",
        ""
      ],
      "setup": {
        "outcome": "passed"
      },
      "call": {
        "outcome": "passed"
      },
      "teardown": {
        "outcome": "passed"
      }
    },
    {
      "nodeid": "tests/transformation_test.py::test_partial_pixelate",
      "lineno": 174,
      "outcome": "passed",
      "keywords": [
        "test_partial_pixelate",
        "transformation_test.py",
        "tests",
        "filestack@filestack-python__0e44e337__requests__treq",
        ""
      ],
      "setup": {
        "outcome": "passed"
      },
      "call": {
        "outcome": "passed"
      },
      "teardown": {
        "outcome": "passed"
      }
    },
    {
      "nodeid": "tests/transformation_test.py::test_partial_blur",
      "lineno": 186,
      "outcome": "passed",
      "keywords": [
        "test_partial_blur",
        "transformation_test.py",
        "tests",
        "filestack@filestack-python__0e44e337__requests__treq",
        ""
      ],
      "setup": {
        "outcome": "passed"
      },
      "call": {
        "outcome": "passed"
      },
      "teardown": {
        "outcome": "passed"
      }
    },
    {
      "nodeid": "tests/transformation_test.py::test_collage",
      "lineno": 198,
      "outcome": "passed",
      "keywords": [
        "test_collage",
        "transformation_test.py",
        "tests",
        "filestack@filestack-python__0e44e337__requests__treq",
        ""
      ],
      "setup": {
        "outcome": "passed"
      },
      "call": {
        "outcome": "passed"
      },
      "teardown": {
        "outcome": "passed"
      }
    },
    {
      "nodeid": "tests/transformation_test.py::test_upscale",
      "lineno": 211,
      "outcome": "passed",
      "keywords": [
        "test_upscale",
        "transformation_test.py",
        "tests",
        "filestack@filestack-python__0e44e337__requests__treq",
        ""
      ],
      "setup": {
        "outcome": "passed"
      },
      "call": {
        "outcome": "passed"
      },
      "teardown": {
        "outcome": "passed"
      }
    },
    {
      "nodeid": "tests/transformation_test.py::test_enhance",
      "lineno": 217,
      "outcome": "passed",
      "keywords": [
        "test_enhance",
        "transformation_test.py",
        "tests",
        "filestack@filestack-python__0e44e337__requests__treq",
        ""
      ],
      "setup": {
        "outcome": "passed"
      },
      "call": {
        "outcome": "passed"
      },
      "teardown": {
        "outcome": "passed"
      }
    },
    {
      "nodeid": "tests/transformation_test.py::test_redeye",
      "lineno": 223,
      "outcome": "passed",
      "keywords": [
        "test_redeye",
        "transformation_test.py",
        "tests",
        "filestack@filestack-python__0e44e337__requests__treq",
        ""
      ],
      "setup": {
        "outcome": "passed"
      },
      "call": {
        "outcome": "passed"
      },
      "teardown": {
        "outcome": "passed"
      }
    },
    {
      "nodeid": "tests/transformation_test.py::test_ascii",
      "lineno": 229,
      "outcome": "passed",
      "keywords": [
        "test_ascii",
        "transformation_test.py",
        "tests",
        "filestack@filestack-python__0e44e337__requests__treq",
        ""
      ],
      "setup": {
        "outcome": "passed"
      },
      "call": {
        "outcome": "passed"
      },
      "teardown": {
        "outcome": "passed"
      }
    },
    {
      "nodeid": "tests/transformation_test.py::test_zip",
      "lineno": 238,
      "outcome": "passed",
      "keywords": [
        "test_zip",
        "transformation_test.py",
        "tests",
        "filestack@filestack-python__0e44e337__requests__treq",
        ""
      ],
      "setup": {
        "outcome": "passed"
      },
      "call": {
        "outcome": "passed"
      },
      "teardown": {
        "outcome": "passed"
      }
    },
    {
      "nodeid": "tests/transformation_test.py::test_fallback",
      "lineno": 243,
      "outcome": "passed",
      "keywords": [
        "test_fallback",
        "transformation_test.py",
        "tests",
        "filestack@filestack-python__0e44e337__requests__treq",
        ""
      ],
      "setup": {
        "outcome": "passed"
      },
      "call": {
        "outcome": "passed"
      },
      "teardown": {
        "outcome": "passed"
      }
    },
    {
      "nodeid": "tests/transformation_test.py::test_pdf_info",
      "lineno": 249,
      "outcome": "passed",
      "keywords": [
        "test_pdf_info",
        "transformation_test.py",
        "tests",
        "filestack@filestack-python__0e44e337__requests__treq",
        ""
      ],
      "setup": {
        "outcome": "passed"
      },
      "call": {
        "outcome": "passed"
      },
      "teardown": {
        "outcome": "passed"
      }
    },
    {
      "nodeid": "tests/transformation_test.py::test_pdf_convert",
      "lineno": 255,
      "outcome": "passed",
      "keywords": [
        "test_pdf_convert",
        "transformation_test.py",
        "tests",
        "filestack@filestack-python__0e44e337__requests__treq",
        ""
      ],
      "setup": {
        "outcome": "passed"
      },
      "call": {
        "outcome": "passed"
      },
      "teardown": {
        "outcome": "passed"
      }
    },
    {
      "nodeid": "tests/transformation_test.py::test_minify_css",
      "lineno": 261,
      "outcome": "passed",
      "keywords": [
        "test_minify_css",
        "transformation_test.py",
        "tests",
        "filestack@filestack-python__0e44e337__requests__treq",
        ""
      ],
      "setup": {
        "outcome": "passed"
      },
      "call": {
        "outcome": "passed"
      },
      "teardown": {
        "outcome": "passed"
      }
    },
    {
      "nodeid": "tests/transformation_test.py::test_minify_css_with_params",
      "lineno": 267,
      "outcome": "passed",
      "keywords": [
        "test_minify_css_with_params",
        "transformation_test.py",
        "tests",
        "filestack@filestack-python__0e44e337__requests__treq",
        ""
      ],
      "setup": {
        "outcome": "passed"
      },
      "call": {
        "outcome": "passed"
      },
      "teardown": {
        "outcome": "passed"
      }
    },
    {
      "nodeid": "tests/transformation_test.py::test_minify_js",
      "lineno": 273,
      "outcome": "passed",
      "keywords": [
        "test_minify_js",
        "transformation_test.py",
        "tests",
        "filestack@filestack-python__0e44e337__requests__treq",
        ""
      ],
      "setup": {
        "outcome": "passed"
      },
      "call": {
        "outcome": "passed"
      },
      "teardown": {
        "outcome": "passed"
      }
    },
    {
      "nodeid": "tests/transformation_test.py::test_filetype_conversion",
      "lineno": 286,
      "outcome": "passed",
      "keywords": [
        "test_filetype_conversion",
        "transformation_test.py",
        "tests",
        "filestack@filestack-python__0e44e337__requests__treq",
        ""
      ],
      "setup": {
        "outcome": "passed"
      },
      "call": {
        "outcome": "passed"
      },
      "teardown": {
        "outcome": "passed"
      }
    },
    {
      "nodeid": "tests/transformation_test.py::test_no_metadata",
      "lineno": 301,
      "outcome": "passed",
      "keywords": [
        "test_no_metadata",
        "transformation_test.py",
        "tests",
        "filestack@filestack-python__0e44e337__requests__treq",
        ""
      ],
      "setup": {
        "outcome": "passed"
      },
      "call": {
        "outcome": "passed"
      },
      "teardown": {
        "outcome": "passed"
      }
    },
    {
      "nodeid": "tests/transformation_test.py::test_chain_tasks_and_store",
      "lineno": 308,
      "outcome": "failed",
      "keywords": [
        "test_chain_tasks_and_store",
        "__wrapped__",
        "transformation_test.py",
        "tests",
        "filestack@filestack-python__0e44e337__requests__treq",
        ""
      ],
      "setup": {
        "outcome": "passed"
      },
      "call": {
        "outcome": "failed",
        "crash": {
          "path": "D:\\repos\\filestack@filestack-python__0e44e337__requests__treq\\tests\\transformation_test.py",
          "lineno": 317,
          "message": "AttributeError: 'coroutine' object has no attribute 'handle'"
        },
        "traceback": [
          {
            "path": "tests\\transformation_test.py",
            "lineno": 317,
            "message": "AttributeError"
          }
        ],
        "longrepr": "transform = <filestack.models.transformation.Transformation object at 0x000002209E0567B0>\n\n    @responses.activate\n    def test_chain_tasks_and_store(transform):\n        responses.add(\n            responses.POST, re.compile('https://cdn.filestackcontent.com/SOMEAPIKEY*'),\n            json={'handle': HANDLE}\n        )\n        transform_obj = transform.flip().resize(width=100)\n        new_filelink = transform_obj.store(filename='filename', location='S3', container='bucket', path='folder/image.jpg')\n>       assert new_filelink.handle == HANDLE\nE       AttributeError: 'coroutine' object has no attribute 'handle'\n\ntests\\transformation_test.py:317: AttributeError"
      },
      "teardown": {
        "outcome": "passed"
      }
    },
    {
      "nodeid": "tests/transformation_test.py::test_av_convert",
      "lineno": 323,
      "outcome": "failed",
      "keywords": [
        "test_av_convert",
        "__wrapped__",
        "transformation_test.py",
        "tests",
        "filestack@filestack-python__0e44e337__requests__treq",
        ""
      ],
      "setup": {
        "outcome": "passed"
      },
      "call": {
        "outcome": "failed",
        "crash": {
          "path": "D:\\repos\\filestack@filestack-python__0e44e337__requests__treq\\tests\\transformation_test.py",
          "lineno": 332,
          "message": "assert False\n +  where False = isinstance(<coroutine object ImageTransformationMixin.av_convert at 0x000002209E058610>, AudioVisual)"
        },
        "traceback": [
          {
            "path": "tests\\transformation_test.py",
            "lineno": 332,
            "message": "AssertionError"
          }
        ],
        "longrepr": "transform = <filestack.models.transformation.Transformation object at 0x000002209E057500>\n\n    @responses.activate\n    def test_av_convert(transform):\n        responses.add(\n            responses.GET,\n            'https://cdn.filestackcontent.com/SOMEAPIKEY/video_convert=height:500,width:500/SOMEEXTERNALURL',\n            json={'url': transform.url, 'uuid': 'someuuid', 'timestamp': 'sometimestamp'}\n        )\n        new_av = transform.av_convert(width=500, height=500)\n>       assert isinstance(new_av, AudioVisual)\nE       assert False\nE        +  where False = isinstance(<coroutine object ImageTransformationMixin.av_convert at 0x000002209E058610>, AudioVisual)\n\ntests\\transformation_test.py:332: AssertionError"
      },
      "teardown": {
        "outcome": "passed"
      }
    },
    {
      "nodeid": "tests/transformation_test.py::test_auto_image",
      "lineno": 336,
      "outcome": "passed",
      "keywords": [
        "test_auto_image",
        "transformation_test.py",
        "tests",
        "filestack@filestack-python__0e44e337__requests__treq",
        ""
      ],
      "setup": {
        "outcome": "passed"
      },
      "call": {
        "outcome": "passed"
      },
      "teardown": {
        "outcome": "passed"
      }
    },
    {
      "nodeid": "tests/uploads/test_upload_external_url.py::test_upload_with_store_params[S3,-store_params0-None-expected_store_tasks0]",
      "lineno": 12,
      "outcome": "failed",
      "keywords": [
        "test_upload_with_store_params[S3,-store_params0-None-expected_store_tasks0]",
        "parametrize",
        "__wrapped__",
        "pytestmark",
        "S3,-store_params0-None-expected_store_tasks0",
        "test_upload_external_url.py",
        "uploads",
        "tests",
        "filestack@filestack-python__0e44e337__requests__treq",
        ""
      ],
      "setup": {
        "outcome": "passed"
      },
      "call": {
        "outcome": "failed",
        "crash": {
          "path": "D:\\repos\\filestack@filestack-python__0e44e337__requests__treq\\tests\\uploads\\test_upload_external_url.py",
          "lineno": 49,
          "message": "TypeError: 'coroutine' object is not subscriptable"
        },
        "traceback": [
          {
            "path": "tests\\uploads\\test_upload_external_url.py",
            "lineno": 49,
            "message": "TypeError"
          }
        ],
        "longrepr": "default_storage = 'S3,', store_params = {'location': 'gcs'}, security = None\nexpected_store_tasks = [{'name': 'store', 'params': {'location': 'gcs'}}]\n\n    @pytest.mark.parametrize('default_storage, store_params, security, expected_store_tasks', [\n        (\n            'S3,',\n            {'location': 'gcs'},\n            None,\n            [\n                {\n                    'name': 'store', 'params': {'location': 'gcs'}\n                }\n            ]\n        ),\n        (\n            'gcs',\n            {'path': 'new-path/', 'mimetype': 'application/json'},\n            type('SecurityMock', (), {'policy_b64': 'abc', 'signature': '123'}),\n            [\n                {\n                    'name': 'store', 'params': {'path': 'new-path/', 'location': 'gcs'}\n                },\n                {\n                    'name': 'security', 'params': {'policy': 'abc', 'signature': '123'}\n                }\n            ]\n        )\n    ])\n    @responses.activate\n    def test_upload_with_store_params(default_storage, store_params, security, expected_store_tasks):\n        expected_payload = {\n            'apikey': 'TESTAPIKEY',\n            'sources': ['http://image.url'],\n            'tasks': expected_store_tasks\n        }\n        responses.add(responses.POST, PROCESS_URL, json={'handle': 'newHandle'})\n        upload_response = upload_external_url(\n            url, apikey, default_storage, store_params=store_params, security=security\n        )\n>       assert upload_response['handle'] == 'newHandle'\nE       TypeError: 'coroutine' object is not subscriptable\n\ntests\\uploads\\test_upload_external_url.py:49: TypeError"
      },
      "teardown": {
        "outcome": "passed"
      }
    },
    {
      "nodeid": "tests/uploads/test_upload_external_url.py::test_upload_with_store_params[gcs-store_params1-SecurityMock-expected_store_tasks1]",
      "lineno": 12,
      "outcome": "failed",
      "keywords": [
        "test_upload_with_store_params[gcs-store_params1-SecurityMock-expected_store_tasks1]",
        "parametrize",
        "__wrapped__",
        "pytestmark",
        "gcs-store_params1-SecurityMock-expected_store_tasks1",
        "test_upload_external_url.py",
        "uploads",
        "tests",
        "filestack@filestack-python__0e44e337__requests__treq",
        ""
      ],
      "setup": {
        "outcome": "passed"
      },
      "call": {
        "outcome": "failed",
        "crash": {
          "path": "D:\\repos\\filestack@filestack-python__0e44e337__requests__treq\\tests\\uploads\\test_upload_external_url.py",
          "lineno": 49,
          "message": "TypeError: 'coroutine' object is not subscriptable"
        },
        "traceback": [
          {
            "path": "tests\\uploads\\test_upload_external_url.py",
            "lineno": 49,
            "message": "TypeError"
          }
        ],
        "longrepr": "default_storage = 'gcs'\nstore_params = {'mimetype': 'application/json', 'path': 'new-path/'}\nsecurity = <class 'test_upload_external_url.SecurityMock'>\nexpected_store_tasks = [{'name': 'store', 'params': {'location': 'gcs', 'path': 'new-path/'}}, {'name': 'security', 'params': {'policy': 'abc', 'signature': '123'}}]\n\n    @pytest.mark.parametrize('default_storage, store_params, security, expected_store_tasks', [\n        (\n            'S3,',\n            {'location': 'gcs'},\n            None,\n            [\n                {\n                    'name': 'store', 'params': {'location': 'gcs'}\n                }\n            ]\n        ),\n        (\n            'gcs',\n            {'path': 'new-path/', 'mimetype': 'application/json'},\n            type('SecurityMock', (), {'policy_b64': 'abc', 'signature': '123'}),\n            [\n                {\n                    'name': 'store', 'params': {'path': 'new-path/', 'location': 'gcs'}\n                },\n                {\n                    'name': 'security', 'params': {'policy': 'abc', 'signature': '123'}\n                }\n            ]\n        )\n    ])\n    @responses.activate\n    def test_upload_with_store_params(default_storage, store_params, security, expected_store_tasks):\n        expected_payload = {\n            'apikey': 'TESTAPIKEY',\n            'sources': ['http://image.url'],\n            'tasks': expected_store_tasks\n        }\n        responses.add(responses.POST, PROCESS_URL, json={'handle': 'newHandle'})\n        upload_response = upload_external_url(\n            url, apikey, default_storage, store_params=store_params, security=security\n        )\n>       assert upload_response['handle'] == 'newHandle'\nE       TypeError: 'coroutine' object is not subscriptable\n\ntests\\uploads\\test_upload_external_url.py:49: TypeError"
      },
      "teardown": {
        "outcome": "passed"
      }
    },
    {
      "nodeid": "tests/utils_test.py::test_req_wrapper_overwrite_headers",
      "lineno": 33,
      "outcome": "skipped",
      "keywords": [
        "test_req_wrapper_overwrite_headers",
        "asyncio",
        "pytestmark",
        "utils_test.py",
        "tests",
        "filestack@filestack-python__0e44e337__requests__treq",
        ""
      ],
      "setup": {
        "outcome": "passed"
      },
      "call": {
        "outcome": "skipped",
        "longrepr": "('D:\\\\repos\\\\filestack@filestack-python__0e44e337__requests__treq\\\\.venv\\\\Lib\\\\site-packages\\\\_pytest\\\\python.py', 149, 'Skipped: async def function and no async plugin installed (see warnings)')"
      },
      "teardown": {
        "outcome": "passed"
      }
    },
    {
      "nodeid": "tests/utils_test.py::test_req_wrapper_use_provided_headers",
      "lineno": 52,
      "outcome": "skipped",
      "keywords": [
        "test_req_wrapper_use_provided_headers",
        "asyncio",
        "pytestmark",
        "utils_test.py",
        "tests",
        "filestack@filestack-python__0e44e337__requests__treq",
        ""
      ],
      "setup": {
        "outcome": "passed"
      },
      "call": {
        "outcome": "skipped",
        "longrepr": "('D:\\\\repos\\\\filestack@filestack-python__0e44e337__requests__treq\\\\.venv\\\\Lib\\\\site-packages\\\\_pytest\\\\python.py', 149, 'Skipped: async def function and no async plugin installed (see warnings)')"
      },
      "teardown": {
        "outcome": "passed"
      }
    },
    {
      "nodeid": "tests/utils_test.py::test_req_wrapper_raise_exception",
      "lineno": 64,
      "outcome": "skipped",
      "keywords": [
        "test_req_wrapper_raise_exception",
        "asyncio",
        "pytestmark",
        "utils_test.py",
        "tests",
        "filestack@filestack-python__0e44e337__requests__treq",
        ""
      ],
      "setup": {
        "outcome": "passed"
      },
      "call": {
        "outcome": "skipped",
        "longrepr": "('D:\\\\repos\\\\filestack@filestack-python__0e44e337__requests__treq\\\\.venv\\\\Lib\\\\site-packages\\\\_pytest\\\\python.py', 149, 'Skipped: async def function and no async plugin installed (see warnings)')"
      },
      "teardown": {
        "outcome": "passed"
      }
    }
  ],
  "warnings": [
    {
      "message": "Unknown pytest.mark.asyncio - is this a typo?  You can register custom marks to avoid this warning - for details, see https://docs.pytest.org/en/stable/how-to/mark.html",
      "category": "PytestUnknownMarkWarning",
      "when": "collect",
      "filename": "D:\\repos\\filestack@filestack-python__0e44e337__requests__treq\\tests\\multipart_test.py",
      "lineno": 50
    },
    {
      "message": "Unknown pytest.mark.asyncio - is this a typo?  You can register custom marks to avoid this warning - for details, see https://docs.pytest.org/en/stable/how-to/mark.html",
      "category": "PytestUnknownMarkWarning",
      "when": "collect",
      "filename": "D:\\repos\\filestack@filestack-python__0e44e337__requests__treq\\tests\\multipart_test.py",
      "lineno": 58
    },
    {
      "message": "Unknown pytest.mark.asyncio - is this a typo?  You can register custom marks to avoid this warning - for details, see https://docs.pytest.org/en/stable/how-to/mark.html",
      "category": "PytestUnknownMarkWarning",
      "when": "collect",
      "filename": "D:\\repos\\filestack@filestack-python__0e44e337__requests__treq\\tests\\multipart_test.py",
      "lineno": 69
    },
    {
      "message": "Unknown pytest.mark.asyncio - is this a typo?  You can register custom marks to avoid this warning - for details, see https://docs.pytest.org/en/stable/how-to/mark.html",
      "category": "PytestUnknownMarkWarning",
      "when": "collect",
      "filename": "D:\\repos\\filestack@filestack-python__0e44e337__requests__treq\\tests\\multipart_test.py",
      "lineno": 95
    },
    {
      "message": "Unknown pytest.mark.asyncio - is this a typo?  You can register custom marks to avoid this warning - for details, see https://docs.pytest.org/en/stable/how-to/mark.html",
      "category": "PytestUnknownMarkWarning",
      "when": "collect",
      "filename": "D:\\repos\\filestack@filestack-python__0e44e337__requests__treq\\tests\\utils_test.py",
      "lineno": 34
    },
    {
      "message": "Unknown pytest.mark.asyncio - is this a typo?  You can register custom marks to avoid this warning - for details, see https://docs.pytest.org/en/stable/how-to/mark.html",
      "category": "PytestUnknownMarkWarning",
      "when": "collect",
      "filename": "D:\\repos\\filestack@filestack-python__0e44e337__requests__treq\\tests\\utils_test.py",
      "lineno": 53
    },
    {
      "message": "Unknown pytest.mark.asyncio - is this a typo?  You can register custom marks to avoid this warning - for details, see https://docs.pytest.org/en/stable/how-to/mark.html",
      "category": "PytestUnknownMarkWarning",
      "when": "collect",
      "filename": "D:\\repos\\filestack@filestack-python__0e44e337__requests__treq\\tests\\utils_test.py",
      "lineno": 65
    },
    {
      "message": "coroutine 'CommonMixin.get_content' was never awaited",
      "category": "RuntimeWarning",
      "when": "runtest",
      "filename": "D:\\repos\\filestack@filestack-python__0e44e337__requests__treq\\tests\\filelink_test.py",
      "lineno": 71
    },
    {
      "message": "coroutine 'AudioVisual.to_filelink' was never awaited",
      "category": "RuntimeWarning",
      "when": "runtest",
      "filename": "D:\\repos\\filestack@filestack-python__0e44e337__requests__treq\\.venv\\Lib\\site-packages\\twisted\\internet\\posixbase.py",
      "lineno": 17
    },
    {
      "message": "coroutine 'upload_external_url' was never awaited",
      "category": "RuntimeWarning",
      "when": "runtest",
      "filename": "D:\\repos\\filestack@filestack-python__0e44e337__requests__treq\\.venv\\Lib\\site-packages\\twisted\\internet\\posixbase.py",
      "lineno": 17
    },
    {
      "message": "coroutine 'AsyncMockMixin._execute_mock_call' was never awaited",
      "category": "RuntimeWarning",
      "when": "runtest",
      "filename": "D:\\repos\\filestack@filestack-python__0e44e337__requests__treq\\.venv\\Lib\\site-packages\\twisted\\internet\\posixbase.py",
      "lineno": 17
    },
    {
      "message": "coroutine 'Client.zip' was never awaited",
      "category": "RuntimeWarning",
      "when": "runtest",
      "filename": "D:\\repos\\filestack@filestack-python__0e44e337__requests__treq\\.venv\\Lib\\site-packages\\twisted\\internet\\posixbase.py",
      "lineno": 17
    },
    {
      "message": "coroutine 'CommonMixin.get_content' was never awaited",
      "category": "RuntimeWarning",
      "when": "runtest",
      "filename": "D:\\repos\\filestack@filestack-python__0e44e337__requests__treq\\.venv\\Lib\\site-packages\\twisted\\internet\\posixbase.py",
      "lineno": 17
    },
    {
      "message": "coroutine 'CommonMixin.tags' was never awaited",
      "category": "RuntimeWarning",
      "when": "runtest",
      "filename": "D:\\repos\\filestack@filestack-python__0e44e337__requests__treq\\tests\\filelink_test.py",
      "lineno": 121
    },
    {
      "message": "coroutine 'CommonMixin.sfw' was never awaited",
      "category": "RuntimeWarning",
      "when": "runtest",
      "filename": "D:\\repos\\filestack@filestack-python__0e44e337__requests__treq\\tests\\filelink_test.py",
      "lineno": 150
    },
    {
      "message": "coroutine 'upload_part' was never awaited",
      "category": "RuntimeWarning",
      "when": "runtest",
      "filename": "D:\\repos\\filestack@filestack-python__0e44e337__requests__treq\\tests\\intelligent_ingestion_test.py",
      "lineno": 22
    },
    {
      "message": "coroutine 'upload_part' was never awaited",
      "category": "RuntimeWarning",
      "when": "runtest",
      "filename": "D:\\repos\\filestack@filestack-python__0e44e337__requests__treq\\tests\\intelligent_ingestion_test.py",
      "lineno": 52
    },
    {
      "message": "coroutine 'upload_part' was never awaited",
      "category": "RuntimeWarning",
      "when": "runtest",
      "filename": "D:\\repos\\filestack@filestack-python__0e44e337__requests__treq\\tests\\intelligent_ingestion_test.py",
      "lineno": 75
    },
    {
      "message": "async def functions are not natively supported and have been skipped.\nYou need to install a suitable plugin for your async framework, for example:\n  - anyio\n  - pytest-asyncio\n  - pytest-tornasync\n  - pytest-trio\n  - pytest-twisted",
      "category": "PytestUnhandledCoroutineWarning",
      "when": "runtest",
      "filename": "D:\\repos\\filestack@filestack-python__0e44e337__requests__treq\\.venv\\Lib\\site-packages\\_pytest\\python.py",
      "lineno": 148
    },
    {
      "message": "async def functions are not natively supported and have been skipped.\nYou need to install a suitable plugin for your async framework, for example:\n  - anyio\n  - pytest-asyncio\n  - pytest-tornasync\n  - pytest-trio\n  - pytest-twisted",
      "category": "PytestUnhandledCoroutineWarning",
      "when": "runtest",
      "filename": "D:\\repos\\filestack@filestack-python__0e44e337__requests__treq\\.venv\\Lib\\site-packages\\_pytest\\python.py",
      "lineno": 148
    },
    {
      "message": "async def functions are not natively supported and have been skipped.\nYou need to install a suitable plugin for your async framework, for example:\n  - anyio\n  - pytest-asyncio\n  - pytest-tornasync\n  - pytest-trio\n  - pytest-twisted",
      "category": "PytestUnhandledCoroutineWarning",
      "when": "runtest",
      "filename": "D:\\repos\\filestack@filestack-python__0e44e337__requests__treq\\.venv\\Lib\\site-packages\\_pytest\\python.py",
      "lineno": 148
    },
    {
      "message": "async def functions are not natively supported and have been skipped.\nYou need to install a suitable plugin for your async framework, for example:\n  - anyio\n  - pytest-asyncio\n  - pytest-tornasync\n  - pytest-trio\n  - pytest-twisted",
      "category": "PytestUnhandledCoroutineWarning",
      "when": "runtest",
      "filename": "D:\\repos\\filestack@filestack-python__0e44e337__requests__treq\\.venv\\Lib\\site-packages\\_pytest\\python.py",
      "lineno": 148
    },
    {
      "message": "async def functions are not natively supported and have been skipped.\nYou need to install a suitable plugin for your async framework, for example:\n  - anyio\n  - pytest-asyncio\n  - pytest-tornasync\n  - pytest-trio\n  - pytest-twisted",
      "category": "PytestUnhandledCoroutineWarning",
      "when": "runtest",
      "filename": "D:\\repos\\filestack@filestack-python__0e44e337__requests__treq\\.venv\\Lib\\site-packages\\_pytest\\python.py",
      "lineno": 148
    },
    {
      "message": "async def functions are not natively supported and have been skipped.\nYou need to install a suitable plugin for your async framework, for example:\n  - anyio\n  - pytest-asyncio\n  - pytest-tornasync\n  - pytest-trio\n  - pytest-twisted",
      "category": "PytestUnhandledCoroutineWarning",
      "when": "runtest",
      "filename": "D:\\repos\\filestack@filestack-python__0e44e337__requests__treq\\.venv\\Lib\\site-packages\\_pytest\\python.py",
      "lineno": 148
    },
    {
      "message": "async def functions are not natively supported and have been skipped.\nYou need to install a suitable plugin for your async framework, for example:\n  - anyio\n  - pytest-asyncio\n  - pytest-tornasync\n  - pytest-trio\n  - pytest-twisted",
      "category": "PytestUnhandledCoroutineWarning",
      "when": "runtest",
      "filename": "D:\\repos\\filestack@filestack-python__0e44e337__requests__treq\\.venv\\Lib\\site-packages\\_pytest\\python.py",
      "lineno": 148
    },
    {
      "message": "coroutine 'CommonMixin.store' was never awaited",
      "category": "RuntimeWarning",
      "when": "runtest",
      "filename": "C:\\Users\\Mohay\\AppData\\Local\\Programs\\Python\\Python312\\Lib\\typing.py",
      "lineno": 2173
    },
    {
      "message": "coroutine 'ImageTransformationMixin.av_convert' was never awaited",
      "category": "RuntimeWarning",
      "when": "runtest",
      "filename": "C:\\Users\\Mohay\\AppData\\Local\\Programs\\Python\\Python312\\Lib\\typing.py",
      "lineno": 2173
    },
    {
      "message": "coroutine 'upload_external_url' was never awaited",
      "category": "RuntimeWarning",
      "when": "runtest",
      "filename": "C:\\Users\\Mohay\\AppData\\Local\\Programs\\Python\\Python312\\Lib\\typing.py",
      "lineno": 2173
    }
  ]
}