{
  "exitcode": 1,
  "summary": {
    "error": 3,
    "passed": 2,
    "failed": 41,
    "skipped": 1,
    "total": 47,
    "collected": 47
  },
  "collectors": [
    {
      "nodeid": "",
      "outcome": "passed",
      "result": [
        {
          "nodeid": ".",
          "type": "Dir"
        }
      ]
    },
    {
      "nodeid": "currencycom",
      "outcome": "passed",
      "result": []
    },
    {
      "nodeid": "integration_tests/rest/test_account.py::TestAccount",
      "outcome": "passed",
      "result": [
        {
          "nodeid": "integration_tests/rest/test_account.py::TestAccount::test_base",
          "type": "Function",
          "lineno": 1
        },
        {
          "nodeid": "integration_tests/rest/test_account.py::TestAccount::test_show_balances_without_0",
          "type": "Function",
          "lineno": 5
        },
        {
          "nodeid": "integration_tests/rest/test_account.py::TestAccount::test_show_balances_with_0",
          "type": "Function",
          "lineno": 10
        }
      ]
    },
    {
      "nodeid": "integration_tests/rest/test_account.py",
      "outcome": "passed",
      "result": [
        {
          "nodeid": "integration_tests/rest/test_account.py::TestAccount",
          "type": "Class"
        }
      ]
    },
    {
      "nodeid": "integration_tests/rest",
      "outcome": "passed",
      "result": [
        {
          "nodeid": "integration_tests/rest/test_account.py",
          "type": "Module"
        }
      ]
    },
    {
      "nodeid": "integration_tests/wss",
      "outcome": "passed",
      "result": []
    },
    {
      "nodeid": "integration_tests",
      "outcome": "passed",
      "result": [
        {
          "nodeid": "integration_tests/rest",
          "type": "Package"
        },
        {
          "nodeid": "integration_tests/wss",
          "type": "Package"
        }
      ]
    },
    {
      "nodeid": "python_currencycom.egg-info",
      "outcome": "passed",
      "result": []
    },
    {
      "nodeid": "tests/test_client.py::TestClient",
      "outcome": "passed",
      "result": [
        {
          "nodeid": "tests/test_client.py::TestClient::test_not_called",
          "type": "Function",
          "lineno": 14
        },
        {
          "nodeid": "tests/test_client.py::TestClient::test_get_server_time",
          "type": "Function",
          "lineno": 17
        },
        {
          "nodeid": "tests/test_client.py::TestClient::test_get_exchange_info",
          "type": "Function",
          "lineno": 23
        },
        {
          "nodeid": "tests/test_client.py::TestClient::test_get_order_book_default",
          "type": "Function",
          "lineno": 29
        },
        {
          "nodeid": "tests/test_client.py::TestClient::test_get_order_book_with_limit",
          "type": "Function",
          "lineno": 40
        },
        {
          "nodeid": "tests/test_client.py::TestClient::test_get_agg_trades_default",
          "type": "Function",
          "lineno": 52
        },
        {
          "nodeid": "tests/test_client.py::TestClient::test_get_agg_trades_limit_set",
          "type": "Function",
          "lineno": 60
        },
        {
          "nodeid": "tests/test_client.py::TestClient::test_get_agg_trades_max_limit",
          "type": "Function",
          "lineno": 69
        },
        {
          "nodeid": "tests/test_client.py::TestClient::test_get_agg_trades_exceed_limit",
          "type": "Function",
          "lineno": 78
        },
        {
          "nodeid": "tests/test_client.py::TestClient::test_get_agg_trades_only_start_time_set",
          "type": "Function",
          "lineno": 85
        },
        {
          "nodeid": "tests/test_client.py::TestClient::test_get_agg_trades_only_end_time_set",
          "type": "Function",
          "lineno": 95
        },
        {
          "nodeid": "tests/test_client.py::TestClient::test_get_agg_trades_both_time_set",
          "type": "Function",
          "lineno": 105
        },
        {
          "nodeid": "tests/test_client.py::TestClient::test_get_agg_trades_both_time_set_exceed_max_range",
          "type": "Function",
          "lineno": 119
        },
        {
          "nodeid": "tests/test_client.py::TestClient::test_get_klines_default",
          "type": "Function",
          "lineno": 129
        },
        {
          "nodeid": "tests/test_client.py::TestClient::test_get_klines_with_limit",
          "type": "Function",
          "lineno": 139
        },
        {
          "nodeid": "tests/test_client.py::TestClient::test_get_klines_max_limit",
          "type": "Function",
          "lineno": 151
        },
        {
          "nodeid": "tests/test_client.py::TestClient::test_get_klines_exceed_max_limit",
          "type": "Function",
          "lineno": 163
        },
        {
          "nodeid": "tests/test_client.py::TestClient::test_get_klines_with_startTime",
          "type": "Function",
          "lineno": 171
        },
        {
          "nodeid": "tests/test_client.py::TestClient::test_get_klines_with_endTime",
          "type": "Function",
          "lineno": 185
        },
        {
          "nodeid": "tests/test_client.py::TestClient::test_get_klines_with_startTime_and_endTime",
          "type": "Function",
          "lineno": 199
        },
        {
          "nodeid": "tests/test_client.py::TestClient::test_get_24h_price_change_default",
          "type": "Function",
          "lineno": 216
        },
        {
          "nodeid": "tests/test_client.py::TestClient::test_get_24h_price_change_with_symbol",
          "type": "Function",
          "lineno": 223
        },
        {
          "nodeid": "tests/test_client.py::TestClient::test_new_order_default_buy",
          "type": "Function",
          "lineno": 231
        },
        {
          "nodeid": "tests/test_client.py::TestClient::test_new_order_default_sell",
          "type": "Function",
          "lineno": 256
        },
        {
          "nodeid": "tests/test_client.py::TestClient::test_new_order_invalid_recv_window",
          "type": "Function",
          "lineno": 281
        },
        {
          "nodeid": "tests/test_client.py::TestClient::test_new_order_default_limit",
          "type": "Function",
          "lineno": 292
        },
        {
          "nodeid": "tests/test_client.py::TestClient::test_new_order_incorrect_limit_no_price",
          "type": "Function",
          "lineno": 324
        },
        {
          "nodeid": "tests/test_client.py::TestClient::test_new_order_incorrect_limit_no_time_in_force",
          "type": "Function",
          "lineno": 338
        },
        {
          "nodeid": "tests/test_client.py::TestClient::test_cancel_order_default_order_id",
          "type": "Function",
          "lineno": 354
        },
        {
          "nodeid": "tests/test_client.py::TestClient::test_cancel_order_default_client_order_id",
          "type": "Function",
          "lineno": 367
        },
        {
          "nodeid": "tests/test_client.py::TestClient::test_cancel_order_default_no_id",
          "type": "Function",
          "lineno": 380
        },
        {
          "nodeid": "tests/test_client.py::TestClient::test_cancel_order_invalid_recv_window",
          "type": "Function",
          "lineno": 389
        },
        {
          "nodeid": "tests/test_client.py::TestClient::test_get_open_orders_default",
          "type": "Function",
          "lineno": 399
        },
        {
          "nodeid": "tests/test_client.py::TestClient::test_get_open_orders_with_symbol",
          "type": "Function",
          "lineno": 409
        },
        {
          "nodeid": "tests/test_client.py::TestClient::test_get_open_orders_invalid_recv_window",
          "type": "Function",
          "lineno": 420
        },
        {
          "nodeid": "tests/test_client.py::TestClient::test_get_account_info_default",
          "type": "Function",
          "lineno": 426
        },
        {
          "nodeid": "tests/test_client.py::TestClient::test_get_account_info_invalid_recv_window",
          "type": "Function",
          "lineno": 436
        },
        {
          "nodeid": "tests/test_client.py::TestClient::test_get_account_trade_list_default",
          "type": "Function",
          "lineno": 442
        },
        {
          "nodeid": "tests/test_client.py::TestClient::test_get_account_trade_list_with_start_time",
          "type": "Function",
          "lineno": 454
        },
        {
          "nodeid": "tests/test_client.py::TestClient::test_get_account_trade_list_with_end_time",
          "type": "Function",
          "lineno": 468
        },
        {
          "nodeid": "tests/test_client.py::TestClient::test_get_account_trade_list_with_start_and_end_times",
          "type": "Function",
          "lineno": 482
        },
        {
          "nodeid": "tests/test_client.py::TestClient::test_get_account_trade_list_incorrect_recv_window",
          "type": "Function",
          "lineno": 500
        },
        {
          "nodeid": "tests/test_client.py::TestClient::test_get_account_trade_list_incorrect_limit",
          "type": "Function",
          "lineno": 507
        },
        {
          "nodeid": "tests/test_client.py::TestClient::test__to_epoch_miliseconds_default",
          "type": "Function",
          "lineno": 514
        }
      ]
    },
    {
      "nodeid": "tests/test_client.py",
      "outcome": "passed",
      "result": [
        {
          "nodeid": "tests/test_client.py::TestClient",
          "type": "Class"
        }
      ]
    },
    {
      "nodeid": "tests",
      "outcome": "passed",
      "result": [
        {
          "nodeid": "tests/test_client.py",
          "type": "Module"
        }
      ]
    },
    {
      "nodeid": ".",
      "outcome": "passed",
      "result": [
        {
          "nodeid": "currencycom",
          "type": "Package"
        },
        {
          "nodeid": "integration_tests",
          "type": "Package"
        },
        {
          "nodeid": "python_currencycom.egg-info",
          "type": "Dir"
        },
        {
          "nodeid": "tests",
          "type": "Package"
        }
      ]
    }
  ],
  "tests": [
    {
      "nodeid": "integration_tests/rest/test_account.py::TestAccount::test_base",
      "lineno": 1,
      "outcome": "error",
      "keywords": [
        "test_base",
        "TestAccount",
        "test_account.py",
        "rest",
        "integration_tests",
        "sann05@python-currencycom__d790bd00__requests__treq",
        ""
      ],
      "setup": {
        "outcome": "failed",
        "crash": {
          "path": "D:\\repos\\sann05@python-currencycom__d790bd00__requests__treq\\integration_tests\\rest\\conftest.py",
          "lineno": 20,
          "message": "OSError: Missing required environmental variables: API_KEY, API_SECRET"
        },
        "traceback": [
          {
            "path": "integration_tests\\rest\\conftest.py",
            "lineno": 20,
            "message": "OSError"
          }
        ],
        "longrepr": "@pytest.fixture(scope=\"session\", autouse=True)\n    def check_env_variables():\n        required_vars = [API_KEY_VAR, API_SECRET_VAR]\n        missing_vars = []\n        for var in required_vars:\n            if var not in os.environ:\n                missing_vars.append(var)\n    \n        if len(missing_vars) > 0:\n>           raise EnvironmentError(\"Missing required environmental variables: \"\n                                   f\"{', '.join(missing_vars)}\")\nE           OSError: Missing required environmental variables: API_KEY, API_SECRET\n\nintegration_tests\\rest\\conftest.py:20: OSError"
      },
      "teardown": {
        "outcome": "passed"
      }
    },
    {
      "nodeid": "integration_tests/rest/test_account.py::TestAccount::test_show_balances_without_0",
      "lineno": 5,
      "outcome": "error",
      "keywords": [
        "test_show_balances_without_0",
        "TestAccount",
        "test_account.py",
        "rest",
        "integration_tests",
        "sann05@python-currencycom__d790bd00__requests__treq",
        ""
      ],
      "setup": {
        "outcome": "failed",
        "crash": {
          "path": "D:\\repos\\sann05@python-currencycom__d790bd00__requests__treq\\integration_tests\\rest\\conftest.py",
          "lineno": 20,
          "message": "OSError: Missing required environmental variables: API_KEY, API_SECRET"
        },
        "traceback": [
          {
            "path": "integration_tests\\rest\\conftest.py",
            "lineno": 20,
            "message": "OSError"
          }
        ],
        "longrepr": "@pytest.fixture(scope=\"session\", autouse=True)\n    def check_env_variables():\n        required_vars = [API_KEY_VAR, API_SECRET_VAR]\n        missing_vars = []\n        for var in required_vars:\n            if var not in os.environ:\n                missing_vars.append(var)\n    \n        if len(missing_vars) > 0:\n>           raise EnvironmentError(\"Missing required environmental variables: \"\n                                   f\"{', '.join(missing_vars)}\")\nE           OSError: Missing required environmental variables: API_KEY, API_SECRET\n\nintegration_tests\\rest\\conftest.py:20: OSError"
      },
      "teardown": {
        "outcome": "passed"
      }
    },
    {
      "nodeid": "integration_tests/rest/test_account.py::TestAccount::test_show_balances_with_0",
      "lineno": 10,
      "outcome": "error",
      "keywords": [
        "test_show_balances_with_0",
        "TestAccount",
        "test_account.py",
        "rest",
        "integration_tests",
        "sann05@python-currencycom__d790bd00__requests__treq",
        ""
      ],
      "setup": {
        "outcome": "failed",
        "crash": {
          "path": "D:\\repos\\sann05@python-currencycom__d790bd00__requests__treq\\integration_tests\\rest\\conftest.py",
          "lineno": 20,
          "message": "OSError: Missing required environmental variables: API_KEY, API_SECRET"
        },
        "traceback": [
          {
            "path": "integration_tests\\rest\\conftest.py",
            "lineno": 20,
            "message": "OSError"
          }
        ],
        "longrepr": "@pytest.fixture(scope=\"session\", autouse=True)\n    def check_env_variables():\n        required_vars = [API_KEY_VAR, API_SECRET_VAR]\n        missing_vars = []\n        for var in required_vars:\n            if var not in os.environ:\n                missing_vars.append(var)\n    \n        if len(missing_vars) > 0:\n>           raise EnvironmentError(\"Missing required environmental variables: \"\n                                   f\"{', '.join(missing_vars)}\")\nE           OSError: Missing required environmental variables: API_KEY, API_SECRET\n\nintegration_tests\\rest\\conftest.py:20: OSError"
      },
      "teardown": {
        "outcome": "passed"
      }
    },
    {
      "nodeid": "tests/test_client.py::TestClient::test_not_called",
      "lineno": 14,
      "outcome": "passed",
      "keywords": [
        "test_not_called",
        "TestClient",
        "test_client.py",
        "tests",
        "sann05@python-currencycom__d790bd00__requests__treq",
        ""
      ],
      "setup": {
        "outcome": "passed"
      },
      "call": {
        "outcome": "passed"
      },
      "teardown": {
        "outcome": "passed"
      }
    },
    {
      "nodeid": "tests/test_client.py::TestClient::test_get_server_time",
      "lineno": 17,
      "outcome": "failed",
      "keywords": [
        "test_get_server_time",
        "TestClient",
        "test_client.py",
        "tests",
        "sann05@python-currencycom__d790bd00__requests__treq",
        ""
      ],
      "setup": {
        "outcome": "passed"
      },
      "call": {
        "outcome": "failed",
        "crash": {
          "path": "C:\\Users\\Mohay\\AppData\\Local\\Programs\\Python\\Python312\\Lib\\unittest\\mock.py",
          "lineno": 955,
          "message": "AssertionError: Expected 'mock' to be called once. Called 0 times."
        },
        "traceback": [
          {
            "path": "tests\\test_client.py",
            "lineno": 20,
            "message": ""
          },
          {
            "path": "C:\\Users\\Mohay\\AppData\\Local\\Programs\\Python\\Python312\\Lib\\unittest\\mock.py",
            "lineno": 955,
            "message": "AssertionError"
          }
        ],
        "longrepr": "self = <tests.test_client.TestClient object at 0x0000020B5C6A4EF0>\nmonkeypatch = <_pytest.monkeypatch.MonkeyPatch object at 0x0000020B5C72C980>\n\n    def test_get_server_time(self, monkeypatch):\n        self.client.get_server_time()\n>       self.mock_requests.assert_called_once_with(\n            CurrencyComConstants.SERVER_TIME_ENDPOINT\n        )\n\ntests\\test_client.py:20: \n_ _ _ _ _ _ _ _ _ _ _ _ _ _ _ _ _ _ _ _ _ _ _ _ _ _ _ _ _ _ _ _ _ _ _ _ _ _ _ _\n\nself = <MagicMock id='2247818922416'>\nargs = ('https://api-adapter.backend.currency.com/api/v1/time',), kwargs = {}\nmsg = \"Expected 'mock' to be called once. Called 0 times.\"\n\n    def assert_called_once_with(self, /, *args, **kwargs):\n        \"\"\"assert that the mock was called exactly once and that that call was\n        with the specified arguments.\"\"\"\n        if not self.call_count == 1:\n            msg = (\"Expected '%s' to be called once. Called %s times.%s\"\n                   % (self._mock_name or 'mock',\n                      self.call_count,\n                      self._calls_repr()))\n>           raise AssertionError(msg)\nE           AssertionError: Expected 'mock' to be called once. Called 0 times.\n\nC:\\Users\\Mohay\\AppData\\Local\\Programs\\Python\\Python312\\Lib\\unittest\\mock.py:955: AssertionError"
      },
      "teardown": {
        "outcome": "passed"
      }
    },
    {
      "nodeid": "tests/test_client.py::TestClient::test_get_exchange_info",
      "lineno": 23,
      "outcome": "failed",
      "keywords": [
        "test_get_exchange_info",
        "TestClient",
        "test_client.py",
        "tests",
        "sann05@python-currencycom__d790bd00__requests__treq",
        ""
      ],
      "setup": {
        "outcome": "passed"
      },
      "call": {
        "outcome": "failed",
        "crash": {
          "path": "C:\\Users\\Mohay\\AppData\\Local\\Programs\\Python\\Python312\\Lib\\unittest\\mock.py",
          "lineno": 955,
          "message": "AssertionError: Expected 'mock' to be called once. Called 0 times."
        },
        "traceback": [
          {
            "path": "tests\\test_client.py",
            "lineno": 26,
            "message": ""
          },
          {
            "path": "C:\\Users\\Mohay\\AppData\\Local\\Programs\\Python\\Python312\\Lib\\unittest\\mock.py",
            "lineno": 955,
            "message": "AssertionError"
          }
        ],
        "longrepr": "self = <tests.test_client.TestClient object at 0x0000020B5C673860>\n\n    def test_get_exchange_info(self):\n        self.client.get_exchange_info()\n>       self.mock_requests.assert_called_once_with(\n            CurrencyComConstants.EXCHANGE_INFORMATION_ENDPOINT\n        )\n\ntests\\test_client.py:26: \n_ _ _ _ _ _ _ _ _ _ _ _ _ _ _ _ _ _ _ _ _ _ _ _ _ _ _ _ _ _ _ _ _ _ _ _ _ _ _ _\n\nself = <MagicMock id='2247819363488'>\nargs = ('https://api-adapter.backend.currency.com/api/v1/exchangeInfo',)\nkwargs = {}, msg = \"Expected 'mock' to be called once. Called 0 times.\"\n\n    def assert_called_once_with(self, /, *args, **kwargs):\n        \"\"\"assert that the mock was called exactly once and that that call was\n        with the specified arguments.\"\"\"\n        if not self.call_count == 1:\n            msg = (\"Expected '%s' to be called once. Called %s times.%s\"\n                   % (self._mock_name or 'mock',\n                      self.call_count,\n                      self._calls_repr()))\n>           raise AssertionError(msg)\nE           AssertionError: Expected 'mock' to be called once. Called 0 times.\n\nC:\\Users\\Mohay\\AppData\\Local\\Programs\\Python\\Python312\\Lib\\unittest\\mock.py:955: AssertionError"
      },
      "teardown": {
        "outcome": "passed"
      }
    },
    {
      "nodeid": "tests/test_client.py::TestClient::test_get_order_book_default",
      "lineno": 29,
      "outcome": "failed",
      "keywords": [
        "test_get_order_book_default",
        "TestClient",
        "test_client.py",
        "tests",
        "sann05@python-currencycom__d790bd00__requests__treq",
        ""
      ],
      "setup": {
        "outcome": "passed"
      },
      "call": {
        "outcome": "failed",
        "crash": {
          "path": "D:\\repos\\sann05@python-currencycom__d790bd00__requests__treq\\tests\\test_client.py",
          "lineno": 32,
          "message": "AttributeError: <currencycom.client.Client object at 0x0000020B5C79B830> has no attribute '_validate_limit'"
        },
        "traceback": [
          {
            "path": "tests\\test_client.py",
            "lineno": 32,
            "message": "AttributeError"
          }
        ],
        "longrepr": "self = <tests.test_client.TestClient object at 0x0000020B5C6A4E30>\nmonkeypatch = <_pytest.monkeypatch.MonkeyPatch object at 0x0000020B5C799D00>\n\n    def test_get_order_book_default(self, monkeypatch):\n        val_lim_mock = MagicMock()\n>       monkeypatch.setattr(self.client, '_validate_limit', val_lim_mock)\nE       AttributeError: <currencycom.client.Client object at 0x0000020B5C79B830> has no attribute '_validate_limit'\n\ntests\\test_client.py:32: AttributeError"
      },
      "teardown": {
        "outcome": "passed"
      }
    },
    {
      "nodeid": "tests/test_client.py::TestClient::test_get_order_book_with_limit",
      "lineno": 40,
      "outcome": "failed",
      "keywords": [
        "test_get_order_book_with_limit",
        "TestClient",
        "test_client.py",
        "tests",
        "sann05@python-currencycom__d790bd00__requests__treq",
        ""
      ],
      "setup": {
        "outcome": "passed"
      },
      "call": {
        "outcome": "failed",
        "crash": {
          "path": "D:\\repos\\sann05@python-currencycom__d790bd00__requests__treq\\tests\\test_client.py",
          "lineno": 44,
          "message": "AttributeError: <currencycom.client.Client object at 0x0000020B5C784590> has no attribute '_validate_limit'"
        },
        "traceback": [
          {
            "path": "tests\\test_client.py",
            "lineno": 44,
            "message": "AttributeError"
          }
        ],
        "longrepr": "self = <tests.test_client.TestClient object at 0x0000020B5C6A4D40>\nmonkeypatch = <_pytest.monkeypatch.MonkeyPatch object at 0x0000020B5C7844D0>\n\n    def test_get_order_book_with_limit(self, monkeypatch):\n        val_lim_mock = MagicMock()\n        limit = 500\n>       monkeypatch.setattr(self.client, '_validate_limit', val_lim_mock)\nE       AttributeError: <currencycom.client.Client object at 0x0000020B5C784590> has no attribute '_validate_limit'\n\ntests\\test_client.py:44: AttributeError"
      },
      "teardown": {
        "outcome": "passed"
      }
    },
    {
      "nodeid": "tests/test_client.py::TestClient::test_get_agg_trades_default",
      "lineno": 52,
      "outcome": "failed",
      "keywords": [
        "test_get_agg_trades_default",
        "TestClient",
        "test_client.py",
        "tests",
        "sann05@python-currencycom__d790bd00__requests__treq",
        ""
      ],
      "setup": {
        "outcome": "passed"
      },
      "call": {
        "outcome": "failed",
        "crash": {
          "path": "C:\\Users\\Mohay\\AppData\\Local\\Programs\\Python\\Python312\\Lib\\unittest\\mock.py",
          "lineno": 955,
          "message": "AssertionError: Expected 'mock' to be called once. Called 0 times."
        },
        "traceback": [
          {
            "path": "tests\\test_client.py",
            "lineno": 56,
            "message": ""
          },
          {
            "path": "C:\\Users\\Mohay\\AppData\\Local\\Programs\\Python\\Python312\\Lib\\unittest\\mock.py",
            "lineno": 955,
            "message": "AssertionError"
          }
        ],
        "longrepr": "self = <tests.test_client.TestClient object at 0x0000020B5C6A4F20>\n\n    def test_get_agg_trades_default(self):\n        symbol = 'TEST'\n        self.client.get_agg_trades(symbol)\n>       self.mock_requests.assert_called_once_with(\n            CurrencyComConstants.AGGREGATE_TRADE_LIST_ENDPOINT,\n            params={'symbol': symbol, 'limit': 500}\n        )\n\ntests\\test_client.py:56: \n_ _ _ _ _ _ _ _ _ _ _ _ _ _ _ _ _ _ _ _ _ _ _ _ _ _ _ _ _ _ _ _ _ _ _ _ _ _ _ _\n\nself = <MagicMock id='2247819293424'>\nargs = ('https://api-adapter.backend.currency.com/api/v1/aggTrades',)\nkwargs = {'params': {'limit': 500, 'symbol': 'TEST'}}\nmsg = \"Expected 'mock' to be called once. Called 0 times.\"\n\n    def assert_called_once_with(self, /, *args, **kwargs):\n        \"\"\"assert that the mock was called exactly once and that that call was\n        with the specified arguments.\"\"\"\n        if not self.call_count == 1:\n            msg = (\"Expected '%s' to be called once. Called %s times.%s\"\n                   % (self._mock_name or 'mock',\n                      self.call_count,\n                      self._calls_repr()))\n>           raise AssertionError(msg)\nE           AssertionError: Expected 'mock' to be called once. Called 0 times.\n\nC:\\Users\\Mohay\\AppData\\Local\\Programs\\Python\\Python312\\Lib\\unittest\\mock.py:955: AssertionError"
      },
      "teardown": {
        "outcome": "passed"
      }
    },
    {
      "nodeid": "tests/test_client.py::TestClient::test_get_agg_trades_limit_set",
      "lineno": 60,
      "outcome": "failed",
      "keywords": [
        "test_get_agg_trades_limit_set",
        "TestClient",
        "test_client.py",
        "tests",
        "sann05@python-currencycom__d790bd00__requests__treq",
        ""
      ],
      "setup": {
        "outcome": "passed"
      },
      "call": {
        "outcome": "failed",
        "crash": {
          "path": "C:\\Users\\Mohay\\AppData\\Local\\Programs\\Python\\Python312\\Lib\\unittest\\mock.py",
          "lineno": 955,
          "message": "AssertionError: Expected 'mock' to be called once. Called 0 times."
        },
        "traceback": [
          {
            "path": "tests\\test_client.py",
            "lineno": 65,
            "message": ""
          },
          {
            "path": "C:\\Users\\Mohay\\AppData\\Local\\Programs\\Python\\Python312\\Lib\\unittest\\mock.py",
            "lineno": 955,
            "message": "AssertionError"
          }
        ],
        "longrepr": "self = <tests.test_client.TestClient object at 0x0000020B5C6A54F0>\n\n    def test_get_agg_trades_limit_set(self):\n        symbol = 'TEST'\n        limit = 20\n        self.client.get_agg_trades(symbol, limit=limit)\n>       self.mock_requests.assert_called_once_with(\n            CurrencyComConstants.AGGREGATE_TRADE_LIST_ENDPOINT,\n            params={'symbol': symbol, 'limit': limit}\n        )\n\ntests\\test_client.py:65: \n_ _ _ _ _ _ _ _ _ _ _ _ _ _ _ _ _ _ _ _ _ _ _ _ _ _ _ _ _ _ _ _ _ _ _ _ _ _ _ _\n\nself = <MagicMock id='2247819656560'>\nargs = ('https://api-adapter.backend.currency.com/api/v1/aggTrades',)\nkwargs = {'params': {'limit': 20, 'symbol': 'TEST'}}\nmsg = \"Expected 'mock' to be called once. Called 0 times.\"\n\n    def assert_called_once_with(self, /, *args, **kwargs):\n        \"\"\"assert that the mock was called exactly once and that that call was\n        with the specified arguments.\"\"\"\n        if not self.call_count == 1:\n            msg = (\"Expected '%s' to be called once. Called %s times.%s\"\n                   % (self._mock_name or 'mock',\n                      self.call_count,\n                      self._calls_repr()))\n>           raise AssertionError(msg)\nE           AssertionError: Expected 'mock' to be called once. Called 0 times.\n\nC:\\Users\\Mohay\\AppData\\Local\\Programs\\Python\\Python312\\Lib\\unittest\\mock.py:955: AssertionError"
      },
      "teardown": {
        "outcome": "passed"
      }
    },
    {
      "nodeid": "tests/test_client.py::TestClient::test_get_agg_trades_max_limit",
      "lineno": 69,
      "outcome": "failed",
      "keywords": [
        "test_get_agg_trades_max_limit",
        "TestClient",
        "test_client.py",
        "tests",
        "sann05@python-currencycom__d790bd00__requests__treq",
        ""
      ],
      "setup": {
        "outcome": "passed"
      },
      "call": {
        "outcome": "failed",
        "crash": {
          "path": "C:\\Users\\Mohay\\AppData\\Local\\Programs\\Python\\Python312\\Lib\\unittest\\mock.py",
          "lineno": 955,
          "message": "AssertionError: Expected 'mock' to be called once. Called 0 times."
        },
        "traceback": [
          {
            "path": "tests\\test_client.py",
            "lineno": 74,
            "message": ""
          },
          {
            "path": "C:\\Users\\Mohay\\AppData\\Local\\Programs\\Python\\Python312\\Lib\\unittest\\mock.py",
            "lineno": 955,
            "message": "AssertionError"
          }
        ],
        "longrepr": "self = <tests.test_client.TestClient object at 0x0000020B5C6A56A0>\n\n    def test_get_agg_trades_max_limit(self):\n        symbol = 'TEST'\n        limit = CurrencyComConstants.AGG_TRADES_MAX_LIMIT\n        self.client.get_agg_trades(symbol, limit=limit)\n>       self.mock_requests.assert_called_once_with(\n            CurrencyComConstants.AGGREGATE_TRADE_LIST_ENDPOINT,\n            params={'symbol': symbol, 'limit': limit}\n        )\n\ntests\\test_client.py:74: \n_ _ _ _ _ _ _ _ _ _ _ _ _ _ _ _ _ _ _ _ _ _ _ _ _ _ _ _ _ _ _ _ _ _ _ _ _ _ _ _\n\nself = <MagicMock id='2247819650608'>\nargs = ('https://api-adapter.backend.currency.com/api/v1/aggTrades',)\nkwargs = {'params': {'limit': 1000, 'symbol': 'TEST'}}\nmsg = \"Expected 'mock' to be called once. Called 0 times.\"\n\n    def assert_called_once_with(self, /, *args, **kwargs):\n        \"\"\"assert that the mock was called exactly once and that that call was\n        with the specified arguments.\"\"\"\n        if not self.call_count == 1:\n            msg = (\"Expected '%s' to be called once. Called %s times.%s\"\n                   % (self._mock_name or 'mock',\n                      self.call_count,\n                      self._calls_repr()))\n>           raise AssertionError(msg)\nE           AssertionError: Expected 'mock' to be called once. Called 0 times.\n\nC:\\Users\\Mohay\\AppData\\Local\\Programs\\Python\\Python312\\Lib\\unittest\\mock.py:955: AssertionError"
      },
      "teardown": {
        "outcome": "passed"
      }
    },
    {
      "nodeid": "tests/test_client.py::TestClient::test_get_agg_trades_exceed_limit",
      "lineno": 78,
      "outcome": "failed",
      "keywords": [
        "test_get_agg_trades_exceed_limit",
        "TestClient",
        "test_client.py",
        "tests",
        "sann05@python-currencycom__d790bd00__requests__treq",
        ""
      ],
      "setup": {
        "outcome": "passed"
      },
      "call": {
        "outcome": "failed",
        "crash": {
          "path": "D:\\repos\\sann05@python-currencycom__d790bd00__requests__treq\\tests\\test_client.py",
          "lineno": 82,
          "message": "Failed: DID NOT RAISE <class 'ValueError'>"
        },
        "traceback": [
          {
            "path": "tests\\test_client.py",
            "lineno": 82,
            "message": "Failed"
          }
        ],
        "longrepr": "self = <tests.test_client.TestClient object at 0x0000020B5C6A5850>\n\n    def test_get_agg_trades_exceed_limit(self):\n        symbol = 'TEST'\n        limit = CurrencyComConstants.AGG_TRADES_MAX_LIMIT + 1\n>       with pytest.raises(ValueError):\nE       Failed: DID NOT RAISE <class 'ValueError'>\n\ntests\\test_client.py:82: Failed"
      },
      "teardown": {
        "outcome": "passed"
      }
    },
    {
      "nodeid": "tests/test_client.py::TestClient::test_get_agg_trades_only_start_time_set",
      "lineno": 85,
      "outcome": "failed",
      "keywords": [
        "test_get_agg_trades_only_start_time_set",
        "TestClient",
        "test_client.py",
        "tests",
        "sann05@python-currencycom__d790bd00__requests__treq",
        ""
      ],
      "setup": {
        "outcome": "passed"
      },
      "call": {
        "outcome": "failed",
        "crash": {
          "path": "C:\\Users\\Mohay\\AppData\\Local\\Programs\\Python\\Python312\\Lib\\unittest\\mock.py",
          "lineno": 955,
          "message": "AssertionError: Expected 'mock' to be called once. Called 0 times."
        },
        "traceback": [
          {
            "path": "tests\\test_client.py",
            "lineno": 90,
            "message": ""
          },
          {
            "path": "C:\\Users\\Mohay\\AppData\\Local\\Programs\\Python\\Python312\\Lib\\unittest\\mock.py",
            "lineno": 955,
            "message": "AssertionError"
          }
        ],
        "longrepr": "self = <tests.test_client.TestClient object at 0x0000020B5C6A5A00>\n\n    def test_get_agg_trades_only_start_time_set(self):\n        symbol = 'TEST'\n        start_time = datetime(2019, 1, 1, 1, 1, 1)\n        self.client.get_agg_trades(symbol, start_time=start_time)\n>       self.mock_requests.assert_called_once_with(\n            CurrencyComConstants.AGGREGATE_TRADE_LIST_ENDPOINT,\n            params={'symbol': symbol, 'limit': 500,\n                    'startTime': start_time.timestamp() * 1000}\n        )\n\ntests\\test_client.py:90: \n_ _ _ _ _ _ _ _ _ _ _ _ _ _ _ _ _ _ _ _ _ _ _ _ _ _ _ _ _ _ _ _ _ _ _ _ _ _ _ _\n\nself = <MagicMock id='2247819290736'>\nargs = ('https://api-adapter.backend.currency.com/api/v1/aggTrades',)\nkwargs = {'params': {'limit': 500, 'startTime': 1546329661000.0, 'symbol': 'TEST'}}\nmsg = \"Expected 'mock' to be called once. Called 0 times.\"\n\n    def assert_called_once_with(self, /, *args, **kwargs):\n        \"\"\"assert that the mock was called exactly once and that that call was\n        with the specified arguments.\"\"\"\n        if not self.call_count == 1:\n            msg = (\"Expected '%s' to be called once. Called %s times.%s\"\n                   % (self._mock_name or 'mock',\n                      self.call_count,\n                      self._calls_repr()))\n>           raise AssertionError(msg)\nE           AssertionError: Expected 'mock' to be called once. Called 0 times.\n\nC:\\Users\\Mohay\\AppData\\Local\\Programs\\Python\\Python312\\Lib\\unittest\\mock.py:955: AssertionError"
      },
      "teardown": {
        "outcome": "passed"
      }
    },
    {
      "nodeid": "tests/test_client.py::TestClient::test_get_agg_trades_only_end_time_set",
      "lineno": 95,
      "outcome": "failed",
      "keywords": [
        "test_get_agg_trades_only_end_time_set",
        "TestClient",
        "test_client.py",
        "tests",
        "sann05@python-currencycom__d790bd00__requests__treq",
        ""
      ],
      "setup": {
        "outcome": "passed"
      },
      "call": {
        "outcome": "failed",
        "crash": {
          "path": "C:\\Users\\Mohay\\AppData\\Local\\Programs\\Python\\Python312\\Lib\\unittest\\mock.py",
          "lineno": 955,
          "message": "AssertionError: Expected 'mock' to be called once. Called 0 times."
        },
        "traceback": [
          {
            "path": "tests\\test_client.py",
            "lineno": 100,
            "message": ""
          },
          {
            "path": "C:\\Users\\Mohay\\AppData\\Local\\Programs\\Python\\Python312\\Lib\\unittest\\mock.py",
            "lineno": 955,
            "message": "AssertionError"
          }
        ],
        "longrepr": "self = <tests.test_client.TestClient object at 0x0000020B5C6A5CA0>\n\n    def test_get_agg_trades_only_end_time_set(self):\n        symbol = 'TEST'\n        end_time = datetime(2019, 1, 1, 1, 1, 1)\n        self.client.get_agg_trades(symbol, end_time=end_time)\n>       self.mock_requests.assert_called_once_with(\n            CurrencyComConstants.AGGREGATE_TRADE_LIST_ENDPOINT,\n            params={'symbol': symbol, 'limit': 500,\n                    'endTime': end_time.timestamp() * 1000}\n        )\n\ntests\\test_client.py:100: \n_ _ _ _ _ _ _ _ _ _ _ _ _ _ _ _ _ _ _ _ _ _ _ _ _ _ _ _ _ _ _ _ _ _ _ _ _ _ _ _\n\nself = <MagicMock id='2247819372080'>\nargs = ('https://api-adapter.backend.currency.com/api/v1/aggTrades',)\nkwargs = {'params': {'endTime': 1546329661000.0, 'limit': 500, 'symbol': 'TEST'}}\nmsg = \"Expected 'mock' to be called once. Called 0 times.\"\n\n    def assert_called_once_with(self, /, *args, **kwargs):\n        \"\"\"assert that the mock was called exactly once and that that call was\n        with the specified arguments.\"\"\"\n        if not self.call_count == 1:\n            msg = (\"Expected '%s' to be called once. Called %s times.%s\"\n                   % (self._mock_name or 'mock',\n                      self.call_count,\n                      self._calls_repr()))\n>           raise AssertionError(msg)\nE           AssertionError: Expected 'mock' to be called once. Called 0 times.\n\nC:\\Users\\Mohay\\AppData\\Local\\Programs\\Python\\Python312\\Lib\\unittest\\mock.py:955: AssertionError"
      },
      "teardown": {
        "outcome": "passed"
      }
    },
    {
      "nodeid": "tests/test_client.py::TestClient::test_get_agg_trades_both_time_set",
      "lineno": 105,
      "outcome": "failed",
      "keywords": [
        "test_get_agg_trades_both_time_set",
        "TestClient",
        "test_client.py",
        "tests",
        "sann05@python-currencycom__d790bd00__requests__treq",
        ""
      ],
      "setup": {
        "outcome": "passed"
      },
      "call": {
        "outcome": "failed",
        "crash": {
          "path": "C:\\Users\\Mohay\\AppData\\Local\\Programs\\Python\\Python312\\Lib\\unittest\\mock.py",
          "lineno": 955,
          "message": "AssertionError: Expected 'mock' to be called once. Called 0 times."
        },
        "traceback": [
          {
            "path": "tests\\test_client.py",
            "lineno": 113,
            "message": ""
          },
          {
            "path": "C:\\Users\\Mohay\\AppData\\Local\\Programs\\Python\\Python312\\Lib\\unittest\\mock.py",
            "lineno": 955,
            "message": "AssertionError"
          }
        ],
        "longrepr": "self = <tests.test_client.TestClient object at 0x0000020B5C6A5EB0>\n\n    def test_get_agg_trades_both_time_set(self):\n        symbol = 'TEST'\n        start_time = datetime(2019, 1, 1, 1, 1, 1)\n        end_time = datetime(2019, 1, 1, 1, 1, 20)\n        self.client.get_agg_trades(symbol,\n                                   start_time=start_time,\n                                   end_time=end_time)\n>       self.mock_requests.assert_called_once_with(\n            CurrencyComConstants.AGGREGATE_TRADE_LIST_ENDPOINT,\n            params={'symbol': symbol, 'limit': 500,\n                    'startTime': start_time.timestamp() * 1000,\n                    'endTime': end_time.timestamp() * 1000}\n        )\n\ntests\\test_client.py:113: \n_ _ _ _ _ _ _ _ _ _ _ _ _ _ _ _ _ _ _ _ _ _ _ _ _ _ _ _ _ _ _ _ _ _ _ _ _ _ _ _\n\nself = <MagicMock id='2247819692848'>\nargs = ('https://api-adapter.backend.currency.com/api/v1/aggTrades',)\nkwargs = {'params': {'endTime': 1546329680000.0, 'limit': 500, 'startTime': 1546329661000.0, 'symbol': 'TEST'}}\nmsg = \"Expected 'mock' to be called once. Called 0 times.\"\n\n    def assert_called_once_with(self, /, *args, **kwargs):\n        \"\"\"assert that the mock was called exactly once and that that call was\n        with the specified arguments.\"\"\"\n        if not self.call_count == 1:\n            msg = (\"Expected '%s' to be called once. Called %s times.%s\"\n                   % (self._mock_name or 'mock',\n                      self.call_count,\n                      self._calls_repr()))\n>           raise AssertionError(msg)\nE           AssertionError: Expected 'mock' to be called once. Called 0 times.\n\nC:\\Users\\Mohay\\AppData\\Local\\Programs\\Python\\Python312\\Lib\\unittest\\mock.py:955: AssertionError"
      },
      "teardown": {
        "outcome": "passed"
      }
    },
    {
      "nodeid": "tests/test_client.py::TestClient::test_get_agg_trades_both_time_set_exceed_max_range",
      "lineno": 119,
      "outcome": "failed",
      "keywords": [
        "test_get_agg_trades_both_time_set_exceed_max_range",
        "TestClient",
        "test_client.py",
        "tests",
        "sann05@python-currencycom__d790bd00__requests__treq",
        ""
      ],
      "setup": {
        "outcome": "passed"
      },
      "call": {
        "outcome": "failed",
        "crash": {
          "path": "D:\\repos\\sann05@python-currencycom__d790bd00__requests__treq\\tests\\test_client.py",
          "lineno": 124,
          "message": "Failed: DID NOT RAISE <class 'ValueError'>"
        },
        "traceback": [
          {
            "path": "tests\\test_client.py",
            "lineno": 124,
            "message": "Failed"
          }
        ],
        "longrepr": "self = <tests.test_client.TestClient object at 0x0000020B5C6A60C0>\n\n    def test_get_agg_trades_both_time_set_exceed_max_range(self):\n        symbol = 'TEST'\n        start_time = datetime(2019, 1, 1, 1, 1, 1)\n        end_time = datetime(2019, 1, 1, 2, 2, 20)\n>       with pytest.raises(ValueError):\nE       Failed: DID NOT RAISE <class 'ValueError'>\n\ntests\\test_client.py:124: Failed"
      },
      "teardown": {
        "outcome": "passed"
      }
    },
    {
      "nodeid": "tests/test_client.py::TestClient::test_get_klines_default",
      "lineno": 129,
      "outcome": "failed",
      "keywords": [
        "test_get_klines_default",
        "TestClient",
        "test_client.py",
        "tests",
        "sann05@python-currencycom__d790bd00__requests__treq",
        ""
      ],
      "setup": {
        "outcome": "passed"
      },
      "call": {
        "outcome": "failed",
        "crash": {
          "path": "D:\\repos\\sann05@python-currencycom__d790bd00__requests__treq\\tests\\test_client.py",
          "lineno": 132,
          "message": "NameError: name 'CandlesticksChartInervals' is not defined"
        },
        "traceback": [
          {
            "path": "tests\\test_client.py",
            "lineno": 132,
            "message": "NameError"
          }
        ],
        "longrepr": "self = <tests.test_client.TestClient object at 0x0000020B5C6A62D0>\n\n    def test_get_klines_default(self):\n        symbol = 'TEST'\n>       self.client.get_klines(symbol, CandlesticksChartInervals.DAY)\nE       NameError: name 'CandlesticksChartInervals' is not defined\n\ntests\\test_client.py:132: NameError"
      },
      "teardown": {
        "outcome": "passed"
      }
    },
    {
      "nodeid": "tests/test_client.py::TestClient::test_get_klines_with_limit",
      "lineno": 139,
      "outcome": "failed",
      "keywords": [
        "test_get_klines_with_limit",
        "TestClient",
        "test_client.py",
        "tests",
        "sann05@python-currencycom__d790bd00__requests__treq",
        ""
      ],
      "setup": {
        "outcome": "passed"
      },
      "call": {
        "outcome": "failed",
        "crash": {
          "path": "D:\\repos\\sann05@python-currencycom__d790bd00__requests__treq\\tests\\test_client.py",
          "lineno": 143,
          "message": "NameError: name 'CandlesticksChartInervals' is not defined"
        },
        "traceback": [
          {
            "path": "tests\\test_client.py",
            "lineno": 143,
            "message": "NameError"
          }
        ],
        "longrepr": "self = <tests.test_client.TestClient object at 0x0000020B5C6A64E0>\n\n    def test_get_klines_with_limit(self):\n        symbol = 'TEST'\n        limit = 123\n>       self.client.get_klines(symbol, CandlesticksChartInervals.DAY,\n                               limit=limit)\nE       NameError: name 'CandlesticksChartInervals' is not defined\n\ntests\\test_client.py:143: NameError"
      },
      "teardown": {
        "outcome": "passed"
      }
    },
    {
      "nodeid": "tests/test_client.py::TestClient::test_get_klines_max_limit",
      "lineno": 151,
      "outcome": "failed",
      "keywords": [
        "test_get_klines_max_limit",
        "TestClient",
        "test_client.py",
        "tests",
        "sann05@python-currencycom__d790bd00__requests__treq",
        ""
      ],
      "setup": {
        "outcome": "passed"
      },
      "call": {
        "outcome": "failed",
        "crash": {
          "path": "D:\\repos\\sann05@python-currencycom__d790bd00__requests__treq\\tests\\test_client.py",
          "lineno": 155,
          "message": "NameError: name 'CandlesticksChartInervals' is not defined"
        },
        "traceback": [
          {
            "path": "tests\\test_client.py",
            "lineno": 155,
            "message": "NameError"
          }
        ],
        "longrepr": "self = <tests.test_client.TestClient object at 0x0000020B5C6A66F0>\n\n    def test_get_klines_max_limit(self):\n        symbol = 'TEST'\n        limit = CurrencyComConstants.KLINES_MAX_LIMIT\n>       self.client.get_klines(symbol, CandlesticksChartInervals.DAY,\n                               limit=limit)\nE       NameError: name 'CandlesticksChartInervals' is not defined\n\ntests\\test_client.py:155: NameError"
      },
      "teardown": {
        "outcome": "passed"
      }
    },
    {
      "nodeid": "tests/test_client.py::TestClient::test_get_klines_exceed_max_limit",
      "lineno": 163,
      "outcome": "failed",
      "keywords": [
        "test_get_klines_exceed_max_limit",
        "TestClient",
        "test_client.py",
        "tests",
        "sann05@python-currencycom__d790bd00__requests__treq",
        ""
      ],
      "setup": {
        "outcome": "passed"
      },
      "call": {
        "outcome": "failed",
        "crash": {
          "path": "D:\\repos\\sann05@python-currencycom__d790bd00__requests__treq\\tests\\test_client.py",
          "lineno": 168,
          "message": "NameError: name 'CandlesticksChartInervals' is not defined"
        },
        "traceback": [
          {
            "path": "tests\\test_client.py",
            "lineno": 168,
            "message": "NameError"
          }
        ],
        "longrepr": "self = <tests.test_client.TestClient object at 0x0000020B5C6A6900>\n\n    def test_get_klines_exceed_max_limit(self):\n        symbol = 'TEST'\n        limit = CurrencyComConstants.KLINES_MAX_LIMIT + 1\n        with pytest.raises(ValueError):\n>           self.client.get_klines(symbol, CandlesticksChartInervals.DAY,\n                                   limit=limit)\nE           NameError: name 'CandlesticksChartInervals' is not defined\n\ntests\\test_client.py:168: NameError"
      },
      "teardown": {
        "outcome": "passed"
      }
    },
    {
      "nodeid": "tests/test_client.py::TestClient::test_get_klines_with_startTime",
      "lineno": 171,
      "outcome": "failed",
      "keywords": [
        "test_get_klines_with_startTime",
        "TestClient",
        "test_client.py",
        "tests",
        "sann05@python-currencycom__d790bd00__requests__treq",
        ""
      ],
      "setup": {
        "outcome": "passed"
      },
      "call": {
        "outcome": "failed",
        "crash": {
          "path": "D:\\repos\\sann05@python-currencycom__d790bd00__requests__treq\\tests\\test_client.py",
          "lineno": 176,
          "message": "NameError: name 'CandlesticksChartInervals' is not defined"
        },
        "traceback": [
          {
            "path": "tests\\test_client.py",
            "lineno": 176,
            "message": "NameError"
          }
        ],
        "longrepr": "self = <tests.test_client.TestClient object at 0x0000020B5C6A6B10>\n\n    def test_get_klines_with_startTime(self):\n        symbol = 'TEST'\n        start_date = datetime(2020, 1, 1)\n        self.client.get_klines(symbol,\n>                              CandlesticksChartInervals.DAY,\n                               start_time=start_date)\nE       NameError: name 'CandlesticksChartInervals' is not defined\n\ntests\\test_client.py:176: NameError"
      },
      "teardown": {
        "outcome": "passed"
      }
    },
    {
      "nodeid": "tests/test_client.py::TestClient::test_get_klines_with_endTime",
      "lineno": 185,
      "outcome": "failed",
      "keywords": [
        "test_get_klines_with_endTime",
        "TestClient",
        "test_client.py",
        "tests",
        "sann05@python-currencycom__d790bd00__requests__treq",
        ""
      ],
      "setup": {
        "outcome": "passed"
      },
      "call": {
        "outcome": "failed",
        "crash": {
          "path": "D:\\repos\\sann05@python-currencycom__d790bd00__requests__treq\\tests\\test_client.py",
          "lineno": 190,
          "message": "NameError: name 'CandlesticksChartInervals' is not defined"
        },
        "traceback": [
          {
            "path": "tests\\test_client.py",
            "lineno": 190,
            "message": "NameError"
          }
        ],
        "longrepr": "self = <tests.test_client.TestClient object at 0x0000020B5C6A6D20>\n\n    def test_get_klines_with_endTime(self):\n        symbol = 'TEST'\n        end_time = datetime(2020, 1, 1)\n        self.client.get_klines(symbol,\n>                              CandlesticksChartInervals.DAY,\n                               end_time=end_time)\nE       NameError: name 'CandlesticksChartInervals' is not defined\n\ntests\\test_client.py:190: NameError"
      },
      "teardown": {
        "outcome": "passed"
      }
    },
    {
      "nodeid": "tests/test_client.py::TestClient::test_get_klines_with_startTime_and_endTime",
      "lineno": 199,
      "outcome": "failed",
      "keywords": [
        "test_get_klines_with_startTime_and_endTime",
        "TestClient",
        "test_client.py",
        "tests",
        "sann05@python-currencycom__d790bd00__requests__treq",
        ""
      ],
      "setup": {
        "outcome": "passed"
      },
      "call": {
        "outcome": "failed",
        "crash": {
          "path": "D:\\repos\\sann05@python-currencycom__d790bd00__requests__treq\\tests\\test_client.py",
          "lineno": 205,
          "message": "NameError: name 'CandlesticksChartInervals' is not defined"
        },
        "traceback": [
          {
            "path": "tests\\test_client.py",
            "lineno": 205,
            "message": "NameError"
          }
        ],
        "longrepr": "self = <tests.test_client.TestClient object at 0x0000020B5C6A6F30>\n\n    def test_get_klines_with_startTime_and_endTime(self):\n        symbol = 'TEST'\n        start_time = datetime(2020, 1, 1)\n        end_time = datetime(2021, 1, 1)\n        self.client.get_klines(symbol,\n>                              CandlesticksChartInervals.DAY,\n                               start_time=start_time,\n                               end_time=end_time)\nE       NameError: name 'CandlesticksChartInervals' is not defined\n\ntests\\test_client.py:205: NameError"
      },
      "teardown": {
        "outcome": "passed"
      }
    },
    {
      "nodeid": "tests/test_client.py::TestClient::test_get_24h_price_change_default",
      "lineno": 216,
      "outcome": "failed",
      "keywords": [
        "test_get_24h_price_change_default",
        "TestClient",
        "test_client.py",
        "tests",
        "sann05@python-currencycom__d790bd00__requests__treq",
        ""
      ],
      "setup": {
        "outcome": "passed"
      },
      "call": {
        "outcome": "failed",
        "crash": {
          "path": "D:\\repos\\sann05@python-currencycom__d790bd00__requests__treq\\tests\\test_client.py",
          "lineno": 218,
          "message": "AttributeError: 'Client' object has no attribute 'get_24h_price_change'"
        },
        "traceback": [
          {
            "path": "tests\\test_client.py",
            "lineno": 218,
            "message": "AttributeError"
          }
        ],
        "longrepr": "self = <tests.test_client.TestClient object at 0x0000020B5C6A7140>\n\n    def test_get_24h_price_change_default(self):\n>       self.client.get_24h_price_change()\nE       AttributeError: 'Client' object has no attribute 'get_24h_price_change'\n\ntests\\test_client.py:218: AttributeError"
      },
      "teardown": {
        "outcome": "passed"
      }
    },
    {
      "nodeid": "tests/test_client.py::TestClient::test_get_24h_price_change_with_symbol",
      "lineno": 223,
      "outcome": "failed",
      "keywords": [
        "test_get_24h_price_change_with_symbol",
        "TestClient",
        "test_client.py",
        "tests",
        "sann05@python-currencycom__d790bd00__requests__treq",
        ""
      ],
      "setup": {
        "outcome": "passed"
      },
      "call": {
        "outcome": "failed",
        "crash": {
          "path": "D:\\repos\\sann05@python-currencycom__d790bd00__requests__treq\\tests\\test_client.py",
          "lineno": 226,
          "message": "AttributeError: 'Client' object has no attribute 'get_24h_price_change'"
        },
        "traceback": [
          {
            "path": "tests\\test_client.py",
            "lineno": 226,
            "message": "AttributeError"
          }
        ],
        "longrepr": "self = <tests.test_client.TestClient object at 0x0000020B5C6A7350>\n\n    def test_get_24h_price_change_with_symbol(self):\n        symbol = 'TEST'\n>       self.client.get_24h_price_change(symbol)\nE       AttributeError: 'Client' object has no attribute 'get_24h_price_change'\n\ntests\\test_client.py:226: AttributeError"
      },
      "teardown": {
        "outcome": "passed"
      }
    },
    {
      "nodeid": "tests/test_client.py::TestClient::test_new_order_default_buy",
      "lineno": 231,
      "outcome": "failed",
      "keywords": [
        "test_new_order_default_buy",
        "TestClient",
        "test_client.py",
        "tests",
        "sann05@python-currencycom__d790bd00__requests__treq",
        ""
      ],
      "setup": {
        "outcome": "passed"
      },
      "call": {
        "outcome": "failed",
        "crash": {
          "path": "D:\\repos\\sann05@python-currencycom__d790bd00__requests__treq\\tests\\test_client.py",
          "lineno": 236,
          "message": "NameError: name 'OrderSide' is not defined"
        },
        "traceback": [
          {
            "path": "tests\\test_client.py",
            "lineno": 236,
            "message": "NameError"
          }
        ],
        "longrepr": "self = <tests.test_client.TestClient object at 0x0000020B5C6A74A0>\nmonkeypatch = <_pytest.monkeypatch.MonkeyPatch object at 0x0000020B5C7D3320>\n\n    def test_new_order_default_buy(self, monkeypatch):\n        post_mock = MagicMock()\n        monkeypatch.setattr(self.client, '_post', post_mock)\n        symbol = 'TEST'\n>       side = OrderSide.BUY\nE       NameError: name 'OrderSide' is not defined\n\ntests\\test_client.py:236: NameError"
      },
      "teardown": {
        "outcome": "passed"
      }
    },
    {
      "nodeid": "tests/test_client.py::TestClient::test_new_order_default_sell",
      "lineno": 256,
      "outcome": "failed",
      "keywords": [
        "test_new_order_default_sell",
        "TestClient",
        "test_client.py",
        "tests",
        "sann05@python-currencycom__d790bd00__requests__treq",
        ""
      ],
      "setup": {
        "outcome": "passed"
      },
      "call": {
        "outcome": "failed",
        "crash": {
          "path": "D:\\repos\\sann05@python-currencycom__d790bd00__requests__treq\\tests\\test_client.py",
          "lineno": 261,
          "message": "NameError: name 'OrderSide' is not defined"
        },
        "traceback": [
          {
            "path": "tests\\test_client.py",
            "lineno": 261,
            "message": "NameError"
          }
        ],
        "longrepr": "self = <tests.test_client.TestClient object at 0x0000020B5C6A7740>\nmonkeypatch = <_pytest.monkeypatch.MonkeyPatch object at 0x0000020B5C7BDC40>\n\n    def test_new_order_default_sell(self, monkeypatch):\n        post_mock = MagicMock()\n        monkeypatch.setattr(self.client, '_post', post_mock)\n        symbol = 'TEST'\n>       side = OrderSide.BUY\nE       NameError: name 'OrderSide' is not defined\n\ntests\\test_client.py:261: NameError"
      },
      "teardown": {
        "outcome": "passed"
      }
    },
    {
      "nodeid": "tests/test_client.py::TestClient::test_new_order_invalid_recv_window",
      "lineno": 281,
      "outcome": "failed",
      "keywords": [
        "test_new_order_invalid_recv_window",
        "TestClient",
        "test_client.py",
        "tests",
        "sann05@python-currencycom__d790bd00__requests__treq",
        ""
      ],
      "setup": {
        "outcome": "passed"
      },
      "call": {
        "outcome": "failed",
        "crash": {
          "path": "D:\\repos\\sann05@python-currencycom__d790bd00__requests__treq\\tests\\test_client.py",
          "lineno": 284,
          "message": "NameError: name 'OrderSide' is not defined"
        },
        "traceback": [
          {
            "path": "tests\\test_client.py",
            "lineno": 284,
            "message": "NameError"
          }
        ],
        "longrepr": "self = <tests.test_client.TestClient object at 0x0000020B5C6A6E70>\nmonkeypatch = <_pytest.monkeypatch.MonkeyPatch object at 0x0000020B5C777F50>\n\n    def test_new_order_invalid_recv_window(self, monkeypatch):\n        symbol = 'TEST'\n>       side = OrderSide.BUY\nE       NameError: name 'OrderSide' is not defined\n\ntests\\test_client.py:284: NameError"
      },
      "teardown": {
        "outcome": "passed"
      }
    },
    {
      "nodeid": "tests/test_client.py::TestClient::test_new_order_default_limit",
      "lineno": 292,
      "outcome": "failed",
      "keywords": [
        "test_new_order_default_limit",
        "TestClient",
        "test_client.py",
        "tests",
        "sann05@python-currencycom__d790bd00__requests__treq",
        ""
      ],
      "setup": {
        "outcome": "passed"
      },
      "call": {
        "outcome": "failed",
        "crash": {
          "path": "D:\\repos\\sann05@python-currencycom__d790bd00__requests__treq\\tests\\test_client.py",
          "lineno": 297,
          "message": "NameError: name 'OrderSide' is not defined"
        },
        "traceback": [
          {
            "path": "tests\\test_client.py",
            "lineno": 297,
            "message": "NameError"
          }
        ],
        "longrepr": "self = <tests.test_client.TestClient object at 0x0000020B5C6A6630>\nmonkeypatch = <_pytest.monkeypatch.MonkeyPatch object at 0x0000020B5C7752B0>\n\n    def test_new_order_default_limit(self, monkeypatch):\n        post_mock = MagicMock()\n        monkeypatch.setattr(self.client, '_post', post_mock)\n        symbol = 'TEST'\n>       side = OrderSide.BUY\nE       NameError: name 'OrderSide' is not defined\n\ntests\\test_client.py:297: NameError"
      },
      "teardown": {
        "outcome": "passed"
      }
    },
    {
      "nodeid": "tests/test_client.py::TestClient::test_new_order_incorrect_limit_no_price",
      "lineno": 324,
      "outcome": "failed",
      "keywords": [
        "test_new_order_incorrect_limit_no_price",
        "TestClient",
        "test_client.py",
        "tests",
        "sann05@python-currencycom__d790bd00__requests__treq",
        ""
      ],
      "setup": {
        "outcome": "passed"
      },
      "call": {
        "outcome": "failed",
        "crash": {
          "path": "D:\\repos\\sann05@python-currencycom__d790bd00__requests__treq\\tests\\test_client.py",
          "lineno": 329,
          "message": "NameError: name 'OrderSide' is not defined"
        },
        "traceback": [
          {
            "path": "tests\\test_client.py",
            "lineno": 329,
            "message": "NameError"
          }
        ],
        "longrepr": "self = <tests.test_client.TestClient object at 0x0000020B5C6A5DF0>\nmonkeypatch = <_pytest.monkeypatch.MonkeyPatch object at 0x0000020B5C7B8A70>\n\n    def test_new_order_incorrect_limit_no_price(self, monkeypatch):\n        post_mock = MagicMock()\n        monkeypatch.setattr(self.client, '_post', post_mock)\n        symbol = 'TEST'\n>       side = OrderSide.BUY\nE       NameError: name 'OrderSide' is not defined\n\ntests\\test_client.py:329: NameError"
      },
      "teardown": {
        "outcome": "passed"
      }
    },
    {
      "nodeid": "tests/test_client.py::TestClient::test_new_order_incorrect_limit_no_time_in_force",
      "lineno": 338,
      "outcome": "failed",
      "keywords": [
        "test_new_order_incorrect_limit_no_time_in_force",
        "TestClient",
        "test_client.py",
        "tests",
        "sann05@python-currencycom__d790bd00__requests__treq",
        ""
      ],
      "setup": {
        "outcome": "passed"
      },
      "call": {
        "outcome": "failed",
        "crash": {
          "path": "D:\\repos\\sann05@python-currencycom__d790bd00__requests__treq\\tests\\test_client.py",
          "lineno": 343,
          "message": "NameError: name 'OrderSide' is not defined"
        },
        "traceback": [
          {
            "path": "tests\\test_client.py",
            "lineno": 343,
            "message": "NameError"
          }
        ],
        "longrepr": "self = <tests.test_client.TestClient object at 0x0000020B5C6A5670>\nmonkeypatch = <_pytest.monkeypatch.MonkeyPatch object at 0x0000020B5C7BB9B0>\n\n    def test_new_order_incorrect_limit_no_time_in_force(self, monkeypatch):\n        post_mock = MagicMock()\n        monkeypatch.setattr(self.client, '_post', post_mock)\n        symbol = 'TEST'\n>       side = OrderSide.BUY\nE       NameError: name 'OrderSide' is not defined\n\ntests\\test_client.py:343: NameError"
      },
      "teardown": {
        "outcome": "passed"
      }
    },
    {
      "nodeid": "tests/test_client.py::TestClient::test_cancel_order_default_order_id",
      "lineno": 354,
      "outcome": "failed",
      "keywords": [
        "test_cancel_order_default_order_id",
        "TestClient",
        "test_client.py",
        "tests",
        "sann05@python-currencycom__d790bd00__requests__treq",
        ""
      ],
      "setup": {
        "outcome": "passed"
      },
      "call": {
        "outcome": "failed",
        "crash": {
          "path": "D:\\repos\\sann05@python-currencycom__d790bd00__requests__treq\\tests\\test_client.py",
          "lineno": 360,
          "message": "AttributeError: 'Client' object has no attribute 'cancel_order'"
        },
        "traceback": [
          {
            "path": "tests\\test_client.py",
            "lineno": 360,
            "message": "AttributeError"
          }
        ],
        "longrepr": "self = <tests.test_client.TestClient object at 0x0000020B5C6A7860>\nmonkeypatch = <_pytest.monkeypatch.MonkeyPatch object at 0x0000020B5C7BA150>\n\n    def test_cancel_order_default_order_id(self, monkeypatch):\n        delete_mock = MagicMock()\n        monkeypatch.setattr(self.client, '_delete', delete_mock)\n        symbol = 'TEST'\n        order_id = 'TEST_ORDER_ID'\n>       self.client.cancel_order(symbol, order_id)\nE       AttributeError: 'Client' object has no attribute 'cancel_order'\n\ntests\\test_client.py:360: AttributeError"
      },
      "teardown": {
        "outcome": "passed"
      }
    },
    {
      "nodeid": "tests/test_client.py::TestClient::test_cancel_order_default_client_order_id",
      "lineno": 367,
      "outcome": "failed",
      "keywords": [
        "test_cancel_order_default_client_order_id",
        "TestClient",
        "test_client.py",
        "tests",
        "sann05@python-currencycom__d790bd00__requests__treq",
        ""
      ],
      "setup": {
        "outcome": "passed"
      },
      "call": {
        "outcome": "failed",
        "crash": {
          "path": "D:\\repos\\sann05@python-currencycom__d790bd00__requests__treq\\tests\\test_client.py",
          "lineno": 373,
          "message": "AttributeError: 'Client' object has no attribute 'cancel_order'"
        },
        "traceback": [
          {
            "path": "tests\\test_client.py",
            "lineno": 373,
            "message": "AttributeError"
          }
        ],
        "longrepr": "self = <tests.test_client.TestClient object at 0x0000020B5C6A7A70>\nmonkeypatch = <_pytest.monkeypatch.MonkeyPatch object at 0x0000020B5C7773B0>\n\n    def test_cancel_order_default_client_order_id(self, monkeypatch):\n        delete_mock = MagicMock()\n        monkeypatch.setattr(self.client, '_delete', delete_mock)\n        symbol = 'TEST'\n        order_id = 'TEST_ORDER_ID'\n>       self.client.cancel_order(symbol, order_id=order_id)\nE       AttributeError: 'Client' object has no attribute 'cancel_order'\n\ntests\\test_client.py:373: AttributeError"
      },
      "teardown": {
        "outcome": "passed"
      }
    },
    {
      "nodeid": "tests/test_client.py::TestClient::test_cancel_order_default_no_id",
      "lineno": 380,
      "outcome": "skipped",
      "keywords": [
        "test_cancel_order_default_no_id",
        "skip",
        "pytestmark",
        "TestClient",
        "test_client.py",
        "tests",
        "sann05@python-currencycom__d790bd00__requests__treq",
        ""
      ],
      "setup": {
        "outcome": "skipped",
        "longrepr": "('D:\\\\repos\\\\sann05@python-currencycom__d790bd00__requests__treq\\\\tests\\\\test_client.py', 381, 'Skipped: order_id param became mandatory')"
      },
      "teardown": {
        "outcome": "passed"
      }
    },
    {
      "nodeid": "tests/test_client.py::TestClient::test_cancel_order_invalid_recv_window",
      "lineno": 389,
      "outcome": "failed",
      "keywords": [
        "test_cancel_order_invalid_recv_window",
        "TestClient",
        "test_client.py",
        "tests",
        "sann05@python-currencycom__d790bd00__requests__treq",
        ""
      ],
      "setup": {
        "outcome": "passed"
      },
      "call": {
        "outcome": "failed",
        "crash": {
          "path": "D:\\repos\\sann05@python-currencycom__d790bd00__requests__treq\\tests\\test_client.py",
          "lineno": 395,
          "message": "AttributeError: 'Client' object has no attribute 'cancel_order'"
        },
        "traceback": [
          {
            "path": "tests\\test_client.py",
            "lineno": 395,
            "message": "AttributeError"
          }
        ],
        "longrepr": "self = <tests.test_client.TestClient object at 0x0000020B5C6D00E0>\nmonkeypatch = <_pytest.monkeypatch.MonkeyPatch object at 0x0000020B5C7D2600>\n\n    def test_cancel_order_invalid_recv_window(self, monkeypatch):\n        delete_mock = MagicMock()\n        monkeypatch.setattr(self.client, '_delete', delete_mock)\n        symbol = 'TEST'\n        with pytest.raises(ValueError):\n>           self.client.cancel_order(\n                symbol, 'id',\n                recv_window=CurrencyComConstants.RECV_WINDOW_MAX_LIMIT + 1)\nE           AttributeError: 'Client' object has no attribute 'cancel_order'\n\ntests\\test_client.py:395: AttributeError"
      },
      "teardown": {
        "outcome": "passed"
      }
    },
    {
      "nodeid": "tests/test_client.py::TestClient::test_get_open_orders_default",
      "lineno": 399,
      "outcome": "failed",
      "keywords": [
        "test_get_open_orders_default",
        "TestClient",
        "test_client.py",
        "tests",
        "sann05@python-currencycom__d790bd00__requests__treq",
        ""
      ],
      "setup": {
        "outcome": "passed"
      },
      "call": {
        "outcome": "failed",
        "crash": {
          "path": "D:\\repos\\sann05@python-currencycom__d790bd00__requests__treq\\tests\\test_client.py",
          "lineno": 403,
          "message": "AttributeError: 'Client' object has no attribute 'get_open_orders'"
        },
        "traceback": [
          {
            "path": "tests\\test_client.py",
            "lineno": 403,
            "message": "AttributeError"
          }
        ],
        "longrepr": "self = <tests.test_client.TestClient object at 0x0000020B5C6D02F0>\nmonkeypatch = <_pytest.monkeypatch.MonkeyPatch object at 0x0000020B5C7BA510>\n\n    def test_get_open_orders_default(self, monkeypatch):\n        get_mock = MagicMock()\n        monkeypatch.setattr(self.client, '_get', get_mock)\n>       self.client.get_open_orders()\nE       AttributeError: 'Client' object has no attribute 'get_open_orders'\n\ntests\\test_client.py:403: AttributeError"
      },
      "teardown": {
        "outcome": "passed"
      }
    },
    {
      "nodeid": "tests/test_client.py::TestClient::test_get_open_orders_with_symbol",
      "lineno": 409,
      "outcome": "failed",
      "keywords": [
        "test_get_open_orders_with_symbol",
        "TestClient",
        "test_client.py",
        "tests",
        "sann05@python-currencycom__d790bd00__requests__treq",
        ""
      ],
      "setup": {
        "outcome": "passed"
      },
      "call": {
        "outcome": "failed",
        "crash": {
          "path": "D:\\repos\\sann05@python-currencycom__d790bd00__requests__treq\\tests\\test_client.py",
          "lineno": 414,
          "message": "AttributeError: 'Client' object has no attribute 'get_open_orders'"
        },
        "traceback": [
          {
            "path": "tests\\test_client.py",
            "lineno": 414,
            "message": "AttributeError"
          }
        ],
        "longrepr": "self = <tests.test_client.TestClient object at 0x0000020B5C6D0500>\nmonkeypatch = <_pytest.monkeypatch.MonkeyPatch object at 0x0000020B5C7AAF60>\n\n    def test_get_open_orders_with_symbol(self, monkeypatch):\n        get_mock = MagicMock()\n        symbol = 'Test'\n        monkeypatch.setattr(self.client, '_get', get_mock)\n>       self.client.get_open_orders(symbol)\nE       AttributeError: 'Client' object has no attribute 'get_open_orders'\n\ntests\\test_client.py:414: AttributeError"
      },
      "teardown": {
        "outcome": "passed"
      }
    },
    {
      "nodeid": "tests/test_client.py::TestClient::test_get_open_orders_invalid_recv_window",
      "lineno": 420,
      "outcome": "failed",
      "keywords": [
        "test_get_open_orders_invalid_recv_window",
        "TestClient",
        "test_client.py",
        "tests",
        "sann05@python-currencycom__d790bd00__requests__treq",
        ""
      ],
      "setup": {
        "outcome": "passed"
      },
      "call": {
        "outcome": "failed",
        "crash": {
          "path": "D:\\repos\\sann05@python-currencycom__d790bd00__requests__treq\\tests\\test_client.py",
          "lineno": 423,
          "message": "AttributeError: 'Client' object has no attribute 'get_open_orders'"
        },
        "traceback": [
          {
            "path": "tests\\test_client.py",
            "lineno": 423,
            "message": "AttributeError"
          }
        ],
        "longrepr": "self = <tests.test_client.TestClient object at 0x0000020B5C6D0740>\n\n    def test_get_open_orders_invalid_recv_window(self):\n        with pytest.raises(ValueError):\n>           self.client.get_open_orders(\n                recv_window=CurrencyComConstants.RECV_WINDOW_MAX_LIMIT + 1)\nE           AttributeError: 'Client' object has no attribute 'get_open_orders'\n\ntests\\test_client.py:423: AttributeError"
      },
      "teardown": {
        "outcome": "passed"
      }
    },
    {
      "nodeid": "tests/test_client.py::TestClient::test_get_account_info_default",
      "lineno": 426,
      "outcome": "failed",
      "keywords": [
        "test_get_account_info_default",
        "TestClient",
        "test_client.py",
        "tests",
        "sann05@python-currencycom__d790bd00__requests__treq",
        ""
      ],
      "setup": {
        "outcome": "passed"
      },
      "call": {
        "outcome": "failed",
        "crash": {
          "path": "C:\\Users\\Mohay\\AppData\\Local\\Programs\\Python\\Python312\\Lib\\unittest\\mock.py",
          "lineno": 955,
          "message": "AssertionError: Expected 'mock' to be called once. Called 0 times."
        },
        "traceback": [
          {
            "path": "tests\\test_client.py",
            "lineno": 431,
            "message": ""
          },
          {
            "path": "C:\\Users\\Mohay\\AppData\\Local\\Programs\\Python\\Python312\\Lib\\unittest\\mock.py",
            "lineno": 955,
            "message": "AssertionError"
          }
        ],
        "longrepr": "self = <tests.test_client.TestClient object at 0x0000020B5C6D0950>\nmonkeypatch = <_pytest.monkeypatch.MonkeyPatch object at 0x0000020B5C7DBB60>\n\n    def test_get_account_info_default(self, monkeypatch):\n        get_mock = MagicMock()\n        monkeypatch.setattr(self.client, '_get', get_mock)\n        self.client.get_account_info()\n>       get_mock.assert_called_once_with(\n            CurrencyComConstants.ACCOUNT_INFORMATION_ENDPOINT,\n            showZeroBalance=False,\n            recvWindow=None\n        )\n\ntests\\test_client.py:431: \n_ _ _ _ _ _ _ _ _ _ _ _ _ _ _ _ _ _ _ _ _ _ _ _ _ _ _ _ _ _ _ _ _ _ _ _ _ _ _ _\n\nself = <MagicMock id='2247820577488'>\nargs = ('https://api-adapter.backend.currency.com/api/v1/account',)\nkwargs = {'recvWindow': None, 'showZeroBalance': False}\nmsg = \"Expected 'mock' to be called once. Called 0 times.\"\n\n    def assert_called_once_with(self, /, *args, **kwargs):\n        \"\"\"assert that the mock was called exactly once and that that call was\n        with the specified arguments.\"\"\"\n        if not self.call_count == 1:\n            msg = (\"Expected '%s' to be called once. Called %s times.%s\"\n                   % (self._mock_name or 'mock',\n                      self.call_count,\n                      self._calls_repr()))\n>           raise AssertionError(msg)\nE           AssertionError: Expected 'mock' to be called once. Called 0 times.\n\nC:\\Users\\Mohay\\AppData\\Local\\Programs\\Python\\Python312\\Lib\\unittest\\mock.py:955: AssertionError"
      },
      "teardown": {
        "outcome": "passed"
      }
    },
    {
      "nodeid": "tests/test_client.py::TestClient::test_get_account_info_invalid_recv_window",
      "lineno": 436,
      "outcome": "failed",
      "keywords": [
        "test_get_account_info_invalid_recv_window",
        "TestClient",
        "test_client.py",
        "tests",
        "sann05@python-currencycom__d790bd00__requests__treq",
        ""
      ],
      "setup": {
        "outcome": "passed"
      },
      "call": {
        "outcome": "failed",
        "crash": {
          "path": "D:\\repos\\sann05@python-currencycom__d790bd00__requests__treq\\tests\\test_client.py",
          "lineno": 438,
          "message": "Failed: DID NOT RAISE <class 'ValueError'>"
        },
        "traceback": [
          {
            "path": "tests\\test_client.py",
            "lineno": 438,
            "message": "Failed"
          }
        ],
        "longrepr": "self = <tests.test_client.TestClient object at 0x0000020B5C6D0B90>\n\n    def test_get_account_info_invalid_recv_window(self):\n>       with pytest.raises(ValueError):\nE       Failed: DID NOT RAISE <class 'ValueError'>\n\ntests\\test_client.py:438: Failed"
      },
      "teardown": {
        "outcome": "passed"
      }
    },
    {
      "nodeid": "tests/test_client.py::TestClient::test_get_account_trade_list_default",
      "lineno": 442,
      "outcome": "failed",
      "keywords": [
        "test_get_account_trade_list_default",
        "TestClient",
        "test_client.py",
        "tests",
        "sann05@python-currencycom__d790bd00__requests__treq",
        ""
      ],
      "setup": {
        "outcome": "passed"
      },
      "call": {
        "outcome": "failed",
        "crash": {
          "path": "D:\\repos\\sann05@python-currencycom__d790bd00__requests__treq\\tests\\test_client.py",
          "lineno": 447,
          "message": "AttributeError: 'Client' object has no attribute 'get_account_trade_list'"
        },
        "traceback": [
          {
            "path": "tests\\test_client.py",
            "lineno": 447,
            "message": "AttributeError"
          }
        ],
        "longrepr": "self = <tests.test_client.TestClient object at 0x0000020B5C6D0DA0>\nmonkeypatch = <_pytest.monkeypatch.MonkeyPatch object at 0x0000020B5C8A4B60>\n\n    def test_get_account_trade_list_default(self, monkeypatch):\n        get_mock = MagicMock()\n        symbol = 'TEST'\n        monkeypatch.setattr(self.client, '_get', get_mock)\n>       self.client.get_account_trade_list(symbol)\nE       AttributeError: 'Client' object has no attribute 'get_account_trade_list'\n\ntests\\test_client.py:447: AttributeError"
      },
      "teardown": {
        "outcome": "passed"
      }
    },
    {
      "nodeid": "tests/test_client.py::TestClient::test_get_account_trade_list_with_start_time",
      "lineno": 454,
      "outcome": "failed",
      "keywords": [
        "test_get_account_trade_list_with_start_time",
        "TestClient",
        "test_client.py",
        "tests",
        "sann05@python-currencycom__d790bd00__requests__treq",
        ""
      ],
      "setup": {
        "outcome": "passed"
      },
      "call": {
        "outcome": "failed",
        "crash": {
          "path": "D:\\repos\\sann05@python-currencycom__d790bd00__requests__treq\\tests\\test_client.py",
          "lineno": 460,
          "message": "AttributeError: 'Client' object has no attribute 'get_account_trade_list'"
        },
        "traceback": [
          {
            "path": "tests\\test_client.py",
            "lineno": 460,
            "message": "AttributeError"
          }
        ],
        "longrepr": "self = <tests.test_client.TestClient object at 0x0000020B5C6D0FB0>\nmonkeypatch = <_pytest.monkeypatch.MonkeyPatch object at 0x0000020B5C8A6EA0>\n\n    def test_get_account_trade_list_with_start_time(self, monkeypatch):\n        get_mock = MagicMock()\n        symbol = 'TEST'\n        start_time = datetime(2020, 1, 1, 1, 1, 1)\n        monkeypatch.setattr(self.client, '_get', get_mock)\n>       self.client.get_account_trade_list(symbol, start_time=start_time)\nE       AttributeError: 'Client' object has no attribute 'get_account_trade_list'\n\ntests\\test_client.py:460: AttributeError"
      },
      "teardown": {
        "outcome": "passed"
      }
    },
    {
      "nodeid": "tests/test_client.py::TestClient::test_get_account_trade_list_with_end_time",
      "lineno": 468,
      "outcome": "failed",
      "keywords": [
        "test_get_account_trade_list_with_end_time",
        "TestClient",
        "test_client.py",
        "tests",
        "sann05@python-currencycom__d790bd00__requests__treq",
        ""
      ],
      "setup": {
        "outcome": "passed"
      },
      "call": {
        "outcome": "failed",
        "crash": {
          "path": "D:\\repos\\sann05@python-currencycom__d790bd00__requests__treq\\tests\\test_client.py",
          "lineno": 474,
          "message": "AttributeError: 'Client' object has no attribute 'get_account_trade_list'"
        },
        "traceback": [
          {
            "path": "tests\\test_client.py",
            "lineno": 474,
            "message": "AttributeError"
          }
        ],
        "longrepr": "self = <tests.test_client.TestClient object at 0x0000020B5C6D11C0>\nmonkeypatch = <_pytest.monkeypatch.MonkeyPatch object at 0x0000020B5C8E9610>\n\n    def test_get_account_trade_list_with_end_time(self, monkeypatch):\n        get_mock = MagicMock()\n        symbol = 'TEST'\n        end_time = datetime(2020, 1, 1, 1, 1, 1)\n        monkeypatch.setattr(self.client, '_get', get_mock)\n>       self.client.get_account_trade_list(symbol, end_time=end_time)\nE       AttributeError: 'Client' object has no attribute 'get_account_trade_list'\n\ntests\\test_client.py:474: AttributeError"
      },
      "teardown": {
        "outcome": "passed"
      }
    },
    {
      "nodeid": "tests/test_client.py::TestClient::test_get_account_trade_list_with_start_and_end_times",
      "lineno": 482,
      "outcome": "failed",
      "keywords": [
        "test_get_account_trade_list_with_start_and_end_times",
        "TestClient",
        "test_client.py",
        "tests",
        "sann05@python-currencycom__d790bd00__requests__treq",
        ""
      ],
      "setup": {
        "outcome": "passed"
      },
      "call": {
        "outcome": "failed",
        "crash": {
          "path": "D:\\repos\\sann05@python-currencycom__d790bd00__requests__treq\\tests\\test_client.py",
          "lineno": 489,
          "message": "AttributeError: 'Client' object has no attribute 'get_account_trade_list'"
        },
        "traceback": [
          {
            "path": "tests\\test_client.py",
            "lineno": 489,
            "message": "AttributeError"
          }
        ],
        "longrepr": "self = <tests.test_client.TestClient object at 0x0000020B5C6D13D0>\nmonkeypatch = <_pytest.monkeypatch.MonkeyPatch object at 0x0000020B5C8A5790>\n\n    def test_get_account_trade_list_with_start_and_end_times(self, monkeypatch):\n        get_mock = MagicMock()\n        symbol = 'TEST'\n        start_time = datetime(2019, 1, 1, 1, 1, 1)\n        end_time = datetime(2020, 1, 1, 1, 1, 1)\n        monkeypatch.setattr(self.client, '_get', get_mock)\n>       self.client.get_account_trade_list(symbol,\n                                           start_time=start_time,\n                                           end_time=end_time)\nE       AttributeError: 'Client' object has no attribute 'get_account_trade_list'\n\ntests\\test_client.py:489: AttributeError"
      },
      "teardown": {
        "outcome": "passed"
      }
    },
    {
      "nodeid": "tests/test_client.py::TestClient::test_get_account_trade_list_incorrect_recv_window",
      "lineno": 500,
      "outcome": "failed",
      "keywords": [
        "test_get_account_trade_list_incorrect_recv_window",
        "TestClient",
        "test_client.py",
        "tests",
        "sann05@python-currencycom__d790bd00__requests__treq",
        ""
      ],
      "setup": {
        "outcome": "passed"
      },
      "call": {
        "outcome": "failed",
        "crash": {
          "path": "D:\\repos\\sann05@python-currencycom__d790bd00__requests__treq\\tests\\test_client.py",
          "lineno": 503,
          "message": "AttributeError: 'Client' object has no attribute 'get_account_trade_list'"
        },
        "traceback": [
          {
            "path": "tests\\test_client.py",
            "lineno": 503,
            "message": "AttributeError"
          }
        ],
        "longrepr": "self = <tests.test_client.TestClient object at 0x0000020B5C6D1610>\n\n    def test_get_account_trade_list_incorrect_recv_window(self):\n        with pytest.raises(ValueError):\n>           self.client.get_account_trade_list(\n                'TEST',\n                recv_window=CurrencyComConstants.RECV_WINDOW_MAX_LIMIT + 1)\nE           AttributeError: 'Client' object has no attribute 'get_account_trade_list'\n\ntests\\test_client.py:503: AttributeError"
      },
      "teardown": {
        "outcome": "passed"
      }
    },
    {
      "nodeid": "tests/test_client.py::TestClient::test_get_account_trade_list_incorrect_limit",
      "lineno": 507,
      "outcome": "failed",
      "keywords": [
        "test_get_account_trade_list_incorrect_limit",
        "TestClient",
        "test_client.py",
        "tests",
        "sann05@python-currencycom__d790bd00__requests__treq",
        ""
      ],
      "setup": {
        "outcome": "passed"
      },
      "call": {
        "outcome": "failed",
        "crash": {
          "path": "D:\\repos\\sann05@python-currencycom__d790bd00__requests__treq\\tests\\test_client.py",
          "lineno": 510,
          "message": "AttributeError: 'Client' object has no attribute 'get_account_trade_list'"
        },
        "traceback": [
          {
            "path": "tests\\test_client.py",
            "lineno": 510,
            "message": "AttributeError"
          }
        ],
        "longrepr": "self = <tests.test_client.TestClient object at 0x0000020B5C6D1850>\n\n    def test_get_account_trade_list_incorrect_limit(self):\n        with pytest.raises(ValueError):\n>           self.client.get_account_trade_list(\n                'TEST',\n                limit=999)\nE           AttributeError: 'Client' object has no attribute 'get_account_trade_list'\n\ntests\\test_client.py:510: AttributeError"
      },
      "teardown": {
        "outcome": "passed"
      }
    },
    {
      "nodeid": "tests/test_client.py::TestClient::test__to_epoch_miliseconds_default",
      "lineno": 514,
      "outcome": "passed",
      "keywords": [
        "test__to_epoch_miliseconds_default",
        "TestClient",
        "test_client.py",
        "tests",
        "sann05@python-currencycom__d790bd00__requests__treq",
        ""
      ],
      "setup": {
        "outcome": "passed"
      },
      "call": {
        "outcome": "passed"
      },
      "teardown": {
        "outcome": "passed"
      }
    }
  ],
  "warnings": [
    {
      "message": "coroutine 'Client.get_server_time' was never awaited",
      "category": "RuntimeWarning",
      "when": "runtest",
      "filename": "D:\\repos\\sann05@python-currencycom__d790bd00__requests__treq\\tests\\test_client.py",
      "lineno": 19
    },
    {
      "message": "coroutine 'Client.get_exchange_info' was never awaited",
      "category": "RuntimeWarning",
      "when": "runtest",
      "filename": "D:\\repos\\sann05@python-currencycom__d790bd00__requests__treq\\tests\\test_client.py",
      "lineno": 25
    },
    {
      "message": "coroutine 'Client.get_agg_trades' was never awaited",
      "category": "RuntimeWarning",
      "when": "runtest",
      "filename": "D:\\repos\\sann05@python-currencycom__d790bd00__requests__treq\\tests\\test_client.py",
      "lineno": 55
    },
    {
      "message": "coroutine 'Client.get_agg_trades' was never awaited",
      "category": "RuntimeWarning",
      "when": "runtest",
      "filename": "D:\\repos\\sann05@python-currencycom__d790bd00__requests__treq\\tests\\test_client.py",
      "lineno": 64
    },
    {
      "message": "coroutine 'Client.get_agg_trades' was never awaited",
      "category": "RuntimeWarning",
      "when": "runtest",
      "filename": "D:\\repos\\sann05@python-currencycom__d790bd00__requests__treq\\tests\\test_client.py",
      "lineno": 73
    },
    {
      "message": "coroutine 'Client.get_agg_trades' was never awaited",
      "category": "RuntimeWarning",
      "when": "runtest",
      "filename": "D:\\repos\\sann05@python-currencycom__d790bd00__requests__treq\\tests\\test_client.py",
      "lineno": 83
    },
    {
      "message": "coroutine 'Client.get_agg_trades' was never awaited",
      "category": "RuntimeWarning",
      "when": "runtest",
      "filename": "D:\\repos\\sann05@python-currencycom__d790bd00__requests__treq\\tests\\test_client.py",
      "lineno": 89
    },
    {
      "message": "coroutine 'Client.get_agg_trades' was never awaited",
      "category": "RuntimeWarning",
      "when": "runtest",
      "filename": "D:\\repos\\sann05@python-currencycom__d790bd00__requests__treq\\tests\\test_client.py",
      "lineno": 99
    },
    {
      "message": "coroutine 'Client.get_agg_trades' was never awaited",
      "category": "RuntimeWarning",
      "when": "runtest",
      "filename": "D:\\repos\\sann05@python-currencycom__d790bd00__requests__treq\\tests\\test_client.py",
      "lineno": 110
    },
    {
      "message": "coroutine 'Client.get_agg_trades' was never awaited",
      "category": "RuntimeWarning",
      "when": "runtest",
      "filename": "D:\\repos\\sann05@python-currencycom__d790bd00__requests__treq\\tests\\test_client.py",
      "lineno": 125
    },
    {
      "message": "coroutine 'Client.get_account_info' was never awaited",
      "category": "RuntimeWarning",
      "when": "runtest",
      "filename": "D:\\repos\\sann05@python-currencycom__d790bd00__requests__treq\\tests\\test_client.py",
      "lineno": 430
    },
    {
      "message": "coroutine 'Client.get_account_info' was never awaited",
      "category": "RuntimeWarning",
      "when": "runtest",
      "filename": "D:\\repos\\sann05@python-currencycom__d790bd00__requests__treq\\tests\\test_client.py",
      "lineno": 439
    }
  ]
}