{
  "exitcode": 1,
  "summary": {
    "failed": 34,
    "passed": 73,
    "total": 107,
    "collected": 107
  },
  "collectors": [
    {
      "nodeid": "",
      "outcome": "passed",
      "result": [
        {
          "nodeid": ".",
          "type": "Dir"
        }
      ]
    },
    {
      "nodeid": "docs/source/_static/img",
      "outcome": "passed",
      "result": []
    },
    {
      "nodeid": "docs/source/_static",
      "outcome": "passed",
      "result": [
        {
          "nodeid": "docs/source/_static/img",
          "type": "Dir"
        }
      ]
    },
    {
      "nodeid": "docs/source",
      "outcome": "passed",
      "result": [
        {
          "nodeid": "docs/source/_static",
          "type": "Dir"
        }
      ]
    },
    {
      "nodeid": "docs",
      "outcome": "passed",
      "result": [
        {
          "nodeid": "docs/source",
          "type": "Dir"
        }
      ]
    },
    {
      "nodeid": "examples",
      "outcome": "passed",
      "result": []
    },
    {
      "nodeid": "filestack/mixins",
      "outcome": "passed",
      "result": []
    },
    {
      "nodeid": "filestack/models",
      "outcome": "passed",
      "result": []
    },
    {
      "nodeid": "filestack/uploads",
      "outcome": "passed",
      "result": []
    },
    {
      "nodeid": "filestack",
      "outcome": "passed",
      "result": [
        {
          "nodeid": "filestack/mixins",
          "type": "Package"
        },
        {
          "nodeid": "filestack/models",
          "type": "Package"
        },
        {
          "nodeid": "filestack/uploads",
          "type": "Package"
        }
      ]
    },
    {
      "nodeid": "filestack_python.egg-info",
      "outcome": "passed",
      "result": []
    },
    {
      "nodeid": "tests/audiovisual_test.py",
      "outcome": "passed",
      "result": [
        {
          "nodeid": "tests/audiovisual_test.py::test_status",
          "type": "Function",
          "lineno": 17
        },
        {
          "nodeid": "tests/audiovisual_test.py::test_convert",
          "type": "Function",
          "lineno": 23
        }
      ]
    },
    {
      "nodeid": "tests/client_test.py",
      "outcome": "passed",
      "result": [
        {
          "nodeid": "tests/client_test.py::test_api_set",
          "type": "Function",
          "lineno": 20
        },
        {
          "nodeid": "tests/client_test.py::test_wrong_storage",
          "type": "Function",
          "lineno": 24
        },
        {
          "nodeid": "tests/client_test.py::test_store_external_url",
          "type": "Function",
          "lineno": 29
        },
        {
          "nodeid": "tests/client_test.py::test_store_filepath",
          "type": "Function",
          "lineno": 40
        },
        {
          "nodeid": "tests/client_test.py::test_security_inheritance",
          "type": "Function",
          "lineno": 50
        },
        {
          "nodeid": "tests/client_test.py::test_url_screenshot",
          "type": "Function",
          "lineno": 68
        },
        {
          "nodeid": "tests/client_test.py::test_transform_external",
          "type": "Function",
          "lineno": 75
        },
        {
          "nodeid": "tests/client_test.py::test_zip",
          "type": "Function",
          "lineno": 80
        }
      ]
    },
    {
      "nodeid": "tests/data",
      "outcome": "passed",
      "result": []
    },
    {
      "nodeid": "tests/filelink_test.py",
      "outcome": "passed",
      "result": [
        {
          "nodeid": "tests/filelink_test.py::test_handle",
          "type": "Function",
          "lineno": 26
        },
        {
          "nodeid": "tests/filelink_test.py::test_url",
          "type": "Function",
          "lineno": 30
        },
        {
          "nodeid": "tests/filelink_test.py::test_signed_url[None-security=p:eyJjYWxsIjogWyJyZWFkIl0sICJleHBpcnkiOiAxMDIzODIzOX0=,s:858d1ee9c0a1f06283e495f78dc7950ff6e64136ce960465f35539791fcd486b]",
          "type": "Function",
          "lineno": 35
        },
        {
          "nodeid": "tests/filelink_test.py::test_signed_url[security_obj1-security=p:eyJjYWxsIjogWyJ3cml0ZSJdLCAiZXhwaXJ5IjogMTY1NTk5MjQzMn0=,s:625cc5b9beab3e939fb53935f7795919c9f57f628d43adfc14566d2ad9a4ad47]",
          "type": "Function",
          "lineno": 35
        },
        {
          "nodeid": "tests/filelink_test.py::test_get_content",
          "type": "Function",
          "lineno": 55
        },
        {
          "nodeid": "tests/filelink_test.py::test_bad_call",
          "type": "Function",
          "lineno": 64
        },
        {
          "nodeid": "tests/filelink_test.py::test_metadata[None-None-expected_params0]",
          "type": "Function",
          "lineno": 73
        },
        {
          "nodeid": "tests/filelink_test.py::test_metadata[None-security1-expected_params1]",
          "type": "Function",
          "lineno": 73
        },
        {
          "nodeid": "tests/filelink_test.py::test_metadata[attributes2-security2-expected_params2]",
          "type": "Function",
          "lineno": 73
        },
        {
          "nodeid": "tests/filelink_test.py::test_download",
          "type": "Function",
          "lineno": 106
        },
        {
          "nodeid": "tests/filelink_test.py::test_tags_without_security",
          "type": "Function",
          "lineno": 118
        },
        {
          "nodeid": "tests/filelink_test.py::test_tags",
          "type": "Function",
          "lineno": 123
        },
        {
          "nodeid": "tests/filelink_test.py::test_tags_on_transformation",
          "type": "Function",
          "lineno": 133
        },
        {
          "nodeid": "tests/filelink_test.py::test_sfw_without_security",
          "type": "Function",
          "lineno": 147
        },
        {
          "nodeid": "tests/filelink_test.py::test_sfw",
          "type": "Function",
          "lineno": 152
        },
        {
          "nodeid": "tests/filelink_test.py::test_sfw_on_transformation",
          "type": "Function",
          "lineno": 160
        },
        {
          "nodeid": "tests/filelink_test.py::test_overwrite_without_security",
          "type": "Function",
          "lineno": 171
        },
        {
          "nodeid": "tests/filelink_test.py::test_invalid_overwrite_call",
          "type": "Function",
          "lineno": 176
        },
        {
          "nodeid": "tests/filelink_test.py::test_overwrite_with_url[True]",
          "type": "Function",
          "lineno": 181
        },
        {
          "nodeid": "tests/filelink_test.py::test_overwrite_with_url[False]",
          "type": "Function",
          "lineno": 181
        },
        {
          "nodeid": "tests/filelink_test.py::test_overwrite_with_filepath",
          "type": "Function",
          "lineno": 196
        },
        {
          "nodeid": "tests/filelink_test.py::test_overwrite_with_file_obj",
          "type": "Function",
          "lineno": 212
        },
        {
          "nodeid": "tests/filelink_test.py::test_delete_without_apikey_or_security[flink0-Security is required]",
          "type": "Function",
          "lineno": 227
        },
        {
          "nodeid": "tests/filelink_test.py::test_delete_without_apikey_or_security[flink1-Apikey is required]",
          "type": "Function",
          "lineno": 227
        },
        {
          "nodeid": "tests/filelink_test.py::test_successful_delete[flink0-security_arg0]",
          "type": "Function",
          "lineno": 236
        },
        {
          "nodeid": "tests/filelink_test.py::test_successful_delete[flink1-None]",
          "type": "Function",
          "lineno": 236
        }
      ]
    },
    {
      "nodeid": "tests/filestack_helpers_test.py",
      "outcome": "passed",
      "result": [
        {
          "nodeid": "tests/filestack_helpers_test.py::test_webhook_verification[57cbb25386c3d6ff758a7a75cf52ba02cf2b0a1a2d6d5dfb9c886553ca6011cb-True]",
          "type": "Function",
          "lineno": 4
        },
        {
          "nodeid": "tests/filestack_helpers_test.py::test_webhook_verification[incorrect-signature-False]",
          "type": "Function",
          "lineno": 4
        },
        {
          "nodeid": "tests/filestack_helpers_test.py::test_agrument_validation[hook-secret-body-should be a dict-value is not a dict]",
          "type": "Function",
          "lineno": 22
        },
        {
          "nodeid": "tests/filestack_helpers_test.py::test_agrument_validation[1-body-headers1-value is not a string]",
          "type": "Function",
          "lineno": 22
        },
        {
          "nodeid": "tests/filestack_helpers_test.py::test_agrument_validation[hook-secret--headers2-fs-signature header is missing]",
          "type": "Function",
          "lineno": 22
        },
        {
          "nodeid": "tests/filestack_helpers_test.py::test_agrument_validation[hook-secret-body3-headers3-Invalid webhook body]",
          "type": "Function",
          "lineno": 22
        }
      ]
    },
    {
      "nodeid": "tests/intelligent_ingestion_test.py",
      "outcome": "passed",
      "result": [
        {
          "nodeid": "tests/intelligent_ingestion_test.py::test_upload_part_success",
          "type": "Function",
          "lineno": 8
        },
        {
          "nodeid": "tests/intelligent_ingestion_test.py::test_upload_part_with_resize",
          "type": "Function",
          "lineno": 37
        },
        {
          "nodeid": "tests/intelligent_ingestion_test.py::test_min_chunk_size_exception",
          "type": "Function",
          "lineno": 60
        }
      ]
    },
    {
      "nodeid": "tests/multipart_test.py",
      "outcome": "passed",
      "result": [
        {
          "nodeid": "tests/multipart_test.py::test_upload_filepath",
          "type": "Function",
          "lineno": 86
        },
        {
          "nodeid": "tests/multipart_test.py::test_upload_file_obj",
          "type": "Function",
          "lineno": 93
        },
        {
          "nodeid": "tests/multipart_test.py::test_upload_with_workflows",
          "type": "Function",
          "lineno": 99
        },
        {
          "nodeid": "tests/multipart_test.py::test_upload_chunk",
          "type": "Function",
          "lineno": 107
        }
      ]
    },
    {
      "nodeid": "tests/security_test.py",
      "outcome": "passed",
      "result": [
        {
          "nodeid": "tests/security_test.py::test_security",
          "type": "Function",
          "lineno": 3
        },
        {
          "nodeid": "tests/security_test.py::test_security_as_url_string",
          "type": "Function",
          "lineno": 11
        }
      ]
    },
    {
      "nodeid": "tests/tasks_test.py",
      "outcome": "passed",
      "result": [
        {
          "nodeid": "tests/tasks_test.py::test_createpdf",
          "type": "Function",
          "lineno": 18
        },
        {
          "nodeid": "tests/tasks_test.py::test_animate",
          "type": "Function",
          "lineno": 23
        },
        {
          "nodeid": "tests/tasks_test.py::test_doc_to_images",
          "type": "Function",
          "lineno": 28
        },
        {
          "nodeid": "tests/tasks_test.py::test_smart_crop",
          "type": "Function",
          "lineno": 33
        },
        {
          "nodeid": "tests/tasks_test.py::test_pdf_convert",
          "type": "Function",
          "lineno": 38
        },
        {
          "nodeid": "tests/tasks_test.py::test_fallback",
          "type": "Function",
          "lineno": 43
        }
      ]
    },
    {
      "nodeid": "tests/transformation_test.py",
      "outcome": "passed",
      "result": [
        {
          "nodeid": "tests/transformation_test.py::test_sanity",
          "type": "Function",
          "lineno": 18
        },
        {
          "nodeid": "tests/transformation_test.py::test_resize",
          "type": "Function",
          "lineno": 23
        },
        {
          "nodeid": "tests/transformation_test.py::test_crop",
          "type": "Function",
          "lineno": 29
        },
        {
          "nodeid": "tests/transformation_test.py::test_rotate",
          "type": "Function",
          "lineno": 35
        },
        {
          "nodeid": "tests/transformation_test.py::test_flip",
          "type": "Function",
          "lineno": 41
        },
        {
          "nodeid": "tests/transformation_test.py::test_flop",
          "type": "Function",
          "lineno": 47
        },
        {
          "nodeid": "tests/transformation_test.py::test_watermark",
          "type": "Function",
          "lineno": 53
        },
        {
          "nodeid": "tests/transformation_test.py::test_detect_faces",
          "type": "Function",
          "lineno": 59
        },
        {
          "nodeid": "tests/transformation_test.py::test_crop_faces",
          "type": "Function",
          "lineno": 65
        },
        {
          "nodeid": "tests/transformation_test.py::test_pixelate_faces",
          "type": "Function",
          "lineno": 72
        },
        {
          "nodeid": "tests/transformation_test.py::test_round_corners",
          "type": "Function",
          "lineno": 78
        },
        {
          "nodeid": "tests/transformation_test.py::test_vignette",
          "type": "Function",
          "lineno": 84
        },
        {
          "nodeid": "tests/transformation_test.py::test_polaroid",
          "type": "Function",
          "lineno": 90
        },
        {
          "nodeid": "tests/transformation_test.py::test_torn_edges",
          "type": "Function",
          "lineno": 96
        },
        {
          "nodeid": "tests/transformation_test.py::test_shadow",
          "type": "Function",
          "lineno": 102
        },
        {
          "nodeid": "tests/transformation_test.py::test_circle",
          "type": "Function",
          "lineno": 108
        },
        {
          "nodeid": "tests/transformation_test.py::test_border",
          "type": "Function",
          "lineno": 114
        },
        {
          "nodeid": "tests/transformation_test.py::test_sharpen",
          "type": "Function",
          "lineno": 120
        },
        {
          "nodeid": "tests/transformation_test.py::test_blur",
          "type": "Function",
          "lineno": 126
        },
        {
          "nodeid": "tests/transformation_test.py::test_monochrome",
          "type": "Function",
          "lineno": 132
        },
        {
          "nodeid": "tests/transformation_test.py::test_blackwhite",
          "type": "Function",
          "lineno": 138
        },
        {
          "nodeid": "tests/transformation_test.py::test_sepia",
          "type": "Function",
          "lineno": 144
        },
        {
          "nodeid": "tests/transformation_test.py::test_pixelate",
          "type": "Function",
          "lineno": 150
        },
        {
          "nodeid": "tests/transformation_test.py::test_oil_paint",
          "type": "Function",
          "lineno": 156
        },
        {
          "nodeid": "tests/transformation_test.py::test_negative",
          "type": "Function",
          "lineno": 162
        },
        {
          "nodeid": "tests/transformation_test.py::test_modulate",
          "type": "Function",
          "lineno": 168
        },
        {
          "nodeid": "tests/transformation_test.py::test_partial_pixelate",
          "type": "Function",
          "lineno": 174
        },
        {
          "nodeid": "tests/transformation_test.py::test_partial_blur",
          "type": "Function",
          "lineno": 186
        },
        {
          "nodeid": "tests/transformation_test.py::test_collage",
          "type": "Function",
          "lineno": 198
        },
        {
          "nodeid": "tests/transformation_test.py::test_upscale",
          "type": "Function",
          "lineno": 211
        },
        {
          "nodeid": "tests/transformation_test.py::test_enhance",
          "type": "Function",
          "lineno": 217
        },
        {
          "nodeid": "tests/transformation_test.py::test_redeye",
          "type": "Function",
          "lineno": 223
        },
        {
          "nodeid": "tests/transformation_test.py::test_ascii",
          "type": "Function",
          "lineno": 229
        },
        {
          "nodeid": "tests/transformation_test.py::test_zip",
          "type": "Function",
          "lineno": 238
        },
        {
          "nodeid": "tests/transformation_test.py::test_fallback",
          "type": "Function",
          "lineno": 243
        },
        {
          "nodeid": "tests/transformation_test.py::test_pdf_info",
          "type": "Function",
          "lineno": 249
        },
        {
          "nodeid": "tests/transformation_test.py::test_pdf_convert",
          "type": "Function",
          "lineno": 255
        },
        {
          "nodeid": "tests/transformation_test.py::test_minify_css",
          "type": "Function",
          "lineno": 261
        },
        {
          "nodeid": "tests/transformation_test.py::test_minify_css_with_params",
          "type": "Function",
          "lineno": 267
        },
        {
          "nodeid": "tests/transformation_test.py::test_minify_js",
          "type": "Function",
          "lineno": 273
        },
        {
          "nodeid": "tests/transformation_test.py::test_filetype_conversion",
          "type": "Function",
          "lineno": 286
        },
        {
          "nodeid": "tests/transformation_test.py::test_no_metadata",
          "type": "Function",
          "lineno": 301
        },
        {
          "nodeid": "tests/transformation_test.py::test_chain_tasks_and_store",
          "type": "Function",
          "lineno": 308
        },
        {
          "nodeid": "tests/transformation_test.py::test_av_convert",
          "type": "Function",
          "lineno": 323
        },
        {
          "nodeid": "tests/transformation_test.py::test_auto_image",
          "type": "Function",
          "lineno": 336
        }
      ]
    },
    {
      "nodeid": "tests/uploads/test_upload_external_url.py",
      "outcome": "passed",
      "result": [
        {
          "nodeid": "tests/uploads/test_upload_external_url.py::test_upload_with_store_params[S3,-store_params0-None-expected_store_tasks0]",
          "type": "Function",
          "lineno": 12
        },
        {
          "nodeid": "tests/uploads/test_upload_external_url.py::test_upload_with_store_params[gcs-store_params1-SecurityMock-expected_store_tasks1]",
          "type": "Function",
          "lineno": 12
        }
      ]
    },
    {
      "nodeid": "tests/uploads",
      "outcome": "passed",
      "result": [
        {
          "nodeid": "tests/uploads/test_upload_external_url.py",
          "type": "Module"
        }
      ]
    },
    {
      "nodeid": "tests/utils_test.py",
      "outcome": "passed",
      "result": [
        {
          "nodeid": "tests/utils_test.py::test_req_wrapper_overwrite_headers",
          "type": "Function",
          "lineno": 44
        },
        {
          "nodeid": "tests/utils_test.py::test_req_wrapper_use_provided_headers",
          "type": "Function",
          "lineno": 60
        },
        {
          "nodeid": "tests/utils_test.py::test_req_wrapper_raise_exception",
          "type": "Function",
          "lineno": 69
        }
      ]
    },
    {
      "nodeid": "tests",
      "outcome": "passed",
      "result": [
        {
          "nodeid": "tests/audiovisual_test.py",
          "type": "Module"
        },
        {
          "nodeid": "tests/client_test.py",
          "type": "Module"
        },
        {
          "nodeid": "tests/data",
          "type": "Dir"
        },
        {
          "nodeid": "tests/filelink_test.py",
          "type": "Module"
        },
        {
          "nodeid": "tests/filestack_helpers_test.py",
          "type": "Module"
        },
        {
          "nodeid": "tests/intelligent_ingestion_test.py",
          "type": "Module"
        },
        {
          "nodeid": "tests/multipart_test.py",
          "type": "Module"
        },
        {
          "nodeid": "tests/security_test.py",
          "type": "Module"
        },
        {
          "nodeid": "tests/tasks_test.py",
          "type": "Module"
        },
        {
          "nodeid": "tests/transformation_test.py",
          "type": "Module"
        },
        {
          "nodeid": "tests/uploads",
          "type": "Dir"
        },
        {
          "nodeid": "tests/utils_test.py",
          "type": "Module"
        }
      ]
    },
    {
      "nodeid": ".",
      "outcome": "passed",
      "result": [
        {
          "nodeid": "docs",
          "type": "Dir"
        },
        {
          "nodeid": "examples",
          "type": "Dir"
        },
        {
          "nodeid": "filestack",
          "type": "Package"
        },
        {
          "nodeid": "filestack_python.egg-info",
          "type": "Dir"
        },
        {
          "nodeid": "tests",
          "type": "Package"
        }
      ]
    }
  ],
  "tests": [
    {
      "nodeid": "tests/audiovisual_test.py::test_status",
      "lineno": 17,
      "outcome": "failed",
      "keywords": [
        "test_status",
        "__wrapped__",
        "audiovisual_test.py",
        "tests",
        "filestack@filestack-python__0e44e337__requests__pycurl",
        ""
      ],
      "setup": {
        "outcome": "passed"
      },
      "call": {
        "outcome": "failed",
        "crash": {
          "path": "C:\\Users\\Mohay\\AppData\\Local\\Programs\\Python\\Python312\\Lib\\json\\decoder.py",
          "lineno": 355,
          "message": "json.decoder.JSONDecodeError: Expecting value: line 1 column 1 (char 0)"
        },
        "traceback": [
          {
            "path": "tests\\audiovisual_test.py",
            "lineno": 21,
            "message": ""
          },
          {
            "path": "filestack\\models\\audiovisual.py",
            "lineno": 63,
            "message": "in status"
          },
          {
            "path": "filestack\\models\\audiovisual.py",
            "lineno": 83,
            "message": "in _make_get_request"
          },
          {
            "path": "C:\\Users\\Mohay\\AppData\\Local\\Programs\\Python\\Python312\\Lib\\json\\__init__.py",
            "lineno": 346,
            "message": "in loads"
          },
          {
            "path": "C:\\Users\\Mohay\\AppData\\Local\\Programs\\Python\\Python312\\Lib\\json\\decoder.py",
            "lineno": 337,
            "message": "in decode"
          },
          {
            "path": "C:\\Users\\Mohay\\AppData\\Local\\Programs\\Python\\Python312\\Lib\\json\\decoder.py",
            "lineno": 355,
            "message": "JSONDecodeError"
          }
        ],
        "longrepr": "av = <filestack.models.audiovisual.AudioVisual object at 0x0000022EC4B82A20>\n\n    @responses.activate\n    def test_status(av):\n        responses.add(responses.GET, 'https://process.filestackapi.com/SOMEHANDLE', json={'status': 'completed'})\n>       assert av.status == 'completed'\n\ntests\\audiovisual_test.py:21: \n_ _ _ _ _ _ _ _ _ _ _ _ _ _ _ _ _ _ _ _ _ _ _ _ _ _ _ _ _ _ _ _ _ _ _ _ _ _ _ _\nfilestack\\models\\audiovisual.py:63: in status\n    response = self._make_get_request(self.url)\nfilestack\\models\\audiovisual.py:83: in _make_get_request\n    return json.loads(response_body)\nC:\\Users\\Mohay\\AppData\\Local\\Programs\\Python\\Python312\\Lib\\json\\__init__.py:346: in loads\n    return _default_decoder.decode(s)\nC:\\Users\\Mohay\\AppData\\Local\\Programs\\Python\\Python312\\Lib\\json\\decoder.py:337: in decode\n    obj, end = self.raw_decode(s, idx=_w(s, 0).end())\n_ _ _ _ _ _ _ _ _ _ _ _ _ _ _ _ _ _ _ _ _ _ _ _ _ _ _ _ _ _ _ _ _ _ _ _ _ _ _ _\n\nself = <json.decoder.JSONDecoder object at 0x0000022EC1357590>\ns = 'Bad Request\\n', idx = 0\n\n    def raw_decode(self, s, idx=0):\n        \"\"\"Decode a JSON document from ``s`` (a ``str`` beginning with\n        a JSON document) and return a 2-tuple of the Python\n        representation and the index in ``s`` where the document ended.\n    \n        This can be used to decode a JSON document from a string that may\n        have extraneous data at the end.\n    \n        \"\"\"\n        try:\n            obj, end = self.scan_once(s, idx)\n        except StopIteration as err:\n>           raise JSONDecodeError(\"Expecting value\", s, err.value) from None\nE           json.decoder.JSONDecodeError: Expecting value: line 1 column 1 (char 0)\n\nC:\\Users\\Mohay\\AppData\\Local\\Programs\\Python\\Python312\\Lib\\json\\decoder.py:355: JSONDecodeError"
      },
      "teardown": {
        "outcome": "passed"
      }
    },
    {
      "nodeid": "tests/audiovisual_test.py::test_convert",
      "lineno": 23,
      "outcome": "failed",
      "keywords": [
        "test_convert",
        "__wrapped__",
        "audiovisual_test.py",
        "tests",
        "filestack@filestack-python__0e44e337__requests__pycurl",
        ""
      ],
      "setup": {
        "outcome": "passed"
      },
      "call": {
        "outcome": "failed",
        "crash": {
          "path": "C:\\Users\\Mohay\\AppData\\Local\\Programs\\Python\\Python312\\Lib\\json\\decoder.py",
          "lineno": 355,
          "message": "json.decoder.JSONDecodeError: Expecting value: line 1 column 1 (char 0)"
        },
        "traceback": [
          {
            "path": "tests\\audiovisual_test.py",
            "lineno": 30,
            "message": ""
          },
          {
            "path": "filestack\\models\\audiovisual.py",
            "lineno": 43,
            "message": "in to_filelink"
          },
          {
            "path": "filestack\\models\\audiovisual.py",
            "lineno": 63,
            "message": "in status"
          },
          {
            "path": "filestack\\models\\audiovisual.py",
            "lineno": 83,
            "message": "in _make_get_request"
          },
          {
            "path": "C:\\Users\\Mohay\\AppData\\Local\\Programs\\Python\\Python312\\Lib\\json\\__init__.py",
            "lineno": 346,
            "message": "in loads"
          },
          {
            "path": "C:\\Users\\Mohay\\AppData\\Local\\Programs\\Python\\Python312\\Lib\\json\\decoder.py",
            "lineno": 337,
            "message": "in decode"
          },
          {
            "path": "C:\\Users\\Mohay\\AppData\\Local\\Programs\\Python\\Python312\\Lib\\json\\decoder.py",
            "lineno": 355,
            "message": "JSONDecodeError"
          }
        ],
        "longrepr": "av = <filestack.models.audiovisual.AudioVisual object at 0x0000022EC4BF2FC0>\n\n    @responses.activate\n    def test_convert(av):\n        responses.add(\n            responses.GET, 'https://process.filestackapi.com/SOMEHANDLE',\n            json={'status': 'completed', 'data': {'url': URL}}\n        )\n>       filelink = av.to_filelink()\n\ntests\\audiovisual_test.py:30: \n_ _ _ _ _ _ _ _ _ _ _ _ _ _ _ _ _ _ _ _ _ _ _ _ _ _ _ _ _ _ _ _ _ _ _ _ _ _ _ _\nfilestack\\models\\audiovisual.py:43: in to_filelink\n    if self.status != 'completed':\nfilestack\\models\\audiovisual.py:63: in status\n    response = self._make_get_request(self.url)\nfilestack\\models\\audiovisual.py:83: in _make_get_request\n    return json.loads(response_body)\nC:\\Users\\Mohay\\AppData\\Local\\Programs\\Python\\Python312\\Lib\\json\\__init__.py:346: in loads\n    return _default_decoder.decode(s)\nC:\\Users\\Mohay\\AppData\\Local\\Programs\\Python\\Python312\\Lib\\json\\decoder.py:337: in decode\n    obj, end = self.raw_decode(s, idx=_w(s, 0).end())\n_ _ _ _ _ _ _ _ _ _ _ _ _ _ _ _ _ _ _ _ _ _ _ _ _ _ _ _ _ _ _ _ _ _ _ _ _ _ _ _\n\nself = <json.decoder.JSONDecoder object at 0x0000022EC1357590>\ns = 'Bad Request\\n', idx = 0\n\n    def raw_decode(self, s, idx=0):\n        \"\"\"Decode a JSON document from ``s`` (a ``str`` beginning with\n        a JSON document) and return a 2-tuple of the Python\n        representation and the index in ``s`` where the document ended.\n    \n        This can be used to decode a JSON document from a string that may\n        have extraneous data at the end.\n    \n        \"\"\"\n        try:\n            obj, end = self.scan_once(s, idx)\n        except StopIteration as err:\n>           raise JSONDecodeError(\"Expecting value\", s, err.value) from None\nE           json.decoder.JSONDecodeError: Expecting value: line 1 column 1 (char 0)\n\nC:\\Users\\Mohay\\AppData\\Local\\Programs\\Python\\Python312\\Lib\\json\\decoder.py:355: JSONDecodeError"
      },
      "teardown": {
        "outcome": "passed"
      }
    },
    {
      "nodeid": "tests/client_test.py::test_api_set",
      "lineno": 20,
      "outcome": "passed",
      "keywords": [
        "test_api_set",
        "client_test.py",
        "tests",
        "filestack@filestack-python__0e44e337__requests__pycurl",
        ""
      ],
      "setup": {
        "outcome": "passed"
      },
      "call": {
        "outcome": "passed"
      },
      "teardown": {
        "outcome": "passed"
      }
    },
    {
      "nodeid": "tests/client_test.py::test_wrong_storage",
      "lineno": 24,
      "outcome": "passed",
      "keywords": [
        "test_wrong_storage",
        "client_test.py",
        "tests",
        "filestack@filestack-python__0e44e337__requests__pycurl",
        ""
      ],
      "setup": {
        "outcome": "passed"
      },
      "call": {
        "outcome": "passed"
      },
      "teardown": {
        "outcome": "passed"
      }
    },
    {
      "nodeid": "tests/client_test.py::test_store_external_url",
      "lineno": 29,
      "outcome": "failed",
      "keywords": [
        "test_store_external_url",
        "__wrapped__",
        "client_test.py",
        "tests",
        "filestack@filestack-python__0e44e337__requests__pycurl",
        ""
      ],
      "setup": {
        "outcome": "passed"
      },
      "call": {
        "outcome": "failed",
        "crash": {
          "path": "D:\\repos\\filestack@filestack-python__0e44e337__requests__pycurl\\filestack\\models\\client.py",
          "lineno": 134,
          "message": "KeyError: 'handle'"
        },
        "traceback": [
          {
            "path": "tests\\client_test.py",
            "lineno": 35,
            "message": ""
          },
          {
            "path": "filestack\\models\\client.py",
            "lineno": 134,
            "message": "KeyError"
          }
        ],
        "longrepr": "client = <filestack.models.client.Client object at 0x0000022EC4BF2660>\n\n    @responses.activate\n    def test_store_external_url(client):\n        responses.add(\n            responses.POST, 'https://cdn.filestackcontent.com/process', json={'handle': HANDLE}\n        )\n>       filelink = client.upload_url(url='http://a.bc')\n\ntests\\client_test.py:35: \n_ _ _ _ _ _ _ _ _ _ _ _ _ _ _ _ _ _ _ _ _ _ _ _ _ _ _ _ _ _ _ _ _ _ _ _ _ _ _ _\n\nself = <filestack.models.client.Client object at 0x0000022EC4BF2660>\nurl = 'http://a.bc', store_params = None, security = None\n\n    def upload_url(self, url, store_params=None, security=None):\n        \"\"\"\n        Uploads file from external url\n    \n        Args:\n            url (str): file URL\n            store_params (dict): store parameters to be used during upload\n            security (:class:`filestack.Security`): Security object that will be used for this API call\n    \n        Returns:\n            :class:`filestack.Filelink`: new Filelink object\n        \"\"\"\n        sec = security or self.security\n        upload_response = upload_external_url(url, self.apikey, self.storage, store_params, security=sec)\n        return filestack.models.Filelink(\n>           handle=upload_response['handle'],\n            apikey=self.apikey,\n            security=sec,\n            upload_response=upload_response\n        )\nE       KeyError: 'handle'\n\nfilestack\\models\\client.py:134: KeyError"
      },
      "teardown": {
        "outcome": "passed"
      }
    },
    {
      "nodeid": "tests/client_test.py::test_store_filepath",
      "lineno": 40,
      "outcome": "passed",
      "keywords": [
        "test_store_filepath",
        "__wrapped__",
        "patchings",
        "client_test.py",
        "tests",
        "filestack@filestack-python__0e44e337__requests__pycurl",
        ""
      ],
      "setup": {
        "outcome": "passed"
      },
      "call": {
        "outcome": "passed"
      },
      "teardown": {
        "outcome": "passed"
      }
    },
    {
      "nodeid": "tests/client_test.py::test_security_inheritance",
      "lineno": 50,
      "outcome": "passed",
      "keywords": [
        "test_security_inheritance",
        "__wrapped__",
        "patchings",
        "client_test.py",
        "tests",
        "filestack@filestack-python__0e44e337__requests__pycurl",
        ""
      ],
      "setup": {
        "outcome": "passed"
      },
      "call": {
        "outcome": "passed"
      },
      "teardown": {
        "outcome": "passed"
      }
    },
    {
      "nodeid": "tests/client_test.py::test_url_screenshot",
      "lineno": 68,
      "outcome": "passed",
      "keywords": [
        "test_url_screenshot",
        "client_test.py",
        "tests",
        "filestack@filestack-python__0e44e337__requests__pycurl",
        ""
      ],
      "setup": {
        "outcome": "passed"
      },
      "call": {
        "outcome": "passed"
      },
      "teardown": {
        "outcome": "passed"
      }
    },
    {
      "nodeid": "tests/client_test.py::test_transform_external",
      "lineno": 75,
      "outcome": "passed",
      "keywords": [
        "test_transform_external",
        "client_test.py",
        "tests",
        "filestack@filestack-python__0e44e337__requests__pycurl",
        ""
      ],
      "setup": {
        "outcome": "passed"
      },
      "call": {
        "outcome": "passed"
      },
      "teardown": {
        "outcome": "passed"
      }
    },
    {
      "nodeid": "tests/client_test.py::test_zip",
      "lineno": 80,
      "outcome": "failed",
      "keywords": [
        "test_zip",
        "__wrapped__",
        "client_test.py",
        "tests",
        "filestack@filestack-python__0e44e337__requests__pycurl",
        ""
      ],
      "setup": {
        "outcome": "passed"
      },
      "call": {
        "outcome": "failed",
        "crash": {
          "path": "D:\\repos\\filestack@filestack-python__0e44e337__requests__pycurl\\filestack\\models\\client.py",
          "lineno": 109,
          "message": "TypeError: functions are not supported for this option"
        },
        "traceback": [
          {
            "path": "tests\\client_test.py",
            "lineno": 89,
            "message": ""
          },
          {
            "path": "filestack\\models\\client.py",
            "lineno": 109,
            "message": "TypeError"
          }
        ],
        "longrepr": "client = <filestack.models.client.Client object at 0x0000022EC4F8DB80>\n\n    @responses.activate\n    def test_zip(client):\n        responses.add(\n            responses.GET, re.compile('https://cdn.filestackcontent.com/APIKEY/zip*'),\n            body=b'zip-bytes'\n        )\n        m = mock_open()\n        with patch('filestack.models.client.open', m):\n>           zip_size = client.zip('test.zip', ['handle1', 'handle2'])\n\ntests\\client_test.py:89: \n_ _ _ _ _ _ _ _ _ _ _ _ _ _ _ _ _ _ _ _ _ _ _ _ _ _ _ _ _ _ _ _ _ _ _ _ _ _ _ _\n\nself = <filestack.models.client.Client object at 0x0000022EC4F8DB80>\ndestination_path = 'test.zip', files = ['handle1', 'handle2'], security = None\n\n    def zip(self, destination_path, files, security=None):\n        \"\"\"\n        Takes array of handles and downloads a compressed ZIP archive\n        to provided path\n    \n        Args:\n            destination_path (str): path where the ZIP file should be stored\n            file (list): list of filelink handles and/or URLs\n            security (:class:`filestack.Security`): Security object that will be used\n                for this API call\n    \n        Returns:\n            int: ZIP archive size in bytes\n        \"\"\"\n        url_parts = [config.CDN_URL, self.apikey, 'zip', '[{}]'.format(','.join(files))]\n        sec = security or self.security\n        if sec is not None:\n            url_parts.insert(3, sec.as_url_string())\n        zip_url = '/'.join(url_parts)\n        total_bytes = 0\n    \n        # Using pycurl to download the ZIP file\n        with open(destination_path, 'wb') as f:\n            curl = pycurl.Curl()\n            try:\n                curl.setopt(pycurl.URL, zip_url)\n>               curl.setopt(pycurl.WRITEDATA, f)\nE               TypeError: functions are not supported for this option\n\nfilestack\\models\\client.py:109: TypeError"
      },
      "teardown": {
        "outcome": "passed"
      }
    },
    {
      "nodeid": "tests/filelink_test.py::test_handle",
      "lineno": 26,
      "outcome": "passed",
      "keywords": [
        "test_handle",
        "filelink_test.py",
        "tests",
        "filestack@filestack-python__0e44e337__requests__pycurl",
        ""
      ],
      "setup": {
        "outcome": "passed"
      },
      "call": {
        "outcome": "passed"
      },
      "teardown": {
        "outcome": "passed"
      }
    },
    {
      "nodeid": "tests/filelink_test.py::test_url",
      "lineno": 30,
      "outcome": "passed",
      "keywords": [
        "test_url",
        "filelink_test.py",
        "tests",
        "filestack@filestack-python__0e44e337__requests__pycurl",
        ""
      ],
      "setup": {
        "outcome": "passed"
      },
      "call": {
        "outcome": "passed"
      },
      "teardown": {
        "outcome": "passed"
      }
    },
    {
      "nodeid": "tests/filelink_test.py::test_signed_url[None-security=p:eyJjYWxsIjogWyJyZWFkIl0sICJleHBpcnkiOiAxMDIzODIzOX0=,s:858d1ee9c0a1f06283e495f78dc7950ff6e64136ce960465f35539791fcd486b]",
      "lineno": 35,
      "outcome": "passed",
      "keywords": [
        "test_signed_url[None-security=p:eyJjYWxsIjogWyJyZWFkIl0sICJleHBpcnkiOiAxMDIzODIzOX0=,s:858d1ee9c0a1f06283e495f78dc7950ff6e64136ce960465f35539791fcd486b]",
        "parametrize",
        "pytestmark",
        "None-security=p:eyJjYWxsIjogWyJyZWFkIl0sICJleHBpcnkiOiAxMDIzODIzOX0=,s:858d1ee9c0a1f06283e495f78dc7950ff6e64136ce960465f35539791fcd486b",
        "filelink_test.py",
        "tests",
        "filestack@filestack-python__0e44e337__requests__pycurl",
        ""
      ],
      "setup": {
        "outcome": "passed"
      },
      "call": {
        "outcome": "passed"
      },
      "teardown": {
        "outcome": "passed"
      }
    },
    {
      "nodeid": "tests/filelink_test.py::test_signed_url[security_obj1-security=p:eyJjYWxsIjogWyJ3cml0ZSJdLCAiZXhwaXJ5IjogMTY1NTk5MjQzMn0=,s:625cc5b9beab3e939fb53935f7795919c9f57f628d43adfc14566d2ad9a4ad47]",
      "lineno": 35,
      "outcome": "passed",
      "keywords": [
        "test_signed_url[security_obj1-security=p:eyJjYWxsIjogWyJ3cml0ZSJdLCAiZXhwaXJ5IjogMTY1NTk5MjQzMn0=,s:625cc5b9beab3e939fb53935f7795919c9f57f628d43adfc14566d2ad9a4ad47]",
        "parametrize",
        "pytestmark",
        "security_obj1-security=p:eyJjYWxsIjogWyJ3cml0ZSJdLCAiZXhwaXJ5IjogMTY1NTk5MjQzMn0=,s:625cc5b9beab3e939fb53935f7795919c9f57f628d43adfc14566d2ad9a4ad47",
        "filelink_test.py",
        "tests",
        "filestack@filestack-python__0e44e337__requests__pycurl",
        ""
      ],
      "setup": {
        "outcome": "passed"
      },
      "call": {
        "outcome": "passed"
      },
      "teardown": {
        "outcome": "passed"
      }
    },
    {
      "nodeid": "tests/filelink_test.py::test_get_content",
      "lineno": 55,
      "outcome": "failed",
      "keywords": [
        "test_get_content",
        "__wrapped__",
        "filelink_test.py",
        "tests",
        "filestack@filestack-python__0e44e337__requests__pycurl",
        ""
      ],
      "setup": {
        "outcome": "passed"
      },
      "call": {
        "outcome": "failed",
        "crash": {
          "path": "D:\\repos\\filestack@filestack-python__0e44e337__requests__pycurl\\tests\\filelink_test.py",
          "lineno": 62,
          "message": "AssertionError: assert b'Bad Request\\n' == b'file-content'\n  \n  At index 0 diff: b'B' != b'f'\n  Use -v to get more diff"
        },
        "traceback": [
          {
            "path": "tests\\filelink_test.py",
            "lineno": 62,
            "message": "AssertionError"
          }
        ],
        "longrepr": "filelink = <Filelink SOMEHANDLE>\n\n    @responses.activate\n    def test_get_content(filelink):\n        responses.add(\n            responses.GET, 'https://cdn.filestackcontent.com/{}'.format(HANDLE), body=b'file-content'\n        )\n        content = filelink.get_content()\n>       assert content == b'file-content'\nE       AssertionError: assert b'Bad Request\\n' == b'file-content'\nE         \nE         At index 0 diff: b'B' != b'f'\nE         Use -v to get more diff\n\ntests\\filelink_test.py:62: AssertionError"
      },
      "teardown": {
        "outcome": "passed"
      }
    },
    {
      "nodeid": "tests/filelink_test.py::test_bad_call",
      "lineno": 64,
      "outcome": "failed",
      "keywords": [
        "test_bad_call",
        "__wrapped__",
        "filelink_test.py",
        "tests",
        "filestack@filestack-python__0e44e337__requests__pycurl",
        ""
      ],
      "setup": {
        "outcome": "passed"
      },
      "call": {
        "outcome": "failed",
        "crash": {
          "path": "D:\\repos\\filestack@filestack-python__0e44e337__requests__pycurl\\tests\\filelink_test.py",
          "lineno": 70,
          "message": "Failed: DID NOT RAISE <class 'filestack.exceptions.FilestackHTTPError'>"
        },
        "traceback": [
          {
            "path": "tests\\filelink_test.py",
            "lineno": 70,
            "message": "Failed"
          }
        ],
        "longrepr": "filelink = <Filelink SOMEHANDLE>\n\n    @responses.activate\n    def test_bad_call(filelink):\n        responses.add(\n            responses.GET, 'https://cdn.filestackcontent.com/{}'.format(HANDLE), status=400\n        )\n>       with pytest.raises(exceptions.FilestackHTTPError):\nE       Failed: DID NOT RAISE <class 'filestack.exceptions.FilestackHTTPError'>\n\ntests\\filelink_test.py:70: Failed"
      },
      "teardown": {
        "outcome": "passed"
      }
    },
    {
      "nodeid": "tests/filelink_test.py::test_metadata[None-None-expected_params0]",
      "lineno": 73,
      "outcome": "failed",
      "keywords": [
        "test_metadata[None-None-expected_params0]",
        "parametrize",
        "__wrapped__",
        "pytestmark",
        "None-None-expected_params0",
        "filelink_test.py",
        "tests",
        "filestack@filestack-python__0e44e337__requests__pycurl",
        ""
      ],
      "setup": {
        "outcome": "passed"
      },
      "call": {
        "outcome": "failed",
        "crash": {
          "path": "D:\\repos\\filestack@filestack-python__0e44e337__requests__pycurl\\filestack\\models\\filelink.py",
          "lineno": 77,
          "message": "  File \"<string>\", line 1\n    Bad Request\n        ^^^^^^^\nSyntaxError: invalid syntax"
        },
        "traceback": [
          {
            "path": "tests\\filelink_test.py",
            "lineno": 102,
            "message": ""
          },
          {
            "path": "filestack\\models\\filelink.py",
            "lineno": 77,
            "message": "SyntaxError"
          }
        ],
        "longrepr": "attributes = None, security = None, expected_params = {}\nfilelink = <Filelink SOMEHANDLE>\n\n    @pytest.mark.parametrize('attributes, security, expected_params', [\n        (None, None, {}),\n        (\n            None,\n            Security({'expiry': 123}, 'secret'),\n            {\n                'policy': 'eyJleHBpcnkiOiAxMjN9',\n                'signature': '4de8b7441b3daf0d68b4f8ebcf7e015d07aef43a1295476a1dde1aed327abc01'\n            }\n        ),\n        (\n            ['size', 'filename'],\n            Security({'expiry': 123}, 'secret'),\n            {\n                'size': 'true',\n                'filename': 'true',\n                'policy': 'eyJleHBpcnkiOiAxMjN9',\n                'signature': '4de8b7441b3daf0d68b4f8ebcf7e015d07aef43a1295476a1dde1aed327abc01'\n            }\n        ),\n    ])\n    @responses.activate\n    def test_metadata(attributes, security, expected_params, filelink):\n        responses.add(\n            responses.GET,\n            re.compile('https://cdn.filestackcontent.com/SOMEHANDLE/metadata.*'),\n            json={'metadata': 'content'}\n        )\n>       metadata_response = filelink.metadata(attributes_list=attributes, security=security)\n\ntests\\filelink_test.py:102: \n_ _ _ _ _ _ _ _ _ _ _ _ _ _ _ _ _ _ _ _ _ _ _ _ _ _ _ _ _ _ _ _ _ _ _ _ _ _ _ _\n\nself = <Filelink SOMEHANDLE>, attributes_list = [], security = None\n\n    def metadata(self, attributes_list=None, security=None):\n        \"\"\"\n        Retrieves filelink's metadata.\n    \n        Args:\n            attributes_list (list): list of attributes that you wish to receive. When not provided,\n                default set of parameters will be returned (may differ depending on your storage settings)\n            security (:class:`filestack.Security`): Security object that will be used\n                to retrieve metadata\n    \n        >>> filelink.metadata(['size', 'filename'])\n        {'filename': 'envelope.jpg', 'size': 171832}\n    \n        Returns:\n            `dict`: A buffered writable file descriptor\n        \"\"\"\n        attributes_list = attributes_list or []\n        params = {}\n        for item in attributes_list:\n            params[item] = 'true'\n        sec = security or self.security\n        if sec is not None:\n            params.update({'policy': sec.policy_b64, 'signature': sec.signature})\n    \n        # Perform GET request using pycurl\n        buffer = io.BytesIO()\n        curl = pycurl.Curl()\n        url = self.url + '/metadata'\n        curl.setopt(curl.URL, url)\n        curl.setopt(curl.WRITEDATA, buffer)\n        if params:\n            query_string = '&'.join(f'{key}={value}' for key, value in params.items())\n            curl.setopt(curl.URL, f\"{url}?{query_string}\")\n        curl.perform()\n        curl.close()\n    \n>       return eval(buffer.getvalue().decode('utf-8'))\nE         File \"<string>\", line 1\nE           Bad Request\nE               ^^^^^^^\nE       SyntaxError: invalid syntax\n\nfilestack\\models\\filelink.py:77: SyntaxError"
      },
      "teardown": {
        "outcome": "passed"
      }
    },
    {
      "nodeid": "tests/filelink_test.py::test_metadata[None-security1-expected_params1]",
      "lineno": 73,
      "outcome": "failed",
      "keywords": [
        "test_metadata[None-security1-expected_params1]",
        "parametrize",
        "__wrapped__",
        "pytestmark",
        "None-security1-expected_params1",
        "filelink_test.py",
        "tests",
        "filestack@filestack-python__0e44e337__requests__pycurl",
        ""
      ],
      "setup": {
        "outcome": "passed"
      },
      "call": {
        "outcome": "failed",
        "crash": {
          "path": "D:\\repos\\filestack@filestack-python__0e44e337__requests__pycurl\\filestack\\models\\filelink.py",
          "lineno": 77,
          "message": "  File \"<string>\", line 1\n    Bad Request\n        ^^^^^^^\nSyntaxError: invalid syntax"
        },
        "traceback": [
          {
            "path": "tests\\filelink_test.py",
            "lineno": 102,
            "message": ""
          },
          {
            "path": "filestack\\models\\filelink.py",
            "lineno": 77,
            "message": "SyntaxError"
          }
        ],
        "longrepr": "attributes = None\nsecurity = <filestack.models.security.Security object at 0x0000022EC4A65400>\nexpected_params = {'policy': 'eyJleHBpcnkiOiAxMjN9', 'signature': '4de8b7441b3daf0d68b4f8ebcf7e015d07aef43a1295476a1dde1aed327abc01'}\nfilelink = <Filelink SOMEHANDLE>\n\n    @pytest.mark.parametrize('attributes, security, expected_params', [\n        (None, None, {}),\n        (\n            None,\n            Security({'expiry': 123}, 'secret'),\n            {\n                'policy': 'eyJleHBpcnkiOiAxMjN9',\n                'signature': '4de8b7441b3daf0d68b4f8ebcf7e015d07aef43a1295476a1dde1aed327abc01'\n            }\n        ),\n        (\n            ['size', 'filename'],\n            Security({'expiry': 123}, 'secret'),\n            {\n                'size': 'true',\n                'filename': 'true',\n                'policy': 'eyJleHBpcnkiOiAxMjN9',\n                'signature': '4de8b7441b3daf0d68b4f8ebcf7e015d07aef43a1295476a1dde1aed327abc01'\n            }\n        ),\n    ])\n    @responses.activate\n    def test_metadata(attributes, security, expected_params, filelink):\n        responses.add(\n            responses.GET,\n            re.compile('https://cdn.filestackcontent.com/SOMEHANDLE/metadata.*'),\n            json={'metadata': 'content'}\n        )\n>       metadata_response = filelink.metadata(attributes_list=attributes, security=security)\n\ntests\\filelink_test.py:102: \n_ _ _ _ _ _ _ _ _ _ _ _ _ _ _ _ _ _ _ _ _ _ _ _ _ _ _ _ _ _ _ _ _ _ _ _ _ _ _ _\n\nself = <Filelink SOMEHANDLE>, attributes_list = []\nsecurity = <filestack.models.security.Security object at 0x0000022EC4A65400>\n\n    def metadata(self, attributes_list=None, security=None):\n        \"\"\"\n        Retrieves filelink's metadata.\n    \n        Args:\n            attributes_list (list): list of attributes that you wish to receive. When not provided,\n                default set of parameters will be returned (may differ depending on your storage settings)\n            security (:class:`filestack.Security`): Security object that will be used\n                to retrieve metadata\n    \n        >>> filelink.metadata(['size', 'filename'])\n        {'filename': 'envelope.jpg', 'size': 171832}\n    \n        Returns:\n            `dict`: A buffered writable file descriptor\n        \"\"\"\n        attributes_list = attributes_list or []\n        params = {}\n        for item in attributes_list:\n            params[item] = 'true'\n        sec = security or self.security\n        if sec is not None:\n            params.update({'policy': sec.policy_b64, 'signature': sec.signature})\n    \n        # Perform GET request using pycurl\n        buffer = io.BytesIO()\n        curl = pycurl.Curl()\n        url = self.url + '/metadata'\n        curl.setopt(curl.URL, url)\n        curl.setopt(curl.WRITEDATA, buffer)\n        if params:\n            query_string = '&'.join(f'{key}={value}' for key, value in params.items())\n            curl.setopt(curl.URL, f\"{url}?{query_string}\")\n        curl.perform()\n        curl.close()\n    \n>       return eval(buffer.getvalue().decode('utf-8'))\nE         File \"<string>\", line 1\nE           Bad Request\nE               ^^^^^^^\nE       SyntaxError: invalid syntax\n\nfilestack\\models\\filelink.py:77: SyntaxError"
      },
      "teardown": {
        "outcome": "passed"
      }
    },
    {
      "nodeid": "tests/filelink_test.py::test_metadata[attributes2-security2-expected_params2]",
      "lineno": 73,
      "outcome": "failed",
      "keywords": [
        "test_metadata[attributes2-security2-expected_params2]",
        "parametrize",
        "__wrapped__",
        "pytestmark",
        "attributes2-security2-expected_params2",
        "filelink_test.py",
        "tests",
        "filestack@filestack-python__0e44e337__requests__pycurl",
        ""
      ],
      "setup": {
        "outcome": "passed"
      },
      "call": {
        "outcome": "failed",
        "crash": {
          "path": "D:\\repos\\filestack@filestack-python__0e44e337__requests__pycurl\\filestack\\models\\filelink.py",
          "lineno": 77,
          "message": "  File \"<string>\", line 1\n    Bad Request\n        ^^^^^^^\nSyntaxError: invalid syntax"
        },
        "traceback": [
          {
            "path": "tests\\filelink_test.py",
            "lineno": 102,
            "message": ""
          },
          {
            "path": "filestack\\models\\filelink.py",
            "lineno": 77,
            "message": "SyntaxError"
          }
        ],
        "longrepr": "attributes = ['size', 'filename']\nsecurity = <filestack.models.security.Security object at 0x0000022EC4A65460>\nexpected_params = {'filename': 'true', 'policy': 'eyJleHBpcnkiOiAxMjN9', 'signature': '4de8b7441b3daf0d68b4f8ebcf7e015d07aef43a1295476a1dde1aed327abc01', 'size': 'true'}\nfilelink = <Filelink SOMEHANDLE>\n\n    @pytest.mark.parametrize('attributes, security, expected_params', [\n        (None, None, {}),\n        (\n            None,\n            Security({'expiry': 123}, 'secret'),\n            {\n                'policy': 'eyJleHBpcnkiOiAxMjN9',\n                'signature': '4de8b7441b3daf0d68b4f8ebcf7e015d07aef43a1295476a1dde1aed327abc01'\n            }\n        ),\n        (\n            ['size', 'filename'],\n            Security({'expiry': 123}, 'secret'),\n            {\n                'size': 'true',\n                'filename': 'true',\n                'policy': 'eyJleHBpcnkiOiAxMjN9',\n                'signature': '4de8b7441b3daf0d68b4f8ebcf7e015d07aef43a1295476a1dde1aed327abc01'\n            }\n        ),\n    ])\n    @responses.activate\n    def test_metadata(attributes, security, expected_params, filelink):\n        responses.add(\n            responses.GET,\n            re.compile('https://cdn.filestackcontent.com/SOMEHANDLE/metadata.*'),\n            json={'metadata': 'content'}\n        )\n>       metadata_response = filelink.metadata(attributes_list=attributes, security=security)\n\ntests\\filelink_test.py:102: \n_ _ _ _ _ _ _ _ _ _ _ _ _ _ _ _ _ _ _ _ _ _ _ _ _ _ _ _ _ _ _ _ _ _ _ _ _ _ _ _\n\nself = <Filelink SOMEHANDLE>, attributes_list = ['size', 'filename']\nsecurity = <filestack.models.security.Security object at 0x0000022EC4A65460>\n\n    def metadata(self, attributes_list=None, security=None):\n        \"\"\"\n        Retrieves filelink's metadata.\n    \n        Args:\n            attributes_list (list): list of attributes that you wish to receive. When not provided,\n                default set of parameters will be returned (may differ depending on your storage settings)\n            security (:class:`filestack.Security`): Security object that will be used\n                to retrieve metadata\n    \n        >>> filelink.metadata(['size', 'filename'])\n        {'filename': 'envelope.jpg', 'size': 171832}\n    \n        Returns:\n            `dict`: A buffered writable file descriptor\n        \"\"\"\n        attributes_list = attributes_list or []\n        params = {}\n        for item in attributes_list:\n            params[item] = 'true'\n        sec = security or self.security\n        if sec is not None:\n            params.update({'policy': sec.policy_b64, 'signature': sec.signature})\n    \n        # Perform GET request using pycurl\n        buffer = io.BytesIO()\n        curl = pycurl.Curl()\n        url = self.url + '/metadata'\n        curl.setopt(curl.URL, url)\n        curl.setopt(curl.WRITEDATA, buffer)\n        if params:\n            query_string = '&'.join(f'{key}={value}' for key, value in params.items())\n            curl.setopt(curl.URL, f\"{url}?{query_string}\")\n        curl.perform()\n        curl.close()\n    \n>       return eval(buffer.getvalue().decode('utf-8'))\nE         File \"<string>\", line 1\nE           Bad Request\nE               ^^^^^^^\nE       SyntaxError: invalid syntax\n\nfilestack\\models\\filelink.py:77: SyntaxError"
      },
      "teardown": {
        "outcome": "passed"
      }
    },
    {
      "nodeid": "tests/filelink_test.py::test_download",
      "lineno": 106,
      "outcome": "failed",
      "keywords": [
        "test_download",
        "__wrapped__",
        "filelink_test.py",
        "tests",
        "filestack@filestack-python__0e44e337__requests__pycurl",
        ""
      ],
      "setup": {
        "outcome": "passed"
      },
      "call": {
        "outcome": "failed",
        "crash": {
          "path": "D:\\repos\\filestack@filestack-python__0e44e337__requests__pycurl\\filestack\\mixins\\common.py",
          "lineno": 95,
          "message": "TypeError: functions are not supported for this option"
        },
        "traceback": [
          {
            "path": "tests\\filelink_test.py",
            "lineno": 114,
            "message": ""
          },
          {
            "path": "filestack\\mixins\\common.py",
            "lineno": 95,
            "message": "TypeError"
          }
        ],
        "longrepr": "filelink = <Filelink SOMEHANDLE>\n\n    @responses.activate\n    def test_download(filelink):\n        responses.add(\n            responses.GET, 'https://cdn.filestackcontent.com/{}'.format(HANDLE), body=b'file-content'\n        )\n        m = mock_open()\n        with patch('filestack.mixins.common.open', m):\n>           file_size = filelink.download('tests/data/test_download.jpg')\n\ntests\\filelink_test.py:114: \n_ _ _ _ _ _ _ _ _ _ _ _ _ _ _ _ _ _ _ _ _ _ _ _ _ _ _ _ _ _ _ _ _ _ _ _ _ _ _ _\n\nself = <Filelink SOMEHANDLE>, path = 'tests/data/test_download.jpg'\nsecurity = None\n\n    def download(self, path, security=None):\n        \"\"\"\n        Downloads a file to the given local path and returns the size of the downloaded file if successful\n        \"\"\"\n        sec = security or self.security\n        total_bytes = 0\n    \n        with open(path, 'wb') as f:\n            c = pycurl.Curl()\n            c.setopt(c.URL, self._build_url(security=sec))\n>           c.setopt(c.WRITEDATA, f)\nE           TypeError: functions are not supported for this option\n\nfilestack\\mixins\\common.py:95: TypeError"
      },
      "teardown": {
        "outcome": "passed"
      }
    },
    {
      "nodeid": "tests/filelink_test.py::test_tags_without_security",
      "lineno": 118,
      "outcome": "passed",
      "keywords": [
        "test_tags_without_security",
        "filelink_test.py",
        "tests",
        "filestack@filestack-python__0e44e337__requests__pycurl",
        ""
      ],
      "setup": {
        "outcome": "passed"
      },
      "call": {
        "outcome": "passed"
      },
      "teardown": {
        "outcome": "passed"
      }
    },
    {
      "nodeid": "tests/filelink_test.py::test_tags",
      "lineno": 123,
      "outcome": "failed",
      "keywords": [
        "test_tags",
        "__wrapped__",
        "filelink_test.py",
        "tests",
        "filestack@filestack-python__0e44e337__requests__pycurl",
        ""
      ],
      "setup": {
        "outcome": "passed"
      },
      "call": {
        "outcome": "failed",
        "crash": {
          "path": "C:\\Users\\Mohay\\AppData\\Local\\Programs\\Python\\Python312\\Lib\\json\\decoder.py",
          "lineno": 355,
          "message": "json.decoder.JSONDecodeError: Expecting value: line 1 column 1 (char 0)"
        },
        "traceback": [
          {
            "path": "tests\\filelink_test.py",
            "lineno": 130,
            "message": ""
          },
          {
            "path": "filestack\\mixins\\common.py",
            "lineno": 139,
            "message": "in tags"
          },
          {
            "path": "C:\\Users\\Mohay\\AppData\\Local\\Programs\\Python\\Python312\\Lib\\json\\__init__.py",
            "lineno": 346,
            "message": "in loads"
          },
          {
            "path": "C:\\Users\\Mohay\\AppData\\Local\\Programs\\Python\\Python312\\Lib\\json\\decoder.py",
            "lineno": 337,
            "message": "in decode"
          },
          {
            "path": "C:\\Users\\Mohay\\AppData\\Local\\Programs\\Python\\Python312\\Lib\\json\\decoder.py",
            "lineno": 355,
            "message": "JSONDecodeError"
          }
        ],
        "longrepr": "secure_filelink = <Filelink SOMEHANDLE>\n\n    @responses.activate\n    def test_tags(secure_filelink):\n        responses.add(\n            responses.GET, re.compile('https://cdn.filestackcontent.com/tags/.*/{}$'.format(HANDLE)),\n            json={'tags': {'cat': 98}}\n        )\n>       assert secure_filelink.tags() == {'tags': {'cat': 98}}\n\ntests\\filelink_test.py:130: \n_ _ _ _ _ _ _ _ _ _ _ _ _ _ _ _ _ _ _ _ _ _ _ _ _ _ _ _ _ _ _ _ _ _ _ _ _ _ _ _\nfilestack\\mixins\\common.py:139: in tags\n    return json.loads(response_data)\nC:\\Users\\Mohay\\AppData\\Local\\Programs\\Python\\Python312\\Lib\\json\\__init__.py:346: in loads\n    return _default_decoder.decode(s)\nC:\\Users\\Mohay\\AppData\\Local\\Programs\\Python\\Python312\\Lib\\json\\decoder.py:337: in decode\n    obj, end = self.raw_decode(s, idx=_w(s, 0).end())\n_ _ _ _ _ _ _ _ _ _ _ _ _ _ _ _ _ _ _ _ _ _ _ _ _ _ _ _ _ _ _ _ _ _ _ _ _ _ _ _\n\nself = <json.decoder.JSONDecoder object at 0x0000022EC1357590>\ns = 'Bad Request\\n', idx = 0\n\n    def raw_decode(self, s, idx=0):\n        \"\"\"Decode a JSON document from ``s`` (a ``str`` beginning with\n        a JSON document) and return a 2-tuple of the Python\n        representation and the index in ``s`` where the document ended.\n    \n        This can be used to decode a JSON document from a string that may\n        have extraneous data at the end.\n    \n        \"\"\"\n        try:\n            obj, end = self.scan_once(s, idx)\n        except StopIteration as err:\n>           raise JSONDecodeError(\"Expecting value\", s, err.value) from None\nE           json.decoder.JSONDecodeError: Expecting value: line 1 column 1 (char 0)\n\nC:\\Users\\Mohay\\AppData\\Local\\Programs\\Python\\Python312\\Lib\\json\\decoder.py:355: JSONDecodeError"
      },
      "teardown": {
        "outcome": "passed"
      }
    },
    {
      "nodeid": "tests/filelink_test.py::test_tags_on_transformation",
      "lineno": 133,
      "outcome": "failed",
      "keywords": [
        "test_tags_on_transformation",
        "__wrapped__",
        "filelink_test.py",
        "tests",
        "filestack@filestack-python__0e44e337__requests__pycurl",
        ""
      ],
      "setup": {
        "outcome": "passed"
      },
      "call": {
        "outcome": "failed",
        "crash": {
          "path": "C:\\Users\\Mohay\\AppData\\Local\\Programs\\Python\\Python312\\Lib\\json\\decoder.py",
          "lineno": 355,
          "message": "json.decoder.JSONDecodeError: Expecting value: line 1 column 1 (char 0)"
        },
        "traceback": [
          {
            "path": "tests\\filelink_test.py",
            "lineno": 142,
            "message": ""
          },
          {
            "path": "filestack\\mixins\\common.py",
            "lineno": 139,
            "message": "in tags"
          },
          {
            "path": "C:\\Users\\Mohay\\AppData\\Local\\Programs\\Python\\Python312\\Lib\\json\\__init__.py",
            "lineno": 346,
            "message": "in loads"
          },
          {
            "path": "C:\\Users\\Mohay\\AppData\\Local\\Programs\\Python\\Python312\\Lib\\json\\decoder.py",
            "lineno": 337,
            "message": "in decode"
          },
          {
            "path": "C:\\Users\\Mohay\\AppData\\Local\\Programs\\Python\\Python312\\Lib\\json\\decoder.py",
            "lineno": 355,
            "message": "JSONDecodeError"
          }
        ],
        "longrepr": "secure_filelink = <Filelink SOMEHANDLE>\n\n    @responses.activate\n    def test_tags_on_transformation(secure_filelink):\n        transformation = secure_filelink.resize(width=100)\n        image_tags = {'tags': {'cat': 99}}\n        responses.add(\n            responses.GET, re.compile('{}/resize.*/{}$'.format(config.CDN_URL, HANDLE)),\n            json=image_tags\n        )\n>       assert transformation.tags() == image_tags\n\ntests\\filelink_test.py:142: \n_ _ _ _ _ _ _ _ _ _ _ _ _ _ _ _ _ _ _ _ _ _ _ _ _ _ _ _ _ _ _ _ _ _ _ _ _ _ _ _\nfilestack\\mixins\\common.py:139: in tags\n    return json.loads(response_data)\nC:\\Users\\Mohay\\AppData\\Local\\Programs\\Python\\Python312\\Lib\\json\\__init__.py:346: in loads\n    return _default_decoder.decode(s)\nC:\\Users\\Mohay\\AppData\\Local\\Programs\\Python\\Python312\\Lib\\json\\decoder.py:337: in decode\n    obj, end = self.raw_decode(s, idx=_w(s, 0).end())\n_ _ _ _ _ _ _ _ _ _ _ _ _ _ _ _ _ _ _ _ _ _ _ _ _ _ _ _ _ _ _ _ _ _ _ _ _ _ _ _\n\nself = <json.decoder.JSONDecoder object at 0x0000022EC1357590>\ns = 'Bad Request\\n', idx = 0\n\n    def raw_decode(self, s, idx=0):\n        \"\"\"Decode a JSON document from ``s`` (a ``str`` beginning with\n        a JSON document) and return a 2-tuple of the Python\n        representation and the index in ``s`` where the document ended.\n    \n        This can be used to decode a JSON document from a string that may\n        have extraneous data at the end.\n    \n        \"\"\"\n        try:\n            obj, end = self.scan_once(s, idx)\n        except StopIteration as err:\n>           raise JSONDecodeError(\"Expecting value\", s, err.value) from None\nE           json.decoder.JSONDecodeError: Expecting value: line 1 column 1 (char 0)\n\nC:\\Users\\Mohay\\AppData\\Local\\Programs\\Python\\Python312\\Lib\\json\\decoder.py:355: JSONDecodeError"
      },
      "teardown": {
        "outcome": "passed"
      }
    },
    {
      "nodeid": "tests/filelink_test.py::test_sfw_without_security",
      "lineno": 147,
      "outcome": "passed",
      "keywords": [
        "test_sfw_without_security",
        "filelink_test.py",
        "tests",
        "filestack@filestack-python__0e44e337__requests__pycurl",
        ""
      ],
      "setup": {
        "outcome": "passed"
      },
      "call": {
        "outcome": "passed"
      },
      "teardown": {
        "outcome": "passed"
      }
    },
    {
      "nodeid": "tests/filelink_test.py::test_sfw",
      "lineno": 152,
      "outcome": "failed",
      "keywords": [
        "test_sfw",
        "__wrapped__",
        "filelink_test.py",
        "tests",
        "filestack@filestack-python__0e44e337__requests__pycurl",
        ""
      ],
      "setup": {
        "outcome": "passed"
      },
      "call": {
        "outcome": "failed",
        "crash": {
          "path": "C:\\Users\\Mohay\\AppData\\Local\\Programs\\Python\\Python312\\Lib\\json\\decoder.py",
          "lineno": 355,
          "message": "json.decoder.JSONDecodeError: Expecting value: line 1 column 1 (char 0)"
        },
        "traceback": [
          {
            "path": "tests\\filelink_test.py",
            "lineno": 157,
            "message": ""
          },
          {
            "path": "filestack\\mixins\\common.py",
            "lineno": 161,
            "message": "in sfw"
          },
          {
            "path": "C:\\Users\\Mohay\\AppData\\Local\\Programs\\Python\\Python312\\Lib\\json\\__init__.py",
            "lineno": 346,
            "message": "in loads"
          },
          {
            "path": "C:\\Users\\Mohay\\AppData\\Local\\Programs\\Python\\Python312\\Lib\\json\\decoder.py",
            "lineno": 337,
            "message": "in decode"
          },
          {
            "path": "C:\\Users\\Mohay\\AppData\\Local\\Programs\\Python\\Python312\\Lib\\json\\decoder.py",
            "lineno": 355,
            "message": "JSONDecodeError"
          }
        ],
        "longrepr": "secure_filelink = <Filelink SOMEHANDLE>\n\n    @responses.activate\n    def test_sfw(secure_filelink):\n        sfw_response = {'sfw': False}\n        responses.add(responses.GET, re.compile('{}.*'.format(config.CDN_URL)), json=sfw_response)\n>       assert secure_filelink.sfw() == sfw_response\n\ntests\\filelink_test.py:157: \n_ _ _ _ _ _ _ _ _ _ _ _ _ _ _ _ _ _ _ _ _ _ _ _ _ _ _ _ _ _ _ _ _ _ _ _ _ _ _ _\nfilestack\\mixins\\common.py:161: in sfw\n    return json.loads(response_data)\nC:\\Users\\Mohay\\AppData\\Local\\Programs\\Python\\Python312\\Lib\\json\\__init__.py:346: in loads\n    return _default_decoder.decode(s)\nC:\\Users\\Mohay\\AppData\\Local\\Programs\\Python\\Python312\\Lib\\json\\decoder.py:337: in decode\n    obj, end = self.raw_decode(s, idx=_w(s, 0).end())\n_ _ _ _ _ _ _ _ _ _ _ _ _ _ _ _ _ _ _ _ _ _ _ _ _ _ _ _ _ _ _ _ _ _ _ _ _ _ _ _\n\nself = <json.decoder.JSONDecoder object at 0x0000022EC1357590>\ns = 'Bad Request\\n', idx = 0\n\n    def raw_decode(self, s, idx=0):\n        \"\"\"Decode a JSON document from ``s`` (a ``str`` beginning with\n        a JSON document) and return a 2-tuple of the Python\n        representation and the index in ``s`` where the document ended.\n    \n        This can be used to decode a JSON document from a string that may\n        have extraneous data at the end.\n    \n        \"\"\"\n        try:\n            obj, end = self.scan_once(s, idx)\n        except StopIteration as err:\n>           raise JSONDecodeError(\"Expecting value\", s, err.value) from None\nE           json.decoder.JSONDecodeError: Expecting value: line 1 column 1 (char 0)\n\nC:\\Users\\Mohay\\AppData\\Local\\Programs\\Python\\Python312\\Lib\\json\\decoder.py:355: JSONDecodeError"
      },
      "teardown": {
        "outcome": "passed"
      }
    },
    {
      "nodeid": "tests/filelink_test.py::test_sfw_on_transformation",
      "lineno": 160,
      "outcome": "failed",
      "keywords": [
        "test_sfw_on_transformation",
        "__wrapped__",
        "filelink_test.py",
        "tests",
        "filestack@filestack-python__0e44e337__requests__pycurl",
        ""
      ],
      "setup": {
        "outcome": "passed"
      },
      "call": {
        "outcome": "failed",
        "crash": {
          "path": "C:\\Users\\Mohay\\AppData\\Local\\Programs\\Python\\Python312\\Lib\\json\\decoder.py",
          "lineno": 355,
          "message": "json.decoder.JSONDecodeError: Expecting value: line 1 column 1 (char 0)"
        },
        "traceback": [
          {
            "path": "tests\\filelink_test.py",
            "lineno": 166,
            "message": ""
          },
          {
            "path": "filestack\\mixins\\common.py",
            "lineno": 161,
            "message": "in sfw"
          },
          {
            "path": "C:\\Users\\Mohay\\AppData\\Local\\Programs\\Python\\Python312\\Lib\\json\\__init__.py",
            "lineno": 346,
            "message": "in loads"
          },
          {
            "path": "C:\\Users\\Mohay\\AppData\\Local\\Programs\\Python\\Python312\\Lib\\json\\decoder.py",
            "lineno": 337,
            "message": "in decode"
          },
          {
            "path": "C:\\Users\\Mohay\\AppData\\Local\\Programs\\Python\\Python312\\Lib\\json\\decoder.py",
            "lineno": 355,
            "message": "JSONDecodeError"
          }
        ],
        "longrepr": "secure_filelink = <Filelink SOMEHANDLE>\n\n    @responses.activate\n    def test_sfw_on_transformation(secure_filelink):\n        transformation = secure_filelink.resize(width=100)\n        sfw_response = {'sfw': True}\n        responses.add(responses.GET, re.compile('{}/resize.*'.format(config.CDN_URL)), json=sfw_response)\n>       assert transformation.sfw() == sfw_response\n\ntests\\filelink_test.py:166: \n_ _ _ _ _ _ _ _ _ _ _ _ _ _ _ _ _ _ _ _ _ _ _ _ _ _ _ _ _ _ _ _ _ _ _ _ _ _ _ _\nfilestack\\mixins\\common.py:161: in sfw\n    return json.loads(response_data)\nC:\\Users\\Mohay\\AppData\\Local\\Programs\\Python\\Python312\\Lib\\json\\__init__.py:346: in loads\n    return _default_decoder.decode(s)\nC:\\Users\\Mohay\\AppData\\Local\\Programs\\Python\\Python312\\Lib\\json\\decoder.py:337: in decode\n    obj, end = self.raw_decode(s, idx=_w(s, 0).end())\n_ _ _ _ _ _ _ _ _ _ _ _ _ _ _ _ _ _ _ _ _ _ _ _ _ _ _ _ _ _ _ _ _ _ _ _ _ _ _ _\n\nself = <json.decoder.JSONDecoder object at 0x0000022EC1357590>\ns = 'Bad Request\\n', idx = 0\n\n    def raw_decode(self, s, idx=0):\n        \"\"\"Decode a JSON document from ``s`` (a ``str`` beginning with\n        a JSON document) and return a 2-tuple of the Python\n        representation and the index in ``s`` where the document ended.\n    \n        This can be used to decode a JSON document from a string that may\n        have extraneous data at the end.\n    \n        \"\"\"\n        try:\n            obj, end = self.scan_once(s, idx)\n        except StopIteration as err:\n>           raise JSONDecodeError(\"Expecting value\", s, err.value) from None\nE           json.decoder.JSONDecodeError: Expecting value: line 1 column 1 (char 0)\n\nC:\\Users\\Mohay\\AppData\\Local\\Programs\\Python\\Python312\\Lib\\json\\decoder.py:355: JSONDecodeError"
      },
      "teardown": {
        "outcome": "passed"
      }
    },
    {
      "nodeid": "tests/filelink_test.py::test_overwrite_without_security",
      "lineno": 171,
      "outcome": "passed",
      "keywords": [
        "test_overwrite_without_security",
        "filelink_test.py",
        "tests",
        "filestack@filestack-python__0e44e337__requests__pycurl",
        ""
      ],
      "setup": {
        "outcome": "passed"
      },
      "call": {
        "outcome": "passed"
      },
      "teardown": {
        "outcome": "passed"
      }
    },
    {
      "nodeid": "tests/filelink_test.py::test_invalid_overwrite_call",
      "lineno": 176,
      "outcome": "passed",
      "keywords": [
        "test_invalid_overwrite_call",
        "filelink_test.py",
        "tests",
        "filestack@filestack-python__0e44e337__requests__pycurl",
        ""
      ],
      "setup": {
        "outcome": "passed"
      },
      "call": {
        "outcome": "passed"
      },
      "teardown": {
        "outcome": "passed"
      }
    },
    {
      "nodeid": "tests/filelink_test.py::test_overwrite_with_url[True]",
      "lineno": 181,
      "outcome": "failed",
      "keywords": [
        "test_overwrite_with_url[True]",
        "parametrize",
        "__wrapped__",
        "patchings",
        "pytestmark",
        "True",
        "filelink_test.py",
        "tests",
        "filestack@filestack-python__0e44e337__requests__pycurl",
        ""
      ],
      "setup": {
        "outcome": "passed"
      },
      "call": {
        "outcome": "failed",
        "crash": {
          "path": "C:\\Users\\Mohay\\AppData\\Local\\Programs\\Python\\Python312\\Lib\\pkgutil.py",
          "lineno": 528,
          "message": "AttributeError: module 'filestack.models.filelink' has no attribute 'requests'"
        },
        "traceback": [
          {
            "path": "C:\\Users\\Mohay\\AppData\\Local\\Programs\\Python\\Python312\\Lib\\unittest\\mock.py",
            "lineno": 1387,
            "message": ""
          },
          {
            "path": "C:\\Users\\Mohay\\AppData\\Local\\Programs\\Python\\Python312\\Lib\\contextlib.py",
            "lineno": 137,
            "message": "in __enter__"
          },
          {
            "path": "C:\\Users\\Mohay\\AppData\\Local\\Programs\\Python\\Python312\\Lib\\unittest\\mock.py",
            "lineno": 1369,
            "message": "in decoration_helper"
          },
          {
            "path": "C:\\Users\\Mohay\\AppData\\Local\\Programs\\Python\\Python312\\Lib\\contextlib.py",
            "lineno": 526,
            "message": "in enter_context"
          },
          {
            "path": "C:\\Users\\Mohay\\AppData\\Local\\Programs\\Python\\Python312\\Lib\\unittest\\mock.py",
            "lineno": 1442,
            "message": "in __enter__"
          },
          {
            "path": "C:\\Users\\Mohay\\AppData\\Local\\Programs\\Python\\Python312\\Lib\\pkgutil.py",
            "lineno": 528,
            "message": "AttributeError"
          }
        ],
        "longrepr": "args = ()\nkeywargs = {'decode_base64': True, 'secure_filelink': <Filelink SOMEHANDLE>}\n\n    @wraps(func)\n    def patched(*args, **keywargs):\n>       with self.decoration_helper(patched,\n                                    args,\n                                    keywargs) as (newargs, newkeywargs):\n\nC:\\Users\\Mohay\\AppData\\Local\\Programs\\Python\\Python312\\Lib\\unittest\\mock.py:1387: \n_ _ _ _ _ _ _ _ _ _ _ _ _ _ _ _ _ _ _ _ _ _ _ _ _ _ _ _ _ _ _ _ _ _ _ _ _ _ _ _\nC:\\Users\\Mohay\\AppData\\Local\\Programs\\Python\\Python312\\Lib\\contextlib.py:137: in __enter__\n    return next(self.gen)\nC:\\Users\\Mohay\\AppData\\Local\\Programs\\Python\\Python312\\Lib\\unittest\\mock.py:1369: in decoration_helper\n    arg = exit_stack.enter_context(patching)\nC:\\Users\\Mohay\\AppData\\Local\\Programs\\Python\\Python312\\Lib\\contextlib.py:526: in enter_context\n    result = _enter(cm)\nC:\\Users\\Mohay\\AppData\\Local\\Programs\\Python\\Python312\\Lib\\unittest\\mock.py:1442: in __enter__\n    self.target = self.getter()\n_ _ _ _ _ _ _ _ _ _ _ _ _ _ _ _ _ _ _ _ _ _ _ _ _ _ _ _ _ _ _ _ _ _ _ _ _ _ _ _\n\nname = 'filestack.models.filelink.requests'\n\n    def resolve_name(name):\n        \"\"\"\n        Resolve a name to an object.\n    \n        It is expected that `name` will be a string in one of the following\n        formats, where W is shorthand for a valid Python identifier and dot stands\n        for a literal period in these pseudo-regexes:\n    \n        W(.W)*\n        W(.W)*:(W(.W)*)?\n    \n        The first form is intended for backward compatibility only. It assumes that\n        some part of the dotted name is a package, and the rest is an object\n        somewhere within that package, possibly nested inside other objects.\n        Because the place where the package stops and the object hierarchy starts\n        can't be inferred by inspection, repeated attempts to import must be done\n        with this form.\n    \n        In the second form, the caller makes the division point clear through the\n        provision of a single colon: the dotted name to the left of the colon is a\n        package to be imported, and the dotted name to the right is the object\n        hierarchy within that package. Only one import is needed in this form. If\n        it ends with the colon, then a module object is returned.\n    \n        The function will return an object (which might be a module), or raise one\n        of the following exceptions:\n    \n        ValueError - if `name` isn't in a recognised format\n        ImportError - if an import failed when it shouldn't have\n        AttributeError - if a failure occurred when traversing the object hierarchy\n                         within the imported package to get to the desired object.\n        \"\"\"\n        global _NAME_PATTERN\n        if _NAME_PATTERN is None:\n            # Lazy import to speedup Python startup time\n            import re\n            dotted_words = r'(?!\\d)(\\w+)(\\.(?!\\d)(\\w+))*'\n            _NAME_PATTERN = re.compile(f'^(?P<pkg>{dotted_words})'\n                                       f'(?P<cln>:(?P<obj>{dotted_words})?)?$',\n                                       re.UNICODE)\n    \n        m = _NAME_PATTERN.match(name)\n        if not m:\n            raise ValueError(f'invalid format: {name!r}')\n        gd = m.groupdict()\n        if gd.get('cln'):\n            # there is a colon - a one-step import is all that's needed\n            mod = importlib.import_module(gd['pkg'])\n            parts = gd.get('obj')\n            parts = parts.split('.') if parts else []\n        else:\n            # no colon - have to iterate to find the package boundary\n            parts = name.split('.')\n            modname = parts.pop(0)\n            # first part *must* be a module/package.\n            mod = importlib.import_module(modname)\n            while parts:\n                p = parts[0]\n                s = f'{modname}.{p}'\n                try:\n                    mod = importlib.import_module(s)\n                    parts.pop(0)\n                    modname = s\n                except ImportError:\n                    break\n        # if we reach this point, mod is the module, already imported, and\n        # parts is the list of parts in the object hierarchy to be traversed, or\n        # an empty list if just the module is wanted.\n        result = mod\n        for p in parts:\n>           result = getattr(result, p)\nE           AttributeError: module 'filestack.models.filelink' has no attribute 'requests'\n\nC:\\Users\\Mohay\\AppData\\Local\\Programs\\Python\\Python312\\Lib\\pkgutil.py:528: AttributeError"
      },
      "teardown": {
        "outcome": "passed"
      }
    },
    {
      "nodeid": "tests/filelink_test.py::test_overwrite_with_url[False]",
      "lineno": 181,
      "outcome": "failed",
      "keywords": [
        "test_overwrite_with_url[False]",
        "parametrize",
        "__wrapped__",
        "patchings",
        "pytestmark",
        "False",
        "filelink_test.py",
        "tests",
        "filestack@filestack-python__0e44e337__requests__pycurl",
        ""
      ],
      "setup": {
        "outcome": "passed"
      },
      "call": {
        "outcome": "failed",
        "crash": {
          "path": "C:\\Users\\Mohay\\AppData\\Local\\Programs\\Python\\Python312\\Lib\\pkgutil.py",
          "lineno": 528,
          "message": "AttributeError: module 'filestack.models.filelink' has no attribute 'requests'"
        },
        "traceback": [
          {
            "path": "C:\\Users\\Mohay\\AppData\\Local\\Programs\\Python\\Python312\\Lib\\unittest\\mock.py",
            "lineno": 1387,
            "message": ""
          },
          {
            "path": "C:\\Users\\Mohay\\AppData\\Local\\Programs\\Python\\Python312\\Lib\\contextlib.py",
            "lineno": 137,
            "message": "in __enter__"
          },
          {
            "path": "C:\\Users\\Mohay\\AppData\\Local\\Programs\\Python\\Python312\\Lib\\unittest\\mock.py",
            "lineno": 1369,
            "message": "in decoration_helper"
          },
          {
            "path": "C:\\Users\\Mohay\\AppData\\Local\\Programs\\Python\\Python312\\Lib\\contextlib.py",
            "lineno": 526,
            "message": "in enter_context"
          },
          {
            "path": "C:\\Users\\Mohay\\AppData\\Local\\Programs\\Python\\Python312\\Lib\\unittest\\mock.py",
            "lineno": 1442,
            "message": "in __enter__"
          },
          {
            "path": "C:\\Users\\Mohay\\AppData\\Local\\Programs\\Python\\Python312\\Lib\\pkgutil.py",
            "lineno": 528,
            "message": "AttributeError"
          }
        ],
        "longrepr": "args = ()\nkeywargs = {'decode_base64': False, 'secure_filelink': <Filelink SOMEHANDLE>}\n\n    @wraps(func)\n    def patched(*args, **keywargs):\n>       with self.decoration_helper(patched,\n                                    args,\n                                    keywargs) as (newargs, newkeywargs):\n\nC:\\Users\\Mohay\\AppData\\Local\\Programs\\Python\\Python312\\Lib\\unittest\\mock.py:1387: \n_ _ _ _ _ _ _ _ _ _ _ _ _ _ _ _ _ _ _ _ _ _ _ _ _ _ _ _ _ _ _ _ _ _ _ _ _ _ _ _\nC:\\Users\\Mohay\\AppData\\Local\\Programs\\Python\\Python312\\Lib\\contextlib.py:137: in __enter__\n    return next(self.gen)\nC:\\Users\\Mohay\\AppData\\Local\\Programs\\Python\\Python312\\Lib\\unittest\\mock.py:1369: in decoration_helper\n    arg = exit_stack.enter_context(patching)\nC:\\Users\\Mohay\\AppData\\Local\\Programs\\Python\\Python312\\Lib\\contextlib.py:526: in enter_context\n    result = _enter(cm)\nC:\\Users\\Mohay\\AppData\\Local\\Programs\\Python\\Python312\\Lib\\unittest\\mock.py:1442: in __enter__\n    self.target = self.getter()\n_ _ _ _ _ _ _ _ _ _ _ _ _ _ _ _ _ _ _ _ _ _ _ _ _ _ _ _ _ _ _ _ _ _ _ _ _ _ _ _\n\nname = 'filestack.models.filelink.requests'\n\n    def resolve_name(name):\n        \"\"\"\n        Resolve a name to an object.\n    \n        It is expected that `name` will be a string in one of the following\n        formats, where W is shorthand for a valid Python identifier and dot stands\n        for a literal period in these pseudo-regexes:\n    \n        W(.W)*\n        W(.W)*:(W(.W)*)?\n    \n        The first form is intended for backward compatibility only. It assumes that\n        some part of the dotted name is a package, and the rest is an object\n        somewhere within that package, possibly nested inside other objects.\n        Because the place where the package stops and the object hierarchy starts\n        can't be inferred by inspection, repeated attempts to import must be done\n        with this form.\n    \n        In the second form, the caller makes the division point clear through the\n        provision of a single colon: the dotted name to the left of the colon is a\n        package to be imported, and the dotted name to the right is the object\n        hierarchy within that package. Only one import is needed in this form. If\n        it ends with the colon, then a module object is returned.\n    \n        The function will return an object (which might be a module), or raise one\n        of the following exceptions:\n    \n        ValueError - if `name` isn't in a recognised format\n        ImportError - if an import failed when it shouldn't have\n        AttributeError - if a failure occurred when traversing the object hierarchy\n                         within the imported package to get to the desired object.\n        \"\"\"\n        global _NAME_PATTERN\n        if _NAME_PATTERN is None:\n            # Lazy import to speedup Python startup time\n            import re\n            dotted_words = r'(?!\\d)(\\w+)(\\.(?!\\d)(\\w+))*'\n            _NAME_PATTERN = re.compile(f'^(?P<pkg>{dotted_words})'\n                                       f'(?P<cln>:(?P<obj>{dotted_words})?)?$',\n                                       re.UNICODE)\n    \n        m = _NAME_PATTERN.match(name)\n        if not m:\n            raise ValueError(f'invalid format: {name!r}')\n        gd = m.groupdict()\n        if gd.get('cln'):\n            # there is a colon - a one-step import is all that's needed\n            mod = importlib.import_module(gd['pkg'])\n            parts = gd.get('obj')\n            parts = parts.split('.') if parts else []\n        else:\n            # no colon - have to iterate to find the package boundary\n            parts = name.split('.')\n            modname = parts.pop(0)\n            # first part *must* be a module/package.\n            mod = importlib.import_module(modname)\n            while parts:\n                p = parts[0]\n                s = f'{modname}.{p}'\n                try:\n                    mod = importlib.import_module(s)\n                    parts.pop(0)\n                    modname = s\n                except ImportError:\n                    break\n        # if we reach this point, mod is the module, already imported, and\n        # parts is the list of parts in the object hierarchy to be traversed, or\n        # an empty list if just the module is wanted.\n        result = mod\n        for p in parts:\n>           result = getattr(result, p)\nE           AttributeError: module 'filestack.models.filelink' has no attribute 'requests'\n\nC:\\Users\\Mohay\\AppData\\Local\\Programs\\Python\\Python312\\Lib\\pkgutil.py:528: AttributeError"
      },
      "teardown": {
        "outcome": "passed"
      }
    },
    {
      "nodeid": "tests/filelink_test.py::test_overwrite_with_filepath",
      "lineno": 196,
      "outcome": "failed",
      "keywords": [
        "test_overwrite_with_filepath",
        "__wrapped__",
        "patchings",
        "filelink_test.py",
        "tests",
        "filestack@filestack-python__0e44e337__requests__pycurl",
        ""
      ],
      "setup": {
        "outcome": "passed"
      },
      "call": {
        "outcome": "failed",
        "crash": {
          "path": "C:\\Users\\Mohay\\AppData\\Local\\Programs\\Python\\Python312\\Lib\\pkgutil.py",
          "lineno": 528,
          "message": "AttributeError: module 'filestack.models.filelink' has no attribute 'requests'"
        },
        "traceback": [
          {
            "path": "C:\\Users\\Mohay\\AppData\\Local\\Programs\\Python\\Python312\\Lib\\unittest\\mock.py",
            "lineno": 1387,
            "message": ""
          },
          {
            "path": "C:\\Users\\Mohay\\AppData\\Local\\Programs\\Python\\Python312\\Lib\\contextlib.py",
            "lineno": 137,
            "message": "in __enter__"
          },
          {
            "path": "C:\\Users\\Mohay\\AppData\\Local\\Programs\\Python\\Python312\\Lib\\unittest\\mock.py",
            "lineno": 1369,
            "message": "in decoration_helper"
          },
          {
            "path": "C:\\Users\\Mohay\\AppData\\Local\\Programs\\Python\\Python312\\Lib\\contextlib.py",
            "lineno": 526,
            "message": "in enter_context"
          },
          {
            "path": "C:\\Users\\Mohay\\AppData\\Local\\Programs\\Python\\Python312\\Lib\\unittest\\mock.py",
            "lineno": 1442,
            "message": "in __enter__"
          },
          {
            "path": "C:\\Users\\Mohay\\AppData\\Local\\Programs\\Python\\Python312\\Lib\\pkgutil.py",
            "lineno": 528,
            "message": "AttributeError"
          }
        ],
        "longrepr": "args = (), keywargs = {'secure_filelink': <Filelink SOMEHANDLE>}\n\n    @wraps(func)\n    def patched(*args, **keywargs):\n>       with self.decoration_helper(patched,\n                                    args,\n                                    keywargs) as (newargs, newkeywargs):\n\nC:\\Users\\Mohay\\AppData\\Local\\Programs\\Python\\Python312\\Lib\\unittest\\mock.py:1387: \n_ _ _ _ _ _ _ _ _ _ _ _ _ _ _ _ _ _ _ _ _ _ _ _ _ _ _ _ _ _ _ _ _ _ _ _ _ _ _ _\nC:\\Users\\Mohay\\AppData\\Local\\Programs\\Python\\Python312\\Lib\\contextlib.py:137: in __enter__\n    return next(self.gen)\nC:\\Users\\Mohay\\AppData\\Local\\Programs\\Python\\Python312\\Lib\\unittest\\mock.py:1369: in decoration_helper\n    arg = exit_stack.enter_context(patching)\nC:\\Users\\Mohay\\AppData\\Local\\Programs\\Python\\Python312\\Lib\\contextlib.py:526: in enter_context\n    result = _enter(cm)\nC:\\Users\\Mohay\\AppData\\Local\\Programs\\Python\\Python312\\Lib\\unittest\\mock.py:1442: in __enter__\n    self.target = self.getter()\n_ _ _ _ _ _ _ _ _ _ _ _ _ _ _ _ _ _ _ _ _ _ _ _ _ _ _ _ _ _ _ _ _ _ _ _ _ _ _ _\n\nname = 'filestack.models.filelink.requests'\n\n    def resolve_name(name):\n        \"\"\"\n        Resolve a name to an object.\n    \n        It is expected that `name` will be a string in one of the following\n        formats, where W is shorthand for a valid Python identifier and dot stands\n        for a literal period in these pseudo-regexes:\n    \n        W(.W)*\n        W(.W)*:(W(.W)*)?\n    \n        The first form is intended for backward compatibility only. It assumes that\n        some part of the dotted name is a package, and the rest is an object\n        somewhere within that package, possibly nested inside other objects.\n        Because the place where the package stops and the object hierarchy starts\n        can't be inferred by inspection, repeated attempts to import must be done\n        with this form.\n    \n        In the second form, the caller makes the division point clear through the\n        provision of a single colon: the dotted name to the left of the colon is a\n        package to be imported, and the dotted name to the right is the object\n        hierarchy within that package. Only one import is needed in this form. If\n        it ends with the colon, then a module object is returned.\n    \n        The function will return an object (which might be a module), or raise one\n        of the following exceptions:\n    \n        ValueError - if `name` isn't in a recognised format\n        ImportError - if an import failed when it shouldn't have\n        AttributeError - if a failure occurred when traversing the object hierarchy\n                         within the imported package to get to the desired object.\n        \"\"\"\n        global _NAME_PATTERN\n        if _NAME_PATTERN is None:\n            # Lazy import to speedup Python startup time\n            import re\n            dotted_words = r'(?!\\d)(\\w+)(\\.(?!\\d)(\\w+))*'\n            _NAME_PATTERN = re.compile(f'^(?P<pkg>{dotted_words})'\n                                       f'(?P<cln>:(?P<obj>{dotted_words})?)?$',\n                                       re.UNICODE)\n    \n        m = _NAME_PATTERN.match(name)\n        if not m:\n            raise ValueError(f'invalid format: {name!r}')\n        gd = m.groupdict()\n        if gd.get('cln'):\n            # there is a colon - a one-step import is all that's needed\n            mod = importlib.import_module(gd['pkg'])\n            parts = gd.get('obj')\n            parts = parts.split('.') if parts else []\n        else:\n            # no colon - have to iterate to find the package boundary\n            parts = name.split('.')\n            modname = parts.pop(0)\n            # first part *must* be a module/package.\n            mod = importlib.import_module(modname)\n            while parts:\n                p = parts[0]\n                s = f'{modname}.{p}'\n                try:\n                    mod = importlib.import_module(s)\n                    parts.pop(0)\n                    modname = s\n                except ImportError:\n                    break\n        # if we reach this point, mod is the module, already imported, and\n        # parts is the list of parts in the object hierarchy to be traversed, or\n        # an empty list if just the module is wanted.\n        result = mod\n        for p in parts:\n>           result = getattr(result, p)\nE           AttributeError: module 'filestack.models.filelink' has no attribute 'requests'\n\nC:\\Users\\Mohay\\AppData\\Local\\Programs\\Python\\Python312\\Lib\\pkgutil.py:528: AttributeError"
      },
      "teardown": {
        "outcome": "passed"
      }
    },
    {
      "nodeid": "tests/filelink_test.py::test_overwrite_with_file_obj",
      "lineno": 212,
      "outcome": "failed",
      "keywords": [
        "test_overwrite_with_file_obj",
        "__wrapped__",
        "patchings",
        "filelink_test.py",
        "tests",
        "filestack@filestack-python__0e44e337__requests__pycurl",
        ""
      ],
      "setup": {
        "outcome": "passed"
      },
      "call": {
        "outcome": "failed",
        "crash": {
          "path": "C:\\Users\\Mohay\\AppData\\Local\\Programs\\Python\\Python312\\Lib\\pkgutil.py",
          "lineno": 528,
          "message": "AttributeError: module 'filestack.models.filelink' has no attribute 'requests'"
        },
        "traceback": [
          {
            "path": "C:\\Users\\Mohay\\AppData\\Local\\Programs\\Python\\Python312\\Lib\\unittest\\mock.py",
            "lineno": 1387,
            "message": ""
          },
          {
            "path": "C:\\Users\\Mohay\\AppData\\Local\\Programs\\Python\\Python312\\Lib\\contextlib.py",
            "lineno": 137,
            "message": "in __enter__"
          },
          {
            "path": "C:\\Users\\Mohay\\AppData\\Local\\Programs\\Python\\Python312\\Lib\\unittest\\mock.py",
            "lineno": 1369,
            "message": "in decoration_helper"
          },
          {
            "path": "C:\\Users\\Mohay\\AppData\\Local\\Programs\\Python\\Python312\\Lib\\contextlib.py",
            "lineno": 526,
            "message": "in enter_context"
          },
          {
            "path": "C:\\Users\\Mohay\\AppData\\Local\\Programs\\Python\\Python312\\Lib\\unittest\\mock.py",
            "lineno": 1442,
            "message": "in __enter__"
          },
          {
            "path": "C:\\Users\\Mohay\\AppData\\Local\\Programs\\Python\\Python312\\Lib\\pkgutil.py",
            "lineno": 528,
            "message": "AttributeError"
          }
        ],
        "longrepr": "args = (), keywargs = {'secure_filelink': <Filelink SOMEHANDLE>}\n\n    @wraps(func)\n    def patched(*args, **keywargs):\n>       with self.decoration_helper(patched,\n                                    args,\n                                    keywargs) as (newargs, newkeywargs):\n\nC:\\Users\\Mohay\\AppData\\Local\\Programs\\Python\\Python312\\Lib\\unittest\\mock.py:1387: \n_ _ _ _ _ _ _ _ _ _ _ _ _ _ _ _ _ _ _ _ _ _ _ _ _ _ _ _ _ _ _ _ _ _ _ _ _ _ _ _\nC:\\Users\\Mohay\\AppData\\Local\\Programs\\Python\\Python312\\Lib\\contextlib.py:137: in __enter__\n    return next(self.gen)\nC:\\Users\\Mohay\\AppData\\Local\\Programs\\Python\\Python312\\Lib\\unittest\\mock.py:1369: in decoration_helper\n    arg = exit_stack.enter_context(patching)\nC:\\Users\\Mohay\\AppData\\Local\\Programs\\Python\\Python312\\Lib\\contextlib.py:526: in enter_context\n    result = _enter(cm)\nC:\\Users\\Mohay\\AppData\\Local\\Programs\\Python\\Python312\\Lib\\unittest\\mock.py:1442: in __enter__\n    self.target = self.getter()\n_ _ _ _ _ _ _ _ _ _ _ _ _ _ _ _ _ _ _ _ _ _ _ _ _ _ _ _ _ _ _ _ _ _ _ _ _ _ _ _\n\nname = 'filestack.models.filelink.requests'\n\n    def resolve_name(name):\n        \"\"\"\n        Resolve a name to an object.\n    \n        It is expected that `name` will be a string in one of the following\n        formats, where W is shorthand for a valid Python identifier and dot stands\n        for a literal period in these pseudo-regexes:\n    \n        W(.W)*\n        W(.W)*:(W(.W)*)?\n    \n        The first form is intended for backward compatibility only. It assumes that\n        some part of the dotted name is a package, and the rest is an object\n        somewhere within that package, possibly nested inside other objects.\n        Because the place where the package stops and the object hierarchy starts\n        can't be inferred by inspection, repeated attempts to import must be done\n        with this form.\n    \n        In the second form, the caller makes the division point clear through the\n        provision of a single colon: the dotted name to the left of the colon is a\n        package to be imported, and the dotted name to the right is the object\n        hierarchy within that package. Only one import is needed in this form. If\n        it ends with the colon, then a module object is returned.\n    \n        The function will return an object (which might be a module), or raise one\n        of the following exceptions:\n    \n        ValueError - if `name` isn't in a recognised format\n        ImportError - if an import failed when it shouldn't have\n        AttributeError - if a failure occurred when traversing the object hierarchy\n                         within the imported package to get to the desired object.\n        \"\"\"\n        global _NAME_PATTERN\n        if _NAME_PATTERN is None:\n            # Lazy import to speedup Python startup time\n            import re\n            dotted_words = r'(?!\\d)(\\w+)(\\.(?!\\d)(\\w+))*'\n            _NAME_PATTERN = re.compile(f'^(?P<pkg>{dotted_words})'\n                                       f'(?P<cln>:(?P<obj>{dotted_words})?)?$',\n                                       re.UNICODE)\n    \n        m = _NAME_PATTERN.match(name)\n        if not m:\n            raise ValueError(f'invalid format: {name!r}')\n        gd = m.groupdict()\n        if gd.get('cln'):\n            # there is a colon - a one-step import is all that's needed\n            mod = importlib.import_module(gd['pkg'])\n            parts = gd.get('obj')\n            parts = parts.split('.') if parts else []\n        else:\n            # no colon - have to iterate to find the package boundary\n            parts = name.split('.')\n            modname = parts.pop(0)\n            # first part *must* be a module/package.\n            mod = importlib.import_module(modname)\n            while parts:\n                p = parts[0]\n                s = f'{modname}.{p}'\n                try:\n                    mod = importlib.import_module(s)\n                    parts.pop(0)\n                    modname = s\n                except ImportError:\n                    break\n        # if we reach this point, mod is the module, already imported, and\n        # parts is the list of parts in the object hierarchy to be traversed, or\n        # an empty list if just the module is wanted.\n        result = mod\n        for p in parts:\n>           result = getattr(result, p)\nE           AttributeError: module 'filestack.models.filelink' has no attribute 'requests'\n\nC:\\Users\\Mohay\\AppData\\Local\\Programs\\Python\\Python312\\Lib\\pkgutil.py:528: AttributeError"
      },
      "teardown": {
        "outcome": "passed"
      }
    },
    {
      "nodeid": "tests/filelink_test.py::test_delete_without_apikey_or_security[flink0-Security is required]",
      "lineno": 227,
      "outcome": "passed",
      "keywords": [
        "test_delete_without_apikey_or_security[flink0-Security is required]",
        "parametrize",
        "pytestmark",
        "flink0-Security is required",
        "filelink_test.py",
        "tests",
        "filestack@filestack-python__0e44e337__requests__pycurl",
        ""
      ],
      "setup": {
        "outcome": "passed"
      },
      "call": {
        "outcome": "passed"
      },
      "teardown": {
        "outcome": "passed"
      }
    },
    {
      "nodeid": "tests/filelink_test.py::test_delete_without_apikey_or_security[flink1-Apikey is required]",
      "lineno": 227,
      "outcome": "passed",
      "keywords": [
        "test_delete_without_apikey_or_security[flink1-Apikey is required]",
        "parametrize",
        "pytestmark",
        "flink1-Apikey is required",
        "filelink_test.py",
        "tests",
        "filestack@filestack-python__0e44e337__requests__pycurl",
        ""
      ],
      "setup": {
        "outcome": "passed"
      },
      "call": {
        "outcome": "passed"
      },
      "teardown": {
        "outcome": "passed"
      }
    },
    {
      "nodeid": "tests/filelink_test.py::test_successful_delete[flink0-security_arg0]",
      "lineno": 236,
      "outcome": "failed",
      "keywords": [
        "test_successful_delete[flink0-security_arg0]",
        "parametrize",
        "__wrapped__",
        "patchings",
        "pytestmark",
        "flink0-security_arg0",
        "filelink_test.py",
        "tests",
        "filestack@filestack-python__0e44e337__requests__pycurl",
        ""
      ],
      "setup": {
        "outcome": "passed"
      },
      "call": {
        "outcome": "failed",
        "crash": {
          "path": "C:\\Users\\Mohay\\AppData\\Local\\Programs\\Python\\Python312\\Lib\\pkgutil.py",
          "lineno": 528,
          "message": "AttributeError: module 'filestack.models.filelink' has no attribute 'requests'"
        },
        "traceback": [
          {
            "path": "C:\\Users\\Mohay\\AppData\\Local\\Programs\\Python\\Python312\\Lib\\unittest\\mock.py",
            "lineno": 1387,
            "message": ""
          },
          {
            "path": "C:\\Users\\Mohay\\AppData\\Local\\Programs\\Python\\Python312\\Lib\\contextlib.py",
            "lineno": 137,
            "message": "in __enter__"
          },
          {
            "path": "C:\\Users\\Mohay\\AppData\\Local\\Programs\\Python\\Python312\\Lib\\unittest\\mock.py",
            "lineno": 1369,
            "message": "in decoration_helper"
          },
          {
            "path": "C:\\Users\\Mohay\\AppData\\Local\\Programs\\Python\\Python312\\Lib\\contextlib.py",
            "lineno": 526,
            "message": "in enter_context"
          },
          {
            "path": "C:\\Users\\Mohay\\AppData\\Local\\Programs\\Python\\Python312\\Lib\\unittest\\mock.py",
            "lineno": 1442,
            "message": "in __enter__"
          },
          {
            "path": "C:\\Users\\Mohay\\AppData\\Local\\Programs\\Python\\Python312\\Lib\\pkgutil.py",
            "lineno": 528,
            "message": "AttributeError"
          }
        ],
        "longrepr": "args = ()\nkeywargs = {'flink': <Filelink SOMEHANDLE>, 'security_arg': <filestack.models.security.Security object at 0x0000022EC4A642C0>}\n\n    @wraps(func)\n    def patched(*args, **keywargs):\n>       with self.decoration_helper(patched,\n                                    args,\n                                    keywargs) as (newargs, newkeywargs):\n\nC:\\Users\\Mohay\\AppData\\Local\\Programs\\Python\\Python312\\Lib\\unittest\\mock.py:1387: \n_ _ _ _ _ _ _ _ _ _ _ _ _ _ _ _ _ _ _ _ _ _ _ _ _ _ _ _ _ _ _ _ _ _ _ _ _ _ _ _\nC:\\Users\\Mohay\\AppData\\Local\\Programs\\Python\\Python312\\Lib\\contextlib.py:137: in __enter__\n    return next(self.gen)\nC:\\Users\\Mohay\\AppData\\Local\\Programs\\Python\\Python312\\Lib\\unittest\\mock.py:1369: in decoration_helper\n    arg = exit_stack.enter_context(patching)\nC:\\Users\\Mohay\\AppData\\Local\\Programs\\Python\\Python312\\Lib\\contextlib.py:526: in enter_context\n    result = _enter(cm)\nC:\\Users\\Mohay\\AppData\\Local\\Programs\\Python\\Python312\\Lib\\unittest\\mock.py:1442: in __enter__\n    self.target = self.getter()\n_ _ _ _ _ _ _ _ _ _ _ _ _ _ _ _ _ _ _ _ _ _ _ _ _ _ _ _ _ _ _ _ _ _ _ _ _ _ _ _\n\nname = 'filestack.models.filelink.requests'\n\n    def resolve_name(name):\n        \"\"\"\n        Resolve a name to an object.\n    \n        It is expected that `name` will be a string in one of the following\n        formats, where W is shorthand for a valid Python identifier and dot stands\n        for a literal period in these pseudo-regexes:\n    \n        W(.W)*\n        W(.W)*:(W(.W)*)?\n    \n        The first form is intended for backward compatibility only. It assumes that\n        some part of the dotted name is a package, and the rest is an object\n        somewhere within that package, possibly nested inside other objects.\n        Because the place where the package stops and the object hierarchy starts\n        can't be inferred by inspection, repeated attempts to import must be done\n        with this form.\n    \n        In the second form, the caller makes the division point clear through the\n        provision of a single colon: the dotted name to the left of the colon is a\n        package to be imported, and the dotted name to the right is the object\n        hierarchy within that package. Only one import is needed in this form. If\n        it ends with the colon, then a module object is returned.\n    \n        The function will return an object (which might be a module), or raise one\n        of the following exceptions:\n    \n        ValueError - if `name` isn't in a recognised format\n        ImportError - if an import failed when it shouldn't have\n        AttributeError - if a failure occurred when traversing the object hierarchy\n                         within the imported package to get to the desired object.\n        \"\"\"\n        global _NAME_PATTERN\n        if _NAME_PATTERN is None:\n            # Lazy import to speedup Python startup time\n            import re\n            dotted_words = r'(?!\\d)(\\w+)(\\.(?!\\d)(\\w+))*'\n            _NAME_PATTERN = re.compile(f'^(?P<pkg>{dotted_words})'\n                                       f'(?P<cln>:(?P<obj>{dotted_words})?)?$',\n                                       re.UNICODE)\n    \n        m = _NAME_PATTERN.match(name)\n        if not m:\n            raise ValueError(f'invalid format: {name!r}')\n        gd = m.groupdict()\n        if gd.get('cln'):\n            # there is a colon - a one-step import is all that's needed\n            mod = importlib.import_module(gd['pkg'])\n            parts = gd.get('obj')\n            parts = parts.split('.') if parts else []\n        else:\n            # no colon - have to iterate to find the package boundary\n            parts = name.split('.')\n            modname = parts.pop(0)\n            # first part *must* be a module/package.\n            mod = importlib.import_module(modname)\n            while parts:\n                p = parts[0]\n                s = f'{modname}.{p}'\n                try:\n                    mod = importlib.import_module(s)\n                    parts.pop(0)\n                    modname = s\n                except ImportError:\n                    break\n        # if we reach this point, mod is the module, already imported, and\n        # parts is the list of parts in the object hierarchy to be traversed, or\n        # an empty list if just the module is wanted.\n        result = mod\n        for p in parts:\n>           result = getattr(result, p)\nE           AttributeError: module 'filestack.models.filelink' has no attribute 'requests'\n\nC:\\Users\\Mohay\\AppData\\Local\\Programs\\Python\\Python312\\Lib\\pkgutil.py:528: AttributeError"
      },
      "teardown": {
        "outcome": "passed"
      }
    },
    {
      "nodeid": "tests/filelink_test.py::test_successful_delete[flink1-None]",
      "lineno": 236,
      "outcome": "failed",
      "keywords": [
        "test_successful_delete[flink1-None]",
        "parametrize",
        "__wrapped__",
        "patchings",
        "pytestmark",
        "flink1-None",
        "filelink_test.py",
        "tests",
        "filestack@filestack-python__0e44e337__requests__pycurl",
        ""
      ],
      "setup": {
        "outcome": "passed"
      },
      "call": {
        "outcome": "failed",
        "crash": {
          "path": "C:\\Users\\Mohay\\AppData\\Local\\Programs\\Python\\Python312\\Lib\\pkgutil.py",
          "lineno": 528,
          "message": "AttributeError: module 'filestack.models.filelink' has no attribute 'requests'"
        },
        "traceback": [
          {
            "path": "C:\\Users\\Mohay\\AppData\\Local\\Programs\\Python\\Python312\\Lib\\unittest\\mock.py",
            "lineno": 1387,
            "message": ""
          },
          {
            "path": "C:\\Users\\Mohay\\AppData\\Local\\Programs\\Python\\Python312\\Lib\\contextlib.py",
            "lineno": 137,
            "message": "in __enter__"
          },
          {
            "path": "C:\\Users\\Mohay\\AppData\\Local\\Programs\\Python\\Python312\\Lib\\unittest\\mock.py",
            "lineno": 1369,
            "message": "in decoration_helper"
          },
          {
            "path": "C:\\Users\\Mohay\\AppData\\Local\\Programs\\Python\\Python312\\Lib\\contextlib.py",
            "lineno": 526,
            "message": "in enter_context"
          },
          {
            "path": "C:\\Users\\Mohay\\AppData\\Local\\Programs\\Python\\Python312\\Lib\\unittest\\mock.py",
            "lineno": 1442,
            "message": "in __enter__"
          },
          {
            "path": "C:\\Users\\Mohay\\AppData\\Local\\Programs\\Python\\Python312\\Lib\\pkgutil.py",
            "lineno": 528,
            "message": "AttributeError"
          }
        ],
        "longrepr": "args = (), keywargs = {'flink': <Filelink SOMEHANDLE>, 'security_arg': None}\n\n    @wraps(func)\n    def patched(*args, **keywargs):\n>       with self.decoration_helper(patched,\n                                    args,\n                                    keywargs) as (newargs, newkeywargs):\n\nC:\\Users\\Mohay\\AppData\\Local\\Programs\\Python\\Python312\\Lib\\unittest\\mock.py:1387: \n_ _ _ _ _ _ _ _ _ _ _ _ _ _ _ _ _ _ _ _ _ _ _ _ _ _ _ _ _ _ _ _ _ _ _ _ _ _ _ _\nC:\\Users\\Mohay\\AppData\\Local\\Programs\\Python\\Python312\\Lib\\contextlib.py:137: in __enter__\n    return next(self.gen)\nC:\\Users\\Mohay\\AppData\\Local\\Programs\\Python\\Python312\\Lib\\unittest\\mock.py:1369: in decoration_helper\n    arg = exit_stack.enter_context(patching)\nC:\\Users\\Mohay\\AppData\\Local\\Programs\\Python\\Python312\\Lib\\contextlib.py:526: in enter_context\n    result = _enter(cm)\nC:\\Users\\Mohay\\AppData\\Local\\Programs\\Python\\Python312\\Lib\\unittest\\mock.py:1442: in __enter__\n    self.target = self.getter()\n_ _ _ _ _ _ _ _ _ _ _ _ _ _ _ _ _ _ _ _ _ _ _ _ _ _ _ _ _ _ _ _ _ _ _ _ _ _ _ _\n\nname = 'filestack.models.filelink.requests'\n\n    def resolve_name(name):\n        \"\"\"\n        Resolve a name to an object.\n    \n        It is expected that `name` will be a string in one of the following\n        formats, where W is shorthand for a valid Python identifier and dot stands\n        for a literal period in these pseudo-regexes:\n    \n        W(.W)*\n        W(.W)*:(W(.W)*)?\n    \n        The first form is intended for backward compatibility only. It assumes that\n        some part of the dotted name is a package, and the rest is an object\n        somewhere within that package, possibly nested inside other objects.\n        Because the place where the package stops and the object hierarchy starts\n        can't be inferred by inspection, repeated attempts to import must be done\n        with this form.\n    \n        In the second form, the caller makes the division point clear through the\n        provision of a single colon: the dotted name to the left of the colon is a\n        package to be imported, and the dotted name to the right is the object\n        hierarchy within that package. Only one import is needed in this form. If\n        it ends with the colon, then a module object is returned.\n    \n        The function will return an object (which might be a module), or raise one\n        of the following exceptions:\n    \n        ValueError - if `name` isn't in a recognised format\n        ImportError - if an import failed when it shouldn't have\n        AttributeError - if a failure occurred when traversing the object hierarchy\n                         within the imported package to get to the desired object.\n        \"\"\"\n        global _NAME_PATTERN\n        if _NAME_PATTERN is None:\n            # Lazy import to speedup Python startup time\n            import re\n            dotted_words = r'(?!\\d)(\\w+)(\\.(?!\\d)(\\w+))*'\n            _NAME_PATTERN = re.compile(f'^(?P<pkg>{dotted_words})'\n                                       f'(?P<cln>:(?P<obj>{dotted_words})?)?$',\n                                       re.UNICODE)\n    \n        m = _NAME_PATTERN.match(name)\n        if not m:\n            raise ValueError(f'invalid format: {name!r}')\n        gd = m.groupdict()\n        if gd.get('cln'):\n            # there is a colon - a one-step import is all that's needed\n            mod = importlib.import_module(gd['pkg'])\n            parts = gd.get('obj')\n            parts = parts.split('.') if parts else []\n        else:\n            # no colon - have to iterate to find the package boundary\n            parts = name.split('.')\n            modname = parts.pop(0)\n            # first part *must* be a module/package.\n            mod = importlib.import_module(modname)\n            while parts:\n                p = parts[0]\n                s = f'{modname}.{p}'\n                try:\n                    mod = importlib.import_module(s)\n                    parts.pop(0)\n                    modname = s\n                except ImportError:\n                    break\n        # if we reach this point, mod is the module, already imported, and\n        # parts is the list of parts in the object hierarchy to be traversed, or\n        # an empty list if just the module is wanted.\n        result = mod\n        for p in parts:\n>           result = getattr(result, p)\nE           AttributeError: module 'filestack.models.filelink' has no attribute 'requests'\n\nC:\\Users\\Mohay\\AppData\\Local\\Programs\\Python\\Python312\\Lib\\pkgutil.py:528: AttributeError"
      },
      "teardown": {
        "outcome": "passed"
      }
    },
    {
      "nodeid": "tests/filestack_helpers_test.py::test_webhook_verification[57cbb25386c3d6ff758a7a75cf52ba02cf2b0a1a2d6d5dfb9c886553ca6011cb-True]",
      "lineno": 4,
      "outcome": "passed",
      "keywords": [
        "test_webhook_verification[57cbb25386c3d6ff758a7a75cf52ba02cf2b0a1a2d6d5dfb9c886553ca6011cb-True]",
        "parametrize",
        "pytestmark",
        "57cbb25386c3d6ff758a7a75cf52ba02cf2b0a1a2d6d5dfb9c886553ca6011cb-True",
        "filestack_helpers_test.py",
        "tests",
        "filestack@filestack-python__0e44e337__requests__pycurl",
        ""
      ],
      "setup": {
        "outcome": "passed"
      },
      "call": {
        "outcome": "passed"
      },
      "teardown": {
        "outcome": "passed"
      }
    },
    {
      "nodeid": "tests/filestack_helpers_test.py::test_webhook_verification[incorrect-signature-False]",
      "lineno": 4,
      "outcome": "passed",
      "keywords": [
        "test_webhook_verification[incorrect-signature-False]",
        "parametrize",
        "pytestmark",
        "incorrect-signature-False",
        "filestack_helpers_test.py",
        "tests",
        "filestack@filestack-python__0e44e337__requests__pycurl",
        ""
      ],
      "setup": {
        "outcome": "passed"
      },
      "call": {
        "outcome": "passed"
      },
      "teardown": {
        "outcome": "passed"
      }
    },
    {
      "nodeid": "tests/filestack_helpers_test.py::test_agrument_validation[hook-secret-body-should be a dict-value is not a dict]",
      "lineno": 22,
      "outcome": "passed",
      "keywords": [
        "test_agrument_validation[hook-secret-body-should be a dict-value is not a dict]",
        "parametrize",
        "pytestmark",
        "hook-secret-body-should be a dict-value is not a dict",
        "filestack_helpers_test.py",
        "tests",
        "filestack@filestack-python__0e44e337__requests__pycurl",
        ""
      ],
      "setup": {
        "outcome": "passed"
      },
      "call": {
        "outcome": "passed"
      },
      "teardown": {
        "outcome": "passed"
      }
    },
    {
      "nodeid": "tests/filestack_helpers_test.py::test_agrument_validation[1-body-headers1-value is not a string]",
      "lineno": 22,
      "outcome": "passed",
      "keywords": [
        "test_agrument_validation[1-body-headers1-value is not a string]",
        "parametrize",
        "pytestmark",
        "1-body-headers1-value is not a string",
        "filestack_helpers_test.py",
        "tests",
        "filestack@filestack-python__0e44e337__requests__pycurl",
        ""
      ],
      "setup": {
        "outcome": "passed"
      },
      "call": {
        "outcome": "passed"
      },
      "teardown": {
        "outcome": "passed"
      }
    },
    {
      "nodeid": "tests/filestack_helpers_test.py::test_agrument_validation[hook-secret--headers2-fs-signature header is missing]",
      "lineno": 22,
      "outcome": "passed",
      "keywords": [
        "test_agrument_validation[hook-secret--headers2-fs-signature header is missing]",
        "parametrize",
        "pytestmark",
        "hook-secret--headers2-fs-signature header is missing",
        "filestack_helpers_test.py",
        "tests",
        "filestack@filestack-python__0e44e337__requests__pycurl",
        ""
      ],
      "setup": {
        "outcome": "passed"
      },
      "call": {
        "outcome": "passed"
      },
      "teardown": {
        "outcome": "passed"
      }
    },
    {
      "nodeid": "tests/filestack_helpers_test.py::test_agrument_validation[hook-secret-body3-headers3-Invalid webhook body]",
      "lineno": 22,
      "outcome": "passed",
      "keywords": [
        "test_agrument_validation[hook-secret-body3-headers3-Invalid webhook body]",
        "parametrize",
        "pytestmark",
        "hook-secret-body3-headers3-Invalid webhook body",
        "filestack_helpers_test.py",
        "tests",
        "filestack@filestack-python__0e44e337__requests__pycurl",
        ""
      ],
      "setup": {
        "outcome": "passed"
      },
      "call": {
        "outcome": "passed"
      },
      "teardown": {
        "outcome": "passed"
      }
    },
    {
      "nodeid": "tests/intelligent_ingestion_test.py::test_upload_part_success",
      "lineno": 8,
      "outcome": "failed",
      "keywords": [
        "test_upload_part_success",
        "__wrapped__",
        "intelligent_ingestion_test.py",
        "tests",
        "filestack@filestack-python__0e44e337__requests__pycurl",
        ""
      ],
      "setup": {
        "outcome": "passed"
      },
      "call": {
        "outcome": "failed",
        "crash": {
          "path": "D:\\repos\\filestack@filestack-python__0e44e337__requests__pycurl\\filestack\\uploads\\intelligent_ingestion.py",
          "lineno": 38,
          "message": "Exception: Minimal chunk size failed"
        },
        "traceback": [
          {
            "path": "tests\\intelligent_ingestion_test.py",
            "lineno": 22,
            "message": ""
          },
          {
            "path": "filestack\\uploads\\intelligent_ingestion.py",
            "lineno": 111,
            "message": "in upload_part"
          },
          {
            "path": "filestack\\uploads\\intelligent_ingestion.py",
            "lineno": 38,
            "message": "Exception"
          }
        ],
        "stdout": "2025-04-22 10:19:54,203 - MainProcess[27248] - ERROR - Upload failed: (6, 'Could not resolve host: fs-upload.com')\n2025-04-22 10:19:54,211 - MainProcess[27248] - ERROR - Upload failed: (6, 'Could not resolve host: fs-upload.com')\n2025-04-22 10:19:54,217 - MainProcess[27248] - ERROR - Upload failed: (6, 'Could not resolve host: fs-upload.com')\n2025-04-22 10:19:54,220 - MainProcess[27248] - ERROR - Upload failed: (6, 'Could not resolve host: fs-upload.com')\n2025-04-22 10:19:54,223 - MainProcess[27248] - ERROR - Upload failed: (6, 'Could not resolve host: fs-upload.com')\n2025-04-22 10:19:54,225 - MainProcess[27248] - ERROR - Upload failed: (6, 'Could not resolve host: fs-upload.com')\n2025-04-22 10:19:54,227 - MainProcess[27248] - ERROR - Upload failed: (6, 'Could not resolve host: fs-upload.com')\n2025-04-22 10:19:54,228 - MainProcess[27248] - ERROR - Upload failed: (6, 'Could not resolve host: fs-upload.com')\n2025-04-22 10:19:54,229 - MainProcess[27248] - ERROR - Upload failed: (6, 'Could not resolve host: fs-upload.com')\n",
        "longrepr": "apikey = 'Aaaaapikey', filename = 'file.txt', filepath = 'tests/data/doom.mp4'\nfilesize = 1234, storage = 's3'\nstart_response = {'location_url': 'fs-upload.com', 'region': 'region', 'upload_id': 'abc', 'uri': 'fs-upload.com'}\npart = {'num': 1, 'seek_point': 0}\n\n    def upload_part(apikey, filename, filepath, filesize, storage, start_response, part):\n        with open(filepath, 'rb') as f:\n            f.seek(part['seek_point'])\n            part_bytes = io.BytesIO(f.read(DEFAULT_PART_SIZE))\n    \n        payload_base = {\n            'apikey': apikey,\n            'uri': start_response['uri'],\n            'region': start_response['region'],\n            'upload_id': start_response['upload_id'],\n            'store': {'location': storage},\n            'part': part['num']\n        }\n    \n        global CHUNK_SIZE\n        chunk_data = part_bytes.read(CHUNK_SIZE)\n        offset = 0\n    \n        while chunk_data:\n            payload = payload_base.copy()\n            payload.update({\n                'size': len(chunk_data),\n                'md5': b64encode(hashlib.md5(chunk_data).digest()).strip().decode('utf-8'),\n                'offset': offset,\n                'fii': True\n            })\n    \n            try:\n                url = 'https://{}/multipart/upload'.format(start_response['location_url'])\n>               api_resp = json.loads(pycurl_post(url, payload))\n\nfilestack\\uploads\\intelligent_ingestion.py:101: \n_ _ _ _ _ _ _ _ _ _ _ _ _ _ _ _ _ _ _ _ _ _ _ _ _ _ _ _ _ _ _ _ _ _ _ _ _ _ _ _\n\nurl = 'https://fs-upload.com/multipart/upload'\npayload = {'apikey': 'Aaaaapikey', 'fii': True, 'md5': '8i4CGcP74LRmYhNG2mSw0A==', 'offset': 0, ...}\nheaders = None\n\n    def pycurl_post(url, payload, headers=None):\n        \"\"\"Helper function to perform a POST request using pycurl.\"\"\"\n        buffer = io.BytesIO()\n        c = pycurl.Curl()\n        c.setopt(c.URL, url)\n        c.setopt(c.POST, 1)\n        c.setopt(c.POSTFIELDS, json.dumps(payload))\n        c.setopt(c.WRITEDATA, buffer)\n        if headers:\n            c.setopt(c.HTTPHEADER, headers)\n>       c.perform()\nE       pycurl.error: (6, 'Could not resolve host: fs-upload.com')\n\nfilestack\\uploads\\intelligent_ingestion.py:51: error\n\nDuring handling of the above exception, another exception occurred:\n\n    @responses.activate\n    def test_upload_part_success():\n        responses.add(\n            responses.POST, 'https://fs-upload.com/multipart/upload',\n            json={'url': 'http://s3.url', 'headers': {'filestack': 'headers'}}\n        )\n        responses.add(responses.PUT, 'http://s3.url')\n        responses.add(responses.POST, 'https://fs-upload.com/multipart/commit')\n    \n        part = {'seek_point': 0, 'num': 1}\n        start_response = {\n            'uri': 'fs-upload.com', 'location_url': 'fs-upload.com', 'region': 'region', 'upload_id': 'abc'\n        }\n>       upload_part('Aaaaapikey', 'file.txt', 'tests/data/doom.mp4', 1234, 's3', start_response, part)\n\ntests\\intelligent_ingestion_test.py:22: \n_ _ _ _ _ _ _ _ _ _ _ _ _ _ _ _ _ _ _ _ _ _ _ _ _ _ _ _ _ _ _ _ _ _ _ _ _ _ _ _\nfilestack\\uploads\\intelligent_ingestion.py:111: in upload_part\n    decrease_chunk_size()\n_ _ _ _ _ _ _ _ _ _ _ _ _ _ _ _ _ _ _ _ _ _ _ _ _ _ _ _ _ _ _ _ _ _ _ _ _ _ _ _\n\n    def decrease_chunk_size():\n        global CHUNK_SIZE\n        CHUNK_SIZE //= 2\n        if CHUNK_SIZE < MIN_CHUNK_SIZE:\n>           raise Exception('Minimal chunk size failed')\nE           Exception: Minimal chunk size failed\n\nfilestack\\uploads\\intelligent_ingestion.py:38: Exception"
      },
      "teardown": {
        "outcome": "passed"
      }
    },
    {
      "nodeid": "tests/intelligent_ingestion_test.py::test_upload_part_with_resize",
      "lineno": 37,
      "outcome": "failed",
      "keywords": [
        "test_upload_part_with_resize",
        "__wrapped__",
        "intelligent_ingestion_test.py",
        "tests",
        "filestack@filestack-python__0e44e337__requests__pycurl",
        ""
      ],
      "setup": {
        "outcome": "passed"
      },
      "call": {
        "outcome": "failed",
        "crash": {
          "path": "D:\\repos\\filestack@filestack-python__0e44e337__requests__pycurl\\filestack\\uploads\\intelligent_ingestion.py",
          "lineno": 38,
          "message": "Exception: Minimal chunk size failed"
        },
        "traceback": [
          {
            "path": "tests\\intelligent_ingestion_test.py",
            "lineno": 52,
            "message": ""
          },
          {
            "path": "filestack\\uploads\\intelligent_ingestion.py",
            "lineno": 111,
            "message": "in upload_part"
          },
          {
            "path": "filestack\\uploads\\intelligent_ingestion.py",
            "lineno": 38,
            "message": "Exception"
          }
        ],
        "stdout": "2025-04-22 10:19:54,271 - MainProcess[27248] - ERROR - Upload failed: (6, 'Could not resolve host: fs-upload.com')\n",
        "longrepr": "apikey = 'Aaaaapikey', filename = 'file.txt', filepath = 'tests/data/doom.mp4'\nfilesize = 5415034, storage = 's3'\nstart_response = {'location_url': 'fs-upload.com', 'region': 'region', 'upload_id': 'abc', 'uri': 'fs-upload.com'}\npart = {'num': 1, 'seek_point': 0}\n\n    def upload_part(apikey, filename, filepath, filesize, storage, start_response, part):\n        with open(filepath, 'rb') as f:\n            f.seek(part['seek_point'])\n            part_bytes = io.BytesIO(f.read(DEFAULT_PART_SIZE))\n    \n        payload_base = {\n            'apikey': apikey,\n            'uri': start_response['uri'],\n            'region': start_response['region'],\n            'upload_id': start_response['upload_id'],\n            'store': {'location': storage},\n            'part': part['num']\n        }\n    \n        global CHUNK_SIZE\n        chunk_data = part_bytes.read(CHUNK_SIZE)\n        offset = 0\n    \n        while chunk_data:\n            payload = payload_base.copy()\n            payload.update({\n                'size': len(chunk_data),\n                'md5': b64encode(hashlib.md5(chunk_data).digest()).strip().decode('utf-8'),\n                'offset': offset,\n                'fii': True\n            })\n    \n            try:\n                url = 'https://{}/multipart/upload'.format(start_response['location_url'])\n>               api_resp = json.loads(pycurl_post(url, payload))\n\nfilestack\\uploads\\intelligent_ingestion.py:101: \n_ _ _ _ _ _ _ _ _ _ _ _ _ _ _ _ _ _ _ _ _ _ _ _ _ _ _ _ _ _ _ _ _ _ _ _ _ _ _ _\n\nurl = 'https://fs-upload.com/multipart/upload'\npayload = {'apikey': 'Aaaaapikey', 'fii': True, 'md5': 'QbeEGJDXZXimo/tbjuYXUg==', 'offset': 0, ...}\nheaders = None\n\n    def pycurl_post(url, payload, headers=None):\n        \"\"\"Helper function to perform a POST request using pycurl.\"\"\"\n        buffer = io.BytesIO()\n        c = pycurl.Curl()\n        c.setopt(c.URL, url)\n        c.setopt(c.POST, 1)\n        c.setopt(c.POSTFIELDS, json.dumps(payload))\n        c.setopt(c.WRITEDATA, buffer)\n        if headers:\n            c.setopt(c.HTTPHEADER, headers)\n>       c.perform()\nE       pycurl.error: (6, 'Could not resolve host: fs-upload.com')\n\nfilestack\\uploads\\intelligent_ingestion.py:51: error\n\nDuring handling of the above exception, another exception occurred:\n\n    @responses.activate\n    def test_upload_part_with_resize():\n        responses.add(\n            responses.POST, 'https://fs-upload.com/multipart/upload',\n            json={'url': 'https://s3.url', 'headers': {'filestack': 'headers'}}\n        )\n        responses.add(responses.PUT, 'https://s3.url', status=400)\n        responses.add(responses.PUT, 'https://s3.url')  # chunks 1 & 2 of part 1\n        responses.add(responses.POST, 'https://fs-upload.com/multipart/commit')\n    \n        start_response = {\n            'uri': 'fs-upload.com', 'location_url': 'fs-upload.com', 'region': 'region', 'upload_id': 'abc'\n        }\n        part = {'seek_point': 0, 'num': 1}\n>       upload_part('Aaaaapikey', 'file.txt', 'tests/data/doom.mp4', 5415034, 's3', start_response, part)\n\ntests\\intelligent_ingestion_test.py:52: \n_ _ _ _ _ _ _ _ _ _ _ _ _ _ _ _ _ _ _ _ _ _ _ _ _ _ _ _ _ _ _ _ _ _ _ _ _ _ _ _\nfilestack\\uploads\\intelligent_ingestion.py:111: in upload_part\n    decrease_chunk_size()\n_ _ _ _ _ _ _ _ _ _ _ _ _ _ _ _ _ _ _ _ _ _ _ _ _ _ _ _ _ _ _ _ _ _ _ _ _ _ _ _\n\n    def decrease_chunk_size():\n        global CHUNK_SIZE\n        CHUNK_SIZE //= 2\n        if CHUNK_SIZE < MIN_CHUNK_SIZE:\n>           raise Exception('Minimal chunk size failed')\nE           Exception: Minimal chunk size failed\n\nfilestack\\uploads\\intelligent_ingestion.py:38: Exception"
      },
      "teardown": {
        "outcome": "passed"
      }
    },
    {
      "nodeid": "tests/intelligent_ingestion_test.py::test_min_chunk_size_exception",
      "lineno": 60,
      "outcome": "failed",
      "keywords": [
        "test_min_chunk_size_exception",
        "__wrapped__",
        "intelligent_ingestion_test.py",
        "tests",
        "filestack@filestack-python__0e44e337__requests__pycurl",
        ""
      ],
      "setup": {
        "outcome": "passed"
      },
      "call": {
        "outcome": "failed",
        "crash": {
          "path": "D:\\repos\\filestack@filestack-python__0e44e337__requests__pycurl\\tests\\intelligent_ingestion_test.py",
          "lineno": 78,
          "message": "IndexError: list index out of range"
        },
        "traceback": [
          {
            "path": "tests\\intelligent_ingestion_test.py",
            "lineno": 78,
            "message": "IndexError"
          }
        ],
        "stdout": "2025-04-22 10:19:54,313 - MainProcess[27248] - ERROR - Upload failed: (6, 'Could not resolve host: fs-upload.com')\n",
        "longrepr": "@responses.activate\n    def test_min_chunk_size_exception():\n        responses.reset()\n        responses.add(\n            responses.POST, 'https://fs-upload.com/multipart/upload',\n            json={'url': 'https://upload.url', 'headers': {'filestack': 'headers'}}\n        )\n        responses.add(responses.PUT, 'https://upload.url', status=400)\n    \n        part = {'seek_point': 0, 'num': 1}\n        start_response = {\n            'uri': 'fs-upload.com', 'location_url': 'fs-upload.com', 'region': 'region', 'upload_id': 'abc'\n        }\n        with pytest.raises(Exception, match='Minimal chunk size failed'):\n            upload_part('Aaaaapikey', 'file.txt', 'tests/data/doom.mp4', 5415034, 's3', start_response, part)\n    \n        chunk_sizes = [len(call.request.body) for call in responses.calls if call.request.method == 'PUT']\n>       assert chunk_sizes[-1] == 32768  # check size of last attempt\nE       IndexError: list index out of range\n\ntests\\intelligent_ingestion_test.py:78: IndexError"
      },
      "teardown": {
        "outcome": "passed"
      }
    },
    {
      "nodeid": "tests/multipart_test.py::test_upload_filepath",
      "lineno": 86,
      "outcome": "failed",
      "keywords": [
        "test_upload_filepath",
        "multipart_test.py",
        "tests",
        "filestack@filestack-python__0e44e337__requests__pycurl",
        ""
      ],
      "setup": {
        "outcome": "passed"
      },
      "call": {
        "outcome": "failed",
        "crash": {
          "path": "D:\\repos\\filestack@filestack-python__0e44e337__requests__pycurl\\filestack\\uploads\\multipart.py",
          "lineno": 77,
          "message": "NameError: name 'json' is not defined. Did you forget to import 'json'"
        },
        "traceback": [
          {
            "path": "tests\\multipart_test.py",
            "lineno": 89,
            "message": ""
          },
          {
            "path": "filestack\\models\\client.py",
            "lineno": 166,
            "message": "in upload"
          },
          {
            "path": "filestack\\uploads\\multipart.py",
            "lineno": 146,
            "message": "in multipart_upload"
          },
          {
            "path": "filestack\\uploads\\multipart.py",
            "lineno": 77,
            "message": "NameError"
          }
        ],
        "longrepr": "mock_server = None\n\n    def test_upload_filepath(mock_server):\n        client = Client(APIKEY)\n>       filelink = client.upload(filepath='tests/data/doom.mp4')\n\ntests\\multipart_test.py:89: \n_ _ _ _ _ _ _ _ _ _ _ _ _ _ _ _ _ _ _ _ _ _ _ _ _ _ _ _ _ _ _ _ _ _ _ _ _ _ _ _\nfilestack\\models\\client.py:166: in upload\n    response_json = upload_method(\nfilestack\\uploads\\multipart.py:146: in multipart_upload\n    start_response = multipart_request(config.MULTIPART_START_URL, payload, params, security)\n_ _ _ _ _ _ _ _ _ _ _ _ _ _ _ _ _ _ _ _ _ _ _ _ _ _ _ _ _ _ _ _ _ _ _ _ _ _ _ _\n\nurl = 'https://upload.filestackapi.com/multipart/start'\npayload = {'apikey': 'APIKEY', 'filename': 'doom.mp4', 'mimetype': 'video/mp4', 'size': 5415034, ...}\nparams = {}, security = None\n\n    def multipart_request(url, payload, params=None, security=None):\n        for key in ('path', 'location', 'region', 'container', 'access'):\n            if key in params:\n                payload['store'][key] = params[key]\n    \n        if security:\n            payload.update({\n                'policy': security.policy_b64,\n                'signature': security.signature\n            })\n    \n>       response = pycurl_post(url, json.dumps(payload))\nE       NameError: name 'json' is not defined. Did you forget to import 'json'\n\nfilestack\\uploads\\multipart.py:77: NameError"
      },
      "teardown": {
        "outcome": "passed"
      }
    },
    {
      "nodeid": "tests/multipart_test.py::test_upload_file_obj",
      "lineno": 93,
      "outcome": "failed",
      "keywords": [
        "test_upload_file_obj",
        "multipart_test.py",
        "tests",
        "filestack@filestack-python__0e44e337__requests__pycurl",
        ""
      ],
      "setup": {
        "outcome": "passed"
      },
      "call": {
        "outcome": "failed",
        "crash": {
          "path": "D:\\repos\\filestack@filestack-python__0e44e337__requests__pycurl\\filestack\\uploads\\multipart.py",
          "lineno": 77,
          "message": "NameError: name 'json' is not defined. Did you forget to import 'json'"
        },
        "traceback": [
          {
            "path": "tests\\multipart_test.py",
            "lineno": 96,
            "message": ""
          },
          {
            "path": "filestack\\models\\client.py",
            "lineno": 166,
            "message": "in upload"
          },
          {
            "path": "filestack\\uploads\\multipart.py",
            "lineno": 146,
            "message": "in multipart_upload"
          },
          {
            "path": "filestack\\uploads\\multipart.py",
            "lineno": 77,
            "message": "NameError"
          }
        ],
        "longrepr": "mock_server = None\n\n    def test_upload_file_obj(mock_server):\n        file_content = b'file bytes'\n>       filelink = Client(APIKEY).upload(file_obj=io.BytesIO(file_content))\n\ntests\\multipart_test.py:96: \n_ _ _ _ _ _ _ _ _ _ _ _ _ _ _ _ _ _ _ _ _ _ _ _ _ _ _ _ _ _ _ _ _ _ _ _ _ _ _ _\nfilestack\\models\\client.py:166: in upload\n    response_json = upload_method(\nfilestack\\uploads\\multipart.py:146: in multipart_upload\n    start_response = multipart_request(config.MULTIPART_START_URL, payload, params, security)\n_ _ _ _ _ _ _ _ _ _ _ _ _ _ _ _ _ _ _ _ _ _ _ _ _ _ _ _ _ _ _ _ _ _ _ _ _ _ _ _\n\nurl = 'https://upload.filestackapi.com/multipart/start'\npayload = {'apikey': 'APIKEY', 'filename': 'unnamed_file', 'mimetype': 'application/octet-stream', 'size': 10, ...}\nparams = {}, security = None\n\n    def multipart_request(url, payload, params=None, security=None):\n        for key in ('path', 'location', 'region', 'container', 'access'):\n            if key in params:\n                payload['store'][key] = params[key]\n    \n        if security:\n            payload.update({\n                'policy': security.policy_b64,\n                'signature': security.signature\n            })\n    \n>       response = pycurl_post(url, json.dumps(payload))\nE       NameError: name 'json' is not defined. Did you forget to import 'json'\n\nfilestack\\uploads\\multipart.py:77: NameError"
      },
      "teardown": {
        "outcome": "passed"
      }
    },
    {
      "nodeid": "tests/multipart_test.py::test_upload_with_workflows",
      "lineno": 99,
      "outcome": "failed",
      "keywords": [
        "test_upload_with_workflows",
        "multipart_test.py",
        "tests",
        "filestack@filestack-python__0e44e337__requests__pycurl",
        ""
      ],
      "setup": {
        "outcome": "passed"
      },
      "call": {
        "outcome": "failed",
        "crash": {
          "path": "D:\\repos\\filestack@filestack-python__0e44e337__requests__pycurl\\filestack\\uploads\\multipart.py",
          "lineno": 77,
          "message": "NameError: name 'json' is not defined. Did you forget to import 'json'"
        },
        "traceback": [
          {
            "path": "tests\\multipart_test.py",
            "lineno": 104,
            "message": ""
          },
          {
            "path": "filestack\\models\\client.py",
            "lineno": 166,
            "message": "in upload"
          },
          {
            "path": "filestack\\uploads\\multipart.py",
            "lineno": 146,
            "message": "in multipart_upload"
          },
          {
            "path": "filestack\\uploads\\multipart.py",
            "lineno": 77,
            "message": "NameError"
          }
        ],
        "longrepr": "mock_server = None\n\n    def test_upload_with_workflows(mock_server):\n        workflow_ids = ['workflow-id-1', 'workflow-id-2']\n        store_params = {'workflows': workflow_ids}\n        client = Client(APIKEY)\n>       filelink = client.upload(filepath='tests/data/bird.jpg', store_params=store_params)\n\ntests\\multipart_test.py:104: \n_ _ _ _ _ _ _ _ _ _ _ _ _ _ _ _ _ _ _ _ _ _ _ _ _ _ _ _ _ _ _ _ _ _ _ _ _ _ _ _\nfilestack\\models\\client.py:166: in upload\n    response_json = upload_method(\nfilestack\\uploads\\multipart.py:146: in multipart_upload\n    start_response = multipart_request(config.MULTIPART_START_URL, payload, params, security)\n_ _ _ _ _ _ _ _ _ _ _ _ _ _ _ _ _ _ _ _ _ _ _ _ _ _ _ _ _ _ _ _ _ _ _ _ _ _ _ _\n\nurl = 'https://upload.filestackapi.com/multipart/start'\npayload = {'apikey': 'APIKEY', 'filename': 'bird.jpg', 'mimetype': 'image/jpeg', 'size': 19793, ...}\nparams = {'workflows': ['workflow-id-1', 'workflow-id-2']}, security = None\n\n    def multipart_request(url, payload, params=None, security=None):\n        for key in ('path', 'location', 'region', 'container', 'access'):\n            if key in params:\n                payload['store'][key] = params[key]\n    \n        if security:\n            payload.update({\n                'policy': security.policy_b64,\n                'signature': security.signature\n            })\n    \n>       response = pycurl_post(url, json.dumps(payload))\nE       NameError: name 'json' is not defined. Did you forget to import 'json'\n\nfilestack\\uploads\\multipart.py:77: NameError"
      },
      "teardown": {
        "outcome": "passed"
      }
    },
    {
      "nodeid": "tests/multipart_test.py::test_upload_chunk",
      "lineno": 107,
      "outcome": "failed",
      "keywords": [
        "test_upload_chunk",
        "multipart_test.py",
        "tests",
        "filestack@filestack-python__0e44e337__requests__pycurl",
        ""
      ],
      "setup": {
        "outcome": "passed"
      },
      "call": {
        "outcome": "failed",
        "crash": {
          "path": "D:\\repos\\filestack@filestack-python__0e44e337__requests__pycurl\\filestack\\uploads\\multipart.py",
          "lineno": 110,
          "message": "NameError: name 'json' is not defined. Did you forget to import 'json'"
        },
        "traceback": [
          {
            "path": "tests\\multipart_test.py",
            "lineno": 112,
            "message": ""
          },
          {
            "path": "filestack\\uploads\\multipart.py",
            "lineno": 110,
            "message": "NameError"
          }
        ],
        "longrepr": "mock_server = None\n\n    def test_upload_chunk(mock_server):\n        chunk = Chunk(num=123, seek_point=0, filepath='tests/data/doom.mp4')\n        start_response = defaultdict(str)\n        start_response['location_url'] = 'fsuploads.com'\n>       upload_result = upload_chunk('apikey', 'filename', 's3', start_response, chunk)\n\ntests\\multipart_test.py:112: \n_ _ _ _ _ _ _ _ _ _ _ _ _ _ _ _ _ _ _ _ _ _ _ _ _ _ _ _ _ _ _ _ _ _ _ _ _ _ _ _\n\napikey = 'apikey', filename = 'filename', storage = 's3'\nstart_response = defaultdict(<class 'str'>, {'location_url': 'fsuploads.com', 'uri': '', 'region': '', 'upload_id': ''})\nchunk = <Chunk part: 123, seek: 0>\n\n    def upload_chunk(apikey, filename, storage, start_response, chunk):\n        payload = {\n            'apikey': apikey,\n            'part': chunk.num,\n            'size': len(chunk.bytes),\n            'md5': b64encode(hashlib.md5(chunk.bytes).digest()).strip().decode('utf-8'),\n            'uri': start_response['uri'],\n            'region': start_response['region'],\n            'upload_id': start_response['upload_id'],\n            'store': {\n                'location': storage,\n            }\n        }\n    \n>       fs_resp = json.loads(pycurl_post(\n            'https://{}/multipart/upload'.format(start_response['location_url']),\n            json.dumps(payload)\n        ))\nE       NameError: name 'json' is not defined. Did you forget to import 'json'\n\nfilestack\\uploads\\multipart.py:110: NameError"
      },
      "teardown": {
        "outcome": "passed"
      }
    },
    {
      "nodeid": "tests/security_test.py::test_security",
      "lineno": 3,
      "outcome": "passed",
      "keywords": [
        "test_security",
        "security_test.py",
        "tests",
        "filestack@filestack-python__0e44e337__requests__pycurl",
        ""
      ],
      "setup": {
        "outcome": "passed"
      },
      "call": {
        "outcome": "passed"
      },
      "teardown": {
        "outcome": "passed"
      }
    },
    {
      "nodeid": "tests/security_test.py::test_security_as_url_string",
      "lineno": 11,
      "outcome": "passed",
      "keywords": [
        "test_security_as_url_string",
        "security_test.py",
        "tests",
        "filestack@filestack-python__0e44e337__requests__pycurl",
        ""
      ],
      "setup": {
        "outcome": "passed"
      },
      "call": {
        "outcome": "passed"
      },
      "teardown": {
        "outcome": "passed"
      }
    },
    {
      "nodeid": "tests/tasks_test.py::test_createpdf",
      "lineno": 18,
      "outcome": "passed",
      "keywords": [
        "test_createpdf",
        "tasks_test.py",
        "tests",
        "filestack@filestack-python__0e44e337__requests__pycurl",
        ""
      ],
      "setup": {
        "outcome": "passed"
      },
      "call": {
        "outcome": "passed"
      },
      "teardown": {
        "outcome": "passed"
      }
    },
    {
      "nodeid": "tests/tasks_test.py::test_animate",
      "lineno": 23,
      "outcome": "passed",
      "keywords": [
        "test_animate",
        "tasks_test.py",
        "tests",
        "filestack@filestack-python__0e44e337__requests__pycurl",
        ""
      ],
      "setup": {
        "outcome": "passed"
      },
      "call": {
        "outcome": "passed"
      },
      "teardown": {
        "outcome": "passed"
      }
    },
    {
      "nodeid": "tests/tasks_test.py::test_doc_to_images",
      "lineno": 28,
      "outcome": "passed",
      "keywords": [
        "test_doc_to_images",
        "tasks_test.py",
        "tests",
        "filestack@filestack-python__0e44e337__requests__pycurl",
        ""
      ],
      "setup": {
        "outcome": "passed"
      },
      "call": {
        "outcome": "passed"
      },
      "teardown": {
        "outcome": "passed"
      }
    },
    {
      "nodeid": "tests/tasks_test.py::test_smart_crop",
      "lineno": 33,
      "outcome": "passed",
      "keywords": [
        "test_smart_crop",
        "tasks_test.py",
        "tests",
        "filestack@filestack-python__0e44e337__requests__pycurl",
        ""
      ],
      "setup": {
        "outcome": "passed"
      },
      "call": {
        "outcome": "passed"
      },
      "teardown": {
        "outcome": "passed"
      }
    },
    {
      "nodeid": "tests/tasks_test.py::test_pdf_convert",
      "lineno": 38,
      "outcome": "passed",
      "keywords": [
        "test_pdf_convert",
        "tasks_test.py",
        "tests",
        "filestack@filestack-python__0e44e337__requests__pycurl",
        ""
      ],
      "setup": {
        "outcome": "passed"
      },
      "call": {
        "outcome": "passed"
      },
      "teardown": {
        "outcome": "passed"
      }
    },
    {
      "nodeid": "tests/tasks_test.py::test_fallback",
      "lineno": 43,
      "outcome": "passed",
      "keywords": [
        "test_fallback",
        "tasks_test.py",
        "tests",
        "filestack@filestack-python__0e44e337__requests__pycurl",
        ""
      ],
      "setup": {
        "outcome": "passed"
      },
      "call": {
        "outcome": "passed"
      },
      "teardown": {
        "outcome": "passed"
      }
    },
    {
      "nodeid": "tests/transformation_test.py::test_sanity",
      "lineno": 18,
      "outcome": "passed",
      "keywords": [
        "test_sanity",
        "transformation_test.py",
        "tests",
        "filestack@filestack-python__0e44e337__requests__pycurl",
        ""
      ],
      "setup": {
        "outcome": "passed"
      },
      "call": {
        "outcome": "passed"
      },
      "teardown": {
        "outcome": "passed"
      }
    },
    {
      "nodeid": "tests/transformation_test.py::test_resize",
      "lineno": 23,
      "outcome": "passed",
      "keywords": [
        "test_resize",
        "transformation_test.py",
        "tests",
        "filestack@filestack-python__0e44e337__requests__pycurl",
        ""
      ],
      "setup": {
        "outcome": "passed"
      },
      "call": {
        "outcome": "passed"
      },
      "teardown": {
        "outcome": "passed"
      }
    },
    {
      "nodeid": "tests/transformation_test.py::test_crop",
      "lineno": 29,
      "outcome": "passed",
      "keywords": [
        "test_crop",
        "transformation_test.py",
        "tests",
        "filestack@filestack-python__0e44e337__requests__pycurl",
        ""
      ],
      "setup": {
        "outcome": "passed"
      },
      "call": {
        "outcome": "passed"
      },
      "teardown": {
        "outcome": "passed"
      }
    },
    {
      "nodeid": "tests/transformation_test.py::test_rotate",
      "lineno": 35,
      "outcome": "passed",
      "keywords": [
        "test_rotate",
        "transformation_test.py",
        "tests",
        "filestack@filestack-python__0e44e337__requests__pycurl",
        ""
      ],
      "setup": {
        "outcome": "passed"
      },
      "call": {
        "outcome": "passed"
      },
      "teardown": {
        "outcome": "passed"
      }
    },
    {
      "nodeid": "tests/transformation_test.py::test_flip",
      "lineno": 41,
      "outcome": "passed",
      "keywords": [
        "test_flip",
        "transformation_test.py",
        "tests",
        "filestack@filestack-python__0e44e337__requests__pycurl",
        ""
      ],
      "setup": {
        "outcome": "passed"
      },
      "call": {
        "outcome": "passed"
      },
      "teardown": {
        "outcome": "passed"
      }
    },
    {
      "nodeid": "tests/transformation_test.py::test_flop",
      "lineno": 47,
      "outcome": "passed",
      "keywords": [
        "test_flop",
        "transformation_test.py",
        "tests",
        "filestack@filestack-python__0e44e337__requests__pycurl",
        ""
      ],
      "setup": {
        "outcome": "passed"
      },
      "call": {
        "outcome": "passed"
      },
      "teardown": {
        "outcome": "passed"
      }
    },
    {
      "nodeid": "tests/transformation_test.py::test_watermark",
      "lineno": 53,
      "outcome": "passed",
      "keywords": [
        "test_watermark",
        "transformation_test.py",
        "tests",
        "filestack@filestack-python__0e44e337__requests__pycurl",
        ""
      ],
      "setup": {
        "outcome": "passed"
      },
      "call": {
        "outcome": "passed"
      },
      "teardown": {
        "outcome": "passed"
      }
    },
    {
      "nodeid": "tests/transformation_test.py::test_detect_faces",
      "lineno": 59,
      "outcome": "passed",
      "keywords": [
        "test_detect_faces",
        "transformation_test.py",
        "tests",
        "filestack@filestack-python__0e44e337__requests__pycurl",
        ""
      ],
      "setup": {
        "outcome": "passed"
      },
      "call": {
        "outcome": "passed"
      },
      "teardown": {
        "outcome": "passed"
      }
    },
    {
      "nodeid": "tests/transformation_test.py::test_crop_faces",
      "lineno": 65,
      "outcome": "passed",
      "keywords": [
        "test_crop_faces",
        "transformation_test.py",
        "tests",
        "filestack@filestack-python__0e44e337__requests__pycurl",
        ""
      ],
      "setup": {
        "outcome": "passed"
      },
      "call": {
        "outcome": "passed"
      },
      "teardown": {
        "outcome": "passed"
      }
    },
    {
      "nodeid": "tests/transformation_test.py::test_pixelate_faces",
      "lineno": 72,
      "outcome": "passed",
      "keywords": [
        "test_pixelate_faces",
        "transformation_test.py",
        "tests",
        "filestack@filestack-python__0e44e337__requests__pycurl",
        ""
      ],
      "setup": {
        "outcome": "passed"
      },
      "call": {
        "outcome": "passed"
      },
      "teardown": {
        "outcome": "passed"
      }
    },
    {
      "nodeid": "tests/transformation_test.py::test_round_corners",
      "lineno": 78,
      "outcome": "passed",
      "keywords": [
        "test_round_corners",
        "transformation_test.py",
        "tests",
        "filestack@filestack-python__0e44e337__requests__pycurl",
        ""
      ],
      "setup": {
        "outcome": "passed"
      },
      "call": {
        "outcome": "passed"
      },
      "teardown": {
        "outcome": "passed"
      }
    },
    {
      "nodeid": "tests/transformation_test.py::test_vignette",
      "lineno": 84,
      "outcome": "passed",
      "keywords": [
        "test_vignette",
        "transformation_test.py",
        "tests",
        "filestack@filestack-python__0e44e337__requests__pycurl",
        ""
      ],
      "setup": {
        "outcome": "passed"
      },
      "call": {
        "outcome": "passed"
      },
      "teardown": {
        "outcome": "passed"
      }
    },
    {
      "nodeid": "tests/transformation_test.py::test_polaroid",
      "lineno": 90,
      "outcome": "passed",
      "keywords": [
        "test_polaroid",
        "transformation_test.py",
        "tests",
        "filestack@filestack-python__0e44e337__requests__pycurl",
        ""
      ],
      "setup": {
        "outcome": "passed"
      },
      "call": {
        "outcome": "passed"
      },
      "teardown": {
        "outcome": "passed"
      }
    },
    {
      "nodeid": "tests/transformation_test.py::test_torn_edges",
      "lineno": 96,
      "outcome": "passed",
      "keywords": [
        "test_torn_edges",
        "transformation_test.py",
        "tests",
        "filestack@filestack-python__0e44e337__requests__pycurl",
        ""
      ],
      "setup": {
        "outcome": "passed"
      },
      "call": {
        "outcome": "passed"
      },
      "teardown": {
        "outcome": "passed"
      }
    },
    {
      "nodeid": "tests/transformation_test.py::test_shadow",
      "lineno": 102,
      "outcome": "passed",
      "keywords": [
        "test_shadow",
        "transformation_test.py",
        "tests",
        "filestack@filestack-python__0e44e337__requests__pycurl",
        ""
      ],
      "setup": {
        "outcome": "passed"
      },
      "call": {
        "outcome": "passed"
      },
      "teardown": {
        "outcome": "passed"
      }
    },
    {
      "nodeid": "tests/transformation_test.py::test_circle",
      "lineno": 108,
      "outcome": "passed",
      "keywords": [
        "test_circle",
        "transformation_test.py",
        "tests",
        "filestack@filestack-python__0e44e337__requests__pycurl",
        ""
      ],
      "setup": {
        "outcome": "passed"
      },
      "call": {
        "outcome": "passed"
      },
      "teardown": {
        "outcome": "passed"
      }
    },
    {
      "nodeid": "tests/transformation_test.py::test_border",
      "lineno": 114,
      "outcome": "passed",
      "keywords": [
        "test_border",
        "transformation_test.py",
        "tests",
        "filestack@filestack-python__0e44e337__requests__pycurl",
        ""
      ],
      "setup": {
        "outcome": "passed"
      },
      "call": {
        "outcome": "passed"
      },
      "teardown": {
        "outcome": "passed"
      }
    },
    {
      "nodeid": "tests/transformation_test.py::test_sharpen",
      "lineno": 120,
      "outcome": "passed",
      "keywords": [
        "test_sharpen",
        "transformation_test.py",
        "tests",
        "filestack@filestack-python__0e44e337__requests__pycurl",
        ""
      ],
      "setup": {
        "outcome": "passed"
      },
      "call": {
        "outcome": "passed"
      },
      "teardown": {
        "outcome": "passed"
      }
    },
    {
      "nodeid": "tests/transformation_test.py::test_blur",
      "lineno": 126,
      "outcome": "passed",
      "keywords": [
        "test_blur",
        "transformation_test.py",
        "tests",
        "filestack@filestack-python__0e44e337__requests__pycurl",
        ""
      ],
      "setup": {
        "outcome": "passed"
      },
      "call": {
        "outcome": "passed"
      },
      "teardown": {
        "outcome": "passed"
      }
    },
    {
      "nodeid": "tests/transformation_test.py::test_monochrome",
      "lineno": 132,
      "outcome": "passed",
      "keywords": [
        "test_monochrome",
        "transformation_test.py",
        "tests",
        "filestack@filestack-python__0e44e337__requests__pycurl",
        ""
      ],
      "setup": {
        "outcome": "passed"
      },
      "call": {
        "outcome": "passed"
      },
      "teardown": {
        "outcome": "passed"
      }
    },
    {
      "nodeid": "tests/transformation_test.py::test_blackwhite",
      "lineno": 138,
      "outcome": "passed",
      "keywords": [
        "test_blackwhite",
        "transformation_test.py",
        "tests",
        "filestack@filestack-python__0e44e337__requests__pycurl",
        ""
      ],
      "setup": {
        "outcome": "passed"
      },
      "call": {
        "outcome": "passed"
      },
      "teardown": {
        "outcome": "passed"
      }
    },
    {
      "nodeid": "tests/transformation_test.py::test_sepia",
      "lineno": 144,
      "outcome": "passed",
      "keywords": [
        "test_sepia",
        "transformation_test.py",
        "tests",
        "filestack@filestack-python__0e44e337__requests__pycurl",
        ""
      ],
      "setup": {
        "outcome": "passed"
      },
      "call": {
        "outcome": "passed"
      },
      "teardown": {
        "outcome": "passed"
      }
    },
    {
      "nodeid": "tests/transformation_test.py::test_pixelate",
      "lineno": 150,
      "outcome": "passed",
      "keywords": [
        "test_pixelate",
        "transformation_test.py",
        "tests",
        "filestack@filestack-python__0e44e337__requests__pycurl",
        ""
      ],
      "setup": {
        "outcome": "passed"
      },
      "call": {
        "outcome": "passed"
      },
      "teardown": {
        "outcome": "passed"
      }
    },
    {
      "nodeid": "tests/transformation_test.py::test_oil_paint",
      "lineno": 156,
      "outcome": "passed",
      "keywords": [
        "test_oil_paint",
        "transformation_test.py",
        "tests",
        "filestack@filestack-python__0e44e337__requests__pycurl",
        ""
      ],
      "setup": {
        "outcome": "passed"
      },
      "call": {
        "outcome": "passed"
      },
      "teardown": {
        "outcome": "passed"
      }
    },
    {
      "nodeid": "tests/transformation_test.py::test_negative",
      "lineno": 162,
      "outcome": "passed",
      "keywords": [
        "test_negative",
        "transformation_test.py",
        "tests",
        "filestack@filestack-python__0e44e337__requests__pycurl",
        ""
      ],
      "setup": {
        "outcome": "passed"
      },
      "call": {
        "outcome": "passed"
      },
      "teardown": {
        "outcome": "passed"
      }
    },
    {
      "nodeid": "tests/transformation_test.py::test_modulate",
      "lineno": 168,
      "outcome": "passed",
      "keywords": [
        "test_modulate",
        "transformation_test.py",
        "tests",
        "filestack@filestack-python__0e44e337__requests__pycurl",
        ""
      ],
      "setup": {
        "outcome": "passed"
      },
      "call": {
        "outcome": "passed"
      },
      "teardown": {
        "outcome": "passed"
      }
    },
    {
      "nodeid": "tests/transformation_test.py::test_partial_pixelate",
      "lineno": 174,
      "outcome": "passed",
      "keywords": [
        "test_partial_pixelate",
        "transformation_test.py",
        "tests",
        "filestack@filestack-python__0e44e337__requests__pycurl",
        ""
      ],
      "setup": {
        "outcome": "passed"
      },
      "call": {
        "outcome": "passed"
      },
      "teardown": {
        "outcome": "passed"
      }
    },
    {
      "nodeid": "tests/transformation_test.py::test_partial_blur",
      "lineno": 186,
      "outcome": "passed",
      "keywords": [
        "test_partial_blur",
        "transformation_test.py",
        "tests",
        "filestack@filestack-python__0e44e337__requests__pycurl",
        ""
      ],
      "setup": {
        "outcome": "passed"
      },
      "call": {
        "outcome": "passed"
      },
      "teardown": {
        "outcome": "passed"
      }
    },
    {
      "nodeid": "tests/transformation_test.py::test_collage",
      "lineno": 198,
      "outcome": "passed",
      "keywords": [
        "test_collage",
        "transformation_test.py",
        "tests",
        "filestack@filestack-python__0e44e337__requests__pycurl",
        ""
      ],
      "setup": {
        "outcome": "passed"
      },
      "call": {
        "outcome": "passed"
      },
      "teardown": {
        "outcome": "passed"
      }
    },
    {
      "nodeid": "tests/transformation_test.py::test_upscale",
      "lineno": 211,
      "outcome": "passed",
      "keywords": [
        "test_upscale",
        "transformation_test.py",
        "tests",
        "filestack@filestack-python__0e44e337__requests__pycurl",
        ""
      ],
      "setup": {
        "outcome": "passed"
      },
      "call": {
        "outcome": "passed"
      },
      "teardown": {
        "outcome": "passed"
      }
    },
    {
      "nodeid": "tests/transformation_test.py::test_enhance",
      "lineno": 217,
      "outcome": "passed",
      "keywords": [
        "test_enhance",
        "transformation_test.py",
        "tests",
        "filestack@filestack-python__0e44e337__requests__pycurl",
        ""
      ],
      "setup": {
        "outcome": "passed"
      },
      "call": {
        "outcome": "passed"
      },
      "teardown": {
        "outcome": "passed"
      }
    },
    {
      "nodeid": "tests/transformation_test.py::test_redeye",
      "lineno": 223,
      "outcome": "passed",
      "keywords": [
        "test_redeye",
        "transformation_test.py",
        "tests",
        "filestack@filestack-python__0e44e337__requests__pycurl",
        ""
      ],
      "setup": {
        "outcome": "passed"
      },
      "call": {
        "outcome": "passed"
      },
      "teardown": {
        "outcome": "passed"
      }
    },
    {
      "nodeid": "tests/transformation_test.py::test_ascii",
      "lineno": 229,
      "outcome": "passed",
      "keywords": [
        "test_ascii",
        "transformation_test.py",
        "tests",
        "filestack@filestack-python__0e44e337__requests__pycurl",
        ""
      ],
      "setup": {
        "outcome": "passed"
      },
      "call": {
        "outcome": "passed"
      },
      "teardown": {
        "outcome": "passed"
      }
    },
    {
      "nodeid": "tests/transformation_test.py::test_zip",
      "lineno": 238,
      "outcome": "passed",
      "keywords": [
        "test_zip",
        "transformation_test.py",
        "tests",
        "filestack@filestack-python__0e44e337__requests__pycurl",
        ""
      ],
      "setup": {
        "outcome": "passed"
      },
      "call": {
        "outcome": "passed"
      },
      "teardown": {
        "outcome": "passed"
      }
    },
    {
      "nodeid": "tests/transformation_test.py::test_fallback",
      "lineno": 243,
      "outcome": "passed",
      "keywords": [
        "test_fallback",
        "transformation_test.py",
        "tests",
        "filestack@filestack-python__0e44e337__requests__pycurl",
        ""
      ],
      "setup": {
        "outcome": "passed"
      },
      "call": {
        "outcome": "passed"
      },
      "teardown": {
        "outcome": "passed"
      }
    },
    {
      "nodeid": "tests/transformation_test.py::test_pdf_info",
      "lineno": 249,
      "outcome": "passed",
      "keywords": [
        "test_pdf_info",
        "transformation_test.py",
        "tests",
        "filestack@filestack-python__0e44e337__requests__pycurl",
        ""
      ],
      "setup": {
        "outcome": "passed"
      },
      "call": {
        "outcome": "passed"
      },
      "teardown": {
        "outcome": "passed"
      }
    },
    {
      "nodeid": "tests/transformation_test.py::test_pdf_convert",
      "lineno": 255,
      "outcome": "passed",
      "keywords": [
        "test_pdf_convert",
        "transformation_test.py",
        "tests",
        "filestack@filestack-python__0e44e337__requests__pycurl",
        ""
      ],
      "setup": {
        "outcome": "passed"
      },
      "call": {
        "outcome": "passed"
      },
      "teardown": {
        "outcome": "passed"
      }
    },
    {
      "nodeid": "tests/transformation_test.py::test_minify_css",
      "lineno": 261,
      "outcome": "passed",
      "keywords": [
        "test_minify_css",
        "transformation_test.py",
        "tests",
        "filestack@filestack-python__0e44e337__requests__pycurl",
        ""
      ],
      "setup": {
        "outcome": "passed"
      },
      "call": {
        "outcome": "passed"
      },
      "teardown": {
        "outcome": "passed"
      }
    },
    {
      "nodeid": "tests/transformation_test.py::test_minify_css_with_params",
      "lineno": 267,
      "outcome": "passed",
      "keywords": [
        "test_minify_css_with_params",
        "transformation_test.py",
        "tests",
        "filestack@filestack-python__0e44e337__requests__pycurl",
        ""
      ],
      "setup": {
        "outcome": "passed"
      },
      "call": {
        "outcome": "passed"
      },
      "teardown": {
        "outcome": "passed"
      }
    },
    {
      "nodeid": "tests/transformation_test.py::test_minify_js",
      "lineno": 273,
      "outcome": "passed",
      "keywords": [
        "test_minify_js",
        "transformation_test.py",
        "tests",
        "filestack@filestack-python__0e44e337__requests__pycurl",
        ""
      ],
      "setup": {
        "outcome": "passed"
      },
      "call": {
        "outcome": "passed"
      },
      "teardown": {
        "outcome": "passed"
      }
    },
    {
      "nodeid": "tests/transformation_test.py::test_filetype_conversion",
      "lineno": 286,
      "outcome": "passed",
      "keywords": [
        "test_filetype_conversion",
        "transformation_test.py",
        "tests",
        "filestack@filestack-python__0e44e337__requests__pycurl",
        ""
      ],
      "setup": {
        "outcome": "passed"
      },
      "call": {
        "outcome": "passed"
      },
      "teardown": {
        "outcome": "passed"
      }
    },
    {
      "nodeid": "tests/transformation_test.py::test_no_metadata",
      "lineno": 301,
      "outcome": "passed",
      "keywords": [
        "test_no_metadata",
        "transformation_test.py",
        "tests",
        "filestack@filestack-python__0e44e337__requests__pycurl",
        ""
      ],
      "setup": {
        "outcome": "passed"
      },
      "call": {
        "outcome": "passed"
      },
      "teardown": {
        "outcome": "passed"
      }
    },
    {
      "nodeid": "tests/transformation_test.py::test_chain_tasks_and_store",
      "lineno": 308,
      "outcome": "failed",
      "keywords": [
        "test_chain_tasks_and_store",
        "__wrapped__",
        "transformation_test.py",
        "tests",
        "filestack@filestack-python__0e44e337__requests__pycurl",
        ""
      ],
      "setup": {
        "outcome": "passed"
      },
      "call": {
        "outcome": "failed",
        "crash": {
          "path": "C:\\Users\\Mohay\\AppData\\Local\\Programs\\Python\\Python312\\Lib\\json\\decoder.py",
          "lineno": 355,
          "message": "json.decoder.JSONDecodeError: Expecting value: line 1 column 1 (char 0)"
        },
        "traceback": [
          {
            "path": "tests\\transformation_test.py",
            "lineno": 316,
            "message": ""
          },
          {
            "path": "filestack\\mixins\\common.py",
            "lineno": 82,
            "message": "in store"
          },
          {
            "path": "C:\\Users\\Mohay\\AppData\\Local\\Programs\\Python\\Python312\\Lib\\json\\__init__.py",
            "lineno": 346,
            "message": "in loads"
          },
          {
            "path": "C:\\Users\\Mohay\\AppData\\Local\\Programs\\Python\\Python312\\Lib\\json\\decoder.py",
            "lineno": 337,
            "message": "in decode"
          },
          {
            "path": "C:\\Users\\Mohay\\AppData\\Local\\Programs\\Python\\Python312\\Lib\\json\\decoder.py",
            "lineno": 355,
            "message": "JSONDecodeError"
          }
        ],
        "longrepr": "transform = <filestack.models.transformation.Transformation object at 0x0000022EC512B350>\n\n    @responses.activate\n    def test_chain_tasks_and_store(transform):\n        responses.add(\n            responses.POST, re.compile('https://cdn.filestackcontent.com/SOMEAPIKEY*'),\n            json={'handle': HANDLE}\n        )\n        transform_obj = transform.flip().resize(width=100)\n>       new_filelink = transform_obj.store(filename='filename', location='S3', container='bucket', path='folder/image.jpg')\n\ntests\\transformation_test.py:316: \n_ _ _ _ _ _ _ _ _ _ _ _ _ _ _ _ _ _ _ _ _ _ _ _ _ _ _ _ _ _ _ _ _ _ _ _ _ _ _ _\nfilestack\\mixins\\common.py:82: in store\n    response_json = json.loads(response_data)\nC:\\Users\\Mohay\\AppData\\Local\\Programs\\Python\\Python312\\Lib\\json\\__init__.py:346: in loads\n    return _default_decoder.decode(s)\nC:\\Users\\Mohay\\AppData\\Local\\Programs\\Python\\Python312\\Lib\\json\\decoder.py:337: in decode\n    obj, end = self.raw_decode(s, idx=_w(s, 0).end())\n_ _ _ _ _ _ _ _ _ _ _ _ _ _ _ _ _ _ _ _ _ _ _ _ _ _ _ _ _ _ _ _ _ _ _ _ _ _ _ _\n\nself = <json.decoder.JSONDecoder object at 0x0000022EC1357590>\ns = 'Bad Request\\n', idx = 0\n\n    def raw_decode(self, s, idx=0):\n        \"\"\"Decode a JSON document from ``s`` (a ``str`` beginning with\n        a JSON document) and return a 2-tuple of the Python\n        representation and the index in ``s`` where the document ended.\n    \n        This can be used to decode a JSON document from a string that may\n        have extraneous data at the end.\n    \n        \"\"\"\n        try:\n            obj, end = self.scan_once(s, idx)\n        except StopIteration as err:\n>           raise JSONDecodeError(\"Expecting value\", s, err.value) from None\nE           json.decoder.JSONDecodeError: Expecting value: line 1 column 1 (char 0)\n\nC:\\Users\\Mohay\\AppData\\Local\\Programs\\Python\\Python312\\Lib\\json\\decoder.py:355: JSONDecodeError"
      },
      "teardown": {
        "outcome": "passed"
      }
    },
    {
      "nodeid": "tests/transformation_test.py::test_av_convert",
      "lineno": 323,
      "outcome": "failed",
      "keywords": [
        "test_av_convert",
        "__wrapped__",
        "transformation_test.py",
        "tests",
        "filestack@filestack-python__0e44e337__requests__pycurl",
        ""
      ],
      "setup": {
        "outcome": "passed"
      },
      "call": {
        "outcome": "failed",
        "crash": {
          "path": "C:\\Users\\Mohay\\AppData\\Local\\Programs\\Python\\Python312\\Lib\\json\\decoder.py",
          "lineno": 355,
          "message": "json.decoder.JSONDecodeError: Expecting value: line 1 column 1 (char 0)"
        },
        "traceback": [
          {
            "path": "tests\\transformation_test.py",
            "lineno": 331,
            "message": ""
          },
          {
            "path": "filestack\\mixins\\imagetransformation.py",
            "lineno": 158,
            "message": "in av_convert"
          },
          {
            "path": "C:\\Users\\Mohay\\AppData\\Local\\Programs\\Python\\Python312\\Lib\\json\\__init__.py",
            "lineno": 346,
            "message": "in loads"
          },
          {
            "path": "C:\\Users\\Mohay\\AppData\\Local\\Programs\\Python\\Python312\\Lib\\json\\decoder.py",
            "lineno": 337,
            "message": "in decode"
          },
          {
            "path": "C:\\Users\\Mohay\\AppData\\Local\\Programs\\Python\\Python312\\Lib\\json\\decoder.py",
            "lineno": 355,
            "message": "JSONDecodeError"
          }
        ],
        "longrepr": "transform = <filestack.models.transformation.Transformation object at 0x0000022EC4F8F6E0>\n\n    @responses.activate\n    def test_av_convert(transform):\n        responses.add(\n            responses.GET,\n            'https://cdn.filestackcontent.com/SOMEAPIKEY/video_convert=height:500,width:500/SOMEEXTERNALURL',\n            json={'url': transform.url, 'uuid': 'someuuid', 'timestamp': 'sometimestamp'}\n        )\n>       new_av = transform.av_convert(width=500, height=500)\n\ntests\\transformation_test.py:331: \n_ _ _ _ _ _ _ _ _ _ _ _ _ _ _ _ _ _ _ _ _ _ _ _ _ _ _ _ _ _ _ _ _ _ _ _ _ _ _ _\nfilestack\\mixins\\imagetransformation.py:158: in av_convert\n    response = json.loads(buffer.getvalue().decode('utf-8'))\nC:\\Users\\Mohay\\AppData\\Local\\Programs\\Python\\Python312\\Lib\\json\\__init__.py:346: in loads\n    return _default_decoder.decode(s)\nC:\\Users\\Mohay\\AppData\\Local\\Programs\\Python\\Python312\\Lib\\json\\decoder.py:337: in decode\n    obj, end = self.raw_decode(s, idx=_w(s, 0).end())\n_ _ _ _ _ _ _ _ _ _ _ _ _ _ _ _ _ _ _ _ _ _ _ _ _ _ _ _ _ _ _ _ _ _ _ _ _ _ _ _\n\nself = <json.decoder.JSONDecoder object at 0x0000022EC1357590>\ns = 'Bad Request\\n', idx = 0\n\n    def raw_decode(self, s, idx=0):\n        \"\"\"Decode a JSON document from ``s`` (a ``str`` beginning with\n        a JSON document) and return a 2-tuple of the Python\n        representation and the index in ``s`` where the document ended.\n    \n        This can be used to decode a JSON document from a string that may\n        have extraneous data at the end.\n    \n        \"\"\"\n        try:\n            obj, end = self.scan_once(s, idx)\n        except StopIteration as err:\n>           raise JSONDecodeError(\"Expecting value\", s, err.value) from None\nE           json.decoder.JSONDecodeError: Expecting value: line 1 column 1 (char 0)\n\nC:\\Users\\Mohay\\AppData\\Local\\Programs\\Python\\Python312\\Lib\\json\\decoder.py:355: JSONDecodeError"
      },
      "teardown": {
        "outcome": "passed"
      }
    },
    {
      "nodeid": "tests/transformation_test.py::test_auto_image",
      "lineno": 336,
      "outcome": "passed",
      "keywords": [
        "test_auto_image",
        "transformation_test.py",
        "tests",
        "filestack@filestack-python__0e44e337__requests__pycurl",
        ""
      ],
      "setup": {
        "outcome": "passed"
      },
      "call": {
        "outcome": "passed"
      },
      "teardown": {
        "outcome": "passed"
      }
    },
    {
      "nodeid": "tests/uploads/test_upload_external_url.py::test_upload_with_store_params[S3,-store_params0-None-expected_store_tasks0]",
      "lineno": 12,
      "outcome": "failed",
      "keywords": [
        "test_upload_with_store_params[S3,-store_params0-None-expected_store_tasks0]",
        "parametrize",
        "__wrapped__",
        "pytestmark",
        "S3,-store_params0-None-expected_store_tasks0",
        "test_upload_external_url.py",
        "uploads",
        "tests",
        "filestack@filestack-python__0e44e337__requests__pycurl",
        ""
      ],
      "setup": {
        "outcome": "passed"
      },
      "call": {
        "outcome": "failed",
        "crash": {
          "path": "D:\\repos\\filestack@filestack-python__0e44e337__requests__pycurl\\tests\\uploads\\test_upload_external_url.py",
          "lineno": 49,
          "message": "KeyError: 'handle'"
        },
        "traceback": [
          {
            "path": "tests\\uploads\\test_upload_external_url.py",
            "lineno": 49,
            "message": "KeyError"
          }
        ],
        "longrepr": "default_storage = 'S3,', store_params = {'location': 'gcs'}, security = None\nexpected_store_tasks = [{'name': 'store', 'params': {'location': 'gcs'}}]\n\n    @pytest.mark.parametrize('default_storage, store_params, security, expected_store_tasks', [\n        (\n            'S3,',\n            {'location': 'gcs'},\n            None,\n            [\n                {\n                    'name': 'store', 'params': {'location': 'gcs'}\n                }\n            ]\n        ),\n        (\n            'gcs',\n            {'path': 'new-path/', 'mimetype': 'application/json'},\n            type('SecurityMock', (), {'policy_b64': 'abc', 'signature': '123'}),\n            [\n                {\n                    'name': 'store', 'params': {'path': 'new-path/', 'location': 'gcs'}\n                },\n                {\n                    'name': 'security', 'params': {'policy': 'abc', 'signature': '123'}\n                }\n            ]\n        )\n    ])\n    @responses.activate\n    def test_upload_with_store_params(default_storage, store_params, security, expected_store_tasks):\n        expected_payload = {\n            'apikey': 'TESTAPIKEY',\n            'sources': ['http://image.url'],\n            'tasks': expected_store_tasks\n        }\n        responses.add(responses.POST, PROCESS_URL, json={'handle': 'newHandle'})\n        upload_response = upload_external_url(\n            url, apikey, default_storage, store_params=store_params, security=security\n        )\n>       assert upload_response['handle'] == 'newHandle'\nE       KeyError: 'handle'\n\ntests\\uploads\\test_upload_external_url.py:49: KeyError"
      },
      "teardown": {
        "outcome": "passed"
      }
    },
    {
      "nodeid": "tests/uploads/test_upload_external_url.py::test_upload_with_store_params[gcs-store_params1-SecurityMock-expected_store_tasks1]",
      "lineno": 12,
      "outcome": "failed",
      "keywords": [
        "test_upload_with_store_params[gcs-store_params1-SecurityMock-expected_store_tasks1]",
        "parametrize",
        "__wrapped__",
        "pytestmark",
        "gcs-store_params1-SecurityMock-expected_store_tasks1",
        "test_upload_external_url.py",
        "uploads",
        "tests",
        "filestack@filestack-python__0e44e337__requests__pycurl",
        ""
      ],
      "setup": {
        "outcome": "passed"
      },
      "call": {
        "outcome": "failed",
        "crash": {
          "path": "D:\\repos\\filestack@filestack-python__0e44e337__requests__pycurl\\tests\\uploads\\test_upload_external_url.py",
          "lineno": 49,
          "message": "KeyError: 'handle'"
        },
        "traceback": [
          {
            "path": "tests\\uploads\\test_upload_external_url.py",
            "lineno": 49,
            "message": "KeyError"
          }
        ],
        "longrepr": "default_storage = 'gcs', store_params = {'location': 'gcs', 'path': 'new-path/'}\nsecurity = <class 'test_upload_external_url.SecurityMock'>\nexpected_store_tasks = [{'name': 'store', 'params': {'location': 'gcs', 'path': 'new-path/'}}, {'name': 'security', 'params': {'policy': 'abc', 'signature': '123'}}]\n\n    @pytest.mark.parametrize('default_storage, store_params, security, expected_store_tasks', [\n        (\n            'S3,',\n            {'location': 'gcs'},\n            None,\n            [\n                {\n                    'name': 'store', 'params': {'location': 'gcs'}\n                }\n            ]\n        ),\n        (\n            'gcs',\n            {'path': 'new-path/', 'mimetype': 'application/json'},\n            type('SecurityMock', (), {'policy_b64': 'abc', 'signature': '123'}),\n            [\n                {\n                    'name': 'store', 'params': {'path': 'new-path/', 'location': 'gcs'}\n                },\n                {\n                    'name': 'security', 'params': {'policy': 'abc', 'signature': '123'}\n                }\n            ]\n        )\n    ])\n    @responses.activate\n    def test_upload_with_store_params(default_storage, store_params, security, expected_store_tasks):\n        expected_payload = {\n            'apikey': 'TESTAPIKEY',\n            'sources': ['http://image.url'],\n            'tasks': expected_store_tasks\n        }\n        responses.add(responses.POST, PROCESS_URL, json={'handle': 'newHandle'})\n        upload_response = upload_external_url(\n            url, apikey, default_storage, store_params=store_params, security=security\n        )\n>       assert upload_response['handle'] == 'newHandle'\nE       KeyError: 'handle'\n\ntests\\uploads\\test_upload_external_url.py:49: KeyError"
      },
      "teardown": {
        "outcome": "passed"
      }
    },
    {
      "nodeid": "tests/utils_test.py::test_req_wrapper_overwrite_headers",
      "lineno": 44,
      "outcome": "failed",
      "keywords": [
        "test_req_wrapper_overwrite_headers",
        "utils_test.py",
        "tests",
        "filestack@filestack-python__0e44e337__requests__pycurl",
        ""
      ],
      "setup": {
        "outcome": "passed"
      },
      "call": {
        "outcome": "failed",
        "crash": {
          "path": "D:\\repos\\filestack@filestack-python__0e44e337__requests__pycurl\\tests\\utils_test.py",
          "lineno": 36,
          "message": "pycurl.error: (6, 'Could not resolve host: just.some.url')"
        },
        "traceback": [
          {
            "path": "tests\\utils_test.py",
            "lineno": 53,
            "message": ""
          },
          {
            "path": "tests\\utils_test.py",
            "lineno": 36,
            "message": "error"
          }
        ],
        "longrepr": "def test_req_wrapper_overwrite_headers():\n        mock_response = mock_pycurl_post(TEST_URL)\n        headers = {\n            'Filestack-Trace-Id': 'some-trace-id',\n            'Filestack-Trace-Span': 'some-trace-span',\n            'User-Agent': f'filestack-python {__version__}',\n            'Filestack-Source': f'Python-{__version__}',\n        }\n>       response = pycurl_post(TEST_URL, headers=headers)\n\ntests\\utils_test.py:53: \n_ _ _ _ _ _ _ _ _ _ _ _ _ _ _ _ _ _ _ _ _ _ _ _ _ _ _ _ _ _ _ _ _ _ _ _ _ _ _ _\n\nurl = 'http://just.some.url/'\nheaders = {'Filestack-Source': 'Python-4.0.0', 'Filestack-Trace-Id': 'some-trace-id', 'Filestack-Trace-Span': 'some-trace-span', 'User-Agent': 'filestack-python 4.0.0'}\n\n    def pycurl_post(url, headers=None):\n        \"\"\"\n        Perform a POST request using pycurl.\n        \"\"\"\n        buffer = io.BytesIO()\n        curl = pycurl.Curl()\n        curl.setopt(pycurl.URL, url)\n        curl.setopt(pycurl.POST, 1)\n        if headers:\n            curl.setopt(pycurl.HTTPHEADER, [f\"{key}: {value}\" for key, value in headers.items()])\n        curl.setopt(pycurl.WRITEDATA, buffer)\n        try:\n>           curl.perform()\nE           pycurl.error: (6, 'Could not resolve host: just.some.url')\n\ntests\\utils_test.py:36: error"
      },
      "teardown": {
        "outcome": "passed"
      }
    },
    {
      "nodeid": "tests/utils_test.py::test_req_wrapper_use_provided_headers",
      "lineno": 60,
      "outcome": "failed",
      "keywords": [
        "test_req_wrapper_use_provided_headers",
        "utils_test.py",
        "tests",
        "filestack@filestack-python__0e44e337__requests__pycurl",
        ""
      ],
      "setup": {
        "outcome": "passed"
      },
      "call": {
        "outcome": "failed",
        "crash": {
          "path": "D:\\repos\\filestack@filestack-python__0e44e337__requests__pycurl\\tests\\utils_test.py",
          "lineno": 36,
          "message": "pycurl.error: (6, 'Could not resolve host: just.some.url')"
        },
        "traceback": [
          {
            "path": "tests\\utils_test.py",
            "lineno": 64,
            "message": ""
          },
          {
            "path": "tests\\utils_test.py",
            "lineno": 36,
            "message": "error"
          }
        ],
        "longrepr": "def test_req_wrapper_use_provided_headers():\n        mock_response = mock_pycurl_post(TEST_URL)\n        custom_headers = {'something': 'used explicitly'}\n>       response = pycurl_post(TEST_URL, headers=custom_headers)\n\ntests\\utils_test.py:64: \n_ _ _ _ _ _ _ _ _ _ _ _ _ _ _ _ _ _ _ _ _ _ _ _ _ _ _ _ _ _ _ _ _ _ _ _ _ _ _ _\n\nurl = 'http://just.some.url/', headers = {'something': 'used explicitly'}\n\n    def pycurl_post(url, headers=None):\n        \"\"\"\n        Perform a POST request using pycurl.\n        \"\"\"\n        buffer = io.BytesIO()\n        curl = pycurl.Curl()\n        curl.setopt(pycurl.URL, url)\n        curl.setopt(pycurl.POST, 1)\n        if headers:\n            curl.setopt(pycurl.HTTPHEADER, [f\"{key}: {value}\" for key, value in headers.items()])\n        curl.setopt(pycurl.WRITEDATA, buffer)\n        try:\n>           curl.perform()\nE           pycurl.error: (6, 'Could not resolve host: just.some.url')\n\ntests\\utils_test.py:36: error"
      },
      "teardown": {
        "outcome": "passed"
      }
    },
    {
      "nodeid": "tests/utils_test.py::test_req_wrapper_raise_exception",
      "lineno": 69,
      "outcome": "failed",
      "keywords": [
        "test_req_wrapper_raise_exception",
        "utils_test.py",
        "tests",
        "filestack@filestack-python__0e44e337__requests__pycurl",
        ""
      ],
      "setup": {
        "outcome": "passed"
      },
      "call": {
        "outcome": "failed",
        "crash": {
          "path": "D:\\repos\\filestack@filestack-python__0e44e337__requests__pycurl\\tests\\utils_test.py",
          "lineno": 72,
          "message": "AssertionError: Regex pattern did not match.\n Regex: 'oops!'\n Input: \"(6, 'Could not resolve host: just.some.url')\""
        },
        "traceback": [
          {
            "path": "tests\\utils_test.py",
            "lineno": 72,
            "message": "AssertionError"
          }
        ],
        "longrepr": "def test_req_wrapper_raise_exception():\n        mock_response = mock_pycurl_post(TEST_URL, status=500, body=b'oops!')\n        with pytest.raises(Exception, match='oops!'):\n>           pycurl_post(TEST_URL)\n\ntests\\utils_test.py:73: \n_ _ _ _ _ _ _ _ _ _ _ _ _ _ _ _ _ _ _ _ _ _ _ _ _ _ _ _ _ _ _ _ _ _ _ _ _ _ _ _\n\nurl = 'http://just.some.url/', headers = None\n\n    def pycurl_post(url, headers=None):\n        \"\"\"\n        Perform a POST request using pycurl.\n        \"\"\"\n        buffer = io.BytesIO()\n        curl = pycurl.Curl()\n        curl.setopt(pycurl.URL, url)\n        curl.setopt(pycurl.POST, 1)\n        if headers:\n            curl.setopt(pycurl.HTTPHEADER, [f\"{key}: {value}\" for key, value in headers.items()])\n        curl.setopt(pycurl.WRITEDATA, buffer)\n        try:\n>           curl.perform()\nE           pycurl.error: (6, 'Could not resolve host: just.some.url')\n\ntests\\utils_test.py:36: error\n\nDuring handling of the above exception, another exception occurred:\n\n    def test_req_wrapper_raise_exception():\n        mock_response = mock_pycurl_post(TEST_URL, status=500, body=b'oops!')\n>       with pytest.raises(Exception, match='oops!'):\nE       AssertionError: Regex pattern did not match.\nE        Regex: 'oops!'\nE        Input: \"(6, 'Could not resolve host: just.some.url')\"\n\ntests\\utils_test.py:72: AssertionError"
      },
      "teardown": {
        "outcome": "passed"
      }
    }
  ],
  "warnings": [
    {
      "message": "setDaemon() is deprecated, set the daemon attribute instead",
      "category": "DeprecationWarning",
      "when": "runtest",
      "filename": "D:\\repos\\filestack@filestack-python__0e44e337__requests__pycurl\\tests\\multipart_test.py",
      "lineno": 61
    }
  ]
}