{
  "exitcode": 1,
  "summary": {
    "passed": 16,
    "failed": 2,
    "total": 18,
    "collected": 18
  },
  "collectors": [
    {
      "nodeid": "",
      "outcome": "passed",
      "result": [
        {
          "nodeid": ".",
          "type": "Dir"
        }
      ]
    },
    {
      "nodeid": "_static",
      "outcome": "passed",
      "result": []
    },
    {
      "nodeid": "input",
      "outcome": "passed",
      "result": []
    },
    {
      "nodeid": "output",
      "outcome": "passed",
      "result": []
    },
    {
      "nodeid": "tests/test_data_1.txt",
      "outcome": "passed",
      "result": []
    },
    {
      "nodeid": "tests/test_mip_solver.py::TestMIPCQMSolver",
      "outcome": "passed",
      "result": [
        {
          "nodeid": "tests/test_mip_solver.py::TestMIPCQMSolver::test_bounds",
          "type": "TestCaseFunction",
          "lineno": 38
        },
        {
          "nodeid": "tests/test_mip_solver.py::TestMIPCQMSolver::test_empty",
          "type": "TestCaseFunction",
          "lineno": 22
        },
        {
          "nodeid": "tests/test_mip_solver.py::TestMIPCQMSolver::test_infease",
          "type": "TestCaseFunction",
          "lineno": 27
        },
        {
          "nodeid": "tests/test_mip_solver.py::TestMIPCQMSolver::test_quadratic",
          "type": "TestCaseFunction",
          "lineno": 51
        },
        {
          "nodeid": "tests/test_mip_solver.py::TestMIPCQMSolver::test_vartypes",
          "type": "TestCaseFunction",
          "lineno": 61
        }
      ]
    },
    {
      "nodeid": "tests/test_mip_solver.py",
      "outcome": "passed",
      "result": [
        {
          "nodeid": "tests/test_mip_solver.py::TestMIPCQMSolver",
          "type": "UnitTestCase"
        }
      ]
    },
    {
      "nodeid": "tests/test_packing3d.py::TestPacking3d",
      "outcome": "passed",
      "result": [
        {
          "nodeid": "tests/test_packing3d.py::TestPacking3d::test_add_bin_on_constraint",
          "type": "TestCaseFunction",
          "lineno": 80
        },
        {
          "nodeid": "tests/test_packing3d.py::TestPacking3d::test_add_boundary_constraints",
          "type": "TestCaseFunction",
          "lineno": 162
        },
        {
          "nodeid": "tests/test_packing3d.py::TestPacking3d::test_add_geometric",
          "type": "TestCaseFunction",
          "lineno": 109
        },
        {
          "nodeid": "tests/test_packing3d.py::TestPacking3d::test_add_orientation_constraints",
          "type": "TestCaseFunction",
          "lineno": 71
        },
        {
          "nodeid": "tests/test_packing3d.py::TestPacking3d::test_bins",
          "type": "TestCaseFunction",
          "lineno": 43
        },
        {
          "nodeid": "tests/test_packing3d.py::TestPacking3d::test_build_cqm",
          "type": "TestCaseFunction",
          "lineno": 202
        },
        {
          "nodeid": "tests/test_packing3d.py::TestPacking3d::test_call_solver",
          "type": "TestCaseFunction",
          "lineno": 224
        },
        {
          "nodeid": "tests/test_packing3d.py::TestPacking3d::test_cases",
          "type": "TestCaseFunction",
          "lineno": 36
        },
        {
          "nodeid": "tests/test_packing3d.py::TestPacking3d::test_variables",
          "type": "TestCaseFunction",
          "lineno": 56
        }
      ]
    },
    {
      "nodeid": "tests/test_packing3d.py",
      "outcome": "passed",
      "result": [
        {
          "nodeid": "tests/test_packing3d.py::TestPacking3d",
          "type": "UnitTestCase"
        }
      ]
    },
    {
      "nodeid": "tests/test_utils.py::TestUtils",
      "outcome": "passed",
      "result": [
        {
          "nodeid": "tests/test_utils.py::TestUtils::test_plot_cuboids",
          "type": "TestCaseFunction",
          "lineno": 59
        },
        {
          "nodeid": "tests/test_utils.py::TestUtils::test_print_cqm_stats",
          "type": "TestCaseFunction",
          "lineno": 35
        },
        {
          "nodeid": "tests/test_utils.py::TestUtils::test_read_write_input_data",
          "type": "TestCaseFunction",
          "lineno": 77
        },
        {
          "nodeid": "tests/test_utils.py::TestUtils::test_write_solution_to_file",
          "type": "TestCaseFunction",
          "lineno": 105
        }
      ]
    },
    {
      "nodeid": "tests/test_utils.py",
      "outcome": "passed",
      "result": [
        {
          "nodeid": "tests/test_utils.py::TestUtils",
          "type": "UnitTestCase"
        }
      ]
    },
    {
      "nodeid": "tests",
      "outcome": "passed",
      "result": [
        {
          "nodeid": "tests/test_data_1.txt",
          "type": "DoctestTextfile"
        },
        {
          "nodeid": "tests/test_mip_solver.py",
          "type": "Module"
        },
        {
          "nodeid": "tests/test_packing3d.py",
          "type": "Module"
        },
        {
          "nodeid": "tests/test_utils.py",
          "type": "Module"
        }
      ]
    },
    {
      "nodeid": ".",
      "outcome": "passed",
      "result": [
        {
          "nodeid": "_static",
          "type": "Dir"
        },
        {
          "nodeid": "input",
          "type": "Dir"
        },
        {
          "nodeid": "output",
          "type": "Dir"
        },
        {
          "nodeid": "tests",
          "type": "Package"
        }
      ]
    }
  ],
  "tests": [
    {
      "nodeid": "tests/test_mip_solver.py::TestMIPCQMSolver::test_bounds",
      "lineno": 38,
      "outcome": "passed",
      "keywords": [
        "test_bounds",
        "TestMIPCQMSolver",
        "test_mip_solver.py",
        "tests",
        "dwave-examples@3d-bin-packing__abb0ebd3__tabulate__prettytable",
        ""
      ],
      "setup": {
        "outcome": "passed"
      },
      "call": {
        "outcome": "passed"
      },
      "teardown": {
        "outcome": "passed"
      }
    },
    {
      "nodeid": "tests/test_mip_solver.py::TestMIPCQMSolver::test_empty",
      "lineno": 22,
      "outcome": "passed",
      "keywords": [
        "test_empty",
        "TestMIPCQMSolver",
        "test_mip_solver.py",
        "tests",
        "dwave-examples@3d-bin-packing__abb0ebd3__tabulate__prettytable",
        ""
      ],
      "setup": {
        "outcome": "passed"
      },
      "call": {
        "outcome": "passed"
      },
      "teardown": {
        "outcome": "passed"
      }
    },
    {
      "nodeid": "tests/test_mip_solver.py::TestMIPCQMSolver::test_infease",
      "lineno": 27,
      "outcome": "passed",
      "keywords": [
        "test_infease",
        "TestMIPCQMSolver",
        "test_mip_solver.py",
        "tests",
        "dwave-examples@3d-bin-packing__abb0ebd3__tabulate__prettytable",
        ""
      ],
      "setup": {
        "outcome": "passed"
      },
      "call": {
        "outcome": "passed"
      },
      "teardown": {
        "outcome": "passed"
      }
    },
    {
      "nodeid": "tests/test_mip_solver.py::TestMIPCQMSolver::test_quadratic",
      "lineno": 51,
      "outcome": "passed",
      "keywords": [
        "test_quadratic",
        "TestMIPCQMSolver",
        "test_mip_solver.py",
        "tests",
        "dwave-examples@3d-bin-packing__abb0ebd3__tabulate__prettytable",
        ""
      ],
      "setup": {
        "outcome": "passed"
      },
      "call": {
        "outcome": "passed"
      },
      "teardown": {
        "outcome": "passed"
      }
    },
    {
      "nodeid": "tests/test_mip_solver.py::TestMIPCQMSolver::test_vartypes",
      "lineno": 61,
      "outcome": "passed",
      "keywords": [
        "test_vartypes",
        "TestMIPCQMSolver",
        "test_mip_solver.py",
        "tests",
        "dwave-examples@3d-bin-packing__abb0ebd3__tabulate__prettytable",
        ""
      ],
      "setup": {
        "outcome": "passed"
      },
      "call": {
        "outcome": "passed"
      },
      "teardown": {
        "outcome": "passed"
      }
    },
    {
      "nodeid": "tests/test_packing3d.py::TestPacking3d::test_add_bin_on_constraint",
      "lineno": 80,
      "outcome": "passed",
      "keywords": [
        "test_add_bin_on_constraint",
        "TestPacking3d",
        "test_packing3d.py",
        "tests",
        "dwave-examples@3d-bin-packing__abb0ebd3__tabulate__prettytable",
        ""
      ],
      "setup": {
        "outcome": "passed"
      },
      "call": {
        "outcome": "passed",
        "stdout": "Number of cases: 2\nMinimum Number of bins required: 1\nMinimum Number of bins required: 1\n"
      },
      "teardown": {
        "outcome": "passed"
      }
    },
    {
      "nodeid": "tests/test_packing3d.py::TestPacking3d::test_add_boundary_constraints",
      "lineno": 162,
      "outcome": "passed",
      "keywords": [
        "test_add_boundary_constraints",
        "TestPacking3d",
        "test_packing3d.py",
        "tests",
        "dwave-examples@3d-bin-packing__abb0ebd3__tabulate__prettytable",
        ""
      ],
      "setup": {
        "outcome": "passed"
      },
      "call": {
        "outcome": "passed",
        "stdout": "Number of cases: 2\nMinimum Number of bins required: 1\nMinimum Number of bins required: 1\n"
      },
      "teardown": {
        "outcome": "passed"
      }
    },
    {
      "nodeid": "tests/test_packing3d.py::TestPacking3d::test_add_geometric",
      "lineno": 109,
      "outcome": "passed",
      "keywords": [
        "test_add_geometric",
        "TestPacking3d",
        "test_packing3d.py",
        "tests",
        "dwave-examples@3d-bin-packing__abb0ebd3__tabulate__prettytable",
        ""
      ],
      "setup": {
        "outcome": "passed"
      },
      "call": {
        "outcome": "passed",
        "stdout": "Number of cases: 2\nMinimum Number of bins required: 1\n"
      },
      "teardown": {
        "outcome": "passed"
      }
    },
    {
      "nodeid": "tests/test_packing3d.py::TestPacking3d::test_add_orientation_constraints",
      "lineno": 71,
      "outcome": "passed",
      "keywords": [
        "test_add_orientation_constraints",
        "TestPacking3d",
        "test_packing3d.py",
        "tests",
        "dwave-examples@3d-bin-packing__abb0ebd3__tabulate__prettytable",
        ""
      ],
      "setup": {
        "outcome": "passed"
      },
      "call": {
        "outcome": "passed",
        "stdout": "Number of cases: 2\nMinimum Number of bins required: 1\n"
      },
      "teardown": {
        "outcome": "passed"
      }
    },
    {
      "nodeid": "tests/test_packing3d.py::TestPacking3d::test_bins",
      "lineno": 43,
      "outcome": "passed",
      "keywords": [
        "test_bins",
        "TestPacking3d",
        "test_packing3d.py",
        "tests",
        "dwave-examples@3d-bin-packing__abb0ebd3__tabulate__prettytable",
        ""
      ],
      "setup": {
        "outcome": "passed"
      },
      "call": {
        "outcome": "passed",
        "stdout": "Number of cases: 2\nMinimum Number of bins required: 1\n"
      },
      "teardown": {
        "outcome": "passed"
      }
    },
    {
      "nodeid": "tests/test_packing3d.py::TestPacking3d::test_build_cqm",
      "lineno": 202,
      "outcome": "passed",
      "keywords": [
        "test_build_cqm",
        "TestPacking3d",
        "test_packing3d.py",
        "tests",
        "dwave-examples@3d-bin-packing__abb0ebd3__tabulate__prettytable",
        ""
      ],
      "setup": {
        "outcome": "passed"
      },
      "call": {
        "outcome": "passed",
        "stdout": "Number of cases: 2\nMinimum Number of bins required: 1\n"
      },
      "teardown": {
        "outcome": "passed"
      }
    },
    {
      "nodeid": "tests/test_packing3d.py::TestPacking3d::test_call_solver",
      "lineno": 224,
      "outcome": "passed",
      "keywords": [
        "test_call_solver",
        "TestPacking3d",
        "test_packing3d.py",
        "tests",
        "dwave-examples@3d-bin-packing__abb0ebd3__tabulate__prettytable",
        ""
      ],
      "setup": {
        "outcome": "passed"
      },
      "call": {
        "outcome": "passed",
        "stdout": "Number of cases: 2\nMinimum Number of bins required: 1\n<MagicMock name='LeapHybridCQMSampler().sample_cqm().filter()' id='1567202372432'>\n<MagicMock name='sample_cqm().filter()' id='1567207809552'>\n"
      },
      "teardown": {
        "outcome": "passed"
      }
    },
    {
      "nodeid": "tests/test_packing3d.py::TestPacking3d::test_cases",
      "lineno": 36,
      "outcome": "passed",
      "keywords": [
        "test_cases",
        "TestPacking3d",
        "test_packing3d.py",
        "tests",
        "dwave-examples@3d-bin-packing__abb0ebd3__tabulate__prettytable",
        ""
      ],
      "setup": {
        "outcome": "passed"
      },
      "call": {
        "outcome": "passed",
        "stdout": "Number of cases: 2\nMinimum Number of bins required: 1\n"
      },
      "teardown": {
        "outcome": "passed"
      }
    },
    {
      "nodeid": "tests/test_packing3d.py::TestPacking3d::test_variables",
      "lineno": 56,
      "outcome": "passed",
      "keywords": [
        "test_variables",
        "TestPacking3d",
        "test_packing3d.py",
        "tests",
        "dwave-examples@3d-bin-packing__abb0ebd3__tabulate__prettytable",
        ""
      ],
      "setup": {
        "outcome": "passed"
      },
      "call": {
        "outcome": "passed",
        "stdout": "Number of cases: 2\nMinimum Number of bins required: 1\n"
      },
      "teardown": {
        "outcome": "passed"
      }
    },
    {
      "nodeid": "tests/test_utils.py::TestUtils::test_plot_cuboids",
      "lineno": 59,
      "outcome": "passed",
      "keywords": [
        "test_plot_cuboids",
        "TestUtils",
        "test_utils.py",
        "tests",
        "dwave-examples@3d-bin-packing__abb0ebd3__tabulate__prettytable",
        ""
      ],
      "setup": {
        "outcome": "passed"
      },
      "call": {
        "outcome": "passed",
        "stdout": "Number of cases: 2\nMinimum Number of bins required: 1\n  o_0_0 o_0_1 o_0_2 o_0_3 o_0_4 o_0_5 o_1_0 o_1_1 ... z_1 energy num_oc. ...\n0   0.0   0.0   0.0   0.0   0.0   1.0   0.0   0.0 ... 0.0    5.5       1 ...\n['INTEGER', 1 rows, 1 samples, 25 variables]\n"
      },
      "teardown": {
        "outcome": "passed"
      }
    },
    {
      "nodeid": "tests/test_utils.py::TestUtils::test_print_cqm_stats",
      "lineno": 35,
      "outcome": "failed",
      "keywords": [
        "test_print_cqm_stats",
        "TestUtils",
        "test_utils.py",
        "tests",
        "dwave-examples@3d-bin-packing__abb0ebd3__tabulate__prettytable",
        ""
      ],
      "setup": {
        "outcome": "passed"
      },
      "call": {
        "outcome": "failed",
        "crash": {
          "path": "C:\\Users\\Mohay\\AppData\\Local\\Programs\\Python\\Python311\\Lib\\unittest\\case.py",
          "lineno": 703,
          "message": "AssertionError: Lists differ: ['------------------------------', '-------[40 chars]---'] != ['1', '1', '1', '0', '3', '0', '1', '1', '1']\n\nFirst differing element 0:\n'------------------------------'\n'1'\n\nSecond list contains 6 additional elements.\nFirst extra element 3:\n'0'\n\n+ ['1', '1', '1', '0', '3', '0', '1', '1', '1']\n- ['------------------------------',\n-  '----------------------------',\n-  '------------------']"
        },
        "traceback": [
          {
            "path": "tests\\test_utils.py",
            "lineno": 57,
            "message": "AssertionError"
          }
        ],
        "longrepr": "self = <tests.test_utils.TestUtils testMethod=test_print_cqm_stats>\n\n    def test_print_cqm_stats(self):\n        test_bqm = dimod.BQM('BINARY')\n        with self.assertRaises(ValueError):\n            print_cqm_stats(test_bqm)\n    \n        test_cqm = dimod.CQM()\n        r = dimod.Real('r')\n        b = dimod.Binary('b')\n        i = dimod.Integer('i')\n        test_cqm.add_constraint(r == 1)\n        test_cqm.add_constraint(b >= 0.5)\n        test_cqm.add_constraint(i <= 2)\n    \n        cqm_stats_stream = StringIO()\n        sys.stdout = cqm_stats_stream\n        print_cqm_stats(test_cqm)\n        sys.stdout = sys.__stdout__\n        printed_string = cqm_stats_stream.getvalue()\n    \n        expected_field_values = ['1','1','1','0','3','0','1','1','1']\n    \n>       self.assertEqual(printed_string.splitlines()[-1].split(),\n                         expected_field_values)\nE       AssertionError: Lists differ: ['------------------------------', '-------[40 chars]---'] != ['1', '1', '1', '0', '3', '0', '1', '1', '1']\nE       \nE       First differing element 0:\nE       '------------------------------'\nE       '1'\nE       \nE       Second list contains 6 additional elements.\nE       First extra element 3:\nE       '0'\nE       \nE       + ['1', '1', '1', '0', '3', '0', '1', '1', '1']\nE       - ['------------------------------',\nE       -  '----------------------------',\nE       -  '------------------']\n\ntests\\test_utils.py:57: AssertionError"
      },
      "teardown": {
        "outcome": "passed"
      }
    },
    {
      "nodeid": "tests/test_utils.py::TestUtils::test_read_write_input_data",
      "lineno": 77,
      "outcome": "failed",
      "keywords": [
        "test_read_write_input_data",
        "TestUtils",
        "test_utils.py",
        "tests",
        "dwave-examples@3d-bin-packing__abb0ebd3__tabulate__prettytable",
        ""
      ],
      "setup": {
        "outcome": "passed"
      },
      "call": {
        "outcome": "failed",
        "crash": {
          "path": "D:\\repos\\dwave-examples@3d-bin-packing__abb0ebd3__tabulate__prettytable\\tests\\test_utils.py",
          "lineno": 93,
          "message": "ValueError: invalid literal for int() with base 10: '+---------+----------+--------+-------+--------+'"
        },
        "traceback": [
          {
            "path": "tests\\test_utils.py",
            "lineno": 93,
            "message": "ValueError"
          }
        ],
        "longrepr": "self = <tests.test_utils.TestUtils testMethod=test_read_write_input_data>\n\n    def test_read_write_input_data(self):\n        data = read_instance(instance_path='./tests/test_data_1.txt')\n        out_file_string = write_input_data(data)\n        data1 = {\"num_bins\": 0, \"bin_dimensions\": [], \"quantity\": [],\n                 \"case_ids\": [], \"case_length\": [], \"case_width\": [],\n                 \"case_height\": []}\n        out_list = (out_file_string.split(sep='\\n'))\n        for i, line in enumerate(out_list):\n            if i == 0:\n                data1[\"num_bins\"] = int(line.split()[-1])\n            elif i == 1:\n                data1[\"bin_dimensions\"] = [int(i) for i in line.split()[-3:]]\n            elif 2 <= i <= 4:\n                continue\n            else:\n>               case_info = list(map(int, line.split()))\n                            ^^^^^^^^^^^^^^^^^^^^^^^^^^^^\nE               ValueError: invalid literal for int() with base 10: '+---------+----------+--------+-------+--------+'\n\ntests\\test_utils.py:93: ValueError"
      },
      "teardown": {
        "outcome": "passed"
      }
    },
    {
      "nodeid": "tests/test_utils.py::TestUtils::test_write_solution_to_file",
      "lineno": 105,
      "outcome": "passed",
      "keywords": [
        "test_write_solution_to_file",
        "TestUtils",
        "test_utils.py",
        "tests",
        "dwave-examples@3d-bin-packing__abb0ebd3__tabulate__prettytable",
        ""
      ],
      "setup": {
        "outcome": "passed"
      },
      "call": {
        "outcome": "passed",
        "stdout": "Number of cases: 2\nMinimum Number of bins required: 1\n  o_0_0 o_0_1 o_0_2 o_0_3 o_0_4 o_0_5 o_1_0 o_1_1 ... z_1 energy num_oc. ...\n0   0.0   0.0   0.0   0.0   0.0   1.0   0.0   0.0 ... 0.0    5.5       1 ...\n['INTEGER', 1 rows, 1 samples, 25 variables]\nSaved solution to C:\\Users\\Mohay\\AppData\\Local\\Temp\\tmprtgb76d_\\solution_test.txt\n"
      },
      "teardown": {
        "outcome": "passed"
      }
    }
  ]
}