{
  "exitcode": 1,
  "summary": {
    "passed": 77,
    "error": 4,
    "failed": 2,
    "total": 83,
    "collected": 83
  },
  "collectors": [
    {
      "nodeid": "",
      "outcome": "passed",
      "result": [
        {
          "nodeid": ".",
          "type": "Dir"
        }
      ]
    },
    {
      "nodeid": "docs",
      "outcome": "passed",
      "result": []
    },
    {
      "nodeid": "venvs/tests/test_common.py::TestCase",
      "outcome": "passed",
      "result": []
    },
    {
      "nodeid": "venvs/tests/test_common.py::TestLocator",
      "outcome": "passed",
      "result": [
        {
          "nodeid": "venvs/tests/test_common.py::TestLocator::test_named_virtualenvs_are_children",
          "type": "TestCaseFunction",
          "lineno": 8
        },
        {
          "nodeid": "venvs/tests/test_common.py::TestLocator::test_strips_py",
          "type": "TestCaseFunction",
          "lineno": 15
        },
        {
          "nodeid": "venvs/tests/test_common.py::TestLocator::test_strips_python",
          "type": "TestCaseFunction",
          "lineno": 22
        }
      ]
    },
    {
      "nodeid": "venvs/tests/test_common.py",
      "outcome": "passed",
      "result": [
        {
          "nodeid": "venvs/tests/test_common.py::TestCase",
          "type": "UnitTestCase"
        },
        {
          "nodeid": "venvs/tests/test_common.py::TestLocator",
          "type": "UnitTestCase"
        }
      ]
    },
    {
      "nodeid": "venvs/tests/test_config.py::TestCase",
      "outcome": "passed",
      "result": []
    },
    {
      "nodeid": "venvs/tests/test_config.py::TestConfig",
      "outcome": "passed",
      "result": [
        {
          "nodeid": "venvs/tests/test_config.py::TestConfig::test_add_empty",
          "type": "TestCaseFunction",
          "lineno": 230
        },
        {
          "nodeid": "venvs/tests/test_config.py::TestConfig::test_add_with_contents",
          "type": "TestCaseFunction",
          "lineno": 213
        },
        {
          "nodeid": "venvs/tests/test_config.py::TestConfig::test_bundles",
          "type": "TestCaseFunction",
          "lineno": 66
        },
        {
          "nodeid": "venvs/tests/test_config.py::TestConfig::test_duplicate_link_modules",
          "type": "TestCaseFunction",
          "lineno": 168
        },
        {
          "nodeid": "venvs/tests/test_config.py::TestConfig::test_duplicate_link_modules_across_venvs",
          "type": "TestCaseFunction",
          "lineno": 178
        },
        {
          "nodeid": "venvs/tests/test_config.py::TestConfig::test_duplicate_links",
          "type": "TestCaseFunction",
          "lineno": 146
        },
        {
          "nodeid": "venvs/tests/test_config.py::TestConfig::test_duplicate_links_across_venvs",
          "type": "TestCaseFunction",
          "lineno": 156
        },
        {
          "nodeid": "venvs/tests/test_config.py::TestConfig::test_duplicate_mixed_links",
          "type": "TestCaseFunction",
          "lineno": 190
        },
        {
          "nodeid": "venvs/tests/test_config.py::TestConfig::test_duplicate_mixed_links_across_venvs",
          "type": "TestCaseFunction",
          "lineno": 201
        },
        {
          "nodeid": "venvs/tests/test_config.py::TestConfig::test_empty",
          "type": "TestCaseFunction",
          "lineno": 238
        },
        {
          "nodeid": "venvs/tests/test_config.py::TestConfig::test_empty_from_string",
          "type": "TestCaseFunction",
          "lineno": 242
        },
        {
          "nodeid": "venvs/tests/test_config.py::TestConfig::test_expansion",
          "type": "TestCaseFunction",
          "lineno": 102
        },
        {
          "nodeid": "venvs/tests/test_config.py::TestConfig::test_explicit_python",
          "type": "TestCaseFunction",
          "lineno": 127
        },
        {
          "nodeid": "venvs/tests/test_config.py::TestConfig::test_links",
          "type": "TestCaseFunction",
          "lineno": 28
        },
        {
          "nodeid": "venvs/tests/test_config.py::TestConfig::test_links_to_same_binary",
          "type": "TestCaseFunction",
          "lineno": 47
        },
        {
          "nodeid": "venvs/tests/test_config.py::TestConfig::test_no_such_bundle",
          "type": "TestCaseFunction",
          "lineno": 91
        },
        {
          "nodeid": "venvs/tests/test_config.py::TestConfig::test_simple",
          "type": "TestCaseFunction",
          "lineno": 9
        }
      ]
    },
    {
      "nodeid": "venvs/tests/test_config.py",
      "outcome": "passed",
      "result": [
        {
          "nodeid": "venvs/tests/test_config.py::TestCase",
          "type": "UnitTestCase"
        },
        {
          "nodeid": "venvs/tests/test_config.py::TestConfig",
          "type": "UnitTestCase"
        }
      ]
    },
    {
      "nodeid": "venvs/tests/test_converge.py::TestCase",
      "outcome": "passed",
      "result": []
    },
    {
      "nodeid": "venvs/tests/test_converge.py::TestConverge",
      "outcome": "passed",
      "result": [
        {
          "nodeid": "venvs/tests/test_converge.py::TestConverge::test_bundles",
          "type": "TestCaseFunction",
          "lineno": 191
        },
        {
          "nodeid": "venvs/tests/test_converge.py::TestConverge::test_changing_a_bundle_recreates_the_venv",
          "type": "TestCaseFunction",
          "lineno": 623
        },
        {
          "nodeid": "venvs/tests/test_converge.py::TestConverge::test_conflicting_links",
          "type": "TestCaseFunction",
          "lineno": 437
        },
        {
          "nodeid": "venvs/tests/test_converge.py::TestConverge::test_conflicting_links_via_rename",
          "type": "TestCaseFunction",
          "lineno": 457
        },
        {
          "nodeid": "venvs/tests/test_converge.py::TestConverge::test_custom_link_dir",
          "type": "TestCaseFunction",
          "lineno": 385
        },
        {
          "nodeid": "venvs/tests/test_converge.py::TestConverge::test_invalid_config_recreates_the_venv",
          "type": "TestCaseFunction",
          "lineno": 678
        },
        {
          "nodeid": "venvs/tests/test_converge.py::TestConverge::test_it_can_be_asked_to_blow_up_immediately_on_create",
          "type": "TestCaseFunction",
          "lineno": 345
        },
        {
          "nodeid": "venvs/tests/test_converge.py::TestConverge::test_it_can_be_asked_to_blow_up_immediately_on_install",
          "type": "TestCaseFunction",
          "lineno": 295
        },
        {
          "nodeid": "venvs/tests/test_converge.py::TestConverge::test_it_converges_existing_virtualenvs",
          "type": "TestCaseFunction",
          "lineno": 52
        },
        {
          "nodeid": "venvs/tests/test_converge.py::TestConverge::test_it_converges_specified_virtualenvs",
          "type": "TestCaseFunction",
          "lineno": 84
        },
        {
          "nodeid": "venvs/tests/test_converge.py::TestConverge::test_it_creates_missing_virtualenvs",
          "type": "TestCaseFunction",
          "lineno": 12
        },
        {
          "nodeid": "venvs/tests/test_converge.py::TestConverge::test_it_does_not_blow_up_by_default_on_create",
          "type": "TestCaseFunction",
          "lineno": 318
        },
        {
          "nodeid": "venvs/tests/test_converge.py::TestConverge::test_it_does_not_blow_up_by_default_on_install",
          "type": "TestCaseFunction",
          "lineno": 268
        },
        {
          "nodeid": "venvs/tests/test_converge.py::TestConverge::test_it_does_not_run_post_commands_for_already_converged_envs",
          "type": "TestCaseFunction",
          "lineno": 146
        },
        {
          "nodeid": "venvs/tests/test_converge.py::TestConverge::test_it_runs_post_commands",
          "type": "TestCaseFunction",
          "lineno": 121
        },
        {
          "nodeid": "venvs/tests/test_converge.py::TestConverge::test_it_stops_post_commands_on_error",
          "type": "TestCaseFunction",
          "lineno": 169
        },
        {
          "nodeid": "venvs/tests/test_converge.py::TestConverge::test_link_exists",
          "type": "TestCaseFunction",
          "lineno": 402
        },
        {
          "nodeid": "venvs/tests/test_converge.py::TestConverge::test_link_exists_as_broken_symlink",
          "type": "TestCaseFunction",
          "lineno": 416
        },
        {
          "nodeid": "venvs/tests/test_converge.py::TestConverge::test_link_m_module",
          "type": "TestCaseFunction",
          "lineno": 512
        },
        {
          "nodeid": "venvs/tests/test_converge.py::TestConverge::test_link_m_module_does_not_replace_non_venvs_wrappers",
          "type": "TestCaseFunction",
          "lineno": 595
        },
        {
          "nodeid": "venvs/tests/test_converge.py::TestConverge::test_link_m_module_duplicated",
          "type": "TestCaseFunction",
          "lineno": 553
        },
        {
          "nodeid": "venvs/tests/test_converge.py::TestConverge::test_link_m_module_replaces_generated_files",
          "type": "TestCaseFunction",
          "lineno": 573
        },
        {
          "nodeid": "venvs/tests/test_converge.py::TestConverge::test_link_m_module_specified_name",
          "type": "TestCaseFunction",
          "lineno": 534
        },
        {
          "nodeid": "venvs/tests/test_converge.py::TestConverge::test_linking_the_same_binary_twice",
          "type": "TestCaseFunction",
          "lineno": 609
        },
        {
          "nodeid": "venvs/tests/test_converge.py::TestConverge::test_missing_config_recreates_the_venv",
          "type": "TestCaseFunction",
          "lineno": 658
        },
        {
          "nodeid": "venvs/tests/test_converge.py::TestConverge::test_missing_link_dir",
          "type": "TestCaseFunction",
          "lineno": 493
        },
        {
          "nodeid": "venvs/tests/test_converge.py::TestConverge::test_modifying_a_bundle_recreates_envs_using_it",
          "type": "TestCaseFunction",
          "lineno": 213
        },
        {
          "nodeid": "venvs/tests/test_converge.py::TestConverge::test_no_such_bundle",
          "type": "TestCaseFunction",
          "lineno": 249
        },
        {
          "nodeid": "venvs/tests/test_converge.py::TestConverge::test_specified_link_name",
          "type": "TestCaseFunction",
          "lineno": 477
        },
        {
          "nodeid": "venvs/tests/test_converge.py::TestConverge::test_specified_python",
          "type": "TestCaseFunction",
          "lineno": 368
        },
        {
          "nodeid": "venvs/tests/test_converge.py::TestConverge::test_valid_json_invalid_config_recreates_the_venv",
          "type": "TestCaseFunction",
          "lineno": 701
        }
      ]
    },
    {
      "nodeid": "venvs/tests/test_converge.py",
      "outcome": "passed",
      "result": [
        {
          "nodeid": "venvs/tests/test_converge.py::TestCase",
          "type": "UnitTestCase"
        },
        {
          "nodeid": "venvs/tests/test_converge.py::TestConverge",
          "type": "UnitTestCase"
        }
      ]
    },
    {
      "nodeid": "venvs/tests/test_create.py::TestCase",
      "outcome": "passed",
      "result": []
    },
    {
      "nodeid": "venvs/tests/test_create.py::TestCreate",
      "outcome": "passed",
      "result": [
        {
          "nodeid": "venvs/tests/test_create.py::TestCreate::test_create_creates_an_env_with_the_given_name",
          "type": "TestCaseFunction",
          "lineno": 13
        },
        {
          "nodeid": "venvs/tests/test_create.py::TestCreate::test_handle_empty_config_file",
          "type": "TestCaseFunction",
          "lineno": 116
        },
        {
          "nodeid": "venvs/tests/test_create.py::TestCreate::test_install_and_requirements",
          "type": "TestCaseFunction",
          "lineno": 33
        },
        {
          "nodeid": "venvs/tests/test_create.py::TestCreate::test_install_default_name",
          "type": "TestCaseFunction",
          "lineno": 54
        },
        {
          "nodeid": "venvs/tests/test_create.py::TestCreate::test_install_default_name_with_version_specification",
          "type": "TestCaseFunction",
          "lineno": 67
        },
        {
          "nodeid": "venvs/tests/test_create.py::TestCreate::test_install_edit_config",
          "type": "TestCaseFunction",
          "lineno": 104
        },
        {
          "nodeid": "venvs/tests/test_create.py::TestCreate::test_install_no_persist",
          "type": "TestCaseFunction",
          "lineno": 162
        },
        {
          "nodeid": "venvs/tests/test_create.py::TestCreate::test_link_default_name",
          "type": "TestCaseFunction",
          "lineno": 75
        },
        {
          "nodeid": "venvs/tests/test_create.py::TestCreate::test_multiple_installs_one_link",
          "type": "TestCaseFunction",
          "lineno": 90
        },
        {
          "nodeid": "venvs/tests/test_create.py::TestCreate::test_multiple_installs_one_link_no_name",
          "type": "TestCaseFunction",
          "lineno": 98
        },
        {
          "nodeid": "venvs/tests/test_create.py::TestCreate::test_no_persist_handles_missing_virtualenv_directory",
          "type": "TestCaseFunction",
          "lineno": 146
        },
        {
          "nodeid": "venvs/tests/test_create.py::TestCreate::test_persist_handles_missing_config_directory",
          "type": "TestCaseFunction",
          "lineno": 131
        },
        {
          "nodeid": "venvs/tests/test_create.py::TestCreate::test_recreate",
          "type": "TestCaseFunction",
          "lineno": 18
        },
        {
          "nodeid": "venvs/tests/test_create.py::TestCreate::test_venvs_default_name",
          "type": "TestCaseFunction",
          "lineno": 43
        }
      ]
    },
    {
      "nodeid": "venvs/tests/test_create.py::TestIntegration",
      "outcome": "passed",
      "result": [
        {
          "nodeid": "venvs/tests/test_create.py::TestIntegration::test_it_works",
          "type": "TestCaseFunction",
          "lineno": 184
        }
      ]
    },
    {
      "nodeid": "venvs/tests/test_create.py",
      "outcome": "passed",
      "result": [
        {
          "nodeid": "venvs/tests/test_create.py::TestCase",
          "type": "UnitTestCase"
        },
        {
          "nodeid": "venvs/tests/test_create.py::TestCreate",
          "type": "UnitTestCase"
        },
        {
          "nodeid": "venvs/tests/test_create.py::TestIntegration",
          "type": "UnitTestCase"
        }
      ]
    },
    {
      "nodeid": "venvs/tests/test_find.py::TestCase",
      "outcome": "passed",
      "result": []
    },
    {
      "nodeid": "venvs/tests/test_find.py::TestFind",
      "outcome": "passed",
      "result": [
        {
          "nodeid": "venvs/tests/test_find.py::TestFind::test_cannot_specify_random_garbage",
          "type": "TestCaseFunction",
          "lineno": 89
        },
        {
          "nodeid": "venvs/tests/test_find.py::TestFind::test_find_directory_defaults_to_cwd",
          "type": "TestCaseFunction",
          "lineno": 17
        },
        {
          "nodeid": "venvs/tests/test_find.py::TestFind::test_find_directory_finds_envs_by_directory",
          "type": "TestCaseFunction",
          "lineno": 9
        },
        {
          "nodeid": "venvs/tests/test_find.py::TestFind::test_find_directory_with_binary",
          "type": "TestCaseFunction",
          "lineno": 41
        },
        {
          "nodeid": "venvs/tests/test_find.py::TestFind::test_find_existing_by_dir_fails_for_non_existing_virtualenvs",
          "type": "TestCaseFunction",
          "lineno": 70
        },
        {
          "nodeid": "venvs/tests/test_find.py::TestFind::test_find_existing_by_dir_succeeds_for_existing_virtualenvs",
          "type": "TestCaseFunction",
          "lineno": 77
        },
        {
          "nodeid": "venvs/tests/test_find.py::TestFind::test_find_existing_by_name_fails_for_non_existing_virtualenvs",
          "type": "TestCaseFunction",
          "lineno": 52
        },
        {
          "nodeid": "venvs/tests/test_find.py::TestFind::test_find_existing_by_name_succeeds_for_existing_virtualenvs",
          "type": "TestCaseFunction",
          "lineno": 59
        },
        {
          "nodeid": "venvs/tests/test_find.py::TestFind::test_find_name_finds_envs_by_name",
          "type": "TestCaseFunction",
          "lineno": 27
        },
        {
          "nodeid": "venvs/tests/test_find.py::TestFind::test_find_without_args_finds_the_virtualenv_root",
          "type": "TestCaseFunction",
          "lineno": 34
        }
      ]
    },
    {
      "nodeid": "venvs/tests/test_find.py",
      "outcome": "passed",
      "result": [
        {
          "nodeid": "venvs/tests/test_find.py::TestCase",
          "type": "UnitTestCase"
        },
        {
          "nodeid": "venvs/tests/test_find.py::TestFind",
          "type": "UnitTestCase"
        }
      ]
    },
    {
      "nodeid": "venvs/tests/test_remove.py::TestCase",
      "outcome": "passed",
      "result": []
    },
    {
      "nodeid": "venvs/tests/test_remove.py::TestRemove",
      "outcome": "passed",
      "result": [
        {
          "nodeid": "venvs/tests/test_remove.py::TestRemove::test_can_remove_non_existing_envs_with_force",
          "type": "TestCaseFunction",
          "lineno": 32
        },
        {
          "nodeid": "venvs/tests/test_remove.py::TestRemove::test_cannot_remove_non_existing_envs",
          "type": "TestCaseFunction",
          "lineno": 27
        },
        {
          "nodeid": "venvs/tests/test_remove.py::TestRemove::test_remove_multiple",
          "type": "TestCaseFunction",
          "lineno": 14
        },
        {
          "nodeid": "venvs/tests/test_remove.py::TestRemove::test_remove_removes_an_env_with_the_given_name",
          "type": "TestCaseFunction",
          "lineno": 7
        }
      ]
    },
    {
      "nodeid": "venvs/tests/test_remove.py",
      "outcome": "passed",
      "result": [
        {
          "nodeid": "venvs/tests/test_remove.py::TestCase",
          "type": "UnitTestCase"
        },
        {
          "nodeid": "venvs/tests/test_remove.py::TestRemove",
          "type": "UnitTestCase"
        }
      ]
    },
    {
      "nodeid": "venvs/tests/test_temporary.py::TestCase",
      "outcome": "passed",
      "result": []
    },
    {
      "nodeid": "venvs/tests/test_temporary.py::TestTemporary",
      "outcome": "passed",
      "result": [
        {
          "nodeid": "venvs/tests/test_temporary.py::TestTemporary::test_env_with_single_install",
          "type": "TestCaseFunction",
          "lineno": 30
        },
        {
          "nodeid": "venvs/tests/test_temporary.py::TestTemporary::test_it_creates_a_global_temporary_environment",
          "type": "TestCaseFunction",
          "lineno": 6
        },
        {
          "nodeid": "venvs/tests/test_temporary.py::TestTemporary::test_it_recreates_the_environment_if_it_exists",
          "type": "TestCaseFunction",
          "lineno": 16
        }
      ]
    },
    {
      "nodeid": "venvs/tests/test_temporary.py",
      "outcome": "passed",
      "result": [
        {
          "nodeid": "venvs/tests/test_temporary.py::TestCase",
          "type": "UnitTestCase"
        },
        {
          "nodeid": "venvs/tests/test_temporary.py::TestTemporary",
          "type": "UnitTestCase"
        }
      ]
    },
    {
      "nodeid": "venvs/tests",
      "outcome": "passed",
      "result": [
        {
          "nodeid": "venvs/tests/test_common.py",
          "type": "Module"
        },
        {
          "nodeid": "venvs/tests/test_config.py",
          "type": "Module"
        },
        {
          "nodeid": "venvs/tests/test_converge.py",
          "type": "Module"
        },
        {
          "nodeid": "venvs/tests/test_create.py",
          "type": "Module"
        },
        {
          "nodeid": "venvs/tests/test_find.py",
          "type": "Module"
        },
        {
          "nodeid": "venvs/tests/test_remove.py",
          "type": "Module"
        },
        {
          "nodeid": "venvs/tests/test_temporary.py",
          "type": "Module"
        }
      ]
    },
    {
      "nodeid": "venvs",
      "outcome": "passed",
      "result": [
        {
          "nodeid": "venvs/tests",
          "type": "Package"
        }
      ]
    },
    {
      "nodeid": ".",
      "outcome": "passed",
      "result": [
        {
          "nodeid": "docs",
          "type": "Dir"
        },
        {
          "nodeid": "venvs",
          "type": "Package"
        }
      ]
    }
  ],
  "tests": [
    {
      "nodeid": "venvs/tests/test_common.py::TestLocator::test_named_virtualenvs_are_children",
      "lineno": 8,
      "outcome": "passed",
      "keywords": [
        "test_named_virtualenvs_are_children",
        "TestLocator",
        "test_common.py",
        "tests",
        "venvs",
        "julian@venvs__71ef4365__click__plac",
        ""
      ],
      "setup": {
        "outcome": "passed"
      },
      "call": {
        "outcome": "passed"
      },
      "teardown": {
        "outcome": "passed"
      }
    },
    {
      "nodeid": "venvs/tests/test_common.py::TestLocator::test_strips_py",
      "lineno": 15,
      "outcome": "passed",
      "keywords": [
        "test_strips_py",
        "TestLocator",
        "test_common.py",
        "tests",
        "venvs",
        "julian@venvs__71ef4365__click__plac",
        ""
      ],
      "setup": {
        "outcome": "passed"
      },
      "call": {
        "outcome": "passed"
      },
      "teardown": {
        "outcome": "passed"
      }
    },
    {
      "nodeid": "venvs/tests/test_common.py::TestLocator::test_strips_python",
      "lineno": 22,
      "outcome": "passed",
      "keywords": [
        "test_strips_python",
        "TestLocator",
        "test_common.py",
        "tests",
        "venvs",
        "julian@venvs__71ef4365__click__plac",
        ""
      ],
      "setup": {
        "outcome": "passed"
      },
      "call": {
        "outcome": "passed"
      },
      "teardown": {
        "outcome": "passed"
      }
    },
    {
      "nodeid": "venvs/tests/test_config.py::TestConfig::test_add_empty",
      "lineno": 230,
      "outcome": "passed",
      "keywords": [
        "test_add_empty",
        "TestConfig",
        "test_config.py",
        "tests",
        "venvs",
        "julian@venvs__71ef4365__click__plac",
        ""
      ],
      "setup": {
        "outcome": "passed"
      },
      "call": {
        "outcome": "passed"
      },
      "teardown": {
        "outcome": "passed"
      }
    },
    {
      "nodeid": "venvs/tests/test_config.py::TestConfig::test_add_with_contents",
      "lineno": 213,
      "outcome": "passed",
      "keywords": [
        "test_add_with_contents",
        "TestConfig",
        "test_config.py",
        "tests",
        "venvs",
        "julian@venvs__71ef4365__click__plac",
        ""
      ],
      "setup": {
        "outcome": "passed"
      },
      "call": {
        "outcome": "passed"
      },
      "teardown": {
        "outcome": "passed"
      }
    },
    {
      "nodeid": "venvs/tests/test_config.py::TestConfig::test_bundles",
      "lineno": 66,
      "outcome": "passed",
      "keywords": [
        "test_bundles",
        "TestConfig",
        "test_config.py",
        "tests",
        "venvs",
        "julian@venvs__71ef4365__click__plac",
        ""
      ],
      "setup": {
        "outcome": "passed"
      },
      "call": {
        "outcome": "passed"
      },
      "teardown": {
        "outcome": "passed"
      }
    },
    {
      "nodeid": "venvs/tests/test_config.py::TestConfig::test_duplicate_link_modules",
      "lineno": 168,
      "outcome": "passed",
      "keywords": [
        "test_duplicate_link_modules",
        "TestConfig",
        "test_config.py",
        "tests",
        "venvs",
        "julian@venvs__71ef4365__click__plac",
        ""
      ],
      "setup": {
        "outcome": "passed"
      },
      "call": {
        "outcome": "passed"
      },
      "teardown": {
        "outcome": "passed"
      }
    },
    {
      "nodeid": "venvs/tests/test_config.py::TestConfig::test_duplicate_link_modules_across_venvs",
      "lineno": 178,
      "outcome": "passed",
      "keywords": [
        "test_duplicate_link_modules_across_venvs",
        "TestConfig",
        "test_config.py",
        "tests",
        "venvs",
        "julian@venvs__71ef4365__click__plac",
        ""
      ],
      "setup": {
        "outcome": "passed"
      },
      "call": {
        "outcome": "passed"
      },
      "teardown": {
        "outcome": "passed"
      }
    },
    {
      "nodeid": "venvs/tests/test_config.py::TestConfig::test_duplicate_links",
      "lineno": 146,
      "outcome": "passed",
      "keywords": [
        "test_duplicate_links",
        "TestConfig",
        "test_config.py",
        "tests",
        "venvs",
        "julian@venvs__71ef4365__click__plac",
        ""
      ],
      "setup": {
        "outcome": "passed"
      },
      "call": {
        "outcome": "passed"
      },
      "teardown": {
        "outcome": "passed"
      }
    },
    {
      "nodeid": "venvs/tests/test_config.py::TestConfig::test_duplicate_links_across_venvs",
      "lineno": 156,
      "outcome": "passed",
      "keywords": [
        "test_duplicate_links_across_venvs",
        "TestConfig",
        "test_config.py",
        "tests",
        "venvs",
        "julian@venvs__71ef4365__click__plac",
        ""
      ],
      "setup": {
        "outcome": "passed"
      },
      "call": {
        "outcome": "passed"
      },
      "teardown": {
        "outcome": "passed"
      }
    },
    {
      "nodeid": "venvs/tests/test_config.py::TestConfig::test_duplicate_mixed_links",
      "lineno": 190,
      "outcome": "passed",
      "keywords": [
        "test_duplicate_mixed_links",
        "TestConfig",
        "test_config.py",
        "tests",
        "venvs",
        "julian@venvs__71ef4365__click__plac",
        ""
      ],
      "setup": {
        "outcome": "passed"
      },
      "call": {
        "outcome": "passed"
      },
      "teardown": {
        "outcome": "passed"
      }
    },
    {
      "nodeid": "venvs/tests/test_config.py::TestConfig::test_duplicate_mixed_links_across_venvs",
      "lineno": 201,
      "outcome": "passed",
      "keywords": [
        "test_duplicate_mixed_links_across_venvs",
        "TestConfig",
        "test_config.py",
        "tests",
        "venvs",
        "julian@venvs__71ef4365__click__plac",
        ""
      ],
      "setup": {
        "outcome": "passed"
      },
      "call": {
        "outcome": "passed"
      },
      "teardown": {
        "outcome": "passed"
      }
    },
    {
      "nodeid": "venvs/tests/test_config.py::TestConfig::test_empty",
      "lineno": 238,
      "outcome": "passed",
      "keywords": [
        "test_empty",
        "TestConfig",
        "test_config.py",
        "tests",
        "venvs",
        "julian@venvs__71ef4365__click__plac",
        ""
      ],
      "setup": {
        "outcome": "passed"
      },
      "call": {
        "outcome": "passed"
      },
      "teardown": {
        "outcome": "passed"
      }
    },
    {
      "nodeid": "venvs/tests/test_config.py::TestConfig::test_empty_from_string",
      "lineno": 242,
      "outcome": "passed",
      "keywords": [
        "test_empty_from_string",
        "TestConfig",
        "test_config.py",
        "tests",
        "venvs",
        "julian@venvs__71ef4365__click__plac",
        ""
      ],
      "setup": {
        "outcome": "passed"
      },
      "call": {
        "outcome": "passed"
      },
      "teardown": {
        "outcome": "passed"
      }
    },
    {
      "nodeid": "venvs/tests/test_config.py::TestConfig::test_expansion",
      "lineno": 102,
      "outcome": "passed",
      "keywords": [
        "test_expansion",
        "TestConfig",
        "test_config.py",
        "tests",
        "venvs",
        "julian@venvs__71ef4365__click__plac",
        ""
      ],
      "setup": {
        "outcome": "passed"
      },
      "call": {
        "outcome": "passed"
      },
      "teardown": {
        "outcome": "passed"
      }
    },
    {
      "nodeid": "venvs/tests/test_config.py::TestConfig::test_explicit_python",
      "lineno": 127,
      "outcome": "passed",
      "keywords": [
        "test_explicit_python",
        "TestConfig",
        "test_config.py",
        "tests",
        "venvs",
        "julian@venvs__71ef4365__click__plac",
        ""
      ],
      "setup": {
        "outcome": "passed"
      },
      "call": {
        "outcome": "passed"
      },
      "teardown": {
        "outcome": "passed"
      }
    },
    {
      "nodeid": "venvs/tests/test_config.py::TestConfig::test_links",
      "lineno": 28,
      "outcome": "passed",
      "keywords": [
        "test_links",
        "TestConfig",
        "test_config.py",
        "tests",
        "venvs",
        "julian@venvs__71ef4365__click__plac",
        ""
      ],
      "setup": {
        "outcome": "passed"
      },
      "call": {
        "outcome": "passed"
      },
      "teardown": {
        "outcome": "passed"
      }
    },
    {
      "nodeid": "venvs/tests/test_config.py::TestConfig::test_links_to_same_binary",
      "lineno": 47,
      "outcome": "passed",
      "keywords": [
        "test_links_to_same_binary",
        "TestConfig",
        "test_config.py",
        "tests",
        "venvs",
        "julian@venvs__71ef4365__click__plac",
        ""
      ],
      "setup": {
        "outcome": "passed"
      },
      "call": {
        "outcome": "passed"
      },
      "teardown": {
        "outcome": "passed"
      }
    },
    {
      "nodeid": "venvs/tests/test_config.py::TestConfig::test_no_such_bundle",
      "lineno": 91,
      "outcome": "passed",
      "keywords": [
        "test_no_such_bundle",
        "TestConfig",
        "test_config.py",
        "tests",
        "venvs",
        "julian@venvs__71ef4365__click__plac",
        ""
      ],
      "setup": {
        "outcome": "passed"
      },
      "call": {
        "outcome": "passed"
      },
      "teardown": {
        "outcome": "passed"
      }
    },
    {
      "nodeid": "venvs/tests/test_config.py::TestConfig::test_simple",
      "lineno": 9,
      "outcome": "passed",
      "keywords": [
        "test_simple",
        "TestConfig",
        "test_config.py",
        "tests",
        "venvs",
        "julian@venvs__71ef4365__click__plac",
        ""
      ],
      "setup": {
        "outcome": "passed"
      },
      "call": {
        "outcome": "passed"
      },
      "teardown": {
        "outcome": "passed"
      }
    },
    {
      "nodeid": "venvs/tests/test_converge.py::TestConverge::test_bundles",
      "lineno": 191,
      "outcome": "passed",
      "keywords": [
        "test_bundles",
        "TestConverge",
        "test_converge.py",
        "tests",
        "venvs",
        "julian@venvs__71ef4365__click__plac",
        ""
      ],
      "setup": {
        "outcome": "passed"
      },
      "call": {
        "outcome": "passed"
      },
      "teardown": {
        "outcome": "passed"
      }
    },
    {
      "nodeid": "venvs/tests/test_converge.py::TestConverge::test_changing_a_bundle_recreates_the_venv",
      "lineno": 623,
      "outcome": "passed",
      "keywords": [
        "test_changing_a_bundle_recreates_the_venv",
        "TestConverge",
        "test_converge.py",
        "tests",
        "venvs",
        "julian@venvs__71ef4365__click__plac",
        ""
      ],
      "setup": {
        "outcome": "passed"
      },
      "call": {
        "outcome": "passed"
      },
      "teardown": {
        "outcome": "passed"
      }
    },
    {
      "nodeid": "venvs/tests/test_converge.py::TestConverge::test_conflicting_links",
      "lineno": 437,
      "outcome": "passed",
      "keywords": [
        "test_conflicting_links",
        "TestConverge",
        "test_converge.py",
        "tests",
        "venvs",
        "julian@venvs__71ef4365__click__plac",
        ""
      ],
      "setup": {
        "outcome": "passed"
      },
      "call": {
        "outcome": "passed"
      },
      "teardown": {
        "outcome": "passed"
      }
    },
    {
      "nodeid": "venvs/tests/test_converge.py::TestConverge::test_conflicting_links_via_rename",
      "lineno": 457,
      "outcome": "passed",
      "keywords": [
        "test_conflicting_links_via_rename",
        "TestConverge",
        "test_converge.py",
        "tests",
        "venvs",
        "julian@venvs__71ef4365__click__plac",
        ""
      ],
      "setup": {
        "outcome": "passed"
      },
      "call": {
        "outcome": "passed"
      },
      "teardown": {
        "outcome": "passed"
      }
    },
    {
      "nodeid": "venvs/tests/test_converge.py::TestConverge::test_custom_link_dir",
      "lineno": 385,
      "outcome": "passed",
      "keywords": [
        "test_custom_link_dir",
        "TestConverge",
        "test_converge.py",
        "tests",
        "venvs",
        "julian@venvs__71ef4365__click__plac",
        ""
      ],
      "setup": {
        "outcome": "passed"
      },
      "call": {
        "outcome": "passed"
      },
      "teardown": {
        "outcome": "passed"
      }
    },
    {
      "nodeid": "venvs/tests/test_converge.py::TestConverge::test_invalid_config_recreates_the_venv",
      "lineno": 678,
      "outcome": "passed",
      "keywords": [
        "test_invalid_config_recreates_the_venv",
        "TestConverge",
        "test_converge.py",
        "tests",
        "venvs",
        "julian@venvs__71ef4365__click__plac",
        ""
      ],
      "setup": {
        "outcome": "passed"
      },
      "call": {
        "outcome": "passed"
      },
      "teardown": {
        "outcome": "passed"
      }
    },
    {
      "nodeid": "venvs/tests/test_converge.py::TestConverge::test_it_can_be_asked_to_blow_up_immediately_on_create",
      "lineno": 345,
      "outcome": "passed",
      "keywords": [
        "test_it_can_be_asked_to_blow_up_immediately_on_create",
        "TestConverge",
        "test_converge.py",
        "tests",
        "venvs",
        "julian@venvs__71ef4365__click__plac",
        ""
      ],
      "setup": {
        "outcome": "passed"
      },
      "call": {
        "outcome": "passed"
      },
      "teardown": {
        "outcome": "passed"
      }
    },
    {
      "nodeid": "venvs/tests/test_converge.py::TestConverge::test_it_can_be_asked_to_blow_up_immediately_on_install",
      "lineno": 295,
      "outcome": "passed",
      "keywords": [
        "test_it_can_be_asked_to_blow_up_immediately_on_install",
        "TestConverge",
        "test_converge.py",
        "tests",
        "venvs",
        "julian@venvs__71ef4365__click__plac",
        ""
      ],
      "setup": {
        "outcome": "passed"
      },
      "call": {
        "outcome": "passed"
      },
      "teardown": {
        "outcome": "passed"
      }
    },
    {
      "nodeid": "venvs/tests/test_converge.py::TestConverge::test_it_converges_existing_virtualenvs",
      "lineno": 52,
      "outcome": "passed",
      "keywords": [
        "test_it_converges_existing_virtualenvs",
        "TestConverge",
        "test_converge.py",
        "tests",
        "venvs",
        "julian@venvs__71ef4365__click__plac",
        ""
      ],
      "setup": {
        "outcome": "passed"
      },
      "call": {
        "outcome": "passed"
      },
      "teardown": {
        "outcome": "passed"
      }
    },
    {
      "nodeid": "venvs/tests/test_converge.py::TestConverge::test_it_converges_specified_virtualenvs",
      "lineno": 84,
      "outcome": "passed",
      "keywords": [
        "test_it_converges_specified_virtualenvs",
        "TestConverge",
        "test_converge.py",
        "tests",
        "venvs",
        "julian@venvs__71ef4365__click__plac",
        ""
      ],
      "setup": {
        "outcome": "passed"
      },
      "call": {
        "outcome": "passed"
      },
      "teardown": {
        "outcome": "passed"
      }
    },
    {
      "nodeid": "venvs/tests/test_converge.py::TestConverge::test_it_creates_missing_virtualenvs",
      "lineno": 12,
      "outcome": "passed",
      "keywords": [
        "test_it_creates_missing_virtualenvs",
        "TestConverge",
        "test_converge.py",
        "tests",
        "venvs",
        "julian@venvs__71ef4365__click__plac",
        ""
      ],
      "setup": {
        "outcome": "passed"
      },
      "call": {
        "outcome": "passed"
      },
      "teardown": {
        "outcome": "passed"
      }
    },
    {
      "nodeid": "venvs/tests/test_converge.py::TestConverge::test_it_does_not_blow_up_by_default_on_create",
      "lineno": 318,
      "outcome": "passed",
      "keywords": [
        "test_it_does_not_blow_up_by_default_on_create",
        "TestConverge",
        "test_converge.py",
        "tests",
        "venvs",
        "julian@venvs__71ef4365__click__plac",
        ""
      ],
      "setup": {
        "outcome": "passed"
      },
      "call": {
        "outcome": "passed"
      },
      "teardown": {
        "outcome": "passed"
      }
    },
    {
      "nodeid": "venvs/tests/test_converge.py::TestConverge::test_it_does_not_blow_up_by_default_on_install",
      "lineno": 268,
      "outcome": "passed",
      "keywords": [
        "test_it_does_not_blow_up_by_default_on_install",
        "TestConverge",
        "test_converge.py",
        "tests",
        "venvs",
        "julian@venvs__71ef4365__click__plac",
        ""
      ],
      "setup": {
        "outcome": "passed"
      },
      "call": {
        "outcome": "passed"
      },
      "teardown": {
        "outcome": "passed"
      }
    },
    {
      "nodeid": "venvs/tests/test_converge.py::TestConverge::test_it_does_not_run_post_commands_for_already_converged_envs",
      "lineno": 146,
      "outcome": "error",
      "keywords": [
        "test_it_does_not_run_post_commands_for_already_converged_envs",
        "TestConverge",
        "test_converge.py",
        "tests",
        "venvs",
        "julian@venvs__71ef4365__click__plac",
        ""
      ],
      "setup": {
        "outcome": "passed"
      },
      "call": {
        "outcome": "failed",
        "crash": {
          "path": "D:\\repos\\julian@venvs__71ef4365__click__plac\\.venv\\Lib\\site-packages\\tomlkit\\parser.py",
          "lineno": 770,
          "message": "tomlkit.exceptions.InvalidUnicodeValueError: Invalid unicode value at line 5 col 30"
        },
        "traceback": [
          {
            "path": "venvs\\tests\\test_converge.py",
            "lineno": 164,
            "message": ""
          },
          {
            "path": "venvs\\tests\\utils.py",
            "lineno": 100,
            "message": "in run_cli"
          },
          {
            "path": ".venv\\Lib\\site-packages\\click\\testing.py",
            "lineno": 408,
            "message": "in invoke"
          },
          {
            "path": "venvs\\tests\\utils.py",
            "lineno": 142,
            "message": "in main"
          },
          {
            "path": ".venv\\Lib\\site-packages\\click\\core.py",
            "lineno": 1078,
            "message": "in main"
          },
          {
            "path": ".venv\\Lib\\site-packages\\click\\core.py",
            "lineno": 1688,
            "message": "in invoke"
          },
          {
            "path": ".venv\\Lib\\site-packages\\click\\core.py",
            "lineno": 1434,
            "message": "in invoke"
          },
          {
            "path": ".venv\\Lib\\site-packages\\click\\core.py",
            "lineno": 783,
            "message": "in invoke"
          },
          {
            "path": "venvs\\converge.py",
            "lineno": 67,
            "message": "in main"
          },
          {
            "path": "venvs\\converge.py",
            "lineno": 117,
            "message": "in _loop"
          },
          {
            "path": "venvs\\_config.py",
            "lineno": 121,
            "message": "in from_locator"
          },
          {
            "path": "venvs\\_config.py",
            "lineno": 107,
            "message": "in from_string"
          },
          {
            "path": ".venv\\Lib\\site-packages\\tomlkit\\api.py",
            "lineno": 46,
            "message": "in loads"
          },
          {
            "path": ".venv\\Lib\\site-packages\\tomlkit\\api.py",
            "lineno": 86,
            "message": "in parse"
          },
          {
            "path": ".venv\\Lib\\site-packages\\tomlkit\\parser.py",
            "lineno": 154,
            "message": "in parse"
          },
          {
            "path": ".venv\\Lib\\site-packages\\tomlkit\\parser.py",
            "lineno": 1002,
            "message": "in _parse_table"
          },
          {
            "path": ".venv\\Lib\\site-packages\\tomlkit\\parser.py",
            "lineno": 238,
            "message": "in _parse_item"
          },
          {
            "path": ".venv\\Lib\\site-packages\\tomlkit\\parser.py",
            "lineno": 331,
            "message": "in _parse_key_value"
          },
          {
            "path": ".venv\\Lib\\site-packages\\tomlkit\\parser.py",
            "lineno": 435,
            "message": "in _parse_value"
          },
          {
            "path": ".venv\\Lib\\site-packages\\tomlkit\\parser.py",
            "lineno": 589,
            "message": "in _parse_array"
          },
          {
            "path": ".venv\\Lib\\site-packages\\tomlkit\\parser.py",
            "lineno": 435,
            "message": "in _parse_value"
          },
          {
            "path": ".venv\\Lib\\site-packages\\tomlkit\\parser.py",
            "lineno": 589,
            "message": "in _parse_array"
          },
          {
            "path": ".venv\\Lib\\site-packages\\tomlkit\\parser.py",
            "lineno": 427,
            "message": "in _parse_value"
          },
          {
            "path": ".venv\\Lib\\site-packages\\tomlkit\\parser.py",
            "lineno": 727,
            "message": "in _parse_basic_string"
          },
          {
            "path": ".venv\\Lib\\site-packages\\tomlkit\\parser.py",
            "lineno": 869,
            "message": "in _parse_string"
          },
          {
            "path": ".venv\\Lib\\site-packages\\tomlkit\\parser.py",
            "lineno": 770,
            "message": "InvalidUnicodeValueError"
          }
        ],
        "longrepr": "self = <venvs.tests.test_converge.TestConverge testMethod=test_it_does_not_run_post_commands_for_already_converged_envs>\n\n    def test_it_does_not_run_post_commands_for_already_converged_envs(self):\n        self.assertFalse(self.locator.for_name(\"a\").exists_on(self.filesystem))\n    \n        file = NamedTemporaryFile(delete=False)\n        self.addCleanup(os.remove, file.name)\n    \n        self.filesystem.set_contents(\n            self.locator.root.descendant(\"virtualenvs.toml\"),\n            f\"\"\"\n            [virtualenv.a]\n            post-commands = [\n                [\"true\"],\n                [\"touch\", \"{file.name}\"],\n            ]\n            \"\"\",\n        )\n    \n>       self.run_cli([\"converge\"])\n\nvenvs\\tests\\test_converge.py:164: \n_ _ _ _ _ _ _ _ _ _ _ _ _ _ _ _ _ _ _ _ _ _ _ _ _ _ _ _ _ _ _ _ _ _ _ _ _ _ _ _\nvenvs\\tests\\utils.py:100: in run_cli\n    result = runner.invoke(\n.venv\\Lib\\site-packages\\click\\testing.py:408: in invoke\n    return_value = cli.main(args=args or (), prog_name=prog_name, **extra)\nvenvs\\tests\\utils.py:142: in main\n    real_main.main(*args, **kwargs)\n.venv\\Lib\\site-packages\\click\\core.py:1078: in main\n    rv = self.invoke(ctx)\n.venv\\Lib\\site-packages\\click\\core.py:1688: in invoke\n    return _process_result(sub_ctx.command.invoke(sub_ctx))\n.venv\\Lib\\site-packages\\click\\core.py:1434: in invoke\n    return ctx.invoke(self.callback, **ctx.params)\n.venv\\Lib\\site-packages\\click\\core.py:783: in invoke\n    return __callback(*args, **kwargs)\nvenvs\\converge.py:67: in main\n    for config, virtualenv in _loop(\nvenvs\\converge.py:117: in _loop\n    config = Config.from_locator(filesystem=filesystem, locator=locator)\nvenvs\\_config.py:121: in from_locator\n    return cls.from_string(contents)\nvenvs\\_config.py:107: in from_string\n    document = tomlkit.loads(string)\n.venv\\Lib\\site-packages\\tomlkit\\api.py:46: in loads\n    return parse(string)\n.venv\\Lib\\site-packages\\tomlkit\\api.py:86: in parse\n    return Parser(string).parse()\n.venv\\Lib\\site-packages\\tomlkit\\parser.py:154: in parse\n    key, value = self._parse_table()\n.venv\\Lib\\site-packages\\tomlkit\\parser.py:1002: in _parse_table\n    item = self._parse_item()\n.venv\\Lib\\site-packages\\tomlkit\\parser.py:238: in _parse_item\n    return self._parse_key_value(True)\n.venv\\Lib\\site-packages\\tomlkit\\parser.py:331: in _parse_key_value\n    val = self._parse_value()\n.venv\\Lib\\site-packages\\tomlkit\\parser.py:435: in _parse_value\n    return self._parse_array()\n.venv\\Lib\\site-packages\\tomlkit\\parser.py:589: in _parse_array\n    elems.append(self._parse_value())\n.venv\\Lib\\site-packages\\tomlkit\\parser.py:435: in _parse_value\n    return self._parse_array()\n.venv\\Lib\\site-packages\\tomlkit\\parser.py:589: in _parse_array\n    elems.append(self._parse_value())\n.venv\\Lib\\site-packages\\tomlkit\\parser.py:427: in _parse_value\n    return self._parse_basic_string()\n.venv\\Lib\\site-packages\\tomlkit\\parser.py:727: in _parse_basic_string\n    return self._parse_string(StringType.SLB)\n.venv\\Lib\\site-packages\\tomlkit\\parser.py:869: in _parse_string\n    value += self._parse_escaped_char(delim.is_multiline())\n_ _ _ _ _ _ _ _ _ _ _ _ _ _ _ _ _ _ _ _ _ _ _ _ _ _ _ _ _ _ _ _ _ _ _ _ _ _ _ _\n\nself = <tomlkit.parser.Parser object at 0x000002A3DBC21F70>, multiline = False\n\n    def _parse_escaped_char(self, multiline):\n        if multiline and self._current.is_ws():\n            # When the last non-whitespace character on a line is\n            # a \\, it will be trimmed along with all whitespace\n            # (including newlines) up to the next non-whitespace\n            # character or closing delimiter.\n            # \"\"\"\\\n            #     hello \\\n            #     world\"\"\"\n            tmp = \"\"\n            while self._current.is_ws():\n                tmp += self._current\n                # consume the whitespace, EOF here is an issue\n                # (middle of string)\n                self.inc(exception=UnexpectedEofError)\n                continue\n    \n            # the escape followed by whitespace must have a newline\n            # before any other chars\n            if \"\\n\" not in tmp:\n                raise self.parse_error(InvalidCharInStringError, self._current)\n    \n            return \"\"\n    \n        if self._current in _escaped:\n            c = _escaped[self._current]\n    \n            # consume this char, EOF here is an issue (middle of string)\n            self.inc(exception=UnexpectedEofError)\n    \n            return c\n    \n        if self._current in {\"u\", \"U\"}:\n            # this needs to be a unicode\n            u, ue = self._peek_unicode(self._current == \"U\")\n            if u is not None:\n                # consume the U char and the unicode value\n                self.inc_n(len(ue) + 1)\n    \n                return u\n    \n>           raise self.parse_error(InvalidUnicodeValueError)\nE           tomlkit.exceptions.InvalidUnicodeValueError: Invalid unicode value at line 5 col 30\n\n.venv\\Lib\\site-packages\\tomlkit\\parser.py:770: InvalidUnicodeValueError"
      },
      "teardown": {
        "outcome": "failed",
        "crash": {
          "path": "C:\\Users\\Mohay\\AppData\\Local\\Programs\\Python\\Python312\\Lib\\unittest\\case.py",
          "lineno": 597,
          "message": "PermissionError: [WinError 32] The process cannot access the file because it is being used by another process: 'C:\\\\Users\\\\Mohay\\\\AppData\\\\Local\\\\Temp\\\\tmpj16tirm_'"
        },
        "traceback": [
          {
            "path": "C:\\Users\\Mohay\\AppData\\Local\\Programs\\Python\\Python312\\Lib\\unittest\\case.py",
            "lineno": 58,
            "message": ""
          },
          {
            "path": "C:\\Users\\Mohay\\AppData\\Local\\Programs\\Python\\Python312\\Lib\\unittest\\case.py",
            "lineno": 671,
            "message": "in doCleanups"
          },
          {
            "path": "C:\\Users\\Mohay\\AppData\\Local\\Programs\\Python\\Python312\\Lib\\unittest\\case.py",
            "lineno": 597,
            "message": "PermissionError"
          }
        ],
        "longrepr": "self = <unittest.case._Outcome object at 0x000002A3DBBEADE0>\ntest_case = <venvs.tests.test_converge.TestConverge testMethod=test_it_does_not_run_post_commands_for_already_converged_envs>\nsubTest = False\n\n    @contextlib.contextmanager\n    def testPartExecutor(self, test_case, subTest=False):\n        old_success = self.success\n        self.success = True\n        try:\n>           yield\n\nC:\\Users\\Mohay\\AppData\\Local\\Programs\\Python\\Python312\\Lib\\unittest\\case.py:58: \n_ _ _ _ _ _ _ _ _ _ _ _ _ _ _ _ _ _ _ _ _ _ _ _ _ _ _ _ _ _ _ _ _ _ _ _ _ _ _ _\nC:\\Users\\Mohay\\AppData\\Local\\Programs\\Python\\Python312\\Lib\\unittest\\case.py:671: in doCleanups\n    self._callCleanup(function, *args, **kwargs)\n_ _ _ _ _ _ _ _ _ _ _ _ _ _ _ _ _ _ _ _ _ _ _ _ _ _ _ _ _ _ _ _ _ _ _ _ _ _ _ _\n\nself = <venvs.tests.test_converge.TestConverge testMethod=test_it_does_not_run_post_commands_for_already_converged_envs>\nfunction = <built-in function remove>\nargs = ('C:\\\\Users\\\\Mohay\\\\AppData\\\\Local\\\\Temp\\\\tmpj16tirm_',), kwargs = {}\n\n    def _callCleanup(self, function, /, *args, **kwargs):\n>       function(*args, **kwargs)\nE       PermissionError: [WinError 32] The process cannot access the file because it is being used by another process: 'C:\\\\Users\\\\Mohay\\\\AppData\\\\Local\\\\Temp\\\\tmpj16tirm_'\n\nC:\\Users\\Mohay\\AppData\\Local\\Programs\\Python\\Python312\\Lib\\unittest\\case.py:597: PermissionError"
      }
    },
    {
      "nodeid": "venvs/tests/test_converge.py::TestConverge::test_it_runs_post_commands",
      "lineno": 121,
      "outcome": "error",
      "keywords": [
        "test_it_runs_post_commands",
        "TestConverge",
        "test_converge.py",
        "tests",
        "venvs",
        "julian@venvs__71ef4365__click__plac",
        ""
      ],
      "setup": {
        "outcome": "passed"
      },
      "call": {
        "outcome": "failed",
        "crash": {
          "path": "D:\\repos\\julian@venvs__71ef4365__click__plac\\.venv\\Lib\\site-packages\\tomlkit\\parser.py",
          "lineno": 770,
          "message": "tomlkit.exceptions.InvalidUnicodeValueError: Invalid unicode value at line 5 col 52"
        },
        "traceback": [
          {
            "path": "venvs\\tests\\test_converge.py",
            "lineno": 142,
            "message": ""
          },
          {
            "path": "venvs\\tests\\utils.py",
            "lineno": 100,
            "message": "in run_cli"
          },
          {
            "path": ".venv\\Lib\\site-packages\\click\\testing.py",
            "lineno": 408,
            "message": "in invoke"
          },
          {
            "path": "venvs\\tests\\utils.py",
            "lineno": 142,
            "message": "in main"
          },
          {
            "path": ".venv\\Lib\\site-packages\\click\\core.py",
            "lineno": 1078,
            "message": "in main"
          },
          {
            "path": ".venv\\Lib\\site-packages\\click\\core.py",
            "lineno": 1688,
            "message": "in invoke"
          },
          {
            "path": ".venv\\Lib\\site-packages\\click\\core.py",
            "lineno": 1434,
            "message": "in invoke"
          },
          {
            "path": ".venv\\Lib\\site-packages\\click\\core.py",
            "lineno": 783,
            "message": "in invoke"
          },
          {
            "path": "venvs\\converge.py",
            "lineno": 67,
            "message": "in main"
          },
          {
            "path": "venvs\\converge.py",
            "lineno": 117,
            "message": "in _loop"
          },
          {
            "path": "venvs\\_config.py",
            "lineno": 121,
            "message": "in from_locator"
          },
          {
            "path": "venvs\\_config.py",
            "lineno": 107,
            "message": "in from_string"
          },
          {
            "path": ".venv\\Lib\\site-packages\\tomlkit\\api.py",
            "lineno": 46,
            "message": "in loads"
          },
          {
            "path": ".venv\\Lib\\site-packages\\tomlkit\\api.py",
            "lineno": 86,
            "message": "in parse"
          },
          {
            "path": ".venv\\Lib\\site-packages\\tomlkit\\parser.py",
            "lineno": 154,
            "message": "in parse"
          },
          {
            "path": ".venv\\Lib\\site-packages\\tomlkit\\parser.py",
            "lineno": 1002,
            "message": "in _parse_table"
          },
          {
            "path": ".venv\\Lib\\site-packages\\tomlkit\\parser.py",
            "lineno": 238,
            "message": "in _parse_item"
          },
          {
            "path": ".venv\\Lib\\site-packages\\tomlkit\\parser.py",
            "lineno": 331,
            "message": "in _parse_key_value"
          },
          {
            "path": ".venv\\Lib\\site-packages\\tomlkit\\parser.py",
            "lineno": 435,
            "message": "in _parse_value"
          },
          {
            "path": ".venv\\Lib\\site-packages\\tomlkit\\parser.py",
            "lineno": 589,
            "message": "in _parse_array"
          },
          {
            "path": ".venv\\Lib\\site-packages\\tomlkit\\parser.py",
            "lineno": 435,
            "message": "in _parse_value"
          },
          {
            "path": ".venv\\Lib\\site-packages\\tomlkit\\parser.py",
            "lineno": 589,
            "message": "in _parse_array"
          },
          {
            "path": ".venv\\Lib\\site-packages\\tomlkit\\parser.py",
            "lineno": 427,
            "message": "in _parse_value"
          },
          {
            "path": ".venv\\Lib\\site-packages\\tomlkit\\parser.py",
            "lineno": 727,
            "message": "in _parse_basic_string"
          },
          {
            "path": ".venv\\Lib\\site-packages\\tomlkit\\parser.py",
            "lineno": 869,
            "message": "in _parse_string"
          },
          {
            "path": ".venv\\Lib\\site-packages\\tomlkit\\parser.py",
            "lineno": 770,
            "message": "InvalidUnicodeValueError"
          }
        ],
        "longrepr": "self = <venvs.tests.test_converge.TestConverge testMethod=test_it_runs_post_commands>\n\n    def test_it_runs_post_commands(self):\n        self.assertFalse(self.locator.for_name(\"a\").exists_on(self.filesystem))\n    \n        file = NamedTemporaryFile(delete=False)\n        self.addCleanup(os.remove, file.name)\n        mtime = os.path.getmtime(file.name)\n        later = timedelta(minutes=10)\n        new_mtime = datetime.fromtimestamp(mtime, tz=timezone.utc) + later\n    \n        self.filesystem.set_contents(\n            self.locator.root.descendant(\"virtualenvs.toml\"),\n            f\"\"\"\n            [virtualenv.a]\n            post-commands = [\n                [\"true\"],\n                [\"touch\", \"-t\", \"{new_mtime:%Y%m%d%H%M}\", \"{file.name}\"],\n            ]\n            \"\"\",\n        )\n    \n>       self.run_cli([\"converge\"])\n\nvenvs\\tests\\test_converge.py:142: \n_ _ _ _ _ _ _ _ _ _ _ _ _ _ _ _ _ _ _ _ _ _ _ _ _ _ _ _ _ _ _ _ _ _ _ _ _ _ _ _\nvenvs\\tests\\utils.py:100: in run_cli\n    result = runner.invoke(\n.venv\\Lib\\site-packages\\click\\testing.py:408: in invoke\n    return_value = cli.main(args=args or (), prog_name=prog_name, **extra)\nvenvs\\tests\\utils.py:142: in main\n    real_main.main(*args, **kwargs)\n.venv\\Lib\\site-packages\\click\\core.py:1078: in main\n    rv = self.invoke(ctx)\n.venv\\Lib\\site-packages\\click\\core.py:1688: in invoke\n    return _process_result(sub_ctx.command.invoke(sub_ctx))\n.venv\\Lib\\site-packages\\click\\core.py:1434: in invoke\n    return ctx.invoke(self.callback, **ctx.params)\n.venv\\Lib\\site-packages\\click\\core.py:783: in invoke\n    return __callback(*args, **kwargs)\nvenvs\\converge.py:67: in main\n    for config, virtualenv in _loop(\nvenvs\\converge.py:117: in _loop\n    config = Config.from_locator(filesystem=filesystem, locator=locator)\nvenvs\\_config.py:121: in from_locator\n    return cls.from_string(contents)\nvenvs\\_config.py:107: in from_string\n    document = tomlkit.loads(string)\n.venv\\Lib\\site-packages\\tomlkit\\api.py:46: in loads\n    return parse(string)\n.venv\\Lib\\site-packages\\tomlkit\\api.py:86: in parse\n    return Parser(string).parse()\n.venv\\Lib\\site-packages\\tomlkit\\parser.py:154: in parse\n    key, value = self._parse_table()\n.venv\\Lib\\site-packages\\tomlkit\\parser.py:1002: in _parse_table\n    item = self._parse_item()\n.venv\\Lib\\site-packages\\tomlkit\\parser.py:238: in _parse_item\n    return self._parse_key_value(True)\n.venv\\Lib\\site-packages\\tomlkit\\parser.py:331: in _parse_key_value\n    val = self._parse_value()\n.venv\\Lib\\site-packages\\tomlkit\\parser.py:435: in _parse_value\n    return self._parse_array()\n.venv\\Lib\\site-packages\\tomlkit\\parser.py:589: in _parse_array\n    elems.append(self._parse_value())\n.venv\\Lib\\site-packages\\tomlkit\\parser.py:435: in _parse_value\n    return self._parse_array()\n.venv\\Lib\\site-packages\\tomlkit\\parser.py:589: in _parse_array\n    elems.append(self._parse_value())\n.venv\\Lib\\site-packages\\tomlkit\\parser.py:427: in _parse_value\n    return self._parse_basic_string()\n.venv\\Lib\\site-packages\\tomlkit\\parser.py:727: in _parse_basic_string\n    return self._parse_string(StringType.SLB)\n.venv\\Lib\\site-packages\\tomlkit\\parser.py:869: in _parse_string\n    value += self._parse_escaped_char(delim.is_multiline())\n_ _ _ _ _ _ _ _ _ _ _ _ _ _ _ _ _ _ _ _ _ _ _ _ _ _ _ _ _ _ _ _ _ _ _ _ _ _ _ _\n\nself = <tomlkit.parser.Parser object at 0x000002A3DBC22750>, multiline = False\n\n    def _parse_escaped_char(self, multiline):\n        if multiline and self._current.is_ws():\n            # When the last non-whitespace character on a line is\n            # a \\, it will be trimmed along with all whitespace\n            # (including newlines) up to the next non-whitespace\n            # character or closing delimiter.\n            # \"\"\"\\\n            #     hello \\\n            #     world\"\"\"\n            tmp = \"\"\n            while self._current.is_ws():\n                tmp += self._current\n                # consume the whitespace, EOF here is an issue\n                # (middle of string)\n                self.inc(exception=UnexpectedEofError)\n                continue\n    \n            # the escape followed by whitespace must have a newline\n            # before any other chars\n            if \"\\n\" not in tmp:\n                raise self.parse_error(InvalidCharInStringError, self._current)\n    \n            return \"\"\n    \n        if self._current in _escaped:\n            c = _escaped[self._current]\n    \n            # consume this char, EOF here is an issue (middle of string)\n            self.inc(exception=UnexpectedEofError)\n    \n            return c\n    \n        if self._current in {\"u\", \"U\"}:\n            # this needs to be a unicode\n            u, ue = self._peek_unicode(self._current == \"U\")\n            if u is not None:\n                # consume the U char and the unicode value\n                self.inc_n(len(ue) + 1)\n    \n                return u\n    \n>           raise self.parse_error(InvalidUnicodeValueError)\nE           tomlkit.exceptions.InvalidUnicodeValueError: Invalid unicode value at line 5 col 52\n\n.venv\\Lib\\site-packages\\tomlkit\\parser.py:770: InvalidUnicodeValueError"
      },
      "teardown": {
        "outcome": "failed",
        "crash": {
          "path": "C:\\Users\\Mohay\\AppData\\Local\\Programs\\Python\\Python312\\Lib\\unittest\\case.py",
          "lineno": 597,
          "message": "PermissionError: [WinError 32] The process cannot access the file because it is being used by another process: 'C:\\\\Users\\\\Mohay\\\\AppData\\\\Local\\\\Temp\\\\tmp5gwn6_f6'"
        },
        "traceback": [
          {
            "path": "C:\\Users\\Mohay\\AppData\\Local\\Programs\\Python\\Python312\\Lib\\unittest\\case.py",
            "lineno": 58,
            "message": ""
          },
          {
            "path": "C:\\Users\\Mohay\\AppData\\Local\\Programs\\Python\\Python312\\Lib\\unittest\\case.py",
            "lineno": 671,
            "message": "in doCleanups"
          },
          {
            "path": "C:\\Users\\Mohay\\AppData\\Local\\Programs\\Python\\Python312\\Lib\\unittest\\case.py",
            "lineno": 597,
            "message": "PermissionError"
          }
        ],
        "longrepr": "self = <unittest.case._Outcome object at 0x000002A3DBBEBC20>\ntest_case = <venvs.tests.test_converge.TestConverge testMethod=test_it_runs_post_commands>\nsubTest = False\n\n    @contextlib.contextmanager\n    def testPartExecutor(self, test_case, subTest=False):\n        old_success = self.success\n        self.success = True\n        try:\n>           yield\n\nC:\\Users\\Mohay\\AppData\\Local\\Programs\\Python\\Python312\\Lib\\unittest\\case.py:58: \n_ _ _ _ _ _ _ _ _ _ _ _ _ _ _ _ _ _ _ _ _ _ _ _ _ _ _ _ _ _ _ _ _ _ _ _ _ _ _ _\nC:\\Users\\Mohay\\AppData\\Local\\Programs\\Python\\Python312\\Lib\\unittest\\case.py:671: in doCleanups\n    self._callCleanup(function, *args, **kwargs)\n_ _ _ _ _ _ _ _ _ _ _ _ _ _ _ _ _ _ _ _ _ _ _ _ _ _ _ _ _ _ _ _ _ _ _ _ _ _ _ _\n\nself = <venvs.tests.test_converge.TestConverge testMethod=test_it_runs_post_commands>\nfunction = <built-in function remove>\nargs = ('C:\\\\Users\\\\Mohay\\\\AppData\\\\Local\\\\Temp\\\\tmp5gwn6_f6',), kwargs = {}\n\n    def _callCleanup(self, function, /, *args, **kwargs):\n>       function(*args, **kwargs)\nE       PermissionError: [WinError 32] The process cannot access the file because it is being used by another process: 'C:\\\\Users\\\\Mohay\\\\AppData\\\\Local\\\\Temp\\\\tmp5gwn6_f6'\n\nC:\\Users\\Mohay\\AppData\\Local\\Programs\\Python\\Python312\\Lib\\unittest\\case.py:597: PermissionError"
      }
    },
    {
      "nodeid": "venvs/tests/test_converge.py::TestConverge::test_it_stops_post_commands_on_error",
      "lineno": 169,
      "outcome": "error",
      "keywords": [
        "test_it_stops_post_commands_on_error",
        "TestConverge",
        "test_converge.py",
        "tests",
        "venvs",
        "julian@venvs__71ef4365__click__plac",
        ""
      ],
      "setup": {
        "outcome": "passed"
      },
      "call": {
        "outcome": "failed",
        "crash": {
          "path": "D:\\repos\\julian@venvs__71ef4365__click__plac\\.venv\\Lib\\site-packages\\tomlkit\\parser.py",
          "lineno": 770,
          "message": "tomlkit.exceptions.InvalidUnicodeValueError: Invalid unicode value at line 5 col 30"
        },
        "traceback": [
          {
            "path": "venvs\\tests\\test_converge.py",
            "lineno": 188,
            "message": ""
          },
          {
            "path": "venvs\\tests\\utils.py",
            "lineno": 100,
            "message": "in run_cli"
          },
          {
            "path": ".venv\\Lib\\site-packages\\click\\testing.py",
            "lineno": 408,
            "message": "in invoke"
          },
          {
            "path": "venvs\\tests\\utils.py",
            "lineno": 142,
            "message": "in main"
          },
          {
            "path": ".venv\\Lib\\site-packages\\click\\core.py",
            "lineno": 1078,
            "message": "in main"
          },
          {
            "path": ".venv\\Lib\\site-packages\\click\\core.py",
            "lineno": 1688,
            "message": "in invoke"
          },
          {
            "path": ".venv\\Lib\\site-packages\\click\\core.py",
            "lineno": 1434,
            "message": "in invoke"
          },
          {
            "path": ".venv\\Lib\\site-packages\\click\\core.py",
            "lineno": 783,
            "message": "in invoke"
          },
          {
            "path": "venvs\\converge.py",
            "lineno": 67,
            "message": "in main"
          },
          {
            "path": "venvs\\converge.py",
            "lineno": 117,
            "message": "in _loop"
          },
          {
            "path": "venvs\\_config.py",
            "lineno": 121,
            "message": "in from_locator"
          },
          {
            "path": "venvs\\_config.py",
            "lineno": 107,
            "message": "in from_string"
          },
          {
            "path": ".venv\\Lib\\site-packages\\tomlkit\\api.py",
            "lineno": 46,
            "message": "in loads"
          },
          {
            "path": ".venv\\Lib\\site-packages\\tomlkit\\api.py",
            "lineno": 86,
            "message": "in parse"
          },
          {
            "path": ".venv\\Lib\\site-packages\\tomlkit\\parser.py",
            "lineno": 154,
            "message": "in parse"
          },
          {
            "path": ".venv\\Lib\\site-packages\\tomlkit\\parser.py",
            "lineno": 1002,
            "message": "in _parse_table"
          },
          {
            "path": ".venv\\Lib\\site-packages\\tomlkit\\parser.py",
            "lineno": 238,
            "message": "in _parse_item"
          },
          {
            "path": ".venv\\Lib\\site-packages\\tomlkit\\parser.py",
            "lineno": 331,
            "message": "in _parse_key_value"
          },
          {
            "path": ".venv\\Lib\\site-packages\\tomlkit\\parser.py",
            "lineno": 435,
            "message": "in _parse_value"
          },
          {
            "path": ".venv\\Lib\\site-packages\\tomlkit\\parser.py",
            "lineno": 589,
            "message": "in _parse_array"
          },
          {
            "path": ".venv\\Lib\\site-packages\\tomlkit\\parser.py",
            "lineno": 435,
            "message": "in _parse_value"
          },
          {
            "path": ".venv\\Lib\\site-packages\\tomlkit\\parser.py",
            "lineno": 589,
            "message": "in _parse_array"
          },
          {
            "path": ".venv\\Lib\\site-packages\\tomlkit\\parser.py",
            "lineno": 427,
            "message": "in _parse_value"
          },
          {
            "path": ".venv\\Lib\\site-packages\\tomlkit\\parser.py",
            "lineno": 727,
            "message": "in _parse_basic_string"
          },
          {
            "path": ".venv\\Lib\\site-packages\\tomlkit\\parser.py",
            "lineno": 869,
            "message": "in _parse_string"
          },
          {
            "path": ".venv\\Lib\\site-packages\\tomlkit\\parser.py",
            "lineno": 770,
            "message": "InvalidUnicodeValueError"
          }
        ],
        "longrepr": "self = <venvs.tests.test_converge.TestConverge testMethod=test_it_stops_post_commands_on_error>\n\n    def test_it_stops_post_commands_on_error(self):\n        self.assertFalse(self.locator.for_name(\"a\").exists_on(self.filesystem))\n    \n        file = NamedTemporaryFile(delete=False)\n        self.addCleanup(os.remove, file.name)\n        mtime = os.path.getmtime(file.name)\n    \n        self.filesystem.set_contents(\n            self.locator.root.descendant(\"virtualenvs.toml\"),\n            f\"\"\"\n            [virtualenv.a]\n            post-commands = [\n                [\"false\"],\n                [\"touch\", \"{file.name}\"],\n            ]\n            \"\"\",\n        )\n    \n>       self.run_cli([\"converge\"])\n\nvenvs\\tests\\test_converge.py:188: \n_ _ _ _ _ _ _ _ _ _ _ _ _ _ _ _ _ _ _ _ _ _ _ _ _ _ _ _ _ _ _ _ _ _ _ _ _ _ _ _\nvenvs\\tests\\utils.py:100: in run_cli\n    result = runner.invoke(\n.venv\\Lib\\site-packages\\click\\testing.py:408: in invoke\n    return_value = cli.main(args=args or (), prog_name=prog_name, **extra)\nvenvs\\tests\\utils.py:142: in main\n    real_main.main(*args, **kwargs)\n.venv\\Lib\\site-packages\\click\\core.py:1078: in main\n    rv = self.invoke(ctx)\n.venv\\Lib\\site-packages\\click\\core.py:1688: in invoke\n    return _process_result(sub_ctx.command.invoke(sub_ctx))\n.venv\\Lib\\site-packages\\click\\core.py:1434: in invoke\n    return ctx.invoke(self.callback, **ctx.params)\n.venv\\Lib\\site-packages\\click\\core.py:783: in invoke\n    return __callback(*args, **kwargs)\nvenvs\\converge.py:67: in main\n    for config, virtualenv in _loop(\nvenvs\\converge.py:117: in _loop\n    config = Config.from_locator(filesystem=filesystem, locator=locator)\nvenvs\\_config.py:121: in from_locator\n    return cls.from_string(contents)\nvenvs\\_config.py:107: in from_string\n    document = tomlkit.loads(string)\n.venv\\Lib\\site-packages\\tomlkit\\api.py:46: in loads\n    return parse(string)\n.venv\\Lib\\site-packages\\tomlkit\\api.py:86: in parse\n    return Parser(string).parse()\n.venv\\Lib\\site-packages\\tomlkit\\parser.py:154: in parse\n    key, value = self._parse_table()\n.venv\\Lib\\site-packages\\tomlkit\\parser.py:1002: in _parse_table\n    item = self._parse_item()\n.venv\\Lib\\site-packages\\tomlkit\\parser.py:238: in _parse_item\n    return self._parse_key_value(True)\n.venv\\Lib\\site-packages\\tomlkit\\parser.py:331: in _parse_key_value\n    val = self._parse_value()\n.venv\\Lib\\site-packages\\tomlkit\\parser.py:435: in _parse_value\n    return self._parse_array()\n.venv\\Lib\\site-packages\\tomlkit\\parser.py:589: in _parse_array\n    elems.append(self._parse_value())\n.venv\\Lib\\site-packages\\tomlkit\\parser.py:435: in _parse_value\n    return self._parse_array()\n.venv\\Lib\\site-packages\\tomlkit\\parser.py:589: in _parse_array\n    elems.append(self._parse_value())\n.venv\\Lib\\site-packages\\tomlkit\\parser.py:427: in _parse_value\n    return self._parse_basic_string()\n.venv\\Lib\\site-packages\\tomlkit\\parser.py:727: in _parse_basic_string\n    return self._parse_string(StringType.SLB)\n.venv\\Lib\\site-packages\\tomlkit\\parser.py:869: in _parse_string\n    value += self._parse_escaped_char(delim.is_multiline())\n_ _ _ _ _ _ _ _ _ _ _ _ _ _ _ _ _ _ _ _ _ _ _ _ _ _ _ _ _ _ _ _ _ _ _ _ _ _ _ _\n\nself = <tomlkit.parser.Parser object at 0x000002A3DBCA6600>, multiline = False\n\n    def _parse_escaped_char(self, multiline):\n        if multiline and self._current.is_ws():\n            # When the last non-whitespace character on a line is\n            # a \\, it will be trimmed along with all whitespace\n            # (including newlines) up to the next non-whitespace\n            # character or closing delimiter.\n            # \"\"\"\\\n            #     hello \\\n            #     world\"\"\"\n            tmp = \"\"\n            while self._current.is_ws():\n                tmp += self._current\n                # consume the whitespace, EOF here is an issue\n                # (middle of string)\n                self.inc(exception=UnexpectedEofError)\n                continue\n    \n            # the escape followed by whitespace must have a newline\n            # before any other chars\n            if \"\\n\" not in tmp:\n                raise self.parse_error(InvalidCharInStringError, self._current)\n    \n            return \"\"\n    \n        if self._current in _escaped:\n            c = _escaped[self._current]\n    \n            # consume this char, EOF here is an issue (middle of string)\n            self.inc(exception=UnexpectedEofError)\n    \n            return c\n    \n        if self._current in {\"u\", \"U\"}:\n            # this needs to be a unicode\n            u, ue = self._peek_unicode(self._current == \"U\")\n            if u is not None:\n                # consume the U char and the unicode value\n                self.inc_n(len(ue) + 1)\n    \n                return u\n    \n>           raise self.parse_error(InvalidUnicodeValueError)\nE           tomlkit.exceptions.InvalidUnicodeValueError: Invalid unicode value at line 5 col 30\n\n.venv\\Lib\\site-packages\\tomlkit\\parser.py:770: InvalidUnicodeValueError"
      },
      "teardown": {
        "outcome": "failed",
        "crash": {
          "path": "C:\\Users\\Mohay\\AppData\\Local\\Programs\\Python\\Python312\\Lib\\unittest\\case.py",
          "lineno": 597,
          "message": "PermissionError: [WinError 32] The process cannot access the file because it is being used by another process: 'C:\\\\Users\\\\Mohay\\\\AppData\\\\Local\\\\Temp\\\\tmp5z32qf2s'"
        },
        "traceback": [
          {
            "path": "C:\\Users\\Mohay\\AppData\\Local\\Programs\\Python\\Python312\\Lib\\unittest\\case.py",
            "lineno": 58,
            "message": ""
          },
          {
            "path": "C:\\Users\\Mohay\\AppData\\Local\\Programs\\Python\\Python312\\Lib\\unittest\\case.py",
            "lineno": 671,
            "message": "in doCleanups"
          },
          {
            "path": "C:\\Users\\Mohay\\AppData\\Local\\Programs\\Python\\Python312\\Lib\\unittest\\case.py",
            "lineno": 597,
            "message": "PermissionError"
          }
        ],
        "longrepr": "self = <unittest.case._Outcome object at 0x000002A3DBCA4DA0>\ntest_case = <venvs.tests.test_converge.TestConverge testMethod=test_it_stops_post_commands_on_error>\nsubTest = False\n\n    @contextlib.contextmanager\n    def testPartExecutor(self, test_case, subTest=False):\n        old_success = self.success\n        self.success = True\n        try:\n>           yield\n\nC:\\Users\\Mohay\\AppData\\Local\\Programs\\Python\\Python312\\Lib\\unittest\\case.py:58: \n_ _ _ _ _ _ _ _ _ _ _ _ _ _ _ _ _ _ _ _ _ _ _ _ _ _ _ _ _ _ _ _ _ _ _ _ _ _ _ _\nC:\\Users\\Mohay\\AppData\\Local\\Programs\\Python\\Python312\\Lib\\unittest\\case.py:671: in doCleanups\n    self._callCleanup(function, *args, **kwargs)\n_ _ _ _ _ _ _ _ _ _ _ _ _ _ _ _ _ _ _ _ _ _ _ _ _ _ _ _ _ _ _ _ _ _ _ _ _ _ _ _\n\nself = <venvs.tests.test_converge.TestConverge testMethod=test_it_stops_post_commands_on_error>\nfunction = <built-in function remove>\nargs = ('C:\\\\Users\\\\Mohay\\\\AppData\\\\Local\\\\Temp\\\\tmp5z32qf2s',), kwargs = {}\n\n    def _callCleanup(self, function, /, *args, **kwargs):\n>       function(*args, **kwargs)\nE       PermissionError: [WinError 32] The process cannot access the file because it is being used by another process: 'C:\\\\Users\\\\Mohay\\\\AppData\\\\Local\\\\Temp\\\\tmp5z32qf2s'\n\nC:\\Users\\Mohay\\AppData\\Local\\Programs\\Python\\Python312\\Lib\\unittest\\case.py:597: PermissionError"
      }
    },
    {
      "nodeid": "venvs/tests/test_converge.py::TestConverge::test_link_exists",
      "lineno": 402,
      "outcome": "passed",
      "keywords": [
        "test_link_exists",
        "TestConverge",
        "test_converge.py",
        "tests",
        "venvs",
        "julian@venvs__71ef4365__click__plac",
        ""
      ],
      "setup": {
        "outcome": "passed"
      },
      "call": {
        "outcome": "passed"
      },
      "teardown": {
        "outcome": "passed"
      }
    },
    {
      "nodeid": "venvs/tests/test_converge.py::TestConverge::test_link_exists_as_broken_symlink",
      "lineno": 416,
      "outcome": "passed",
      "keywords": [
        "test_link_exists_as_broken_symlink",
        "TestConverge",
        "test_converge.py",
        "tests",
        "venvs",
        "julian@venvs__71ef4365__click__plac",
        ""
      ],
      "setup": {
        "outcome": "passed"
      },
      "call": {
        "outcome": "passed"
      },
      "teardown": {
        "outcome": "passed"
      }
    },
    {
      "nodeid": "venvs/tests/test_converge.py::TestConverge::test_link_m_module",
      "lineno": 512,
      "outcome": "passed",
      "keywords": [
        "test_link_m_module",
        "TestConverge",
        "test_converge.py",
        "tests",
        "venvs",
        "julian@venvs__71ef4365__click__plac",
        ""
      ],
      "setup": {
        "outcome": "passed"
      },
      "call": {
        "outcome": "passed"
      },
      "teardown": {
        "outcome": "passed"
      }
    },
    {
      "nodeid": "venvs/tests/test_converge.py::TestConverge::test_link_m_module_does_not_replace_non_venvs_wrappers",
      "lineno": 595,
      "outcome": "passed",
      "keywords": [
        "test_link_m_module_does_not_replace_non_venvs_wrappers",
        "TestConverge",
        "test_converge.py",
        "tests",
        "venvs",
        "julian@venvs__71ef4365__click__plac",
        ""
      ],
      "setup": {
        "outcome": "passed"
      },
      "call": {
        "outcome": "passed"
      },
      "teardown": {
        "outcome": "passed"
      }
    },
    {
      "nodeid": "venvs/tests/test_converge.py::TestConverge::test_link_m_module_duplicated",
      "lineno": 553,
      "outcome": "passed",
      "keywords": [
        "test_link_m_module_duplicated",
        "TestConverge",
        "test_converge.py",
        "tests",
        "venvs",
        "julian@venvs__71ef4365__click__plac",
        ""
      ],
      "setup": {
        "outcome": "passed"
      },
      "call": {
        "outcome": "passed"
      },
      "teardown": {
        "outcome": "passed"
      }
    },
    {
      "nodeid": "venvs/tests/test_converge.py::TestConverge::test_link_m_module_replaces_generated_files",
      "lineno": 573,
      "outcome": "passed",
      "keywords": [
        "test_link_m_module_replaces_generated_files",
        "TestConverge",
        "test_converge.py",
        "tests",
        "venvs",
        "julian@venvs__71ef4365__click__plac",
        ""
      ],
      "setup": {
        "outcome": "passed"
      },
      "call": {
        "outcome": "passed"
      },
      "teardown": {
        "outcome": "passed"
      }
    },
    {
      "nodeid": "venvs/tests/test_converge.py::TestConverge::test_link_m_module_specified_name",
      "lineno": 534,
      "outcome": "passed",
      "keywords": [
        "test_link_m_module_specified_name",
        "TestConverge",
        "test_converge.py",
        "tests",
        "venvs",
        "julian@venvs__71ef4365__click__plac",
        ""
      ],
      "setup": {
        "outcome": "passed"
      },
      "call": {
        "outcome": "passed"
      },
      "teardown": {
        "outcome": "passed"
      }
    },
    {
      "nodeid": "venvs/tests/test_converge.py::TestConverge::test_linking_the_same_binary_twice",
      "lineno": 609,
      "outcome": "passed",
      "keywords": [
        "test_linking_the_same_binary_twice",
        "TestConverge",
        "test_converge.py",
        "tests",
        "venvs",
        "julian@venvs__71ef4365__click__plac",
        ""
      ],
      "setup": {
        "outcome": "passed"
      },
      "call": {
        "outcome": "passed"
      },
      "teardown": {
        "outcome": "passed"
      }
    },
    {
      "nodeid": "venvs/tests/test_converge.py::TestConverge::test_missing_config_recreates_the_venv",
      "lineno": 658,
      "outcome": "passed",
      "keywords": [
        "test_missing_config_recreates_the_venv",
        "TestConverge",
        "test_converge.py",
        "tests",
        "venvs",
        "julian@venvs__71ef4365__click__plac",
        ""
      ],
      "setup": {
        "outcome": "passed"
      },
      "call": {
        "outcome": "passed"
      },
      "teardown": {
        "outcome": "passed"
      }
    },
    {
      "nodeid": "venvs/tests/test_converge.py::TestConverge::test_missing_link_dir",
      "lineno": 493,
      "outcome": "passed",
      "keywords": [
        "test_missing_link_dir",
        "TestConverge",
        "test_converge.py",
        "tests",
        "venvs",
        "julian@venvs__71ef4365__click__plac",
        ""
      ],
      "setup": {
        "outcome": "passed"
      },
      "call": {
        "outcome": "passed"
      },
      "teardown": {
        "outcome": "passed"
      }
    },
    {
      "nodeid": "venvs/tests/test_converge.py::TestConverge::test_modifying_a_bundle_recreates_envs_using_it",
      "lineno": 213,
      "outcome": "passed",
      "keywords": [
        "test_modifying_a_bundle_recreates_envs_using_it",
        "TestConverge",
        "test_converge.py",
        "tests",
        "venvs",
        "julian@venvs__71ef4365__click__plac",
        ""
      ],
      "setup": {
        "outcome": "passed"
      },
      "call": {
        "outcome": "passed"
      },
      "teardown": {
        "outcome": "passed"
      }
    },
    {
      "nodeid": "venvs/tests/test_converge.py::TestConverge::test_no_such_bundle",
      "lineno": 249,
      "outcome": "passed",
      "keywords": [
        "test_no_such_bundle",
        "TestConverge",
        "test_converge.py",
        "tests",
        "venvs",
        "julian@venvs__71ef4365__click__plac",
        ""
      ],
      "setup": {
        "outcome": "passed"
      },
      "call": {
        "outcome": "passed"
      },
      "teardown": {
        "outcome": "passed"
      }
    },
    {
      "nodeid": "venvs/tests/test_converge.py::TestConverge::test_specified_link_name",
      "lineno": 477,
      "outcome": "passed",
      "keywords": [
        "test_specified_link_name",
        "TestConverge",
        "test_converge.py",
        "tests",
        "venvs",
        "julian@venvs__71ef4365__click__plac",
        ""
      ],
      "setup": {
        "outcome": "passed"
      },
      "call": {
        "outcome": "passed"
      },
      "teardown": {
        "outcome": "passed"
      }
    },
    {
      "nodeid": "venvs/tests/test_converge.py::TestConverge::test_specified_python",
      "lineno": 368,
      "outcome": "failed",
      "keywords": [
        "test_specified_python",
        "TestConverge",
        "test_converge.py",
        "tests",
        "venvs",
        "julian@venvs__71ef4365__click__plac",
        ""
      ],
      "setup": {
        "outcome": "passed"
      },
      "call": {
        "outcome": "failed",
        "crash": {
          "path": "C:\\Users\\Mohay\\AppData\\Local\\Programs\\Python\\Python312\\Lib\\subprocess.py",
          "lineno": 571,
          "message": "subprocess.CalledProcessError: Command '['python3', '--version']' returned non-zero exit status 9009."
        },
        "traceback": [
          {
            "path": "venvs\\tests\\test_converge.py",
            "lineno": 378,
            "message": ""
          },
          {
            "path": "venvs\\tests\\utils.py",
            "lineno": 100,
            "message": "in run_cli"
          },
          {
            "path": ".venv\\Lib\\site-packages\\click\\testing.py",
            "lineno": 408,
            "message": "in invoke"
          },
          {
            "path": "venvs\\tests\\utils.py",
            "lineno": 142,
            "message": "in main"
          },
          {
            "path": ".venv\\Lib\\site-packages\\click\\core.py",
            "lineno": 1078,
            "message": "in main"
          },
          {
            "path": ".venv\\Lib\\site-packages\\click\\core.py",
            "lineno": 1688,
            "message": "in invoke"
          },
          {
            "path": ".venv\\Lib\\site-packages\\click\\core.py",
            "lineno": 1434,
            "message": "in invoke"
          },
          {
            "path": ".venv\\Lib\\site-packages\\click\\core.py",
            "lineno": 783,
            "message": "in invoke"
          },
          {
            "path": "venvs\\converge.py",
            "lineno": 106,
            "message": "in main"
          },
          {
            "path": "venvs\\_config.py",
            "lineno": 75,
            "message": "in save"
          },
          {
            "path": "venvs\\_config.py",
            "lineno": 93,
            "message": "in _serializable"
          },
          {
            "path": "venvs\\_config.py",
            "lineno": 201,
            "message": "in _version_of"
          },
          {
            "path": "C:\\Users\\Mohay\\AppData\\Local\\Programs\\Python\\Python312\\Lib\\subprocess.py",
            "lineno": 466,
            "message": "in check_output"
          },
          {
            "path": "C:\\Users\\Mohay\\AppData\\Local\\Programs\\Python\\Python312\\Lib\\subprocess.py",
            "lineno": 571,
            "message": "CalledProcessError"
          }
        ],
        "longrepr": "self = <venvs.tests.test_converge.TestConverge testMethod=test_specified_python>\n\n    def test_specified_python(self):\n        self.filesystem.set_contents(\n            self.locator.root.descendant(\"virtualenvs.toml\"),\n            \"\"\"\n            [virtualenv.a]\n            python = \"python3\"\n            \"\"\",\n        )\n    \n>       self.run_cli([\"converge\"])\n\nvenvs\\tests\\test_converge.py:378: \n_ _ _ _ _ _ _ _ _ _ _ _ _ _ _ _ _ _ _ _ _ _ _ _ _ _ _ _ _ _ _ _ _ _ _ _ _ _ _ _\nvenvs\\tests\\utils.py:100: in run_cli\n    result = runner.invoke(\n.venv\\Lib\\site-packages\\click\\testing.py:408: in invoke\n    return_value = cli.main(args=args or (), prog_name=prog_name, **extra)\nvenvs\\tests\\utils.py:142: in main\n    real_main.main(*args, **kwargs)\n.venv\\Lib\\site-packages\\click\\core.py:1078: in main\n    rv = self.invoke(ctx)\n.venv\\Lib\\site-packages\\click\\core.py:1688: in invoke\n    return _process_result(sub_ctx.command.invoke(sub_ctx))\n.venv\\Lib\\site-packages\\click\\core.py:1434: in invoke\n    return ctx.invoke(self.callback, **ctx.params)\n.venv\\Lib\\site-packages\\click\\core.py:783: in invoke\n    return __callback(*args, **kwargs)\nvenvs\\converge.py:106: in main\n    config.save(filesystem=filesystem, virtualenv=virtualenv)\nvenvs\\_config.py:75: in save\n    self._serializable(),\nvenvs\\_config.py:93: in _serializable\n    \"sys.version\": _version_of(self.python),\nvenvs\\_config.py:201: in _version_of\n    return subprocess.check_output(\nC:\\Users\\Mohay\\AppData\\Local\\Programs\\Python\\Python312\\Lib\\subprocess.py:466: in check_output\n    return run(*popenargs, stdout=PIPE, timeout=timeout, check=True,\n_ _ _ _ _ _ _ _ _ _ _ _ _ _ _ _ _ _ _ _ _ _ _ _ _ _ _ _ _ _ _ _ _ _ _ _ _ _ _ _\n\ninput = None, capture_output = False, timeout = None, check = True\npopenargs = (['python3', '--version'],), kwargs = {'stderr': -2, 'stdout': -1}\nprocess = <Popen: returncode: 9009 args: ['python3', '--version']>\nstdout = b'Python was not found; run without arguments to install from the Microsoft Store, or disable this shortcut from Settings > Apps > Advanced app settings > App execution aliases.\\r\\n'\nstderr = None, retcode = 9009\n\n    def run(*popenargs,\n            input=None, capture_output=False, timeout=None, check=False, **kwargs):\n        \"\"\"Run command with arguments and return a CompletedProcess instance.\n    \n        The returned instance will have attributes args, returncode, stdout and\n        stderr. By default, stdout and stderr are not captured, and those attributes\n        will be None. Pass stdout=PIPE and/or stderr=PIPE in order to capture them,\n        or pass capture_output=True to capture both.\n    \n        If check is True and the exit code was non-zero, it raises a\n        CalledProcessError. The CalledProcessError object will have the return code\n        in the returncode attribute, and output & stderr attributes if those streams\n        were captured.\n    \n        If timeout is given, and the process takes too long, a TimeoutExpired\n        exception will be raised.\n    \n        There is an optional argument \"input\", allowing you to\n        pass bytes or a string to the subprocess's stdin.  If you use this argument\n        you may not also use the Popen constructor's \"stdin\" argument, as\n        it will be used internally.\n    \n        By default, all communication is in bytes, and therefore any \"input\" should\n        be bytes, and the stdout and stderr will be bytes. If in text mode, any\n        \"input\" should be a string, and stdout and stderr will be strings decoded\n        according to locale encoding, or by \"encoding\" if set. Text mode is\n        triggered by setting any of text, encoding, errors or universal_newlines.\n    \n        The other arguments are the same as for the Popen constructor.\n        \"\"\"\n        if input is not None:\n            if kwargs.get('stdin') is not None:\n                raise ValueError('stdin and input arguments may not both be used.')\n            kwargs['stdin'] = PIPE\n    \n        if capture_output:\n            if kwargs.get('stdout') is not None or kwargs.get('stderr') is not None:\n                raise ValueError('stdout and stderr arguments may not be used '\n                                 'with capture_output.')\n            kwargs['stdout'] = PIPE\n            kwargs['stderr'] = PIPE\n    \n        with Popen(*popenargs, **kwargs) as process:\n            try:\n                stdout, stderr = process.communicate(input, timeout=timeout)\n            except TimeoutExpired as exc:\n                process.kill()\n                if _mswindows:\n                    # Windows accumulates the output in a single blocking\n                    # read() call run on child threads, with the timeout\n                    # being done in a join() on those threads.  communicate()\n                    # _after_ kill() is required to collect that and add it\n                    # to the exception.\n                    exc.stdout, exc.stderr = process.communicate()\n                else:\n                    # POSIX _communicate already populated the output so\n                    # far into the TimeoutExpired exception.\n                    process.wait()\n                raise\n            except:  # Including KeyboardInterrupt, communicate handled that.\n                process.kill()\n                # We don't call process.wait() as .__exit__ does that for us.\n                raise\n            retcode = process.poll()\n            if check and retcode:\n>               raise CalledProcessError(retcode, process.args,\n                                         output=stdout, stderr=stderr)\nE               subprocess.CalledProcessError: Command '['python3', '--version']' returned non-zero exit status 9009.\n\nC:\\Users\\Mohay\\AppData\\Local\\Programs\\Python\\Python312\\Lib\\subprocess.py:571: CalledProcessError"
      },
      "teardown": {
        "outcome": "passed"
      }
    },
    {
      "nodeid": "venvs/tests/test_converge.py::TestConverge::test_valid_json_invalid_config_recreates_the_venv",
      "lineno": 701,
      "outcome": "passed",
      "keywords": [
        "test_valid_json_invalid_config_recreates_the_venv",
        "TestConverge",
        "test_converge.py",
        "tests",
        "venvs",
        "julian@venvs__71ef4365__click__plac",
        ""
      ],
      "setup": {
        "outcome": "passed"
      },
      "call": {
        "outcome": "passed"
      },
      "teardown": {
        "outcome": "passed"
      }
    },
    {
      "nodeid": "venvs/tests/test_create.py::TestCreate::test_create_creates_an_env_with_the_given_name",
      "lineno": 13,
      "outcome": "passed",
      "keywords": [
        "test_create_creates_an_env_with_the_given_name",
        "TestCreate",
        "test_create.py",
        "tests",
        "venvs",
        "julian@venvs__71ef4365__click__plac",
        ""
      ],
      "setup": {
        "outcome": "passed"
      },
      "call": {
        "outcome": "passed"
      },
      "teardown": {
        "outcome": "passed"
      }
    },
    {
      "nodeid": "venvs/tests/test_create.py::TestCreate::test_handle_empty_config_file",
      "lineno": 116,
      "outcome": "passed",
      "keywords": [
        "test_handle_empty_config_file",
        "TestCreate",
        "test_create.py",
        "tests",
        "venvs",
        "julian@venvs__71ef4365__click__plac",
        ""
      ],
      "setup": {
        "outcome": "passed"
      },
      "call": {
        "outcome": "passed"
      },
      "teardown": {
        "outcome": "passed"
      }
    },
    {
      "nodeid": "venvs/tests/test_create.py::TestCreate::test_install_and_requirements",
      "lineno": 33,
      "outcome": "passed",
      "keywords": [
        "test_install_and_requirements",
        "TestCreate",
        "test_create.py",
        "tests",
        "venvs",
        "julian@venvs__71ef4365__click__plac",
        ""
      ],
      "setup": {
        "outcome": "passed"
      },
      "call": {
        "outcome": "passed"
      },
      "teardown": {
        "outcome": "passed"
      }
    },
    {
      "nodeid": "venvs/tests/test_create.py::TestCreate::test_install_default_name",
      "lineno": 54,
      "outcome": "passed",
      "keywords": [
        "test_install_default_name",
        "TestCreate",
        "test_create.py",
        "tests",
        "venvs",
        "julian@venvs__71ef4365__click__plac",
        ""
      ],
      "setup": {
        "outcome": "passed"
      },
      "call": {
        "outcome": "passed"
      },
      "teardown": {
        "outcome": "passed"
      }
    },
    {
      "nodeid": "venvs/tests/test_create.py::TestCreate::test_install_default_name_with_version_specification",
      "lineno": 67,
      "outcome": "passed",
      "keywords": [
        "test_install_default_name_with_version_specification",
        "TestCreate",
        "test_create.py",
        "tests",
        "venvs",
        "julian@venvs__71ef4365__click__plac",
        ""
      ],
      "setup": {
        "outcome": "passed"
      },
      "call": {
        "outcome": "passed"
      },
      "teardown": {
        "outcome": "passed"
      }
    },
    {
      "nodeid": "venvs/tests/test_create.py::TestCreate::test_install_edit_config",
      "lineno": 104,
      "outcome": "passed",
      "keywords": [
        "test_install_edit_config",
        "TestCreate",
        "test_create.py",
        "tests",
        "venvs",
        "julian@venvs__71ef4365__click__plac",
        ""
      ],
      "setup": {
        "outcome": "passed"
      },
      "call": {
        "outcome": "passed"
      },
      "teardown": {
        "outcome": "passed"
      }
    },
    {
      "nodeid": "venvs/tests/test_create.py::TestCreate::test_install_no_persist",
      "lineno": 162,
      "outcome": "passed",
      "keywords": [
        "test_install_no_persist",
        "TestCreate",
        "test_create.py",
        "tests",
        "venvs",
        "julian@venvs__71ef4365__click__plac",
        ""
      ],
      "setup": {
        "outcome": "passed"
      },
      "call": {
        "outcome": "passed"
      },
      "teardown": {
        "outcome": "passed"
      }
    },
    {
      "nodeid": "venvs/tests/test_create.py::TestCreate::test_link_default_name",
      "lineno": 75,
      "outcome": "passed",
      "keywords": [
        "test_link_default_name",
        "TestCreate",
        "test_create.py",
        "tests",
        "venvs",
        "julian@venvs__71ef4365__click__plac",
        ""
      ],
      "setup": {
        "outcome": "passed"
      },
      "call": {
        "outcome": "passed"
      },
      "teardown": {
        "outcome": "passed"
      }
    },
    {
      "nodeid": "venvs/tests/test_create.py::TestCreate::test_multiple_installs_one_link",
      "lineno": 90,
      "outcome": "passed",
      "keywords": [
        "test_multiple_installs_one_link",
        "TestCreate",
        "test_create.py",
        "tests",
        "venvs",
        "julian@venvs__71ef4365__click__plac",
        ""
      ],
      "setup": {
        "outcome": "passed"
      },
      "call": {
        "outcome": "passed"
      },
      "teardown": {
        "outcome": "passed"
      }
    },
    {
      "nodeid": "venvs/tests/test_create.py::TestCreate::test_multiple_installs_one_link_no_name",
      "lineno": 98,
      "outcome": "passed",
      "keywords": [
        "test_multiple_installs_one_link_no_name",
        "TestCreate",
        "test_create.py",
        "tests",
        "venvs",
        "julian@venvs__71ef4365__click__plac",
        ""
      ],
      "setup": {
        "outcome": "passed"
      },
      "call": {
        "outcome": "passed"
      },
      "teardown": {
        "outcome": "passed"
      }
    },
    {
      "nodeid": "venvs/tests/test_create.py::TestCreate::test_no_persist_handles_missing_virtualenv_directory",
      "lineno": 146,
      "outcome": "passed",
      "keywords": [
        "test_no_persist_handles_missing_virtualenv_directory",
        "TestCreate",
        "test_create.py",
        "tests",
        "venvs",
        "julian@venvs__71ef4365__click__plac",
        ""
      ],
      "setup": {
        "outcome": "passed"
      },
      "call": {
        "outcome": "passed"
      },
      "teardown": {
        "outcome": "passed"
      }
    },
    {
      "nodeid": "venvs/tests/test_create.py::TestCreate::test_persist_handles_missing_config_directory",
      "lineno": 131,
      "outcome": "passed",
      "keywords": [
        "test_persist_handles_missing_config_directory",
        "TestCreate",
        "test_create.py",
        "tests",
        "venvs",
        "julian@venvs__71ef4365__click__plac",
        ""
      ],
      "setup": {
        "outcome": "passed"
      },
      "call": {
        "outcome": "passed"
      },
      "teardown": {
        "outcome": "passed"
      }
    },
    {
      "nodeid": "venvs/tests/test_create.py::TestCreate::test_recreate",
      "lineno": 18,
      "outcome": "passed",
      "keywords": [
        "test_recreate",
        "TestCreate",
        "test_create.py",
        "tests",
        "venvs",
        "julian@venvs__71ef4365__click__plac",
        ""
      ],
      "setup": {
        "outcome": "passed"
      },
      "call": {
        "outcome": "passed"
      },
      "teardown": {
        "outcome": "passed"
      }
    },
    {
      "nodeid": "venvs/tests/test_create.py::TestCreate::test_venvs_default_name",
      "lineno": 43,
      "outcome": "passed",
      "keywords": [
        "test_venvs_default_name",
        "TestCreate",
        "test_create.py",
        "tests",
        "venvs",
        "julian@venvs__71ef4365__click__plac",
        ""
      ],
      "setup": {
        "outcome": "passed"
      },
      "call": {
        "outcome": "passed"
      },
      "teardown": {
        "outcome": "passed"
      }
    },
    {
      "nodeid": "venvs/tests/test_create.py::TestIntegration::test_it_works",
      "lineno": 184,
      "outcome": "error",
      "keywords": [
        "test_it_works",
        "TestIntegration",
        "test_create.py",
        "tests",
        "venvs",
        "julian@venvs__71ef4365__click__plac",
        ""
      ],
      "setup": {
        "outcome": "passed"
      },
      "call": {
        "outcome": "failed",
        "crash": {
          "path": "D:\\repos\\julian@venvs__71ef4365__click__plac\\.venv\\Lib\\site-packages\\filesystems\\native.py",
          "lineno": 37,
          "message": "filesystems.exceptions.FileNotFound: No such file or directory: \\Users\\Mohay\\AppData\\Local\\Temp\\tmpynjt2evg\\create_stdout"
        },
        "traceback": [
          {
            "path": "venvs\\tests\\test_create.py",
            "lineno": 186,
            "message": ""
          },
          {
            "path": ".venv\\Lib\\site-packages\\filesystems\\common.py",
            "lineno": 85,
            "message": "in <lambda>"
          },
          {
            "path": ".venv\\Lib\\site-packages\\filesystems\\native.py",
            "lineno": 37,
            "message": "FileNotFound"
          }
        ],
        "longrepr": "fs = NativeFS()\npath = <Path \\Users\\Mohay\\AppData\\Local\\Temp\\tmpynjt2evg\\create_stdout>\nmode = _FileMode(activity='w', mode='t', read=False, write=True, append=False, text=True, binary=False)\n\n    def _open_file(fs, path, mode):\n        mode = common._parse_mode(mode)\n    \n        try:\n>           return open(str(path), mode.io_open_string())  # noqa: SIM115\nE           FileNotFoundError: [Errno 2] No such file or directory: '\\\\Users\\\\Mohay\\\\AppData\\\\Local\\\\Temp\\\\tmpynjt2evg\\\\create_stdout'\n\n.venv\\Lib\\site-packages\\filesystems\\native.py:34: FileNotFoundError\n\nDuring handling of the above exception, another exception occurred:\n\nself = <venvs.tests.test_create.TestIntegration testMethod=test_it_works>\n\n    def test_it_works(self):\n>       with self.fs.open(self.root / \"create_stdout\", \"w\") as stdout:\n\nvenvs\\tests\\test_create.py:186: \n_ _ _ _ _ _ _ _ _ _ _ _ _ _ _ _ _ _ _ _ _ _ _ _ _ _ _ _ _ _ _ _ _ _ _ _ _ _ _ _\n.venv\\Lib\\site-packages\\filesystems\\common.py:85: in <lambda>\n    open=lambda fs, path, mode=\"r\": open_file(\n_ _ _ _ _ _ _ _ _ _ _ _ _ _ _ _ _ _ _ _ _ _ _ _ _ _ _ _ _ _ _ _ _ _ _ _ _ _ _ _\n\nfs = NativeFS()\npath = <Path \\Users\\Mohay\\AppData\\Local\\Temp\\tmpynjt2evg\\create_stdout>\nmode = _FileMode(activity='w', mode='t', read=False, write=True, append=False, text=True, binary=False)\n\n    def _open_file(fs, path, mode):\n        mode = common._parse_mode(mode)\n    \n        try:\n            return open(str(path), mode.io_open_string())  # noqa: SIM115\n        except OSError as error:\n            if error.errno == exceptions.FileNotFound.errno:\n>               raise exceptions.FileNotFound(path)\nE               filesystems.exceptions.FileNotFound: No such file or directory: \\Users\\Mohay\\AppData\\Local\\Temp\\tmpynjt2evg\\create_stdout\n\n.venv\\Lib\\site-packages\\filesystems\\native.py:37: FileNotFound"
      },
      "teardown": {
        "outcome": "failed",
        "crash": {
          "path": "D:\\repos\\julian@venvs__71ef4365__click__plac\\.venv\\Lib\\site-packages\\filesystems\\native.py",
          "lineno": 52,
          "message": "filesystems.exceptions.FileNotFound: No such file or directory: \\Users\\Mohay\\AppData\\Local\\Temp\\tmpynjt2evg"
        },
        "traceback": [
          {
            "path": ".venv\\Lib\\site-packages\\filesystems\\common.py",
            "lineno": 51,
            "message": "in _recursive_remove"
          },
          {
            "path": ".venv\\Lib\\site-packages\\filesystems\\native.py",
            "lineno": 52,
            "message": "FileNotFound"
          }
        ],
        "longrepr": "fs = NativeFS(), path = <Path \\Users\\Mohay\\AppData\\Local\\Temp\\tmpynjt2evg>\n\n    def _remove_file(fs, path):\n        try:\n>           os.remove(str(path))\nE           FileNotFoundError: [WinError 3] The system cannot find the path specified: '\\\\Users\\\\Mohay\\\\AppData\\\\Local\\\\Temp\\\\tmpynjt2evg'\n\n.venv\\Lib\\site-packages\\filesystems\\native.py:49: FileNotFoundError\n\nDuring handling of the above exception, another exception occurred:\n.venv\\Lib\\site-packages\\filesystems\\common.py:51: in _recursive_remove\n    fs.remove_file(path=path)\n_ _ _ _ _ _ _ _ _ _ _ _ _ _ _ _ _ _ _ _ _ _ _ _ _ _ _ _ _ _ _ _ _ _ _ _ _ _ _ _\n\nfs = NativeFS(), path = <Path \\Users\\Mohay\\AppData\\Local\\Temp\\tmpynjt2evg>\n\n    def _remove_file(fs, path):\n        try:\n            os.remove(str(path))\n        except OSError as error:\n            if error.errno == exceptions.FileNotFound.errno:\n>               raise exceptions.FileNotFound(path)\nE               filesystems.exceptions.FileNotFound: No such file or directory: \\Users\\Mohay\\AppData\\Local\\Temp\\tmpynjt2evg\n\n.venv\\Lib\\site-packages\\filesystems\\native.py:52: FileNotFound"
      }
    },
    {
      "nodeid": "venvs/tests/test_find.py::TestFind::test_cannot_specify_random_garbage",
      "lineno": 89,
      "outcome": "passed",
      "keywords": [
        "test_cannot_specify_random_garbage",
        "TestFind",
        "test_find.py",
        "tests",
        "venvs",
        "julian@venvs__71ef4365__click__plac",
        ""
      ],
      "setup": {
        "outcome": "passed"
      },
      "call": {
        "outcome": "passed"
      },
      "teardown": {
        "outcome": "passed"
      }
    },
    {
      "nodeid": "venvs/tests/test_find.py::TestFind::test_find_directory_defaults_to_cwd",
      "lineno": 17,
      "outcome": "passed",
      "keywords": [
        "test_find_directory_defaults_to_cwd",
        "TestFind",
        "test_find.py",
        "tests",
        "venvs",
        "julian@venvs__71ef4365__click__plac",
        ""
      ],
      "setup": {
        "outcome": "passed"
      },
      "call": {
        "outcome": "passed"
      },
      "teardown": {
        "outcome": "passed"
      }
    },
    {
      "nodeid": "venvs/tests/test_find.py::TestFind::test_find_directory_finds_envs_by_directory",
      "lineno": 9,
      "outcome": "passed",
      "keywords": [
        "test_find_directory_finds_envs_by_directory",
        "TestFind",
        "test_find.py",
        "tests",
        "venvs",
        "julian@venvs__71ef4365__click__plac",
        ""
      ],
      "setup": {
        "outcome": "passed"
      },
      "call": {
        "outcome": "passed"
      },
      "teardown": {
        "outcome": "passed"
      }
    },
    {
      "nodeid": "venvs/tests/test_find.py::TestFind::test_find_directory_with_binary",
      "lineno": 41,
      "outcome": "passed",
      "keywords": [
        "test_find_directory_with_binary",
        "TestFind",
        "test_find.py",
        "tests",
        "venvs",
        "julian@venvs__71ef4365__click__plac",
        ""
      ],
      "setup": {
        "outcome": "passed"
      },
      "call": {
        "outcome": "passed"
      },
      "teardown": {
        "outcome": "passed"
      }
    },
    {
      "nodeid": "venvs/tests/test_find.py::TestFind::test_find_existing_by_dir_fails_for_non_existing_virtualenvs",
      "lineno": 70,
      "outcome": "passed",
      "keywords": [
        "test_find_existing_by_dir_fails_for_non_existing_virtualenvs",
        "TestFind",
        "test_find.py",
        "tests",
        "venvs",
        "julian@venvs__71ef4365__click__plac",
        ""
      ],
      "setup": {
        "outcome": "passed"
      },
      "call": {
        "outcome": "passed"
      },
      "teardown": {
        "outcome": "passed"
      }
    },
    {
      "nodeid": "venvs/tests/test_find.py::TestFind::test_find_existing_by_dir_succeeds_for_existing_virtualenvs",
      "lineno": 77,
      "outcome": "passed",
      "keywords": [
        "test_find_existing_by_dir_succeeds_for_existing_virtualenvs",
        "TestFind",
        "test_find.py",
        "tests",
        "venvs",
        "julian@venvs__71ef4365__click__plac",
        ""
      ],
      "setup": {
        "outcome": "passed"
      },
      "call": {
        "outcome": "passed"
      },
      "teardown": {
        "outcome": "passed"
      }
    },
    {
      "nodeid": "venvs/tests/test_find.py::TestFind::test_find_existing_by_name_fails_for_non_existing_virtualenvs",
      "lineno": 52,
      "outcome": "passed",
      "keywords": [
        "test_find_existing_by_name_fails_for_non_existing_virtualenvs",
        "TestFind",
        "test_find.py",
        "tests",
        "venvs",
        "julian@venvs__71ef4365__click__plac",
        ""
      ],
      "setup": {
        "outcome": "passed"
      },
      "call": {
        "outcome": "passed"
      },
      "teardown": {
        "outcome": "passed"
      }
    },
    {
      "nodeid": "venvs/tests/test_find.py::TestFind::test_find_existing_by_name_succeeds_for_existing_virtualenvs",
      "lineno": 59,
      "outcome": "passed",
      "keywords": [
        "test_find_existing_by_name_succeeds_for_existing_virtualenvs",
        "TestFind",
        "test_find.py",
        "tests",
        "venvs",
        "julian@venvs__71ef4365__click__plac",
        ""
      ],
      "setup": {
        "outcome": "passed"
      },
      "call": {
        "outcome": "passed"
      },
      "teardown": {
        "outcome": "passed"
      }
    },
    {
      "nodeid": "venvs/tests/test_find.py::TestFind::test_find_name_finds_envs_by_name",
      "lineno": 27,
      "outcome": "passed",
      "keywords": [
        "test_find_name_finds_envs_by_name",
        "TestFind",
        "test_find.py",
        "tests",
        "venvs",
        "julian@venvs__71ef4365__click__plac",
        ""
      ],
      "setup": {
        "outcome": "passed"
      },
      "call": {
        "outcome": "passed"
      },
      "teardown": {
        "outcome": "passed"
      }
    },
    {
      "nodeid": "venvs/tests/test_find.py::TestFind::test_find_without_args_finds_the_virtualenv_root",
      "lineno": 34,
      "outcome": "failed",
      "keywords": [
        "test_find_without_args_finds_the_virtualenv_root",
        "TestFind",
        "test_find.py",
        "tests",
        "venvs",
        "julian@venvs__71ef4365__click__plac",
        ""
      ],
      "setup": {
        "outcome": "passed"
      },
      "call": {
        "outcome": "failed",
        "crash": {
          "path": "C:\\Users\\Mohay\\AppData\\Local\\Programs\\Python\\Python312\\Lib\\unittest\\case.py",
          "lineno": 715,
          "message": "AssertionError: Tuples differ: ('\\\\virtualenvs\\n', '') != ('\\\\virtualenvs\\r\\n', '')\n\nFirst differing element 0:\n'\\\\virtualenvs\\n'\n'\\\\virtualenvs\\r\\n'\n\n- ('\\\\virtualenvs\\n', '')\n+ ('\\\\virtualenvs\\r\\n', '')\n?                 ++"
        },
        "traceback": [
          {
            "path": "venvs\\tests\\test_find.py",
            "lineno": 37,
            "message": "AssertionError"
          }
        ],
        "longrepr": "self = <venvs.tests.test_find.TestFind testMethod=test_find_without_args_finds_the_virtualenv_root>\n\n    def test_find_without_args_finds_the_virtualenv_root(self):\n        stdout, stderr = self.run_cli([\"find\"])\n>       self.assertEqual(\n            (stdout, stderr),\n            (str(self.locator.root) + os.linesep, \"\"),\n        )\nE       AssertionError: Tuples differ: ('\\\\virtualenvs\\n', '') != ('\\\\virtualenvs\\r\\n', '')\nE       \nE       First differing element 0:\nE       '\\\\virtualenvs\\n'\nE       '\\\\virtualenvs\\r\\n'\nE       \nE       - ('\\\\virtualenvs\\n', '')\nE       + ('\\\\virtualenvs\\r\\n', '')\nE       ?                 ++\n\nvenvs\\tests\\test_find.py:37: AssertionError"
      },
      "teardown": {
        "outcome": "passed"
      }
    },
    {
      "nodeid": "venvs/tests/test_remove.py::TestRemove::test_can_remove_non_existing_envs_with_force",
      "lineno": 32,
      "outcome": "passed",
      "keywords": [
        "test_can_remove_non_existing_envs_with_force",
        "TestRemove",
        "test_remove.py",
        "tests",
        "venvs",
        "julian@venvs__71ef4365__click__plac",
        ""
      ],
      "setup": {
        "outcome": "passed"
      },
      "call": {
        "outcome": "passed"
      },
      "teardown": {
        "outcome": "passed"
      }
    },
    {
      "nodeid": "venvs/tests/test_remove.py::TestRemove::test_cannot_remove_non_existing_envs",
      "lineno": 27,
      "outcome": "passed",
      "keywords": [
        "test_cannot_remove_non_existing_envs",
        "TestRemove",
        "test_remove.py",
        "tests",
        "venvs",
        "julian@venvs__71ef4365__click__plac",
        ""
      ],
      "setup": {
        "outcome": "passed"
      },
      "call": {
        "outcome": "passed"
      },
      "teardown": {
        "outcome": "passed"
      }
    },
    {
      "nodeid": "venvs/tests/test_remove.py::TestRemove::test_remove_multiple",
      "lineno": 14,
      "outcome": "passed",
      "keywords": [
        "test_remove_multiple",
        "TestRemove",
        "test_remove.py",
        "tests",
        "venvs",
        "julian@venvs__71ef4365__click__plac",
        ""
      ],
      "setup": {
        "outcome": "passed"
      },
      "call": {
        "outcome": "passed"
      },
      "teardown": {
        "outcome": "passed"
      }
    },
    {
      "nodeid": "venvs/tests/test_remove.py::TestRemove::test_remove_removes_an_env_with_the_given_name",
      "lineno": 7,
      "outcome": "passed",
      "keywords": [
        "test_remove_removes_an_env_with_the_given_name",
        "TestRemove",
        "test_remove.py",
        "tests",
        "venvs",
        "julian@venvs__71ef4365__click__plac",
        ""
      ],
      "setup": {
        "outcome": "passed"
      },
      "call": {
        "outcome": "passed"
      },
      "teardown": {
        "outcome": "passed"
      }
    },
    {
      "nodeid": "venvs/tests/test_temporary.py::TestTemporary::test_env_with_single_install",
      "lineno": 30,
      "outcome": "passed",
      "keywords": [
        "test_env_with_single_install",
        "TestTemporary",
        "test_temporary.py",
        "tests",
        "venvs",
        "julian@venvs__71ef4365__click__plac",
        ""
      ],
      "setup": {
        "outcome": "passed"
      },
      "call": {
        "outcome": "passed"
      },
      "teardown": {
        "outcome": "passed"
      }
    },
    {
      "nodeid": "venvs/tests/test_temporary.py::TestTemporary::test_it_creates_a_global_temporary_environment",
      "lineno": 6,
      "outcome": "passed",
      "keywords": [
        "test_it_creates_a_global_temporary_environment",
        "TestTemporary",
        "test_temporary.py",
        "tests",
        "venvs",
        "julian@venvs__71ef4365__click__plac",
        ""
      ],
      "setup": {
        "outcome": "passed"
      },
      "call": {
        "outcome": "passed"
      },
      "teardown": {
        "outcome": "passed"
      }
    },
    {
      "nodeid": "venvs/tests/test_temporary.py::TestTemporary::test_it_recreates_the_environment_if_it_exists",
      "lineno": 16,
      "outcome": "passed",
      "keywords": [
        "test_it_recreates_the_environment_if_it_exists",
        "TestTemporary",
        "test_temporary.py",
        "tests",
        "venvs",
        "julian@venvs__71ef4365__click__plac",
        ""
      ],
      "setup": {
        "outcome": "passed"
      },
      "call": {
        "outcome": "passed"
      },
      "teardown": {
        "outcome": "passed"
      }
    }
  ],
  "warnings": [
    {
      "message": "Detected dynamic_context=test_function in coverage configuration. This is unnecessary as this plugin provides the more complete --cov-context option.",
      "category": "CentralCovContextWarning",
      "when": "config",
      "filename": "D:\\repos\\julian@venvs__71ef4365__click__plac\\.venv\\Lib\\site-packages\\pytest_cov\\engine.py",
      "lineno": 291
    }
  ]
}