{
  "exitcode": 1,
  "summary": {
    "passed": 11,
    "failed": 15,
    "total": 26,
    "collected": 26
  },
  "collectors": [
    {
      "nodeid": "",
      "outcome": "passed",
      "result": [
        {
          "nodeid": ".",
          "type": "Dir"
        }
      ]
    },
    {
      "nodeid": "docs/_static/css",
      "outcome": "passed",
      "result": []
    },
    {
      "nodeid": "docs/_static",
      "outcome": "passed",
      "result": [
        {
          "nodeid": "docs/_static/css",
          "type": "Dir"
        }
      ]
    },
    {
      "nodeid": "docs/_templates",
      "outcome": "passed",
      "result": []
    },
    {
      "nodeid": "docs",
      "outcome": "passed",
      "result": [
        {
          "nodeid": "docs/_static",
          "type": "Dir"
        },
        {
          "nodeid": "docs/_templates",
          "type": "Dir"
        }
      ]
    },
    {
      "nodeid": "test_dir",
      "outcome": "passed",
      "result": []
    },
    {
      "nodeid": "tests/test_cache.py::TestUnpywallCache",
      "outcome": "passed",
      "result": [
        {
          "nodeid": "tests/test_cache.py::TestUnpywallCache::test_reset_cache",
          "type": "Function",
          "lineno": 40
        },
        {
          "nodeid": "tests/test_cache.py::TestUnpywallCache::test_delete",
          "type": "Function",
          "lineno": 45
        },
        {
          "nodeid": "tests/test_cache.py::TestUnpywallCache::test_timeout",
          "type": "Function",
          "lineno": 53
        },
        {
          "nodeid": "tests/test_cache.py::TestUnpywallCache::test_get",
          "type": "Function",
          "lineno": 63
        },
        {
          "nodeid": "tests/test_cache.py::TestUnpywallCache::test_save_load",
          "type": "Function",
          "lineno": 71
        },
        {
          "nodeid": "tests/test_cache.py::TestUnpywallCache::test_download",
          "type": "Function",
          "lineno": 87
        }
      ]
    },
    {
      "nodeid": "tests/test_cache.py",
      "outcome": "passed",
      "result": [
        {
          "nodeid": "tests/test_cache.py::TestUnpywallCache",
          "type": "Class"
        }
      ]
    },
    {
      "nodeid": "tests/test_cli.py::TestUnpywallCli",
      "outcome": "passed",
      "result": [
        {
          "nodeid": "tests/test_cli.py::TestUnpywallCli::test_main",
          "type": "Function",
          "lineno": 10
        },
        {
          "nodeid": "tests/test_cli.py::TestUnpywallCli::test_view",
          "type": "Function",
          "lineno": 21
        },
        {
          "nodeid": "tests/test_cli.py::TestUnpywallCli::test_download",
          "type": "Function",
          "lineno": 31
        },
        {
          "nodeid": "tests/test_cli.py::TestUnpywallCli::test_link",
          "type": "Function",
          "lineno": 43
        }
      ]
    },
    {
      "nodeid": "tests/test_cli.py",
      "outcome": "passed",
      "result": [
        {
          "nodeid": "tests/test_cli.py::TestUnpywallCli",
          "type": "Class"
        }
      ]
    },
    {
      "nodeid": "tests/test_unpywall.py::TestUnpywall",
      "outcome": "passed",
      "result": [
        {
          "nodeid": "tests/test_unpywall.py::TestUnpywall::test_init_cache",
          "type": "Function",
          "lineno": 24
        },
        {
          "nodeid": "tests/test_unpywall.py::TestUnpywall::test_validate_dois",
          "type": "Function",
          "lineno": 39
        },
        {
          "nodeid": "tests/test_unpywall.py::TestUnpywall::test_get_df",
          "type": "Function",
          "lineno": 58
        },
        {
          "nodeid": "tests/test_unpywall.py::TestUnpywall::test_doi",
          "type": "Function",
          "lineno": 82
        },
        {
          "nodeid": "tests/test_unpywall.py::TestUnpywall::test_query",
          "type": "Function",
          "lineno": 100
        },
        {
          "nodeid": "tests/test_unpywall.py::TestUnpywall::test_get_json",
          "type": "Function",
          "lineno": 108
        },
        {
          "nodeid": "tests/test_unpywall.py::TestUnpywall::test_get_pdf_link",
          "type": "Function",
          "lineno": 130
        },
        {
          "nodeid": "tests/test_unpywall.py::TestUnpywall::test_get_doc_link",
          "type": "Function",
          "lineno": 134
        },
        {
          "nodeid": "tests/test_unpywall.py::TestUnpywall::test_get_all_links",
          "type": "Function",
          "lineno": 139
        },
        {
          "nodeid": "tests/test_unpywall.py::TestUnpywall::test_download_pdf_handle",
          "type": "Function",
          "lineno": 144
        },
        {
          "nodeid": "tests/test_unpywall.py::TestUnpywall::test_progress",
          "type": "Function",
          "lineno": 149
        },
        {
          "nodeid": "tests/test_unpywall.py::TestUnpywall::test_view_pdf",
          "type": "Function",
          "lineno": 154
        },
        {
          "nodeid": "tests/test_unpywall.py::TestUnpywall::test_download_pdf_file",
          "type": "Function",
          "lineno": 157
        }
      ]
    },
    {
      "nodeid": "tests/test_unpywall.py",
      "outcome": "passed",
      "result": [
        {
          "nodeid": "tests/test_unpywall.py::TestUnpywall",
          "type": "Class"
        }
      ]
    },
    {
      "nodeid": "tests/test_utils.py::TestUnpywallCredentials",
      "outcome": "passed",
      "result": [
        {
          "nodeid": "tests/test_utils.py::TestUnpywallCredentials::test_validate_email",
          "type": "Function",
          "lineno": 7
        }
      ]
    },
    {
      "nodeid": "tests/test_utils.py::TestUnpywallURL",
      "outcome": "passed",
      "result": [
        {
          "nodeid": "tests/test_utils.py::TestUnpywallURL::test_doi_url",
          "type": "Function",
          "lineno": 36
        },
        {
          "nodeid": "tests/test_utils.py::TestUnpywallURL::test_query_url",
          "type": "Function",
          "lineno": 44
        }
      ]
    },
    {
      "nodeid": "tests/test_utils.py",
      "outcome": "passed",
      "result": [
        {
          "nodeid": "tests/test_utils.py::TestUnpywallCredentials",
          "type": "Class"
        },
        {
          "nodeid": "tests/test_utils.py::TestUnpywallURL",
          "type": "Class"
        }
      ]
    },
    {
      "nodeid": "tests",
      "outcome": "passed",
      "result": [
        {
          "nodeid": "tests/test_cache.py",
          "type": "Module"
        },
        {
          "nodeid": "tests/test_cli.py",
          "type": "Module"
        },
        {
          "nodeid": "tests/test_unpywall.py",
          "type": "Module"
        },
        {
          "nodeid": "tests/test_utils.py",
          "type": "Module"
        }
      ]
    },
    {
      "nodeid": "unpywall",
      "outcome": "passed",
      "result": []
    },
    {
      "nodeid": "unpywall.egg-info",
      "outcome": "passed",
      "result": []
    },
    {
      "nodeid": ".",
      "outcome": "passed",
      "result": [
        {
          "nodeid": "docs",
          "type": "Dir"
        },
        {
          "nodeid": "test_dir",
          "type": "Dir"
        },
        {
          "nodeid": "tests",
          "type": "Package"
        },
        {
          "nodeid": "unpywall",
          "type": "Package"
        },
        {
          "nodeid": "unpywall.egg-info",
          "type": "Dir"
        }
      ]
    }
  ],
  "tests": [
    {
      "nodeid": "tests/test_cache.py::TestUnpywallCache::test_reset_cache",
      "lineno": 40,
      "outcome": "passed",
      "keywords": [
        "test_reset_cache",
        "TestUnpywallCache",
        "test_cache.py",
        "tests",
        "unpywall@unpywall__7909fde0__requests__urllib3",
        ""
      ],
      "setup": {
        "outcome": "passed"
      },
      "call": {
        "outcome": "passed"
      },
      "teardown": {
        "outcome": "passed"
      }
    },
    {
      "nodeid": "tests/test_cache.py::TestUnpywallCache::test_delete",
      "lineno": 45,
      "outcome": "passed",
      "keywords": [
        "test_delete",
        "TestUnpywallCache",
        "test_cache.py",
        "tests",
        "unpywall@unpywall__7909fde0__requests__urllib3",
        ""
      ],
      "setup": {
        "outcome": "passed"
      },
      "call": {
        "outcome": "passed"
      },
      "teardown": {
        "outcome": "passed"
      }
    },
    {
      "nodeid": "tests/test_cache.py::TestUnpywallCache::test_timeout",
      "lineno": 53,
      "outcome": "failed",
      "keywords": [
        "test_timeout",
        "TestUnpywallCache",
        "test_cache.py",
        "tests",
        "unpywall@unpywall__7909fde0__requests__urllib3",
        ""
      ],
      "setup": {
        "outcome": "passed"
      },
      "call": {
        "outcome": "failed",
        "crash": {
          "path": "C:\\Users\\Mohay\\AppData\\Local\\Programs\\Python\\Python312\\Lib\\socket.py",
          "lineno": 275,
          "message": "TypeError: cannot pickle 'SSLSocket' object"
        },
        "traceback": [
          {
            "path": "tests\\test_cache.py",
            "lineno": 60,
            "message": ""
          },
          {
            "path": "unpywall\\cache.py",
            "lineno": 119,
            "message": "in get"
          },
          {
            "path": "unpywall\\cache.py",
            "lineno": 140,
            "message": "in save"
          },
          {
            "path": "C:\\Users\\Mohay\\AppData\\Local\\Programs\\Python\\Python312\\Lib\\socket.py",
            "lineno": 275,
            "message": "TypeError"
          }
        ],
        "longrepr": "self = <tests.test_cache.TestUnpywallCache object at 0x00000261508659A0>\nexample_cache = <unpywall.cache.UnpywallCache object at 0x00000261509A7A10>\n\n    def test_timeout(self, example_cache):\n        timeout = 1\n        doi = '10.1016/j.jns.2020.116832'\n        example_cache.timeout = timeout\n        example_cache.delete(doi)\n        assert doi not in example_cache.content\n>       example_cache.get(doi)\n\ntests\\test_cache.py:60: \n_ _ _ _ _ _ _ _ _ _ _ _ _ _ _ _ _ _ _ _ _ _ _ _ _ _ _ _ _ _ _ _ _ _ _ _ _ _ _ _\nunpywall\\cache.py:119: in get\n    self.save()\nunpywall\\cache.py:140: in save\n    pickle.dump({'content': self.content,\n_ _ _ _ _ _ _ _ _ _ _ _ _ _ _ _ _ _ _ _ _ _ _ _ _ _ _ _ _ _ _ _ _ _ _ _ _ _ _ _\n\nself = <ssl.SSLSocket fd=1768, family=2, type=1, proto=0, laddr=('192.168.1.68', 63451), raddr=('99.83.151.71', 443)>\n\n    def __getstate__(self):\n>       raise TypeError(f\"cannot pickle {self.__class__.__name__!r} object\")\nE       TypeError: cannot pickle 'SSLSocket' object\n\nC:\\Users\\Mohay\\AppData\\Local\\Programs\\Python\\Python312\\Lib\\socket.py:275: TypeError"
      },
      "teardown": {
        "outcome": "passed"
      }
    },
    {
      "nodeid": "tests/test_cache.py::TestUnpywallCache::test_get",
      "lineno": 63,
      "outcome": "failed",
      "keywords": [
        "test_get",
        "TestUnpywallCache",
        "test_cache.py",
        "tests",
        "unpywall@unpywall__7909fde0__requests__urllib3",
        ""
      ],
      "setup": {
        "outcome": "passed"
      },
      "call": {
        "outcome": "failed",
        "crash": {
          "path": "D:\\repos\\unpywall@unpywall__7909fde0__requests__urllib3\\tests\\test_cache.py",
          "lineno": 69,
          "message": "AssertionError: assert False\n +  where False = isinstance(<Response [200]>, HTTPResponse)\n +    where <Response [200]> = get('10.1016/j.jns.2020.116832')\n +      where get = <unpywall.cache.UnpywallCache object at 0x00000261509CAA20>.get"
        },
        "traceback": [
          {
            "path": "tests\\test_cache.py",
            "lineno": 69,
            "message": "AssertionError"
          }
        ],
        "longrepr": "self = <tests.test_cache.TestUnpywallCache object at 0x0000026150865B20>\nexample_cache = <unpywall.cache.UnpywallCache object at 0x00000261509CA450>\nbackup_cache = <unpywall.cache.UnpywallCache object at 0x00000261509CAA20>\n\n    def test_get(self, example_cache, backup_cache):\n        doi = '10.1016/j.jns.2020.116832'\n        example_cache.delete(doi)\n        assert doi not in example_cache.content\n        assert doi not in example_cache.access_times\n>       assert isinstance(backup_cache.get(doi), HTTPResponse)\nE       AssertionError: assert False\nE        +  where False = isinstance(<Response [200]>, HTTPResponse)\nE        +    where <Response [200]> = get('10.1016/j.jns.2020.116832')\nE        +      where get = <unpywall.cache.UnpywallCache object at 0x00000261509CAA20>.get\n\ntests\\test_cache.py:69: AssertionError"
      },
      "teardown": {
        "outcome": "passed"
      }
    },
    {
      "nodeid": "tests/test_cache.py::TestUnpywallCache::test_save_load",
      "lineno": 71,
      "outcome": "passed",
      "keywords": [
        "test_save_load",
        "TestUnpywallCache",
        "test_cache.py",
        "tests",
        "unpywall@unpywall__7909fde0__requests__urllib3",
        ""
      ],
      "setup": {
        "outcome": "passed"
      },
      "call": {
        "outcome": "passed"
      },
      "teardown": {
        "outcome": "passed"
      }
    },
    {
      "nodeid": "tests/test_cache.py::TestUnpywallCache::test_download",
      "lineno": 87,
      "outcome": "passed",
      "keywords": [
        "test_download",
        "TestUnpywallCache",
        "test_cache.py",
        "tests",
        "unpywall@unpywall__7909fde0__requests__urllib3",
        ""
      ],
      "setup": {
        "outcome": "passed"
      },
      "call": {
        "outcome": "passed"
      },
      "teardown": {
        "outcome": "passed"
      }
    },
    {
      "nodeid": "tests/test_cli.py::TestUnpywallCli::test_main",
      "lineno": 10,
      "outcome": "passed",
      "keywords": [
        "test_main",
        "TestUnpywallCli",
        "test_cli.py",
        "tests",
        "unpywall@unpywall__7909fde0__requests__urllib3",
        ""
      ],
      "setup": {
        "outcome": "passed"
      },
      "call": {
        "outcome": "passed",
        "stdout": "usage: unpywall <command> [<args>]\n\nCommand-line tool for interfacing the Unpaywall API\n\nThese are common unpywall commands:\n\n   view        This command opens a local copy of a PDF from\n               a given DOI.\n   download    This command downloads a copy of a PDF from a\n               given DOI.\n   link        This command returns a link to an OA pdf\n               (if available).\nUnknown option: this is a bad argument\nusage: unpywall <command> [<args>]\n\nCommand-line tool for interfacing the Unpaywall API\n\nThese are common unpywall commands:\n\n   view        This command opens a local copy of a PDF from\n               a given DOI.\n   download    This command downloads a copy of a PDF from a\n               given DOI.\n   link        This command returns a link to an OA pdf\n               (if available).\n"
      },
      "teardown": {
        "outcome": "passed"
      }
    },
    {
      "nodeid": "tests/test_cli.py::TestUnpywallCli::test_view",
      "lineno": 21,
      "outcome": "failed",
      "keywords": [
        "test_view",
        "TestUnpywallCli",
        "test_cli.py",
        "tests",
        "unpywall@unpywall__7909fde0__requests__urllib3",
        ""
      ],
      "setup": {
        "outcome": "passed"
      },
      "call": {
        "outcome": "failed",
        "crash": {
          "path": "D:\\repos\\unpywall@unpywall__7909fde0__requests__urllib3\\unpywall\\__init__.py",
          "lineno": 152,
          "message": "AttributeError: type object 'Unpywall' has no attribute 'get_pdf_link'"
        },
        "traceback": [
          {
            "path": "tests\\test_cli.py",
            "lineno": 30,
            "message": ""
          },
          {
            "path": "unpywall\\__main__.py",
            "lineno": 56,
            "message": "in __init__"
          },
          {
            "path": "unpywall\\__main__.py",
            "lineno": 105,
            "message": "in view"
          },
          {
            "path": "unpywall\\__init__.py",
            "lineno": 152,
            "message": "AttributeError"
          }
        ],
        "stdout": "usage: __main__.py [-m \b] [-b \b] [-u \b] doi\n\nThis command opens a local copy of a PDF from a given DOI.\n\npositional arguments:\n  doi                 \tThe DOI of the document.\n\noptions:\n  -m \b, --mode \b      \tThe mode for viewing a PDF.\n  -b \b, --backend \b   \tThe backend you want to use.\n  -u \b, --progress \b  \tShow progress bar.\n",
        "stderr": "error: the following arguments are required: doi\n\n",
        "longrepr": "self = <tests.test_cli.TestUnpywallCli object at 0x0000026150865AC0>\n\n    def test_view(self):\n        with pytest.raises(SystemExit) as pytest_raise_system_exit:\n            main(test_args=['view'])\n    \n            assert pytest_raise_system_exit.value.code == 2\n    \n        with pytest.raises(HTTPError):\n            bad_doi = 'bad_doi'\n>           main(test_args=['view', bad_doi])\n\ntests\\test_cli.py:30: \n_ _ _ _ _ _ _ _ _ _ _ _ _ _ _ _ _ _ _ _ _ _ _ _ _ _ _ _ _ _ _ _ _ _ _ _ _ _ _ _\nunpywall\\__main__.py:56: in __init__\n    getattr(self, args.command)()\nunpywall\\__main__.py:105: in view\n    Unpywall.view_pdf(args.doi, args.mode, progress=args.progress)\n_ _ _ _ _ _ _ _ _ _ _ _ _ _ _ _ _ _ _ _ _ _ _ _ _ _ _ _ _ _ _ _ _ _ _ _ _ _ _ _\n\ndoi = 'bad_doi', mode = 'viewer', progress = False\n\n    @staticmethod\n    def view_pdf(doi: str,\n                 mode: str = 'viewer',\n                 progress: bool = False) -> None:\n        \"\"\"\n        This function opens a local copy of a PDF from a given DOI.\n    \n        Parameters\n        ----------\n        doi : str\n            The DOI of the requested paper.\n        mode : str\n            The mode for viewing a PDF.\n        progress : bool\n            Whether the progress of the API call should be printed out or not.\n        \"\"\"\n    \n>       url = Unpywall.get_pdf_link(doi)\nE       AttributeError: type object 'Unpywall' has no attribute 'get_pdf_link'\n\nunpywall\\__init__.py:152: AttributeError"
      },
      "teardown": {
        "outcome": "passed"
      }
    },
    {
      "nodeid": "tests/test_cli.py::TestUnpywallCli::test_download",
      "lineno": 31,
      "outcome": "passed",
      "keywords": [
        "test_download",
        "TestUnpywallCli",
        "test_cli.py",
        "tests",
        "unpywall@unpywall__7909fde0__requests__urllib3",
        ""
      ],
      "setup": {
        "outcome": "passed"
      },
      "call": {
        "outcome": "passed",
        "stdout": "usage: __main__.py [-f \b] [-p \b] [-b \b] [-u \b] doi\n\nThis command downloads a copy of a PDF from a given DOI.\n\npositional arguments:\n  doi                 \tThe DOI of the document.\n\noptions:\n  -f \b, --filename \b  \tThe filename for downloading a PDF.\n  -p \b, --path \b      \tThe filepath for downloading a PDF.\n  -b \b, --backend \b   \tThe backend you want to use.\n  -u \b, --progress \b  \tShow progress bar.\n",
        "stderr": "error: the following arguments are required: doi\n\n"
      },
      "teardown": {
        "outcome": "passed"
      }
    },
    {
      "nodeid": "tests/test_cli.py::TestUnpywallCli::test_link",
      "lineno": 43,
      "outcome": "failed",
      "keywords": [
        "test_link",
        "TestUnpywallCli",
        "test_cli.py",
        "tests",
        "unpywall@unpywall__7909fde0__requests__urllib3",
        ""
      ],
      "setup": {
        "outcome": "passed"
      },
      "call": {
        "outcome": "failed",
        "crash": {
          "path": "D:\\repos\\unpywall@unpywall__7909fde0__requests__urllib3\\unpywall\\__main__.py",
          "lineno": 196,
          "message": "AttributeError: type object 'Unpywall' has no attribute 'get_pdf_link'"
        },
        "traceback": [
          {
            "path": "tests\\test_cli.py",
            "lineno": 52,
            "message": ""
          },
          {
            "path": "unpywall\\__main__.py",
            "lineno": 56,
            "message": "in __init__"
          },
          {
            "path": "unpywall\\__main__.py",
            "lineno": 196,
            "message": "AttributeError"
          }
        ],
        "stdout": "usage: __main__.py [-b \b] doi\n\nThis command returns a link to an OA pdf (if available).\n\npositional arguments:\n  doi                \tThe DOI of the document.\n\noptions:\n  -b \b, --backend \b  \tThe backend you want to use.\n",
        "stderr": "error: the following arguments are required: doi\n\n",
        "longrepr": "self = <tests.test_cli.TestUnpywallCli object at 0x0000026150866510>\n\n    def test_link(self):\n        with pytest.raises(SystemExit) as pytest_raise_system_exit:\n            main(test_args=['link'])\n    \n            assert pytest_raise_system_exit.value.code == 2\n    \n        with pytest.raises(HTTPError):\n            bad_doi = 'bad_doi'\n>           main(test_args=['link', bad_doi])\n\ntests\\test_cli.py:52: \n_ _ _ _ _ _ _ _ _ _ _ _ _ _ _ _ _ _ _ _ _ _ _ _ _ _ _ _ _ _ _ _ _ _ _ _ _ _ _ _\nunpywall\\__main__.py:56: in __init__\n    getattr(self, args.command)()\n_ _ _ _ _ _ _ _ _ _ _ _ _ _ _ _ _ _ _ _ _ _ _ _ _ _ _ _ _ _ _ _ _ _ _ _ _ _ _ _\n\nself = <[TypeError('__repr__ returned non-string (type NoneType)') raised in repr()] main object at 0x261509c82c0>\n\n    def link(self) -> None:\n        ap = UnpywallArgumentParser(description=('This command returns a link'\n                                                 ' to an OA pdf'\n                                                 ' (if available).'),\n                                    formatter_class=RawTextHelpFormatter,\n                                    add_help=False)\n        ap.add_argument('doi',\n                        type=str,\n                        metavar='doi',\n                        help='\\tThe DOI of the document.')\n        ap.add_argument('-b',\n                        '--backend',\n                        type=str,\n                        default='remote',\n                        dest='backend',\n                        choices=['remote', 'cache', 'snapshot'],\n                        metavar='\\b',\n                        help='\\tThe backend you want to use.')\n        ap.add_argument('-h',\n                        '--help',\n                        action='help',\n                        default=SUPPRESS,\n                        help=SUPPRESS)\n    \n        if self.test_args:\n            args = ap.parse_args(self.test_args[1:])\n        else:\n            args = ap.parse_args(sys.argv[2:])\n    \n>       print(Unpywall.get_pdf_link(args.doi))\nE       AttributeError: type object 'Unpywall' has no attribute 'get_pdf_link'\n\nunpywall\\__main__.py:196: AttributeError"
      },
      "teardown": {
        "outcome": "passed"
      }
    },
    {
      "nodeid": "tests/test_unpywall.py::TestUnpywall::test_init_cache",
      "lineno": 24,
      "outcome": "passed",
      "keywords": [
        "test_init_cache",
        "TestUnpywall",
        "test_unpywall.py",
        "tests",
        "unpywall@unpywall__7909fde0__requests__urllib3",
        ""
      ],
      "setup": {
        "outcome": "passed"
      },
      "call": {
        "outcome": "passed"
      },
      "teardown": {
        "outcome": "passed"
      }
    },
    {
      "nodeid": "tests/test_unpywall.py::TestUnpywall::test_validate_dois",
      "lineno": 39,
      "outcome": "failed",
      "keywords": [
        "test_validate_dois",
        "TestUnpywall",
        "test_unpywall.py",
        "tests",
        "unpywall@unpywall__7909fde0__requests__urllib3",
        ""
      ],
      "setup": {
        "outcome": "passed"
      },
      "call": {
        "outcome": "failed",
        "crash": {
          "path": "D:\\repos\\unpywall@unpywall__7909fde0__requests__urllib3\\tests\\test_unpywall.py",
          "lineno": 46,
          "message": "AttributeError: type object 'Unpywall' has no attribute '_validate_dois'"
        },
        "traceback": [
          {
            "path": "tests\\test_unpywall.py",
            "lineno": 46,
            "message": "AttributeError"
          }
        ],
        "longrepr": "self = <tests.test_unpywall.TestUnpywall object at 0x00000261509A5AC0>\n\n    def test_validate_dois(self):\n    \n        correct_dois = ['10.1038/nature12373', '10.1103/physreve.88.012814']\n        bad_dois = 'a bad doi'\n    \n        with pytest.raises(ValueError, match='No DOI specified'):\n>           assert Unpywall._validate_dois(None)\nE           AttributeError: type object 'Unpywall' has no attribute '_validate_dois'\n\ntests\\test_unpywall.py:46: AttributeError"
      },
      "teardown": {
        "outcome": "passed"
      }
    },
    {
      "nodeid": "tests/test_unpywall.py::TestUnpywall::test_get_df",
      "lineno": 58,
      "outcome": "failed",
      "keywords": [
        "test_get_df",
        "TestUnpywall",
        "test_unpywall.py",
        "tests",
        "unpywall@unpywall__7909fde0__requests__urllib3",
        ""
      ],
      "setup": {
        "outcome": "passed"
      },
      "call": {
        "outcome": "failed",
        "crash": {
          "path": "D:\\repos\\unpywall@unpywall__7909fde0__requests__urllib3\\tests\\test_unpywall.py",
          "lineno": 67,
          "message": "AttributeError: type object 'Unpywall' has no attribute '_get_df'"
        },
        "traceback": [
          {
            "path": "tests\\test_unpywall.py",
            "lineno": 67,
            "message": "AttributeError"
          }
        ],
        "longrepr": "self = <tests.test_unpywall.TestUnpywall object at 0x00000261509A6DB0>\nUnpywall = <class 'unpywall.Unpywall'>\n\n    def test_get_df(self, Unpywall):\n    \n        data = Unpywall.get_json(doi='10.1016/j.tmaid.2020.101663',\n                                 errors='raise')\n    \n        with pytest.raises(ValueError,\n                           match=('The argument format only accepts the'\n                                  ' values \"raw\" and \"extended\"')):\n>           assert Unpywall._get_df(data=data,\n                                    format='not a valid format',\n                                    errors='raise')\nE           AttributeError: type object 'Unpywall' has no attribute '_get_df'\n\ntests\\test_unpywall.py:67: AttributeError"
      },
      "teardown": {
        "outcome": "passed"
      }
    },
    {
      "nodeid": "tests/test_unpywall.py::TestUnpywall::test_doi",
      "lineno": 82,
      "outcome": "failed",
      "keywords": [
        "test_doi",
        "TestUnpywall",
        "test_unpywall.py",
        "tests",
        "unpywall@unpywall__7909fde0__requests__urllib3",
        ""
      ],
      "setup": {
        "outcome": "passed"
      },
      "call": {
        "outcome": "failed",
        "crash": {
          "path": "D:\\repos\\unpywall@unpywall__7909fde0__requests__urllib3\\tests\\test_unpywall.py",
          "lineno": 85,
          "message": "AttributeError: type object 'Unpywall' has no attribute 'doi'"
        },
        "traceback": [
          {
            "path": "tests\\test_unpywall.py",
            "lineno": 85,
            "message": "AttributeError"
          }
        ],
        "longrepr": "self = <tests.test_unpywall.TestUnpywall object at 0x00000261509A6F60>\nUnpywall = <class 'unpywall.Unpywall'>\ncapfd = <_pytest.capture.CaptureFixture object at 0x00000261509C9880>\n\n    def test_doi(self, Unpywall, capfd):\n    \n>       df = Unpywall.doi(dois=['10.1038/nature12373'],\n                          format='raw',\n                          progress=True,\n                          errors='ignore')\nE       AttributeError: type object 'Unpywall' has no attribute 'doi'\n\ntests\\test_unpywall.py:85: AttributeError"
      },
      "teardown": {
        "outcome": "passed"
      }
    },
    {
      "nodeid": "tests/test_unpywall.py::TestUnpywall::test_query",
      "lineno": 100,
      "outcome": "failed",
      "keywords": [
        "test_query",
        "TestUnpywall",
        "test_unpywall.py",
        "tests",
        "unpywall@unpywall__7909fde0__requests__urllib3",
        ""
      ],
      "setup": {
        "outcome": "passed"
      },
      "call": {
        "outcome": "failed",
        "crash": {
          "path": "D:\\repos\\unpywall@unpywall__7909fde0__requests__urllib3\\tests\\test_unpywall.py",
          "lineno": 103,
          "message": "AttributeError: type object 'Unpywall' has no attribute 'query'"
        },
        "traceback": [
          {
            "path": "tests\\test_unpywall.py",
            "lineno": 103,
            "message": "AttributeError"
          }
        ],
        "longrepr": "self = <tests.test_unpywall.TestUnpywall object at 0x00000261509A70E0>\nUnpywall = <class 'unpywall.Unpywall'>\n\n    def test_query(self, Unpywall):\n    \n>       df = Unpywall.query(query='test',\n                            is_oa=True,\n                            errors='ignore')\nE       AttributeError: type object 'Unpywall' has no attribute 'query'\n\ntests\\test_unpywall.py:103: AttributeError"
      },
      "teardown": {
        "outcome": "passed"
      }
    },
    {
      "nodeid": "tests/test_unpywall.py::TestUnpywall::test_get_json",
      "lineno": 108,
      "outcome": "failed",
      "keywords": [
        "test_get_json",
        "TestUnpywall",
        "test_unpywall.py",
        "tests",
        "unpywall@unpywall__7909fde0__requests__urllib3",
        ""
      ],
      "setup": {
        "outcome": "passed"
      },
      "call": {
        "outcome": "failed",
        "crash": {
          "path": "D:\\repos\\unpywall@unpywall__7909fde0__requests__urllib3\\tests\\test_unpywall.py",
          "lineno": 117,
          "message": "AssertionError: assert False\n +  where False = isinstance(<Response [200]>, dict)\n +    where <Response [200]> = <function Unpywall.get_json at 0x0000026150880720>(doi='10.1016/j.tmaid.2020.101663', errors='raise')\n +      where <function Unpywall.get_json at 0x0000026150880720> = <class 'unpywall.Unpywall'>.get_json"
        },
        "traceback": [
          {
            "path": "tests\\test_unpywall.py",
            "lineno": 117,
            "message": "AssertionError"
          }
        ],
        "longrepr": "self = <tests.test_unpywall.TestUnpywall object at 0x00000261509A7110>\nUnpywall = <class 'unpywall.Unpywall'>\n\n    def test_get_json(self, Unpywall):\n    \n        with pytest.raises(HTTPError):\n            Unpywall.get_json(doi='a bad doi', errors='raise')\n    \n        with pytest.warns(UserWarning):\n            Unpywall.get_json(doi='a bad doi', errors='ignore')\n    \n>       assert isinstance(Unpywall.get_json(doi='10.1016/j.tmaid.2020.101663',\n                                            errors='raise'), dict)\nE       AssertionError: assert False\nE        +  where False = isinstance(<Response [200]>, dict)\nE        +    where <Response [200]> = <function Unpywall.get_json at 0x0000026150880720>(doi='10.1016/j.tmaid.2020.101663', errors='raise')\nE        +      where <function Unpywall.get_json at 0x0000026150880720> = <class 'unpywall.Unpywall'>.get_json\n\ntests\\test_unpywall.py:117: AssertionError"
      },
      "teardown": {
        "outcome": "passed"
      }
    },
    {
      "nodeid": "tests/test_unpywall.py::TestUnpywall::test_get_pdf_link",
      "lineno": 130,
      "outcome": "failed",
      "keywords": [
        "test_get_pdf_link",
        "TestUnpywall",
        "test_unpywall.py",
        "tests",
        "unpywall@unpywall__7909fde0__requests__urllib3",
        ""
      ],
      "setup": {
        "outcome": "passed"
      },
      "call": {
        "outcome": "failed",
        "crash": {
          "path": "D:\\repos\\unpywall@unpywall__7909fde0__requests__urllib3\\tests\\test_unpywall.py",
          "lineno": 133,
          "message": "AttributeError: type object 'Unpywall' has no attribute 'get_pdf_link'"
        },
        "traceback": [
          {
            "path": "tests\\test_unpywall.py",
            "lineno": 133,
            "message": "AttributeError"
          }
        ],
        "longrepr": "self = <tests.test_unpywall.TestUnpywall object at 0x00000261509A5AF0>\nUnpywall = <class 'unpywall.Unpywall'>\n\n    def test_get_pdf_link(self, Unpywall):\n    \n>       assert isinstance(Unpywall.get_pdf_link('10.1038/nature12373'), str)\nE       AttributeError: type object 'Unpywall' has no attribute 'get_pdf_link'\n\ntests\\test_unpywall.py:133: AttributeError"
      },
      "teardown": {
        "outcome": "passed"
      }
    },
    {
      "nodeid": "tests/test_unpywall.py::TestUnpywall::test_get_doc_link",
      "lineno": 134,
      "outcome": "failed",
      "keywords": [
        "test_get_doc_link",
        "TestUnpywall",
        "test_unpywall.py",
        "tests",
        "unpywall@unpywall__7909fde0__requests__urllib3",
        ""
      ],
      "setup": {
        "outcome": "passed"
      },
      "call": {
        "outcome": "failed",
        "crash": {
          "path": "D:\\repos\\unpywall@unpywall__7909fde0__requests__urllib3\\tests\\test_unpywall.py",
          "lineno": 138,
          "message": "AttributeError: type object 'Unpywall' has no attribute 'get_doc_link'"
        },
        "traceback": [
          {
            "path": "tests\\test_unpywall.py",
            "lineno": 138,
            "message": "AttributeError"
          }
        ],
        "longrepr": "self = <tests.test_unpywall.TestUnpywall object at 0x00000261509A72F0>\nUnpywall = <class 'unpywall.Unpywall'>\n\n    def test_get_doc_link(self, Unpywall):\n    \n        assert isinstance(\n>           Unpywall.get_doc_link('10.1016/j.tmaid.2020.101663'), str)\nE       AttributeError: type object 'Unpywall' has no attribute 'get_doc_link'\n\ntests\\test_unpywall.py:138: AttributeError"
      },
      "teardown": {
        "outcome": "passed"
      }
    },
    {
      "nodeid": "tests/test_unpywall.py::TestUnpywall::test_get_all_links",
      "lineno": 139,
      "outcome": "failed",
      "keywords": [
        "test_get_all_links",
        "TestUnpywall",
        "test_unpywall.py",
        "tests",
        "unpywall@unpywall__7909fde0__requests__urllib3",
        ""
      ],
      "setup": {
        "outcome": "passed"
      },
      "call": {
        "outcome": "failed",
        "crash": {
          "path": "D:\\repos\\unpywall@unpywall__7909fde0__requests__urllib3\\tests\\test_unpywall.py",
          "lineno": 143,
          "message": "AttributeError: type object 'Unpywall' has no attribute 'get_all_links'"
        },
        "traceback": [
          {
            "path": "tests\\test_unpywall.py",
            "lineno": 143,
            "message": "AttributeError"
          }
        ],
        "longrepr": "self = <tests.test_unpywall.TestUnpywall object at 0x00000261509A7470>\nUnpywall = <class 'unpywall.Unpywall'>\n\n    def test_get_all_links(self, Unpywall):\n    \n        assert isinstance(\n>           Unpywall.get_all_links('10.1016/j.tmaid.2020.101663'), list)\nE       AttributeError: type object 'Unpywall' has no attribute 'get_all_links'\n\ntests\\test_unpywall.py:143: AttributeError"
      },
      "teardown": {
        "outcome": "passed"
      }
    },
    {
      "nodeid": "tests/test_unpywall.py::TestUnpywall::test_download_pdf_handle",
      "lineno": 144,
      "outcome": "failed",
      "keywords": [
        "test_download_pdf_handle",
        "TestUnpywall",
        "test_unpywall.py",
        "tests",
        "unpywall@unpywall__7909fde0__requests__urllib3",
        ""
      ],
      "setup": {
        "outcome": "passed"
      },
      "call": {
        "outcome": "failed",
        "crash": {
          "path": "D:\\repos\\unpywall@unpywall__7909fde0__requests__urllib3\\unpywall\\__init__.py",
          "lineno": 131,
          "message": "AttributeError: type object 'Unpywall' has no attribute 'get_pdf_link'"
        },
        "traceback": [
          {
            "path": "tests\\test_unpywall.py",
            "lineno": 148,
            "message": ""
          },
          {
            "path": "unpywall\\__init__.py",
            "lineno": 131,
            "message": "AttributeError"
          }
        ],
        "longrepr": "self = <tests.test_unpywall.TestUnpywall object at 0x00000261509A75F0>\nUnpywall = <class 'unpywall.Unpywall'>\n\n    def test_download_pdf_handle(self, Unpywall):\n    \n        assert isinstance(\n>           Unpywall.download_pdf_handle('10.1038/nature12373'), BytesIO)\n\ntests\\test_unpywall.py:148: \n_ _ _ _ _ _ _ _ _ _ _ _ _ _ _ _ _ _ _ _ _ _ _ _ _ _ _ _ _ _ _ _ _ _ _ _ _ _ _ _\n\ndoi = '10.1038/nature12373'\n\n    @staticmethod\n    def download_pdf_handle(doi: str) -> BytesIO:\n        \"\"\"\n        This function returns a file-like object containing the requested PDF.\n    \n        Parameters\n        ----------\n        doi : str\n            The DOI of the requested paper.\n    \n        Returns\n        -------\n        BytesIO\n            The handle of the PDF file.\n        \"\"\"\n>       pdf_link = Unpywall.get_pdf_link(doi)\nE       AttributeError: type object 'Unpywall' has no attribute 'get_pdf_link'\n\nunpywall\\__init__.py:131: AttributeError"
      },
      "teardown": {
        "outcome": "passed"
      }
    },
    {
      "nodeid": "tests/test_unpywall.py::TestUnpywall::test_progress",
      "lineno": 149,
      "outcome": "failed",
      "keywords": [
        "test_progress",
        "TestUnpywall",
        "test_unpywall.py",
        "tests",
        "unpywall@unpywall__7909fde0__requests__urllib3",
        ""
      ],
      "setup": {
        "outcome": "passed"
      },
      "call": {
        "outcome": "failed",
        "crash": {
          "path": "D:\\repos\\unpywall@unpywall__7909fde0__requests__urllib3\\tests\\test_unpywall.py",
          "lineno": 151,
          "message": "AttributeError: type object 'Unpywall' has no attribute '_progress'"
        },
        "traceback": [
          {
            "path": "tests\\test_unpywall.py",
            "lineno": 151,
            "message": "AttributeError"
          }
        ],
        "longrepr": "self = <tests.test_unpywall.TestUnpywall object at 0x00000261509A77A0>\nUnpywall = <class 'unpywall.Unpywall'>\ncapfd = <_pytest.capture.CaptureFixture object at 0x0000026150A390A0>\n\n    def test_progress(self, Unpywall, capfd):\n>       Unpywall._progress(0.5)\nE       AttributeError: type object 'Unpywall' has no attribute '_progress'\n\ntests\\test_unpywall.py:151: AttributeError"
      },
      "teardown": {
        "outcome": "passed"
      }
    },
    {
      "nodeid": "tests/test_unpywall.py::TestUnpywall::test_view_pdf",
      "lineno": 154,
      "outcome": "passed",
      "keywords": [
        "test_view_pdf",
        "TestUnpywall",
        "test_unpywall.py",
        "tests",
        "unpywall@unpywall__7909fde0__requests__urllib3",
        ""
      ],
      "setup": {
        "outcome": "passed"
      },
      "call": {
        "outcome": "passed"
      },
      "teardown": {
        "outcome": "passed"
      }
    },
    {
      "nodeid": "tests/test_unpywall.py::TestUnpywall::test_download_pdf_file",
      "lineno": 157,
      "outcome": "failed",
      "keywords": [
        "test_download_pdf_file",
        "TestUnpywall",
        "test_unpywall.py",
        "tests",
        "unpywall@unpywall__7909fde0__requests__urllib3",
        ""
      ],
      "setup": {
        "outcome": "passed"
      },
      "call": {
        "outcome": "failed",
        "crash": {
          "path": "D:\\repos\\unpywall@unpywall__7909fde0__requests__urllib3\\unpywall\\__init__.py",
          "lineno": 205,
          "message": "AttributeError: type object 'Unpywall' has no attribute 'get_pdf_link'"
        },
        "traceback": [
          {
            "path": "tests\\test_unpywall.py",
            "lineno": 163,
            "message": ""
          },
          {
            "path": "unpywall\\__init__.py",
            "lineno": 205,
            "message": "AttributeError"
          }
        ],
        "longrepr": "self = <tests.test_unpywall.TestUnpywall object at 0x00000261509A7AD0>\nUnpywall = <class 'unpywall.Unpywall'>\ncapfd = <_pytest.capture.CaptureFixture object at 0x0000026150A3B2C0>\n\n    def test_download_pdf_file(self, Unpywall, capfd):\n    \n        filename = 'test.pdf'\n        filepath = './test_dir'\n    \n>       Unpywall.download_pdf_file('10.1038/nature12373',\n                                   filename=filename,\n                                   filepath=filepath,\n                                   progress=True)\n\ntests\\test_unpywall.py:163: \n_ _ _ _ _ _ _ _ _ _ _ _ _ _ _ _ _ _ _ _ _ _ _ _ _ _ _ _ _ _ _ _ _ _ _ _ _ _ _ _\n\ndoi = '10.1038/nature12373', filename = 'test.pdf', filepath = './test_dir'\nprogress = True\n\n    @staticmethod\n    def download_pdf_file(doi: str,\n                          filename: str,\n                          filepath: str = '.',\n                          progress: bool = False) -> None:\n        \"\"\"\n        This function downloads a PDF from a given DOI.\n    \n        Parameters\n        ----------\n        doi : str\n            The DOI of the requested paper.\n        filename : str\n            The filename for the PDF.\n        filepath : str\n            The path to store the downloaded PDF.\n        progress : bool\n            Whether the progress of the API call should be printed out or not.\n        \"\"\"\n    \n>       url = Unpywall.get_pdf_link(doi)\nE       AttributeError: type object 'Unpywall' has no attribute 'get_pdf_link'\n\nunpywall\\__init__.py:205: AttributeError"
      },
      "teardown": {
        "outcome": "passed"
      }
    },
    {
      "nodeid": "tests/test_utils.py::TestUnpywallCredentials::test_validate_email",
      "lineno": 7,
      "outcome": "passed",
      "keywords": [
        "test_validate_email",
        "TestUnpywallCredentials",
        "test_utils.py",
        "tests",
        "unpywall@unpywall__7909fde0__requests__urllib3",
        ""
      ],
      "setup": {
        "outcome": "passed"
      },
      "call": {
        "outcome": "passed"
      },
      "teardown": {
        "outcome": "passed"
      }
    },
    {
      "nodeid": "tests/test_utils.py::TestUnpywallURL::test_doi_url",
      "lineno": 36,
      "outcome": "passed",
      "keywords": [
        "test_doi_url",
        "TestUnpywallURL",
        "test_utils.py",
        "tests",
        "unpywall@unpywall__7909fde0__requests__urllib3",
        ""
      ],
      "setup": {
        "outcome": "passed"
      },
      "call": {
        "outcome": "passed"
      },
      "teardown": {
        "outcome": "passed"
      }
    },
    {
      "nodeid": "tests/test_utils.py::TestUnpywallURL::test_query_url",
      "lineno": 44,
      "outcome": "passed",
      "keywords": [
        "test_query_url",
        "TestUnpywallURL",
        "test_utils.py",
        "tests",
        "unpywall@unpywall__7909fde0__requests__urllib3",
        ""
      ],
      "setup": {
        "outcome": "passed"
      },
      "call": {
        "outcome": "passed"
      },
      "teardown": {
        "outcome": "passed"
      }
    }
  ]
}