{
  "exitcode": 1,
  "summary": {
    "failed": 8,
    "error": 12,
    "passed": 1,
    "total": 21,
    "collected": 21
  },
  "collectors": [
    {
      "nodeid": "",
      "outcome": "passed",
      "result": [
        {
          "nodeid": ".",
          "type": "Dir"
        }
      ]
    },
    {
      "nodeid": "docs",
      "outcome": "passed",
      "result": []
    },
    {
      "nodeid": "python_cas.egg-info",
      "outcome": "passed",
      "result": []
    },
    {
      "nodeid": "tests/test_cas.py",
      "outcome": "passed",
      "result": [
        {
          "nodeid": "tests/test_cas.py::test_login_url_helper",
          "type": "Function",
          "lineno": 14
        },
        {
          "nodeid": "tests/test_cas.py::test_login_url_helper_with_extra_params",
          "type": "Function",
          "lineno": 27
        },
        {
          "nodeid": "tests/test_cas.py::test_login_url_helper_with_renew",
          "type": "Function",
          "lineno": 42
        },
        {
          "nodeid": "tests/test_cas.py::test_logout_url",
          "type": "Function",
          "lineno": 83
        },
        {
          "nodeid": "tests/test_cas.py::test_v1_logout_url_with_redirect",
          "type": "Function",
          "lineno": 89
        },
        {
          "nodeid": "tests/test_cas.py::test_v2_logout_url_with_redirect",
          "type": "Function",
          "lineno": 98
        },
        {
          "nodeid": "tests/test_cas.py::test_v3_logout_url_with_redirect",
          "type": "Function",
          "lineno": 107
        },
        {
          "nodeid": "tests/test_cas.py::test_v3_logout_url_without_redirect",
          "type": "Function",
          "lineno": 116
        },
        {
          "nodeid": "tests/test_cas.py::test_cas3_basic_successful_response_verification",
          "type": "Function",
          "lineno": 134
        },
        {
          "nodeid": "tests/test_cas.py::test_cas3_successful_response_verification_with_attributes",
          "type": "Function",
          "lineno": 145
        },
        {
          "nodeid": "tests/test_cas.py::test_successful_response_verification_with_pgtiou",
          "type": "Function",
          "lineno": 157
        },
        {
          "nodeid": "tests/test_cas.py::test_unsuccessful_response",
          "type": "Function",
          "lineno": 167
        },
        {
          "nodeid": "tests/test_cas.py::test_proxy_url",
          "type": "Function",
          "lineno": 173
        },
        {
          "nodeid": "tests/test_cas.py::test_can_saml_assertion_is_encoded",
          "type": "Function",
          "lineno": 179
        },
        {
          "nodeid": "tests/test_cas.py::test_v3_custom_session",
          "type": "Function",
          "lineno": 192
        },
        {
          "nodeid": "tests/test_cas.py::test_cas2_jasig_attributes",
          "type": "Function",
          "lineno": 222
        },
        {
          "nodeid": "tests/test_cas.py::test_cas2_non_standard_user_node",
          "type": "Function",
          "lineno": 234
        },
        {
          "nodeid": "tests/test_cas.py::test_unsupported_protocol_version",
          "type": "Function",
          "lineno": 239
        },
        {
          "nodeid": "tests/test_cas.py::test_verify_logout_request_invalid_parameters",
          "type": "Function",
          "lineno": 243
        },
        {
          "nodeid": "tests/test_cas.py::test_verify_logout_request_success",
          "type": "Function",
          "lineno": 247
        },
        {
          "nodeid": "tests/test_cas.py::test_verify_logout_request_invalid_st",
          "type": "Function",
          "lineno": 261
        }
      ]
    },
    {
      "nodeid": "tests",
      "outcome": "passed",
      "result": [
        {
          "nodeid": "tests/test_cas.py",
          "type": "Module"
        }
      ]
    },
    {
      "nodeid": ".",
      "outcome": "passed",
      "result": [
        {
          "nodeid": "docs",
          "type": "Dir"
        },
        {
          "nodeid": "python_cas.egg-info",
          "type": "Dir"
        },
        {
          "nodeid": "tests",
          "type": "Package"
        }
      ]
    }
  ],
  "tests": [
    {
      "nodeid": "tests/test_cas.py::test_login_url_helper",
      "lineno": 14,
      "outcome": "failed",
      "keywords": [
        "test_login_url_helper",
        "test_cas.py",
        "tests",
        "python-cas@python-cas__5697dcc5__requests__aiohttp",
        ""
      ],
      "setup": {
        "outcome": "passed"
      },
      "call": {
        "outcome": "failed",
        "crash": {
          "path": "D:\\repos\\python-cas@python-cas__5697dcc5__requests__aiohttp\\.venv\\Lib\\site-packages\\aiohttp\\client.py",
          "lineno": 310,
          "message": "RuntimeError: no running event loop"
        },
        "longrepr": "Traceback (most recent call last):\n  File \"D:\\repos\\python-cas@python-cas__5697dcc5__requests__aiohttp\\.venv\\Lib\\site-packages\\_pytest\\runner.py\", line 341, in from_call\n    result: TResult | None = func()\n                             ^^^^^^\n  File \"D:\\repos\\python-cas@python-cas__5697dcc5__requests__aiohttp\\.venv\\Lib\\site-packages\\_pytest\\runner.py\", line 242, in <lambda>\n    lambda: runtest_hook(item=item, **kwds), when=when, reraise=reraise\n            ^^^^^^^^^^^^^^^^^^^^^^^^^^^^^^^\n  File \"D:\\repos\\python-cas@python-cas__5697dcc5__requests__aiohttp\\.venv\\Lib\\site-packages\\pluggy\\_hooks.py\", line 513, in __call__\n    return self._hookexec(self.name, self._hookimpls.copy(), kwargs, firstresult)\n           ^^^^^^^^^^^^^^^^^^^^^^^^^^^^^^^^^^^^^^^^^^^^^^^^^^^^^^^^^^^^^^^^^^^^^^\n  File \"D:\\repos\\python-cas@python-cas__5697dcc5__requests__aiohttp\\.venv\\Lib\\site-packages\\pluggy\\_manager.py\", line 120, in _hookexec\n    return self._inner_hookexec(hook_name, methods, kwargs, firstresult)\n           ^^^^^^^^^^^^^^^^^^^^^^^^^^^^^^^^^^^^^^^^^^^^^^^^^^^^^^^^^^^^^\n  File \"D:\\repos\\python-cas@python-cas__5697dcc5__requests__aiohttp\\.venv\\Lib\\site-packages\\pluggy\\_callers.py\", line 182, in _multicall\n    return outcome.get_result()\n           ^^^^^^^^^^^^^^^^^^^^\n  File \"D:\\repos\\python-cas@python-cas__5697dcc5__requests__aiohttp\\.venv\\Lib\\site-packages\\pluggy\\_result.py\", line 100, in get_result\n    raise exc.with_traceback(exc.__traceback__)\n  File \"D:\\repos\\python-cas@python-cas__5697dcc5__requests__aiohttp\\.venv\\Lib\\site-packages\\pluggy\\_callers.py\", line 167, in _multicall\n    teardown.throw(outcome._exception)\n  File \"D:\\repos\\python-cas@python-cas__5697dcc5__requests__aiohttp\\.venv\\Lib\\site-packages\\_pytest\\threadexception.py\", line 92, in pytest_runtest_call\n    yield from thread_exception_runtest_hook()\n  File \"D:\\repos\\python-cas@python-cas__5697dcc5__requests__aiohttp\\.venv\\Lib\\site-packages\\_pytest\\threadexception.py\", line 68, in thread_exception_runtest_hook\n    yield\n  File \"D:\\repos\\python-cas@python-cas__5697dcc5__requests__aiohttp\\.venv\\Lib\\site-packages\\pluggy\\_callers.py\", line 167, in _multicall\n    teardown.throw(outcome._exception)\n  File \"D:\\repos\\python-cas@python-cas__5697dcc5__requests__aiohttp\\.venv\\Lib\\site-packages\\_pytest\\unraisableexception.py\", line 95, in pytest_runtest_call\n    yield from unraisable_exception_runtest_hook()\n  File \"D:\\repos\\python-cas@python-cas__5697dcc5__requests__aiohttp\\.venv\\Lib\\site-packages\\_pytest\\unraisableexception.py\", line 70, in unraisable_exception_runtest_hook\n    yield\n  File \"D:\\repos\\python-cas@python-cas__5697dcc5__requests__aiohttp\\.venv\\Lib\\site-packages\\pluggy\\_callers.py\", line 167, in _multicall\n    teardown.throw(outcome._exception)\n  File \"D:\\repos\\python-cas@python-cas__5697dcc5__requests__aiohttp\\.venv\\Lib\\site-packages\\_pytest\\logging.py\", line 846, in pytest_runtest_call\n    yield from self._runtest_for(item, \"call\")\n  File \"D:\\repos\\python-cas@python-cas__5697dcc5__requests__aiohttp\\.venv\\Lib\\site-packages\\_pytest\\logging.py\", line 829, in _runtest_for\n    yield\n  File \"D:\\repos\\python-cas@python-cas__5697dcc5__requests__aiohttp\\.venv\\Lib\\site-packages\\pluggy\\_callers.py\", line 167, in _multicall\n    teardown.throw(outcome._exception)\n  File \"D:\\repos\\python-cas@python-cas__5697dcc5__requests__aiohttp\\.venv\\Lib\\site-packages\\_pytest\\capture.py\", line 898, in pytest_runtest_call\n    return (yield)\n            ^^^^^\n  File \"D:\\repos\\python-cas@python-cas__5697dcc5__requests__aiohttp\\.venv\\Lib\\site-packages\\pluggy\\_callers.py\", line 167, in _multicall\n    teardown.throw(outcome._exception)\n  File \"D:\\repos\\python-cas@python-cas__5697dcc5__requests__aiohttp\\.venv\\Lib\\site-packages\\_pytest\\skipping.py\", line 257, in pytest_runtest_call\n    return (yield)\n            ^^^^^\n  File \"D:\\repos\\python-cas@python-cas__5697dcc5__requests__aiohttp\\.venv\\Lib\\site-packages\\pluggy\\_callers.py\", line 103, in _multicall\n    res = hook_impl.function(*args)\n          ^^^^^^^^^^^^^^^^^^^^^^^^^\n  File \"D:\\repos\\python-cas@python-cas__5697dcc5__requests__aiohttp\\.venv\\Lib\\site-packages\\_pytest\\runner.py\", line 174, in pytest_runtest_call\n    item.runtest()\n  File \"D:\\repos\\python-cas@python-cas__5697dcc5__requests__aiohttp\\.venv\\Lib\\site-packages\\_pytest\\python.py\", line 1627, in runtest\n    self.ihook.pytest_pyfunc_call(pyfuncitem=self)\n  File \"D:\\repos\\python-cas@python-cas__5697dcc5__requests__aiohttp\\.venv\\Lib\\site-packages\\pluggy\\_hooks.py\", line 513, in __call__\n    return self._hookexec(self.name, self._hookimpls.copy(), kwargs, firstresult)\n           ^^^^^^^^^^^^^^^^^^^^^^^^^^^^^^^^^^^^^^^^^^^^^^^^^^^^^^^^^^^^^^^^^^^^^^\n  File \"D:\\repos\\python-cas@python-cas__5697dcc5__requests__aiohttp\\.venv\\Lib\\site-packages\\pluggy\\_manager.py\", line 120, in _hookexec\n    return self._inner_hookexec(hook_name, methods, kwargs, firstresult)\n           ^^^^^^^^^^^^^^^^^^^^^^^^^^^^^^^^^^^^^^^^^^^^^^^^^^^^^^^^^^^^^\n  File \"D:\\repos\\python-cas@python-cas__5697dcc5__requests__aiohttp\\.venv\\Lib\\site-packages\\pluggy\\_callers.py\", line 139, in _multicall\n    raise exception.with_traceback(exception.__traceback__)\n  File \"D:\\repos\\python-cas@python-cas__5697dcc5__requests__aiohttp\\.venv\\Lib\\site-packages\\pluggy\\_callers.py\", line 103, in _multicall\n    res = hook_impl.function(*args)\n          ^^^^^^^^^^^^^^^^^^^^^^^^^\n  File \"D:\\repos\\python-cas@python-cas__5697dcc5__requests__aiohttp\\.venv\\Lib\\site-packages\\_pytest\\python.py\", line 159, in pytest_pyfunc_call\n    result = testfunction(**testargs)\n             ^^^^^^^^^^^^^^^^^^^^^^^^\n  File \"D:\\repos\\python-cas@python-cas__5697dcc5__requests__aiohttp\\tests\\test_cas.py\", line 16, in test_login_url_helper\n    client = cas.CASClientBase(\n             ^^^^^^^^^^^^^^^^^^\n  File \"D:\\repos\\python-cas@python-cas__5697dcc5__requests__aiohttp\\cas.py\", line 82, in __init__\n    self.session = session or aiohttp.ClientSession()\n                              ^^^^^^^^^^^^^^^^^^^^^^^\n  File \"D:\\repos\\python-cas@python-cas__5697dcc5__requests__aiohttp\\.venv\\Lib\\site-packages\\aiohttp\\client.py\", line 310, in __init__\n    loop = loop or asyncio.get_running_loop()\n                   ^^^^^^^^^^^^^^^^^^^^^^^^^^\nRuntimeError: no running event loop"
      },
      "teardown": {
        "outcome": "passed"
      }
    },
    {
      "nodeid": "tests/test_cas.py::test_login_url_helper_with_extra_params",
      "lineno": 27,
      "outcome": "failed",
      "keywords": [
        "test_login_url_helper_with_extra_params",
        "test_cas.py",
        "tests",
        "python-cas@python-cas__5697dcc5__requests__aiohttp",
        ""
      ],
      "setup": {
        "outcome": "passed"
      },
      "call": {
        "outcome": "failed",
        "crash": {
          "path": "D:\\repos\\python-cas@python-cas__5697dcc5__requests__aiohttp\\.venv\\Lib\\site-packages\\aiohttp\\client.py",
          "lineno": 310,
          "message": "RuntimeError: no running event loop"
        },
        "longrepr": "Traceback (most recent call last):\n  File \"D:\\repos\\python-cas@python-cas__5697dcc5__requests__aiohttp\\.venv\\Lib\\site-packages\\_pytest\\runner.py\", line 341, in from_call\n    result: TResult | None = func()\n                             ^^^^^^\n  File \"D:\\repos\\python-cas@python-cas__5697dcc5__requests__aiohttp\\.venv\\Lib\\site-packages\\_pytest\\runner.py\", line 242, in <lambda>\n    lambda: runtest_hook(item=item, **kwds), when=when, reraise=reraise\n            ^^^^^^^^^^^^^^^^^^^^^^^^^^^^^^^\n  File \"D:\\repos\\python-cas@python-cas__5697dcc5__requests__aiohttp\\.venv\\Lib\\site-packages\\pluggy\\_hooks.py\", line 513, in __call__\n    return self._hookexec(self.name, self._hookimpls.copy(), kwargs, firstresult)\n           ^^^^^^^^^^^^^^^^^^^^^^^^^^^^^^^^^^^^^^^^^^^^^^^^^^^^^^^^^^^^^^^^^^^^^^\n  File \"D:\\repos\\python-cas@python-cas__5697dcc5__requests__aiohttp\\.venv\\Lib\\site-packages\\pluggy\\_manager.py\", line 120, in _hookexec\n    return self._inner_hookexec(hook_name, methods, kwargs, firstresult)\n           ^^^^^^^^^^^^^^^^^^^^^^^^^^^^^^^^^^^^^^^^^^^^^^^^^^^^^^^^^^^^^\n  File \"D:\\repos\\python-cas@python-cas__5697dcc5__requests__aiohttp\\.venv\\Lib\\site-packages\\pluggy\\_callers.py\", line 182, in _multicall\n    return outcome.get_result()\n           ^^^^^^^^^^^^^^^^^^^^\n  File \"D:\\repos\\python-cas@python-cas__5697dcc5__requests__aiohttp\\.venv\\Lib\\site-packages\\pluggy\\_result.py\", line 100, in get_result\n    raise exc.with_traceback(exc.__traceback__)\n  File \"D:\\repos\\python-cas@python-cas__5697dcc5__requests__aiohttp\\.venv\\Lib\\site-packages\\pluggy\\_callers.py\", line 167, in _multicall\n    teardown.throw(outcome._exception)\n  File \"D:\\repos\\python-cas@python-cas__5697dcc5__requests__aiohttp\\.venv\\Lib\\site-packages\\_pytest\\threadexception.py\", line 92, in pytest_runtest_call\n    yield from thread_exception_runtest_hook()\n  File \"D:\\repos\\python-cas@python-cas__5697dcc5__requests__aiohttp\\.venv\\Lib\\site-packages\\_pytest\\threadexception.py\", line 68, in thread_exception_runtest_hook\n    yield\n  File \"D:\\repos\\python-cas@python-cas__5697dcc5__requests__aiohttp\\.venv\\Lib\\site-packages\\pluggy\\_callers.py\", line 167, in _multicall\n    teardown.throw(outcome._exception)\n  File \"D:\\repos\\python-cas@python-cas__5697dcc5__requests__aiohttp\\.venv\\Lib\\site-packages\\_pytest\\unraisableexception.py\", line 95, in pytest_runtest_call\n    yield from unraisable_exception_runtest_hook()\n  File \"D:\\repos\\python-cas@python-cas__5697dcc5__requests__aiohttp\\.venv\\Lib\\site-packages\\_pytest\\unraisableexception.py\", line 70, in unraisable_exception_runtest_hook\n    yield\n  File \"D:\\repos\\python-cas@python-cas__5697dcc5__requests__aiohttp\\.venv\\Lib\\site-packages\\pluggy\\_callers.py\", line 167, in _multicall\n    teardown.throw(outcome._exception)\n  File \"D:\\repos\\python-cas@python-cas__5697dcc5__requests__aiohttp\\.venv\\Lib\\site-packages\\_pytest\\logging.py\", line 846, in pytest_runtest_call\n    yield from self._runtest_for(item, \"call\")\n  File \"D:\\repos\\python-cas@python-cas__5697dcc5__requests__aiohttp\\.venv\\Lib\\site-packages\\_pytest\\logging.py\", line 829, in _runtest_for\n    yield\n  File \"D:\\repos\\python-cas@python-cas__5697dcc5__requests__aiohttp\\.venv\\Lib\\site-packages\\pluggy\\_callers.py\", line 167, in _multicall\n    teardown.throw(outcome._exception)\n  File \"D:\\repos\\python-cas@python-cas__5697dcc5__requests__aiohttp\\.venv\\Lib\\site-packages\\_pytest\\capture.py\", line 898, in pytest_runtest_call\n    return (yield)\n            ^^^^^\n  File \"D:\\repos\\python-cas@python-cas__5697dcc5__requests__aiohttp\\.venv\\Lib\\site-packages\\pluggy\\_callers.py\", line 167, in _multicall\n    teardown.throw(outcome._exception)\n  File \"D:\\repos\\python-cas@python-cas__5697dcc5__requests__aiohttp\\.venv\\Lib\\site-packages\\_pytest\\skipping.py\", line 257, in pytest_runtest_call\n    return (yield)\n            ^^^^^\n  File \"D:\\repos\\python-cas@python-cas__5697dcc5__requests__aiohttp\\.venv\\Lib\\site-packages\\pluggy\\_callers.py\", line 103, in _multicall\n    res = hook_impl.function(*args)\n          ^^^^^^^^^^^^^^^^^^^^^^^^^\n  File \"D:\\repos\\python-cas@python-cas__5697dcc5__requests__aiohttp\\.venv\\Lib\\site-packages\\_pytest\\runner.py\", line 174, in pytest_runtest_call\n    item.runtest()\n  File \"D:\\repos\\python-cas@python-cas__5697dcc5__requests__aiohttp\\.venv\\Lib\\site-packages\\_pytest\\python.py\", line 1627, in runtest\n    self.ihook.pytest_pyfunc_call(pyfuncitem=self)\n  File \"D:\\repos\\python-cas@python-cas__5697dcc5__requests__aiohttp\\.venv\\Lib\\site-packages\\pluggy\\_hooks.py\", line 513, in __call__\n    return self._hookexec(self.name, self._hookimpls.copy(), kwargs, firstresult)\n           ^^^^^^^^^^^^^^^^^^^^^^^^^^^^^^^^^^^^^^^^^^^^^^^^^^^^^^^^^^^^^^^^^^^^^^\n  File \"D:\\repos\\python-cas@python-cas__5697dcc5__requests__aiohttp\\.venv\\Lib\\site-packages\\pluggy\\_manager.py\", line 120, in _hookexec\n    return self._inner_hookexec(hook_name, methods, kwargs, firstresult)\n           ^^^^^^^^^^^^^^^^^^^^^^^^^^^^^^^^^^^^^^^^^^^^^^^^^^^^^^^^^^^^^\n  File \"D:\\repos\\python-cas@python-cas__5697dcc5__requests__aiohttp\\.venv\\Lib\\site-packages\\pluggy\\_callers.py\", line 139, in _multicall\n    raise exception.with_traceback(exception.__traceback__)\n  File \"D:\\repos\\python-cas@python-cas__5697dcc5__requests__aiohttp\\.venv\\Lib\\site-packages\\pluggy\\_callers.py\", line 103, in _multicall\n    res = hook_impl.function(*args)\n          ^^^^^^^^^^^^^^^^^^^^^^^^^\n  File \"D:\\repos\\python-cas@python-cas__5697dcc5__requests__aiohttp\\.venv\\Lib\\site-packages\\_pytest\\python.py\", line 159, in pytest_pyfunc_call\n    result = testfunction(**testargs)\n             ^^^^^^^^^^^^^^^^^^^^^^^^\n  File \"D:\\repos\\python-cas@python-cas__5697dcc5__requests__aiohttp\\tests\\test_cas.py\", line 29, in test_login_url_helper_with_extra_params\n    client = cas.CASClientBase(\n             ^^^^^^^^^^^^^^^^^^\n  File \"D:\\repos\\python-cas@python-cas__5697dcc5__requests__aiohttp\\cas.py\", line 82, in __init__\n    self.session = session or aiohttp.ClientSession()\n                              ^^^^^^^^^^^^^^^^^^^^^^^\n  File \"D:\\repos\\python-cas@python-cas__5697dcc5__requests__aiohttp\\.venv\\Lib\\site-packages\\aiohttp\\client.py\", line 310, in __init__\n    loop = loop or asyncio.get_running_loop()\n                   ^^^^^^^^^^^^^^^^^^^^^^^^^^\nRuntimeError: no running event loop"
      },
      "teardown": {
        "outcome": "passed"
      }
    },
    {
      "nodeid": "tests/test_cas.py::test_login_url_helper_with_renew",
      "lineno": 42,
      "outcome": "failed",
      "keywords": [
        "test_login_url_helper_with_renew",
        "test_cas.py",
        "tests",
        "python-cas@python-cas__5697dcc5__requests__aiohttp",
        ""
      ],
      "setup": {
        "outcome": "passed"
      },
      "call": {
        "outcome": "failed",
        "crash": {
          "path": "D:\\repos\\python-cas@python-cas__5697dcc5__requests__aiohttp\\.venv\\Lib\\site-packages\\aiohttp\\client.py",
          "lineno": 310,
          "message": "RuntimeError: no running event loop"
        },
        "longrepr": "Traceback (most recent call last):\n  File \"D:\\repos\\python-cas@python-cas__5697dcc5__requests__aiohttp\\.venv\\Lib\\site-packages\\_pytest\\runner.py\", line 341, in from_call\n    result: TResult | None = func()\n                             ^^^^^^\n  File \"D:\\repos\\python-cas@python-cas__5697dcc5__requests__aiohttp\\.venv\\Lib\\site-packages\\_pytest\\runner.py\", line 242, in <lambda>\n    lambda: runtest_hook(item=item, **kwds), when=when, reraise=reraise\n            ^^^^^^^^^^^^^^^^^^^^^^^^^^^^^^^\n  File \"D:\\repos\\python-cas@python-cas__5697dcc5__requests__aiohttp\\.venv\\Lib\\site-packages\\pluggy\\_hooks.py\", line 513, in __call__\n    return self._hookexec(self.name, self._hookimpls.copy(), kwargs, firstresult)\n           ^^^^^^^^^^^^^^^^^^^^^^^^^^^^^^^^^^^^^^^^^^^^^^^^^^^^^^^^^^^^^^^^^^^^^^\n  File \"D:\\repos\\python-cas@python-cas__5697dcc5__requests__aiohttp\\.venv\\Lib\\site-packages\\pluggy\\_manager.py\", line 120, in _hookexec\n    return self._inner_hookexec(hook_name, methods, kwargs, firstresult)\n           ^^^^^^^^^^^^^^^^^^^^^^^^^^^^^^^^^^^^^^^^^^^^^^^^^^^^^^^^^^^^^\n  File \"D:\\repos\\python-cas@python-cas__5697dcc5__requests__aiohttp\\.venv\\Lib\\site-packages\\pluggy\\_callers.py\", line 182, in _multicall\n    return outcome.get_result()\n           ^^^^^^^^^^^^^^^^^^^^\n  File \"D:\\repos\\python-cas@python-cas__5697dcc5__requests__aiohttp\\.venv\\Lib\\site-packages\\pluggy\\_result.py\", line 100, in get_result\n    raise exc.with_traceback(exc.__traceback__)\n  File \"D:\\repos\\python-cas@python-cas__5697dcc5__requests__aiohttp\\.venv\\Lib\\site-packages\\pluggy\\_callers.py\", line 167, in _multicall\n    teardown.throw(outcome._exception)\n  File \"D:\\repos\\python-cas@python-cas__5697dcc5__requests__aiohttp\\.venv\\Lib\\site-packages\\_pytest\\threadexception.py\", line 92, in pytest_runtest_call\n    yield from thread_exception_runtest_hook()\n  File \"D:\\repos\\python-cas@python-cas__5697dcc5__requests__aiohttp\\.venv\\Lib\\site-packages\\_pytest\\threadexception.py\", line 68, in thread_exception_runtest_hook\n    yield\n  File \"D:\\repos\\python-cas@python-cas__5697dcc5__requests__aiohttp\\.venv\\Lib\\site-packages\\pluggy\\_callers.py\", line 167, in _multicall\n    teardown.throw(outcome._exception)\n  File \"D:\\repos\\python-cas@python-cas__5697dcc5__requests__aiohttp\\.venv\\Lib\\site-packages\\_pytest\\unraisableexception.py\", line 95, in pytest_runtest_call\n    yield from unraisable_exception_runtest_hook()\n  File \"D:\\repos\\python-cas@python-cas__5697dcc5__requests__aiohttp\\.venv\\Lib\\site-packages\\_pytest\\unraisableexception.py\", line 70, in unraisable_exception_runtest_hook\n    yield\n  File \"D:\\repos\\python-cas@python-cas__5697dcc5__requests__aiohttp\\.venv\\Lib\\site-packages\\pluggy\\_callers.py\", line 167, in _multicall\n    teardown.throw(outcome._exception)\n  File \"D:\\repos\\python-cas@python-cas__5697dcc5__requests__aiohttp\\.venv\\Lib\\site-packages\\_pytest\\logging.py\", line 846, in pytest_runtest_call\n    yield from self._runtest_for(item, \"call\")\n  File \"D:\\repos\\python-cas@python-cas__5697dcc5__requests__aiohttp\\.venv\\Lib\\site-packages\\_pytest\\logging.py\", line 829, in _runtest_for\n    yield\n  File \"D:\\repos\\python-cas@python-cas__5697dcc5__requests__aiohttp\\.venv\\Lib\\site-packages\\pluggy\\_callers.py\", line 167, in _multicall\n    teardown.throw(outcome._exception)\n  File \"D:\\repos\\python-cas@python-cas__5697dcc5__requests__aiohttp\\.venv\\Lib\\site-packages\\_pytest\\capture.py\", line 898, in pytest_runtest_call\n    return (yield)\n            ^^^^^\n  File \"D:\\repos\\python-cas@python-cas__5697dcc5__requests__aiohttp\\.venv\\Lib\\site-packages\\pluggy\\_callers.py\", line 167, in _multicall\n    teardown.throw(outcome._exception)\n  File \"D:\\repos\\python-cas@python-cas__5697dcc5__requests__aiohttp\\.venv\\Lib\\site-packages\\_pytest\\skipping.py\", line 257, in pytest_runtest_call\n    return (yield)\n            ^^^^^\n  File \"D:\\repos\\python-cas@python-cas__5697dcc5__requests__aiohttp\\.venv\\Lib\\site-packages\\pluggy\\_callers.py\", line 103, in _multicall\n    res = hook_impl.function(*args)\n          ^^^^^^^^^^^^^^^^^^^^^^^^^\n  File \"D:\\repos\\python-cas@python-cas__5697dcc5__requests__aiohttp\\.venv\\Lib\\site-packages\\_pytest\\runner.py\", line 174, in pytest_runtest_call\n    item.runtest()\n  File \"D:\\repos\\python-cas@python-cas__5697dcc5__requests__aiohttp\\.venv\\Lib\\site-packages\\_pytest\\python.py\", line 1627, in runtest\n    self.ihook.pytest_pyfunc_call(pyfuncitem=self)\n  File \"D:\\repos\\python-cas@python-cas__5697dcc5__requests__aiohttp\\.venv\\Lib\\site-packages\\pluggy\\_hooks.py\", line 513, in __call__\n    return self._hookexec(self.name, self._hookimpls.copy(), kwargs, firstresult)\n           ^^^^^^^^^^^^^^^^^^^^^^^^^^^^^^^^^^^^^^^^^^^^^^^^^^^^^^^^^^^^^^^^^^^^^^\n  File \"D:\\repos\\python-cas@python-cas__5697dcc5__requests__aiohttp\\.venv\\Lib\\site-packages\\pluggy\\_manager.py\", line 120, in _hookexec\n    return self._inner_hookexec(hook_name, methods, kwargs, firstresult)\n           ^^^^^^^^^^^^^^^^^^^^^^^^^^^^^^^^^^^^^^^^^^^^^^^^^^^^^^^^^^^^^\n  File \"D:\\repos\\python-cas@python-cas__5697dcc5__requests__aiohttp\\.venv\\Lib\\site-packages\\pluggy\\_callers.py\", line 139, in _multicall\n    raise exception.with_traceback(exception.__traceback__)\n  File \"D:\\repos\\python-cas@python-cas__5697dcc5__requests__aiohttp\\.venv\\Lib\\site-packages\\pluggy\\_callers.py\", line 103, in _multicall\n    res = hook_impl.function(*args)\n          ^^^^^^^^^^^^^^^^^^^^^^^^^\n  File \"D:\\repos\\python-cas@python-cas__5697dcc5__requests__aiohttp\\.venv\\Lib\\site-packages\\_pytest\\python.py\", line 159, in pytest_pyfunc_call\n    result = testfunction(**testargs)\n             ^^^^^^^^^^^^^^^^^^^^^^^^\n  File \"D:\\repos\\python-cas@python-cas__5697dcc5__requests__aiohttp\\tests\\test_cas.py\", line 44, in test_login_url_helper_with_renew\n    client = cas.CASClientBase(\n             ^^^^^^^^^^^^^^^^^^\n  File \"D:\\repos\\python-cas@python-cas__5697dcc5__requests__aiohttp\\cas.py\", line 82, in __init__\n    self.session = session or aiohttp.ClientSession()\n                              ^^^^^^^^^^^^^^^^^^^^^^^\n  File \"D:\\repos\\python-cas@python-cas__5697dcc5__requests__aiohttp\\.venv\\Lib\\site-packages\\aiohttp\\client.py\", line 310, in __init__\n    loop = loop or asyncio.get_running_loop()\n                   ^^^^^^^^^^^^^^^^^^^^^^^^^^\nRuntimeError: no running event loop"
      },
      "teardown": {
        "outcome": "passed"
      }
    },
    {
      "nodeid": "tests/test_cas.py::test_logout_url",
      "lineno": 83,
      "outcome": "error",
      "keywords": [
        "test_logout_url",
        "test_cas.py",
        "tests",
        "python-cas@python-cas__5697dcc5__requests__aiohttp",
        ""
      ],
      "setup": {
        "outcome": "failed",
        "crash": {
          "path": "D:\\repos\\python-cas@python-cas__5697dcc5__requests__aiohttp\\cas.py",
          "lineno": 61,
          "message": "NameError: name 'CASClientV3' is not defined"
        },
        "longrepr": "Traceback (most recent call last):\n  File \"D:\\repos\\python-cas@python-cas__5697dcc5__requests__aiohttp\\.venv\\Lib\\site-packages\\_pytest\\runner.py\", line 341, in from_call\n    result: TResult | None = func()\n                             ^^^^^^\n  File \"D:\\repos\\python-cas@python-cas__5697dcc5__requests__aiohttp\\.venv\\Lib\\site-packages\\_pytest\\runner.py\", line 242, in <lambda>\n    lambda: runtest_hook(item=item, **kwds), when=when, reraise=reraise\n            ^^^^^^^^^^^^^^^^^^^^^^^^^^^^^^^\n  File \"D:\\repos\\python-cas@python-cas__5697dcc5__requests__aiohttp\\.venv\\Lib\\site-packages\\pluggy\\_hooks.py\", line 513, in __call__\n    return self._hookexec(self.name, self._hookimpls.copy(), kwargs, firstresult)\n           ^^^^^^^^^^^^^^^^^^^^^^^^^^^^^^^^^^^^^^^^^^^^^^^^^^^^^^^^^^^^^^^^^^^^^^\n  File \"D:\\repos\\python-cas@python-cas__5697dcc5__requests__aiohttp\\.venv\\Lib\\site-packages\\pluggy\\_manager.py\", line 120, in _hookexec\n    return self._inner_hookexec(hook_name, methods, kwargs, firstresult)\n           ^^^^^^^^^^^^^^^^^^^^^^^^^^^^^^^^^^^^^^^^^^^^^^^^^^^^^^^^^^^^^\n  File \"D:\\repos\\python-cas@python-cas__5697dcc5__requests__aiohttp\\.venv\\Lib\\site-packages\\pluggy\\_callers.py\", line 182, in _multicall\n    return outcome.get_result()\n           ^^^^^^^^^^^^^^^^^^^^\n  File \"D:\\repos\\python-cas@python-cas__5697dcc5__requests__aiohttp\\.venv\\Lib\\site-packages\\pluggy\\_result.py\", line 100, in get_result\n    raise exc.with_traceback(exc.__traceback__)\n  File \"D:\\repos\\python-cas@python-cas__5697dcc5__requests__aiohttp\\.venv\\Lib\\site-packages\\pluggy\\_callers.py\", line 167, in _multicall\n    teardown.throw(outcome._exception)\n  File \"D:\\repos\\python-cas@python-cas__5697dcc5__requests__aiohttp\\.venv\\Lib\\site-packages\\_pytest\\unraisableexception.py\", line 90, in pytest_runtest_setup\n    yield from unraisable_exception_runtest_hook()\n  File \"D:\\repos\\python-cas@python-cas__5697dcc5__requests__aiohttp\\.venv\\Lib\\site-packages\\_pytest\\unraisableexception.py\", line 70, in unraisable_exception_runtest_hook\n    yield\n  File \"D:\\repos\\python-cas@python-cas__5697dcc5__requests__aiohttp\\.venv\\Lib\\site-packages\\pluggy\\_callers.py\", line 167, in _multicall\n    teardown.throw(outcome._exception)\n  File \"D:\\repos\\python-cas@python-cas__5697dcc5__requests__aiohttp\\.venv\\Lib\\site-packages\\_pytest\\logging.py\", line 840, in pytest_runtest_setup\n    yield from self._runtest_for(item, \"setup\")\n  File \"D:\\repos\\python-cas@python-cas__5697dcc5__requests__aiohttp\\.venv\\Lib\\site-packages\\_pytest\\logging.py\", line 829, in _runtest_for\n    yield\n  File \"D:\\repos\\python-cas@python-cas__5697dcc5__requests__aiohttp\\.venv\\Lib\\site-packages\\pluggy\\_callers.py\", line 167, in _multicall\n    teardown.throw(outcome._exception)\n  File \"D:\\repos\\python-cas@python-cas__5697dcc5__requests__aiohttp\\.venv\\Lib\\site-packages\\_pytest\\capture.py\", line 893, in pytest_runtest_setup\n    return (yield)\n            ^^^^^\n  File \"D:\\repos\\python-cas@python-cas__5697dcc5__requests__aiohttp\\.venv\\Lib\\site-packages\\pluggy\\_callers.py\", line 167, in _multicall\n    teardown.throw(outcome._exception)\n  File \"D:\\repos\\python-cas@python-cas__5697dcc5__requests__aiohttp\\.venv\\Lib\\site-packages\\_pytest\\threadexception.py\", line 87, in pytest_runtest_setup\n    yield from thread_exception_runtest_hook()\n  File \"D:\\repos\\python-cas@python-cas__5697dcc5__requests__aiohttp\\.venv\\Lib\\site-packages\\_pytest\\threadexception.py\", line 68, in thread_exception_runtest_hook\n    yield\n  File \"D:\\repos\\python-cas@python-cas__5697dcc5__requests__aiohttp\\.venv\\Lib\\site-packages\\pluggy\\_callers.py\", line 103, in _multicall\n    res = hook_impl.function(*args)\n          ^^^^^^^^^^^^^^^^^^^^^^^^^\n  File \"D:\\repos\\python-cas@python-cas__5697dcc5__requests__aiohttp\\.venv\\Lib\\site-packages\\_pytest\\runner.py\", line 160, in pytest_runtest_setup\n    item.session._setupstate.setup(item)\n  File \"D:\\repos\\python-cas@python-cas__5697dcc5__requests__aiohttp\\.venv\\Lib\\site-packages\\_pytest\\runner.py\", line 514, in setup\n    col.setup()\n  File \"D:\\repos\\python-cas@python-cas__5697dcc5__requests__aiohttp\\.venv\\Lib\\site-packages\\_pytest\\python.py\", line 1630, in setup\n    self._request._fillfixtures()\n  File \"D:\\repos\\python-cas@python-cas__5697dcc5__requests__aiohttp\\.venv\\Lib\\site-packages\\_pytest\\fixtures.py\", line 697, in _fillfixtures\n    item.funcargs[argname] = self.getfixturevalue(argname)\n                             ^^^^^^^^^^^^^^^^^^^^^^^^^^^^^\n  File \"D:\\repos\\python-cas@python-cas__5697dcc5__requests__aiohttp\\.venv\\Lib\\site-packages\\_pytest\\fixtures.py\", line 532, in getfixturevalue\n    fixturedef = self._get_active_fixturedef(argname)\n                 ^^^^^^^^^^^^^^^^^^^^^^^^^^^^^^^^^^^^\n  File \"D:\\repos\\python-cas@python-cas__5697dcc5__requests__aiohttp\\.venv\\Lib\\site-packages\\_pytest\\fixtures.py\", line 617, in _get_active_fixturedef\n    fixturedef.execute(request=subrequest)\n  File \"D:\\repos\\python-cas@python-cas__5697dcc5__requests__aiohttp\\.venv\\Lib\\site-packages\\_pytest\\fixtures.py\", line 1091, in execute\n    result = ihook.pytest_fixture_setup(fixturedef=self, request=request)\n             ^^^^^^^^^^^^^^^^^^^^^^^^^^^^^^^^^^^^^^^^^^^^^^^^^^^^^^^^^^^^\n  File \"D:\\repos\\python-cas@python-cas__5697dcc5__requests__aiohttp\\.venv\\Lib\\site-packages\\pluggy\\_hooks.py\", line 513, in __call__\n    return self._hookexec(self.name, self._hookimpls.copy(), kwargs, firstresult)\n           ^^^^^^^^^^^^^^^^^^^^^^^^^^^^^^^^^^^^^^^^^^^^^^^^^^^^^^^^^^^^^^^^^^^^^^\n  File \"D:\\repos\\python-cas@python-cas__5697dcc5__requests__aiohttp\\.venv\\Lib\\site-packages\\pluggy\\_manager.py\", line 120, in _hookexec\n    return self._inner_hookexec(hook_name, methods, kwargs, firstresult)\n           ^^^^^^^^^^^^^^^^^^^^^^^^^^^^^^^^^^^^^^^^^^^^^^^^^^^^^^^^^^^^^\n  File \"D:\\repos\\python-cas@python-cas__5697dcc5__requests__aiohttp\\.venv\\Lib\\site-packages\\pluggy\\_callers.py\", line 139, in _multicall\n    raise exception.with_traceback(exception.__traceback__)\n  File \"D:\\repos\\python-cas@python-cas__5697dcc5__requests__aiohttp\\.venv\\Lib\\site-packages\\pluggy\\_callers.py\", line 122, in _multicall\n    teardown.throw(exception)  # type: ignore[union-attr]\n    ^^^^^^^^^^^^^^^^^^^^^^^^^\n  File \"D:\\repos\\python-cas@python-cas__5697dcc5__requests__aiohttp\\.venv\\Lib\\site-packages\\_pytest\\setuponly.py\", line 36, in pytest_fixture_setup\n    return (yield)\n            ^^^^^\n  File \"D:\\repos\\python-cas@python-cas__5697dcc5__requests__aiohttp\\.venv\\Lib\\site-packages\\pluggy\\_callers.py\", line 103, in _multicall\n    res = hook_impl.function(*args)\n          ^^^^^^^^^^^^^^^^^^^^^^^^^\n  File \"D:\\repos\\python-cas@python-cas__5697dcc5__requests__aiohttp\\.venv\\Lib\\site-packages\\_pytest\\fixtures.py\", line 1140, in pytest_fixture_setup\n    result = call_fixture_func(fixturefunc, request, kwargs)\n             ^^^^^^^^^^^^^^^^^^^^^^^^^^^^^^^^^^^^^^^^^^^^^^^\n  File \"D:\\repos\\python-cas@python-cas__5697dcc5__requests__aiohttp\\.venv\\Lib\\site-packages\\_pytest\\fixtures.py\", line 898, in call_fixture_func\n    fixture_result = fixturefunc(**kwargs)\n                     ^^^^^^^^^^^^^^^^^^^^^\n  File \"D:\\repos\\python-cas@python-cas__5697dcc5__requests__aiohttp\\tests\\test_cas.py\", line 78, in logout_client_v3\n    return cas.CASClient(\n           ^^^^^^^^^^^^^^\n  File \"D:\\repos\\python-cas@python-cas__5697dcc5__requests__aiohttp\\cas.py\", line 61, in __new__\n    return CASClientV3(*args, **kwargs)\n           ^^^^^^^^^^^\nNameError: name 'CASClientV3' is not defined. Did you mean: 'CASClientV1'?"
      },
      "teardown": {
        "outcome": "passed"
      }
    },
    {
      "nodeid": "tests/test_cas.py::test_v1_logout_url_with_redirect",
      "lineno": 89,
      "outcome": "error",
      "keywords": [
        "test_v1_logout_url_with_redirect",
        "test_cas.py",
        "tests",
        "python-cas@python-cas__5697dcc5__requests__aiohttp",
        ""
      ],
      "setup": {
        "outcome": "failed",
        "crash": {
          "path": "D:\\repos\\python-cas@python-cas__5697dcc5__requests__aiohttp\\.venv\\Lib\\site-packages\\aiohttp\\client.py",
          "lineno": 310,
          "message": "RuntimeError: no running event loop"
        },
        "longrepr": "Traceback (most recent call last):\n  File \"D:\\repos\\python-cas@python-cas__5697dcc5__requests__aiohttp\\.venv\\Lib\\site-packages\\_pytest\\runner.py\", line 341, in from_call\n    result: TResult | None = func()\n                             ^^^^^^\n  File \"D:\\repos\\python-cas@python-cas__5697dcc5__requests__aiohttp\\.venv\\Lib\\site-packages\\_pytest\\runner.py\", line 242, in <lambda>\n    lambda: runtest_hook(item=item, **kwds), when=when, reraise=reraise\n            ^^^^^^^^^^^^^^^^^^^^^^^^^^^^^^^\n  File \"D:\\repos\\python-cas@python-cas__5697dcc5__requests__aiohttp\\.venv\\Lib\\site-packages\\pluggy\\_hooks.py\", line 513, in __call__\n    return self._hookexec(self.name, self._hookimpls.copy(), kwargs, firstresult)\n           ^^^^^^^^^^^^^^^^^^^^^^^^^^^^^^^^^^^^^^^^^^^^^^^^^^^^^^^^^^^^^^^^^^^^^^\n  File \"D:\\repos\\python-cas@python-cas__5697dcc5__requests__aiohttp\\.venv\\Lib\\site-packages\\pluggy\\_manager.py\", line 120, in _hookexec\n    return self._inner_hookexec(hook_name, methods, kwargs, firstresult)\n           ^^^^^^^^^^^^^^^^^^^^^^^^^^^^^^^^^^^^^^^^^^^^^^^^^^^^^^^^^^^^^\n  File \"D:\\repos\\python-cas@python-cas__5697dcc5__requests__aiohttp\\.venv\\Lib\\site-packages\\pluggy\\_callers.py\", line 182, in _multicall\n    return outcome.get_result()\n           ^^^^^^^^^^^^^^^^^^^^\n  File \"D:\\repos\\python-cas@python-cas__5697dcc5__requests__aiohttp\\.venv\\Lib\\site-packages\\pluggy\\_result.py\", line 100, in get_result\n    raise exc.with_traceback(exc.__traceback__)\n  File \"D:\\repos\\python-cas@python-cas__5697dcc5__requests__aiohttp\\.venv\\Lib\\site-packages\\pluggy\\_callers.py\", line 167, in _multicall\n    teardown.throw(outcome._exception)\n  File \"D:\\repos\\python-cas@python-cas__5697dcc5__requests__aiohttp\\.venv\\Lib\\site-packages\\_pytest\\unraisableexception.py\", line 90, in pytest_runtest_setup\n    yield from unraisable_exception_runtest_hook()\n  File \"D:\\repos\\python-cas@python-cas__5697dcc5__requests__aiohttp\\.venv\\Lib\\site-packages\\_pytest\\unraisableexception.py\", line 70, in unraisable_exception_runtest_hook\n    yield\n  File \"D:\\repos\\python-cas@python-cas__5697dcc5__requests__aiohttp\\.venv\\Lib\\site-packages\\pluggy\\_callers.py\", line 167, in _multicall\n    teardown.throw(outcome._exception)\n  File \"D:\\repos\\python-cas@python-cas__5697dcc5__requests__aiohttp\\.venv\\Lib\\site-packages\\_pytest\\logging.py\", line 840, in pytest_runtest_setup\n    yield from self._runtest_for(item, \"setup\")\n  File \"D:\\repos\\python-cas@python-cas__5697dcc5__requests__aiohttp\\.venv\\Lib\\site-packages\\_pytest\\logging.py\", line 829, in _runtest_for\n    yield\n  File \"D:\\repos\\python-cas@python-cas__5697dcc5__requests__aiohttp\\.venv\\Lib\\site-packages\\pluggy\\_callers.py\", line 167, in _multicall\n    teardown.throw(outcome._exception)\n  File \"D:\\repos\\python-cas@python-cas__5697dcc5__requests__aiohttp\\.venv\\Lib\\site-packages\\_pytest\\capture.py\", line 893, in pytest_runtest_setup\n    return (yield)\n            ^^^^^\n  File \"D:\\repos\\python-cas@python-cas__5697dcc5__requests__aiohttp\\.venv\\Lib\\site-packages\\pluggy\\_callers.py\", line 167, in _multicall\n    teardown.throw(outcome._exception)\n  File \"D:\\repos\\python-cas@python-cas__5697dcc5__requests__aiohttp\\.venv\\Lib\\site-packages\\_pytest\\threadexception.py\", line 87, in pytest_runtest_setup\n    yield from thread_exception_runtest_hook()\n  File \"D:\\repos\\python-cas@python-cas__5697dcc5__requests__aiohttp\\.venv\\Lib\\site-packages\\_pytest\\threadexception.py\", line 68, in thread_exception_runtest_hook\n    yield\n  File \"D:\\repos\\python-cas@python-cas__5697dcc5__requests__aiohttp\\.venv\\Lib\\site-packages\\pluggy\\_callers.py\", line 103, in _multicall\n    res = hook_impl.function(*args)\n          ^^^^^^^^^^^^^^^^^^^^^^^^^\n  File \"D:\\repos\\python-cas@python-cas__5697dcc5__requests__aiohttp\\.venv\\Lib\\site-packages\\_pytest\\runner.py\", line 160, in pytest_runtest_setup\n    item.session._setupstate.setup(item)\n  File \"D:\\repos\\python-cas@python-cas__5697dcc5__requests__aiohttp\\.venv\\Lib\\site-packages\\_pytest\\runner.py\", line 514, in setup\n    col.setup()\n  File \"D:\\repos\\python-cas@python-cas__5697dcc5__requests__aiohttp\\.venv\\Lib\\site-packages\\_pytest\\python.py\", line 1630, in setup\n    self._request._fillfixtures()\n  File \"D:\\repos\\python-cas@python-cas__5697dcc5__requests__aiohttp\\.venv\\Lib\\site-packages\\_pytest\\fixtures.py\", line 697, in _fillfixtures\n    item.funcargs[argname] = self.getfixturevalue(argname)\n                             ^^^^^^^^^^^^^^^^^^^^^^^^^^^^^\n  File \"D:\\repos\\python-cas@python-cas__5697dcc5__requests__aiohttp\\.venv\\Lib\\site-packages\\_pytest\\fixtures.py\", line 532, in getfixturevalue\n    fixturedef = self._get_active_fixturedef(argname)\n                 ^^^^^^^^^^^^^^^^^^^^^^^^^^^^^^^^^^^^\n  File \"D:\\repos\\python-cas@python-cas__5697dcc5__requests__aiohttp\\.venv\\Lib\\site-packages\\_pytest\\fixtures.py\", line 617, in _get_active_fixturedef\n    fixturedef.execute(request=subrequest)\n  File \"D:\\repos\\python-cas@python-cas__5697dcc5__requests__aiohttp\\.venv\\Lib\\site-packages\\_pytest\\fixtures.py\", line 1091, in execute\n    result = ihook.pytest_fixture_setup(fixturedef=self, request=request)\n             ^^^^^^^^^^^^^^^^^^^^^^^^^^^^^^^^^^^^^^^^^^^^^^^^^^^^^^^^^^^^\n  File \"D:\\repos\\python-cas@python-cas__5697dcc5__requests__aiohttp\\.venv\\Lib\\site-packages\\pluggy\\_hooks.py\", line 513, in __call__\n    return self._hookexec(self.name, self._hookimpls.copy(), kwargs, firstresult)\n           ^^^^^^^^^^^^^^^^^^^^^^^^^^^^^^^^^^^^^^^^^^^^^^^^^^^^^^^^^^^^^^^^^^^^^^\n  File \"D:\\repos\\python-cas@python-cas__5697dcc5__requests__aiohttp\\.venv\\Lib\\site-packages\\pluggy\\_manager.py\", line 120, in _hookexec\n    return self._inner_hookexec(hook_name, methods, kwargs, firstresult)\n           ^^^^^^^^^^^^^^^^^^^^^^^^^^^^^^^^^^^^^^^^^^^^^^^^^^^^^^^^^^^^^\n  File \"D:\\repos\\python-cas@python-cas__5697dcc5__requests__aiohttp\\.venv\\Lib\\site-packages\\pluggy\\_callers.py\", line 139, in _multicall\n    raise exception.with_traceback(exception.__traceback__)\n  File \"D:\\repos\\python-cas@python-cas__5697dcc5__requests__aiohttp\\.venv\\Lib\\site-packages\\pluggy\\_callers.py\", line 122, in _multicall\n    teardown.throw(exception)  # type: ignore[union-attr]\n    ^^^^^^^^^^^^^^^^^^^^^^^^^\n  File \"D:\\repos\\python-cas@python-cas__5697dcc5__requests__aiohttp\\.venv\\Lib\\site-packages\\_pytest\\setuponly.py\", line 36, in pytest_fixture_setup\n    return (yield)\n            ^^^^^\n  File \"D:\\repos\\python-cas@python-cas__5697dcc5__requests__aiohttp\\.venv\\Lib\\site-packages\\pluggy\\_callers.py\", line 103, in _multicall\n    res = hook_impl.function(*args)\n          ^^^^^^^^^^^^^^^^^^^^^^^^^\n  File \"D:\\repos\\python-cas@python-cas__5697dcc5__requests__aiohttp\\.venv\\Lib\\site-packages\\_pytest\\fixtures.py\", line 1140, in pytest_fixture_setup\n    result = call_fixture_func(fixturefunc, request, kwargs)\n             ^^^^^^^^^^^^^^^^^^^^^^^^^^^^^^^^^^^^^^^^^^^^^^^\n  File \"D:\\repos\\python-cas@python-cas__5697dcc5__requests__aiohttp\\.venv\\Lib\\site-packages\\_pytest\\fixtures.py\", line 898, in call_fixture_func\n    fixture_result = fixturefunc(**kwargs)\n                     ^^^^^^^^^^^^^^^^^^^^^\n  File \"D:\\repos\\python-cas@python-cas__5697dcc5__requests__aiohttp\\tests\\test_cas.py\", line 62, in logout_client_v1\n    return cas.CASClient(\n           ^^^^^^^^^^^^^^\n  File \"D:\\repos\\python-cas@python-cas__5697dcc5__requests__aiohttp\\cas.py\", line 57, in __new__\n    return CASClientV1(*args, **kwargs)\n           ^^^^^^^^^^^^^^^^^^^^^^^^^^^^\n  File \"D:\\repos\\python-cas@python-cas__5697dcc5__requests__aiohttp\\cas.py\", line 82, in __init__\n    self.session = session or aiohttp.ClientSession()\n                              ^^^^^^^^^^^^^^^^^^^^^^^\n  File \"D:\\repos\\python-cas@python-cas__5697dcc5__requests__aiohttp\\.venv\\Lib\\site-packages\\aiohttp\\client.py\", line 310, in __init__\n    loop = loop or asyncio.get_running_loop()\n                   ^^^^^^^^^^^^^^^^^^^^^^^^^^\nRuntimeError: no running event loop"
      },
      "teardown": {
        "outcome": "passed"
      }
    },
    {
      "nodeid": "tests/test_cas.py::test_v2_logout_url_with_redirect",
      "lineno": 98,
      "outcome": "error",
      "keywords": [
        "test_v2_logout_url_with_redirect",
        "test_cas.py",
        "tests",
        "python-cas@python-cas__5697dcc5__requests__aiohttp",
        ""
      ],
      "setup": {
        "outcome": "failed",
        "crash": {
          "path": "D:\\repos\\python-cas@python-cas__5697dcc5__requests__aiohttp\\cas.py",
          "lineno": 59,
          "message": "NameError: name 'CASClientV2' is not defined"
        },
        "longrepr": "Traceback (most recent call last):\n  File \"D:\\repos\\python-cas@python-cas__5697dcc5__requests__aiohttp\\.venv\\Lib\\site-packages\\_pytest\\runner.py\", line 341, in from_call\n    result: TResult | None = func()\n                             ^^^^^^\n  File \"D:\\repos\\python-cas@python-cas__5697dcc5__requests__aiohttp\\.venv\\Lib\\site-packages\\_pytest\\runner.py\", line 242, in <lambda>\n    lambda: runtest_hook(item=item, **kwds), when=when, reraise=reraise\n            ^^^^^^^^^^^^^^^^^^^^^^^^^^^^^^^\n  File \"D:\\repos\\python-cas@python-cas__5697dcc5__requests__aiohttp\\.venv\\Lib\\site-packages\\pluggy\\_hooks.py\", line 513, in __call__\n    return self._hookexec(self.name, self._hookimpls.copy(), kwargs, firstresult)\n           ^^^^^^^^^^^^^^^^^^^^^^^^^^^^^^^^^^^^^^^^^^^^^^^^^^^^^^^^^^^^^^^^^^^^^^\n  File \"D:\\repos\\python-cas@python-cas__5697dcc5__requests__aiohttp\\.venv\\Lib\\site-packages\\pluggy\\_manager.py\", line 120, in _hookexec\n    return self._inner_hookexec(hook_name, methods, kwargs, firstresult)\n           ^^^^^^^^^^^^^^^^^^^^^^^^^^^^^^^^^^^^^^^^^^^^^^^^^^^^^^^^^^^^^\n  File \"D:\\repos\\python-cas@python-cas__5697dcc5__requests__aiohttp\\.venv\\Lib\\site-packages\\pluggy\\_callers.py\", line 182, in _multicall\n    return outcome.get_result()\n           ^^^^^^^^^^^^^^^^^^^^\n  File \"D:\\repos\\python-cas@python-cas__5697dcc5__requests__aiohttp\\.venv\\Lib\\site-packages\\pluggy\\_result.py\", line 100, in get_result\n    raise exc.with_traceback(exc.__traceback__)\n  File \"D:\\repos\\python-cas@python-cas__5697dcc5__requests__aiohttp\\.venv\\Lib\\site-packages\\pluggy\\_callers.py\", line 167, in _multicall\n    teardown.throw(outcome._exception)\n  File \"D:\\repos\\python-cas@python-cas__5697dcc5__requests__aiohttp\\.venv\\Lib\\site-packages\\_pytest\\unraisableexception.py\", line 90, in pytest_runtest_setup\n    yield from unraisable_exception_runtest_hook()\n  File \"D:\\repos\\python-cas@python-cas__5697dcc5__requests__aiohttp\\.venv\\Lib\\site-packages\\_pytest\\unraisableexception.py\", line 70, in unraisable_exception_runtest_hook\n    yield\n  File \"D:\\repos\\python-cas@python-cas__5697dcc5__requests__aiohttp\\.venv\\Lib\\site-packages\\pluggy\\_callers.py\", line 167, in _multicall\n    teardown.throw(outcome._exception)\n  File \"D:\\repos\\python-cas@python-cas__5697dcc5__requests__aiohttp\\.venv\\Lib\\site-packages\\_pytest\\logging.py\", line 840, in pytest_runtest_setup\n    yield from self._runtest_for(item, \"setup\")\n  File \"D:\\repos\\python-cas@python-cas__5697dcc5__requests__aiohttp\\.venv\\Lib\\site-packages\\_pytest\\logging.py\", line 829, in _runtest_for\n    yield\n  File \"D:\\repos\\python-cas@python-cas__5697dcc5__requests__aiohttp\\.venv\\Lib\\site-packages\\pluggy\\_callers.py\", line 167, in _multicall\n    teardown.throw(outcome._exception)\n  File \"D:\\repos\\python-cas@python-cas__5697dcc5__requests__aiohttp\\.venv\\Lib\\site-packages\\_pytest\\capture.py\", line 893, in pytest_runtest_setup\n    return (yield)\n            ^^^^^\n  File \"D:\\repos\\python-cas@python-cas__5697dcc5__requests__aiohttp\\.venv\\Lib\\site-packages\\pluggy\\_callers.py\", line 167, in _multicall\n    teardown.throw(outcome._exception)\n  File \"D:\\repos\\python-cas@python-cas__5697dcc5__requests__aiohttp\\.venv\\Lib\\site-packages\\_pytest\\threadexception.py\", line 87, in pytest_runtest_setup\n    yield from thread_exception_runtest_hook()\n  File \"D:\\repos\\python-cas@python-cas__5697dcc5__requests__aiohttp\\.venv\\Lib\\site-packages\\_pytest\\threadexception.py\", line 68, in thread_exception_runtest_hook\n    yield\n  File \"D:\\repos\\python-cas@python-cas__5697dcc5__requests__aiohttp\\.venv\\Lib\\site-packages\\pluggy\\_callers.py\", line 103, in _multicall\n    res = hook_impl.function(*args)\n          ^^^^^^^^^^^^^^^^^^^^^^^^^\n  File \"D:\\repos\\python-cas@python-cas__5697dcc5__requests__aiohttp\\.venv\\Lib\\site-packages\\_pytest\\runner.py\", line 160, in pytest_runtest_setup\n    item.session._setupstate.setup(item)\n  File \"D:\\repos\\python-cas@python-cas__5697dcc5__requests__aiohttp\\.venv\\Lib\\site-packages\\_pytest\\runner.py\", line 514, in setup\n    col.setup()\n  File \"D:\\repos\\python-cas@python-cas__5697dcc5__requests__aiohttp\\.venv\\Lib\\site-packages\\_pytest\\python.py\", line 1630, in setup\n    self._request._fillfixtures()\n  File \"D:\\repos\\python-cas@python-cas__5697dcc5__requests__aiohttp\\.venv\\Lib\\site-packages\\_pytest\\fixtures.py\", line 697, in _fillfixtures\n    item.funcargs[argname] = self.getfixturevalue(argname)\n                             ^^^^^^^^^^^^^^^^^^^^^^^^^^^^^\n  File \"D:\\repos\\python-cas@python-cas__5697dcc5__requests__aiohttp\\.venv\\Lib\\site-packages\\_pytest\\fixtures.py\", line 532, in getfixturevalue\n    fixturedef = self._get_active_fixturedef(argname)\n                 ^^^^^^^^^^^^^^^^^^^^^^^^^^^^^^^^^^^^\n  File \"D:\\repos\\python-cas@python-cas__5697dcc5__requests__aiohttp\\.venv\\Lib\\site-packages\\_pytest\\fixtures.py\", line 617, in _get_active_fixturedef\n    fixturedef.execute(request=subrequest)\n  File \"D:\\repos\\python-cas@python-cas__5697dcc5__requests__aiohttp\\.venv\\Lib\\site-packages\\_pytest\\fixtures.py\", line 1091, in execute\n    result = ihook.pytest_fixture_setup(fixturedef=self, request=request)\n             ^^^^^^^^^^^^^^^^^^^^^^^^^^^^^^^^^^^^^^^^^^^^^^^^^^^^^^^^^^^^\n  File \"D:\\repos\\python-cas@python-cas__5697dcc5__requests__aiohttp\\.venv\\Lib\\site-packages\\pluggy\\_hooks.py\", line 513, in __call__\n    return self._hookexec(self.name, self._hookimpls.copy(), kwargs, firstresult)\n           ^^^^^^^^^^^^^^^^^^^^^^^^^^^^^^^^^^^^^^^^^^^^^^^^^^^^^^^^^^^^^^^^^^^^^^\n  File \"D:\\repos\\python-cas@python-cas__5697dcc5__requests__aiohttp\\.venv\\Lib\\site-packages\\pluggy\\_manager.py\", line 120, in _hookexec\n    return self._inner_hookexec(hook_name, methods, kwargs, firstresult)\n           ^^^^^^^^^^^^^^^^^^^^^^^^^^^^^^^^^^^^^^^^^^^^^^^^^^^^^^^^^^^^^\n  File \"D:\\repos\\python-cas@python-cas__5697dcc5__requests__aiohttp\\.venv\\Lib\\site-packages\\pluggy\\_callers.py\", line 139, in _multicall\n    raise exception.with_traceback(exception.__traceback__)\n  File \"D:\\repos\\python-cas@python-cas__5697dcc5__requests__aiohttp\\.venv\\Lib\\site-packages\\pluggy\\_callers.py\", line 122, in _multicall\n    teardown.throw(exception)  # type: ignore[union-attr]\n    ^^^^^^^^^^^^^^^^^^^^^^^^^\n  File \"D:\\repos\\python-cas@python-cas__5697dcc5__requests__aiohttp\\.venv\\Lib\\site-packages\\_pytest\\setuponly.py\", line 36, in pytest_fixture_setup\n    return (yield)\n            ^^^^^\n  File \"D:\\repos\\python-cas@python-cas__5697dcc5__requests__aiohttp\\.venv\\Lib\\site-packages\\pluggy\\_callers.py\", line 103, in _multicall\n    res = hook_impl.function(*args)\n          ^^^^^^^^^^^^^^^^^^^^^^^^^\n  File \"D:\\repos\\python-cas@python-cas__5697dcc5__requests__aiohttp\\.venv\\Lib\\site-packages\\_pytest\\fixtures.py\", line 1140, in pytest_fixture_setup\n    result = call_fixture_func(fixturefunc, request, kwargs)\n             ^^^^^^^^^^^^^^^^^^^^^^^^^^^^^^^^^^^^^^^^^^^^^^^\n  File \"D:\\repos\\python-cas@python-cas__5697dcc5__requests__aiohttp\\.venv\\Lib\\site-packages\\_pytest\\fixtures.py\", line 898, in call_fixture_func\n    fixture_result = fixturefunc(**kwargs)\n                     ^^^^^^^^^^^^^^^^^^^^^\n  File \"D:\\repos\\python-cas@python-cas__5697dcc5__requests__aiohttp\\tests\\test_cas.py\", line 70, in logout_client_v2\n    return cas.CASClient(\n           ^^^^^^^^^^^^^^\n  File \"D:\\repos\\python-cas@python-cas__5697dcc5__requests__aiohttp\\cas.py\", line 59, in __new__\n    return CASClientV2(*args, **kwargs)\n           ^^^^^^^^^^^\nNameError: name 'CASClientV2' is not defined. Did you mean: 'CASClientV1'?"
      },
      "teardown": {
        "outcome": "passed"
      }
    },
    {
      "nodeid": "tests/test_cas.py::test_v3_logout_url_with_redirect",
      "lineno": 107,
      "outcome": "error",
      "keywords": [
        "test_v3_logout_url_with_redirect",
        "test_cas.py",
        "tests",
        "python-cas@python-cas__5697dcc5__requests__aiohttp",
        ""
      ],
      "setup": {
        "outcome": "failed",
        "crash": {
          "path": "D:\\repos\\python-cas@python-cas__5697dcc5__requests__aiohttp\\cas.py",
          "lineno": 61,
          "message": "NameError: name 'CASClientV3' is not defined"
        },
        "longrepr": "Traceback (most recent call last):\n  File \"D:\\repos\\python-cas@python-cas__5697dcc5__requests__aiohttp\\.venv\\Lib\\site-packages\\_pytest\\runner.py\", line 341, in from_call\n    result: TResult | None = func()\n                             ^^^^^^\n  File \"D:\\repos\\python-cas@python-cas__5697dcc5__requests__aiohttp\\.venv\\Lib\\site-packages\\_pytest\\runner.py\", line 242, in <lambda>\n    lambda: runtest_hook(item=item, **kwds), when=when, reraise=reraise\n            ^^^^^^^^^^^^^^^^^^^^^^^^^^^^^^^\n  File \"D:\\repos\\python-cas@python-cas__5697dcc5__requests__aiohttp\\.venv\\Lib\\site-packages\\pluggy\\_hooks.py\", line 513, in __call__\n    return self._hookexec(self.name, self._hookimpls.copy(), kwargs, firstresult)\n           ^^^^^^^^^^^^^^^^^^^^^^^^^^^^^^^^^^^^^^^^^^^^^^^^^^^^^^^^^^^^^^^^^^^^^^\n  File \"D:\\repos\\python-cas@python-cas__5697dcc5__requests__aiohttp\\.venv\\Lib\\site-packages\\pluggy\\_manager.py\", line 120, in _hookexec\n    return self._inner_hookexec(hook_name, methods, kwargs, firstresult)\n           ^^^^^^^^^^^^^^^^^^^^^^^^^^^^^^^^^^^^^^^^^^^^^^^^^^^^^^^^^^^^^\n  File \"D:\\repos\\python-cas@python-cas__5697dcc5__requests__aiohttp\\.venv\\Lib\\site-packages\\pluggy\\_callers.py\", line 182, in _multicall\n    return outcome.get_result()\n           ^^^^^^^^^^^^^^^^^^^^\n  File \"D:\\repos\\python-cas@python-cas__5697dcc5__requests__aiohttp\\.venv\\Lib\\site-packages\\pluggy\\_result.py\", line 100, in get_result\n    raise exc.with_traceback(exc.__traceback__)\n  File \"D:\\repos\\python-cas@python-cas__5697dcc5__requests__aiohttp\\.venv\\Lib\\site-packages\\pluggy\\_callers.py\", line 167, in _multicall\n    teardown.throw(outcome._exception)\n  File \"D:\\repos\\python-cas@python-cas__5697dcc5__requests__aiohttp\\.venv\\Lib\\site-packages\\_pytest\\unraisableexception.py\", line 90, in pytest_runtest_setup\n    yield from unraisable_exception_runtest_hook()\n  File \"D:\\repos\\python-cas@python-cas__5697dcc5__requests__aiohttp\\.venv\\Lib\\site-packages\\_pytest\\unraisableexception.py\", line 70, in unraisable_exception_runtest_hook\n    yield\n  File \"D:\\repos\\python-cas@python-cas__5697dcc5__requests__aiohttp\\.venv\\Lib\\site-packages\\pluggy\\_callers.py\", line 167, in _multicall\n    teardown.throw(outcome._exception)\n  File \"D:\\repos\\python-cas@python-cas__5697dcc5__requests__aiohttp\\.venv\\Lib\\site-packages\\_pytest\\logging.py\", line 840, in pytest_runtest_setup\n    yield from self._runtest_for(item, \"setup\")\n  File \"D:\\repos\\python-cas@python-cas__5697dcc5__requests__aiohttp\\.venv\\Lib\\site-packages\\_pytest\\logging.py\", line 829, in _runtest_for\n    yield\n  File \"D:\\repos\\python-cas@python-cas__5697dcc5__requests__aiohttp\\.venv\\Lib\\site-packages\\pluggy\\_callers.py\", line 167, in _multicall\n    teardown.throw(outcome._exception)\n  File \"D:\\repos\\python-cas@python-cas__5697dcc5__requests__aiohttp\\.venv\\Lib\\site-packages\\_pytest\\capture.py\", line 893, in pytest_runtest_setup\n    return (yield)\n            ^^^^^\n  File \"D:\\repos\\python-cas@python-cas__5697dcc5__requests__aiohttp\\.venv\\Lib\\site-packages\\pluggy\\_callers.py\", line 167, in _multicall\n    teardown.throw(outcome._exception)\n  File \"D:\\repos\\python-cas@python-cas__5697dcc5__requests__aiohttp\\.venv\\Lib\\site-packages\\_pytest\\threadexception.py\", line 87, in pytest_runtest_setup\n    yield from thread_exception_runtest_hook()\n  File \"D:\\repos\\python-cas@python-cas__5697dcc5__requests__aiohttp\\.venv\\Lib\\site-packages\\_pytest\\threadexception.py\", line 68, in thread_exception_runtest_hook\n    yield\n  File \"D:\\repos\\python-cas@python-cas__5697dcc5__requests__aiohttp\\.venv\\Lib\\site-packages\\pluggy\\_callers.py\", line 103, in _multicall\n    res = hook_impl.function(*args)\n          ^^^^^^^^^^^^^^^^^^^^^^^^^\n  File \"D:\\repos\\python-cas@python-cas__5697dcc5__requests__aiohttp\\.venv\\Lib\\site-packages\\_pytest\\runner.py\", line 160, in pytest_runtest_setup\n    item.session._setupstate.setup(item)\n  File \"D:\\repos\\python-cas@python-cas__5697dcc5__requests__aiohttp\\.venv\\Lib\\site-packages\\_pytest\\runner.py\", line 514, in setup\n    col.setup()\n  File \"D:\\repos\\python-cas@python-cas__5697dcc5__requests__aiohttp\\.venv\\Lib\\site-packages\\_pytest\\python.py\", line 1630, in setup\n    self._request._fillfixtures()\n  File \"D:\\repos\\python-cas@python-cas__5697dcc5__requests__aiohttp\\.venv\\Lib\\site-packages\\_pytest\\fixtures.py\", line 697, in _fillfixtures\n    item.funcargs[argname] = self.getfixturevalue(argname)\n                             ^^^^^^^^^^^^^^^^^^^^^^^^^^^^^\n  File \"D:\\repos\\python-cas@python-cas__5697dcc5__requests__aiohttp\\.venv\\Lib\\site-packages\\_pytest\\fixtures.py\", line 532, in getfixturevalue\n    fixturedef = self._get_active_fixturedef(argname)\n                 ^^^^^^^^^^^^^^^^^^^^^^^^^^^^^^^^^^^^\n  File \"D:\\repos\\python-cas@python-cas__5697dcc5__requests__aiohttp\\.venv\\Lib\\site-packages\\_pytest\\fixtures.py\", line 617, in _get_active_fixturedef\n    fixturedef.execute(request=subrequest)\n  File \"D:\\repos\\python-cas@python-cas__5697dcc5__requests__aiohttp\\.venv\\Lib\\site-packages\\_pytest\\fixtures.py\", line 1091, in execute\n    result = ihook.pytest_fixture_setup(fixturedef=self, request=request)\n             ^^^^^^^^^^^^^^^^^^^^^^^^^^^^^^^^^^^^^^^^^^^^^^^^^^^^^^^^^^^^\n  File \"D:\\repos\\python-cas@python-cas__5697dcc5__requests__aiohttp\\.venv\\Lib\\site-packages\\pluggy\\_hooks.py\", line 513, in __call__\n    return self._hookexec(self.name, self._hookimpls.copy(), kwargs, firstresult)\n           ^^^^^^^^^^^^^^^^^^^^^^^^^^^^^^^^^^^^^^^^^^^^^^^^^^^^^^^^^^^^^^^^^^^^^^\n  File \"D:\\repos\\python-cas@python-cas__5697dcc5__requests__aiohttp\\.venv\\Lib\\site-packages\\pluggy\\_manager.py\", line 120, in _hookexec\n    return self._inner_hookexec(hook_name, methods, kwargs, firstresult)\n           ^^^^^^^^^^^^^^^^^^^^^^^^^^^^^^^^^^^^^^^^^^^^^^^^^^^^^^^^^^^^^\n  File \"D:\\repos\\python-cas@python-cas__5697dcc5__requests__aiohttp\\.venv\\Lib\\site-packages\\pluggy\\_callers.py\", line 139, in _multicall\n    raise exception.with_traceback(exception.__traceback__)\n  File \"D:\\repos\\python-cas@python-cas__5697dcc5__requests__aiohttp\\.venv\\Lib\\site-packages\\pluggy\\_callers.py\", line 122, in _multicall\n    teardown.throw(exception)  # type: ignore[union-attr]\n    ^^^^^^^^^^^^^^^^^^^^^^^^^\n  File \"D:\\repos\\python-cas@python-cas__5697dcc5__requests__aiohttp\\.venv\\Lib\\site-packages\\_pytest\\setuponly.py\", line 36, in pytest_fixture_setup\n    return (yield)\n            ^^^^^\n  File \"D:\\repos\\python-cas@python-cas__5697dcc5__requests__aiohttp\\.venv\\Lib\\site-packages\\pluggy\\_callers.py\", line 103, in _multicall\n    res = hook_impl.function(*args)\n          ^^^^^^^^^^^^^^^^^^^^^^^^^\n  File \"D:\\repos\\python-cas@python-cas__5697dcc5__requests__aiohttp\\.venv\\Lib\\site-packages\\_pytest\\fixtures.py\", line 1140, in pytest_fixture_setup\n    result = call_fixture_func(fixturefunc, request, kwargs)\n             ^^^^^^^^^^^^^^^^^^^^^^^^^^^^^^^^^^^^^^^^^^^^^^^\n  File \"D:\\repos\\python-cas@python-cas__5697dcc5__requests__aiohttp\\.venv\\Lib\\site-packages\\_pytest\\fixtures.py\", line 898, in call_fixture_func\n    fixture_result = fixturefunc(**kwargs)\n                     ^^^^^^^^^^^^^^^^^^^^^\n  File \"D:\\repos\\python-cas@python-cas__5697dcc5__requests__aiohttp\\tests\\test_cas.py\", line 78, in logout_client_v3\n    return cas.CASClient(\n           ^^^^^^^^^^^^^^\n  File \"D:\\repos\\python-cas@python-cas__5697dcc5__requests__aiohttp\\cas.py\", line 61, in __new__\n    return CASClientV3(*args, **kwargs)\n           ^^^^^^^^^^^\nNameError: name 'CASClientV3' is not defined. Did you mean: 'CASClientV1'?"
      },
      "teardown": {
        "outcome": "passed"
      }
    },
    {
      "nodeid": "tests/test_cas.py::test_v3_logout_url_without_redirect",
      "lineno": 116,
      "outcome": "error",
      "keywords": [
        "test_v3_logout_url_without_redirect",
        "test_cas.py",
        "tests",
        "python-cas@python-cas__5697dcc5__requests__aiohttp",
        ""
      ],
      "setup": {
        "outcome": "failed",
        "crash": {
          "path": "D:\\repos\\python-cas@python-cas__5697dcc5__requests__aiohttp\\cas.py",
          "lineno": 61,
          "message": "NameError: name 'CASClientV3' is not defined"
        },
        "longrepr": "Traceback (most recent call last):\n  File \"D:\\repos\\python-cas@python-cas__5697dcc5__requests__aiohttp\\.venv\\Lib\\site-packages\\_pytest\\runner.py\", line 341, in from_call\n    result: TResult | None = func()\n                             ^^^^^^\n  File \"D:\\repos\\python-cas@python-cas__5697dcc5__requests__aiohttp\\.venv\\Lib\\site-packages\\_pytest\\runner.py\", line 242, in <lambda>\n    lambda: runtest_hook(item=item, **kwds), when=when, reraise=reraise\n            ^^^^^^^^^^^^^^^^^^^^^^^^^^^^^^^\n  File \"D:\\repos\\python-cas@python-cas__5697dcc5__requests__aiohttp\\.venv\\Lib\\site-packages\\pluggy\\_hooks.py\", line 513, in __call__\n    return self._hookexec(self.name, self._hookimpls.copy(), kwargs, firstresult)\n           ^^^^^^^^^^^^^^^^^^^^^^^^^^^^^^^^^^^^^^^^^^^^^^^^^^^^^^^^^^^^^^^^^^^^^^\n  File \"D:\\repos\\python-cas@python-cas__5697dcc5__requests__aiohttp\\.venv\\Lib\\site-packages\\pluggy\\_manager.py\", line 120, in _hookexec\n    return self._inner_hookexec(hook_name, methods, kwargs, firstresult)\n           ^^^^^^^^^^^^^^^^^^^^^^^^^^^^^^^^^^^^^^^^^^^^^^^^^^^^^^^^^^^^^\n  File \"D:\\repos\\python-cas@python-cas__5697dcc5__requests__aiohttp\\.venv\\Lib\\site-packages\\pluggy\\_callers.py\", line 182, in _multicall\n    return outcome.get_result()\n           ^^^^^^^^^^^^^^^^^^^^\n  File \"D:\\repos\\python-cas@python-cas__5697dcc5__requests__aiohttp\\.venv\\Lib\\site-packages\\pluggy\\_result.py\", line 100, in get_result\n    raise exc.with_traceback(exc.__traceback__)\n  File \"D:\\repos\\python-cas@python-cas__5697dcc5__requests__aiohttp\\.venv\\Lib\\site-packages\\pluggy\\_callers.py\", line 167, in _multicall\n    teardown.throw(outcome._exception)\n  File \"D:\\repos\\python-cas@python-cas__5697dcc5__requests__aiohttp\\.venv\\Lib\\site-packages\\_pytest\\unraisableexception.py\", line 90, in pytest_runtest_setup\n    yield from unraisable_exception_runtest_hook()\n  File \"D:\\repos\\python-cas@python-cas__5697dcc5__requests__aiohttp\\.venv\\Lib\\site-packages\\_pytest\\unraisableexception.py\", line 70, in unraisable_exception_runtest_hook\n    yield\n  File \"D:\\repos\\python-cas@python-cas__5697dcc5__requests__aiohttp\\.venv\\Lib\\site-packages\\pluggy\\_callers.py\", line 167, in _multicall\n    teardown.throw(outcome._exception)\n  File \"D:\\repos\\python-cas@python-cas__5697dcc5__requests__aiohttp\\.venv\\Lib\\site-packages\\_pytest\\logging.py\", line 840, in pytest_runtest_setup\n    yield from self._runtest_for(item, \"setup\")\n  File \"D:\\repos\\python-cas@python-cas__5697dcc5__requests__aiohttp\\.venv\\Lib\\site-packages\\_pytest\\logging.py\", line 829, in _runtest_for\n    yield\n  File \"D:\\repos\\python-cas@python-cas__5697dcc5__requests__aiohttp\\.venv\\Lib\\site-packages\\pluggy\\_callers.py\", line 167, in _multicall\n    teardown.throw(outcome._exception)\n  File \"D:\\repos\\python-cas@python-cas__5697dcc5__requests__aiohttp\\.venv\\Lib\\site-packages\\_pytest\\capture.py\", line 893, in pytest_runtest_setup\n    return (yield)\n            ^^^^^\n  File \"D:\\repos\\python-cas@python-cas__5697dcc5__requests__aiohttp\\.venv\\Lib\\site-packages\\pluggy\\_callers.py\", line 167, in _multicall\n    teardown.throw(outcome._exception)\n  File \"D:\\repos\\python-cas@python-cas__5697dcc5__requests__aiohttp\\.venv\\Lib\\site-packages\\_pytest\\threadexception.py\", line 87, in pytest_runtest_setup\n    yield from thread_exception_runtest_hook()\n  File \"D:\\repos\\python-cas@python-cas__5697dcc5__requests__aiohttp\\.venv\\Lib\\site-packages\\_pytest\\threadexception.py\", line 68, in thread_exception_runtest_hook\n    yield\n  File \"D:\\repos\\python-cas@python-cas__5697dcc5__requests__aiohttp\\.venv\\Lib\\site-packages\\pluggy\\_callers.py\", line 103, in _multicall\n    res = hook_impl.function(*args)\n          ^^^^^^^^^^^^^^^^^^^^^^^^^\n  File \"D:\\repos\\python-cas@python-cas__5697dcc5__requests__aiohttp\\.venv\\Lib\\site-packages\\_pytest\\runner.py\", line 160, in pytest_runtest_setup\n    item.session._setupstate.setup(item)\n  File \"D:\\repos\\python-cas@python-cas__5697dcc5__requests__aiohttp\\.venv\\Lib\\site-packages\\_pytest\\runner.py\", line 514, in setup\n    col.setup()\n  File \"D:\\repos\\python-cas@python-cas__5697dcc5__requests__aiohttp\\.venv\\Lib\\site-packages\\_pytest\\python.py\", line 1630, in setup\n    self._request._fillfixtures()\n  File \"D:\\repos\\python-cas@python-cas__5697dcc5__requests__aiohttp\\.venv\\Lib\\site-packages\\_pytest\\fixtures.py\", line 697, in _fillfixtures\n    item.funcargs[argname] = self.getfixturevalue(argname)\n                             ^^^^^^^^^^^^^^^^^^^^^^^^^^^^^\n  File \"D:\\repos\\python-cas@python-cas__5697dcc5__requests__aiohttp\\.venv\\Lib\\site-packages\\_pytest\\fixtures.py\", line 532, in getfixturevalue\n    fixturedef = self._get_active_fixturedef(argname)\n                 ^^^^^^^^^^^^^^^^^^^^^^^^^^^^^^^^^^^^\n  File \"D:\\repos\\python-cas@python-cas__5697dcc5__requests__aiohttp\\.venv\\Lib\\site-packages\\_pytest\\fixtures.py\", line 617, in _get_active_fixturedef\n    fixturedef.execute(request=subrequest)\n  File \"D:\\repos\\python-cas@python-cas__5697dcc5__requests__aiohttp\\.venv\\Lib\\site-packages\\_pytest\\fixtures.py\", line 1091, in execute\n    result = ihook.pytest_fixture_setup(fixturedef=self, request=request)\n             ^^^^^^^^^^^^^^^^^^^^^^^^^^^^^^^^^^^^^^^^^^^^^^^^^^^^^^^^^^^^\n  File \"D:\\repos\\python-cas@python-cas__5697dcc5__requests__aiohttp\\.venv\\Lib\\site-packages\\pluggy\\_hooks.py\", line 513, in __call__\n    return self._hookexec(self.name, self._hookimpls.copy(), kwargs, firstresult)\n           ^^^^^^^^^^^^^^^^^^^^^^^^^^^^^^^^^^^^^^^^^^^^^^^^^^^^^^^^^^^^^^^^^^^^^^\n  File \"D:\\repos\\python-cas@python-cas__5697dcc5__requests__aiohttp\\.venv\\Lib\\site-packages\\pluggy\\_manager.py\", line 120, in _hookexec\n    return self._inner_hookexec(hook_name, methods, kwargs, firstresult)\n           ^^^^^^^^^^^^^^^^^^^^^^^^^^^^^^^^^^^^^^^^^^^^^^^^^^^^^^^^^^^^^\n  File \"D:\\repos\\python-cas@python-cas__5697dcc5__requests__aiohttp\\.venv\\Lib\\site-packages\\pluggy\\_callers.py\", line 139, in _multicall\n    raise exception.with_traceback(exception.__traceback__)\n  File \"D:\\repos\\python-cas@python-cas__5697dcc5__requests__aiohttp\\.venv\\Lib\\site-packages\\pluggy\\_callers.py\", line 122, in _multicall\n    teardown.throw(exception)  # type: ignore[union-attr]\n    ^^^^^^^^^^^^^^^^^^^^^^^^^\n  File \"D:\\repos\\python-cas@python-cas__5697dcc5__requests__aiohttp\\.venv\\Lib\\site-packages\\_pytest\\setuponly.py\", line 36, in pytest_fixture_setup\n    return (yield)\n            ^^^^^\n  File \"D:\\repos\\python-cas@python-cas__5697dcc5__requests__aiohttp\\.venv\\Lib\\site-packages\\pluggy\\_callers.py\", line 103, in _multicall\n    res = hook_impl.function(*args)\n          ^^^^^^^^^^^^^^^^^^^^^^^^^\n  File \"D:\\repos\\python-cas@python-cas__5697dcc5__requests__aiohttp\\.venv\\Lib\\site-packages\\_pytest\\fixtures.py\", line 1140, in pytest_fixture_setup\n    result = call_fixture_func(fixturefunc, request, kwargs)\n             ^^^^^^^^^^^^^^^^^^^^^^^^^^^^^^^^^^^^^^^^^^^^^^^\n  File \"D:\\repos\\python-cas@python-cas__5697dcc5__requests__aiohttp\\.venv\\Lib\\site-packages\\_pytest\\fixtures.py\", line 898, in call_fixture_func\n    fixture_result = fixturefunc(**kwargs)\n                     ^^^^^^^^^^^^^^^^^^^^^\n  File \"D:\\repos\\python-cas@python-cas__5697dcc5__requests__aiohttp\\tests\\test_cas.py\", line 78, in logout_client_v3\n    return cas.CASClient(\n           ^^^^^^^^^^^^^^\n  File \"D:\\repos\\python-cas@python-cas__5697dcc5__requests__aiohttp\\cas.py\", line 61, in __new__\n    return CASClientV3(*args, **kwargs)\n           ^^^^^^^^^^^\nNameError: name 'CASClientV3' is not defined. Did you mean: 'CASClientV1'?"
      },
      "teardown": {
        "outcome": "passed"
      }
    },
    {
      "nodeid": "tests/test_cas.py::test_cas3_basic_successful_response_verification",
      "lineno": 134,
      "outcome": "error",
      "keywords": [
        "test_cas3_basic_successful_response_verification",
        "test_cas.py",
        "tests",
        "python-cas@python-cas__5697dcc5__requests__aiohttp",
        ""
      ],
      "setup": {
        "outcome": "failed",
        "crash": {
          "path": "D:\\repos\\python-cas@python-cas__5697dcc5__requests__aiohttp\\cas.py",
          "lineno": 61,
          "message": "NameError: name 'CASClientV3' is not defined"
        },
        "longrepr": "Traceback (most recent call last):\n  File \"D:\\repos\\python-cas@python-cas__5697dcc5__requests__aiohttp\\.venv\\Lib\\site-packages\\_pytest\\runner.py\", line 341, in from_call\n    result: TResult | None = func()\n                             ^^^^^^\n  File \"D:\\repos\\python-cas@python-cas__5697dcc5__requests__aiohttp\\.venv\\Lib\\site-packages\\_pytest\\runner.py\", line 242, in <lambda>\n    lambda: runtest_hook(item=item, **kwds), when=when, reraise=reraise\n            ^^^^^^^^^^^^^^^^^^^^^^^^^^^^^^^\n  File \"D:\\repos\\python-cas@python-cas__5697dcc5__requests__aiohttp\\.venv\\Lib\\site-packages\\pluggy\\_hooks.py\", line 513, in __call__\n    return self._hookexec(self.name, self._hookimpls.copy(), kwargs, firstresult)\n           ^^^^^^^^^^^^^^^^^^^^^^^^^^^^^^^^^^^^^^^^^^^^^^^^^^^^^^^^^^^^^^^^^^^^^^\n  File \"D:\\repos\\python-cas@python-cas__5697dcc5__requests__aiohttp\\.venv\\Lib\\site-packages\\pluggy\\_manager.py\", line 120, in _hookexec\n    return self._inner_hookexec(hook_name, methods, kwargs, firstresult)\n           ^^^^^^^^^^^^^^^^^^^^^^^^^^^^^^^^^^^^^^^^^^^^^^^^^^^^^^^^^^^^^\n  File \"D:\\repos\\python-cas@python-cas__5697dcc5__requests__aiohttp\\.venv\\Lib\\site-packages\\pluggy\\_callers.py\", line 182, in _multicall\n    return outcome.get_result()\n           ^^^^^^^^^^^^^^^^^^^^\n  File \"D:\\repos\\python-cas@python-cas__5697dcc5__requests__aiohttp\\.venv\\Lib\\site-packages\\pluggy\\_result.py\", line 100, in get_result\n    raise exc.with_traceback(exc.__traceback__)\n  File \"D:\\repos\\python-cas@python-cas__5697dcc5__requests__aiohttp\\.venv\\Lib\\site-packages\\pluggy\\_callers.py\", line 167, in _multicall\n    teardown.throw(outcome._exception)\n  File \"D:\\repos\\python-cas@python-cas__5697dcc5__requests__aiohttp\\.venv\\Lib\\site-packages\\_pytest\\unraisableexception.py\", line 90, in pytest_runtest_setup\n    yield from unraisable_exception_runtest_hook()\n  File \"D:\\repos\\python-cas@python-cas__5697dcc5__requests__aiohttp\\.venv\\Lib\\site-packages\\_pytest\\unraisableexception.py\", line 70, in unraisable_exception_runtest_hook\n    yield\n  File \"D:\\repos\\python-cas@python-cas__5697dcc5__requests__aiohttp\\.venv\\Lib\\site-packages\\pluggy\\_callers.py\", line 167, in _multicall\n    teardown.throw(outcome._exception)\n  File \"D:\\repos\\python-cas@python-cas__5697dcc5__requests__aiohttp\\.venv\\Lib\\site-packages\\_pytest\\logging.py\", line 840, in pytest_runtest_setup\n    yield from self._runtest_for(item, \"setup\")\n  File \"D:\\repos\\python-cas@python-cas__5697dcc5__requests__aiohttp\\.venv\\Lib\\site-packages\\_pytest\\logging.py\", line 829, in _runtest_for\n    yield\n  File \"D:\\repos\\python-cas@python-cas__5697dcc5__requests__aiohttp\\.venv\\Lib\\site-packages\\pluggy\\_callers.py\", line 167, in _multicall\n    teardown.throw(outcome._exception)\n  File \"D:\\repos\\python-cas@python-cas__5697dcc5__requests__aiohttp\\.venv\\Lib\\site-packages\\_pytest\\capture.py\", line 893, in pytest_runtest_setup\n    return (yield)\n            ^^^^^\n  File \"D:\\repos\\python-cas@python-cas__5697dcc5__requests__aiohttp\\.venv\\Lib\\site-packages\\pluggy\\_callers.py\", line 167, in _multicall\n    teardown.throw(outcome._exception)\n  File \"D:\\repos\\python-cas@python-cas__5697dcc5__requests__aiohttp\\.venv\\Lib\\site-packages\\_pytest\\threadexception.py\", line 87, in pytest_runtest_setup\n    yield from thread_exception_runtest_hook()\n  File \"D:\\repos\\python-cas@python-cas__5697dcc5__requests__aiohttp\\.venv\\Lib\\site-packages\\_pytest\\threadexception.py\", line 68, in thread_exception_runtest_hook\n    yield\n  File \"D:\\repos\\python-cas@python-cas__5697dcc5__requests__aiohttp\\.venv\\Lib\\site-packages\\pluggy\\_callers.py\", line 103, in _multicall\n    res = hook_impl.function(*args)\n          ^^^^^^^^^^^^^^^^^^^^^^^^^\n  File \"D:\\repos\\python-cas@python-cas__5697dcc5__requests__aiohttp\\.venv\\Lib\\site-packages\\_pytest\\runner.py\", line 160, in pytest_runtest_setup\n    item.session._setupstate.setup(item)\n  File \"D:\\repos\\python-cas@python-cas__5697dcc5__requests__aiohttp\\.venv\\Lib\\site-packages\\_pytest\\runner.py\", line 514, in setup\n    col.setup()\n  File \"D:\\repos\\python-cas@python-cas__5697dcc5__requests__aiohttp\\.venv\\Lib\\site-packages\\_pytest\\python.py\", line 1630, in setup\n    self._request._fillfixtures()\n  File \"D:\\repos\\python-cas@python-cas__5697dcc5__requests__aiohttp\\.venv\\Lib\\site-packages\\_pytest\\fixtures.py\", line 697, in _fillfixtures\n    item.funcargs[argname] = self.getfixturevalue(argname)\n                             ^^^^^^^^^^^^^^^^^^^^^^^^^^^^^\n  File \"D:\\repos\\python-cas@python-cas__5697dcc5__requests__aiohttp\\.venv\\Lib\\site-packages\\_pytest\\fixtures.py\", line 532, in getfixturevalue\n    fixturedef = self._get_active_fixturedef(argname)\n                 ^^^^^^^^^^^^^^^^^^^^^^^^^^^^^^^^^^^^\n  File \"D:\\repos\\python-cas@python-cas__5697dcc5__requests__aiohttp\\.venv\\Lib\\site-packages\\_pytest\\fixtures.py\", line 617, in _get_active_fixturedef\n    fixturedef.execute(request=subrequest)\n  File \"D:\\repos\\python-cas@python-cas__5697dcc5__requests__aiohttp\\.venv\\Lib\\site-packages\\_pytest\\fixtures.py\", line 1091, in execute\n    result = ihook.pytest_fixture_setup(fixturedef=self, request=request)\n             ^^^^^^^^^^^^^^^^^^^^^^^^^^^^^^^^^^^^^^^^^^^^^^^^^^^^^^^^^^^^\n  File \"D:\\repos\\python-cas@python-cas__5697dcc5__requests__aiohttp\\.venv\\Lib\\site-packages\\pluggy\\_hooks.py\", line 513, in __call__\n    return self._hookexec(self.name, self._hookimpls.copy(), kwargs, firstresult)\n           ^^^^^^^^^^^^^^^^^^^^^^^^^^^^^^^^^^^^^^^^^^^^^^^^^^^^^^^^^^^^^^^^^^^^^^\n  File \"D:\\repos\\python-cas@python-cas__5697dcc5__requests__aiohttp\\.venv\\Lib\\site-packages\\pluggy\\_manager.py\", line 120, in _hookexec\n    return self._inner_hookexec(hook_name, methods, kwargs, firstresult)\n           ^^^^^^^^^^^^^^^^^^^^^^^^^^^^^^^^^^^^^^^^^^^^^^^^^^^^^^^^^^^^^\n  File \"D:\\repos\\python-cas@python-cas__5697dcc5__requests__aiohttp\\.venv\\Lib\\site-packages\\pluggy\\_callers.py\", line 139, in _multicall\n    raise exception.with_traceback(exception.__traceback__)\n  File \"D:\\repos\\python-cas@python-cas__5697dcc5__requests__aiohttp\\.venv\\Lib\\site-packages\\pluggy\\_callers.py\", line 122, in _multicall\n    teardown.throw(exception)  # type: ignore[union-attr]\n    ^^^^^^^^^^^^^^^^^^^^^^^^^\n  File \"D:\\repos\\python-cas@python-cas__5697dcc5__requests__aiohttp\\.venv\\Lib\\site-packages\\_pytest\\setuponly.py\", line 36, in pytest_fixture_setup\n    return (yield)\n            ^^^^^\n  File \"D:\\repos\\python-cas@python-cas__5697dcc5__requests__aiohttp\\.venv\\Lib\\site-packages\\pluggy\\_callers.py\", line 103, in _multicall\n    res = hook_impl.function(*args)\n          ^^^^^^^^^^^^^^^^^^^^^^^^^\n  File \"D:\\repos\\python-cas@python-cas__5697dcc5__requests__aiohttp\\.venv\\Lib\\site-packages\\_pytest\\fixtures.py\", line 1140, in pytest_fixture_setup\n    result = call_fixture_func(fixturefunc, request, kwargs)\n             ^^^^^^^^^^^^^^^^^^^^^^^^^^^^^^^^^^^^^^^^^^^^^^^\n  File \"D:\\repos\\python-cas@python-cas__5697dcc5__requests__aiohttp\\.venv\\Lib\\site-packages\\_pytest\\fixtures.py\", line 898, in call_fixture_func\n    fixture_result = fixturefunc(**kwargs)\n                     ^^^^^^^^^^^^^^^^^^^^^\n  File \"D:\\repos\\python-cas@python-cas__5697dcc5__requests__aiohttp\\tests\\test_cas.py\", line 127, in client_v3\n    return cas.CASClient(\n           ^^^^^^^^^^^^^^\n  File \"D:\\repos\\python-cas@python-cas__5697dcc5__requests__aiohttp\\cas.py\", line 61, in __new__\n    return CASClientV3(*args, **kwargs)\n           ^^^^^^^^^^^\nNameError: name 'CASClientV3' is not defined. Did you mean: 'CASClientV1'?"
      },
      "teardown": {
        "outcome": "passed"
      }
    },
    {
      "nodeid": "tests/test_cas.py::test_cas3_successful_response_verification_with_attributes",
      "lineno": 145,
      "outcome": "error",
      "keywords": [
        "test_cas3_successful_response_verification_with_attributes",
        "test_cas.py",
        "tests",
        "python-cas@python-cas__5697dcc5__requests__aiohttp",
        ""
      ],
      "setup": {
        "outcome": "failed",
        "crash": {
          "path": "D:\\repos\\python-cas@python-cas__5697dcc5__requests__aiohttp\\cas.py",
          "lineno": 61,
          "message": "NameError: name 'CASClientV3' is not defined"
        },
        "longrepr": "Traceback (most recent call last):\n  File \"D:\\repos\\python-cas@python-cas__5697dcc5__requests__aiohttp\\.venv\\Lib\\site-packages\\_pytest\\runner.py\", line 341, in from_call\n    result: TResult | None = func()\n                             ^^^^^^\n  File \"D:\\repos\\python-cas@python-cas__5697dcc5__requests__aiohttp\\.venv\\Lib\\site-packages\\_pytest\\runner.py\", line 242, in <lambda>\n    lambda: runtest_hook(item=item, **kwds), when=when, reraise=reraise\n            ^^^^^^^^^^^^^^^^^^^^^^^^^^^^^^^\n  File \"D:\\repos\\python-cas@python-cas__5697dcc5__requests__aiohttp\\.venv\\Lib\\site-packages\\pluggy\\_hooks.py\", line 513, in __call__\n    return self._hookexec(self.name, self._hookimpls.copy(), kwargs, firstresult)\n           ^^^^^^^^^^^^^^^^^^^^^^^^^^^^^^^^^^^^^^^^^^^^^^^^^^^^^^^^^^^^^^^^^^^^^^\n  File \"D:\\repos\\python-cas@python-cas__5697dcc5__requests__aiohttp\\.venv\\Lib\\site-packages\\pluggy\\_manager.py\", line 120, in _hookexec\n    return self._inner_hookexec(hook_name, methods, kwargs, firstresult)\n           ^^^^^^^^^^^^^^^^^^^^^^^^^^^^^^^^^^^^^^^^^^^^^^^^^^^^^^^^^^^^^\n  File \"D:\\repos\\python-cas@python-cas__5697dcc5__requests__aiohttp\\.venv\\Lib\\site-packages\\pluggy\\_callers.py\", line 182, in _multicall\n    return outcome.get_result()\n           ^^^^^^^^^^^^^^^^^^^^\n  File \"D:\\repos\\python-cas@python-cas__5697dcc5__requests__aiohttp\\.venv\\Lib\\site-packages\\pluggy\\_result.py\", line 100, in get_result\n    raise exc.with_traceback(exc.__traceback__)\n  File \"D:\\repos\\python-cas@python-cas__5697dcc5__requests__aiohttp\\.venv\\Lib\\site-packages\\pluggy\\_callers.py\", line 167, in _multicall\n    teardown.throw(outcome._exception)\n  File \"D:\\repos\\python-cas@python-cas__5697dcc5__requests__aiohttp\\.venv\\Lib\\site-packages\\_pytest\\unraisableexception.py\", line 90, in pytest_runtest_setup\n    yield from unraisable_exception_runtest_hook()\n  File \"D:\\repos\\python-cas@python-cas__5697dcc5__requests__aiohttp\\.venv\\Lib\\site-packages\\_pytest\\unraisableexception.py\", line 70, in unraisable_exception_runtest_hook\n    yield\n  File \"D:\\repos\\python-cas@python-cas__5697dcc5__requests__aiohttp\\.venv\\Lib\\site-packages\\pluggy\\_callers.py\", line 167, in _multicall\n    teardown.throw(outcome._exception)\n  File \"D:\\repos\\python-cas@python-cas__5697dcc5__requests__aiohttp\\.venv\\Lib\\site-packages\\_pytest\\logging.py\", line 840, in pytest_runtest_setup\n    yield from self._runtest_for(item, \"setup\")\n  File \"D:\\repos\\python-cas@python-cas__5697dcc5__requests__aiohttp\\.venv\\Lib\\site-packages\\_pytest\\logging.py\", line 829, in _runtest_for\n    yield\n  File \"D:\\repos\\python-cas@python-cas__5697dcc5__requests__aiohttp\\.venv\\Lib\\site-packages\\pluggy\\_callers.py\", line 167, in _multicall\n    teardown.throw(outcome._exception)\n  File \"D:\\repos\\python-cas@python-cas__5697dcc5__requests__aiohttp\\.venv\\Lib\\site-packages\\_pytest\\capture.py\", line 893, in pytest_runtest_setup\n    return (yield)\n            ^^^^^\n  File \"D:\\repos\\python-cas@python-cas__5697dcc5__requests__aiohttp\\.venv\\Lib\\site-packages\\pluggy\\_callers.py\", line 167, in _multicall\n    teardown.throw(outcome._exception)\n  File \"D:\\repos\\python-cas@python-cas__5697dcc5__requests__aiohttp\\.venv\\Lib\\site-packages\\_pytest\\threadexception.py\", line 87, in pytest_runtest_setup\n    yield from thread_exception_runtest_hook()\n  File \"D:\\repos\\python-cas@python-cas__5697dcc5__requests__aiohttp\\.venv\\Lib\\site-packages\\_pytest\\threadexception.py\", line 68, in thread_exception_runtest_hook\n    yield\n  File \"D:\\repos\\python-cas@python-cas__5697dcc5__requests__aiohttp\\.venv\\Lib\\site-packages\\pluggy\\_callers.py\", line 103, in _multicall\n    res = hook_impl.function(*args)\n          ^^^^^^^^^^^^^^^^^^^^^^^^^\n  File \"D:\\repos\\python-cas@python-cas__5697dcc5__requests__aiohttp\\.venv\\Lib\\site-packages\\_pytest\\runner.py\", line 160, in pytest_runtest_setup\n    item.session._setupstate.setup(item)\n  File \"D:\\repos\\python-cas@python-cas__5697dcc5__requests__aiohttp\\.venv\\Lib\\site-packages\\_pytest\\runner.py\", line 514, in setup\n    col.setup()\n  File \"D:\\repos\\python-cas@python-cas__5697dcc5__requests__aiohttp\\.venv\\Lib\\site-packages\\_pytest\\python.py\", line 1630, in setup\n    self._request._fillfixtures()\n  File \"D:\\repos\\python-cas@python-cas__5697dcc5__requests__aiohttp\\.venv\\Lib\\site-packages\\_pytest\\fixtures.py\", line 697, in _fillfixtures\n    item.funcargs[argname] = self.getfixturevalue(argname)\n                             ^^^^^^^^^^^^^^^^^^^^^^^^^^^^^\n  File \"D:\\repos\\python-cas@python-cas__5697dcc5__requests__aiohttp\\.venv\\Lib\\site-packages\\_pytest\\fixtures.py\", line 532, in getfixturevalue\n    fixturedef = self._get_active_fixturedef(argname)\n                 ^^^^^^^^^^^^^^^^^^^^^^^^^^^^^^^^^^^^\n  File \"D:\\repos\\python-cas@python-cas__5697dcc5__requests__aiohttp\\.venv\\Lib\\site-packages\\_pytest\\fixtures.py\", line 617, in _get_active_fixturedef\n    fixturedef.execute(request=subrequest)\n  File \"D:\\repos\\python-cas@python-cas__5697dcc5__requests__aiohttp\\.venv\\Lib\\site-packages\\_pytest\\fixtures.py\", line 1091, in execute\n    result = ihook.pytest_fixture_setup(fixturedef=self, request=request)\n             ^^^^^^^^^^^^^^^^^^^^^^^^^^^^^^^^^^^^^^^^^^^^^^^^^^^^^^^^^^^^\n  File \"D:\\repos\\python-cas@python-cas__5697dcc5__requests__aiohttp\\.venv\\Lib\\site-packages\\pluggy\\_hooks.py\", line 513, in __call__\n    return self._hookexec(self.name, self._hookimpls.copy(), kwargs, firstresult)\n           ^^^^^^^^^^^^^^^^^^^^^^^^^^^^^^^^^^^^^^^^^^^^^^^^^^^^^^^^^^^^^^^^^^^^^^\n  File \"D:\\repos\\python-cas@python-cas__5697dcc5__requests__aiohttp\\.venv\\Lib\\site-packages\\pluggy\\_manager.py\", line 120, in _hookexec\n    return self._inner_hookexec(hook_name, methods, kwargs, firstresult)\n           ^^^^^^^^^^^^^^^^^^^^^^^^^^^^^^^^^^^^^^^^^^^^^^^^^^^^^^^^^^^^^\n  File \"D:\\repos\\python-cas@python-cas__5697dcc5__requests__aiohttp\\.venv\\Lib\\site-packages\\pluggy\\_callers.py\", line 139, in _multicall\n    raise exception.with_traceback(exception.__traceback__)\n  File \"D:\\repos\\python-cas@python-cas__5697dcc5__requests__aiohttp\\.venv\\Lib\\site-packages\\pluggy\\_callers.py\", line 122, in _multicall\n    teardown.throw(exception)  # type: ignore[union-attr]\n    ^^^^^^^^^^^^^^^^^^^^^^^^^\n  File \"D:\\repos\\python-cas@python-cas__5697dcc5__requests__aiohttp\\.venv\\Lib\\site-packages\\_pytest\\setuponly.py\", line 36, in pytest_fixture_setup\n    return (yield)\n            ^^^^^\n  File \"D:\\repos\\python-cas@python-cas__5697dcc5__requests__aiohttp\\.venv\\Lib\\site-packages\\pluggy\\_callers.py\", line 103, in _multicall\n    res = hook_impl.function(*args)\n          ^^^^^^^^^^^^^^^^^^^^^^^^^\n  File \"D:\\repos\\python-cas@python-cas__5697dcc5__requests__aiohttp\\.venv\\Lib\\site-packages\\_pytest\\fixtures.py\", line 1140, in pytest_fixture_setup\n    result = call_fixture_func(fixturefunc, request, kwargs)\n             ^^^^^^^^^^^^^^^^^^^^^^^^^^^^^^^^^^^^^^^^^^^^^^^\n  File \"D:\\repos\\python-cas@python-cas__5697dcc5__requests__aiohttp\\.venv\\Lib\\site-packages\\_pytest\\fixtures.py\", line 898, in call_fixture_func\n    fixture_result = fixturefunc(**kwargs)\n                     ^^^^^^^^^^^^^^^^^^^^^\n  File \"D:\\repos\\python-cas@python-cas__5697dcc5__requests__aiohttp\\tests\\test_cas.py\", line 127, in client_v3\n    return cas.CASClient(\n           ^^^^^^^^^^^^^^\n  File \"D:\\repos\\python-cas@python-cas__5697dcc5__requests__aiohttp\\cas.py\", line 61, in __new__\n    return CASClientV3(*args, **kwargs)\n           ^^^^^^^^^^^\nNameError: name 'CASClientV3' is not defined. Did you mean: 'CASClientV1'?"
      },
      "teardown": {
        "outcome": "passed"
      }
    },
    {
      "nodeid": "tests/test_cas.py::test_successful_response_verification_with_pgtiou",
      "lineno": 157,
      "outcome": "error",
      "keywords": [
        "test_successful_response_verification_with_pgtiou",
        "test_cas.py",
        "tests",
        "python-cas@python-cas__5697dcc5__requests__aiohttp",
        ""
      ],
      "setup": {
        "outcome": "failed",
        "crash": {
          "path": "D:\\repos\\python-cas@python-cas__5697dcc5__requests__aiohttp\\cas.py",
          "lineno": 61,
          "message": "NameError: name 'CASClientV3' is not defined"
        },
        "longrepr": "Traceback (most recent call last):\n  File \"D:\\repos\\python-cas@python-cas__5697dcc5__requests__aiohttp\\.venv\\Lib\\site-packages\\_pytest\\runner.py\", line 341, in from_call\n    result: TResult | None = func()\n                             ^^^^^^\n  File \"D:\\repos\\python-cas@python-cas__5697dcc5__requests__aiohttp\\.venv\\Lib\\site-packages\\_pytest\\runner.py\", line 242, in <lambda>\n    lambda: runtest_hook(item=item, **kwds), when=when, reraise=reraise\n            ^^^^^^^^^^^^^^^^^^^^^^^^^^^^^^^\n  File \"D:\\repos\\python-cas@python-cas__5697dcc5__requests__aiohttp\\.venv\\Lib\\site-packages\\pluggy\\_hooks.py\", line 513, in __call__\n    return self._hookexec(self.name, self._hookimpls.copy(), kwargs, firstresult)\n           ^^^^^^^^^^^^^^^^^^^^^^^^^^^^^^^^^^^^^^^^^^^^^^^^^^^^^^^^^^^^^^^^^^^^^^\n  File \"D:\\repos\\python-cas@python-cas__5697dcc5__requests__aiohttp\\.venv\\Lib\\site-packages\\pluggy\\_manager.py\", line 120, in _hookexec\n    return self._inner_hookexec(hook_name, methods, kwargs, firstresult)\n           ^^^^^^^^^^^^^^^^^^^^^^^^^^^^^^^^^^^^^^^^^^^^^^^^^^^^^^^^^^^^^\n  File \"D:\\repos\\python-cas@python-cas__5697dcc5__requests__aiohttp\\.venv\\Lib\\site-packages\\pluggy\\_callers.py\", line 182, in _multicall\n    return outcome.get_result()\n           ^^^^^^^^^^^^^^^^^^^^\n  File \"D:\\repos\\python-cas@python-cas__5697dcc5__requests__aiohttp\\.venv\\Lib\\site-packages\\pluggy\\_result.py\", line 100, in get_result\n    raise exc.with_traceback(exc.__traceback__)\n  File \"D:\\repos\\python-cas@python-cas__5697dcc5__requests__aiohttp\\.venv\\Lib\\site-packages\\pluggy\\_callers.py\", line 167, in _multicall\n    teardown.throw(outcome._exception)\n  File \"D:\\repos\\python-cas@python-cas__5697dcc5__requests__aiohttp\\.venv\\Lib\\site-packages\\_pytest\\unraisableexception.py\", line 90, in pytest_runtest_setup\n    yield from unraisable_exception_runtest_hook()\n  File \"D:\\repos\\python-cas@python-cas__5697dcc5__requests__aiohttp\\.venv\\Lib\\site-packages\\_pytest\\unraisableexception.py\", line 70, in unraisable_exception_runtest_hook\n    yield\n  File \"D:\\repos\\python-cas@python-cas__5697dcc5__requests__aiohttp\\.venv\\Lib\\site-packages\\pluggy\\_callers.py\", line 167, in _multicall\n    teardown.throw(outcome._exception)\n  File \"D:\\repos\\python-cas@python-cas__5697dcc5__requests__aiohttp\\.venv\\Lib\\site-packages\\_pytest\\logging.py\", line 840, in pytest_runtest_setup\n    yield from self._runtest_for(item, \"setup\")\n  File \"D:\\repos\\python-cas@python-cas__5697dcc5__requests__aiohttp\\.venv\\Lib\\site-packages\\_pytest\\logging.py\", line 829, in _runtest_for\n    yield\n  File \"D:\\repos\\python-cas@python-cas__5697dcc5__requests__aiohttp\\.venv\\Lib\\site-packages\\pluggy\\_callers.py\", line 167, in _multicall\n    teardown.throw(outcome._exception)\n  File \"D:\\repos\\python-cas@python-cas__5697dcc5__requests__aiohttp\\.venv\\Lib\\site-packages\\_pytest\\capture.py\", line 893, in pytest_runtest_setup\n    return (yield)\n            ^^^^^\n  File \"D:\\repos\\python-cas@python-cas__5697dcc5__requests__aiohttp\\.venv\\Lib\\site-packages\\pluggy\\_callers.py\", line 167, in _multicall\n    teardown.throw(outcome._exception)\n  File \"D:\\repos\\python-cas@python-cas__5697dcc5__requests__aiohttp\\.venv\\Lib\\site-packages\\_pytest\\threadexception.py\", line 87, in pytest_runtest_setup\n    yield from thread_exception_runtest_hook()\n  File \"D:\\repos\\python-cas@python-cas__5697dcc5__requests__aiohttp\\.venv\\Lib\\site-packages\\_pytest\\threadexception.py\", line 68, in thread_exception_runtest_hook\n    yield\n  File \"D:\\repos\\python-cas@python-cas__5697dcc5__requests__aiohttp\\.venv\\Lib\\site-packages\\pluggy\\_callers.py\", line 103, in _multicall\n    res = hook_impl.function(*args)\n          ^^^^^^^^^^^^^^^^^^^^^^^^^\n  File \"D:\\repos\\python-cas@python-cas__5697dcc5__requests__aiohttp\\.venv\\Lib\\site-packages\\_pytest\\runner.py\", line 160, in pytest_runtest_setup\n    item.session._setupstate.setup(item)\n  File \"D:\\repos\\python-cas@python-cas__5697dcc5__requests__aiohttp\\.venv\\Lib\\site-packages\\_pytest\\runner.py\", line 514, in setup\n    col.setup()\n  File \"D:\\repos\\python-cas@python-cas__5697dcc5__requests__aiohttp\\.venv\\Lib\\site-packages\\_pytest\\python.py\", line 1630, in setup\n    self._request._fillfixtures()\n  File \"D:\\repos\\python-cas@python-cas__5697dcc5__requests__aiohttp\\.venv\\Lib\\site-packages\\_pytest\\fixtures.py\", line 697, in _fillfixtures\n    item.funcargs[argname] = self.getfixturevalue(argname)\n                             ^^^^^^^^^^^^^^^^^^^^^^^^^^^^^\n  File \"D:\\repos\\python-cas@python-cas__5697dcc5__requests__aiohttp\\.venv\\Lib\\site-packages\\_pytest\\fixtures.py\", line 532, in getfixturevalue\n    fixturedef = self._get_active_fixturedef(argname)\n                 ^^^^^^^^^^^^^^^^^^^^^^^^^^^^^^^^^^^^\n  File \"D:\\repos\\python-cas@python-cas__5697dcc5__requests__aiohttp\\.venv\\Lib\\site-packages\\_pytest\\fixtures.py\", line 617, in _get_active_fixturedef\n    fixturedef.execute(request=subrequest)\n  File \"D:\\repos\\python-cas@python-cas__5697dcc5__requests__aiohttp\\.venv\\Lib\\site-packages\\_pytest\\fixtures.py\", line 1091, in execute\n    result = ihook.pytest_fixture_setup(fixturedef=self, request=request)\n             ^^^^^^^^^^^^^^^^^^^^^^^^^^^^^^^^^^^^^^^^^^^^^^^^^^^^^^^^^^^^\n  File \"D:\\repos\\python-cas@python-cas__5697dcc5__requests__aiohttp\\.venv\\Lib\\site-packages\\pluggy\\_hooks.py\", line 513, in __call__\n    return self._hookexec(self.name, self._hookimpls.copy(), kwargs, firstresult)\n           ^^^^^^^^^^^^^^^^^^^^^^^^^^^^^^^^^^^^^^^^^^^^^^^^^^^^^^^^^^^^^^^^^^^^^^\n  File \"D:\\repos\\python-cas@python-cas__5697dcc5__requests__aiohttp\\.venv\\Lib\\site-packages\\pluggy\\_manager.py\", line 120, in _hookexec\n    return self._inner_hookexec(hook_name, methods, kwargs, firstresult)\n           ^^^^^^^^^^^^^^^^^^^^^^^^^^^^^^^^^^^^^^^^^^^^^^^^^^^^^^^^^^^^^\n  File \"D:\\repos\\python-cas@python-cas__5697dcc5__requests__aiohttp\\.venv\\Lib\\site-packages\\pluggy\\_callers.py\", line 139, in _multicall\n    raise exception.with_traceback(exception.__traceback__)\n  File \"D:\\repos\\python-cas@python-cas__5697dcc5__requests__aiohttp\\.venv\\Lib\\site-packages\\pluggy\\_callers.py\", line 122, in _multicall\n    teardown.throw(exception)  # type: ignore[union-attr]\n    ^^^^^^^^^^^^^^^^^^^^^^^^^\n  File \"D:\\repos\\python-cas@python-cas__5697dcc5__requests__aiohttp\\.venv\\Lib\\site-packages\\_pytest\\setuponly.py\", line 36, in pytest_fixture_setup\n    return (yield)\n            ^^^^^\n  File \"D:\\repos\\python-cas@python-cas__5697dcc5__requests__aiohttp\\.venv\\Lib\\site-packages\\pluggy\\_callers.py\", line 103, in _multicall\n    res = hook_impl.function(*args)\n          ^^^^^^^^^^^^^^^^^^^^^^^^^\n  File \"D:\\repos\\python-cas@python-cas__5697dcc5__requests__aiohttp\\.venv\\Lib\\site-packages\\_pytest\\fixtures.py\", line 1140, in pytest_fixture_setup\n    result = call_fixture_func(fixturefunc, request, kwargs)\n             ^^^^^^^^^^^^^^^^^^^^^^^^^^^^^^^^^^^^^^^^^^^^^^^\n  File \"D:\\repos\\python-cas@python-cas__5697dcc5__requests__aiohttp\\.venv\\Lib\\site-packages\\_pytest\\fixtures.py\", line 898, in call_fixture_func\n    fixture_result = fixturefunc(**kwargs)\n                     ^^^^^^^^^^^^^^^^^^^^^\n  File \"D:\\repos\\python-cas@python-cas__5697dcc5__requests__aiohttp\\tests\\test_cas.py\", line 127, in client_v3\n    return cas.CASClient(\n           ^^^^^^^^^^^^^^\n  File \"D:\\repos\\python-cas@python-cas__5697dcc5__requests__aiohttp\\cas.py\", line 61, in __new__\n    return CASClientV3(*args, **kwargs)\n           ^^^^^^^^^^^\nNameError: name 'CASClientV3' is not defined. Did you mean: 'CASClientV1'?"
      },
      "teardown": {
        "outcome": "passed"
      }
    },
    {
      "nodeid": "tests/test_cas.py::test_unsuccessful_response",
      "lineno": 167,
      "outcome": "error",
      "keywords": [
        "test_unsuccessful_response",
        "test_cas.py",
        "tests",
        "python-cas@python-cas__5697dcc5__requests__aiohttp",
        ""
      ],
      "setup": {
        "outcome": "failed",
        "crash": {
          "path": "D:\\repos\\python-cas@python-cas__5697dcc5__requests__aiohttp\\cas.py",
          "lineno": 61,
          "message": "NameError: name 'CASClientV3' is not defined"
        },
        "longrepr": "Traceback (most recent call last):\n  File \"D:\\repos\\python-cas@python-cas__5697dcc5__requests__aiohttp\\.venv\\Lib\\site-packages\\_pytest\\runner.py\", line 341, in from_call\n    result: TResult | None = func()\n                             ^^^^^^\n  File \"D:\\repos\\python-cas@python-cas__5697dcc5__requests__aiohttp\\.venv\\Lib\\site-packages\\_pytest\\runner.py\", line 242, in <lambda>\n    lambda: runtest_hook(item=item, **kwds), when=when, reraise=reraise\n            ^^^^^^^^^^^^^^^^^^^^^^^^^^^^^^^\n  File \"D:\\repos\\python-cas@python-cas__5697dcc5__requests__aiohttp\\.venv\\Lib\\site-packages\\pluggy\\_hooks.py\", line 513, in __call__\n    return self._hookexec(self.name, self._hookimpls.copy(), kwargs, firstresult)\n           ^^^^^^^^^^^^^^^^^^^^^^^^^^^^^^^^^^^^^^^^^^^^^^^^^^^^^^^^^^^^^^^^^^^^^^\n  File \"D:\\repos\\python-cas@python-cas__5697dcc5__requests__aiohttp\\.venv\\Lib\\site-packages\\pluggy\\_manager.py\", line 120, in _hookexec\n    return self._inner_hookexec(hook_name, methods, kwargs, firstresult)\n           ^^^^^^^^^^^^^^^^^^^^^^^^^^^^^^^^^^^^^^^^^^^^^^^^^^^^^^^^^^^^^\n  File \"D:\\repos\\python-cas@python-cas__5697dcc5__requests__aiohttp\\.venv\\Lib\\site-packages\\pluggy\\_callers.py\", line 182, in _multicall\n    return outcome.get_result()\n           ^^^^^^^^^^^^^^^^^^^^\n  File \"D:\\repos\\python-cas@python-cas__5697dcc5__requests__aiohttp\\.venv\\Lib\\site-packages\\pluggy\\_result.py\", line 100, in get_result\n    raise exc.with_traceback(exc.__traceback__)\n  File \"D:\\repos\\python-cas@python-cas__5697dcc5__requests__aiohttp\\.venv\\Lib\\site-packages\\pluggy\\_callers.py\", line 167, in _multicall\n    teardown.throw(outcome._exception)\n  File \"D:\\repos\\python-cas@python-cas__5697dcc5__requests__aiohttp\\.venv\\Lib\\site-packages\\_pytest\\unraisableexception.py\", line 90, in pytest_runtest_setup\n    yield from unraisable_exception_runtest_hook()\n  File \"D:\\repos\\python-cas@python-cas__5697dcc5__requests__aiohttp\\.venv\\Lib\\site-packages\\_pytest\\unraisableexception.py\", line 70, in unraisable_exception_runtest_hook\n    yield\n  File \"D:\\repos\\python-cas@python-cas__5697dcc5__requests__aiohttp\\.venv\\Lib\\site-packages\\pluggy\\_callers.py\", line 167, in _multicall\n    teardown.throw(outcome._exception)\n  File \"D:\\repos\\python-cas@python-cas__5697dcc5__requests__aiohttp\\.venv\\Lib\\site-packages\\_pytest\\logging.py\", line 840, in pytest_runtest_setup\n    yield from self._runtest_for(item, \"setup\")\n  File \"D:\\repos\\python-cas@python-cas__5697dcc5__requests__aiohttp\\.venv\\Lib\\site-packages\\_pytest\\logging.py\", line 829, in _runtest_for\n    yield\n  File \"D:\\repos\\python-cas@python-cas__5697dcc5__requests__aiohttp\\.venv\\Lib\\site-packages\\pluggy\\_callers.py\", line 167, in _multicall\n    teardown.throw(outcome._exception)\n  File \"D:\\repos\\python-cas@python-cas__5697dcc5__requests__aiohttp\\.venv\\Lib\\site-packages\\_pytest\\capture.py\", line 893, in pytest_runtest_setup\n    return (yield)\n            ^^^^^\n  File \"D:\\repos\\python-cas@python-cas__5697dcc5__requests__aiohttp\\.venv\\Lib\\site-packages\\pluggy\\_callers.py\", line 167, in _multicall\n    teardown.throw(outcome._exception)\n  File \"D:\\repos\\python-cas@python-cas__5697dcc5__requests__aiohttp\\.venv\\Lib\\site-packages\\_pytest\\threadexception.py\", line 87, in pytest_runtest_setup\n    yield from thread_exception_runtest_hook()\n  File \"D:\\repos\\python-cas@python-cas__5697dcc5__requests__aiohttp\\.venv\\Lib\\site-packages\\_pytest\\threadexception.py\", line 68, in thread_exception_runtest_hook\n    yield\n  File \"D:\\repos\\python-cas@python-cas__5697dcc5__requests__aiohttp\\.venv\\Lib\\site-packages\\pluggy\\_callers.py\", line 103, in _multicall\n    res = hook_impl.function(*args)\n          ^^^^^^^^^^^^^^^^^^^^^^^^^\n  File \"D:\\repos\\python-cas@python-cas__5697dcc5__requests__aiohttp\\.venv\\Lib\\site-packages\\_pytest\\runner.py\", line 160, in pytest_runtest_setup\n    item.session._setupstate.setup(item)\n  File \"D:\\repos\\python-cas@python-cas__5697dcc5__requests__aiohttp\\.venv\\Lib\\site-packages\\_pytest\\runner.py\", line 514, in setup\n    col.setup()\n  File \"D:\\repos\\python-cas@python-cas__5697dcc5__requests__aiohttp\\.venv\\Lib\\site-packages\\_pytest\\python.py\", line 1630, in setup\n    self._request._fillfixtures()\n  File \"D:\\repos\\python-cas@python-cas__5697dcc5__requests__aiohttp\\.venv\\Lib\\site-packages\\_pytest\\fixtures.py\", line 697, in _fillfixtures\n    item.funcargs[argname] = self.getfixturevalue(argname)\n                             ^^^^^^^^^^^^^^^^^^^^^^^^^^^^^\n  File \"D:\\repos\\python-cas@python-cas__5697dcc5__requests__aiohttp\\.venv\\Lib\\site-packages\\_pytest\\fixtures.py\", line 532, in getfixturevalue\n    fixturedef = self._get_active_fixturedef(argname)\n                 ^^^^^^^^^^^^^^^^^^^^^^^^^^^^^^^^^^^^\n  File \"D:\\repos\\python-cas@python-cas__5697dcc5__requests__aiohttp\\.venv\\Lib\\site-packages\\_pytest\\fixtures.py\", line 617, in _get_active_fixturedef\n    fixturedef.execute(request=subrequest)\n  File \"D:\\repos\\python-cas@python-cas__5697dcc5__requests__aiohttp\\.venv\\Lib\\site-packages\\_pytest\\fixtures.py\", line 1091, in execute\n    result = ihook.pytest_fixture_setup(fixturedef=self, request=request)\n             ^^^^^^^^^^^^^^^^^^^^^^^^^^^^^^^^^^^^^^^^^^^^^^^^^^^^^^^^^^^^\n  File \"D:\\repos\\python-cas@python-cas__5697dcc5__requests__aiohttp\\.venv\\Lib\\site-packages\\pluggy\\_hooks.py\", line 513, in __call__\n    return self._hookexec(self.name, self._hookimpls.copy(), kwargs, firstresult)\n           ^^^^^^^^^^^^^^^^^^^^^^^^^^^^^^^^^^^^^^^^^^^^^^^^^^^^^^^^^^^^^^^^^^^^^^\n  File \"D:\\repos\\python-cas@python-cas__5697dcc5__requests__aiohttp\\.venv\\Lib\\site-packages\\pluggy\\_manager.py\", line 120, in _hookexec\n    return self._inner_hookexec(hook_name, methods, kwargs, firstresult)\n           ^^^^^^^^^^^^^^^^^^^^^^^^^^^^^^^^^^^^^^^^^^^^^^^^^^^^^^^^^^^^^\n  File \"D:\\repos\\python-cas@python-cas__5697dcc5__requests__aiohttp\\.venv\\Lib\\site-packages\\pluggy\\_callers.py\", line 139, in _multicall\n    raise exception.with_traceback(exception.__traceback__)\n  File \"D:\\repos\\python-cas@python-cas__5697dcc5__requests__aiohttp\\.venv\\Lib\\site-packages\\pluggy\\_callers.py\", line 122, in _multicall\n    teardown.throw(exception)  # type: ignore[union-attr]\n    ^^^^^^^^^^^^^^^^^^^^^^^^^\n  File \"D:\\repos\\python-cas@python-cas__5697dcc5__requests__aiohttp\\.venv\\Lib\\site-packages\\_pytest\\setuponly.py\", line 36, in pytest_fixture_setup\n    return (yield)\n            ^^^^^\n  File \"D:\\repos\\python-cas@python-cas__5697dcc5__requests__aiohttp\\.venv\\Lib\\site-packages\\pluggy\\_callers.py\", line 103, in _multicall\n    res = hook_impl.function(*args)\n          ^^^^^^^^^^^^^^^^^^^^^^^^^\n  File \"D:\\repos\\python-cas@python-cas__5697dcc5__requests__aiohttp\\.venv\\Lib\\site-packages\\_pytest\\fixtures.py\", line 1140, in pytest_fixture_setup\n    result = call_fixture_func(fixturefunc, request, kwargs)\n             ^^^^^^^^^^^^^^^^^^^^^^^^^^^^^^^^^^^^^^^^^^^^^^^\n  File \"D:\\repos\\python-cas@python-cas__5697dcc5__requests__aiohttp\\.venv\\Lib\\site-packages\\_pytest\\fixtures.py\", line 898, in call_fixture_func\n    fixture_result = fixturefunc(**kwargs)\n                     ^^^^^^^^^^^^^^^^^^^^^\n  File \"D:\\repos\\python-cas@python-cas__5697dcc5__requests__aiohttp\\tests\\test_cas.py\", line 127, in client_v3\n    return cas.CASClient(\n           ^^^^^^^^^^^^^^\n  File \"D:\\repos\\python-cas@python-cas__5697dcc5__requests__aiohttp\\cas.py\", line 61, in __new__\n    return CASClientV3(*args, **kwargs)\n           ^^^^^^^^^^^\nNameError: name 'CASClientV3' is not defined. Did you mean: 'CASClientV1'?"
      },
      "teardown": {
        "outcome": "passed"
      }
    },
    {
      "nodeid": "tests/test_cas.py::test_proxy_url",
      "lineno": 173,
      "outcome": "error",
      "keywords": [
        "test_proxy_url",
        "test_cas.py",
        "tests",
        "python-cas@python-cas__5697dcc5__requests__aiohttp",
        ""
      ],
      "setup": {
        "outcome": "failed",
        "crash": {
          "path": "D:\\repos\\python-cas@python-cas__5697dcc5__requests__aiohttp\\cas.py",
          "lineno": 61,
          "message": "NameError: name 'CASClientV3' is not defined"
        },
        "longrepr": "Traceback (most recent call last):\n  File \"D:\\repos\\python-cas@python-cas__5697dcc5__requests__aiohttp\\.venv\\Lib\\site-packages\\_pytest\\runner.py\", line 341, in from_call\n    result: TResult | None = func()\n                             ^^^^^^\n  File \"D:\\repos\\python-cas@python-cas__5697dcc5__requests__aiohttp\\.venv\\Lib\\site-packages\\_pytest\\runner.py\", line 242, in <lambda>\n    lambda: runtest_hook(item=item, **kwds), when=when, reraise=reraise\n            ^^^^^^^^^^^^^^^^^^^^^^^^^^^^^^^\n  File \"D:\\repos\\python-cas@python-cas__5697dcc5__requests__aiohttp\\.venv\\Lib\\site-packages\\pluggy\\_hooks.py\", line 513, in __call__\n    return self._hookexec(self.name, self._hookimpls.copy(), kwargs, firstresult)\n           ^^^^^^^^^^^^^^^^^^^^^^^^^^^^^^^^^^^^^^^^^^^^^^^^^^^^^^^^^^^^^^^^^^^^^^\n  File \"D:\\repos\\python-cas@python-cas__5697dcc5__requests__aiohttp\\.venv\\Lib\\site-packages\\pluggy\\_manager.py\", line 120, in _hookexec\n    return self._inner_hookexec(hook_name, methods, kwargs, firstresult)\n           ^^^^^^^^^^^^^^^^^^^^^^^^^^^^^^^^^^^^^^^^^^^^^^^^^^^^^^^^^^^^^\n  File \"D:\\repos\\python-cas@python-cas__5697dcc5__requests__aiohttp\\.venv\\Lib\\site-packages\\pluggy\\_callers.py\", line 182, in _multicall\n    return outcome.get_result()\n           ^^^^^^^^^^^^^^^^^^^^\n  File \"D:\\repos\\python-cas@python-cas__5697dcc5__requests__aiohttp\\.venv\\Lib\\site-packages\\pluggy\\_result.py\", line 100, in get_result\n    raise exc.with_traceback(exc.__traceback__)\n  File \"D:\\repos\\python-cas@python-cas__5697dcc5__requests__aiohttp\\.venv\\Lib\\site-packages\\pluggy\\_callers.py\", line 167, in _multicall\n    teardown.throw(outcome._exception)\n  File \"D:\\repos\\python-cas@python-cas__5697dcc5__requests__aiohttp\\.venv\\Lib\\site-packages\\_pytest\\unraisableexception.py\", line 90, in pytest_runtest_setup\n    yield from unraisable_exception_runtest_hook()\n  File \"D:\\repos\\python-cas@python-cas__5697dcc5__requests__aiohttp\\.venv\\Lib\\site-packages\\_pytest\\unraisableexception.py\", line 70, in unraisable_exception_runtest_hook\n    yield\n  File \"D:\\repos\\python-cas@python-cas__5697dcc5__requests__aiohttp\\.venv\\Lib\\site-packages\\pluggy\\_callers.py\", line 167, in _multicall\n    teardown.throw(outcome._exception)\n  File \"D:\\repos\\python-cas@python-cas__5697dcc5__requests__aiohttp\\.venv\\Lib\\site-packages\\_pytest\\logging.py\", line 840, in pytest_runtest_setup\n    yield from self._runtest_for(item, \"setup\")\n  File \"D:\\repos\\python-cas@python-cas__5697dcc5__requests__aiohttp\\.venv\\Lib\\site-packages\\_pytest\\logging.py\", line 829, in _runtest_for\n    yield\n  File \"D:\\repos\\python-cas@python-cas__5697dcc5__requests__aiohttp\\.venv\\Lib\\site-packages\\pluggy\\_callers.py\", line 167, in _multicall\n    teardown.throw(outcome._exception)\n  File \"D:\\repos\\python-cas@python-cas__5697dcc5__requests__aiohttp\\.venv\\Lib\\site-packages\\_pytest\\capture.py\", line 893, in pytest_runtest_setup\n    return (yield)\n            ^^^^^\n  File \"D:\\repos\\python-cas@python-cas__5697dcc5__requests__aiohttp\\.venv\\Lib\\site-packages\\pluggy\\_callers.py\", line 167, in _multicall\n    teardown.throw(outcome._exception)\n  File \"D:\\repos\\python-cas@python-cas__5697dcc5__requests__aiohttp\\.venv\\Lib\\site-packages\\_pytest\\threadexception.py\", line 87, in pytest_runtest_setup\n    yield from thread_exception_runtest_hook()\n  File \"D:\\repos\\python-cas@python-cas__5697dcc5__requests__aiohttp\\.venv\\Lib\\site-packages\\_pytest\\threadexception.py\", line 68, in thread_exception_runtest_hook\n    yield\n  File \"D:\\repos\\python-cas@python-cas__5697dcc5__requests__aiohttp\\.venv\\Lib\\site-packages\\pluggy\\_callers.py\", line 103, in _multicall\n    res = hook_impl.function(*args)\n          ^^^^^^^^^^^^^^^^^^^^^^^^^\n  File \"D:\\repos\\python-cas@python-cas__5697dcc5__requests__aiohttp\\.venv\\Lib\\site-packages\\_pytest\\runner.py\", line 160, in pytest_runtest_setup\n    item.session._setupstate.setup(item)\n  File \"D:\\repos\\python-cas@python-cas__5697dcc5__requests__aiohttp\\.venv\\Lib\\site-packages\\_pytest\\runner.py\", line 514, in setup\n    col.setup()\n  File \"D:\\repos\\python-cas@python-cas__5697dcc5__requests__aiohttp\\.venv\\Lib\\site-packages\\_pytest\\python.py\", line 1630, in setup\n    self._request._fillfixtures()\n  File \"D:\\repos\\python-cas@python-cas__5697dcc5__requests__aiohttp\\.venv\\Lib\\site-packages\\_pytest\\fixtures.py\", line 697, in _fillfixtures\n    item.funcargs[argname] = self.getfixturevalue(argname)\n                             ^^^^^^^^^^^^^^^^^^^^^^^^^^^^^\n  File \"D:\\repos\\python-cas@python-cas__5697dcc5__requests__aiohttp\\.venv\\Lib\\site-packages\\_pytest\\fixtures.py\", line 532, in getfixturevalue\n    fixturedef = self._get_active_fixturedef(argname)\n                 ^^^^^^^^^^^^^^^^^^^^^^^^^^^^^^^^^^^^\n  File \"D:\\repos\\python-cas@python-cas__5697dcc5__requests__aiohttp\\.venv\\Lib\\site-packages\\_pytest\\fixtures.py\", line 617, in _get_active_fixturedef\n    fixturedef.execute(request=subrequest)\n  File \"D:\\repos\\python-cas@python-cas__5697dcc5__requests__aiohttp\\.venv\\Lib\\site-packages\\_pytest\\fixtures.py\", line 1091, in execute\n    result = ihook.pytest_fixture_setup(fixturedef=self, request=request)\n             ^^^^^^^^^^^^^^^^^^^^^^^^^^^^^^^^^^^^^^^^^^^^^^^^^^^^^^^^^^^^\n  File \"D:\\repos\\python-cas@python-cas__5697dcc5__requests__aiohttp\\.venv\\Lib\\site-packages\\pluggy\\_hooks.py\", line 513, in __call__\n    return self._hookexec(self.name, self._hookimpls.copy(), kwargs, firstresult)\n           ^^^^^^^^^^^^^^^^^^^^^^^^^^^^^^^^^^^^^^^^^^^^^^^^^^^^^^^^^^^^^^^^^^^^^^\n  File \"D:\\repos\\python-cas@python-cas__5697dcc5__requests__aiohttp\\.venv\\Lib\\site-packages\\pluggy\\_manager.py\", line 120, in _hookexec\n    return self._inner_hookexec(hook_name, methods, kwargs, firstresult)\n           ^^^^^^^^^^^^^^^^^^^^^^^^^^^^^^^^^^^^^^^^^^^^^^^^^^^^^^^^^^^^^\n  File \"D:\\repos\\python-cas@python-cas__5697dcc5__requests__aiohttp\\.venv\\Lib\\site-packages\\pluggy\\_callers.py\", line 139, in _multicall\n    raise exception.with_traceback(exception.__traceback__)\n  File \"D:\\repos\\python-cas@python-cas__5697dcc5__requests__aiohttp\\.venv\\Lib\\site-packages\\pluggy\\_callers.py\", line 122, in _multicall\n    teardown.throw(exception)  # type: ignore[union-attr]\n    ^^^^^^^^^^^^^^^^^^^^^^^^^\n  File \"D:\\repos\\python-cas@python-cas__5697dcc5__requests__aiohttp\\.venv\\Lib\\site-packages\\_pytest\\setuponly.py\", line 36, in pytest_fixture_setup\n    return (yield)\n            ^^^^^\n  File \"D:\\repos\\python-cas@python-cas__5697dcc5__requests__aiohttp\\.venv\\Lib\\site-packages\\pluggy\\_callers.py\", line 103, in _multicall\n    res = hook_impl.function(*args)\n          ^^^^^^^^^^^^^^^^^^^^^^^^^\n  File \"D:\\repos\\python-cas@python-cas__5697dcc5__requests__aiohttp\\.venv\\Lib\\site-packages\\_pytest\\fixtures.py\", line 1140, in pytest_fixture_setup\n    result = call_fixture_func(fixturefunc, request, kwargs)\n             ^^^^^^^^^^^^^^^^^^^^^^^^^^^^^^^^^^^^^^^^^^^^^^^\n  File \"D:\\repos\\python-cas@python-cas__5697dcc5__requests__aiohttp\\.venv\\Lib\\site-packages\\_pytest\\fixtures.py\", line 898, in call_fixture_func\n    fixture_result = fixturefunc(**kwargs)\n                     ^^^^^^^^^^^^^^^^^^^^^\n  File \"D:\\repos\\python-cas@python-cas__5697dcc5__requests__aiohttp\\tests\\test_cas.py\", line 127, in client_v3\n    return cas.CASClient(\n           ^^^^^^^^^^^^^^\n  File \"D:\\repos\\python-cas@python-cas__5697dcc5__requests__aiohttp\\cas.py\", line 61, in __new__\n    return CASClientV3(*args, **kwargs)\n           ^^^^^^^^^^^\nNameError: name 'CASClientV3' is not defined. Did you mean: 'CASClientV1'?"
      },
      "teardown": {
        "outcome": "passed"
      }
    },
    {
      "nodeid": "tests/test_cas.py::test_can_saml_assertion_is_encoded",
      "lineno": 179,
      "outcome": "failed",
      "keywords": [
        "test_can_saml_assertion_is_encoded",
        "test_cas.py",
        "tests",
        "python-cas@python-cas__5697dcc5__requests__aiohttp",
        ""
      ],
      "setup": {
        "outcome": "passed"
      },
      "call": {
        "outcome": "failed",
        "crash": {
          "path": "D:\\repos\\python-cas@python-cas__5697dcc5__requests__aiohttp\\cas.py",
          "lineno": 63,
          "message": "NameError: name 'CASClientWithSAMLV1' is not defined"
        },
        "longrepr": "Traceback (most recent call last):\n  File \"D:\\repos\\python-cas@python-cas__5697dcc5__requests__aiohttp\\.venv\\Lib\\site-packages\\_pytest\\runner.py\", line 341, in from_call\n    result: TResult | None = func()\n                             ^^^^^^\n  File \"D:\\repos\\python-cas@python-cas__5697dcc5__requests__aiohttp\\.venv\\Lib\\site-packages\\_pytest\\runner.py\", line 242, in <lambda>\n    lambda: runtest_hook(item=item, **kwds), when=when, reraise=reraise\n            ^^^^^^^^^^^^^^^^^^^^^^^^^^^^^^^\n  File \"D:\\repos\\python-cas@python-cas__5697dcc5__requests__aiohttp\\.venv\\Lib\\site-packages\\pluggy\\_hooks.py\", line 513, in __call__\n    return self._hookexec(self.name, self._hookimpls.copy(), kwargs, firstresult)\n           ^^^^^^^^^^^^^^^^^^^^^^^^^^^^^^^^^^^^^^^^^^^^^^^^^^^^^^^^^^^^^^^^^^^^^^\n  File \"D:\\repos\\python-cas@python-cas__5697dcc5__requests__aiohttp\\.venv\\Lib\\site-packages\\pluggy\\_manager.py\", line 120, in _hookexec\n    return self._inner_hookexec(hook_name, methods, kwargs, firstresult)\n           ^^^^^^^^^^^^^^^^^^^^^^^^^^^^^^^^^^^^^^^^^^^^^^^^^^^^^^^^^^^^^\n  File \"D:\\repos\\python-cas@python-cas__5697dcc5__requests__aiohttp\\.venv\\Lib\\site-packages\\pluggy\\_callers.py\", line 182, in _multicall\n    return outcome.get_result()\n           ^^^^^^^^^^^^^^^^^^^^\n  File \"D:\\repos\\python-cas@python-cas__5697dcc5__requests__aiohttp\\.venv\\Lib\\site-packages\\pluggy\\_result.py\", line 100, in get_result\n    raise exc.with_traceback(exc.__traceback__)\n  File \"D:\\repos\\python-cas@python-cas__5697dcc5__requests__aiohttp\\.venv\\Lib\\site-packages\\pluggy\\_callers.py\", line 167, in _multicall\n    teardown.throw(outcome._exception)\n  File \"D:\\repos\\python-cas@python-cas__5697dcc5__requests__aiohttp\\.venv\\Lib\\site-packages\\_pytest\\threadexception.py\", line 92, in pytest_runtest_call\n    yield from thread_exception_runtest_hook()\n  File \"D:\\repos\\python-cas@python-cas__5697dcc5__requests__aiohttp\\.venv\\Lib\\site-packages\\_pytest\\threadexception.py\", line 68, in thread_exception_runtest_hook\n    yield\n  File \"D:\\repos\\python-cas@python-cas__5697dcc5__requests__aiohttp\\.venv\\Lib\\site-packages\\pluggy\\_callers.py\", line 167, in _multicall\n    teardown.throw(outcome._exception)\n  File \"D:\\repos\\python-cas@python-cas__5697dcc5__requests__aiohttp\\.venv\\Lib\\site-packages\\_pytest\\unraisableexception.py\", line 95, in pytest_runtest_call\n    yield from unraisable_exception_runtest_hook()\n  File \"D:\\repos\\python-cas@python-cas__5697dcc5__requests__aiohttp\\.venv\\Lib\\site-packages\\_pytest\\unraisableexception.py\", line 70, in unraisable_exception_runtest_hook\n    yield\n  File \"D:\\repos\\python-cas@python-cas__5697dcc5__requests__aiohttp\\.venv\\Lib\\site-packages\\pluggy\\_callers.py\", line 167, in _multicall\n    teardown.throw(outcome._exception)\n  File \"D:\\repos\\python-cas@python-cas__5697dcc5__requests__aiohttp\\.venv\\Lib\\site-packages\\_pytest\\logging.py\", line 846, in pytest_runtest_call\n    yield from self._runtest_for(item, \"call\")\n  File \"D:\\repos\\python-cas@python-cas__5697dcc5__requests__aiohttp\\.venv\\Lib\\site-packages\\_pytest\\logging.py\", line 829, in _runtest_for\n    yield\n  File \"D:\\repos\\python-cas@python-cas__5697dcc5__requests__aiohttp\\.venv\\Lib\\site-packages\\pluggy\\_callers.py\", line 167, in _multicall\n    teardown.throw(outcome._exception)\n  File \"D:\\repos\\python-cas@python-cas__5697dcc5__requests__aiohttp\\.venv\\Lib\\site-packages\\_pytest\\capture.py\", line 898, in pytest_runtest_call\n    return (yield)\n            ^^^^^\n  File \"D:\\repos\\python-cas@python-cas__5697dcc5__requests__aiohttp\\.venv\\Lib\\site-packages\\pluggy\\_callers.py\", line 167, in _multicall\n    teardown.throw(outcome._exception)\n  File \"D:\\repos\\python-cas@python-cas__5697dcc5__requests__aiohttp\\.venv\\Lib\\site-packages\\_pytest\\skipping.py\", line 257, in pytest_runtest_call\n    return (yield)\n            ^^^^^\n  File \"D:\\repos\\python-cas@python-cas__5697dcc5__requests__aiohttp\\.venv\\Lib\\site-packages\\pluggy\\_callers.py\", line 103, in _multicall\n    res = hook_impl.function(*args)\n          ^^^^^^^^^^^^^^^^^^^^^^^^^\n  File \"D:\\repos\\python-cas@python-cas__5697dcc5__requests__aiohttp\\.venv\\Lib\\site-packages\\_pytest\\runner.py\", line 174, in pytest_runtest_call\n    item.runtest()\n  File \"D:\\repos\\python-cas@python-cas__5697dcc5__requests__aiohttp\\.venv\\Lib\\site-packages\\_pytest\\python.py\", line 1627, in runtest\n    self.ihook.pytest_pyfunc_call(pyfuncitem=self)\n  File \"D:\\repos\\python-cas@python-cas__5697dcc5__requests__aiohttp\\.venv\\Lib\\site-packages\\pluggy\\_hooks.py\", line 513, in __call__\n    return self._hookexec(self.name, self._hookimpls.copy(), kwargs, firstresult)\n           ^^^^^^^^^^^^^^^^^^^^^^^^^^^^^^^^^^^^^^^^^^^^^^^^^^^^^^^^^^^^^^^^^^^^^^\n  File \"D:\\repos\\python-cas@python-cas__5697dcc5__requests__aiohttp\\.venv\\Lib\\site-packages\\pluggy\\_manager.py\", line 120, in _hookexec\n    return self._inner_hookexec(hook_name, methods, kwargs, firstresult)\n           ^^^^^^^^^^^^^^^^^^^^^^^^^^^^^^^^^^^^^^^^^^^^^^^^^^^^^^^^^^^^^\n  File \"D:\\repos\\python-cas@python-cas__5697dcc5__requests__aiohttp\\.venv\\Lib\\site-packages\\pluggy\\_callers.py\", line 139, in _multicall\n    raise exception.with_traceback(exception.__traceback__)\n  File \"D:\\repos\\python-cas@python-cas__5697dcc5__requests__aiohttp\\.venv\\Lib\\site-packages\\pluggy\\_callers.py\", line 103, in _multicall\n    res = hook_impl.function(*args)\n          ^^^^^^^^^^^^^^^^^^^^^^^^^\n  File \"D:\\repos\\python-cas@python-cas__5697dcc5__requests__aiohttp\\.venv\\Lib\\site-packages\\_pytest\\python.py\", line 159, in pytest_pyfunc_call\n    result = testfunction(**testargs)\n             ^^^^^^^^^^^^^^^^^^^^^^^^\n  File \"D:\\repos\\python-cas@python-cas__5697dcc5__requests__aiohttp\\tests\\test_cas.py\", line 183, in test_can_saml_assertion_is_encoded\n    client = cas.CASClient(version='CAS_2_SAML_1_0')\n             ^^^^^^^^^^^^^^^^^^^^^^^^^^^^^^^^^^^^^^^\n  File \"D:\\repos\\python-cas@python-cas__5697dcc5__requests__aiohttp\\cas.py\", line 63, in __new__\n    return CASClientWithSAMLV1(*args, **kwargs)\n           ^^^^^^^^^^^^^^^^^^^\nNameError: name 'CASClientWithSAMLV1' is not defined"
      },
      "teardown": {
        "outcome": "passed"
      }
    },
    {
      "nodeid": "tests/test_cas.py::test_v3_custom_session",
      "lineno": 192,
      "outcome": "failed",
      "keywords": [
        "test_v3_custom_session",
        "skipif",
        "pytestmark",
        "test_cas.py",
        "tests",
        "python-cas@python-cas__5697dcc5__requests__aiohttp",
        ""
      ],
      "setup": {
        "outcome": "passed"
      },
      "call": {
        "outcome": "failed",
        "crash": {
          "path": "D:\\repos\\python-cas@python-cas__5697dcc5__requests__aiohttp\\cas.py",
          "lineno": 61,
          "message": "NameError: name 'CASClientV3' is not defined"
        },
        "longrepr": "Traceback (most recent call last):\n  File \"D:\\repos\\python-cas@python-cas__5697dcc5__requests__aiohttp\\.venv\\Lib\\site-packages\\_pytest\\runner.py\", line 341, in from_call\n    result: TResult | None = func()\n                             ^^^^^^\n  File \"D:\\repos\\python-cas@python-cas__5697dcc5__requests__aiohttp\\.venv\\Lib\\site-packages\\_pytest\\runner.py\", line 242, in <lambda>\n    lambda: runtest_hook(item=item, **kwds), when=when, reraise=reraise\n            ^^^^^^^^^^^^^^^^^^^^^^^^^^^^^^^\n  File \"D:\\repos\\python-cas@python-cas__5697dcc5__requests__aiohttp\\.venv\\Lib\\site-packages\\pluggy\\_hooks.py\", line 513, in __call__\n    return self._hookexec(self.name, self._hookimpls.copy(), kwargs, firstresult)\n           ^^^^^^^^^^^^^^^^^^^^^^^^^^^^^^^^^^^^^^^^^^^^^^^^^^^^^^^^^^^^^^^^^^^^^^\n  File \"D:\\repos\\python-cas@python-cas__5697dcc5__requests__aiohttp\\.venv\\Lib\\site-packages\\pluggy\\_manager.py\", line 120, in _hookexec\n    return self._inner_hookexec(hook_name, methods, kwargs, firstresult)\n           ^^^^^^^^^^^^^^^^^^^^^^^^^^^^^^^^^^^^^^^^^^^^^^^^^^^^^^^^^^^^^\n  File \"D:\\repos\\python-cas@python-cas__5697dcc5__requests__aiohttp\\.venv\\Lib\\site-packages\\pluggy\\_callers.py\", line 182, in _multicall\n    return outcome.get_result()\n           ^^^^^^^^^^^^^^^^^^^^\n  File \"D:\\repos\\python-cas@python-cas__5697dcc5__requests__aiohttp\\.venv\\Lib\\site-packages\\pluggy\\_result.py\", line 100, in get_result\n    raise exc.with_traceback(exc.__traceback__)\n  File \"D:\\repos\\python-cas@python-cas__5697dcc5__requests__aiohttp\\.venv\\Lib\\site-packages\\pluggy\\_callers.py\", line 167, in _multicall\n    teardown.throw(outcome._exception)\n  File \"D:\\repos\\python-cas@python-cas__5697dcc5__requests__aiohttp\\.venv\\Lib\\site-packages\\_pytest\\threadexception.py\", line 92, in pytest_runtest_call\n    yield from thread_exception_runtest_hook()\n  File \"D:\\repos\\python-cas@python-cas__5697dcc5__requests__aiohttp\\.venv\\Lib\\site-packages\\_pytest\\threadexception.py\", line 68, in thread_exception_runtest_hook\n    yield\n  File \"D:\\repos\\python-cas@python-cas__5697dcc5__requests__aiohttp\\.venv\\Lib\\site-packages\\pluggy\\_callers.py\", line 167, in _multicall\n    teardown.throw(outcome._exception)\n  File \"D:\\repos\\python-cas@python-cas__5697dcc5__requests__aiohttp\\.venv\\Lib\\site-packages\\_pytest\\unraisableexception.py\", line 95, in pytest_runtest_call\n    yield from unraisable_exception_runtest_hook()\n  File \"D:\\repos\\python-cas@python-cas__5697dcc5__requests__aiohttp\\.venv\\Lib\\site-packages\\_pytest\\unraisableexception.py\", line 70, in unraisable_exception_runtest_hook\n    yield\n  File \"D:\\repos\\python-cas@python-cas__5697dcc5__requests__aiohttp\\.venv\\Lib\\site-packages\\pluggy\\_callers.py\", line 167, in _multicall\n    teardown.throw(outcome._exception)\n  File \"D:\\repos\\python-cas@python-cas__5697dcc5__requests__aiohttp\\.venv\\Lib\\site-packages\\_pytest\\logging.py\", line 846, in pytest_runtest_call\n    yield from self._runtest_for(item, \"call\")\n  File \"D:\\repos\\python-cas@python-cas__5697dcc5__requests__aiohttp\\.venv\\Lib\\site-packages\\_pytest\\logging.py\", line 829, in _runtest_for\n    yield\n  File \"D:\\repos\\python-cas@python-cas__5697dcc5__requests__aiohttp\\.venv\\Lib\\site-packages\\pluggy\\_callers.py\", line 167, in _multicall\n    teardown.throw(outcome._exception)\n  File \"D:\\repos\\python-cas@python-cas__5697dcc5__requests__aiohttp\\.venv\\Lib\\site-packages\\_pytest\\capture.py\", line 898, in pytest_runtest_call\n    return (yield)\n            ^^^^^\n  File \"D:\\repos\\python-cas@python-cas__5697dcc5__requests__aiohttp\\.venv\\Lib\\site-packages\\pluggy\\_callers.py\", line 167, in _multicall\n    teardown.throw(outcome._exception)\n  File \"D:\\repos\\python-cas@python-cas__5697dcc5__requests__aiohttp\\.venv\\Lib\\site-packages\\_pytest\\skipping.py\", line 257, in pytest_runtest_call\n    return (yield)\n            ^^^^^\n  File \"D:\\repos\\python-cas@python-cas__5697dcc5__requests__aiohttp\\.venv\\Lib\\site-packages\\pluggy\\_callers.py\", line 103, in _multicall\n    res = hook_impl.function(*args)\n          ^^^^^^^^^^^^^^^^^^^^^^^^^\n  File \"D:\\repos\\python-cas@python-cas__5697dcc5__requests__aiohttp\\.venv\\Lib\\site-packages\\_pytest\\runner.py\", line 174, in pytest_runtest_call\n    item.runtest()\n  File \"D:\\repos\\python-cas@python-cas__5697dcc5__requests__aiohttp\\.venv\\Lib\\site-packages\\_pytest\\python.py\", line 1627, in runtest\n    self.ihook.pytest_pyfunc_call(pyfuncitem=self)\n  File \"D:\\repos\\python-cas@python-cas__5697dcc5__requests__aiohttp\\.venv\\Lib\\site-packages\\pluggy\\_hooks.py\", line 513, in __call__\n    return self._hookexec(self.name, self._hookimpls.copy(), kwargs, firstresult)\n           ^^^^^^^^^^^^^^^^^^^^^^^^^^^^^^^^^^^^^^^^^^^^^^^^^^^^^^^^^^^^^^^^^^^^^^\n  File \"D:\\repos\\python-cas@python-cas__5697dcc5__requests__aiohttp\\.venv\\Lib\\site-packages\\pluggy\\_manager.py\", line 120, in _hookexec\n    return self._inner_hookexec(hook_name, methods, kwargs, firstresult)\n           ^^^^^^^^^^^^^^^^^^^^^^^^^^^^^^^^^^^^^^^^^^^^^^^^^^^^^^^^^^^^^\n  File \"D:\\repos\\python-cas@python-cas__5697dcc5__requests__aiohttp\\.venv\\Lib\\site-packages\\pluggy\\_callers.py\", line 139, in _multicall\n    raise exception.with_traceback(exception.__traceback__)\n  File \"D:\\repos\\python-cas@python-cas__5697dcc5__requests__aiohttp\\.venv\\Lib\\site-packages\\pluggy\\_callers.py\", line 103, in _multicall\n    res = hook_impl.function(*args)\n          ^^^^^^^^^^^^^^^^^^^^^^^^^\n  File \"D:\\repos\\python-cas@python-cas__5697dcc5__requests__aiohttp\\.venv\\Lib\\site-packages\\_pytest\\python.py\", line 159, in pytest_pyfunc_call\n    result = testfunction(**testargs)\n             ^^^^^^^^^^^^^^^^^^^^^^^^\n  File \"D:\\repos\\python-cas@python-cas__5697dcc5__requests__aiohttp\\tests\\test_cas.py\", line 202, in test_v3_custom_session\n    client = cas.CASClient(\n             ^^^^^^^^^^^^^^\n  File \"D:\\repos\\python-cas@python-cas__5697dcc5__requests__aiohttp\\cas.py\", line 61, in __new__\n    return CASClientV3(*args, **kwargs)\n           ^^^^^^^^^^^\nNameError: name 'CASClientV3' is not defined. Did you mean: 'CASClientV1'?"
      },
      "teardown": {
        "outcome": "passed"
      }
    },
    {
      "nodeid": "tests/test_cas.py::test_cas2_jasig_attributes",
      "lineno": 222,
      "outcome": "error",
      "keywords": [
        "test_cas2_jasig_attributes",
        "test_cas.py",
        "tests",
        "python-cas@python-cas__5697dcc5__requests__aiohttp",
        ""
      ],
      "setup": {
        "outcome": "failed",
        "crash": {
          "path": "D:\\repos\\python-cas@python-cas__5697dcc5__requests__aiohttp\\tests\\test_cas.py",
          "lineno": 217,
          "message": "AttributeError: module 'cas' has no attribute 'CASClientV2'. Did you mean: 'CASClientV1'?"
        },
        "longrepr": "Traceback (most recent call last):\n  File \"D:\\repos\\python-cas@python-cas__5697dcc5__requests__aiohttp\\.venv\\Lib\\site-packages\\_pytest\\runner.py\", line 341, in from_call\n    result: TResult | None = func()\n                             ^^^^^^\n  File \"D:\\repos\\python-cas@python-cas__5697dcc5__requests__aiohttp\\.venv\\Lib\\site-packages\\_pytest\\runner.py\", line 242, in <lambda>\n    lambda: runtest_hook(item=item, **kwds), when=when, reraise=reraise\n            ^^^^^^^^^^^^^^^^^^^^^^^^^^^^^^^\n  File \"D:\\repos\\python-cas@python-cas__5697dcc5__requests__aiohttp\\.venv\\Lib\\site-packages\\pluggy\\_hooks.py\", line 513, in __call__\n    return self._hookexec(self.name, self._hookimpls.copy(), kwargs, firstresult)\n           ^^^^^^^^^^^^^^^^^^^^^^^^^^^^^^^^^^^^^^^^^^^^^^^^^^^^^^^^^^^^^^^^^^^^^^\n  File \"D:\\repos\\python-cas@python-cas__5697dcc5__requests__aiohttp\\.venv\\Lib\\site-packages\\pluggy\\_manager.py\", line 120, in _hookexec\n    return self._inner_hookexec(hook_name, methods, kwargs, firstresult)\n           ^^^^^^^^^^^^^^^^^^^^^^^^^^^^^^^^^^^^^^^^^^^^^^^^^^^^^^^^^^^^^\n  File \"D:\\repos\\python-cas@python-cas__5697dcc5__requests__aiohttp\\.venv\\Lib\\site-packages\\pluggy\\_callers.py\", line 182, in _multicall\n    return outcome.get_result()\n           ^^^^^^^^^^^^^^^^^^^^\n  File \"D:\\repos\\python-cas@python-cas__5697dcc5__requests__aiohttp\\.venv\\Lib\\site-packages\\pluggy\\_result.py\", line 100, in get_result\n    raise exc.with_traceback(exc.__traceback__)\n  File \"D:\\repos\\python-cas@python-cas__5697dcc5__requests__aiohttp\\.venv\\Lib\\site-packages\\pluggy\\_callers.py\", line 167, in _multicall\n    teardown.throw(outcome._exception)\n  File \"D:\\repos\\python-cas@python-cas__5697dcc5__requests__aiohttp\\.venv\\Lib\\site-packages\\_pytest\\unraisableexception.py\", line 90, in pytest_runtest_setup\n    yield from unraisable_exception_runtest_hook()\n  File \"D:\\repos\\python-cas@python-cas__5697dcc5__requests__aiohttp\\.venv\\Lib\\site-packages\\_pytest\\unraisableexception.py\", line 70, in unraisable_exception_runtest_hook\n    yield\n  File \"D:\\repos\\python-cas@python-cas__5697dcc5__requests__aiohttp\\.venv\\Lib\\site-packages\\pluggy\\_callers.py\", line 167, in _multicall\n    teardown.throw(outcome._exception)\n  File \"D:\\repos\\python-cas@python-cas__5697dcc5__requests__aiohttp\\.venv\\Lib\\site-packages\\_pytest\\logging.py\", line 840, in pytest_runtest_setup\n    yield from self._runtest_for(item, \"setup\")\n  File \"D:\\repos\\python-cas@python-cas__5697dcc5__requests__aiohttp\\.venv\\Lib\\site-packages\\_pytest\\logging.py\", line 829, in _runtest_for\n    yield\n  File \"D:\\repos\\python-cas@python-cas__5697dcc5__requests__aiohttp\\.venv\\Lib\\site-packages\\pluggy\\_callers.py\", line 167, in _multicall\n    teardown.throw(outcome._exception)\n  File \"D:\\repos\\python-cas@python-cas__5697dcc5__requests__aiohttp\\.venv\\Lib\\site-packages\\_pytest\\capture.py\", line 893, in pytest_runtest_setup\n    return (yield)\n            ^^^^^\n  File \"D:\\repos\\python-cas@python-cas__5697dcc5__requests__aiohttp\\.venv\\Lib\\site-packages\\pluggy\\_callers.py\", line 167, in _multicall\n    teardown.throw(outcome._exception)\n  File \"D:\\repos\\python-cas@python-cas__5697dcc5__requests__aiohttp\\.venv\\Lib\\site-packages\\_pytest\\threadexception.py\", line 87, in pytest_runtest_setup\n    yield from thread_exception_runtest_hook()\n  File \"D:\\repos\\python-cas@python-cas__5697dcc5__requests__aiohttp\\.venv\\Lib\\site-packages\\_pytest\\threadexception.py\", line 68, in thread_exception_runtest_hook\n    yield\n  File \"D:\\repos\\python-cas@python-cas__5697dcc5__requests__aiohttp\\.venv\\Lib\\site-packages\\pluggy\\_callers.py\", line 103, in _multicall\n    res = hook_impl.function(*args)\n          ^^^^^^^^^^^^^^^^^^^^^^^^^\n  File \"D:\\repos\\python-cas@python-cas__5697dcc5__requests__aiohttp\\.venv\\Lib\\site-packages\\_pytest\\runner.py\", line 160, in pytest_runtest_setup\n    item.session._setupstate.setup(item)\n  File \"D:\\repos\\python-cas@python-cas__5697dcc5__requests__aiohttp\\.venv\\Lib\\site-packages\\_pytest\\runner.py\", line 514, in setup\n    col.setup()\n  File \"D:\\repos\\python-cas@python-cas__5697dcc5__requests__aiohttp\\.venv\\Lib\\site-packages\\_pytest\\python.py\", line 1630, in setup\n    self._request._fillfixtures()\n  File \"D:\\repos\\python-cas@python-cas__5697dcc5__requests__aiohttp\\.venv\\Lib\\site-packages\\_pytest\\fixtures.py\", line 697, in _fillfixtures\n    item.funcargs[argname] = self.getfixturevalue(argname)\n                             ^^^^^^^^^^^^^^^^^^^^^^^^^^^^^\n  File \"D:\\repos\\python-cas@python-cas__5697dcc5__requests__aiohttp\\.venv\\Lib\\site-packages\\_pytest\\fixtures.py\", line 532, in getfixturevalue\n    fixturedef = self._get_active_fixturedef(argname)\n                 ^^^^^^^^^^^^^^^^^^^^^^^^^^^^^^^^^^^^\n  File \"D:\\repos\\python-cas@python-cas__5697dcc5__requests__aiohttp\\.venv\\Lib\\site-packages\\_pytest\\fixtures.py\", line 617, in _get_active_fixturedef\n    fixturedef.execute(request=subrequest)\n  File \"D:\\repos\\python-cas@python-cas__5697dcc5__requests__aiohttp\\.venv\\Lib\\site-packages\\_pytest\\fixtures.py\", line 1091, in execute\n    result = ihook.pytest_fixture_setup(fixturedef=self, request=request)\n             ^^^^^^^^^^^^^^^^^^^^^^^^^^^^^^^^^^^^^^^^^^^^^^^^^^^^^^^^^^^^\n  File \"D:\\repos\\python-cas@python-cas__5697dcc5__requests__aiohttp\\.venv\\Lib\\site-packages\\pluggy\\_hooks.py\", line 513, in __call__\n    return self._hookexec(self.name, self._hookimpls.copy(), kwargs, firstresult)\n           ^^^^^^^^^^^^^^^^^^^^^^^^^^^^^^^^^^^^^^^^^^^^^^^^^^^^^^^^^^^^^^^^^^^^^^\n  File \"D:\\repos\\python-cas@python-cas__5697dcc5__requests__aiohttp\\.venv\\Lib\\site-packages\\pluggy\\_manager.py\", line 120, in _hookexec\n    return self._inner_hookexec(hook_name, methods, kwargs, firstresult)\n           ^^^^^^^^^^^^^^^^^^^^^^^^^^^^^^^^^^^^^^^^^^^^^^^^^^^^^^^^^^^^^\n  File \"D:\\repos\\python-cas@python-cas__5697dcc5__requests__aiohttp\\.venv\\Lib\\site-packages\\pluggy\\_callers.py\", line 139, in _multicall\n    raise exception.with_traceback(exception.__traceback__)\n  File \"D:\\repos\\python-cas@python-cas__5697dcc5__requests__aiohttp\\.venv\\Lib\\site-packages\\pluggy\\_callers.py\", line 122, in _multicall\n    teardown.throw(exception)  # type: ignore[union-attr]\n    ^^^^^^^^^^^^^^^^^^^^^^^^^\n  File \"D:\\repos\\python-cas@python-cas__5697dcc5__requests__aiohttp\\.venv\\Lib\\site-packages\\_pytest\\setuponly.py\", line 36, in pytest_fixture_setup\n    return (yield)\n            ^^^^^\n  File \"D:\\repos\\python-cas@python-cas__5697dcc5__requests__aiohttp\\.venv\\Lib\\site-packages\\pluggy\\_callers.py\", line 103, in _multicall\n    res = hook_impl.function(*args)\n          ^^^^^^^^^^^^^^^^^^^^^^^^^\n  File \"D:\\repos\\python-cas@python-cas__5697dcc5__requests__aiohttp\\.venv\\Lib\\site-packages\\_pytest\\fixtures.py\", line 1140, in pytest_fixture_setup\n    result = call_fixture_func(fixturefunc, request, kwargs)\n             ^^^^^^^^^^^^^^^^^^^^^^^^^^^^^^^^^^^^^^^^^^^^^^^\n  File \"D:\\repos\\python-cas@python-cas__5697dcc5__requests__aiohttp\\.venv\\Lib\\site-packages\\_pytest\\fixtures.py\", line 898, in call_fixture_func\n    fixture_result = fixturefunc(**kwargs)\n                     ^^^^^^^^^^^^^^^^^^^^^\n  File \"D:\\repos\\python-cas@python-cas__5697dcc5__requests__aiohttp\\tests\\test_cas.py\", line 217, in client_v2\n    return cas.CASClientV2()\n           ^^^^^^^^^^^^^^^\nAttributeError: module 'cas' has no attribute 'CASClientV2'. Did you mean: 'CASClientV1'?"
      },
      "teardown": {
        "outcome": "passed"
      }
    },
    {
      "nodeid": "tests/test_cas.py::test_cas2_non_standard_user_node",
      "lineno": 234,
      "outcome": "error",
      "keywords": [
        "test_cas2_non_standard_user_node",
        "test_cas.py",
        "tests",
        "python-cas@python-cas__5697dcc5__requests__aiohttp",
        ""
      ],
      "setup": {
        "outcome": "failed",
        "crash": {
          "path": "D:\\repos\\python-cas@python-cas__5697dcc5__requests__aiohttp\\tests\\test_cas.py",
          "lineno": 217,
          "message": "AttributeError: module 'cas' has no attribute 'CASClientV2'. Did you mean: 'CASClientV1'?"
        },
        "longrepr": "Traceback (most recent call last):\n  File \"D:\\repos\\python-cas@python-cas__5697dcc5__requests__aiohttp\\.venv\\Lib\\site-packages\\_pytest\\runner.py\", line 341, in from_call\n    result: TResult | None = func()\n                             ^^^^^^\n  File \"D:\\repos\\python-cas@python-cas__5697dcc5__requests__aiohttp\\.venv\\Lib\\site-packages\\_pytest\\runner.py\", line 242, in <lambda>\n    lambda: runtest_hook(item=item, **kwds), when=when, reraise=reraise\n            ^^^^^^^^^^^^^^^^^^^^^^^^^^^^^^^\n  File \"D:\\repos\\python-cas@python-cas__5697dcc5__requests__aiohttp\\.venv\\Lib\\site-packages\\pluggy\\_hooks.py\", line 513, in __call__\n    return self._hookexec(self.name, self._hookimpls.copy(), kwargs, firstresult)\n           ^^^^^^^^^^^^^^^^^^^^^^^^^^^^^^^^^^^^^^^^^^^^^^^^^^^^^^^^^^^^^^^^^^^^^^\n  File \"D:\\repos\\python-cas@python-cas__5697dcc5__requests__aiohttp\\.venv\\Lib\\site-packages\\pluggy\\_manager.py\", line 120, in _hookexec\n    return self._inner_hookexec(hook_name, methods, kwargs, firstresult)\n           ^^^^^^^^^^^^^^^^^^^^^^^^^^^^^^^^^^^^^^^^^^^^^^^^^^^^^^^^^^^^^\n  File \"D:\\repos\\python-cas@python-cas__5697dcc5__requests__aiohttp\\.venv\\Lib\\site-packages\\pluggy\\_callers.py\", line 182, in _multicall\n    return outcome.get_result()\n           ^^^^^^^^^^^^^^^^^^^^\n  File \"D:\\repos\\python-cas@python-cas__5697dcc5__requests__aiohttp\\.venv\\Lib\\site-packages\\pluggy\\_result.py\", line 100, in get_result\n    raise exc.with_traceback(exc.__traceback__)\n  File \"D:\\repos\\python-cas@python-cas__5697dcc5__requests__aiohttp\\.venv\\Lib\\site-packages\\pluggy\\_callers.py\", line 167, in _multicall\n    teardown.throw(outcome._exception)\n  File \"D:\\repos\\python-cas@python-cas__5697dcc5__requests__aiohttp\\.venv\\Lib\\site-packages\\_pytest\\unraisableexception.py\", line 90, in pytest_runtest_setup\n    yield from unraisable_exception_runtest_hook()\n  File \"D:\\repos\\python-cas@python-cas__5697dcc5__requests__aiohttp\\.venv\\Lib\\site-packages\\_pytest\\unraisableexception.py\", line 70, in unraisable_exception_runtest_hook\n    yield\n  File \"D:\\repos\\python-cas@python-cas__5697dcc5__requests__aiohttp\\.venv\\Lib\\site-packages\\pluggy\\_callers.py\", line 167, in _multicall\n    teardown.throw(outcome._exception)\n  File \"D:\\repos\\python-cas@python-cas__5697dcc5__requests__aiohttp\\.venv\\Lib\\site-packages\\_pytest\\logging.py\", line 840, in pytest_runtest_setup\n    yield from self._runtest_for(item, \"setup\")\n  File \"D:\\repos\\python-cas@python-cas__5697dcc5__requests__aiohttp\\.venv\\Lib\\site-packages\\_pytest\\logging.py\", line 829, in _runtest_for\n    yield\n  File \"D:\\repos\\python-cas@python-cas__5697dcc5__requests__aiohttp\\.venv\\Lib\\site-packages\\pluggy\\_callers.py\", line 167, in _multicall\n    teardown.throw(outcome._exception)\n  File \"D:\\repos\\python-cas@python-cas__5697dcc5__requests__aiohttp\\.venv\\Lib\\site-packages\\_pytest\\capture.py\", line 893, in pytest_runtest_setup\n    return (yield)\n            ^^^^^\n  File \"D:\\repos\\python-cas@python-cas__5697dcc5__requests__aiohttp\\.venv\\Lib\\site-packages\\pluggy\\_callers.py\", line 167, in _multicall\n    teardown.throw(outcome._exception)\n  File \"D:\\repos\\python-cas@python-cas__5697dcc5__requests__aiohttp\\.venv\\Lib\\site-packages\\_pytest\\threadexception.py\", line 87, in pytest_runtest_setup\n    yield from thread_exception_runtest_hook()\n  File \"D:\\repos\\python-cas@python-cas__5697dcc5__requests__aiohttp\\.venv\\Lib\\site-packages\\_pytest\\threadexception.py\", line 68, in thread_exception_runtest_hook\n    yield\n  File \"D:\\repos\\python-cas@python-cas__5697dcc5__requests__aiohttp\\.venv\\Lib\\site-packages\\pluggy\\_callers.py\", line 103, in _multicall\n    res = hook_impl.function(*args)\n          ^^^^^^^^^^^^^^^^^^^^^^^^^\n  File \"D:\\repos\\python-cas@python-cas__5697dcc5__requests__aiohttp\\.venv\\Lib\\site-packages\\_pytest\\runner.py\", line 160, in pytest_runtest_setup\n    item.session._setupstate.setup(item)\n  File \"D:\\repos\\python-cas@python-cas__5697dcc5__requests__aiohttp\\.venv\\Lib\\site-packages\\_pytest\\runner.py\", line 514, in setup\n    col.setup()\n  File \"D:\\repos\\python-cas@python-cas__5697dcc5__requests__aiohttp\\.venv\\Lib\\site-packages\\_pytest\\python.py\", line 1630, in setup\n    self._request._fillfixtures()\n  File \"D:\\repos\\python-cas@python-cas__5697dcc5__requests__aiohttp\\.venv\\Lib\\site-packages\\_pytest\\fixtures.py\", line 697, in _fillfixtures\n    item.funcargs[argname] = self.getfixturevalue(argname)\n                             ^^^^^^^^^^^^^^^^^^^^^^^^^^^^^\n  File \"D:\\repos\\python-cas@python-cas__5697dcc5__requests__aiohttp\\.venv\\Lib\\site-packages\\_pytest\\fixtures.py\", line 532, in getfixturevalue\n    fixturedef = self._get_active_fixturedef(argname)\n                 ^^^^^^^^^^^^^^^^^^^^^^^^^^^^^^^^^^^^\n  File \"D:\\repos\\python-cas@python-cas__5697dcc5__requests__aiohttp\\.venv\\Lib\\site-packages\\_pytest\\fixtures.py\", line 617, in _get_active_fixturedef\n    fixturedef.execute(request=subrequest)\n  File \"D:\\repos\\python-cas@python-cas__5697dcc5__requests__aiohttp\\.venv\\Lib\\site-packages\\_pytest\\fixtures.py\", line 1091, in execute\n    result = ihook.pytest_fixture_setup(fixturedef=self, request=request)\n             ^^^^^^^^^^^^^^^^^^^^^^^^^^^^^^^^^^^^^^^^^^^^^^^^^^^^^^^^^^^^\n  File \"D:\\repos\\python-cas@python-cas__5697dcc5__requests__aiohttp\\.venv\\Lib\\site-packages\\pluggy\\_hooks.py\", line 513, in __call__\n    return self._hookexec(self.name, self._hookimpls.copy(), kwargs, firstresult)\n           ^^^^^^^^^^^^^^^^^^^^^^^^^^^^^^^^^^^^^^^^^^^^^^^^^^^^^^^^^^^^^^^^^^^^^^\n  File \"D:\\repos\\python-cas@python-cas__5697dcc5__requests__aiohttp\\.venv\\Lib\\site-packages\\pluggy\\_manager.py\", line 120, in _hookexec\n    return self._inner_hookexec(hook_name, methods, kwargs, firstresult)\n           ^^^^^^^^^^^^^^^^^^^^^^^^^^^^^^^^^^^^^^^^^^^^^^^^^^^^^^^^^^^^^\n  File \"D:\\repos\\python-cas@python-cas__5697dcc5__requests__aiohttp\\.venv\\Lib\\site-packages\\pluggy\\_callers.py\", line 139, in _multicall\n    raise exception.with_traceback(exception.__traceback__)\n  File \"D:\\repos\\python-cas@python-cas__5697dcc5__requests__aiohttp\\.venv\\Lib\\site-packages\\pluggy\\_callers.py\", line 122, in _multicall\n    teardown.throw(exception)  # type: ignore[union-attr]\n    ^^^^^^^^^^^^^^^^^^^^^^^^^\n  File \"D:\\repos\\python-cas@python-cas__5697dcc5__requests__aiohttp\\.venv\\Lib\\site-packages\\_pytest\\setuponly.py\", line 36, in pytest_fixture_setup\n    return (yield)\n            ^^^^^\n  File \"D:\\repos\\python-cas@python-cas__5697dcc5__requests__aiohttp\\.venv\\Lib\\site-packages\\pluggy\\_callers.py\", line 103, in _multicall\n    res = hook_impl.function(*args)\n          ^^^^^^^^^^^^^^^^^^^^^^^^^\n  File \"D:\\repos\\python-cas@python-cas__5697dcc5__requests__aiohttp\\.venv\\Lib\\site-packages\\_pytest\\fixtures.py\", line 1140, in pytest_fixture_setup\n    result = call_fixture_func(fixturefunc, request, kwargs)\n             ^^^^^^^^^^^^^^^^^^^^^^^^^^^^^^^^^^^^^^^^^^^^^^^\n  File \"D:\\repos\\python-cas@python-cas__5697dcc5__requests__aiohttp\\.venv\\Lib\\site-packages\\_pytest\\fixtures.py\", line 898, in call_fixture_func\n    fixture_result = fixturefunc(**kwargs)\n                     ^^^^^^^^^^^^^^^^^^^^^\n  File \"D:\\repos\\python-cas@python-cas__5697dcc5__requests__aiohttp\\tests\\test_cas.py\", line 217, in client_v2\n    return cas.CASClientV2()\n           ^^^^^^^^^^^^^^^\nAttributeError: module 'cas' has no attribute 'CASClientV2'. Did you mean: 'CASClientV1'?"
      },
      "teardown": {
        "outcome": "passed"
      }
    },
    {
      "nodeid": "tests/test_cas.py::test_unsupported_protocol_version",
      "lineno": 239,
      "outcome": "passed",
      "keywords": [
        "test_unsupported_protocol_version",
        "test_cas.py",
        "tests",
        "python-cas@python-cas__5697dcc5__requests__aiohttp",
        ""
      ],
      "setup": {
        "outcome": "passed"
      },
      "call": {
        "outcome": "passed"
      },
      "teardown": {
        "outcome": "passed"
      }
    },
    {
      "nodeid": "tests/test_cas.py::test_verify_logout_request_invalid_parameters",
      "lineno": 243,
      "outcome": "failed",
      "keywords": [
        "test_verify_logout_request_invalid_parameters",
        "test_cas.py",
        "tests",
        "python-cas@python-cas__5697dcc5__requests__aiohttp",
        ""
      ],
      "setup": {
        "outcome": "passed"
      },
      "call": {
        "outcome": "failed",
        "crash": {
          "path": "D:\\repos\\python-cas@python-cas__5697dcc5__requests__aiohttp\\tests\\test_cas.py",
          "lineno": 245,
          "message": "AttributeError: module 'cas' has no attribute 'CASClientWithSAMLV1'"
        },
        "longrepr": "Traceback (most recent call last):\n  File \"D:\\repos\\python-cas@python-cas__5697dcc5__requests__aiohttp\\.venv\\Lib\\site-packages\\_pytest\\runner.py\", line 341, in from_call\n    result: TResult | None = func()\n                             ^^^^^^\n  File \"D:\\repos\\python-cas@python-cas__5697dcc5__requests__aiohttp\\.venv\\Lib\\site-packages\\_pytest\\runner.py\", line 242, in <lambda>\n    lambda: runtest_hook(item=item, **kwds), when=when, reraise=reraise\n            ^^^^^^^^^^^^^^^^^^^^^^^^^^^^^^^\n  File \"D:\\repos\\python-cas@python-cas__5697dcc5__requests__aiohttp\\.venv\\Lib\\site-packages\\pluggy\\_hooks.py\", line 513, in __call__\n    return self._hookexec(self.name, self._hookimpls.copy(), kwargs, firstresult)\n           ^^^^^^^^^^^^^^^^^^^^^^^^^^^^^^^^^^^^^^^^^^^^^^^^^^^^^^^^^^^^^^^^^^^^^^\n  File \"D:\\repos\\python-cas@python-cas__5697dcc5__requests__aiohttp\\.venv\\Lib\\site-packages\\pluggy\\_manager.py\", line 120, in _hookexec\n    return self._inner_hookexec(hook_name, methods, kwargs, firstresult)\n           ^^^^^^^^^^^^^^^^^^^^^^^^^^^^^^^^^^^^^^^^^^^^^^^^^^^^^^^^^^^^^\n  File \"D:\\repos\\python-cas@python-cas__5697dcc5__requests__aiohttp\\.venv\\Lib\\site-packages\\pluggy\\_callers.py\", line 182, in _multicall\n    return outcome.get_result()\n           ^^^^^^^^^^^^^^^^^^^^\n  File \"D:\\repos\\python-cas@python-cas__5697dcc5__requests__aiohttp\\.venv\\Lib\\site-packages\\pluggy\\_result.py\", line 100, in get_result\n    raise exc.with_traceback(exc.__traceback__)\n  File \"D:\\repos\\python-cas@python-cas__5697dcc5__requests__aiohttp\\.venv\\Lib\\site-packages\\pluggy\\_callers.py\", line 167, in _multicall\n    teardown.throw(outcome._exception)\n  File \"D:\\repos\\python-cas@python-cas__5697dcc5__requests__aiohttp\\.venv\\Lib\\site-packages\\_pytest\\threadexception.py\", line 92, in pytest_runtest_call\n    yield from thread_exception_runtest_hook()\n  File \"D:\\repos\\python-cas@python-cas__5697dcc5__requests__aiohttp\\.venv\\Lib\\site-packages\\_pytest\\threadexception.py\", line 68, in thread_exception_runtest_hook\n    yield\n  File \"D:\\repos\\python-cas@python-cas__5697dcc5__requests__aiohttp\\.venv\\Lib\\site-packages\\pluggy\\_callers.py\", line 167, in _multicall\n    teardown.throw(outcome._exception)\n  File \"D:\\repos\\python-cas@python-cas__5697dcc5__requests__aiohttp\\.venv\\Lib\\site-packages\\_pytest\\unraisableexception.py\", line 95, in pytest_runtest_call\n    yield from unraisable_exception_runtest_hook()\n  File \"D:\\repos\\python-cas@python-cas__5697dcc5__requests__aiohttp\\.venv\\Lib\\site-packages\\_pytest\\unraisableexception.py\", line 70, in unraisable_exception_runtest_hook\n    yield\n  File \"D:\\repos\\python-cas@python-cas__5697dcc5__requests__aiohttp\\.venv\\Lib\\site-packages\\pluggy\\_callers.py\", line 167, in _multicall\n    teardown.throw(outcome._exception)\n  File \"D:\\repos\\python-cas@python-cas__5697dcc5__requests__aiohttp\\.venv\\Lib\\site-packages\\_pytest\\logging.py\", line 846, in pytest_runtest_call\n    yield from self._runtest_for(item, \"call\")\n  File \"D:\\repos\\python-cas@python-cas__5697dcc5__requests__aiohttp\\.venv\\Lib\\site-packages\\_pytest\\logging.py\", line 829, in _runtest_for\n    yield\n  File \"D:\\repos\\python-cas@python-cas__5697dcc5__requests__aiohttp\\.venv\\Lib\\site-packages\\pluggy\\_callers.py\", line 167, in _multicall\n    teardown.throw(outcome._exception)\n  File \"D:\\repos\\python-cas@python-cas__5697dcc5__requests__aiohttp\\.venv\\Lib\\site-packages\\_pytest\\capture.py\", line 898, in pytest_runtest_call\n    return (yield)\n            ^^^^^\n  File \"D:\\repos\\python-cas@python-cas__5697dcc5__requests__aiohttp\\.venv\\Lib\\site-packages\\pluggy\\_callers.py\", line 167, in _multicall\n    teardown.throw(outcome._exception)\n  File \"D:\\repos\\python-cas@python-cas__5697dcc5__requests__aiohttp\\.venv\\Lib\\site-packages\\_pytest\\skipping.py\", line 257, in pytest_runtest_call\n    return (yield)\n            ^^^^^\n  File \"D:\\repos\\python-cas@python-cas__5697dcc5__requests__aiohttp\\.venv\\Lib\\site-packages\\pluggy\\_callers.py\", line 103, in _multicall\n    res = hook_impl.function(*args)\n          ^^^^^^^^^^^^^^^^^^^^^^^^^\n  File \"D:\\repos\\python-cas@python-cas__5697dcc5__requests__aiohttp\\.venv\\Lib\\site-packages\\_pytest\\runner.py\", line 174, in pytest_runtest_call\n    item.runtest()\n  File \"D:\\repos\\python-cas@python-cas__5697dcc5__requests__aiohttp\\.venv\\Lib\\site-packages\\_pytest\\python.py\", line 1627, in runtest\n    self.ihook.pytest_pyfunc_call(pyfuncitem=self)\n  File \"D:\\repos\\python-cas@python-cas__5697dcc5__requests__aiohttp\\.venv\\Lib\\site-packages\\pluggy\\_hooks.py\", line 513, in __call__\n    return self._hookexec(self.name, self._hookimpls.copy(), kwargs, firstresult)\n           ^^^^^^^^^^^^^^^^^^^^^^^^^^^^^^^^^^^^^^^^^^^^^^^^^^^^^^^^^^^^^^^^^^^^^^\n  File \"D:\\repos\\python-cas@python-cas__5697dcc5__requests__aiohttp\\.venv\\Lib\\site-packages\\pluggy\\_manager.py\", line 120, in _hookexec\n    return self._inner_hookexec(hook_name, methods, kwargs, firstresult)\n           ^^^^^^^^^^^^^^^^^^^^^^^^^^^^^^^^^^^^^^^^^^^^^^^^^^^^^^^^^^^^^\n  File \"D:\\repos\\python-cas@python-cas__5697dcc5__requests__aiohttp\\.venv\\Lib\\site-packages\\pluggy\\_callers.py\", line 139, in _multicall\n    raise exception.with_traceback(exception.__traceback__)\n  File \"D:\\repos\\python-cas@python-cas__5697dcc5__requests__aiohttp\\.venv\\Lib\\site-packages\\pluggy\\_callers.py\", line 103, in _multicall\n    res = hook_impl.function(*args)\n          ^^^^^^^^^^^^^^^^^^^^^^^^^\n  File \"D:\\repos\\python-cas@python-cas__5697dcc5__requests__aiohttp\\.venv\\Lib\\site-packages\\_pytest\\python.py\", line 159, in pytest_pyfunc_call\n    result = testfunction(**testargs)\n             ^^^^^^^^^^^^^^^^^^^^^^^^\n  File \"D:\\repos\\python-cas@python-cas__5697dcc5__requests__aiohttp\\tests\\test_cas.py\", line 245, in test_verify_logout_request_invalid_parameters\n    client = cas.CASClientWithSAMLV1()\n             ^^^^^^^^^^^^^^^^^^^^^^^\nAttributeError: module 'cas' has no attribute 'CASClientWithSAMLV1'"
      },
      "teardown": {
        "outcome": "passed"
      }
    },
    {
      "nodeid": "tests/test_cas.py::test_verify_logout_request_success",
      "lineno": 247,
      "outcome": "failed",
      "keywords": [
        "test_verify_logout_request_success",
        "test_cas.py",
        "tests",
        "python-cas@python-cas__5697dcc5__requests__aiohttp",
        ""
      ],
      "setup": {
        "outcome": "passed"
      },
      "call": {
        "outcome": "failed",
        "crash": {
          "path": "D:\\repos\\python-cas@python-cas__5697dcc5__requests__aiohttp\\tests\\test_cas.py",
          "lineno": 249,
          "message": "AttributeError: module 'cas' has no attribute 'CASClientWithSAMLV1'"
        },
        "longrepr": "Traceback (most recent call last):\n  File \"D:\\repos\\python-cas@python-cas__5697dcc5__requests__aiohttp\\.venv\\Lib\\site-packages\\_pytest\\runner.py\", line 341, in from_call\n    result: TResult | None = func()\n                             ^^^^^^\n  File \"D:\\repos\\python-cas@python-cas__5697dcc5__requests__aiohttp\\.venv\\Lib\\site-packages\\_pytest\\runner.py\", line 242, in <lambda>\n    lambda: runtest_hook(item=item, **kwds), when=when, reraise=reraise\n            ^^^^^^^^^^^^^^^^^^^^^^^^^^^^^^^\n  File \"D:\\repos\\python-cas@python-cas__5697dcc5__requests__aiohttp\\.venv\\Lib\\site-packages\\pluggy\\_hooks.py\", line 513, in __call__\n    return self._hookexec(self.name, self._hookimpls.copy(), kwargs, firstresult)\n           ^^^^^^^^^^^^^^^^^^^^^^^^^^^^^^^^^^^^^^^^^^^^^^^^^^^^^^^^^^^^^^^^^^^^^^\n  File \"D:\\repos\\python-cas@python-cas__5697dcc5__requests__aiohttp\\.venv\\Lib\\site-packages\\pluggy\\_manager.py\", line 120, in _hookexec\n    return self._inner_hookexec(hook_name, methods, kwargs, firstresult)\n           ^^^^^^^^^^^^^^^^^^^^^^^^^^^^^^^^^^^^^^^^^^^^^^^^^^^^^^^^^^^^^\n  File \"D:\\repos\\python-cas@python-cas__5697dcc5__requests__aiohttp\\.venv\\Lib\\site-packages\\pluggy\\_callers.py\", line 182, in _multicall\n    return outcome.get_result()\n           ^^^^^^^^^^^^^^^^^^^^\n  File \"D:\\repos\\python-cas@python-cas__5697dcc5__requests__aiohttp\\.venv\\Lib\\site-packages\\pluggy\\_result.py\", line 100, in get_result\n    raise exc.with_traceback(exc.__traceback__)\n  File \"D:\\repos\\python-cas@python-cas__5697dcc5__requests__aiohttp\\.venv\\Lib\\site-packages\\pluggy\\_callers.py\", line 167, in _multicall\n    teardown.throw(outcome._exception)\n  File \"D:\\repos\\python-cas@python-cas__5697dcc5__requests__aiohttp\\.venv\\Lib\\site-packages\\_pytest\\threadexception.py\", line 92, in pytest_runtest_call\n    yield from thread_exception_runtest_hook()\n  File \"D:\\repos\\python-cas@python-cas__5697dcc5__requests__aiohttp\\.venv\\Lib\\site-packages\\_pytest\\threadexception.py\", line 68, in thread_exception_runtest_hook\n    yield\n  File \"D:\\repos\\python-cas@python-cas__5697dcc5__requests__aiohttp\\.venv\\Lib\\site-packages\\pluggy\\_callers.py\", line 167, in _multicall\n    teardown.throw(outcome._exception)\n  File \"D:\\repos\\python-cas@python-cas__5697dcc5__requests__aiohttp\\.venv\\Lib\\site-packages\\_pytest\\unraisableexception.py\", line 95, in pytest_runtest_call\n    yield from unraisable_exception_runtest_hook()\n  File \"D:\\repos\\python-cas@python-cas__5697dcc5__requests__aiohttp\\.venv\\Lib\\site-packages\\_pytest\\unraisableexception.py\", line 70, in unraisable_exception_runtest_hook\n    yield\n  File \"D:\\repos\\python-cas@python-cas__5697dcc5__requests__aiohttp\\.venv\\Lib\\site-packages\\pluggy\\_callers.py\", line 167, in _multicall\n    teardown.throw(outcome._exception)\n  File \"D:\\repos\\python-cas@python-cas__5697dcc5__requests__aiohttp\\.venv\\Lib\\site-packages\\_pytest\\logging.py\", line 846, in pytest_runtest_call\n    yield from self._runtest_for(item, \"call\")\n  File \"D:\\repos\\python-cas@python-cas__5697dcc5__requests__aiohttp\\.venv\\Lib\\site-packages\\_pytest\\logging.py\", line 829, in _runtest_for\n    yield\n  File \"D:\\repos\\python-cas@python-cas__5697dcc5__requests__aiohttp\\.venv\\Lib\\site-packages\\pluggy\\_callers.py\", line 167, in _multicall\n    teardown.throw(outcome._exception)\n  File \"D:\\repos\\python-cas@python-cas__5697dcc5__requests__aiohttp\\.venv\\Lib\\site-packages\\_pytest\\capture.py\", line 898, in pytest_runtest_call\n    return (yield)\n            ^^^^^\n  File \"D:\\repos\\python-cas@python-cas__5697dcc5__requests__aiohttp\\.venv\\Lib\\site-packages\\pluggy\\_callers.py\", line 167, in _multicall\n    teardown.throw(outcome._exception)\n  File \"D:\\repos\\python-cas@python-cas__5697dcc5__requests__aiohttp\\.venv\\Lib\\site-packages\\_pytest\\skipping.py\", line 257, in pytest_runtest_call\n    return (yield)\n            ^^^^^\n  File \"D:\\repos\\python-cas@python-cas__5697dcc5__requests__aiohttp\\.venv\\Lib\\site-packages\\pluggy\\_callers.py\", line 103, in _multicall\n    res = hook_impl.function(*args)\n          ^^^^^^^^^^^^^^^^^^^^^^^^^\n  File \"D:\\repos\\python-cas@python-cas__5697dcc5__requests__aiohttp\\.venv\\Lib\\site-packages\\_pytest\\runner.py\", line 174, in pytest_runtest_call\n    item.runtest()\n  File \"D:\\repos\\python-cas@python-cas__5697dcc5__requests__aiohttp\\.venv\\Lib\\site-packages\\_pytest\\python.py\", line 1627, in runtest\n    self.ihook.pytest_pyfunc_call(pyfuncitem=self)\n  File \"D:\\repos\\python-cas@python-cas__5697dcc5__requests__aiohttp\\.venv\\Lib\\site-packages\\pluggy\\_hooks.py\", line 513, in __call__\n    return self._hookexec(self.name, self._hookimpls.copy(), kwargs, firstresult)\n           ^^^^^^^^^^^^^^^^^^^^^^^^^^^^^^^^^^^^^^^^^^^^^^^^^^^^^^^^^^^^^^^^^^^^^^\n  File \"D:\\repos\\python-cas@python-cas__5697dcc5__requests__aiohttp\\.venv\\Lib\\site-packages\\pluggy\\_manager.py\", line 120, in _hookexec\n    return self._inner_hookexec(hook_name, methods, kwargs, firstresult)\n           ^^^^^^^^^^^^^^^^^^^^^^^^^^^^^^^^^^^^^^^^^^^^^^^^^^^^^^^^^^^^^\n  File \"D:\\repos\\python-cas@python-cas__5697dcc5__requests__aiohttp\\.venv\\Lib\\site-packages\\pluggy\\_callers.py\", line 139, in _multicall\n    raise exception.with_traceback(exception.__traceback__)\n  File \"D:\\repos\\python-cas@python-cas__5697dcc5__requests__aiohttp\\.venv\\Lib\\site-packages\\pluggy\\_callers.py\", line 103, in _multicall\n    res = hook_impl.function(*args)\n          ^^^^^^^^^^^^^^^^^^^^^^^^^\n  File \"D:\\repos\\python-cas@python-cas__5697dcc5__requests__aiohttp\\.venv\\Lib\\site-packages\\_pytest\\python.py\", line 159, in pytest_pyfunc_call\n    result = testfunction(**testargs)\n             ^^^^^^^^^^^^^^^^^^^^^^^^\n  File \"D:\\repos\\python-cas@python-cas__5697dcc5__requests__aiohttp\\tests\\test_cas.py\", line 249, in test_verify_logout_request_success\n    client = cas.CASClientWithSAMLV1()\n             ^^^^^^^^^^^^^^^^^^^^^^^\nAttributeError: module 'cas' has no attribute 'CASClientWithSAMLV1'"
      },
      "teardown": {
        "outcome": "passed"
      }
    },
    {
      "nodeid": "tests/test_cas.py::test_verify_logout_request_invalid_st",
      "lineno": 261,
      "outcome": "failed",
      "keywords": [
        "test_verify_logout_request_invalid_st",
        "test_cas.py",
        "tests",
        "python-cas@python-cas__5697dcc5__requests__aiohttp",
        ""
      ],
      "setup": {
        "outcome": "passed"
      },
      "call": {
        "outcome": "failed",
        "crash": {
          "path": "D:\\repos\\python-cas@python-cas__5697dcc5__requests__aiohttp\\tests\\test_cas.py",
          "lineno": 263,
          "message": "AttributeError: module 'cas' has no attribute 'CASClientWithSAMLV1'"
        },
        "longrepr": "Traceback (most recent call last):\n  File \"D:\\repos\\python-cas@python-cas__5697dcc5__requests__aiohttp\\.venv\\Lib\\site-packages\\_pytest\\runner.py\", line 341, in from_call\n    result: TResult | None = func()\n                             ^^^^^^\n  File \"D:\\repos\\python-cas@python-cas__5697dcc5__requests__aiohttp\\.venv\\Lib\\site-packages\\_pytest\\runner.py\", line 242, in <lambda>\n    lambda: runtest_hook(item=item, **kwds), when=when, reraise=reraise\n            ^^^^^^^^^^^^^^^^^^^^^^^^^^^^^^^\n  File \"D:\\repos\\python-cas@python-cas__5697dcc5__requests__aiohttp\\.venv\\Lib\\site-packages\\pluggy\\_hooks.py\", line 513, in __call__\n    return self._hookexec(self.name, self._hookimpls.copy(), kwargs, firstresult)\n           ^^^^^^^^^^^^^^^^^^^^^^^^^^^^^^^^^^^^^^^^^^^^^^^^^^^^^^^^^^^^^^^^^^^^^^\n  File \"D:\\repos\\python-cas@python-cas__5697dcc5__requests__aiohttp\\.venv\\Lib\\site-packages\\pluggy\\_manager.py\", line 120, in _hookexec\n    return self._inner_hookexec(hook_name, methods, kwargs, firstresult)\n           ^^^^^^^^^^^^^^^^^^^^^^^^^^^^^^^^^^^^^^^^^^^^^^^^^^^^^^^^^^^^^\n  File \"D:\\repos\\python-cas@python-cas__5697dcc5__requests__aiohttp\\.venv\\Lib\\site-packages\\pluggy\\_callers.py\", line 182, in _multicall\n    return outcome.get_result()\n           ^^^^^^^^^^^^^^^^^^^^\n  File \"D:\\repos\\python-cas@python-cas__5697dcc5__requests__aiohttp\\.venv\\Lib\\site-packages\\pluggy\\_result.py\", line 100, in get_result\n    raise exc.with_traceback(exc.__traceback__)\n  File \"D:\\repos\\python-cas@python-cas__5697dcc5__requests__aiohttp\\.venv\\Lib\\site-packages\\pluggy\\_callers.py\", line 167, in _multicall\n    teardown.throw(outcome._exception)\n  File \"D:\\repos\\python-cas@python-cas__5697dcc5__requests__aiohttp\\.venv\\Lib\\site-packages\\_pytest\\threadexception.py\", line 92, in pytest_runtest_call\n    yield from thread_exception_runtest_hook()\n  File \"D:\\repos\\python-cas@python-cas__5697dcc5__requests__aiohttp\\.venv\\Lib\\site-packages\\_pytest\\threadexception.py\", line 68, in thread_exception_runtest_hook\n    yield\n  File \"D:\\repos\\python-cas@python-cas__5697dcc5__requests__aiohttp\\.venv\\Lib\\site-packages\\pluggy\\_callers.py\", line 167, in _multicall\n    teardown.throw(outcome._exception)\n  File \"D:\\repos\\python-cas@python-cas__5697dcc5__requests__aiohttp\\.venv\\Lib\\site-packages\\_pytest\\unraisableexception.py\", line 95, in pytest_runtest_call\n    yield from unraisable_exception_runtest_hook()\n  File \"D:\\repos\\python-cas@python-cas__5697dcc5__requests__aiohttp\\.venv\\Lib\\site-packages\\_pytest\\unraisableexception.py\", line 70, in unraisable_exception_runtest_hook\n    yield\n  File \"D:\\repos\\python-cas@python-cas__5697dcc5__requests__aiohttp\\.venv\\Lib\\site-packages\\pluggy\\_callers.py\", line 167, in _multicall\n    teardown.throw(outcome._exception)\n  File \"D:\\repos\\python-cas@python-cas__5697dcc5__requests__aiohttp\\.venv\\Lib\\site-packages\\_pytest\\logging.py\", line 846, in pytest_runtest_call\n    yield from self._runtest_for(item, \"call\")\n  File \"D:\\repos\\python-cas@python-cas__5697dcc5__requests__aiohttp\\.venv\\Lib\\site-packages\\_pytest\\logging.py\", line 829, in _runtest_for\n    yield\n  File \"D:\\repos\\python-cas@python-cas__5697dcc5__requests__aiohttp\\.venv\\Lib\\site-packages\\pluggy\\_callers.py\", line 167, in _multicall\n    teardown.throw(outcome._exception)\n  File \"D:\\repos\\python-cas@python-cas__5697dcc5__requests__aiohttp\\.venv\\Lib\\site-packages\\_pytest\\capture.py\", line 898, in pytest_runtest_call\n    return (yield)\n            ^^^^^\n  File \"D:\\repos\\python-cas@python-cas__5697dcc5__requests__aiohttp\\.venv\\Lib\\site-packages\\pluggy\\_callers.py\", line 167, in _multicall\n    teardown.throw(outcome._exception)\n  File \"D:\\repos\\python-cas@python-cas__5697dcc5__requests__aiohttp\\.venv\\Lib\\site-packages\\_pytest\\skipping.py\", line 257, in pytest_runtest_call\n    return (yield)\n            ^^^^^\n  File \"D:\\repos\\python-cas@python-cas__5697dcc5__requests__aiohttp\\.venv\\Lib\\site-packages\\pluggy\\_callers.py\", line 103, in _multicall\n    res = hook_impl.function(*args)\n          ^^^^^^^^^^^^^^^^^^^^^^^^^\n  File \"D:\\repos\\python-cas@python-cas__5697dcc5__requests__aiohttp\\.venv\\Lib\\site-packages\\_pytest\\runner.py\", line 174, in pytest_runtest_call\n    item.runtest()\n  File \"D:\\repos\\python-cas@python-cas__5697dcc5__requests__aiohttp\\.venv\\Lib\\site-packages\\_pytest\\python.py\", line 1627, in runtest\n    self.ihook.pytest_pyfunc_call(pyfuncitem=self)\n  File \"D:\\repos\\python-cas@python-cas__5697dcc5__requests__aiohttp\\.venv\\Lib\\site-packages\\pluggy\\_hooks.py\", line 513, in __call__\n    return self._hookexec(self.name, self._hookimpls.copy(), kwargs, firstresult)\n           ^^^^^^^^^^^^^^^^^^^^^^^^^^^^^^^^^^^^^^^^^^^^^^^^^^^^^^^^^^^^^^^^^^^^^^\n  File \"D:\\repos\\python-cas@python-cas__5697dcc5__requests__aiohttp\\.venv\\Lib\\site-packages\\pluggy\\_manager.py\", line 120, in _hookexec\n    return self._inner_hookexec(hook_name, methods, kwargs, firstresult)\n           ^^^^^^^^^^^^^^^^^^^^^^^^^^^^^^^^^^^^^^^^^^^^^^^^^^^^^^^^^^^^^\n  File \"D:\\repos\\python-cas@python-cas__5697dcc5__requests__aiohttp\\.venv\\Lib\\site-packages\\pluggy\\_callers.py\", line 139, in _multicall\n    raise exception.with_traceback(exception.__traceback__)\n  File \"D:\\repos\\python-cas@python-cas__5697dcc5__requests__aiohttp\\.venv\\Lib\\site-packages\\pluggy\\_callers.py\", line 103, in _multicall\n    res = hook_impl.function(*args)\n          ^^^^^^^^^^^^^^^^^^^^^^^^^\n  File \"D:\\repos\\python-cas@python-cas__5697dcc5__requests__aiohttp\\.venv\\Lib\\site-packages\\_pytest\\python.py\", line 159, in pytest_pyfunc_call\n    result = testfunction(**testargs)\n             ^^^^^^^^^^^^^^^^^^^^^^^^\n  File \"D:\\repos\\python-cas@python-cas__5697dcc5__requests__aiohttp\\tests\\test_cas.py\", line 263, in test_verify_logout_request_invalid_st\n    client = cas.CASClientWithSAMLV1()\n             ^^^^^^^^^^^^^^^^^^^^^^^\nAttributeError: module 'cas' has no attribute 'CASClientWithSAMLV1'"
      },
      "teardown": {
        "outcome": "passed"
      }
    }
  ]
}