{
  "exitcode": 1,
  "summary": {
    "passed": 65,
    "failed": 14,
    "total": 79,
    "collected": 79
  },
  "collectors": [
    {
      "nodeid": "",
      "outcome": "passed",
      "result": [
        {
          "nodeid": ".",
          "type": "Dir"
        }
      ]
    },
    {
      "nodeid": "samples",
      "outcome": "passed",
      "result": []
    },
    {
      "nodeid": "segment/analytics/test/test_client.py::TestClient",
      "outcome": "passed",
      "result": [
        {
          "nodeid": "segment/analytics/test/test_client.py::TestClient::test_advanced_group",
          "type": "TestCaseFunction",
          "lineno": 143
        },
        {
          "nodeid": "segment/analytics/test/test_client.py::TestClient::test_advanced_identify",
          "type": "TestCaseFunction",
          "lineno": 107
        },
        {
          "nodeid": "segment/analytics/test/test_client.py::TestClient::test_advanced_page",
          "type": "TestCaseFunction",
          "lineno": 188
        },
        {
          "nodeid": "segment/analytics/test/test_client.py::TestClient::test_advanced_screen",
          "type": "TestCaseFunction",
          "lineno": 224
        },
        {
          "nodeid": "segment/analytics/test/test_client.py::TestClient::test_advanced_track",
          "type": "TestCaseFunction",
          "lineno": 69
        },
        {
          "nodeid": "segment/analytics/test/test_client.py::TestClient::test_basic_alias",
          "type": "TestCaseFunction",
          "lineno": 167
        },
        {
          "nodeid": "segment/analytics/test/test_client.py::TestClient::test_basic_group",
          "type": "TestCaseFunction",
          "lineno": 131
        },
        {
          "nodeid": "segment/analytics/test/test_client.py::TestClient::test_basic_identify",
          "type": "TestCaseFunction",
          "lineno": 93
        },
        {
          "nodeid": "segment/analytics/test/test_client.py::TestClient::test_basic_page",
          "type": "TestCaseFunction",
          "lineno": 177
        },
        {
          "nodeid": "segment/analytics/test/test_client.py::TestClient::test_basic_screen",
          "type": "TestCaseFunction",
          "lineno": 214
        },
        {
          "nodeid": "segment/analytics/test/test_client.py::TestClient::test_basic_track",
          "type": "TestCaseFunction",
          "lineno": 26
        },
        {
          "nodeid": "segment/analytics/test/test_client.py::TestClient::test_debug",
          "type": "TestCaseFunction",
          "lineno": 314
        },
        {
          "nodeid": "segment/analytics/test/test_client.py::TestClient::test_default_timeout_15",
          "type": "TestCaseFunction",
          "lineno": 363
        },
        {
          "nodeid": "segment/analytics/test/test_client.py::TestClient::test_empty_flush",
          "type": "TestCaseFunction",
          "lineno": 23
        },
        {
          "nodeid": "segment/analytics/test/test_client.py::TestClient::test_flush",
          "type": "TestCaseFunction",
          "lineno": 250
        },
        {
          "nodeid": "segment/analytics/test/test_client.py::TestClient::test_gzip",
          "type": "TestCaseFunction",
          "lineno": 333
        },
        {
          "nodeid": "segment/analytics/test/test_client.py::TestClient::test_identify_with_date_object",
          "type": "TestCaseFunction",
          "lineno": 318
        },
        {
          "nodeid": "segment/analytics/test/test_client.py::TestClient::test_numeric_user_id",
          "type": "TestCaseFunction",
          "lineno": 308
        },
        {
          "nodeid": "segment/analytics/test/test_client.py::TestClient::test_overflow",
          "type": "TestCaseFunction",
          "lineno": 285
        },
        {
          "nodeid": "segment/analytics/test/test_client.py::TestClient::test_proxies",
          "type": "TestCaseFunction",
          "lineno": 368
        },
        {
          "nodeid": "segment/analytics/test/test_client.py::TestClient::test_requires_write_key",
          "type": "TestCaseFunction",
          "lineno": 20
        },
        {
          "nodeid": "segment/analytics/test/test_client.py::TestClient::test_shutdown",
          "type": "TestCaseFunction",
          "lineno": 262
        },
        {
          "nodeid": "segment/analytics/test/test_client.py::TestClient::test_stringifies_anonymous_id",
          "type": "TestCaseFunction",
          "lineno": 55
        },
        {
          "nodeid": "segment/analytics/test/test_client.py::TestClient::test_stringifies_user_id",
          "type": "TestCaseFunction",
          "lineno": 41
        },
        {
          "nodeid": "segment/analytics/test/test_client.py::TestClient::test_success_on_invalid_write_key",
          "type": "TestCaseFunction",
          "lineno": 298
        },
        {
          "nodeid": "segment/analytics/test/test_client.py::TestClient::test_synchronous",
          "type": "TestCaseFunction",
          "lineno": 276
        },
        {
          "nodeid": "segment/analytics/test/test_client.py::TestClient::test_unicode",
          "type": "TestCaseFunction",
          "lineno": 305
        },
        {
          "nodeid": "segment/analytics/test/test_client.py::TestClient::test_user_defined_timeout",
          "type": "TestCaseFunction",
          "lineno": 358
        },
        {
          "nodeid": "segment/analytics/test/test_client.py::TestClient::test_user_defined_upload_size",
          "type": "TestCaseFunction",
          "lineno": 341
        }
      ]
    },
    {
      "nodeid": "segment/analytics/test/test_client.py",
      "outcome": "passed",
      "result": [
        {
          "nodeid": "segment/analytics/test/test_client.py::TestClient",
          "type": "UnitTestCase"
        }
      ]
    },
    {
      "nodeid": "segment/analytics/test/test_consumer.py::TestConsumer",
      "outcome": "passed",
      "result": [
        {
          "nodeid": "segment/analytics/test/test_consumer.py::TestConsumer::test_dropping_oversize_msg",
          "type": "TestCaseFunction",
          "lineno": 32
        },
        {
          "nodeid": "segment/analytics/test/test_consumer.py::TestConsumer::test_max_batch_size",
          "type": "TestCaseFunction",
          "lineno": 171
        },
        {
          "nodeid": "segment/analytics/test/test_consumer.py::TestConsumer::test_multiple_uploads_per_interval",
          "type": "TestCaseFunction",
          "lineno": 73
        },
        {
          "nodeid": "segment/analytics/test/test_consumer.py::TestConsumer::test_next",
          "type": "TestCaseFunction",
          "lineno": 16
        },
        {
          "nodeid": "segment/analytics/test/test_consumer.py::TestConsumer::test_next_limit",
          "type": "TestCaseFunction",
          "lineno": 23
        },
        {
          "nodeid": "segment/analytics/test/test_consumer.py::TestConsumer::test_pause",
          "type": "TestCaseFunction",
          "lineno": 166
        },
        {
          "nodeid": "segment/analytics/test/test_consumer.py::TestConsumer::test_proxies",
          "type": "TestCaseFunction",
          "lineno": 200
        },
        {
          "nodeid": "segment/analytics/test/test_consumer.py::TestConsumer::test_request",
          "type": "TestCaseFunction",
          "lineno": 93
        },
        {
          "nodeid": "segment/analytics/test/test_consumer.py::TestConsumer::test_request_retry",
          "type": "TestCaseFunction",
          "lineno": 136
        },
        {
          "nodeid": "segment/analytics/test/test_consumer.py::TestConsumer::test_upload",
          "type": "TestCaseFunction",
          "lineno": 41
        },
        {
          "nodeid": "segment/analytics/test/test_consumer.py::TestConsumer::test_upload_interval",
          "type": "TestCaseFunction",
          "lineno": 53
        }
      ]
    },
    {
      "nodeid": "segment/analytics/test/test_consumer.py",
      "outcome": "passed",
      "result": [
        {
          "nodeid": "segment/analytics/test/test_consumer.py::TestConsumer",
          "type": "UnitTestCase"
        }
      ]
    },
    {
      "nodeid": "segment/analytics/test/test_init.py::TestInit",
      "outcome": "passed",
      "result": [
        {
          "nodeid": "segment/analytics/test/test_init.py::TestInit::test_debug",
          "type": "TestCaseFunction",
          "lineno": 26
        },
        {
          "nodeid": "segment/analytics/test/test_init.py::TestInit::test_gzip",
          "type": "TestCaseFunction",
          "lineno": 38
        },
        {
          "nodeid": "segment/analytics/test/test_init.py::TestInit::test_host",
          "type": "TestCaseFunction",
          "lineno": 49
        },
        {
          "nodeid": "segment/analytics/test/test_init.py::TestInit::test_max_queue_size",
          "type": "TestCaseFunction",
          "lineno": 58
        },
        {
          "nodeid": "segment/analytics/test/test_init.py::TestInit::test_max_retries",
          "type": "TestCaseFunction",
          "lineno": 65
        },
        {
          "nodeid": "segment/analytics/test/test_init.py::TestInit::test_sync_mode",
          "type": "TestCaseFunction",
          "lineno": 71
        },
        {
          "nodeid": "segment/analytics/test/test_init.py::TestInit::test_timeout",
          "type": "TestCaseFunction",
          "lineno": 82
        },
        {
          "nodeid": "segment/analytics/test/test_init.py::TestInit::test_writeKey",
          "type": "TestCaseFunction",
          "lineno": 20
        }
      ]
    },
    {
      "nodeid": "segment/analytics/test/test_init.py",
      "outcome": "passed",
      "result": [
        {
          "nodeid": "segment/analytics/test/test_init.py::TestInit",
          "type": "UnitTestCase"
        }
      ]
    },
    {
      "nodeid": "segment/analytics/test/test_module.py::TestModule",
      "outcome": "passed",
      "result": [
        {
          "nodeid": "segment/analytics/test/test_module.py::TestModule::test_alias",
          "type": "TestCaseFunction",
          "lineno": 39
        },
        {
          "nodeid": "segment/analytics/test/test_module.py::TestModule::test_flush",
          "type": "TestCaseFunction",
          "lineno": 54
        },
        {
          "nodeid": "segment/analytics/test/test_module.py::TestModule::test_group",
          "type": "TestCaseFunction",
          "lineno": 34
        },
        {
          "nodeid": "segment/analytics/test/test_module.py::TestModule::test_identify",
          "type": "TestCaseFunction",
          "lineno": 29
        },
        {
          "nodeid": "segment/analytics/test/test_module.py::TestModule::test_no_host",
          "type": "TestCaseFunction",
          "lineno": 20
        },
        {
          "nodeid": "segment/analytics/test/test_module.py::TestModule::test_no_write_key",
          "type": "TestCaseFunction",
          "lineno": 16
        },
        {
          "nodeid": "segment/analytics/test/test_module.py::TestModule::test_page",
          "type": "TestCaseFunction",
          "lineno": 44
        },
        {
          "nodeid": "segment/analytics/test/test_module.py::TestModule::test_screen",
          "type": "TestCaseFunction",
          "lineno": 49
        },
        {
          "nodeid": "segment/analytics/test/test_module.py::TestModule::test_track",
          "type": "TestCaseFunction",
          "lineno": 24
        }
      ]
    },
    {
      "nodeid": "segment/analytics/test/test_module.py",
      "outcome": "passed",
      "result": [
        {
          "nodeid": "segment/analytics/test/test_module.py::TestModule",
          "type": "UnitTestCase"
        }
      ]
    },
    {
      "nodeid": "segment/analytics/test/test_oauth.py::TestOauthManager",
      "outcome": "passed",
      "result": [
        {
          "nodeid": "segment/analytics/test/test_oauth.py::TestOauthManager::test_oauth_fail_unrecoverably",
          "type": "TestCaseFunction",
          "lineno": 91
        },
        {
          "nodeid": "segment/analytics/test/test_oauth.py::TestOauthManager::test_oauth_fail_with_retries",
          "type": "TestCaseFunction",
          "lineno": 101
        },
        {
          "nodeid": "segment/analytics/test/test_oauth.py::TestOauthManager::test_oauth_rate_limit_delay",
          "type": "TestCaseFunction",
          "lineno": 111
        },
        {
          "nodeid": "segment/analytics/test/test_oauth.py::TestOauthManager::test_oauth_success",
          "type": "TestCaseFunction",
          "lineno": 80
        }
      ]
    },
    {
      "nodeid": "segment/analytics/test/test_oauth.py::TestOauthIntegration",
      "outcome": "passed",
      "result": [
        {
          "nodeid": "segment/analytics/test/test_oauth.py::TestOauthIntegration::test_oauth_integration_fail_bad_key",
          "type": "TestCaseFunction",
          "lineno": 157
        },
        {
          "nodeid": "segment/analytics/test/test_oauth.py::TestOauthIntegration::test_oauth_integration_failure",
          "type": "TestCaseFunction",
          "lineno": 136
        },
        {
          "nodeid": "segment/analytics/test/test_oauth.py::TestOauthIntegration::test_oauth_integration_recovery",
          "type": "TestCaseFunction",
          "lineno": 146
        },
        {
          "nodeid": "segment/analytics/test/test_oauth.py::TestOauthIntegration::test_oauth_integration_success",
          "type": "TestCaseFunction",
          "lineno": 126
        }
      ]
    },
    {
      "nodeid": "segment/analytics/test/test_oauth.py",
      "outcome": "passed",
      "result": [
        {
          "nodeid": "segment/analytics/test/test_oauth.py::TestOauthManager",
          "type": "UnitTestCase"
        },
        {
          "nodeid": "segment/analytics/test/test_oauth.py::TestOauthIntegration",
          "type": "UnitTestCase"
        }
      ]
    },
    {
      "nodeid": "segment/analytics/test/test_request.py::TestRequests",
      "outcome": "passed",
      "result": [
        {
          "nodeid": "segment/analytics/test/test_request.py::TestRequests::test_date_serialization",
          "type": "TestCaseFunction",
          "lineno": 34
        },
        {
          "nodeid": "segment/analytics/test/test_request.py::TestRequests::test_datetime_serialization",
          "type": "TestCaseFunction",
          "lineno": 29
        },
        {
          "nodeid": "segment/analytics/test/test_request.py::TestRequests::test_invalid_host",
          "type": "TestCaseFunction",
          "lineno": 25
        },
        {
          "nodeid": "segment/analytics/test/test_request.py::TestRequests::test_invalid_request_error",
          "type": "TestCaseFunction",
          "lineno": 21
        },
        {
          "nodeid": "segment/analytics/test/test_request.py::TestRequests::test_proxies",
          "type": "TestCaseFunction",
          "lineno": 59
        },
        {
          "nodeid": "segment/analytics/test/test_request.py::TestRequests::test_should_not_timeout",
          "type": "TestCaseFunction",
          "lineno": 41
        },
        {
          "nodeid": "segment/analytics/test/test_request.py::TestRequests::test_should_timeout",
          "type": "TestCaseFunction",
          "lineno": 50
        },
        {
          "nodeid": "segment/analytics/test/test_request.py::TestRequests::test_valid_request",
          "type": "TestCaseFunction",
          "lineno": 12
        }
      ]
    },
    {
      "nodeid": "segment/analytics/test/test_request.py",
      "outcome": "passed",
      "result": [
        {
          "nodeid": "segment/analytics/test/test_request.py::TestRequests",
          "type": "UnitTestCase"
        }
      ]
    },
    {
      "nodeid": "segment/analytics/test/test_utils.py::TestUtils",
      "outcome": "passed",
      "result": [
        {
          "nodeid": "segment/analytics/test/test_utils.py::TestUtils::test_bytes",
          "type": "TestCaseFunction",
          "lineno": 57
        },
        {
          "nodeid": "segment/analytics/test/test_utils.py::TestUtils::test_clean",
          "type": "TestCaseFunction",
          "lineno": 23
        },
        {
          "nodeid": "segment/analytics/test/test_utils.py::TestUtils::test_clean_fn",
          "type": "TestCaseFunction",
          "lineno": 62
        },
        {
          "nodeid": "segment/analytics/test/test_utils.py::TestUtils::test_clean_with_dates",
          "type": "TestCaseFunction",
          "lineno": 50
        },
        {
          "nodeid": "segment/analytics/test/test_utils.py::TestUtils::test_remove_slash",
          "type": "TestCaseFunction",
          "lineno": 68
        },
        {
          "nodeid": "segment/analytics/test/test_utils.py::TestUtils::test_timezone_utils",
          "type": "TestCaseFunction",
          "lineno": 11
        }
      ]
    },
    {
      "nodeid": "segment/analytics/test/test_utils.py",
      "outcome": "passed",
      "result": [
        {
          "nodeid": "segment/analytics/test/test_utils.py::TestUtils",
          "type": "UnitTestCase"
        }
      ]
    },
    {
      "nodeid": "segment/analytics/test",
      "outcome": "passed",
      "result": [
        {
          "nodeid": "segment/analytics/test/test_client.py",
          "type": "Module"
        },
        {
          "nodeid": "segment/analytics/test/test_consumer.py",
          "type": "Module"
        },
        {
          "nodeid": "segment/analytics/test/test_init.py",
          "type": "Module"
        },
        {
          "nodeid": "segment/analytics/test/test_module.py",
          "type": "Module"
        },
        {
          "nodeid": "segment/analytics/test/test_oauth.py",
          "type": "Module"
        },
        {
          "nodeid": "segment/analytics/test/test_request.py",
          "type": "Module"
        },
        {
          "nodeid": "segment/analytics/test/test_utils.py",
          "type": "Module"
        }
      ]
    },
    {
      "nodeid": "segment/analytics",
      "outcome": "passed",
      "result": [
        {
          "nodeid": "segment/analytics/test",
          "type": "Package"
        }
      ]
    },
    {
      "nodeid": "segment",
      "outcome": "passed",
      "result": [
        {
          "nodeid": "segment/analytics",
          "type": "Package"
        }
      ]
    },
    {
      "nodeid": "segment_analytics_python.egg-info",
      "outcome": "passed",
      "result": []
    },
    {
      "nodeid": ".",
      "outcome": "passed",
      "result": [
        {
          "nodeid": "samples",
          "type": "Dir"
        },
        {
          "nodeid": "segment",
          "type": "Dir"
        },
        {
          "nodeid": "segment_analytics_python.egg-info",
          "type": "Dir"
        }
      ]
    }
  ],
  "tests": [
    {
      "nodeid": "segment/analytics/test/test_client.py::TestClient::test_advanced_group",
      "lineno": 143,
      "outcome": "passed",
      "keywords": [
        "test_advanced_group",
        "asyncio",
        "pytestmark",
        "TestClient",
        "test_client.py",
        "test",
        "analytics",
        "segment",
        "segmentio@analytics-python__603632f3__requests__aiohttp",
        ""
      ],
      "setup": {
        "outcome": "passed"
      },
      "call": {
        "outcome": "passed"
      },
      "teardown": {
        "outcome": "passed"
      }
    },
    {
      "nodeid": "segment/analytics/test/test_client.py::TestClient::test_advanced_identify",
      "lineno": 107,
      "outcome": "passed",
      "keywords": [
        "test_advanced_identify",
        "asyncio",
        "pytestmark",
        "TestClient",
        "test_client.py",
        "test",
        "analytics",
        "segment",
        "segmentio@analytics-python__603632f3__requests__aiohttp",
        ""
      ],
      "setup": {
        "outcome": "passed"
      },
      "call": {
        "outcome": "passed"
      },
      "teardown": {
        "outcome": "passed"
      }
    },
    {
      "nodeid": "segment/analytics/test/test_client.py::TestClient::test_advanced_page",
      "lineno": 188,
      "outcome": "passed",
      "keywords": [
        "test_advanced_page",
        "asyncio",
        "pytestmark",
        "TestClient",
        "test_client.py",
        "test",
        "analytics",
        "segment",
        "segmentio@analytics-python__603632f3__requests__aiohttp",
        ""
      ],
      "setup": {
        "outcome": "passed"
      },
      "call": {
        "outcome": "passed"
      },
      "teardown": {
        "outcome": "passed"
      }
    },
    {
      "nodeid": "segment/analytics/test/test_client.py::TestClient::test_advanced_screen",
      "lineno": 224,
      "outcome": "passed",
      "keywords": [
        "test_advanced_screen",
        "asyncio",
        "pytestmark",
        "TestClient",
        "test_client.py",
        "test",
        "analytics",
        "segment",
        "segmentio@analytics-python__603632f3__requests__aiohttp",
        ""
      ],
      "setup": {
        "outcome": "passed"
      },
      "call": {
        "outcome": "passed"
      },
      "teardown": {
        "outcome": "passed"
      }
    },
    {
      "nodeid": "segment/analytics/test/test_client.py::TestClient::test_advanced_track",
      "lineno": 69,
      "outcome": "passed",
      "keywords": [
        "test_advanced_track",
        "asyncio",
        "pytestmark",
        "TestClient",
        "test_client.py",
        "test",
        "analytics",
        "segment",
        "segmentio@analytics-python__603632f3__requests__aiohttp",
        ""
      ],
      "setup": {
        "outcome": "passed"
      },
      "call": {
        "outcome": "passed"
      },
      "teardown": {
        "outcome": "passed"
      }
    },
    {
      "nodeid": "segment/analytics/test/test_client.py::TestClient::test_basic_alias",
      "lineno": 167,
      "outcome": "passed",
      "keywords": [
        "test_basic_alias",
        "asyncio",
        "pytestmark",
        "TestClient",
        "test_client.py",
        "test",
        "analytics",
        "segment",
        "segmentio@analytics-python__603632f3__requests__aiohttp",
        ""
      ],
      "setup": {
        "outcome": "passed"
      },
      "call": {
        "outcome": "passed"
      },
      "teardown": {
        "outcome": "passed"
      }
    },
    {
      "nodeid": "segment/analytics/test/test_client.py::TestClient::test_basic_group",
      "lineno": 131,
      "outcome": "passed",
      "keywords": [
        "test_basic_group",
        "asyncio",
        "pytestmark",
        "TestClient",
        "test_client.py",
        "test",
        "analytics",
        "segment",
        "segmentio@analytics-python__603632f3__requests__aiohttp",
        ""
      ],
      "setup": {
        "outcome": "passed"
      },
      "call": {
        "outcome": "passed"
      },
      "teardown": {
        "outcome": "passed"
      }
    },
    {
      "nodeid": "segment/analytics/test/test_client.py::TestClient::test_basic_identify",
      "lineno": 93,
      "outcome": "passed",
      "keywords": [
        "test_basic_identify",
        "asyncio",
        "pytestmark",
        "TestClient",
        "test_client.py",
        "test",
        "analytics",
        "segment",
        "segmentio@analytics-python__603632f3__requests__aiohttp",
        ""
      ],
      "setup": {
        "outcome": "passed"
      },
      "call": {
        "outcome": "passed"
      },
      "teardown": {
        "outcome": "passed"
      }
    },
    {
      "nodeid": "segment/analytics/test/test_client.py::TestClient::test_basic_page",
      "lineno": 177,
      "outcome": "passed",
      "keywords": [
        "test_basic_page",
        "asyncio",
        "pytestmark",
        "TestClient",
        "test_client.py",
        "test",
        "analytics",
        "segment",
        "segmentio@analytics-python__603632f3__requests__aiohttp",
        ""
      ],
      "setup": {
        "outcome": "passed"
      },
      "call": {
        "outcome": "passed"
      },
      "teardown": {
        "outcome": "passed"
      }
    },
    {
      "nodeid": "segment/analytics/test/test_client.py::TestClient::test_basic_screen",
      "lineno": 214,
      "outcome": "passed",
      "keywords": [
        "test_basic_screen",
        "asyncio",
        "pytestmark",
        "TestClient",
        "test_client.py",
        "test",
        "analytics",
        "segment",
        "segmentio@analytics-python__603632f3__requests__aiohttp",
        ""
      ],
      "setup": {
        "outcome": "passed"
      },
      "call": {
        "outcome": "passed"
      },
      "teardown": {
        "outcome": "passed"
      }
    },
    {
      "nodeid": "segment/analytics/test/test_client.py::TestClient::test_basic_track",
      "lineno": 26,
      "outcome": "passed",
      "keywords": [
        "test_basic_track",
        "asyncio",
        "pytestmark",
        "TestClient",
        "test_client.py",
        "test",
        "analytics",
        "segment",
        "segmentio@analytics-python__603632f3__requests__aiohttp",
        ""
      ],
      "setup": {
        "outcome": "passed"
      },
      "call": {
        "outcome": "passed"
      },
      "teardown": {
        "outcome": "passed"
      }
    },
    {
      "nodeid": "segment/analytics/test/test_client.py::TestClient::test_debug",
      "lineno": 314,
      "outcome": "passed",
      "keywords": [
        "test_debug",
        "TestClient",
        "test_client.py",
        "test",
        "analytics",
        "segment",
        "segmentio@analytics-python__603632f3__requests__aiohttp",
        ""
      ],
      "setup": {
        "outcome": "passed"
      },
      "call": {
        "outcome": "passed"
      },
      "teardown": {
        "outcome": "passed"
      }
    },
    {
      "nodeid": "segment/analytics/test/test_client.py::TestClient::test_default_timeout_15",
      "lineno": 363,
      "outcome": "passed",
      "keywords": [
        "test_default_timeout_15",
        "TestClient",
        "test_client.py",
        "test",
        "analytics",
        "segment",
        "segmentio@analytics-python__603632f3__requests__aiohttp",
        ""
      ],
      "setup": {
        "outcome": "passed"
      },
      "call": {
        "outcome": "passed"
      },
      "teardown": {
        "outcome": "passed"
      }
    },
    {
      "nodeid": "segment/analytics/test/test_client.py::TestClient::test_empty_flush",
      "lineno": 23,
      "outcome": "passed",
      "keywords": [
        "test_empty_flush",
        "TestClient",
        "test_client.py",
        "test",
        "analytics",
        "segment",
        "segmentio@analytics-python__603632f3__requests__aiohttp",
        ""
      ],
      "setup": {
        "outcome": "passed"
      },
      "call": {
        "outcome": "passed"
      },
      "teardown": {
        "outcome": "passed"
      }
    },
    {
      "nodeid": "segment/analytics/test/test_client.py::TestClient::test_flush",
      "lineno": 250,
      "outcome": "passed",
      "keywords": [
        "test_flush",
        "asyncio",
        "pytestmark",
        "TestClient",
        "test_client.py",
        "test",
        "analytics",
        "segment",
        "segmentio@analytics-python__603632f3__requests__aiohttp",
        ""
      ],
      "setup": {
        "outcome": "passed"
      },
      "call": {
        "outcome": "passed"
      },
      "teardown": {
        "outcome": "passed"
      }
    },
    {
      "nodeid": "segment/analytics/test/test_client.py::TestClient::test_gzip",
      "lineno": 333,
      "outcome": "passed",
      "keywords": [
        "test_gzip",
        "asyncio",
        "pytestmark",
        "TestClient",
        "test_client.py",
        "test",
        "analytics",
        "segment",
        "segmentio@analytics-python__603632f3__requests__aiohttp",
        ""
      ],
      "setup": {
        "outcome": "passed"
      },
      "call": {
        "outcome": "passed"
      },
      "teardown": {
        "outcome": "passed"
      }
    },
    {
      "nodeid": "segment/analytics/test/test_client.py::TestClient::test_identify_with_date_object",
      "lineno": 318,
      "outcome": "passed",
      "keywords": [
        "test_identify_with_date_object",
        "asyncio",
        "pytestmark",
        "TestClient",
        "test_client.py",
        "test",
        "analytics",
        "segment",
        "segmentio@analytics-python__603632f3__requests__aiohttp",
        ""
      ],
      "setup": {
        "outcome": "passed"
      },
      "call": {
        "outcome": "passed"
      },
      "teardown": {
        "outcome": "passed"
      }
    },
    {
      "nodeid": "segment/analytics/test/test_client.py::TestClient::test_numeric_user_id",
      "lineno": 308,
      "outcome": "passed",
      "keywords": [
        "test_numeric_user_id",
        "asyncio",
        "pytestmark",
        "TestClient",
        "test_client.py",
        "test",
        "analytics",
        "segment",
        "segmentio@analytics-python__603632f3__requests__aiohttp",
        ""
      ],
      "setup": {
        "outcome": "passed"
      },
      "call": {
        "outcome": "passed"
      },
      "teardown": {
        "outcome": "passed"
      }
    },
    {
      "nodeid": "segment/analytics/test/test_client.py::TestClient::test_overflow",
      "lineno": 285,
      "outcome": "passed",
      "keywords": [
        "test_overflow",
        "asyncio",
        "pytestmark",
        "TestClient",
        "test_client.py",
        "test",
        "analytics",
        "segment",
        "segmentio@analytics-python__603632f3__requests__aiohttp",
        ""
      ],
      "setup": {
        "outcome": "passed"
      },
      "call": {
        "outcome": "passed"
      },
      "teardown": {
        "outcome": "passed"
      }
    },
    {
      "nodeid": "segment/analytics/test/test_client.py::TestClient::test_proxies",
      "lineno": 368,
      "outcome": "passed",
      "keywords": [
        "test_proxies",
        "asyncio",
        "pytestmark",
        "TestClient",
        "test_client.py",
        "test",
        "analytics",
        "segment",
        "segmentio@analytics-python__603632f3__requests__aiohttp",
        ""
      ],
      "setup": {
        "outcome": "passed"
      },
      "call": {
        "outcome": "passed"
      },
      "teardown": {
        "outcome": "passed"
      }
    },
    {
      "nodeid": "segment/analytics/test/test_client.py::TestClient::test_requires_write_key",
      "lineno": 20,
      "outcome": "passed",
      "keywords": [
        "test_requires_write_key",
        "TestClient",
        "test_client.py",
        "test",
        "analytics",
        "segment",
        "segmentio@analytics-python__603632f3__requests__aiohttp",
        ""
      ],
      "setup": {
        "outcome": "passed"
      },
      "call": {
        "outcome": "passed"
      },
      "teardown": {
        "outcome": "passed"
      }
    },
    {
      "nodeid": "segment/analytics/test/test_client.py::TestClient::test_shutdown",
      "lineno": 262,
      "outcome": "passed",
      "keywords": [
        "test_shutdown",
        "asyncio",
        "pytestmark",
        "TestClient",
        "test_client.py",
        "test",
        "analytics",
        "segment",
        "segmentio@analytics-python__603632f3__requests__aiohttp",
        ""
      ],
      "setup": {
        "outcome": "passed"
      },
      "call": {
        "outcome": "passed"
      },
      "teardown": {
        "outcome": "passed"
      }
    },
    {
      "nodeid": "segment/analytics/test/test_client.py::TestClient::test_stringifies_anonymous_id",
      "lineno": 55,
      "outcome": "passed",
      "keywords": [
        "test_stringifies_anonymous_id",
        "asyncio",
        "pytestmark",
        "TestClient",
        "test_client.py",
        "test",
        "analytics",
        "segment",
        "segmentio@analytics-python__603632f3__requests__aiohttp",
        ""
      ],
      "setup": {
        "outcome": "passed"
      },
      "call": {
        "outcome": "passed"
      },
      "teardown": {
        "outcome": "passed"
      }
    },
    {
      "nodeid": "segment/analytics/test/test_client.py::TestClient::test_stringifies_user_id",
      "lineno": 41,
      "outcome": "passed",
      "keywords": [
        "test_stringifies_user_id",
        "asyncio",
        "pytestmark",
        "TestClient",
        "test_client.py",
        "test",
        "analytics",
        "segment",
        "segmentio@analytics-python__603632f3__requests__aiohttp",
        ""
      ],
      "setup": {
        "outcome": "passed"
      },
      "call": {
        "outcome": "passed"
      },
      "teardown": {
        "outcome": "passed"
      }
    },
    {
      "nodeid": "segment/analytics/test/test_client.py::TestClient::test_success_on_invalid_write_key",
      "lineno": 298,
      "outcome": "passed",
      "keywords": [
        "test_success_on_invalid_write_key",
        "asyncio",
        "pytestmark",
        "TestClient",
        "test_client.py",
        "test",
        "analytics",
        "segment",
        "segmentio@analytics-python__603632f3__requests__aiohttp",
        ""
      ],
      "setup": {
        "outcome": "passed"
      },
      "call": {
        "outcome": "passed"
      },
      "teardown": {
        "outcome": "passed"
      }
    },
    {
      "nodeid": "segment/analytics/test/test_client.py::TestClient::test_synchronous",
      "lineno": 276,
      "outcome": "passed",
      "keywords": [
        "test_synchronous",
        "asyncio",
        "pytestmark",
        "TestClient",
        "test_client.py",
        "test",
        "analytics",
        "segment",
        "segmentio@analytics-python__603632f3__requests__aiohttp",
        ""
      ],
      "setup": {
        "outcome": "passed"
      },
      "call": {
        "outcome": "passed"
      },
      "teardown": {
        "outcome": "passed"
      }
    },
    {
      "nodeid": "segment/analytics/test/test_client.py::TestClient::test_unicode",
      "lineno": 305,
      "outcome": "passed",
      "keywords": [
        "test_unicode",
        "TestClient",
        "test_client.py",
        "test",
        "analytics",
        "segment",
        "segmentio@analytics-python__603632f3__requests__aiohttp",
        ""
      ],
      "setup": {
        "outcome": "passed"
      },
      "call": {
        "outcome": "passed"
      },
      "teardown": {
        "outcome": "passed"
      }
    },
    {
      "nodeid": "segment/analytics/test/test_client.py::TestClient::test_user_defined_timeout",
      "lineno": 358,
      "outcome": "passed",
      "keywords": [
        "test_user_defined_timeout",
        "TestClient",
        "test_client.py",
        "test",
        "analytics",
        "segment",
        "segmentio@analytics-python__603632f3__requests__aiohttp",
        ""
      ],
      "setup": {
        "outcome": "passed"
      },
      "call": {
        "outcome": "passed"
      },
      "teardown": {
        "outcome": "passed"
      }
    },
    {
      "nodeid": "segment/analytics/test/test_client.py::TestClient::test_user_defined_upload_size",
      "lineno": 341,
      "outcome": "passed",
      "keywords": [
        "test_user_defined_upload_size",
        "asyncio",
        "pytestmark",
        "TestClient",
        "test_client.py",
        "test",
        "analytics",
        "segment",
        "segmentio@analytics-python__603632f3__requests__aiohttp",
        ""
      ],
      "setup": {
        "outcome": "passed"
      },
      "call": {
        "outcome": "passed"
      },
      "teardown": {
        "outcome": "passed"
      }
    },
    {
      "nodeid": "segment/analytics/test/test_consumer.py::TestConsumer::test_dropping_oversize_msg",
      "lineno": 32,
      "outcome": "passed",
      "keywords": [
        "test_dropping_oversize_msg",
        "TestConsumer",
        "test_consumer.py",
        "test",
        "analytics",
        "segment",
        "segmentio@analytics-python__603632f3__requests__aiohttp",
        ""
      ],
      "setup": {
        "outcome": "passed"
      },
      "call": {
        "outcome": "passed",
        "stderr": "Item exceeds 32kb limit, dropping. ({'m': 'xxxxxxxxxxxxxxxxxxxxxxxxxxxxxxxxxxxxxxxxxxxxxxxxxxxxxxxxxxxxxxxxxxxxxxxxxxxxxxxxxxxxxxxxxxxxxxxxxxxxxxxxxxxxxxxxxxxxxxxxxxxxxxxxxxxxxxxxxxxxxxxxxxxxxxxxxxxxxxxxxxxxxxxxxxxxxxxxxxxxxxxxxxxxxxxxxxxxxxxxxxxxxxxxxxxxxxxxxxxxxxxxxxxxxxxxxxxxxxxxxxxxxxxxxxxxxxxxxxxxxxxxxxxxxxxxxxxxxxxxxxxxxxxxxxxxxxxxxxxxxxxxxxxxxxxxxxxxxxxxxxxxxxxxxxxxxxxxxxxxxxxxxxxxxxxxxxxxxxxxxxxxxxxxxxxxxxxxxxxxxxxxxxxxxxxxxxxxxxxxxxxxxxxxxxxxxxxxxxxxxxxxxxxxxxxxxxxxxxxxxxxxxxxxxxxxxxxxxxxxxxxxxxxxxxxxxxxxxxxxxxxxxxxxxxxxxxxxxxxxxxxxxxxxxxxxxxxxxxxxxxxxxxxxxxxxxxxxxxxxxxxxxxxxxxxxxxxxxxxxxxxxxxxxxxxxxxxxxxxxxxxxxxxxxxxxxxxxxxxxxxxxxxxxxxxxxxxxxxxxxxxxxxxxxxxxxxxxxxxxxxxxxxxxxxxxxxxxxxxxxxxxxxxxxxxxxxxxxxxxxxxxxxxxxxxxxxxxxxxxxxxxxxxxxxxxxxxxxxxxxxxxxxxxxxxxxxxxxxxxxxxxxxxxxxxxxxxxxxxxxxxxxxxxxxxxxxxxxxxxxxxxxxxxxxxxxxxxxxxxxxxxxxxxxxxxxxxxxxxxxxxxxxxxxxxxxxxxxxxxxxxxxxxxxxxxxxxxxxxxxxxxxxxxxxxxxxxxxxxxxxxxxxxxxxxxxxxxxxxxxxxxxxxxxxxxxxxxxxxxxxxxxxxxxxxxxxxxxxxxxxxxxxxxxxxxxxxxxxxxxxxxxxxxxxxxxxxxxxxxxxxxxxxxxxxxxxxxxxxxxxxxxxxxxxxxxxxxxxxxxxxxxxxxxxxxxxxxxxxxxxxxxxxxxxxxxxxxxxxxxxxxxxxxxxxxxxxxxxxxxxxxxxxxxxxxxxxxxxxxxxxxxxxxxxxxxxxxxxxxxxxxxxxxxxxxxxxxxxxxxxxxxxxxxxxxxxxxxxxxxxxxxxxxxxxxxxxxxxxxxxxxxxxxxxxxxxxxxxxxxxxxxxxxxxxxxxxxxxxxxxxxxxxxxxxxxxxxxxxxxxxxxxxxxxxxxxxxxxxxxxxxxxxxxxxxxxxxxxxxxxxxxxxxxxxxxxxxxxxxxxxxxxxxxxxxxxxxxxxxxxxxxxxxxxxxxxxxxxxxxxxxxxxxxxxxxxxxxxxxxxxxxxxxxxxxxxxxxxxxxxxxxxxxxxxxxxxxxxxxxxxxxxxxxxxxxxxxxxxxxxxxxxxxxxxxxxxxxxxxxxxxxxxxxxxxxxxxxxxxxxxxxxxxxxxxxxxxxxxxxxxxxxxxxxxxxxxxxxxxxxxxxxxxxxxxxxxxxxxxxxxxxxxxxxxxxxxxxxxxxxxxxxxxxxxxxxxxxxxxxxxxxxxxxxxxxxxxxxxxxxxxxxxxxxxxxxxxxxxxxxxxxxxxxxxxxxxxxxxxxxxxxxxxxxxxxxxxxxxxxxxxxxxxxxxxxxxxxxxxxxxxxxxxxxxxxxxxxxxxxxxxxxxxxxxxxxxxxxxxxxxxxxxxxxxxxxxxxxxxxxxxxxxxxxxxxxxxxxxxxxxxxxxxxxxxxxxxxxxxxxxxxxxxxxxxxxxxxxxxxxxxxxxxxxxxxxxxxxxxxxxxxxxxxxxxxxxxxxxxxxxxxxxxxxxxxxxxxxxxxxxxxxxxxxxxxxxxxxxxxxxxxxxxxxxxxxxxxxxxxxxxxxxxxxxxxxxxxxxxxxxxxxxxxxxxxxxxxxxxxxxxxxxxxxxxxxxxxxxxxxxxxxxxxxxxxxxxxxxxxxxxxxxxxxxxxxxxxxxxxxxxxxxxxxxxxxxxxxxxxxxxxxxxxxxxxxxxxxxxxxxxxxxxxxxxxxxxxxxxxxxxxxxxxxxxxxxxxxxxxxxxxxxxxxxxxxxxxxxxxxxxxxxxxxxxxxxxxxxxxxxxxxxxxxxxxxxxxxxxxxxxxxxxxxxxxxxxxxxxxxxxxxxxxxxxxxxxxxxxxxxxxxxxxxxxxxxxxxxxxxxxxxxxxxxxxxxxxxxxxxxxxxxxxxxxxxxxxxxxxxxxxxxxxxxxxxxxxxxxxxxxxxxxxxxxxxxxxxxxxxxxxxxxxxxxxxxxxxxxxxxxxxxxxxxxxxxxxxxxxxxxxxxxxxxxxxxxxxxxxxxxxxxxxxxxxxxxxxxxxxxxxxxxxxxxxxxxxxxxxxxxxxxxxxxxxxxxxxxxxxxxxxxxxxxxxxxxxxxxxxxxxxxxxxxxxxxxxxxxxxxxxxxxxxxxxxxxxxxxxxxxxxxxxxxxxxxxxxxxxxxxxxxxxxxxxxxxxxxxxxxxxxxxxxxxxxxxxxxxxxxxxxxxxxxxxxxxxxxxxxxxxxxxxxxxxxxxxxxxxxxxxxxxxxxxxxxxxxxxxxxxxxxxxxxxxxxxxxxxxxxxxxxxxxxxxxxxxxxxxxxxxxxxxxxxxxxxxxxxxxxxxxxxxxxxxxxxxxxxxxxxxxxxxxxxxxxxxxxxxxxxxxxxxxxxxxxxxxxxxxxxxxxxxxxxxxxxxxxxxxxxxxxxxxxxxxxxxxxxxxxxxxxxxxxxxxxxxxxxxxxxxxxxxxxxxxxxxxxxxxxxxxxxxxxxxxxxxxxxxxxxxxxxxxxxxxxxxxxxxxxxxxxxxxxxxxxxxxxxxxxxxxxxxxxxxxxxxxxxxxxxxxxxxxxxxxxxxxxxxxxxxxxxxxxxxxxxxxxxxxxxxxxxxxxxxxxxxxxxxxxxxxxxxxxxxxxxxxxxxxxxxxxxxxxxxxxxxxxxxxxxxxxxxxxxxxxxxxxxxxxxxxxxxxxxxxxxxxxxxxxxxxxxxxxxxxxxxxxxxxxxxxxxxxxxxxxxxxxxxxxxxxxxxxxxxxxxxxxxxxxxxxxxxxxxxxxxxxxxxxxxxxxxxxxxxxxxxxxxxxxxxxxxxxxxxxxxxxxxxxxxxxxxxxxxxxxxxxxxxxxxxxxxxxxxxxxxxxxxxxxxxxxxxxxxxxxxxxxxxxxxxxxxxxxxxxxxxxxxxxxxxxxxxxxxxxxxxxxxxxxxxxxxxxxxxxxxxxxxxxxxxxxxxxxxxxxxxxxxxxxxxxxxxxxxxxxxxxxxxxxxxxxxxxxxxxxxxxxxxxxxxxxxxxxxxxxxxxxxxxxxxxxxxxxxxxxxxxxxxxxxxxxxxxxxxxxxxxxxxxxxxxxxxxxxxxxxxxxxxxxxxxxxxxxxxxxxxxxxxxxxxxxxxxxxxxxxxxxxxxxxxxxxxxxxxxxxxxxxxxxxxxxxxxxxxxxxxxxxxxxxxxxxxxxxxxxxxxxxxxxxxxxxxxxxxxxxxxxxxxxxxxxxxxxxxxxxxxxxxxxxxxxxxxxxxxxxxxxxxxxxxxxxxxxxxxxxxxxxxxxxxxxxxxxxxxxxxxxxxxxxxxxxxxxxxxxxxxxxxxxxxxxxxxxxxxxxxxxxxxxxxxxxxxxxxxxxxxxxxxxxxxxxxxxxxxxxxxxxxxxxxxxxxxxxxxxxxxxxxxxxxxxxxxxxxxxxxxxxxxxxxxxxxxxxxxxxxxxxxxxxxxxxxxxxxxxxxxxxxxxxxxxxxxxxxxxxxxxxxxxxxxxxxxxxxxxxxxxxxxxxxxxxxxxxxxxxxxxxxxxxxxxxxxxxxxxxxxxxxxxxxxxxxxxxxxxxxxxxxxxxxxxxxxxxxxxxxxxxxxxxxxxxxxxxxxxxxxxxxxxxxxxxxxxxxxxxxxxxxxxxxxxxxxxxxxxxxxxxxxxxxxxxxxxxxxxxxxxxxxxxxxxxxxxxxxxxxxxxxxxxxxxxxxxxxxxxxxxxxxxxxxxxxxxxxxxxxxxxxxxxxxxxxxxxxxxxxxxxxxxxxxxxxxxxxxxxxxxxxxxxxxxxxxxxxxxxxxxxxxxxxxxxxxxxxxxxxxxxxxxxxxxxxxxxxxxxxxxxxxxxxxxxxxxxxxxxxxxxxxxxxxxxxxxxxxxxxxxxxxxxxxxxxxxxxxxxxxxxxxxxxxxxxxxxxxxxxxxxxxxxxxxxxxxxxxxxxxxxxxxxxxxxxxxxxxxxxxxxxxxxxxxxxxxxxxxxxxxxxxxxxxxxxxxxxxxxxxxxxxxxxxxxxxxxxxxxxxxxxxxxxxxxxxxxxxxxxxxxxxxxxxxxxxxxxxxxxxxxxxxxxxxxxxxxxxxxxxxxxxxxxxxxxxxxxxxxxxxxxxxxxxxxxxxxxxxxxxxxxxxxxxxxxxxxxxxxxxxxxxxxxxxxxxxxxxxxxxxxxxxxxxxxxxxxxxxxxxxxxxxxxxxxxxxxxxxxxxxxxxxxxxxxxxxxxxxxxxxxxxxxxxxxxxxxxxxxxxxxxxxxxxxxxxxxxxxxxxxxxxxxxxxxxxxxxxxxxxxxxxxxxxxxxxxxxxxxxxxxxxxxxxxxxxxxxxxxxxxxxxxxxxxxxxxxxxxxxxxxxxxxxxxxxxxxxxxxxxxxxxxxxxxxxxxxxxxxxxxxxxxxxxxxxxxxxxxxxxxxxxxxxxxxxxxxxxxxxxxxxxxxxxxxxxxxxxxxxxxxxxxxxxxxxxxxxxxxxxxxxxxxxxxxxxxxxxxxxxxxxxxxxxxxxxxxxxxxxxxxxxxxxxxxxxxxxxxxxxxxxxxxxxxxxxxxxxxxxxxxxxxxxxxxxxxxxxxxxxxxxxxxxxxxxxxxxxxxxxxxxxxxxxxxxxxxxxxxxxxxxxxxxxxxxxxxxxxxxxxxxxxxxxxxxxxxxxxxxxxxxxxxxxxxxxxxxxxxxxxxxxxxxxxxxxxxxxxxxxxxxxxxxxxxxxxxxxxxxxxxxxxxxxxxxxxxxxxxxxxxxxxxxxxxxxxxxxxxxxxxxxxxxxxxxxxxxxxxxxxxxxxxxxxxxxxxxxxxxxxxxxxxxxxxxxxxxxxxxxxxxxxxxxxxxxxxxxxxxxxxxxxxxxxxxxxxxxxxxxxxxxxxxxxxxxxxxxxxxxxxxxxxxxxxxxxxxxxxxxxxxxxxxxxxxxxxxxxxxxxxxxxxxxxxxxxxxxxxxxxxxxxxxxxxxxxxxxxxxxxxxxxxxxxxxxxxxxxxxxxxxxxxxxxxxxxxxxxxxxxxxxxxxxxxxxxxxxxxxxxxxxxxxxxxxxxxxxxxxxxxxxxxxxxxxxxxxxxxxxxxxxxxxxxxxxxxxxxxxxxxxxxxxxxxxxxxxxxxxxxxxxxxxxxxxxxxxxxxxxxxxxxxxxxxxxxxxxxxxxxxxxxxxxxxxxxxxxxxxxxxxxxxxxxxxxxxxxxxxxxxxxxxxxxxxxxxxxxxxxxxxxxxxxxxxxxxxxxxxxxxxxxxxxxxxxxxxxxxxxxxxxxxxxxxxxxxxxxxxxxxxxxxxxxxxxxxxxxxxxxxxxxxxxxxxxxxxxxxxxxxxxxxxxxxxxxxxxxxxxxxxxxxxxxxxxxxxxxxxxxxxxxxxxxxxxxxxxxxxxxxxxxxxxxxxxxxxxxxxxxxxxxxxxxxxxxxxxxxxxxxxxxxxxxxxxxxxxxxxxxxxxxxxxxxxxxxxxxxxxxxxxxxxxxxxxxxxxxxxxxxxxxxxxxxxxxxxxxxxxxxxxxxxxxxxxxxxxxxxxxxxxxxxxxxxxxxxxxxxxxxxxxxxxxxxxxxxxxxxxxxxxxxxxxxxxxxxxxxxxxxxxxxxxxxxxxxxxxxxxxxxxxxxxxxxxxxxxxxxxxxxxxxxxxxxxxxxxxxxxxxxxxxxxxxxxxxxxxxxxxxxxxxxxxxxxxxxxxxxxxxxxxxxxxxxxxxxxxxxxxxxxxxxxxxxxxxxxxxxxxxxxxxxxxxxxxxxxxxxxxxxxxxxxxxxxxxxxxxxxxxxxxxxxxxxxxxxxxxxxxxxxxxxxxxxxxxxxxxxxxxxxxxxxxxxxxxxxxxxxxxxxxxxxxxxxxxxxxxxxxxxxxxxxxxxxxxxxxxxxxxxxxxxxxxxxxxxxxxxxxxxxxxxxxxxxxxxxxxxxxxxxxxxxxxxxxxxxxxxxxxxxxxxxxxxxxxxxxxxxxxxxxxxxxxxxxxxxxxxxxxxxxxxxxxxxxxxxxxxxxxxxxxxxxxxxxxxxxxxxxxxxxxxxxxxxxxxxxxxxxxxxxxxxxxxxxxxxxxxxxxxxxxxxxxxxxxxxxxxxxxxxxxxxxxxxxxxxxxxxxxxxxxxxxxxxxxxxxxxxxxxxxxxxxxxxxxxxxxxxxxxxxxxxxxxxxxxxxxxxxxxxxxxxxxxxxxxxxxxxxxxxxxxxxxxxxxxxxxxxxxxxxxxxxxxxxxxxxxxxxxxxxxxxxxxxxxxxxxxxxxxxxxxxxxxxxxxxxxxxxxxxxxxxxxxxxxxxxxxxxxxxxxxxxxxxxxxxxxxxxxxxxxxxxxxxxxxxxxxxxxxxxxxxxxxxxxxxxxxxxxxxxxxxxxxxxxxxxxxxxxxxxxxxxxxxxxxxxxxxxxxxxxxxxxxxxxxxxxxxxxxxxxxxxxxxxxxxxxxxxxxxxxxxxxxxxxxxxxxxxxxxxxxxxxxxxxxxxxxxxxxxxxxxxxxxxxxxxxxxxxxxxxxxxxxxxxxxxxxxxxxxxxxxxxxxxxxxxxxxxxxxxxxxxxxxxxxxxxxxxxxxxxxxxxxxxxxxxxxxxxxxxxxxxxxxxxxxxxxxxxxxxxxxxxxxxxxxxxxxxxxxxxxxxxxxxxxxxxxxxxxxxxxxxxxxxxxxxxxxxxxxxxxxxxxxxxxxxxxxxxxxxxxxxxxxxxxxxxxxxxxxxxxxxxxxxxxxxxxxxxxxxxxxxxxxxxxxxxxxxxxxxxxxxxxxxxxxxxxxxxxxxxxxxxxxxxxxxxxxxxxxxxxxxxxxxxxxxxxxxxxxxxxxxxxxxxxxxxxxxxxxxxxxxxxxxxxxxxxxxxxxxxxxxxxxxxxxxxxxxxxxxxxxxxxxxxxxxxxxxxxxxxxxxxxxxxxxxxxxxxxxxxxxxxxxxxxxxxxxxxxxxxxxxxxxxxxxxxxxxxxxxxxxxxxxxxxxxxxxxxxxxxxxxxxxxxxxxxxxxxxxxxxxxxxxxxxxxxxxxxxxxxxxxxxxxxxxxxxxxxxxxxxxxxxxxxxxxxxxxxxxxxxxxxxxxxxxxxxxxxxxxxxxxxxxxxxxxxxxxxxxxxxxxxxxxxxxxxxxxxxxxxxxxxxxxxxxxxxxxxxxxxxxxxxxxxxxxxxxxxxxxxxxxxxxxxxxxxxxxxxxxxxxxxxxxxxxxxxxxxxxxxxxxxxxxxxxxxxxxxxxxxxxxxxxxxxxxxxxxxxxxxxxxxxxxxxxxxxxxxxxxxxxxxxxxxxxxxxxxxxxxxxxxxxxxxxxxxxxxxxxxxxxxxxxxxxxxxxxxxxxxxxxxxxxxxxxxxxxxxxxxxxxxxxxxxxxxxxxxxxxxxxxxxxxxxxxxxxxxxxxxxxxxxxxxxxxxxxxxxxxxxxxxxxxxxxxxxxxxxxxxxxxxxxxxxxxxxxxxxxxxxxxxxxxxxxxxxxxxxxxxxxxxxxxxxxxxxxxxxxxxxxxxxxxxxxxxxxxxxxxxxxxxxxxxxxxxxxxxxxxxxxxxxxxxxxxxxxxxxxxxxxxxxxxxxxxxxxxxxxxxxxxxxxxxxxxxxxxxxxxxxxxxxxxxxxxxxxxxxxxxxxxxxxxxxxxxxxxxxxxxxxxxxxxxxxxxxxxxxxxxxxxxxxxxxxxxxxxxxxxxxxxxxxxxxxxxxxxxxxxxxxxxxxxxxxxxxxxxxxxxxxxxxxxxxxxxxxxxxxxxxxxxxxxxxxxxxxxxxxxxxxxxxxxxxxxxxxxxxxxxxxxxxxxxxxxxxxxxxxxxxxxxxxxxxxxxxxxxxxxxxxxxxxxxxxxxxxxxxxxxxxxxxxxxxxxxxxxxxxxxxxxxxxxxxxxxxxxxxxxxxxxxxxxxxxxxxxxxxxxxxxxxxxxxxxxxxxxxxxxxxxxxxxxxxxxxxxxxxxxxxxxxxxxxxxxxxxxxxxxxxxxxxxxxxxxxxxxxxxxxxxxxxxxxxxxxxxxxxxxxxxxxxxxxxxxxxxxxxxxxxxxxxxxxxxxxxxxxxxxxxxxxxxxxxxxxxxxxxxxxxxxxxxxxxxxxxxxxxxxxxxxxxxxxxxxxxxxxxxxxxxxxxxxxxxxxxxxxxxxxxxxxxxxxxxxxxxxxxxxxxxxxxxxxxxxxxxxxxxxxxxxxxxxxxxxxxxxxxxxxxxxxxxxxxxxxxxxxxxxxxxxxxxxxxxxxxxxxxxxxxxxxxxxxxxxxxxxxxxxxxxxxxxxxxxxxxxxxxxxxxxxxxxxxxxxxxxxxxxxxxxxxxxxxxxxxxxxxxxxxxxxxxxxxxxxxxxxxxxxxxxxxxxxxxxxxxxxxxxxxxxxxxxxxxxxxxxxxxxxxxxxxxxxxxxxxxxxxxxxxxxxxxxxxxxxxxxxxxxxxxxxxxxxxxxxxxxxxxxxxxxxxxxxxxxxxxxxxxxxxxxxxxxxxxxxxxxxxxxxxxxxxxxxxxxxxxxxxxxxxxxxxxxxxxxxxxxxxxxxxxxxxxxxxxxxxxxxxxxxxxxxxxxxxxxxxxxxxxxxxxxxxxxxxxxxxxxxxxxxxxxxxxxxxxxxxxxxxxxxxxxxxxxxxxxxxxxxxxxxxxxxxxxxxxxxxxxxxxxxxxxxxxxxxxxxxxxxxxxxxxxxxxxxxxxxxxxxxxxxxxxxxxxxxxxxxxxxxxxxxxxxxxxxxxxxxxxxxxxxxxxxxxxxxxxxxxxxxxxxxxxxxxxxxxxxxxxxxxxxxxxxxxxxxxxxxxxxxxxxxxxxxxxxxxxxxxxxxxxxxxxxxxxxxxxxxxxxxxxxxxxxxxxxxxxxxxxxxxxxxxxxxxxxxxxxxxxxxxxxxxxxxxxxxxxxxxxxxxxxxxxxxxxxxxxxxxxxxxxxxxxxxxxxxxxxxxxxxxxxxxxxxxxxxxxxxxxxxxxxxxxxxxxxxxxxxxxxxxxxxxxxxxxxxxxxxxxxxxxxxxxxxxxxxxxxxxxxxxxxxxxxxxxxxxxxxxxxxxxxxxxxxxxxxxxxxxxxxxxxxxxxxxxxxxxxxxxxxxxxxxxxxxxxxxxxxxxxxxxxxxxxxxxxxxxxxxxxxxxxxxxxxxxxxxxxxxxxxxxxxxxxxxxxxxxxxxxxxxxxxxxxxxxxxxxxxxxxxxxxxxxxxxxxxxxxxxxxxxxxxxxxxxxxxxxxxxxxxxxxxxxxxxxxxxxxxxxxxxxxxxxxxxxxxxxxxxxxxxxxxxxxxxxxxxxxxxxxxxxxxxxxxxxxxxxxxxxxxxxxxxxxxxxxxxxxxxxxxxxxxxxxxxxxxxxxxxxxxxxxxxxxxxxxxxxxxxxxxxxxxxxxxxxxxxxxxxxxxxxxxxxxxxxxxxxxxxxxxxxxxxxxxxxxxxxxxxxxxxxxxxxxxxxxxxxxxxxxxxxxxxxxxxxxxxxxxxxxxxxxxxxxxxxxxxxxxxxxxxxxxxxxxxxxxxxxxxxxxxxxxxxxxxxxxxxxxxxxxxxxxxxxxxxxxxxxxxxxxxxxxxxxxxxxxxxxxxxxxxxxxxxxxxxxxxxxxxxxxxxxxxxxxxxxxxxxxxxxxxxxxxxxxxxxxxxxxxxxxxxxxxxxxxxxxxxxxxxxxxxxxxxxxxxxxxxxxxxxxxxxxxxxxxxxxxxxxxxxxxxxxxxxxxxxxxxxxxxxxxxxxxxxxxxxxxxxxxxxxxxxxxxxxxxxxxxxxxxxxxxxxxxxxxxxxxxxxxxxxxxxxxxxxxxxxxxxxxxxxxxxxxxxxxxxxxxxxxxxxxxxxxxxxxxxxxxxxxxxxxxxxxxxxxxxxxxxxxxxxxxxxxxxxxxxxxxxxxxxxxxxxxxxxxxxxxxxxxxxxxxxxxxxxxxxxxxxxxxxxxxxxxxxxxxxxxxxxxxxxxxxxxxxxxxxxxxxxxxxxxxxxxxxxxxxxxxxxxxxxxxxxxxxxxxxxxxxxxxxxxxxxxxxxxxxxxxxxxxxxxxxxxxxxxxxxxxxxxxxxxxxxxxxxxxxxxxxxxxxxxxxxxxxxxxxxxxxxxxxxxxxxxxxxxxxxxxxxxxxxxxxxxxxxxxxxxxxxxxxxxxxxxxxxxxxxxxxxxxxxxxxxxxxxxxxxxxxxxxxxxxxxxxxxxxxxxxxxxxxxxxxxxxxxxxxxxxxxxxxxxxxxxxxxxxxxxxxxxxxxxxxxxxxxxxxxxxxxxxxxxxxxxxxxxxxxxxxxxxxxxxxxxxxxxxxxxxxxxxxxxxxxxxxxxxxxxxxxxxxxxxxxxxxxxxxxxxxxxxxxxxxxxxxxxxxxxxxxxxxxxxxxxxxxxxxxxxxxxxxxxxxxxxxxxxxxxxxxxxxxxxxxxxxxxxxxxxxxxxxxxxxxxxxxxxxxxxxxxxxxxxxxxxxxxxxxxxxxxxxxxxxxxxxxxxxxxxxxxxxxxxxxxxxxxxxxxxxxxxxxxxxxxxxxxxxxxxxxxxxxxxxxxxxxxxxxxxxxxxxxxxxxxxxxxxxxxxxxxxxxxxxxxxxxxxxxxxxxxxxxxxxxxxxxxxxxxxxxxxxxxxxxxxxxxxxxxxxxxxxxxxxxxxxxxxxxxxxxxxxxxxxxxxxxxxxxxxxxxxxxxxxxxxxxxxxxxxxxxxxxxxxxxxxxxxxxxxxxxxxxxxxxxxxxxxxxxxxxxxxxxxxxxxxxxxxxxxxxxxxxxxxxxxxxxxxxxxxxxxxxxxxxxxxxxxxxxxxxxxxxxxxxxxxxxxxxxxxxxxxxxxxxxxxxxxxxxxxxxxxxxxxxxxxxxxxxxxxxxxxxxxxxxxxxxxxxxxxxxxxxxxxxxxxxxxxxxxxxxxxxxxxxxxxxxxxxxxxxxxxxxxxxxxxxxxxxxxxxxxxxxxxxxxxxxxxxxxxxxxxxxxxxxxxxxxxxxxxxxxxxxxxxxxxxxxxxxxxxxxxxxxxxxxxxxxxxxxxxxxxxxxxxxxxxxxxxxxxxxxxxxxxxxxxxxxxxxxxxxxxxxxxxxxxxxxxxxxxxxxxxxxxxxxxxxxxxxxxxxxxxxxxxxxxxxxxxxxxxxxxxxxxxxxxxxxxxxxxxxxxxxxxxxxxxxxxxxxxxxxxxxxxxxxxxxxxxxxxxxxxxxxxxxxxxxxxxxxxxxxxxxxxxxxxxxxxxxxxxxxxxxxxxxxxxxxxxxxxxxxxxxxxxxxxxxxxxxxxxxxxxxxxxxxxxxxxxxxxxxxxxxxxxxxxxxxxxxxxxxxxxxxxxxxxxxxxxxxxxxxxxxxxxxxxxxxxxxxxxxxxxxxxxxxxxxxxxxxxxxxxxxxxxxxxxxxxxxxxxxxxxxxxxxxxxxxxxxxxxxxxxxxxxxxxxxxxxxxxxxxxxxxxxxxxxxxxxxxxxxxxxxxxxxxxxxxxxxxxxxxxxxxxxxxxxxxxxxxxxxxxxxxxxxxxxxxxxxxxxxxxxxxxxxxxxxxxxxxxxxxxxxxxxxxxxxxxxxxxxxxxxxxxxxxxxxxxxxxxxxxxxxxxxxxxxxxxxxxxxxxxxxxxxxxxxxxxxxxxxxxxxxxxxxxxxxxxxxxxxxxxxxxxxxxxxxxxxxxxxxxxxxxxxxxxxxxxxxxxxxxxxxxxxxxxxxxxxxxxxxxxxxxxxxxxxxxxxxxxxxxxxxxxxxxxxxxxxxxxxxxxxxxxxxxxxxxxxxxxxxxxxxxxxxxxxxxxxxxxxxxxxxxxxxxxxxxxxxxxxxxxxxxxxxxxxxxxxxxxxxxxxxxxxxxxxxxxxxxxxxxxxxxxxxxxxxxxxxxxxxxxxxxxxxxxxxxxxxxxxxxxxxxxxxxxxxxxxxxxxxxxxxxxxxxxxxxxxxxxxxxxxxxxxxxxxxxxxxxxxxxxxxxxxxxxxxxxxxxxxxxxxxxxxxxxxxxxxxxxxxxxxxxxxxxxxxxxxxxxxxxxxxxxxxxxxxxxxxxxxxxxxxxxxxxxxxxxxxxxxxxxxxxxxxxxxxxxxxxxxxxxxxxxxxxxxxxxxxxxxxxxxxxxxxxxxxxxxxxxxxxxxxxxxxxxxxxxxxxxxxxxxxxxxxxxxxxxxxxxxxxxxxxxxxxxxxxxxxxxxxxxxxxxxxxxxxxxxxxxxxxxxxxxxxxxxxxxxxxxxxxxxxxxxxxxxxxxxxxxxxxxxxxxxxxxxxxxxxxxxxxxxxxxxxxxxxxxxxxxxxxxxxxxxxxxxxxxxxxxxxxxxxxxxxxxxxxxxxxxxxxxxxxxxxxxxxxxxxxxxxxxxxxxxxxxxxxxxxxxxxxxxxxxxxxxxxxxxxxxxxxxxxxxxxxxxxxxxxxxxxxxxxxxxxxxxxxxxxxxxxxxxxxxxxxxxxxxxxxxxxxxxxxxxxxxxxxxxxxxxxxxxxxxxxxxxxxxxxxxxxxxxxxxxxxxxxxxxxxxxxxxxxxxxxxxxxxxxxxxxxxxxxxxxxxxxxxxxxxxxxxxxxxxxxxxxxxxxxxxxxxxxxxxxxxxxxxxxxxxxxxxxxxxxxxxxxxxxxxxxxxxxxxxxxxxxxxxxxxxxxxxxxxxxxxxxxxxxxxxxxxxxxxxxxxxxxxxxxxxxxxxxxxxxxxxxxxxxxxxxxxxxxxxxxxxxxxxxxxxxxxxxxxxxxxxxxxxxxxxxxxxxxxxxxxxxxxxxxxxxxxxxxxxxxxxxxxxxxxxxxxxxxxxxxxxxxxxxxxxxxxxxxxxxxxxxxxxxxxxxxxxxxxxxxxxxxxxxxxxxxxxxxxxxxxxxxxxxxxxxxxxxxxxxxxxxxxxxxxxxxxxxxxxxxxxxxxxxxxxxxxxxxxxxxxxxxxxxxxxxxxxxxxxxxxxxxxxxxxxxxxxxxxxxxxxxxxxxxxxxxxxxxxxxxxxxxxxxxxxxxxxxxxxxxxxxxxxxxxxxxxxxxxxxxxxxxxxxxxxxxxxxxxxxxxxxxxxxxxxxxxxxxxxxxxxxxxxxxxxxxxxxxxxxxxxxxxxxxxxxxxxxxxxxxxxxxxxxxxxxxxxxxxxxxxxxxxxxxxxxxxxxxxxxxxxxxxxxxxxxxxxxxxxxxxxxxxxxxxxxxxxxxxxxxxxxxxxxxxxxxxxxxxxxxxxxxxxxxxxxxxxxxxxxxxxxxxxxxxxxxxxxxxxxxxxxxxxxxxxxxxxxxxxxxxxxxxxxxxxxxxxxxxxxxxxxxxxxxxxxxxxxxxxxxxxxxxxxxxxxxxxxxxxxxxxxxxxxxxxxxxxxxxxxxxxxxxxxxxxxxxxxxxxxxxxxxxxxxxxxxxxxxxxxxxxxxxxxxxxxxxxxxxxxxxxxxxxxxxxxxxxxxxxxxxxxxxxxxxxxxxxxxxxxxxxxxxxxxxxxxxxxxxxxxxxxxxxxxxxxxxxxxxxxxxxxxxxxxxxxxxxxxxxxxxxxxxxxxxxxxxxxxxxxxxxxxxxxxxxxxxxxxxxxxxxxxxxxxxxxxxxxxxxxxxxxxxxxxxxxxxxxxxxxxxxxxxxxxxxxxxxxxxxxxxxxxxxxxxxxxxxxxxxxxxxxxxxxxxxxxxxxxxxxxxxxxxxxxxxxxxxxxxxxxxxxxxxxxxxxxxxxxxxxxxxxxxxxxxxxxxxxxxxxxxxxxxxxxxxxxxxxxxxxxxxxxxxxxxxxxxxxxxxxxxxxxxxxxxxxxxxxxxxxxxxxxxxxxxxxxxxxxxxxxxxxxxxxxxxxxxxxxxxxxxxxxxxxxxxxxxxxxxxxxxxxxxxxxxxxxxxxxxxxxxxxxxxxxxxxxxxxxxxxxxxxxxxxxxxxxxxxxxxxxxxxxxxxxxxxxxxxxxxxxxxxxxxxxxxxxxxxxxxxxxxxxxxxxxxxxxxxxxxxxxxxxxxxxxxxxxxxxxxxxxxxxxxxxxxxxxxxxxxxxxxxxxxxxxxxxxxxxxxxxxxxxxxxxxxxxxxxxxxxxxxxxxxxxxxxxxxxxxxxxxxxxxxxxxxxxxxxxxxxxxxxxxxxxxxxxxxxxxxxxxxxxxxxxxxxxxxxxxxxxxxxxxxxxxxxxxxxxxxxxxxxxxxxxxxxxxxxxxxxxxxxxxxxxxxxxxxxxxxxxxxxxxxxxxxxxxxxxxxxxxxxxxxxxxxxxxxxxxxxxxxxxxxxxxxxxxxxxxxxxxxxxxxxxxxxxxxxxxxxxxxxxxxxxxxxxxxxxxxxxxxxxxxxxxxxxxxxxxxxxxxxxxxxxxxxxxxxxxxxxxxxxxxxxxxxxxxxxxxxxxxxxxxxxxxxxxxxxxxxxxxxxxxxxxxxxxxxxxxxxxxxxxxxxxxxxxxxxxxxxxxxxxxxxxxxxxxxxxxxxxxxxxxxxxxxxxxxxxxxxxxxxxxxxxxxxxxxxxxxxxxxxxxxxxxxxxxxxxxxxxxxxxxxxxxxxxxxxxxxxxxxxxxxxxxxxxxxxxxxxxxxxxxxxxxxxxxxxxxxxxxxxxxxxxxxxxxxxxxxxxxxxxxxxxxxxxxxxxxxxxxxxxxxxxxxxxxxxxxxxxxxxxxxxxxxxxxxxxxxxxxxxxxxxxxxxxxxxxxxxxxxxxxxxxxxxxxxxxxxxxxxxxxxxxxxxxxxxxxxxxxxxxxxxxxxxxxxxxxxxxxxxxxxxxxxxxxxxxxxxxxxxxxxxxxxxxxxxxxxxxxxxxxxxxxxxxxxxxxxxxxxxxxxxxxxxxxxxxxxxxxxxxxxxxxxxxxxxxxxxxxxxxxxxxxxxxxxxxxxxxxxxxxxxxxxxxxxxxxxxxxxxxxxxxxxxxxxxxxxxxxxxxxxxxxxxxxxxxxxxxxxxxxxxxxxxxxxxxxxxxxxxxxxxxxxxxxxxxxxxxxxxxxxxxxxxxxxxxxxxxxxxxxxxxxxxxxxxxxxxxxxxxxxxxxxxxxxxxxxxxxxxxxxxxxxxxxxxxxxxxxxxxxxxxxxxxxxxxxxxxxxxxxxxxxxxxxxxxxxxxxxxxxxxxxxxxxxxxxxxxxxxxxxxxxxxxxxxxxxxxxxxxxxxxxxxxxxxxxxxxxxxxxxxxxxxxxxxxxxxxxxxxxxxxxxxxxxxxxxxxxxxxxxxxxxxxxxxxxxxxxxxxxxxxxxxxxxxxxxxxxxxxxxxxxxxxxxxxxxxxxxxxxxxxxxxxxxxxxxxxxxxxxxxxxxxxxxxxxxxxxxxxxxxxxxxxxxxxxxxxxxxxxxxxxxxxxxxxxxxxxxxxxxxxxxxxxxxxxxxxxxxxxxxxxxxxxxxxxxxxxxxxxxxxxxxxxxxxxxxxxxxxxxxxxxxxxxxxxxxxxxxxxxxxxxxxxxxxxxxxxxxxxxxxxxxxxxxxxxxxxxxxxxxxxxxxxxxxxxxxxxxxxxxxxxxxxxxxxxxxxxxxxxxxxxxxxxxxxxxxxxxxxxxxxxxxxxxxxxxxxxxxxxxxxxxxxxxxxxxxxxxxxxxxxxxxxxxxxxxxxxxxxxxxxxxxxxxxxxxxxxxxxxxxxxxxxxxxxxxxxxxxxxxxxxxxxxxxxxxxxxxxxxxxxxxxxxxxxxxxxxxxxxxxxxxxxxxxxxxxxxxxxxxxxxxxxxxxxxxxxxxxxxxxxxxxxxxxxxxxxxxxxxxxxxxxxxxxxxxxxxxxxxxxxxxxxxxxxxxxxxxxxxxxxxxxxxxxxxxxxxxxxxxxxxxxxxxxxxxxxxxxxxxxxxxxxxxxxxxxxxxxxxxxxxxxxxxxxxxxxxxxxxxxxxxxxxxxxxxxxxxxxxxxxxxxxxxxxxxxxxxxxxxxxxxxxxxxxxxxxxxxxxxxxxxxxxxxxxxxxxxxxxxxxxxxxxxxxxxxxxxxxxxxxxxxxxxxxxxxxxxxxxxxxxxxxxxxxxxxxxxxxxxxxxxxxxxxxxxxxxxxxxxxxxxxxxxxxxxxxxxxxxxxxxxxxxxxxxxxxxxxxxxxxxxxxxxxxxxxxxxxxxxxxxxxxxxxxxxxxxxxxxxxxxxxxxxxxxxxxxxxxxxxxxxxxxxxxxxxxxxxxxxxxxxxxxxxxxxxxxxxxxxxxxxxxxxxxxxxxxxxxxxxxxxxxxxxxxxxxxxxxxxxxxxxxxxxxxxxxxxxxxxxxxxxxxxxxxxxxxxxxxxxxxxxxxxxxxxxxxxxxxxxxxxxxxxxxxxxxxxxxxxxxxxxxxxxxxxxxxxxxxxxxxxxxxxxxxxxxxxxxxxxxxxxxxxxxxxxxxxxxxxxxxxxxxxxxxxxxxxxxxxxxxxxxxxxxxxxxxxxxxxxxxxxxxxxxxxxxxxxxxxxxxxxxxxxxxxxxxxxxxxxxxxxxxxxxxxxxxxxxxxxxxxxxxxxxxxxxxxxxxxxxxxxxxxxxxxxxxxxxxxxxxxxxxxxxxxxxxxxxxxxxxxxxxxxxxxxxxxxxxxxxxxxxxxxxxxxxxxxxxxxxxxxxxxxxxxxxxxxxxxxxxxxxxxxxxxxxxxxxxxxxxxxxxxxxxxxxxxxxxxxxxxxxxxxxxxxxxxxxxxxxxxxxxxxxxxxxxxxxxxxxxxxxxxxxxxxxxxxxxxxxxxxxxxxxxxxxxxxxxxxxxxxxxxxxxxxxxxxxxxxxxxxxxxxxxxxxxxxxxxxxxxxxxxxxxxxxxxxxxxxxxxxxxxxxxxxxxxxxxxxxxxxxxxxxxxxxxxxxxxxxxxxxxxxxxxxxxxxxxxxxxxxxxxxxxxxxxxxxxxxxxxxxxxxxxxxxxxxxxxxxxxxxxxxxxxxxxxxxxxxxxxxxxxxxxxxxxxxxxxxxxxxxxxxxxxxxxxxxxxxxxxxxxxxxxxxxxxxxxxxxxxxxxxxxxxxxxxxxxxxxxxxxxxxxxxxxxxxxxxxxxxxxxxxxxxxxxxxxxxxxxxxxxxxxxxxxxxxxxxxxxxxxxxxxxxxxxxxxxxxxxxxxxxxxxxxxxxxxxxxxxxxxxxxxxxxxxxxxxxxxxxxxxxxxxxxxxxxxxxxxxxxxxxxxxxxxxxxxxxxxxxxxxxxxxxxxxxxxxxxxxxxxxxxxxxxxxxxxxxxxxxxxxxxxxxxxxxxxxxxxxxxxxxxxxxxxxxxxxxxxxxxxxxxxxxxxxxxxxxxxxxxxxxxxxxxxxxxxxxxxxxxxxxxxxxxxxxxxxxxxxxxxxxxxxxxxxxxxxxxxxxxxxxxxxxxxxxxxxxxxxxxxxxxxxxxxxxxxxxxxxxxxxxxxxxxxxxxxxxxxxxxxxxxxxxxxxxxxxxxxxxxxxxxxxxxxxxxxxxxxxxxxxxxxxxxxxxxxxxxxxxxxxxxxxxxxxxxxxxxxxxxxxxxxxxxxxxxxxxxxxxxxxxxxxxxxxxxxxxxxxxxxxxxxxxxxxxxxxxxxxxxxxxxxxxxxxxxxxxxxxxxxxxxxxxxxxxxxxxxxxxxxxxxxxxxxxxxxxxxxxxxxxxxxxxxxxxxxxxxxxxxxxxxxxxxxxxxxxxxxxxxxxxxxxxxxxxxxxxxxxxxxxxxxxxxxxxxxxxxxxxxxxxxxxxxxxxxxxxxxxxxxxxxxxxxxxxxxxxxxxxxxxxxxxxxxxxxxxxxxxxxxxxxxxxxxxxxxxxxxxxxxxxxxxxxxxxxxxxxxxxxxxxxxxxxxxxxxxxxxxxxxxxxxxxxxxxxxxxxxxxxxxxxxxxxxxxxxxxxxxxxxxxxxxxxxxxxxxxxxxxxxxxxxxxxxxxxxxxxxxxxxxxxxxxxxxxxxxxxxxxxxxxxxxxxxxxxxxxxxxxxxxxxxxxxxxxxxxxxxxxxxxxxxxxxxxxxxxxxxxxxxxxxxxxxxxxxxxxxxxxxxxxxxxxxxxxxxxxxxxxxxxxxxxxxxxxxxxxxxxxxxxxxxxxxxxxxxxxxxxxxxxxxxxxxxxxxxxxxxxxxxxxxxxxxxxxxxxxxxxxxxxxxxxxxxxxxxxxxxxxxxxxxxxxxxxxxxxxxxxxxxxxxxxxxxxxxxxxxxxxxxxxxxxxxxxxxxxxxxxxxxxxxxxxxxxxxxxxxxxxxxxxxxxxxxxxxxxxxxxxxxxxxxxxxxxxxxxxxxxxxxxxxxxxxxxxxxxxxxxxxxxxxxxxxxxxxxxxxxxxxxxxxxxxxxxxxxxxxxxxxxxxxxxxxxxxxxxxxxxxxxxxxxxxxxxxxxxxxxxxxxxxxxxxxxxxxxxxxxxxxxxxxxxxxxxxxxxxxxxxxxxxxxxxxxxxxxxxxxxxxxxxxxxxxxxxxxxxxxxxxxxxxxxxxxxxxxxxxxxxxxxxxxxxxxxxxxxxxxxxxxxxxxxxxxxxxxxxxxxxxxxxxxxxxxxxxxxxxxxxxxxxxxxxxxxxxxxxxxxxxxxxxxxxxxxxxxxxxxxxxxxxxxxxxxxxxxxxxxxxxxxxxxxxxxxxxxxxxxxxxxxxxxxxxxxxxxxxxxxxxxxxxxxxxxxxxxxxxxxxxxxxxxxxxxxxxxxxxxxxxxxxxxxxxxxxxxxxxxxxxxxxxxxxxxxxxxxxxxxxxxxxxxxxxxxxxxxxxxxxxxxxxxxxxxxxxxxxxxxxxxxxxxxxxxxxxxxxxxxxxxxxxxxxxxxxxxxxxxxxxxxxxxxxxxxxxxxxxxxxxxxxxxxxxxxxxxxxxxxxxxxxxxxxxxxxxxxxxxxxxxxxxxxxxxxxxxxxxxxxxxxxxxxxxxxxxxxxxxxxxxxxxxxxxxxxxxxxxxxxxxxxxxxxxxxxxxxxxxxxxxxxxxxxxxxxxxxxxxxxxxxxxxxxxxxxxxxxxxxxxxxxxxxxxxxxxxxxxxxxxxxxxxxxxxxxxxxxxxxxxxxxxxxxxxxxxxxxxxxxxxxxxxxxxxxxxxxxxxxxxxxxxxxxxxxxxxxxxxxxxxxxxxxxxxxxxxxxxxxxxxxxxxxxxxxxxxxxxxxxxxxxxxxxxxxxxxxxxxxxxxxxxxxxxxxxxxxxxxxxxxxxxxxxxxxxxxxxxxxxxxxxxxxxxxxxxxxxxxxxxxxxxxxxxxxxxxxxxxxxxxxxxxxxxxxxxxxxxxxxxxxxxxxxxxxxxxxxxxxxxxxxxxxxxxxxxxxxxxxxxxxxxxxxxxxxxxxxxxxxxxxxxxxxxxxxxxxxxxxxxxxxxxxxxxxxxxxxxxxxxxxxxxxxxxxxxxxxxxxxxxxxxxxxxxxxxxxxxxxxxxxxxxxxxxxxxxxxxxxxxxxxxxxxxxxxxxxxxxxxxxxxxxxxxxxxxxxxxxxxxxxxxxxxxxxxxxxxxxxxxxxxxxxxxxxxxxxxxxxxxxxxxxxxxxxxxxxxxxxxxxxxxxxxxxxxxxxxxxxxxxxxxxxxxxxxxxxxxxxxxxxxxxxxxxxxxxxxxxxxxxxxxxxxxxxxxxxxxxxxxxxxxxxxxxxxxxxxxxxxxxxxxxxxxxxxxxxxxxxxxxxxxxxxxxxxxxxxxxxxxxxxxxxxxxxxxxxxxxxxxxxxxxxxxxxxxxxxxxxxxxxxxxxxxxxxxxxxxxxxxxxxxxxxxxxxxxxxxxxxxxxxxxxxxxxxxxxxxxxxxxxxxxxxxxxxxxxxxxxxxxxxxxxxxxxxxxxxxxxxxxxxxxxxxxxxxxxxxxxxxxxxxxxxxxxxxxxxxxxxxxxxxxxxxxxxxxxxxxxxxxxxxxxxxxxxxxxxxxxxxxxxxxxxxxxxxxxxxxxxxxxxxxxxxxxxxxxxxxxxxxxxxxxxxxxxxxxxxxxxxxxxxxxxxxxxxxxxxxxxxxxxxxxxxxxxxxxxxxxxxxxxxxxxxxxxxxxxxxxxxxxxxxxxxxxxxxxxxxxxxxxxxxxxxxxxxxxxxxxxxxxxxxxxxxxxxxxxxxxxxxxxxxxxxxxxxxxxxxxxxxxxxxxxxxxxxxxxxxxxxxxxxxxxxxxxxxxxxxxxxxxxxxxxxxxxxxxxxxxxxxxxxxxxxxxxxxxxxxxxxxxxxxxxxxxxxxxxxxxxxxxxxxxxxxxxxxxxxxxxxxxxxxxxxxxxxxxxxxxxxxxxxxxxxxxxxxxxxxxxxxxxxxxxxxxxxxxxxxxxxxxxxxxxxxxxxxxxxxxxxxxxxxxxxxxxxxxxxxxxxxxxxxxxxxxxxxxxxxxxxxxxxxxxxxxxxxxxxxxxxxxxxxxxxxxxxxxxxxxxxxxxxxxxxxxxxxxxxxxxxxxxxxxxxxxxxxxxxxxxxxxxxxxxxxxxxxxxxxxxxxxxxxxxxxxxxxxxxxxxxxxxxxxxxxxxxxxxxxxxxxxxxxxxxxxxxxxxxxxxxxxxxxxxxxxxxxxxxxxxxxxxxxxxxxxxxxxxxxxxxxxxxxxxxxxxxxxxxxxxxxxxxxxxxxxxxxxxxxxxxxxxxxxxxxxxxxxxxxxxxxxxxxxxxxxxxxxxxxxxxxxxxxxxxxxxxxxxxxxxxxxxxxxxxxxxxxxxxxxxxxxxxxxxxxxxxxxxxxxxxxxxxxxxxxxxxxxxxxxxxxxxxxxxxxxxxxxxxxxxxxxxxxxxxxxxxxxxxxxxxxxxxxxxxxxxxxxxxxxxxxxxxxxxxxxxxxxxxxxxxxxxxxxxxxxxxxxxxxxxxxxxxxxxxxxxxxxxxxxxxxxxxxxxxxxxxxxxxxxxxxxxxxxxxxxxxxxxxxxxxxxxxxxxxxxxxxxxxxxxxxxxxxxxxxxxxxxxxxxxxxxxxxxxxxxxxxxxxxxxxxxxxxxxxxxxxxxxxxxxxxxxxxxxxxxxxxxxxxxxxxxxxxxxxxxxxxxxxxxxxxxxxxxxxxxxxxxxxxxxxxxxxxxxxxxxxxxxxxxxxxxxxxxxxxxxxxxxxxxxxxxxxxxxxxxxxxxxxxxxxxxxxxxxxxxxxxxxxxxxxxxxxxxxxxxxxxxxxxxxxxxxxxxxxxxxxxxxxxxxxxxxxxxxxxxxxxxxxxxxxxxxxxxxxxxxxxxxxxxxxxxxxxxxxxxxxxxxxxxxxxxxxxxxxxxxxxxxxxxxxxxxxxxxxxxxxxxxxxxxxxxxxxxxxxxxxxxxxxxxxxxxxxxxxxxxxxxxxxxxxxxxxxxxxxxxxxxxxxxxxxxxxxxxxxxxxxxxxxxxxxxxxxxxxxxxxxxxxxxxxxxxxxxxxxxxxxxxxxxxxxxxxxxxxxxxxxxxxxxxxxxxxxxxxxxxxxxxxxxxxxxxxxxxxxxxxxxxxxxxxxxxxxxxxxxxxxxxxxxxxxxxxxxxxxxxxxxxxxxxxxxxxxxxxxxxxxxxxxxxxxxxxxxxxxxxxxxxxxxxxxxxxxxxxxxxxxxxxxxxxxxxxxxxxxxxxxxxxxxxxxxxxxxxxxxxxxxxxxxxxxxxxxxxxxxxxxxxxxxxxxxxxxxxxxxxxxxxxxxxxxxxxxxxxxxxxxxxxxxxxxxxxxxxxxxxxxxxxxxxxxxxxxxxxxxxxxxxxxxxxxxxxxxxxxxxxxxxxxxxxxxxxxxxxxxxxxxxxxxxxxxxxxxxxxxxxxxxxxxxxxxxxxxxxxxxxxxxxxxxxxxxxxxxxxxxxxxxxxxxxxxxxxxxxxxxxxxxxxxxxxxxxxxxxxxxxxxxxxxxxxxxxxxxxxxxxxxxxxxxxxxxxxxxxxxxxxxxxxxxxxxxxxxxxxxxxxxxxxxxxxxxxxxxxxxxxxxxxxxxxxxxxxxxxxxxxxxxxxxxxxxxxxxxxxxxxxxxxxxxxxxxxxxxxxxxxxxxxxxxxxxxxxxxxxxxxxxxxxxxxxxxxxxxxxxxxxxxxxxxxxxxxxxxxxxxxxxxxxxxxxxxxxxxxxxxxxxxxxxxxxxxxxxxxxxxxxxxxxxxxxxxxxxxxxxxxxxxxxxxxxxxxxxxxxxxxxxxxxxxxxxxxxxxxxxxxxxxxxxxxxxxxxxxxxxxxxxxxxxxxxxxxxxxxxxxxxxxxxxxxxxxxxxxxxxxxxxxxxxxxxxxxxxxxxxxxxxxxxxxxxxxxxxxxxxxxxxxxxxxxxxxxxxxxxxxxxxxxxxxxxxxxxxxxxxxxxxxxxxxxxxxxxxxxxxxxxxxxxxxxxxxxxxxxxxxxxxxxxxxxxxxxxxxxxxxxxxxxxxxxxxxxxxxxxxxxxxxxxxxxxxxxxxxxxxxxxxxxxxxxxxxxxxxxxxxxxxxxxxxxxxxxxxxxxxxxxxxxxxxxxxxxxxxxxxxxxxxxxxxxxxxxxxxxxxxxxxxxxxxxxxxxxxxxxxxxxxxxxxxxxxxxxxxxxxxxxxxxxxxxxxxxxxxxxxxxxxxxxxxxxxxxxxxxxxxxxxxxxxxxxxxxxxxxxxxxxxxxxxxxxxxxxxxxxxxxxxxxxxxxxxxxxxxxxxxxxxxxxxxxxxxxxxxxxxxxxxxxxxxxxxxxxxxxxxxxxxxxxxxxxxxxxxxxxxxxxxxxxxxxxxxxxxxxxxxxxxxxxxxxxxxxxxxxxxxxxxxxxxxxxxxxxxxxxxxxxxxxxxxxxxxxxxxxxxxxxxxxxxxxxxxxxxxxxxxxxxxxxxxxxxxxxxxxxxxxxxxxxxxxxxxxxxxxxxxxxxxxxxxxxxxxxxxxxxxxxxxxxxxxxxxxxxxxxxxxxxxxxxxxxxxxxxxxxxxxxxxxxxxxxxxxxxxxxxxxxxxxxxxxxxxxxxxxxxxxxxxxxxxxxxxxxxxxxxxxxxxxxxxxxxxxxxxxxxxxxxxxxxxxxxxxxxxxxxxxxxxxxxxxxxxxxxxxxxxxxxxxxxxxxxxxxxxxxxxxxxxxxxxxxxxxxxxxxxxxxxxxxxxxxxxxxxxxxxxxxxxxxxxxxxxxxxxxxxxxxxxxxxxxxxxxxxxxxxxxxxxxxxxxxxxxxxxxxxxxxxxxxxxxxxxxxxxxxxxxxxxxxxxxxxxxxxxxxxxxxxxxxxxxxxxxxxxxxxxxxxxxxxxxxxxxxxxxxxxxxxxxxxxxxxxxxxxxxxxxxxxxxxxxxxxxxxxxxxxxxxxxxxxxxxxxxxxxxxxxxxxxxxxxxxxxxxxxxxxxxxxxxxxxxxxxxxxxxxxxxxxxxxxxxxxxxxxxxxxxxxxxxxxxxxxxxxxxxxxxxxxxxxxxxxxxxxxxxxxxxxxxxxxxxxxxxxxxxxxxxxxxxxxxxxxxxxxxxxxxxxxxxxxxxxxxxxxxxxxxxxxxxxxxxxxxxxxxxxxxxxxxxxxxxxxxxxxxxxxxxxxxxxxxxxxxxxxxxxxxxxxxxxxxxxxxxxxxxxxxxxxxxxxxxxxxxxxxxxxxxxxxxxxxxxxxxxxxxxxxxxxxxxxxxxxxxxxxxxxxxxxxxxxxxxxxxxxxxxxxxxxxxxxxxxxxxxxxxxxxxxxxxxxxxxxxxxxxxxxxxxxxxxxxxxxxxxxxxxxxxxxxxxxxxxxxxxxxxxxxxxxxxxxxxxxxxxxxxxxxxxxxxxxxxxxxxxxxxxxxxxxxxxxxxxxxxxxxxxxxxxxxxxxxxxxxxxxxxxxxxxxxxxxxxxxxxxxxxxxxxxxxxxxxxxxxxxxxxxxxxxxxxxxxxxxxxxxxxxxxxxxxxxxxxxxxxxxxxxxxxxxxxxxxxxxxxxxxxxxxxxxxxxxxxxxxxxxxxxxxxxxxxxxxxxxxxxxxxxxxxxxxxxxxxxxxxxxxxxxxxxxxxxxxxxxxxxxxxxxxxxxxxxxxxxxxxxxxxxxxxxxxxxxxxxxxxxxxxxxxxxxxxxxxxxxxxxxxxxxxxxxxxxxxxxxxxxxxxxxxxxxxxxxxxxxxxxxxxxxxxxxxxxxxxxxxxxxxxxxxxxxxxxxxxxxxxxxxxxxxxxxxxxxxxxxxxxxxxxxxxxxxxxxxxxxxxxxxxxxxxxxxxxxxxxxxxxxxxxxxxxxxxxxxxxxxxxxxxxxxxxxxxxxxxxxxxxxxxxxxxxxxxxxxxxxxxxxxxxxxxxxxxxxxxxxxxxxxxxxxxxxxxxxxxxxxxxxxxxxxxxxxxxxxxxxxxxxxxxxxxxxxxxxxxxxxxxxxxxxxxxxxxxxxxxxxxxxxxxxxxxxxxxxxxxxxxxxxxxxxxxxxxxxxxxxxxxxxxxxxxxxxxxxxxxxxxxxxxxxxxxxxxxxxxxxxxxxxxxxxxxxxxxxxxxxxxxxxxxxxxxxxxxxxxxxxxxxxxxxxxxxxxxxxxxxxxxxxxxxxxxxxxxxxxxxxxxxxxxxxxxxxxxxxxxxxxxxxxxxxxxxxxxxxxxxxxxxxxxxxxxxxxxxxxxxxxxxxxxxxxxxxxxxxxxxxxxxxxxxxxxxxxxxxxxxxxxxxxxxxxxxxxxxxxxxxxxxxxxxxxxxxxxxxxxxxxxxxxxxxxxxxxxxxxxxxxxxxxxxxxxxxxxxxxxxxxxxxxxxxxxxxxxxxxxxxxxxxxxxxxxxxxxxxxxxxxxxxxxxxxxxxxxxxxxxxxxxxxxxxxxxxxxxxxxxxxxxxxxxxxxxxxxxxxxxxxxxxxxxxxxxxxxxxxxxxxxxxxxxxxxxxxxxxxxxxxxxxxxxxxxxxxxxxxxxxxxxxxxxxxxxxxxxxxxxxxxxxxxxxxxxxxxxxxxxxxxxxxxxxxxxxxxxxxxxxxxxxxxxxxxxxxxxxxxxxxxxxxxxxxxxxxxxxxxxxxxxxxxxxxxxxxxxxxxxxxxxxxxxxxxxxxxxxxxxxxxxxxxxxxxxxxxxxxxxxxxxxxxxxxxxxxxxxxxxxxxxxxxxxxxxxxxxxxxxxxxxxxxxxxxxxxxxxxxxxxxxxxxxxxxxxxxxxxxxxxxxxxxxxxxxxxxxxxxxxxxxxxxxxxxxxxxxxxxxxxxxxxxxxxxxxxxxxxxxxxxxxxxxxxxxxxxxxxxxxxxxxxxxxxxxxxxxxxxxxxxxxxxxxxxxxxxxxxxxxxxxxxxxxxxxxxxxxxxxxxxxxxxxxxxxxxxxxxxxxxxxxxxxxxxxxxxxxxxxxxxxxxxxxxxxxxxxxxxxxxxxxxxxxxxxxxxxxxxxxxxxxxxxxxxxxxxxxxxxxxxxxxxxxxxxxxxxxxxxxxxxxxxxxxxxxxxxxxxxxxxxxxxxxxxxxxxxxxxxxxxxxxxxxxxxxxxxxxxxxxxxxxxxxxxxxxxxxxxxxxxxxxxxxxxxxxxxxxxxxxxxxxxxxxxxxxxxxxxxxxxxxxxxxxxxxxxxxxxxxxxxxxxxxxxxxxxxxxxxxxxxxxxxxxxxxxxxxxxxxxxxxxxxxxxxxxxxxxxxxxxxxxxxxxxxxxxxxxxxxxxxxxxxxxxxxxxxxxxxxxxxxxxxxxxxxxxxxxxxxxxxxxxxxxxxxxxxxxxxxxxxxxxxxxxxxxxxxxxxxxxxxxxxxxxxxxxxxxxxxxxxxxxxxxxxxxxxxxxxxxxxxxxxxxxxxxxxxxxxxxxxxxxxxxxxxxxxxxxxxxxxxxxxxxxxxxxxxxxxxxxxxxxxxxxxxxxxxxxxxxxxxxxxxxxxxxxxxxxxxxxxxxxxxxxxxxxxxxxxxxxxxxxxxxxxxxxxxxxxxxxxxxxxxxxxxxxxxxxxxxxxxxxxxxxxxxxxxxxxxxxxxxxxxxxxxxxxxxxxxxxxxxxxxxxxxxxxxxxxxxxxxxxxxxxxxxxxxxxxxxxxxxxxxxxxxxxxxxxxxxxxxxxxxxxxxxxxxxxxxxxxxxxxxxxxxxxxxxxxxxxxxxxxxxxxxxxxxxxxxxxxxxxxxxxxxxxxxxxxxxxxxxxxxxxxxxxxxxxxxxxxxxxxxxxxxxxxxxxxxxxxxxxxxxxxxxxxxxxxxxxxxxxxxxxxxxxxxxxxxxxxxxxxxxxxxxxxxxxxxxxxxxxxxxxxxxxxxxxxxxxxxxxxxxxxxxxxxxxxxxxxxxxxxxxxxxxxxxxxxxxxxxxxxxxxxxxxxxxxxxxxxxxxxxxxxxxxxxxxxxxxxxxxxxxxxxxxxxxxxxxxxxxxxxxxxxxxxxxxxxxxxxxxxxxxxxxxxxxxxxxxxxxxxxxxxxxxxxxxxxxxxxxxxxxxxxxxxxxxxxxxxxxxxxxxxxxxxxxxxxxxxxxxxxxxxxxxxxxxxxxxxxxxxxxxxxxxxxxxxxxxxxxxxxxxxxxxxxxxxxxxxxxxxxxxxxxxxxxxxxxxxxxxxxxxxxxxxxxxxxxxxxxxxxxxxxxxxxxxxxxxxxxxxxxxxxxxxxxxxxxxxxxxxxxxxxxxxxxxxxxxxxxxxxxxxxxxxxxxxxxxxxxxxxxxxxxxxxxxxxxxxxxxxxxxxxxxxxxxxxxxxxxxxxxxxxxxxxxxxxxxxxxxxxxxxxxxxxxxxxxxxxxxxxxxxxxxxxxxxxxxxxxxxxxxxxxxxxxxxxxxxxxxxxxxxxxxxxxxxxxxxxxxxxxxxxxxxxxxxxxxxxxxxxxxxxxxxxxxxxxxxxxxxxxxxxxxxxxxxxxxxxxxxxxxxxxxxxxxxxxxxxxxxxxxxxxxxxxxxxxxxxxxxxxxxxxxxxxxxxxxxxxxxxxxxxxxxxxxxxxxxxxxxxxxxxxxxxxxxxxxxxxxxxxxxxxxxxxxxxxxxxxxxxxxxxxxxxxxxxxxxxxxxxxxxxxxxxxxxxxxxxxxxxxxxxxxxxxxxxxxxxxxxxxxxxxxxxxxxxxxxxxxxxxxxxxxxxxxxxxxxxxxxxxxxxxxxxxxxxxxxxxxxxxxxxxxxxxxxxxxxxxxxxxxxxxxxxxxxxxxxxxxxxxxxxxxxxxxxxxxxxxxxxxxxxxxxxxxxxxxxxxxxxxxxxxxxxxxxxxxxxxxxxxxxxxxxxxxxxxxxxxxxxxxxxxxxxxxxxxxxxxxxxxxxxxxxxxxxxxxxxxxxxxxxxxxxxxxxxxxxxxxxxxxxxxxxxxxxxxxxxxxxxxxxxxxxxxxxxxxxxxxxxxxxxxxxxxxxxxxxxxxxxxxxxxxxxxxxxxxxxxxxxxxxxxxxxxxxxxxxxxxxxxxxxxxxxxxxxxxxxxxxxxxxxxxxxxxxxxxxxxxxxxxxxxxxxxxxxxxxxxxxxxxxxxxxxxxxxxxxxxxxxxxxxxxxxxxxxxxxxxxxxxxxxxxxxxxxxxxxxxxxxxxxxxxxxxxxxxxxxxxxxxxxxxxxxxxxxxxxxxxxxxxxxxxxxxxxxxxxxxxxxxxxxxxxxxxxxxxxxxxxxxxxxxxxxxxxxxxxxxxxxxxxxxxxxxxxxxxxxxxxxxxxxxxxxxxxxxxxxxxxxxxxxxxxxxxxxxxxxxxxxxxxxxxxxxxxxxxxxxxxxxxxxxxxxxxxxxxxxxxxxxxxxxxxxxxxxxxxxxxxxxxxxxxxxxxxxxxxxxxxxxxxxxxxxxxxxxxxxxxxxxxxxxxxxxxxxxxxxxxxxxxxxxxxxxxxxxxxxxxxxxxxxxxxxxxxxxxxxxxxxxxxxxxxxxxxxxxxxxxxxxxxxxxxxxxxxxxxxxxxxxxxxxxxxxxxxxxxxxxxxxxxxxxxxxxxxxxxxxxxxxxxxxxxxxxxxxxxxxxxxxxxxxxxxxxxxxxxxxxxxxxxxxxxxxxxxxxxxxxxxxxxxxxxxxxxxxxxxxxxxxxxxxxxxxxxxxxxxxxxxxxxxxxxxxxxxxxxxxxxxxxxxxxxxxxxxxxxxxxxxxxxxxxxxxxxxxxxxxxxxxxxxxxxxxxxxxxxxxxxxxxxxxxxxxxxxxxxxxxxxxxxxxxxxxxxxxxxxxxxxxxxxxxxxxxxxxxxxxxxxxxxxxxxxxxxxxxxxxxxxxxxxxxxxxxxxxxxxxxxxxxxxxxxxxxxxxxxxxxxxxxxxxxxxxxxxxxxxxxxxxxxxxxxxxxxxxxxxxxxxxxxxxxxxxxxxxxxxxxxxxxxxxxxxxxxxxxxxxxxxxxxxxxxxxxxxxxxxxxxxxxxxxxxxxxxxxxxxxxxxxxxxxxxxxxxxxxxxxxxxxxxxxxxxxxxxxxxxxxxxxxxxxxxxxxxxxxxxxxxxxxxxxxxxxxxxxxxxxxxxxxxxxxxxxxxxxxxxxxxxxxxxxxxxxxxxxxxxxxxxxxxxxxxxxxxxxxxxxxxxxxxxxxxxxxxxxxxxxxxxxxxxxxxxxxxxxxxxxxxxxxxxxxxxxxxxxxxxxxxxxxxxxxxxxxxxxxxxxxxxxxxxxxxxxxxxxxxxxxxxxxxxxxxxxxxxxxxxxxxxxxxxxxxxxxxxxxxxxxxxxxxxxxxxxxxxxxxxxxxxxxxxxxxxxxxxxxxxxxxxxxxxxxxxxxxxxxxxxxxxxxxxxxxxxxxxxxxxxxxxxxxxxxxxxxxxxxxxxxxxxxxxxxxxxxxxxxxxxxxxxxxxxxxxxxxxxxxxxxxxxxxxxxxxxxxxxxxxxxxxxxxxxxxxxxxxxxxxxxxxxxxxxxxxxxxxxxxxxxxxxxxxxxxxxxxxxxxxxxxxxxxxxxxxxxxxxxxxxxxxxxxxxxxxxxxxxxxxxxxxxxxxxxxxxxxxxxxxxxxxxxxxxxxxxxxxxxxxxxxxxxxxxxxxxxxxxxxxxxxxxxxxxxxxxxxxxxxxxxxxxxxxxxxxxxxxxxxxxxxxxxxxxxxxxxxxxxxxxxxxxxxxxxxxxxxxxxxxxxxxxxxxxxxxxxxxxxxxxxxxxxxxxxxxxxxxxxxxxxxxxxxxxxxxxxxxxxxxxxxxxxxxxxxxxxxxxxxxxxxxxxxxxxxxxxxxxxxxxxxxxxxxxxxxxxxxxxxxxxxxxxxxxxxxxxxxxxxxxxxxxxxxxxxxxxxxxxxxxxxxxxxxxxxxxxxxxxxxxxxxxxxxxxxxxxxxxxxxxxxxxxxxxxxxxxxxxxxxxxxxxxxxxxxxxxxxxxxxxxxxxxxxxxxxxxxxxxxxxxxxxxxxxxxxxxxxxxxxxxxxxxxxxxxxxxxxxxxxxxxxxxxxxxxxxxxxxxxxxxxxxxxxxxxxxxxxxxxxxxxxxxxxxxxxxxxxxxxxxxxxxxxxxxxxxxxxxxxxxxxxxxxxxxxxxxxxxxxxxxxxxxxxxxxxxxxxxxxxxxxxxxxxxxxxxxxxxxxxxxxxxxxxxxxxxxxxxxxxxxxxxxxxxxxxxxxxxxxxxxxxxxxxxxxxxxxxxxxxxxxxxxxxxxxxxxxxxxxxxxxxxxxxxxxxxxxxxxxxxxxxxxxxxxxxxxxxxxxxxxxxxxxxxxxxxxxxxxxxxxxxxxxxxxxxxxxxxxxxxxxxxxxxxxxxxxxxxxxxxxxxxxxxxxxxxxxxxxxxxxxxxxxxxxxxxxxxxxxxxxxxxxxxxxxxxxxxxxxxxxxxxxxxxxxxxxxxxxxxxxxxxxxxxxxxxxxxxxxxxxxxxxxxxxxxxxxxxxxxxxxxxxxxxxxxxxxxxxxxxxxxxxxxxxxxxxxxxxxxxxxxxxxxxxxxxxxxxxxxxxxxxxxxxxxxxxxxxxxxxxxxxxxxxxxxxxxxxxxxxxxxxxxxxxxxxxxxxxxxxxxxxxxxxxxxxxxxxxxxxxxxxxxxxxxxxxxxxxxxxxxxxxxxxxxxxxxxxxxxxxxxxxxxxxxxxxxxxxxxxxxxxxxxxxxxxxxxxxxxxxxxxxxxxxxxxxxxxxxxxxxxxxxxxxxxxxxxxxxxxxxxxxxxxxxxxxxxxxxxxxxxxxxxxxxxxxxxxxxxxxxxxxxxxxxxxxxxxxxxxxxxxxxxxxxxxxxxxxxxxxxxxxxxxxxxxxxxxxxxxxxxxxxxxxxxxxxxxxxxxxxxxxxxxxxxxxxxxxxxxxxxxxxxxxxxxxxxxxxxxxxxxxxxxxxxxxxxxxxxxxxxxxxxxxxxxxxxxxxxxxxxxxxxxxxxxxxxxxxxxxxxxxxxxxxxxxxxxxxxxxxxxxxxxxxxxxxxxxxxxxxxxxxxxxxxxxxxxxxxxxxxxxxxxxxxxxxxxxxxxxxxxxxxxxxxxxxxxxxxxxxxxxxxxxxxxxxxxxxxxxxxxxxxxxxxxxxxxxxxxxxxxxxxxxxxxxxxxxxxxxxxxxxxxxxxxxxxxxxxxxxxxxxxxxxxxxxxxxxxxxxxxxxxxxxxxxxxxxxxxxxxxxxxxxxxxxxxxxxxxxxxxxxxxxxxxxxxxxxxxxxxxxxxxxxxxxxxxxxxxxxxxxxxxxxxxxxxxxxxxxxxxxxxxxxxxxxxxxxxxxxxxxxxxxxxxxxxxxxxxxxxxxxxxxxxxxxxxxxxxxxxxxxxxxxxxxxxxxxxxxxxxxxxxxxxxxxxxxxxxxxxxxxxxxxxxxxxxxxxxxxxxxxxxxxxxxxxxxxxxxxxxxxxxxxxxxxxxxxxxxxxxxxxxxxxxxxxxxxxxxxxxxxxxxxxxxxxxxxxxxxxxxxxxxxxxxxxxxxxxxxxxxxxxxxxxxxxxxxxxxxxxxxxxxxxxxxxxxxxxxxxxxxxxxxxxxxxxxxxxxxxxxxxxxxxxxxxxxxxxxxxxxxxxxxxxxxxxxxxxxxxxxxxxxxxxxxxxxxxxxxxxxxxxxxxxxxxxxxxxxxxxxxxxxxxxxxxxxxxxxxxxxxxxxxxxxxxxxxxxxxxxxxxxxxxxxxxxxxxxxxxxxxxxxxxxxxxxxxxxxxxxxxxxxxxxxxxxxxxxxxxxxxxxxxxxxxxxxxxxxxxxxxxxxxxxxxxxxxxxxxxxxxxxxxxxxxxxxxxxxxxxxxxxxxxxxxxxxxxxxxxxxxxxxxxxxxxxxxxxxxxxxxxxxxxxxxxxxxxxxxxxxxxxxxxxxxxxxxxxxxxxxxxxxxxxxxxxxxxxxxxxxxxxxxxxxxxxxxxxxxxxxxxxxxxxxxxxxxxxxxxxxxxxxxxxxxxxxxxxxxxxxxxxxxxxxxxxxxxxxxxxxxxxxxxxxxxxxxxxxxxxxxxxxxxxxxxxxxxxxxxxxxxxxxxxxxxxxxxxxxxxxxxxxxxxxxxxxxxxxxxxxxxxxxxxxxxxxxxxxxxxxxxxxxxxxxxxxxxxxxxxxxxxxxxxxxxxxxxxxxxxxxxxxxxxxxxxxxxxxxxxxxxxxxxxxxxxxxxxxxxxxxxxxxxxxxxxxxxxxxxxxxxxxxxxxxxxxxxxxxxxxxxxxxxxxxxxxxxxxxxxxxxxxxxxxxxxxxxxxxxxxxxxxxxxxxxxxxxxxxxxxxxxxxxxxxxxxxxxxxxxxxxxxxxxxxxxxxxxxxxxxxxxxxxxxxxxxxxxxxxxxxxxxxxxxxxxxxxxxxxxxxxxxxxxxxxxxxxxxxxxxxxxxxxxxxxxxxxxxxxxxxxxxxxxxxxxxxxxxxxxxxxxxxxxxxxxxxxxxxxxxxxxxxxxxxxxxxxxxxxxxxxxxxxxxxxxxxxxxxxxxxxxxxxxxxxxxxxxxxxxxxxxxxxxxxxxxxxxxxxxxxxxxxxxxxxxxxxxxxxxxxxxxxxxxxxxxxxxxxxxxxxxxxxxxxxxxxxxxxxxxxxxxxxxxxxxxxxxxxxxxxxxxxxxxxxxxxxxxxxxxxxxxxxxxxxxxxxxxxxxxxxxxxxxxxxxxxxxxxxxxxxxxxxxxxxxxxxxxxxxxxxxxxxxxxxxxxxxxxxxxxxxxxxxxxxxxxxxxxxxxxxxxxxxxxxxxxxxxxxxxxxxxxxxxxxxxxxxxxxxxxxxxxxxxxxxxxxxxxxxxxxxxxxxxxxxxxxxxxxxxxxxxxxxxxxxxxxxxxxxxxxxxxxxxxxxxxxxxxxxxxxxxxxxxxxxxxxxxxxxxxxxxxxxxxxxxxxxxxxxxxxxxxxxxxxxxxxxxxxxxxxxxxxxxxxxxxxxxxxxxxxxxxxxxxxxxxxxxxxxxxxxxxxxxxxxxxxxxxxxxxxxxxxxxxxxxxxxxxxxxxxxxxxxxxxxxxxxxxxxxxxxxxxxxxxxxxxxxxxxxxxxxxxxxxxxxxxxxxxxxxxxxxxxxxxxxxxxxxxxxxxxxxxxxxxxxxxxxxxxxxxxxxxxxxxxxxxxxxxxxxxxxxxxxxxxxxxxxxxxxxxxxxxxxxxxxxxxxxxxxxxxxxxxxxxxxxxxxxxxxxxxxxxxxxxxxxxxxxxxxxxxxxxxxxxxxxxxxxxxxxxxxxxxxxxxxxxxxxxxxxxxxxxxxxxxxxxxxxxxxxxxxxxxxxxxxxxxxxxxxxxxxxxxxxxxxxxxxxxxxxxxxxxxxxxxxxxxxxxxxxxxxxxxxxxxxxxxxxxxxxxxxxxxxxxxxxxxxxxxxxxxxxxxxxxxxxxxxxxxxxxxxxxxxxxxxxxxxxxxxxxxxxxxxxxxxxxxxxxxxxxxxxxxxxxxxxxxxxxxxxxxxxxxxxxxxxxxxxxxxxxxxxxxxxxxxxxxxxxxxxxxxxxxxxxxxxxxxxxxxxxxxxxxxxxxxxxxxxxxxxxxxxxxxxxxxxxxxxxxxxxxxxxxxxxxxxxxxxxxxxxxxxxxxxxxxxxxxxxxxxxxxxxxxxxxxxxxxxxxxxxxxxxxxxxxxxxxxxxxxxxxxxxxxxxxxxxxxxxxxxxxxxxxxxxxxxxxxxxxxxxxxxxxxxxxxxxxxxxxxxxxxxxxxxxxxxxxxxxxxxxxxxxxxxxxxxxxxxxxxxxxxxxxxxxxxxxxxxxxxxxxxxxxxxxxxxxxxxxxxxxxxxxxxxxxxxxxxxxxxxxxxxxxxxxxxxxxxxxxxxxxxxxxxxxxxxxxxxxxxxxxxxxxxxxxxxxxxxxxxxxxxxxxxxxxxxxxxxxxxxxxxxxxxxxxxxxxxxxxxxxxxxxxxxxxxxxxxxxxxxxxxxxxxxxxxxxxxxxxxxxxxxxxxxxxxxxxxxxxxxxxxxxxxxxxxxxxxxxxxxxxxxxxxxxxxxxxxxxxxxxxxxxxxxxxxxxxxxxxxxxxxxxxxxxxxxxxxxxxxxxxxxxxxxxxxxxxxxxxxxxxxxxxxxxxxxxxxxxxxxxxxxxxxxxxxxxxxxxxxxxxxxxxxxxxxxxxxxxxxxxxxxxxxxxxxxxxxxxxxxxxxxxxxxxxxxxxxxxxxxxxxxxxxxxxxxxxxxxxxxxxxxxxxxxxxxxxx'})\n"
      },
      "teardown": {
        "outcome": "passed"
      }
    },
    {
      "nodeid": "segment/analytics/test/test_consumer.py::TestConsumer::test_max_batch_size",
      "lineno": 171,
      "outcome": "failed",
      "keywords": [
        "test_max_batch_size",
        "TestConsumer",
        "test_consumer.py",
        "test",
        "analytics",
        "segment",
        "segmentio@analytics-python__603632f3__requests__aiohttp",
        ""
      ],
      "setup": {
        "outcome": "passed"
      },
      "call": {
        "outcome": "failed",
        "crash": {
          "path": "D:\\repos\\segmentio@analytics-python__603632f3__requests__aiohttp\\.venv\\Lib\\site-packages\\mock\\mock.py",
          "lineno": 1199,
          "message": "ModuleNotFoundError: No module named 'segment.analytics.request._session'; 'segment.analytics.request' is not a package"
        },
        "traceback": [
          {
            "path": "segment\\analytics\\test\\test_consumer.py",
            "lineno": 193,
            "message": ""
          },
          {
            "path": ".venv\\Lib\\site-packages\\mock\\mock.py",
            "lineno": 1353,
            "message": "in __enter__"
          },
          {
            "path": ".venv\\Lib\\site-packages\\mock\\mock.py",
            "lineno": 1523,
            "message": "in <lambda>"
          },
          {
            "path": ".venv\\Lib\\site-packages\\mock\\mock.py",
            "lineno": 1210,
            "message": "in _importer"
          },
          {
            "path": ".venv\\Lib\\site-packages\\mock\\mock.py",
            "lineno": 1199,
            "message": "ModuleNotFoundError"
          }
        ],
        "longrepr": "self = <analytics.test.test_consumer.TestConsumer testMethod=test_max_batch_size>\n\n    def test_max_batch_size(self):\n        q = Queue()\n        consumer = Consumer(\n            q, 'testsecret', upload_size=100000, upload_interval=3)\n        track = {\n            'type': 'track',\n            'event': 'python event',\n            'userId': 'userId'\n        }\n        msg_size = len(json.dumps(track).encode())\n        # number of messages in a maximum-size batch\n        n_msgs = int(475000 / msg_size)\n    \n        def mock_post_fn(_, data, **kwargs):\n            res = mock.Mock()\n            res.status_code = 200\n            self.assertTrue(len(data.encode()) < 500000,\n                            'batch size (%d) exceeds 500KB limit'\n                            % len(data.encode()))\n            return res\n    \n>       with mock.patch('segment.analytics.request._session.post',\n                        side_effect=mock_post_fn) as mock_post:\n\nsegment\\analytics\\test\\test_consumer.py:193: \n_ _ _ _ _ _ _ _ _ _ _ _ _ _ _ _ _ _ _ _ _ _ _ _ _ _ _ _ _ _ _ _ _ _ _ _ _ _ _ _\n.venv\\Lib\\site-packages\\mock\\mock.py:1353: in __enter__\n    self.target = self.getter()\n.venv\\Lib\\site-packages\\mock\\mock.py:1523: in <lambda>\n    getter = lambda: _importer(target)\n.venv\\Lib\\site-packages\\mock\\mock.py:1210: in _importer\n    thing = _dot_lookup(thing, comp, import_path)\n_ _ _ _ _ _ _ _ _ _ _ _ _ _ _ _ _ _ _ _ _ _ _ _ _ _ _ _ _ _ _ _ _ _ _ _ _ _ _ _\n\nthing = <module 'segment.analytics.request' from 'D:\\\\repos\\\\segmentio@analytics-python__603632f3__requests__aiohttp\\\\segment\\\\analytics\\\\request.py'>\ncomp = '_session', import_path = 'segment.analytics.request._session'\n\n    def _dot_lookup(thing, comp, import_path):\n        try:\n            return getattr(thing, comp)\n        except AttributeError:\n>           __import__(import_path)\nE           ModuleNotFoundError: No module named 'segment.analytics.request._session'; 'segment.analytics.request' is not a package\n\n.venv\\Lib\\site-packages\\mock\\mock.py:1199: ModuleNotFoundError"
      },
      "teardown": {
        "outcome": "passed"
      }
    },
    {
      "nodeid": "segment/analytics/test/test_consumer.py::TestConsumer::test_multiple_uploads_per_interval",
      "lineno": 73,
      "outcome": "failed",
      "keywords": [
        "test_multiple_uploads_per_interval",
        "TestConsumer",
        "test_consumer.py",
        "test",
        "analytics",
        "segment",
        "segmentio@analytics-python__603632f3__requests__aiohttp",
        ""
      ],
      "setup": {
        "outcome": "passed"
      },
      "call": {
        "outcome": "failed",
        "crash": {
          "path": "C:\\Users\\Mohay\\AppData\\Local\\Programs\\Python\\Python312\\Lib\\unittest\\case.py",
          "lineno": 878,
          "message": "AssertionError: 0 != 2"
        },
        "traceback": [
          {
            "path": "segment\\analytics\\test\\test_consumer.py",
            "lineno": 92,
            "message": "AssertionError"
          }
        ],
        "longrepr": "self = <analytics.test.test_consumer.TestConsumer testMethod=test_multiple_uploads_per_interval>\n\n    def test_multiple_uploads_per_interval(self):\n        # Put _upload_size*2_ items in the queue at once, then pause for\n        # _upload_interval_. The consumer should upload 2 times.\n        q = Queue()\n        upload_interval = 0.5\n        upload_size = 10\n        consumer = Consumer(q, 'testsecret', upload_size=upload_size,\n                            upload_interval=upload_interval)\n        with mock.patch('segment.analytics.consumer.post') as mock_post:\n            consumer.start()\n            for i in range(0, upload_size * 2):\n                track = {\n                    'type': 'track',\n                    'event': 'python event %d' % i,\n                    'userId': 'userId'\n                }\n                q.put(track)\n            time.sleep(upload_interval * 1.1)\n>           self.assertEqual(mock_post.call_count, 2)\nE           AssertionError: 0 != 2\n\nsegment\\analytics\\test\\test_consumer.py:92: AssertionError"
      },
      "teardown": {
        "outcome": "passed"
      }
    },
    {
      "nodeid": "segment/analytics/test/test_consumer.py::TestConsumer::test_next",
      "lineno": 16,
      "outcome": "passed",
      "keywords": [
        "test_next",
        "TestConsumer",
        "test_consumer.py",
        "test",
        "analytics",
        "segment",
        "segmentio@analytics-python__603632f3__requests__aiohttp",
        ""
      ],
      "setup": {
        "outcome": "passed"
      },
      "call": {
        "outcome": "passed"
      },
      "teardown": {
        "outcome": "passed"
      }
    },
    {
      "nodeid": "segment/analytics/test/test_consumer.py::TestConsumer::test_next_limit",
      "lineno": 23,
      "outcome": "passed",
      "keywords": [
        "test_next_limit",
        "TestConsumer",
        "test_consumer.py",
        "test",
        "analytics",
        "segment",
        "segmentio@analytics-python__603632f3__requests__aiohttp",
        ""
      ],
      "setup": {
        "outcome": "passed"
      },
      "call": {
        "outcome": "passed"
      },
      "teardown": {
        "outcome": "passed"
      }
    },
    {
      "nodeid": "segment/analytics/test/test_consumer.py::TestConsumer::test_pause",
      "lineno": 166,
      "outcome": "passed",
      "keywords": [
        "test_pause",
        "TestConsumer",
        "test_consumer.py",
        "test",
        "analytics",
        "segment",
        "segmentio@analytics-python__603632f3__requests__aiohttp",
        ""
      ],
      "setup": {
        "outcome": "passed"
      },
      "call": {
        "outcome": "passed"
      },
      "teardown": {
        "outcome": "passed"
      }
    },
    {
      "nodeid": "segment/analytics/test/test_consumer.py::TestConsumer::test_proxies",
      "lineno": 200,
      "outcome": "passed",
      "keywords": [
        "test_proxies",
        "TestConsumer",
        "test_consumer.py",
        "test",
        "analytics",
        "segment",
        "segmentio@analytics-python__603632f3__requests__aiohttp",
        ""
      ],
      "setup": {
        "outcome": "passed"
      },
      "call": {
        "outcome": "passed"
      },
      "teardown": {
        "outcome": "passed"
      }
    },
    {
      "nodeid": "segment/analytics/test/test_consumer.py::TestConsumer::test_request",
      "lineno": 93,
      "outcome": "passed",
      "keywords": [
        "test_request",
        "TestConsumer",
        "test_consumer.py",
        "test",
        "analytics",
        "segment",
        "segmentio@analytics-python__603632f3__requests__aiohttp",
        ""
      ],
      "setup": {
        "outcome": "passed"
      },
      "call": {
        "outcome": "passed"
      },
      "teardown": {
        "outcome": "passed"
      }
    },
    {
      "nodeid": "segment/analytics/test/test_consumer.py::TestConsumer::test_request_retry",
      "lineno": 136,
      "outcome": "failed",
      "keywords": [
        "test_request_retry",
        "TestConsumer",
        "test_consumer.py",
        "test",
        "analytics",
        "segment",
        "segmentio@analytics-python__603632f3__requests__aiohttp",
        ""
      ],
      "setup": {
        "outcome": "passed"
      },
      "call": {
        "outcome": "failed",
        "crash": {
          "path": "C:\\Users\\Mohay\\AppData\\Local\\Programs\\Python\\Python312\\Lib\\unittest\\case.py",
          "lineno": 715,
          "message": "AssertionError: request() should not retry on client errors"
        },
        "traceback": [
          {
            "path": "segment\\analytics\\test\\test_consumer.py",
            "lineno": 160,
            "message": "AssertionError"
          }
        ],
        "longrepr": "self = <analytics.test.test_consumer.TestConsumer testMethod=test_request_retry>\n\n    def test_request_retry(self):\n        # we should retry on general errors\n        consumer = Consumer(None, 'testsecret')\n        self._test_request_retry(consumer, Exception('generic exception'), 2)\n    \n        # we should retry on server errors\n        consumer = Consumer(None, 'testsecret')\n        self._test_request_retry(consumer, APIError(\n            500, 'code', 'Internal Server Error'), 2)\n    \n        # we should retry on HTTP 429 errors\n        consumer = Consumer(None, 'testsecret')\n        self._test_request_retry(consumer, APIError(\n            429, 'code', 'Too Many Requests'), 2)\n    \n        # we should NOT retry on other client errors\n        consumer = Consumer(None, 'testsecret')\n        api_error = APIError(400, 'code', 'Client Errors')\n        try:\n            self._test_request_retry(consumer, api_error, 1)\n        except APIError:\n            pass\n        else:\n>           self.fail('request() should not retry on client errors')\nE           AssertionError: request() should not retry on client errors\n\nsegment\\analytics\\test\\test_consumer.py:160: AssertionError"
      },
      "teardown": {
        "outcome": "passed"
      }
    },
    {
      "nodeid": "segment/analytics/test/test_consumer.py::TestConsumer::test_upload",
      "lineno": 41,
      "outcome": "passed",
      "keywords": [
        "test_upload",
        "TestConsumer",
        "test_consumer.py",
        "test",
        "analytics",
        "segment",
        "segmentio@analytics-python__603632f3__requests__aiohttp",
        ""
      ],
      "setup": {
        "outcome": "passed"
      },
      "call": {
        "outcome": "passed"
      },
      "teardown": {
        "outcome": "passed"
      }
    },
    {
      "nodeid": "segment/analytics/test/test_consumer.py::TestConsumer::test_upload_interval",
      "lineno": 53,
      "outcome": "failed",
      "keywords": [
        "test_upload_interval",
        "TestConsumer",
        "test_consumer.py",
        "test",
        "analytics",
        "segment",
        "segmentio@analytics-python__603632f3__requests__aiohttp",
        ""
      ],
      "setup": {
        "outcome": "passed"
      },
      "call": {
        "outcome": "failed",
        "crash": {
          "path": "C:\\Users\\Mohay\\AppData\\Local\\Programs\\Python\\Python312\\Lib\\unittest\\case.py",
          "lineno": 878,
          "message": "AssertionError: 0 != 3"
        },
        "traceback": [
          {
            "path": "segment\\analytics\\test\\test_consumer.py",
            "lineno": 72,
            "message": "AssertionError"
          }
        ],
        "longrepr": "self = <analytics.test.test_consumer.TestConsumer testMethod=test_upload_interval>\n\n    def test_upload_interval(self):\n        # Put _n_ items in the queue, pausing a little bit more than\n        # _upload_interval_ after each one.\n        # The consumer should upload _n_ times.\n        q = Queue()\n        upload_interval = 0.3\n        consumer = Consumer(q, 'testsecret', upload_size=10,\n                            upload_interval=upload_interval)\n        with mock.patch('segment.analytics.consumer.post') as mock_post:\n            consumer.start()\n            for i in range(0, 3):\n                track = {\n                    'type': 'track',\n                    'event': 'python event %d' % i,\n                    'userId': 'userId'\n                }\n                q.put(track)\n                time.sleep(upload_interval * 1.1)\n>           self.assertEqual(mock_post.call_count, 3)\nE           AssertionError: 0 != 3\n\nsegment\\analytics\\test\\test_consumer.py:72: AssertionError"
      },
      "teardown": {
        "outcome": "passed"
      }
    },
    {
      "nodeid": "segment/analytics/test/test_init.py::TestInit::test_debug",
      "lineno": 26,
      "outcome": "passed",
      "keywords": [
        "test_debug",
        "asyncio",
        "pytestmark",
        "TestInit",
        "test_init.py",
        "test",
        "analytics",
        "segment",
        "segmentio@analytics-python__603632f3__requests__aiohttp",
        ""
      ],
      "setup": {
        "outcome": "passed"
      },
      "call": {
        "outcome": "passed"
      },
      "teardown": {
        "outcome": "passed"
      }
    },
    {
      "nodeid": "segment/analytics/test/test_init.py::TestInit::test_gzip",
      "lineno": 38,
      "outcome": "passed",
      "keywords": [
        "test_gzip",
        "asyncio",
        "pytestmark",
        "TestInit",
        "test_init.py",
        "test",
        "analytics",
        "segment",
        "segmentio@analytics-python__603632f3__requests__aiohttp",
        ""
      ],
      "setup": {
        "outcome": "passed"
      },
      "call": {
        "outcome": "passed"
      },
      "teardown": {
        "outcome": "passed"
      }
    },
    {
      "nodeid": "segment/analytics/test/test_init.py::TestInit::test_host",
      "lineno": 49,
      "outcome": "passed",
      "keywords": [
        "test_host",
        "asyncio",
        "pytestmark",
        "TestInit",
        "test_init.py",
        "test",
        "analytics",
        "segment",
        "segmentio@analytics-python__603632f3__requests__aiohttp",
        ""
      ],
      "setup": {
        "outcome": "passed"
      },
      "call": {
        "outcome": "passed"
      },
      "teardown": {
        "outcome": "passed"
      }
    },
    {
      "nodeid": "segment/analytics/test/test_init.py::TestInit::test_max_queue_size",
      "lineno": 58,
      "outcome": "passed",
      "keywords": [
        "test_max_queue_size",
        "asyncio",
        "pytestmark",
        "TestInit",
        "test_init.py",
        "test",
        "analytics",
        "segment",
        "segmentio@analytics-python__603632f3__requests__aiohttp",
        ""
      ],
      "setup": {
        "outcome": "passed"
      },
      "call": {
        "outcome": "passed"
      },
      "teardown": {
        "outcome": "passed"
      }
    },
    {
      "nodeid": "segment/analytics/test/test_init.py::TestInit::test_max_retries",
      "lineno": 65,
      "outcome": "passed",
      "keywords": [
        "test_max_retries",
        "TestInit",
        "test_init.py",
        "test",
        "analytics",
        "segment",
        "segmentio@analytics-python__603632f3__requests__aiohttp",
        ""
      ],
      "setup": {
        "outcome": "passed"
      },
      "call": {
        "outcome": "passed"
      },
      "teardown": {
        "outcome": "passed"
      }
    },
    {
      "nodeid": "segment/analytics/test/test_init.py::TestInit::test_sync_mode",
      "lineno": 71,
      "outcome": "passed",
      "keywords": [
        "test_sync_mode",
        "asyncio",
        "pytestmark",
        "TestInit",
        "test_init.py",
        "test",
        "analytics",
        "segment",
        "segmentio@analytics-python__603632f3__requests__aiohttp",
        ""
      ],
      "setup": {
        "outcome": "passed"
      },
      "call": {
        "outcome": "passed"
      },
      "teardown": {
        "outcome": "passed"
      }
    },
    {
      "nodeid": "segment/analytics/test/test_init.py::TestInit::test_timeout",
      "lineno": 82,
      "outcome": "passed",
      "keywords": [
        "test_timeout",
        "asyncio",
        "pytestmark",
        "TestInit",
        "test_init.py",
        "test",
        "analytics",
        "segment",
        "segmentio@analytics-python__603632f3__requests__aiohttp",
        ""
      ],
      "setup": {
        "outcome": "passed"
      },
      "call": {
        "outcome": "passed"
      },
      "teardown": {
        "outcome": "passed"
      }
    },
    {
      "nodeid": "segment/analytics/test/test_init.py::TestInit::test_writeKey",
      "lineno": 20,
      "outcome": "passed",
      "keywords": [
        "test_writeKey",
        "asyncio",
        "pytestmark",
        "TestInit",
        "test_init.py",
        "test",
        "analytics",
        "segment",
        "segmentio@analytics-python__603632f3__requests__aiohttp",
        ""
      ],
      "setup": {
        "outcome": "passed"
      },
      "call": {
        "outcome": "passed"
      },
      "teardown": {
        "outcome": "passed"
      }
    },
    {
      "nodeid": "segment/analytics/test/test_module.py::TestModule::test_alias",
      "lineno": 39,
      "outcome": "passed",
      "keywords": [
        "test_alias",
        "asyncio",
        "pytestmark",
        "TestModule",
        "test_module.py",
        "test",
        "analytics",
        "segment",
        "segmentio@analytics-python__603632f3__requests__aiohttp",
        ""
      ],
      "setup": {
        "outcome": "passed"
      },
      "call": {
        "outcome": "passed"
      },
      "teardown": {
        "outcome": "passed"
      }
    },
    {
      "nodeid": "segment/analytics/test/test_module.py::TestModule::test_flush",
      "lineno": 54,
      "outcome": "passed",
      "keywords": [
        "test_flush",
        "asyncio",
        "pytestmark",
        "TestModule",
        "test_module.py",
        "test",
        "analytics",
        "segment",
        "segmentio@analytics-python__603632f3__requests__aiohttp",
        ""
      ],
      "setup": {
        "outcome": "passed"
      },
      "call": {
        "outcome": "passed"
      },
      "teardown": {
        "outcome": "passed"
      }
    },
    {
      "nodeid": "segment/analytics/test/test_module.py::TestModule::test_group",
      "lineno": 34,
      "outcome": "passed",
      "keywords": [
        "test_group",
        "asyncio",
        "pytestmark",
        "TestModule",
        "test_module.py",
        "test",
        "analytics",
        "segment",
        "segmentio@analytics-python__603632f3__requests__aiohttp",
        ""
      ],
      "setup": {
        "outcome": "passed"
      },
      "call": {
        "outcome": "passed"
      },
      "teardown": {
        "outcome": "passed"
      }
    },
    {
      "nodeid": "segment/analytics/test/test_module.py::TestModule::test_identify",
      "lineno": 29,
      "outcome": "passed",
      "keywords": [
        "test_identify",
        "asyncio",
        "pytestmark",
        "TestModule",
        "test_module.py",
        "test",
        "analytics",
        "segment",
        "segmentio@analytics-python__603632f3__requests__aiohttp",
        ""
      ],
      "setup": {
        "outcome": "passed"
      },
      "call": {
        "outcome": "passed"
      },
      "teardown": {
        "outcome": "passed"
      }
    },
    {
      "nodeid": "segment/analytics/test/test_module.py::TestModule::test_no_host",
      "lineno": 20,
      "outcome": "failed",
      "keywords": [
        "test_no_host",
        "TestModule",
        "test_module.py",
        "test",
        "analytics",
        "segment",
        "segmentio@analytics-python__603632f3__requests__aiohttp",
        ""
      ],
      "setup": {
        "outcome": "passed"
      },
      "call": {
        "outcome": "failed",
        "crash": {
          "path": "C:\\Users\\Mohay\\AppData\\Local\\Programs\\Python\\Python312\\Lib\\unittest\\case.py",
          "lineno": 200,
          "message": "AssertionError: Exception not raised by track"
        },
        "traceback": [
          {
            "path": "segment\\analytics\\test\\test_module.py",
            "lineno": 23,
            "message": "AssertionError"
          }
        ],
        "longrepr": "self = <analytics.test.test_module.TestModule testMethod=test_no_host>\n\n    def test_no_host(self):\n        analytics.host = None\n>       self.assertRaises(Exception, analytics.track)\nE       AssertionError: Exception not raised by track\n\nsegment\\analytics\\test\\test_module.py:23: AssertionError"
      },
      "teardown": {
        "outcome": "passed"
      }
    },
    {
      "nodeid": "segment/analytics/test/test_module.py::TestModule::test_no_write_key",
      "lineno": 16,
      "outcome": "failed",
      "keywords": [
        "test_no_write_key",
        "TestModule",
        "test_module.py",
        "test",
        "analytics",
        "segment",
        "segmentio@analytics-python__603632f3__requests__aiohttp",
        ""
      ],
      "setup": {
        "outcome": "passed"
      },
      "call": {
        "outcome": "failed",
        "crash": {
          "path": "C:\\Users\\Mohay\\AppData\\Local\\Programs\\Python\\Python312\\Lib\\unittest\\case.py",
          "lineno": 200,
          "message": "AssertionError: Exception not raised by track"
        },
        "traceback": [
          {
            "path": "segment\\analytics\\test\\test_module.py",
            "lineno": 19,
            "message": "AssertionError"
          }
        ],
        "longrepr": "self = <analytics.test.test_module.TestModule testMethod=test_no_write_key>\n\n    def test_no_write_key(self):\n        analytics.write_key = None\n>       self.assertRaises(Exception, analytics.track)\nE       AssertionError: Exception not raised by track\n\nsegment\\analytics\\test\\test_module.py:19: AssertionError"
      },
      "teardown": {
        "outcome": "passed"
      }
    },
    {
      "nodeid": "segment/analytics/test/test_module.py::TestModule::test_page",
      "lineno": 44,
      "outcome": "passed",
      "keywords": [
        "test_page",
        "asyncio",
        "pytestmark",
        "TestModule",
        "test_module.py",
        "test",
        "analytics",
        "segment",
        "segmentio@analytics-python__603632f3__requests__aiohttp",
        ""
      ],
      "setup": {
        "outcome": "passed"
      },
      "call": {
        "outcome": "passed"
      },
      "teardown": {
        "outcome": "passed"
      }
    },
    {
      "nodeid": "segment/analytics/test/test_module.py::TestModule::test_screen",
      "lineno": 49,
      "outcome": "passed",
      "keywords": [
        "test_screen",
        "asyncio",
        "pytestmark",
        "TestModule",
        "test_module.py",
        "test",
        "analytics",
        "segment",
        "segmentio@analytics-python__603632f3__requests__aiohttp",
        ""
      ],
      "setup": {
        "outcome": "passed"
      },
      "call": {
        "outcome": "passed"
      },
      "teardown": {
        "outcome": "passed"
      }
    },
    {
      "nodeid": "segment/analytics/test/test_module.py::TestModule::test_track",
      "lineno": 24,
      "outcome": "passed",
      "keywords": [
        "test_track",
        "asyncio",
        "pytestmark",
        "TestModule",
        "test_module.py",
        "test",
        "analytics",
        "segment",
        "segmentio@analytics-python__603632f3__requests__aiohttp",
        ""
      ],
      "setup": {
        "outcome": "passed"
      },
      "call": {
        "outcome": "passed"
      },
      "teardown": {
        "outcome": "passed"
      }
    },
    {
      "nodeid": "segment/analytics/test/test_oauth.py::TestOauthManager::test_oauth_fail_unrecoverably",
      "lineno": 91,
      "outcome": "failed",
      "keywords": [
        "test_oauth_fail_unrecoverably",
        "asyncio",
        "__wrapped__",
        "patchings",
        "pytestmark",
        "TestOauthManager",
        "test_oauth.py",
        "test",
        "analytics",
        "segment",
        "segmentio@analytics-python__603632f3__requests__aiohttp",
        ""
      ],
      "setup": {
        "outcome": "passed"
      },
      "call": {
        "outcome": "failed",
        "crash": {
          "path": "D:\\repos\\segmentio@analytics-python__603632f3__requests__aiohttp\\segment\\analytics\\test\\test_oauth.py",
          "lineno": 98,
          "message": "AttributeError: 'OauthManager' object has no attribute 'thread'"
        },
        "traceback": [
          {
            "path": "segment\\analytics\\test\\test_oauth.py",
            "lineno": 98,
            "message": "AttributeError"
          }
        ],
        "stderr": "OAuth token request encountered an error after 3 attempts: 'coroutine' object does not support the asynchronous context manager protocol\n",
        "longrepr": "self = <analytics.test.test_oauth.TestOauthManager testMethod=test_oauth_fail_unrecoverably>\nmock_post = <AsyncMock name='post' id='1942649864944'>\n\n    @pytest.mark.asyncio\n    @mock.patch('aiohttp.ClientSession.post', new_callable=AsyncMock, side_effect=mocked_requests_get)\n    async def test_oauth_fail_unrecoverably(self, mock_post):\n        manager = segment.analytics.oauth_manager.OauthManager(\"id\", privatekey, \"keyid\", \"http://127.0.0.1:400\")\n        with self.assertRaises(Exception) as context:\n            await manager.get_token()\n>       self.assertTrue(manager.thread.is_alive)\nE       AttributeError: 'OauthManager' object has no attribute 'thread'\n\nsegment\\analytics\\test\\test_oauth.py:98: AttributeError"
      },
      "teardown": {
        "outcome": "passed"
      }
    },
    {
      "nodeid": "segment/analytics/test/test_oauth.py::TestOauthManager::test_oauth_fail_with_retries",
      "lineno": 101,
      "outcome": "failed",
      "keywords": [
        "test_oauth_fail_with_retries",
        "asyncio",
        "__wrapped__",
        "patchings",
        "pytestmark",
        "TestOauthManager",
        "test_oauth.py",
        "test",
        "analytics",
        "segment",
        "segmentio@analytics-python__603632f3__requests__aiohttp",
        ""
      ],
      "setup": {
        "outcome": "passed"
      },
      "call": {
        "outcome": "failed",
        "crash": {
          "path": "D:\\repos\\segmentio@analytics-python__603632f3__requests__aiohttp\\segment\\analytics\\test\\test_oauth.py",
          "lineno": 108,
          "message": "AttributeError: 'OauthManager' object has no attribute 'thread'"
        },
        "traceback": [
          {
            "path": "segment\\analytics\\test\\test_oauth.py",
            "lineno": 108,
            "message": "AttributeError"
          }
        ],
        "stderr": "OAuth token request encountered an error after 3 attempts: 'coroutine' object does not support the asynchronous context manager protocol\n",
        "longrepr": "self = <analytics.test.test_oauth.TestOauthManager testMethod=test_oauth_fail_with_retries>\nmock_post = <AsyncMock name='post' id='1942646139232'>\n\n    @pytest.mark.asyncio\n    @mock.patch('aiohttp.ClientSession.post', new_callable=AsyncMock, side_effect=mocked_requests_get)\n    async def test_oauth_fail_with_retries(self, mock_post):\n        manager = segment.analytics.oauth_manager.OauthManager(\"id\", privatekey, \"keyid\", \"http://127.0.0.1:500\")\n        with self.assertRaises(Exception) as context:\n            await manager.get_token()\n>       self.assertTrue(manager.thread.is_alive)\nE       AttributeError: 'OauthManager' object has no attribute 'thread'\n\nsegment\\analytics\\test\\test_oauth.py:108: AttributeError"
      },
      "teardown": {
        "outcome": "passed"
      }
    },
    {
      "nodeid": "segment/analytics/test/test_oauth.py::TestOauthManager::test_oauth_rate_limit_delay",
      "lineno": 111,
      "outcome": "failed",
      "keywords": [
        "test_oauth_rate_limit_delay",
        "asyncio",
        "__wrapped__",
        "patchings",
        "pytestmark",
        "TestOauthManager",
        "test_oauth.py",
        "test",
        "analytics",
        "segment",
        "segmentio@analytics-python__603632f3__requests__aiohttp",
        ""
      ],
      "setup": {
        "outcome": "passed"
      },
      "call": {
        "outcome": "failed",
        "crash": {
          "path": "C:\\Users\\Mohay\\AppData\\Local\\Programs\\Python\\Python312\\Lib\\unittest\\mock.py",
          "lineno": 935,
          "message": "AssertionError: expected call not found.\nExpected: sleep(234)\n  Actual: not called."
        },
        "traceback": [
          {
            "path": "segment\\analytics\\test\\test_oauth.py",
            "lineno": 118,
            "message": ""
          },
          {
            "path": "C:\\Users\\Mohay\\AppData\\Local\\Programs\\Python\\Python312\\Lib\\unittest\\mock.py",
            "lineno": 935,
            "message": "AssertionError"
          }
        ],
        "stderr": "OAuth token request encountered an error after 3 attempts: 'coroutine' object does not support the asynchronous context manager protocol\n",
        "longrepr": "self = <analytics.test.test_oauth.TestOauthManager testMethod=test_oauth_rate_limit_delay>\nmock_sleep = <MagicMock name='sleep' spec='builtin_function_or_method' id='1942645891552'>\nmock_post = <AsyncMock name='post' id='1942643609328'>\n\n    @pytest.mark.asyncio\n    @mock.patch('aiohttp.ClientSession.post', new_callable=AsyncMock, side_effect=mocked_requests_get)\n    @mock.patch('time.sleep', spec=time.sleep)\n    async def test_oauth_rate_limit_delay(self, mock_sleep, mock_post):\n        manager = segment.analytics.oauth_manager.OauthManager(\"id\", privatekey, \"keyid\", \"http://127.0.0.1:429\")\n        await manager._poller_loop()\n>       mock_sleep.assert_called_with(234)\n\nsegment\\analytics\\test\\test_oauth.py:118: \n_ _ _ _ _ _ _ _ _ _ _ _ _ _ _ _ _ _ _ _ _ _ _ _ _ _ _ _ _ _ _ _ _ _ _ _ _ _ _ _\n\nself = <MagicMock name='sleep' spec='builtin_function_or_method' id='1942645891552'>\nargs = (234,), kwargs = {}, expected = 'sleep(234)', actual = 'not called.'\nerror_message = 'expected call not found.\\nExpected: sleep(234)\\n  Actual: not called.'\n\n    def assert_called_with(self, /, *args, **kwargs):\n        \"\"\"assert that the last call was made with the specified arguments.\n    \n        Raises an AssertionError if the args and keyword args passed in are\n        different to the last call to the mock.\"\"\"\n        if self.call_args is None:\n            expected = self._format_mock_call_signature(args, kwargs)\n            actual = 'not called.'\n            error_message = ('expected call not found.\\nExpected: %s\\n  Actual: %s'\n                    % (expected, actual))\n>           raise AssertionError(error_message)\nE           AssertionError: expected call not found.\nE           Expected: sleep(234)\nE             Actual: not called.\n\nC:\\Users\\Mohay\\AppData\\Local\\Programs\\Python\\Python312\\Lib\\unittest\\mock.py:935: AssertionError"
      },
      "teardown": {
        "outcome": "passed"
      }
    },
    {
      "nodeid": "segment/analytics/test/test_oauth.py::TestOauthManager::test_oauth_success",
      "lineno": 80,
      "outcome": "failed",
      "keywords": [
        "test_oauth_success",
        "asyncio",
        "__wrapped__",
        "patchings",
        "pytestmark",
        "TestOauthManager",
        "test_oauth.py",
        "test",
        "analytics",
        "segment",
        "segmentio@analytics-python__603632f3__requests__aiohttp",
        ""
      ],
      "setup": {
        "outcome": "passed"
      },
      "call": {
        "outcome": "failed",
        "crash": {
          "path": "D:\\repos\\segmentio@analytics-python__603632f3__requests__aiohttp\\segment\\analytics\\oauth_manager.py",
          "lineno": 54,
          "message": "segment.analytics.consumer.FatalError: [Segment] 'coroutine' object does not support the asynchronous context manager protocol)"
        },
        "traceback": [
          {
            "path": "segment\\analytics\\test\\test_oauth.py",
            "lineno": 85,
            "message": ""
          },
          {
            "path": "segment\\analytics\\oauth_manager.py",
            "lineno": 54,
            "message": "FatalError"
          }
        ],
        "stderr": "OAuth token request encountered an error after 3 attempts: 'coroutine' object does not support the asynchronous context manager protocol\n",
        "longrepr": "self = <analytics.test.test_oauth.TestOauthManager testMethod=test_oauth_success>\nmock_post = <AsyncMock name='post' id='1942649876560'>\n\n    @pytest.mark.asyncio\n    @mock.patch('aiohttp.ClientSession.post', new_callable=AsyncMock, side_effect=mocked_requests_get)\n    async def test_oauth_success(self, mock_post):\n        manager = segment.analytics.oauth_manager.OauthManager(\"id\", privatekey, \"keyid\", \"http://127.0.0.1:80\")\n>       self.assertEqual(await manager.get_token(), \"test_token\")\n\nsegment\\analytics\\test\\test_oauth.py:85: \n_ _ _ _ _ _ _ _ _ _ _ _ _ _ _ _ _ _ _ _ _ _ _ _ _ _ _ _ _ _ _ _ _ _ _ _ _ _ _ _\n\nself = <segment.analytics.oauth_manager.OauthManager object at 0x000001C44EF4B200>\n\n    async def get_token(self):\n        async with self.token_mutex:\n            if self.token:\n                return self.token\n    \n        self.log.debug(\"OAuth is enabled. No cached access token.\")\n        # Start the poller loop\n        await self._poller_loop()\n    \n        while True:\n            async with self.token_mutex:\n                if self.token:\n                    return self.token\n                if self.error:\n                    error = self.error\n                    self.error = None\n>                   raise error\nE                   segment.analytics.consumer.FatalError: [Segment] 'coroutine' object does not support the asynchronous context manager protocol)\n\nsegment\\analytics\\oauth_manager.py:54: FatalError"
      },
      "teardown": {
        "outcome": "passed"
      }
    },
    {
      "nodeid": "segment/analytics/test/test_oauth.py::TestOauthIntegration::test_oauth_integration_fail_bad_key",
      "lineno": 157,
      "outcome": "failed",
      "keywords": [
        "test_oauth_integration_fail_bad_key",
        "asyncio",
        "__wrapped__",
        "patchings",
        "pytestmark",
        "TestOauthIntegration",
        "test_oauth.py",
        "test",
        "analytics",
        "segment",
        "segmentio@analytics-python__603632f3__requests__aiohttp",
        ""
      ],
      "setup": {
        "outcome": "passed"
      },
      "call": {
        "outcome": "failed",
        "crash": {
          "path": "D:\\repos\\segmentio@analytics-python__603632f3__requests__aiohttp\\segment\\analytics\\test\\test_oauth.py",
          "lineno": 164,
          "message": "TypeError: object NoneType can't be used in 'await' expression"
        },
        "traceback": [
          {
            "path": "segment\\analytics\\test\\test_oauth.py",
            "lineno": 164,
            "message": "TypeError"
          }
        ],
        "longrepr": "self = <analytics.test.test_oauth.TestOauthIntegration testMethod=test_oauth_integration_fail_bad_key>\nmock_post = <AsyncMock name='post' id='1942669205360'>\n\n    @pytest.mark.asyncio\n    @mock.patch('aiohttp.ClientSession.post', new_callable=AsyncMock, side_effect=mocked_requests_get)\n    async def test_oauth_integration_fail_bad_key(self, mock_post):\n        client = Client(\"write_key\", on_error=self.fail, oauth_auth_server=\"http://127.0.0.1:80\",\n                        oauth_client_id=\"id\", oauth_client_key=\"badkey\", oauth_key_id=\"keyid\")\n        await client.track(\"user\", \"event\")\n>       await client.flush()\nE       TypeError: object NoneType can't be used in 'await' expression\n\nsegment\\analytics\\test\\test_oauth.py:164: TypeError"
      },
      "teardown": {
        "outcome": "passed"
      }
    },
    {
      "nodeid": "segment/analytics/test/test_oauth.py::TestOauthIntegration::test_oauth_integration_failure",
      "lineno": 136,
      "outcome": "failed",
      "keywords": [
        "test_oauth_integration_failure",
        "asyncio",
        "__wrapped__",
        "patchings",
        "pytestmark",
        "TestOauthIntegration",
        "test_oauth.py",
        "test",
        "analytics",
        "segment",
        "segmentio@analytics-python__603632f3__requests__aiohttp",
        ""
      ],
      "setup": {
        "outcome": "passed"
      },
      "call": {
        "outcome": "failed",
        "crash": {
          "path": "D:\\repos\\segmentio@analytics-python__603632f3__requests__aiohttp\\segment\\analytics\\test\\test_oauth.py",
          "lineno": 143,
          "message": "TypeError: object NoneType can't be used in 'await' expression"
        },
        "traceback": [
          {
            "path": "segment\\analytics\\test\\test_oauth.py",
            "lineno": 143,
            "message": "TypeError"
          }
        ],
        "longrepr": "self = <analytics.test.test_oauth.TestOauthIntegration testMethod=test_oauth_integration_failure>\nmock_post = <AsyncMock name='post' id='1942669209056'>\n\n    @pytest.mark.asyncio\n    @mock.patch('aiohttp.ClientSession.post', new_callable=AsyncMock, side_effect=mocked_requests_get)\n    async def test_oauth_integration_failure(self, mock_post):\n        client = Client(\"write_key\", on_error=self.fail, oauth_auth_server=\"http://127.0.0.1:400\",\n                        oauth_client_id=\"id\", oauth_client_key=privatekey, oauth_key_id=\"keyid\")\n        await client.track(\"user\", \"event\")\n>       await client.flush()\nE       TypeError: object NoneType can't be used in 'await' expression\n\nsegment\\analytics\\test\\test_oauth.py:143: TypeError"
      },
      "teardown": {
        "outcome": "passed"
      }
    },
    {
      "nodeid": "segment/analytics/test/test_oauth.py::TestOauthIntegration::test_oauth_integration_recovery",
      "lineno": 146,
      "outcome": "failed",
      "keywords": [
        "test_oauth_integration_recovery",
        "asyncio",
        "__wrapped__",
        "patchings",
        "pytestmark",
        "TestOauthIntegration",
        "test_oauth.py",
        "test",
        "analytics",
        "segment",
        "segmentio@analytics-python__603632f3__requests__aiohttp",
        ""
      ],
      "setup": {
        "outcome": "passed"
      },
      "call": {
        "outcome": "failed",
        "crash": {
          "path": "D:\\repos\\segmentio@analytics-python__603632f3__requests__aiohttp\\segment\\analytics\\test\\test_oauth.py",
          "lineno": 154,
          "message": "TypeError: object NoneType can't be used in 'await' expression"
        },
        "traceback": [
          {
            "path": "segment\\analytics\\test\\test_oauth.py",
            "lineno": 154,
            "message": "TypeError"
          }
        ],
        "longrepr": "self = <analytics.test.test_oauth.TestOauthIntegration testMethod=test_oauth_integration_recovery>\nmock_post = <AsyncMock name='post' id='1942668872832'>\n\n    @pytest.mark.asyncio\n    @mock.patch('aiohttp.ClientSession.post', new_callable=AsyncMock, side_effect=mocked_requests_get)\n    async def test_oauth_integration_recovery(self, mock_post):\n        mocked_requests_get.error_count = 2  # 2 errors and then success\n        client = Client(\"write_key\", on_error=self.fail, oauth_auth_server=\"http://127.0.0.1:501\",\n                        oauth_client_id=\"id\", oauth_client_key=privatekey, oauth_key_id=\"keyid\")\n        await client.track(\"user\", \"event\")\n>       await client.flush()\nE       TypeError: object NoneType can't be used in 'await' expression\n\nsegment\\analytics\\test\\test_oauth.py:154: TypeError"
      },
      "teardown": {
        "outcome": "passed"
      }
    },
    {
      "nodeid": "segment/analytics/test/test_oauth.py::TestOauthIntegration::test_oauth_integration_success",
      "lineno": 126,
      "outcome": "failed",
      "keywords": [
        "test_oauth_integration_success",
        "asyncio",
        "__wrapped__",
        "patchings",
        "pytestmark",
        "TestOauthIntegration",
        "test_oauth.py",
        "test",
        "analytics",
        "segment",
        "segmentio@analytics-python__603632f3__requests__aiohttp",
        ""
      ],
      "setup": {
        "outcome": "passed"
      },
      "call": {
        "outcome": "failed",
        "crash": {
          "path": "D:\\repos\\segmentio@analytics-python__603632f3__requests__aiohttp\\segment\\analytics\\test\\test_oauth.py",
          "lineno": 133,
          "message": "TypeError: object NoneType can't be used in 'await' expression"
        },
        "traceback": [
          {
            "path": "segment\\analytics\\test\\test_oauth.py",
            "lineno": 133,
            "message": "TypeError"
          }
        ],
        "longrepr": "self = <analytics.test.test_oauth.TestOauthIntegration testMethod=test_oauth_integration_success>\nmock_post = <AsyncMock name='post' id='1942668882096'>\n\n    @pytest.mark.asyncio\n    @mock.patch('aiohttp.ClientSession.post', new_callable=AsyncMock, side_effect=mocked_requests_get)\n    async def test_oauth_integration_success(self, mock_post):\n        client = Client(\"write_key\", on_error=self.fail, oauth_auth_server=\"http://127.0.0.1:80\",\n                        oauth_client_id=\"id\", oauth_client_key=privatekey, oauth_key_id=\"keyid\")\n        await client.track(\"user\", \"event\")\n>       await client.flush()\nE       TypeError: object NoneType can't be used in 'await' expression\n\nsegment\\analytics\\test\\test_oauth.py:133: TypeError"
      },
      "teardown": {
        "outcome": "passed"
      }
    },
    {
      "nodeid": "segment/analytics/test/test_request.py::TestRequests::test_date_serialization",
      "lineno": 34,
      "outcome": "passed",
      "keywords": [
        "test_date_serialization",
        "TestRequests",
        "test_request.py",
        "test",
        "analytics",
        "segment",
        "segmentio@analytics-python__603632f3__requests__aiohttp",
        ""
      ],
      "setup": {
        "outcome": "passed"
      },
      "call": {
        "outcome": "passed"
      },
      "teardown": {
        "outcome": "passed"
      }
    },
    {
      "nodeid": "segment/analytics/test/test_request.py::TestRequests::test_datetime_serialization",
      "lineno": 29,
      "outcome": "passed",
      "keywords": [
        "test_datetime_serialization",
        "TestRequests",
        "test_request.py",
        "test",
        "analytics",
        "segment",
        "segmentio@analytics-python__603632f3__requests__aiohttp",
        ""
      ],
      "setup": {
        "outcome": "passed"
      },
      "call": {
        "outcome": "passed"
      },
      "teardown": {
        "outcome": "passed"
      }
    },
    {
      "nodeid": "segment/analytics/test/test_request.py::TestRequests::test_invalid_host",
      "lineno": 25,
      "outcome": "passed",
      "keywords": [
        "test_invalid_host",
        "TestRequests",
        "test_request.py",
        "test",
        "analytics",
        "segment",
        "segmentio@analytics-python__603632f3__requests__aiohttp",
        ""
      ],
      "setup": {
        "outcome": "passed"
      },
      "call": {
        "outcome": "passed",
        "stderr": "api.segment.io/v1/batch\n"
      },
      "teardown": {
        "outcome": "passed"
      }
    },
    {
      "nodeid": "segment/analytics/test/test_request.py::TestRequests::test_invalid_request_error",
      "lineno": 21,
      "outcome": "passed",
      "keywords": [
        "test_invalid_request_error",
        "TestRequests",
        "test_request.py",
        "test",
        "analytics",
        "segment",
        "segmentio@analytics-python__603632f3__requests__aiohttp",
        ""
      ],
      "setup": {
        "outcome": "passed"
      },
      "call": {
        "outcome": "passed"
      },
      "teardown": {
        "outcome": "passed"
      }
    },
    {
      "nodeid": "segment/analytics/test/test_request.py::TestRequests::test_proxies",
      "lineno": 59,
      "outcome": "passed",
      "keywords": [
        "test_proxies",
        "asyncio",
        "pytestmark",
        "TestRequests",
        "test_request.py",
        "test",
        "analytics",
        "segment",
        "segmentio@analytics-python__603632f3__requests__aiohttp",
        ""
      ],
      "setup": {
        "outcome": "passed"
      },
      "call": {
        "outcome": "passed"
      },
      "teardown": {
        "outcome": "passed"
      }
    },
    {
      "nodeid": "segment/analytics/test/test_request.py::TestRequests::test_should_not_timeout",
      "lineno": 41,
      "outcome": "passed",
      "keywords": [
        "test_should_not_timeout",
        "asyncio",
        "pytestmark",
        "TestRequests",
        "test_request.py",
        "test",
        "analytics",
        "segment",
        "segmentio@analytics-python__603632f3__requests__aiohttp",
        ""
      ],
      "setup": {
        "outcome": "passed"
      },
      "call": {
        "outcome": "passed"
      },
      "teardown": {
        "outcome": "passed"
      }
    },
    {
      "nodeid": "segment/analytics/test/test_request.py::TestRequests::test_should_timeout",
      "lineno": 50,
      "outcome": "passed",
      "keywords": [
        "test_should_timeout",
        "asyncio",
        "pytestmark",
        "TestRequests",
        "test_request.py",
        "test",
        "analytics",
        "segment",
        "segmentio@analytics-python__603632f3__requests__aiohttp",
        ""
      ],
      "setup": {
        "outcome": "passed"
      },
      "call": {
        "outcome": "passed"
      },
      "teardown": {
        "outcome": "passed"
      }
    },
    {
      "nodeid": "segment/analytics/test/test_request.py::TestRequests::test_valid_request",
      "lineno": 12,
      "outcome": "passed",
      "keywords": [
        "test_valid_request",
        "asyncio",
        "pytestmark",
        "TestRequests",
        "test_request.py",
        "test",
        "analytics",
        "segment",
        "segmentio@analytics-python__603632f3__requests__aiohttp",
        ""
      ],
      "setup": {
        "outcome": "passed"
      },
      "call": {
        "outcome": "passed"
      },
      "teardown": {
        "outcome": "passed"
      }
    },
    {
      "nodeid": "segment/analytics/test/test_utils.py::TestUtils::test_bytes",
      "lineno": 57,
      "outcome": "passed",
      "keywords": [
        "test_bytes",
        "TestUtils",
        "test_utils.py",
        "test",
        "analytics",
        "segment",
        "segmentio@analytics-python__603632f3__requests__aiohttp",
        ""
      ],
      "setup": {
        "outcome": "passed"
      },
      "call": {
        "outcome": "passed"
      },
      "teardown": {
        "outcome": "passed"
      }
    },
    {
      "nodeid": "segment/analytics/test/test_utils.py::TestUtils::test_clean",
      "lineno": 23,
      "outcome": "passed",
      "keywords": [
        "test_clean",
        "TestUtils",
        "test_utils.py",
        "test",
        "analytics",
        "segment",
        "segmentio@analytics-python__603632f3__requests__aiohttp",
        ""
      ],
      "setup": {
        "outcome": "passed"
      },
      "call": {
        "outcome": "passed",
        "stderr": "Dictionary values must be serializeable to JSON \"exception\" value This should show up of type <class 'Exception'> is unsupported.\nDictionary values must be serializeable to JSON \"timedelta\" value 0:00:00.000020 of type <class 'datetime.timedelta'> is unsupported.\n"
      },
      "teardown": {
        "outcome": "passed"
      }
    },
    {
      "nodeid": "segment/analytics/test/test_utils.py::TestUtils::test_clean_fn",
      "lineno": 62,
      "outcome": "passed",
      "keywords": [
        "test_clean_fn",
        "TestUtils",
        "test_utils.py",
        "test",
        "analytics",
        "segment",
        "segmentio@analytics-python__603632f3__requests__aiohttp",
        ""
      ],
      "setup": {
        "outcome": "passed"
      },
      "call": {
        "outcome": "passed",
        "stderr": "Dictionary values must be serializeable to JSON \"fn\" value <function TestUtils.test_clean_fn.<locals>.<lambda> at 0x000001C4504493A0> of type <class 'function'> is unsupported.\n"
      },
      "teardown": {
        "outcome": "passed"
      }
    },
    {
      "nodeid": "segment/analytics/test/test_utils.py::TestUtils::test_clean_with_dates",
      "lineno": 50,
      "outcome": "passed",
      "keywords": [
        "test_clean_with_dates",
        "TestUtils",
        "test_utils.py",
        "test",
        "analytics",
        "segment",
        "segmentio@analytics-python__603632f3__requests__aiohttp",
        ""
      ],
      "setup": {
        "outcome": "passed"
      },
      "call": {
        "outcome": "passed"
      },
      "teardown": {
        "outcome": "passed"
      }
    },
    {
      "nodeid": "segment/analytics/test/test_utils.py::TestUtils::test_remove_slash",
      "lineno": 68,
      "outcome": "passed",
      "keywords": [
        "test_remove_slash",
        "TestUtils",
        "test_utils.py",
        "test",
        "analytics",
        "segment",
        "segmentio@analytics-python__603632f3__requests__aiohttp",
        ""
      ],
      "setup": {
        "outcome": "passed"
      },
      "call": {
        "outcome": "passed"
      },
      "teardown": {
        "outcome": "passed"
      }
    },
    {
      "nodeid": "segment/analytics/test/test_utils.py::TestUtils::test_timezone_utils",
      "lineno": 11,
      "outcome": "passed",
      "keywords": [
        "test_timezone_utils",
        "TestUtils",
        "test_utils.py",
        "test",
        "analytics",
        "segment",
        "segmentio@analytics-python__603632f3__requests__aiohttp",
        ""
      ],
      "setup": {
        "outcome": "passed"
      },
      "call": {
        "outcome": "passed"
      },
      "teardown": {
        "outcome": "passed"
      }
    }
  ],
  "warnings": [
    {
      "message": "datetime.datetime.utcfromtimestamp() is deprecated and scheduled for removal in a future version. Use timezone-aware objects to represent datetimes in UTC: datetime.datetime.fromtimestamp(timestamp, datetime.UTC).",
      "category": "DeprecationWarning",
      "when": "collect",
      "filename": "D:\\repos\\segmentio@analytics-python__603632f3__requests__aiohttp\\.venv\\Lib\\site-packages\\dateutil\\tz\\tz.py",
      "lineno": 37
    },
    {
      "message": "coroutine 'TestClient.test_advanced_group' was never awaited",
      "category": "RuntimeWarning",
      "when": "runtest",
      "filename": "C:\\Users\\Mohay\\AppData\\Local\\Programs\\Python\\Python312\\Lib\\unittest\\case.py",
      "lineno": 589
    },
    {
      "message": "It is deprecated to return a value that is not None from a test case (<bound method TestClient.test_advanced_group of <analytics.test.test_client.TestClient testMethod=test_advanced_group>>)",
      "category": "DeprecationWarning",
      "when": "runtest",
      "filename": "C:\\Users\\Mohay\\AppData\\Local\\Programs\\Python\\Python312\\Lib\\unittest\\case.py",
      "lineno": 690
    },
    {
      "message": "coroutine 'TestClient.test_advanced_identify' was never awaited",
      "category": "RuntimeWarning",
      "when": "runtest",
      "filename": "C:\\Users\\Mohay\\AppData\\Local\\Programs\\Python\\Python312\\Lib\\unittest\\case.py",
      "lineno": 589
    },
    {
      "message": "It is deprecated to return a value that is not None from a test case (<bound method TestClient.test_advanced_identify of <analytics.test.test_client.TestClient testMethod=test_advanced_identify>>)",
      "category": "DeprecationWarning",
      "when": "runtest",
      "filename": "C:\\Users\\Mohay\\AppData\\Local\\Programs\\Python\\Python312\\Lib\\unittest\\case.py",
      "lineno": 690
    },
    {
      "message": "coroutine 'TestClient.test_advanced_page' was never awaited",
      "category": "RuntimeWarning",
      "when": "runtest",
      "filename": "C:\\Users\\Mohay\\AppData\\Local\\Programs\\Python\\Python312\\Lib\\unittest\\case.py",
      "lineno": 589
    },
    {
      "message": "It is deprecated to return a value that is not None from a test case (<bound method TestClient.test_advanced_page of <analytics.test.test_client.TestClient testMethod=test_advanced_page>>)",
      "category": "DeprecationWarning",
      "when": "runtest",
      "filename": "C:\\Users\\Mohay\\AppData\\Local\\Programs\\Python\\Python312\\Lib\\unittest\\case.py",
      "lineno": 690
    },
    {
      "message": "coroutine 'TestClient.test_advanced_screen' was never awaited",
      "category": "RuntimeWarning",
      "when": "runtest",
      "filename": "C:\\Users\\Mohay\\AppData\\Local\\Programs\\Python\\Python312\\Lib\\unittest\\case.py",
      "lineno": 589
    },
    {
      "message": "It is deprecated to return a value that is not None from a test case (<bound method TestClient.test_advanced_screen of <analytics.test.test_client.TestClient testMethod=test_advanced_screen>>)",
      "category": "DeprecationWarning",
      "when": "runtest",
      "filename": "C:\\Users\\Mohay\\AppData\\Local\\Programs\\Python\\Python312\\Lib\\unittest\\case.py",
      "lineno": 690
    },
    {
      "message": "coroutine 'TestClient.test_advanced_track' was never awaited",
      "category": "RuntimeWarning",
      "when": "runtest",
      "filename": "C:\\Users\\Mohay\\AppData\\Local\\Programs\\Python\\Python312\\Lib\\unittest\\case.py",
      "lineno": 589
    },
    {
      "message": "It is deprecated to return a value that is not None from a test case (<bound method TestClient.test_advanced_track of <analytics.test.test_client.TestClient testMethod=test_advanced_track>>)",
      "category": "DeprecationWarning",
      "when": "runtest",
      "filename": "C:\\Users\\Mohay\\AppData\\Local\\Programs\\Python\\Python312\\Lib\\unittest\\case.py",
      "lineno": 690
    },
    {
      "message": "coroutine 'TestClient.test_basic_alias' was never awaited",
      "category": "RuntimeWarning",
      "when": "runtest",
      "filename": "C:\\Users\\Mohay\\AppData\\Local\\Programs\\Python\\Python312\\Lib\\unittest\\case.py",
      "lineno": 589
    },
    {
      "message": "It is deprecated to return a value that is not None from a test case (<bound method TestClient.test_basic_alias of <analytics.test.test_client.TestClient testMethod=test_basic_alias>>)",
      "category": "DeprecationWarning",
      "when": "runtest",
      "filename": "C:\\Users\\Mohay\\AppData\\Local\\Programs\\Python\\Python312\\Lib\\unittest\\case.py",
      "lineno": 690
    },
    {
      "message": "coroutine 'TestClient.test_basic_group' was never awaited",
      "category": "RuntimeWarning",
      "when": "runtest",
      "filename": "C:\\Users\\Mohay\\AppData\\Local\\Programs\\Python\\Python312\\Lib\\unittest\\case.py",
      "lineno": 589
    },
    {
      "message": "It is deprecated to return a value that is not None from a test case (<bound method TestClient.test_basic_group of <analytics.test.test_client.TestClient testMethod=test_basic_group>>)",
      "category": "DeprecationWarning",
      "when": "runtest",
      "filename": "C:\\Users\\Mohay\\AppData\\Local\\Programs\\Python\\Python312\\Lib\\unittest\\case.py",
      "lineno": 690
    },
    {
      "message": "coroutine 'TestClient.test_basic_identify' was never awaited",
      "category": "RuntimeWarning",
      "when": "runtest",
      "filename": "C:\\Users\\Mohay\\AppData\\Local\\Programs\\Python\\Python312\\Lib\\unittest\\case.py",
      "lineno": 589
    },
    {
      "message": "It is deprecated to return a value that is not None from a test case (<bound method TestClient.test_basic_identify of <analytics.test.test_client.TestClient testMethod=test_basic_identify>>)",
      "category": "DeprecationWarning",
      "when": "runtest",
      "filename": "C:\\Users\\Mohay\\AppData\\Local\\Programs\\Python\\Python312\\Lib\\unittest\\case.py",
      "lineno": 690
    },
    {
      "message": "coroutine 'TestClient.test_basic_page' was never awaited",
      "category": "RuntimeWarning",
      "when": "runtest",
      "filename": "C:\\Users\\Mohay\\AppData\\Local\\Programs\\Python\\Python312\\Lib\\unittest\\case.py",
      "lineno": 589
    },
    {
      "message": "It is deprecated to return a value that is not None from a test case (<bound method TestClient.test_basic_page of <analytics.test.test_client.TestClient testMethod=test_basic_page>>)",
      "category": "DeprecationWarning",
      "when": "runtest",
      "filename": "C:\\Users\\Mohay\\AppData\\Local\\Programs\\Python\\Python312\\Lib\\unittest\\case.py",
      "lineno": 690
    },
    {
      "message": "coroutine 'TestClient.test_basic_screen' was never awaited",
      "category": "RuntimeWarning",
      "when": "runtest",
      "filename": "C:\\Users\\Mohay\\AppData\\Local\\Programs\\Python\\Python312\\Lib\\unittest\\case.py",
      "lineno": 589
    },
    {
      "message": "It is deprecated to return a value that is not None from a test case (<bound method TestClient.test_basic_screen of <analytics.test.test_client.TestClient testMethod=test_basic_screen>>)",
      "category": "DeprecationWarning",
      "when": "runtest",
      "filename": "C:\\Users\\Mohay\\AppData\\Local\\Programs\\Python\\Python312\\Lib\\unittest\\case.py",
      "lineno": 690
    },
    {
      "message": "coroutine 'TestClient.test_basic_track' was never awaited",
      "category": "RuntimeWarning",
      "when": "runtest",
      "filename": "C:\\Users\\Mohay\\AppData\\Local\\Programs\\Python\\Python312\\Lib\\unittest\\case.py",
      "lineno": 589
    },
    {
      "message": "It is deprecated to return a value that is not None from a test case (<bound method TestClient.test_basic_track of <analytics.test.test_client.TestClient testMethod=test_basic_track>>)",
      "category": "DeprecationWarning",
      "when": "runtest",
      "filename": "C:\\Users\\Mohay\\AppData\\Local\\Programs\\Python\\Python312\\Lib\\unittest\\case.py",
      "lineno": 690
    },
    {
      "message": "coroutine 'TestClient.test_flush' was never awaited",
      "category": "RuntimeWarning",
      "when": "runtest",
      "filename": "C:\\Users\\Mohay\\AppData\\Local\\Programs\\Python\\Python312\\Lib\\unittest\\case.py",
      "lineno": 589
    },
    {
      "message": "It is deprecated to return a value that is not None from a test case (<bound method TestClient.test_flush of <analytics.test.test_client.TestClient testMethod=test_flush>>)",
      "category": "DeprecationWarning",
      "when": "runtest",
      "filename": "C:\\Users\\Mohay\\AppData\\Local\\Programs\\Python\\Python312\\Lib\\unittest\\case.py",
      "lineno": 690
    },
    {
      "message": "coroutine 'TestClient.test_gzip' was never awaited",
      "category": "RuntimeWarning",
      "when": "runtest",
      "filename": "C:\\Users\\Mohay\\AppData\\Local\\Programs\\Python\\Python312\\Lib\\unittest\\case.py",
      "lineno": 589
    },
    {
      "message": "It is deprecated to return a value that is not None from a test case (<bound method TestClient.test_gzip of <analytics.test.test_client.TestClient testMethod=test_gzip>>)",
      "category": "DeprecationWarning",
      "when": "runtest",
      "filename": "C:\\Users\\Mohay\\AppData\\Local\\Programs\\Python\\Python312\\Lib\\unittest\\case.py",
      "lineno": 690
    },
    {
      "message": "coroutine 'TestClient.test_identify_with_date_object' was never awaited",
      "category": "RuntimeWarning",
      "when": "runtest",
      "filename": "C:\\Users\\Mohay\\AppData\\Local\\Programs\\Python\\Python312\\Lib\\unittest\\case.py",
      "lineno": 589
    },
    {
      "message": "It is deprecated to return a value that is not None from a test case (<bound method TestClient.test_identify_with_date_object of <analytics.test.test_client.TestClient testMethod=test_identify_with_date_object>>)",
      "category": "DeprecationWarning",
      "when": "runtest",
      "filename": "C:\\Users\\Mohay\\AppData\\Local\\Programs\\Python\\Python312\\Lib\\unittest\\case.py",
      "lineno": 690
    },
    {
      "message": "coroutine 'TestClient.test_numeric_user_id' was never awaited",
      "category": "RuntimeWarning",
      "when": "runtest",
      "filename": "C:\\Users\\Mohay\\AppData\\Local\\Programs\\Python\\Python312\\Lib\\unittest\\case.py",
      "lineno": 589
    },
    {
      "message": "It is deprecated to return a value that is not None from a test case (<bound method TestClient.test_numeric_user_id of <analytics.test.test_client.TestClient testMethod=test_numeric_user_id>>)",
      "category": "DeprecationWarning",
      "when": "runtest",
      "filename": "C:\\Users\\Mohay\\AppData\\Local\\Programs\\Python\\Python312\\Lib\\unittest\\case.py",
      "lineno": 690
    },
    {
      "message": "coroutine 'TestClient.test_overflow' was never awaited",
      "category": "RuntimeWarning",
      "when": "runtest",
      "filename": "C:\\Users\\Mohay\\AppData\\Local\\Programs\\Python\\Python312\\Lib\\unittest\\case.py",
      "lineno": 589
    },
    {
      "message": "It is deprecated to return a value that is not None from a test case (<bound method TestClient.test_overflow of <analytics.test.test_client.TestClient testMethod=test_overflow>>)",
      "category": "DeprecationWarning",
      "when": "runtest",
      "filename": "C:\\Users\\Mohay\\AppData\\Local\\Programs\\Python\\Python312\\Lib\\unittest\\case.py",
      "lineno": 690
    },
    {
      "message": "coroutine 'TestClient.test_proxies' was never awaited",
      "category": "RuntimeWarning",
      "when": "runtest",
      "filename": "C:\\Users\\Mohay\\AppData\\Local\\Programs\\Python\\Python312\\Lib\\unittest\\case.py",
      "lineno": 589
    },
    {
      "message": "It is deprecated to return a value that is not None from a test case (<bound method TestClient.test_proxies of <analytics.test.test_client.TestClient testMethod=test_proxies>>)",
      "category": "DeprecationWarning",
      "when": "runtest",
      "filename": "C:\\Users\\Mohay\\AppData\\Local\\Programs\\Python\\Python312\\Lib\\unittest\\case.py",
      "lineno": 690
    },
    {
      "message": "coroutine 'TestClient.test_shutdown' was never awaited",
      "category": "RuntimeWarning",
      "when": "runtest",
      "filename": "C:\\Users\\Mohay\\AppData\\Local\\Programs\\Python\\Python312\\Lib\\unittest\\case.py",
      "lineno": 589
    },
    {
      "message": "It is deprecated to return a value that is not None from a test case (<bound method TestClient.test_shutdown of <analytics.test.test_client.TestClient testMethod=test_shutdown>>)",
      "category": "DeprecationWarning",
      "when": "runtest",
      "filename": "C:\\Users\\Mohay\\AppData\\Local\\Programs\\Python\\Python312\\Lib\\unittest\\case.py",
      "lineno": 690
    },
    {
      "message": "coroutine 'TestClient.test_stringifies_anonymous_id' was never awaited",
      "category": "RuntimeWarning",
      "when": "runtest",
      "filename": "C:\\Users\\Mohay\\AppData\\Local\\Programs\\Python\\Python312\\Lib\\unittest\\case.py",
      "lineno": 589
    },
    {
      "message": "It is deprecated to return a value that is not None from a test case (<bound method TestClient.test_stringifies_anonymous_id of <analytics.test.test_client.TestClient testMethod=test_stringifies_anonymous_id>>)",
      "category": "DeprecationWarning",
      "when": "runtest",
      "filename": "C:\\Users\\Mohay\\AppData\\Local\\Programs\\Python\\Python312\\Lib\\unittest\\case.py",
      "lineno": 690
    },
    {
      "message": "coroutine 'TestClient.test_stringifies_user_id' was never awaited",
      "category": "RuntimeWarning",
      "when": "runtest",
      "filename": "C:\\Users\\Mohay\\AppData\\Local\\Programs\\Python\\Python312\\Lib\\unittest\\case.py",
      "lineno": 589
    },
    {
      "message": "It is deprecated to return a value that is not None from a test case (<bound method TestClient.test_stringifies_user_id of <analytics.test.test_client.TestClient testMethod=test_stringifies_user_id>>)",
      "category": "DeprecationWarning",
      "when": "runtest",
      "filename": "C:\\Users\\Mohay\\AppData\\Local\\Programs\\Python\\Python312\\Lib\\unittest\\case.py",
      "lineno": 690
    },
    {
      "message": "coroutine 'TestClient.test_success_on_invalid_write_key' was never awaited",
      "category": "RuntimeWarning",
      "when": "runtest",
      "filename": "C:\\Users\\Mohay\\AppData\\Local\\Programs\\Python\\Python312\\Lib\\unittest\\case.py",
      "lineno": 589
    },
    {
      "message": "It is deprecated to return a value that is not None from a test case (<bound method TestClient.test_success_on_invalid_write_key of <analytics.test.test_client.TestClient testMethod=test_success_on_invalid_write_key>>)",
      "category": "DeprecationWarning",
      "when": "runtest",
      "filename": "C:\\Users\\Mohay\\AppData\\Local\\Programs\\Python\\Python312\\Lib\\unittest\\case.py",
      "lineno": 690
    },
    {
      "message": "coroutine 'TestClient.test_synchronous' was never awaited",
      "category": "RuntimeWarning",
      "when": "runtest",
      "filename": "C:\\Users\\Mohay\\AppData\\Local\\Programs\\Python\\Python312\\Lib\\unittest\\case.py",
      "lineno": 589
    },
    {
      "message": "It is deprecated to return a value that is not None from a test case (<bound method TestClient.test_synchronous of <analytics.test.test_client.TestClient testMethod=test_synchronous>>)",
      "category": "DeprecationWarning",
      "when": "runtest",
      "filename": "C:\\Users\\Mohay\\AppData\\Local\\Programs\\Python\\Python312\\Lib\\unittest\\case.py",
      "lineno": 690
    },
    {
      "message": "coroutine 'TestClient.test_user_defined_upload_size' was never awaited",
      "category": "RuntimeWarning",
      "when": "runtest",
      "filename": "C:\\Users\\Mohay\\AppData\\Local\\Programs\\Python\\Python312\\Lib\\unittest\\case.py",
      "lineno": 589
    },
    {
      "message": "It is deprecated to return a value that is not None from a test case (<bound method TestClient.test_user_defined_upload_size of <analytics.test.test_client.TestClient testMethod=test_user_defined_upload_size>>)",
      "category": "DeprecationWarning",
      "when": "runtest",
      "filename": "C:\\Users\\Mohay\\AppData\\Local\\Programs\\Python\\Python312\\Lib\\unittest\\case.py",
      "lineno": 690
    },
    {
      "message": "coroutine 'Consumer.request.<locals>.send_request' was never awaited",
      "category": "RuntimeWarning",
      "when": "runtest",
      "filename": "D:\\repos\\segmentio@analytics-python__603632f3__requests__aiohttp\\segment\\analytics\\consumer.py",
      "lineno": 145
    },
    {
      "message": "coroutine 'Consumer.request.<locals>.send_request' was never awaited",
      "category": "RuntimeWarning",
      "when": "runtest",
      "filename": "D:\\repos\\segmentio@analytics-python__603632f3__requests__aiohttp\\segment\\analytics\\consumer.py",
      "lineno": 145
    },
    {
      "message": "coroutine 'Consumer.request.<locals>.send_request' was never awaited",
      "category": "RuntimeWarning",
      "when": "runtest",
      "filename": "D:\\repos\\segmentio@analytics-python__603632f3__requests__aiohttp\\segment\\analytics\\consumer.py",
      "lineno": 145
    },
    {
      "message": "coroutine 'Consumer.request.<locals>.send_request' was never awaited",
      "category": "RuntimeWarning",
      "when": "runtest",
      "filename": "D:\\repos\\segmentio@analytics-python__603632f3__requests__aiohttp\\segment\\analytics\\consumer.py",
      "lineno": 145
    },
    {
      "message": "coroutine 'Consumer.request.<locals>.send_request' was never awaited",
      "category": "RuntimeWarning",
      "when": "runtest",
      "filename": "D:\\repos\\segmentio@analytics-python__603632f3__requests__aiohttp\\segment\\analytics\\consumer.py",
      "lineno": 145
    },
    {
      "message": "coroutine 'Consumer.request.<locals>.send_request' was never awaited",
      "category": "RuntimeWarning",
      "when": "runtest",
      "filename": "D:\\repos\\segmentio@analytics-python__603632f3__requests__aiohttp\\segment\\analytics\\consumer.py",
      "lineno": 145
    },
    {
      "message": "coroutine 'TestInit.test_debug' was never awaited",
      "category": "RuntimeWarning",
      "when": "runtest",
      "filename": "C:\\Users\\Mohay\\AppData\\Local\\Programs\\Python\\Python312\\Lib\\unittest\\case.py",
      "lineno": 589
    },
    {
      "message": "It is deprecated to return a value that is not None from a test case (<bound method TestInit.test_debug of <analytics.test.test_init.TestInit testMethod=test_debug>>)",
      "category": "DeprecationWarning",
      "when": "runtest",
      "filename": "C:\\Users\\Mohay\\AppData\\Local\\Programs\\Python\\Python312\\Lib\\unittest\\case.py",
      "lineno": 690
    },
    {
      "message": "coroutine 'TestInit.test_gzip' was never awaited",
      "category": "RuntimeWarning",
      "when": "runtest",
      "filename": "C:\\Users\\Mohay\\AppData\\Local\\Programs\\Python\\Python312\\Lib\\unittest\\case.py",
      "lineno": 589
    },
    {
      "message": "It is deprecated to return a value that is not None from a test case (<bound method TestInit.test_gzip of <analytics.test.test_init.TestInit testMethod=test_gzip>>)",
      "category": "DeprecationWarning",
      "when": "runtest",
      "filename": "C:\\Users\\Mohay\\AppData\\Local\\Programs\\Python\\Python312\\Lib\\unittest\\case.py",
      "lineno": 690
    },
    {
      "message": "coroutine 'TestInit.test_host' was never awaited",
      "category": "RuntimeWarning",
      "when": "runtest",
      "filename": "C:\\Users\\Mohay\\AppData\\Local\\Programs\\Python\\Python312\\Lib\\unittest\\case.py",
      "lineno": 589
    },
    {
      "message": "It is deprecated to return a value that is not None from a test case (<bound method TestInit.test_host of <analytics.test.test_init.TestInit testMethod=test_host>>)",
      "category": "DeprecationWarning",
      "when": "runtest",
      "filename": "C:\\Users\\Mohay\\AppData\\Local\\Programs\\Python\\Python312\\Lib\\unittest\\case.py",
      "lineno": 690
    },
    {
      "message": "coroutine 'TestInit.test_max_queue_size' was never awaited",
      "category": "RuntimeWarning",
      "when": "runtest",
      "filename": "C:\\Users\\Mohay\\AppData\\Local\\Programs\\Python\\Python312\\Lib\\unittest\\case.py",
      "lineno": 589
    },
    {
      "message": "It is deprecated to return a value that is not None from a test case (<bound method TestInit.test_max_queue_size of <analytics.test.test_init.TestInit testMethod=test_max_queue_size>>)",
      "category": "DeprecationWarning",
      "when": "runtest",
      "filename": "C:\\Users\\Mohay\\AppData\\Local\\Programs\\Python\\Python312\\Lib\\unittest\\case.py",
      "lineno": 690
    },
    {
      "message": "coroutine 'TestInit.test_sync_mode' was never awaited",
      "category": "RuntimeWarning",
      "when": "runtest",
      "filename": "C:\\Users\\Mohay\\AppData\\Local\\Programs\\Python\\Python312\\Lib\\unittest\\case.py",
      "lineno": 589
    },
    {
      "message": "It is deprecated to return a value that is not None from a test case (<bound method TestInit.test_sync_mode of <analytics.test.test_init.TestInit testMethod=test_sync_mode>>)",
      "category": "DeprecationWarning",
      "when": "runtest",
      "filename": "C:\\Users\\Mohay\\AppData\\Local\\Programs\\Python\\Python312\\Lib\\unittest\\case.py",
      "lineno": 690
    },
    {
      "message": "coroutine 'TestInit.test_timeout' was never awaited",
      "category": "RuntimeWarning",
      "when": "runtest",
      "filename": "C:\\Users\\Mohay\\AppData\\Local\\Programs\\Python\\Python312\\Lib\\unittest\\case.py",
      "lineno": 589
    },
    {
      "message": "It is deprecated to return a value that is not None from a test case (<bound method TestInit.test_timeout of <analytics.test.test_init.TestInit testMethod=test_timeout>>)",
      "category": "DeprecationWarning",
      "when": "runtest",
      "filename": "C:\\Users\\Mohay\\AppData\\Local\\Programs\\Python\\Python312\\Lib\\unittest\\case.py",
      "lineno": 690
    },
    {
      "message": "coroutine 'TestInit.test_writeKey' was never awaited",
      "category": "RuntimeWarning",
      "when": "runtest",
      "filename": "C:\\Users\\Mohay\\AppData\\Local\\Programs\\Python\\Python312\\Lib\\unittest\\case.py",
      "lineno": 589
    },
    {
      "message": "It is deprecated to return a value that is not None from a test case (<bound method TestInit.test_writeKey of <analytics.test.test_init.TestInit testMethod=test_writeKey>>)",
      "category": "DeprecationWarning",
      "when": "runtest",
      "filename": "C:\\Users\\Mohay\\AppData\\Local\\Programs\\Python\\Python312\\Lib\\unittest\\case.py",
      "lineno": 690
    },
    {
      "message": "coroutine 'TestModule.test_alias' was never awaited",
      "category": "RuntimeWarning",
      "when": "runtest",
      "filename": "C:\\Users\\Mohay\\AppData\\Local\\Programs\\Python\\Python312\\Lib\\unittest\\case.py",
      "lineno": 589
    },
    {
      "message": "It is deprecated to return a value that is not None from a test case (<bound method TestModule.test_alias of <analytics.test.test_module.TestModule testMethod=test_alias>>)",
      "category": "DeprecationWarning",
      "when": "runtest",
      "filename": "C:\\Users\\Mohay\\AppData\\Local\\Programs\\Python\\Python312\\Lib\\unittest\\case.py",
      "lineno": 690
    },
    {
      "message": "coroutine 'TestModule.test_flush' was never awaited",
      "category": "RuntimeWarning",
      "when": "runtest",
      "filename": "C:\\Users\\Mohay\\AppData\\Local\\Programs\\Python\\Python312\\Lib\\unittest\\case.py",
      "lineno": 589
    },
    {
      "message": "It is deprecated to return a value that is not None from a test case (<bound method TestModule.test_flush of <analytics.test.test_module.TestModule testMethod=test_flush>>)",
      "category": "DeprecationWarning",
      "when": "runtest",
      "filename": "C:\\Users\\Mohay\\AppData\\Local\\Programs\\Python\\Python312\\Lib\\unittest\\case.py",
      "lineno": 690
    },
    {
      "message": "coroutine 'TestModule.test_group' was never awaited",
      "category": "RuntimeWarning",
      "when": "runtest",
      "filename": "C:\\Users\\Mohay\\AppData\\Local\\Programs\\Python\\Python312\\Lib\\unittest\\case.py",
      "lineno": 589
    },
    {
      "message": "It is deprecated to return a value that is not None from a test case (<bound method TestModule.test_group of <analytics.test.test_module.TestModule testMethod=test_group>>)",
      "category": "DeprecationWarning",
      "when": "runtest",
      "filename": "C:\\Users\\Mohay\\AppData\\Local\\Programs\\Python\\Python312\\Lib\\unittest\\case.py",
      "lineno": 690
    },
    {
      "message": "coroutine 'TestModule.test_identify' was never awaited",
      "category": "RuntimeWarning",
      "when": "runtest",
      "filename": "C:\\Users\\Mohay\\AppData\\Local\\Programs\\Python\\Python312\\Lib\\unittest\\case.py",
      "lineno": 589
    },
    {
      "message": "It is deprecated to return a value that is not None from a test case (<bound method TestModule.test_identify of <analytics.test.test_module.TestModule testMethod=test_identify>>)",
      "category": "DeprecationWarning",
      "when": "runtest",
      "filename": "C:\\Users\\Mohay\\AppData\\Local\\Programs\\Python\\Python312\\Lib\\unittest\\case.py",
      "lineno": 690
    },
    {
      "message": "coroutine 'track' was never awaited",
      "category": "RuntimeWarning",
      "when": "runtest",
      "filename": "C:\\Users\\Mohay\\AppData\\Local\\Programs\\Python\\Python312\\Lib\\unittest\\case.py",
      "lineno": 238
    },
    {
      "message": "coroutine 'track' was never awaited",
      "category": "RuntimeWarning",
      "when": "runtest",
      "filename": "C:\\Users\\Mohay\\AppData\\Local\\Programs\\Python\\Python312\\Lib\\unittest\\case.py",
      "lineno": 238
    },
    {
      "message": "coroutine 'TestModule.test_page' was never awaited",
      "category": "RuntimeWarning",
      "when": "runtest",
      "filename": "C:\\Users\\Mohay\\AppData\\Local\\Programs\\Python\\Python312\\Lib\\unittest\\case.py",
      "lineno": 589
    },
    {
      "message": "It is deprecated to return a value that is not None from a test case (<bound method TestModule.test_page of <analytics.test.test_module.TestModule testMethod=test_page>>)",
      "category": "DeprecationWarning",
      "when": "runtest",
      "filename": "C:\\Users\\Mohay\\AppData\\Local\\Programs\\Python\\Python312\\Lib\\unittest\\case.py",
      "lineno": 690
    },
    {
      "message": "coroutine 'TestModule.test_screen' was never awaited",
      "category": "RuntimeWarning",
      "when": "runtest",
      "filename": "C:\\Users\\Mohay\\AppData\\Local\\Programs\\Python\\Python312\\Lib\\unittest\\case.py",
      "lineno": 589
    },
    {
      "message": "It is deprecated to return a value that is not None from a test case (<bound method TestModule.test_screen of <analytics.test.test_module.TestModule testMethod=test_screen>>)",
      "category": "DeprecationWarning",
      "when": "runtest",
      "filename": "C:\\Users\\Mohay\\AppData\\Local\\Programs\\Python\\Python312\\Lib\\unittest\\case.py",
      "lineno": 690
    },
    {
      "message": "coroutine 'TestModule.test_track' was never awaited",
      "category": "RuntimeWarning",
      "when": "runtest",
      "filename": "C:\\Users\\Mohay\\AppData\\Local\\Programs\\Python\\Python312\\Lib\\unittest\\case.py",
      "lineno": 589
    },
    {
      "message": "It is deprecated to return a value that is not None from a test case (<bound method TestModule.test_track of <analytics.test.test_module.TestModule testMethod=test_track>>)",
      "category": "DeprecationWarning",
      "when": "runtest",
      "filename": "C:\\Users\\Mohay\\AppData\\Local\\Programs\\Python\\Python312\\Lib\\unittest\\case.py",
      "lineno": 690
    },
    {
      "message": "coroutine 'AsyncMockMixin._execute_mock_call' was never awaited\nCoroutine created at (most recent call last)\n  File \"C:\\Users\\Mohay\\AppData\\Local\\Programs\\Python\\Python312\\Lib\\asyncio\\base_events.py\", line 641, in run_forever\n    self._run_once()\n  File \"C:\\Users\\Mohay\\AppData\\Local\\Programs\\Python\\Python312\\Lib\\asyncio\\base_events.py\", line 1979, in _run_once\n    handle._run()\n  File \"C:\\Users\\Mohay\\AppData\\Local\\Programs\\Python\\Python312\\Lib\\asyncio\\events.py\", line 88, in _run\n    self._context.run(self._callback, *self._args)\n  File \"C:\\Users\\Mohay\\AppData\\Local\\Programs\\Python\\Python312\\Lib\\unittest\\mock.py\", line 1407, in patched\n    return await func(*newargs, **newkeywargs)\n  File \"D:\\repos\\segmentio@analytics-python__603632f3__requests__aiohttp\\segment\\analytics\\test\\test_oauth.py\", line 97, in test_oauth_fail_unrecoverably\n    await manager.get_token()\n  File \"D:\\repos\\segmentio@analytics-python__603632f3__requests__aiohttp\\segment\\analytics\\oauth_manager.py\", line 45, in get_token\n    await self._poller_loop()\n  File \"D:\\repos\\segmentio@analytics-python__603632f3__requests__aiohttp\\segment\\analytics\\oauth_manager.py\", line 104, in _poller_loop\n    response = await self._request_token()\n  File \"D:\\repos\\segmentio@analytics-python__603632f3__requests__aiohttp\\segment\\analytics\\oauth_manager.py\", line 88, in _request_token\n    async with self.session.post(\n  File \"C:\\Users\\Mohay\\AppData\\Local\\Programs\\Python\\Python312\\Lib\\unittest\\mock.py\", line 1134, in __call__\n    return self._mock_call(*args, **kwargs)\n  File \"C:\\Users\\Mohay\\AppData\\Local\\Programs\\Python\\Python312\\Lib\\unittest\\mock.py\", line 1138, in _mock_call\n    return self._execute_mock_call(*args, **kwargs)",
      "category": "RuntimeWarning",
      "when": "runtest",
      "filename": "D:\\repos\\segmentio@analytics-python__603632f3__requests__aiohttp\\segment\\analytics\\oauth_manager.py",
      "lineno": 88
    },
    {
      "message": "coroutine 'AsyncMockMixin._execute_mock_call' was never awaited\nCoroutine created at (most recent call last)\n  File \"C:\\Users\\Mohay\\AppData\\Local\\Programs\\Python\\Python312\\Lib\\asyncio\\base_events.py\", line 1979, in _run_once\n    handle._run()\n  File \"C:\\Users\\Mohay\\AppData\\Local\\Programs\\Python\\Python312\\Lib\\asyncio\\events.py\", line 88, in _run\n    self._context.run(self._callback, *self._args)\n  File \"C:\\Users\\Mohay\\AppData\\Local\\Programs\\Python\\Python312\\Lib\\unittest\\mock.py\", line 1407, in patched\n    return await func(*newargs, **newkeywargs)\n  File \"D:\\repos\\segmentio@analytics-python__603632f3__requests__aiohttp\\segment\\analytics\\test\\test_oauth.py\", line 97, in test_oauth_fail_unrecoverably\n    await manager.get_token()\n  File \"D:\\repos\\segmentio@analytics-python__603632f3__requests__aiohttp\\segment\\analytics\\oauth_manager.py\", line 45, in get_token\n    await self._poller_loop()\n  File \"D:\\repos\\segmentio@analytics-python__603632f3__requests__aiohttp\\segment\\analytics\\oauth_manager.py\", line 110, in _poller_loop\n    await self._poller_loop()\n  File \"D:\\repos\\segmentio@analytics-python__603632f3__requests__aiohttp\\segment\\analytics\\oauth_manager.py\", line 104, in _poller_loop\n    response = await self._request_token()\n  File \"D:\\repos\\segmentio@analytics-python__603632f3__requests__aiohttp\\segment\\analytics\\oauth_manager.py\", line 88, in _request_token\n    async with self.session.post(\n  File \"C:\\Users\\Mohay\\AppData\\Local\\Programs\\Python\\Python312\\Lib\\unittest\\mock.py\", line 1134, in __call__\n    return self._mock_call(*args, **kwargs)\n  File \"C:\\Users\\Mohay\\AppData\\Local\\Programs\\Python\\Python312\\Lib\\unittest\\mock.py\", line 1138, in _mock_call\n    return self._execute_mock_call(*args, **kwargs)",
      "category": "RuntimeWarning",
      "when": "runtest",
      "filename": "D:\\repos\\segmentio@analytics-python__603632f3__requests__aiohttp\\segment\\analytics\\oauth_manager.py",
      "lineno": 88
    },
    {
      "message": "coroutine 'AsyncMockMixin._execute_mock_call' was never awaited\nCoroutine created at (most recent call last)\n  File \"C:\\Users\\Mohay\\AppData\\Local\\Programs\\Python\\Python312\\Lib\\asyncio\\events.py\", line 88, in _run\n    self._context.run(self._callback, *self._args)\n  File \"C:\\Users\\Mohay\\AppData\\Local\\Programs\\Python\\Python312\\Lib\\unittest\\mock.py\", line 1407, in patched\n    return await func(*newargs, **newkeywargs)\n  File \"D:\\repos\\segmentio@analytics-python__603632f3__requests__aiohttp\\segment\\analytics\\test\\test_oauth.py\", line 97, in test_oauth_fail_unrecoverably\n    await manager.get_token()\n  File \"D:\\repos\\segmentio@analytics-python__603632f3__requests__aiohttp\\segment\\analytics\\oauth_manager.py\", line 45, in get_token\n    await self._poller_loop()\n  File \"D:\\repos\\segmentio@analytics-python__603632f3__requests__aiohttp\\segment\\analytics\\oauth_manager.py\", line 110, in _poller_loop\n    await self._poller_loop()\n  File \"D:\\repos\\segmentio@analytics-python__603632f3__requests__aiohttp\\segment\\analytics\\oauth_manager.py\", line 110, in _poller_loop\n    await self._poller_loop()\n  File \"D:\\repos\\segmentio@analytics-python__603632f3__requests__aiohttp\\segment\\analytics\\oauth_manager.py\", line 104, in _poller_loop\n    response = await self._request_token()\n  File \"D:\\repos\\segmentio@analytics-python__603632f3__requests__aiohttp\\segment\\analytics\\oauth_manager.py\", line 88, in _request_token\n    async with self.session.post(\n  File \"C:\\Users\\Mohay\\AppData\\Local\\Programs\\Python\\Python312\\Lib\\unittest\\mock.py\", line 1134, in __call__\n    return self._mock_call(*args, **kwargs)\n  File \"C:\\Users\\Mohay\\AppData\\Local\\Programs\\Python\\Python312\\Lib\\unittest\\mock.py\", line 1138, in _mock_call\n    return self._execute_mock_call(*args, **kwargs)",
      "category": "RuntimeWarning",
      "when": "runtest",
      "filename": "D:\\repos\\segmentio@analytics-python__603632f3__requests__aiohttp\\segment\\analytics\\oauth_manager.py",
      "lineno": 88
    },
    {
      "message": "coroutine 'AsyncMockMixin._execute_mock_call' was never awaited\nCoroutine created at (most recent call last)\n  File \"C:\\Users\\Mohay\\AppData\\Local\\Programs\\Python\\Python312\\Lib\\asyncio\\base_events.py\", line 641, in run_forever\n    self._run_once()\n  File \"C:\\Users\\Mohay\\AppData\\Local\\Programs\\Python\\Python312\\Lib\\asyncio\\base_events.py\", line 1979, in _run_once\n    handle._run()\n  File \"C:\\Users\\Mohay\\AppData\\Local\\Programs\\Python\\Python312\\Lib\\asyncio\\events.py\", line 88, in _run\n    self._context.run(self._callback, *self._args)\n  File \"C:\\Users\\Mohay\\AppData\\Local\\Programs\\Python\\Python312\\Lib\\unittest\\mock.py\", line 1407, in patched\n    return await func(*newargs, **newkeywargs)\n  File \"D:\\repos\\segmentio@analytics-python__603632f3__requests__aiohttp\\segment\\analytics\\test\\test_oauth.py\", line 107, in test_oauth_fail_with_retries\n    await manager.get_token()\n  File \"D:\\repos\\segmentio@analytics-python__603632f3__requests__aiohttp\\segment\\analytics\\oauth_manager.py\", line 45, in get_token\n    await self._poller_loop()\n  File \"D:\\repos\\segmentio@analytics-python__603632f3__requests__aiohttp\\segment\\analytics\\oauth_manager.py\", line 104, in _poller_loop\n    response = await self._request_token()\n  File \"D:\\repos\\segmentio@analytics-python__603632f3__requests__aiohttp\\segment\\analytics\\oauth_manager.py\", line 88, in _request_token\n    async with self.session.post(\n  File \"C:\\Users\\Mohay\\AppData\\Local\\Programs\\Python\\Python312\\Lib\\unittest\\mock.py\", line 1134, in __call__\n    return self._mock_call(*args, **kwargs)\n  File \"C:\\Users\\Mohay\\AppData\\Local\\Programs\\Python\\Python312\\Lib\\unittest\\mock.py\", line 1138, in _mock_call\n    return self._execute_mock_call(*args, **kwargs)",
      "category": "RuntimeWarning",
      "when": "runtest",
      "filename": "D:\\repos\\segmentio@analytics-python__603632f3__requests__aiohttp\\segment\\analytics\\oauth_manager.py",
      "lineno": 88
    },
    {
      "message": "coroutine 'AsyncMockMixin._execute_mock_call' was never awaited\nCoroutine created at (most recent call last)\n  File \"C:\\Users\\Mohay\\AppData\\Local\\Programs\\Python\\Python312\\Lib\\asyncio\\base_events.py\", line 1979, in _run_once\n    handle._run()\n  File \"C:\\Users\\Mohay\\AppData\\Local\\Programs\\Python\\Python312\\Lib\\asyncio\\events.py\", line 88, in _run\n    self._context.run(self._callback, *self._args)\n  File \"C:\\Users\\Mohay\\AppData\\Local\\Programs\\Python\\Python312\\Lib\\unittest\\mock.py\", line 1407, in patched\n    return await func(*newargs, **newkeywargs)\n  File \"D:\\repos\\segmentio@analytics-python__603632f3__requests__aiohttp\\segment\\analytics\\test\\test_oauth.py\", line 107, in test_oauth_fail_with_retries\n    await manager.get_token()\n  File \"D:\\repos\\segmentio@analytics-python__603632f3__requests__aiohttp\\segment\\analytics\\oauth_manager.py\", line 45, in get_token\n    await self._poller_loop()\n  File \"D:\\repos\\segmentio@analytics-python__603632f3__requests__aiohttp\\segment\\analytics\\oauth_manager.py\", line 110, in _poller_loop\n    await self._poller_loop()\n  File \"D:\\repos\\segmentio@analytics-python__603632f3__requests__aiohttp\\segment\\analytics\\oauth_manager.py\", line 104, in _poller_loop\n    response = await self._request_token()\n  File \"D:\\repos\\segmentio@analytics-python__603632f3__requests__aiohttp\\segment\\analytics\\oauth_manager.py\", line 88, in _request_token\n    async with self.session.post(\n  File \"C:\\Users\\Mohay\\AppData\\Local\\Programs\\Python\\Python312\\Lib\\unittest\\mock.py\", line 1134, in __call__\n    return self._mock_call(*args, **kwargs)\n  File \"C:\\Users\\Mohay\\AppData\\Local\\Programs\\Python\\Python312\\Lib\\unittest\\mock.py\", line 1138, in _mock_call\n    return self._execute_mock_call(*args, **kwargs)",
      "category": "RuntimeWarning",
      "when": "runtest",
      "filename": "D:\\repos\\segmentio@analytics-python__603632f3__requests__aiohttp\\segment\\analytics\\oauth_manager.py",
      "lineno": 88
    },
    {
      "message": "coroutine 'AsyncMockMixin._execute_mock_call' was never awaited\nCoroutine created at (most recent call last)\n  File \"C:\\Users\\Mohay\\AppData\\Local\\Programs\\Python\\Python312\\Lib\\asyncio\\events.py\", line 88, in _run\n    self._context.run(self._callback, *self._args)\n  File \"C:\\Users\\Mohay\\AppData\\Local\\Programs\\Python\\Python312\\Lib\\unittest\\mock.py\", line 1407, in patched\n    return await func(*newargs, **newkeywargs)\n  File \"D:\\repos\\segmentio@analytics-python__603632f3__requests__aiohttp\\segment\\analytics\\test\\test_oauth.py\", line 107, in test_oauth_fail_with_retries\n    await manager.get_token()\n  File \"D:\\repos\\segmentio@analytics-python__603632f3__requests__aiohttp\\segment\\analytics\\oauth_manager.py\", line 45, in get_token\n    await self._poller_loop()\n  File \"D:\\repos\\segmentio@analytics-python__603632f3__requests__aiohttp\\segment\\analytics\\oauth_manager.py\", line 110, in _poller_loop\n    await self._poller_loop()\n  File \"D:\\repos\\segmentio@analytics-python__603632f3__requests__aiohttp\\segment\\analytics\\oauth_manager.py\", line 110, in _poller_loop\n    await self._poller_loop()\n  File \"D:\\repos\\segmentio@analytics-python__603632f3__requests__aiohttp\\segment\\analytics\\oauth_manager.py\", line 104, in _poller_loop\n    response = await self._request_token()\n  File \"D:\\repos\\segmentio@analytics-python__603632f3__requests__aiohttp\\segment\\analytics\\oauth_manager.py\", line 88, in _request_token\n    async with self.session.post(\n  File \"C:\\Users\\Mohay\\AppData\\Local\\Programs\\Python\\Python312\\Lib\\unittest\\mock.py\", line 1134, in __call__\n    return self._mock_call(*args, **kwargs)\n  File \"C:\\Users\\Mohay\\AppData\\Local\\Programs\\Python\\Python312\\Lib\\unittest\\mock.py\", line 1138, in _mock_call\n    return self._execute_mock_call(*args, **kwargs)",
      "category": "RuntimeWarning",
      "when": "runtest",
      "filename": "D:\\repos\\segmentio@analytics-python__603632f3__requests__aiohttp\\segment\\analytics\\oauth_manager.py",
      "lineno": 88
    },
    {
      "message": "coroutine 'AsyncMockMixin._execute_mock_call' was never awaited\nCoroutine created at (most recent call last)\n  File \"C:\\Users\\Mohay\\AppData\\Local\\Programs\\Python\\Python312\\Lib\\asyncio\\windows_events.py\", line 322, in run_forever\n    super().run_forever()\n  File \"C:\\Users\\Mohay\\AppData\\Local\\Programs\\Python\\Python312\\Lib\\asyncio\\base_events.py\", line 641, in run_forever\n    self._run_once()\n  File \"C:\\Users\\Mohay\\AppData\\Local\\Programs\\Python\\Python312\\Lib\\asyncio\\base_events.py\", line 1979, in _run_once\n    handle._run()\n  File \"C:\\Users\\Mohay\\AppData\\Local\\Programs\\Python\\Python312\\Lib\\asyncio\\events.py\", line 88, in _run\n    self._context.run(self._callback, *self._args)\n  File \"C:\\Users\\Mohay\\AppData\\Local\\Programs\\Python\\Python312\\Lib\\unittest\\mock.py\", line 1407, in patched\n    return await func(*newargs, **newkeywargs)\n  File \"D:\\repos\\segmentio@analytics-python__603632f3__requests__aiohttp\\segment\\analytics\\test\\test_oauth.py\", line 117, in test_oauth_rate_limit_delay\n    await manager._poller_loop()\n  File \"D:\\repos\\segmentio@analytics-python__603632f3__requests__aiohttp\\segment\\analytics\\oauth_manager.py\", line 104, in _poller_loop\n    response = await self._request_token()\n  File \"D:\\repos\\segmentio@analytics-python__603632f3__requests__aiohttp\\segment\\analytics\\oauth_manager.py\", line 88, in _request_token\n    async with self.session.post(\n  File \"C:\\Users\\Mohay\\AppData\\Local\\Programs\\Python\\Python312\\Lib\\unittest\\mock.py\", line 1134, in __call__\n    return self._mock_call(*args, **kwargs)\n  File \"C:\\Users\\Mohay\\AppData\\Local\\Programs\\Python\\Python312\\Lib\\unittest\\mock.py\", line 1138, in _mock_call\n    return self._execute_mock_call(*args, **kwargs)",
      "category": "RuntimeWarning",
      "when": "runtest",
      "filename": "D:\\repos\\segmentio@analytics-python__603632f3__requests__aiohttp\\segment\\analytics\\oauth_manager.py",
      "lineno": 88
    },
    {
      "message": "coroutine 'AsyncMockMixin._execute_mock_call' was never awaited\nCoroutine created at (most recent call last)\n  File \"C:\\Users\\Mohay\\AppData\\Local\\Programs\\Python\\Python312\\Lib\\asyncio\\base_events.py\", line 641, in run_forever\n    self._run_once()\n  File \"C:\\Users\\Mohay\\AppData\\Local\\Programs\\Python\\Python312\\Lib\\asyncio\\base_events.py\", line 1979, in _run_once\n    handle._run()\n  File \"C:\\Users\\Mohay\\AppData\\Local\\Programs\\Python\\Python312\\Lib\\asyncio\\events.py\", line 88, in _run\n    self._context.run(self._callback, *self._args)\n  File \"C:\\Users\\Mohay\\AppData\\Local\\Programs\\Python\\Python312\\Lib\\unittest\\mock.py\", line 1407, in patched\n    return await func(*newargs, **newkeywargs)\n  File \"D:\\repos\\segmentio@analytics-python__603632f3__requests__aiohttp\\segment\\analytics\\test\\test_oauth.py\", line 117, in test_oauth_rate_limit_delay\n    await manager._poller_loop()\n  File \"D:\\repos\\segmentio@analytics-python__603632f3__requests__aiohttp\\segment\\analytics\\oauth_manager.py\", line 110, in _poller_loop\n    await self._poller_loop()\n  File \"D:\\repos\\segmentio@analytics-python__603632f3__requests__aiohttp\\segment\\analytics\\oauth_manager.py\", line 104, in _poller_loop\n    response = await self._request_token()\n  File \"D:\\repos\\segmentio@analytics-python__603632f3__requests__aiohttp\\segment\\analytics\\oauth_manager.py\", line 88, in _request_token\n    async with self.session.post(\n  File \"C:\\Users\\Mohay\\AppData\\Local\\Programs\\Python\\Python312\\Lib\\unittest\\mock.py\", line 1134, in __call__\n    return self._mock_call(*args, **kwargs)\n  File \"C:\\Users\\Mohay\\AppData\\Local\\Programs\\Python\\Python312\\Lib\\unittest\\mock.py\", line 1138, in _mock_call\n    return self._execute_mock_call(*args, **kwargs)",
      "category": "RuntimeWarning",
      "when": "runtest",
      "filename": "D:\\repos\\segmentio@analytics-python__603632f3__requests__aiohttp\\segment\\analytics\\oauth_manager.py",
      "lineno": 88
    },
    {
      "message": "coroutine 'AsyncMockMixin._execute_mock_call' was never awaited\nCoroutine created at (most recent call last)\n  File \"C:\\Users\\Mohay\\AppData\\Local\\Programs\\Python\\Python312\\Lib\\asyncio\\base_events.py\", line 1979, in _run_once\n    handle._run()\n  File \"C:\\Users\\Mohay\\AppData\\Local\\Programs\\Python\\Python312\\Lib\\asyncio\\events.py\", line 88, in _run\n    self._context.run(self._callback, *self._args)\n  File \"C:\\Users\\Mohay\\AppData\\Local\\Programs\\Python\\Python312\\Lib\\unittest\\mock.py\", line 1407, in patched\n    return await func(*newargs, **newkeywargs)\n  File \"D:\\repos\\segmentio@analytics-python__603632f3__requests__aiohttp\\segment\\analytics\\test\\test_oauth.py\", line 117, in test_oauth_rate_limit_delay\n    await manager._poller_loop()\n  File \"D:\\repos\\segmentio@analytics-python__603632f3__requests__aiohttp\\segment\\analytics\\oauth_manager.py\", line 110, in _poller_loop\n    await self._poller_loop()\n  File \"D:\\repos\\segmentio@analytics-python__603632f3__requests__aiohttp\\segment\\analytics\\oauth_manager.py\", line 110, in _poller_loop\n    await self._poller_loop()\n  File \"D:\\repos\\segmentio@analytics-python__603632f3__requests__aiohttp\\segment\\analytics\\oauth_manager.py\", line 104, in _poller_loop\n    response = await self._request_token()\n  File \"D:\\repos\\segmentio@analytics-python__603632f3__requests__aiohttp\\segment\\analytics\\oauth_manager.py\", line 88, in _request_token\n    async with self.session.post(\n  File \"C:\\Users\\Mohay\\AppData\\Local\\Programs\\Python\\Python312\\Lib\\unittest\\mock.py\", line 1134, in __call__\n    return self._mock_call(*args, **kwargs)\n  File \"C:\\Users\\Mohay\\AppData\\Local\\Programs\\Python\\Python312\\Lib\\unittest\\mock.py\", line 1138, in _mock_call\n    return self._execute_mock_call(*args, **kwargs)",
      "category": "RuntimeWarning",
      "when": "runtest",
      "filename": "D:\\repos\\segmentio@analytics-python__603632f3__requests__aiohttp\\segment\\analytics\\oauth_manager.py",
      "lineno": 88
    },
    {
      "message": "coroutine 'AsyncMockMixin._execute_mock_call' was never awaited\nCoroutine created at (most recent call last)\n  File \"C:\\Users\\Mohay\\AppData\\Local\\Programs\\Python\\Python312\\Lib\\asyncio\\base_events.py\", line 641, in run_forever\n    self._run_once()\n  File \"C:\\Users\\Mohay\\AppData\\Local\\Programs\\Python\\Python312\\Lib\\asyncio\\base_events.py\", line 1979, in _run_once\n    handle._run()\n  File \"C:\\Users\\Mohay\\AppData\\Local\\Programs\\Python\\Python312\\Lib\\asyncio\\events.py\", line 88, in _run\n    self._context.run(self._callback, *self._args)\n  File \"C:\\Users\\Mohay\\AppData\\Local\\Programs\\Python\\Python312\\Lib\\unittest\\mock.py\", line 1407, in patched\n    return await func(*newargs, **newkeywargs)\n  File \"D:\\repos\\segmentio@analytics-python__603632f3__requests__aiohttp\\segment\\analytics\\test\\test_oauth.py\", line 85, in test_oauth_success\n    self.assertEqual(await manager.get_token(), \"test_token\")\n  File \"D:\\repos\\segmentio@analytics-python__603632f3__requests__aiohttp\\segment\\analytics\\oauth_manager.py\", line 45, in get_token\n    await self._poller_loop()\n  File \"D:\\repos\\segmentio@analytics-python__603632f3__requests__aiohttp\\segment\\analytics\\oauth_manager.py\", line 104, in _poller_loop\n    response = await self._request_token()\n  File \"D:\\repos\\segmentio@analytics-python__603632f3__requests__aiohttp\\segment\\analytics\\oauth_manager.py\", line 88, in _request_token\n    async with self.session.post(\n  File \"C:\\Users\\Mohay\\AppData\\Local\\Programs\\Python\\Python312\\Lib\\unittest\\mock.py\", line 1134, in __call__\n    return self._mock_call(*args, **kwargs)\n  File \"C:\\Users\\Mohay\\AppData\\Local\\Programs\\Python\\Python312\\Lib\\unittest\\mock.py\", line 1138, in _mock_call\n    return self._execute_mock_call(*args, **kwargs)",
      "category": "RuntimeWarning",
      "when": "runtest",
      "filename": "D:\\repos\\segmentio@analytics-python__603632f3__requests__aiohttp\\segment\\analytics\\oauth_manager.py",
      "lineno": 88
    },
    {
      "message": "coroutine 'AsyncMockMixin._execute_mock_call' was never awaited\nCoroutine created at (most recent call last)\n  File \"C:\\Users\\Mohay\\AppData\\Local\\Programs\\Python\\Python312\\Lib\\asyncio\\base_events.py\", line 1979, in _run_once\n    handle._run()\n  File \"C:\\Users\\Mohay\\AppData\\Local\\Programs\\Python\\Python312\\Lib\\asyncio\\events.py\", line 88, in _run\n    self._context.run(self._callback, *self._args)\n  File \"C:\\Users\\Mohay\\AppData\\Local\\Programs\\Python\\Python312\\Lib\\unittest\\mock.py\", line 1407, in patched\n    return await func(*newargs, **newkeywargs)\n  File \"D:\\repos\\segmentio@analytics-python__603632f3__requests__aiohttp\\segment\\analytics\\test\\test_oauth.py\", line 85, in test_oauth_success\n    self.assertEqual(await manager.get_token(), \"test_token\")\n  File \"D:\\repos\\segmentio@analytics-python__603632f3__requests__aiohttp\\segment\\analytics\\oauth_manager.py\", line 45, in get_token\n    await self._poller_loop()\n  File \"D:\\repos\\segmentio@analytics-python__603632f3__requests__aiohttp\\segment\\analytics\\oauth_manager.py\", line 110, in _poller_loop\n    await self._poller_loop()\n  File \"D:\\repos\\segmentio@analytics-python__603632f3__requests__aiohttp\\segment\\analytics\\oauth_manager.py\", line 104, in _poller_loop\n    response = await self._request_token()\n  File \"D:\\repos\\segmentio@analytics-python__603632f3__requests__aiohttp\\segment\\analytics\\oauth_manager.py\", line 88, in _request_token\n    async with self.session.post(\n  File \"C:\\Users\\Mohay\\AppData\\Local\\Programs\\Python\\Python312\\Lib\\unittest\\mock.py\", line 1134, in __call__\n    return self._mock_call(*args, **kwargs)\n  File \"C:\\Users\\Mohay\\AppData\\Local\\Programs\\Python\\Python312\\Lib\\unittest\\mock.py\", line 1138, in _mock_call\n    return self._execute_mock_call(*args, **kwargs)",
      "category": "RuntimeWarning",
      "when": "runtest",
      "filename": "D:\\repos\\segmentio@analytics-python__603632f3__requests__aiohttp\\segment\\analytics\\oauth_manager.py",
      "lineno": 88
    },
    {
      "message": "coroutine 'AsyncMockMixin._execute_mock_call' was never awaited\nCoroutine created at (most recent call last)\n  File \"C:\\Users\\Mohay\\AppData\\Local\\Programs\\Python\\Python312\\Lib\\asyncio\\events.py\", line 88, in _run\n    self._context.run(self._callback, *self._args)\n  File \"C:\\Users\\Mohay\\AppData\\Local\\Programs\\Python\\Python312\\Lib\\unittest\\mock.py\", line 1407, in patched\n    return await func(*newargs, **newkeywargs)\n  File \"D:\\repos\\segmentio@analytics-python__603632f3__requests__aiohttp\\segment\\analytics\\test\\test_oauth.py\", line 85, in test_oauth_success\n    self.assertEqual(await manager.get_token(), \"test_token\")\n  File \"D:\\repos\\segmentio@analytics-python__603632f3__requests__aiohttp\\segment\\analytics\\oauth_manager.py\", line 45, in get_token\n    await self._poller_loop()\n  File \"D:\\repos\\segmentio@analytics-python__603632f3__requests__aiohttp\\segment\\analytics\\oauth_manager.py\", line 110, in _poller_loop\n    await self._poller_loop()\n  File \"D:\\repos\\segmentio@analytics-python__603632f3__requests__aiohttp\\segment\\analytics\\oauth_manager.py\", line 110, in _poller_loop\n    await self._poller_loop()\n  File \"D:\\repos\\segmentio@analytics-python__603632f3__requests__aiohttp\\segment\\analytics\\oauth_manager.py\", line 104, in _poller_loop\n    response = await self._request_token()\n  File \"D:\\repos\\segmentio@analytics-python__603632f3__requests__aiohttp\\segment\\analytics\\oauth_manager.py\", line 88, in _request_token\n    async with self.session.post(\n  File \"C:\\Users\\Mohay\\AppData\\Local\\Programs\\Python\\Python312\\Lib\\unittest\\mock.py\", line 1134, in __call__\n    return self._mock_call(*args, **kwargs)\n  File \"C:\\Users\\Mohay\\AppData\\Local\\Programs\\Python\\Python312\\Lib\\unittest\\mock.py\", line 1138, in _mock_call\n    return self._execute_mock_call(*args, **kwargs)",
      "category": "RuntimeWarning",
      "when": "runtest",
      "filename": "D:\\repos\\segmentio@analytics-python__603632f3__requests__aiohttp\\segment\\analytics\\oauth_manager.py",
      "lineno": 88
    },
    {
      "message": "coroutine 'Consumer.request.<locals>.send_request' was never awaited",
      "category": "RuntimeWarning",
      "when": "runtest",
      "filename": "D:\\repos\\segmentio@analytics-python__603632f3__requests__aiohttp\\segment\\analytics\\consumer.py",
      "lineno": 145
    },
    {
      "message": "coroutine 'Consumer.request.<locals>.send_request' was never awaited",
      "category": "RuntimeWarning",
      "when": "runtest",
      "filename": "D:\\repos\\segmentio@analytics-python__603632f3__requests__aiohttp\\segment\\analytics\\consumer.py",
      "lineno": 145
    },
    {
      "message": "coroutine 'Consumer.request.<locals>.send_request' was never awaited",
      "category": "RuntimeWarning",
      "when": "runtest",
      "filename": "D:\\repos\\segmentio@analytics-python__603632f3__requests__aiohttp\\segment\\analytics\\consumer.py",
      "lineno": 145
    },
    {
      "message": "coroutine 'Consumer.request.<locals>.send_request' was never awaited",
      "category": "RuntimeWarning",
      "when": "runtest",
      "filename": "D:\\repos\\segmentio@analytics-python__603632f3__requests__aiohttp\\segment\\analytics\\consumer.py",
      "lineno": 145
    },
    {
      "message": "datetime.datetime.utcnow() is deprecated and scheduled for removal in a future version. Use timezone-aware objects to represent datetimes in UTC: datetime.datetime.now(datetime.UTC).",
      "category": "DeprecationWarning",
      "when": "runtest",
      "filename": "D:\\repos\\segmentio@analytics-python__603632f3__requests__aiohttp\\segment\\analytics\\test\\test_utils.py",
      "lineno": 54
    }
  ]
}