{
  "exitcode": 1,
  "summary": {
    "passed": 40,
    "failed": 44,
    "total": 84,
    "collected": 84
  },
  "collectors": [
    {
      "nodeid": "",
      "outcome": "passed",
      "result": [
        {
          "nodeid": ".",
          "type": "Dir"
        }
      ]
    },
    {
      "nodeid": "docs",
      "outcome": "passed",
      "result": []
    },
    {
      "nodeid": "git_pw",
      "outcome": "passed",
      "result": []
    },
    {
      "nodeid": "git_pw.egg-info",
      "outcome": "passed",
      "result": []
    },
    {
      "nodeid": "man",
      "outcome": "passed",
      "result": []
    },
    {
      "nodeid": "releasenotes/notes",
      "outcome": "passed",
      "result": []
    },
    {
      "nodeid": "releasenotes",
      "outcome": "passed",
      "result": [
        {
          "nodeid": "releasenotes/notes",
          "type": "Dir"
        }
      ]
    },
    {
      "nodeid": "rpm",
      "outcome": "passed",
      "result": []
    },
    {
      "nodeid": "test-requirements.txt",
      "outcome": "passed",
      "result": []
    },
    {
      "nodeid": "tests/test_api.py",
      "outcome": "passed",
      "result": [
        {
          "nodeid": "tests/test_api.py::test_get_server_undefined",
          "type": "Function",
          "lineno": 9
        },
        {
          "nodeid": "tests/test_api.py::test_get_server_missing_version",
          "type": "Function",
          "lineno": 20
        },
        {
          "nodeid": "tests/test_api.py::test_get_server_missing_version_and_path",
          "type": "Function",
          "lineno": 31
        },
        {
          "nodeid": "tests/test_api.py::test_get_project_undefined",
          "type": "Function",
          "lineno": 42
        },
        {
          "nodeid": "tests/test_api.py::test_get_project_wildcard",
          "type": "Function",
          "lineno": 53
        },
        {
          "nodeid": "tests/test_api.py::test_version_missing",
          "type": "Function",
          "lineno": 62
        },
        {
          "nodeid": "tests/test_api.py::test_version",
          "type": "Function",
          "lineno": 69
        },
        {
          "nodeid": "tests/test_api.py::test_retrieve_filter_ids_too_short",
          "type": "Function",
          "lineno": 76
        },
        {
          "nodeid": "tests/test_api.py::test_retrieve_filter_ids_no_matches",
          "type": "Function",
          "lineno": 84
        },
        {
          "nodeid": "tests/test_api.py::test_retrieve_filter_ids_multiple_matches_1_0",
          "type": "Function",
          "lineno": 95
        },
        {
          "nodeid": "tests/test_api.py::test_retrieve_filter_ids_multiple_matches_1_1",
          "type": "Function",
          "lineno": 113
        },
        {
          "nodeid": "tests/test_api.py::test_retrieve_filter_ids",
          "type": "Function",
          "lineno": 131
        }
      ]
    },
    {
      "nodeid": "tests/test_bundle.py::GetBundleTestCase",
      "outcome": "passed",
      "result": [
        {
          "nodeid": "tests/test_bundle.py::GetBundleTestCase::test_get_by_id",
          "type": "TestCaseFunction",
          "lineno": 13
        },
        {
          "nodeid": "tests/test_bundle.py::GetBundleTestCase::test_get_by_name",
          "type": "TestCaseFunction",
          "lineno": 25
        },
        {
          "nodeid": "tests/test_bundle.py::GetBundleTestCase::test_get_by_name_too_few_matches",
          "type": "TestCaseFunction",
          "lineno": 46
        },
        {
          "nodeid": "tests/test_bundle.py::GetBundleTestCase::test_get_by_name_too_many_matches",
          "type": "TestCaseFunction",
          "lineno": 37
        }
      ]
    },
    {
      "nodeid": "tests/test_bundle.py::ApplyTestCase",
      "outcome": "passed",
      "result": [
        {
          "nodeid": "tests/test_bundle.py::ApplyTestCase::test_apply_with_args",
          "type": "TestCaseFunction",
          "lineno": 76
        },
        {
          "nodeid": "tests/test_bundle.py::ApplyTestCase::test_apply_without_args",
          "type": "TestCaseFunction",
          "lineno": 59
        }
      ]
    },
    {
      "nodeid": "tests/test_bundle.py::DownloadTestCase",
      "outcome": "passed",
      "result": [
        {
          "nodeid": "tests/test_bundle.py::DownloadTestCase::test_download",
          "type": "TestCaseFunction",
          "lineno": 99
        },
        {
          "nodeid": "tests/test_bundle.py::DownloadTestCase::test_download_to_file",
          "type": "TestCaseFunction",
          "lineno": 113
        }
      ]
    },
    {
      "nodeid": "tests/test_bundle.py::ShowTestCase",
      "outcome": "passed",
      "result": [
        {
          "nodeid": "tests/test_bundle.py::ShowTestCase::test_show",
          "type": "TestCaseFunction",
          "lineno": 165
        }
      ]
    },
    {
      "nodeid": "tests/test_bundle.py::ListTestCase",
      "outcome": "passed",
      "result": [
        {
          "nodeid": "tests/test_bundle.py::ListTestCase::test_list",
          "type": "TestCaseFunction",
          "lineno": 196
        },
        {
          "nodeid": "tests/test_bundle.py::ListTestCase::test_list_api_v1_1",
          "type": "TestCaseFunction",
          "lineno": 321
        },
        {
          "nodeid": "tests/test_bundle.py::ListTestCase::test_list_with_filters",
          "type": "TestCaseFunction",
          "lineno": 234
        },
        {
          "nodeid": "tests/test_bundle.py::ListTestCase::test_list_with_formatting",
          "type": "TestCaseFunction",
          "lineno": 216
        },
        {
          "nodeid": "tests/test_bundle.py::ListTestCase::test_list_with_multiple_filters",
          "type": "TestCaseFunction",
          "lineno": 299
        },
        {
          "nodeid": "tests/test_bundle.py::ListTestCase::test_list_with_wildcard_filters",
          "type": "TestCaseFunction",
          "lineno": 280
        }
      ]
    },
    {
      "nodeid": "tests/test_bundle.py::CreateTestCase",
      "outcome": "passed",
      "result": [
        {
          "nodeid": "tests/test_bundle.py::CreateTestCase::test_create",
          "type": "TestCaseFunction",
          "lineno": 380
        },
        {
          "nodeid": "tests/test_bundle.py::CreateTestCase::test_create_api_v1_1",
          "type": "TestCaseFunction",
          "lineno": 410
        },
        {
          "nodeid": "tests/test_bundle.py::CreateTestCase::test_create_with_public",
          "type": "TestCaseFunction",
          "lineno": 394
        }
      ]
    },
    {
      "nodeid": "tests/test_bundle.py::UpdateTestCase",
      "outcome": "passed",
      "result": [
        {
          "nodeid": "tests/test_bundle.py::UpdateTestCase::test_update",
          "type": "TestCaseFunction",
          "lineno": 432
        },
        {
          "nodeid": "tests/test_bundle.py::UpdateTestCase::test_update_api_v1_1",
          "type": "TestCaseFunction",
          "lineno": 467
        },
        {
          "nodeid": "tests/test_bundle.py::UpdateTestCase::test_update_with_public",
          "type": "TestCaseFunction",
          "lineno": 449
        }
      ]
    },
    {
      "nodeid": "tests/test_bundle.py::DeleteTestCase",
      "outcome": "passed",
      "result": [
        {
          "nodeid": "tests/test_bundle.py::DeleteTestCase::test_delete",
          "type": "TestCaseFunction",
          "lineno": 489
        },
        {
          "nodeid": "tests/test_bundle.py::DeleteTestCase::test_delete_api_v1_1",
          "type": "TestCaseFunction",
          "lineno": 500
        }
      ]
    },
    {
      "nodeid": "tests/test_bundle.py::AddTestCase",
      "outcome": "passed",
      "result": [
        {
          "nodeid": "tests/test_bundle.py::AddTestCase::test_add",
          "type": "TestCaseFunction",
          "lineno": 528
        },
        {
          "nodeid": "tests/test_bundle.py::AddTestCase::test_add_api_v1_1",
          "type": "TestCaseFunction",
          "lineno": 551
        }
      ]
    },
    {
      "nodeid": "tests/test_bundle.py::RemoveTestCase",
      "outcome": "passed",
      "result": [
        {
          "nodeid": "tests/test_bundle.py::RemoveTestCase::test_remove",
          "type": "TestCaseFunction",
          "lineno": 580
        },
        {
          "nodeid": "tests/test_bundle.py::RemoveTestCase::test_remove_api_v1_1",
          "type": "TestCaseFunction",
          "lineno": 629
        },
        {
          "nodeid": "tests/test_bundle.py::RemoveTestCase::test_remove_empty",
          "type": "TestCaseFunction",
          "lineno": 605
        }
      ]
    },
    {
      "nodeid": "tests/test_bundle.py",
      "outcome": "passed",
      "result": [
        {
          "nodeid": "tests/test_bundle.py::GetBundleTestCase",
          "type": "UnitTestCase"
        },
        {
          "nodeid": "tests/test_bundle.py::ApplyTestCase",
          "type": "UnitTestCase"
        },
        {
          "nodeid": "tests/test_bundle.py::DownloadTestCase",
          "type": "UnitTestCase"
        },
        {
          "nodeid": "tests/test_bundle.py::ShowTestCase",
          "type": "UnitTestCase"
        },
        {
          "nodeid": "tests/test_bundle.py::ListTestCase",
          "type": "UnitTestCase"
        },
        {
          "nodeid": "tests/test_bundle.py::CreateTestCase",
          "type": "UnitTestCase"
        },
        {
          "nodeid": "tests/test_bundle.py::UpdateTestCase",
          "type": "UnitTestCase"
        },
        {
          "nodeid": "tests/test_bundle.py::DeleteTestCase",
          "type": "UnitTestCase"
        },
        {
          "nodeid": "tests/test_bundle.py::AddTestCase",
          "type": "UnitTestCase"
        },
        {
          "nodeid": "tests/test_bundle.py::RemoveTestCase",
          "type": "UnitTestCase"
        }
      ]
    },
    {
      "nodeid": "tests/test_patch.py::ApplyTestCase",
      "outcome": "passed",
      "result": [
        {
          "nodeid": "tests/test_patch.py::ApplyTestCase::test_apply",
          "type": "TestCaseFunction",
          "lineno": 14
        },
        {
          "nodeid": "tests/test_patch.py::ApplyTestCase::test_apply_with_args",
          "type": "TestCaseFunction",
          "lineno": 59
        },
        {
          "nodeid": "tests/test_patch.py::ApplyTestCase::test_apply_with_series",
          "type": "TestCaseFunction",
          "lineno": 29
        },
        {
          "nodeid": "tests/test_patch.py::ApplyTestCase::test_apply_without_deps",
          "type": "TestCaseFunction",
          "lineno": 44
        }
      ]
    },
    {
      "nodeid": "tests/test_patch.py::DownloadTestCase",
      "outcome": "passed",
      "result": [
        {
          "nodeid": "tests/test_patch.py::DownloadTestCase::test_download",
          "type": "TestCaseFunction",
          "lineno": 81
        },
        {
          "nodeid": "tests/test_patch.py::DownloadTestCase::test_download_diff",
          "type": "TestCaseFunction",
          "lineno": 96
        },
        {
          "nodeid": "tests/test_patch.py::DownloadTestCase::test_download_diff_to_file",
          "type": "TestCaseFunction",
          "lineno": 132
        },
        {
          "nodeid": "tests/test_patch.py::DownloadTestCase::test_download_to_file",
          "type": "TestCaseFunction",
          "lineno": 113
        }
      ]
    },
    {
      "nodeid": "tests/test_patch.py::ShowTestCase",
      "outcome": "passed",
      "result": [
        {
          "nodeid": "tests/test_patch.py::ShowTestCase::test_show",
          "type": "TestCaseFunction",
          "lineno": 187
        }
      ]
    },
    {
      "nodeid": "tests/test_patch.py::UpdateTestCase",
      "outcome": "passed",
      "result": [
        {
          "nodeid": "tests/test_patch.py::UpdateTestCase::test_update_no_arguments",
          "type": "TestCaseFunction",
          "lineno": 215
        },
        {
          "nodeid": "tests/test_patch.py::UpdateTestCase::test_update_with_arguments",
          "type": "TestCaseFunction",
          "lineno": 225
        },
        {
          "nodeid": "tests/test_patch.py::UpdateTestCase::test_update_with_delegate",
          "type": "TestCaseFunction",
          "lineno": 270
        },
        {
          "nodeid": "tests/test_patch.py::UpdateTestCase::test_update_with_invalid_state",
          "type": "TestCaseFunction",
          "lineno": 254
        }
      ]
    },
    {
      "nodeid": "tests/test_patch.py::ListTestCase",
      "outcome": "passed",
      "result": [
        {
          "nodeid": "tests/test_patch.py::ListTestCase::test_list",
          "type": "TestCaseFunction",
          "lineno": 319
        },
        {
          "nodeid": "tests/test_patch.py::ListTestCase::test_list_api_v1_1",
          "type": "TestCaseFunction",
          "lineno": 484
        },
        {
          "nodeid": "tests/test_patch.py::ListTestCase::test_list_with_filters",
          "type": "TestCaseFunction",
          "lineno": 358
        },
        {
          "nodeid": "tests/test_patch.py::ListTestCase::test_list_with_formatting",
          "type": "TestCaseFunction",
          "lineno": 342
        },
        {
          "nodeid": "tests/test_patch.py::ListTestCase::test_list_with_multiple_filters",
          "type": "TestCaseFunction",
          "lineno": 445
        },
        {
          "nodeid": "tests/test_patch.py::ListTestCase::test_list_with_wildcard_filters",
          "type": "TestCaseFunction",
          "lineno": 426
        }
      ]
    },
    {
      "nodeid": "tests/test_patch.py",
      "outcome": "passed",
      "result": [
        {
          "nodeid": "tests/test_patch.py::ApplyTestCase",
          "type": "UnitTestCase"
        },
        {
          "nodeid": "tests/test_patch.py::DownloadTestCase",
          "type": "UnitTestCase"
        },
        {
          "nodeid": "tests/test_patch.py::ShowTestCase",
          "type": "UnitTestCase"
        },
        {
          "nodeid": "tests/test_patch.py::UpdateTestCase",
          "type": "UnitTestCase"
        },
        {
          "nodeid": "tests/test_patch.py::ListTestCase",
          "type": "UnitTestCase"
        }
      ]
    },
    {
      "nodeid": "tests/test_series.py::ApplyTestCase",
      "outcome": "passed",
      "result": [
        {
          "nodeid": "tests/test_series.py::ApplyTestCase::test_apply_with_args",
          "type": "TestCaseFunction",
          "lineno": 27
        },
        {
          "nodeid": "tests/test_series.py::ApplyTestCase::test_apply_without_args",
          "type": "TestCaseFunction",
          "lineno": 12
        }
      ]
    },
    {
      "nodeid": "tests/test_series.py::DownloadTestCase",
      "outcome": "passed",
      "result": [
        {
          "nodeid": "tests/test_series.py::DownloadTestCase::test_download",
          "type": "TestCaseFunction",
          "lineno": 48
        },
        {
          "nodeid": "tests/test_series.py::DownloadTestCase::test_download_separate_to_dir",
          "type": "TestCaseFunction",
          "lineno": 78
        },
        {
          "nodeid": "tests/test_series.py::DownloadTestCase::test_download_to_file",
          "type": "TestCaseFunction",
          "lineno": 61
        }
      ]
    },
    {
      "nodeid": "tests/test_series.py::ShowTestCase",
      "outcome": "passed",
      "result": [
        {
          "nodeid": "tests/test_series.py::ShowTestCase::test_show",
          "type": "TestCaseFunction",
          "lineno": 133
        }
      ]
    },
    {
      "nodeid": "tests/test_series.py::ListTestCase",
      "outcome": "passed",
      "result": [
        {
          "nodeid": "tests/test_series.py::ListTestCase::test_list",
          "type": "TestCaseFunction",
          "lineno": 165
        },
        {
          "nodeid": "tests/test_series.py::ListTestCase::test_list_api_v1_1",
          "type": "TestCaseFunction",
          "lineno": 302
        },
        {
          "nodeid": "tests/test_series.py::ListTestCase::test_list_with_filters",
          "type": "TestCaseFunction",
          "lineno": 203
        },
        {
          "nodeid": "tests/test_series.py::ListTestCase::test_list_with_formatting",
          "type": "TestCaseFunction",
          "lineno": 185
        },
        {
          "nodeid": "tests/test_series.py::ListTestCase::test_list_with_multiple_filters",
          "type": "TestCaseFunction",
          "lineno": 274
        },
        {
          "nodeid": "tests/test_series.py::ListTestCase::test_list_with_wildcard_filters",
          "type": "TestCaseFunction",
          "lineno": 255
        }
      ]
    },
    {
      "nodeid": "tests/test_series.py",
      "outcome": "passed",
      "result": [
        {
          "nodeid": "tests/test_series.py::ApplyTestCase",
          "type": "UnitTestCase"
        },
        {
          "nodeid": "tests/test_series.py::DownloadTestCase",
          "type": "UnitTestCase"
        },
        {
          "nodeid": "tests/test_series.py::ShowTestCase",
          "type": "UnitTestCase"
        },
        {
          "nodeid": "tests/test_series.py::ListTestCase",
          "type": "UnitTestCase"
        }
      ]
    },
    {
      "nodeid": "tests/test_utils.py",
      "outcome": "passed",
      "result": [
        {
          "nodeid": "tests/test_utils.py::test_git_config",
          "type": "Function",
          "lineno": 14
        },
        {
          "nodeid": "tests/test_utils.py::test_git_config_unicode",
          "type": "Function",
          "lineno": 22
        },
        {
          "nodeid": "tests/test_utils.py::test_git_config_error",
          "type": "Function",
          "lineno": 32
        },
        {
          "nodeid": "tests/test_utils.py::test_echo_via_pager_env_GIT_PAGER",
          "type": "Function",
          "lineno": 43
        },
        {
          "nodeid": "tests/test_utils.py::test_echo_via_pager_config",
          "type": "Function",
          "lineno": 55
        },
        {
          "nodeid": "tests/test_utils.py::test_echo_via_pager_env_PAGER",
          "type": "Function",
          "lineno": 67
        },
        {
          "nodeid": "tests/test_utils.py::test_echo_via_pager_env_default",
          "type": "Function",
          "lineno": 79
        },
        {
          "nodeid": "tests/test_utils.py::test_tabulate_table",
          "type": "Function",
          "lineno": 100
        },
        {
          "nodeid": "tests/test_utils.py::test_tabulate_simple",
          "type": "Function",
          "lineno": 108
        },
        {
          "nodeid": "tests/test_utils.py::test_tabulate_csv",
          "type": "Function",
          "lineno": 116
        },
        {
          "nodeid": "tests/test_utils.py::test_tabulate_yaml",
          "type": "Function",
          "lineno": 129
        },
        {
          "nodeid": "tests/test_utils.py::test_tabulate_git_config",
          "type": "Function",
          "lineno": 148
        },
        {
          "nodeid": "tests/test_utils.py::test_tabulate_default",
          "type": "Function",
          "lineno": 158
        }
      ]
    },
    {
      "nodeid": "tests",
      "outcome": "passed",
      "result": [
        {
          "nodeid": "tests/test_api.py",
          "type": "Module"
        },
        {
          "nodeid": "tests/test_bundle.py",
          "type": "Module"
        },
        {
          "nodeid": "tests/test_patch.py",
          "type": "Module"
        },
        {
          "nodeid": "tests/test_series.py",
          "type": "Module"
        },
        {
          "nodeid": "tests/test_utils.py",
          "type": "Module"
        }
      ]
    },
    {
      "nodeid": ".",
      "outcome": "passed",
      "result": [
        {
          "nodeid": "docs",
          "type": "Dir"
        },
        {
          "nodeid": "git_pw",
          "type": "Package"
        },
        {
          "nodeid": "git_pw.egg-info",
          "type": "Dir"
        },
        {
          "nodeid": "man",
          "type": "Dir"
        },
        {
          "nodeid": "releasenotes",
          "type": "Dir"
        },
        {
          "nodeid": "rpm",
          "type": "Dir"
        },
        {
          "nodeid": "test-requirements.txt",
          "type": "DoctestTextfile"
        },
        {
          "nodeid": "tests",
          "type": "Package"
        }
      ]
    }
  ],
  "tests": [
    {
      "nodeid": "tests/test_api.py::test_get_server_undefined",
      "lineno": 9,
      "outcome": "passed",
      "keywords": [
        "test_get_server_undefined",
        "__wrapped__",
        "patchings",
        "test_api.py",
        "tests",
        "getpatchwork@git-pw__02c38bef__requests__aiohttp",
        ""
      ],
      "setup": {
        "outcome": "passed"
      },
      "call": {
        "outcome": "passed",
        "stderr": "error: invalid key: pw.__func__\nerror: invalid key: pw.__func__\n"
      },
      "teardown": {
        "outcome": "passed"
      }
    },
    {
      "nodeid": "tests/test_api.py::test_get_server_missing_version",
      "lineno": 20,
      "outcome": "passed",
      "keywords": [
        "test_get_server_missing_version",
        "__wrapped__",
        "patchings",
        "test_api.py",
        "tests",
        "getpatchwork@git-pw__02c38bef__requests__aiohttp",
        ""
      ],
      "setup": {
        "outcome": "passed"
      },
      "call": {
        "outcome": "passed",
        "stderr": "error: invalid key: pw.__func__\nerror: invalid key: pw.__func__\n"
      },
      "teardown": {
        "outcome": "passed"
      }
    },
    {
      "nodeid": "tests/test_api.py::test_get_server_missing_version_and_path",
      "lineno": 31,
      "outcome": "passed",
      "keywords": [
        "test_get_server_missing_version_and_path",
        "__wrapped__",
        "patchings",
        "test_api.py",
        "tests",
        "getpatchwork@git-pw__02c38bef__requests__aiohttp",
        ""
      ],
      "setup": {
        "outcome": "passed"
      },
      "call": {
        "outcome": "passed",
        "stderr": "error: invalid key: pw.__func__\nerror: invalid key: pw.__func__\n"
      },
      "teardown": {
        "outcome": "passed"
      }
    },
    {
      "nodeid": "tests/test_api.py::test_get_project_undefined",
      "lineno": 42,
      "outcome": "passed",
      "keywords": [
        "test_get_project_undefined",
        "__wrapped__",
        "patchings",
        "test_api.py",
        "tests",
        "getpatchwork@git-pw__02c38bef__requests__aiohttp",
        ""
      ],
      "setup": {
        "outcome": "passed"
      },
      "call": {
        "outcome": "passed",
        "stderr": "error: invalid key: pw.__func__\nerror: invalid key: pw.__func__\n"
      },
      "teardown": {
        "outcome": "passed"
      }
    },
    {
      "nodeid": "tests/test_api.py::test_get_project_wildcard",
      "lineno": 53,
      "outcome": "passed",
      "keywords": [
        "test_get_project_wildcard",
        "__wrapped__",
        "patchings",
        "test_api.py",
        "tests",
        "getpatchwork@git-pw__02c38bef__requests__aiohttp",
        ""
      ],
      "setup": {
        "outcome": "passed"
      },
      "call": {
        "outcome": "passed",
        "stderr": "error: invalid key: pw.__func__\nerror: invalid key: pw.__func__\n"
      },
      "teardown": {
        "outcome": "passed"
      }
    },
    {
      "nodeid": "tests/test_api.py::test_version_missing",
      "lineno": 62,
      "outcome": "failed",
      "keywords": [
        "test_version_missing",
        "__wrapped__",
        "patchings",
        "test_api.py",
        "tests",
        "getpatchwork@git-pw__02c38bef__requests__aiohttp",
        ""
      ],
      "setup": {
        "outcome": "passed"
      },
      "call": {
        "outcome": "failed",
        "crash": {
          "path": "D:\\repos\\getpatchwork@git-pw__02c38bef__requests__aiohttp\\tests\\test_api.py",
          "lineno": 67,
          "message": "AttributeError: module 'git_pw.api' has no attribute 'version'"
        },
        "traceback": [
          {
            "path": "tests\\test_api.py",
            "lineno": 67,
            "message": "AttributeError"
          }
        ],
        "longrepr": "mock_server = <MagicMock name='_get_server' id='1850827439520'>\n\n    @mock.patch.object(api, '_get_server')\n    def test_version_missing(mock_server):\n        mock_server.return_value = 'https://example.com/api'\n    \n>       assert api.version() == (1, 0)\nE       AttributeError: module 'git_pw.api' has no attribute 'version'\n\ntests\\test_api.py:67: AttributeError"
      },
      "teardown": {
        "outcome": "passed"
      }
    },
    {
      "nodeid": "tests/test_api.py::test_version",
      "lineno": 69,
      "outcome": "failed",
      "keywords": [
        "test_version",
        "__wrapped__",
        "patchings",
        "test_api.py",
        "tests",
        "getpatchwork@git-pw__02c38bef__requests__aiohttp",
        ""
      ],
      "setup": {
        "outcome": "passed"
      },
      "call": {
        "outcome": "failed",
        "crash": {
          "path": "D:\\repos\\getpatchwork@git-pw__02c38bef__requests__aiohttp\\tests\\test_api.py",
          "lineno": 74,
          "message": "AttributeError: module 'git_pw.api' has no attribute 'version'"
        },
        "traceback": [
          {
            "path": "tests\\test_api.py",
            "lineno": 74,
            "message": "AttributeError"
          }
        ],
        "longrepr": "mock_server = <MagicMock name='_get_server' id='1850827382064'>\n\n    @mock.patch.object(api, '_get_server')\n    def test_version(mock_server):\n        mock_server.return_value = 'https://example.com/api/1.1'\n    \n>       assert api.version() == (1, 1)\nE       AttributeError: module 'git_pw.api' has no attribute 'version'\n\ntests\\test_api.py:74: AttributeError"
      },
      "teardown": {
        "outcome": "passed"
      }
    },
    {
      "nodeid": "tests/test_api.py::test_retrieve_filter_ids_too_short",
      "lineno": 76,
      "outcome": "passed",
      "keywords": [
        "test_retrieve_filter_ids_too_short",
        "__wrapped__",
        "patchings",
        "test_api.py",
        "tests",
        "getpatchwork@git-pw__02c38bef__requests__aiohttp",
        ""
      ],
      "setup": {
        "outcome": "passed"
      },
      "call": {
        "outcome": "passed"
      },
      "teardown": {
        "outcome": "passed"
      }
    },
    {
      "nodeid": "tests/test_api.py::test_retrieve_filter_ids_no_matches",
      "lineno": 84,
      "outcome": "passed",
      "keywords": [
        "test_retrieve_filter_ids_no_matches",
        "__wrapped__",
        "patchings",
        "test_api.py",
        "tests",
        "getpatchwork@git-pw__02c38bef__requests__aiohttp",
        ""
      ],
      "setup": {
        "outcome": "passed"
      },
      "call": {
        "outcome": "passed"
      },
      "teardown": {
        "outcome": "passed"
      }
    },
    {
      "nodeid": "tests/test_api.py::test_retrieve_filter_ids_multiple_matches_1_0",
      "lineno": 95,
      "outcome": "failed",
      "keywords": [
        "test_retrieve_filter_ids_multiple_matches_1_0",
        "__wrapped__",
        "patchings",
        "test_api.py",
        "tests",
        "getpatchwork@git-pw__02c38bef__requests__aiohttp",
        ""
      ],
      "setup": {
        "outcome": "passed"
      },
      "call": {
        "outcome": "failed",
        "crash": {
          "path": "C:\\Users\\Mohay\\AppData\\Local\\Programs\\Python\\Python312\\Lib\\unittest\\mock.py",
          "lineno": 1431,
          "message": "AttributeError: <module 'git_pw.api' from 'D:\\\\repos\\\\getpatchwork@git-pw__02c38bef__requests__aiohttp\\\\git_pw\\\\api.py'> does not have the attribute 'version'"
        },
        "traceback": [
          {
            "path": "C:\\Users\\Mohay\\AppData\\Local\\Programs\\Python\\Python312\\Lib\\unittest\\mock.py",
            "lineno": 1387,
            "message": ""
          },
          {
            "path": "C:\\Users\\Mohay\\AppData\\Local\\Programs\\Python\\Python312\\Lib\\contextlib.py",
            "lineno": 137,
            "message": "in __enter__"
          },
          {
            "path": "C:\\Users\\Mohay\\AppData\\Local\\Programs\\Python\\Python312\\Lib\\unittest\\mock.py",
            "lineno": 1369,
            "message": "in decoration_helper"
          },
          {
            "path": "C:\\Users\\Mohay\\AppData\\Local\\Programs\\Python\\Python312\\Lib\\contextlib.py",
            "lineno": 526,
            "message": "in enter_context"
          },
          {
            "path": "C:\\Users\\Mohay\\AppData\\Local\\Programs\\Python\\Python312\\Lib\\unittest\\mock.py",
            "lineno": 1458,
            "message": "in __enter__"
          },
          {
            "path": "C:\\Users\\Mohay\\AppData\\Local\\Programs\\Python\\Python312\\Lib\\unittest\\mock.py",
            "lineno": 1431,
            "message": "AttributeError"
          }
        ],
        "longrepr": "args = (), keywargs = {}\n\n    @wraps(func)\n    def patched(*args, **keywargs):\n>       with self.decoration_helper(patched,\n                                    args,\n                                    keywargs) as (newargs, newkeywargs):\n\nC:\\Users\\Mohay\\AppData\\Local\\Programs\\Python\\Python312\\Lib\\unittest\\mock.py:1387: \n_ _ _ _ _ _ _ _ _ _ _ _ _ _ _ _ _ _ _ _ _ _ _ _ _ _ _ _ _ _ _ _ _ _ _ _ _ _ _ _\nC:\\Users\\Mohay\\AppData\\Local\\Programs\\Python\\Python312\\Lib\\contextlib.py:137: in __enter__\n    return next(self.gen)\nC:\\Users\\Mohay\\AppData\\Local\\Programs\\Python\\Python312\\Lib\\unittest\\mock.py:1369: in decoration_helper\n    arg = exit_stack.enter_context(patching)\nC:\\Users\\Mohay\\AppData\\Local\\Programs\\Python\\Python312\\Lib\\contextlib.py:526: in enter_context\n    result = _enter(cm)\nC:\\Users\\Mohay\\AppData\\Local\\Programs\\Python\\Python312\\Lib\\unittest\\mock.py:1458: in __enter__\n    original, local = self.get_original()\n_ _ _ _ _ _ _ _ _ _ _ _ _ _ _ _ _ _ _ _ _ _ _ _ _ _ _ _ _ _ _ _ _ _ _ _ _ _ _ _\n\nself = <unittest.mock._patch object at 0x000001AEE9BED490>\n\n    def get_original(self):\n        target = self.getter()\n        name = self.attribute\n    \n        original = DEFAULT\n        local = False\n    \n        try:\n            original = target.__dict__[name]\n        except (AttributeError, KeyError):\n            original = getattr(target, name, DEFAULT)\n        else:\n            local = True\n    \n        if name in _builtins and isinstance(target, ModuleType):\n            self.create = True\n    \n        if not self.create and original is DEFAULT:\n>           raise AttributeError(\n                \"%s does not have the attribute %r\" % (target, name)\n            )\nE           AttributeError: <module 'git_pw.api' from 'D:\\\\repos\\\\getpatchwork@git-pw__02c38bef__requests__aiohttp\\\\git_pw\\\\api.py'> does not have the attribute 'version'\n\nC:\\Users\\Mohay\\AppData\\Local\\Programs\\Python\\Python312\\Lib\\unittest\\mock.py:1431: AttributeError"
      },
      "teardown": {
        "outcome": "passed"
      }
    },
    {
      "nodeid": "tests/test_api.py::test_retrieve_filter_ids_multiple_matches_1_1",
      "lineno": 113,
      "outcome": "failed",
      "keywords": [
        "test_retrieve_filter_ids_multiple_matches_1_1",
        "__wrapped__",
        "patchings",
        "test_api.py",
        "tests",
        "getpatchwork@git-pw__02c38bef__requests__aiohttp",
        ""
      ],
      "setup": {
        "outcome": "passed"
      },
      "call": {
        "outcome": "failed",
        "crash": {
          "path": "C:\\Users\\Mohay\\AppData\\Local\\Programs\\Python\\Python312\\Lib\\unittest\\mock.py",
          "lineno": 1431,
          "message": "AttributeError: <module 'git_pw.api' from 'D:\\\\repos\\\\getpatchwork@git-pw__02c38bef__requests__aiohttp\\\\git_pw\\\\api.py'> does not have the attribute 'version'"
        },
        "traceback": [
          {
            "path": "C:\\Users\\Mohay\\AppData\\Local\\Programs\\Python\\Python312\\Lib\\unittest\\mock.py",
            "lineno": 1387,
            "message": ""
          },
          {
            "path": "C:\\Users\\Mohay\\AppData\\Local\\Programs\\Python\\Python312\\Lib\\contextlib.py",
            "lineno": 137,
            "message": "in __enter__"
          },
          {
            "path": "C:\\Users\\Mohay\\AppData\\Local\\Programs\\Python\\Python312\\Lib\\unittest\\mock.py",
            "lineno": 1369,
            "message": "in decoration_helper"
          },
          {
            "path": "C:\\Users\\Mohay\\AppData\\Local\\Programs\\Python\\Python312\\Lib\\contextlib.py",
            "lineno": 526,
            "message": "in enter_context"
          },
          {
            "path": "C:\\Users\\Mohay\\AppData\\Local\\Programs\\Python\\Python312\\Lib\\unittest\\mock.py",
            "lineno": 1458,
            "message": "in __enter__"
          },
          {
            "path": "C:\\Users\\Mohay\\AppData\\Local\\Programs\\Python\\Python312\\Lib\\unittest\\mock.py",
            "lineno": 1431,
            "message": "AttributeError"
          }
        ],
        "longrepr": "args = (), keywargs = {}\n\n    @wraps(func)\n    def patched(*args, **keywargs):\n>       with self.decoration_helper(patched,\n                                    args,\n                                    keywargs) as (newargs, newkeywargs):\n\nC:\\Users\\Mohay\\AppData\\Local\\Programs\\Python\\Python312\\Lib\\unittest\\mock.py:1387: \n_ _ _ _ _ _ _ _ _ _ _ _ _ _ _ _ _ _ _ _ _ _ _ _ _ _ _ _ _ _ _ _ _ _ _ _ _ _ _ _\nC:\\Users\\Mohay\\AppData\\Local\\Programs\\Python\\Python312\\Lib\\contextlib.py:137: in __enter__\n    return next(self.gen)\nC:\\Users\\Mohay\\AppData\\Local\\Programs\\Python\\Python312\\Lib\\unittest\\mock.py:1369: in decoration_helper\n    arg = exit_stack.enter_context(patching)\nC:\\Users\\Mohay\\AppData\\Local\\Programs\\Python\\Python312\\Lib\\contextlib.py:526: in enter_context\n    result = _enter(cm)\nC:\\Users\\Mohay\\AppData\\Local\\Programs\\Python\\Python312\\Lib\\unittest\\mock.py:1458: in __enter__\n    original, local = self.get_original()\n_ _ _ _ _ _ _ _ _ _ _ _ _ _ _ _ _ _ _ _ _ _ _ _ _ _ _ _ _ _ _ _ _ _ _ _ _ _ _ _\n\nself = <unittest.mock._patch object at 0x000001AEEDC26D50>\n\n    def get_original(self):\n        target = self.getter()\n        name = self.attribute\n    \n        original = DEFAULT\n        local = False\n    \n        try:\n            original = target.__dict__[name]\n        except (AttributeError, KeyError):\n            original = getattr(target, name, DEFAULT)\n        else:\n            local = True\n    \n        if name in _builtins and isinstance(target, ModuleType):\n            self.create = True\n    \n        if not self.create and original is DEFAULT:\n>           raise AttributeError(\n                \"%s does not have the attribute %r\" % (target, name)\n            )\nE           AttributeError: <module 'git_pw.api' from 'D:\\\\repos\\\\getpatchwork@git-pw__02c38bef__requests__aiohttp\\\\git_pw\\\\api.py'> does not have the attribute 'version'\n\nC:\\Users\\Mohay\\AppData\\Local\\Programs\\Python\\Python312\\Lib\\unittest\\mock.py:1431: AttributeError"
      },
      "teardown": {
        "outcome": "passed"
      }
    },
    {
      "nodeid": "tests/test_api.py::test_retrieve_filter_ids",
      "lineno": 131,
      "outcome": "passed",
      "keywords": [
        "test_retrieve_filter_ids",
        "__wrapped__",
        "patchings",
        "test_api.py",
        "tests",
        "getpatchwork@git-pw__02c38bef__requests__aiohttp",
        ""
      ],
      "setup": {
        "outcome": "passed"
      },
      "call": {
        "outcome": "passed"
      },
      "teardown": {
        "outcome": "passed"
      }
    },
    {
      "nodeid": "tests/test_bundle.py::GetBundleTestCase::test_get_by_id",
      "lineno": 13,
      "outcome": "passed",
      "keywords": [
        "test_get_by_id",
        "__wrapped__",
        "patchings",
        "GetBundleTestCase",
        "test_bundle.py",
        "tests",
        "getpatchwork@git-pw__02c38bef__requests__aiohttp",
        ""
      ],
      "setup": {
        "outcome": "passed"
      },
      "call": {
        "outcome": "passed"
      },
      "teardown": {
        "outcome": "passed"
      }
    },
    {
      "nodeid": "tests/test_bundle.py::GetBundleTestCase::test_get_by_name",
      "lineno": 25,
      "outcome": "passed",
      "keywords": [
        "test_get_by_name",
        "__wrapped__",
        "patchings",
        "GetBundleTestCase",
        "test_bundle.py",
        "tests",
        "getpatchwork@git-pw__02c38bef__requests__aiohttp",
        ""
      ],
      "setup": {
        "outcome": "passed"
      },
      "call": {
        "outcome": "passed"
      },
      "teardown": {
        "outcome": "passed"
      }
    },
    {
      "nodeid": "tests/test_bundle.py::GetBundleTestCase::test_get_by_name_too_few_matches",
      "lineno": 46,
      "outcome": "passed",
      "keywords": [
        "test_get_by_name_too_few_matches",
        "__wrapped__",
        "patchings",
        "GetBundleTestCase",
        "test_bundle.py",
        "tests",
        "getpatchwork@git-pw__02c38bef__requests__aiohttp",
        ""
      ],
      "setup": {
        "outcome": "passed"
      },
      "call": {
        "outcome": "passed"
      },
      "teardown": {
        "outcome": "passed"
      }
    },
    {
      "nodeid": "tests/test_bundle.py::GetBundleTestCase::test_get_by_name_too_many_matches",
      "lineno": 37,
      "outcome": "passed",
      "keywords": [
        "test_get_by_name_too_many_matches",
        "__wrapped__",
        "patchings",
        "GetBundleTestCase",
        "test_bundle.py",
        "tests",
        "getpatchwork@git-pw__02c38bef__requests__aiohttp",
        ""
      ],
      "setup": {
        "outcome": "passed"
      },
      "call": {
        "outcome": "passed"
      },
      "teardown": {
        "outcome": "passed"
      }
    },
    {
      "nodeid": "tests/test_bundle.py::ApplyTestCase::test_apply_with_args",
      "lineno": 76,
      "outcome": "failed",
      "keywords": [
        "test_apply_with_args",
        "__wrapped__",
        "patchings",
        "ApplyTestCase",
        "test_bundle.py",
        "tests",
        "getpatchwork@git-pw__02c38bef__requests__aiohttp",
        ""
      ],
      "setup": {
        "outcome": "passed"
      },
      "call": {
        "outcome": "failed",
        "crash": {
          "path": "C:\\Users\\Mohay\\AppData\\Local\\Programs\\Python\\Python312\\Lib\\unittest\\mock.py",
          "lineno": 944,
          "message": "AssertionError: expected call not found.\nExpected: git_am('test.patch', ('-3',))\n  Actual: git_am(<coroutine object AsyncMockMixin._execute_mock_call at 0x000001AEEDEC6740>, ('-3',))"
        },
        "traceback": [
          {
            "path": "tests\\test_bundle.py",
            "lineno": 92,
            "message": ""
          },
          {
            "path": "C:\\Users\\Mohay\\AppData\\Local\\Programs\\Python\\Python312\\Lib\\unittest\\mock.py",
            "lineno": 956,
            "message": "in assert_called_once_with"
          },
          {
            "path": "C:\\Users\\Mohay\\AppData\\Local\\Programs\\Python\\Python312\\Lib\\unittest\\mock.py",
            "lineno": 944,
            "message": "AssertionError"
          }
        ],
        "longrepr": "self = <tests.test_bundle.ApplyTestCase testMethod=test_apply_with_args>\nmock_git_am = <MagicMock name='git_am' id='1850827385520'>\nmock_download = <AsyncMock name='download' id='1850819871616'>\nmock_get_bundle = <MagicMock name='_get_bundle' id='1850827465664'>\n\n    def test_apply_with_args(\n        self, mock_git_am, mock_download, mock_get_bundle\n    ):\n        \"\"\"Validate passthrough of arbitrary arguments to git-am.\"\"\"\n    \n        rsp = {'mbox': 'http://example.com/api/patches/123/mbox/'}\n        mock_get_bundle.return_value = rsp\n        mock_download.return_value = 'test.patch'\n    \n        runner = CLIRunner()\n        result = runner.invoke(bundle.apply_cmd, ['123', '-3'])\n    \n        assert result.exit_code == 0, result\n        mock_get_bundle.assert_called_once_with('123')\n        mock_download.assert_called_once_with(rsp['mbox'])\n>       mock_git_am.assert_called_once_with(\n            mock_download.return_value, ('-3',)\n        )\n\ntests\\test_bundle.py:92: \n_ _ _ _ _ _ _ _ _ _ _ _ _ _ _ _ _ _ _ _ _ _ _ _ _ _ _ _ _ _ _ _ _ _ _ _ _ _ _ _\nC:\\Users\\Mohay\\AppData\\Local\\Programs\\Python\\Python312\\Lib\\unittest\\mock.py:956: in assert_called_once_with\n    return self.assert_called_with(*args, **kwargs)\n_ _ _ _ _ _ _ _ _ _ _ _ _ _ _ _ _ _ _ _ _ _ _ _ _ _ _ _ _ _ _ _ _ _ _ _ _ _ _ _\n\nself = <MagicMock name='git_am' id='1850827385520'>\nargs = ('test.patch', ('-3',)), kwargs = {}\nexpected = call('test.patch', ('-3',))\nactual = call(<coroutine object AsyncMockMixin._execute_mock_call at 0x000001AEEDEC6740>, ('-3',))\n_error_message = <function NonCallableMock.assert_called_with.<locals>._error_message at 0x000001AEEDF1CEA0>\ncause = None\n\n    def assert_called_with(self, /, *args, **kwargs):\n        \"\"\"assert that the last call was made with the specified arguments.\n    \n        Raises an AssertionError if the args and keyword args passed in are\n        different to the last call to the mock.\"\"\"\n        if self.call_args is None:\n            expected = self._format_mock_call_signature(args, kwargs)\n            actual = 'not called.'\n            error_message = ('expected call not found.\\nExpected: %s\\n  Actual: %s'\n                    % (expected, actual))\n            raise AssertionError(error_message)\n    \n        def _error_message():\n            msg = self._format_mock_failure_message(args, kwargs)\n            return msg\n        expected = self._call_matcher(_Call((args, kwargs), two=True))\n        actual = self._call_matcher(self.call_args)\n        if actual != expected:\n            cause = expected if isinstance(expected, Exception) else None\n>           raise AssertionError(_error_message()) from cause\nE           AssertionError: expected call not found.\nE           Expected: git_am('test.patch', ('-3',))\nE             Actual: git_am(<coroutine object AsyncMockMixin._execute_mock_call at 0x000001AEEDEC6740>, ('-3',))\n\nC:\\Users\\Mohay\\AppData\\Local\\Programs\\Python\\Python312\\Lib\\unittest\\mock.py:944: AssertionError"
      },
      "teardown": {
        "outcome": "passed"
      }
    },
    {
      "nodeid": "tests/test_bundle.py::ApplyTestCase::test_apply_without_args",
      "lineno": 59,
      "outcome": "failed",
      "keywords": [
        "test_apply_without_args",
        "__wrapped__",
        "patchings",
        "ApplyTestCase",
        "test_bundle.py",
        "tests",
        "getpatchwork@git-pw__02c38bef__requests__aiohttp",
        ""
      ],
      "setup": {
        "outcome": "passed"
      },
      "call": {
        "outcome": "failed",
        "crash": {
          "path": "C:\\Users\\Mohay\\AppData\\Local\\Programs\\Python\\Python312\\Lib\\unittest\\mock.py",
          "lineno": 944,
          "message": "AssertionError: expected call not found.\nExpected: git_am('test.patch', ())\n  Actual: git_am(<coroutine object AsyncMockMixin._execute_mock_call at 0x000001AEEDEC5340>, ())"
        },
        "traceback": [
          {
            "path": "tests\\test_bundle.py",
            "lineno": 75,
            "message": ""
          },
          {
            "path": "C:\\Users\\Mohay\\AppData\\Local\\Programs\\Python\\Python312\\Lib\\unittest\\mock.py",
            "lineno": 956,
            "message": "in assert_called_once_with"
          },
          {
            "path": "C:\\Users\\Mohay\\AppData\\Local\\Programs\\Python\\Python312\\Lib\\unittest\\mock.py",
            "lineno": 944,
            "message": "AssertionError"
          }
        ],
        "longrepr": "self = <tests.test_bundle.ApplyTestCase testMethod=test_apply_without_args>\nmock_git_am = <MagicMock name='git_am' id='1850827430208'>\nmock_download = <AsyncMock name='download' id='1850827384224'>\nmock_get_bundle = <MagicMock name='_get_bundle' id='1850827378128'>\n\n    def test_apply_without_args(\n        self, mock_git_am, mock_download, mock_get_bundle\n    ):\n        \"\"\"Validate calling with no arguments.\"\"\"\n    \n        rsp = {'mbox': 'http://example.com/api/patches/123/mbox/'}\n        mock_get_bundle.return_value = rsp\n        mock_download.return_value = 'test.patch'\n    \n        runner = CLIRunner()\n        result = runner.invoke(bundle.apply_cmd, ['123'])\n    \n        assert result.exit_code == 0, result\n        mock_get_bundle.assert_called_once_with('123')\n        mock_download.assert_called_once_with(rsp['mbox'])\n>       mock_git_am.assert_called_once_with(mock_download.return_value, ())\n\ntests\\test_bundle.py:75: \n_ _ _ _ _ _ _ _ _ _ _ _ _ _ _ _ _ _ _ _ _ _ _ _ _ _ _ _ _ _ _ _ _ _ _ _ _ _ _ _\nC:\\Users\\Mohay\\AppData\\Local\\Programs\\Python\\Python312\\Lib\\unittest\\mock.py:956: in assert_called_once_with\n    return self.assert_called_with(*args, **kwargs)\n_ _ _ _ _ _ _ _ _ _ _ _ _ _ _ _ _ _ _ _ _ _ _ _ _ _ _ _ _ _ _ _ _ _ _ _ _ _ _ _\n\nself = <MagicMock name='git_am' id='1850827430208'>, args = ('test.patch', ())\nkwargs = {}, expected = call('test.patch', ())\nactual = call(<coroutine object AsyncMockMixin._execute_mock_call at 0x000001AEEDEC5340>, ())\n_error_message = <function NonCallableMock.assert_called_with.<locals>._error_message at 0x000001AEEDF1D760>\ncause = None\n\n    def assert_called_with(self, /, *args, **kwargs):\n        \"\"\"assert that the last call was made with the specified arguments.\n    \n        Raises an AssertionError if the args and keyword args passed in are\n        different to the last call to the mock.\"\"\"\n        if self.call_args is None:\n            expected = self._format_mock_call_signature(args, kwargs)\n            actual = 'not called.'\n            error_message = ('expected call not found.\\nExpected: %s\\n  Actual: %s'\n                    % (expected, actual))\n            raise AssertionError(error_message)\n    \n        def _error_message():\n            msg = self._format_mock_failure_message(args, kwargs)\n            return msg\n        expected = self._call_matcher(_Call((args, kwargs), two=True))\n        actual = self._call_matcher(self.call_args)\n        if actual != expected:\n            cause = expected if isinstance(expected, Exception) else None\n>           raise AssertionError(_error_message()) from cause\nE           AssertionError: expected call not found.\nE           Expected: git_am('test.patch', ())\nE             Actual: git_am(<coroutine object AsyncMockMixin._execute_mock_call at 0x000001AEEDEC5340>, ())\n\nC:\\Users\\Mohay\\AppData\\Local\\Programs\\Python\\Python312\\Lib\\unittest\\mock.py:944: AssertionError"
      },
      "teardown": {
        "outcome": "passed"
      }
    },
    {
      "nodeid": "tests/test_bundle.py::DownloadTestCase::test_download",
      "lineno": 99,
      "outcome": "passed",
      "keywords": [
        "test_download",
        "__wrapped__",
        "patchings",
        "DownloadTestCase",
        "test_bundle.py",
        "tests",
        "getpatchwork@git-pw__02c38bef__requests__aiohttp",
        ""
      ],
      "setup": {
        "outcome": "passed"
      },
      "call": {
        "outcome": "passed"
      },
      "teardown": {
        "outcome": "passed"
      }
    },
    {
      "nodeid": "tests/test_bundle.py::DownloadTestCase::test_download_to_file",
      "lineno": 113,
      "outcome": "passed",
      "keywords": [
        "test_download_to_file",
        "__wrapped__",
        "patchings",
        "DownloadTestCase",
        "test_bundle.py",
        "tests",
        "getpatchwork@git-pw__02c38bef__requests__aiohttp",
        ""
      ],
      "setup": {
        "outcome": "passed"
      },
      "call": {
        "outcome": "passed"
      },
      "teardown": {
        "outcome": "passed"
      }
    },
    {
      "nodeid": "tests/test_bundle.py::ShowTestCase::test_show",
      "lineno": 165,
      "outcome": "passed",
      "keywords": [
        "test_show",
        "__wrapped__",
        "patchings",
        "ShowTestCase",
        "test_bundle.py",
        "tests",
        "getpatchwork@git-pw__02c38bef__requests__aiohttp",
        ""
      ],
      "setup": {
        "outcome": "passed"
      },
      "call": {
        "outcome": "passed"
      },
      "teardown": {
        "outcome": "passed"
      }
    },
    {
      "nodeid": "tests/test_bundle.py::ListTestCase::test_list",
      "lineno": 196,
      "outcome": "failed",
      "keywords": [
        "test_list",
        "__wrapped__",
        "patchings",
        "ListTestCase",
        "test_bundle.py",
        "tests",
        "getpatchwork@git-pw__02c38bef__requests__aiohttp",
        ""
      ],
      "setup": {
        "outcome": "passed"
      },
      "call": {
        "outcome": "failed",
        "crash": {
          "path": "C:\\Users\\Mohay\\AppData\\Local\\Programs\\Python\\Python312\\Lib\\unittest\\mock.py",
          "lineno": 1431,
          "message": "AttributeError: <module 'git_pw.api' from 'D:\\\\repos\\\\getpatchwork@git-pw__02c38bef__requests__aiohttp\\\\git_pw\\\\api.py'> does not have the attribute 'version'"
        },
        "traceback": [
          {
            "path": "C:\\Users\\Mohay\\AppData\\Local\\Programs\\Python\\Python312\\Lib\\unittest\\mock.py",
            "lineno": 1387,
            "message": "in patched"
          },
          {
            "path": "C:\\Users\\Mohay\\AppData\\Local\\Programs\\Python\\Python312\\Lib\\contextlib.py",
            "lineno": 137,
            "message": "in __enter__"
          },
          {
            "path": "C:\\Users\\Mohay\\AppData\\Local\\Programs\\Python\\Python312\\Lib\\unittest\\mock.py",
            "lineno": 1369,
            "message": "in decoration_helper"
          },
          {
            "path": "C:\\Users\\Mohay\\AppData\\Local\\Programs\\Python\\Python312\\Lib\\contextlib.py",
            "lineno": 526,
            "message": "in enter_context"
          },
          {
            "path": "C:\\Users\\Mohay\\AppData\\Local\\Programs\\Python\\Python312\\Lib\\unittest\\mock.py",
            "lineno": 1458,
            "message": "in __enter__"
          },
          {
            "path": "C:\\Users\\Mohay\\AppData\\Local\\Programs\\Python\\Python312\\Lib\\unittest\\mock.py",
            "lineno": 1431,
            "message": "AttributeError"
          }
        ],
        "longrepr": "C:\\Users\\Mohay\\AppData\\Local\\Programs\\Python\\Python312\\Lib\\unittest\\mock.py:1387: in patched\n    with self.decoration_helper(patched,\nC:\\Users\\Mohay\\AppData\\Local\\Programs\\Python\\Python312\\Lib\\contextlib.py:137: in __enter__\n    return next(self.gen)\nC:\\Users\\Mohay\\AppData\\Local\\Programs\\Python\\Python312\\Lib\\unittest\\mock.py:1369: in decoration_helper\n    arg = exit_stack.enter_context(patching)\nC:\\Users\\Mohay\\AppData\\Local\\Programs\\Python\\Python312\\Lib\\contextlib.py:526: in enter_context\n    result = _enter(cm)\nC:\\Users\\Mohay\\AppData\\Local\\Programs\\Python\\Python312\\Lib\\unittest\\mock.py:1458: in __enter__\n    original, local = self.get_original()\n_ _ _ _ _ _ _ _ _ _ _ _ _ _ _ _ _ _ _ _ _ _ _ _ _ _ _ _ _ _ _ _ _ _ _ _ _ _ _ _\n\nself = <unittest.mock._patch object at 0x000001AEEDC5BF50>\n\n    def get_original(self):\n        target = self.getter()\n        name = self.attribute\n    \n        original = DEFAULT\n        local = False\n    \n        try:\n            original = target.__dict__[name]\n        except (AttributeError, KeyError):\n            original = getattr(target, name, DEFAULT)\n        else:\n            local = True\n    \n        if name in _builtins and isinstance(target, ModuleType):\n            self.create = True\n    \n        if not self.create and original is DEFAULT:\n>           raise AttributeError(\n                \"%s does not have the attribute %r\" % (target, name)\n            )\nE           AttributeError: <module 'git_pw.api' from 'D:\\\\repos\\\\getpatchwork@git-pw__02c38bef__requests__aiohttp\\\\git_pw\\\\api.py'> does not have the attribute 'version'\n\nC:\\Users\\Mohay\\AppData\\Local\\Programs\\Python\\Python312\\Lib\\unittest\\mock.py:1431: AttributeError"
      },
      "teardown": {
        "outcome": "passed"
      }
    },
    {
      "nodeid": "tests/test_bundle.py::ListTestCase::test_list_api_v1_1",
      "lineno": 321,
      "outcome": "failed",
      "keywords": [
        "test_list_api_v1_1",
        "__wrapped__",
        "patchings",
        "ListTestCase",
        "test_bundle.py",
        "tests",
        "getpatchwork@git-pw__02c38bef__requests__aiohttp",
        ""
      ],
      "setup": {
        "outcome": "passed"
      },
      "call": {
        "outcome": "failed",
        "crash": {
          "path": "C:\\Users\\Mohay\\AppData\\Local\\Programs\\Python\\Python312\\Lib\\unittest\\mock.py",
          "lineno": 1431,
          "message": "AttributeError: <module 'git_pw.api' from 'D:\\\\repos\\\\getpatchwork@git-pw__02c38bef__requests__aiohttp\\\\git_pw\\\\api.py'> does not have the attribute 'version'"
        },
        "traceback": [
          {
            "path": "C:\\Users\\Mohay\\AppData\\Local\\Programs\\Python\\Python312\\Lib\\unittest\\mock.py",
            "lineno": 1387,
            "message": "in patched"
          },
          {
            "path": "C:\\Users\\Mohay\\AppData\\Local\\Programs\\Python\\Python312\\Lib\\contextlib.py",
            "lineno": 137,
            "message": "in __enter__"
          },
          {
            "path": "C:\\Users\\Mohay\\AppData\\Local\\Programs\\Python\\Python312\\Lib\\unittest\\mock.py",
            "lineno": 1369,
            "message": "in decoration_helper"
          },
          {
            "path": "C:\\Users\\Mohay\\AppData\\Local\\Programs\\Python\\Python312\\Lib\\contextlib.py",
            "lineno": 526,
            "message": "in enter_context"
          },
          {
            "path": "C:\\Users\\Mohay\\AppData\\Local\\Programs\\Python\\Python312\\Lib\\unittest\\mock.py",
            "lineno": 1458,
            "message": "in __enter__"
          },
          {
            "path": "C:\\Users\\Mohay\\AppData\\Local\\Programs\\Python\\Python312\\Lib\\unittest\\mock.py",
            "lineno": 1431,
            "message": "AttributeError"
          }
        ],
        "longrepr": "C:\\Users\\Mohay\\AppData\\Local\\Programs\\Python\\Python312\\Lib\\unittest\\mock.py:1387: in patched\n    with self.decoration_helper(patched,\nC:\\Users\\Mohay\\AppData\\Local\\Programs\\Python\\Python312\\Lib\\contextlib.py:137: in __enter__\n    return next(self.gen)\nC:\\Users\\Mohay\\AppData\\Local\\Programs\\Python\\Python312\\Lib\\unittest\\mock.py:1369: in decoration_helper\n    arg = exit_stack.enter_context(patching)\nC:\\Users\\Mohay\\AppData\\Local\\Programs\\Python\\Python312\\Lib\\contextlib.py:526: in enter_context\n    result = _enter(cm)\nC:\\Users\\Mohay\\AppData\\Local\\Programs\\Python\\Python312\\Lib\\unittest\\mock.py:1458: in __enter__\n    original, local = self.get_original()\n_ _ _ _ _ _ _ _ _ _ _ _ _ _ _ _ _ _ _ _ _ _ _ _ _ _ _ _ _ _ _ _ _ _ _ _ _ _ _ _\n\nself = <unittest.mock._patch object at 0x000001AEEDC78740>\n\n    def get_original(self):\n        target = self.getter()\n        name = self.attribute\n    \n        original = DEFAULT\n        local = False\n    \n        try:\n            original = target.__dict__[name]\n        except (AttributeError, KeyError):\n            original = getattr(target, name, DEFAULT)\n        else:\n            local = True\n    \n        if name in _builtins and isinstance(target, ModuleType):\n            self.create = True\n    \n        if not self.create and original is DEFAULT:\n>           raise AttributeError(\n                \"%s does not have the attribute %r\" % (target, name)\n            )\nE           AttributeError: <module 'git_pw.api' from 'D:\\\\repos\\\\getpatchwork@git-pw__02c38bef__requests__aiohttp\\\\git_pw\\\\api.py'> does not have the attribute 'version'\n\nC:\\Users\\Mohay\\AppData\\Local\\Programs\\Python\\Python312\\Lib\\unittest\\mock.py:1431: AttributeError"
      },
      "teardown": {
        "outcome": "passed"
      }
    },
    {
      "nodeid": "tests/test_bundle.py::ListTestCase::test_list_with_filters",
      "lineno": 234,
      "outcome": "failed",
      "keywords": [
        "test_list_with_filters",
        "__wrapped__",
        "patchings",
        "ListTestCase",
        "test_bundle.py",
        "tests",
        "getpatchwork@git-pw__02c38bef__requests__aiohttp",
        ""
      ],
      "setup": {
        "outcome": "passed"
      },
      "call": {
        "outcome": "failed",
        "crash": {
          "path": "C:\\Users\\Mohay\\AppData\\Local\\Programs\\Python\\Python312\\Lib\\unittest\\mock.py",
          "lineno": 1431,
          "message": "AttributeError: <module 'git_pw.api' from 'D:\\\\repos\\\\getpatchwork@git-pw__02c38bef__requests__aiohttp\\\\git_pw\\\\api.py'> does not have the attribute 'version'"
        },
        "traceback": [
          {
            "path": "C:\\Users\\Mohay\\AppData\\Local\\Programs\\Python\\Python312\\Lib\\unittest\\mock.py",
            "lineno": 1387,
            "message": "in patched"
          },
          {
            "path": "C:\\Users\\Mohay\\AppData\\Local\\Programs\\Python\\Python312\\Lib\\contextlib.py",
            "lineno": 137,
            "message": "in __enter__"
          },
          {
            "path": "C:\\Users\\Mohay\\AppData\\Local\\Programs\\Python\\Python312\\Lib\\unittest\\mock.py",
            "lineno": 1369,
            "message": "in decoration_helper"
          },
          {
            "path": "C:\\Users\\Mohay\\AppData\\Local\\Programs\\Python\\Python312\\Lib\\contextlib.py",
            "lineno": 526,
            "message": "in enter_context"
          },
          {
            "path": "C:\\Users\\Mohay\\AppData\\Local\\Programs\\Python\\Python312\\Lib\\unittest\\mock.py",
            "lineno": 1458,
            "message": "in __enter__"
          },
          {
            "path": "C:\\Users\\Mohay\\AppData\\Local\\Programs\\Python\\Python312\\Lib\\unittest\\mock.py",
            "lineno": 1431,
            "message": "AttributeError"
          }
        ],
        "longrepr": "C:\\Users\\Mohay\\AppData\\Local\\Programs\\Python\\Python312\\Lib\\unittest\\mock.py:1387: in patched\n    with self.decoration_helper(patched,\nC:\\Users\\Mohay\\AppData\\Local\\Programs\\Python\\Python312\\Lib\\contextlib.py:137: in __enter__\n    return next(self.gen)\nC:\\Users\\Mohay\\AppData\\Local\\Programs\\Python\\Python312\\Lib\\unittest\\mock.py:1369: in decoration_helper\n    arg = exit_stack.enter_context(patching)\nC:\\Users\\Mohay\\AppData\\Local\\Programs\\Python\\Python312\\Lib\\contextlib.py:526: in enter_context\n    result = _enter(cm)\nC:\\Users\\Mohay\\AppData\\Local\\Programs\\Python\\Python312\\Lib\\unittest\\mock.py:1458: in __enter__\n    original, local = self.get_original()\n_ _ _ _ _ _ _ _ _ _ _ _ _ _ _ _ _ _ _ _ _ _ _ _ _ _ _ _ _ _ _ _ _ _ _ _ _ _ _ _\n\nself = <unittest.mock._patch object at 0x000001AEEDC788F0>\n\n    def get_original(self):\n        target = self.getter()\n        name = self.attribute\n    \n        original = DEFAULT\n        local = False\n    \n        try:\n            original = target.__dict__[name]\n        except (AttributeError, KeyError):\n            original = getattr(target, name, DEFAULT)\n        else:\n            local = True\n    \n        if name in _builtins and isinstance(target, ModuleType):\n            self.create = True\n    \n        if not self.create and original is DEFAULT:\n>           raise AttributeError(\n                \"%s does not have the attribute %r\" % (target, name)\n            )\nE           AttributeError: <module 'git_pw.api' from 'D:\\\\repos\\\\getpatchwork@git-pw__02c38bef__requests__aiohttp\\\\git_pw\\\\api.py'> does not have the attribute 'version'\n\nC:\\Users\\Mohay\\AppData\\Local\\Programs\\Python\\Python312\\Lib\\unittest\\mock.py:1431: AttributeError"
      },
      "teardown": {
        "outcome": "passed"
      }
    },
    {
      "nodeid": "tests/test_bundle.py::ListTestCase::test_list_with_formatting",
      "lineno": 216,
      "outcome": "failed",
      "keywords": [
        "test_list_with_formatting",
        "__wrapped__",
        "patchings",
        "ListTestCase",
        "test_bundle.py",
        "tests",
        "getpatchwork@git-pw__02c38bef__requests__aiohttp",
        ""
      ],
      "setup": {
        "outcome": "passed"
      },
      "call": {
        "outcome": "failed",
        "crash": {
          "path": "C:\\Users\\Mohay\\AppData\\Local\\Programs\\Python\\Python312\\Lib\\unittest\\mock.py",
          "lineno": 1431,
          "message": "AttributeError: <module 'git_pw.api' from 'D:\\\\repos\\\\getpatchwork@git-pw__02c38bef__requests__aiohttp\\\\git_pw\\\\api.py'> does not have the attribute 'version'"
        },
        "traceback": [
          {
            "path": "C:\\Users\\Mohay\\AppData\\Local\\Programs\\Python\\Python312\\Lib\\unittest\\mock.py",
            "lineno": 1387,
            "message": "in patched"
          },
          {
            "path": "C:\\Users\\Mohay\\AppData\\Local\\Programs\\Python\\Python312\\Lib\\contextlib.py",
            "lineno": 137,
            "message": "in __enter__"
          },
          {
            "path": "C:\\Users\\Mohay\\AppData\\Local\\Programs\\Python\\Python312\\Lib\\unittest\\mock.py",
            "lineno": 1369,
            "message": "in decoration_helper"
          },
          {
            "path": "C:\\Users\\Mohay\\AppData\\Local\\Programs\\Python\\Python312\\Lib\\contextlib.py",
            "lineno": 526,
            "message": "in enter_context"
          },
          {
            "path": "C:\\Users\\Mohay\\AppData\\Local\\Programs\\Python\\Python312\\Lib\\unittest\\mock.py",
            "lineno": 1458,
            "message": "in __enter__"
          },
          {
            "path": "C:\\Users\\Mohay\\AppData\\Local\\Programs\\Python\\Python312\\Lib\\unittest\\mock.py",
            "lineno": 1431,
            "message": "AttributeError"
          }
        ],
        "longrepr": "C:\\Users\\Mohay\\AppData\\Local\\Programs\\Python\\Python312\\Lib\\unittest\\mock.py:1387: in patched\n    with self.decoration_helper(patched,\nC:\\Users\\Mohay\\AppData\\Local\\Programs\\Python\\Python312\\Lib\\contextlib.py:137: in __enter__\n    return next(self.gen)\nC:\\Users\\Mohay\\AppData\\Local\\Programs\\Python\\Python312\\Lib\\unittest\\mock.py:1369: in decoration_helper\n    arg = exit_stack.enter_context(patching)\nC:\\Users\\Mohay\\AppData\\Local\\Programs\\Python\\Python312\\Lib\\contextlib.py:526: in enter_context\n    result = _enter(cm)\nC:\\Users\\Mohay\\AppData\\Local\\Programs\\Python\\Python312\\Lib\\unittest\\mock.py:1458: in __enter__\n    original, local = self.get_original()\n_ _ _ _ _ _ _ _ _ _ _ _ _ _ _ _ _ _ _ _ _ _ _ _ _ _ _ _ _ _ _ _ _ _ _ _ _ _ _ _\n\nself = <unittest.mock._patch object at 0x000001AEEDC78920>\n\n    def get_original(self):\n        target = self.getter()\n        name = self.attribute\n    \n        original = DEFAULT\n        local = False\n    \n        try:\n            original = target.__dict__[name]\n        except (AttributeError, KeyError):\n            original = getattr(target, name, DEFAULT)\n        else:\n            local = True\n    \n        if name in _builtins and isinstance(target, ModuleType):\n            self.create = True\n    \n        if not self.create and original is DEFAULT:\n>           raise AttributeError(\n                \"%s does not have the attribute %r\" % (target, name)\n            )\nE           AttributeError: <module 'git_pw.api' from 'D:\\\\repos\\\\getpatchwork@git-pw__02c38bef__requests__aiohttp\\\\git_pw\\\\api.py'> does not have the attribute 'version'\n\nC:\\Users\\Mohay\\AppData\\Local\\Programs\\Python\\Python312\\Lib\\unittest\\mock.py:1431: AttributeError"
      },
      "teardown": {
        "outcome": "passed"
      }
    },
    {
      "nodeid": "tests/test_bundle.py::ListTestCase::test_list_with_multiple_filters",
      "lineno": 299,
      "outcome": "failed",
      "keywords": [
        "test_list_with_multiple_filters",
        "__wrapped__",
        "patchings",
        "ListTestCase",
        "test_bundle.py",
        "tests",
        "getpatchwork@git-pw__02c38bef__requests__aiohttp",
        ""
      ],
      "setup": {
        "outcome": "passed"
      },
      "call": {
        "outcome": "failed",
        "crash": {
          "path": "C:\\Users\\Mohay\\AppData\\Local\\Programs\\Python\\Python312\\Lib\\unittest\\mock.py",
          "lineno": 1431,
          "message": "AttributeError: <module 'git_pw.api' from 'D:\\\\repos\\\\getpatchwork@git-pw__02c38bef__requests__aiohttp\\\\git_pw\\\\api.py'> does not have the attribute 'version'"
        },
        "traceback": [
          {
            "path": "C:\\Users\\Mohay\\AppData\\Local\\Programs\\Python\\Python312\\Lib\\unittest\\mock.py",
            "lineno": 1387,
            "message": "in patched"
          },
          {
            "path": "C:\\Users\\Mohay\\AppData\\Local\\Programs\\Python\\Python312\\Lib\\contextlib.py",
            "lineno": 137,
            "message": "in __enter__"
          },
          {
            "path": "C:\\Users\\Mohay\\AppData\\Local\\Programs\\Python\\Python312\\Lib\\unittest\\mock.py",
            "lineno": 1369,
            "message": "in decoration_helper"
          },
          {
            "path": "C:\\Users\\Mohay\\AppData\\Local\\Programs\\Python\\Python312\\Lib\\contextlib.py",
            "lineno": 526,
            "message": "in enter_context"
          },
          {
            "path": "C:\\Users\\Mohay\\AppData\\Local\\Programs\\Python\\Python312\\Lib\\unittest\\mock.py",
            "lineno": 1458,
            "message": "in __enter__"
          },
          {
            "path": "C:\\Users\\Mohay\\AppData\\Local\\Programs\\Python\\Python312\\Lib\\unittest\\mock.py",
            "lineno": 1431,
            "message": "AttributeError"
          }
        ],
        "longrepr": "C:\\Users\\Mohay\\AppData\\Local\\Programs\\Python\\Python312\\Lib\\unittest\\mock.py:1387: in patched\n    with self.decoration_helper(patched,\nC:\\Users\\Mohay\\AppData\\Local\\Programs\\Python\\Python312\\Lib\\contextlib.py:137: in __enter__\n    return next(self.gen)\nC:\\Users\\Mohay\\AppData\\Local\\Programs\\Python\\Python312\\Lib\\unittest\\mock.py:1369: in decoration_helper\n    arg = exit_stack.enter_context(patching)\nC:\\Users\\Mohay\\AppData\\Local\\Programs\\Python\\Python312\\Lib\\contextlib.py:526: in enter_context\n    result = _enter(cm)\nC:\\Users\\Mohay\\AppData\\Local\\Programs\\Python\\Python312\\Lib\\unittest\\mock.py:1458: in __enter__\n    original, local = self.get_original()\n_ _ _ _ _ _ _ _ _ _ _ _ _ _ _ _ _ _ _ _ _ _ _ _ _ _ _ _ _ _ _ _ _ _ _ _ _ _ _ _\n\nself = <unittest.mock._patch object at 0x000001AEEDC78950>\n\n    def get_original(self):\n        target = self.getter()\n        name = self.attribute\n    \n        original = DEFAULT\n        local = False\n    \n        try:\n            original = target.__dict__[name]\n        except (AttributeError, KeyError):\n            original = getattr(target, name, DEFAULT)\n        else:\n            local = True\n    \n        if name in _builtins and isinstance(target, ModuleType):\n            self.create = True\n    \n        if not self.create and original is DEFAULT:\n>           raise AttributeError(\n                \"%s does not have the attribute %r\" % (target, name)\n            )\nE           AttributeError: <module 'git_pw.api' from 'D:\\\\repos\\\\getpatchwork@git-pw__02c38bef__requests__aiohttp\\\\git_pw\\\\api.py'> does not have the attribute 'version'\n\nC:\\Users\\Mohay\\AppData\\Local\\Programs\\Python\\Python312\\Lib\\unittest\\mock.py:1431: AttributeError"
      },
      "teardown": {
        "outcome": "passed"
      }
    },
    {
      "nodeid": "tests/test_bundle.py::ListTestCase::test_list_with_wildcard_filters",
      "lineno": 280,
      "outcome": "failed",
      "keywords": [
        "test_list_with_wildcard_filters",
        "__wrapped__",
        "patchings",
        "ListTestCase",
        "test_bundle.py",
        "tests",
        "getpatchwork@git-pw__02c38bef__requests__aiohttp",
        ""
      ],
      "setup": {
        "outcome": "passed"
      },
      "call": {
        "outcome": "failed",
        "crash": {
          "path": "C:\\Users\\Mohay\\AppData\\Local\\Programs\\Python\\Python312\\Lib\\unittest\\mock.py",
          "lineno": 1431,
          "message": "AttributeError: <module 'git_pw.api' from 'D:\\\\repos\\\\getpatchwork@git-pw__02c38bef__requests__aiohttp\\\\git_pw\\\\api.py'> does not have the attribute 'version'"
        },
        "traceback": [
          {
            "path": "C:\\Users\\Mohay\\AppData\\Local\\Programs\\Python\\Python312\\Lib\\unittest\\mock.py",
            "lineno": 1387,
            "message": "in patched"
          },
          {
            "path": "C:\\Users\\Mohay\\AppData\\Local\\Programs\\Python\\Python312\\Lib\\contextlib.py",
            "lineno": 137,
            "message": "in __enter__"
          },
          {
            "path": "C:\\Users\\Mohay\\AppData\\Local\\Programs\\Python\\Python312\\Lib\\unittest\\mock.py",
            "lineno": 1369,
            "message": "in decoration_helper"
          },
          {
            "path": "C:\\Users\\Mohay\\AppData\\Local\\Programs\\Python\\Python312\\Lib\\contextlib.py",
            "lineno": 526,
            "message": "in enter_context"
          },
          {
            "path": "C:\\Users\\Mohay\\AppData\\Local\\Programs\\Python\\Python312\\Lib\\unittest\\mock.py",
            "lineno": 1458,
            "message": "in __enter__"
          },
          {
            "path": "C:\\Users\\Mohay\\AppData\\Local\\Programs\\Python\\Python312\\Lib\\unittest\\mock.py",
            "lineno": 1431,
            "message": "AttributeError"
          }
        ],
        "longrepr": "C:\\Users\\Mohay\\AppData\\Local\\Programs\\Python\\Python312\\Lib\\unittest\\mock.py:1387: in patched\n    with self.decoration_helper(patched,\nC:\\Users\\Mohay\\AppData\\Local\\Programs\\Python\\Python312\\Lib\\contextlib.py:137: in __enter__\n    return next(self.gen)\nC:\\Users\\Mohay\\AppData\\Local\\Programs\\Python\\Python312\\Lib\\unittest\\mock.py:1369: in decoration_helper\n    arg = exit_stack.enter_context(patching)\nC:\\Users\\Mohay\\AppData\\Local\\Programs\\Python\\Python312\\Lib\\contextlib.py:526: in enter_context\n    result = _enter(cm)\nC:\\Users\\Mohay\\AppData\\Local\\Programs\\Python\\Python312\\Lib\\unittest\\mock.py:1458: in __enter__\n    original, local = self.get_original()\n_ _ _ _ _ _ _ _ _ _ _ _ _ _ _ _ _ _ _ _ _ _ _ _ _ _ _ _ _ _ _ _ _ _ _ _ _ _ _ _\n\nself = <unittest.mock._patch object at 0x000001AEEDC78980>\n\n    def get_original(self):\n        target = self.getter()\n        name = self.attribute\n    \n        original = DEFAULT\n        local = False\n    \n        try:\n            original = target.__dict__[name]\n        except (AttributeError, KeyError):\n            original = getattr(target, name, DEFAULT)\n        else:\n            local = True\n    \n        if name in _builtins and isinstance(target, ModuleType):\n            self.create = True\n    \n        if not self.create and original is DEFAULT:\n>           raise AttributeError(\n                \"%s does not have the attribute %r\" % (target, name)\n            )\nE           AttributeError: <module 'git_pw.api' from 'D:\\\\repos\\\\getpatchwork@git-pw__02c38bef__requests__aiohttp\\\\git_pw\\\\api.py'> does not have the attribute 'version'\n\nC:\\Users\\Mohay\\AppData\\Local\\Programs\\Python\\Python312\\Lib\\unittest\\mock.py:1431: AttributeError"
      },
      "teardown": {
        "outcome": "passed"
      }
    },
    {
      "nodeid": "tests/test_bundle.py::CreateTestCase::test_create",
      "lineno": 380,
      "outcome": "failed",
      "keywords": [
        "test_create",
        "__wrapped__",
        "patchings",
        "CreateTestCase",
        "test_bundle.py",
        "tests",
        "getpatchwork@git-pw__02c38bef__requests__aiohttp",
        ""
      ],
      "setup": {
        "outcome": "passed"
      },
      "call": {
        "outcome": "failed",
        "crash": {
          "path": "C:\\Users\\Mohay\\AppData\\Local\\Programs\\Python\\Python312\\Lib\\unittest\\mock.py",
          "lineno": 1431,
          "message": "AttributeError: <module 'git_pw.api' from 'D:\\\\repos\\\\getpatchwork@git-pw__02c38bef__requests__aiohttp\\\\git_pw\\\\api.py'> does not have the attribute 'version'"
        },
        "traceback": [
          {
            "path": "C:\\Users\\Mohay\\AppData\\Local\\Programs\\Python\\Python312\\Lib\\unittest\\mock.py",
            "lineno": 1387,
            "message": "in patched"
          },
          {
            "path": "C:\\Users\\Mohay\\AppData\\Local\\Programs\\Python\\Python312\\Lib\\contextlib.py",
            "lineno": 137,
            "message": "in __enter__"
          },
          {
            "path": "C:\\Users\\Mohay\\AppData\\Local\\Programs\\Python\\Python312\\Lib\\unittest\\mock.py",
            "lineno": 1369,
            "message": "in decoration_helper"
          },
          {
            "path": "C:\\Users\\Mohay\\AppData\\Local\\Programs\\Python\\Python312\\Lib\\contextlib.py",
            "lineno": 526,
            "message": "in enter_context"
          },
          {
            "path": "C:\\Users\\Mohay\\AppData\\Local\\Programs\\Python\\Python312\\Lib\\unittest\\mock.py",
            "lineno": 1458,
            "message": "in __enter__"
          },
          {
            "path": "C:\\Users\\Mohay\\AppData\\Local\\Programs\\Python\\Python312\\Lib\\unittest\\mock.py",
            "lineno": 1431,
            "message": "AttributeError"
          }
        ],
        "longrepr": "C:\\Users\\Mohay\\AppData\\Local\\Programs\\Python\\Python312\\Lib\\unittest\\mock.py:1387: in patched\n    with self.decoration_helper(patched,\nC:\\Users\\Mohay\\AppData\\Local\\Programs\\Python\\Python312\\Lib\\contextlib.py:137: in __enter__\n    return next(self.gen)\nC:\\Users\\Mohay\\AppData\\Local\\Programs\\Python\\Python312\\Lib\\unittest\\mock.py:1369: in decoration_helper\n    arg = exit_stack.enter_context(patching)\nC:\\Users\\Mohay\\AppData\\Local\\Programs\\Python\\Python312\\Lib\\contextlib.py:526: in enter_context\n    result = _enter(cm)\nC:\\Users\\Mohay\\AppData\\Local\\Programs\\Python\\Python312\\Lib\\unittest\\mock.py:1458: in __enter__\n    original, local = self.get_original()\n_ _ _ _ _ _ _ _ _ _ _ _ _ _ _ _ _ _ _ _ _ _ _ _ _ _ _ _ _ _ _ _ _ _ _ _ _ _ _ _\n\nself = <unittest.mock._patch object at 0x000001AEEDC787D0>\n\n    def get_original(self):\n        target = self.getter()\n        name = self.attribute\n    \n        original = DEFAULT\n        local = False\n    \n        try:\n            original = target.__dict__[name]\n        except (AttributeError, KeyError):\n            original = getattr(target, name, DEFAULT)\n        else:\n            local = True\n    \n        if name in _builtins and isinstance(target, ModuleType):\n            self.create = True\n    \n        if not self.create and original is DEFAULT:\n>           raise AttributeError(\n                \"%s does not have the attribute %r\" % (target, name)\n            )\nE           AttributeError: <module 'git_pw.api' from 'D:\\\\repos\\\\getpatchwork@git-pw__02c38bef__requests__aiohttp\\\\git_pw\\\\api.py'> does not have the attribute 'version'\n\nC:\\Users\\Mohay\\AppData\\Local\\Programs\\Python\\Python312\\Lib\\unittest\\mock.py:1431: AttributeError"
      },
      "teardown": {
        "outcome": "passed"
      }
    },
    {
      "nodeid": "tests/test_bundle.py::CreateTestCase::test_create_api_v1_1",
      "lineno": 410,
      "outcome": "failed",
      "keywords": [
        "test_create_api_v1_1",
        "__wrapped__",
        "patchings",
        "CreateTestCase",
        "test_bundle.py",
        "tests",
        "getpatchwork@git-pw__02c38bef__requests__aiohttp",
        ""
      ],
      "setup": {
        "outcome": "passed"
      },
      "call": {
        "outcome": "failed",
        "crash": {
          "path": "C:\\Users\\Mohay\\AppData\\Local\\Programs\\Python\\Python312\\Lib\\unittest\\mock.py",
          "lineno": 1431,
          "message": "AttributeError: <module 'git_pw.api' from 'D:\\\\repos\\\\getpatchwork@git-pw__02c38bef__requests__aiohttp\\\\git_pw\\\\api.py'> does not have the attribute 'version'"
        },
        "traceback": [
          {
            "path": "C:\\Users\\Mohay\\AppData\\Local\\Programs\\Python\\Python312\\Lib\\unittest\\mock.py",
            "lineno": 1387,
            "message": "in patched"
          },
          {
            "path": "C:\\Users\\Mohay\\AppData\\Local\\Programs\\Python\\Python312\\Lib\\contextlib.py",
            "lineno": 137,
            "message": "in __enter__"
          },
          {
            "path": "C:\\Users\\Mohay\\AppData\\Local\\Programs\\Python\\Python312\\Lib\\unittest\\mock.py",
            "lineno": 1369,
            "message": "in decoration_helper"
          },
          {
            "path": "C:\\Users\\Mohay\\AppData\\Local\\Programs\\Python\\Python312\\Lib\\contextlib.py",
            "lineno": 526,
            "message": "in enter_context"
          },
          {
            "path": "C:\\Users\\Mohay\\AppData\\Local\\Programs\\Python\\Python312\\Lib\\unittest\\mock.py",
            "lineno": 1458,
            "message": "in __enter__"
          },
          {
            "path": "C:\\Users\\Mohay\\AppData\\Local\\Programs\\Python\\Python312\\Lib\\unittest\\mock.py",
            "lineno": 1431,
            "message": "AttributeError"
          }
        ],
        "longrepr": "C:\\Users\\Mohay\\AppData\\Local\\Programs\\Python\\Python312\\Lib\\unittest\\mock.py:1387: in patched\n    with self.decoration_helper(patched,\nC:\\Users\\Mohay\\AppData\\Local\\Programs\\Python\\Python312\\Lib\\contextlib.py:137: in __enter__\n    return next(self.gen)\nC:\\Users\\Mohay\\AppData\\Local\\Programs\\Python\\Python312\\Lib\\unittest\\mock.py:1369: in decoration_helper\n    arg = exit_stack.enter_context(patching)\nC:\\Users\\Mohay\\AppData\\Local\\Programs\\Python\\Python312\\Lib\\contextlib.py:526: in enter_context\n    result = _enter(cm)\nC:\\Users\\Mohay\\AppData\\Local\\Programs\\Python\\Python312\\Lib\\unittest\\mock.py:1458: in __enter__\n    original, local = self.get_original()\n_ _ _ _ _ _ _ _ _ _ _ _ _ _ _ _ _ _ _ _ _ _ _ _ _ _ _ _ _ _ _ _ _ _ _ _ _ _ _ _\n\nself = <unittest.mock._patch object at 0x000001AEEDC78DD0>\n\n    def get_original(self):\n        target = self.getter()\n        name = self.attribute\n    \n        original = DEFAULT\n        local = False\n    \n        try:\n            original = target.__dict__[name]\n        except (AttributeError, KeyError):\n            original = getattr(target, name, DEFAULT)\n        else:\n            local = True\n    \n        if name in _builtins and isinstance(target, ModuleType):\n            self.create = True\n    \n        if not self.create and original is DEFAULT:\n>           raise AttributeError(\n                \"%s does not have the attribute %r\" % (target, name)\n            )\nE           AttributeError: <module 'git_pw.api' from 'D:\\\\repos\\\\getpatchwork@git-pw__02c38bef__requests__aiohttp\\\\git_pw\\\\api.py'> does not have the attribute 'version'\n\nC:\\Users\\Mohay\\AppData\\Local\\Programs\\Python\\Python312\\Lib\\unittest\\mock.py:1431: AttributeError"
      },
      "teardown": {
        "outcome": "passed"
      }
    },
    {
      "nodeid": "tests/test_bundle.py::CreateTestCase::test_create_with_public",
      "lineno": 394,
      "outcome": "failed",
      "keywords": [
        "test_create_with_public",
        "__wrapped__",
        "patchings",
        "CreateTestCase",
        "test_bundle.py",
        "tests",
        "getpatchwork@git-pw__02c38bef__requests__aiohttp",
        ""
      ],
      "setup": {
        "outcome": "passed"
      },
      "call": {
        "outcome": "failed",
        "crash": {
          "path": "C:\\Users\\Mohay\\AppData\\Local\\Programs\\Python\\Python312\\Lib\\unittest\\mock.py",
          "lineno": 1431,
          "message": "AttributeError: <module 'git_pw.api' from 'D:\\\\repos\\\\getpatchwork@git-pw__02c38bef__requests__aiohttp\\\\git_pw\\\\api.py'> does not have the attribute 'version'"
        },
        "traceback": [
          {
            "path": "C:\\Users\\Mohay\\AppData\\Local\\Programs\\Python\\Python312\\Lib\\unittest\\mock.py",
            "lineno": 1387,
            "message": "in patched"
          },
          {
            "path": "C:\\Users\\Mohay\\AppData\\Local\\Programs\\Python\\Python312\\Lib\\contextlib.py",
            "lineno": 137,
            "message": "in __enter__"
          },
          {
            "path": "C:\\Users\\Mohay\\AppData\\Local\\Programs\\Python\\Python312\\Lib\\unittest\\mock.py",
            "lineno": 1369,
            "message": "in decoration_helper"
          },
          {
            "path": "C:\\Users\\Mohay\\AppData\\Local\\Programs\\Python\\Python312\\Lib\\contextlib.py",
            "lineno": 526,
            "message": "in enter_context"
          },
          {
            "path": "C:\\Users\\Mohay\\AppData\\Local\\Programs\\Python\\Python312\\Lib\\unittest\\mock.py",
            "lineno": 1458,
            "message": "in __enter__"
          },
          {
            "path": "C:\\Users\\Mohay\\AppData\\Local\\Programs\\Python\\Python312\\Lib\\unittest\\mock.py",
            "lineno": 1431,
            "message": "AttributeError"
          }
        ],
        "longrepr": "C:\\Users\\Mohay\\AppData\\Local\\Programs\\Python\\Python312\\Lib\\unittest\\mock.py:1387: in patched\n    with self.decoration_helper(patched,\nC:\\Users\\Mohay\\AppData\\Local\\Programs\\Python\\Python312\\Lib\\contextlib.py:137: in __enter__\n    return next(self.gen)\nC:\\Users\\Mohay\\AppData\\Local\\Programs\\Python\\Python312\\Lib\\unittest\\mock.py:1369: in decoration_helper\n    arg = exit_stack.enter_context(patching)\nC:\\Users\\Mohay\\AppData\\Local\\Programs\\Python\\Python312\\Lib\\contextlib.py:526: in enter_context\n    result = _enter(cm)\nC:\\Users\\Mohay\\AppData\\Local\\Programs\\Python\\Python312\\Lib\\unittest\\mock.py:1458: in __enter__\n    original, local = self.get_original()\n_ _ _ _ _ _ _ _ _ _ _ _ _ _ _ _ _ _ _ _ _ _ _ _ _ _ _ _ _ _ _ _ _ _ _ _ _ _ _ _\n\nself = <unittest.mock._patch object at 0x000001AEEDC78EC0>\n\n    def get_original(self):\n        target = self.getter()\n        name = self.attribute\n    \n        original = DEFAULT\n        local = False\n    \n        try:\n            original = target.__dict__[name]\n        except (AttributeError, KeyError):\n            original = getattr(target, name, DEFAULT)\n        else:\n            local = True\n    \n        if name in _builtins and isinstance(target, ModuleType):\n            self.create = True\n    \n        if not self.create and original is DEFAULT:\n>           raise AttributeError(\n                \"%s does not have the attribute %r\" % (target, name)\n            )\nE           AttributeError: <module 'git_pw.api' from 'D:\\\\repos\\\\getpatchwork@git-pw__02c38bef__requests__aiohttp\\\\git_pw\\\\api.py'> does not have the attribute 'version'\n\nC:\\Users\\Mohay\\AppData\\Local\\Programs\\Python\\Python312\\Lib\\unittest\\mock.py:1431: AttributeError"
      },
      "teardown": {
        "outcome": "passed"
      }
    },
    {
      "nodeid": "tests/test_bundle.py::UpdateTestCase::test_update",
      "lineno": 432,
      "outcome": "failed",
      "keywords": [
        "test_update",
        "__wrapped__",
        "patchings",
        "UpdateTestCase",
        "test_bundle.py",
        "tests",
        "getpatchwork@git-pw__02c38bef__requests__aiohttp",
        ""
      ],
      "setup": {
        "outcome": "passed"
      },
      "call": {
        "outcome": "failed",
        "crash": {
          "path": "C:\\Users\\Mohay\\AppData\\Local\\Programs\\Python\\Python312\\Lib\\unittest\\mock.py",
          "lineno": 1431,
          "message": "AttributeError: <module 'git_pw.api' from 'D:\\\\repos\\\\getpatchwork@git-pw__02c38bef__requests__aiohttp\\\\git_pw\\\\api.py'> does not have the attribute 'version'"
        },
        "traceback": [
          {
            "path": "C:\\Users\\Mohay\\AppData\\Local\\Programs\\Python\\Python312\\Lib\\unittest\\mock.py",
            "lineno": 1387,
            "message": "in patched"
          },
          {
            "path": "C:\\Users\\Mohay\\AppData\\Local\\Programs\\Python\\Python312\\Lib\\contextlib.py",
            "lineno": 137,
            "message": "in __enter__"
          },
          {
            "path": "C:\\Users\\Mohay\\AppData\\Local\\Programs\\Python\\Python312\\Lib\\unittest\\mock.py",
            "lineno": 1369,
            "message": "in decoration_helper"
          },
          {
            "path": "C:\\Users\\Mohay\\AppData\\Local\\Programs\\Python\\Python312\\Lib\\contextlib.py",
            "lineno": 526,
            "message": "in enter_context"
          },
          {
            "path": "C:\\Users\\Mohay\\AppData\\Local\\Programs\\Python\\Python312\\Lib\\unittest\\mock.py",
            "lineno": 1458,
            "message": "in __enter__"
          },
          {
            "path": "C:\\Users\\Mohay\\AppData\\Local\\Programs\\Python\\Python312\\Lib\\unittest\\mock.py",
            "lineno": 1431,
            "message": "AttributeError"
          }
        ],
        "longrepr": "C:\\Users\\Mohay\\AppData\\Local\\Programs\\Python\\Python312\\Lib\\unittest\\mock.py:1387: in patched\n    with self.decoration_helper(patched,\nC:\\Users\\Mohay\\AppData\\Local\\Programs\\Python\\Python312\\Lib\\contextlib.py:137: in __enter__\n    return next(self.gen)\nC:\\Users\\Mohay\\AppData\\Local\\Programs\\Python\\Python312\\Lib\\unittest\\mock.py:1369: in decoration_helper\n    arg = exit_stack.enter_context(patching)\nC:\\Users\\Mohay\\AppData\\Local\\Programs\\Python\\Python312\\Lib\\contextlib.py:526: in enter_context\n    result = _enter(cm)\nC:\\Users\\Mohay\\AppData\\Local\\Programs\\Python\\Python312\\Lib\\unittest\\mock.py:1458: in __enter__\n    original, local = self.get_original()\n_ _ _ _ _ _ _ _ _ _ _ _ _ _ _ _ _ _ _ _ _ _ _ _ _ _ _ _ _ _ _ _ _ _ _ _ _ _ _ _\n\nself = <unittest.mock._patch object at 0x000001AEEDC78F20>\n\n    def get_original(self):\n        target = self.getter()\n        name = self.attribute\n    \n        original = DEFAULT\n        local = False\n    \n        try:\n            original = target.__dict__[name]\n        except (AttributeError, KeyError):\n            original = getattr(target, name, DEFAULT)\n        else:\n            local = True\n    \n        if name in _builtins and isinstance(target, ModuleType):\n            self.create = True\n    \n        if not self.create and original is DEFAULT:\n>           raise AttributeError(\n                \"%s does not have the attribute %r\" % (target, name)\n            )\nE           AttributeError: <module 'git_pw.api' from 'D:\\\\repos\\\\getpatchwork@git-pw__02c38bef__requests__aiohttp\\\\git_pw\\\\api.py'> does not have the attribute 'version'\n\nC:\\Users\\Mohay\\AppData\\Local\\Programs\\Python\\Python312\\Lib\\unittest\\mock.py:1431: AttributeError"
      },
      "teardown": {
        "outcome": "passed"
      }
    },
    {
      "nodeid": "tests/test_bundle.py::UpdateTestCase::test_update_api_v1_1",
      "lineno": 467,
      "outcome": "failed",
      "keywords": [
        "test_update_api_v1_1",
        "__wrapped__",
        "patchings",
        "UpdateTestCase",
        "test_bundle.py",
        "tests",
        "getpatchwork@git-pw__02c38bef__requests__aiohttp",
        ""
      ],
      "setup": {
        "outcome": "passed"
      },
      "call": {
        "outcome": "failed",
        "crash": {
          "path": "C:\\Users\\Mohay\\AppData\\Local\\Programs\\Python\\Python312\\Lib\\unittest\\mock.py",
          "lineno": 1431,
          "message": "AttributeError: <module 'git_pw.api' from 'D:\\\\repos\\\\getpatchwork@git-pw__02c38bef__requests__aiohttp\\\\git_pw\\\\api.py'> does not have the attribute 'version'"
        },
        "traceback": [
          {
            "path": "C:\\Users\\Mohay\\AppData\\Local\\Programs\\Python\\Python312\\Lib\\unittest\\mock.py",
            "lineno": 1387,
            "message": "in patched"
          },
          {
            "path": "C:\\Users\\Mohay\\AppData\\Local\\Programs\\Python\\Python312\\Lib\\contextlib.py",
            "lineno": 137,
            "message": "in __enter__"
          },
          {
            "path": "C:\\Users\\Mohay\\AppData\\Local\\Programs\\Python\\Python312\\Lib\\unittest\\mock.py",
            "lineno": 1369,
            "message": "in decoration_helper"
          },
          {
            "path": "C:\\Users\\Mohay\\AppData\\Local\\Programs\\Python\\Python312\\Lib\\contextlib.py",
            "lineno": 526,
            "message": "in enter_context"
          },
          {
            "path": "C:\\Users\\Mohay\\AppData\\Local\\Programs\\Python\\Python312\\Lib\\unittest\\mock.py",
            "lineno": 1458,
            "message": "in __enter__"
          },
          {
            "path": "C:\\Users\\Mohay\\AppData\\Local\\Programs\\Python\\Python312\\Lib\\unittest\\mock.py",
            "lineno": 1431,
            "message": "AttributeError"
          }
        ],
        "longrepr": "C:\\Users\\Mohay\\AppData\\Local\\Programs\\Python\\Python312\\Lib\\unittest\\mock.py:1387: in patched\n    with self.decoration_helper(patched,\nC:\\Users\\Mohay\\AppData\\Local\\Programs\\Python\\Python312\\Lib\\contextlib.py:137: in __enter__\n    return next(self.gen)\nC:\\Users\\Mohay\\AppData\\Local\\Programs\\Python\\Python312\\Lib\\unittest\\mock.py:1369: in decoration_helper\n    arg = exit_stack.enter_context(patching)\nC:\\Users\\Mohay\\AppData\\Local\\Programs\\Python\\Python312\\Lib\\contextlib.py:526: in enter_context\n    result = _enter(cm)\nC:\\Users\\Mohay\\AppData\\Local\\Programs\\Python\\Python312\\Lib\\unittest\\mock.py:1458: in __enter__\n    original, local = self.get_original()\n_ _ _ _ _ _ _ _ _ _ _ _ _ _ _ _ _ _ _ _ _ _ _ _ _ _ _ _ _ _ _ _ _ _ _ _ _ _ _ _\n\nself = <unittest.mock._patch object at 0x000001AEEDC79460>\n\n    def get_original(self):\n        target = self.getter()\n        name = self.attribute\n    \n        original = DEFAULT\n        local = False\n    \n        try:\n            original = target.__dict__[name]\n        except (AttributeError, KeyError):\n            original = getattr(target, name, DEFAULT)\n        else:\n            local = True\n    \n        if name in _builtins and isinstance(target, ModuleType):\n            self.create = True\n    \n        if not self.create and original is DEFAULT:\n>           raise AttributeError(\n                \"%s does not have the attribute %r\" % (target, name)\n            )\nE           AttributeError: <module 'git_pw.api' from 'D:\\\\repos\\\\getpatchwork@git-pw__02c38bef__requests__aiohttp\\\\git_pw\\\\api.py'> does not have the attribute 'version'\n\nC:\\Users\\Mohay\\AppData\\Local\\Programs\\Python\\Python312\\Lib\\unittest\\mock.py:1431: AttributeError"
      },
      "teardown": {
        "outcome": "passed"
      }
    },
    {
      "nodeid": "tests/test_bundle.py::UpdateTestCase::test_update_with_public",
      "lineno": 449,
      "outcome": "failed",
      "keywords": [
        "test_update_with_public",
        "__wrapped__",
        "patchings",
        "UpdateTestCase",
        "test_bundle.py",
        "tests",
        "getpatchwork@git-pw__02c38bef__requests__aiohttp",
        ""
      ],
      "setup": {
        "outcome": "passed"
      },
      "call": {
        "outcome": "failed",
        "crash": {
          "path": "C:\\Users\\Mohay\\AppData\\Local\\Programs\\Python\\Python312\\Lib\\unittest\\mock.py",
          "lineno": 1431,
          "message": "AttributeError: <module 'git_pw.api' from 'D:\\\\repos\\\\getpatchwork@git-pw__02c38bef__requests__aiohttp\\\\git_pw\\\\api.py'> does not have the attribute 'version'"
        },
        "traceback": [
          {
            "path": "C:\\Users\\Mohay\\AppData\\Local\\Programs\\Python\\Python312\\Lib\\unittest\\mock.py",
            "lineno": 1387,
            "message": "in patched"
          },
          {
            "path": "C:\\Users\\Mohay\\AppData\\Local\\Programs\\Python\\Python312\\Lib\\contextlib.py",
            "lineno": 137,
            "message": "in __enter__"
          },
          {
            "path": "C:\\Users\\Mohay\\AppData\\Local\\Programs\\Python\\Python312\\Lib\\unittest\\mock.py",
            "lineno": 1369,
            "message": "in decoration_helper"
          },
          {
            "path": "C:\\Users\\Mohay\\AppData\\Local\\Programs\\Python\\Python312\\Lib\\contextlib.py",
            "lineno": 526,
            "message": "in enter_context"
          },
          {
            "path": "C:\\Users\\Mohay\\AppData\\Local\\Programs\\Python\\Python312\\Lib\\unittest\\mock.py",
            "lineno": 1458,
            "message": "in __enter__"
          },
          {
            "path": "C:\\Users\\Mohay\\AppData\\Local\\Programs\\Python\\Python312\\Lib\\unittest\\mock.py",
            "lineno": 1431,
            "message": "AttributeError"
          }
        ],
        "longrepr": "C:\\Users\\Mohay\\AppData\\Local\\Programs\\Python\\Python312\\Lib\\unittest\\mock.py:1387: in patched\n    with self.decoration_helper(patched,\nC:\\Users\\Mohay\\AppData\\Local\\Programs\\Python\\Python312\\Lib\\contextlib.py:137: in __enter__\n    return next(self.gen)\nC:\\Users\\Mohay\\AppData\\Local\\Programs\\Python\\Python312\\Lib\\unittest\\mock.py:1369: in decoration_helper\n    arg = exit_stack.enter_context(patching)\nC:\\Users\\Mohay\\AppData\\Local\\Programs\\Python\\Python312\\Lib\\contextlib.py:526: in enter_context\n    result = _enter(cm)\nC:\\Users\\Mohay\\AppData\\Local\\Programs\\Python\\Python312\\Lib\\unittest\\mock.py:1458: in __enter__\n    original, local = self.get_original()\n_ _ _ _ _ _ _ _ _ _ _ _ _ _ _ _ _ _ _ _ _ _ _ _ _ _ _ _ _ _ _ _ _ _ _ _ _ _ _ _\n\nself = <unittest.mock._patch object at 0x000001AEEDC794F0>\n\n    def get_original(self):\n        target = self.getter()\n        name = self.attribute\n    \n        original = DEFAULT\n        local = False\n    \n        try:\n            original = target.__dict__[name]\n        except (AttributeError, KeyError):\n            original = getattr(target, name, DEFAULT)\n        else:\n            local = True\n    \n        if name in _builtins and isinstance(target, ModuleType):\n            self.create = True\n    \n        if not self.create and original is DEFAULT:\n>           raise AttributeError(\n                \"%s does not have the attribute %r\" % (target, name)\n            )\nE           AttributeError: <module 'git_pw.api' from 'D:\\\\repos\\\\getpatchwork@git-pw__02c38bef__requests__aiohttp\\\\git_pw\\\\api.py'> does not have the attribute 'version'\n\nC:\\Users\\Mohay\\AppData\\Local\\Programs\\Python\\Python312\\Lib\\unittest\\mock.py:1431: AttributeError"
      },
      "teardown": {
        "outcome": "passed"
      }
    },
    {
      "nodeid": "tests/test_bundle.py::DeleteTestCase::test_delete",
      "lineno": 489,
      "outcome": "failed",
      "keywords": [
        "test_delete",
        "__wrapped__",
        "patchings",
        "DeleteTestCase",
        "test_bundle.py",
        "tests",
        "getpatchwork@git-pw__02c38bef__requests__aiohttp",
        ""
      ],
      "setup": {
        "outcome": "passed"
      },
      "call": {
        "outcome": "failed",
        "crash": {
          "path": "C:\\Users\\Mohay\\AppData\\Local\\Programs\\Python\\Python312\\Lib\\unittest\\mock.py",
          "lineno": 1431,
          "message": "AttributeError: <module 'git_pw.api' from 'D:\\\\repos\\\\getpatchwork@git-pw__02c38bef__requests__aiohttp\\\\git_pw\\\\api.py'> does not have the attribute 'version'"
        },
        "traceback": [
          {
            "path": "C:\\Users\\Mohay\\AppData\\Local\\Programs\\Python\\Python312\\Lib\\unittest\\mock.py",
            "lineno": 1387,
            "message": "in patched"
          },
          {
            "path": "C:\\Users\\Mohay\\AppData\\Local\\Programs\\Python\\Python312\\Lib\\contextlib.py",
            "lineno": 137,
            "message": "in __enter__"
          },
          {
            "path": "C:\\Users\\Mohay\\AppData\\Local\\Programs\\Python\\Python312\\Lib\\unittest\\mock.py",
            "lineno": 1369,
            "message": "in decoration_helper"
          },
          {
            "path": "C:\\Users\\Mohay\\AppData\\Local\\Programs\\Python\\Python312\\Lib\\contextlib.py",
            "lineno": 526,
            "message": "in enter_context"
          },
          {
            "path": "C:\\Users\\Mohay\\AppData\\Local\\Programs\\Python\\Python312\\Lib\\unittest\\mock.py",
            "lineno": 1458,
            "message": "in __enter__"
          },
          {
            "path": "C:\\Users\\Mohay\\AppData\\Local\\Programs\\Python\\Python312\\Lib\\unittest\\mock.py",
            "lineno": 1431,
            "message": "AttributeError"
          }
        ],
        "longrepr": "C:\\Users\\Mohay\\AppData\\Local\\Programs\\Python\\Python312\\Lib\\unittest\\mock.py:1387: in patched\n    with self.decoration_helper(patched,\nC:\\Users\\Mohay\\AppData\\Local\\Programs\\Python\\Python312\\Lib\\contextlib.py:137: in __enter__\n    return next(self.gen)\nC:\\Users\\Mohay\\AppData\\Local\\Programs\\Python\\Python312\\Lib\\unittest\\mock.py:1369: in decoration_helper\n    arg = exit_stack.enter_context(patching)\nC:\\Users\\Mohay\\AppData\\Local\\Programs\\Python\\Python312\\Lib\\contextlib.py:526: in enter_context\n    result = _enter(cm)\nC:\\Users\\Mohay\\AppData\\Local\\Programs\\Python\\Python312\\Lib\\unittest\\mock.py:1458: in __enter__\n    original, local = self.get_original()\n_ _ _ _ _ _ _ _ _ _ _ _ _ _ _ _ _ _ _ _ _ _ _ _ _ _ _ _ _ _ _ _ _ _ _ _ _ _ _ _\n\nself = <unittest.mock._patch object at 0x000001AEEDC798E0>\n\n    def get_original(self):\n        target = self.getter()\n        name = self.attribute\n    \n        original = DEFAULT\n        local = False\n    \n        try:\n            original = target.__dict__[name]\n        except (AttributeError, KeyError):\n            original = getattr(target, name, DEFAULT)\n        else:\n            local = True\n    \n        if name in _builtins and isinstance(target, ModuleType):\n            self.create = True\n    \n        if not self.create and original is DEFAULT:\n>           raise AttributeError(\n                \"%s does not have the attribute %r\" % (target, name)\n            )\nE           AttributeError: <module 'git_pw.api' from 'D:\\\\repos\\\\getpatchwork@git-pw__02c38bef__requests__aiohttp\\\\git_pw\\\\api.py'> does not have the attribute 'version'\n\nC:\\Users\\Mohay\\AppData\\Local\\Programs\\Python\\Python312\\Lib\\unittest\\mock.py:1431: AttributeError"
      },
      "teardown": {
        "outcome": "passed"
      }
    },
    {
      "nodeid": "tests/test_bundle.py::DeleteTestCase::test_delete_api_v1_1",
      "lineno": 500,
      "outcome": "failed",
      "keywords": [
        "test_delete_api_v1_1",
        "__wrapped__",
        "patchings",
        "DeleteTestCase",
        "test_bundle.py",
        "tests",
        "getpatchwork@git-pw__02c38bef__requests__aiohttp",
        ""
      ],
      "setup": {
        "outcome": "passed"
      },
      "call": {
        "outcome": "failed",
        "crash": {
          "path": "C:\\Users\\Mohay\\AppData\\Local\\Programs\\Python\\Python312\\Lib\\unittest\\mock.py",
          "lineno": 1431,
          "message": "AttributeError: <module 'git_pw.api' from 'D:\\\\repos\\\\getpatchwork@git-pw__02c38bef__requests__aiohttp\\\\git_pw\\\\api.py'> does not have the attribute 'version'"
        },
        "traceback": [
          {
            "path": "C:\\Users\\Mohay\\AppData\\Local\\Programs\\Python\\Python312\\Lib\\unittest\\mock.py",
            "lineno": 1387,
            "message": "in patched"
          },
          {
            "path": "C:\\Users\\Mohay\\AppData\\Local\\Programs\\Python\\Python312\\Lib\\contextlib.py",
            "lineno": 137,
            "message": "in __enter__"
          },
          {
            "path": "C:\\Users\\Mohay\\AppData\\Local\\Programs\\Python\\Python312\\Lib\\unittest\\mock.py",
            "lineno": 1369,
            "message": "in decoration_helper"
          },
          {
            "path": "C:\\Users\\Mohay\\AppData\\Local\\Programs\\Python\\Python312\\Lib\\contextlib.py",
            "lineno": 526,
            "message": "in enter_context"
          },
          {
            "path": "C:\\Users\\Mohay\\AppData\\Local\\Programs\\Python\\Python312\\Lib\\unittest\\mock.py",
            "lineno": 1458,
            "message": "in __enter__"
          },
          {
            "path": "C:\\Users\\Mohay\\AppData\\Local\\Programs\\Python\\Python312\\Lib\\unittest\\mock.py",
            "lineno": 1431,
            "message": "AttributeError"
          }
        ],
        "longrepr": "C:\\Users\\Mohay\\AppData\\Local\\Programs\\Python\\Python312\\Lib\\unittest\\mock.py:1387: in patched\n    with self.decoration_helper(patched,\nC:\\Users\\Mohay\\AppData\\Local\\Programs\\Python\\Python312\\Lib\\contextlib.py:137: in __enter__\n    return next(self.gen)\nC:\\Users\\Mohay\\AppData\\Local\\Programs\\Python\\Python312\\Lib\\unittest\\mock.py:1369: in decoration_helper\n    arg = exit_stack.enter_context(patching)\nC:\\Users\\Mohay\\AppData\\Local\\Programs\\Python\\Python312\\Lib\\contextlib.py:526: in enter_context\n    result = _enter(cm)\nC:\\Users\\Mohay\\AppData\\Local\\Programs\\Python\\Python312\\Lib\\unittest\\mock.py:1458: in __enter__\n    original, local = self.get_original()\n_ _ _ _ _ _ _ _ _ _ _ _ _ _ _ _ _ _ _ _ _ _ _ _ _ _ _ _ _ _ _ _ _ _ _ _ _ _ _ _\n\nself = <unittest.mock._patch object at 0x000001AEEDC79880>\n\n    def get_original(self):\n        target = self.getter()\n        name = self.attribute\n    \n        original = DEFAULT\n        local = False\n    \n        try:\n            original = target.__dict__[name]\n        except (AttributeError, KeyError):\n            original = getattr(target, name, DEFAULT)\n        else:\n            local = True\n    \n        if name in _builtins and isinstance(target, ModuleType):\n            self.create = True\n    \n        if not self.create and original is DEFAULT:\n>           raise AttributeError(\n                \"%s does not have the attribute %r\" % (target, name)\n            )\nE           AttributeError: <module 'git_pw.api' from 'D:\\\\repos\\\\getpatchwork@git-pw__02c38bef__requests__aiohttp\\\\git_pw\\\\api.py'> does not have the attribute 'version'\n\nC:\\Users\\Mohay\\AppData\\Local\\Programs\\Python\\Python312\\Lib\\unittest\\mock.py:1431: AttributeError"
      },
      "teardown": {
        "outcome": "passed"
      }
    },
    {
      "nodeid": "tests/test_bundle.py::AddTestCase::test_add",
      "lineno": 528,
      "outcome": "failed",
      "keywords": [
        "test_add",
        "__wrapped__",
        "patchings",
        "AddTestCase",
        "test_bundle.py",
        "tests",
        "getpatchwork@git-pw__02c38bef__requests__aiohttp",
        ""
      ],
      "setup": {
        "outcome": "passed"
      },
      "call": {
        "outcome": "failed",
        "crash": {
          "path": "C:\\Users\\Mohay\\AppData\\Local\\Programs\\Python\\Python312\\Lib\\unittest\\mock.py",
          "lineno": 1431,
          "message": "AttributeError: <module 'git_pw.api' from 'D:\\\\repos\\\\getpatchwork@git-pw__02c38bef__requests__aiohttp\\\\git_pw\\\\api.py'> does not have the attribute 'version'"
        },
        "traceback": [
          {
            "path": "C:\\Users\\Mohay\\AppData\\Local\\Programs\\Python\\Python312\\Lib\\unittest\\mock.py",
            "lineno": 1387,
            "message": "in patched"
          },
          {
            "path": "C:\\Users\\Mohay\\AppData\\Local\\Programs\\Python\\Python312\\Lib\\contextlib.py",
            "lineno": 137,
            "message": "in __enter__"
          },
          {
            "path": "C:\\Users\\Mohay\\AppData\\Local\\Programs\\Python\\Python312\\Lib\\unittest\\mock.py",
            "lineno": 1369,
            "message": "in decoration_helper"
          },
          {
            "path": "C:\\Users\\Mohay\\AppData\\Local\\Programs\\Python\\Python312\\Lib\\contextlib.py",
            "lineno": 526,
            "message": "in enter_context"
          },
          {
            "path": "C:\\Users\\Mohay\\AppData\\Local\\Programs\\Python\\Python312\\Lib\\unittest\\mock.py",
            "lineno": 1458,
            "message": "in __enter__"
          },
          {
            "path": "C:\\Users\\Mohay\\AppData\\Local\\Programs\\Python\\Python312\\Lib\\unittest\\mock.py",
            "lineno": 1431,
            "message": "AttributeError"
          }
        ],
        "longrepr": "C:\\Users\\Mohay\\AppData\\Local\\Programs\\Python\\Python312\\Lib\\unittest\\mock.py:1387: in patched\n    with self.decoration_helper(patched,\nC:\\Users\\Mohay\\AppData\\Local\\Programs\\Python\\Python312\\Lib\\contextlib.py:137: in __enter__\n    return next(self.gen)\nC:\\Users\\Mohay\\AppData\\Local\\Programs\\Python\\Python312\\Lib\\unittest\\mock.py:1369: in decoration_helper\n    arg = exit_stack.enter_context(patching)\nC:\\Users\\Mohay\\AppData\\Local\\Programs\\Python\\Python312\\Lib\\contextlib.py:526: in enter_context\n    result = _enter(cm)\nC:\\Users\\Mohay\\AppData\\Local\\Programs\\Python\\Python312\\Lib\\unittest\\mock.py:1458: in __enter__\n    original, local = self.get_original()\n_ _ _ _ _ _ _ _ _ _ _ _ _ _ _ _ _ _ _ _ _ _ _ _ _ _ _ _ _ _ _ _ _ _ _ _ _ _ _ _\n\nself = <unittest.mock._patch object at 0x000001AEEDC79940>\n\n    def get_original(self):\n        target = self.getter()\n        name = self.attribute\n    \n        original = DEFAULT\n        local = False\n    \n        try:\n            original = target.__dict__[name]\n        except (AttributeError, KeyError):\n            original = getattr(target, name, DEFAULT)\n        else:\n            local = True\n    \n        if name in _builtins and isinstance(target, ModuleType):\n            self.create = True\n    \n        if not self.create and original is DEFAULT:\n>           raise AttributeError(\n                \"%s does not have the attribute %r\" % (target, name)\n            )\nE           AttributeError: <module 'git_pw.api' from 'D:\\\\repos\\\\getpatchwork@git-pw__02c38bef__requests__aiohttp\\\\git_pw\\\\api.py'> does not have the attribute 'version'\n\nC:\\Users\\Mohay\\AppData\\Local\\Programs\\Python\\Python312\\Lib\\unittest\\mock.py:1431: AttributeError"
      },
      "teardown": {
        "outcome": "passed"
      }
    },
    {
      "nodeid": "tests/test_bundle.py::AddTestCase::test_add_api_v1_1",
      "lineno": 551,
      "outcome": "failed",
      "keywords": [
        "test_add_api_v1_1",
        "__wrapped__",
        "patchings",
        "AddTestCase",
        "test_bundle.py",
        "tests",
        "getpatchwork@git-pw__02c38bef__requests__aiohttp",
        ""
      ],
      "setup": {
        "outcome": "passed"
      },
      "call": {
        "outcome": "failed",
        "crash": {
          "path": "C:\\Users\\Mohay\\AppData\\Local\\Programs\\Python\\Python312\\Lib\\unittest\\mock.py",
          "lineno": 1431,
          "message": "AttributeError: <module 'git_pw.api' from 'D:\\\\repos\\\\getpatchwork@git-pw__02c38bef__requests__aiohttp\\\\git_pw\\\\api.py'> does not have the attribute 'version'"
        },
        "traceback": [
          {
            "path": "C:\\Users\\Mohay\\AppData\\Local\\Programs\\Python\\Python312\\Lib\\unittest\\mock.py",
            "lineno": 1387,
            "message": "in patched"
          },
          {
            "path": "C:\\Users\\Mohay\\AppData\\Local\\Programs\\Python\\Python312\\Lib\\contextlib.py",
            "lineno": 137,
            "message": "in __enter__"
          },
          {
            "path": "C:\\Users\\Mohay\\AppData\\Local\\Programs\\Python\\Python312\\Lib\\unittest\\mock.py",
            "lineno": 1369,
            "message": "in decoration_helper"
          },
          {
            "path": "C:\\Users\\Mohay\\AppData\\Local\\Programs\\Python\\Python312\\Lib\\contextlib.py",
            "lineno": 526,
            "message": "in enter_context"
          },
          {
            "path": "C:\\Users\\Mohay\\AppData\\Local\\Programs\\Python\\Python312\\Lib\\unittest\\mock.py",
            "lineno": 1458,
            "message": "in __enter__"
          },
          {
            "path": "C:\\Users\\Mohay\\AppData\\Local\\Programs\\Python\\Python312\\Lib\\unittest\\mock.py",
            "lineno": 1431,
            "message": "AttributeError"
          }
        ],
        "longrepr": "C:\\Users\\Mohay\\AppData\\Local\\Programs\\Python\\Python312\\Lib\\unittest\\mock.py:1387: in patched\n    with self.decoration_helper(patched,\nC:\\Users\\Mohay\\AppData\\Local\\Programs\\Python\\Python312\\Lib\\contextlib.py:137: in __enter__\n    return next(self.gen)\nC:\\Users\\Mohay\\AppData\\Local\\Programs\\Python\\Python312\\Lib\\unittest\\mock.py:1369: in decoration_helper\n    arg = exit_stack.enter_context(patching)\nC:\\Users\\Mohay\\AppData\\Local\\Programs\\Python\\Python312\\Lib\\contextlib.py:526: in enter_context\n    result = _enter(cm)\nC:\\Users\\Mohay\\AppData\\Local\\Programs\\Python\\Python312\\Lib\\unittest\\mock.py:1458: in __enter__\n    original, local = self.get_original()\n_ _ _ _ _ _ _ _ _ _ _ _ _ _ _ _ _ _ _ _ _ _ _ _ _ _ _ _ _ _ _ _ _ _ _ _ _ _ _ _\n\nself = <unittest.mock._patch object at 0x000001AEEDC79D60>\n\n    def get_original(self):\n        target = self.getter()\n        name = self.attribute\n    \n        original = DEFAULT\n        local = False\n    \n        try:\n            original = target.__dict__[name]\n        except (AttributeError, KeyError):\n            original = getattr(target, name, DEFAULT)\n        else:\n            local = True\n    \n        if name in _builtins and isinstance(target, ModuleType):\n            self.create = True\n    \n        if not self.create and original is DEFAULT:\n>           raise AttributeError(\n                \"%s does not have the attribute %r\" % (target, name)\n            )\nE           AttributeError: <module 'git_pw.api' from 'D:\\\\repos\\\\getpatchwork@git-pw__02c38bef__requests__aiohttp\\\\git_pw\\\\api.py'> does not have the attribute 'version'\n\nC:\\Users\\Mohay\\AppData\\Local\\Programs\\Python\\Python312\\Lib\\unittest\\mock.py:1431: AttributeError"
      },
      "teardown": {
        "outcome": "passed"
      }
    },
    {
      "nodeid": "tests/test_bundle.py::RemoveTestCase::test_remove",
      "lineno": 580,
      "outcome": "failed",
      "keywords": [
        "test_remove",
        "__wrapped__",
        "patchings",
        "RemoveTestCase",
        "test_bundle.py",
        "tests",
        "getpatchwork@git-pw__02c38bef__requests__aiohttp",
        ""
      ],
      "setup": {
        "outcome": "passed"
      },
      "call": {
        "outcome": "failed",
        "crash": {
          "path": "C:\\Users\\Mohay\\AppData\\Local\\Programs\\Python\\Python312\\Lib\\unittest\\mock.py",
          "lineno": 1431,
          "message": "AttributeError: <module 'git_pw.api' from 'D:\\\\repos\\\\getpatchwork@git-pw__02c38bef__requests__aiohttp\\\\git_pw\\\\api.py'> does not have the attribute 'version'"
        },
        "traceback": [
          {
            "path": "C:\\Users\\Mohay\\AppData\\Local\\Programs\\Python\\Python312\\Lib\\unittest\\mock.py",
            "lineno": 1387,
            "message": "in patched"
          },
          {
            "path": "C:\\Users\\Mohay\\AppData\\Local\\Programs\\Python\\Python312\\Lib\\contextlib.py",
            "lineno": 137,
            "message": "in __enter__"
          },
          {
            "path": "C:\\Users\\Mohay\\AppData\\Local\\Programs\\Python\\Python312\\Lib\\unittest\\mock.py",
            "lineno": 1369,
            "message": "in decoration_helper"
          },
          {
            "path": "C:\\Users\\Mohay\\AppData\\Local\\Programs\\Python\\Python312\\Lib\\contextlib.py",
            "lineno": 526,
            "message": "in enter_context"
          },
          {
            "path": "C:\\Users\\Mohay\\AppData\\Local\\Programs\\Python\\Python312\\Lib\\unittest\\mock.py",
            "lineno": 1458,
            "message": "in __enter__"
          },
          {
            "path": "C:\\Users\\Mohay\\AppData\\Local\\Programs\\Python\\Python312\\Lib\\unittest\\mock.py",
            "lineno": 1431,
            "message": "AttributeError"
          }
        ],
        "longrepr": "C:\\Users\\Mohay\\AppData\\Local\\Programs\\Python\\Python312\\Lib\\unittest\\mock.py:1387: in patched\n    with self.decoration_helper(patched,\nC:\\Users\\Mohay\\AppData\\Local\\Programs\\Python\\Python312\\Lib\\contextlib.py:137: in __enter__\n    return next(self.gen)\nC:\\Users\\Mohay\\AppData\\Local\\Programs\\Python\\Python312\\Lib\\unittest\\mock.py:1369: in decoration_helper\n    arg = exit_stack.enter_context(patching)\nC:\\Users\\Mohay\\AppData\\Local\\Programs\\Python\\Python312\\Lib\\contextlib.py:526: in enter_context\n    result = _enter(cm)\nC:\\Users\\Mohay\\AppData\\Local\\Programs\\Python\\Python312\\Lib\\unittest\\mock.py:1458: in __enter__\n    original, local = self.get_original()\n_ _ _ _ _ _ _ _ _ _ _ _ _ _ _ _ _ _ _ _ _ _ _ _ _ _ _ _ _ _ _ _ _ _ _ _ _ _ _ _\n\nself = <unittest.mock._patch object at 0x000001AEEDC79E20>\n\n    def get_original(self):\n        target = self.getter()\n        name = self.attribute\n    \n        original = DEFAULT\n        local = False\n    \n        try:\n            original = target.__dict__[name]\n        except (AttributeError, KeyError):\n            original = getattr(target, name, DEFAULT)\n        else:\n            local = True\n    \n        if name in _builtins and isinstance(target, ModuleType):\n            self.create = True\n    \n        if not self.create and original is DEFAULT:\n>           raise AttributeError(\n                \"%s does not have the attribute %r\" % (target, name)\n            )\nE           AttributeError: <module 'git_pw.api' from 'D:\\\\repos\\\\getpatchwork@git-pw__02c38bef__requests__aiohttp\\\\git_pw\\\\api.py'> does not have the attribute 'version'\n\nC:\\Users\\Mohay\\AppData\\Local\\Programs\\Python\\Python312\\Lib\\unittest\\mock.py:1431: AttributeError"
      },
      "teardown": {
        "outcome": "passed"
      }
    },
    {
      "nodeid": "tests/test_bundle.py::RemoveTestCase::test_remove_api_v1_1",
      "lineno": 629,
      "outcome": "failed",
      "keywords": [
        "test_remove_api_v1_1",
        "__wrapped__",
        "patchings",
        "RemoveTestCase",
        "test_bundle.py",
        "tests",
        "getpatchwork@git-pw__02c38bef__requests__aiohttp",
        ""
      ],
      "setup": {
        "outcome": "passed"
      },
      "call": {
        "outcome": "failed",
        "crash": {
          "path": "C:\\Users\\Mohay\\AppData\\Local\\Programs\\Python\\Python312\\Lib\\unittest\\mock.py",
          "lineno": 1431,
          "message": "AttributeError: <module 'git_pw.api' from 'D:\\\\repos\\\\getpatchwork@git-pw__02c38bef__requests__aiohttp\\\\git_pw\\\\api.py'> does not have the attribute 'version'"
        },
        "traceback": [
          {
            "path": "C:\\Users\\Mohay\\AppData\\Local\\Programs\\Python\\Python312\\Lib\\unittest\\mock.py",
            "lineno": 1387,
            "message": "in patched"
          },
          {
            "path": "C:\\Users\\Mohay\\AppData\\Local\\Programs\\Python\\Python312\\Lib\\contextlib.py",
            "lineno": 137,
            "message": "in __enter__"
          },
          {
            "path": "C:\\Users\\Mohay\\AppData\\Local\\Programs\\Python\\Python312\\Lib\\unittest\\mock.py",
            "lineno": 1369,
            "message": "in decoration_helper"
          },
          {
            "path": "C:\\Users\\Mohay\\AppData\\Local\\Programs\\Python\\Python312\\Lib\\contextlib.py",
            "lineno": 526,
            "message": "in enter_context"
          },
          {
            "path": "C:\\Users\\Mohay\\AppData\\Local\\Programs\\Python\\Python312\\Lib\\unittest\\mock.py",
            "lineno": 1458,
            "message": "in __enter__"
          },
          {
            "path": "C:\\Users\\Mohay\\AppData\\Local\\Programs\\Python\\Python312\\Lib\\unittest\\mock.py",
            "lineno": 1431,
            "message": "AttributeError"
          }
        ],
        "longrepr": "C:\\Users\\Mohay\\AppData\\Local\\Programs\\Python\\Python312\\Lib\\unittest\\mock.py:1387: in patched\n    with self.decoration_helper(patched,\nC:\\Users\\Mohay\\AppData\\Local\\Programs\\Python\\Python312\\Lib\\contextlib.py:137: in __enter__\n    return next(self.gen)\nC:\\Users\\Mohay\\AppData\\Local\\Programs\\Python\\Python312\\Lib\\unittest\\mock.py:1369: in decoration_helper\n    arg = exit_stack.enter_context(patching)\nC:\\Users\\Mohay\\AppData\\Local\\Programs\\Python\\Python312\\Lib\\contextlib.py:526: in enter_context\n    result = _enter(cm)\nC:\\Users\\Mohay\\AppData\\Local\\Programs\\Python\\Python312\\Lib\\unittest\\mock.py:1458: in __enter__\n    original, local = self.get_original()\n_ _ _ _ _ _ _ _ _ _ _ _ _ _ _ _ _ _ _ _ _ _ _ _ _ _ _ _ _ _ _ _ _ _ _ _ _ _ _ _\n\nself = <unittest.mock._patch object at 0x000001AEEDC7A3F0>\n\n    def get_original(self):\n        target = self.getter()\n        name = self.attribute\n    \n        original = DEFAULT\n        local = False\n    \n        try:\n            original = target.__dict__[name]\n        except (AttributeError, KeyError):\n            original = getattr(target, name, DEFAULT)\n        else:\n            local = True\n    \n        if name in _builtins and isinstance(target, ModuleType):\n            self.create = True\n    \n        if not self.create and original is DEFAULT:\n>           raise AttributeError(\n                \"%s does not have the attribute %r\" % (target, name)\n            )\nE           AttributeError: <module 'git_pw.api' from 'D:\\\\repos\\\\getpatchwork@git-pw__02c38bef__requests__aiohttp\\\\git_pw\\\\api.py'> does not have the attribute 'version'\n\nC:\\Users\\Mohay\\AppData\\Local\\Programs\\Python\\Python312\\Lib\\unittest\\mock.py:1431: AttributeError"
      },
      "teardown": {
        "outcome": "passed"
      }
    },
    {
      "nodeid": "tests/test_bundle.py::RemoveTestCase::test_remove_empty",
      "lineno": 605,
      "outcome": "failed",
      "keywords": [
        "test_remove_empty",
        "__wrapped__",
        "patchings",
        "RemoveTestCase",
        "test_bundle.py",
        "tests",
        "getpatchwork@git-pw__02c38bef__requests__aiohttp",
        ""
      ],
      "setup": {
        "outcome": "passed"
      },
      "call": {
        "outcome": "failed",
        "crash": {
          "path": "C:\\Users\\Mohay\\AppData\\Local\\Programs\\Python\\Python312\\Lib\\unittest\\mock.py",
          "lineno": 1431,
          "message": "AttributeError: <module 'git_pw.api' from 'D:\\\\repos\\\\getpatchwork@git-pw__02c38bef__requests__aiohttp\\\\git_pw\\\\api.py'> does not have the attribute 'version'"
        },
        "traceback": [
          {
            "path": "C:\\Users\\Mohay\\AppData\\Local\\Programs\\Python\\Python312\\Lib\\unittest\\mock.py",
            "lineno": 1387,
            "message": "in patched"
          },
          {
            "path": "C:\\Users\\Mohay\\AppData\\Local\\Programs\\Python\\Python312\\Lib\\contextlib.py",
            "lineno": 137,
            "message": "in __enter__"
          },
          {
            "path": "C:\\Users\\Mohay\\AppData\\Local\\Programs\\Python\\Python312\\Lib\\unittest\\mock.py",
            "lineno": 1369,
            "message": "in decoration_helper"
          },
          {
            "path": "C:\\Users\\Mohay\\AppData\\Local\\Programs\\Python\\Python312\\Lib\\contextlib.py",
            "lineno": 526,
            "message": "in enter_context"
          },
          {
            "path": "C:\\Users\\Mohay\\AppData\\Local\\Programs\\Python\\Python312\\Lib\\unittest\\mock.py",
            "lineno": 1458,
            "message": "in __enter__"
          },
          {
            "path": "C:\\Users\\Mohay\\AppData\\Local\\Programs\\Python\\Python312\\Lib\\unittest\\mock.py",
            "lineno": 1431,
            "message": "AttributeError"
          }
        ],
        "longrepr": "C:\\Users\\Mohay\\AppData\\Local\\Programs\\Python\\Python312\\Lib\\unittest\\mock.py:1387: in patched\n    with self.decoration_helper(patched,\nC:\\Users\\Mohay\\AppData\\Local\\Programs\\Python\\Python312\\Lib\\contextlib.py:137: in __enter__\n    return next(self.gen)\nC:\\Users\\Mohay\\AppData\\Local\\Programs\\Python\\Python312\\Lib\\unittest\\mock.py:1369: in decoration_helper\n    arg = exit_stack.enter_context(patching)\nC:\\Users\\Mohay\\AppData\\Local\\Programs\\Python\\Python312\\Lib\\contextlib.py:526: in enter_context\n    result = _enter(cm)\nC:\\Users\\Mohay\\AppData\\Local\\Programs\\Python\\Python312\\Lib\\unittest\\mock.py:1458: in __enter__\n    original, local = self.get_original()\n_ _ _ _ _ _ _ _ _ _ _ _ _ _ _ _ _ _ _ _ _ _ _ _ _ _ _ _ _ _ _ _ _ _ _ _ _ _ _ _\n\nself = <unittest.mock._patch object at 0x000001AEEDC7A480>\n\n    def get_original(self):\n        target = self.getter()\n        name = self.attribute\n    \n        original = DEFAULT\n        local = False\n    \n        try:\n            original = target.__dict__[name]\n        except (AttributeError, KeyError):\n            original = getattr(target, name, DEFAULT)\n        else:\n            local = True\n    \n        if name in _builtins and isinstance(target, ModuleType):\n            self.create = True\n    \n        if not self.create and original is DEFAULT:\n>           raise AttributeError(\n                \"%s does not have the attribute %r\" % (target, name)\n            )\nE           AttributeError: <module 'git_pw.api' from 'D:\\\\repos\\\\getpatchwork@git-pw__02c38bef__requests__aiohttp\\\\git_pw\\\\api.py'> does not have the attribute 'version'\n\nC:\\Users\\Mohay\\AppData\\Local\\Programs\\Python\\Python312\\Lib\\unittest\\mock.py:1431: AttributeError"
      },
      "teardown": {
        "outcome": "passed"
      }
    },
    {
      "nodeid": "tests/test_patch.py::ApplyTestCase::test_apply",
      "lineno": 14,
      "outcome": "failed",
      "keywords": [
        "test_apply",
        "__wrapped__",
        "patchings",
        "ApplyTestCase",
        "test_patch.py",
        "tests",
        "getpatchwork@git-pw__02c38bef__requests__aiohttp",
        ""
      ],
      "setup": {
        "outcome": "passed"
      },
      "call": {
        "outcome": "failed",
        "crash": {
          "path": "C:\\Users\\Mohay\\AppData\\Local\\Programs\\Python\\Python312\\Lib\\unittest\\mock.py",
          "lineno": 944,
          "message": "AssertionError: expected call not found.\nExpected: git_am(<object object at 0x000001AEE986F550>, ())\n  Actual: git_am(<coroutine object AsyncMockMixin._execute_mock_call at 0x000001AEEF2AE340>, ())"
        },
        "traceback": [
          {
            "path": "tests\\test_patch.py",
            "lineno": 28,
            "message": ""
          },
          {
            "path": "C:\\Users\\Mohay\\AppData\\Local\\Programs\\Python\\Python312\\Lib\\unittest\\mock.py",
            "lineno": 956,
            "message": "in assert_called_once_with"
          },
          {
            "path": "C:\\Users\\Mohay\\AppData\\Local\\Programs\\Python\\Python312\\Lib\\unittest\\mock.py",
            "lineno": 944,
            "message": "AssertionError"
          }
        ],
        "longrepr": "self = <tests.test_patch.ApplyTestCase testMethod=test_apply>\nmock_git_am = <MagicMock name='git_am' id='1850849169424'>\nmock_download = <AsyncMock name='download' id='1850849174272'>\nmock_detail = <MagicMock name='detail' id='1850849178160'>\n\n    def test_apply(self, mock_git_am, mock_download, mock_detail):\n        \"\"\"Validate behavior with no arguments.\"\"\"\n    \n        rsp = {'mbox': 'hello, world'}\n        mock_detail.return_value = rsp\n        mock_download.return_value = object()\n    \n        runner = CLIRunner()\n        result = runner.invoke(patch.apply_cmd, ['123'])\n    \n        assert result.exit_code == 0, result\n        mock_detail.assert_called_once_with('patches', 123)\n        mock_download.assert_called_once_with(rsp['mbox'], {'series': '*'})\n>       mock_git_am.assert_called_once_with(mock_download.return_value, ())\n\ntests\\test_patch.py:28: \n_ _ _ _ _ _ _ _ _ _ _ _ _ _ _ _ _ _ _ _ _ _ _ _ _ _ _ _ _ _ _ _ _ _ _ _ _ _ _ _\nC:\\Users\\Mohay\\AppData\\Local\\Programs\\Python\\Python312\\Lib\\unittest\\mock.py:956: in assert_called_once_with\n    return self.assert_called_with(*args, **kwargs)\n_ _ _ _ _ _ _ _ _ _ _ _ _ _ _ _ _ _ _ _ _ _ _ _ _ _ _ _ _ _ _ _ _ _ _ _ _ _ _ _\n\nself = <MagicMock name='git_am' id='1850849169424'>\nargs = (<object object at 0x000001AEE986F550>, ()), kwargs = {}\nexpected = call(<object object at 0x000001AEE986F550>, ())\nactual = call(<coroutine object AsyncMockMixin._execute_mock_call at 0x000001AEEF2AE340>, ())\n_error_message = <function NonCallableMock.assert_called_with.<locals>._error_message at 0x000001AEEDF4F2E0>\ncause = None\n\n    def assert_called_with(self, /, *args, **kwargs):\n        \"\"\"assert that the last call was made with the specified arguments.\n    \n        Raises an AssertionError if the args and keyword args passed in are\n        different to the last call to the mock.\"\"\"\n        if self.call_args is None:\n            expected = self._format_mock_call_signature(args, kwargs)\n            actual = 'not called.'\n            error_message = ('expected call not found.\\nExpected: %s\\n  Actual: %s'\n                    % (expected, actual))\n            raise AssertionError(error_message)\n    \n        def _error_message():\n            msg = self._format_mock_failure_message(args, kwargs)\n            return msg\n        expected = self._call_matcher(_Call((args, kwargs), two=True))\n        actual = self._call_matcher(self.call_args)\n        if actual != expected:\n            cause = expected if isinstance(expected, Exception) else None\n>           raise AssertionError(_error_message()) from cause\nE           AssertionError: expected call not found.\nE           Expected: git_am(<object object at 0x000001AEE986F550>, ())\nE             Actual: git_am(<coroutine object AsyncMockMixin._execute_mock_call at 0x000001AEEF2AE340>, ())\n\nC:\\Users\\Mohay\\AppData\\Local\\Programs\\Python\\Python312\\Lib\\unittest\\mock.py:944: AssertionError"
      },
      "teardown": {
        "outcome": "passed"
      }
    },
    {
      "nodeid": "tests/test_patch.py::ApplyTestCase::test_apply_with_args",
      "lineno": 59,
      "outcome": "failed",
      "keywords": [
        "test_apply_with_args",
        "__wrapped__",
        "patchings",
        "ApplyTestCase",
        "test_patch.py",
        "tests",
        "getpatchwork@git-pw__02c38bef__requests__aiohttp",
        ""
      ],
      "setup": {
        "outcome": "passed"
      },
      "call": {
        "outcome": "failed",
        "crash": {
          "path": "C:\\Users\\Mohay\\AppData\\Local\\Programs\\Python\\Python312\\Lib\\unittest\\mock.py",
          "lineno": 944,
          "message": "AssertionError: expected call not found.\nExpected: git_am(<object object at 0x000001AEEF1BC170>, ('-3',))\n  Actual: git_am(<coroutine object AsyncMockMixin._execute_mock_call at 0x000001AEEDEC5040>, ('-3',))"
        },
        "traceback": [
          {
            "path": "tests\\test_patch.py",
            "lineno": 73,
            "message": ""
          },
          {
            "path": "C:\\Users\\Mohay\\AppData\\Local\\Programs\\Python\\Python312\\Lib\\unittest\\mock.py",
            "lineno": 956,
            "message": "in assert_called_once_with"
          },
          {
            "path": "C:\\Users\\Mohay\\AppData\\Local\\Programs\\Python\\Python312\\Lib\\unittest\\mock.py",
            "lineno": 944,
            "message": "AssertionError"
          }
        ],
        "longrepr": "self = <tests.test_patch.ApplyTestCase testMethod=test_apply_with_args>\nmock_git_am = <MagicMock name='git_am' id='1850849165824'>\nmock_download = <AsyncMock name='download' id='1850848968000'>\nmock_detail = <MagicMock name='detail' id='1850827430160'>\n\n    def test_apply_with_args(self, mock_git_am, mock_download, mock_detail):\n        \"\"\"Validate passthrough of arbitrary arguments to git-am.\"\"\"\n    \n        rsp = {'mbox': 'hello, world'}\n        mock_detail.return_value = rsp\n        mock_download.return_value = object()\n    \n        runner = CLIRunner()\n        result = runner.invoke(patch.apply_cmd, ['123', '-3'])\n    \n        assert result.exit_code == 0, result\n        mock_detail.assert_called_once_with('patches', 123)\n        mock_download.assert_called_once_with(rsp['mbox'], {'series': '*'})\n>       mock_git_am.assert_called_once_with(\n            mock_download.return_value, ('-3',)\n        )\n\ntests\\test_patch.py:73: \n_ _ _ _ _ _ _ _ _ _ _ _ _ _ _ _ _ _ _ _ _ _ _ _ _ _ _ _ _ _ _ _ _ _ _ _ _ _ _ _\nC:\\Users\\Mohay\\AppData\\Local\\Programs\\Python\\Python312\\Lib\\unittest\\mock.py:956: in assert_called_once_with\n    return self.assert_called_with(*args, **kwargs)\n_ _ _ _ _ _ _ _ _ _ _ _ _ _ _ _ _ _ _ _ _ _ _ _ _ _ _ _ _ _ _ _ _ _ _ _ _ _ _ _\n\nself = <MagicMock name='git_am' id='1850849165824'>\nargs = (<object object at 0x000001AEEF1BC170>, ('-3',)), kwargs = {}\nexpected = call(<object object at 0x000001AEEF1BC170>, ('-3',))\nactual = call(<coroutine object AsyncMockMixin._execute_mock_call at 0x000001AEEDEC5040>, ('-3',))\n_error_message = <function NonCallableMock.assert_called_with.<locals>._error_message at 0x000001AEEDF1CA40>\ncause = None\n\n    def assert_called_with(self, /, *args, **kwargs):\n        \"\"\"assert that the last call was made with the specified arguments.\n    \n        Raises an AssertionError if the args and keyword args passed in are\n        different to the last call to the mock.\"\"\"\n        if self.call_args is None:\n            expected = self._format_mock_call_signature(args, kwargs)\n            actual = 'not called.'\n            error_message = ('expected call not found.\\nExpected: %s\\n  Actual: %s'\n                    % (expected, actual))\n            raise AssertionError(error_message)\n    \n        def _error_message():\n            msg = self._format_mock_failure_message(args, kwargs)\n            return msg\n        expected = self._call_matcher(_Call((args, kwargs), two=True))\n        actual = self._call_matcher(self.call_args)\n        if actual != expected:\n            cause = expected if isinstance(expected, Exception) else None\n>           raise AssertionError(_error_message()) from cause\nE           AssertionError: expected call not found.\nE           Expected: git_am(<object object at 0x000001AEEF1BC170>, ('-3',))\nE             Actual: git_am(<coroutine object AsyncMockMixin._execute_mock_call at 0x000001AEEDEC5040>, ('-3',))\n\nC:\\Users\\Mohay\\AppData\\Local\\Programs\\Python\\Python312\\Lib\\unittest\\mock.py:944: AssertionError"
      },
      "teardown": {
        "outcome": "passed"
      }
    },
    {
      "nodeid": "tests/test_patch.py::ApplyTestCase::test_apply_with_series",
      "lineno": 29,
      "outcome": "failed",
      "keywords": [
        "test_apply_with_series",
        "__wrapped__",
        "patchings",
        "ApplyTestCase",
        "test_patch.py",
        "tests",
        "getpatchwork@git-pw__02c38bef__requests__aiohttp",
        ""
      ],
      "setup": {
        "outcome": "passed"
      },
      "call": {
        "outcome": "failed",
        "crash": {
          "path": "C:\\Users\\Mohay\\AppData\\Local\\Programs\\Python\\Python312\\Lib\\unittest\\mock.py",
          "lineno": 944,
          "message": "AssertionError: expected call not found.\nExpected: git_am(<object object at 0x000001AEE986F530>, ())\n  Actual: git_am(<coroutine object AsyncMockMixin._execute_mock_call at 0x000001AEEDEC7640>, ())"
        },
        "traceback": [
          {
            "path": "tests\\test_patch.py",
            "lineno": 43,
            "message": ""
          },
          {
            "path": "C:\\Users\\Mohay\\AppData\\Local\\Programs\\Python\\Python312\\Lib\\unittest\\mock.py",
            "lineno": 956,
            "message": "in assert_called_once_with"
          },
          {
            "path": "C:\\Users\\Mohay\\AppData\\Local\\Programs\\Python\\Python312\\Lib\\unittest\\mock.py",
            "lineno": 944,
            "message": "AssertionError"
          }
        ],
        "longrepr": "self = <tests.test_patch.ApplyTestCase testMethod=test_apply_with_series>\nmock_git_am = <MagicMock name='git_am' id='1850848658448'>\nmock_download = <AsyncMock name='download' id='1850848671888'>\nmock_detail = <MagicMock name='detail' id='1850848672560'>\n\n    def test_apply_with_series(self, mock_git_am, mock_download, mock_detail):\n        \"\"\"Validate behavior with a specific series.\"\"\"\n    \n        rsp = {'mbox': 'hello, world'}\n        mock_detail.return_value = rsp\n        mock_download.return_value = object()\n    \n        runner = CLIRunner()\n        result = runner.invoke(patch.apply_cmd, ['123', '--series', 3])\n    \n        assert result.exit_code == 0, result\n        mock_detail.assert_called_once_with('patches', 123)\n        mock_download.assert_called_once_with(rsp['mbox'], {'series': 3})\n>       mock_git_am.assert_called_once_with(mock_download.return_value, ())\n\ntests\\test_patch.py:43: \n_ _ _ _ _ _ _ _ _ _ _ _ _ _ _ _ _ _ _ _ _ _ _ _ _ _ _ _ _ _ _ _ _ _ _ _ _ _ _ _\nC:\\Users\\Mohay\\AppData\\Local\\Programs\\Python\\Python312\\Lib\\unittest\\mock.py:956: in assert_called_once_with\n    return self.assert_called_with(*args, **kwargs)\n_ _ _ _ _ _ _ _ _ _ _ _ _ _ _ _ _ _ _ _ _ _ _ _ _ _ _ _ _ _ _ _ _ _ _ _ _ _ _ _\n\nself = <MagicMock name='git_am' id='1850848658448'>\nargs = (<object object at 0x000001AEE986F530>, ()), kwargs = {}\nexpected = call(<object object at 0x000001AEE986F530>, ())\nactual = call(<coroutine object AsyncMockMixin._execute_mock_call at 0x000001AEEDEC7640>, ())\n_error_message = <function NonCallableMock.assert_called_with.<locals>._error_message at 0x000001AEEDF4F880>\ncause = None\n\n    def assert_called_with(self, /, *args, **kwargs):\n        \"\"\"assert that the last call was made with the specified arguments.\n    \n        Raises an AssertionError if the args and keyword args passed in are\n        different to the last call to the mock.\"\"\"\n        if self.call_args is None:\n            expected = self._format_mock_call_signature(args, kwargs)\n            actual = 'not called.'\n            error_message = ('expected call not found.\\nExpected: %s\\n  Actual: %s'\n                    % (expected, actual))\n            raise AssertionError(error_message)\n    \n        def _error_message():\n            msg = self._format_mock_failure_message(args, kwargs)\n            return msg\n        expected = self._call_matcher(_Call((args, kwargs), two=True))\n        actual = self._call_matcher(self.call_args)\n        if actual != expected:\n            cause = expected if isinstance(expected, Exception) else None\n>           raise AssertionError(_error_message()) from cause\nE           AssertionError: expected call not found.\nE           Expected: git_am(<object object at 0x000001AEE986F530>, ())\nE             Actual: git_am(<coroutine object AsyncMockMixin._execute_mock_call at 0x000001AEEDEC7640>, ())\n\nC:\\Users\\Mohay\\AppData\\Local\\Programs\\Python\\Python312\\Lib\\unittest\\mock.py:944: AssertionError"
      },
      "teardown": {
        "outcome": "passed"
      }
    },
    {
      "nodeid": "tests/test_patch.py::ApplyTestCase::test_apply_without_deps",
      "lineno": 44,
      "outcome": "failed",
      "keywords": [
        "test_apply_without_deps",
        "__wrapped__",
        "patchings",
        "ApplyTestCase",
        "test_patch.py",
        "tests",
        "getpatchwork@git-pw__02c38bef__requests__aiohttp",
        ""
      ],
      "setup": {
        "outcome": "passed"
      },
      "call": {
        "outcome": "failed",
        "crash": {
          "path": "C:\\Users\\Mohay\\AppData\\Local\\Programs\\Python\\Python312\\Lib\\unittest\\mock.py",
          "lineno": 944,
          "message": "AssertionError: expected call not found.\nExpected: git_am(<object object at 0x000001AEEF1BF4B0>, ())\n  Actual: git_am(<coroutine object AsyncMockMixin._execute_mock_call at 0x000001AEEF2AD340>, ())"
        },
        "traceback": [
          {
            "path": "tests\\test_patch.py",
            "lineno": 58,
            "message": ""
          },
          {
            "path": "C:\\Users\\Mohay\\AppData\\Local\\Programs\\Python\\Python312\\Lib\\unittest\\mock.py",
            "lineno": 956,
            "message": "in assert_called_once_with"
          },
          {
            "path": "C:\\Users\\Mohay\\AppData\\Local\\Programs\\Python\\Python312\\Lib\\unittest\\mock.py",
            "lineno": 944,
            "message": "AssertionError"
          }
        ],
        "longrepr": "self = <tests.test_patch.ApplyTestCase testMethod=test_apply_without_deps>\nmock_git_am = <MagicMock name='git_am' id='1850827388592'>\nmock_download = <AsyncMock name='download' id='1850827379568'>\nmock_detail = <MagicMock name='detail' id='1850827470752'>\n\n    def test_apply_without_deps(self, mock_git_am, mock_download, mock_detail):\n        \"\"\"Validate behavior without using dependencies.\"\"\"\n    \n        rsp = {'mbox': 'hello, world'}\n        mock_detail.return_value = rsp\n        mock_download.return_value = object()\n    \n        runner = CLIRunner()\n        result = runner.invoke(patch.apply_cmd, ['123', '--no-deps'])\n    \n        assert result.exit_code == 0, result\n        mock_detail.assert_called_once_with('patches', 123)\n        mock_download.assert_called_once_with(rsp['mbox'], {'series': None})\n>       mock_git_am.assert_called_once_with(mock_download.return_value, ())\n\ntests\\test_patch.py:58: \n_ _ _ _ _ _ _ _ _ _ _ _ _ _ _ _ _ _ _ _ _ _ _ _ _ _ _ _ _ _ _ _ _ _ _ _ _ _ _ _\nC:\\Users\\Mohay\\AppData\\Local\\Programs\\Python\\Python312\\Lib\\unittest\\mock.py:956: in assert_called_once_with\n    return self.assert_called_with(*args, **kwargs)\n_ _ _ _ _ _ _ _ _ _ _ _ _ _ _ _ _ _ _ _ _ _ _ _ _ _ _ _ _ _ _ _ _ _ _ _ _ _ _ _\n\nself = <MagicMock name='git_am' id='1850827388592'>\nargs = (<object object at 0x000001AEEF1BF4B0>, ()), kwargs = {}\nexpected = call(<object object at 0x000001AEEF1BF4B0>, ())\nactual = call(<coroutine object AsyncMockMixin._execute_mock_call at 0x000001AEEF2AD340>, ())\n_error_message = <function NonCallableMock.assert_called_with.<locals>._error_message at 0x000001AEEDF4FCE0>\ncause = None\n\n    def assert_called_with(self, /, *args, **kwargs):\n        \"\"\"assert that the last call was made with the specified arguments.\n    \n        Raises an AssertionError if the args and keyword args passed in are\n        different to the last call to the mock.\"\"\"\n        if self.call_args is None:\n            expected = self._format_mock_call_signature(args, kwargs)\n            actual = 'not called.'\n            error_message = ('expected call not found.\\nExpected: %s\\n  Actual: %s'\n                    % (expected, actual))\n            raise AssertionError(error_message)\n    \n        def _error_message():\n            msg = self._format_mock_failure_message(args, kwargs)\n            return msg\n        expected = self._call_matcher(_Call((args, kwargs), two=True))\n        actual = self._call_matcher(self.call_args)\n        if actual != expected:\n            cause = expected if isinstance(expected, Exception) else None\n>           raise AssertionError(_error_message()) from cause\nE           AssertionError: expected call not found.\nE           Expected: git_am(<object object at 0x000001AEEF1BF4B0>, ())\nE             Actual: git_am(<coroutine object AsyncMockMixin._execute_mock_call at 0x000001AEEF2AD340>, ())\n\nC:\\Users\\Mohay\\AppData\\Local\\Programs\\Python\\Python312\\Lib\\unittest\\mock.py:944: AssertionError"
      },
      "teardown": {
        "outcome": "passed"
      }
    },
    {
      "nodeid": "tests/test_patch.py::DownloadTestCase::test_download",
      "lineno": 81,
      "outcome": "passed",
      "keywords": [
        "test_download",
        "__wrapped__",
        "patchings",
        "DownloadTestCase",
        "test_patch.py",
        "tests",
        "getpatchwork@git-pw__02c38bef__requests__aiohttp",
        ""
      ],
      "setup": {
        "outcome": "passed"
      },
      "call": {
        "outcome": "passed"
      },
      "teardown": {
        "outcome": "passed"
      }
    },
    {
      "nodeid": "tests/test_patch.py::DownloadTestCase::test_download_diff",
      "lineno": 96,
      "outcome": "passed",
      "keywords": [
        "test_download_diff",
        "__wrapped__",
        "patchings",
        "DownloadTestCase",
        "test_patch.py",
        "tests",
        "getpatchwork@git-pw__02c38bef__requests__aiohttp",
        ""
      ],
      "setup": {
        "outcome": "passed"
      },
      "call": {
        "outcome": "passed"
      },
      "teardown": {
        "outcome": "passed"
      }
    },
    {
      "nodeid": "tests/test_patch.py::DownloadTestCase::test_download_diff_to_file",
      "lineno": 132,
      "outcome": "passed",
      "keywords": [
        "test_download_diff_to_file",
        "__wrapped__",
        "patchings",
        "DownloadTestCase",
        "test_patch.py",
        "tests",
        "getpatchwork@git-pw__02c38bef__requests__aiohttp",
        ""
      ],
      "setup": {
        "outcome": "passed"
      },
      "call": {
        "outcome": "passed"
      },
      "teardown": {
        "outcome": "passed"
      }
    },
    {
      "nodeid": "tests/test_patch.py::DownloadTestCase::test_download_to_file",
      "lineno": 113,
      "outcome": "passed",
      "keywords": [
        "test_download_to_file",
        "__wrapped__",
        "patchings",
        "DownloadTestCase",
        "test_patch.py",
        "tests",
        "getpatchwork@git-pw__02c38bef__requests__aiohttp",
        ""
      ],
      "setup": {
        "outcome": "passed"
      },
      "call": {
        "outcome": "passed"
      },
      "teardown": {
        "outcome": "passed"
      }
    },
    {
      "nodeid": "tests/test_patch.py::ShowTestCase::test_show",
      "lineno": 187,
      "outcome": "passed",
      "keywords": [
        "test_show",
        "__wrapped__",
        "patchings",
        "ShowTestCase",
        "test_patch.py",
        "tests",
        "getpatchwork@git-pw__02c38bef__requests__aiohttp",
        ""
      ],
      "setup": {
        "outcome": "passed"
      },
      "call": {
        "outcome": "passed"
      },
      "teardown": {
        "outcome": "passed"
      }
    },
    {
      "nodeid": "tests/test_patch.py::UpdateTestCase::test_update_no_arguments",
      "lineno": 215,
      "outcome": "passed",
      "keywords": [
        "test_update_no_arguments",
        "__wrapped__",
        "patchings",
        "UpdateTestCase",
        "test_patch.py",
        "tests",
        "getpatchwork@git-pw__02c38bef__requests__aiohttp",
        ""
      ],
      "setup": {
        "outcome": "passed"
      },
      "call": {
        "outcome": "passed"
      },
      "teardown": {
        "outcome": "passed"
      }
    },
    {
      "nodeid": "tests/test_patch.py::UpdateTestCase::test_update_with_arguments",
      "lineno": 225,
      "outcome": "passed",
      "keywords": [
        "test_update_with_arguments",
        "__wrapped__",
        "patchings",
        "UpdateTestCase",
        "test_patch.py",
        "tests",
        "getpatchwork@git-pw__02c38bef__requests__aiohttp",
        ""
      ],
      "setup": {
        "outcome": "passed"
      },
      "call": {
        "outcome": "passed"
      },
      "teardown": {
        "outcome": "passed"
      }
    },
    {
      "nodeid": "tests/test_patch.py::UpdateTestCase::test_update_with_delegate",
      "lineno": 270,
      "outcome": "passed",
      "keywords": [
        "test_update_with_delegate",
        "__wrapped__",
        "patchings",
        "UpdateTestCase",
        "test_patch.py",
        "tests",
        "getpatchwork@git-pw__02c38bef__requests__aiohttp",
        ""
      ],
      "setup": {
        "outcome": "passed"
      },
      "call": {
        "outcome": "passed"
      },
      "teardown": {
        "outcome": "passed"
      }
    },
    {
      "nodeid": "tests/test_patch.py::UpdateTestCase::test_update_with_invalid_state",
      "lineno": 254,
      "outcome": "passed",
      "keywords": [
        "test_update_with_invalid_state",
        "__wrapped__",
        "patchings",
        "UpdateTestCase",
        "test_patch.py",
        "tests",
        "getpatchwork@git-pw__02c38bef__requests__aiohttp",
        ""
      ],
      "setup": {
        "outcome": "passed"
      },
      "call": {
        "outcome": "passed"
      },
      "teardown": {
        "outcome": "passed"
      }
    },
    {
      "nodeid": "tests/test_patch.py::ListTestCase::test_list",
      "lineno": 319,
      "outcome": "failed",
      "keywords": [
        "test_list",
        "__wrapped__",
        "patchings",
        "ListTestCase",
        "test_patch.py",
        "tests",
        "getpatchwork@git-pw__02c38bef__requests__aiohttp",
        ""
      ],
      "setup": {
        "outcome": "passed"
      },
      "call": {
        "outcome": "failed",
        "crash": {
          "path": "C:\\Users\\Mohay\\AppData\\Local\\Programs\\Python\\Python312\\Lib\\unittest\\mock.py",
          "lineno": 1431,
          "message": "AttributeError: <module 'git_pw.api' from 'D:\\\\repos\\\\getpatchwork@git-pw__02c38bef__requests__aiohttp\\\\git_pw\\\\api.py'> does not have the attribute 'version'"
        },
        "traceback": [
          {
            "path": "C:\\Users\\Mohay\\AppData\\Local\\Programs\\Python\\Python312\\Lib\\unittest\\mock.py",
            "lineno": 1387,
            "message": "in patched"
          },
          {
            "path": "C:\\Users\\Mohay\\AppData\\Local\\Programs\\Python\\Python312\\Lib\\contextlib.py",
            "lineno": 137,
            "message": "in __enter__"
          },
          {
            "path": "C:\\Users\\Mohay\\AppData\\Local\\Programs\\Python\\Python312\\Lib\\unittest\\mock.py",
            "lineno": 1369,
            "message": "in decoration_helper"
          },
          {
            "path": "C:\\Users\\Mohay\\AppData\\Local\\Programs\\Python\\Python312\\Lib\\contextlib.py",
            "lineno": 526,
            "message": "in enter_context"
          },
          {
            "path": "C:\\Users\\Mohay\\AppData\\Local\\Programs\\Python\\Python312\\Lib\\unittest\\mock.py",
            "lineno": 1458,
            "message": "in __enter__"
          },
          {
            "path": "C:\\Users\\Mohay\\AppData\\Local\\Programs\\Python\\Python312\\Lib\\unittest\\mock.py",
            "lineno": 1431,
            "message": "AttributeError"
          }
        ],
        "longrepr": "C:\\Users\\Mohay\\AppData\\Local\\Programs\\Python\\Python312\\Lib\\unittest\\mock.py:1387: in patched\n    with self.decoration_helper(patched,\nC:\\Users\\Mohay\\AppData\\Local\\Programs\\Python\\Python312\\Lib\\contextlib.py:137: in __enter__\n    return next(self.gen)\nC:\\Users\\Mohay\\AppData\\Local\\Programs\\Python\\Python312\\Lib\\unittest\\mock.py:1369: in decoration_helper\n    arg = exit_stack.enter_context(patching)\nC:\\Users\\Mohay\\AppData\\Local\\Programs\\Python\\Python312\\Lib\\contextlib.py:526: in enter_context\n    result = _enter(cm)\nC:\\Users\\Mohay\\AppData\\Local\\Programs\\Python\\Python312\\Lib\\unittest\\mock.py:1458: in __enter__\n    original, local = self.get_original()\n_ _ _ _ _ _ _ _ _ _ _ _ _ _ _ _ _ _ _ _ _ _ _ _ _ _ _ _ _ _ _ _ _ _ _ _ _ _ _ _\n\nself = <unittest.mock._patch object at 0x000001AEEDE14080>\n\n    def get_original(self):\n        target = self.getter()\n        name = self.attribute\n    \n        original = DEFAULT\n        local = False\n    \n        try:\n            original = target.__dict__[name]\n        except (AttributeError, KeyError):\n            original = getattr(target, name, DEFAULT)\n        else:\n            local = True\n    \n        if name in _builtins and isinstance(target, ModuleType):\n            self.create = True\n    \n        if not self.create and original is DEFAULT:\n>           raise AttributeError(\n                \"%s does not have the attribute %r\" % (target, name)\n            )\nE           AttributeError: <module 'git_pw.api' from 'D:\\\\repos\\\\getpatchwork@git-pw__02c38bef__requests__aiohttp\\\\git_pw\\\\api.py'> does not have the attribute 'version'\n\nC:\\Users\\Mohay\\AppData\\Local\\Programs\\Python\\Python312\\Lib\\unittest\\mock.py:1431: AttributeError"
      },
      "teardown": {
        "outcome": "passed"
      }
    },
    {
      "nodeid": "tests/test_patch.py::ListTestCase::test_list_api_v1_1",
      "lineno": 484,
      "outcome": "failed",
      "keywords": [
        "test_list_api_v1_1",
        "__wrapped__",
        "patchings",
        "ListTestCase",
        "test_patch.py",
        "tests",
        "getpatchwork@git-pw__02c38bef__requests__aiohttp",
        ""
      ],
      "setup": {
        "outcome": "passed"
      },
      "call": {
        "outcome": "failed",
        "crash": {
          "path": "C:\\Users\\Mohay\\AppData\\Local\\Programs\\Python\\Python312\\Lib\\unittest\\mock.py",
          "lineno": 1431,
          "message": "AttributeError: <module 'git_pw.api' from 'D:\\\\repos\\\\getpatchwork@git-pw__02c38bef__requests__aiohttp\\\\git_pw\\\\api.py'> does not have the attribute 'version'"
        },
        "traceback": [
          {
            "path": "C:\\Users\\Mohay\\AppData\\Local\\Programs\\Python\\Python312\\Lib\\unittest\\mock.py",
            "lineno": 1387,
            "message": "in patched"
          },
          {
            "path": "C:\\Users\\Mohay\\AppData\\Local\\Programs\\Python\\Python312\\Lib\\contextlib.py",
            "lineno": 137,
            "message": "in __enter__"
          },
          {
            "path": "C:\\Users\\Mohay\\AppData\\Local\\Programs\\Python\\Python312\\Lib\\unittest\\mock.py",
            "lineno": 1369,
            "message": "in decoration_helper"
          },
          {
            "path": "C:\\Users\\Mohay\\AppData\\Local\\Programs\\Python\\Python312\\Lib\\contextlib.py",
            "lineno": 526,
            "message": "in enter_context"
          },
          {
            "path": "C:\\Users\\Mohay\\AppData\\Local\\Programs\\Python\\Python312\\Lib\\unittest\\mock.py",
            "lineno": 1458,
            "message": "in __enter__"
          },
          {
            "path": "C:\\Users\\Mohay\\AppData\\Local\\Programs\\Python\\Python312\\Lib\\unittest\\mock.py",
            "lineno": 1431,
            "message": "AttributeError"
          }
        ],
        "longrepr": "C:\\Users\\Mohay\\AppData\\Local\\Programs\\Python\\Python312\\Lib\\unittest\\mock.py:1387: in patched\n    with self.decoration_helper(patched,\nC:\\Users\\Mohay\\AppData\\Local\\Programs\\Python\\Python312\\Lib\\contextlib.py:137: in __enter__\n    return next(self.gen)\nC:\\Users\\Mohay\\AppData\\Local\\Programs\\Python\\Python312\\Lib\\unittest\\mock.py:1369: in decoration_helper\n    arg = exit_stack.enter_context(patching)\nC:\\Users\\Mohay\\AppData\\Local\\Programs\\Python\\Python312\\Lib\\contextlib.py:526: in enter_context\n    result = _enter(cm)\nC:\\Users\\Mohay\\AppData\\Local\\Programs\\Python\\Python312\\Lib\\unittest\\mock.py:1458: in __enter__\n    original, local = self.get_original()\n_ _ _ _ _ _ _ _ _ _ _ _ _ _ _ _ _ _ _ _ _ _ _ _ _ _ _ _ _ _ _ _ _ _ _ _ _ _ _ _\n\nself = <unittest.mock._patch object at 0x000001AEEDE14890>\n\n    def get_original(self):\n        target = self.getter()\n        name = self.attribute\n    \n        original = DEFAULT\n        local = False\n    \n        try:\n            original = target.__dict__[name]\n        except (AttributeError, KeyError):\n            original = getattr(target, name, DEFAULT)\n        else:\n            local = True\n    \n        if name in _builtins and isinstance(target, ModuleType):\n            self.create = True\n    \n        if not self.create and original is DEFAULT:\n>           raise AttributeError(\n                \"%s does not have the attribute %r\" % (target, name)\n            )\nE           AttributeError: <module 'git_pw.api' from 'D:\\\\repos\\\\getpatchwork@git-pw__02c38bef__requests__aiohttp\\\\git_pw\\\\api.py'> does not have the attribute 'version'\n\nC:\\Users\\Mohay\\AppData\\Local\\Programs\\Python\\Python312\\Lib\\unittest\\mock.py:1431: AttributeError"
      },
      "teardown": {
        "outcome": "passed"
      }
    },
    {
      "nodeid": "tests/test_patch.py::ListTestCase::test_list_with_filters",
      "lineno": 358,
      "outcome": "failed",
      "keywords": [
        "test_list_with_filters",
        "__wrapped__",
        "patchings",
        "ListTestCase",
        "test_patch.py",
        "tests",
        "getpatchwork@git-pw__02c38bef__requests__aiohttp",
        ""
      ],
      "setup": {
        "outcome": "passed"
      },
      "call": {
        "outcome": "failed",
        "crash": {
          "path": "C:\\Users\\Mohay\\AppData\\Local\\Programs\\Python\\Python312\\Lib\\unittest\\mock.py",
          "lineno": 1431,
          "message": "AttributeError: <module 'git_pw.api' from 'D:\\\\repos\\\\getpatchwork@git-pw__02c38bef__requests__aiohttp\\\\git_pw\\\\api.py'> does not have the attribute 'version'"
        },
        "traceback": [
          {
            "path": "C:\\Users\\Mohay\\AppData\\Local\\Programs\\Python\\Python312\\Lib\\unittest\\mock.py",
            "lineno": 1387,
            "message": "in patched"
          },
          {
            "path": "C:\\Users\\Mohay\\AppData\\Local\\Programs\\Python\\Python312\\Lib\\contextlib.py",
            "lineno": 137,
            "message": "in __enter__"
          },
          {
            "path": "C:\\Users\\Mohay\\AppData\\Local\\Programs\\Python\\Python312\\Lib\\unittest\\mock.py",
            "lineno": 1369,
            "message": "in decoration_helper"
          },
          {
            "path": "C:\\Users\\Mohay\\AppData\\Local\\Programs\\Python\\Python312\\Lib\\contextlib.py",
            "lineno": 526,
            "message": "in enter_context"
          },
          {
            "path": "C:\\Users\\Mohay\\AppData\\Local\\Programs\\Python\\Python312\\Lib\\unittest\\mock.py",
            "lineno": 1458,
            "message": "in __enter__"
          },
          {
            "path": "C:\\Users\\Mohay\\AppData\\Local\\Programs\\Python\\Python312\\Lib\\unittest\\mock.py",
            "lineno": 1431,
            "message": "AttributeError"
          }
        ],
        "longrepr": "C:\\Users\\Mohay\\AppData\\Local\\Programs\\Python\\Python312\\Lib\\unittest\\mock.py:1387: in patched\n    with self.decoration_helper(patched,\nC:\\Users\\Mohay\\AppData\\Local\\Programs\\Python\\Python312\\Lib\\contextlib.py:137: in __enter__\n    return next(self.gen)\nC:\\Users\\Mohay\\AppData\\Local\\Programs\\Python\\Python312\\Lib\\unittest\\mock.py:1369: in decoration_helper\n    arg = exit_stack.enter_context(patching)\nC:\\Users\\Mohay\\AppData\\Local\\Programs\\Python\\Python312\\Lib\\contextlib.py:526: in enter_context\n    result = _enter(cm)\nC:\\Users\\Mohay\\AppData\\Local\\Programs\\Python\\Python312\\Lib\\unittest\\mock.py:1458: in __enter__\n    original, local = self.get_original()\n_ _ _ _ _ _ _ _ _ _ _ _ _ _ _ _ _ _ _ _ _ _ _ _ _ _ _ _ _ _ _ _ _ _ _ _ _ _ _ _\n\nself = <unittest.mock._patch object at 0x000001AEEDE14A40>\n\n    def get_original(self):\n        target = self.getter()\n        name = self.attribute\n    \n        original = DEFAULT\n        local = False\n    \n        try:\n            original = target.__dict__[name]\n        except (AttributeError, KeyError):\n            original = getattr(target, name, DEFAULT)\n        else:\n            local = True\n    \n        if name in _builtins and isinstance(target, ModuleType):\n            self.create = True\n    \n        if not self.create and original is DEFAULT:\n>           raise AttributeError(\n                \"%s does not have the attribute %r\" % (target, name)\n            )\nE           AttributeError: <module 'git_pw.api' from 'D:\\\\repos\\\\getpatchwork@git-pw__02c38bef__requests__aiohttp\\\\git_pw\\\\api.py'> does not have the attribute 'version'\n\nC:\\Users\\Mohay\\AppData\\Local\\Programs\\Python\\Python312\\Lib\\unittest\\mock.py:1431: AttributeError"
      },
      "teardown": {
        "outcome": "passed"
      }
    },
    {
      "nodeid": "tests/test_patch.py::ListTestCase::test_list_with_formatting",
      "lineno": 342,
      "outcome": "failed",
      "keywords": [
        "test_list_with_formatting",
        "__wrapped__",
        "patchings",
        "ListTestCase",
        "test_patch.py",
        "tests",
        "getpatchwork@git-pw__02c38bef__requests__aiohttp",
        ""
      ],
      "setup": {
        "outcome": "passed"
      },
      "call": {
        "outcome": "failed",
        "crash": {
          "path": "C:\\Users\\Mohay\\AppData\\Local\\Programs\\Python\\Python312\\Lib\\unittest\\mock.py",
          "lineno": 1431,
          "message": "AttributeError: <module 'git_pw.api' from 'D:\\\\repos\\\\getpatchwork@git-pw__02c38bef__requests__aiohttp\\\\git_pw\\\\api.py'> does not have the attribute 'version'"
        },
        "traceback": [
          {
            "path": "C:\\Users\\Mohay\\AppData\\Local\\Programs\\Python\\Python312\\Lib\\unittest\\mock.py",
            "lineno": 1387,
            "message": "in patched"
          },
          {
            "path": "C:\\Users\\Mohay\\AppData\\Local\\Programs\\Python\\Python312\\Lib\\contextlib.py",
            "lineno": 137,
            "message": "in __enter__"
          },
          {
            "path": "C:\\Users\\Mohay\\AppData\\Local\\Programs\\Python\\Python312\\Lib\\unittest\\mock.py",
            "lineno": 1369,
            "message": "in decoration_helper"
          },
          {
            "path": "C:\\Users\\Mohay\\AppData\\Local\\Programs\\Python\\Python312\\Lib\\contextlib.py",
            "lineno": 526,
            "message": "in enter_context"
          },
          {
            "path": "C:\\Users\\Mohay\\AppData\\Local\\Programs\\Python\\Python312\\Lib\\unittest\\mock.py",
            "lineno": 1458,
            "message": "in __enter__"
          },
          {
            "path": "C:\\Users\\Mohay\\AppData\\Local\\Programs\\Python\\Python312\\Lib\\unittest\\mock.py",
            "lineno": 1431,
            "message": "AttributeError"
          }
        ],
        "longrepr": "C:\\Users\\Mohay\\AppData\\Local\\Programs\\Python\\Python312\\Lib\\unittest\\mock.py:1387: in patched\n    with self.decoration_helper(patched,\nC:\\Users\\Mohay\\AppData\\Local\\Programs\\Python\\Python312\\Lib\\contextlib.py:137: in __enter__\n    return next(self.gen)\nC:\\Users\\Mohay\\AppData\\Local\\Programs\\Python\\Python312\\Lib\\unittest\\mock.py:1369: in decoration_helper\n    arg = exit_stack.enter_context(patching)\nC:\\Users\\Mohay\\AppData\\Local\\Programs\\Python\\Python312\\Lib\\contextlib.py:526: in enter_context\n    result = _enter(cm)\nC:\\Users\\Mohay\\AppData\\Local\\Programs\\Python\\Python312\\Lib\\unittest\\mock.py:1458: in __enter__\n    original, local = self.get_original()\n_ _ _ _ _ _ _ _ _ _ _ _ _ _ _ _ _ _ _ _ _ _ _ _ _ _ _ _ _ _ _ _ _ _ _ _ _ _ _ _\n\nself = <unittest.mock._patch object at 0x000001AEEDE14A70>\n\n    def get_original(self):\n        target = self.getter()\n        name = self.attribute\n    \n        original = DEFAULT\n        local = False\n    \n        try:\n            original = target.__dict__[name]\n        except (AttributeError, KeyError):\n            original = getattr(target, name, DEFAULT)\n        else:\n            local = True\n    \n        if name in _builtins and isinstance(target, ModuleType):\n            self.create = True\n    \n        if not self.create and original is DEFAULT:\n>           raise AttributeError(\n                \"%s does not have the attribute %r\" % (target, name)\n            )\nE           AttributeError: <module 'git_pw.api' from 'D:\\\\repos\\\\getpatchwork@git-pw__02c38bef__requests__aiohttp\\\\git_pw\\\\api.py'> does not have the attribute 'version'\n\nC:\\Users\\Mohay\\AppData\\Local\\Programs\\Python\\Python312\\Lib\\unittest\\mock.py:1431: AttributeError"
      },
      "teardown": {
        "outcome": "passed"
      }
    },
    {
      "nodeid": "tests/test_patch.py::ListTestCase::test_list_with_multiple_filters",
      "lineno": 445,
      "outcome": "failed",
      "keywords": [
        "test_list_with_multiple_filters",
        "__wrapped__",
        "patchings",
        "ListTestCase",
        "test_patch.py",
        "tests",
        "getpatchwork@git-pw__02c38bef__requests__aiohttp",
        ""
      ],
      "setup": {
        "outcome": "passed"
      },
      "call": {
        "outcome": "failed",
        "crash": {
          "path": "C:\\Users\\Mohay\\AppData\\Local\\Programs\\Python\\Python312\\Lib\\unittest\\mock.py",
          "lineno": 1431,
          "message": "AttributeError: <module 'git_pw.api' from 'D:\\\\repos\\\\getpatchwork@git-pw__02c38bef__requests__aiohttp\\\\git_pw\\\\api.py'> does not have the attribute 'version'"
        },
        "traceback": [
          {
            "path": "C:\\Users\\Mohay\\AppData\\Local\\Programs\\Python\\Python312\\Lib\\unittest\\mock.py",
            "lineno": 1387,
            "message": "in patched"
          },
          {
            "path": "C:\\Users\\Mohay\\AppData\\Local\\Programs\\Python\\Python312\\Lib\\contextlib.py",
            "lineno": 137,
            "message": "in __enter__"
          },
          {
            "path": "C:\\Users\\Mohay\\AppData\\Local\\Programs\\Python\\Python312\\Lib\\unittest\\mock.py",
            "lineno": 1369,
            "message": "in decoration_helper"
          },
          {
            "path": "C:\\Users\\Mohay\\AppData\\Local\\Programs\\Python\\Python312\\Lib\\contextlib.py",
            "lineno": 526,
            "message": "in enter_context"
          },
          {
            "path": "C:\\Users\\Mohay\\AppData\\Local\\Programs\\Python\\Python312\\Lib\\unittest\\mock.py",
            "lineno": 1458,
            "message": "in __enter__"
          },
          {
            "path": "C:\\Users\\Mohay\\AppData\\Local\\Programs\\Python\\Python312\\Lib\\unittest\\mock.py",
            "lineno": 1431,
            "message": "AttributeError"
          }
        ],
        "longrepr": "C:\\Users\\Mohay\\AppData\\Local\\Programs\\Python\\Python312\\Lib\\unittest\\mock.py:1387: in patched\n    with self.decoration_helper(patched,\nC:\\Users\\Mohay\\AppData\\Local\\Programs\\Python\\Python312\\Lib\\contextlib.py:137: in __enter__\n    return next(self.gen)\nC:\\Users\\Mohay\\AppData\\Local\\Programs\\Python\\Python312\\Lib\\unittest\\mock.py:1369: in decoration_helper\n    arg = exit_stack.enter_context(patching)\nC:\\Users\\Mohay\\AppData\\Local\\Programs\\Python\\Python312\\Lib\\contextlib.py:526: in enter_context\n    result = _enter(cm)\nC:\\Users\\Mohay\\AppData\\Local\\Programs\\Python\\Python312\\Lib\\unittest\\mock.py:1458: in __enter__\n    original, local = self.get_original()\n_ _ _ _ _ _ _ _ _ _ _ _ _ _ _ _ _ _ _ _ _ _ _ _ _ _ _ _ _ _ _ _ _ _ _ _ _ _ _ _\n\nself = <unittest.mock._patch object at 0x000001AEEDE14AA0>\n\n    def get_original(self):\n        target = self.getter()\n        name = self.attribute\n    \n        original = DEFAULT\n        local = False\n    \n        try:\n            original = target.__dict__[name]\n        except (AttributeError, KeyError):\n            original = getattr(target, name, DEFAULT)\n        else:\n            local = True\n    \n        if name in _builtins and isinstance(target, ModuleType):\n            self.create = True\n    \n        if not self.create and original is DEFAULT:\n>           raise AttributeError(\n                \"%s does not have the attribute %r\" % (target, name)\n            )\nE           AttributeError: <module 'git_pw.api' from 'D:\\\\repos\\\\getpatchwork@git-pw__02c38bef__requests__aiohttp\\\\git_pw\\\\api.py'> does not have the attribute 'version'\n\nC:\\Users\\Mohay\\AppData\\Local\\Programs\\Python\\Python312\\Lib\\unittest\\mock.py:1431: AttributeError"
      },
      "teardown": {
        "outcome": "passed"
      }
    },
    {
      "nodeid": "tests/test_patch.py::ListTestCase::test_list_with_wildcard_filters",
      "lineno": 426,
      "outcome": "failed",
      "keywords": [
        "test_list_with_wildcard_filters",
        "__wrapped__",
        "patchings",
        "ListTestCase",
        "test_patch.py",
        "tests",
        "getpatchwork@git-pw__02c38bef__requests__aiohttp",
        ""
      ],
      "setup": {
        "outcome": "passed"
      },
      "call": {
        "outcome": "failed",
        "crash": {
          "path": "C:\\Users\\Mohay\\AppData\\Local\\Programs\\Python\\Python312\\Lib\\unittest\\mock.py",
          "lineno": 1431,
          "message": "AttributeError: <module 'git_pw.api' from 'D:\\\\repos\\\\getpatchwork@git-pw__02c38bef__requests__aiohttp\\\\git_pw\\\\api.py'> does not have the attribute 'version'"
        },
        "traceback": [
          {
            "path": "C:\\Users\\Mohay\\AppData\\Local\\Programs\\Python\\Python312\\Lib\\unittest\\mock.py",
            "lineno": 1387,
            "message": "in patched"
          },
          {
            "path": "C:\\Users\\Mohay\\AppData\\Local\\Programs\\Python\\Python312\\Lib\\contextlib.py",
            "lineno": 137,
            "message": "in __enter__"
          },
          {
            "path": "C:\\Users\\Mohay\\AppData\\Local\\Programs\\Python\\Python312\\Lib\\unittest\\mock.py",
            "lineno": 1369,
            "message": "in decoration_helper"
          },
          {
            "path": "C:\\Users\\Mohay\\AppData\\Local\\Programs\\Python\\Python312\\Lib\\contextlib.py",
            "lineno": 526,
            "message": "in enter_context"
          },
          {
            "path": "C:\\Users\\Mohay\\AppData\\Local\\Programs\\Python\\Python312\\Lib\\unittest\\mock.py",
            "lineno": 1458,
            "message": "in __enter__"
          },
          {
            "path": "C:\\Users\\Mohay\\AppData\\Local\\Programs\\Python\\Python312\\Lib\\unittest\\mock.py",
            "lineno": 1431,
            "message": "AttributeError"
          }
        ],
        "longrepr": "C:\\Users\\Mohay\\AppData\\Local\\Programs\\Python\\Python312\\Lib\\unittest\\mock.py:1387: in patched\n    with self.decoration_helper(patched,\nC:\\Users\\Mohay\\AppData\\Local\\Programs\\Python\\Python312\\Lib\\contextlib.py:137: in __enter__\n    return next(self.gen)\nC:\\Users\\Mohay\\AppData\\Local\\Programs\\Python\\Python312\\Lib\\unittest\\mock.py:1369: in decoration_helper\n    arg = exit_stack.enter_context(patching)\nC:\\Users\\Mohay\\AppData\\Local\\Programs\\Python\\Python312\\Lib\\contextlib.py:526: in enter_context\n    result = _enter(cm)\nC:\\Users\\Mohay\\AppData\\Local\\Programs\\Python\\Python312\\Lib\\unittest\\mock.py:1458: in __enter__\n    original, local = self.get_original()\n_ _ _ _ _ _ _ _ _ _ _ _ _ _ _ _ _ _ _ _ _ _ _ _ _ _ _ _ _ _ _ _ _ _ _ _ _ _ _ _\n\nself = <unittest.mock._patch object at 0x000001AEEDE14AD0>\n\n    def get_original(self):\n        target = self.getter()\n        name = self.attribute\n    \n        original = DEFAULT\n        local = False\n    \n        try:\n            original = target.__dict__[name]\n        except (AttributeError, KeyError):\n            original = getattr(target, name, DEFAULT)\n        else:\n            local = True\n    \n        if name in _builtins and isinstance(target, ModuleType):\n            self.create = True\n    \n        if not self.create and original is DEFAULT:\n>           raise AttributeError(\n                \"%s does not have the attribute %r\" % (target, name)\n            )\nE           AttributeError: <module 'git_pw.api' from 'D:\\\\repos\\\\getpatchwork@git-pw__02c38bef__requests__aiohttp\\\\git_pw\\\\api.py'> does not have the attribute 'version'\n\nC:\\Users\\Mohay\\AppData\\Local\\Programs\\Python\\Python312\\Lib\\unittest\\mock.py:1431: AttributeError"
      },
      "teardown": {
        "outcome": "passed"
      }
    },
    {
      "nodeid": "tests/test_series.py::ApplyTestCase::test_apply_with_args",
      "lineno": 27,
      "outcome": "failed",
      "keywords": [
        "test_apply_with_args",
        "__wrapped__",
        "patchings",
        "ApplyTestCase",
        "test_series.py",
        "tests",
        "getpatchwork@git-pw__02c38bef__requests__aiohttp",
        ""
      ],
      "setup": {
        "outcome": "passed"
      },
      "call": {
        "outcome": "failed",
        "crash": {
          "path": "C:\\Users\\Mohay\\AppData\\Local\\Programs\\Python\\Python312\\Lib\\unittest\\mock.py",
          "lineno": 944,
          "message": "AssertionError: expected call not found.\nExpected: git_am('test.patch', ('-3',))\n  Actual: git_am(<coroutine object AsyncMockMixin._execute_mock_call at 0x000001AEEF2AEA40>, ('-3',))"
        },
        "traceback": [
          {
            "path": "tests\\test_series.py",
            "lineno": 41,
            "message": ""
          },
          {
            "path": "C:\\Users\\Mohay\\AppData\\Local\\Programs\\Python\\Python312\\Lib\\unittest\\mock.py",
            "lineno": 956,
            "message": "in assert_called_once_with"
          },
          {
            "path": "C:\\Users\\Mohay\\AppData\\Local\\Programs\\Python\\Python312\\Lib\\unittest\\mock.py",
            "lineno": 944,
            "message": "AssertionError"
          }
        ],
        "longrepr": "self = <tests.test_series.ApplyTestCase testMethod=test_apply_with_args>\nmock_git_am = <MagicMock name='git_am' id='1850849934512'>\nmock_download = <AsyncMock name='download' id='1850849927600'>\nmock_detail = <MagicMock name='detail' id='1850849926448'>\n\n    def test_apply_with_args(self, mock_git_am, mock_download, mock_detail):\n        \"\"\"Validate passthrough of arbitrary arguments to git-am.\"\"\"\n    \n        rsp = {'mbox': 'http://example.com/api/patches/123/mbox/'}\n        mock_detail.return_value = rsp\n        mock_download.return_value = 'test.patch'\n    \n        runner = CLIRunner()\n        result = runner.invoke(series.apply_cmd, ['123', '-3'])\n    \n        assert result.exit_code == 0, result\n        mock_detail.assert_called_once_with('series', 123)\n        mock_download.assert_called_once_with(rsp['mbox'])\n>       mock_git_am.assert_called_once_with(\n            mock_download.return_value, ('-3',)\n        )\n\ntests\\test_series.py:41: \n_ _ _ _ _ _ _ _ _ _ _ _ _ _ _ _ _ _ _ _ _ _ _ _ _ _ _ _ _ _ _ _ _ _ _ _ _ _ _ _\nC:\\Users\\Mohay\\AppData\\Local\\Programs\\Python\\Python312\\Lib\\unittest\\mock.py:956: in assert_called_once_with\n    return self.assert_called_with(*args, **kwargs)\n_ _ _ _ _ _ _ _ _ _ _ _ _ _ _ _ _ _ _ _ _ _ _ _ _ _ _ _ _ _ _ _ _ _ _ _ _ _ _ _\n\nself = <MagicMock name='git_am' id='1850849934512'>\nargs = ('test.patch', ('-3',)), kwargs = {}\nexpected = call('test.patch', ('-3',))\nactual = call(<coroutine object AsyncMockMixin._execute_mock_call at 0x000001AEEF2AEA40>, ('-3',))\n_error_message = <function NonCallableMock.assert_called_with.<locals>._error_message at 0x000001AEEF381C60>\ncause = None\n\n    def assert_called_with(self, /, *args, **kwargs):\n        \"\"\"assert that the last call was made with the specified arguments.\n    \n        Raises an AssertionError if the args and keyword args passed in are\n        different to the last call to the mock.\"\"\"\n        if self.call_args is None:\n            expected = self._format_mock_call_signature(args, kwargs)\n            actual = 'not called.'\n            error_message = ('expected call not found.\\nExpected: %s\\n  Actual: %s'\n                    % (expected, actual))\n            raise AssertionError(error_message)\n    \n        def _error_message():\n            msg = self._format_mock_failure_message(args, kwargs)\n            return msg\n        expected = self._call_matcher(_Call((args, kwargs), two=True))\n        actual = self._call_matcher(self.call_args)\n        if actual != expected:\n            cause = expected if isinstance(expected, Exception) else None\n>           raise AssertionError(_error_message()) from cause\nE           AssertionError: expected call not found.\nE           Expected: git_am('test.patch', ('-3',))\nE             Actual: git_am(<coroutine object AsyncMockMixin._execute_mock_call at 0x000001AEEF2AEA40>, ('-3',))\n\nC:\\Users\\Mohay\\AppData\\Local\\Programs\\Python\\Python312\\Lib\\unittest\\mock.py:944: AssertionError"
      },
      "teardown": {
        "outcome": "passed"
      }
    },
    {
      "nodeid": "tests/test_series.py::ApplyTestCase::test_apply_without_args",
      "lineno": 12,
      "outcome": "failed",
      "keywords": [
        "test_apply_without_args",
        "__wrapped__",
        "patchings",
        "ApplyTestCase",
        "test_series.py",
        "tests",
        "getpatchwork@git-pw__02c38bef__requests__aiohttp",
        ""
      ],
      "setup": {
        "outcome": "passed"
      },
      "call": {
        "outcome": "failed",
        "crash": {
          "path": "C:\\Users\\Mohay\\AppData\\Local\\Programs\\Python\\Python312\\Lib\\unittest\\mock.py",
          "lineno": 944,
          "message": "AssertionError: expected call not found.\nExpected: git_am('test.patch', ())\n  Actual: git_am(<coroutine object AsyncMockMixin._execute_mock_call at 0x000001AEEF2AED40>, ())"
        },
        "traceback": [
          {
            "path": "tests\\test_series.py",
            "lineno": 26,
            "message": ""
          },
          {
            "path": "C:\\Users\\Mohay\\AppData\\Local\\Programs\\Python\\Python312\\Lib\\unittest\\mock.py",
            "lineno": 956,
            "message": "in assert_called_once_with"
          },
          {
            "path": "C:\\Users\\Mohay\\AppData\\Local\\Programs\\Python\\Python312\\Lib\\unittest\\mock.py",
            "lineno": 944,
            "message": "AssertionError"
          }
        ],
        "longrepr": "self = <tests.test_series.ApplyTestCase testMethod=test_apply_without_args>\nmock_git_am = <MagicMock name='git_am' id='1850849661328'>\nmock_download = <AsyncMock name='download' id='1850849672800'>\nmock_detail = <MagicMock name='detail' id='1850850333264'>\n\n    def test_apply_without_args(self, mock_git_am, mock_download, mock_detail):\n        \"\"\"Validate calling with no arguments.\"\"\"\n    \n        rsp = {'mbox': 'http://example.com/api/patches/123/mbox/'}\n        mock_detail.return_value = rsp\n        mock_download.return_value = 'test.patch'\n    \n        runner = CLIRunner()\n        result = runner.invoke(series.apply_cmd, ['123'])\n    \n        assert result.exit_code == 0, result\n        mock_detail.assert_called_once_with('series', 123)\n        mock_download.assert_called_once_with(rsp['mbox'])\n>       mock_git_am.assert_called_once_with(mock_download.return_value, ())\n\ntests\\test_series.py:26: \n_ _ _ _ _ _ _ _ _ _ _ _ _ _ _ _ _ _ _ _ _ _ _ _ _ _ _ _ _ _ _ _ _ _ _ _ _ _ _ _\nC:\\Users\\Mohay\\AppData\\Local\\Programs\\Python\\Python312\\Lib\\unittest\\mock.py:956: in assert_called_once_with\n    return self.assert_called_with(*args, **kwargs)\n_ _ _ _ _ _ _ _ _ _ _ _ _ _ _ _ _ _ _ _ _ _ _ _ _ _ _ _ _ _ _ _ _ _ _ _ _ _ _ _\n\nself = <MagicMock name='git_am' id='1850849661328'>, args = ('test.patch', ())\nkwargs = {}, expected = call('test.patch', ())\nactual = call(<coroutine object AsyncMockMixin._execute_mock_call at 0x000001AEEF2AED40>, ())\n_error_message = <function NonCallableMock.assert_called_with.<locals>._error_message at 0x000001AEEF382160>\ncause = None\n\n    def assert_called_with(self, /, *args, **kwargs):\n        \"\"\"assert that the last call was made with the specified arguments.\n    \n        Raises an AssertionError if the args and keyword args passed in are\n        different to the last call to the mock.\"\"\"\n        if self.call_args is None:\n            expected = self._format_mock_call_signature(args, kwargs)\n            actual = 'not called.'\n            error_message = ('expected call not found.\\nExpected: %s\\n  Actual: %s'\n                    % (expected, actual))\n            raise AssertionError(error_message)\n    \n        def _error_message():\n            msg = self._format_mock_failure_message(args, kwargs)\n            return msg\n        expected = self._call_matcher(_Call((args, kwargs), two=True))\n        actual = self._call_matcher(self.call_args)\n        if actual != expected:\n            cause = expected if isinstance(expected, Exception) else None\n>           raise AssertionError(_error_message()) from cause\nE           AssertionError: expected call not found.\nE           Expected: git_am('test.patch', ())\nE             Actual: git_am(<coroutine object AsyncMockMixin._execute_mock_call at 0x000001AEEF2AED40>, ())\n\nC:\\Users\\Mohay\\AppData\\Local\\Programs\\Python\\Python312\\Lib\\unittest\\mock.py:944: AssertionError"
      },
      "teardown": {
        "outcome": "passed"
      }
    },
    {
      "nodeid": "tests/test_series.py::DownloadTestCase::test_download",
      "lineno": 48,
      "outcome": "passed",
      "keywords": [
        "test_download",
        "__wrapped__",
        "patchings",
        "DownloadTestCase",
        "test_series.py",
        "tests",
        "getpatchwork@git-pw__02c38bef__requests__aiohttp",
        ""
      ],
      "setup": {
        "outcome": "passed"
      },
      "call": {
        "outcome": "passed"
      },
      "teardown": {
        "outcome": "passed"
      }
    },
    {
      "nodeid": "tests/test_series.py::DownloadTestCase::test_download_separate_to_dir",
      "lineno": 78,
      "outcome": "passed",
      "keywords": [
        "test_download_separate_to_dir",
        "__wrapped__",
        "patchings",
        "DownloadTestCase",
        "test_series.py",
        "tests",
        "getpatchwork@git-pw__02c38bef__requests__aiohttp",
        ""
      ],
      "setup": {
        "outcome": "passed"
      },
      "call": {
        "outcome": "passed"
      },
      "teardown": {
        "outcome": "passed"
      }
    },
    {
      "nodeid": "tests/test_series.py::DownloadTestCase::test_download_to_file",
      "lineno": 61,
      "outcome": "passed",
      "keywords": [
        "test_download_to_file",
        "__wrapped__",
        "patchings",
        "DownloadTestCase",
        "test_series.py",
        "tests",
        "getpatchwork@git-pw__02c38bef__requests__aiohttp",
        ""
      ],
      "setup": {
        "outcome": "passed"
      },
      "call": {
        "outcome": "passed"
      },
      "teardown": {
        "outcome": "passed"
      }
    },
    {
      "nodeid": "tests/test_series.py::ShowTestCase::test_show",
      "lineno": 133,
      "outcome": "passed",
      "keywords": [
        "test_show",
        "__wrapped__",
        "patchings",
        "ShowTestCase",
        "test_series.py",
        "tests",
        "getpatchwork@git-pw__02c38bef__requests__aiohttp",
        ""
      ],
      "setup": {
        "outcome": "passed"
      },
      "call": {
        "outcome": "passed"
      },
      "teardown": {
        "outcome": "passed"
      }
    },
    {
      "nodeid": "tests/test_series.py::ListTestCase::test_list",
      "lineno": 165,
      "outcome": "failed",
      "keywords": [
        "test_list",
        "__wrapped__",
        "patchings",
        "ListTestCase",
        "test_series.py",
        "tests",
        "getpatchwork@git-pw__02c38bef__requests__aiohttp",
        ""
      ],
      "setup": {
        "outcome": "passed"
      },
      "call": {
        "outcome": "failed",
        "crash": {
          "path": "C:\\Users\\Mohay\\AppData\\Local\\Programs\\Python\\Python312\\Lib\\unittest\\mock.py",
          "lineno": 1431,
          "message": "AttributeError: <module 'git_pw.api' from 'D:\\\\repos\\\\getpatchwork@git-pw__02c38bef__requests__aiohttp\\\\git_pw\\\\api.py'> does not have the attribute 'version'"
        },
        "traceback": [
          {
            "path": "C:\\Users\\Mohay\\AppData\\Local\\Programs\\Python\\Python312\\Lib\\unittest\\mock.py",
            "lineno": 1387,
            "message": "in patched"
          },
          {
            "path": "C:\\Users\\Mohay\\AppData\\Local\\Programs\\Python\\Python312\\Lib\\contextlib.py",
            "lineno": 137,
            "message": "in __enter__"
          },
          {
            "path": "C:\\Users\\Mohay\\AppData\\Local\\Programs\\Python\\Python312\\Lib\\unittest\\mock.py",
            "lineno": 1369,
            "message": "in decoration_helper"
          },
          {
            "path": "C:\\Users\\Mohay\\AppData\\Local\\Programs\\Python\\Python312\\Lib\\contextlib.py",
            "lineno": 526,
            "message": "in enter_context"
          },
          {
            "path": "C:\\Users\\Mohay\\AppData\\Local\\Programs\\Python\\Python312\\Lib\\unittest\\mock.py",
            "lineno": 1458,
            "message": "in __enter__"
          },
          {
            "path": "C:\\Users\\Mohay\\AppData\\Local\\Programs\\Python\\Python312\\Lib\\unittest\\mock.py",
            "lineno": 1431,
            "message": "AttributeError"
          }
        ],
        "longrepr": "C:\\Users\\Mohay\\AppData\\Local\\Programs\\Python\\Python312\\Lib\\unittest\\mock.py:1387: in patched\n    with self.decoration_helper(patched,\nC:\\Users\\Mohay\\AppData\\Local\\Programs\\Python\\Python312\\Lib\\contextlib.py:137: in __enter__\n    return next(self.gen)\nC:\\Users\\Mohay\\AppData\\Local\\Programs\\Python\\Python312\\Lib\\unittest\\mock.py:1369: in decoration_helper\n    arg = exit_stack.enter_context(patching)\nC:\\Users\\Mohay\\AppData\\Local\\Programs\\Python\\Python312\\Lib\\contextlib.py:526: in enter_context\n    result = _enter(cm)\nC:\\Users\\Mohay\\AppData\\Local\\Programs\\Python\\Python312\\Lib\\unittest\\mock.py:1458: in __enter__\n    original, local = self.get_original()\n_ _ _ _ _ _ _ _ _ _ _ _ _ _ _ _ _ _ _ _ _ _ _ _ _ _ _ _ _ _ _ _ _ _ _ _ _ _ _ _\n\nself = <unittest.mock._patch object at 0x000001AEEDE44A10>\n\n    def get_original(self):\n        target = self.getter()\n        name = self.attribute\n    \n        original = DEFAULT\n        local = False\n    \n        try:\n            original = target.__dict__[name]\n        except (AttributeError, KeyError):\n            original = getattr(target, name, DEFAULT)\n        else:\n            local = True\n    \n        if name in _builtins and isinstance(target, ModuleType):\n            self.create = True\n    \n        if not self.create and original is DEFAULT:\n>           raise AttributeError(\n                \"%s does not have the attribute %r\" % (target, name)\n            )\nE           AttributeError: <module 'git_pw.api' from 'D:\\\\repos\\\\getpatchwork@git-pw__02c38bef__requests__aiohttp\\\\git_pw\\\\api.py'> does not have the attribute 'version'\n\nC:\\Users\\Mohay\\AppData\\Local\\Programs\\Python\\Python312\\Lib\\unittest\\mock.py:1431: AttributeError"
      },
      "teardown": {
        "outcome": "passed"
      }
    },
    {
      "nodeid": "tests/test_series.py::ListTestCase::test_list_api_v1_1",
      "lineno": 302,
      "outcome": "failed",
      "keywords": [
        "test_list_api_v1_1",
        "__wrapped__",
        "patchings",
        "ListTestCase",
        "test_series.py",
        "tests",
        "getpatchwork@git-pw__02c38bef__requests__aiohttp",
        ""
      ],
      "setup": {
        "outcome": "passed"
      },
      "call": {
        "outcome": "failed",
        "crash": {
          "path": "C:\\Users\\Mohay\\AppData\\Local\\Programs\\Python\\Python312\\Lib\\unittest\\mock.py",
          "lineno": 1431,
          "message": "AttributeError: <module 'git_pw.api' from 'D:\\\\repos\\\\getpatchwork@git-pw__02c38bef__requests__aiohttp\\\\git_pw\\\\api.py'> does not have the attribute 'version'"
        },
        "traceback": [
          {
            "path": "C:\\Users\\Mohay\\AppData\\Local\\Programs\\Python\\Python312\\Lib\\unittest\\mock.py",
            "lineno": 1387,
            "message": "in patched"
          },
          {
            "path": "C:\\Users\\Mohay\\AppData\\Local\\Programs\\Python\\Python312\\Lib\\contextlib.py",
            "lineno": 137,
            "message": "in __enter__"
          },
          {
            "path": "C:\\Users\\Mohay\\AppData\\Local\\Programs\\Python\\Python312\\Lib\\unittest\\mock.py",
            "lineno": 1369,
            "message": "in decoration_helper"
          },
          {
            "path": "C:\\Users\\Mohay\\AppData\\Local\\Programs\\Python\\Python312\\Lib\\contextlib.py",
            "lineno": 526,
            "message": "in enter_context"
          },
          {
            "path": "C:\\Users\\Mohay\\AppData\\Local\\Programs\\Python\\Python312\\Lib\\unittest\\mock.py",
            "lineno": 1458,
            "message": "in __enter__"
          },
          {
            "path": "C:\\Users\\Mohay\\AppData\\Local\\Programs\\Python\\Python312\\Lib\\unittest\\mock.py",
            "lineno": 1431,
            "message": "AttributeError"
          }
        ],
        "longrepr": "C:\\Users\\Mohay\\AppData\\Local\\Programs\\Python\\Python312\\Lib\\unittest\\mock.py:1387: in patched\n    with self.decoration_helper(patched,\nC:\\Users\\Mohay\\AppData\\Local\\Programs\\Python\\Python312\\Lib\\contextlib.py:137: in __enter__\n    return next(self.gen)\nC:\\Users\\Mohay\\AppData\\Local\\Programs\\Python\\Python312\\Lib\\unittest\\mock.py:1369: in decoration_helper\n    arg = exit_stack.enter_context(patching)\nC:\\Users\\Mohay\\AppData\\Local\\Programs\\Python\\Python312\\Lib\\contextlib.py:526: in enter_context\n    result = _enter(cm)\nC:\\Users\\Mohay\\AppData\\Local\\Programs\\Python\\Python312\\Lib\\unittest\\mock.py:1458: in __enter__\n    original, local = self.get_original()\n_ _ _ _ _ _ _ _ _ _ _ _ _ _ _ _ _ _ _ _ _ _ _ _ _ _ _ _ _ _ _ _ _ _ _ _ _ _ _ _\n\nself = <unittest.mock._patch object at 0x000001AEEDE45130>\n\n    def get_original(self):\n        target = self.getter()\n        name = self.attribute\n    \n        original = DEFAULT\n        local = False\n    \n        try:\n            original = target.__dict__[name]\n        except (AttributeError, KeyError):\n            original = getattr(target, name, DEFAULT)\n        else:\n            local = True\n    \n        if name in _builtins and isinstance(target, ModuleType):\n            self.create = True\n    \n        if not self.create and original is DEFAULT:\n>           raise AttributeError(\n                \"%s does not have the attribute %r\" % (target, name)\n            )\nE           AttributeError: <module 'git_pw.api' from 'D:\\\\repos\\\\getpatchwork@git-pw__02c38bef__requests__aiohttp\\\\git_pw\\\\api.py'> does not have the attribute 'version'\n\nC:\\Users\\Mohay\\AppData\\Local\\Programs\\Python\\Python312\\Lib\\unittest\\mock.py:1431: AttributeError"
      },
      "teardown": {
        "outcome": "passed"
      }
    },
    {
      "nodeid": "tests/test_series.py::ListTestCase::test_list_with_filters",
      "lineno": 203,
      "outcome": "failed",
      "keywords": [
        "test_list_with_filters",
        "__wrapped__",
        "patchings",
        "ListTestCase",
        "test_series.py",
        "tests",
        "getpatchwork@git-pw__02c38bef__requests__aiohttp",
        ""
      ],
      "setup": {
        "outcome": "passed"
      },
      "call": {
        "outcome": "failed",
        "crash": {
          "path": "C:\\Users\\Mohay\\AppData\\Local\\Programs\\Python\\Python312\\Lib\\unittest\\mock.py",
          "lineno": 1431,
          "message": "AttributeError: <module 'git_pw.api' from 'D:\\\\repos\\\\getpatchwork@git-pw__02c38bef__requests__aiohttp\\\\git_pw\\\\api.py'> does not have the attribute 'version'"
        },
        "traceback": [
          {
            "path": "C:\\Users\\Mohay\\AppData\\Local\\Programs\\Python\\Python312\\Lib\\unittest\\mock.py",
            "lineno": 1387,
            "message": "in patched"
          },
          {
            "path": "C:\\Users\\Mohay\\AppData\\Local\\Programs\\Python\\Python312\\Lib\\contextlib.py",
            "lineno": 137,
            "message": "in __enter__"
          },
          {
            "path": "C:\\Users\\Mohay\\AppData\\Local\\Programs\\Python\\Python312\\Lib\\unittest\\mock.py",
            "lineno": 1369,
            "message": "in decoration_helper"
          },
          {
            "path": "C:\\Users\\Mohay\\AppData\\Local\\Programs\\Python\\Python312\\Lib\\contextlib.py",
            "lineno": 526,
            "message": "in enter_context"
          },
          {
            "path": "C:\\Users\\Mohay\\AppData\\Local\\Programs\\Python\\Python312\\Lib\\unittest\\mock.py",
            "lineno": 1458,
            "message": "in __enter__"
          },
          {
            "path": "C:\\Users\\Mohay\\AppData\\Local\\Programs\\Python\\Python312\\Lib\\unittest\\mock.py",
            "lineno": 1431,
            "message": "AttributeError"
          }
        ],
        "longrepr": "C:\\Users\\Mohay\\AppData\\Local\\Programs\\Python\\Python312\\Lib\\unittest\\mock.py:1387: in patched\n    with self.decoration_helper(patched,\nC:\\Users\\Mohay\\AppData\\Local\\Programs\\Python\\Python312\\Lib\\contextlib.py:137: in __enter__\n    return next(self.gen)\nC:\\Users\\Mohay\\AppData\\Local\\Programs\\Python\\Python312\\Lib\\unittest\\mock.py:1369: in decoration_helper\n    arg = exit_stack.enter_context(patching)\nC:\\Users\\Mohay\\AppData\\Local\\Programs\\Python\\Python312\\Lib\\contextlib.py:526: in enter_context\n    result = _enter(cm)\nC:\\Users\\Mohay\\AppData\\Local\\Programs\\Python\\Python312\\Lib\\unittest\\mock.py:1458: in __enter__\n    original, local = self.get_original()\n_ _ _ _ _ _ _ _ _ _ _ _ _ _ _ _ _ _ _ _ _ _ _ _ _ _ _ _ _ _ _ _ _ _ _ _ _ _ _ _\n\nself = <unittest.mock._patch object at 0x000001AEEDE452E0>\n\n    def get_original(self):\n        target = self.getter()\n        name = self.attribute\n    \n        original = DEFAULT\n        local = False\n    \n        try:\n            original = target.__dict__[name]\n        except (AttributeError, KeyError):\n            original = getattr(target, name, DEFAULT)\n        else:\n            local = True\n    \n        if name in _builtins and isinstance(target, ModuleType):\n            self.create = True\n    \n        if not self.create and original is DEFAULT:\n>           raise AttributeError(\n                \"%s does not have the attribute %r\" % (target, name)\n            )\nE           AttributeError: <module 'git_pw.api' from 'D:\\\\repos\\\\getpatchwork@git-pw__02c38bef__requests__aiohttp\\\\git_pw\\\\api.py'> does not have the attribute 'version'\n\nC:\\Users\\Mohay\\AppData\\Local\\Programs\\Python\\Python312\\Lib\\unittest\\mock.py:1431: AttributeError"
      },
      "teardown": {
        "outcome": "passed"
      }
    },
    {
      "nodeid": "tests/test_series.py::ListTestCase::test_list_with_formatting",
      "lineno": 185,
      "outcome": "failed",
      "keywords": [
        "test_list_with_formatting",
        "__wrapped__",
        "patchings",
        "ListTestCase",
        "test_series.py",
        "tests",
        "getpatchwork@git-pw__02c38bef__requests__aiohttp",
        ""
      ],
      "setup": {
        "outcome": "passed"
      },
      "call": {
        "outcome": "failed",
        "crash": {
          "path": "C:\\Users\\Mohay\\AppData\\Local\\Programs\\Python\\Python312\\Lib\\unittest\\mock.py",
          "lineno": 1431,
          "message": "AttributeError: <module 'git_pw.api' from 'D:\\\\repos\\\\getpatchwork@git-pw__02c38bef__requests__aiohttp\\\\git_pw\\\\api.py'> does not have the attribute 'version'"
        },
        "traceback": [
          {
            "path": "C:\\Users\\Mohay\\AppData\\Local\\Programs\\Python\\Python312\\Lib\\unittest\\mock.py",
            "lineno": 1387,
            "message": "in patched"
          },
          {
            "path": "C:\\Users\\Mohay\\AppData\\Local\\Programs\\Python\\Python312\\Lib\\contextlib.py",
            "lineno": 137,
            "message": "in __enter__"
          },
          {
            "path": "C:\\Users\\Mohay\\AppData\\Local\\Programs\\Python\\Python312\\Lib\\unittest\\mock.py",
            "lineno": 1369,
            "message": "in decoration_helper"
          },
          {
            "path": "C:\\Users\\Mohay\\AppData\\Local\\Programs\\Python\\Python312\\Lib\\contextlib.py",
            "lineno": 526,
            "message": "in enter_context"
          },
          {
            "path": "C:\\Users\\Mohay\\AppData\\Local\\Programs\\Python\\Python312\\Lib\\unittest\\mock.py",
            "lineno": 1458,
            "message": "in __enter__"
          },
          {
            "path": "C:\\Users\\Mohay\\AppData\\Local\\Programs\\Python\\Python312\\Lib\\unittest\\mock.py",
            "lineno": 1431,
            "message": "AttributeError"
          }
        ],
        "longrepr": "C:\\Users\\Mohay\\AppData\\Local\\Programs\\Python\\Python312\\Lib\\unittest\\mock.py:1387: in patched\n    with self.decoration_helper(patched,\nC:\\Users\\Mohay\\AppData\\Local\\Programs\\Python\\Python312\\Lib\\contextlib.py:137: in __enter__\n    return next(self.gen)\nC:\\Users\\Mohay\\AppData\\Local\\Programs\\Python\\Python312\\Lib\\unittest\\mock.py:1369: in decoration_helper\n    arg = exit_stack.enter_context(patching)\nC:\\Users\\Mohay\\AppData\\Local\\Programs\\Python\\Python312\\Lib\\contextlib.py:526: in enter_context\n    result = _enter(cm)\nC:\\Users\\Mohay\\AppData\\Local\\Programs\\Python\\Python312\\Lib\\unittest\\mock.py:1458: in __enter__\n    original, local = self.get_original()\n_ _ _ _ _ _ _ _ _ _ _ _ _ _ _ _ _ _ _ _ _ _ _ _ _ _ _ _ _ _ _ _ _ _ _ _ _ _ _ _\n\nself = <unittest.mock._patch object at 0x000001AEEDE45310>\n\n    def get_original(self):\n        target = self.getter()\n        name = self.attribute\n    \n        original = DEFAULT\n        local = False\n    \n        try:\n            original = target.__dict__[name]\n        except (AttributeError, KeyError):\n            original = getattr(target, name, DEFAULT)\n        else:\n            local = True\n    \n        if name in _builtins and isinstance(target, ModuleType):\n            self.create = True\n    \n        if not self.create and original is DEFAULT:\n>           raise AttributeError(\n                \"%s does not have the attribute %r\" % (target, name)\n            )\nE           AttributeError: <module 'git_pw.api' from 'D:\\\\repos\\\\getpatchwork@git-pw__02c38bef__requests__aiohttp\\\\git_pw\\\\api.py'> does not have the attribute 'version'\n\nC:\\Users\\Mohay\\AppData\\Local\\Programs\\Python\\Python312\\Lib\\unittest\\mock.py:1431: AttributeError"
      },
      "teardown": {
        "outcome": "passed"
      }
    },
    {
      "nodeid": "tests/test_series.py::ListTestCase::test_list_with_multiple_filters",
      "lineno": 274,
      "outcome": "failed",
      "keywords": [
        "test_list_with_multiple_filters",
        "__wrapped__",
        "patchings",
        "ListTestCase",
        "test_series.py",
        "tests",
        "getpatchwork@git-pw__02c38bef__requests__aiohttp",
        ""
      ],
      "setup": {
        "outcome": "passed"
      },
      "call": {
        "outcome": "failed",
        "crash": {
          "path": "C:\\Users\\Mohay\\AppData\\Local\\Programs\\Python\\Python312\\Lib\\unittest\\mock.py",
          "lineno": 1431,
          "message": "AttributeError: <module 'git_pw.api' from 'D:\\\\repos\\\\getpatchwork@git-pw__02c38bef__requests__aiohttp\\\\git_pw\\\\api.py'> does not have the attribute 'version'"
        },
        "traceback": [
          {
            "path": "C:\\Users\\Mohay\\AppData\\Local\\Programs\\Python\\Python312\\Lib\\unittest\\mock.py",
            "lineno": 1387,
            "message": "in patched"
          },
          {
            "path": "C:\\Users\\Mohay\\AppData\\Local\\Programs\\Python\\Python312\\Lib\\contextlib.py",
            "lineno": 137,
            "message": "in __enter__"
          },
          {
            "path": "C:\\Users\\Mohay\\AppData\\Local\\Programs\\Python\\Python312\\Lib\\unittest\\mock.py",
            "lineno": 1369,
            "message": "in decoration_helper"
          },
          {
            "path": "C:\\Users\\Mohay\\AppData\\Local\\Programs\\Python\\Python312\\Lib\\contextlib.py",
            "lineno": 526,
            "message": "in enter_context"
          },
          {
            "path": "C:\\Users\\Mohay\\AppData\\Local\\Programs\\Python\\Python312\\Lib\\unittest\\mock.py",
            "lineno": 1458,
            "message": "in __enter__"
          },
          {
            "path": "C:\\Users\\Mohay\\AppData\\Local\\Programs\\Python\\Python312\\Lib\\unittest\\mock.py",
            "lineno": 1431,
            "message": "AttributeError"
          }
        ],
        "longrepr": "C:\\Users\\Mohay\\AppData\\Local\\Programs\\Python\\Python312\\Lib\\unittest\\mock.py:1387: in patched\n    with self.decoration_helper(patched,\nC:\\Users\\Mohay\\AppData\\Local\\Programs\\Python\\Python312\\Lib\\contextlib.py:137: in __enter__\n    return next(self.gen)\nC:\\Users\\Mohay\\AppData\\Local\\Programs\\Python\\Python312\\Lib\\unittest\\mock.py:1369: in decoration_helper\n    arg = exit_stack.enter_context(patching)\nC:\\Users\\Mohay\\AppData\\Local\\Programs\\Python\\Python312\\Lib\\contextlib.py:526: in enter_context\n    result = _enter(cm)\nC:\\Users\\Mohay\\AppData\\Local\\Programs\\Python\\Python312\\Lib\\unittest\\mock.py:1458: in __enter__\n    original, local = self.get_original()\n_ _ _ _ _ _ _ _ _ _ _ _ _ _ _ _ _ _ _ _ _ _ _ _ _ _ _ _ _ _ _ _ _ _ _ _ _ _ _ _\n\nself = <unittest.mock._patch object at 0x000001AEEDE45340>\n\n    def get_original(self):\n        target = self.getter()\n        name = self.attribute\n    \n        original = DEFAULT\n        local = False\n    \n        try:\n            original = target.__dict__[name]\n        except (AttributeError, KeyError):\n            original = getattr(target, name, DEFAULT)\n        else:\n            local = True\n    \n        if name in _builtins and isinstance(target, ModuleType):\n            self.create = True\n    \n        if not self.create and original is DEFAULT:\n>           raise AttributeError(\n                \"%s does not have the attribute %r\" % (target, name)\n            )\nE           AttributeError: <module 'git_pw.api' from 'D:\\\\repos\\\\getpatchwork@git-pw__02c38bef__requests__aiohttp\\\\git_pw\\\\api.py'> does not have the attribute 'version'\n\nC:\\Users\\Mohay\\AppData\\Local\\Programs\\Python\\Python312\\Lib\\unittest\\mock.py:1431: AttributeError"
      },
      "teardown": {
        "outcome": "passed"
      }
    },
    {
      "nodeid": "tests/test_series.py::ListTestCase::test_list_with_wildcard_filters",
      "lineno": 255,
      "outcome": "failed",
      "keywords": [
        "test_list_with_wildcard_filters",
        "__wrapped__",
        "patchings",
        "ListTestCase",
        "test_series.py",
        "tests",
        "getpatchwork@git-pw__02c38bef__requests__aiohttp",
        ""
      ],
      "setup": {
        "outcome": "passed"
      },
      "call": {
        "outcome": "failed",
        "crash": {
          "path": "C:\\Users\\Mohay\\AppData\\Local\\Programs\\Python\\Python312\\Lib\\unittest\\mock.py",
          "lineno": 1431,
          "message": "AttributeError: <module 'git_pw.api' from 'D:\\\\repos\\\\getpatchwork@git-pw__02c38bef__requests__aiohttp\\\\git_pw\\\\api.py'> does not have the attribute 'version'"
        },
        "traceback": [
          {
            "path": "C:\\Users\\Mohay\\AppData\\Local\\Programs\\Python\\Python312\\Lib\\unittest\\mock.py",
            "lineno": 1387,
            "message": "in patched"
          },
          {
            "path": "C:\\Users\\Mohay\\AppData\\Local\\Programs\\Python\\Python312\\Lib\\contextlib.py",
            "lineno": 137,
            "message": "in __enter__"
          },
          {
            "path": "C:\\Users\\Mohay\\AppData\\Local\\Programs\\Python\\Python312\\Lib\\unittest\\mock.py",
            "lineno": 1369,
            "message": "in decoration_helper"
          },
          {
            "path": "C:\\Users\\Mohay\\AppData\\Local\\Programs\\Python\\Python312\\Lib\\contextlib.py",
            "lineno": 526,
            "message": "in enter_context"
          },
          {
            "path": "C:\\Users\\Mohay\\AppData\\Local\\Programs\\Python\\Python312\\Lib\\unittest\\mock.py",
            "lineno": 1458,
            "message": "in __enter__"
          },
          {
            "path": "C:\\Users\\Mohay\\AppData\\Local\\Programs\\Python\\Python312\\Lib\\unittest\\mock.py",
            "lineno": 1431,
            "message": "AttributeError"
          }
        ],
        "longrepr": "C:\\Users\\Mohay\\AppData\\Local\\Programs\\Python\\Python312\\Lib\\unittest\\mock.py:1387: in patched\n    with self.decoration_helper(patched,\nC:\\Users\\Mohay\\AppData\\Local\\Programs\\Python\\Python312\\Lib\\contextlib.py:137: in __enter__\n    return next(self.gen)\nC:\\Users\\Mohay\\AppData\\Local\\Programs\\Python\\Python312\\Lib\\unittest\\mock.py:1369: in decoration_helper\n    arg = exit_stack.enter_context(patching)\nC:\\Users\\Mohay\\AppData\\Local\\Programs\\Python\\Python312\\Lib\\contextlib.py:526: in enter_context\n    result = _enter(cm)\nC:\\Users\\Mohay\\AppData\\Local\\Programs\\Python\\Python312\\Lib\\unittest\\mock.py:1458: in __enter__\n    original, local = self.get_original()\n_ _ _ _ _ _ _ _ _ _ _ _ _ _ _ _ _ _ _ _ _ _ _ _ _ _ _ _ _ _ _ _ _ _ _ _ _ _ _ _\n\nself = <unittest.mock._patch object at 0x000001AEEDE45370>\n\n    def get_original(self):\n        target = self.getter()\n        name = self.attribute\n    \n        original = DEFAULT\n        local = False\n    \n        try:\n            original = target.__dict__[name]\n        except (AttributeError, KeyError):\n            original = getattr(target, name, DEFAULT)\n        else:\n            local = True\n    \n        if name in _builtins and isinstance(target, ModuleType):\n            self.create = True\n    \n        if not self.create and original is DEFAULT:\n>           raise AttributeError(\n                \"%s does not have the attribute %r\" % (target, name)\n            )\nE           AttributeError: <module 'git_pw.api' from 'D:\\\\repos\\\\getpatchwork@git-pw__02c38bef__requests__aiohttp\\\\git_pw\\\\api.py'> does not have the attribute 'version'\n\nC:\\Users\\Mohay\\AppData\\Local\\Programs\\Python\\Python312\\Lib\\unittest\\mock.py:1431: AttributeError"
      },
      "teardown": {
        "outcome": "passed"
      }
    },
    {
      "nodeid": "tests/test_utils.py::test_git_config",
      "lineno": 14,
      "outcome": "passed",
      "keywords": [
        "test_git_config",
        "__wrapped__",
        "patchings",
        "test_utils.py",
        "tests",
        "getpatchwork@git-pw__02c38bef__requests__aiohttp",
        ""
      ],
      "setup": {
        "outcome": "passed"
      },
      "call": {
        "outcome": "passed"
      },
      "teardown": {
        "outcome": "passed"
      }
    },
    {
      "nodeid": "tests/test_utils.py::test_git_config_unicode",
      "lineno": 22,
      "outcome": "passed",
      "keywords": [
        "test_git_config_unicode",
        "__wrapped__",
        "patchings",
        "test_utils.py",
        "tests",
        "getpatchwork@git-pw__02c38bef__requests__aiohttp",
        ""
      ],
      "setup": {
        "outcome": "passed"
      },
      "call": {
        "outcome": "passed"
      },
      "teardown": {
        "outcome": "passed"
      }
    },
    {
      "nodeid": "tests/test_utils.py::test_git_config_error",
      "lineno": 32,
      "outcome": "passed",
      "keywords": [
        "test_git_config_error",
        "__wrapped__",
        "patchings",
        "test_utils.py",
        "tests",
        "getpatchwork@git-pw__02c38bef__requests__aiohttp",
        ""
      ],
      "setup": {
        "outcome": "passed"
      },
      "call": {
        "outcome": "passed"
      },
      "teardown": {
        "outcome": "passed"
      }
    },
    {
      "nodeid": "tests/test_utils.py::test_echo_via_pager_env_GIT_PAGER",
      "lineno": 43,
      "outcome": "passed",
      "keywords": [
        "test_echo_via_pager_env_GIT_PAGER",
        "__wrapped__",
        "patchings",
        "test_utils.py",
        "tests",
        "getpatchwork@git-pw__02c38bef__requests__aiohttp",
        ""
      ],
      "setup": {
        "outcome": "passed"
      },
      "call": {
        "outcome": "passed"
      },
      "teardown": {
        "outcome": "passed"
      }
    },
    {
      "nodeid": "tests/test_utils.py::test_echo_via_pager_config",
      "lineno": 55,
      "outcome": "passed",
      "keywords": [
        "test_echo_via_pager_config",
        "__wrapped__",
        "patchings",
        "test_utils.py",
        "tests",
        "getpatchwork@git-pw__02c38bef__requests__aiohttp",
        ""
      ],
      "setup": {
        "outcome": "passed"
      },
      "call": {
        "outcome": "passed"
      },
      "teardown": {
        "outcome": "passed"
      }
    },
    {
      "nodeid": "tests/test_utils.py::test_echo_via_pager_env_PAGER",
      "lineno": 67,
      "outcome": "passed",
      "keywords": [
        "test_echo_via_pager_env_PAGER",
        "__wrapped__",
        "patchings",
        "test_utils.py",
        "tests",
        "getpatchwork@git-pw__02c38bef__requests__aiohttp",
        ""
      ],
      "setup": {
        "outcome": "passed"
      },
      "call": {
        "outcome": "passed"
      },
      "teardown": {
        "outcome": "passed"
      }
    },
    {
      "nodeid": "tests/test_utils.py::test_echo_via_pager_env_default",
      "lineno": 79,
      "outcome": "passed",
      "keywords": [
        "test_echo_via_pager_env_default",
        "__wrapped__",
        "patchings",
        "test_utils.py",
        "tests",
        "getpatchwork@git-pw__02c38bef__requests__aiohttp",
        ""
      ],
      "setup": {
        "outcome": "passed"
      },
      "call": {
        "outcome": "passed"
      },
      "teardown": {
        "outcome": "passed"
      }
    },
    {
      "nodeid": "tests/test_utils.py::test_tabulate_table",
      "lineno": 100,
      "outcome": "passed",
      "keywords": [
        "test_tabulate_table",
        "__wrapped__",
        "patchings",
        "test_utils.py",
        "tests",
        "getpatchwork@git-pw__02c38bef__requests__aiohttp",
        ""
      ],
      "setup": {
        "outcome": "passed"
      },
      "call": {
        "outcome": "passed"
      },
      "teardown": {
        "outcome": "passed"
      }
    },
    {
      "nodeid": "tests/test_utils.py::test_tabulate_simple",
      "lineno": 108,
      "outcome": "passed",
      "keywords": [
        "test_tabulate_simple",
        "__wrapped__",
        "patchings",
        "test_utils.py",
        "tests",
        "getpatchwork@git-pw__02c38bef__requests__aiohttp",
        ""
      ],
      "setup": {
        "outcome": "passed"
      },
      "call": {
        "outcome": "passed"
      },
      "teardown": {
        "outcome": "passed"
      }
    },
    {
      "nodeid": "tests/test_utils.py::test_tabulate_csv",
      "lineno": 116,
      "outcome": "failed",
      "keywords": [
        "test_tabulate_csv",
        "__wrapped__",
        "patchings",
        "test_utils.py",
        "tests",
        "getpatchwork@git-pw__02c38bef__requests__aiohttp",
        ""
      ],
      "setup": {
        "outcome": "passed"
      },
      "call": {
        "outcome": "failed",
        "crash": {
          "path": "D:\\repos\\getpatchwork@git-pw__02c38bef__requests__aiohttp\\tests\\test_utils.py",
          "lineno": 122,
          "message": "assert '\"col1\",\"colb...\ud83d\ude00\",\"\",\"1\"\\r\\n' == '\"col1\",\"colb...,\"\ud83d\ude00\",\"\",\"1\"\\n'\n  \n  Skipping 33 identical leading characters in diff, use -v to show\n  - lY\",\"colZ\"\n  + lY\",\"colZ\"\r\n  ?           +\n  - \"foo\",\"bar\",\"baz\",\"\ud83d\ude00\",\"\",\"1\"\n  + \"foo\",\"bar\",\"baz\",\"\ud83d\ude00\",\"\",\"1\"\r\n  ?                             +"
        },
        "traceback": [
          {
            "path": "tests\\test_utils.py",
            "lineno": 122,
            "message": "AssertionError"
          }
        ],
        "longrepr": "mock_tabulate = <MagicMock name='tabulate' id='1850827425360'>\n\n    @mock.patch.object(utils, 'tabulate')\n    def test_tabulate_csv(mock_tabulate):\n        output, headers, result = _test_tabulate('csv')\n    \n        mock_tabulate.assert_not_called()\n>       assert result == textwrap.dedent(\n            \"\"\"\\\n            \"col1\",\"colb\",\"colIII\",\"colX\",\"colY\",\"colZ\"\n            \"foo\",\"bar\",\"baz\",\"\ud83d\ude00\",\"\",\"1\"\n        \"\"\"\n        )\nE       assert '\"col1\",\"colb...\ud83d\ude00\",\"\",\"1\"\\r\\n' == '\"col1\",\"colb...,\"\ud83d\ude00\",\"\",\"1\"\\n'\nE         \nE         Skipping 33 identical leading characters in diff, use -v to show\nE         - lY\",\"colZ\"\nE         + lY\",\"colZ\"\r\nE         ?           +\nE         - \"foo\",\"bar\",\"baz\",\"\ud83d\ude00\",\"\",\"1\"\nE         + \"foo\",\"bar\",\"baz\",\"\ud83d\ude00\",\"\",\"1\"\r\nE         ?                             +\n\ntests\\test_utils.py:122: AssertionError"
      },
      "teardown": {
        "outcome": "passed"
      }
    },
    {
      "nodeid": "tests/test_utils.py::test_tabulate_yaml",
      "lineno": 129,
      "outcome": "passed",
      "keywords": [
        "test_tabulate_yaml",
        "__wrapped__",
        "patchings",
        "test_utils.py",
        "tests",
        "getpatchwork@git-pw__02c38bef__requests__aiohttp",
        ""
      ],
      "setup": {
        "outcome": "passed"
      },
      "call": {
        "outcome": "passed"
      },
      "teardown": {
        "outcome": "passed"
      }
    },
    {
      "nodeid": "tests/test_utils.py::test_tabulate_git_config",
      "lineno": 148,
      "outcome": "passed",
      "keywords": [
        "test_tabulate_git_config",
        "__wrapped__",
        "patchings",
        "test_utils.py",
        "tests",
        "getpatchwork@git-pw__02c38bef__requests__aiohttp",
        ""
      ],
      "setup": {
        "outcome": "passed"
      },
      "call": {
        "outcome": "passed"
      },
      "teardown": {
        "outcome": "passed"
      }
    },
    {
      "nodeid": "tests/test_utils.py::test_tabulate_default",
      "lineno": 158,
      "outcome": "passed",
      "keywords": [
        "test_tabulate_default",
        "__wrapped__",
        "patchings",
        "test_utils.py",
        "tests",
        "getpatchwork@git-pw__02c38bef__requests__aiohttp",
        ""
      ],
      "setup": {
        "outcome": "passed"
      },
      "call": {
        "outcome": "passed"
      },
      "teardown": {
        "outcome": "passed"
      }
    }
  ],
  "warnings": [
    {
      "message": "coroutine 'AsyncMockMixin._execute_mock_call' was never awaited",
      "category": "RuntimeWarning",
      "when": "runtest",
      "filename": "D:\\repos\\getpatchwork@git-pw__02c38bef__requests__aiohttp\\.venv\\Lib\\site-packages\\click\\core.py",
      "lineno": 788
    },
    {
      "message": "coroutine 'AsyncMockMixin._execute_mock_call' was never awaited",
      "category": "RuntimeWarning",
      "when": "runtest",
      "filename": "D:\\repos\\getpatchwork@git-pw__02c38bef__requests__aiohttp\\.venv\\Lib\\site-packages\\click\\core.py",
      "lineno": 788
    },
    {
      "message": "coroutine 'AsyncMockMixin._execute_mock_call' was never awaited",
      "category": "RuntimeWarning",
      "when": "runtest",
      "filename": "C:\\Users\\Mohay\\AppData\\Local\\Programs\\Python\\Python312\\Lib\\unittest\\mock.py",
      "lineno": 2188
    },
    {
      "message": "coroutine 'AsyncMockMixin._execute_mock_call' was never awaited",
      "category": "RuntimeWarning",
      "when": "runtest",
      "filename": "D:\\repos\\getpatchwork@git-pw__02c38bef__requests__aiohttp\\.venv\\Lib\\site-packages\\click\\core.py",
      "lineno": 788
    },
    {
      "message": "coroutine 'AsyncMockMixin._execute_mock_call' was never awaited",
      "category": "RuntimeWarning",
      "when": "runtest",
      "filename": "D:\\repos\\getpatchwork@git-pw__02c38bef__requests__aiohttp\\.venv\\Lib\\site-packages\\click\\core.py",
      "lineno": 788
    },
    {
      "message": "coroutine 'AsyncMockMixin._execute_mock_call' was never awaited",
      "category": "RuntimeWarning",
      "when": "runtest",
      "filename": "D:\\repos\\getpatchwork@git-pw__02c38bef__requests__aiohttp\\.venv\\Lib\\site-packages\\click\\core.py",
      "lineno": 788
    }
  ]
}