{
  "exitcode": 1,
  "summary": {
    "passed": 78,
    "failed": 18,
    "total": 96,
    "collected": 96
  },
  "collectors": [
    {
      "nodeid": "",
      "outcome": "passed",
      "result": [
        {
          "nodeid": ".",
          "type": "Dir"
        }
      ]
    },
    {
      "nodeid": "ast_scope",
      "outcome": "passed",
      "result": []
    },
    {
      "nodeid": "ast_scope.egg-info",
      "outcome": "passed",
      "result": []
    },
    {
      "nodeid": "img",
      "outcome": "passed",
      "result": []
    },
    {
      "nodeid": "tests/argument_test.py::DisplayAnnotatedTestCase",
      "outcome": "passed",
      "result": []
    },
    {
      "nodeid": "tests/argument_test.py::DifferentArgumentTypes",
      "outcome": "passed",
      "result": [
        {
          "nodeid": "tests/argument_test.py::DifferentArgumentTypes::test_keyword_arguments",
          "type": "TestCaseFunction",
          "lineno": 26
        },
        {
          "nodeid": "tests/argument_test.py::DifferentArgumentTypes::test_keyword_only_arguments",
          "type": "TestCaseFunction",
          "lineno": 11
        },
        {
          "nodeid": "tests/argument_test.py::DifferentArgumentTypes::test_multiple_arguments",
          "type": "TestCaseFunction",
          "lineno": 4
        },
        {
          "nodeid": "tests/argument_test.py::DifferentArgumentTypes::test_positional_only_arguments",
          "type": "TestCaseFunction",
          "lineno": 137
        },
        {
          "nodeid": "tests/argument_test.py::DifferentArgumentTypes::test_star_args",
          "type": "TestCaseFunction",
          "lineno": 33
        },
        {
          "nodeid": "tests/argument_test.py::DifferentArgumentTypes::test_starstar_kwargs",
          "type": "TestCaseFunction",
          "lineno": 40
        }
      ]
    },
    {
      "nodeid": "tests/argument_test.py::DefaultArguments",
      "outcome": "passed",
      "result": [
        {
          "nodeid": "tests/argument_test.py::DefaultArguments::test_complex_expression_default",
          "type": "TestCaseFunction",
          "lineno": 57
        },
        {
          "nodeid": "tests/argument_test.py::DefaultArguments::test_default_arguments",
          "type": "TestCaseFunction",
          "lineno": 50
        },
        {
          "nodeid": "tests/argument_test.py::DefaultArguments::test_inherits_proper_parent",
          "type": "TestCaseFunction",
          "lineno": 78
        },
        {
          "nodeid": "tests/argument_test.py::DefaultArguments::test_type",
          "type": "TestCaseFunction",
          "lineno": 64
        },
        {
          "nodeid": "tests/argument_test.py::DefaultArguments::test_typing",
          "type": "TestCaseFunction",
          "lineno": 71
        }
      ]
    },
    {
      "nodeid": "tests/argument_test.py",
      "outcome": "passed",
      "result": [
        {
          "nodeid": "tests/argument_test.py::DisplayAnnotatedTestCase",
          "type": "UnitTestCase"
        },
        {
          "nodeid": "tests/argument_test.py::DifferentArgumentTypes",
          "type": "UnitTestCase"
        },
        {
          "nodeid": "tests/argument_test.py::DefaultArguments",
          "type": "UnitTestCase"
        }
      ]
    },
    {
      "nodeid": "tests/assignment_test.py::DisplayAnnotatedTestCase",
      "outcome": "passed",
      "result": []
    },
    {
      "nodeid": "tests/assignment_test.py::EqualityAssignmentTests",
      "outcome": "passed",
      "result": [
        {
          "nodeid": "tests/assignment_test.py::EqualityAssignmentTests::test_aug_assignment",
          "type": "TestCaseFunction",
          "lineno": 24
        },
        {
          "nodeid": "tests/assignment_test.py::EqualityAssignmentTests::test_basic_assignment",
          "type": "TestCaseFunction",
          "lineno": 3
        },
        {
          "nodeid": "tests/assignment_test.py::EqualityAssignmentTests::test_element_assignment",
          "type": "TestCaseFunction",
          "lineno": 17
        },
        {
          "nodeid": "tests/assignment_test.py::EqualityAssignmentTests::test_multi_assignment",
          "type": "TestCaseFunction",
          "lineno": 31
        },
        {
          "nodeid": "tests/assignment_test.py::EqualityAssignmentTests::test_special_assigment",
          "type": "TestCaseFunction",
          "lineno": 137
        },
        {
          "nodeid": "tests/assignment_test.py::EqualityAssignmentTests::test_underscore",
          "type": "TestCaseFunction",
          "lineno": 10
        }
      ]
    },
    {
      "nodeid": "tests/assignment_test.py::LoopAssignmentTests",
      "outcome": "passed",
      "result": [
        {
          "nodeid": "tests/assignment_test.py::LoopAssignmentTests::test_basic_for_loop",
          "type": "TestCaseFunction",
          "lineno": 48
        },
        {
          "nodeid": "tests/assignment_test.py::LoopAssignmentTests::test_itemizer_loop",
          "type": "TestCaseFunction",
          "lineno": 64
        },
        {
          "nodeid": "tests/assignment_test.py::LoopAssignmentTests::test_multi_for_loop",
          "type": "TestCaseFunction",
          "lineno": 56
        }
      ]
    },
    {
      "nodeid": "tests/assignment_test.py::ImportAssignmentTests",
      "outcome": "passed",
      "result": [
        {
          "nodeid": "tests/assignment_test.py::ImportAssignmentTests::test_aliases",
          "type": "TestCaseFunction",
          "lineno": 106
        },
        {
          "nodeid": "tests/assignment_test.py::ImportAssignmentTests::test_global_import",
          "type": "TestCaseFunction",
          "lineno": 74
        },
        {
          "nodeid": "tests/assignment_test.py::ImportAssignmentTests::test_local_import",
          "type": "TestCaseFunction",
          "lineno": 82
        },
        {
          "nodeid": "tests/assignment_test.py::ImportAssignmentTests::test_star_import",
          "type": "TestCaseFunction",
          "lineno": 99
        },
        {
          "nodeid": "tests/assignment_test.py::ImportAssignmentTests::test_sub_import",
          "type": "TestCaseFunction",
          "lineno": 90
        }
      ]
    },
    {
      "nodeid": "tests/assignment_test.py",
      "outcome": "passed",
      "result": [
        {
          "nodeid": "tests/assignment_test.py::DisplayAnnotatedTestCase",
          "type": "UnitTestCase"
        },
        {
          "nodeid": "tests/assignment_test.py::EqualityAssignmentTests",
          "type": "UnitTestCase"
        },
        {
          "nodeid": "tests/assignment_test.py::LoopAssignmentTests",
          "type": "UnitTestCase"
        },
        {
          "nodeid": "tests/assignment_test.py::ImportAssignmentTests",
          "type": "UnitTestCase"
        }
      ]
    },
    {
      "nodeid": "tests/basic_scope_test.py::DisplayAnnotatedTestCase",
      "outcome": "passed",
      "result": []
    },
    {
      "nodeid": "tests/basic_scope_test.py::GlobalFrameTest",
      "outcome": "passed",
      "result": [
        {
          "nodeid": "tests/basic_scope_test.py::GlobalFrameTest::test_function",
          "type": "TestCaseFunction",
          "lineno": 16
        },
        {
          "nodeid": "tests/basic_scope_test.py::GlobalFrameTest::test_global_augassign",
          "type": "TestCaseFunction",
          "lineno": 6
        },
        {
          "nodeid": "tests/basic_scope_test.py::GlobalFrameTest::test_global_var",
          "type": "TestCaseFunction",
          "lineno": 4
        },
        {
          "nodeid": "tests/basic_scope_test.py::GlobalFrameTest::test_lookups",
          "type": "TestCaseFunction",
          "lineno": 12
        },
        {
          "nodeid": "tests/basic_scope_test.py::GlobalFrameTest::test_multiline_global",
          "type": "TestCaseFunction",
          "lineno": 8
        }
      ]
    },
    {
      "nodeid": "tests/basic_scope_test.py",
      "outcome": "passed",
      "result": [
        {
          "nodeid": "tests/basic_scope_test.py::DisplayAnnotatedTestCase",
          "type": "UnitTestCase"
        },
        {
          "nodeid": "tests/basic_scope_test.py::GlobalFrameTest",
          "type": "UnitTestCase"
        }
      ]
    },
    {
      "nodeid": "tests/class_test.py::DisplayAnnotatedTestCase",
      "outcome": "passed",
      "result": []
    },
    {
      "nodeid": "tests/class_test.py::TestClassDefault",
      "outcome": "passed",
      "result": [
        {
          "nodeid": "tests/class_test.py::TestClassDefault::test_assigment_is_local",
          "type": "TestCaseFunction",
          "lineno": 9
        },
        {
          "nodeid": "tests/class_test.py::TestClassDefault::test_class",
          "type": "TestCaseFunction",
          "lineno": 3
        },
        {
          "nodeid": "tests/class_test.py::TestClassDefault::test_functions_defined_locally",
          "type": "TestCaseFunction",
          "lineno": 41
        },
        {
          "nodeid": "tests/class_test.py::TestClassDefault::test_lookup_in_parent",
          "type": "TestCaseFunction",
          "lineno": 31
        },
        {
          "nodeid": "tests/class_test.py::TestClassDefault::test_lookup_is_not_in_class_frame",
          "type": "TestCaseFunction",
          "lineno": 16
        },
        {
          "nodeid": "tests/class_test.py::TestClassDefault::test_lookup_is_not_in_class_frame_even_if_assign",
          "type": "TestCaseFunction",
          "lineno": 23
        }
      ]
    },
    {
      "nodeid": "tests/class_test.py::ClassTestsClassBindsNear",
      "outcome": "passed",
      "result": [
        {
          "nodeid": "tests/class_test.py::ClassTestsClassBindsNear::test_class",
          "type": "TestCaseFunction",
          "lineno": 54
        },
        {
          "nodeid": "tests/class_test.py::ClassTestsClassBindsNear::test_default_method_argument",
          "type": "TestCaseFunction",
          "lineno": 117
        },
        {
          "nodeid": "tests/class_test.py::ClassTestsClassBindsNear::test_function",
          "type": "TestCaseFunction",
          "lineno": 69
        },
        {
          "nodeid": "tests/class_test.py::ClassTestsClassBindsNear::test_listcomp_value",
          "type": "TestCaseFunction",
          "lineno": 127
        },
        {
          "nodeid": "tests/class_test.py::ClassTestsClassBindsNear::test_nested_class_frames",
          "type": "TestCaseFunction",
          "lineno": 95
        },
        {
          "nodeid": "tests/class_test.py::ClassTestsClassBindsNear::test_nonlocal_class_frames",
          "type": "TestCaseFunction",
          "lineno": 105
        },
        {
          "nodeid": "tests/class_test.py::ClassTestsClassBindsNear::test_parent_is_global",
          "type": "TestCaseFunction",
          "lineno": 76
        },
        {
          "nodeid": "tests/class_test.py::ClassTestsClassBindsNear::test_parent_is_local",
          "type": "TestCaseFunction",
          "lineno": 85
        },
        {
          "nodeid": "tests/class_test.py::ClassTestsClassBindsNear::test_subclass",
          "type": "TestCaseFunction",
          "lineno": 136
        },
        {
          "nodeid": "tests/class_test.py::ClassTestsClassBindsNear::test_variables_in_frame",
          "type": "TestCaseFunction",
          "lineno": 60
        }
      ]
    },
    {
      "nodeid": "tests/class_test.py",
      "outcome": "passed",
      "result": [
        {
          "nodeid": "tests/class_test.py::DisplayAnnotatedTestCase",
          "type": "UnitTestCase"
        },
        {
          "nodeid": "tests/class_test.py::TestClassDefault",
          "type": "UnitTestCase"
        },
        {
          "nodeid": "tests/class_test.py::ClassTestsClassBindsNear",
          "type": "UnitTestCase"
        }
      ]
    },
    {
      "nodeid": "tests/comprehension_test.py::DisplayAnnotatedTestCase",
      "outcome": "passed",
      "result": []
    },
    {
      "nodeid": "tests/comprehension_test.py::FunctionFrameTest",
      "outcome": "passed",
      "result": [
        {
          "nodeid": "tests/comprehension_test.py::FunctionFrameTest::test_complex_target",
          "type": "TestCaseFunction",
          "lineno": 49
        },
        {
          "nodeid": "tests/comprehension_test.py::FunctionFrameTest::test_dict_comprehension",
          "type": "TestCaseFunction",
          "lineno": 74
        },
        {
          "nodeid": "tests/comprehension_test.py::FunctionFrameTest::test_gen_comprehension",
          "type": "TestCaseFunction",
          "lineno": 68
        },
        {
          "nodeid": "tests/comprehension_test.py::FunctionFrameTest::test_inherits_parent",
          "type": "TestCaseFunction",
          "lineno": 57
        },
        {
          "nodeid": "tests/comprehension_test.py::FunctionFrameTest::test_listcomp",
          "type": "TestCaseFunction",
          "lineno": 3
        },
        {
          "nodeid": "tests/comprehension_test.py::FunctionFrameTest::test_listcomp_with_if",
          "type": "TestCaseFunction",
          "lineno": 9
        },
        {
          "nodeid": "tests/comprehension_test.py::FunctionFrameTest::test_multi_if",
          "type": "TestCaseFunction",
          "lineno": 41
        },
        {
          "nodeid": "tests/comprehension_test.py::FunctionFrameTest::test_nested_listcomp",
          "type": "TestCaseFunction",
          "lineno": 15
        },
        {
          "nodeid": "tests/comprehension_test.py::FunctionFrameTest::test_serial_listcomp",
          "type": "TestCaseFunction",
          "lineno": 22
        },
        {
          "nodeid": "tests/comprehension_test.py::FunctionFrameTest::test_serial_listcomp_with_if",
          "type": "TestCaseFunction",
          "lineno": 32
        },
        {
          "nodeid": "tests/comprehension_test.py::FunctionFrameTest::test_set_comprehension",
          "type": "TestCaseFunction",
          "lineno": 66
        }
      ]
    },
    {
      "nodeid": "tests/comprehension_test.py",
      "outcome": "passed",
      "result": [
        {
          "nodeid": "tests/comprehension_test.py::DisplayAnnotatedTestCase",
          "type": "UnitTestCase"
        },
        {
          "nodeid": "tests/comprehension_test.py::FunctionFrameTest",
          "type": "UnitTestCase"
        }
      ]
    },
    {
      "nodeid": "tests/dependency_graph_test.py::DisplayAnnotatedTestCase",
      "outcome": "passed",
      "result": []
    },
    {
      "nodeid": "tests/dependency_graph_test.py::TestClassDefault",
      "outcome": "passed",
      "result": [
        {
          "nodeid": "tests/dependency_graph_test.py::TestClassDefault::testEmptyGraph",
          "type": "TestCaseFunction",
          "lineno": 3
        },
        {
          "nodeid": "tests/dependency_graph_test.py::TestClassDefault::testFunctionWithNoGlobals",
          "type": "TestCaseFunction",
          "lineno": 20
        },
        {
          "nodeid": "tests/dependency_graph_test.py::TestClassDefault::testGraphDirection",
          "type": "TestCaseFunction",
          "lineno": 38
        },
        {
          "nodeid": "tests/dependency_graph_test.py::TestClassDefault::testJustVariables",
          "type": "TestCaseFunction",
          "lineno": 11
        },
        {
          "nodeid": "tests/dependency_graph_test.py::TestClassDefault::testLocalFunctionsDontGetNodes",
          "type": "TestCaseFunction",
          "lineno": 70
        },
        {
          "nodeid": "tests/dependency_graph_test.py::TestClassDefault::testRecursiveFunction",
          "type": "TestCaseFunction",
          "lineno": 29
        },
        {
          "nodeid": "tests/dependency_graph_test.py::TestClassDefault::testReferenceToImport",
          "type": "TestCaseFunction",
          "lineno": 94
        },
        {
          "nodeid": "tests/dependency_graph_test.py::TestClassDefault::testReferencesToClasses",
          "type": "TestCaseFunction",
          "lineno": 80
        },
        {
          "nodeid": "tests/dependency_graph_test.py::TestClassDefault::testRefersToImportStatements",
          "type": "TestCaseFunction",
          "lineno": 60
        },
        {
          "nodeid": "tests/dependency_graph_test.py::TestClassDefault::testRefersToVariables",
          "type": "TestCaseFunction",
          "lineno": 49
        }
      ]
    },
    {
      "nodeid": "tests/dependency_graph_test.py",
      "outcome": "passed",
      "result": [
        {
          "nodeid": "tests/dependency_graph_test.py::DisplayAnnotatedTestCase",
          "type": "UnitTestCase"
        },
        {
          "nodeid": "tests/dependency_graph_test.py::TestClassDefault",
          "type": "UnitTestCase"
        }
      ]
    },
    {
      "nodeid": "tests/exception_test.py::DisplayAnnotatedTestCase",
      "outcome": "passed",
      "result": []
    },
    {
      "nodeid": "tests/exception_test.py::ExceptionTests",
      "outcome": "passed",
      "result": [
        {
          "nodeid": "tests/exception_test.py::ExceptionTests::test_multiple_arguments",
          "type": "TestCaseFunction",
          "lineno": 4
        }
      ]
    },
    {
      "nodeid": "tests/exception_test.py",
      "outcome": "passed",
      "result": [
        {
          "nodeid": "tests/exception_test.py::DisplayAnnotatedTestCase",
          "type": "UnitTestCase"
        },
        {
          "nodeid": "tests/exception_test.py::ExceptionTests",
          "type": "UnitTestCase"
        }
      ]
    },
    {
      "nodeid": "tests/function_frame_test.py::DisplayAnnotatedTestCase",
      "outcome": "passed",
      "result": []
    },
    {
      "nodeid": "tests/function_frame_test.py::FunctionFrameTest",
      "outcome": "passed",
      "result": [
        {
          "nodeid": "tests/function_frame_test.py::FunctionFrameTest::test_async_parameters_new",
          "type": "TestCaseFunction",
          "lineno": 137
        },
        {
          "nodeid": "tests/function_frame_test.py::FunctionFrameTest::test_async_parameters_old",
          "type": "TestCaseFunction",
          "lineno": 137
        },
        {
          "nodeid": "tests/function_frame_test.py::FunctionFrameTest::test_decorator_top_level_new",
          "type": "TestCaseFunction",
          "lineno": 137
        },
        {
          "nodeid": "tests/function_frame_test.py::FunctionFrameTest::test_decorator_top_level_old",
          "type": "TestCaseFunction",
          "lineno": 137
        },
        {
          "nodeid": "tests/function_frame_test.py::FunctionFrameTest::test_def_is_assign",
          "type": "TestCaseFunction",
          "lineno": 108
        },
        {
          "nodeid": "tests/function_frame_test.py::FunctionFrameTest::test_global_statement",
          "type": "TestCaseFunction",
          "lineno": 11
        },
        {
          "nodeid": "tests/function_frame_test.py::FunctionFrameTest::test_inherits",
          "type": "TestCaseFunction",
          "lineno": 21
        },
        {
          "nodeid": "tests/function_frame_test.py::FunctionFrameTest::test_nested_function",
          "type": "TestCaseFunction",
          "lineno": 61
        },
        {
          "nodeid": "tests/function_frame_test.py::FunctionFrameTest::test_no_parameter_function",
          "type": "TestCaseFunction",
          "lineno": 3
        },
        {
          "nodeid": "tests/function_frame_test.py::FunctionFrameTest::test_not_found_to_be_global",
          "type": "TestCaseFunction",
          "lineno": 79
        },
        {
          "nodeid": "tests/function_frame_test.py::FunctionFrameTest::test_parameters",
          "type": "TestCaseFunction",
          "lineno": 38
        },
        {
          "nodeid": "tests/function_frame_test.py::FunctionFrameTest::test_self_reference",
          "type": "TestCaseFunction",
          "lineno": 30
        },
        {
          "nodeid": "tests/function_frame_test.py::FunctionFrameTest::test_set_after_get",
          "type": "TestCaseFunction",
          "lineno": 70
        }
      ]
    },
    {
      "nodeid": "tests/function_frame_test.py",
      "outcome": "passed",
      "result": [
        {
          "nodeid": "tests/function_frame_test.py::DisplayAnnotatedTestCase",
          "type": "UnitTestCase"
        },
        {
          "nodeid": "tests/function_frame_test.py::FunctionFrameTest",
          "type": "UnitTestCase"
        }
      ]
    },
    {
      "nodeid": "tests/lambda_test.py::DisplayAnnotatedTestCase",
      "outcome": "passed",
      "result": []
    },
    {
      "nodeid": "tests/lambda_test.py::FunctionFrameTest",
      "outcome": "passed",
      "result": [
        {
          "nodeid": "tests/lambda_test.py::FunctionFrameTest::test_basic_lambda",
          "type": "TestCaseFunction",
          "lineno": 3
        },
        {
          "nodeid": "tests/lambda_test.py::FunctionFrameTest::test_default_params_in_parent",
          "type": "TestCaseFunction",
          "lineno": 28
        },
        {
          "nodeid": "tests/lambda_test.py::FunctionFrameTest::test_multiarg_lambda",
          "type": "TestCaseFunction",
          "lineno": 15
        },
        {
          "nodeid": "tests/lambda_test.py::FunctionFrameTest::test_nested_lambdas",
          "type": "TestCaseFunction",
          "lineno": 21
        },
        {
          "nodeid": "tests/lambda_test.py::FunctionFrameTest::test_noarg_lambda",
          "type": "TestCaseFunction",
          "lineno": 9
        }
      ]
    },
    {
      "nodeid": "tests/lambda_test.py",
      "outcome": "passed",
      "result": [
        {
          "nodeid": "tests/lambda_test.py::DisplayAnnotatedTestCase",
          "type": "UnitTestCase"
        },
        {
          "nodeid": "tests/lambda_test.py::FunctionFrameTest",
          "type": "UnitTestCase"
        }
      ]
    },
    {
      "nodeid": "tests/nonlocal_test.py::DisplayAnnotatedTestCase",
      "outcome": "passed",
      "result": []
    },
    {
      "nodeid": "tests/nonlocal_test.py::NonlocalTest",
      "outcome": "passed",
      "result": [
        {
          "nodeid": "tests/nonlocal_test.py::NonlocalTest::test_basic_nonlocal",
          "type": "TestCaseFunction",
          "lineno": 13
        },
        {
          "nodeid": "tests/nonlocal_test.py::NonlocalTest::test_global_escapes_scope",
          "type": "TestCaseFunction",
          "lineno": 55
        },
        {
          "nodeid": "tests/nonlocal_test.py::NonlocalTest::test_global_escapes_scope_even_without_declaration",
          "type": "TestCaseFunction",
          "lineno": 67
        },
        {
          "nodeid": "tests/nonlocal_test.py::NonlocalTest::test_no_nonlocal",
          "type": "TestCaseFunction",
          "lineno": 4
        },
        {
          "nodeid": "tests/nonlocal_test.py::NonlocalTest::test_nonlocal_found_in_most_recent_parent",
          "type": "TestCaseFunction",
          "lineno": 33
        },
        {
          "nodeid": "tests/nonlocal_test.py::NonlocalTest::test_nonlocal_found_in_parent_of_parent",
          "type": "TestCaseFunction",
          "lineno": 44
        },
        {
          "nodeid": "tests/nonlocal_test.py::NonlocalTest::test_nonlocal_not_found",
          "type": "TestCaseFunction",
          "lineno": 23
        },
        {
          "nodeid": "tests/nonlocal_test.py::NonlocalTest::test_symbol_in_different_frame_from_parent",
          "type": "TestCaseFunction",
          "lineno": 78
        }
      ]
    },
    {
      "nodeid": "tests/nonlocal_test.py",
      "outcome": "passed",
      "result": [
        {
          "nodeid": "tests/nonlocal_test.py::DisplayAnnotatedTestCase",
          "type": "UnitTestCase"
        },
        {
          "nodeid": "tests/nonlocal_test.py::NonlocalTest",
          "type": "UnitTestCase"
        }
      ]
    },
    {
      "nodeid": "tests/special_symbols_test.py::DisplayAnnotatedTestCase",
      "outcome": "passed",
      "result": []
    },
    {
      "nodeid": "tests/special_symbols_test.py::SpecialSymbolsTest",
      "outcome": "passed",
      "result": [
        {
          "nodeid": "tests/special_symbols_test.py::SpecialSymbolsTest::test_booleans",
          "type": "TestCaseFunction",
          "lineno": 4
        }
      ]
    },
    {
      "nodeid": "tests/special_symbols_test.py",
      "outcome": "passed",
      "result": [
        {
          "nodeid": "tests/special_symbols_test.py::DisplayAnnotatedTestCase",
          "type": "UnitTestCase"
        },
        {
          "nodeid": "tests/special_symbols_test.py::SpecialSymbolsTest",
          "type": "UnitTestCase"
        }
      ]
    },
    {
      "nodeid": "tests/types_test.py::DisplayAnnotatedTestCase",
      "outcome": "passed",
      "result": []
    },
    {
      "nodeid": "tests/types_test.py::TypeAnnotationTest",
      "outcome": "passed",
      "result": [
        {
          "nodeid": "tests/types_test.py::TypeAnnotationTest::test_basic_assignment",
          "type": "TestCaseFunction",
          "lineno": 7
        }
      ]
    },
    {
      "nodeid": "tests/types_test.py",
      "outcome": "passed",
      "result": [
        {
          "nodeid": "tests/types_test.py::DisplayAnnotatedTestCase",
          "type": "UnitTestCase"
        },
        {
          "nodeid": "tests/types_test.py::TypeAnnotationTest",
          "type": "UnitTestCase"
        }
      ]
    },
    {
      "nodeid": "tests",
      "outcome": "passed",
      "result": [
        {
          "nodeid": "tests/argument_test.py",
          "type": "Module"
        },
        {
          "nodeid": "tests/assignment_test.py",
          "type": "Module"
        },
        {
          "nodeid": "tests/basic_scope_test.py",
          "type": "Module"
        },
        {
          "nodeid": "tests/class_test.py",
          "type": "Module"
        },
        {
          "nodeid": "tests/comprehension_test.py",
          "type": "Module"
        },
        {
          "nodeid": "tests/dependency_graph_test.py",
          "type": "Module"
        },
        {
          "nodeid": "tests/exception_test.py",
          "type": "Module"
        },
        {
          "nodeid": "tests/function_frame_test.py",
          "type": "Module"
        },
        {
          "nodeid": "tests/lambda_test.py",
          "type": "Module"
        },
        {
          "nodeid": "tests/nonlocal_test.py",
          "type": "Module"
        },
        {
          "nodeid": "tests/special_symbols_test.py",
          "type": "Module"
        },
        {
          "nodeid": "tests/types_test.py",
          "type": "Module"
        }
      ]
    },
    {
      "nodeid": ".",
      "outcome": "passed",
      "result": [
        {
          "nodeid": "ast_scope",
          "type": "Package"
        },
        {
          "nodeid": "ast_scope.egg-info",
          "type": "Dir"
        },
        {
          "nodeid": "img",
          "type": "Dir"
        },
        {
          "nodeid": "tests",
          "type": "Package"
        }
      ]
    }
  ],
  "tests": [
    {
      "nodeid": "tests/argument_test.py::DifferentArgumentTypes::test_keyword_arguments",
      "lineno": 26,
      "outcome": "passed",
      "keywords": [
        "test_keyword_arguments",
        "DifferentArgumentTypes",
        "argument_test.py",
        "tests",
        "kavigupta@ast_scope__86e079f1__attrs__cattrs",
        ""
      ],
      "setup": {
        "outcome": "passed"
      },
      "call": {
        "outcome": "passed"
      },
      "teardown": {
        "outcome": "passed"
      }
    },
    {
      "nodeid": "tests/argument_test.py::DifferentArgumentTypes::test_keyword_only_arguments",
      "lineno": 11,
      "outcome": "passed",
      "keywords": [
        "test_keyword_only_arguments",
        "DifferentArgumentTypes",
        "argument_test.py",
        "tests",
        "kavigupta@ast_scope__86e079f1__attrs__cattrs",
        ""
      ],
      "setup": {
        "outcome": "passed"
      },
      "call": {
        "outcome": "passed"
      },
      "teardown": {
        "outcome": "passed"
      }
    },
    {
      "nodeid": "tests/argument_test.py::DifferentArgumentTypes::test_multiple_arguments",
      "lineno": 4,
      "outcome": "passed",
      "keywords": [
        "test_multiple_arguments",
        "DifferentArgumentTypes",
        "argument_test.py",
        "tests",
        "kavigupta@ast_scope__86e079f1__attrs__cattrs",
        ""
      ],
      "setup": {
        "outcome": "passed"
      },
      "call": {
        "outcome": "passed"
      },
      "teardown": {
        "outcome": "passed"
      }
    },
    {
      "nodeid": "tests/argument_test.py::DifferentArgumentTypes::test_positional_only_arguments",
      "lineno": 137,
      "outcome": "passed",
      "keywords": [
        "test_positional_only_arguments",
        "DifferentArgumentTypes",
        "argument_test.py",
        "tests",
        "kavigupta@ast_scope__86e079f1__attrs__cattrs",
        ""
      ],
      "setup": {
        "outcome": "passed"
      },
      "call": {
        "outcome": "passed"
      },
      "teardown": {
        "outcome": "passed"
      }
    },
    {
      "nodeid": "tests/argument_test.py::DifferentArgumentTypes::test_star_args",
      "lineno": 33,
      "outcome": "passed",
      "keywords": [
        "test_star_args",
        "DifferentArgumentTypes",
        "argument_test.py",
        "tests",
        "kavigupta@ast_scope__86e079f1__attrs__cattrs",
        ""
      ],
      "setup": {
        "outcome": "passed"
      },
      "call": {
        "outcome": "passed"
      },
      "teardown": {
        "outcome": "passed"
      }
    },
    {
      "nodeid": "tests/argument_test.py::DifferentArgumentTypes::test_starstar_kwargs",
      "lineno": 40,
      "outcome": "passed",
      "keywords": [
        "test_starstar_kwargs",
        "DifferentArgumentTypes",
        "argument_test.py",
        "tests",
        "kavigupta@ast_scope__86e079f1__attrs__cattrs",
        ""
      ],
      "setup": {
        "outcome": "passed"
      },
      "call": {
        "outcome": "passed"
      },
      "teardown": {
        "outcome": "passed"
      }
    },
    {
      "nodeid": "tests/argument_test.py::DefaultArguments::test_complex_expression_default",
      "lineno": 57,
      "outcome": "passed",
      "keywords": [
        "test_complex_expression_default",
        "DefaultArguments",
        "argument_test.py",
        "tests",
        "kavigupta@ast_scope__86e079f1__attrs__cattrs",
        ""
      ],
      "setup": {
        "outcome": "passed"
      },
      "call": {
        "outcome": "passed"
      },
      "teardown": {
        "outcome": "passed"
      }
    },
    {
      "nodeid": "tests/argument_test.py::DefaultArguments::test_default_arguments",
      "lineno": 50,
      "outcome": "passed",
      "keywords": [
        "test_default_arguments",
        "DefaultArguments",
        "argument_test.py",
        "tests",
        "kavigupta@ast_scope__86e079f1__attrs__cattrs",
        ""
      ],
      "setup": {
        "outcome": "passed"
      },
      "call": {
        "outcome": "passed"
      },
      "teardown": {
        "outcome": "passed"
      }
    },
    {
      "nodeid": "tests/argument_test.py::DefaultArguments::test_inherits_proper_parent",
      "lineno": 78,
      "outcome": "passed",
      "keywords": [
        "test_inherits_proper_parent",
        "DefaultArguments",
        "argument_test.py",
        "tests",
        "kavigupta@ast_scope__86e079f1__attrs__cattrs",
        ""
      ],
      "setup": {
        "outcome": "passed"
      },
      "call": {
        "outcome": "passed"
      },
      "teardown": {
        "outcome": "passed"
      }
    },
    {
      "nodeid": "tests/argument_test.py::DefaultArguments::test_type",
      "lineno": 64,
      "outcome": "passed",
      "keywords": [
        "test_type",
        "DefaultArguments",
        "argument_test.py",
        "tests",
        "kavigupta@ast_scope__86e079f1__attrs__cattrs",
        ""
      ],
      "setup": {
        "outcome": "passed"
      },
      "call": {
        "outcome": "passed"
      },
      "teardown": {
        "outcome": "passed"
      }
    },
    {
      "nodeid": "tests/argument_test.py::DefaultArguments::test_typing",
      "lineno": 71,
      "outcome": "passed",
      "keywords": [
        "test_typing",
        "DefaultArguments",
        "argument_test.py",
        "tests",
        "kavigupta@ast_scope__86e079f1__attrs__cattrs",
        ""
      ],
      "setup": {
        "outcome": "passed"
      },
      "call": {
        "outcome": "passed"
      },
      "teardown": {
        "outcome": "passed"
      }
    },
    {
      "nodeid": "tests/assignment_test.py::EqualityAssignmentTests::test_aug_assignment",
      "lineno": 24,
      "outcome": "passed",
      "keywords": [
        "test_aug_assignment",
        "EqualityAssignmentTests",
        "assignment_test.py",
        "tests",
        "kavigupta@ast_scope__86e079f1__attrs__cattrs",
        ""
      ],
      "setup": {
        "outcome": "passed"
      },
      "call": {
        "outcome": "passed"
      },
      "teardown": {
        "outcome": "passed"
      }
    },
    {
      "nodeid": "tests/assignment_test.py::EqualityAssignmentTests::test_basic_assignment",
      "lineno": 3,
      "outcome": "passed",
      "keywords": [
        "test_basic_assignment",
        "EqualityAssignmentTests",
        "assignment_test.py",
        "tests",
        "kavigupta@ast_scope__86e079f1__attrs__cattrs",
        ""
      ],
      "setup": {
        "outcome": "passed"
      },
      "call": {
        "outcome": "passed"
      },
      "teardown": {
        "outcome": "passed"
      }
    },
    {
      "nodeid": "tests/assignment_test.py::EqualityAssignmentTests::test_element_assignment",
      "lineno": 17,
      "outcome": "passed",
      "keywords": [
        "test_element_assignment",
        "EqualityAssignmentTests",
        "assignment_test.py",
        "tests",
        "kavigupta@ast_scope__86e079f1__attrs__cattrs",
        ""
      ],
      "setup": {
        "outcome": "passed"
      },
      "call": {
        "outcome": "passed"
      },
      "teardown": {
        "outcome": "passed"
      }
    },
    {
      "nodeid": "tests/assignment_test.py::EqualityAssignmentTests::test_multi_assignment",
      "lineno": 31,
      "outcome": "passed",
      "keywords": [
        "test_multi_assignment",
        "EqualityAssignmentTests",
        "assignment_test.py",
        "tests",
        "kavigupta@ast_scope__86e079f1__attrs__cattrs",
        ""
      ],
      "setup": {
        "outcome": "passed"
      },
      "call": {
        "outcome": "passed"
      },
      "teardown": {
        "outcome": "passed"
      }
    },
    {
      "nodeid": "tests/assignment_test.py::EqualityAssignmentTests::test_special_assigment",
      "lineno": 137,
      "outcome": "passed",
      "keywords": [
        "test_special_assigment",
        "EqualityAssignmentTests",
        "assignment_test.py",
        "tests",
        "kavigupta@ast_scope__86e079f1__attrs__cattrs",
        ""
      ],
      "setup": {
        "outcome": "passed"
      },
      "call": {
        "outcome": "passed"
      },
      "teardown": {
        "outcome": "passed"
      }
    },
    {
      "nodeid": "tests/assignment_test.py::EqualityAssignmentTests::test_underscore",
      "lineno": 10,
      "outcome": "passed",
      "keywords": [
        "test_underscore",
        "EqualityAssignmentTests",
        "assignment_test.py",
        "tests",
        "kavigupta@ast_scope__86e079f1__attrs__cattrs",
        ""
      ],
      "setup": {
        "outcome": "passed"
      },
      "call": {
        "outcome": "passed"
      },
      "teardown": {
        "outcome": "passed"
      }
    },
    {
      "nodeid": "tests/assignment_test.py::LoopAssignmentTests::test_basic_for_loop",
      "lineno": 48,
      "outcome": "passed",
      "keywords": [
        "test_basic_for_loop",
        "LoopAssignmentTests",
        "assignment_test.py",
        "tests",
        "kavigupta@ast_scope__86e079f1__attrs__cattrs",
        ""
      ],
      "setup": {
        "outcome": "passed"
      },
      "call": {
        "outcome": "passed"
      },
      "teardown": {
        "outcome": "passed"
      }
    },
    {
      "nodeid": "tests/assignment_test.py::LoopAssignmentTests::test_itemizer_loop",
      "lineno": 64,
      "outcome": "passed",
      "keywords": [
        "test_itemizer_loop",
        "LoopAssignmentTests",
        "assignment_test.py",
        "tests",
        "kavigupta@ast_scope__86e079f1__attrs__cattrs",
        ""
      ],
      "setup": {
        "outcome": "passed"
      },
      "call": {
        "outcome": "passed"
      },
      "teardown": {
        "outcome": "passed"
      }
    },
    {
      "nodeid": "tests/assignment_test.py::LoopAssignmentTests::test_multi_for_loop",
      "lineno": 56,
      "outcome": "passed",
      "keywords": [
        "test_multi_for_loop",
        "LoopAssignmentTests",
        "assignment_test.py",
        "tests",
        "kavigupta@ast_scope__86e079f1__attrs__cattrs",
        ""
      ],
      "setup": {
        "outcome": "passed"
      },
      "call": {
        "outcome": "passed"
      },
      "teardown": {
        "outcome": "passed"
      }
    },
    {
      "nodeid": "tests/assignment_test.py::ImportAssignmentTests::test_aliases",
      "lineno": 106,
      "outcome": "passed",
      "keywords": [
        "test_aliases",
        "ImportAssignmentTests",
        "assignment_test.py",
        "tests",
        "kavigupta@ast_scope__86e079f1__attrs__cattrs",
        ""
      ],
      "setup": {
        "outcome": "passed"
      },
      "call": {
        "outcome": "passed"
      },
      "teardown": {
        "outcome": "passed"
      }
    },
    {
      "nodeid": "tests/assignment_test.py::ImportAssignmentTests::test_global_import",
      "lineno": 74,
      "outcome": "passed",
      "keywords": [
        "test_global_import",
        "ImportAssignmentTests",
        "assignment_test.py",
        "tests",
        "kavigupta@ast_scope__86e079f1__attrs__cattrs",
        ""
      ],
      "setup": {
        "outcome": "passed"
      },
      "call": {
        "outcome": "passed"
      },
      "teardown": {
        "outcome": "passed"
      }
    },
    {
      "nodeid": "tests/assignment_test.py::ImportAssignmentTests::test_local_import",
      "lineno": 82,
      "outcome": "passed",
      "keywords": [
        "test_local_import",
        "ImportAssignmentTests",
        "assignment_test.py",
        "tests",
        "kavigupta@ast_scope__86e079f1__attrs__cattrs",
        ""
      ],
      "setup": {
        "outcome": "passed"
      },
      "call": {
        "outcome": "passed"
      },
      "teardown": {
        "outcome": "passed"
      }
    },
    {
      "nodeid": "tests/assignment_test.py::ImportAssignmentTests::test_star_import",
      "lineno": 99,
      "outcome": "passed",
      "keywords": [
        "test_star_import",
        "ImportAssignmentTests",
        "assignment_test.py",
        "tests",
        "kavigupta@ast_scope__86e079f1__attrs__cattrs",
        ""
      ],
      "setup": {
        "outcome": "passed"
      },
      "call": {
        "outcome": "passed"
      },
      "teardown": {
        "outcome": "passed"
      }
    },
    {
      "nodeid": "tests/assignment_test.py::ImportAssignmentTests::test_sub_import",
      "lineno": 90,
      "outcome": "passed",
      "keywords": [
        "test_sub_import",
        "ImportAssignmentTests",
        "assignment_test.py",
        "tests",
        "kavigupta@ast_scope__86e079f1__attrs__cattrs",
        ""
      ],
      "setup": {
        "outcome": "passed"
      },
      "call": {
        "outcome": "passed"
      },
      "teardown": {
        "outcome": "passed"
      }
    },
    {
      "nodeid": "tests/basic_scope_test.py::GlobalFrameTest::test_function",
      "lineno": 16,
      "outcome": "passed",
      "keywords": [
        "test_function",
        "GlobalFrameTest",
        "basic_scope_test.py",
        "tests",
        "kavigupta@ast_scope__86e079f1__attrs__cattrs",
        ""
      ],
      "setup": {
        "outcome": "passed"
      },
      "call": {
        "outcome": "passed"
      },
      "teardown": {
        "outcome": "passed"
      }
    },
    {
      "nodeid": "tests/basic_scope_test.py::GlobalFrameTest::test_global_augassign",
      "lineno": 6,
      "outcome": "passed",
      "keywords": [
        "test_global_augassign",
        "GlobalFrameTest",
        "basic_scope_test.py",
        "tests",
        "kavigupta@ast_scope__86e079f1__attrs__cattrs",
        ""
      ],
      "setup": {
        "outcome": "passed"
      },
      "call": {
        "outcome": "passed"
      },
      "teardown": {
        "outcome": "passed"
      }
    },
    {
      "nodeid": "tests/basic_scope_test.py::GlobalFrameTest::test_global_var",
      "lineno": 4,
      "outcome": "passed",
      "keywords": [
        "test_global_var",
        "GlobalFrameTest",
        "basic_scope_test.py",
        "tests",
        "kavigupta@ast_scope__86e079f1__attrs__cattrs",
        ""
      ],
      "setup": {
        "outcome": "passed"
      },
      "call": {
        "outcome": "passed"
      },
      "teardown": {
        "outcome": "passed"
      }
    },
    {
      "nodeid": "tests/basic_scope_test.py::GlobalFrameTest::test_lookups",
      "lineno": 12,
      "outcome": "passed",
      "keywords": [
        "test_lookups",
        "GlobalFrameTest",
        "basic_scope_test.py",
        "tests",
        "kavigupta@ast_scope__86e079f1__attrs__cattrs",
        ""
      ],
      "setup": {
        "outcome": "passed"
      },
      "call": {
        "outcome": "passed"
      },
      "teardown": {
        "outcome": "passed"
      }
    },
    {
      "nodeid": "tests/basic_scope_test.py::GlobalFrameTest::test_multiline_global",
      "lineno": 8,
      "outcome": "passed",
      "keywords": [
        "test_multiline_global",
        "GlobalFrameTest",
        "basic_scope_test.py",
        "tests",
        "kavigupta@ast_scope__86e079f1__attrs__cattrs",
        ""
      ],
      "setup": {
        "outcome": "passed"
      },
      "call": {
        "outcome": "passed"
      },
      "teardown": {
        "outcome": "passed"
      }
    },
    {
      "nodeid": "tests/class_test.py::TestClassDefault::test_assigment_is_local",
      "lineno": 9,
      "outcome": "failed",
      "keywords": [
        "test_assigment_is_local",
        "TestClassDefault",
        "class_test.py",
        "tests",
        "kavigupta@ast_scope__86e079f1__attrs__cattrs",
        ""
      ],
      "setup": {
        "outcome": "passed"
      },
      "call": {
        "outcome": "failed",
        "crash": {
          "path": "D:\\repos\\kavigupta@ast_scope__86e079f1__attrs__cattrs\\ast_scope\\annotator.py",
          "lineno": 225,
          "message": "AssertionError"
        },
        "traceback": [
          {
            "path": "tests\\class_test.py",
            "lineno": 11,
            "message": ""
          },
          {
            "path": "tests\\utils.py",
            "lineno": 120,
            "message": "in assertAnnotationWorks"
          },
          {
            "path": "ast_scope\\annotate.py",
            "lineno": 69,
            "message": "in annotate"
          },
          {
            "path": "C:\\Users\\Mohay\\AppData\\Local\\Programs\\Python\\Python312\\Lib\\ast.py",
            "lineno": 407,
            "message": "in visit"
          },
          {
            "path": "C:\\Users\\Mohay\\AppData\\Local\\Programs\\Python\\Python312\\Lib\\ast.py",
            "lineno": 415,
            "message": "in generic_visit"
          },
          {
            "path": "C:\\Users\\Mohay\\AppData\\Local\\Programs\\Python\\Python312\\Lib\\ast.py",
            "lineno": 407,
            "message": "in visit"
          },
          {
            "path": "ast_scope\\annotator.py",
            "lineno": 225,
            "message": "AssertionError"
          }
        ],
        "longrepr": "self = <tests.class_test.TestClassDefault testMethod=test_assigment_is_local>\n\n    def test_assigment_is_local(self):\n>       self.assertAnnotationWorks(\n            \"\"\"\n            {g}class X:\n                {-X@1:0}x = 2\n            \"\"\"\n        )\n\ntests\\class_test.py:11: \n_ _ _ _ _ _ _ _ _ _ _ _ _ _ _ _ _ _ _ _ _ _ _ _ _ _ _ _ _ _ _ _ _ _ _ _ _ _ _ _\ntests\\utils.py:120: in assertAnnotationWorks\n    scope_info = annotate(ast.parse(code), class_binds_near)\nast_scope\\annotate.py:69: in annotate\n    annotator.visit(tree)\nC:\\Users\\Mohay\\AppData\\Local\\Programs\\Python\\Python312\\Lib\\ast.py:407: in visit\n    return visitor(node)\nC:\\Users\\Mohay\\AppData\\Local\\Programs\\Python\\Python312\\Lib\\ast.py:415: in generic_visit\n    self.visit(item)\nC:\\Users\\Mohay\\AppData\\Local\\Programs\\Python\\Python312\\Lib\\ast.py:407: in visit\n    return visitor(node)\n_ _ _ _ _ _ _ _ _ _ _ _ _ _ _ _ _ _ _ _ _ _ _ _ _ _ _ _ _ _ _ _ _ _ _ _ _ _ _ _\n\nself = <ast_scope.annotator.AnnotateScope object at 0x00000217310944D0>\nclass_node = <ast.ClassDef object at 0x0000021731032F50>\n\n    def visit_ClassDef(self, class_node):\n        self.annotate_intermediate_scope(class_node, class_node.name, True)\n        self.scope.modify(class_node.name)\n        subscope = self.create_subannotator(\n            IntermediateClassScope(class_node, self.scope, self.class_binds_near)\n        )\n>       assert class_node._fields == (\n            \"name\",\n            \"bases\",\n            \"keywords\",\n            \"body\",\n            \"decorator_list\",\n        )\nE       AssertionError\n\nast_scope\\annotator.py:225: AssertionError"
      },
      "teardown": {
        "outcome": "passed"
      }
    },
    {
      "nodeid": "tests/class_test.py::TestClassDefault::test_class",
      "lineno": 3,
      "outcome": "failed",
      "keywords": [
        "test_class",
        "TestClassDefault",
        "class_test.py",
        "tests",
        "kavigupta@ast_scope__86e079f1__attrs__cattrs",
        ""
      ],
      "setup": {
        "outcome": "passed"
      },
      "call": {
        "outcome": "failed",
        "crash": {
          "path": "D:\\repos\\kavigupta@ast_scope__86e079f1__attrs__cattrs\\ast_scope\\annotator.py",
          "lineno": 225,
          "message": "AssertionError"
        },
        "traceback": [
          {
            "path": "tests\\class_test.py",
            "lineno": 5,
            "message": ""
          },
          {
            "path": "tests\\utils.py",
            "lineno": 120,
            "message": "in assertAnnotationWorks"
          },
          {
            "path": "ast_scope\\annotate.py",
            "lineno": 69,
            "message": "in annotate"
          },
          {
            "path": "C:\\Users\\Mohay\\AppData\\Local\\Programs\\Python\\Python312\\Lib\\ast.py",
            "lineno": 407,
            "message": "in visit"
          },
          {
            "path": "C:\\Users\\Mohay\\AppData\\Local\\Programs\\Python\\Python312\\Lib\\ast.py",
            "lineno": 415,
            "message": "in generic_visit"
          },
          {
            "path": "C:\\Users\\Mohay\\AppData\\Local\\Programs\\Python\\Python312\\Lib\\ast.py",
            "lineno": 407,
            "message": "in visit"
          },
          {
            "path": "ast_scope\\annotator.py",
            "lineno": 225,
            "message": "AssertionError"
          }
        ],
        "longrepr": "self = <tests.class_test.TestClassDefault testMethod=test_class>\n\n    def test_class(self):\n>       self.assertAnnotationWorks(\n            \"\"\"\n            {g}class X: pass\n            \"\"\"\n        )\n\ntests\\class_test.py:5: \n_ _ _ _ _ _ _ _ _ _ _ _ _ _ _ _ _ _ _ _ _ _ _ _ _ _ _ _ _ _ _ _ _ _ _ _ _ _ _ _\ntests\\utils.py:120: in assertAnnotationWorks\n    scope_info = annotate(ast.parse(code), class_binds_near)\nast_scope\\annotate.py:69: in annotate\n    annotator.visit(tree)\nC:\\Users\\Mohay\\AppData\\Local\\Programs\\Python\\Python312\\Lib\\ast.py:407: in visit\n    return visitor(node)\nC:\\Users\\Mohay\\AppData\\Local\\Programs\\Python\\Python312\\Lib\\ast.py:415: in generic_visit\n    self.visit(item)\nC:\\Users\\Mohay\\AppData\\Local\\Programs\\Python\\Python312\\Lib\\ast.py:407: in visit\n    return visitor(node)\n_ _ _ _ _ _ _ _ _ _ _ _ _ _ _ _ _ _ _ _ _ _ _ _ _ _ _ _ _ _ _ _ _ _ _ _ _ _ _ _\n\nself = <ast_scope.annotator.AnnotateScope object at 0x00000217310948F0>\nclass_node = <ast.ClassDef object at 0x000002173115B510>\n\n    def visit_ClassDef(self, class_node):\n        self.annotate_intermediate_scope(class_node, class_node.name, True)\n        self.scope.modify(class_node.name)\n        subscope = self.create_subannotator(\n            IntermediateClassScope(class_node, self.scope, self.class_binds_near)\n        )\n>       assert class_node._fields == (\n            \"name\",\n            \"bases\",\n            \"keywords\",\n            \"body\",\n            \"decorator_list\",\n        )\nE       AssertionError\n\nast_scope\\annotator.py:225: AssertionError"
      },
      "teardown": {
        "outcome": "passed"
      }
    },
    {
      "nodeid": "tests/class_test.py::TestClassDefault::test_functions_defined_locally",
      "lineno": 41,
      "outcome": "failed",
      "keywords": [
        "test_functions_defined_locally",
        "TestClassDefault",
        "class_test.py",
        "tests",
        "kavigupta@ast_scope__86e079f1__attrs__cattrs",
        ""
      ],
      "setup": {
        "outcome": "passed"
      },
      "call": {
        "outcome": "failed",
        "crash": {
          "path": "D:\\repos\\kavigupta@ast_scope__86e079f1__attrs__cattrs\\ast_scope\\annotator.py",
          "lineno": 225,
          "message": "AssertionError"
        },
        "traceback": [
          {
            "path": "tests\\class_test.py",
            "lineno": 43,
            "message": ""
          },
          {
            "path": "tests\\utils.py",
            "lineno": 120,
            "message": "in assertAnnotationWorks"
          },
          {
            "path": "ast_scope\\annotate.py",
            "lineno": 69,
            "message": "in annotate"
          },
          {
            "path": "C:\\Users\\Mohay\\AppData\\Local\\Programs\\Python\\Python312\\Lib\\ast.py",
            "lineno": 407,
            "message": "in visit"
          },
          {
            "path": "C:\\Users\\Mohay\\AppData\\Local\\Programs\\Python\\Python312\\Lib\\ast.py",
            "lineno": 415,
            "message": "in generic_visit"
          },
          {
            "path": "C:\\Users\\Mohay\\AppData\\Local\\Programs\\Python\\Python312\\Lib\\ast.py",
            "lineno": 407,
            "message": "in visit"
          },
          {
            "path": "ast_scope\\annotator.py",
            "lineno": 225,
            "message": "AssertionError"
          }
        ],
        "longrepr": "self = <tests.class_test.TestClassDefault testMethod=test_functions_defined_locally>\n\n    def test_functions_defined_locally(self):\n>       self.assertAnnotationWorks(\n            \"\"\"\n            {g}class X:\n                {-X@1:0}def f(): pass\n            \"\"\"\n        )\n\ntests\\class_test.py:43: \n_ _ _ _ _ _ _ _ _ _ _ _ _ _ _ _ _ _ _ _ _ _ _ _ _ _ _ _ _ _ _ _ _ _ _ _ _ _ _ _\ntests\\utils.py:120: in assertAnnotationWorks\n    scope_info = annotate(ast.parse(code), class_binds_near)\nast_scope\\annotate.py:69: in annotate\n    annotator.visit(tree)\nC:\\Users\\Mohay\\AppData\\Local\\Programs\\Python\\Python312\\Lib\\ast.py:407: in visit\n    return visitor(node)\nC:\\Users\\Mohay\\AppData\\Local\\Programs\\Python\\Python312\\Lib\\ast.py:415: in generic_visit\n    self.visit(item)\nC:\\Users\\Mohay\\AppData\\Local\\Programs\\Python\\Python312\\Lib\\ast.py:407: in visit\n    return visitor(node)\n_ _ _ _ _ _ _ _ _ _ _ _ _ _ _ _ _ _ _ _ _ _ _ _ _ _ _ _ _ _ _ _ _ _ _ _ _ _ _ _\n\nself = <ast_scope.annotator.AnnotateScope object at 0x0000021731095D00>\nclass_node = <ast.ClassDef object at 0x0000021731167790>\n\n    def visit_ClassDef(self, class_node):\n        self.annotate_intermediate_scope(class_node, class_node.name, True)\n        self.scope.modify(class_node.name)\n        subscope = self.create_subannotator(\n            IntermediateClassScope(class_node, self.scope, self.class_binds_near)\n        )\n>       assert class_node._fields == (\n            \"name\",\n            \"bases\",\n            \"keywords\",\n            \"body\",\n            \"decorator_list\",\n        )\nE       AssertionError\n\nast_scope\\annotator.py:225: AssertionError"
      },
      "teardown": {
        "outcome": "passed"
      }
    },
    {
      "nodeid": "tests/class_test.py::TestClassDefault::test_lookup_in_parent",
      "lineno": 31,
      "outcome": "failed",
      "keywords": [
        "test_lookup_in_parent",
        "TestClassDefault",
        "class_test.py",
        "tests",
        "kavigupta@ast_scope__86e079f1__attrs__cattrs",
        ""
      ],
      "setup": {
        "outcome": "passed"
      },
      "call": {
        "outcome": "failed",
        "crash": {
          "path": "D:\\repos\\kavigupta@ast_scope__86e079f1__attrs__cattrs\\ast_scope\\annotator.py",
          "lineno": 225,
          "message": "AssertionError"
        },
        "traceback": [
          {
            "path": "tests\\class_test.py",
            "lineno": 33,
            "message": ""
          },
          {
            "path": "tests\\utils.py",
            "lineno": 120,
            "message": "in assertAnnotationWorks"
          },
          {
            "path": "ast_scope\\annotate.py",
            "lineno": 69,
            "message": "in annotate"
          },
          {
            "path": "C:\\Users\\Mohay\\AppData\\Local\\Programs\\Python\\Python312\\Lib\\ast.py",
            "lineno": 407,
            "message": "in visit"
          },
          {
            "path": "C:\\Users\\Mohay\\AppData\\Local\\Programs\\Python\\Python312\\Lib\\ast.py",
            "lineno": 415,
            "message": "in generic_visit"
          },
          {
            "path": "C:\\Users\\Mohay\\AppData\\Local\\Programs\\Python\\Python312\\Lib\\ast.py",
            "lineno": 407,
            "message": "in visit"
          },
          {
            "path": "ast_scope\\group_similar_constructs.py",
            "lineno": 9,
            "message": "in visit_FunctionDef"
          },
          {
            "path": "ast_scope\\annotator.py",
            "lineno": 196,
            "message": "in visit_function_def"
          },
          {
            "path": "ast_scope\\annotator.py",
            "lineno": 251,
            "message": "in visit_all"
          },
          {
            "path": "ast_scope\\annotator.py",
            "lineno": 253,
            "message": "in visit_all"
          },
          {
            "path": "C:\\Users\\Mohay\\AppData\\Local\\Programs\\Python\\Python312\\Lib\\ast.py",
            "lineno": 407,
            "message": "in visit"
          },
          {
            "path": "ast_scope\\annotator.py",
            "lineno": 225,
            "message": "AssertionError"
          }
        ],
        "longrepr": "self = <tests.class_test.TestClassDefault testMethod=test_lookup_in_parent>\n\n    def test_lookup_in_parent(self):\n>       self.assertAnnotationWorks(\n            \"\"\"\n            {g}def f():\n                {~f@1:0}x = 2\n                {~f@1:0}class X:\n                    {~f@1:0}x, {g}y\n            {g}y = 3\n            \"\"\"\n        )\n\ntests\\class_test.py:33: \n_ _ _ _ _ _ _ _ _ _ _ _ _ _ _ _ _ _ _ _ _ _ _ _ _ _ _ _ _ _ _ _ _ _ _ _ _ _ _ _\ntests\\utils.py:120: in assertAnnotationWorks\n    scope_info = annotate(ast.parse(code), class_binds_near)\nast_scope\\annotate.py:69: in annotate\n    annotator.visit(tree)\nC:\\Users\\Mohay\\AppData\\Local\\Programs\\Python\\Python312\\Lib\\ast.py:407: in visit\n    return visitor(node)\nC:\\Users\\Mohay\\AppData\\Local\\Programs\\Python\\Python312\\Lib\\ast.py:415: in generic_visit\n    self.visit(item)\nC:\\Users\\Mohay\\AppData\\Local\\Programs\\Python\\Python312\\Lib\\ast.py:407: in visit\n    return visitor(node)\nast_scope\\group_similar_constructs.py:9: in visit_FunctionDef\n    return self.visit_function_def(func_node, is_async=False)\nast_scope\\annotator.py:196: in visit_function_def\n    visit_all(subscope, func_node.body, func_node.returns)\nast_scope\\annotator.py:251: in visit_all\n    visit_all(visitor, *node)\nast_scope\\annotator.py:253: in visit_all\n    visitor.visit(node)\nC:\\Users\\Mohay\\AppData\\Local\\Programs\\Python\\Python312\\Lib\\ast.py:407: in visit\n    return visitor(node)\n_ _ _ _ _ _ _ _ _ _ _ _ _ _ _ _ _ _ _ _ _ _ _ _ _ _ _ _ _ _ _ _ _ _ _ _ _ _ _ _\n\nself = <ast_scope.annotator.AnnotateScope object at 0x0000021731095AC0>\nclass_node = <ast.ClassDef object at 0x000002173149C110>\n\n    def visit_ClassDef(self, class_node):\n        self.annotate_intermediate_scope(class_node, class_node.name, True)\n        self.scope.modify(class_node.name)\n        subscope = self.create_subannotator(\n            IntermediateClassScope(class_node, self.scope, self.class_binds_near)\n        )\n>       assert class_node._fields == (\n            \"name\",\n            \"bases\",\n            \"keywords\",\n            \"body\",\n            \"decorator_list\",\n        )\nE       AssertionError\n\nast_scope\\annotator.py:225: AssertionError"
      },
      "teardown": {
        "outcome": "passed"
      }
    },
    {
      "nodeid": "tests/class_test.py::TestClassDefault::test_lookup_is_not_in_class_frame",
      "lineno": 16,
      "outcome": "failed",
      "keywords": [
        "test_lookup_is_not_in_class_frame",
        "TestClassDefault",
        "class_test.py",
        "tests",
        "kavigupta@ast_scope__86e079f1__attrs__cattrs",
        ""
      ],
      "setup": {
        "outcome": "passed"
      },
      "call": {
        "outcome": "failed",
        "crash": {
          "path": "D:\\repos\\kavigupta@ast_scope__86e079f1__attrs__cattrs\\ast_scope\\annotator.py",
          "lineno": 225,
          "message": "AssertionError"
        },
        "traceback": [
          {
            "path": "tests\\class_test.py",
            "lineno": 18,
            "message": ""
          },
          {
            "path": "tests\\utils.py",
            "lineno": 120,
            "message": "in assertAnnotationWorks"
          },
          {
            "path": "ast_scope\\annotate.py",
            "lineno": 69,
            "message": "in annotate"
          },
          {
            "path": "C:\\Users\\Mohay\\AppData\\Local\\Programs\\Python\\Python312\\Lib\\ast.py",
            "lineno": 407,
            "message": "in visit"
          },
          {
            "path": "C:\\Users\\Mohay\\AppData\\Local\\Programs\\Python\\Python312\\Lib\\ast.py",
            "lineno": 415,
            "message": "in generic_visit"
          },
          {
            "path": "C:\\Users\\Mohay\\AppData\\Local\\Programs\\Python\\Python312\\Lib\\ast.py",
            "lineno": 407,
            "message": "in visit"
          },
          {
            "path": "ast_scope\\annotator.py",
            "lineno": 225,
            "message": "AssertionError"
          }
        ],
        "longrepr": "self = <tests.class_test.TestClassDefault testMethod=test_lookup_is_not_in_class_frame>\n\n    def test_lookup_is_not_in_class_frame(self):\n>       self.assertAnnotationWorks(\n            \"\"\"\n            {g}class X:\n                {g}x\n            \"\"\"\n        )\n\ntests\\class_test.py:18: \n_ _ _ _ _ _ _ _ _ _ _ _ _ _ _ _ _ _ _ _ _ _ _ _ _ _ _ _ _ _ _ _ _ _ _ _ _ _ _ _\ntests\\utils.py:120: in assertAnnotationWorks\n    scope_info = annotate(ast.parse(code), class_binds_near)\nast_scope\\annotate.py:69: in annotate\n    annotator.visit(tree)\nC:\\Users\\Mohay\\AppData\\Local\\Programs\\Python\\Python312\\Lib\\ast.py:407: in visit\n    return visitor(node)\nC:\\Users\\Mohay\\AppData\\Local\\Programs\\Python\\Python312\\Lib\\ast.py:415: in generic_visit\n    self.visit(item)\nC:\\Users\\Mohay\\AppData\\Local\\Programs\\Python\\Python312\\Lib\\ast.py:407: in visit\n    return visitor(node)\n_ _ _ _ _ _ _ _ _ _ _ _ _ _ _ _ _ _ _ _ _ _ _ _ _ _ _ _ _ _ _ _ _ _ _ _ _ _ _ _\n\nself = <ast_scope.annotator.AnnotateScope object at 0x0000021731094860>\nclass_node = <ast.ClassDef object at 0x00000217313FE450>\n\n    def visit_ClassDef(self, class_node):\n        self.annotate_intermediate_scope(class_node, class_node.name, True)\n        self.scope.modify(class_node.name)\n        subscope = self.create_subannotator(\n            IntermediateClassScope(class_node, self.scope, self.class_binds_near)\n        )\n>       assert class_node._fields == (\n            \"name\",\n            \"bases\",\n            \"keywords\",\n            \"body\",\n            \"decorator_list\",\n        )\nE       AssertionError\n\nast_scope\\annotator.py:225: AssertionError"
      },
      "teardown": {
        "outcome": "passed"
      }
    },
    {
      "nodeid": "tests/class_test.py::TestClassDefault::test_lookup_is_not_in_class_frame_even_if_assign",
      "lineno": 23,
      "outcome": "failed",
      "keywords": [
        "test_lookup_is_not_in_class_frame_even_if_assign",
        "TestClassDefault",
        "class_test.py",
        "tests",
        "kavigupta@ast_scope__86e079f1__attrs__cattrs",
        ""
      ],
      "setup": {
        "outcome": "passed"
      },
      "call": {
        "outcome": "failed",
        "crash": {
          "path": "D:\\repos\\kavigupta@ast_scope__86e079f1__attrs__cattrs\\ast_scope\\annotator.py",
          "lineno": 225,
          "message": "AssertionError"
        },
        "traceback": [
          {
            "path": "tests\\class_test.py",
            "lineno": 25,
            "message": ""
          },
          {
            "path": "tests\\utils.py",
            "lineno": 120,
            "message": "in assertAnnotationWorks"
          },
          {
            "path": "ast_scope\\annotate.py",
            "lineno": 69,
            "message": "in annotate"
          },
          {
            "path": "C:\\Users\\Mohay\\AppData\\Local\\Programs\\Python\\Python312\\Lib\\ast.py",
            "lineno": 407,
            "message": "in visit"
          },
          {
            "path": "C:\\Users\\Mohay\\AppData\\Local\\Programs\\Python\\Python312\\Lib\\ast.py",
            "lineno": 415,
            "message": "in generic_visit"
          },
          {
            "path": "C:\\Users\\Mohay\\AppData\\Local\\Programs\\Python\\Python312\\Lib\\ast.py",
            "lineno": 407,
            "message": "in visit"
          },
          {
            "path": "ast_scope\\annotator.py",
            "lineno": 225,
            "message": "AssertionError"
          }
        ],
        "longrepr": "self = <tests.class_test.TestClassDefault testMethod=test_lookup_is_not_in_class_frame_even_if_assign>\n\n    def test_lookup_is_not_in_class_frame_even_if_assign(self):\n>       self.assertAnnotationWorks(\n            \"\"\"\n            {g}class X:\n                {-X@1:0}x = 3\n                {g}x\n            \"\"\"\n        )\n\ntests\\class_test.py:25: \n_ _ _ _ _ _ _ _ _ _ _ _ _ _ _ _ _ _ _ _ _ _ _ _ _ _ _ _ _ _ _ _ _ _ _ _ _ _ _ _\ntests\\utils.py:120: in assertAnnotationWorks\n    scope_info = annotate(ast.parse(code), class_binds_near)\nast_scope\\annotate.py:69: in annotate\n    annotator.visit(tree)\nC:\\Users\\Mohay\\AppData\\Local\\Programs\\Python\\Python312\\Lib\\ast.py:407: in visit\n    return visitor(node)\nC:\\Users\\Mohay\\AppData\\Local\\Programs\\Python\\Python312\\Lib\\ast.py:415: in generic_visit\n    self.visit(item)\nC:\\Users\\Mohay\\AppData\\Local\\Programs\\Python\\Python312\\Lib\\ast.py:407: in visit\n    return visitor(node)\n_ _ _ _ _ _ _ _ _ _ _ _ _ _ _ _ _ _ _ _ _ _ _ _ _ _ _ _ _ _ _ _ _ _ _ _ _ _ _ _\n\nself = <ast_scope.annotator.AnnotateScope object at 0x0000021731096300>\nclass_node = <ast.ClassDef object at 0x000002173117EDD0>\n\n    def visit_ClassDef(self, class_node):\n        self.annotate_intermediate_scope(class_node, class_node.name, True)\n        self.scope.modify(class_node.name)\n        subscope = self.create_subannotator(\n            IntermediateClassScope(class_node, self.scope, self.class_binds_near)\n        )\n>       assert class_node._fields == (\n            \"name\",\n            \"bases\",\n            \"keywords\",\n            \"body\",\n            \"decorator_list\",\n        )\nE       AssertionError\n\nast_scope\\annotator.py:225: AssertionError"
      },
      "teardown": {
        "outcome": "passed"
      }
    },
    {
      "nodeid": "tests/class_test.py::ClassTestsClassBindsNear::test_class",
      "lineno": 54,
      "outcome": "failed",
      "keywords": [
        "test_class",
        "ClassTestsClassBindsNear",
        "class_test.py",
        "tests",
        "kavigupta@ast_scope__86e079f1__attrs__cattrs",
        ""
      ],
      "setup": {
        "outcome": "passed"
      },
      "call": {
        "outcome": "failed",
        "crash": {
          "path": "D:\\repos\\kavigupta@ast_scope__86e079f1__attrs__cattrs\\ast_scope\\annotator.py",
          "lineno": 225,
          "message": "AssertionError"
        },
        "traceback": [
          {
            "path": "tests\\class_test.py",
            "lineno": 56,
            "message": ""
          },
          {
            "path": "tests\\class_test.py",
            "lineno": 53,
            "message": "in assertAnnotationWorks"
          },
          {
            "path": "tests\\utils.py",
            "lineno": 120,
            "message": "in assertAnnotationWorks"
          },
          {
            "path": "ast_scope\\annotate.py",
            "lineno": 69,
            "message": "in annotate"
          },
          {
            "path": "C:\\Users\\Mohay\\AppData\\Local\\Programs\\Python\\Python312\\Lib\\ast.py",
            "lineno": 407,
            "message": "in visit"
          },
          {
            "path": "C:\\Users\\Mohay\\AppData\\Local\\Programs\\Python\\Python312\\Lib\\ast.py",
            "lineno": 415,
            "message": "in generic_visit"
          },
          {
            "path": "C:\\Users\\Mohay\\AppData\\Local\\Programs\\Python\\Python312\\Lib\\ast.py",
            "lineno": 407,
            "message": "in visit"
          },
          {
            "path": "ast_scope\\annotator.py",
            "lineno": 225,
            "message": "AssertionError"
          }
        ],
        "longrepr": "self = <tests.class_test.ClassTestsClassBindsNear testMethod=test_class>\n\n    def test_class(self):\n>       self.assertAnnotationWorks(\n            \"\"\"\n            {g}class X: pass\n            \"\"\"\n        )\n\ntests\\class_test.py:56: \n_ _ _ _ _ _ _ _ _ _ _ _ _ _ _ _ _ _ _ _ _ _ _ _ _ _ _ _ _ _ _ _ _ _ _ _ _ _ _ _\ntests\\class_test.py:53: in assertAnnotationWorks\n    super().assertAnnotationWorks(*args, **kwargs)\ntests\\utils.py:120: in assertAnnotationWorks\n    scope_info = annotate(ast.parse(code), class_binds_near)\nast_scope\\annotate.py:69: in annotate\n    annotator.visit(tree)\nC:\\Users\\Mohay\\AppData\\Local\\Programs\\Python\\Python312\\Lib\\ast.py:407: in visit\n    return visitor(node)\nC:\\Users\\Mohay\\AppData\\Local\\Programs\\Python\\Python312\\Lib\\ast.py:415: in generic_visit\n    self.visit(item)\nC:\\Users\\Mohay\\AppData\\Local\\Programs\\Python\\Python312\\Lib\\ast.py:407: in visit\n    return visitor(node)\n_ _ _ _ _ _ _ _ _ _ _ _ _ _ _ _ _ _ _ _ _ _ _ _ _ _ _ _ _ _ _ _ _ _ _ _ _ _ _ _\n\nself = <ast_scope.annotator.AnnotateScope object at 0x0000021731097EC0>\nclass_node = <ast.ClassDef object at 0x000002173115B8D0>\n\n    def visit_ClassDef(self, class_node):\n        self.annotate_intermediate_scope(class_node, class_node.name, True)\n        self.scope.modify(class_node.name)\n        subscope = self.create_subannotator(\n            IntermediateClassScope(class_node, self.scope, self.class_binds_near)\n        )\n>       assert class_node._fields == (\n            \"name\",\n            \"bases\",\n            \"keywords\",\n            \"body\",\n            \"decorator_list\",\n        )\nE       AssertionError\n\nast_scope\\annotator.py:225: AssertionError"
      },
      "teardown": {
        "outcome": "passed"
      }
    },
    {
      "nodeid": "tests/class_test.py::ClassTestsClassBindsNear::test_default_method_argument",
      "lineno": 117,
      "outcome": "failed",
      "keywords": [
        "test_default_method_argument",
        "ClassTestsClassBindsNear",
        "class_test.py",
        "tests",
        "kavigupta@ast_scope__86e079f1__attrs__cattrs",
        ""
      ],
      "setup": {
        "outcome": "passed"
      },
      "call": {
        "outcome": "failed",
        "crash": {
          "path": "D:\\repos\\kavigupta@ast_scope__86e079f1__attrs__cattrs\\ast_scope\\annotator.py",
          "lineno": 225,
          "message": "AssertionError"
        },
        "traceback": [
          {
            "path": "tests\\class_test.py",
            "lineno": 119,
            "message": ""
          },
          {
            "path": "tests\\class_test.py",
            "lineno": 53,
            "message": "in assertAnnotationWorks"
          },
          {
            "path": "tests\\utils.py",
            "lineno": 120,
            "message": "in assertAnnotationWorks"
          },
          {
            "path": "ast_scope\\annotate.py",
            "lineno": 69,
            "message": "in annotate"
          },
          {
            "path": "C:\\Users\\Mohay\\AppData\\Local\\Programs\\Python\\Python312\\Lib\\ast.py",
            "lineno": 407,
            "message": "in visit"
          },
          {
            "path": "C:\\Users\\Mohay\\AppData\\Local\\Programs\\Python\\Python312\\Lib\\ast.py",
            "lineno": 415,
            "message": "in generic_visit"
          },
          {
            "path": "C:\\Users\\Mohay\\AppData\\Local\\Programs\\Python\\Python312\\Lib\\ast.py",
            "lineno": 407,
            "message": "in visit"
          },
          {
            "path": "ast_scope\\group_similar_constructs.py",
            "lineno": 9,
            "message": "in visit_FunctionDef"
          },
          {
            "path": "ast_scope\\annotator.py",
            "lineno": 196,
            "message": "in visit_function_def"
          },
          {
            "path": "ast_scope\\annotator.py",
            "lineno": 251,
            "message": "in visit_all"
          },
          {
            "path": "ast_scope\\annotator.py",
            "lineno": 253,
            "message": "in visit_all"
          },
          {
            "path": "C:\\Users\\Mohay\\AppData\\Local\\Programs\\Python\\Python312\\Lib\\ast.py",
            "lineno": 407,
            "message": "in visit"
          },
          {
            "path": "ast_scope\\annotator.py",
            "lineno": 225,
            "message": "AssertionError"
          }
        ],
        "longrepr": "self = <tests.class_test.ClassTestsClassBindsNear testMethod=test_default_method_argument>\n\n    def test_default_method_argument(self):\n>       self.assertAnnotationWorks(\n            \"\"\"\n            {g}def f({~f@1:0}x):\n                {~f@1:0}class X:\n                    {-X@2:4}x = 2\n                    {-X@2:4}def f({~f@4:8}x={-X@2:4}x):\n                        pass\n            \"\"\"\n        )\n\ntests\\class_test.py:119: \n_ _ _ _ _ _ _ _ _ _ _ _ _ _ _ _ _ _ _ _ _ _ _ _ _ _ _ _ _ _ _ _ _ _ _ _ _ _ _ _\ntests\\class_test.py:53: in assertAnnotationWorks\n    super().assertAnnotationWorks(*args, **kwargs)\ntests\\utils.py:120: in assertAnnotationWorks\n    scope_info = annotate(ast.parse(code), class_binds_near)\nast_scope\\annotate.py:69: in annotate\n    annotator.visit(tree)\nC:\\Users\\Mohay\\AppData\\Local\\Programs\\Python\\Python312\\Lib\\ast.py:407: in visit\n    return visitor(node)\nC:\\Users\\Mohay\\AppData\\Local\\Programs\\Python\\Python312\\Lib\\ast.py:415: in generic_visit\n    self.visit(item)\nC:\\Users\\Mohay\\AppData\\Local\\Programs\\Python\\Python312\\Lib\\ast.py:407: in visit\n    return visitor(node)\nast_scope\\group_similar_constructs.py:9: in visit_FunctionDef\n    return self.visit_function_def(func_node, is_async=False)\nast_scope\\annotator.py:196: in visit_function_def\n    visit_all(subscope, func_node.body, func_node.returns)\nast_scope\\annotator.py:251: in visit_all\n    visit_all(visitor, *node)\nast_scope\\annotator.py:253: in visit_all\n    visitor.visit(node)\nC:\\Users\\Mohay\\AppData\\Local\\Programs\\Python\\Python312\\Lib\\ast.py:407: in visit\n    return visitor(node)\n_ _ _ _ _ _ _ _ _ _ _ _ _ _ _ _ _ _ _ _ _ _ _ _ _ _ _ _ _ _ _ _ _ _ _ _ _ _ _ _\n\nself = <ast_scope.annotator.AnnotateScope object at 0x00000217310951F0>\nclass_node = <ast.ClassDef object at 0x0000021731086C90>\n\n    def visit_ClassDef(self, class_node):\n        self.annotate_intermediate_scope(class_node, class_node.name, True)\n        self.scope.modify(class_node.name)\n        subscope = self.create_subannotator(\n            IntermediateClassScope(class_node, self.scope, self.class_binds_near)\n        )\n>       assert class_node._fields == (\n            \"name\",\n            \"bases\",\n            \"keywords\",\n            \"body\",\n            \"decorator_list\",\n        )\nE       AssertionError\n\nast_scope\\annotator.py:225: AssertionError"
      },
      "teardown": {
        "outcome": "passed"
      }
    },
    {
      "nodeid": "tests/class_test.py::ClassTestsClassBindsNear::test_function",
      "lineno": 69,
      "outcome": "failed",
      "keywords": [
        "test_function",
        "ClassTestsClassBindsNear",
        "class_test.py",
        "tests",
        "kavigupta@ast_scope__86e079f1__attrs__cattrs",
        ""
      ],
      "setup": {
        "outcome": "passed"
      },
      "call": {
        "outcome": "failed",
        "crash": {
          "path": "D:\\repos\\kavigupta@ast_scope__86e079f1__attrs__cattrs\\ast_scope\\annotator.py",
          "lineno": 225,
          "message": "AssertionError"
        },
        "traceback": [
          {
            "path": "tests\\class_test.py",
            "lineno": 71,
            "message": ""
          },
          {
            "path": "tests\\class_test.py",
            "lineno": 53,
            "message": "in assertAnnotationWorks"
          },
          {
            "path": "tests\\utils.py",
            "lineno": 120,
            "message": "in assertAnnotationWorks"
          },
          {
            "path": "ast_scope\\annotate.py",
            "lineno": 69,
            "message": "in annotate"
          },
          {
            "path": "C:\\Users\\Mohay\\AppData\\Local\\Programs\\Python\\Python312\\Lib\\ast.py",
            "lineno": 407,
            "message": "in visit"
          },
          {
            "path": "C:\\Users\\Mohay\\AppData\\Local\\Programs\\Python\\Python312\\Lib\\ast.py",
            "lineno": 415,
            "message": "in generic_visit"
          },
          {
            "path": "C:\\Users\\Mohay\\AppData\\Local\\Programs\\Python\\Python312\\Lib\\ast.py",
            "lineno": 407,
            "message": "in visit"
          },
          {
            "path": "ast_scope\\annotator.py",
            "lineno": 225,
            "message": "AssertionError"
          }
        ],
        "longrepr": "self = <tests.class_test.ClassTestsClassBindsNear testMethod=test_function>\n\n    def test_function(self):\n>       self.assertAnnotationWorks(\n            \"\"\"\n            {g}class X:\n                {-X@1:0}def f(): pass\n            \"\"\"\n        )\n\ntests\\class_test.py:71: \n_ _ _ _ _ _ _ _ _ _ _ _ _ _ _ _ _ _ _ _ _ _ _ _ _ _ _ _ _ _ _ _ _ _ _ _ _ _ _ _\ntests\\class_test.py:53: in assertAnnotationWorks\n    super().assertAnnotationWorks(*args, **kwargs)\ntests\\utils.py:120: in assertAnnotationWorks\n    scope_info = annotate(ast.parse(code), class_binds_near)\nast_scope\\annotate.py:69: in annotate\n    annotator.visit(tree)\nC:\\Users\\Mohay\\AppData\\Local\\Programs\\Python\\Python312\\Lib\\ast.py:407: in visit\n    return visitor(node)\nC:\\Users\\Mohay\\AppData\\Local\\Programs\\Python\\Python312\\Lib\\ast.py:415: in generic_visit\n    self.visit(item)\nC:\\Users\\Mohay\\AppData\\Local\\Programs\\Python\\Python312\\Lib\\ast.py:407: in visit\n    return visitor(node)\n_ _ _ _ _ _ _ _ _ _ _ _ _ _ _ _ _ _ _ _ _ _ _ _ _ _ _ _ _ _ _ _ _ _ _ _ _ _ _ _\n\nself = <ast_scope.annotator.AnnotateScope object at 0x00000217310958B0>\nclass_node = <ast.ClassDef object at 0x000002173124ECD0>\n\n    def visit_ClassDef(self, class_node):\n        self.annotate_intermediate_scope(class_node, class_node.name, True)\n        self.scope.modify(class_node.name)\n        subscope = self.create_subannotator(\n            IntermediateClassScope(class_node, self.scope, self.class_binds_near)\n        )\n>       assert class_node._fields == (\n            \"name\",\n            \"bases\",\n            \"keywords\",\n            \"body\",\n            \"decorator_list\",\n        )\nE       AssertionError\n\nast_scope\\annotator.py:225: AssertionError"
      },
      "teardown": {
        "outcome": "passed"
      }
    },
    {
      "nodeid": "tests/class_test.py::ClassTestsClassBindsNear::test_listcomp_value",
      "lineno": 127,
      "outcome": "failed",
      "keywords": [
        "test_listcomp_value",
        "ClassTestsClassBindsNear",
        "class_test.py",
        "tests",
        "kavigupta@ast_scope__86e079f1__attrs__cattrs",
        ""
      ],
      "setup": {
        "outcome": "passed"
      },
      "call": {
        "outcome": "failed",
        "crash": {
          "path": "D:\\repos\\kavigupta@ast_scope__86e079f1__attrs__cattrs\\ast_scope\\annotator.py",
          "lineno": 225,
          "message": "AssertionError"
        },
        "traceback": [
          {
            "path": "tests\\class_test.py",
            "lineno": 129,
            "message": ""
          },
          {
            "path": "tests\\class_test.py",
            "lineno": 53,
            "message": "in assertAnnotationWorks"
          },
          {
            "path": "tests\\utils.py",
            "lineno": 120,
            "message": "in assertAnnotationWorks"
          },
          {
            "path": "ast_scope\\annotate.py",
            "lineno": 69,
            "message": "in annotate"
          },
          {
            "path": "C:\\Users\\Mohay\\AppData\\Local\\Programs\\Python\\Python312\\Lib\\ast.py",
            "lineno": 407,
            "message": "in visit"
          },
          {
            "path": "C:\\Users\\Mohay\\AppData\\Local\\Programs\\Python\\Python312\\Lib\\ast.py",
            "lineno": 415,
            "message": "in generic_visit"
          },
          {
            "path": "C:\\Users\\Mohay\\AppData\\Local\\Programs\\Python\\Python312\\Lib\\ast.py",
            "lineno": 407,
            "message": "in visit"
          },
          {
            "path": "ast_scope\\annotator.py",
            "lineno": 225,
            "message": "AssertionError"
          }
        ],
        "longrepr": "self = <tests.class_test.ClassTestsClassBindsNear testMethod=test_listcomp_value>\n\n    def test_listcomp_value(self):\n>       self.assertAnnotationWorks(\n            \"\"\"\n            {g}class X:\n                {-X@1:0}x = 2\n                [{g}x for {~@3:11}t in {-X@1:0}x]\n            \"\"\"\n        )\n\ntests\\class_test.py:129: \n_ _ _ _ _ _ _ _ _ _ _ _ _ _ _ _ _ _ _ _ _ _ _ _ _ _ _ _ _ _ _ _ _ _ _ _ _ _ _ _\ntests\\class_test.py:53: in assertAnnotationWorks\n    super().assertAnnotationWorks(*args, **kwargs)\ntests\\utils.py:120: in assertAnnotationWorks\n    scope_info = annotate(ast.parse(code), class_binds_near)\nast_scope\\annotate.py:69: in annotate\n    annotator.visit(tree)\nC:\\Users\\Mohay\\AppData\\Local\\Programs\\Python\\Python312\\Lib\\ast.py:407: in visit\n    return visitor(node)\nC:\\Users\\Mohay\\AppData\\Local\\Programs\\Python\\Python312\\Lib\\ast.py:415: in generic_visit\n    self.visit(item)\nC:\\Users\\Mohay\\AppData\\Local\\Programs\\Python\\Python312\\Lib\\ast.py:407: in visit\n    return visitor(node)\n_ _ _ _ _ _ _ _ _ _ _ _ _ _ _ _ _ _ _ _ _ _ _ _ _ _ _ _ _ _ _ _ _ _ _ _ _ _ _ _\n\nself = <ast_scope.annotator.AnnotateScope object at 0x00000217310C2C90>\nclass_node = <ast.ClassDef object at 0x00000217311DE710>\n\n    def visit_ClassDef(self, class_node):\n        self.annotate_intermediate_scope(class_node, class_node.name, True)\n        self.scope.modify(class_node.name)\n        subscope = self.create_subannotator(\n            IntermediateClassScope(class_node, self.scope, self.class_binds_near)\n        )\n>       assert class_node._fields == (\n            \"name\",\n            \"bases\",\n            \"keywords\",\n            \"body\",\n            \"decorator_list\",\n        )\nE       AssertionError\n\nast_scope\\annotator.py:225: AssertionError"
      },
      "teardown": {
        "outcome": "passed"
      }
    },
    {
      "nodeid": "tests/class_test.py::ClassTestsClassBindsNear::test_nested_class_frames",
      "lineno": 95,
      "outcome": "failed",
      "keywords": [
        "test_nested_class_frames",
        "ClassTestsClassBindsNear",
        "class_test.py",
        "tests",
        "kavigupta@ast_scope__86e079f1__attrs__cattrs",
        ""
      ],
      "setup": {
        "outcome": "passed"
      },
      "call": {
        "outcome": "failed",
        "crash": {
          "path": "D:\\repos\\kavigupta@ast_scope__86e079f1__attrs__cattrs\\ast_scope\\annotator.py",
          "lineno": 225,
          "message": "AssertionError"
        },
        "traceback": [
          {
            "path": "tests\\class_test.py",
            "lineno": 97,
            "message": ""
          },
          {
            "path": "tests\\class_test.py",
            "lineno": 53,
            "message": "in assertAnnotationWorks"
          },
          {
            "path": "tests\\utils.py",
            "lineno": 120,
            "message": "in assertAnnotationWorks"
          },
          {
            "path": "ast_scope\\annotate.py",
            "lineno": 69,
            "message": "in annotate"
          },
          {
            "path": "C:\\Users\\Mohay\\AppData\\Local\\Programs\\Python\\Python312\\Lib\\ast.py",
            "lineno": 407,
            "message": "in visit"
          },
          {
            "path": "C:\\Users\\Mohay\\AppData\\Local\\Programs\\Python\\Python312\\Lib\\ast.py",
            "lineno": 415,
            "message": "in generic_visit"
          },
          {
            "path": "C:\\Users\\Mohay\\AppData\\Local\\Programs\\Python\\Python312\\Lib\\ast.py",
            "lineno": 407,
            "message": "in visit"
          },
          {
            "path": "ast_scope\\annotator.py",
            "lineno": 225,
            "message": "AssertionError"
          }
        ],
        "longrepr": "self = <tests.class_test.ClassTestsClassBindsNear testMethod=test_nested_class_frames>\n\n    def test_nested_class_frames(self):\n>       self.assertAnnotationWorks(\n            \"\"\"\n            {g}class Y:\n                {-Y@1:0}class X:\n                    {-X@2:4}x = 2\n                    {-X@2:4}def f():\n                        return {g}x\n            \"\"\"\n        )\n\ntests\\class_test.py:97: \n_ _ _ _ _ _ _ _ _ _ _ _ _ _ _ _ _ _ _ _ _ _ _ _ _ _ _ _ _ _ _ _ _ _ _ _ _ _ _ _\ntests\\class_test.py:53: in assertAnnotationWorks\n    super().assertAnnotationWorks(*args, **kwargs)\ntests\\utils.py:120: in assertAnnotationWorks\n    scope_info = annotate(ast.parse(code), class_binds_near)\nast_scope\\annotate.py:69: in annotate\n    annotator.visit(tree)\nC:\\Users\\Mohay\\AppData\\Local\\Programs\\Python\\Python312\\Lib\\ast.py:407: in visit\n    return visitor(node)\nC:\\Users\\Mohay\\AppData\\Local\\Programs\\Python\\Python312\\Lib\\ast.py:415: in generic_visit\n    self.visit(item)\nC:\\Users\\Mohay\\AppData\\Local\\Programs\\Python\\Python312\\Lib\\ast.py:407: in visit\n    return visitor(node)\n_ _ _ _ _ _ _ _ _ _ _ _ _ _ _ _ _ _ _ _ _ _ _ _ _ _ _ _ _ _ _ _ _ _ _ _ _ _ _ _\n\nself = <ast_scope.annotator.AnnotateScope object at 0x00000217310C0500>\nclass_node = <ast.ClassDef object at 0x000002173111F650>\n\n    def visit_ClassDef(self, class_node):\n        self.annotate_intermediate_scope(class_node, class_node.name, True)\n        self.scope.modify(class_node.name)\n        subscope = self.create_subannotator(\n            IntermediateClassScope(class_node, self.scope, self.class_binds_near)\n        )\n>       assert class_node._fields == (\n            \"name\",\n            \"bases\",\n            \"keywords\",\n            \"body\",\n            \"decorator_list\",\n        )\nE       AssertionError\n\nast_scope\\annotator.py:225: AssertionError"
      },
      "teardown": {
        "outcome": "passed"
      }
    },
    {
      "nodeid": "tests/class_test.py::ClassTestsClassBindsNear::test_nonlocal_class_frames",
      "lineno": 105,
      "outcome": "failed",
      "keywords": [
        "test_nonlocal_class_frames",
        "ClassTestsClassBindsNear",
        "class_test.py",
        "tests",
        "kavigupta@ast_scope__86e079f1__attrs__cattrs",
        ""
      ],
      "setup": {
        "outcome": "passed"
      },
      "call": {
        "outcome": "failed",
        "crash": {
          "path": "D:\\repos\\kavigupta@ast_scope__86e079f1__attrs__cattrs\\ast_scope\\annotator.py",
          "lineno": 225,
          "message": "AssertionError"
        },
        "traceback": [
          {
            "path": "tests\\class_test.py",
            "lineno": 107,
            "message": ""
          },
          {
            "path": "tests\\class_test.py",
            "lineno": 53,
            "message": "in assertAnnotationWorks"
          },
          {
            "path": "tests\\utils.py",
            "lineno": 120,
            "message": "in assertAnnotationWorks"
          },
          {
            "path": "ast_scope\\annotate.py",
            "lineno": 69,
            "message": "in annotate"
          },
          {
            "path": "C:\\Users\\Mohay\\AppData\\Local\\Programs\\Python\\Python312\\Lib\\ast.py",
            "lineno": 407,
            "message": "in visit"
          },
          {
            "path": "C:\\Users\\Mohay\\AppData\\Local\\Programs\\Python\\Python312\\Lib\\ast.py",
            "lineno": 415,
            "message": "in generic_visit"
          },
          {
            "path": "C:\\Users\\Mohay\\AppData\\Local\\Programs\\Python\\Python312\\Lib\\ast.py",
            "lineno": 407,
            "message": "in visit"
          },
          {
            "path": "ast_scope\\group_similar_constructs.py",
            "lineno": 9,
            "message": "in visit_FunctionDef"
          },
          {
            "path": "ast_scope\\annotator.py",
            "lineno": 196,
            "message": "in visit_function_def"
          },
          {
            "path": "ast_scope\\annotator.py",
            "lineno": 251,
            "message": "in visit_all"
          },
          {
            "path": "ast_scope\\annotator.py",
            "lineno": 253,
            "message": "in visit_all"
          },
          {
            "path": "C:\\Users\\Mohay\\AppData\\Local\\Programs\\Python\\Python312\\Lib\\ast.py",
            "lineno": 407,
            "message": "in visit"
          },
          {
            "path": "ast_scope\\annotator.py",
            "lineno": 225,
            "message": "AssertionError"
          }
        ],
        "longrepr": "self = <tests.class_test.ClassTestsClassBindsNear testMethod=test_nonlocal_class_frames>\n\n    def test_nonlocal_class_frames(self):\n>       self.assertAnnotationWorks(\n            \"\"\"\n            {g}def f({~f@1:0}x):\n                {~f@1:0}class X:\n                    {-X@2:4}x = 2\n                    {-X@2:4}def f():\n                        nonlocal x\n                        {~f@1:0}x = 2\n                        return {~f@1:0}x\n            \"\"\"\n        )\n\ntests\\class_test.py:107: \n_ _ _ _ _ _ _ _ _ _ _ _ _ _ _ _ _ _ _ _ _ _ _ _ _ _ _ _ _ _ _ _ _ _ _ _ _ _ _ _\ntests\\class_test.py:53: in assertAnnotationWorks\n    super().assertAnnotationWorks(*args, **kwargs)\ntests\\utils.py:120: in assertAnnotationWorks\n    scope_info = annotate(ast.parse(code), class_binds_near)\nast_scope\\annotate.py:69: in annotate\n    annotator.visit(tree)\nC:\\Users\\Mohay\\AppData\\Local\\Programs\\Python\\Python312\\Lib\\ast.py:407: in visit\n    return visitor(node)\nC:\\Users\\Mohay\\AppData\\Local\\Programs\\Python\\Python312\\Lib\\ast.py:415: in generic_visit\n    self.visit(item)\nC:\\Users\\Mohay\\AppData\\Local\\Programs\\Python\\Python312\\Lib\\ast.py:407: in visit\n    return visitor(node)\nast_scope\\group_similar_constructs.py:9: in visit_FunctionDef\n    return self.visit_function_def(func_node, is_async=False)\nast_scope\\annotator.py:196: in visit_function_def\n    visit_all(subscope, func_node.body, func_node.returns)\nast_scope\\annotator.py:251: in visit_all\n    visit_all(visitor, *node)\nast_scope\\annotator.py:253: in visit_all\n    visitor.visit(node)\nC:\\Users\\Mohay\\AppData\\Local\\Programs\\Python\\Python312\\Lib\\ast.py:407: in visit\n    return visitor(node)\n_ _ _ _ _ _ _ _ _ _ _ _ _ _ _ _ _ _ _ _ _ _ _ _ _ _ _ _ _ _ _ _ _ _ _ _ _ _ _ _\n\nself = <ast_scope.annotator.AnnotateScope object at 0x00000217310C36E0>\nclass_node = <ast.ClassDef object at 0x00000217311D1B50>\n\n    def visit_ClassDef(self, class_node):\n        self.annotate_intermediate_scope(class_node, class_node.name, True)\n        self.scope.modify(class_node.name)\n        subscope = self.create_subannotator(\n            IntermediateClassScope(class_node, self.scope, self.class_binds_near)\n        )\n>       assert class_node._fields == (\n            \"name\",\n            \"bases\",\n            \"keywords\",\n            \"body\",\n            \"decorator_list\",\n        )\nE       AssertionError\n\nast_scope\\annotator.py:225: AssertionError"
      },
      "teardown": {
        "outcome": "passed"
      }
    },
    {
      "nodeid": "tests/class_test.py::ClassTestsClassBindsNear::test_parent_is_global",
      "lineno": 76,
      "outcome": "failed",
      "keywords": [
        "test_parent_is_global",
        "ClassTestsClassBindsNear",
        "class_test.py",
        "tests",
        "kavigupta@ast_scope__86e079f1__attrs__cattrs",
        ""
      ],
      "setup": {
        "outcome": "passed"
      },
      "call": {
        "outcome": "failed",
        "crash": {
          "path": "D:\\repos\\kavigupta@ast_scope__86e079f1__attrs__cattrs\\ast_scope\\annotator.py",
          "lineno": 225,
          "message": "AssertionError"
        },
        "traceback": [
          {
            "path": "tests\\class_test.py",
            "lineno": 78,
            "message": ""
          },
          {
            "path": "tests\\class_test.py",
            "lineno": 53,
            "message": "in assertAnnotationWorks"
          },
          {
            "path": "tests\\utils.py",
            "lineno": 120,
            "message": "in assertAnnotationWorks"
          },
          {
            "path": "ast_scope\\annotate.py",
            "lineno": 69,
            "message": "in annotate"
          },
          {
            "path": "C:\\Users\\Mohay\\AppData\\Local\\Programs\\Python\\Python312\\Lib\\ast.py",
            "lineno": 407,
            "message": "in visit"
          },
          {
            "path": "C:\\Users\\Mohay\\AppData\\Local\\Programs\\Python\\Python312\\Lib\\ast.py",
            "lineno": 415,
            "message": "in generic_visit"
          },
          {
            "path": "C:\\Users\\Mohay\\AppData\\Local\\Programs\\Python\\Python312\\Lib\\ast.py",
            "lineno": 407,
            "message": "in visit"
          },
          {
            "path": "ast_scope\\annotator.py",
            "lineno": 225,
            "message": "AssertionError"
          }
        ],
        "longrepr": "self = <tests.class_test.ClassTestsClassBindsNear testMethod=test_parent_is_global>\n\n    def test_parent_is_global(self):\n>       self.assertAnnotationWorks(\n            \"\"\"\n            {g}class X:\n                {-X@1:0}x = 2\n                {-X@1:0}def f():\n                    return {g}x\n            \"\"\"\n        )\n\ntests\\class_test.py:78: \n_ _ _ _ _ _ _ _ _ _ _ _ _ _ _ _ _ _ _ _ _ _ _ _ _ _ _ _ _ _ _ _ _ _ _ _ _ _ _ _\ntests\\class_test.py:53: in assertAnnotationWorks\n    super().assertAnnotationWorks(*args, **kwargs)\ntests\\utils.py:120: in assertAnnotationWorks\n    scope_info = annotate(ast.parse(code), class_binds_near)\nast_scope\\annotate.py:69: in annotate\n    annotator.visit(tree)\nC:\\Users\\Mohay\\AppData\\Local\\Programs\\Python\\Python312\\Lib\\ast.py:407: in visit\n    return visitor(node)\nC:\\Users\\Mohay\\AppData\\Local\\Programs\\Python\\Python312\\Lib\\ast.py:415: in generic_visit\n    self.visit(item)\nC:\\Users\\Mohay\\AppData\\Local\\Programs\\Python\\Python312\\Lib\\ast.py:407: in visit\n    return visitor(node)\n_ _ _ _ _ _ _ _ _ _ _ _ _ _ _ _ _ _ _ _ _ _ _ _ _ _ _ _ _ _ _ _ _ _ _ _ _ _ _ _\n\nself = <ast_scope.annotator.AnnotateScope object at 0x00000217310C0FB0>\nclass_node = <ast.ClassDef object at 0x0000021731076590>\n\n    def visit_ClassDef(self, class_node):\n        self.annotate_intermediate_scope(class_node, class_node.name, True)\n        self.scope.modify(class_node.name)\n        subscope = self.create_subannotator(\n            IntermediateClassScope(class_node, self.scope, self.class_binds_near)\n        )\n>       assert class_node._fields == (\n            \"name\",\n            \"bases\",\n            \"keywords\",\n            \"body\",\n            \"decorator_list\",\n        )\nE       AssertionError\n\nast_scope\\annotator.py:225: AssertionError"
      },
      "teardown": {
        "outcome": "passed"
      }
    },
    {
      "nodeid": "tests/class_test.py::ClassTestsClassBindsNear::test_parent_is_local",
      "lineno": 85,
      "outcome": "failed",
      "keywords": [
        "test_parent_is_local",
        "ClassTestsClassBindsNear",
        "class_test.py",
        "tests",
        "kavigupta@ast_scope__86e079f1__attrs__cattrs",
        ""
      ],
      "setup": {
        "outcome": "passed"
      },
      "call": {
        "outcome": "failed",
        "crash": {
          "path": "D:\\repos\\kavigupta@ast_scope__86e079f1__attrs__cattrs\\ast_scope\\annotator.py",
          "lineno": 225,
          "message": "AssertionError"
        },
        "traceback": [
          {
            "path": "tests\\class_test.py",
            "lineno": 87,
            "message": ""
          },
          {
            "path": "tests\\class_test.py",
            "lineno": 53,
            "message": "in assertAnnotationWorks"
          },
          {
            "path": "tests\\utils.py",
            "lineno": 120,
            "message": "in assertAnnotationWorks"
          },
          {
            "path": "ast_scope\\annotate.py",
            "lineno": 69,
            "message": "in annotate"
          },
          {
            "path": "C:\\Users\\Mohay\\AppData\\Local\\Programs\\Python\\Python312\\Lib\\ast.py",
            "lineno": 407,
            "message": "in visit"
          },
          {
            "path": "C:\\Users\\Mohay\\AppData\\Local\\Programs\\Python\\Python312\\Lib\\ast.py",
            "lineno": 415,
            "message": "in generic_visit"
          },
          {
            "path": "C:\\Users\\Mohay\\AppData\\Local\\Programs\\Python\\Python312\\Lib\\ast.py",
            "lineno": 407,
            "message": "in visit"
          },
          {
            "path": "ast_scope\\group_similar_constructs.py",
            "lineno": 9,
            "message": "in visit_FunctionDef"
          },
          {
            "path": "ast_scope\\annotator.py",
            "lineno": 196,
            "message": "in visit_function_def"
          },
          {
            "path": "ast_scope\\annotator.py",
            "lineno": 251,
            "message": "in visit_all"
          },
          {
            "path": "ast_scope\\annotator.py",
            "lineno": 253,
            "message": "in visit_all"
          },
          {
            "path": "C:\\Users\\Mohay\\AppData\\Local\\Programs\\Python\\Python312\\Lib\\ast.py",
            "lineno": 407,
            "message": "in visit"
          },
          {
            "path": "ast_scope\\annotator.py",
            "lineno": 225,
            "message": "AssertionError"
          }
        ],
        "longrepr": "self = <tests.class_test.ClassTestsClassBindsNear testMethod=test_parent_is_local>\n\n    def test_parent_is_local(self):\n>       self.assertAnnotationWorks(\n            \"\"\"\n            {g}def f({~f@1:0}x):\n                {~f@1:0}class X:\n                    {-X@2:4}x = 2\n                    {-X@2:4}def f():\n                        return {~f@1:0}x\n            \"\"\"\n        )\n\ntests\\class_test.py:87: \n_ _ _ _ _ _ _ _ _ _ _ _ _ _ _ _ _ _ _ _ _ _ _ _ _ _ _ _ _ _ _ _ _ _ _ _ _ _ _ _\ntests\\class_test.py:53: in assertAnnotationWorks\n    super().assertAnnotationWorks(*args, **kwargs)\ntests\\utils.py:120: in assertAnnotationWorks\n    scope_info = annotate(ast.parse(code), class_binds_near)\nast_scope\\annotate.py:69: in annotate\n    annotator.visit(tree)\nC:\\Users\\Mohay\\AppData\\Local\\Programs\\Python\\Python312\\Lib\\ast.py:407: in visit\n    return visitor(node)\nC:\\Users\\Mohay\\AppData\\Local\\Programs\\Python\\Python312\\Lib\\ast.py:415: in generic_visit\n    self.visit(item)\nC:\\Users\\Mohay\\AppData\\Local\\Programs\\Python\\Python312\\Lib\\ast.py:407: in visit\n    return visitor(node)\nast_scope\\group_similar_constructs.py:9: in visit_FunctionDef\n    return self.visit_function_def(func_node, is_async=False)\nast_scope\\annotator.py:196: in visit_function_def\n    visit_all(subscope, func_node.body, func_node.returns)\nast_scope\\annotator.py:251: in visit_all\n    visit_all(visitor, *node)\nast_scope\\annotator.py:253: in visit_all\n    visitor.visit(node)\nC:\\Users\\Mohay\\AppData\\Local\\Programs\\Python\\Python312\\Lib\\ast.py:407: in visit\n    return visitor(node)\n_ _ _ _ _ _ _ _ _ _ _ _ _ _ _ _ _ _ _ _ _ _ _ _ _ _ _ _ _ _ _ _ _ _ _ _ _ _ _ _\n\nself = <ast_scope.annotator.AnnotateScope object at 0x00000217310C3980>\nclass_node = <ast.ClassDef object at 0x00000217311D0A90>\n\n    def visit_ClassDef(self, class_node):\n        self.annotate_intermediate_scope(class_node, class_node.name, True)\n        self.scope.modify(class_node.name)\n        subscope = self.create_subannotator(\n            IntermediateClassScope(class_node, self.scope, self.class_binds_near)\n        )\n>       assert class_node._fields == (\n            \"name\",\n            \"bases\",\n            \"keywords\",\n            \"body\",\n            \"decorator_list\",\n        )\nE       AssertionError\n\nast_scope\\annotator.py:225: AssertionError"
      },
      "teardown": {
        "outcome": "passed"
      }
    },
    {
      "nodeid": "tests/class_test.py::ClassTestsClassBindsNear::test_subclass",
      "lineno": 136,
      "outcome": "failed",
      "keywords": [
        "test_subclass",
        "ClassTestsClassBindsNear",
        "class_test.py",
        "tests",
        "kavigupta@ast_scope__86e079f1__attrs__cattrs",
        ""
      ],
      "setup": {
        "outcome": "passed"
      },
      "call": {
        "outcome": "failed",
        "crash": {
          "path": "D:\\repos\\kavigupta@ast_scope__86e079f1__attrs__cattrs\\ast_scope\\annotator.py",
          "lineno": 225,
          "message": "AssertionError"
        },
        "traceback": [
          {
            "path": "tests\\class_test.py",
            "lineno": 138,
            "message": ""
          },
          {
            "path": "tests\\class_test.py",
            "lineno": 53,
            "message": "in assertAnnotationWorks"
          },
          {
            "path": "tests\\utils.py",
            "lineno": 120,
            "message": "in assertAnnotationWorks"
          },
          {
            "path": "ast_scope\\annotate.py",
            "lineno": 69,
            "message": "in annotate"
          },
          {
            "path": "C:\\Users\\Mohay\\AppData\\Local\\Programs\\Python\\Python312\\Lib\\ast.py",
            "lineno": 407,
            "message": "in visit"
          },
          {
            "path": "C:\\Users\\Mohay\\AppData\\Local\\Programs\\Python\\Python312\\Lib\\ast.py",
            "lineno": 415,
            "message": "in generic_visit"
          },
          {
            "path": "C:\\Users\\Mohay\\AppData\\Local\\Programs\\Python\\Python312\\Lib\\ast.py",
            "lineno": 407,
            "message": "in visit"
          },
          {
            "path": "ast_scope\\annotator.py",
            "lineno": 225,
            "message": "AssertionError"
          }
        ],
        "longrepr": "self = <tests.class_test.ClassTestsClassBindsNear testMethod=test_subclass>\n\n    def test_subclass(self):\n>       self.assertAnnotationWorks(\n            \"\"\"\n            {g}class X:\n                {-X@1:0}x = 2\n            {g}class Y({g}X):\n                pass\n            \"\"\"\n        )\n\ntests\\class_test.py:138: \n_ _ _ _ _ _ _ _ _ _ _ _ _ _ _ _ _ _ _ _ _ _ _ _ _ _ _ _ _ _ _ _ _ _ _ _ _ _ _ _\ntests\\class_test.py:53: in assertAnnotationWorks\n    super().assertAnnotationWorks(*args, **kwargs)\ntests\\utils.py:120: in assertAnnotationWorks\n    scope_info = annotate(ast.parse(code), class_binds_near)\nast_scope\\annotate.py:69: in annotate\n    annotator.visit(tree)\nC:\\Users\\Mohay\\AppData\\Local\\Programs\\Python\\Python312\\Lib\\ast.py:407: in visit\n    return visitor(node)\nC:\\Users\\Mohay\\AppData\\Local\\Programs\\Python\\Python312\\Lib\\ast.py:415: in generic_visit\n    self.visit(item)\nC:\\Users\\Mohay\\AppData\\Local\\Programs\\Python\\Python312\\Lib\\ast.py:407: in visit\n    return visitor(node)\n_ _ _ _ _ _ _ _ _ _ _ _ _ _ _ _ _ _ _ _ _ _ _ _ _ _ _ _ _ _ _ _ _ _ _ _ _ _ _ _\n\nself = <ast_scope.annotator.AnnotateScope object at 0x00000217310C4F20>\nclass_node = <ast.ClassDef object at 0x000002173118C590>\n\n    def visit_ClassDef(self, class_node):\n        self.annotate_intermediate_scope(class_node, class_node.name, True)\n        self.scope.modify(class_node.name)\n        subscope = self.create_subannotator(\n            IntermediateClassScope(class_node, self.scope, self.class_binds_near)\n        )\n>       assert class_node._fields == (\n            \"name\",\n            \"bases\",\n            \"keywords\",\n            \"body\",\n            \"decorator_list\",\n        )\nE       AssertionError\n\nast_scope\\annotator.py:225: AssertionError"
      },
      "teardown": {
        "outcome": "passed"
      }
    },
    {
      "nodeid": "tests/class_test.py::ClassTestsClassBindsNear::test_variables_in_frame",
      "lineno": 60,
      "outcome": "failed",
      "keywords": [
        "test_variables_in_frame",
        "ClassTestsClassBindsNear",
        "class_test.py",
        "tests",
        "kavigupta@ast_scope__86e079f1__attrs__cattrs",
        ""
      ],
      "setup": {
        "outcome": "passed"
      },
      "call": {
        "outcome": "failed",
        "crash": {
          "path": "D:\\repos\\kavigupta@ast_scope__86e079f1__attrs__cattrs\\ast_scope\\annotator.py",
          "lineno": 225,
          "message": "AssertionError"
        },
        "traceback": [
          {
            "path": "tests\\class_test.py",
            "lineno": 62,
            "message": ""
          },
          {
            "path": "tests\\class_test.py",
            "lineno": 53,
            "message": "in assertAnnotationWorks"
          },
          {
            "path": "tests\\utils.py",
            "lineno": 120,
            "message": "in assertAnnotationWorks"
          },
          {
            "path": "ast_scope\\annotate.py",
            "lineno": 69,
            "message": "in annotate"
          },
          {
            "path": "C:\\Users\\Mohay\\AppData\\Local\\Programs\\Python\\Python312\\Lib\\ast.py",
            "lineno": 407,
            "message": "in visit"
          },
          {
            "path": "C:\\Users\\Mohay\\AppData\\Local\\Programs\\Python\\Python312\\Lib\\ast.py",
            "lineno": 415,
            "message": "in generic_visit"
          },
          {
            "path": "C:\\Users\\Mohay\\AppData\\Local\\Programs\\Python\\Python312\\Lib\\ast.py",
            "lineno": 407,
            "message": "in visit"
          },
          {
            "path": "ast_scope\\annotator.py",
            "lineno": 225,
            "message": "AssertionError"
          }
        ],
        "longrepr": "self = <tests.class_test.ClassTestsClassBindsNear testMethod=test_variables_in_frame>\n\n    def test_variables_in_frame(self):\n>       self.assertAnnotationWorks(\n            \"\"\"\n            {g}class X:\n                {-X@1:0}x = 2\n                {-X@1:0}y\n                {-X@1:0}y = {-X@1:0}x\n            \"\"\"\n        )\n\ntests\\class_test.py:62: \n_ _ _ _ _ _ _ _ _ _ _ _ _ _ _ _ _ _ _ _ _ _ _ _ _ _ _ _ _ _ _ _ _ _ _ _ _ _ _ _\ntests\\class_test.py:53: in assertAnnotationWorks\n    super().assertAnnotationWorks(*args, **kwargs)\ntests\\utils.py:120: in assertAnnotationWorks\n    scope_info = annotate(ast.parse(code), class_binds_near)\nast_scope\\annotate.py:69: in annotate\n    annotator.visit(tree)\nC:\\Users\\Mohay\\AppData\\Local\\Programs\\Python\\Python312\\Lib\\ast.py:407: in visit\n    return visitor(node)\nC:\\Users\\Mohay\\AppData\\Local\\Programs\\Python\\Python312\\Lib\\ast.py:415: in generic_visit\n    self.visit(item)\nC:\\Users\\Mohay\\AppData\\Local\\Programs\\Python\\Python312\\Lib\\ast.py:407: in visit\n    return visitor(node)\n_ _ _ _ _ _ _ _ _ _ _ _ _ _ _ _ _ _ _ _ _ _ _ _ _ _ _ _ _ _ _ _ _ _ _ _ _ _ _ _\n\nself = <ast_scope.annotator.AnnotateScope object at 0x00000217310C1520>\nclass_node = <ast.ClassDef object at 0x0000021731465490>\n\n    def visit_ClassDef(self, class_node):\n        self.annotate_intermediate_scope(class_node, class_node.name, True)\n        self.scope.modify(class_node.name)\n        subscope = self.create_subannotator(\n            IntermediateClassScope(class_node, self.scope, self.class_binds_near)\n        )\n>       assert class_node._fields == (\n            \"name\",\n            \"bases\",\n            \"keywords\",\n            \"body\",\n            \"decorator_list\",\n        )\nE       AssertionError\n\nast_scope\\annotator.py:225: AssertionError"
      },
      "teardown": {
        "outcome": "passed"
      }
    },
    {
      "nodeid": "tests/comprehension_test.py::FunctionFrameTest::test_complex_target",
      "lineno": 49,
      "outcome": "passed",
      "keywords": [
        "test_complex_target",
        "FunctionFrameTest",
        "comprehension_test.py",
        "tests",
        "kavigupta@ast_scope__86e079f1__attrs__cattrs",
        ""
      ],
      "setup": {
        "outcome": "passed"
      },
      "call": {
        "outcome": "passed"
      },
      "teardown": {
        "outcome": "passed"
      }
    },
    {
      "nodeid": "tests/comprehension_test.py::FunctionFrameTest::test_dict_comprehension",
      "lineno": 74,
      "outcome": "passed",
      "keywords": [
        "test_dict_comprehension",
        "FunctionFrameTest",
        "comprehension_test.py",
        "tests",
        "kavigupta@ast_scope__86e079f1__attrs__cattrs",
        ""
      ],
      "setup": {
        "outcome": "passed"
      },
      "call": {
        "outcome": "passed"
      },
      "teardown": {
        "outcome": "passed"
      }
    },
    {
      "nodeid": "tests/comprehension_test.py::FunctionFrameTest::test_gen_comprehension",
      "lineno": 68,
      "outcome": "passed",
      "keywords": [
        "test_gen_comprehension",
        "FunctionFrameTest",
        "comprehension_test.py",
        "tests",
        "kavigupta@ast_scope__86e079f1__attrs__cattrs",
        ""
      ],
      "setup": {
        "outcome": "passed"
      },
      "call": {
        "outcome": "passed"
      },
      "teardown": {
        "outcome": "passed"
      }
    },
    {
      "nodeid": "tests/comprehension_test.py::FunctionFrameTest::test_inherits_parent",
      "lineno": 57,
      "outcome": "passed",
      "keywords": [
        "test_inherits_parent",
        "FunctionFrameTest",
        "comprehension_test.py",
        "tests",
        "kavigupta@ast_scope__86e079f1__attrs__cattrs",
        ""
      ],
      "setup": {
        "outcome": "passed"
      },
      "call": {
        "outcome": "passed"
      },
      "teardown": {
        "outcome": "passed"
      }
    },
    {
      "nodeid": "tests/comprehension_test.py::FunctionFrameTest::test_listcomp",
      "lineno": 3,
      "outcome": "passed",
      "keywords": [
        "test_listcomp",
        "FunctionFrameTest",
        "comprehension_test.py",
        "tests",
        "kavigupta@ast_scope__86e079f1__attrs__cattrs",
        ""
      ],
      "setup": {
        "outcome": "passed"
      },
      "call": {
        "outcome": "passed"
      },
      "teardown": {
        "outcome": "passed"
      }
    },
    {
      "nodeid": "tests/comprehension_test.py::FunctionFrameTest::test_listcomp_with_if",
      "lineno": 9,
      "outcome": "passed",
      "keywords": [
        "test_listcomp_with_if",
        "FunctionFrameTest",
        "comprehension_test.py",
        "tests",
        "kavigupta@ast_scope__86e079f1__attrs__cattrs",
        ""
      ],
      "setup": {
        "outcome": "passed"
      },
      "call": {
        "outcome": "passed"
      },
      "teardown": {
        "outcome": "passed"
      }
    },
    {
      "nodeid": "tests/comprehension_test.py::FunctionFrameTest::test_multi_if",
      "lineno": 41,
      "outcome": "passed",
      "keywords": [
        "test_multi_if",
        "FunctionFrameTest",
        "comprehension_test.py",
        "tests",
        "kavigupta@ast_scope__86e079f1__attrs__cattrs",
        ""
      ],
      "setup": {
        "outcome": "passed"
      },
      "call": {
        "outcome": "passed"
      },
      "teardown": {
        "outcome": "passed"
      }
    },
    {
      "nodeid": "tests/comprehension_test.py::FunctionFrameTest::test_nested_listcomp",
      "lineno": 15,
      "outcome": "passed",
      "keywords": [
        "test_nested_listcomp",
        "FunctionFrameTest",
        "comprehension_test.py",
        "tests",
        "kavigupta@ast_scope__86e079f1__attrs__cattrs",
        ""
      ],
      "setup": {
        "outcome": "passed"
      },
      "call": {
        "outcome": "passed"
      },
      "teardown": {
        "outcome": "passed"
      }
    },
    {
      "nodeid": "tests/comprehension_test.py::FunctionFrameTest::test_serial_listcomp",
      "lineno": 22,
      "outcome": "passed",
      "keywords": [
        "test_serial_listcomp",
        "FunctionFrameTest",
        "comprehension_test.py",
        "tests",
        "kavigupta@ast_scope__86e079f1__attrs__cattrs",
        ""
      ],
      "setup": {
        "outcome": "passed"
      },
      "call": {
        "outcome": "passed"
      },
      "teardown": {
        "outcome": "passed"
      }
    },
    {
      "nodeid": "tests/comprehension_test.py::FunctionFrameTest::test_serial_listcomp_with_if",
      "lineno": 32,
      "outcome": "passed",
      "keywords": [
        "test_serial_listcomp_with_if",
        "FunctionFrameTest",
        "comprehension_test.py",
        "tests",
        "kavigupta@ast_scope__86e079f1__attrs__cattrs",
        ""
      ],
      "setup": {
        "outcome": "passed"
      },
      "call": {
        "outcome": "passed"
      },
      "teardown": {
        "outcome": "passed"
      }
    },
    {
      "nodeid": "tests/comprehension_test.py::FunctionFrameTest::test_set_comprehension",
      "lineno": 66,
      "outcome": "passed",
      "keywords": [
        "test_set_comprehension",
        "FunctionFrameTest",
        "comprehension_test.py",
        "tests",
        "kavigupta@ast_scope__86e079f1__attrs__cattrs",
        ""
      ],
      "setup": {
        "outcome": "passed"
      },
      "call": {
        "outcome": "passed"
      },
      "teardown": {
        "outcome": "passed"
      }
    },
    {
      "nodeid": "tests/dependency_graph_test.py::TestClassDefault::testEmptyGraph",
      "lineno": 3,
      "outcome": "passed",
      "keywords": [
        "testEmptyGraph",
        "TestClassDefault",
        "dependency_graph_test.py",
        "tests",
        "kavigupta@ast_scope__86e079f1__attrs__cattrs",
        ""
      ],
      "setup": {
        "outcome": "passed"
      },
      "call": {
        "outcome": "passed"
      },
      "teardown": {
        "outcome": "passed"
      }
    },
    {
      "nodeid": "tests/dependency_graph_test.py::TestClassDefault::testFunctionWithNoGlobals",
      "lineno": 20,
      "outcome": "passed",
      "keywords": [
        "testFunctionWithNoGlobals",
        "TestClassDefault",
        "dependency_graph_test.py",
        "tests",
        "kavigupta@ast_scope__86e079f1__attrs__cattrs",
        ""
      ],
      "setup": {
        "outcome": "passed"
      },
      "call": {
        "outcome": "passed"
      },
      "teardown": {
        "outcome": "passed"
      }
    },
    {
      "nodeid": "tests/dependency_graph_test.py::TestClassDefault::testGraphDirection",
      "lineno": 38,
      "outcome": "passed",
      "keywords": [
        "testGraphDirection",
        "TestClassDefault",
        "dependency_graph_test.py",
        "tests",
        "kavigupta@ast_scope__86e079f1__attrs__cattrs",
        ""
      ],
      "setup": {
        "outcome": "passed"
      },
      "call": {
        "outcome": "passed"
      },
      "teardown": {
        "outcome": "passed"
      }
    },
    {
      "nodeid": "tests/dependency_graph_test.py::TestClassDefault::testJustVariables",
      "lineno": 11,
      "outcome": "passed",
      "keywords": [
        "testJustVariables",
        "TestClassDefault",
        "dependency_graph_test.py",
        "tests",
        "kavigupta@ast_scope__86e079f1__attrs__cattrs",
        ""
      ],
      "setup": {
        "outcome": "passed"
      },
      "call": {
        "outcome": "passed"
      },
      "teardown": {
        "outcome": "passed"
      }
    },
    {
      "nodeid": "tests/dependency_graph_test.py::TestClassDefault::testLocalFunctionsDontGetNodes",
      "lineno": 70,
      "outcome": "passed",
      "keywords": [
        "testLocalFunctionsDontGetNodes",
        "TestClassDefault",
        "dependency_graph_test.py",
        "tests",
        "kavigupta@ast_scope__86e079f1__attrs__cattrs",
        ""
      ],
      "setup": {
        "outcome": "passed"
      },
      "call": {
        "outcome": "passed"
      },
      "teardown": {
        "outcome": "passed"
      }
    },
    {
      "nodeid": "tests/dependency_graph_test.py::TestClassDefault::testRecursiveFunction",
      "lineno": 29,
      "outcome": "passed",
      "keywords": [
        "testRecursiveFunction",
        "TestClassDefault",
        "dependency_graph_test.py",
        "tests",
        "kavigupta@ast_scope__86e079f1__attrs__cattrs",
        ""
      ],
      "setup": {
        "outcome": "passed"
      },
      "call": {
        "outcome": "passed"
      },
      "teardown": {
        "outcome": "passed"
      }
    },
    {
      "nodeid": "tests/dependency_graph_test.py::TestClassDefault::testReferenceToImport",
      "lineno": 94,
      "outcome": "passed",
      "keywords": [
        "testReferenceToImport",
        "TestClassDefault",
        "dependency_graph_test.py",
        "tests",
        "kavigupta@ast_scope__86e079f1__attrs__cattrs",
        ""
      ],
      "setup": {
        "outcome": "passed"
      },
      "call": {
        "outcome": "passed"
      },
      "teardown": {
        "outcome": "passed"
      }
    },
    {
      "nodeid": "tests/dependency_graph_test.py::TestClassDefault::testReferencesToClasses",
      "lineno": 80,
      "outcome": "failed",
      "keywords": [
        "testReferencesToClasses",
        "TestClassDefault",
        "dependency_graph_test.py",
        "tests",
        "kavigupta@ast_scope__86e079f1__attrs__cattrs",
        ""
      ],
      "setup": {
        "outcome": "passed"
      },
      "call": {
        "outcome": "failed",
        "crash": {
          "path": "D:\\repos\\kavigupta@ast_scope__86e079f1__attrs__cattrs\\ast_scope\\annotator.py",
          "lineno": 225,
          "message": "AssertionError"
        },
        "traceback": [
          {
            "path": "tests\\dependency_graph_test.py",
            "lineno": 82,
            "message": ""
          },
          {
            "path": "tests\\utils.py",
            "lineno": 130,
            "message": "in assertGraphWorks"
          },
          {
            "path": "ast_scope\\annotate.py",
            "lineno": 69,
            "message": "in annotate"
          },
          {
            "path": "C:\\Users\\Mohay\\AppData\\Local\\Programs\\Python\\Python312\\Lib\\ast.py",
            "lineno": 407,
            "message": "in visit"
          },
          {
            "path": "C:\\Users\\Mohay\\AppData\\Local\\Programs\\Python\\Python312\\Lib\\ast.py",
            "lineno": 415,
            "message": "in generic_visit"
          },
          {
            "path": "C:\\Users\\Mohay\\AppData\\Local\\Programs\\Python\\Python312\\Lib\\ast.py",
            "lineno": 407,
            "message": "in visit"
          },
          {
            "path": "ast_scope\\annotator.py",
            "lineno": 225,
            "message": "AssertionError"
          }
        ],
        "longrepr": "self = <tests.dependency_graph_test.TestClassDefault testMethod=testReferencesToClasses>\n\n    def testReferencesToClasses(self):\n>       self.assertGraphWorks(\n            \"\"\"\n            class X:\n                def f(x):\n                    return h(x)\n            def g(x):\n                return X.f(3)\n            def h(x):\n                return 2\n            \"\"\",\n            vertices=[\"X\", \"g\", \"h\"],\n            edges=[(\"X\", \"h\"), (\"g\", \"X\")]\n        )\n\ntests\\dependency_graph_test.py:82: \n_ _ _ _ _ _ _ _ _ _ _ _ _ _ _ _ _ _ _ _ _ _ _ _ _ _ _ _ _ _ _ _ _ _ _ _ _ _ _ _\ntests\\utils.py:130: in assertGraphWorks\n    graph = annotate(ast.parse(trim(code))).static_dependency_graph\nast_scope\\annotate.py:69: in annotate\n    annotator.visit(tree)\nC:\\Users\\Mohay\\AppData\\Local\\Programs\\Python\\Python312\\Lib\\ast.py:407: in visit\n    return visitor(node)\nC:\\Users\\Mohay\\AppData\\Local\\Programs\\Python\\Python312\\Lib\\ast.py:415: in generic_visit\n    self.visit(item)\nC:\\Users\\Mohay\\AppData\\Local\\Programs\\Python\\Python312\\Lib\\ast.py:407: in visit\n    return visitor(node)\n_ _ _ _ _ _ _ _ _ _ _ _ _ _ _ _ _ _ _ _ _ _ _ _ _ _ _ _ _ _ _ _ _ _ _ _ _ _ _ _\n\nself = <ast_scope.annotator.AnnotateScope object at 0x00000217310C7F80>\nclass_node = <ast.ClassDef object at 0x00000217314740D0>\n\n    def visit_ClassDef(self, class_node):\n        self.annotate_intermediate_scope(class_node, class_node.name, True)\n        self.scope.modify(class_node.name)\n        subscope = self.create_subannotator(\n            IntermediateClassScope(class_node, self.scope, self.class_binds_near)\n        )\n>       assert class_node._fields == (\n            \"name\",\n            \"bases\",\n            \"keywords\",\n            \"body\",\n            \"decorator_list\",\n        )\nE       AssertionError\n\nast_scope\\annotator.py:225: AssertionError"
      },
      "teardown": {
        "outcome": "passed"
      }
    },
    {
      "nodeid": "tests/dependency_graph_test.py::TestClassDefault::testRefersToImportStatements",
      "lineno": 60,
      "outcome": "passed",
      "keywords": [
        "testRefersToImportStatements",
        "TestClassDefault",
        "dependency_graph_test.py",
        "tests",
        "kavigupta@ast_scope__86e079f1__attrs__cattrs",
        ""
      ],
      "setup": {
        "outcome": "passed"
      },
      "call": {
        "outcome": "passed"
      },
      "teardown": {
        "outcome": "passed"
      }
    },
    {
      "nodeid": "tests/dependency_graph_test.py::TestClassDefault::testRefersToVariables",
      "lineno": 49,
      "outcome": "passed",
      "keywords": [
        "testRefersToVariables",
        "TestClassDefault",
        "dependency_graph_test.py",
        "tests",
        "kavigupta@ast_scope__86e079f1__attrs__cattrs",
        ""
      ],
      "setup": {
        "outcome": "passed"
      },
      "call": {
        "outcome": "passed"
      },
      "teardown": {
        "outcome": "passed"
      }
    },
    {
      "nodeid": "tests/exception_test.py::ExceptionTests::test_multiple_arguments",
      "lineno": 4,
      "outcome": "passed",
      "keywords": [
        "test_multiple_arguments",
        "ExceptionTests",
        "exception_test.py",
        "tests",
        "kavigupta@ast_scope__86e079f1__attrs__cattrs",
        ""
      ],
      "setup": {
        "outcome": "passed"
      },
      "call": {
        "outcome": "passed"
      },
      "teardown": {
        "outcome": "passed"
      }
    },
    {
      "nodeid": "tests/function_frame_test.py::FunctionFrameTest::test_async_parameters_new",
      "lineno": 137,
      "outcome": "passed",
      "keywords": [
        "test_async_parameters_new",
        "FunctionFrameTest",
        "function_frame_test.py",
        "tests",
        "kavigupta@ast_scope__86e079f1__attrs__cattrs",
        ""
      ],
      "setup": {
        "outcome": "passed"
      },
      "call": {
        "outcome": "passed"
      },
      "teardown": {
        "outcome": "passed"
      }
    },
    {
      "nodeid": "tests/function_frame_test.py::FunctionFrameTest::test_async_parameters_old",
      "lineno": 137,
      "outcome": "passed",
      "keywords": [
        "test_async_parameters_old",
        "FunctionFrameTest",
        "function_frame_test.py",
        "tests",
        "kavigupta@ast_scope__86e079f1__attrs__cattrs",
        ""
      ],
      "setup": {
        "outcome": "passed"
      },
      "call": {
        "outcome": "passed"
      },
      "teardown": {
        "outcome": "passed"
      }
    },
    {
      "nodeid": "tests/function_frame_test.py::FunctionFrameTest::test_decorator_top_level_new",
      "lineno": 137,
      "outcome": "passed",
      "keywords": [
        "test_decorator_top_level_new",
        "FunctionFrameTest",
        "function_frame_test.py",
        "tests",
        "kavigupta@ast_scope__86e079f1__attrs__cattrs",
        ""
      ],
      "setup": {
        "outcome": "passed"
      },
      "call": {
        "outcome": "passed"
      },
      "teardown": {
        "outcome": "passed"
      }
    },
    {
      "nodeid": "tests/function_frame_test.py::FunctionFrameTest::test_decorator_top_level_old",
      "lineno": 137,
      "outcome": "passed",
      "keywords": [
        "test_decorator_top_level_old",
        "FunctionFrameTest",
        "function_frame_test.py",
        "tests",
        "kavigupta@ast_scope__86e079f1__attrs__cattrs",
        ""
      ],
      "setup": {
        "outcome": "passed"
      },
      "call": {
        "outcome": "passed"
      },
      "teardown": {
        "outcome": "passed"
      }
    },
    {
      "nodeid": "tests/function_frame_test.py::FunctionFrameTest::test_def_is_assign",
      "lineno": 108,
      "outcome": "passed",
      "keywords": [
        "test_def_is_assign",
        "FunctionFrameTest",
        "function_frame_test.py",
        "tests",
        "kavigupta@ast_scope__86e079f1__attrs__cattrs",
        ""
      ],
      "setup": {
        "outcome": "passed"
      },
      "call": {
        "outcome": "passed"
      },
      "teardown": {
        "outcome": "passed"
      }
    },
    {
      "nodeid": "tests/function_frame_test.py::FunctionFrameTest::test_global_statement",
      "lineno": 11,
      "outcome": "passed",
      "keywords": [
        "test_global_statement",
        "FunctionFrameTest",
        "function_frame_test.py",
        "tests",
        "kavigupta@ast_scope__86e079f1__attrs__cattrs",
        ""
      ],
      "setup": {
        "outcome": "passed"
      },
      "call": {
        "outcome": "passed"
      },
      "teardown": {
        "outcome": "passed"
      }
    },
    {
      "nodeid": "tests/function_frame_test.py::FunctionFrameTest::test_inherits",
      "lineno": 21,
      "outcome": "passed",
      "keywords": [
        "test_inherits",
        "FunctionFrameTest",
        "function_frame_test.py",
        "tests",
        "kavigupta@ast_scope__86e079f1__attrs__cattrs",
        ""
      ],
      "setup": {
        "outcome": "passed"
      },
      "call": {
        "outcome": "passed"
      },
      "teardown": {
        "outcome": "passed"
      }
    },
    {
      "nodeid": "tests/function_frame_test.py::FunctionFrameTest::test_nested_function",
      "lineno": 61,
      "outcome": "passed",
      "keywords": [
        "test_nested_function",
        "FunctionFrameTest",
        "function_frame_test.py",
        "tests",
        "kavigupta@ast_scope__86e079f1__attrs__cattrs",
        ""
      ],
      "setup": {
        "outcome": "passed"
      },
      "call": {
        "outcome": "passed"
      },
      "teardown": {
        "outcome": "passed"
      }
    },
    {
      "nodeid": "tests/function_frame_test.py::FunctionFrameTest::test_no_parameter_function",
      "lineno": 3,
      "outcome": "passed",
      "keywords": [
        "test_no_parameter_function",
        "FunctionFrameTest",
        "function_frame_test.py",
        "tests",
        "kavigupta@ast_scope__86e079f1__attrs__cattrs",
        ""
      ],
      "setup": {
        "outcome": "passed"
      },
      "call": {
        "outcome": "passed"
      },
      "teardown": {
        "outcome": "passed"
      }
    },
    {
      "nodeid": "tests/function_frame_test.py::FunctionFrameTest::test_not_found_to_be_global",
      "lineno": 79,
      "outcome": "passed",
      "keywords": [
        "test_not_found_to_be_global",
        "FunctionFrameTest",
        "function_frame_test.py",
        "tests",
        "kavigupta@ast_scope__86e079f1__attrs__cattrs",
        ""
      ],
      "setup": {
        "outcome": "passed"
      },
      "call": {
        "outcome": "passed"
      },
      "teardown": {
        "outcome": "passed"
      }
    },
    {
      "nodeid": "tests/function_frame_test.py::FunctionFrameTest::test_parameters",
      "lineno": 38,
      "outcome": "passed",
      "keywords": [
        "test_parameters",
        "FunctionFrameTest",
        "function_frame_test.py",
        "tests",
        "kavigupta@ast_scope__86e079f1__attrs__cattrs",
        ""
      ],
      "setup": {
        "outcome": "passed"
      },
      "call": {
        "outcome": "passed"
      },
      "teardown": {
        "outcome": "passed"
      }
    },
    {
      "nodeid": "tests/function_frame_test.py::FunctionFrameTest::test_self_reference",
      "lineno": 30,
      "outcome": "passed",
      "keywords": [
        "test_self_reference",
        "FunctionFrameTest",
        "function_frame_test.py",
        "tests",
        "kavigupta@ast_scope__86e079f1__attrs__cattrs",
        ""
      ],
      "setup": {
        "outcome": "passed"
      },
      "call": {
        "outcome": "passed"
      },
      "teardown": {
        "outcome": "passed"
      }
    },
    {
      "nodeid": "tests/function_frame_test.py::FunctionFrameTest::test_set_after_get",
      "lineno": 70,
      "outcome": "passed",
      "keywords": [
        "test_set_after_get",
        "FunctionFrameTest",
        "function_frame_test.py",
        "tests",
        "kavigupta@ast_scope__86e079f1__attrs__cattrs",
        ""
      ],
      "setup": {
        "outcome": "passed"
      },
      "call": {
        "outcome": "passed"
      },
      "teardown": {
        "outcome": "passed"
      }
    },
    {
      "nodeid": "tests/lambda_test.py::FunctionFrameTest::test_basic_lambda",
      "lineno": 3,
      "outcome": "passed",
      "keywords": [
        "test_basic_lambda",
        "FunctionFrameTest",
        "lambda_test.py",
        "tests",
        "kavigupta@ast_scope__86e079f1__attrs__cattrs",
        ""
      ],
      "setup": {
        "outcome": "passed"
      },
      "call": {
        "outcome": "passed"
      },
      "teardown": {
        "outcome": "passed"
      }
    },
    {
      "nodeid": "tests/lambda_test.py::FunctionFrameTest::test_default_params_in_parent",
      "lineno": 28,
      "outcome": "passed",
      "keywords": [
        "test_default_params_in_parent",
        "FunctionFrameTest",
        "lambda_test.py",
        "tests",
        "kavigupta@ast_scope__86e079f1__attrs__cattrs",
        ""
      ],
      "setup": {
        "outcome": "passed"
      },
      "call": {
        "outcome": "passed"
      },
      "teardown": {
        "outcome": "passed"
      }
    },
    {
      "nodeid": "tests/lambda_test.py::FunctionFrameTest::test_multiarg_lambda",
      "lineno": 15,
      "outcome": "passed",
      "keywords": [
        "test_multiarg_lambda",
        "FunctionFrameTest",
        "lambda_test.py",
        "tests",
        "kavigupta@ast_scope__86e079f1__attrs__cattrs",
        ""
      ],
      "setup": {
        "outcome": "passed"
      },
      "call": {
        "outcome": "passed"
      },
      "teardown": {
        "outcome": "passed"
      }
    },
    {
      "nodeid": "tests/lambda_test.py::FunctionFrameTest::test_nested_lambdas",
      "lineno": 21,
      "outcome": "passed",
      "keywords": [
        "test_nested_lambdas",
        "FunctionFrameTest",
        "lambda_test.py",
        "tests",
        "kavigupta@ast_scope__86e079f1__attrs__cattrs",
        ""
      ],
      "setup": {
        "outcome": "passed"
      },
      "call": {
        "outcome": "passed"
      },
      "teardown": {
        "outcome": "passed"
      }
    },
    {
      "nodeid": "tests/lambda_test.py::FunctionFrameTest::test_noarg_lambda",
      "lineno": 9,
      "outcome": "passed",
      "keywords": [
        "test_noarg_lambda",
        "FunctionFrameTest",
        "lambda_test.py",
        "tests",
        "kavigupta@ast_scope__86e079f1__attrs__cattrs",
        ""
      ],
      "setup": {
        "outcome": "passed"
      },
      "call": {
        "outcome": "passed"
      },
      "teardown": {
        "outcome": "passed"
      }
    },
    {
      "nodeid": "tests/nonlocal_test.py::NonlocalTest::test_basic_nonlocal",
      "lineno": 13,
      "outcome": "passed",
      "keywords": [
        "test_basic_nonlocal",
        "NonlocalTest",
        "nonlocal_test.py",
        "tests",
        "kavigupta@ast_scope__86e079f1__attrs__cattrs",
        ""
      ],
      "setup": {
        "outcome": "passed"
      },
      "call": {
        "outcome": "passed"
      },
      "teardown": {
        "outcome": "passed"
      }
    },
    {
      "nodeid": "tests/nonlocal_test.py::NonlocalTest::test_global_escapes_scope",
      "lineno": 55,
      "outcome": "passed",
      "keywords": [
        "test_global_escapes_scope",
        "NonlocalTest",
        "nonlocal_test.py",
        "tests",
        "kavigupta@ast_scope__86e079f1__attrs__cattrs",
        ""
      ],
      "setup": {
        "outcome": "passed"
      },
      "call": {
        "outcome": "passed"
      },
      "teardown": {
        "outcome": "passed"
      }
    },
    {
      "nodeid": "tests/nonlocal_test.py::NonlocalTest::test_global_escapes_scope_even_without_declaration",
      "lineno": 67,
      "outcome": "passed",
      "keywords": [
        "test_global_escapes_scope_even_without_declaration",
        "NonlocalTest",
        "nonlocal_test.py",
        "tests",
        "kavigupta@ast_scope__86e079f1__attrs__cattrs",
        ""
      ],
      "setup": {
        "outcome": "passed"
      },
      "call": {
        "outcome": "passed"
      },
      "teardown": {
        "outcome": "passed"
      }
    },
    {
      "nodeid": "tests/nonlocal_test.py::NonlocalTest::test_no_nonlocal",
      "lineno": 4,
      "outcome": "passed",
      "keywords": [
        "test_no_nonlocal",
        "NonlocalTest",
        "nonlocal_test.py",
        "tests",
        "kavigupta@ast_scope__86e079f1__attrs__cattrs",
        ""
      ],
      "setup": {
        "outcome": "passed"
      },
      "call": {
        "outcome": "passed"
      },
      "teardown": {
        "outcome": "passed"
      }
    },
    {
      "nodeid": "tests/nonlocal_test.py::NonlocalTest::test_nonlocal_found_in_most_recent_parent",
      "lineno": 33,
      "outcome": "passed",
      "keywords": [
        "test_nonlocal_found_in_most_recent_parent",
        "NonlocalTest",
        "nonlocal_test.py",
        "tests",
        "kavigupta@ast_scope__86e079f1__attrs__cattrs",
        ""
      ],
      "setup": {
        "outcome": "passed"
      },
      "call": {
        "outcome": "passed"
      },
      "teardown": {
        "outcome": "passed"
      }
    },
    {
      "nodeid": "tests/nonlocal_test.py::NonlocalTest::test_nonlocal_found_in_parent_of_parent",
      "lineno": 44,
      "outcome": "passed",
      "keywords": [
        "test_nonlocal_found_in_parent_of_parent",
        "NonlocalTest",
        "nonlocal_test.py",
        "tests",
        "kavigupta@ast_scope__86e079f1__attrs__cattrs",
        ""
      ],
      "setup": {
        "outcome": "passed"
      },
      "call": {
        "outcome": "passed"
      },
      "teardown": {
        "outcome": "passed"
      }
    },
    {
      "nodeid": "tests/nonlocal_test.py::NonlocalTest::test_nonlocal_not_found",
      "lineno": 23,
      "outcome": "passed",
      "keywords": [
        "test_nonlocal_not_found",
        "NonlocalTest",
        "nonlocal_test.py",
        "tests",
        "kavigupta@ast_scope__86e079f1__attrs__cattrs",
        ""
      ],
      "setup": {
        "outcome": "passed"
      },
      "call": {
        "outcome": "passed"
      },
      "teardown": {
        "outcome": "passed"
      }
    },
    {
      "nodeid": "tests/nonlocal_test.py::NonlocalTest::test_symbol_in_different_frame_from_parent",
      "lineno": 78,
      "outcome": "passed",
      "keywords": [
        "test_symbol_in_different_frame_from_parent",
        "NonlocalTest",
        "nonlocal_test.py",
        "tests",
        "kavigupta@ast_scope__86e079f1__attrs__cattrs",
        ""
      ],
      "setup": {
        "outcome": "passed"
      },
      "call": {
        "outcome": "passed"
      },
      "teardown": {
        "outcome": "passed"
      }
    },
    {
      "nodeid": "tests/special_symbols_test.py::SpecialSymbolsTest::test_booleans",
      "lineno": 4,
      "outcome": "passed",
      "keywords": [
        "test_booleans",
        "SpecialSymbolsTest",
        "special_symbols_test.py",
        "tests",
        "kavigupta@ast_scope__86e079f1__attrs__cattrs",
        ""
      ],
      "setup": {
        "outcome": "passed"
      },
      "call": {
        "outcome": "passed"
      },
      "teardown": {
        "outcome": "passed"
      }
    },
    {
      "nodeid": "tests/types_test.py::TypeAnnotationTest::test_basic_assignment",
      "lineno": 7,
      "outcome": "failed",
      "keywords": [
        "test_basic_assignment",
        "TypeAnnotationTest",
        "types_test.py",
        "tests",
        "kavigupta@ast_scope__86e079f1__attrs__cattrs",
        ""
      ],
      "setup": {
        "outcome": "passed"
      },
      "call": {
        "outcome": "failed",
        "crash": {
          "path": "D:\\repos\\kavigupta@ast_scope__86e079f1__attrs__cattrs\\ast_scope\\annotator.py",
          "lineno": 225,
          "message": "AssertionError"
        },
        "traceback": [
          {
            "path": "tests\\types_test.py",
            "lineno": 21,
            "message": ""
          },
          {
            "path": "tests\\utils.py",
            "lineno": 120,
            "message": "in assertAnnotationWorks"
          },
          {
            "path": "ast_scope\\annotate.py",
            "lineno": 69,
            "message": "in annotate"
          },
          {
            "path": "C:\\Users\\Mohay\\AppData\\Local\\Programs\\Python\\Python312\\Lib\\ast.py",
            "lineno": 407,
            "message": "in visit"
          },
          {
            "path": "C:\\Users\\Mohay\\AppData\\Local\\Programs\\Python\\Python312\\Lib\\ast.py",
            "lineno": 415,
            "message": "in generic_visit"
          },
          {
            "path": "C:\\Users\\Mohay\\AppData\\Local\\Programs\\Python\\Python312\\Lib\\ast.py",
            "lineno": 407,
            "message": "in visit"
          },
          {
            "path": "ast_scope\\annotator.py",
            "lineno": 225,
            "message": "AssertionError"
          }
        ],
        "longrepr": "self = <tests.types_test.TypeAnnotationTest testMethod=test_basic_assignment>\n\n    def test_basic_assignment(self):\n        annotated_code = \"\"\"\n        {<3.8!g}@{g}f\n        {>=3.8!g}class A:\n            pass\n    \n        {g}class B({g}A, x={g}A):\n            pass\n    \n        {g}C = {g}B\n        {g}CONSTANT: {g}C = {g}C()\n        {g}CONST: {g}C\n        \"\"\"\n>       self.assertAnnotationWorks(annotated_code)\n\ntests\\types_test.py:21: \n_ _ _ _ _ _ _ _ _ _ _ _ _ _ _ _ _ _ _ _ _ _ _ _ _ _ _ _ _ _ _ _ _ _ _ _ _ _ _ _\ntests\\utils.py:120: in assertAnnotationWorks\n    scope_info = annotate(ast.parse(code), class_binds_near)\nast_scope\\annotate.py:69: in annotate\n    annotator.visit(tree)\nC:\\Users\\Mohay\\AppData\\Local\\Programs\\Python\\Python312\\Lib\\ast.py:407: in visit\n    return visitor(node)\nC:\\Users\\Mohay\\AppData\\Local\\Programs\\Python\\Python312\\Lib\\ast.py:415: in generic_visit\n    self.visit(item)\nC:\\Users\\Mohay\\AppData\\Local\\Programs\\Python\\Python312\\Lib\\ast.py:407: in visit\n    return visitor(node)\n_ _ _ _ _ _ _ _ _ _ _ _ _ _ _ _ _ _ _ _ _ _ _ _ _ _ _ _ _ _ _ _ _ _ _ _ _ _ _ _\n\nself = <ast_scope.annotator.AnnotateScope object at 0x0000021731107B90>\nclass_node = <ast.ClassDef object at 0x00000217311F2ED0>\n\n    def visit_ClassDef(self, class_node):\n        self.annotate_intermediate_scope(class_node, class_node.name, True)\n        self.scope.modify(class_node.name)\n        subscope = self.create_subannotator(\n            IntermediateClassScope(class_node, self.scope, self.class_binds_near)\n        )\n>       assert class_node._fields == (\n            \"name\",\n            \"bases\",\n            \"keywords\",\n            \"body\",\n            \"decorator_list\",\n        )\nE       AssertionError\n\nast_scope\\annotator.py:225: AssertionError"
      },
      "teardown": {
        "outcome": "passed"
      }
    }
  ]
}