{
  "exitcode": 1,
  "summary": {
    "failed": 72,
    "passed": 31,
    "total": 103,
    "collected": 103
  },
  "collectors": [
    {
      "nodeid": "",
      "outcome": "passed",
      "result": [
        {
          "nodeid": "tests",
          "type": "Package"
        }
      ]
    },
    {
      "nodeid": "tests/client_test.py",
      "outcome": "passed",
      "result": [
        {
          "nodeid": "tests/client_test.py::test_rate_limit_handler",
          "type": "Function",
          "lineno": 10
        },
        {
          "nodeid": "tests/client_test.py::test_do_get_request_sync",
          "type": "Function",
          "lineno": 37
        },
        {
          "nodeid": "tests/client_test.py::test_do_get_request_sync_error",
          "type": "Function",
          "lineno": 60
        },
        {
          "nodeid": "tests/client_test.py::test_do_get_request_async",
          "type": "Coroutine",
          "lineno": 90
        },
        {
          "nodeid": "tests/client_test.py::test_do_get_request_async_error",
          "type": "Coroutine",
          "lineno": 113
        },
        {
          "nodeid": "tests/client_test.py::test_do_get_request_sync_decoding_error",
          "type": "Function",
          "lineno": 138
        },
        {
          "nodeid": "tests/client_test.py::test_do_get_request_sync_combined_headers",
          "type": "Function",
          "lineno": 153
        },
        {
          "nodeid": "tests/client_test.py::test_do_get_request_sync_top_level_attribute",
          "type": "Function",
          "lineno": 173
        },
        {
          "nodeid": "tests/client_test.py::test_do_get_request_includes_user_agent_header",
          "type": "Function",
          "lineno": 195
        },
        {
          "nodeid": "tests/client_test.py::test_client_includes_default_config",
          "type": "Function",
          "lineno": 215
        },
        {
          "nodeid": "tests/client_test.py::test_client_combines_with_defaults",
          "type": "Function",
          "lineno": 240
        },
        {
          "nodeid": "tests/client_test.py::test_verify_ssl_option",
          "type": "Function",
          "lineno": 258
        }
      ]
    },
    {
      "nodeid": "tests/endpoints/get_club_details_test.py",
      "outcome": "passed",
      "result": [
        {
          "nodeid": "tests/endpoints/get_club_details_test.py::test_with_endpoints",
          "type": "Function",
          "lineno": 5
        },
        {
          "nodeid": "tests/endpoints/get_club_details_test.py::test_with_client",
          "type": "Function",
          "lineno": 11
        },
        {
          "nodeid": "tests/endpoints/get_club_details_test.py::test_with_async_client",
          "type": "Coroutine",
          "lineno": 17
        }
      ]
    },
    {
      "nodeid": "tests/endpoints/get_club_matches_test.py",
      "outcome": "passed",
      "result": [
        {
          "nodeid": "tests/endpoints/get_club_matches_test.py::test_with_endpoints",
          "type": "Function",
          "lineno": 5
        },
        {
          "nodeid": "tests/endpoints/get_club_matches_test.py::test_with_client",
          "type": "Function",
          "lineno": 11
        },
        {
          "nodeid": "tests/endpoints/get_club_matches_test.py::test_with_async_client",
          "type": "Coroutine",
          "lineno": 17
        }
      ]
    },
    {
      "nodeid": "tests/endpoints/get_club_members_test.py",
      "outcome": "passed",
      "result": [
        {
          "nodeid": "tests/endpoints/get_club_members_test.py::test_with_endpoints",
          "type": "Function",
          "lineno": 5
        },
        {
          "nodeid": "tests/endpoints/get_club_members_test.py::test_with_client",
          "type": "Function",
          "lineno": 11
        },
        {
          "nodeid": "tests/endpoints/get_club_members_test.py::test_with_async_client",
          "type": "Coroutine",
          "lineno": 17
        }
      ]
    },
    {
      "nodeid": "tests/endpoints/get_country_clubs_test.py",
      "outcome": "passed",
      "result": [
        {
          "nodeid": "tests/endpoints/get_country_clubs_test.py::test_with_endpoints",
          "type": "Function",
          "lineno": 5
        },
        {
          "nodeid": "tests/endpoints/get_country_clubs_test.py::test_with_client",
          "type": "Function",
          "lineno": 11
        },
        {
          "nodeid": "tests/endpoints/get_country_clubs_test.py::test_with_async_client",
          "type": "Coroutine",
          "lineno": 17
        }
      ]
    },
    {
      "nodeid": "tests/endpoints/get_country_details_test.py",
      "outcome": "passed",
      "result": [
        {
          "nodeid": "tests/endpoints/get_country_details_test.py::test_with_endpoints",
          "type": "Function",
          "lineno": 5
        },
        {
          "nodeid": "tests/endpoints/get_country_details_test.py::test_with_client",
          "type": "Function",
          "lineno": 11
        },
        {
          "nodeid": "tests/endpoints/get_country_details_test.py::test_with_async_client",
          "type": "Coroutine",
          "lineno": 17
        }
      ]
    },
    {
      "nodeid": "tests/endpoints/get_country_players_test.py",
      "outcome": "passed",
      "result": [
        {
          "nodeid": "tests/endpoints/get_country_players_test.py::test_with_endpoints",
          "type": "Function",
          "lineno": 5
        },
        {
          "nodeid": "tests/endpoints/get_country_players_test.py::test_with_client",
          "type": "Function",
          "lineno": 11
        },
        {
          "nodeid": "tests/endpoints/get_country_players_test.py::test_with_async_client",
          "type": "Coroutine",
          "lineno": 17
        }
      ]
    },
    {
      "nodeid": "tests/endpoints/get_current_daily_puzzle_test.py",
      "outcome": "passed",
      "result": [
        {
          "nodeid": "tests/endpoints/get_current_daily_puzzle_test.py::test_with_endpoints",
          "type": "Function",
          "lineno": 5
        },
        {
          "nodeid": "tests/endpoints/get_current_daily_puzzle_test.py::test_with_client",
          "type": "Function",
          "lineno": 11
        },
        {
          "nodeid": "tests/endpoints/get_current_daily_puzzle_test.py::test_with_async_client",
          "type": "Coroutine",
          "lineno": 17
        }
      ]
    },
    {
      "nodeid": "tests/endpoints/get_leaderboards_test.py",
      "outcome": "passed",
      "result": [
        {
          "nodeid": "tests/endpoints/get_leaderboards_test.py::test_with_endpoints",
          "type": "Function",
          "lineno": 5
        },
        {
          "nodeid": "tests/endpoints/get_leaderboards_test.py::test_with_client",
          "type": "Function",
          "lineno": 11
        },
        {
          "nodeid": "tests/endpoints/get_leaderboards_test.py::test_with_async_client",
          "type": "Coroutine",
          "lineno": 17
        }
      ]
    },
    {
      "nodeid": "tests/endpoints/get_player_team_matches_test.py",
      "outcome": "passed",
      "result": [
        {
          "nodeid": "tests/endpoints/get_player_team_matches_test.py::test_with_endpoints",
          "type": "Function",
          "lineno": 5
        },
        {
          "nodeid": "tests/endpoints/get_player_team_matches_test.py::test_with_client",
          "type": "Function",
          "lineno": 11
        },
        {
          "nodeid": "tests/endpoints/get_player_team_matches_test.py::test_with_async_client",
          "type": "Coroutine",
          "lineno": 17
        }
      ]
    },
    {
      "nodeid": "tests/endpoints/get_random_daily_puzzle_test.py",
      "outcome": "passed",
      "result": [
        {
          "nodeid": "tests/endpoints/get_random_daily_puzzle_test.py::test_with_endpoints",
          "type": "Function",
          "lineno": 5
        },
        {
          "nodeid": "tests/endpoints/get_random_daily_puzzle_test.py::test_with_client",
          "type": "Function",
          "lineno": 11
        },
        {
          "nodeid": "tests/endpoints/get_random_daily_puzzle_test.py::test_with_async_client",
          "type": "Coroutine",
          "lineno": 17
        }
      ]
    },
    {
      "nodeid": "tests/endpoints/get_streamers_test.py",
      "outcome": "passed",
      "result": [
        {
          "nodeid": "tests/endpoints/get_streamers_test.py::test_with_endpoints",
          "type": "Function",
          "lineno": 5
        },
        {
          "nodeid": "tests/endpoints/get_streamers_test.py::test_with_client",
          "type": "Function",
          "lineno": 11
        },
        {
          "nodeid": "tests/endpoints/get_streamers_test.py::test_with_async_client",
          "type": "Coroutine",
          "lineno": 17
        }
      ]
    },
    {
      "nodeid": "tests/endpoints/get_team_match_board_test.py",
      "outcome": "passed",
      "result": [
        {
          "nodeid": "tests/endpoints/get_team_match_board_test.py::test_with_endpoints",
          "type": "Function",
          "lineno": 5
        },
        {
          "nodeid": "tests/endpoints/get_team_match_board_test.py::test_with_client",
          "type": "Function",
          "lineno": 11
        },
        {
          "nodeid": "tests/endpoints/get_team_match_board_test.py::test_with_async_client",
          "type": "Coroutine",
          "lineno": 17
        }
      ]
    },
    {
      "nodeid": "tests/endpoints/get_team_match_live_board_test.py",
      "outcome": "passed",
      "result": [
        {
          "nodeid": "tests/endpoints/get_team_match_live_board_test.py::test_with_endpoints",
          "type": "Function",
          "lineno": 5
        },
        {
          "nodeid": "tests/endpoints/get_team_match_live_board_test.py::test_with_client",
          "type": "Function",
          "lineno": 11
        },
        {
          "nodeid": "tests/endpoints/get_team_match_live_board_test.py::test_with_async_client",
          "type": "Coroutine",
          "lineno": 17
        }
      ]
    },
    {
      "nodeid": "tests/endpoints/get_team_match_live_test.py",
      "outcome": "passed",
      "result": [
        {
          "nodeid": "tests/endpoints/get_team_match_live_test.py::test_with_endpoints",
          "type": "Function",
          "lineno": 5
        },
        {
          "nodeid": "tests/endpoints/get_team_match_live_test.py::test_with_client",
          "type": "Function",
          "lineno": 11
        },
        {
          "nodeid": "tests/endpoints/get_team_match_live_test.py::test_with_async_client",
          "type": "Coroutine",
          "lineno": 17
        }
      ]
    },
    {
      "nodeid": "tests/endpoints/get_team_match_test.py",
      "outcome": "passed",
      "result": [
        {
          "nodeid": "tests/endpoints/get_team_match_test.py::test_with_endpoints",
          "type": "Function",
          "lineno": 5
        },
        {
          "nodeid": "tests/endpoints/get_team_match_test.py::test_with_client",
          "type": "Function",
          "lineno": 11
        },
        {
          "nodeid": "tests/endpoints/get_team_match_test.py::test_with_async_client",
          "type": "Coroutine",
          "lineno": 17
        }
      ]
    },
    {
      "nodeid": "tests/endpoints/get_titled_players_test.py",
      "outcome": "passed",
      "result": [
        {
          "nodeid": "tests/endpoints/get_titled_players_test.py::test_with_endpoints",
          "type": "Function",
          "lineno": 5
        },
        {
          "nodeid": "tests/endpoints/get_titled_players_test.py::test_with_client",
          "type": "Function",
          "lineno": 11
        },
        {
          "nodeid": "tests/endpoints/get_titled_players_test.py::test_with_async_client",
          "type": "Coroutine",
          "lineno": 17
        }
      ]
    },
    {
      "nodeid": "tests/endpoints/get_tournament_details_test.py",
      "outcome": "passed",
      "result": [
        {
          "nodeid": "tests/endpoints/get_tournament_details_test.py::test_with_endpoints",
          "type": "Function",
          "lineno": 5
        },
        {
          "nodeid": "tests/endpoints/get_tournament_details_test.py::test_with_client",
          "type": "Function",
          "lineno": 13
        },
        {
          "nodeid": "tests/endpoints/get_tournament_details_test.py::test_with_async_client",
          "type": "Coroutine",
          "lineno": 21
        }
      ]
    },
    {
      "nodeid": "tests/endpoints/get_tournament_round_group_details_test.py",
      "outcome": "passed",
      "result": [
        {
          "nodeid": "tests/endpoints/get_tournament_round_group_details_test.py::test_with_endpoints",
          "type": "Function",
          "lineno": 5
        },
        {
          "nodeid": "tests/endpoints/get_tournament_round_group_details_test.py::test_with_client",
          "type": "Function",
          "lineno": 13
        },
        {
          "nodeid": "tests/endpoints/get_tournament_round_group_details_test.py::test_with_async_client",
          "type": "Coroutine",
          "lineno": 21
        }
      ]
    },
    {
      "nodeid": "tests/endpoints/get_tournament_round_test.py",
      "outcome": "passed",
      "result": [
        {
          "nodeid": "tests/endpoints/get_tournament_round_test.py::test_with_endpoints",
          "type": "Function",
          "lineno": 5
        },
        {
          "nodeid": "tests/endpoints/get_tournament_round_test.py::test_with_client",
          "type": "Function",
          "lineno": 13
        },
        {
          "nodeid": "tests/endpoints/get_tournament_round_test.py::test_with_async_client",
          "type": "Coroutine",
          "lineno": 21
        }
      ]
    },
    {
      "nodeid": "tests/endpoints/player_clubs_test.py",
      "outcome": "passed",
      "result": [
        {
          "nodeid": "tests/endpoints/player_clubs_test.py::test_with_endpoints",
          "type": "Function",
          "lineno": 7
        },
        {
          "nodeid": "tests/endpoints/player_clubs_test.py::test_with_client",
          "type": "Function",
          "lineno": 13
        },
        {
          "nodeid": "tests/endpoints/player_clubs_test.py::test_with_async_client",
          "type": "Coroutine",
          "lineno": 19
        },
        {
          "nodeid": "tests/endpoints/player_clubs_test.py::test_empty_data",
          "type": "Function",
          "lineno": 26
        }
      ]
    },
    {
      "nodeid": "tests/endpoints/player_current_games_test.py",
      "outcome": "passed",
      "result": [
        {
          "nodeid": "tests/endpoints/player_current_games_test.py::test_with_endpoints",
          "type": "Function",
          "lineno": 8
        },
        {
          "nodeid": "tests/endpoints/player_current_games_test.py::test_with_client",
          "type": "Function",
          "lineno": 14
        },
        {
          "nodeid": "tests/endpoints/player_current_games_test.py::test_with_async_client",
          "type": "Coroutine",
          "lineno": 20
        },
        {
          "nodeid": "tests/endpoints/player_current_games_test.py::test_empty_data",
          "type": "Function",
          "lineno": 27
        }
      ]
    },
    {
      "nodeid": "tests/endpoints/player_game_archives_test.py",
      "outcome": "passed",
      "result": [
        {
          "nodeid": "tests/endpoints/player_game_archives_test.py::test_with_endpoints",
          "type": "Function",
          "lineno": 7
        },
        {
          "nodeid": "tests/endpoints/player_game_archives_test.py::test_with_client",
          "type": "Function",
          "lineno": 13
        },
        {
          "nodeid": "tests/endpoints/player_game_archives_test.py::test_with_async_client",
          "type": "Coroutine",
          "lineno": 19
        },
        {
          "nodeid": "tests/endpoints/player_game_archives_test.py::test_empty_data",
          "type": "Function",
          "lineno": 26
        }
      ]
    },
    {
      "nodeid": "tests/endpoints/player_games_by_month_pgn_test.py",
      "outcome": "passed",
      "result": [
        {
          "nodeid": "tests/endpoints/player_games_by_month_pgn_test.py::test_with_endpoints",
          "type": "Function",
          "lineno": 5
        },
        {
          "nodeid": "tests/endpoints/player_games_by_month_pgn_test.py::test_with_client",
          "type": "Function",
          "lineno": 13
        },
        {
          "nodeid": "tests/endpoints/player_games_by_month_pgn_test.py::test_with_async_client",
          "type": "Coroutine",
          "lineno": 21
        }
      ]
    },
    {
      "nodeid": "tests/endpoints/player_games_by_month_test.py",
      "outcome": "passed",
      "result": [
        {
          "nodeid": "tests/endpoints/player_games_by_month_test.py::test_with_endpoints",
          "type": "Function",
          "lineno": 8
        },
        {
          "nodeid": "tests/endpoints/player_games_by_month_test.py::test_with_client",
          "type": "Function",
          "lineno": 16
        },
        {
          "nodeid": "tests/endpoints/player_games_by_month_test.py::test_with_async_client",
          "type": "Coroutine",
          "lineno": 24
        },
        {
          "nodeid": "tests/endpoints/player_games_by_month_test.py::test_empty_data",
          "type": "Function",
          "lineno": 33
        }
      ]
    },
    {
      "nodeid": "tests/endpoints/player_profile_test.py",
      "outcome": "passed",
      "result": [
        {
          "nodeid": "tests/endpoints/player_profile_test.py::test_get_with_endpoints",
          "type": "Function",
          "lineno": 9
        },
        {
          "nodeid": "tests/endpoints/player_profile_test.py::test_get_with_client",
          "type": "Function",
          "lineno": 15
        },
        {
          "nodeid": "tests/endpoints/player_profile_test.py::test_get_with_async_client",
          "type": "Coroutine",
          "lineno": 21
        },
        {
          "nodeid": "tests/endpoints/player_profile_test.py::test_empty_data",
          "type": "Function",
          "lineno": 28
        }
      ]
    },
    {
      "nodeid": "tests/endpoints/player_stats_test.py",
      "outcome": "passed",
      "result": [
        {
          "nodeid": "tests/endpoints/player_stats_test.py::test_with_endpoints",
          "type": "Function",
          "lineno": 9
        },
        {
          "nodeid": "tests/endpoints/player_stats_test.py::test_with_client",
          "type": "Function",
          "lineno": 15
        },
        {
          "nodeid": "tests/endpoints/player_stats_test.py::test_with_async_client",
          "type": "Coroutine",
          "lineno": 21
        },
        {
          "nodeid": "tests/endpoints/player_stats_test.py::test_empty_data",
          "type": "Function",
          "lineno": 28
        }
      ]
    },
    {
      "nodeid": "tests/endpoints/player_tournaments_test.py",
      "outcome": "passed",
      "result": [
        {
          "nodeid": "tests/endpoints/player_tournaments_test.py::test_with_endpoints",
          "type": "Function",
          "lineno": 8
        },
        {
          "nodeid": "tests/endpoints/player_tournaments_test.py::test_with_client",
          "type": "Function",
          "lineno": 14
        },
        {
          "nodeid": "tests/endpoints/player_tournaments_test.py::test_with_async_client",
          "type": "Coroutine",
          "lineno": 20
        },
        {
          "nodeid": "tests/endpoints/player_tournaments_test.py::test_empty_data",
          "type": "Function",
          "lineno": 33
        }
      ]
    },
    {
      "nodeid": "tests/endpoints",
      "outcome": "passed",
      "result": [
        {
          "nodeid": "tests/endpoints/get_club_details_test.py",
          "type": "Module"
        },
        {
          "nodeid": "tests/endpoints/get_club_matches_test.py",
          "type": "Module"
        },
        {
          "nodeid": "tests/endpoints/get_club_members_test.py",
          "type": "Module"
        },
        {
          "nodeid": "tests/endpoints/get_country_clubs_test.py",
          "type": "Module"
        },
        {
          "nodeid": "tests/endpoints/get_country_details_test.py",
          "type": "Module"
        },
        {
          "nodeid": "tests/endpoints/get_country_players_test.py",
          "type": "Module"
        },
        {
          "nodeid": "tests/endpoints/get_current_daily_puzzle_test.py",
          "type": "Module"
        },
        {
          "nodeid": "tests/endpoints/get_leaderboards_test.py",
          "type": "Module"
        },
        {
          "nodeid": "tests/endpoints/get_player_team_matches_test.py",
          "type": "Module"
        },
        {
          "nodeid": "tests/endpoints/get_random_daily_puzzle_test.py",
          "type": "Module"
        },
        {
          "nodeid": "tests/endpoints/get_streamers_test.py",
          "type": "Module"
        },
        {
          "nodeid": "tests/endpoints/get_team_match_board_test.py",
          "type": "Module"
        },
        {
          "nodeid": "tests/endpoints/get_team_match_live_board_test.py",
          "type": "Module"
        },
        {
          "nodeid": "tests/endpoints/get_team_match_live_test.py",
          "type": "Module"
        },
        {
          "nodeid": "tests/endpoints/get_team_match_test.py",
          "type": "Module"
        },
        {
          "nodeid": "tests/endpoints/get_titled_players_test.py",
          "type": "Module"
        },
        {
          "nodeid": "tests/endpoints/get_tournament_details_test.py",
          "type": "Module"
        },
        {
          "nodeid": "tests/endpoints/get_tournament_round_group_details_test.py",
          "type": "Module"
        },
        {
          "nodeid": "tests/endpoints/get_tournament_round_test.py",
          "type": "Module"
        },
        {
          "nodeid": "tests/endpoints/player_clubs_test.py",
          "type": "Module"
        },
        {
          "nodeid": "tests/endpoints/player_current_games_test.py",
          "type": "Module"
        },
        {
          "nodeid": "tests/endpoints/player_game_archives_test.py",
          "type": "Module"
        },
        {
          "nodeid": "tests/endpoints/player_games_by_month_pgn_test.py",
          "type": "Module"
        },
        {
          "nodeid": "tests/endpoints/player_games_by_month_test.py",
          "type": "Module"
        },
        {
          "nodeid": "tests/endpoints/player_profile_test.py",
          "type": "Module"
        },
        {
          "nodeid": "tests/endpoints/player_stats_test.py",
          "type": "Module"
        },
        {
          "nodeid": "tests/endpoints/player_tournaments_test.py",
          "type": "Module"
        }
      ]
    },
    {
      "nodeid": "tests/fixtures/vcr_cassettes",
      "outcome": "passed",
      "result": []
    },
    {
      "nodeid": "tests/fixtures",
      "outcome": "passed",
      "result": [
        {
          "nodeid": "tests/fixtures/vcr_cassettes",
          "type": "Dir"
        }
      ]
    },
    {
      "nodeid": "tests/package_import_test.py",
      "outcome": "passed",
      "result": [
        {
          "nodeid": "tests/package_import_test.py::test_available_imports",
          "type": "Function",
          "lineno": 3
        }
      ]
    },
    {
      "nodeid": "tests/smoke",
      "outcome": "passed",
      "result": []
    },
    {
      "nodeid": "tests/support",
      "outcome": "passed",
      "result": []
    },
    {
      "nodeid": "tests/utils_test.py",
      "outcome": "passed",
      "result": [
        {
          "nodeid": "tests/utils_test.py::test_resolve_date",
          "type": "Function",
          "lineno": 5
        },
        {
          "nodeid": "tests/utils_test.py::test_dig",
          "type": "Function",
          "lineno": 31
        }
      ]
    },
    {
      "nodeid": "tests",
      "outcome": "passed",
      "result": [
        {
          "nodeid": "tests/client_test.py",
          "type": "Module"
        },
        {
          "nodeid": "tests/endpoints",
          "type": "Dir"
        },
        {
          "nodeid": "tests/fixtures",
          "type": "Dir"
        },
        {
          "nodeid": "tests/package_import_test.py",
          "type": "Module"
        },
        {
          "nodeid": "tests/smoke",
          "type": "Dir"
        },
        {
          "nodeid": "tests/support",
          "type": "Package"
        },
        {
          "nodeid": "tests/utils_test.py",
          "type": "Module"
        }
      ]
    }
  ],
  "tests": [
    {
      "nodeid": "tests/client_test.py::test_rate_limit_handler",
      "lineno": 10,
      "outcome": "failed",
      "keywords": [
        "test_rate_limit_handler",
        "__wrapped__",
        "patchings",
        "client_test.py",
        "tests",
        "sarartur@chess.com__fdd85340__requests__aiohttp",
        ""
      ],
      "setup": {
        "outcome": "passed"
      },
      "call": {
        "outcome": "failed",
        "crash": {
          "path": "C:\\Users\\Mohay\\AppData\\Local\\Programs\\Python\\Python312\\Lib\\pkgutil.py",
          "lineno": 528,
          "message": "AttributeError: module 'chessdotcom.client' has no attribute 'time'"
        },
        "traceback": [
          {
            "path": "C:\\Users\\Mohay\\AppData\\Local\\Programs\\Python\\Python312\\Lib\\unittest\\mock.py",
            "lineno": 1387,
            "message": ""
          },
          {
            "path": "C:\\Users\\Mohay\\AppData\\Local\\Programs\\Python\\Python312\\Lib\\contextlib.py",
            "lineno": 137,
            "message": "in __enter__"
          },
          {
            "path": "C:\\Users\\Mohay\\AppData\\Local\\Programs\\Python\\Python312\\Lib\\unittest\\mock.py",
            "lineno": 1369,
            "message": "in decoration_helper"
          },
          {
            "path": "C:\\Users\\Mohay\\AppData\\Local\\Programs\\Python\\Python312\\Lib\\contextlib.py",
            "lineno": 526,
            "message": "in enter_context"
          },
          {
            "path": "C:\\Users\\Mohay\\AppData\\Local\\Programs\\Python\\Python312\\Lib\\unittest\\mock.py",
            "lineno": 1442,
            "message": "in __enter__"
          },
          {
            "path": "C:\\Users\\Mohay\\AppData\\Local\\Programs\\Python\\Python312\\Lib\\pkgutil.py",
            "lineno": 528,
            "message": "AttributeError"
          }
        ],
        "longrepr": "args = (), keywargs = {}\n\n    @wraps(func)\n    def patched(*args, **keywargs):\n>       with self.decoration_helper(patched,\n                                    args,\n                                    keywargs) as (newargs, newkeywargs):\n\nC:\\Users\\Mohay\\AppData\\Local\\Programs\\Python\\Python312\\Lib\\unittest\\mock.py:1387: \n_ _ _ _ _ _ _ _ _ _ _ _ _ _ _ _ _ _ _ _ _ _ _ _ _ _ _ _ _ _ _ _ _ _ _ _ _ _ _ _\nC:\\Users\\Mohay\\AppData\\Local\\Programs\\Python\\Python312\\Lib\\contextlib.py:137: in __enter__\n    return next(self.gen)\nC:\\Users\\Mohay\\AppData\\Local\\Programs\\Python\\Python312\\Lib\\unittest\\mock.py:1369: in decoration_helper\n    arg = exit_stack.enter_context(patching)\nC:\\Users\\Mohay\\AppData\\Local\\Programs\\Python\\Python312\\Lib\\contextlib.py:526: in enter_context\n    result = _enter(cm)\nC:\\Users\\Mohay\\AppData\\Local\\Programs\\Python\\Python312\\Lib\\unittest\\mock.py:1442: in __enter__\n    self.target = self.getter()\n_ _ _ _ _ _ _ _ _ _ _ _ _ _ _ _ _ _ _ _ _ _ _ _ _ _ _ _ _ _ _ _ _ _ _ _ _ _ _ _\n\nname = 'chessdotcom.client.time'\n\n    def resolve_name(name):\n        \"\"\"\n        Resolve a name to an object.\n    \n        It is expected that `name` will be a string in one of the following\n        formats, where W is shorthand for a valid Python identifier and dot stands\n        for a literal period in these pseudo-regexes:\n    \n        W(.W)*\n        W(.W)*:(W(.W)*)?\n    \n        The first form is intended for backward compatibility only. It assumes that\n        some part of the dotted name is a package, and the rest is an object\n        somewhere within that package, possibly nested inside other objects.\n        Because the place where the package stops and the object hierarchy starts\n        can't be inferred by inspection, repeated attempts to import must be done\n        with this form.\n    \n        In the second form, the caller makes the division point clear through the\n        provision of a single colon: the dotted name to the left of the colon is a\n        package to be imported, and the dotted name to the right is the object\n        hierarchy within that package. Only one import is needed in this form. If\n        it ends with the colon, then a module object is returned.\n    \n        The function will return an object (which might be a module), or raise one\n        of the following exceptions:\n    \n        ValueError - if `name` isn't in a recognised format\n        ImportError - if an import failed when it shouldn't have\n        AttributeError - if a failure occurred when traversing the object hierarchy\n                         within the imported package to get to the desired object.\n        \"\"\"\n        global _NAME_PATTERN\n        if _NAME_PATTERN is None:\n            # Lazy import to speedup Python startup time\n            import re\n            dotted_words = r'(?!\\d)(\\w+)(\\.(?!\\d)(\\w+))*'\n            _NAME_PATTERN = re.compile(f'^(?P<pkg>{dotted_words})'\n                                       f'(?P<cln>:(?P<obj>{dotted_words})?)?$',\n                                       re.UNICODE)\n    \n        m = _NAME_PATTERN.match(name)\n        if not m:\n            raise ValueError(f'invalid format: {name!r}')\n        gd = m.groupdict()\n        if gd.get('cln'):\n            # there is a colon - a one-step import is all that's needed\n            mod = importlib.import_module(gd['pkg'])\n            parts = gd.get('obj')\n            parts = parts.split('.') if parts else []\n        else:\n            # no colon - have to iterate to find the package boundary\n            parts = name.split('.')\n            modname = parts.pop(0)\n            # first part *must* be a module/package.\n            mod = importlib.import_module(modname)\n            while parts:\n                p = parts[0]\n                s = f'{modname}.{p}'\n                try:\n                    mod = importlib.import_module(s)\n                    parts.pop(0)\n                    modname = s\n                except ImportError:\n                    break\n        # if we reach this point, mod is the module, already imported, and\n        # parts is the list of parts in the object hierarchy to be traversed, or\n        # an empty list if just the module is wanted.\n        result = mod\n        for p in parts:\n>           result = getattr(result, p)\nE           AttributeError: module 'chessdotcom.client' has no attribute 'time'\n\nC:\\Users\\Mohay\\AppData\\Local\\Programs\\Python\\Python312\\Lib\\pkgutil.py:528: AttributeError"
      },
      "teardown": {
        "outcome": "passed"
      }
    },
    {
      "nodeid": "tests/client_test.py::test_do_get_request_sync",
      "lineno": 37,
      "outcome": "failed",
      "keywords": [
        "test_do_get_request_sync",
        "__wrapped__",
        "patchings",
        "client_test.py",
        "tests",
        "sarartur@chess.com__fdd85340__requests__aiohttp",
        ""
      ],
      "setup": {
        "outcome": "passed"
      },
      "call": {
        "outcome": "failed",
        "crash": {
          "path": "C:\\Users\\Mohay\\AppData\\Local\\Programs\\Python\\Python312\\Lib\\unittest\\mock.py",
          "lineno": 1431,
          "message": "AttributeError: <module 'chessdotcom.client' from 'D:\\\\repos\\\\sarartur@chess.com__fdd85340__requests__aiohttp\\\\chessdotcom\\\\client.py'> does not have the attribute 'requests'"
        },
        "traceback": [
          {
            "path": "C:\\Users\\Mohay\\AppData\\Local\\Programs\\Python\\Python312\\Lib\\unittest\\mock.py",
            "lineno": 1387,
            "message": ""
          },
          {
            "path": "C:\\Users\\Mohay\\AppData\\Local\\Programs\\Python\\Python312\\Lib\\contextlib.py",
            "lineno": 137,
            "message": "in __enter__"
          },
          {
            "path": "C:\\Users\\Mohay\\AppData\\Local\\Programs\\Python\\Python312\\Lib\\unittest\\mock.py",
            "lineno": 1369,
            "message": "in decoration_helper"
          },
          {
            "path": "C:\\Users\\Mohay\\AppData\\Local\\Programs\\Python\\Python312\\Lib\\contextlib.py",
            "lineno": 526,
            "message": "in enter_context"
          },
          {
            "path": "C:\\Users\\Mohay\\AppData\\Local\\Programs\\Python\\Python312\\Lib\\unittest\\mock.py",
            "lineno": 1458,
            "message": "in __enter__"
          },
          {
            "path": "C:\\Users\\Mohay\\AppData\\Local\\Programs\\Python\\Python312\\Lib\\unittest\\mock.py",
            "lineno": 1431,
            "message": "AttributeError"
          }
        ],
        "longrepr": "args = (), keywargs = {}\n\n    @wraps(func)\n    def patched(*args, **keywargs):\n>       with self.decoration_helper(patched,\n                                    args,\n                                    keywargs) as (newargs, newkeywargs):\n\nC:\\Users\\Mohay\\AppData\\Local\\Programs\\Python\\Python312\\Lib\\unittest\\mock.py:1387: \n_ _ _ _ _ _ _ _ _ _ _ _ _ _ _ _ _ _ _ _ _ _ _ _ _ _ _ _ _ _ _ _ _ _ _ _ _ _ _ _\nC:\\Users\\Mohay\\AppData\\Local\\Programs\\Python\\Python312\\Lib\\contextlib.py:137: in __enter__\n    return next(self.gen)\nC:\\Users\\Mohay\\AppData\\Local\\Programs\\Python\\Python312\\Lib\\unittest\\mock.py:1369: in decoration_helper\n    arg = exit_stack.enter_context(patching)\nC:\\Users\\Mohay\\AppData\\Local\\Programs\\Python\\Python312\\Lib\\contextlib.py:526: in enter_context\n    result = _enter(cm)\nC:\\Users\\Mohay\\AppData\\Local\\Programs\\Python\\Python312\\Lib\\unittest\\mock.py:1458: in __enter__\n    original, local = self.get_original()\n_ _ _ _ _ _ _ _ _ _ _ _ _ _ _ _ _ _ _ _ _ _ _ _ _ _ _ _ _ _ _ _ _ _ _ _ _ _ _ _\n\nself = <unittest.mock._patch object at 0x00000202F7CDE030>\n\n    def get_original(self):\n        target = self.getter()\n        name = self.attribute\n    \n        original = DEFAULT\n        local = False\n    \n        try:\n            original = target.__dict__[name]\n        except (AttributeError, KeyError):\n            original = getattr(target, name, DEFAULT)\n        else:\n            local = True\n    \n        if name in _builtins and isinstance(target, ModuleType):\n            self.create = True\n    \n        if not self.create and original is DEFAULT:\n>           raise AttributeError(\n                \"%s does not have the attribute %r\" % (target, name)\n            )\nE           AttributeError: <module 'chessdotcom.client' from 'D:\\\\repos\\\\sarartur@chess.com__fdd85340__requests__aiohttp\\\\chessdotcom\\\\client.py'> does not have the attribute 'requests'\n\nC:\\Users\\Mohay\\AppData\\Local\\Programs\\Python\\Python312\\Lib\\unittest\\mock.py:1431: AttributeError"
      },
      "teardown": {
        "outcome": "passed"
      }
    },
    {
      "nodeid": "tests/client_test.py::test_do_get_request_sync_error",
      "lineno": 60,
      "outcome": "failed",
      "keywords": [
        "test_do_get_request_sync_error",
        "__wrapped__",
        "patchings",
        "client_test.py",
        "tests",
        "sarartur@chess.com__fdd85340__requests__aiohttp",
        ""
      ],
      "setup": {
        "outcome": "passed"
      },
      "call": {
        "outcome": "failed",
        "crash": {
          "path": "C:\\Users\\Mohay\\AppData\\Local\\Programs\\Python\\Python312\\Lib\\unittest\\mock.py",
          "lineno": 1431,
          "message": "AttributeError: <module 'chessdotcom.client' from 'D:\\\\repos\\\\sarartur@chess.com__fdd85340__requests__aiohttp\\\\chessdotcom\\\\client.py'> does not have the attribute 'requests'"
        },
        "traceback": [
          {
            "path": "C:\\Users\\Mohay\\AppData\\Local\\Programs\\Python\\Python312\\Lib\\unittest\\mock.py",
            "lineno": 1387,
            "message": ""
          },
          {
            "path": "C:\\Users\\Mohay\\AppData\\Local\\Programs\\Python\\Python312\\Lib\\contextlib.py",
            "lineno": 137,
            "message": "in __enter__"
          },
          {
            "path": "C:\\Users\\Mohay\\AppData\\Local\\Programs\\Python\\Python312\\Lib\\unittest\\mock.py",
            "lineno": 1369,
            "message": "in decoration_helper"
          },
          {
            "path": "C:\\Users\\Mohay\\AppData\\Local\\Programs\\Python\\Python312\\Lib\\contextlib.py",
            "lineno": 526,
            "message": "in enter_context"
          },
          {
            "path": "C:\\Users\\Mohay\\AppData\\Local\\Programs\\Python\\Python312\\Lib\\unittest\\mock.py",
            "lineno": 1458,
            "message": "in __enter__"
          },
          {
            "path": "C:\\Users\\Mohay\\AppData\\Local\\Programs\\Python\\Python312\\Lib\\unittest\\mock.py",
            "lineno": 1431,
            "message": "AttributeError"
          }
        ],
        "longrepr": "args = (), keywargs = {}\n\n    @wraps(func)\n    def patched(*args, **keywargs):\n>       with self.decoration_helper(patched,\n                                    args,\n                                    keywargs) as (newargs, newkeywargs):\n\nC:\\Users\\Mohay\\AppData\\Local\\Programs\\Python\\Python312\\Lib\\unittest\\mock.py:1387: \n_ _ _ _ _ _ _ _ _ _ _ _ _ _ _ _ _ _ _ _ _ _ _ _ _ _ _ _ _ _ _ _ _ _ _ _ _ _ _ _\nC:\\Users\\Mohay\\AppData\\Local\\Programs\\Python\\Python312\\Lib\\contextlib.py:137: in __enter__\n    return next(self.gen)\nC:\\Users\\Mohay\\AppData\\Local\\Programs\\Python\\Python312\\Lib\\unittest\\mock.py:1369: in decoration_helper\n    arg = exit_stack.enter_context(patching)\nC:\\Users\\Mohay\\AppData\\Local\\Programs\\Python\\Python312\\Lib\\contextlib.py:526: in enter_context\n    result = _enter(cm)\nC:\\Users\\Mohay\\AppData\\Local\\Programs\\Python\\Python312\\Lib\\unittest\\mock.py:1458: in __enter__\n    original, local = self.get_original()\n_ _ _ _ _ _ _ _ _ _ _ _ _ _ _ _ _ _ _ _ _ _ _ _ _ _ _ _ _ _ _ _ _ _ _ _ _ _ _ _\n\nself = <unittest.mock._patch object at 0x00000202F7CDFBC0>\n\n    def get_original(self):\n        target = self.getter()\n        name = self.attribute\n    \n        original = DEFAULT\n        local = False\n    \n        try:\n            original = target.__dict__[name]\n        except (AttributeError, KeyError):\n            original = getattr(target, name, DEFAULT)\n        else:\n            local = True\n    \n        if name in _builtins and isinstance(target, ModuleType):\n            self.create = True\n    \n        if not self.create and original is DEFAULT:\n>           raise AttributeError(\n                \"%s does not have the attribute %r\" % (target, name)\n            )\nE           AttributeError: <module 'chessdotcom.client' from 'D:\\\\repos\\\\sarartur@chess.com__fdd85340__requests__aiohttp\\\\chessdotcom\\\\client.py'> does not have the attribute 'requests'\n\nC:\\Users\\Mohay\\AppData\\Local\\Programs\\Python\\Python312\\Lib\\unittest\\mock.py:1431: AttributeError"
      },
      "teardown": {
        "outcome": "passed"
      }
    },
    {
      "nodeid": "tests/client_test.py::test_do_get_request_async",
      "lineno": 90,
      "outcome": "failed",
      "keywords": [
        "test_do_get_request_async",
        "asyncio",
        "__wrapped__",
        "patchings",
        "pytestmark",
        "client_test.py",
        "tests",
        "sarartur@chess.com__fdd85340__requests__aiohttp",
        ""
      ],
      "setup": {
        "outcome": "passed"
      },
      "call": {
        "outcome": "failed",
        "crash": {
          "path": "C:\\Users\\Mohay\\AppData\\Local\\Programs\\Python\\Python312\\Lib\\unittest\\mock.py",
          "lineno": 663,
          "message": "AttributeError: 'called_once_with' is not a valid assertion. Use a spec for the mock if 'called_once_with' is meant to be an attribute.. Did you mean: 'assert_called_once_with'?"
        },
        "traceback": [
          {
            "path": "tests\\client_test.py",
            "lineno": 109,
            "message": ""
          },
          {
            "path": "C:\\Users\\Mohay\\AppData\\Local\\Programs\\Python\\Python312\\Lib\\unittest\\mock.py",
            "lineno": 663,
            "message": "AttributeError"
          }
        ],
        "longrepr": "mock_session_get = <MagicMock name='get' id='2211769734288'>\n\n    @pytest.mark.asyncio\n    @patch(\"chessdotcom.client.ClientSession.get\")\n    async def test_do_get_request_async(mock_session_get):\n        mock_data = {\"name\": \"fabianocaruana\"}\n        mock_session_get.return_value = AioMockResponse(\n            text=json.dumps(mock_data), status=200\n        )\n    \n        client = ChessDotComClient(aio=True)\n        response = await client.do_get_request(\n            Resource(\n                uri=\"/player/fabianocaruana\",\n            )\n        )\n    \n        assert mock_session_get.get.called_once_with(\n            url=\"https://api.chess.com/player/fabianocaruana\",\n            headers={},\n>       )\n\ntests\\client_test.py:109: \n_ _ _ _ _ _ _ _ _ _ _ _ _ _ _ _ _ _ _ _ _ _ _ _ _ _ _ _ _ _ _ _ _ _ _ _ _ _ _ _\n\nself = <MagicMock name='get.get' id='2211746221568'>, name = 'called_once_with'\n\n    def __getattr__(self, name):\n        if name in {'_mock_methods', '_mock_unsafe'}:\n            raise AttributeError(name)\n        elif self._mock_methods is not None:\n            if name not in self._mock_methods or name in _all_magics:\n                raise AttributeError(\"Mock object has no attribute %r\" % name)\n        elif _is_magic(name):\n            raise AttributeError(name)\n        if not self._mock_unsafe and (not self._mock_methods or name not in self._mock_methods):\n            if name.startswith(('assert', 'assret', 'asert', 'aseert', 'assrt')) or name in _ATTRIB_DENY_LIST:\n>               raise AttributeError(\n                    f\"{name!r} is not a valid assertion. Use a spec \"\n                    f\"for the mock if {name!r} is meant to be an attribute.\")\nE               AttributeError: 'called_once_with' is not a valid assertion. Use a spec for the mock if 'called_once_with' is meant to be an attribute.. Did you mean: 'assert_called_once_with'?\n\nC:\\Users\\Mohay\\AppData\\Local\\Programs\\Python\\Python312\\Lib\\unittest\\mock.py:663: AttributeError"
      },
      "teardown": {
        "outcome": "passed"
      }
    },
    {
      "nodeid": "tests/client_test.py::test_do_get_request_async_error",
      "lineno": 113,
      "outcome": "passed",
      "keywords": [
        "test_do_get_request_async_error",
        "asyncio",
        "__wrapped__",
        "patchings",
        "pytestmark",
        "client_test.py",
        "tests",
        "sarartur@chess.com__fdd85340__requests__aiohttp",
        ""
      ],
      "setup": {
        "outcome": "passed"
      },
      "call": {
        "outcome": "passed"
      },
      "teardown": {
        "outcome": "passed"
      }
    },
    {
      "nodeid": "tests/client_test.py::test_do_get_request_sync_decoding_error",
      "lineno": 138,
      "outcome": "failed",
      "keywords": [
        "test_do_get_request_sync_decoding_error",
        "__wrapped__",
        "patchings",
        "client_test.py",
        "tests",
        "sarartur@chess.com__fdd85340__requests__aiohttp",
        ""
      ],
      "setup": {
        "outcome": "passed"
      },
      "call": {
        "outcome": "failed",
        "crash": {
          "path": "C:\\Users\\Mohay\\AppData\\Local\\Programs\\Python\\Python312\\Lib\\unittest\\mock.py",
          "lineno": 1431,
          "message": "AttributeError: <module 'chessdotcom.client' from 'D:\\\\repos\\\\sarartur@chess.com__fdd85340__requests__aiohttp\\\\chessdotcom\\\\client.py'> does not have the attribute 'requests'"
        },
        "traceback": [
          {
            "path": "C:\\Users\\Mohay\\AppData\\Local\\Programs\\Python\\Python312\\Lib\\unittest\\mock.py",
            "lineno": 1387,
            "message": ""
          },
          {
            "path": "C:\\Users\\Mohay\\AppData\\Local\\Programs\\Python\\Python312\\Lib\\contextlib.py",
            "lineno": 137,
            "message": "in __enter__"
          },
          {
            "path": "C:\\Users\\Mohay\\AppData\\Local\\Programs\\Python\\Python312\\Lib\\unittest\\mock.py",
            "lineno": 1369,
            "message": "in decoration_helper"
          },
          {
            "path": "C:\\Users\\Mohay\\AppData\\Local\\Programs\\Python\\Python312\\Lib\\contextlib.py",
            "lineno": 526,
            "message": "in enter_context"
          },
          {
            "path": "C:\\Users\\Mohay\\AppData\\Local\\Programs\\Python\\Python312\\Lib\\unittest\\mock.py",
            "lineno": 1458,
            "message": "in __enter__"
          },
          {
            "path": "C:\\Users\\Mohay\\AppData\\Local\\Programs\\Python\\Python312\\Lib\\unittest\\mock.py",
            "lineno": 1431,
            "message": "AttributeError"
          }
        ],
        "longrepr": "args = (), keywargs = {}\n\n    @wraps(func)\n    def patched(*args, **keywargs):\n>       with self.decoration_helper(patched,\n                                    args,\n                                    keywargs) as (newargs, newkeywargs):\n\nC:\\Users\\Mohay\\AppData\\Local\\Programs\\Python\\Python312\\Lib\\unittest\\mock.py:1387: \n_ _ _ _ _ _ _ _ _ _ _ _ _ _ _ _ _ _ _ _ _ _ _ _ _ _ _ _ _ _ _ _ _ _ _ _ _ _ _ _\nC:\\Users\\Mohay\\AppData\\Local\\Programs\\Python\\Python312\\Lib\\contextlib.py:137: in __enter__\n    return next(self.gen)\nC:\\Users\\Mohay\\AppData\\Local\\Programs\\Python\\Python312\\Lib\\unittest\\mock.py:1369: in decoration_helper\n    arg = exit_stack.enter_context(patching)\nC:\\Users\\Mohay\\AppData\\Local\\Programs\\Python\\Python312\\Lib\\contextlib.py:526: in enter_context\n    result = _enter(cm)\nC:\\Users\\Mohay\\AppData\\Local\\Programs\\Python\\Python312\\Lib\\unittest\\mock.py:1458: in __enter__\n    original, local = self.get_original()\n_ _ _ _ _ _ _ _ _ _ _ _ _ _ _ _ _ _ _ _ _ _ _ _ _ _ _ _ _ _ _ _ _ _ _ _ _ _ _ _\n\nself = <unittest.mock._patch object at 0x00000202F7D14260>\n\n    def get_original(self):\n        target = self.getter()\n        name = self.attribute\n    \n        original = DEFAULT\n        local = False\n    \n        try:\n            original = target.__dict__[name]\n        except (AttributeError, KeyError):\n            original = getattr(target, name, DEFAULT)\n        else:\n            local = True\n    \n        if name in _builtins and isinstance(target, ModuleType):\n            self.create = True\n    \n        if not self.create and original is DEFAULT:\n>           raise AttributeError(\n                \"%s does not have the attribute %r\" % (target, name)\n            )\nE           AttributeError: <module 'chessdotcom.client' from 'D:\\\\repos\\\\sarartur@chess.com__fdd85340__requests__aiohttp\\\\chessdotcom\\\\client.py'> does not have the attribute 'requests'\n\nC:\\Users\\Mohay\\AppData\\Local\\Programs\\Python\\Python312\\Lib\\unittest\\mock.py:1431: AttributeError"
      },
      "teardown": {
        "outcome": "passed"
      }
    },
    {
      "nodeid": "tests/client_test.py::test_do_get_request_sync_combined_headers",
      "lineno": 153,
      "outcome": "failed",
      "keywords": [
        "test_do_get_request_sync_combined_headers",
        "__wrapped__",
        "patchings",
        "client_test.py",
        "tests",
        "sarartur@chess.com__fdd85340__requests__aiohttp",
        ""
      ],
      "setup": {
        "outcome": "passed"
      },
      "call": {
        "outcome": "failed",
        "crash": {
          "path": "C:\\Users\\Mohay\\AppData\\Local\\Programs\\Python\\Python312\\Lib\\unittest\\mock.py",
          "lineno": 1431,
          "message": "AttributeError: <module 'chessdotcom.client' from 'D:\\\\repos\\\\sarartur@chess.com__fdd85340__requests__aiohttp\\\\chessdotcom\\\\client.py'> does not have the attribute 'requests'"
        },
        "traceback": [
          {
            "path": "C:\\Users\\Mohay\\AppData\\Local\\Programs\\Python\\Python312\\Lib\\unittest\\mock.py",
            "lineno": 1387,
            "message": ""
          },
          {
            "path": "C:\\Users\\Mohay\\AppData\\Local\\Programs\\Python\\Python312\\Lib\\contextlib.py",
            "lineno": 137,
            "message": "in __enter__"
          },
          {
            "path": "C:\\Users\\Mohay\\AppData\\Local\\Programs\\Python\\Python312\\Lib\\unittest\\mock.py",
            "lineno": 1369,
            "message": "in decoration_helper"
          },
          {
            "path": "C:\\Users\\Mohay\\AppData\\Local\\Programs\\Python\\Python312\\Lib\\contextlib.py",
            "lineno": 526,
            "message": "in enter_context"
          },
          {
            "path": "C:\\Users\\Mohay\\AppData\\Local\\Programs\\Python\\Python312\\Lib\\unittest\\mock.py",
            "lineno": 1458,
            "message": "in __enter__"
          },
          {
            "path": "C:\\Users\\Mohay\\AppData\\Local\\Programs\\Python\\Python312\\Lib\\unittest\\mock.py",
            "lineno": 1431,
            "message": "AttributeError"
          }
        ],
        "longrepr": "args = (), keywargs = {}\n\n    @wraps(func)\n    def patched(*args, **keywargs):\n>       with self.decoration_helper(patched,\n                                    args,\n                                    keywargs) as (newargs, newkeywargs):\n\nC:\\Users\\Mohay\\AppData\\Local\\Programs\\Python\\Python312\\Lib\\unittest\\mock.py:1387: \n_ _ _ _ _ _ _ _ _ _ _ _ _ _ _ _ _ _ _ _ _ _ _ _ _ _ _ _ _ _ _ _ _ _ _ _ _ _ _ _\nC:\\Users\\Mohay\\AppData\\Local\\Programs\\Python\\Python312\\Lib\\contextlib.py:137: in __enter__\n    return next(self.gen)\nC:\\Users\\Mohay\\AppData\\Local\\Programs\\Python\\Python312\\Lib\\unittest\\mock.py:1369: in decoration_helper\n    arg = exit_stack.enter_context(patching)\nC:\\Users\\Mohay\\AppData\\Local\\Programs\\Python\\Python312\\Lib\\contextlib.py:526: in enter_context\n    result = _enter(cm)\nC:\\Users\\Mohay\\AppData\\Local\\Programs\\Python\\Python312\\Lib\\unittest\\mock.py:1458: in __enter__\n    original, local = self.get_original()\n_ _ _ _ _ _ _ _ _ _ _ _ _ _ _ _ _ _ _ _ _ _ _ _ _ _ _ _ _ _ _ _ _ _ _ _ _ _ _ _\n\nself = <unittest.mock._patch object at 0x00000202F7D14470>\n\n    def get_original(self):\n        target = self.getter()\n        name = self.attribute\n    \n        original = DEFAULT\n        local = False\n    \n        try:\n            original = target.__dict__[name]\n        except (AttributeError, KeyError):\n            original = getattr(target, name, DEFAULT)\n        else:\n            local = True\n    \n        if name in _builtins and isinstance(target, ModuleType):\n            self.create = True\n    \n        if not self.create and original is DEFAULT:\n>           raise AttributeError(\n                \"%s does not have the attribute %r\" % (target, name)\n            )\nE           AttributeError: <module 'chessdotcom.client' from 'D:\\\\repos\\\\sarartur@chess.com__fdd85340__requests__aiohttp\\\\chessdotcom\\\\client.py'> does not have the attribute 'requests'\n\nC:\\Users\\Mohay\\AppData\\Local\\Programs\\Python\\Python312\\Lib\\unittest\\mock.py:1431: AttributeError"
      },
      "teardown": {
        "outcome": "passed"
      }
    },
    {
      "nodeid": "tests/client_test.py::test_do_get_request_sync_top_level_attribute",
      "lineno": 173,
      "outcome": "failed",
      "keywords": [
        "test_do_get_request_sync_top_level_attribute",
        "__wrapped__",
        "patchings",
        "client_test.py",
        "tests",
        "sarartur@chess.com__fdd85340__requests__aiohttp",
        ""
      ],
      "setup": {
        "outcome": "passed"
      },
      "call": {
        "outcome": "failed",
        "crash": {
          "path": "C:\\Users\\Mohay\\AppData\\Local\\Programs\\Python\\Python312\\Lib\\unittest\\mock.py",
          "lineno": 1431,
          "message": "AttributeError: <module 'chessdotcom.client' from 'D:\\\\repos\\\\sarartur@chess.com__fdd85340__requests__aiohttp\\\\chessdotcom\\\\client.py'> does not have the attribute 'requests'"
        },
        "traceback": [
          {
            "path": "C:\\Users\\Mohay\\AppData\\Local\\Programs\\Python\\Python312\\Lib\\unittest\\mock.py",
            "lineno": 1387,
            "message": ""
          },
          {
            "path": "C:\\Users\\Mohay\\AppData\\Local\\Programs\\Python\\Python312\\Lib\\contextlib.py",
            "lineno": 137,
            "message": "in __enter__"
          },
          {
            "path": "C:\\Users\\Mohay\\AppData\\Local\\Programs\\Python\\Python312\\Lib\\unittest\\mock.py",
            "lineno": 1369,
            "message": "in decoration_helper"
          },
          {
            "path": "C:\\Users\\Mohay\\AppData\\Local\\Programs\\Python\\Python312\\Lib\\contextlib.py",
            "lineno": 526,
            "message": "in enter_context"
          },
          {
            "path": "C:\\Users\\Mohay\\AppData\\Local\\Programs\\Python\\Python312\\Lib\\unittest\\mock.py",
            "lineno": 1458,
            "message": "in __enter__"
          },
          {
            "path": "C:\\Users\\Mohay\\AppData\\Local\\Programs\\Python\\Python312\\Lib\\unittest\\mock.py",
            "lineno": 1431,
            "message": "AttributeError"
          }
        ],
        "longrepr": "args = (), keywargs = {}\n\n    @wraps(func)\n    def patched(*args, **keywargs):\n>       with self.decoration_helper(patched,\n                                    args,\n                                    keywargs) as (newargs, newkeywargs):\n\nC:\\Users\\Mohay\\AppData\\Local\\Programs\\Python\\Python312\\Lib\\unittest\\mock.py:1387: \n_ _ _ _ _ _ _ _ _ _ _ _ _ _ _ _ _ _ _ _ _ _ _ _ _ _ _ _ _ _ _ _ _ _ _ _ _ _ _ _\nC:\\Users\\Mohay\\AppData\\Local\\Programs\\Python\\Python312\\Lib\\contextlib.py:137: in __enter__\n    return next(self.gen)\nC:\\Users\\Mohay\\AppData\\Local\\Programs\\Python\\Python312\\Lib\\unittest\\mock.py:1369: in decoration_helper\n    arg = exit_stack.enter_context(patching)\nC:\\Users\\Mohay\\AppData\\Local\\Programs\\Python\\Python312\\Lib\\contextlib.py:526: in enter_context\n    result = _enter(cm)\nC:\\Users\\Mohay\\AppData\\Local\\Programs\\Python\\Python312\\Lib\\unittest\\mock.py:1458: in __enter__\n    original, local = self.get_original()\n_ _ _ _ _ _ _ _ _ _ _ _ _ _ _ _ _ _ _ _ _ _ _ _ _ _ _ _ _ _ _ _ _ _ _ _ _ _ _ _\n\nself = <unittest.mock._patch object at 0x00000202F7D14560>\n\n    def get_original(self):\n        target = self.getter()\n        name = self.attribute\n    \n        original = DEFAULT\n        local = False\n    \n        try:\n            original = target.__dict__[name]\n        except (AttributeError, KeyError):\n            original = getattr(target, name, DEFAULT)\n        else:\n            local = True\n    \n        if name in _builtins and isinstance(target, ModuleType):\n            self.create = True\n    \n        if not self.create and original is DEFAULT:\n>           raise AttributeError(\n                \"%s does not have the attribute %r\" % (target, name)\n            )\nE           AttributeError: <module 'chessdotcom.client' from 'D:\\\\repos\\\\sarartur@chess.com__fdd85340__requests__aiohttp\\\\chessdotcom\\\\client.py'> does not have the attribute 'requests'\n\nC:\\Users\\Mohay\\AppData\\Local\\Programs\\Python\\Python312\\Lib\\unittest\\mock.py:1431: AttributeError"
      },
      "teardown": {
        "outcome": "passed"
      }
    },
    {
      "nodeid": "tests/client_test.py::test_do_get_request_includes_user_agent_header",
      "lineno": 195,
      "outcome": "failed",
      "keywords": [
        "test_do_get_request_includes_user_agent_header",
        "__wrapped__",
        "patchings",
        "client_test.py",
        "tests",
        "sarartur@chess.com__fdd85340__requests__aiohttp",
        ""
      ],
      "setup": {
        "outcome": "passed"
      },
      "call": {
        "outcome": "failed",
        "crash": {
          "path": "C:\\Users\\Mohay\\AppData\\Local\\Programs\\Python\\Python312\\Lib\\unittest\\mock.py",
          "lineno": 1431,
          "message": "AttributeError: <module 'chessdotcom.client' from 'D:\\\\repos\\\\sarartur@chess.com__fdd85340__requests__aiohttp\\\\chessdotcom\\\\client.py'> does not have the attribute 'requests'"
        },
        "traceback": [
          {
            "path": "C:\\Users\\Mohay\\AppData\\Local\\Programs\\Python\\Python312\\Lib\\unittest\\mock.py",
            "lineno": 1387,
            "message": ""
          },
          {
            "path": "C:\\Users\\Mohay\\AppData\\Local\\Programs\\Python\\Python312\\Lib\\contextlib.py",
            "lineno": 137,
            "message": "in __enter__"
          },
          {
            "path": "C:\\Users\\Mohay\\AppData\\Local\\Programs\\Python\\Python312\\Lib\\unittest\\mock.py",
            "lineno": 1369,
            "message": "in decoration_helper"
          },
          {
            "path": "C:\\Users\\Mohay\\AppData\\Local\\Programs\\Python\\Python312\\Lib\\contextlib.py",
            "lineno": 526,
            "message": "in enter_context"
          },
          {
            "path": "C:\\Users\\Mohay\\AppData\\Local\\Programs\\Python\\Python312\\Lib\\unittest\\mock.py",
            "lineno": 1458,
            "message": "in __enter__"
          },
          {
            "path": "C:\\Users\\Mohay\\AppData\\Local\\Programs\\Python\\Python312\\Lib\\unittest\\mock.py",
            "lineno": 1431,
            "message": "AttributeError"
          }
        ],
        "longrepr": "args = (), keywargs = {}\n\n    @wraps(func)\n    def patched(*args, **keywargs):\n>       with self.decoration_helper(patched,\n                                    args,\n                                    keywargs) as (newargs, newkeywargs):\n\nC:\\Users\\Mohay\\AppData\\Local\\Programs\\Python\\Python312\\Lib\\unittest\\mock.py:1387: \n_ _ _ _ _ _ _ _ _ _ _ _ _ _ _ _ _ _ _ _ _ _ _ _ _ _ _ _ _ _ _ _ _ _ _ _ _ _ _ _\nC:\\Users\\Mohay\\AppData\\Local\\Programs\\Python\\Python312\\Lib\\contextlib.py:137: in __enter__\n    return next(self.gen)\nC:\\Users\\Mohay\\AppData\\Local\\Programs\\Python\\Python312\\Lib\\unittest\\mock.py:1369: in decoration_helper\n    arg = exit_stack.enter_context(patching)\nC:\\Users\\Mohay\\AppData\\Local\\Programs\\Python\\Python312\\Lib\\contextlib.py:526: in enter_context\n    result = _enter(cm)\nC:\\Users\\Mohay\\AppData\\Local\\Programs\\Python\\Python312\\Lib\\unittest\\mock.py:1458: in __enter__\n    original, local = self.get_original()\n_ _ _ _ _ _ _ _ _ _ _ _ _ _ _ _ _ _ _ _ _ _ _ _ _ _ _ _ _ _ _ _ _ _ _ _ _ _ _ _\n\nself = <unittest.mock._patch object at 0x00000202F7D14650>\n\n    def get_original(self):\n        target = self.getter()\n        name = self.attribute\n    \n        original = DEFAULT\n        local = False\n    \n        try:\n            original = target.__dict__[name]\n        except (AttributeError, KeyError):\n            original = getattr(target, name, DEFAULT)\n        else:\n            local = True\n    \n        if name in _builtins and isinstance(target, ModuleType):\n            self.create = True\n    \n        if not self.create and original is DEFAULT:\n>           raise AttributeError(\n                \"%s does not have the attribute %r\" % (target, name)\n            )\nE           AttributeError: <module 'chessdotcom.client' from 'D:\\\\repos\\\\sarartur@chess.com__fdd85340__requests__aiohttp\\\\chessdotcom\\\\client.py'> does not have the attribute 'requests'\n\nC:\\Users\\Mohay\\AppData\\Local\\Programs\\Python\\Python312\\Lib\\unittest\\mock.py:1431: AttributeError"
      },
      "teardown": {
        "outcome": "passed"
      }
    },
    {
      "nodeid": "tests/client_test.py::test_client_includes_default_config",
      "lineno": 215,
      "outcome": "failed",
      "keywords": [
        "test_client_includes_default_config",
        "client_test.py",
        "tests",
        "sarartur@chess.com__fdd85340__requests__aiohttp",
        ""
      ],
      "setup": {
        "outcome": "passed"
      },
      "call": {
        "outcome": "failed",
        "crash": {
          "path": "D:\\repos\\sarartur@chess.com__fdd85340__requests__aiohttp\\tests\\client_test.py",
          "lineno": 233,
          "message": "AssertionError: assert {'some': 'con..., 'ssl': True} == {'some': 'con...verify': True}\n  \n  Omitting 1 identical items, use -vv to show\n  Left contains 1 more item:\n  {'ssl': True}\n  Right contains 1 more item:\n  {'verify': True}\n  Use -v to get more diff"
        },
        "traceback": [
          {
            "path": "tests\\client_test.py",
            "lineno": 233,
            "message": "AssertionError"
          }
        ],
        "longrepr": "def test_client_includes_default_config():\n        old_config = {\n            \"aio\": Client.aio,\n            \"request_config\": Client.request_config,\n            \"rate_limit_handler\": Client.rate_limit_handler,\n        }\n    \n        Client.aio = True\n        Client.request_config = {\"some\": \"config\"}\n        Client.rate_limit_handler = \"Some handler\"\n    \n        try:\n            client = ChessDotComClient()\n        except Exception:\n            raise \"Error creating client\"\n        else:\n            assert client.aio is False  # this is always overridden\n>           assert client.request_config == {\"some\": \"config\", \"verify\": True}\nE           AssertionError: assert {'some': 'con..., 'ssl': True} == {'some': 'con...verify': True}\nE             \nE             Omitting 1 identical items, use -vv to show\nE             Left contains 1 more item:\nE             {'ssl': True}\nE             Right contains 1 more item:\nE             {'verify': True}\nE             Use -v to get more diff\n\ntests\\client_test.py:233: AssertionError"
      },
      "teardown": {
        "outcome": "passed"
      }
    },
    {
      "nodeid": "tests/client_test.py::test_client_combines_with_defaults",
      "lineno": 240,
      "outcome": "failed",
      "keywords": [
        "test_client_combines_with_defaults",
        "client_test.py",
        "tests",
        "sarartur@chess.com__fdd85340__requests__aiohttp",
        ""
      ],
      "setup": {
        "outcome": "passed"
      },
      "call": {
        "outcome": "failed",
        "crash": {
          "path": "D:\\repos\\sarartur@chess.com__fdd85340__requests__aiohttp\\tests\\client_test.py",
          "lineno": 251,
          "message": "AssertionError: assert {'headers': {..., 'ssl': True} == {'headers': {...fy_ssl': True}\n  \n  Omitting 2 identical items, use -vv to show\n  Left contains 1 more item:\n  {'ssl': True}\n  Right contains 1 more item:\n  {'verify_ssl': True}\n  Use -v to get more diff"
        },
        "traceback": [
          {
            "path": "tests\\client_test.py",
            "lineno": 251,
            "message": "AssertionError"
          }
        ],
        "longrepr": "def test_client_combines_with_defaults():\n        default_config = Client.request_config\n    \n        client = ChessDotComClient(\n            aio=True,\n            request_config={\"some\": \"config\"},\n            rate_limit_handler=\"Some handler\",\n        )\n    \n        assert client.aio is True\n>       assert client.request_config == {\n            **default_config,\n            **{\"some\": \"config\"},\n            \"verify_ssl\": True,\n        }\nE       AssertionError: assert {'headers': {..., 'ssl': True} == {'headers': {...fy_ssl': True}\nE         \nE         Omitting 2 identical items, use -vv to show\nE         Left contains 1 more item:\nE         {'ssl': True}\nE         Right contains 1 more item:\nE         {'verify_ssl': True}\nE         Use -v to get more diff\n\ntests\\client_test.py:251: AssertionError"
      },
      "teardown": {
        "outcome": "passed"
      }
    },
    {
      "nodeid": "tests/client_test.py::test_verify_ssl_option",
      "lineno": 258,
      "outcome": "failed",
      "keywords": [
        "test_verify_ssl_option",
        "client_test.py",
        "tests",
        "sarartur@chess.com__fdd85340__requests__aiohttp",
        ""
      ],
      "setup": {
        "outcome": "passed"
      },
      "call": {
        "outcome": "failed",
        "crash": {
          "path": "D:\\repos\\sarartur@chess.com__fdd85340__requests__aiohttp\\tests\\client_test.py",
          "lineno": 262,
          "message": "KeyError: 'verify'"
        },
        "traceback": [
          {
            "path": "tests\\client_test.py",
            "lineno": 262,
            "message": "KeyError"
          }
        ],
        "longrepr": "def test_verify_ssl_option():\n        client = ChessDotComClient(verify_ssl=True)\n    \n>       assert client.request_config[\"verify\"] is True\nE       KeyError: 'verify'\n\ntests\\client_test.py:262: KeyError"
      },
      "teardown": {
        "outcome": "passed"
      }
    },
    {
      "nodeid": "tests/endpoints/get_club_details_test.py::test_with_endpoints",
      "lineno": 5,
      "outcome": "failed",
      "keywords": [
        "test_with_endpoints",
        "get_club_details_test.py",
        "endpoints",
        "tests",
        "sarartur@chess.com__fdd85340__requests__aiohttp",
        ""
      ],
      "setup": {
        "outcome": "passed"
      },
      "call": {
        "outcome": "failed",
        "crash": {
          "path": "D:\\repos\\sarartur@chess.com__fdd85340__requests__aiohttp\\tests\\endpoints\\get_club_details_test.py",
          "lineno": 28,
          "message": "AttributeError: 'coroutine' object has no attribute 'json'"
        },
        "traceback": [
          {
            "path": "tests\\endpoints\\get_club_details_test.py",
            "lineno": 9,
            "message": ""
          },
          {
            "path": "tests\\endpoints\\get_club_details_test.py",
            "lineno": 28,
            "message": "AttributeError"
          }
        ],
        "longrepr": "endpoints = <module 'chessdotcom.endpoints' from 'D:\\\\repos\\\\sarartur@chess.com__fdd85340__requests__aiohttp\\\\chessdotcom\\\\endpoints\\\\__init__.py'>\n\n    @vcr.use_cassette(\"get_club_details.yaml\")\n    def test_with_endpoints(endpoints):\n        response = endpoints.get_club_details(url_id=\"chess-com-developer-community\")\n>       validate_response(response)\n\ntests\\endpoints\\get_club_details_test.py:9: \n_ _ _ _ _ _ _ _ _ _ _ _ _ _ _ _ _ _ _ _ _ _ _ _ _ _ _ _ _ _ _ _ _ _ _ _ _ _ _ _\n\nresponse = <coroutine object Client._do_async_get_request at 0x00000202F7F539A0>\n\n    def validate_response(response):\n>       assert isinstance(response.json, dict)\nE       AttributeError: 'coroutine' object has no attribute 'json'\n\ntests\\endpoints\\get_club_details_test.py:28: AttributeError"
      },
      "teardown": {
        "outcome": "passed"
      }
    },
    {
      "nodeid": "tests/endpoints/get_club_details_test.py::test_with_client",
      "lineno": 11,
      "outcome": "failed",
      "keywords": [
        "test_with_client",
        "get_club_details_test.py",
        "endpoints",
        "tests",
        "sarartur@chess.com__fdd85340__requests__aiohttp",
        ""
      ],
      "setup": {
        "outcome": "passed"
      },
      "call": {
        "outcome": "failed",
        "crash": {
          "path": "D:\\repos\\sarartur@chess.com__fdd85340__requests__aiohttp\\tests\\endpoints\\get_club_details_test.py",
          "lineno": 28,
          "message": "AttributeError: 'coroutine' object has no attribute 'json'"
        },
        "traceback": [
          {
            "path": "tests\\endpoints\\get_club_details_test.py",
            "lineno": 15,
            "message": ""
          },
          {
            "path": "tests\\endpoints\\get_club_details_test.py",
            "lineno": 28,
            "message": "AttributeError"
          }
        ],
        "longrepr": "client = <chessdotcom.client.ChessDotComClient object at 0x00000202F81317C0>\n\n    @vcr.use_cassette(\"get_club_details.yaml\")\n    def test_with_client(client):\n        response = client.get_club_details(url_id=\"chess-com-developer-community\")\n>       validate_response(response)\n\ntests\\endpoints\\get_club_details_test.py:15: \n_ _ _ _ _ _ _ _ _ _ _ _ _ _ _ _ _ _ _ _ _ _ _ _ _ _ _ _ _ _ _ _ _ _ _ _ _ _ _ _\n\nresponse = <coroutine object Client._do_async_get_request at 0x00000202F8168BF0>\n\n    def validate_response(response):\n>       assert isinstance(response.json, dict)\nE       AttributeError: 'coroutine' object has no attribute 'json'\n\ntests\\endpoints\\get_club_details_test.py:28: AttributeError"
      },
      "teardown": {
        "outcome": "passed"
      }
    },
    {
      "nodeid": "tests/endpoints/get_club_details_test.py::test_with_async_client",
      "lineno": 17,
      "outcome": "passed",
      "keywords": [
        "test_with_async_client",
        "asyncio",
        "pytestmark",
        "get_club_details_test.py",
        "endpoints",
        "tests",
        "sarartur@chess.com__fdd85340__requests__aiohttp",
        ""
      ],
      "setup": {
        "outcome": "passed"
      },
      "call": {
        "outcome": "passed"
      },
      "teardown": {
        "outcome": "passed"
      }
    },
    {
      "nodeid": "tests/endpoints/get_club_matches_test.py::test_with_endpoints",
      "lineno": 5,
      "outcome": "failed",
      "keywords": [
        "test_with_endpoints",
        "get_club_matches_test.py",
        "endpoints",
        "tests",
        "sarartur@chess.com__fdd85340__requests__aiohttp",
        ""
      ],
      "setup": {
        "outcome": "passed"
      },
      "call": {
        "outcome": "failed",
        "crash": {
          "path": "D:\\repos\\sarartur@chess.com__fdd85340__requests__aiohttp\\tests\\endpoints\\get_club_matches_test.py",
          "lineno": 28,
          "message": "AttributeError: 'coroutine' object has no attribute 'json'"
        },
        "traceback": [
          {
            "path": "tests\\endpoints\\get_club_matches_test.py",
            "lineno": 9,
            "message": ""
          },
          {
            "path": "tests\\endpoints\\get_club_matches_test.py",
            "lineno": 28,
            "message": "AttributeError"
          }
        ],
        "longrepr": "endpoints = <module 'chessdotcom.endpoints' from 'D:\\\\repos\\\\sarartur@chess.com__fdd85340__requests__aiohttp\\\\chessdotcom\\\\endpoints\\\\__init__.py'>\n\n    @vcr.use_cassette(\"get_club_matches.yaml\")\n    def test_with_endpoints(endpoints):\n        response = endpoints.get_club_matches(url_id=\"chess-com-developer-community\")\n>       validate_response(response)\n\ntests\\endpoints\\get_club_matches_test.py:9: \n_ _ _ _ _ _ _ _ _ _ _ _ _ _ _ _ _ _ _ _ _ _ _ _ _ _ _ _ _ _ _ _ _ _ _ _ _ _ _ _\n\nresponse = <coroutine object Client._do_async_get_request at 0x00000202F816A240>\n\n    def validate_response(response):\n>       assert isinstance(response.json, dict)\nE       AttributeError: 'coroutine' object has no attribute 'json'\n\ntests\\endpoints\\get_club_matches_test.py:28: AttributeError"
      },
      "teardown": {
        "outcome": "passed"
      }
    },
    {
      "nodeid": "tests/endpoints/get_club_matches_test.py::test_with_client",
      "lineno": 11,
      "outcome": "failed",
      "keywords": [
        "test_with_client",
        "get_club_matches_test.py",
        "endpoints",
        "tests",
        "sarartur@chess.com__fdd85340__requests__aiohttp",
        ""
      ],
      "setup": {
        "outcome": "passed"
      },
      "call": {
        "outcome": "failed",
        "crash": {
          "path": "D:\\repos\\sarartur@chess.com__fdd85340__requests__aiohttp\\tests\\endpoints\\get_club_matches_test.py",
          "lineno": 28,
          "message": "AttributeError: 'coroutine' object has no attribute 'json'"
        },
        "traceback": [
          {
            "path": "tests\\endpoints\\get_club_matches_test.py",
            "lineno": 15,
            "message": ""
          },
          {
            "path": "tests\\endpoints\\get_club_matches_test.py",
            "lineno": 28,
            "message": "AttributeError"
          }
        ],
        "stderr": "D:\\repos\\sarartur@chess.com__fdd85340__requests__aiohttp\\.venv\\Lib\\site-packages\\yaml\\resolver.py:143: RuntimeWarning: coroutine 'Client._do_async_get_request' was never awaited\n  def resolve(self, kind, value, implicit):\nRuntimeWarning: Enable tracemalloc to get the object allocation traceback\n",
        "longrepr": "client = <chessdotcom.client.ChessDotComClient object at 0x00000202F921CA40>\n\n    @vcr.use_cassette(\"get_club_matches.yaml\")\n    def test_with_client(client):\n        response = client.get_club_matches(url_id=\"chess-com-developer-community\")\n>       validate_response(response)\n\ntests\\endpoints\\get_club_matches_test.py:15: \n_ _ _ _ _ _ _ _ _ _ _ _ _ _ _ _ _ _ _ _ _ _ _ _ _ _ _ _ _ _ _ _ _ _ _ _ _ _ _ _\n\nresponse = <coroutine object Client._do_async_get_request at 0x00000202F8168F20>\n\n    def validate_response(response):\n>       assert isinstance(response.json, dict)\nE       AttributeError: 'coroutine' object has no attribute 'json'\n\ntests\\endpoints\\get_club_matches_test.py:28: AttributeError"
      },
      "teardown": {
        "outcome": "passed"
      }
    },
    {
      "nodeid": "tests/endpoints/get_club_matches_test.py::test_with_async_client",
      "lineno": 17,
      "outcome": "passed",
      "keywords": [
        "test_with_async_client",
        "asyncio",
        "pytestmark",
        "get_club_matches_test.py",
        "endpoints",
        "tests",
        "sarartur@chess.com__fdd85340__requests__aiohttp",
        ""
      ],
      "setup": {
        "outcome": "passed"
      },
      "call": {
        "outcome": "passed",
        "stderr": "D:\\repos\\sarartur@chess.com__fdd85340__requests__aiohttp\\.venv\\Lib\\site-packages\\yaml\\resolver.py:143: RuntimeWarning: coroutine 'Client._do_async_get_request' was never awaited\n  def resolve(self, kind, value, implicit):\nRuntimeWarning: Enable tracemalloc to get the object allocation traceback\n"
      },
      "teardown": {
        "outcome": "passed"
      }
    },
    {
      "nodeid": "tests/endpoints/get_club_members_test.py::test_with_endpoints",
      "lineno": 5,
      "outcome": "failed",
      "keywords": [
        "test_with_endpoints",
        "get_club_members_test.py",
        "endpoints",
        "tests",
        "sarartur@chess.com__fdd85340__requests__aiohttp",
        ""
      ],
      "setup": {
        "outcome": "passed"
      },
      "call": {
        "outcome": "failed",
        "crash": {
          "path": "D:\\repos\\sarartur@chess.com__fdd85340__requests__aiohttp\\tests\\endpoints\\get_club_members_test.py",
          "lineno": 28,
          "message": "AttributeError: 'coroutine' object has no attribute 'json'"
        },
        "traceback": [
          {
            "path": "tests\\endpoints\\get_club_members_test.py",
            "lineno": 9,
            "message": ""
          },
          {
            "path": "tests\\endpoints\\get_club_members_test.py",
            "lineno": 28,
            "message": "AttributeError"
          }
        ],
        "longrepr": "endpoints = <module 'chessdotcom.endpoints' from 'D:\\\\repos\\\\sarartur@chess.com__fdd85340__requests__aiohttp\\\\chessdotcom\\\\endpoints\\\\__init__.py'>\n\n    @vcr.use_cassette(\"get_club_members.yaml\")\n    def test_with_endpoints(endpoints):\n        response = endpoints.get_club_members(url_id=\"chess-com-developer-community\")\n>       validate_response(response)\n\ntests\\endpoints\\get_club_members_test.py:9: \n_ _ _ _ _ _ _ _ _ _ _ _ _ _ _ _ _ _ _ _ _ _ _ _ _ _ _ _ _ _ _ _ _ _ _ _ _ _ _ _\n\nresponse = <coroutine object Client._do_async_get_request at 0x00000202F816A680>\n\n    def validate_response(response):\n>       assert isinstance(response.json, dict)\nE       AttributeError: 'coroutine' object has no attribute 'json'\n\ntests\\endpoints\\get_club_members_test.py:28: AttributeError"
      },
      "teardown": {
        "outcome": "passed"
      }
    },
    {
      "nodeid": "tests/endpoints/get_club_members_test.py::test_with_client",
      "lineno": 11,
      "outcome": "failed",
      "keywords": [
        "test_with_client",
        "get_club_members_test.py",
        "endpoints",
        "tests",
        "sarartur@chess.com__fdd85340__requests__aiohttp",
        ""
      ],
      "setup": {
        "outcome": "passed"
      },
      "call": {
        "outcome": "failed",
        "crash": {
          "path": "D:\\repos\\sarartur@chess.com__fdd85340__requests__aiohttp\\tests\\endpoints\\get_club_members_test.py",
          "lineno": 28,
          "message": "AttributeError: 'coroutine' object has no attribute 'json'"
        },
        "traceback": [
          {
            "path": "tests\\endpoints\\get_club_members_test.py",
            "lineno": 15,
            "message": ""
          },
          {
            "path": "tests\\endpoints\\get_club_members_test.py",
            "lineno": 28,
            "message": "AttributeError"
          }
        ],
        "stderr": "D:\\repos\\sarartur@chess.com__fdd85340__requests__aiohttp\\.venv\\Lib\\site-packages\\yaml\\nodes.py:27: RuntimeWarning: coroutine 'Client._do_async_get_request' was never awaited\n  def __init__(self, tag, value,\nRuntimeWarning: Enable tracemalloc to get the object allocation traceback\n",
        "longrepr": "client = <chessdotcom.client.ChessDotComClient object at 0x00000202F921FEF0>\n\n    @vcr.use_cassette(\"get_club_members.yaml\")\n    def test_with_client(client):\n        response = client.get_club_members(url_id=\"chess-com-developer-community\")\n>       validate_response(response)\n\ntests\\endpoints\\get_club_members_test.py:15: \n_ _ _ _ _ _ _ _ _ _ _ _ _ _ _ _ _ _ _ _ _ _ _ _ _ _ _ _ _ _ _ _ _ _ _ _ _ _ _ _\n\nresponse = <coroutine object Client._do_async_get_request at 0x00000202F816A570>\n\n    def validate_response(response):\n>       assert isinstance(response.json, dict)\nE       AttributeError: 'coroutine' object has no attribute 'json'\n\ntests\\endpoints\\get_club_members_test.py:28: AttributeError"
      },
      "teardown": {
        "outcome": "passed"
      }
    },
    {
      "nodeid": "tests/endpoints/get_club_members_test.py::test_with_async_client",
      "lineno": 17,
      "outcome": "passed",
      "keywords": [
        "test_with_async_client",
        "asyncio",
        "pytestmark",
        "get_club_members_test.py",
        "endpoints",
        "tests",
        "sarartur@chess.com__fdd85340__requests__aiohttp",
        ""
      ],
      "setup": {
        "outcome": "passed"
      },
      "call": {
        "outcome": "passed",
        "stderr": "D:\\repos\\sarartur@chess.com__fdd85340__requests__aiohttp\\.venv\\Lib\\site-packages\\yaml\\nodes.py:36: RuntimeWarning: coroutine 'Client._do_async_get_request' was never awaited\n  def __init__(self, tag, value,\nRuntimeWarning: Enable tracemalloc to get the object allocation traceback\nC:\\Users\\Mohay\\AppData\\Local\\Programs\\Python\\Python312\\Lib\\re\\__init__.py:280: RuntimeWarning: coroutine 'Client._do_async_get_request' was never awaited\n  def _compile(pattern, flags):\nRuntimeWarning: Enable tracemalloc to get the object allocation traceback\n"
      },
      "teardown": {
        "outcome": "passed"
      }
    },
    {
      "nodeid": "tests/endpoints/get_country_clubs_test.py::test_with_endpoints",
      "lineno": 5,
      "outcome": "failed",
      "keywords": [
        "test_with_endpoints",
        "get_country_clubs_test.py",
        "endpoints",
        "tests",
        "sarartur@chess.com__fdd85340__requests__aiohttp",
        ""
      ],
      "setup": {
        "outcome": "passed"
      },
      "call": {
        "outcome": "failed",
        "crash": {
          "path": "D:\\repos\\sarartur@chess.com__fdd85340__requests__aiohttp\\tests\\endpoints\\get_country_clubs_test.py",
          "lineno": 26,
          "message": "AttributeError: 'coroutine' object has no attribute 'json'"
        },
        "traceback": [
          {
            "path": "tests\\endpoints\\get_country_clubs_test.py",
            "lineno": 9,
            "message": ""
          },
          {
            "path": "tests\\endpoints\\get_country_clubs_test.py",
            "lineno": 26,
            "message": "AttributeError"
          }
        ],
        "longrepr": "endpoints = <module 'chessdotcom.endpoints' from 'D:\\\\repos\\\\sarartur@chess.com__fdd85340__requests__aiohttp\\\\chessdotcom\\\\endpoints\\\\__init__.py'>\n\n    @vcr.use_cassette(\"get_country_clubs.yaml\")\n    def test_with_endpoints(endpoints):\n        response = endpoints.get_country_clubs(iso=\"XE\")\n>       validate_response(response)\n\ntests\\endpoints\\get_country_clubs_test.py:9: \n_ _ _ _ _ _ _ _ _ _ _ _ _ _ _ _ _ _ _ _ _ _ _ _ _ _ _ _ _ _ _ _ _ _ _ _ _ _ _ _\n\nresponse = <coroutine object Client._do_async_get_request at 0x00000202F8168BF0>\n\n    def validate_response(response):\n>       assert isinstance(response.json, dict)\nE       AttributeError: 'coroutine' object has no attribute 'json'\n\ntests\\endpoints\\get_country_clubs_test.py:26: AttributeError"
      },
      "teardown": {
        "outcome": "passed"
      }
    },
    {
      "nodeid": "tests/endpoints/get_country_clubs_test.py::test_with_client",
      "lineno": 11,
      "outcome": "failed",
      "keywords": [
        "test_with_client",
        "get_country_clubs_test.py",
        "endpoints",
        "tests",
        "sarartur@chess.com__fdd85340__requests__aiohttp",
        ""
      ],
      "setup": {
        "outcome": "passed"
      },
      "call": {
        "outcome": "failed",
        "crash": {
          "path": "D:\\repos\\sarartur@chess.com__fdd85340__requests__aiohttp\\tests\\endpoints\\get_country_clubs_test.py",
          "lineno": 26,
          "message": "AttributeError: 'coroutine' object has no attribute 'json'"
        },
        "traceback": [
          {
            "path": "tests\\endpoints\\get_country_clubs_test.py",
            "lineno": 15,
            "message": ""
          },
          {
            "path": "tests\\endpoints\\get_country_clubs_test.py",
            "lineno": 26,
            "message": "AttributeError"
          }
        ],
        "stderr": "D:\\repos\\sarartur@chess.com__fdd85340__requests__aiohttp\\.venv\\Lib\\site-packages\\yaml\\resolver.py:143: RuntimeWarning: coroutine 'Client._do_async_get_request' was never awaited\n  def resolve(self, kind, value, implicit):\nRuntimeWarning: Enable tracemalloc to get the object allocation traceback\n",
        "longrepr": "client = <chessdotcom.client.ChessDotComClient object at 0x00000202F921C800>\n\n    @vcr.use_cassette(\"get_country_clubs.yaml\")\n    def test_with_client(client):\n        response = client.get_country_clubs(iso=\"XE\")\n>       validate_response(response)\n\ntests\\endpoints\\get_country_clubs_test.py:15: \n_ _ _ _ _ _ _ _ _ _ _ _ _ _ _ _ _ _ _ _ _ _ _ _ _ _ _ _ _ _ _ _ _ _ _ _ _ _ _ _\n\nresponse = <coroutine object Client._do_async_get_request at 0x00000202F816A680>\n\n    def validate_response(response):\n>       assert isinstance(response.json, dict)\nE       AttributeError: 'coroutine' object has no attribute 'json'\n\ntests\\endpoints\\get_country_clubs_test.py:26: AttributeError"
      },
      "teardown": {
        "outcome": "passed"
      }
    },
    {
      "nodeid": "tests/endpoints/get_country_clubs_test.py::test_with_async_client",
      "lineno": 17,
      "outcome": "passed",
      "keywords": [
        "test_with_async_client",
        "asyncio",
        "pytestmark",
        "get_country_clubs_test.py",
        "endpoints",
        "tests",
        "sarartur@chess.com__fdd85340__requests__aiohttp",
        ""
      ],
      "setup": {
        "outcome": "passed"
      },
      "call": {
        "outcome": "passed",
        "stderr": "D:\\repos\\sarartur@chess.com__fdd85340__requests__aiohttp\\.venv\\Lib\\site-packages\\yaml\\resolver.py:114: RuntimeWarning: coroutine 'Client._do_async_get_request' was never awaited\n  def ascend_resolver(self):\nRuntimeWarning: Enable tracemalloc to get the object allocation traceback\n"
      },
      "teardown": {
        "outcome": "passed"
      }
    },
    {
      "nodeid": "tests/endpoints/get_country_details_test.py::test_with_endpoints",
      "lineno": 5,
      "outcome": "failed",
      "keywords": [
        "test_with_endpoints",
        "get_country_details_test.py",
        "endpoints",
        "tests",
        "sarartur@chess.com__fdd85340__requests__aiohttp",
        ""
      ],
      "setup": {
        "outcome": "passed"
      },
      "call": {
        "outcome": "failed",
        "crash": {
          "path": "D:\\repos\\sarartur@chess.com__fdd85340__requests__aiohttp\\tests\\endpoints\\get_country_details_test.py",
          "lineno": 26,
          "message": "AttributeError: 'coroutine' object has no attribute 'json'"
        },
        "traceback": [
          {
            "path": "tests\\endpoints\\get_country_details_test.py",
            "lineno": 9,
            "message": ""
          },
          {
            "path": "tests\\endpoints\\get_country_details_test.py",
            "lineno": 26,
            "message": "AttributeError"
          }
        ],
        "longrepr": "endpoints = <module 'chessdotcom.endpoints' from 'D:\\\\repos\\\\sarartur@chess.com__fdd85340__requests__aiohttp\\\\chessdotcom\\\\endpoints\\\\__init__.py'>\n\n    @vcr.use_cassette(\"get_country_details.yaml\")\n    def test_with_endpoints(endpoints):\n        response = endpoints.get_country_details(iso=\"XE\")\n>       validate_response(response)\n\ntests\\endpoints\\get_country_details_test.py:9: \n_ _ _ _ _ _ _ _ _ _ _ _ _ _ _ _ _ _ _ _ _ _ _ _ _ _ _ _ _ _ _ _ _ _ _ _ _ _ _ _\n\nresponse = <coroutine object Client._do_async_get_request at 0x00000202F816A020>\n\n    def validate_response(response):\n>       assert isinstance(response.json, dict)\nE       AttributeError: 'coroutine' object has no attribute 'json'\n\ntests\\endpoints\\get_country_details_test.py:26: AttributeError"
      },
      "teardown": {
        "outcome": "passed"
      }
    },
    {
      "nodeid": "tests/endpoints/get_country_details_test.py::test_with_client",
      "lineno": 11,
      "outcome": "failed",
      "keywords": [
        "test_with_client",
        "get_country_details_test.py",
        "endpoints",
        "tests",
        "sarartur@chess.com__fdd85340__requests__aiohttp",
        ""
      ],
      "setup": {
        "outcome": "passed"
      },
      "call": {
        "outcome": "failed",
        "crash": {
          "path": "D:\\repos\\sarartur@chess.com__fdd85340__requests__aiohttp\\tests\\endpoints\\get_country_details_test.py",
          "lineno": 26,
          "message": "AttributeError: 'coroutine' object has no attribute 'json'"
        },
        "traceback": [
          {
            "path": "tests\\endpoints\\get_country_details_test.py",
            "lineno": 15,
            "message": ""
          },
          {
            "path": "tests\\endpoints\\get_country_details_test.py",
            "lineno": 26,
            "message": "AttributeError"
          }
        ],
        "stderr": "D:\\repos\\sarartur@chess.com__fdd85340__requests__aiohttp\\.venv\\Lib\\site-packages\\yaml\\resolver.py:143: RuntimeWarning: coroutine 'Client._do_async_get_request' was never awaited\n  def resolve(self, kind, value, implicit):\nRuntimeWarning: Enable tracemalloc to get the object allocation traceback\n",
        "longrepr": "client = <chessdotcom.client.ChessDotComClient object at 0x00000202F9589FA0>\n\n    @vcr.use_cassette(\"get_country_details.yaml\")\n    def test_with_client(client):\n        response = client.get_country_details(iso=\"XE\")\n>       validate_response(response)\n\ntests\\endpoints\\get_country_details_test.py:15: \n_ _ _ _ _ _ _ _ _ _ _ _ _ _ _ _ _ _ _ _ _ _ _ _ _ _ _ _ _ _ _ _ _ _ _ _ _ _ _ _\n\nresponse = <coroutine object Client._do_async_get_request at 0x00000202F8168BF0>\n\n    def validate_response(response):\n>       assert isinstance(response.json, dict)\nE       AttributeError: 'coroutine' object has no attribute 'json'\n\ntests\\endpoints\\get_country_details_test.py:26: AttributeError"
      },
      "teardown": {
        "outcome": "passed"
      }
    },
    {
      "nodeid": "tests/endpoints/get_country_details_test.py::test_with_async_client",
      "lineno": 17,
      "outcome": "passed",
      "keywords": [
        "test_with_async_client",
        "asyncio",
        "pytestmark",
        "get_country_details_test.py",
        "endpoints",
        "tests",
        "sarartur@chess.com__fdd85340__requests__aiohttp",
        ""
      ],
      "setup": {
        "outcome": "passed"
      },
      "call": {
        "outcome": "passed",
        "stderr": "D:\\repos\\sarartur@chess.com__fdd85340__requests__aiohttp\\.venv\\Lib\\site-packages\\yaml\\resolver.py:143: RuntimeWarning: coroutine 'Client._do_async_get_request' was never awaited\n  def resolve(self, kind, value, implicit):\nRuntimeWarning: Enable tracemalloc to get the object allocation traceback\n"
      },
      "teardown": {
        "outcome": "passed"
      }
    },
    {
      "nodeid": "tests/endpoints/get_country_players_test.py::test_with_endpoints",
      "lineno": 5,
      "outcome": "failed",
      "keywords": [
        "test_with_endpoints",
        "get_country_players_test.py",
        "endpoints",
        "tests",
        "sarartur@chess.com__fdd85340__requests__aiohttp",
        ""
      ],
      "setup": {
        "outcome": "passed"
      },
      "call": {
        "outcome": "failed",
        "crash": {
          "path": "D:\\repos\\sarartur@chess.com__fdd85340__requests__aiohttp\\tests\\endpoints\\get_country_players_test.py",
          "lineno": 26,
          "message": "AttributeError: 'coroutine' object has no attribute 'json'"
        },
        "traceback": [
          {
            "path": "tests\\endpoints\\get_country_players_test.py",
            "lineno": 9,
            "message": ""
          },
          {
            "path": "tests\\endpoints\\get_country_players_test.py",
            "lineno": 26,
            "message": "AttributeError"
          }
        ],
        "longrepr": "endpoints = <module 'chessdotcom.endpoints' from 'D:\\\\repos\\\\sarartur@chess.com__fdd85340__requests__aiohttp\\\\chessdotcom\\\\endpoints\\\\__init__.py'>\n\n    @vcr.use_cassette(\"get_country_players.yaml\")\n    def test_with_endpoints(endpoints):\n        response = endpoints.get_country_players(iso=\"US\")\n>       validate_response(response)\n\ntests\\endpoints\\get_country_players_test.py:9: \n_ _ _ _ _ _ _ _ _ _ _ _ _ _ _ _ _ _ _ _ _ _ _ _ _ _ _ _ _ _ _ _ _ _ _ _ _ _ _ _\n\nresponse = <coroutine object Client._do_async_get_request at 0x00000202F8169360>\n\n    def validate_response(response):\n>       assert isinstance(response.json, dict)\nE       AttributeError: 'coroutine' object has no attribute 'json'\n\ntests\\endpoints\\get_country_players_test.py:26: AttributeError"
      },
      "teardown": {
        "outcome": "passed"
      }
    },
    {
      "nodeid": "tests/endpoints/get_country_players_test.py::test_with_client",
      "lineno": 11,
      "outcome": "failed",
      "keywords": [
        "test_with_client",
        "get_country_players_test.py",
        "endpoints",
        "tests",
        "sarartur@chess.com__fdd85340__requests__aiohttp",
        ""
      ],
      "setup": {
        "outcome": "passed"
      },
      "call": {
        "outcome": "failed",
        "crash": {
          "path": "D:\\repos\\sarartur@chess.com__fdd85340__requests__aiohttp\\tests\\endpoints\\get_country_players_test.py",
          "lineno": 26,
          "message": "AttributeError: 'coroutine' object has no attribute 'json'"
        },
        "traceback": [
          {
            "path": "tests\\endpoints\\get_country_players_test.py",
            "lineno": 15,
            "message": ""
          },
          {
            "path": "tests\\endpoints\\get_country_players_test.py",
            "lineno": 26,
            "message": "AttributeError"
          }
        ],
        "stderr": "D:\\repos\\sarartur@chess.com__fdd85340__requests__aiohttp\\.venv\\Lib\\site-packages\\yaml\\nodes.py:27: RuntimeWarning: coroutine 'Client._do_async_get_request' was never awaited\n  def __init__(self, tag, value,\nRuntimeWarning: Enable tracemalloc to get the object allocation traceback\n",
        "longrepr": "client = <chessdotcom.client.ChessDotComClient object at 0x00000202F9589DF0>\n\n    @vcr.use_cassette(\"get_country_players.yaml\")\n    def test_with_client(client):\n        response = client.get_country_players(iso=\"US\")\n>       validate_response(response)\n\ntests\\endpoints\\get_country_players_test.py:15: \n_ _ _ _ _ _ _ _ _ _ _ _ _ _ _ _ _ _ _ _ _ _ _ _ _ _ _ _ _ _ _ _ _ _ _ _ _ _ _ _\n\nresponse = <coroutine object Client._do_async_get_request at 0x00000202F816A020>\n\n    def validate_response(response):\n>       assert isinstance(response.json, dict)\nE       AttributeError: 'coroutine' object has no attribute 'json'\n\ntests\\endpoints\\get_country_players_test.py:26: AttributeError"
      },
      "teardown": {
        "outcome": "passed"
      }
    },
    {
      "nodeid": "tests/endpoints/get_country_players_test.py::test_with_async_client",
      "lineno": 17,
      "outcome": "passed",
      "keywords": [
        "test_with_async_client",
        "asyncio",
        "pytestmark",
        "get_country_players_test.py",
        "endpoints",
        "tests",
        "sarartur@chess.com__fdd85340__requests__aiohttp",
        ""
      ],
      "setup": {
        "outcome": "passed"
      },
      "call": {
        "outcome": "passed",
        "stderr": "D:\\repos\\sarartur@chess.com__fdd85340__requests__aiohttp\\.venv\\Lib\\site-packages\\yaml\\nodes.py:27: RuntimeWarning: coroutine 'Client._do_async_get_request' was never awaited\n  def __init__(self, tag, value,\nRuntimeWarning: Enable tracemalloc to get the object allocation traceback\n"
      },
      "teardown": {
        "outcome": "passed"
      }
    },
    {
      "nodeid": "tests/endpoints/get_current_daily_puzzle_test.py::test_with_endpoints",
      "lineno": 5,
      "outcome": "failed",
      "keywords": [
        "test_with_endpoints",
        "get_current_daily_puzzle_test.py",
        "endpoints",
        "tests",
        "sarartur@chess.com__fdd85340__requests__aiohttp",
        ""
      ],
      "setup": {
        "outcome": "passed"
      },
      "call": {
        "outcome": "failed",
        "crash": {
          "path": "D:\\repos\\sarartur@chess.com__fdd85340__requests__aiohttp\\tests\\endpoints\\get_current_daily_puzzle_test.py",
          "lineno": 26,
          "message": "AttributeError: 'coroutine' object has no attribute 'json'"
        },
        "traceback": [
          {
            "path": "tests\\endpoints\\get_current_daily_puzzle_test.py",
            "lineno": 9,
            "message": ""
          },
          {
            "path": "tests\\endpoints\\get_current_daily_puzzle_test.py",
            "lineno": 26,
            "message": "AttributeError"
          }
        ],
        "longrepr": "endpoints = <module 'chessdotcom.endpoints' from 'D:\\\\repos\\\\sarartur@chess.com__fdd85340__requests__aiohttp\\\\chessdotcom\\\\endpoints\\\\__init__.py'>\n\n    @vcr.use_cassette(\"get_current_daily_puzzle.yaml\")\n    def test_with_endpoints(endpoints):\n        response = endpoints.get_current_daily_puzzle()\n>       validate_response(response)\n\ntests\\endpoints\\get_current_daily_puzzle_test.py:9: \n_ _ _ _ _ _ _ _ _ _ _ _ _ _ _ _ _ _ _ _ _ _ _ _ _ _ _ _ _ _ _ _ _ _ _ _ _ _ _ _\n\nresponse = <coroutine object Client._do_async_get_request at 0x00000202F816B340>\n\n    def validate_response(response):\n>       assert isinstance(response.json, dict)\nE       AttributeError: 'coroutine' object has no attribute 'json'\n\ntests\\endpoints\\get_current_daily_puzzle_test.py:26: AttributeError"
      },
      "teardown": {
        "outcome": "passed"
      }
    },
    {
      "nodeid": "tests/endpoints/get_current_daily_puzzle_test.py::test_with_client",
      "lineno": 11,
      "outcome": "failed",
      "keywords": [
        "test_with_client",
        "get_current_daily_puzzle_test.py",
        "endpoints",
        "tests",
        "sarartur@chess.com__fdd85340__requests__aiohttp",
        ""
      ],
      "setup": {
        "outcome": "passed"
      },
      "call": {
        "outcome": "failed",
        "crash": {
          "path": "D:\\repos\\sarartur@chess.com__fdd85340__requests__aiohttp\\tests\\endpoints\\get_current_daily_puzzle_test.py",
          "lineno": 26,
          "message": "AttributeError: 'coroutine' object has no attribute 'json'"
        },
        "traceback": [
          {
            "path": "tests\\endpoints\\get_current_daily_puzzle_test.py",
            "lineno": 15,
            "message": ""
          },
          {
            "path": "tests\\endpoints\\get_current_daily_puzzle_test.py",
            "lineno": 26,
            "message": "AttributeError"
          }
        ],
        "stderr": "D:\\repos\\sarartur@chess.com__fdd85340__requests__aiohttp\\.venv\\Lib\\site-packages\\yaml\\resolver.py:143: RuntimeWarning: coroutine 'Client._do_async_get_request' was never awaited\n  def resolve(self, kind, value, implicit):\nRuntimeWarning: Enable tracemalloc to get the object allocation traceback\n",
        "longrepr": "client = <chessdotcom.client.ChessDotComClient object at 0x00000202F961D430>\n\n    @vcr.use_cassette(\"get_current_daily_puzzle.yaml\")\n    def test_with_client(client):\n        response = client.get_current_daily_puzzle()\n>       validate_response(response)\n\ntests\\endpoints\\get_current_daily_puzzle_test.py:15: \n_ _ _ _ _ _ _ _ _ _ _ _ _ _ _ _ _ _ _ _ _ _ _ _ _ _ _ _ _ _ _ _ _ _ _ _ _ _ _ _\n\nresponse = <coroutine object Client._do_async_get_request at 0x00000202F8169360>\n\n    def validate_response(response):\n>       assert isinstance(response.json, dict)\nE       AttributeError: 'coroutine' object has no attribute 'json'\n\ntests\\endpoints\\get_current_daily_puzzle_test.py:26: AttributeError"
      },
      "teardown": {
        "outcome": "passed"
      }
    },
    {
      "nodeid": "tests/endpoints/get_current_daily_puzzle_test.py::test_with_async_client",
      "lineno": 17,
      "outcome": "passed",
      "keywords": [
        "test_with_async_client",
        "asyncio",
        "pytestmark",
        "get_current_daily_puzzle_test.py",
        "endpoints",
        "tests",
        "sarartur@chess.com__fdd85340__requests__aiohttp",
        ""
      ],
      "setup": {
        "outcome": "passed"
      },
      "call": {
        "outcome": "passed",
        "stderr": "D:\\repos\\sarartur@chess.com__fdd85340__requests__aiohttp\\.venv\\Lib\\site-packages\\yaml\\resolver.py:151: RuntimeWarning: coroutine 'Client._do_async_get_request' was never awaited\n  if regexp.match(value):\nRuntimeWarning: Enable tracemalloc to get the object allocation traceback\n"
      },
      "teardown": {
        "outcome": "passed"
      }
    },
    {
      "nodeid": "tests/endpoints/get_leaderboards_test.py::test_with_endpoints",
      "lineno": 5,
      "outcome": "failed",
      "keywords": [
        "test_with_endpoints",
        "get_leaderboards_test.py",
        "endpoints",
        "tests",
        "sarartur@chess.com__fdd85340__requests__aiohttp",
        ""
      ],
      "setup": {
        "outcome": "passed"
      },
      "call": {
        "outcome": "failed",
        "crash": {
          "path": "D:\\repos\\sarartur@chess.com__fdd85340__requests__aiohttp\\tests\\endpoints\\get_leaderboards_test.py",
          "lineno": 26,
          "message": "AttributeError: 'coroutine' object has no attribute 'json'"
        },
        "traceback": [
          {
            "path": "tests\\endpoints\\get_leaderboards_test.py",
            "lineno": 9,
            "message": ""
          },
          {
            "path": "tests\\endpoints\\get_leaderboards_test.py",
            "lineno": 26,
            "message": "AttributeError"
          }
        ],
        "longrepr": "endpoints = <module 'chessdotcom.endpoints' from 'D:\\\\repos\\\\sarartur@chess.com__fdd85340__requests__aiohttp\\\\chessdotcom\\\\endpoints\\\\__init__.py'>\n\n    @vcr.use_cassette(\"get_leaderboards.yaml\")\n    def test_with_endpoints(endpoints):\n        response = endpoints.get_leaderboards()\n>       validate_response(response)\n\ntests\\endpoints\\get_leaderboards_test.py:9: \n_ _ _ _ _ _ _ _ _ _ _ _ _ _ _ _ _ _ _ _ _ _ _ _ _ _ _ _ _ _ _ _ _ _ _ _ _ _ _ _\n\nresponse = <coroutine object Client._do_async_get_request at 0x00000202F8168040>\n\n    def validate_response(response):\n>       assert isinstance(response.json, dict)\nE       AttributeError: 'coroutine' object has no attribute 'json'\n\ntests\\endpoints\\get_leaderboards_test.py:26: AttributeError"
      },
      "teardown": {
        "outcome": "passed"
      }
    },
    {
      "nodeid": "tests/endpoints/get_leaderboards_test.py::test_with_client",
      "lineno": 11,
      "outcome": "failed",
      "keywords": [
        "test_with_client",
        "get_leaderboards_test.py",
        "endpoints",
        "tests",
        "sarartur@chess.com__fdd85340__requests__aiohttp",
        ""
      ],
      "setup": {
        "outcome": "passed"
      },
      "call": {
        "outcome": "failed",
        "crash": {
          "path": "D:\\repos\\sarartur@chess.com__fdd85340__requests__aiohttp\\tests\\endpoints\\get_leaderboards_test.py",
          "lineno": 26,
          "message": "AttributeError: 'coroutine' object has no attribute 'json'"
        },
        "traceback": [
          {
            "path": "tests\\endpoints\\get_leaderboards_test.py",
            "lineno": 15,
            "message": ""
          },
          {
            "path": "tests\\endpoints\\get_leaderboards_test.py",
            "lineno": 26,
            "message": "AttributeError"
          }
        ],
        "longrepr": "client = <chessdotcom.client.ChessDotComClient object at 0x00000202F961F7D0>\n\n    @vcr.use_cassette(\"get_leaderboards.yaml\")\n    def test_with_client(client):\n        response = client.get_leaderboards()\n>       validate_response(response)\n\ntests\\endpoints\\get_leaderboards_test.py:15: \n_ _ _ _ _ _ _ _ _ _ _ _ _ _ _ _ _ _ _ _ _ _ _ _ _ _ _ _ _ _ _ _ _ _ _ _ _ _ _ _\n\nresponse = <coroutine object Client._do_async_get_request at 0x00000202F816B340>\n\n    def validate_response(response):\n>       assert isinstance(response.json, dict)\nE       AttributeError: 'coroutine' object has no attribute 'json'\n\ntests\\endpoints\\get_leaderboards_test.py:26: AttributeError"
      },
      "teardown": {
        "outcome": "passed"
      }
    },
    {
      "nodeid": "tests/endpoints/get_leaderboards_test.py::test_with_async_client",
      "lineno": 17,
      "outcome": "passed",
      "keywords": [
        "test_with_async_client",
        "asyncio",
        "pytestmark",
        "get_leaderboards_test.py",
        "endpoints",
        "tests",
        "sarartur@chess.com__fdd85340__requests__aiohttp",
        ""
      ],
      "setup": {
        "outcome": "passed"
      },
      "call": {
        "outcome": "passed"
      },
      "teardown": {
        "outcome": "passed"
      }
    },
    {
      "nodeid": "tests/endpoints/get_player_team_matches_test.py::test_with_endpoints",
      "lineno": 5,
      "outcome": "failed",
      "keywords": [
        "test_with_endpoints",
        "get_player_team_matches_test.py",
        "endpoints",
        "tests",
        "sarartur@chess.com__fdd85340__requests__aiohttp",
        ""
      ],
      "setup": {
        "outcome": "passed"
      },
      "call": {
        "outcome": "failed",
        "crash": {
          "path": "D:\\repos\\sarartur@chess.com__fdd85340__requests__aiohttp\\tests\\endpoints\\get_player_team_matches_test.py",
          "lineno": 26,
          "message": "AttributeError: 'coroutine' object has no attribute 'json'"
        },
        "traceback": [
          {
            "path": "tests\\endpoints\\get_player_team_matches_test.py",
            "lineno": 9,
            "message": ""
          },
          {
            "path": "tests\\endpoints\\get_player_team_matches_test.py",
            "lineno": 26,
            "message": "AttributeError"
          }
        ],
        "longrepr": "endpoints = <module 'chessdotcom.endpoints' from 'D:\\\\repos\\\\sarartur@chess.com__fdd85340__requests__aiohttp\\\\chessdotcom\\\\endpoints\\\\__init__.py'>\n\n    @vcr.use_cassette(\"get_player_team_matches.yaml\")\n    def test_with_endpoints(endpoints):\n        response = endpoints.get_player_team_matches(username=\"akshayraj_kore\")\n>       validate_response(response)\n\ntests\\endpoints\\get_player_team_matches_test.py:9: \n_ _ _ _ _ _ _ _ _ _ _ _ _ _ _ _ _ _ _ _ _ _ _ _ _ _ _ _ _ _ _ _ _ _ _ _ _ _ _ _\n\nresponse = <coroutine object Client._do_async_get_request at 0x00000202F8169F10>\n\n    def validate_response(response):\n>       assert isinstance(response.json, dict)\nE       AttributeError: 'coroutine' object has no attribute 'json'\n\ntests\\endpoints\\get_player_team_matches_test.py:26: AttributeError"
      },
      "teardown": {
        "outcome": "passed"
      }
    },
    {
      "nodeid": "tests/endpoints/get_player_team_matches_test.py::test_with_client",
      "lineno": 11,
      "outcome": "failed",
      "keywords": [
        "test_with_client",
        "get_player_team_matches_test.py",
        "endpoints",
        "tests",
        "sarartur@chess.com__fdd85340__requests__aiohttp",
        ""
      ],
      "setup": {
        "outcome": "passed"
      },
      "call": {
        "outcome": "failed",
        "crash": {
          "path": "D:\\repos\\sarartur@chess.com__fdd85340__requests__aiohttp\\tests\\endpoints\\get_player_team_matches_test.py",
          "lineno": 26,
          "message": "AttributeError: 'coroutine' object has no attribute 'json'"
        },
        "traceback": [
          {
            "path": "tests\\endpoints\\get_player_team_matches_test.py",
            "lineno": 15,
            "message": ""
          },
          {
            "path": "tests\\endpoints\\get_player_team_matches_test.py",
            "lineno": 26,
            "message": "AttributeError"
          }
        ],
        "longrepr": "client = <chessdotcom.client.ChessDotComClient object at 0x00000202F9622B10>\n\n    @vcr.use_cassette(\"get_player_team_matches.yaml\")\n    def test_with_client(client):\n        response = client.get_player_team_matches(username=\"akshayraj_kore\")\n>       validate_response(response)\n\ntests\\endpoints\\get_player_team_matches_test.py:15: \n_ _ _ _ _ _ _ _ _ _ _ _ _ _ _ _ _ _ _ _ _ _ _ _ _ _ _ _ _ _ _ _ _ _ _ _ _ _ _ _\n\nresponse = <coroutine object Client._do_async_get_request at 0x00000202F8168BF0>\n\n    def validate_response(response):\n>       assert isinstance(response.json, dict)\nE       AttributeError: 'coroutine' object has no attribute 'json'\n\ntests\\endpoints\\get_player_team_matches_test.py:26: AttributeError"
      },
      "teardown": {
        "outcome": "passed"
      }
    },
    {
      "nodeid": "tests/endpoints/get_player_team_matches_test.py::test_with_async_client",
      "lineno": 17,
      "outcome": "passed",
      "keywords": [
        "test_with_async_client",
        "asyncio",
        "pytestmark",
        "get_player_team_matches_test.py",
        "endpoints",
        "tests",
        "sarartur@chess.com__fdd85340__requests__aiohttp",
        ""
      ],
      "setup": {
        "outcome": "passed"
      },
      "call": {
        "outcome": "passed"
      },
      "teardown": {
        "outcome": "passed"
      }
    },
    {
      "nodeid": "tests/endpoints/get_random_daily_puzzle_test.py::test_with_endpoints",
      "lineno": 5,
      "outcome": "failed",
      "keywords": [
        "test_with_endpoints",
        "get_random_daily_puzzle_test.py",
        "endpoints",
        "tests",
        "sarartur@chess.com__fdd85340__requests__aiohttp",
        ""
      ],
      "setup": {
        "outcome": "passed"
      },
      "call": {
        "outcome": "failed",
        "crash": {
          "path": "D:\\repos\\sarartur@chess.com__fdd85340__requests__aiohttp\\tests\\endpoints\\get_random_daily_puzzle_test.py",
          "lineno": 26,
          "message": "AttributeError: 'coroutine' object has no attribute 'json'"
        },
        "traceback": [
          {
            "path": "tests\\endpoints\\get_random_daily_puzzle_test.py",
            "lineno": 9,
            "message": ""
          },
          {
            "path": "tests\\endpoints\\get_random_daily_puzzle_test.py",
            "lineno": 26,
            "message": "AttributeError"
          }
        ],
        "longrepr": "endpoints = <module 'chessdotcom.endpoints' from 'D:\\\\repos\\\\sarartur@chess.com__fdd85340__requests__aiohttp\\\\chessdotcom\\\\endpoints\\\\__init__.py'>\n\n    @vcr.use_cassette(\"get_random_daily_puzzle.yaml\")\n    def test_with_endpoints(endpoints):\n        response = endpoints.get_random_daily_puzzle()\n>       validate_response(response)\n\ntests\\endpoints\\get_random_daily_puzzle_test.py:9: \n_ _ _ _ _ _ _ _ _ _ _ _ _ _ _ _ _ _ _ _ _ _ _ _ _ _ _ _ _ _ _ _ _ _ _ _ _ _ _ _\n\nresponse = <coroutine object Client._do_async_get_request at 0x00000202F8168040>\n\n    def validate_response(response):\n>       assert isinstance(response.json, dict)\nE       AttributeError: 'coroutine' object has no attribute 'json'\n\ntests\\endpoints\\get_random_daily_puzzle_test.py:26: AttributeError"
      },
      "teardown": {
        "outcome": "passed"
      }
    },
    {
      "nodeid": "tests/endpoints/get_random_daily_puzzle_test.py::test_with_client",
      "lineno": 11,
      "outcome": "failed",
      "keywords": [
        "test_with_client",
        "get_random_daily_puzzle_test.py",
        "endpoints",
        "tests",
        "sarartur@chess.com__fdd85340__requests__aiohttp",
        ""
      ],
      "setup": {
        "outcome": "passed"
      },
      "call": {
        "outcome": "failed",
        "crash": {
          "path": "D:\\repos\\sarartur@chess.com__fdd85340__requests__aiohttp\\tests\\endpoints\\get_random_daily_puzzle_test.py",
          "lineno": 26,
          "message": "AttributeError: 'coroutine' object has no attribute 'json'"
        },
        "traceback": [
          {
            "path": "tests\\endpoints\\get_random_daily_puzzle_test.py",
            "lineno": 15,
            "message": ""
          },
          {
            "path": "tests\\endpoints\\get_random_daily_puzzle_test.py",
            "lineno": 26,
            "message": "AttributeError"
          }
        ],
        "stderr": "D:\\repos\\sarartur@chess.com__fdd85340__requests__aiohttp\\.venv\\Lib\\site-packages\\yaml\\nodes.py:27: RuntimeWarning: coroutine 'Client._do_async_get_request' was never awaited\n  def __init__(self, tag, value,\nRuntimeWarning: Enable tracemalloc to get the object allocation traceback\n",
        "longrepr": "client = <chessdotcom.client.ChessDotComClient object at 0x00000202F9231D90>\n\n    @vcr.use_cassette(\"get_random_daily_puzzle.yaml\")\n    def test_with_client(client):\n        response = client.get_random_daily_puzzle()\n>       validate_response(response)\n\ntests\\endpoints\\get_random_daily_puzzle_test.py:15: \n_ _ _ _ _ _ _ _ _ _ _ _ _ _ _ _ _ _ _ _ _ _ _ _ _ _ _ _ _ _ _ _ _ _ _ _ _ _ _ _\n\nresponse = <coroutine object Client._do_async_get_request at 0x00000202F816ADF0>\n\n    def validate_response(response):\n>       assert isinstance(response.json, dict)\nE       AttributeError: 'coroutine' object has no attribute 'json'\n\ntests\\endpoints\\get_random_daily_puzzle_test.py:26: AttributeError"
      },
      "teardown": {
        "outcome": "passed"
      }
    },
    {
      "nodeid": "tests/endpoints/get_random_daily_puzzle_test.py::test_with_async_client",
      "lineno": 17,
      "outcome": "passed",
      "keywords": [
        "test_with_async_client",
        "asyncio",
        "pytestmark",
        "get_random_daily_puzzle_test.py",
        "endpoints",
        "tests",
        "sarartur@chess.com__fdd85340__requests__aiohttp",
        ""
      ],
      "setup": {
        "outcome": "passed"
      },
      "call": {
        "outcome": "passed",
        "stderr": "D:\\repos\\sarartur@chess.com__fdd85340__requests__aiohttp\\.venv\\Lib\\site-packages\\yaml\\resolver.py:143: RuntimeWarning: coroutine 'Client._do_async_get_request' was never awaited\n  def resolve(self, kind, value, implicit):\nRuntimeWarning: Enable tracemalloc to get the object allocation traceback\n"
      },
      "teardown": {
        "outcome": "passed"
      }
    },
    {
      "nodeid": "tests/endpoints/get_streamers_test.py::test_with_endpoints",
      "lineno": 5,
      "outcome": "failed",
      "keywords": [
        "test_with_endpoints",
        "get_streamers_test.py",
        "endpoints",
        "tests",
        "sarartur@chess.com__fdd85340__requests__aiohttp",
        ""
      ],
      "setup": {
        "outcome": "passed"
      },
      "call": {
        "outcome": "failed",
        "crash": {
          "path": "D:\\repos\\sarartur@chess.com__fdd85340__requests__aiohttp\\tests\\endpoints\\get_streamers_test.py",
          "lineno": 26,
          "message": "AttributeError: 'coroutine' object has no attribute 'json'"
        },
        "traceback": [
          {
            "path": "tests\\endpoints\\get_streamers_test.py",
            "lineno": 9,
            "message": ""
          },
          {
            "path": "tests\\endpoints\\get_streamers_test.py",
            "lineno": 26,
            "message": "AttributeError"
          }
        ],
        "longrepr": "endpoints = <module 'chessdotcom.endpoints' from 'D:\\\\repos\\\\sarartur@chess.com__fdd85340__requests__aiohttp\\\\chessdotcom\\\\endpoints\\\\__init__.py'>\n\n    @vcr.use_cassette(\"get_streamers.yaml\")\n    def test_with_endpoints(endpoints):\n        response = endpoints.get_streamers()\n>       validate_response(response)\n\ntests\\endpoints\\get_streamers_test.py:9: \n_ _ _ _ _ _ _ _ _ _ _ _ _ _ _ _ _ _ _ _ _ _ _ _ _ _ _ _ _ _ _ _ _ _ _ _ _ _ _ _\n\nresponse = <coroutine object Client._do_async_get_request at 0x00000202F816B560>\n\n    def validate_response(response):\n>       assert isinstance(response.json, dict)\nE       AttributeError: 'coroutine' object has no attribute 'json'\n\ntests\\endpoints\\get_streamers_test.py:26: AttributeError"
      },
      "teardown": {
        "outcome": "passed"
      }
    },
    {
      "nodeid": "tests/endpoints/get_streamers_test.py::test_with_client",
      "lineno": 11,
      "outcome": "failed",
      "keywords": [
        "test_with_client",
        "get_streamers_test.py",
        "endpoints",
        "tests",
        "sarartur@chess.com__fdd85340__requests__aiohttp",
        ""
      ],
      "setup": {
        "outcome": "passed"
      },
      "call": {
        "outcome": "failed",
        "crash": {
          "path": "D:\\repos\\sarartur@chess.com__fdd85340__requests__aiohttp\\tests\\endpoints\\get_streamers_test.py",
          "lineno": 26,
          "message": "AttributeError: 'coroutine' object has no attribute 'json'"
        },
        "traceback": [
          {
            "path": "tests\\endpoints\\get_streamers_test.py",
            "lineno": 15,
            "message": ""
          },
          {
            "path": "tests\\endpoints\\get_streamers_test.py",
            "lineno": 26,
            "message": "AttributeError"
          }
        ],
        "stderr": "D:\\repos\\sarartur@chess.com__fdd85340__requests__aiohttp\\.venv\\Lib\\site-packages\\yaml\\resolver.py:143: RuntimeWarning: coroutine 'Client._do_async_get_request' was never awaited\n  def resolve(self, kind, value, implicit):\nRuntimeWarning: Enable tracemalloc to get the object allocation traceback\n",
        "longrepr": "client = <chessdotcom.client.ChessDotComClient object at 0x00000202F91ECC80>\n\n    @vcr.use_cassette(\"get_streamers.yaml\")\n    def test_with_client(client):\n        response = client.get_streamers()\n>       validate_response(response)\n\ntests\\endpoints\\get_streamers_test.py:15: \n_ _ _ _ _ _ _ _ _ _ _ _ _ _ _ _ _ _ _ _ _ _ _ _ _ _ _ _ _ _ _ _ _ _ _ _ _ _ _ _\n\nresponse = <coroutine object Client._do_async_get_request at 0x00000202F816B670>\n\n    def validate_response(response):\n>       assert isinstance(response.json, dict)\nE       AttributeError: 'coroutine' object has no attribute 'json'\n\ntests\\endpoints\\get_streamers_test.py:26: AttributeError"
      },
      "teardown": {
        "outcome": "passed"
      }
    },
    {
      "nodeid": "tests/endpoints/get_streamers_test.py::test_with_async_client",
      "lineno": 17,
      "outcome": "passed",
      "keywords": [
        "test_with_async_client",
        "asyncio",
        "pytestmark",
        "get_streamers_test.py",
        "endpoints",
        "tests",
        "sarartur@chess.com__fdd85340__requests__aiohttp",
        ""
      ],
      "setup": {
        "outcome": "passed"
      },
      "call": {
        "outcome": "passed",
        "stderr": "D:\\repos\\sarartur@chess.com__fdd85340__requests__aiohttp\\.venv\\Lib\\site-packages\\yaml\\constructor.py:67: RuntimeWarning: coroutine 'Client._do_async_get_request' was never awaited\n  def construct_object(self, node, deep=False):\nRuntimeWarning: Enable tracemalloc to get the object allocation traceback\n"
      },
      "teardown": {
        "outcome": "passed"
      }
    },
    {
      "nodeid": "tests/endpoints/get_team_match_board_test.py::test_with_endpoints",
      "lineno": 5,
      "outcome": "failed",
      "keywords": [
        "test_with_endpoints",
        "get_team_match_board_test.py",
        "endpoints",
        "tests",
        "sarartur@chess.com__fdd85340__requests__aiohttp",
        ""
      ],
      "setup": {
        "outcome": "passed"
      },
      "call": {
        "outcome": "failed",
        "crash": {
          "path": "D:\\repos\\sarartur@chess.com__fdd85340__requests__aiohttp\\tests\\endpoints\\get_team_match_board_test.py",
          "lineno": 26,
          "message": "AttributeError: 'coroutine' object has no attribute 'json'"
        },
        "traceback": [
          {
            "path": "tests\\endpoints\\get_team_match_board_test.py",
            "lineno": 9,
            "message": ""
          },
          {
            "path": "tests\\endpoints\\get_team_match_board_test.py",
            "lineno": 26,
            "message": "AttributeError"
          }
        ],
        "longrepr": "endpoints = <module 'chessdotcom.endpoints' from 'D:\\\\repos\\\\sarartur@chess.com__fdd85340__requests__aiohttp\\\\chessdotcom\\\\endpoints\\\\__init__.py'>\n\n    @vcr.use_cassette(\"get_team_match_board.yaml\")\n    def test_with_endpoints(endpoints):\n        response = endpoints.get_team_match_board(match_id=12803, board_num=1)\n>       validate_response(response)\n\ntests\\endpoints\\get_team_match_board_test.py:9: \n_ _ _ _ _ _ _ _ _ _ _ _ _ _ _ _ _ _ _ _ _ _ _ _ _ _ _ _ _ _ _ _ _ _ _ _ _ _ _ _\n\nresponse = <coroutine object Client._do_async_get_request at 0x00000202F8168040>\n\n    def validate_response(response):\n>       assert isinstance(response.json, dict)\nE       AttributeError: 'coroutine' object has no attribute 'json'\n\ntests\\endpoints\\get_team_match_board_test.py:26: AttributeError"
      },
      "teardown": {
        "outcome": "passed"
      }
    },
    {
      "nodeid": "tests/endpoints/get_team_match_board_test.py::test_with_client",
      "lineno": 11,
      "outcome": "failed",
      "keywords": [
        "test_with_client",
        "get_team_match_board_test.py",
        "endpoints",
        "tests",
        "sarartur@chess.com__fdd85340__requests__aiohttp",
        ""
      ],
      "setup": {
        "outcome": "passed"
      },
      "call": {
        "outcome": "failed",
        "crash": {
          "path": "D:\\repos\\sarartur@chess.com__fdd85340__requests__aiohttp\\tests\\endpoints\\get_team_match_board_test.py",
          "lineno": 26,
          "message": "AttributeError: 'coroutine' object has no attribute 'json'"
        },
        "traceback": [
          {
            "path": "tests\\endpoints\\get_team_match_board_test.py",
            "lineno": 15,
            "message": ""
          },
          {
            "path": "tests\\endpoints\\get_team_match_board_test.py",
            "lineno": 26,
            "message": "AttributeError"
          }
        ],
        "longrepr": "client = <chessdotcom.client.ChessDotComClient object at 0x00000202F91E3050>\n\n    @vcr.use_cassette(\"get_team_match_board.yaml\")\n    def test_with_client(client):\n        response = client.get_team_match_board(match_id=12803, board_num=1)\n>       validate_response(response)\n\ntests\\endpoints\\get_team_match_board_test.py:15: \n_ _ _ _ _ _ _ _ _ _ _ _ _ _ _ _ _ _ _ _ _ _ _ _ _ _ _ _ _ _ _ _ _ _ _ _ _ _ _ _\n\nresponse = <coroutine object Client._do_async_get_request at 0x00000202F816B780>\n\n    def validate_response(response):\n>       assert isinstance(response.json, dict)\nE       AttributeError: 'coroutine' object has no attribute 'json'\n\ntests\\endpoints\\get_team_match_board_test.py:26: AttributeError"
      },
      "teardown": {
        "outcome": "passed"
      }
    },
    {
      "nodeid": "tests/endpoints/get_team_match_board_test.py::test_with_async_client",
      "lineno": 17,
      "outcome": "passed",
      "keywords": [
        "test_with_async_client",
        "asyncio",
        "pytestmark",
        "get_team_match_board_test.py",
        "endpoints",
        "tests",
        "sarartur@chess.com__fdd85340__requests__aiohttp",
        ""
      ],
      "setup": {
        "outcome": "passed"
      },
      "call": {
        "outcome": "passed"
      },
      "teardown": {
        "outcome": "passed"
      }
    },
    {
      "nodeid": "tests/endpoints/get_team_match_live_board_test.py::test_with_endpoints",
      "lineno": 5,
      "outcome": "failed",
      "keywords": [
        "test_with_endpoints",
        "get_team_match_live_board_test.py",
        "endpoints",
        "tests",
        "sarartur@chess.com__fdd85340__requests__aiohttp",
        ""
      ],
      "setup": {
        "outcome": "passed"
      },
      "call": {
        "outcome": "failed",
        "crash": {
          "path": "D:\\repos\\sarartur@chess.com__fdd85340__requests__aiohttp\\tests\\endpoints\\get_team_match_live_board_test.py",
          "lineno": 26,
          "message": "AttributeError: 'coroutine' object has no attribute 'json'"
        },
        "traceback": [
          {
            "path": "tests\\endpoints\\get_team_match_live_board_test.py",
            "lineno": 9,
            "message": ""
          },
          {
            "path": "tests\\endpoints\\get_team_match_live_board_test.py",
            "lineno": 26,
            "message": "AttributeError"
          }
        ],
        "longrepr": "endpoints = <module 'chessdotcom.endpoints' from 'D:\\\\repos\\\\sarartur@chess.com__fdd85340__requests__aiohttp\\\\chessdotcom\\\\endpoints\\\\__init__.py'>\n\n    @vcr.use_cassette(\"get_team_match_live_board.yaml\")\n    def test_with_endpoints(endpoints):\n        response = endpoints.get_team_match_live_board(match_id=5833, board_num=1)\n>       validate_response(response)\n\ntests\\endpoints\\get_team_match_live_board_test.py:9: \n_ _ _ _ _ _ _ _ _ _ _ _ _ _ _ _ _ _ _ _ _ _ _ _ _ _ _ _ _ _ _ _ _ _ _ _ _ _ _ _\n\nresponse = <coroutine object Client._do_async_get_request at 0x00000202F816B670>\n\n    def validate_response(response):\n>       assert isinstance(response.json, dict)\nE       AttributeError: 'coroutine' object has no attribute 'json'\n\ntests\\endpoints\\get_team_match_live_board_test.py:26: AttributeError"
      },
      "teardown": {
        "outcome": "passed"
      }
    },
    {
      "nodeid": "tests/endpoints/get_team_match_live_board_test.py::test_with_client",
      "lineno": 11,
      "outcome": "failed",
      "keywords": [
        "test_with_client",
        "get_team_match_live_board_test.py",
        "endpoints",
        "tests",
        "sarartur@chess.com__fdd85340__requests__aiohttp",
        ""
      ],
      "setup": {
        "outcome": "passed"
      },
      "call": {
        "outcome": "failed",
        "crash": {
          "path": "D:\\repos\\sarartur@chess.com__fdd85340__requests__aiohttp\\tests\\endpoints\\get_team_match_live_board_test.py",
          "lineno": 26,
          "message": "AttributeError: 'coroutine' object has no attribute 'json'"
        },
        "traceback": [
          {
            "path": "tests\\endpoints\\get_team_match_live_board_test.py",
            "lineno": 15,
            "message": ""
          },
          {
            "path": "tests\\endpoints\\get_team_match_live_board_test.py",
            "lineno": 26,
            "message": "AttributeError"
          }
        ],
        "stderr": "D:\\repos\\sarartur@chess.com__fdd85340__requests__aiohttp\\.venv\\Lib\\site-packages\\yaml\\constructor.py:410: RuntimeWarning: coroutine 'Client._do_async_get_request' was never awaited\n  def construct_yaml_map(self, node):\nRuntimeWarning: Enable tracemalloc to get the object allocation traceback\n",
        "longrepr": "client = <chessdotcom.client.ChessDotComClient object at 0x00000202F961C350>\n\n    @vcr.use_cassette(\"get_team_match_live_board.yaml\")\n    def test_with_client(client):\n        response = client.get_team_match_live_board(match_id=5833, board_num=1)\n>       validate_response(response)\n\ntests\\endpoints\\get_team_match_live_board_test.py:15: \n_ _ _ _ _ _ _ _ _ _ _ _ _ _ _ _ _ _ _ _ _ _ _ _ _ _ _ _ _ _ _ _ _ _ _ _ _ _ _ _\n\nresponse = <coroutine object Client._do_async_get_request at 0x00000202F816ADF0>\n\n    def validate_response(response):\n>       assert isinstance(response.json, dict)\nE       AttributeError: 'coroutine' object has no attribute 'json'\n\ntests\\endpoints\\get_team_match_live_board_test.py:26: AttributeError"
      },
      "teardown": {
        "outcome": "passed"
      }
    },
    {
      "nodeid": "tests/endpoints/get_team_match_live_board_test.py::test_with_async_client",
      "lineno": 17,
      "outcome": "passed",
      "keywords": [
        "test_with_async_client",
        "asyncio",
        "pytestmark",
        "get_team_match_live_board_test.py",
        "endpoints",
        "tests",
        "sarartur@chess.com__fdd85340__requests__aiohttp",
        ""
      ],
      "setup": {
        "outcome": "passed"
      },
      "call": {
        "outcome": "passed",
        "stderr": "D:\\repos\\sarartur@chess.com__fdd85340__requests__aiohttp\\.venv\\Lib\\site-packages\\yaml\\resolver.py:114: RuntimeWarning: coroutine 'Client._do_async_get_request' was never awaited\n  def ascend_resolver(self):\nRuntimeWarning: Enable tracemalloc to get the object allocation traceback\n"
      },
      "teardown": {
        "outcome": "passed"
      }
    },
    {
      "nodeid": "tests/endpoints/get_team_match_live_test.py::test_with_endpoints",
      "lineno": 5,
      "outcome": "failed",
      "keywords": [
        "test_with_endpoints",
        "get_team_match_live_test.py",
        "endpoints",
        "tests",
        "sarartur@chess.com__fdd85340__requests__aiohttp",
        ""
      ],
      "setup": {
        "outcome": "passed"
      },
      "call": {
        "outcome": "failed",
        "crash": {
          "path": "D:\\repos\\sarartur@chess.com__fdd85340__requests__aiohttp\\tests\\endpoints\\get_team_match_live_test.py",
          "lineno": 26,
          "message": "AttributeError: 'coroutine' object has no attribute 'json'"
        },
        "traceback": [
          {
            "path": "tests\\endpoints\\get_team_match_live_test.py",
            "lineno": 9,
            "message": ""
          },
          {
            "path": "tests\\endpoints\\get_team_match_live_test.py",
            "lineno": 26,
            "message": "AttributeError"
          }
        ],
        "longrepr": "endpoints = <module 'chessdotcom.endpoints' from 'D:\\\\repos\\\\sarartur@chess.com__fdd85340__requests__aiohttp\\\\chessdotcom\\\\endpoints\\\\__init__.py'>\n\n    @vcr.use_cassette(\"get_team_match_live.yaml\")\n    def test_with_endpoints(endpoints):\n        response = endpoints.get_team_match_live(match_id=5833)\n>       validate_response(response)\n\ntests\\endpoints\\get_team_match_live_test.py:9: \n_ _ _ _ _ _ _ _ _ _ _ _ _ _ _ _ _ _ _ _ _ _ _ _ _ _ _ _ _ _ _ _ _ _ _ _ _ _ _ _\n\nresponse = <coroutine object Client._do_async_get_request at 0x00000202F8169F10>\n\n    def validate_response(response):\n>       assert isinstance(response.json, dict)\nE       AttributeError: 'coroutine' object has no attribute 'json'\n\ntests\\endpoints\\get_team_match_live_test.py:26: AttributeError"
      },
      "teardown": {
        "outcome": "passed"
      }
    },
    {
      "nodeid": "tests/endpoints/get_team_match_live_test.py::test_with_client",
      "lineno": 11,
      "outcome": "failed",
      "keywords": [
        "test_with_client",
        "get_team_match_live_test.py",
        "endpoints",
        "tests",
        "sarartur@chess.com__fdd85340__requests__aiohttp",
        ""
      ],
      "setup": {
        "outcome": "passed"
      },
      "call": {
        "outcome": "failed",
        "crash": {
          "path": "D:\\repos\\sarartur@chess.com__fdd85340__requests__aiohttp\\tests\\endpoints\\get_team_match_live_test.py",
          "lineno": 26,
          "message": "AttributeError: 'coroutine' object has no attribute 'json'"
        },
        "traceback": [
          {
            "path": "tests\\endpoints\\get_team_match_live_test.py",
            "lineno": 15,
            "message": ""
          },
          {
            "path": "tests\\endpoints\\get_team_match_live_test.py",
            "lineno": 26,
            "message": "AttributeError"
          }
        ],
        "longrepr": "client = <chessdotcom.client.ChessDotComClient object at 0x00000202F91EE270>\n\n    @vcr.use_cassette(\"get_team_match_live.yaml\")\n    def test_with_client(client):\n        response = client.get_team_match_live(match_id=5833)\n>       validate_response(response)\n\ntests\\endpoints\\get_team_match_live_test.py:15: \n_ _ _ _ _ _ _ _ _ _ _ _ _ _ _ _ _ _ _ _ _ _ _ _ _ _ _ _ _ _ _ _ _ _ _ _ _ _ _ _\n\nresponse = <coroutine object Client._do_async_get_request at 0x00000202F816A020>\n\n    def validate_response(response):\n>       assert isinstance(response.json, dict)\nE       AttributeError: 'coroutine' object has no attribute 'json'\n\ntests\\endpoints\\get_team_match_live_test.py:26: AttributeError"
      },
      "teardown": {
        "outcome": "passed"
      }
    },
    {
      "nodeid": "tests/endpoints/get_team_match_live_test.py::test_with_async_client",
      "lineno": 17,
      "outcome": "passed",
      "keywords": [
        "test_with_async_client",
        "asyncio",
        "pytestmark",
        "get_team_match_live_test.py",
        "endpoints",
        "tests",
        "sarartur@chess.com__fdd85340__requests__aiohttp",
        ""
      ],
      "setup": {
        "outcome": "passed"
      },
      "call": {
        "outcome": "passed"
      },
      "teardown": {
        "outcome": "passed"
      }
    },
    {
      "nodeid": "tests/endpoints/get_team_match_test.py::test_with_endpoints",
      "lineno": 5,
      "outcome": "failed",
      "keywords": [
        "test_with_endpoints",
        "get_team_match_test.py",
        "endpoints",
        "tests",
        "sarartur@chess.com__fdd85340__requests__aiohttp",
        ""
      ],
      "setup": {
        "outcome": "passed"
      },
      "call": {
        "outcome": "failed",
        "crash": {
          "path": "D:\\repos\\sarartur@chess.com__fdd85340__requests__aiohttp\\tests\\endpoints\\get_team_match_test.py",
          "lineno": 26,
          "message": "AttributeError: 'coroutine' object has no attribute 'json'"
        },
        "traceback": [
          {
            "path": "tests\\endpoints\\get_team_match_test.py",
            "lineno": 9,
            "message": ""
          },
          {
            "path": "tests\\endpoints\\get_team_match_test.py",
            "lineno": 26,
            "message": "AttributeError"
          }
        ],
        "longrepr": "endpoints = <module 'chessdotcom.endpoints' from 'D:\\\\repos\\\\sarartur@chess.com__fdd85340__requests__aiohttp\\\\chessdotcom\\\\endpoints\\\\__init__.py'>\n\n    @vcr.use_cassette(\"get_team_match.yaml\")\n    def test_with_endpoints(endpoints):\n        response = endpoints.get_team_match(match_id=12803)\n>       validate_response(response)\n\ntests\\endpoints\\get_team_match_test.py:9: \n_ _ _ _ _ _ _ _ _ _ _ _ _ _ _ _ _ _ _ _ _ _ _ _ _ _ _ _ _ _ _ _ _ _ _ _ _ _ _ _\n\nresponse = <coroutine object Client._do_async_get_request at 0x00000202F816B670>\n\n    def validate_response(response):\n>       assert isinstance(response.json, dict)\nE       AttributeError: 'coroutine' object has no attribute 'json'\n\ntests\\endpoints\\get_team_match_test.py:26: AttributeError"
      },
      "teardown": {
        "outcome": "passed"
      }
    },
    {
      "nodeid": "tests/endpoints/get_team_match_test.py::test_with_client",
      "lineno": 11,
      "outcome": "failed",
      "keywords": [
        "test_with_client",
        "get_team_match_test.py",
        "endpoints",
        "tests",
        "sarartur@chess.com__fdd85340__requests__aiohttp",
        ""
      ],
      "setup": {
        "outcome": "passed"
      },
      "call": {
        "outcome": "failed",
        "crash": {
          "path": "D:\\repos\\sarartur@chess.com__fdd85340__requests__aiohttp\\tests\\endpoints\\get_team_match_test.py",
          "lineno": 26,
          "message": "AttributeError: 'coroutine' object has no attribute 'json'"
        },
        "traceback": [
          {
            "path": "tests\\endpoints\\get_team_match_test.py",
            "lineno": 15,
            "message": ""
          },
          {
            "path": "tests\\endpoints\\get_team_match_test.py",
            "lineno": 26,
            "message": "AttributeError"
          }
        ],
        "stderr": "D:\\repos\\sarartur@chess.com__fdd85340__requests__aiohttp\\.venv\\Lib\\site-packages\\yaml\\constructor.py:215: RuntimeWarning: coroutine 'Client._do_async_get_request' was never awaited\n  def construct_mapping(self, node, deep=False):\nRuntimeWarning: Enable tracemalloc to get the object allocation traceback\n",
        "longrepr": "client = <chessdotcom.client.ChessDotComClient object at 0x00000202F8131BB0>\n\n    @vcr.use_cassette(\"get_team_match.yaml\")\n    def test_with_client(client):\n        response = client.get_team_match(match_id=12803)\n>       validate_response(response)\n\ntests\\endpoints\\get_team_match_test.py:15: \n_ _ _ _ _ _ _ _ _ _ _ _ _ _ _ _ _ _ _ _ _ _ _ _ _ _ _ _ _ _ _ _ _ _ _ _ _ _ _ _\n\nresponse = <coroutine object Client._do_async_get_request at 0x00000202F816A460>\n\n    def validate_response(response):\n>       assert isinstance(response.json, dict)\nE       AttributeError: 'coroutine' object has no attribute 'json'\n\ntests\\endpoints\\get_team_match_test.py:26: AttributeError"
      },
      "teardown": {
        "outcome": "passed"
      }
    },
    {
      "nodeid": "tests/endpoints/get_team_match_test.py::test_with_async_client",
      "lineno": 17,
      "outcome": "passed",
      "keywords": [
        "test_with_async_client",
        "asyncio",
        "pytestmark",
        "get_team_match_test.py",
        "endpoints",
        "tests",
        "sarartur@chess.com__fdd85340__requests__aiohttp",
        ""
      ],
      "setup": {
        "outcome": "passed"
      },
      "call": {
        "outcome": "passed"
      },
      "teardown": {
        "outcome": "passed"
      }
    },
    {
      "nodeid": "tests/endpoints/get_titled_players_test.py::test_with_endpoints",
      "lineno": 5,
      "outcome": "failed",
      "keywords": [
        "test_with_endpoints",
        "get_titled_players_test.py",
        "endpoints",
        "tests",
        "sarartur@chess.com__fdd85340__requests__aiohttp",
        ""
      ],
      "setup": {
        "outcome": "passed"
      },
      "call": {
        "outcome": "failed",
        "crash": {
          "path": "D:\\repos\\sarartur@chess.com__fdd85340__requests__aiohttp\\tests\\endpoints\\get_titled_players_test.py",
          "lineno": 26,
          "message": "AttributeError: 'coroutine' object has no attribute 'json'"
        },
        "traceback": [
          {
            "path": "tests\\endpoints\\get_titled_players_test.py",
            "lineno": 9,
            "message": ""
          },
          {
            "path": "tests\\endpoints\\get_titled_players_test.py",
            "lineno": 26,
            "message": "AttributeError"
          }
        ],
        "longrepr": "endpoints = <module 'chessdotcom.endpoints' from 'D:\\\\repos\\\\sarartur@chess.com__fdd85340__requests__aiohttp\\\\chessdotcom\\\\endpoints\\\\__init__.py'>\n\n    @vcr.use_cassette(\"get_titled_players.yaml\")\n    def test_with_endpoints(endpoints):\n        response = endpoints.get_titled_players(title_abbrev=\"GM\")\n>       validate_response(response)\n\ntests\\endpoints\\get_titled_players_test.py:9: \n_ _ _ _ _ _ _ _ _ _ _ _ _ _ _ _ _ _ _ _ _ _ _ _ _ _ _ _ _ _ _ _ _ _ _ _ _ _ _ _\n\nresponse = <coroutine object Client._do_async_get_request at 0x00000202F816B780>\n\n    def validate_response(response):\n>       assert isinstance(response.json, dict)\nE       AttributeError: 'coroutine' object has no attribute 'json'\n\ntests\\endpoints\\get_titled_players_test.py:26: AttributeError"
      },
      "teardown": {
        "outcome": "passed"
      }
    },
    {
      "nodeid": "tests/endpoints/get_titled_players_test.py::test_with_client",
      "lineno": 11,
      "outcome": "failed",
      "keywords": [
        "test_with_client",
        "get_titled_players_test.py",
        "endpoints",
        "tests",
        "sarartur@chess.com__fdd85340__requests__aiohttp",
        ""
      ],
      "setup": {
        "outcome": "passed"
      },
      "call": {
        "outcome": "failed",
        "crash": {
          "path": "D:\\repos\\sarartur@chess.com__fdd85340__requests__aiohttp\\tests\\endpoints\\get_titled_players_test.py",
          "lineno": 26,
          "message": "AttributeError: 'coroutine' object has no attribute 'json'"
        },
        "traceback": [
          {
            "path": "tests\\endpoints\\get_titled_players_test.py",
            "lineno": 15,
            "message": ""
          },
          {
            "path": "tests\\endpoints\\get_titled_players_test.py",
            "lineno": 26,
            "message": "AttributeError"
          }
        ],
        "stderr": "D:\\repos\\sarartur@chess.com__fdd85340__requests__aiohttp\\.venv\\Lib\\site-packages\\yaml\\nodes.py:36: RuntimeWarning: coroutine 'Client._do_async_get_request' was never awaited\n  def __init__(self, tag, value,\nRuntimeWarning: Enable tracemalloc to get the object allocation traceback\n",
        "longrepr": "client = <chessdotcom.client.ChessDotComClient object at 0x00000202F921EB10>\n\n    @vcr.use_cassette(\"get_titled_players.yaml\")\n    def test_with_client(client):\n        response = client.get_titled_players(title_abbrev=\"GM\")\n>       validate_response(response)\n\ntests\\endpoints\\get_titled_players_test.py:15: \n_ _ _ _ _ _ _ _ _ _ _ _ _ _ _ _ _ _ _ _ _ _ _ _ _ _ _ _ _ _ _ _ _ _ _ _ _ _ _ _\n\nresponse = <coroutine object Client._do_async_get_request at 0x00000202F8169F10>\n\n    def validate_response(response):\n>       assert isinstance(response.json, dict)\nE       AttributeError: 'coroutine' object has no attribute 'json'\n\ntests\\endpoints\\get_titled_players_test.py:26: AttributeError"
      },
      "teardown": {
        "outcome": "passed"
      }
    },
    {
      "nodeid": "tests/endpoints/get_titled_players_test.py::test_with_async_client",
      "lineno": 17,
      "outcome": "passed",
      "keywords": [
        "test_with_async_client",
        "asyncio",
        "pytestmark",
        "get_titled_players_test.py",
        "endpoints",
        "tests",
        "sarartur@chess.com__fdd85340__requests__aiohttp",
        ""
      ],
      "setup": {
        "outcome": "passed"
      },
      "call": {
        "outcome": "passed",
        "stderr": "D:\\repos\\sarartur@chess.com__fdd85340__requests__aiohttp\\.venv\\Lib\\site-packages\\yaml\\resolver.py:143: RuntimeWarning: coroutine 'Client._do_async_get_request' was never awaited\n  def resolve(self, kind, value, implicit):\nRuntimeWarning: Enable tracemalloc to get the object allocation traceback\n"
      },
      "teardown": {
        "outcome": "passed"
      }
    },
    {
      "nodeid": "tests/endpoints/get_tournament_details_test.py::test_with_endpoints",
      "lineno": 5,
      "outcome": "failed",
      "keywords": [
        "test_with_endpoints",
        "get_tournament_details_test.py",
        "endpoints",
        "tests",
        "sarartur@chess.com__fdd85340__requests__aiohttp",
        ""
      ],
      "setup": {
        "outcome": "passed"
      },
      "call": {
        "outcome": "failed",
        "crash": {
          "path": "D:\\repos\\sarartur@chess.com__fdd85340__requests__aiohttp\\tests\\endpoints\\get_tournament_details_test.py",
          "lineno": 32,
          "message": "AttributeError: 'coroutine' object has no attribute 'json'"
        },
        "traceback": [
          {
            "path": "tests\\endpoints\\get_tournament_details_test.py",
            "lineno": 11,
            "message": ""
          },
          {
            "path": "tests\\endpoints\\get_tournament_details_test.py",
            "lineno": 32,
            "message": "AttributeError"
          }
        ],
        "longrepr": "endpoints = <module 'chessdotcom.endpoints' from 'D:\\\\repos\\\\sarartur@chess.com__fdd85340__requests__aiohttp\\\\chessdotcom\\\\endpoints\\\\__init__.py'>\n\n    @vcr.use_cassette(\"get_tournament_details.yaml\")\n    def test_with_endpoints(endpoints):\n        response = endpoints.get_tournament_details(\n            url_id=\"-33rd-chesscom-quick-knockouts-1401-1600\"\n        )\n>       validate_response(response)\n\ntests\\endpoints\\get_tournament_details_test.py:11: \n_ _ _ _ _ _ _ _ _ _ _ _ _ _ _ _ _ _ _ _ _ _ _ _ _ _ _ _ _ _ _ _ _ _ _ _ _ _ _ _\n\nresponse = <coroutine object Client._do_async_get_request at 0x00000202F816B560>\n\n    def validate_response(response):\n>       assert isinstance(response.json, dict)\nE       AttributeError: 'coroutine' object has no attribute 'json'\n\ntests\\endpoints\\get_tournament_details_test.py:32: AttributeError"
      },
      "teardown": {
        "outcome": "passed"
      }
    },
    {
      "nodeid": "tests/endpoints/get_tournament_details_test.py::test_with_client",
      "lineno": 13,
      "outcome": "failed",
      "keywords": [
        "test_with_client",
        "get_tournament_details_test.py",
        "endpoints",
        "tests",
        "sarartur@chess.com__fdd85340__requests__aiohttp",
        ""
      ],
      "setup": {
        "outcome": "passed"
      },
      "call": {
        "outcome": "failed",
        "crash": {
          "path": "D:\\repos\\sarartur@chess.com__fdd85340__requests__aiohttp\\tests\\endpoints\\get_tournament_details_test.py",
          "lineno": 32,
          "message": "AttributeError: 'coroutine' object has no attribute 'json'"
        },
        "traceback": [
          {
            "path": "tests\\endpoints\\get_tournament_details_test.py",
            "lineno": 19,
            "message": ""
          },
          {
            "path": "tests\\endpoints\\get_tournament_details_test.py",
            "lineno": 32,
            "message": "AttributeError"
          }
        ],
        "longrepr": "client = <chessdotcom.client.ChessDotComClient object at 0x00000202F9622510>\n\n    @vcr.use_cassette(\"get_tournament_details.yaml\")\n    def test_with_client(client):\n        response = client.get_tournament_details(\n            url_id=\"-33rd-chesscom-quick-knockouts-1401-1600\"\n        )\n>       validate_response(response)\n\ntests\\endpoints\\get_tournament_details_test.py:19: \n_ _ _ _ _ _ _ _ _ _ _ _ _ _ _ _ _ _ _ _ _ _ _ _ _ _ _ _ _ _ _ _ _ _ _ _ _ _ _ _\n\nresponse = <coroutine object Client._do_async_get_request at 0x00000202F816B450>\n\n    def validate_response(response):\n>       assert isinstance(response.json, dict)\nE       AttributeError: 'coroutine' object has no attribute 'json'\n\ntests\\endpoints\\get_tournament_details_test.py:32: AttributeError"
      },
      "teardown": {
        "outcome": "passed"
      }
    },
    {
      "nodeid": "tests/endpoints/get_tournament_details_test.py::test_with_async_client",
      "lineno": 21,
      "outcome": "passed",
      "keywords": [
        "test_with_async_client",
        "asyncio",
        "pytestmark",
        "get_tournament_details_test.py",
        "endpoints",
        "tests",
        "sarartur@chess.com__fdd85340__requests__aiohttp",
        ""
      ],
      "setup": {
        "outcome": "passed"
      },
      "call": {
        "outcome": "passed"
      },
      "teardown": {
        "outcome": "passed"
      }
    },
    {
      "nodeid": "tests/endpoints/get_tournament_round_group_details_test.py::test_with_endpoints",
      "lineno": 5,
      "outcome": "failed",
      "keywords": [
        "test_with_endpoints",
        "get_tournament_round_group_details_test.py",
        "endpoints",
        "tests",
        "sarartur@chess.com__fdd85340__requests__aiohttp",
        ""
      ],
      "setup": {
        "outcome": "passed"
      },
      "call": {
        "outcome": "failed",
        "crash": {
          "path": "D:\\repos\\sarartur@chess.com__fdd85340__requests__aiohttp\\tests\\endpoints\\get_tournament_round_group_details_test.py",
          "lineno": 32,
          "message": "AttributeError: 'coroutine' object has no attribute 'json'"
        },
        "traceback": [
          {
            "path": "tests\\endpoints\\get_tournament_round_group_details_test.py",
            "lineno": 11,
            "message": ""
          },
          {
            "path": "tests\\endpoints\\get_tournament_round_group_details_test.py",
            "lineno": 32,
            "message": "AttributeError"
          }
        ],
        "longrepr": "endpoints = <module 'chessdotcom.endpoints' from 'D:\\\\repos\\\\sarartur@chess.com__fdd85340__requests__aiohttp\\\\chessdotcom\\\\endpoints\\\\__init__.py'>\n\n    @vcr.use_cassette(\"get_tournament_round_group_details.yaml\")\n    def test_with_endpoints(endpoints):\n        response = endpoints.get_tournament_round_group_details(\n            url_id=\"-33rd-chesscom-quick-knockouts-1401-1600\", round_num=1, group_num=1\n        )\n>       validate_response(response)\n\ntests\\endpoints\\get_tournament_round_group_details_test.py:11: \n_ _ _ _ _ _ _ _ _ _ _ _ _ _ _ _ _ _ _ _ _ _ _ _ _ _ _ _ _ _ _ _ _ _ _ _ _ _ _ _\n\nresponse = <coroutine object Client._do_async_get_request at 0x00000202F81698B0>\n\n    def validate_response(response):\n>       assert isinstance(response.json, dict)\nE       AttributeError: 'coroutine' object has no attribute 'json'\n\ntests\\endpoints\\get_tournament_round_group_details_test.py:32: AttributeError"
      },
      "teardown": {
        "outcome": "passed"
      }
    },
    {
      "nodeid": "tests/endpoints/get_tournament_round_group_details_test.py::test_with_client",
      "lineno": 13,
      "outcome": "failed",
      "keywords": [
        "test_with_client",
        "get_tournament_round_group_details_test.py",
        "endpoints",
        "tests",
        "sarartur@chess.com__fdd85340__requests__aiohttp",
        ""
      ],
      "setup": {
        "outcome": "passed"
      },
      "call": {
        "outcome": "failed",
        "crash": {
          "path": "D:\\repos\\sarartur@chess.com__fdd85340__requests__aiohttp\\tests\\endpoints\\get_tournament_round_group_details_test.py",
          "lineno": 32,
          "message": "AttributeError: 'coroutine' object has no attribute 'json'"
        },
        "traceback": [
          {
            "path": "tests\\endpoints\\get_tournament_round_group_details_test.py",
            "lineno": 19,
            "message": ""
          },
          {
            "path": "tests\\endpoints\\get_tournament_round_group_details_test.py",
            "lineno": 32,
            "message": "AttributeError"
          }
        ],
        "longrepr": "client = <chessdotcom.client.ChessDotComClient object at 0x00000202F91D8380>\n\n    @vcr.use_cassette(\"get_tournament_round_group_details.yaml\")\n    def test_with_client(client):\n        response = client.get_tournament_round_group_details(\n            url_id=\"-33rd-chesscom-quick-knockouts-1401-1600\", round_num=1, group_num=1\n        )\n>       validate_response(response)\n\ntests\\endpoints\\get_tournament_round_group_details_test.py:19: \n_ _ _ _ _ _ _ _ _ _ _ _ _ _ _ _ _ _ _ _ _ _ _ _ _ _ _ _ _ _ _ _ _ _ _ _ _ _ _ _\n\nresponse = <coroutine object Client._do_async_get_request at 0x00000202F8168040>\n\n    def validate_response(response):\n>       assert isinstance(response.json, dict)\nE       AttributeError: 'coroutine' object has no attribute 'json'\n\ntests\\endpoints\\get_tournament_round_group_details_test.py:32: AttributeError"
      },
      "teardown": {
        "outcome": "passed"
      }
    },
    {
      "nodeid": "tests/endpoints/get_tournament_round_group_details_test.py::test_with_async_client",
      "lineno": 21,
      "outcome": "passed",
      "keywords": [
        "test_with_async_client",
        "asyncio",
        "pytestmark",
        "get_tournament_round_group_details_test.py",
        "endpoints",
        "tests",
        "sarartur@chess.com__fdd85340__requests__aiohttp",
        ""
      ],
      "setup": {
        "outcome": "passed"
      },
      "call": {
        "outcome": "passed",
        "stderr": "C:\\Users\\Mohay\\AppData\\Local\\Programs\\Python\\Python312\\Lib\\re\\__init__.py:280: RuntimeWarning: coroutine 'Client._do_async_get_request' was never awaited\n  def _compile(pattern, flags):\nRuntimeWarning: Enable tracemalloc to get the object allocation traceback\n"
      },
      "teardown": {
        "outcome": "passed"
      }
    },
    {
      "nodeid": "tests/endpoints/get_tournament_round_test.py::test_with_endpoints",
      "lineno": 5,
      "outcome": "failed",
      "keywords": [
        "test_with_endpoints",
        "get_tournament_round_test.py",
        "endpoints",
        "tests",
        "sarartur@chess.com__fdd85340__requests__aiohttp",
        ""
      ],
      "setup": {
        "outcome": "passed"
      },
      "call": {
        "outcome": "failed",
        "crash": {
          "path": "D:\\repos\\sarartur@chess.com__fdd85340__requests__aiohttp\\tests\\endpoints\\get_tournament_round_test.py",
          "lineno": 32,
          "message": "AttributeError: 'coroutine' object has no attribute 'json'"
        },
        "traceback": [
          {
            "path": "tests\\endpoints\\get_tournament_round_test.py",
            "lineno": 11,
            "message": ""
          },
          {
            "path": "tests\\endpoints\\get_tournament_round_test.py",
            "lineno": 32,
            "message": "AttributeError"
          }
        ],
        "longrepr": "endpoints = <module 'chessdotcom.endpoints' from 'D:\\\\repos\\\\sarartur@chess.com__fdd85340__requests__aiohttp\\\\chessdotcom\\\\endpoints\\\\__init__.py'>\n\n    @vcr.use_cassette(\"get_tournament_round.yaml\")\n    def test_with_endpoints(endpoints):\n        response = endpoints.get_tournament_round(\n            url_id=\"-33rd-chesscom-quick-knockouts-1401-1600\", round_num=1\n        )\n>       validate_response(response)\n\ntests\\endpoints\\get_tournament_round_test.py:11: \n_ _ _ _ _ _ _ _ _ _ _ _ _ _ _ _ _ _ _ _ _ _ _ _ _ _ _ _ _ _ _ _ _ _ _ _ _ _ _ _\n\nresponse = <coroutine object Client._do_async_get_request at 0x00000202F816B9A0>\n\n    def validate_response(response):\n>       assert isinstance(response.json, dict)\nE       AttributeError: 'coroutine' object has no attribute 'json'\n\ntests\\endpoints\\get_tournament_round_test.py:32: AttributeError"
      },
      "teardown": {
        "outcome": "passed"
      }
    },
    {
      "nodeid": "tests/endpoints/get_tournament_round_test.py::test_with_client",
      "lineno": 13,
      "outcome": "failed",
      "keywords": [
        "test_with_client",
        "get_tournament_round_test.py",
        "endpoints",
        "tests",
        "sarartur@chess.com__fdd85340__requests__aiohttp",
        ""
      ],
      "setup": {
        "outcome": "passed"
      },
      "call": {
        "outcome": "failed",
        "crash": {
          "path": "D:\\repos\\sarartur@chess.com__fdd85340__requests__aiohttp\\tests\\endpoints\\get_tournament_round_test.py",
          "lineno": 32,
          "message": "AttributeError: 'coroutine' object has no attribute 'json'"
        },
        "traceback": [
          {
            "path": "tests\\endpoints\\get_tournament_round_test.py",
            "lineno": 19,
            "message": ""
          },
          {
            "path": "tests\\endpoints\\get_tournament_round_test.py",
            "lineno": 32,
            "message": "AttributeError"
          }
        ],
        "stderr": "D:\\repos\\sarartur@chess.com__fdd85340__requests__aiohttp\\.venv\\Lib\\site-packages\\yaml\\resolver.py:143: RuntimeWarning: coroutine 'Client._do_async_get_request' was never awaited\n  def resolve(self, kind, value, implicit):\nRuntimeWarning: Enable tracemalloc to get the object allocation traceback\n",
        "longrepr": "client = <chessdotcom.client.ChessDotComClient object at 0x00000202F9588E90>\n\n    @vcr.use_cassette(\"get_tournament_round.yaml\")\n    def test_with_client(client):\n        response = client.get_tournament_round(\n            url_id=\"-33rd-chesscom-quick-knockouts-1401-1600\", round_num=1\n        )\n>       validate_response(response)\n\ntests\\endpoints\\get_tournament_round_test.py:19: \n_ _ _ _ _ _ _ _ _ _ _ _ _ _ _ _ _ _ _ _ _ _ _ _ _ _ _ _ _ _ _ _ _ _ _ _ _ _ _ _\n\nresponse = <coroutine object Client._do_async_get_request at 0x00000202F816B9A0>\n\n    def validate_response(response):\n>       assert isinstance(response.json, dict)\nE       AttributeError: 'coroutine' object has no attribute 'json'\n\ntests\\endpoints\\get_tournament_round_test.py:32: AttributeError"
      },
      "teardown": {
        "outcome": "passed"
      }
    },
    {
      "nodeid": "tests/endpoints/get_tournament_round_test.py::test_with_async_client",
      "lineno": 21,
      "outcome": "passed",
      "keywords": [
        "test_with_async_client",
        "asyncio",
        "pytestmark",
        "get_tournament_round_test.py",
        "endpoints",
        "tests",
        "sarartur@chess.com__fdd85340__requests__aiohttp",
        ""
      ],
      "setup": {
        "outcome": "passed"
      },
      "call": {
        "outcome": "passed",
        "stderr": "D:\\repos\\sarartur@chess.com__fdd85340__requests__aiohttp\\.venv\\Lib\\site-packages\\yaml\\resolver.py:143: RuntimeWarning: coroutine 'Client._do_async_get_request' was never awaited\n  def resolve(self, kind, value, implicit):\nRuntimeWarning: Enable tracemalloc to get the object allocation traceback\n"
      },
      "teardown": {
        "outcome": "passed"
      }
    },
    {
      "nodeid": "tests/endpoints/player_clubs_test.py::test_with_endpoints",
      "lineno": 7,
      "outcome": "failed",
      "keywords": [
        "test_with_endpoints",
        "player_clubs_test.py",
        "endpoints",
        "tests",
        "sarartur@chess.com__fdd85340__requests__aiohttp",
        ""
      ],
      "setup": {
        "outcome": "passed"
      },
      "call": {
        "outcome": "failed",
        "crash": {
          "path": "D:\\repos\\sarartur@chess.com__fdd85340__requests__aiohttp\\tests\\endpoints\\player_clubs_test.py",
          "lineno": 37,
          "message": "AttributeError: 'coroutine' object has no attribute 'json'"
        },
        "traceback": [
          {
            "path": "tests\\endpoints\\player_clubs_test.py",
            "lineno": 11,
            "message": ""
          },
          {
            "path": "tests\\endpoints\\player_clubs_test.py",
            "lineno": 43,
            "message": "in validate_response"
          },
          {
            "path": "tests\\endpoints\\player_clubs_test.py",
            "lineno": 37,
            "message": "AttributeError"
          }
        ],
        "longrepr": "endpoints = <module 'chessdotcom.endpoints' from 'D:\\\\repos\\\\sarartur@chess.com__fdd85340__requests__aiohttp\\\\chessdotcom\\\\endpoints\\\\__init__.py'>\n\n    @vcr.use_cassette(\"get_player_clubs.yaml\")\n    def test_with_endpoints(endpoints):\n        response = endpoints.get_player_clubs(username=\"fabianocaruana\")\n>       validate_response(response)\n\ntests\\endpoints\\player_clubs_test.py:11: \n_ _ _ _ _ _ _ _ _ _ _ _ _ _ _ _ _ _ _ _ _ _ _ _ _ _ _ _ _ _ _ _ _ _ _ _ _ _ _ _\ntests\\endpoints\\player_clubs_test.py:43: in validate_response\n    validate_response_structure(response)\n_ _ _ _ _ _ _ _ _ _ _ _ _ _ _ _ _ _ _ _ _ _ _ _ _ _ _ _ _ _ _ _ _ _ _ _ _ _ _ _\n\nresponse = <coroutine object Client._do_async_get_request at 0x00000202F8168AE0>\n\n    def validate_response_structure(response):\n>       assert isinstance(response.json, dict)\nE       AttributeError: 'coroutine' object has no attribute 'json'\n\ntests\\endpoints\\player_clubs_test.py:37: AttributeError"
      },
      "teardown": {
        "outcome": "passed"
      }
    },
    {
      "nodeid": "tests/endpoints/player_clubs_test.py::test_with_client",
      "lineno": 13,
      "outcome": "failed",
      "keywords": [
        "test_with_client",
        "player_clubs_test.py",
        "endpoints",
        "tests",
        "sarartur@chess.com__fdd85340__requests__aiohttp",
        ""
      ],
      "setup": {
        "outcome": "passed"
      },
      "call": {
        "outcome": "failed",
        "crash": {
          "path": "D:\\repos\\sarartur@chess.com__fdd85340__requests__aiohttp\\tests\\endpoints\\player_clubs_test.py",
          "lineno": 37,
          "message": "AttributeError: 'coroutine' object has no attribute 'json'"
        },
        "traceback": [
          {
            "path": "tests\\endpoints\\player_clubs_test.py",
            "lineno": 17,
            "message": ""
          },
          {
            "path": "tests\\endpoints\\player_clubs_test.py",
            "lineno": 43,
            "message": "in validate_response"
          },
          {
            "path": "tests\\endpoints\\player_clubs_test.py",
            "lineno": 37,
            "message": "AttributeError"
          }
        ],
        "longrepr": "client = <chessdotcom.client.ChessDotComClient object at 0x00000202F921DC70>\n\n    @vcr.use_cassette(\"get_player_clubs.yaml\")\n    def test_with_client(client):\n        response = client.get_player_clubs(username=\"fabianocaruana\")\n>       validate_response(response)\n\ntests\\endpoints\\player_clubs_test.py:17: \n_ _ _ _ _ _ _ _ _ _ _ _ _ _ _ _ _ _ _ _ _ _ _ _ _ _ _ _ _ _ _ _ _ _ _ _ _ _ _ _\ntests\\endpoints\\player_clubs_test.py:43: in validate_response\n    validate_response_structure(response)\n_ _ _ _ _ _ _ _ _ _ _ _ _ _ _ _ _ _ _ _ _ _ _ _ _ _ _ _ _ _ _ _ _ _ _ _ _ _ _ _\n\nresponse = <coroutine object Client._do_async_get_request at 0x00000202F816A020>\n\n    def validate_response_structure(response):\n>       assert isinstance(response.json, dict)\nE       AttributeError: 'coroutine' object has no attribute 'json'\n\ntests\\endpoints\\player_clubs_test.py:37: AttributeError"
      },
      "teardown": {
        "outcome": "passed"
      }
    },
    {
      "nodeid": "tests/endpoints/player_clubs_test.py::test_with_async_client",
      "lineno": 19,
      "outcome": "passed",
      "keywords": [
        "test_with_async_client",
        "asyncio",
        "pytestmark",
        "player_clubs_test.py",
        "endpoints",
        "tests",
        "sarartur@chess.com__fdd85340__requests__aiohttp",
        ""
      ],
      "setup": {
        "outcome": "passed"
      },
      "call": {
        "outcome": "passed"
      },
      "teardown": {
        "outcome": "passed"
      }
    },
    {
      "nodeid": "tests/endpoints/player_clubs_test.py::test_empty_data",
      "lineno": 26,
      "outcome": "failed",
      "keywords": [
        "test_empty_data",
        "__wrapped__",
        "patchings",
        "player_clubs_test.py",
        "endpoints",
        "tests",
        "sarartur@chess.com__fdd85340__requests__aiohttp",
        ""
      ],
      "setup": {
        "outcome": "passed"
      },
      "call": {
        "outcome": "failed",
        "crash": {
          "path": "D:\\repos\\sarartur@chess.com__fdd85340__requests__aiohttp\\tests\\endpoints\\player_clubs_test.py",
          "lineno": 37,
          "message": "AttributeError: 'coroutine' object has no attribute 'json'"
        },
        "traceback": [
          {
            "path": "tests\\endpoints\\player_clubs_test.py",
            "lineno": 33,
            "message": ""
          },
          {
            "path": "tests\\endpoints\\player_clubs_test.py",
            "lineno": 37,
            "message": "AttributeError"
          }
        ],
        "longrepr": "deserialize = <MagicMock name='deserialize' id='2211775171808'>\nclient = <chessdotcom.client.ChessDotComClient object at 0x00000202F804FD70>\n\n    @vcr.use_cassette(\"get_player_clubs.yaml\")\n    @patch(\"chessdotcom.response_builder.Serializer.deserialize\")\n    def test_empty_data(deserialize, client):\n        deserialize.return_value = {}\n        response = client.get_player_clubs(username=\"fabianocaruana\")\n    \n>       validate_response_structure(response)\n\ntests\\endpoints\\player_clubs_test.py:33: \n_ _ _ _ _ _ _ _ _ _ _ _ _ _ _ _ _ _ _ _ _ _ _ _ _ _ _ _ _ _ _ _ _ _ _ _ _ _ _ _\n\nresponse = <coroutine object Client._do_async_get_request at 0x00000202F81687B0>\n\n    def validate_response_structure(response):\n>       assert isinstance(response.json, dict)\nE       AttributeError: 'coroutine' object has no attribute 'json'\n\ntests\\endpoints\\player_clubs_test.py:37: AttributeError"
      },
      "teardown": {
        "outcome": "passed"
      }
    },
    {
      "nodeid": "tests/endpoints/player_current_games_test.py::test_with_endpoints",
      "lineno": 8,
      "outcome": "failed",
      "keywords": [
        "test_with_endpoints",
        "player_current_games_test.py",
        "endpoints",
        "tests",
        "sarartur@chess.com__fdd85340__requests__aiohttp",
        ""
      ],
      "setup": {
        "outcome": "passed"
      },
      "call": {
        "outcome": "failed",
        "crash": {
          "path": "D:\\repos\\sarartur@chess.com__fdd85340__requests__aiohttp\\tests\\endpoints\\player_current_games_test.py",
          "lineno": 46,
          "message": "AttributeError: 'coroutine' object has no attribute 'json'"
        },
        "traceback": [
          {
            "path": "tests\\endpoints\\player_current_games_test.py",
            "lineno": 12,
            "message": ""
          },
          {
            "path": "tests\\endpoints\\player_current_games_test.py",
            "lineno": 46,
            "message": "AttributeError"
          }
        ],
        "stderr": "D:\\repos\\sarartur@chess.com__fdd85340__requests__aiohttp\\.venv\\Lib\\site-packages\\yaml\\resolver.py:143: RuntimeWarning: coroutine 'Client._do_async_get_request' was never awaited\n  def resolve(self, kind, value, implicit):\nRuntimeWarning: Enable tracemalloc to get the object allocation traceback\n",
        "longrepr": "endpoints = <module 'chessdotcom.endpoints' from 'D:\\\\repos\\\\sarartur@chess.com__fdd85340__requests__aiohttp\\\\chessdotcom\\\\endpoints\\\\__init__.py'>\n\n    @vcr.use_cassette(\"get_player_current_games.yaml\")\n    def test_with_endpoints(endpoints):\n        response = endpoints.get_player_current_games(username=\"afgano29\")\n>       validate_response(response)\n\ntests\\endpoints\\player_current_games_test.py:12: \n_ _ _ _ _ _ _ _ _ _ _ _ _ _ _ _ _ _ _ _ _ _ _ _ _ _ _ _ _ _ _ _ _ _ _ _ _ _ _ _\n\nresponse = <coroutine object Client._do_async_get_request at 0x00000202F8168040>\n\n    def validate_response(response):\n        validate_response_structure\n    \n>       assert response.json.get(\"games\") is not None\nE       AttributeError: 'coroutine' object has no attribute 'json'\n\ntests\\endpoints\\player_current_games_test.py:46: AttributeError"
      },
      "teardown": {
        "outcome": "passed"
      }
    },
    {
      "nodeid": "tests/endpoints/player_current_games_test.py::test_with_client",
      "lineno": 14,
      "outcome": "failed",
      "keywords": [
        "test_with_client",
        "player_current_games_test.py",
        "endpoints",
        "tests",
        "sarartur@chess.com__fdd85340__requests__aiohttp",
        ""
      ],
      "setup": {
        "outcome": "passed"
      },
      "call": {
        "outcome": "failed",
        "crash": {
          "path": "D:\\repos\\sarartur@chess.com__fdd85340__requests__aiohttp\\tests\\endpoints\\player_current_games_test.py",
          "lineno": 46,
          "message": "AttributeError: 'coroutine' object has no attribute 'json'"
        },
        "traceback": [
          {
            "path": "tests\\endpoints\\player_current_games_test.py",
            "lineno": 18,
            "message": ""
          },
          {
            "path": "tests\\endpoints\\player_current_games_test.py",
            "lineno": 46,
            "message": "AttributeError"
          }
        ],
        "stderr": "D:\\repos\\sarartur@chess.com__fdd85340__requests__aiohttp\\.venv\\Lib\\site-packages\\yaml\\resolver.py:143: RuntimeWarning: coroutine 'Client._do_async_get_request' was never awaited\n  def resolve(self, kind, value, implicit):\nRuntimeWarning: Enable tracemalloc to get the object allocation traceback\n",
        "longrepr": "client = <chessdotcom.client.ChessDotComClient object at 0x00000202F961F560>\n\n    @vcr.use_cassette(\"get_player_current_games.yaml\")\n    def test_with_client(client):\n        response = client.get_player_current_games(username=\"afgano29\")\n>       validate_response(response)\n\ntests\\endpoints\\player_current_games_test.py:18: \n_ _ _ _ _ _ _ _ _ _ _ _ _ _ _ _ _ _ _ _ _ _ _ _ _ _ _ _ _ _ _ _ _ _ _ _ _ _ _ _\n\nresponse = <coroutine object Client._do_async_get_request at 0x00000202F816B340>\n\n    def validate_response(response):\n        validate_response_structure\n    \n>       assert response.json.get(\"games\") is not None\nE       AttributeError: 'coroutine' object has no attribute 'json'\n\ntests\\endpoints\\player_current_games_test.py:46: AttributeError"
      },
      "teardown": {
        "outcome": "passed"
      }
    },
    {
      "nodeid": "tests/endpoints/player_current_games_test.py::test_with_async_client",
      "lineno": 20,
      "outcome": "passed",
      "keywords": [
        "test_with_async_client",
        "asyncio",
        "pytestmark",
        "player_current_games_test.py",
        "endpoints",
        "tests",
        "sarartur@chess.com__fdd85340__requests__aiohttp",
        ""
      ],
      "setup": {
        "outcome": "passed"
      },
      "call": {
        "outcome": "passed"
      },
      "teardown": {
        "outcome": "passed"
      }
    },
    {
      "nodeid": "tests/endpoints/player_current_games_test.py::test_empty_data",
      "lineno": 27,
      "outcome": "failed",
      "keywords": [
        "test_empty_data",
        "__wrapped__",
        "patchings",
        "player_current_games_test.py",
        "endpoints",
        "tests",
        "sarartur@chess.com__fdd85340__requests__aiohttp",
        ""
      ],
      "setup": {
        "outcome": "passed"
      },
      "call": {
        "outcome": "failed",
        "crash": {
          "path": "D:\\repos\\sarartur@chess.com__fdd85340__requests__aiohttp\\tests\\endpoints\\player_current_games_test.py",
          "lineno": 38,
          "message": "AttributeError: 'coroutine' object has no attribute 'json'"
        },
        "traceback": [
          {
            "path": "tests\\endpoints\\player_current_games_test.py",
            "lineno": 34,
            "message": ""
          },
          {
            "path": "tests\\endpoints\\player_current_games_test.py",
            "lineno": 38,
            "message": "AttributeError"
          }
        ],
        "longrepr": "deserialize = <MagicMock name='deserialize' id='2211775170848'>\nclient = <chessdotcom.client.ChessDotComClient object at 0x00000202F961C1D0>\n\n    @vcr.use_cassette(\"get_player_current_games.yaml\")\n    @patch(\"chessdotcom.response_builder.Serializer.deserialize\")\n    def test_empty_data(deserialize, client):\n        deserialize.return_value = {}\n        response = client.get_player_current_games(username=\"afgano29\")\n    \n>       validate_response_structure(response)\n\ntests\\endpoints\\player_current_games_test.py:34: \n_ _ _ _ _ _ _ _ _ _ _ _ _ _ _ _ _ _ _ _ _ _ _ _ _ _ _ _ _ _ _ _ _ _ _ _ _ _ _ _\n\nresponse = <coroutine object Client._do_async_get_request at 0x00000202F8169470>\n\n    def validate_response_structure(response):\n>       assert isinstance(response.json, dict)\nE       AttributeError: 'coroutine' object has no attribute 'json'\n\ntests\\endpoints\\player_current_games_test.py:38: AttributeError"
      },
      "teardown": {
        "outcome": "passed"
      }
    },
    {
      "nodeid": "tests/endpoints/player_game_archives_test.py::test_with_endpoints",
      "lineno": 7,
      "outcome": "failed",
      "keywords": [
        "test_with_endpoints",
        "player_game_archives_test.py",
        "endpoints",
        "tests",
        "sarartur@chess.com__fdd85340__requests__aiohttp",
        ""
      ],
      "setup": {
        "outcome": "passed"
      },
      "call": {
        "outcome": "failed",
        "crash": {
          "path": "D:\\repos\\sarartur@chess.com__fdd85340__requests__aiohttp\\tests\\endpoints\\player_game_archives_test.py",
          "lineno": 46,
          "message": "AttributeError: 'coroutine' object has no attribute 'json'"
        },
        "traceback": [
          {
            "path": "tests\\endpoints\\player_game_archives_test.py",
            "lineno": 11,
            "message": ""
          },
          {
            "path": "tests\\endpoints\\player_game_archives_test.py",
            "lineno": 37,
            "message": "in validate_response"
          },
          {
            "path": "tests\\endpoints\\player_game_archives_test.py",
            "lineno": 46,
            "message": "AttributeError"
          }
        ],
        "longrepr": "endpoints = <module 'chessdotcom.endpoints' from 'D:\\\\repos\\\\sarartur@chess.com__fdd85340__requests__aiohttp\\\\chessdotcom\\\\endpoints\\\\__init__.py'>\n\n    @vcr.use_cassette(\"get_player_game_archives.yaml\")\n    def test_with_endpoints(endpoints):\n        response = endpoints.get_player_game_archives(username=\"afgano29\")\n>       validate_response(response)\n\ntests\\endpoints\\player_game_archives_test.py:11: \n_ _ _ _ _ _ _ _ _ _ _ _ _ _ _ _ _ _ _ _ _ _ _ _ _ _ _ _ _ _ _ _ _ _ _ _ _ _ _ _\ntests\\endpoints\\player_game_archives_test.py:37: in validate_response\n    validate_response_structure(response)\n_ _ _ _ _ _ _ _ _ _ _ _ _ _ _ _ _ _ _ _ _ _ _ _ _ _ _ _ _ _ _ _ _ _ _ _ _ _ _ _\n\nresponse = <coroutine object Client._do_async_get_request at 0x00000202F81686A0>\n\n    def validate_response_structure(response):\n>       assert isinstance(response.json, dict)\nE       AttributeError: 'coroutine' object has no attribute 'json'\n\ntests\\endpoints\\player_game_archives_test.py:46: AttributeError"
      },
      "teardown": {
        "outcome": "passed"
      }
    },
    {
      "nodeid": "tests/endpoints/player_game_archives_test.py::test_with_client",
      "lineno": 13,
      "outcome": "failed",
      "keywords": [
        "test_with_client",
        "player_game_archives_test.py",
        "endpoints",
        "tests",
        "sarartur@chess.com__fdd85340__requests__aiohttp",
        ""
      ],
      "setup": {
        "outcome": "passed"
      },
      "call": {
        "outcome": "failed",
        "crash": {
          "path": "D:\\repos\\sarartur@chess.com__fdd85340__requests__aiohttp\\tests\\endpoints\\player_game_archives_test.py",
          "lineno": 46,
          "message": "AttributeError: 'coroutine' object has no attribute 'json'"
        },
        "traceback": [
          {
            "path": "tests\\endpoints\\player_game_archives_test.py",
            "lineno": 17,
            "message": ""
          },
          {
            "path": "tests\\endpoints\\player_game_archives_test.py",
            "lineno": 37,
            "message": "in validate_response"
          },
          {
            "path": "tests\\endpoints\\player_game_archives_test.py",
            "lineno": 46,
            "message": "AttributeError"
          }
        ],
        "stderr": "D:\\repos\\sarartur@chess.com__fdd85340__requests__aiohttp\\.venv\\Lib\\site-packages\\yaml\\resolver.py:143: RuntimeWarning: coroutine 'Client._do_async_get_request' was never awaited\n  def resolve(self, kind, value, implicit):\nRuntimeWarning: Enable tracemalloc to get the object allocation traceback\n",
        "longrepr": "client = <chessdotcom.client.ChessDotComClient object at 0x00000202F921FFE0>\n\n    @vcr.use_cassette(\"get_player_game_archives.yaml\")\n    def test_with_client(client):\n        response = client.get_player_game_archives(username=\"afgano29\")\n>       validate_response(response)\n\ntests\\endpoints\\player_game_archives_test.py:17: \n_ _ _ _ _ _ _ _ _ _ _ _ _ _ _ _ _ _ _ _ _ _ _ _ _ _ _ _ _ _ _ _ _ _ _ _ _ _ _ _\ntests\\endpoints\\player_game_archives_test.py:37: in validate_response\n    validate_response_structure(response)\n_ _ _ _ _ _ _ _ _ _ _ _ _ _ _ _ _ _ _ _ _ _ _ _ _ _ _ _ _ _ _ _ _ _ _ _ _ _ _ _\n\nresponse = <coroutine object Client._do_async_get_request at 0x00000202F81686A0>\n\n    def validate_response_structure(response):\n>       assert isinstance(response.json, dict)\nE       AttributeError: 'coroutine' object has no attribute 'json'\n\ntests\\endpoints\\player_game_archives_test.py:46: AttributeError"
      },
      "teardown": {
        "outcome": "passed"
      }
    },
    {
      "nodeid": "tests/endpoints/player_game_archives_test.py::test_with_async_client",
      "lineno": 19,
      "outcome": "passed",
      "keywords": [
        "test_with_async_client",
        "asyncio",
        "pytestmark",
        "player_game_archives_test.py",
        "endpoints",
        "tests",
        "sarartur@chess.com__fdd85340__requests__aiohttp",
        ""
      ],
      "setup": {
        "outcome": "passed"
      },
      "call": {
        "outcome": "passed",
        "stderr": "D:\\repos\\sarartur@chess.com__fdd85340__requests__aiohttp\\.venv\\Lib\\site-packages\\yaml\\resolver.py:143: RuntimeWarning: coroutine 'Client._do_async_get_request' was never awaited\n  def resolve(self, kind, value, implicit):\nRuntimeWarning: Enable tracemalloc to get the object allocation traceback\n"
      },
      "teardown": {
        "outcome": "passed"
      }
    },
    {
      "nodeid": "tests/endpoints/player_game_archives_test.py::test_empty_data",
      "lineno": 26,
      "outcome": "failed",
      "keywords": [
        "test_empty_data",
        "__wrapped__",
        "patchings",
        "player_game_archives_test.py",
        "endpoints",
        "tests",
        "sarartur@chess.com__fdd85340__requests__aiohttp",
        ""
      ],
      "setup": {
        "outcome": "passed"
      },
      "call": {
        "outcome": "failed",
        "crash": {
          "path": "D:\\repos\\sarartur@chess.com__fdd85340__requests__aiohttp\\tests\\endpoints\\player_game_archives_test.py",
          "lineno": 46,
          "message": "AttributeError: 'coroutine' object has no attribute 'json'"
        },
        "traceback": [
          {
            "path": "tests\\endpoints\\player_game_archives_test.py",
            "lineno": 33,
            "message": ""
          },
          {
            "path": "tests\\endpoints\\player_game_archives_test.py",
            "lineno": 46,
            "message": "AttributeError"
          }
        ],
        "longrepr": "deserialize = <MagicMock name='deserialize' id='2211797143184'>\nclient = <chessdotcom.client.ChessDotComClient object at 0x00000202F9231C40>\n\n    @vcr.use_cassette(\"get_player_game_archives.yaml\")\n    @patch(\"chessdotcom.response_builder.Serializer.deserialize\")\n    def test_empty_data(deserialize, client):\n        deserialize.return_value = {}\n        response = client.get_player_game_archives(username=\"afgano29\")\n    \n>       validate_response_structure(response)\n\ntests\\endpoints\\player_game_archives_test.py:33: \n_ _ _ _ _ _ _ _ _ _ _ _ _ _ _ _ _ _ _ _ _ _ _ _ _ _ _ _ _ _ _ _ _ _ _ _ _ _ _ _\n\nresponse = <coroutine object Client._do_async_get_request at 0x00000202F816A020>\n\n    def validate_response_structure(response):\n>       assert isinstance(response.json, dict)\nE       AttributeError: 'coroutine' object has no attribute 'json'\n\ntests\\endpoints\\player_game_archives_test.py:46: AttributeError"
      },
      "teardown": {
        "outcome": "passed"
      }
    },
    {
      "nodeid": "tests/endpoints/player_games_by_month_pgn_test.py::test_with_endpoints",
      "lineno": 5,
      "outcome": "failed",
      "keywords": [
        "test_with_endpoints",
        "player_games_by_month_pgn_test.py",
        "endpoints",
        "tests",
        "sarartur@chess.com__fdd85340__requests__aiohttp",
        ""
      ],
      "setup": {
        "outcome": "passed"
      },
      "call": {
        "outcome": "failed",
        "crash": {
          "path": "D:\\repos\\sarartur@chess.com__fdd85340__requests__aiohttp\\tests\\endpoints\\player_games_by_month_pgn_test.py",
          "lineno": 32,
          "message": "AttributeError: 'coroutine' object has no attribute 'json'"
        },
        "traceback": [
          {
            "path": "tests\\endpoints\\player_games_by_month_pgn_test.py",
            "lineno": 11,
            "message": ""
          },
          {
            "path": "tests\\endpoints\\player_games_by_month_pgn_test.py",
            "lineno": 38,
            "message": "in validate_response"
          },
          {
            "path": "tests\\endpoints\\player_games_by_month_pgn_test.py",
            "lineno": 32,
            "message": "AttributeError"
          }
        ],
        "longrepr": "endpoints = <module 'chessdotcom.endpoints' from 'D:\\\\repos\\\\sarartur@chess.com__fdd85340__requests__aiohttp\\\\chessdotcom\\\\endpoints\\\\__init__.py'>\n\n    @vcr.use_cassette(\"get_player_games_by_month_pgn.yaml\")\n    def test_with_endpoints(endpoints):\n        response = endpoints.get_player_games_by_month_pgn(\n            username=\"fabianocaruana\", year=\"2020\", month=\"05\"\n        )\n>       validate_response(response)\n\ntests\\endpoints\\player_games_by_month_pgn_test.py:11: \n_ _ _ _ _ _ _ _ _ _ _ _ _ _ _ _ _ _ _ _ _ _ _ _ _ _ _ _ _ _ _ _ _ _ _ _ _ _ _ _\ntests\\endpoints\\player_games_by_month_pgn_test.py:38: in validate_response\n    validate_response_structure(response)\n_ _ _ _ _ _ _ _ _ _ _ _ _ _ _ _ _ _ _ _ _ _ _ _ _ _ _ _ _ _ _ _ _ _ _ _ _ _ _ _\n\nresponse = <coroutine object Client._do_async_get_request at 0x00000202F8168AE0>\n\n    def validate_response_structure(response):\n>       assert isinstance(response.json, dict)\nE       AttributeError: 'coroutine' object has no attribute 'json'\n\ntests\\endpoints\\player_games_by_month_pgn_test.py:32: AttributeError"
      },
      "teardown": {
        "outcome": "passed"
      }
    },
    {
      "nodeid": "tests/endpoints/player_games_by_month_pgn_test.py::test_with_client",
      "lineno": 13,
      "outcome": "failed",
      "keywords": [
        "test_with_client",
        "player_games_by_month_pgn_test.py",
        "endpoints",
        "tests",
        "sarartur@chess.com__fdd85340__requests__aiohttp",
        ""
      ],
      "setup": {
        "outcome": "passed"
      },
      "call": {
        "outcome": "failed",
        "crash": {
          "path": "D:\\repos\\sarartur@chess.com__fdd85340__requests__aiohttp\\tests\\endpoints\\player_games_by_month_pgn_test.py",
          "lineno": 32,
          "message": "AttributeError: 'coroutine' object has no attribute 'json'"
        },
        "traceback": [
          {
            "path": "tests\\endpoints\\player_games_by_month_pgn_test.py",
            "lineno": 19,
            "message": ""
          },
          {
            "path": "tests\\endpoints\\player_games_by_month_pgn_test.py",
            "lineno": 38,
            "message": "in validate_response"
          },
          {
            "path": "tests\\endpoints\\player_games_by_month_pgn_test.py",
            "lineno": 32,
            "message": "AttributeError"
          }
        ],
        "stderr": "D:\\repos\\sarartur@chess.com__fdd85340__requests__aiohttp\\.venv\\Lib\\site-packages\\yaml\\resolver.py:143: RuntimeWarning: coroutine 'Client._do_async_get_request' was never awaited\n  def resolve(self, kind, value, implicit):\nRuntimeWarning: Enable tracemalloc to get the object allocation traceback\n",
        "longrepr": "client = <chessdotcom.client.ChessDotComClient object at 0x00000202F9621400>\n\n    @vcr.use_cassette(\"get_player_games_by_month_pgn.yaml\")\n    def test_with_client(client):\n        response = client.get_player_games_by_month_pgn(\n            username=\"fabianocaruana\", year=\"2020\", month=\"05\"\n        )\n>       validate_response(response)\n\ntests\\endpoints\\player_games_by_month_pgn_test.py:19: \n_ _ _ _ _ _ _ _ _ _ _ _ _ _ _ _ _ _ _ _ _ _ _ _ _ _ _ _ _ _ _ _ _ _ _ _ _ _ _ _\ntests\\endpoints\\player_games_by_month_pgn_test.py:38: in validate_response\n    validate_response_structure(response)\n_ _ _ _ _ _ _ _ _ _ _ _ _ _ _ _ _ _ _ _ _ _ _ _ _ _ _ _ _ _ _ _ _ _ _ _ _ _ _ _\n\nresponse = <coroutine object Client._do_async_get_request at 0x00000202F8168AE0>\n\n    def validate_response_structure(response):\n>       assert isinstance(response.json, dict)\nE       AttributeError: 'coroutine' object has no attribute 'json'\n\ntests\\endpoints\\player_games_by_month_pgn_test.py:32: AttributeError"
      },
      "teardown": {
        "outcome": "passed"
      }
    },
    {
      "nodeid": "tests/endpoints/player_games_by_month_pgn_test.py::test_with_async_client",
      "lineno": 21,
      "outcome": "passed",
      "keywords": [
        "test_with_async_client",
        "asyncio",
        "pytestmark",
        "player_games_by_month_pgn_test.py",
        "endpoints",
        "tests",
        "sarartur@chess.com__fdd85340__requests__aiohttp",
        ""
      ],
      "setup": {
        "outcome": "passed"
      },
      "call": {
        "outcome": "passed",
        "stderr": "D:\\repos\\sarartur@chess.com__fdd85340__requests__aiohttp\\.venv\\Lib\\site-packages\\yaml\\resolver.py:143: RuntimeWarning: coroutine 'Client._do_async_get_request' was never awaited\n  def resolve(self, kind, value, implicit):\nRuntimeWarning: Enable tracemalloc to get the object allocation traceback\n"
      },
      "teardown": {
        "outcome": "passed"
      }
    },
    {
      "nodeid": "tests/endpoints/player_games_by_month_test.py::test_with_endpoints",
      "lineno": 8,
      "outcome": "failed",
      "keywords": [
        "test_with_endpoints",
        "player_games_by_month_test.py",
        "endpoints",
        "tests",
        "sarartur@chess.com__fdd85340__requests__aiohttp",
        ""
      ],
      "setup": {
        "outcome": "passed"
      },
      "call": {
        "outcome": "failed",
        "crash": {
          "path": "D:\\repos\\sarartur@chess.com__fdd85340__requests__aiohttp\\tests\\endpoints\\player_games_by_month_test.py",
          "lineno": 46,
          "message": "AttributeError: 'coroutine' object has no attribute 'json'"
        },
        "traceback": [
          {
            "path": "tests\\endpoints\\player_games_by_month_test.py",
            "lineno": 14,
            "message": ""
          },
          {
            "path": "tests\\endpoints\\player_games_by_month_test.py",
            "lineno": 52,
            "message": "in validate_response"
          },
          {
            "path": "tests\\endpoints\\player_games_by_month_test.py",
            "lineno": 46,
            "message": "AttributeError"
          }
        ],
        "longrepr": "endpoints = <module 'chessdotcom.endpoints' from 'D:\\\\repos\\\\sarartur@chess.com__fdd85340__requests__aiohttp\\\\chessdotcom\\\\endpoints\\\\__init__.py'>\n\n    @vcr.use_cassette(\"get_player_games_by_month.yaml\")\n    def test_with_endpoints(endpoints):\n        response = endpoints.get_player_games_by_month(\n            username=\"fabianocaruana\", year=\"2020\", month=\"05\"\n        )\n>       validate_response(response)\n\ntests\\endpoints\\player_games_by_month_test.py:14: \n_ _ _ _ _ _ _ _ _ _ _ _ _ _ _ _ _ _ _ _ _ _ _ _ _ _ _ _ _ _ _ _ _ _ _ _ _ _ _ _\ntests\\endpoints\\player_games_by_month_test.py:52: in validate_response\n    validate_response_structure(response)\n_ _ _ _ _ _ _ _ _ _ _ _ _ _ _ _ _ _ _ _ _ _ _ _ _ _ _ _ _ _ _ _ _ _ _ _ _ _ _ _\n\nresponse = <coroutine object Client._do_async_get_request at 0x00000202F816B9A0>\n\n    def validate_response_structure(response):\n>       assert isinstance(response.json, dict)\nE       AttributeError: 'coroutine' object has no attribute 'json'\n\ntests\\endpoints\\player_games_by_month_test.py:46: AttributeError"
      },
      "teardown": {
        "outcome": "passed"
      }
    },
    {
      "nodeid": "tests/endpoints/player_games_by_month_test.py::test_with_client",
      "lineno": 16,
      "outcome": "failed",
      "keywords": [
        "test_with_client",
        "player_games_by_month_test.py",
        "endpoints",
        "tests",
        "sarartur@chess.com__fdd85340__requests__aiohttp",
        ""
      ],
      "setup": {
        "outcome": "passed"
      },
      "call": {
        "outcome": "failed",
        "crash": {
          "path": "D:\\repos\\sarartur@chess.com__fdd85340__requests__aiohttp\\tests\\endpoints\\player_games_by_month_test.py",
          "lineno": 46,
          "message": "AttributeError: 'coroutine' object has no attribute 'json'"
        },
        "traceback": [
          {
            "path": "tests\\endpoints\\player_games_by_month_test.py",
            "lineno": 22,
            "message": ""
          },
          {
            "path": "tests\\endpoints\\player_games_by_month_test.py",
            "lineno": 52,
            "message": "in validate_response"
          },
          {
            "path": "tests\\endpoints\\player_games_by_month_test.py",
            "lineno": 46,
            "message": "AttributeError"
          }
        ],
        "longrepr": "client = <chessdotcom.client.ChessDotComClient object at 0x00000202F812E000>\n\n    @vcr.use_cassette(\"get_player_games_by_month.yaml\")\n    def test_with_client(client):\n        response = client.get_player_games_by_month(\n            username=\"fabianocaruana\", year=\"2020\", month=\"05\"\n        )\n>       validate_response(response)\n\ntests\\endpoints\\player_games_by_month_test.py:22: \n_ _ _ _ _ _ _ _ _ _ _ _ _ _ _ _ _ _ _ _ _ _ _ _ _ _ _ _ _ _ _ _ _ _ _ _ _ _ _ _\ntests\\endpoints\\player_games_by_month_test.py:52: in validate_response\n    validate_response_structure(response)\n_ _ _ _ _ _ _ _ _ _ _ _ _ _ _ _ _ _ _ _ _ _ _ _ _ _ _ _ _ _ _ _ _ _ _ _ _ _ _ _\n\nresponse = <coroutine object Client._do_async_get_request at 0x00000202F816A240>\n\n    def validate_response_structure(response):\n>       assert isinstance(response.json, dict)\nE       AttributeError: 'coroutine' object has no attribute 'json'\n\ntests\\endpoints\\player_games_by_month_test.py:46: AttributeError"
      },
      "teardown": {
        "outcome": "passed"
      }
    },
    {
      "nodeid": "tests/endpoints/player_games_by_month_test.py::test_with_async_client",
      "lineno": 24,
      "outcome": "passed",
      "keywords": [
        "test_with_async_client",
        "asyncio",
        "pytestmark",
        "player_games_by_month_test.py",
        "endpoints",
        "tests",
        "sarartur@chess.com__fdd85340__requests__aiohttp",
        ""
      ],
      "setup": {
        "outcome": "passed"
      },
      "call": {
        "outcome": "passed"
      },
      "teardown": {
        "outcome": "passed"
      }
    },
    {
      "nodeid": "tests/endpoints/player_games_by_month_test.py::test_empty_data",
      "lineno": 33,
      "outcome": "failed",
      "keywords": [
        "test_empty_data",
        "__wrapped__",
        "patchings",
        "player_games_by_month_test.py",
        "endpoints",
        "tests",
        "sarartur@chess.com__fdd85340__requests__aiohttp",
        ""
      ],
      "setup": {
        "outcome": "passed"
      },
      "call": {
        "outcome": "failed",
        "crash": {
          "path": "D:\\repos\\sarartur@chess.com__fdd85340__requests__aiohttp\\tests\\endpoints\\player_games_by_month_test.py",
          "lineno": 46,
          "message": "AttributeError: 'coroutine' object has no attribute 'json'"
        },
        "traceback": [
          {
            "path": "tests\\endpoints\\player_games_by_month_test.py",
            "lineno": 42,
            "message": ""
          },
          {
            "path": "tests\\endpoints\\player_games_by_month_test.py",
            "lineno": 46,
            "message": "AttributeError"
          }
        ],
        "longrepr": "deserialize = <MagicMock name='deserialize' id='2211792693120'>\nclient = <chessdotcom.client.ChessDotComClient object at 0x00000202F91E05F0>\n\n    @vcr.use_cassette(\"get_player_games_by_month.yaml\")\n    @patch(\"chessdotcom.response_builder.Serializer.deserialize\")\n    def test_empty_data(deserialize, client):\n        deserialize.return_value = {}\n        response = client.get_player_games_by_month(\n            username=\"fabianocaruana\", year=\"2020\", month=\"05\"\n        )\n    \n>       validate_response_structure(response)\n\ntests\\endpoints\\player_games_by_month_test.py:42: \n_ _ _ _ _ _ _ _ _ _ _ _ _ _ _ _ _ _ _ _ _ _ _ _ _ _ _ _ _ _ _ _ _ _ _ _ _ _ _ _\n\nresponse = <coroutine object Client._do_async_get_request at 0x00000202F8169580>\n\n    def validate_response_structure(response):\n>       assert isinstance(response.json, dict)\nE       AttributeError: 'coroutine' object has no attribute 'json'\n\ntests\\endpoints\\player_games_by_month_test.py:46: AttributeError"
      },
      "teardown": {
        "outcome": "passed"
      }
    },
    {
      "nodeid": "tests/endpoints/player_profile_test.py::test_get_with_endpoints",
      "lineno": 9,
      "outcome": "failed",
      "keywords": [
        "test_get_with_endpoints",
        "player_profile_test.py",
        "endpoints",
        "tests",
        "sarartur@chess.com__fdd85340__requests__aiohttp",
        ""
      ],
      "setup": {
        "outcome": "passed"
      },
      "call": {
        "outcome": "failed",
        "crash": {
          "path": "D:\\repos\\sarartur@chess.com__fdd85340__requests__aiohttp\\tests\\endpoints\\player_profile_test.py",
          "lineno": 39,
          "message": "AttributeError: 'coroutine' object has no attribute 'json'"
        },
        "traceback": [
          {
            "path": "tests\\endpoints\\player_profile_test.py",
            "lineno": 13,
            "message": ""
          },
          {
            "path": "tests\\endpoints\\player_profile_test.py",
            "lineno": 45,
            "message": "in validate_response"
          },
          {
            "path": "tests\\endpoints\\player_profile_test.py",
            "lineno": 39,
            "message": "AttributeError"
          }
        ],
        "longrepr": "endpoints = <module 'chessdotcom.endpoints' from 'D:\\\\repos\\\\sarartur@chess.com__fdd85340__requests__aiohttp\\\\chessdotcom\\\\endpoints\\\\__init__.py'>\n\n    @vcr.use_cassette(\"get_player_profile.yaml\")\n    def test_get_with_endpoints(endpoints):\n        response = endpoints.get_player_profile(username=\"farzyplayschess\")\n>       validate_response(response)\n\ntests\\endpoints\\player_profile_test.py:13: \n_ _ _ _ _ _ _ _ _ _ _ _ _ _ _ _ _ _ _ _ _ _ _ _ _ _ _ _ _ _ _ _ _ _ _ _ _ _ _ _\ntests\\endpoints\\player_profile_test.py:45: in validate_response\n    validate_response_structure(response)\n_ _ _ _ _ _ _ _ _ _ _ _ _ _ _ _ _ _ _ _ _ _ _ _ _ _ _ _ _ _ _ _ _ _ _ _ _ _ _ _\n\nresponse = <coroutine object Client._do_async_get_request at 0x00000202F8169690>\n\n    def validate_response_structure(response):\n>       assert isinstance(response.json, dict)\nE       AttributeError: 'coroutine' object has no attribute 'json'\n\ntests\\endpoints\\player_profile_test.py:39: AttributeError"
      },
      "teardown": {
        "outcome": "passed"
      }
    },
    {
      "nodeid": "tests/endpoints/player_profile_test.py::test_get_with_client",
      "lineno": 15,
      "outcome": "failed",
      "keywords": [
        "test_get_with_client",
        "player_profile_test.py",
        "endpoints",
        "tests",
        "sarartur@chess.com__fdd85340__requests__aiohttp",
        ""
      ],
      "setup": {
        "outcome": "passed"
      },
      "call": {
        "outcome": "failed",
        "crash": {
          "path": "D:\\repos\\sarartur@chess.com__fdd85340__requests__aiohttp\\tests\\endpoints\\player_profile_test.py",
          "lineno": 39,
          "message": "AttributeError: 'coroutine' object has no attribute 'json'"
        },
        "traceback": [
          {
            "path": "tests\\endpoints\\player_profile_test.py",
            "lineno": 19,
            "message": ""
          },
          {
            "path": "tests\\endpoints\\player_profile_test.py",
            "lineno": 45,
            "message": "in validate_response"
          },
          {
            "path": "tests\\endpoints\\player_profile_test.py",
            "lineno": 39,
            "message": "AttributeError"
          }
        ],
        "longrepr": "client = <chessdotcom.client.ChessDotComClient object at 0x00000202F95C0980>\n\n    @vcr.use_cassette(\"get_player_profile.yaml\")\n    def test_get_with_client(client):\n        response = client.get_player_profile(username=\"farzyplayschess\")\n>       validate_response(response)\n\ntests\\endpoints\\player_profile_test.py:19: \n_ _ _ _ _ _ _ _ _ _ _ _ _ _ _ _ _ _ _ _ _ _ _ _ _ _ _ _ _ _ _ _ _ _ _ _ _ _ _ _\ntests\\endpoints\\player_profile_test.py:45: in validate_response\n    validate_response_structure(response)\n_ _ _ _ _ _ _ _ _ _ _ _ _ _ _ _ _ _ _ _ _ _ _ _ _ _ _ _ _ _ _ _ _ _ _ _ _ _ _ _\n\nresponse = <coroutine object Client._do_async_get_request at 0x00000202F8169F10>\n\n    def validate_response_structure(response):\n>       assert isinstance(response.json, dict)\nE       AttributeError: 'coroutine' object has no attribute 'json'\n\ntests\\endpoints\\player_profile_test.py:39: AttributeError"
      },
      "teardown": {
        "outcome": "passed"
      }
    },
    {
      "nodeid": "tests/endpoints/player_profile_test.py::test_get_with_async_client",
      "lineno": 21,
      "outcome": "passed",
      "keywords": [
        "test_get_with_async_client",
        "asyncio",
        "pytestmark",
        "player_profile_test.py",
        "endpoints",
        "tests",
        "sarartur@chess.com__fdd85340__requests__aiohttp",
        ""
      ],
      "setup": {
        "outcome": "passed"
      },
      "call": {
        "outcome": "passed"
      },
      "teardown": {
        "outcome": "passed"
      }
    },
    {
      "nodeid": "tests/endpoints/player_profile_test.py::test_empty_data",
      "lineno": 28,
      "outcome": "failed",
      "keywords": [
        "test_empty_data",
        "__wrapped__",
        "patchings",
        "player_profile_test.py",
        "endpoints",
        "tests",
        "sarartur@chess.com__fdd85340__requests__aiohttp",
        ""
      ],
      "setup": {
        "outcome": "passed"
      },
      "call": {
        "outcome": "failed",
        "crash": {
          "path": "D:\\repos\\sarartur@chess.com__fdd85340__requests__aiohttp\\tests\\endpoints\\player_profile_test.py",
          "lineno": 39,
          "message": "AttributeError: 'coroutine' object has no attribute 'json'"
        },
        "traceback": [
          {
            "path": "tests\\endpoints\\player_profile_test.py",
            "lineno": 35,
            "message": ""
          },
          {
            "path": "tests\\endpoints\\player_profile_test.py",
            "lineno": 39,
            "message": "AttributeError"
          }
        ],
        "stderr": "D:\\repos\\sarartur@chess.com__fdd85340__requests__aiohttp\\.venv\\Lib\\site-packages\\yaml\\resolver.py:114: RuntimeWarning: coroutine 'Client._do_async_get_request' was never awaited\n  def ascend_resolver(self):\nRuntimeWarning: Enable tracemalloc to get the object allocation traceback\n",
        "longrepr": "deserialize = <MagicMock name='deserialize' id='2211796758656'>\nclient = <chessdotcom.client.ChessDotComClient object at 0x00000202F95C2B40>\n\n    @vcr.use_cassette(\"get_player_profile.yaml\")\n    @patch(\"chessdotcom.response_builder.Serializer.deserialize\")\n    def test_empty_data(deserialize, client):\n        deserialize.return_value = {}\n        response = client.get_player_profile(username=\"farzyplayschess\")\n    \n>       validate_response_structure(response)\n\ntests\\endpoints\\player_profile_test.py:35: \n_ _ _ _ _ _ _ _ _ _ _ _ _ _ _ _ _ _ _ _ _ _ _ _ _ _ _ _ _ _ _ _ _ _ _ _ _ _ _ _\n\nresponse = <coroutine object Client._do_async_get_request at 0x00000202F816A680>\n\n    def validate_response_structure(response):\n>       assert isinstance(response.json, dict)\nE       AttributeError: 'coroutine' object has no attribute 'json'\n\ntests\\endpoints\\player_profile_test.py:39: AttributeError"
      },
      "teardown": {
        "outcome": "passed"
      }
    },
    {
      "nodeid": "tests/endpoints/player_stats_test.py::test_with_endpoints",
      "lineno": 9,
      "outcome": "failed",
      "keywords": [
        "test_with_endpoints",
        "player_stats_test.py",
        "endpoints",
        "tests",
        "sarartur@chess.com__fdd85340__requests__aiohttp",
        ""
      ],
      "setup": {
        "outcome": "passed"
      },
      "call": {
        "outcome": "failed",
        "crash": {
          "path": "D:\\repos\\sarartur@chess.com__fdd85340__requests__aiohttp\\tests\\endpoints\\player_stats_test.py",
          "lineno": 39,
          "message": "AttributeError: 'coroutine' object has no attribute 'json'"
        },
        "traceback": [
          {
            "path": "tests\\endpoints\\player_stats_test.py",
            "lineno": 13,
            "message": ""
          },
          {
            "path": "tests\\endpoints\\player_stats_test.py",
            "lineno": 45,
            "message": "in validate_response"
          },
          {
            "path": "tests\\endpoints\\player_stats_test.py",
            "lineno": 39,
            "message": "AttributeError"
          }
        ],
        "longrepr": "endpoints = <module 'chessdotcom.endpoints' from 'D:\\\\repos\\\\sarartur@chess.com__fdd85340__requests__aiohttp\\\\chessdotcom\\\\endpoints\\\\__init__.py'>\n\n    @vcr.use_cassette(\"get_player_stats.yaml\")\n    def test_with_endpoints(endpoints):\n        response = endpoints.get_player_stats(username=\"erik\")\n>       validate_response(response)\n\ntests\\endpoints\\player_stats_test.py:13: \n_ _ _ _ _ _ _ _ _ _ _ _ _ _ _ _ _ _ _ _ _ _ _ _ _ _ _ _ _ _ _ _ _ _ _ _ _ _ _ _\ntests\\endpoints\\player_stats_test.py:45: in validate_response\n    validate_response_structure(response)\n_ _ _ _ _ _ _ _ _ _ _ _ _ _ _ _ _ _ _ _ _ _ _ _ _ _ _ _ _ _ _ _ _ _ _ _ _ _ _ _\n\nresponse = <coroutine object Client._do_async_get_request at 0x00000202F8169360>\n\n    def validate_response_structure(response):\n>       assert isinstance(response.json, dict)\nE       AttributeError: 'coroutine' object has no attribute 'json'\n\ntests\\endpoints\\player_stats_test.py:39: AttributeError"
      },
      "teardown": {
        "outcome": "passed"
      }
    },
    {
      "nodeid": "tests/endpoints/player_stats_test.py::test_with_client",
      "lineno": 15,
      "outcome": "failed",
      "keywords": [
        "test_with_client",
        "player_stats_test.py",
        "endpoints",
        "tests",
        "sarartur@chess.com__fdd85340__requests__aiohttp",
        ""
      ],
      "setup": {
        "outcome": "passed"
      },
      "call": {
        "outcome": "failed",
        "crash": {
          "path": "D:\\repos\\sarartur@chess.com__fdd85340__requests__aiohttp\\tests\\endpoints\\player_stats_test.py",
          "lineno": 39,
          "message": "AttributeError: 'coroutine' object has no attribute 'json'"
        },
        "traceback": [
          {
            "path": "tests\\endpoints\\player_stats_test.py",
            "lineno": 19,
            "message": ""
          },
          {
            "path": "tests\\endpoints\\player_stats_test.py",
            "lineno": 45,
            "message": "in validate_response"
          },
          {
            "path": "tests\\endpoints\\player_stats_test.py",
            "lineno": 39,
            "message": "AttributeError"
          }
        ],
        "longrepr": "client = <chessdotcom.client.ChessDotComClient object at 0x00000202F91E3920>\n\n    @vcr.use_cassette(\"get_player_stats.yaml\")\n    def test_with_client(client):\n        response = client.get_player_stats(username=\"erik\")\n>       validate_response(response)\n\ntests\\endpoints\\player_stats_test.py:19: \n_ _ _ _ _ _ _ _ _ _ _ _ _ _ _ _ _ _ _ _ _ _ _ _ _ _ _ _ _ _ _ _ _ _ _ _ _ _ _ _\ntests\\endpoints\\player_stats_test.py:45: in validate_response\n    validate_response_structure(response)\n_ _ _ _ _ _ _ _ _ _ _ _ _ _ _ _ _ _ _ _ _ _ _ _ _ _ _ _ _ _ _ _ _ _ _ _ _ _ _ _\n\nresponse = <coroutine object Client._do_async_get_request at 0x00000202F8169690>\n\n    def validate_response_structure(response):\n>       assert isinstance(response.json, dict)\nE       AttributeError: 'coroutine' object has no attribute 'json'\n\ntests\\endpoints\\player_stats_test.py:39: AttributeError"
      },
      "teardown": {
        "outcome": "passed"
      }
    },
    {
      "nodeid": "tests/endpoints/player_stats_test.py::test_with_async_client",
      "lineno": 21,
      "outcome": "passed",
      "keywords": [
        "test_with_async_client",
        "asyncio",
        "pytestmark",
        "player_stats_test.py",
        "endpoints",
        "tests",
        "sarartur@chess.com__fdd85340__requests__aiohttp",
        ""
      ],
      "setup": {
        "outcome": "passed"
      },
      "call": {
        "outcome": "passed"
      },
      "teardown": {
        "outcome": "passed"
      }
    },
    {
      "nodeid": "tests/endpoints/player_stats_test.py::test_empty_data",
      "lineno": 28,
      "outcome": "failed",
      "keywords": [
        "test_empty_data",
        "__wrapped__",
        "patchings",
        "player_stats_test.py",
        "endpoints",
        "tests",
        "sarartur@chess.com__fdd85340__requests__aiohttp",
        ""
      ],
      "setup": {
        "outcome": "passed"
      },
      "call": {
        "outcome": "failed",
        "crash": {
          "path": "D:\\repos\\sarartur@chess.com__fdd85340__requests__aiohttp\\tests\\endpoints\\player_stats_test.py",
          "lineno": 39,
          "message": "AttributeError: 'coroutine' object has no attribute 'json'"
        },
        "traceback": [
          {
            "path": "tests\\endpoints\\player_stats_test.py",
            "lineno": 35,
            "message": ""
          },
          {
            "path": "tests\\endpoints\\player_stats_test.py",
            "lineno": 39,
            "message": "AttributeError"
          }
        ],
        "longrepr": "deserialize = <MagicMock name='deserialize' id='2211792651136'>\nclient = <chessdotcom.client.ChessDotComClient object at 0x00000202F91DA780>\n\n    @vcr.use_cassette(\"get_player_stats.yaml\")\n    @patch(\"chessdotcom.response_builder.Serializer.deserialize\")\n    def test_empty_data(deserialize, client):\n        deserialize.return_value = {}\n        response = client.get_player_stats(username=\"erik\")\n    \n>       validate_response_structure(response)\n\ntests\\endpoints\\player_stats_test.py:35: \n_ _ _ _ _ _ _ _ _ _ _ _ _ _ _ _ _ _ _ _ _ _ _ _ _ _ _ _ _ _ _ _ _ _ _ _ _ _ _ _\n\nresponse = <coroutine object Client._do_async_get_request at 0x00000202F816B780>\n\n    def validate_response_structure(response):\n>       assert isinstance(response.json, dict)\nE       AttributeError: 'coroutine' object has no attribute 'json'\n\ntests\\endpoints\\player_stats_test.py:39: AttributeError"
      },
      "teardown": {
        "outcome": "passed"
      }
    },
    {
      "nodeid": "tests/endpoints/player_tournaments_test.py::test_with_endpoints",
      "lineno": 8,
      "outcome": "failed",
      "keywords": [
        "test_with_endpoints",
        "player_tournaments_test.py",
        "endpoints",
        "tests",
        "sarartur@chess.com__fdd85340__requests__aiohttp",
        ""
      ],
      "setup": {
        "outcome": "passed"
      },
      "call": {
        "outcome": "failed",
        "crash": {
          "path": "D:\\repos\\sarartur@chess.com__fdd85340__requests__aiohttp\\tests\\endpoints\\player_tournaments_test.py",
          "lineno": 29,
          "message": "AttributeError: 'coroutine' object has no attribute 'json'"
        },
        "traceback": [
          {
            "path": "tests\\endpoints\\player_tournaments_test.py",
            "lineno": 12,
            "message": ""
          },
          {
            "path": "tests\\endpoints\\player_tournaments_test.py",
            "lineno": 44,
            "message": "in validate_response"
          },
          {
            "path": "tests\\endpoints\\player_tournaments_test.py",
            "lineno": 29,
            "message": "AttributeError"
          }
        ],
        "longrepr": "endpoints = <module 'chessdotcom.endpoints' from 'D:\\\\repos\\\\sarartur@chess.com__fdd85340__requests__aiohttp\\\\chessdotcom\\\\endpoints\\\\__init__.py'>\n\n    @vcr.use_cassette(\"get_player_tournaments.yaml\")\n    def test_with_endpoints(endpoints):\n        response = endpoints.get_player_tournaments(username=\"fabianocaruana\")\n>       validate_response(response)\n\ntests\\endpoints\\player_tournaments_test.py:12: \n_ _ _ _ _ _ _ _ _ _ _ _ _ _ _ _ _ _ _ _ _ _ _ _ _ _ _ _ _ _ _ _ _ _ _ _ _ _ _ _\ntests\\endpoints\\player_tournaments_test.py:44: in validate_response\n    validate_response_structure(response)\n_ _ _ _ _ _ _ _ _ _ _ _ _ _ _ _ _ _ _ _ _ _ _ _ _ _ _ _ _ _ _ _ _ _ _ _ _ _ _ _\n\nresponse = <coroutine object Client._do_async_get_request at 0x00000202F81698B0>\n\n    def validate_response_structure(response):\n>       assert isinstance(response.json, dict)\nE       AttributeError: 'coroutine' object has no attribute 'json'\n\ntests\\endpoints\\player_tournaments_test.py:29: AttributeError"
      },
      "teardown": {
        "outcome": "passed"
      }
    },
    {
      "nodeid": "tests/endpoints/player_tournaments_test.py::test_with_client",
      "lineno": 14,
      "outcome": "failed",
      "keywords": [
        "test_with_client",
        "player_tournaments_test.py",
        "endpoints",
        "tests",
        "sarartur@chess.com__fdd85340__requests__aiohttp",
        ""
      ],
      "setup": {
        "outcome": "passed"
      },
      "call": {
        "outcome": "failed",
        "crash": {
          "path": "D:\\repos\\sarartur@chess.com__fdd85340__requests__aiohttp\\tests\\endpoints\\player_tournaments_test.py",
          "lineno": 29,
          "message": "AttributeError: 'coroutine' object has no attribute 'json'"
        },
        "traceback": [
          {
            "path": "tests\\endpoints\\player_tournaments_test.py",
            "lineno": 18,
            "message": ""
          },
          {
            "path": "tests\\endpoints\\player_tournaments_test.py",
            "lineno": 44,
            "message": "in validate_response"
          },
          {
            "path": "tests\\endpoints\\player_tournaments_test.py",
            "lineno": 29,
            "message": "AttributeError"
          }
        ],
        "longrepr": "client = <chessdotcom.client.ChessDotComClient object at 0x00000202F804DD90>\n\n    @vcr.use_cassette(\"get_player_tournaments.yaml\")\n    def test_with_client(client):\n        response = client.get_player_tournaments(username=\"fabianocaruana\")\n>       validate_response(response)\n\ntests\\endpoints\\player_tournaments_test.py:18: \n_ _ _ _ _ _ _ _ _ _ _ _ _ _ _ _ _ _ _ _ _ _ _ _ _ _ _ _ _ _ _ _ _ _ _ _ _ _ _ _\ntests\\endpoints\\player_tournaments_test.py:44: in validate_response\n    validate_response_structure(response)\n_ _ _ _ _ _ _ _ _ _ _ _ _ _ _ _ _ _ _ _ _ _ _ _ _ _ _ _ _ _ _ _ _ _ _ _ _ _ _ _\n\nresponse = <coroutine object Client._do_async_get_request at 0x00000202F8169F10>\n\n    def validate_response_structure(response):\n>       assert isinstance(response.json, dict)\nE       AttributeError: 'coroutine' object has no attribute 'json'\n\ntests\\endpoints\\player_tournaments_test.py:29: AttributeError"
      },
      "teardown": {
        "outcome": "passed"
      }
    },
    {
      "nodeid": "tests/endpoints/player_tournaments_test.py::test_with_async_client",
      "lineno": 20,
      "outcome": "passed",
      "keywords": [
        "test_with_async_client",
        "asyncio",
        "pytestmark",
        "player_tournaments_test.py",
        "endpoints",
        "tests",
        "sarartur@chess.com__fdd85340__requests__aiohttp",
        ""
      ],
      "setup": {
        "outcome": "passed"
      },
      "call": {
        "outcome": "passed"
      },
      "teardown": {
        "outcome": "passed"
      }
    },
    {
      "nodeid": "tests/endpoints/player_tournaments_test.py::test_empty_data",
      "lineno": 33,
      "outcome": "failed",
      "keywords": [
        "test_empty_data",
        "__wrapped__",
        "patchings",
        "player_tournaments_test.py",
        "endpoints",
        "tests",
        "sarartur@chess.com__fdd85340__requests__aiohttp",
        ""
      ],
      "setup": {
        "outcome": "passed"
      },
      "call": {
        "outcome": "failed",
        "crash": {
          "path": "D:\\repos\\sarartur@chess.com__fdd85340__requests__aiohttp\\tests\\endpoints\\player_tournaments_test.py",
          "lineno": 29,
          "message": "AttributeError: 'coroutine' object has no attribute 'json'"
        },
        "traceback": [
          {
            "path": "tests\\endpoints\\player_tournaments_test.py",
            "lineno": 40,
            "message": ""
          },
          {
            "path": "tests\\endpoints\\player_tournaments_test.py",
            "lineno": 29,
            "message": "AttributeError"
          }
        ],
        "longrepr": "deserialize = <MagicMock name='deserialize' id='2211796310288'>\nclient = <chessdotcom.client.ChessDotComClient object at 0x00000202F961D220>\n\n    @vcr.use_cassette(\"get_player_tournaments.yaml\")\n    @patch(\"chessdotcom.response_builder.Serializer.deserialize\")\n    def test_empty_data(deserialize, client):\n        deserialize.return_value = {}\n        response = client.get_player_tournaments(username=\"fabianocaruana\")\n    \n>       validate_response_structure(response)\n\ntests\\endpoints\\player_tournaments_test.py:40: \n_ _ _ _ _ _ _ _ _ _ _ _ _ _ _ _ _ _ _ _ _ _ _ _ _ _ _ _ _ _ _ _ _ _ _ _ _ _ _ _\n\nresponse = <coroutine object Client._do_async_get_request at 0x00000202F816ADF0>\n\n    def validate_response_structure(response):\n>       assert isinstance(response.json, dict)\nE       AttributeError: 'coroutine' object has no attribute 'json'\n\ntests\\endpoints\\player_tournaments_test.py:29: AttributeError"
      },
      "teardown": {
        "outcome": "passed"
      }
    },
    {
      "nodeid": "tests/package_import_test.py::test_available_imports",
      "lineno": 3,
      "outcome": "passed",
      "keywords": [
        "test_available_imports",
        "package_import_test.py",
        "tests",
        "sarartur@chess.com__fdd85340__requests__aiohttp",
        ""
      ],
      "setup": {
        "outcome": "passed"
      },
      "call": {
        "outcome": "passed"
      },
      "teardown": {
        "outcome": "passed"
      }
    },
    {
      "nodeid": "tests/utils_test.py::test_resolve_date",
      "lineno": 5,
      "outcome": "passed",
      "keywords": [
        "test_resolve_date",
        "utils_test.py",
        "tests",
        "sarartur@chess.com__fdd85340__requests__aiohttp",
        ""
      ],
      "setup": {
        "outcome": "passed"
      },
      "call": {
        "outcome": "passed"
      },
      "teardown": {
        "outcome": "passed"
      }
    },
    {
      "nodeid": "tests/utils_test.py::test_dig",
      "lineno": 31,
      "outcome": "passed",
      "keywords": [
        "test_dig",
        "utils_test.py",
        "tests",
        "sarartur@chess.com__fdd85340__requests__aiohttp",
        ""
      ],
      "setup": {
        "outcome": "passed"
      },
      "call": {
        "outcome": "passed"
      },
      "teardown": {
        "outcome": "passed"
      }
    }
  ]
}