{
  "exitcode": 1,
  "summary": {
    "failed": 7,
    "total": 7,
    "collected": 7
  },
  "collectors": [
    {
      "nodeid": "",
      "outcome": "passed",
      "result": [
        {
          "nodeid": ".",
          "type": "Dir"
        }
      ]
    },
    {
      "nodeid": "octodns_ddns",
      "outcome": "passed",
      "result": []
    },
    {
      "nodeid": "octodns_ddns.egg-info",
      "outcome": "passed",
      "result": []
    },
    {
      "nodeid": "script",
      "outcome": "passed",
      "result": []
    },
    {
      "nodeid": "tests/test_octodns_source_ddns.py::TestCase",
      "outcome": "passed",
      "result": []
    },
    {
      "nodeid": "tests/test_octodns_source_ddns.py::TestDdnsSource",
      "outcome": "passed",
      "result": [
        {
          "nodeid": "tests/test_octodns_source_ddns.py::TestDdnsSource::test_connection_error",
          "type": "TestCaseFunction",
          "lineno": 60
        },
        {
          "nodeid": "tests/test_octodns_source_ddns.py::TestDdnsSource::test_defaults",
          "type": "TestCaseFunction",
          "lineno": 29
        },
        {
          "nodeid": "tests/test_octodns_source_ddns.py::TestDdnsSource::test_empty_response",
          "type": "TestCaseFunction",
          "lineno": 71
        },
        {
          "nodeid": "tests/test_octodns_source_ddns.py::TestDdnsSource::test_error",
          "type": "TestCaseFunction",
          "lineno": 51
        },
        {
          "nodeid": "tests/test_octodns_source_ddns.py::TestDdnsSource::test_types_a",
          "type": "TestCaseFunction",
          "lineno": 82
        },
        {
          "nodeid": "tests/test_octodns_source_ddns.py::TestDdnsSource::test_types_aaaa",
          "type": "TestCaseFunction",
          "lineno": 94
        },
        {
          "nodeid": "tests/test_octodns_source_ddns.py::TestDdnsSource::test_urls",
          "type": "TestCaseFunction",
          "lineno": 106
        }
      ]
    },
    {
      "nodeid": "tests/test_octodns_source_ddns.py",
      "outcome": "passed",
      "result": [
        {
          "nodeid": "tests/test_octodns_source_ddns.py::TestCase",
          "type": "UnitTestCase"
        },
        {
          "nodeid": "tests/test_octodns_source_ddns.py::TestDdnsSource",
          "type": "UnitTestCase"
        }
      ]
    },
    {
      "nodeid": "tests",
      "outcome": "passed",
      "result": [
        {
          "nodeid": "tests/test_octodns_source_ddns.py",
          "type": "Module"
        }
      ]
    },
    {
      "nodeid": ".",
      "outcome": "passed",
      "result": [
        {
          "nodeid": "octodns_ddns",
          "type": "Package"
        },
        {
          "nodeid": "octodns_ddns.egg-info",
          "type": "Dir"
        },
        {
          "nodeid": "script",
          "type": "Dir"
        },
        {
          "nodeid": "tests",
          "type": "Dir"
        }
      ]
    }
  ],
  "tests": [
    {
      "nodeid": "tests/test_octodns_source_ddns.py::TestDdnsSource::test_connection_error",
      "lineno": 60,
      "outcome": "failed",
      "keywords": [
        "test_connection_error",
        "__wrapped__",
        "patchings",
        "TestDdnsSource",
        "test_octodns_source_ddns.py",
        "tests",
        "octodns@octodns-ddns__d152390d__requests__treq",
        ""
      ],
      "setup": {
        "outcome": "passed"
      },
      "call": {
        "outcome": "failed",
        "crash": {
          "path": "C:\\Users\\Mohay\\AppData\\Local\\Programs\\Python\\Python312\\Lib\\unittest\\case.py",
          "lineno": 200,
          "message": "AssertionError: Exception not raised"
        },
        "traceback": [
          {
            "path": "tests\\test_octodns_source_ddns.py",
            "lineno": 66,
            "message": "AssertionError"
          }
        ],
        "longrepr": "self = <test_octodns_source_ddns.TestDdnsSource testMethod=test_connection_error>\nmock = <MagicMock name='get' id='1450899341968'>\n\n    @patch('treq.get')\n    def test_connection_error(self, mock):\n        mock.side_effect = [ResponseFailed('this is a test')]\n        zone = Zone('example.com.', [])\n    \n>       with self.assertRaises(Exception) as ctx:\nE       AssertionError: Exception not raised\n\ntests\\test_octodns_source_ddns.py:66: AssertionError"
      },
      "teardown": {
        "outcome": "passed"
      }
    },
    {
      "nodeid": "tests/test_octodns_source_ddns.py::TestDdnsSource::test_defaults",
      "lineno": 29,
      "outcome": "failed",
      "keywords": [
        "test_defaults",
        "__wrapped__",
        "patchings",
        "TestDdnsSource",
        "test_octodns_source_ddns.py",
        "tests",
        "octodns@octodns-ddns__d152390d__requests__treq",
        ""
      ],
      "setup": {
        "outcome": "passed"
      },
      "call": {
        "outcome": "failed",
        "crash": {
          "path": "C:\\Users\\Mohay\\AppData\\Local\\Programs\\Python\\Python312\\Lib\\unittest\\case.py",
          "lineno": 878,
          "message": "AssertionError: 2 != 0"
        },
        "traceback": [
          {
            "path": "tests\\test_octodns_source_ddns.py",
            "lineno": 42,
            "message": "AssertionError"
          }
        ],
        "longrepr": "self = <test_octodns_source_ddns.TestDdnsSource testMethod=test_defaults>\nmock = <MagicMock name='get' id='1450899348256'>\n\n    @patch('treq.get')\n    def test_defaults(self, mock):\n        a_value = '1.2.3.4'\n        aaaa_value = '2001:db8:85a3::8a2e:370:7334'\n        mock.side_effect = [\n            succeed(MockResponse(a_value)),\n            succeed(MockResponse(aaaa_value)),\n        ]\n    \n        zone = Zone('example.com.', [])\n        DdnsSource('dynamic').populate(zone)\n        records = sorted(list(zone.records))\n>       self.assertEqual(2, len(records))\nE       AssertionError: 2 != 0\n\ntests\\test_octodns_source_ddns.py:42: AssertionError"
      },
      "teardown": {
        "outcome": "passed"
      }
    },
    {
      "nodeid": "tests/test_octodns_source_ddns.py::TestDdnsSource::test_empty_response",
      "lineno": 71,
      "outcome": "failed",
      "keywords": [
        "test_empty_response",
        "__wrapped__",
        "patchings",
        "TestDdnsSource",
        "test_octodns_source_ddns.py",
        "tests",
        "octodns@octodns-ddns__d152390d__requests__treq",
        ""
      ],
      "setup": {
        "outcome": "passed"
      },
      "call": {
        "outcome": "failed",
        "crash": {
          "path": "D:\\repos\\octodns@octodns-ddns__d152390d__requests__treq\\.venv\\Lib\\site-packages\\_pytest\\unraisableexception.py",
          "lineno": 85,
          "message": "pytest.PytestUnraisableExceptionWarning: Exception ignored in: <coroutine object DdnsSource.populate at 0x00000151D04CB480>\n\nTraceback (most recent call last):\n  File \"C:\\Users\\Mohay\\AppData\\Local\\Programs\\Python\\Python312\\Lib\\warnings.py\", line 555, in _warn_unawaited_coroutine\n    warn(msg, category=RuntimeWarning, stacklevel=2, source=coro)\nRuntimeWarning: coroutine 'DdnsSource.populate' was never awaited"
        },
        "traceback": [
          {
            "path": ".venv\\Lib\\site-packages\\_pytest\\runner.py",
            "lineno": 341,
            "message": ""
          },
          {
            "path": ".venv\\Lib\\site-packages\\_pytest\\runner.py",
            "lineno": 242,
            "message": "in <lambda>"
          },
          {
            "path": ".venv\\Lib\\site-packages\\pluggy\\_hooks.py",
            "lineno": 513,
            "message": "in __call__"
          },
          {
            "path": ".venv\\Lib\\site-packages\\pluggy\\_manager.py",
            "lineno": 120,
            "message": "in _hookexec"
          },
          {
            "path": ".venv\\Lib\\site-packages\\_pytest\\threadexception.py",
            "lineno": 92,
            "message": "in pytest_runtest_call"
          },
          {
            "path": ".venv\\Lib\\site-packages\\_pytest\\threadexception.py",
            "lineno": 68,
            "message": "in thread_exception_runtest_hook"
          },
          {
            "path": ".venv\\Lib\\site-packages\\_pytest\\unraisableexception.py",
            "lineno": 95,
            "message": "in pytest_runtest_call"
          },
          {
            "path": ".venv\\Lib\\site-packages\\_pytest\\unraisableexception.py",
            "lineno": 85,
            "message": "PytestUnraisableExceptionWarning"
          }
        ],
        "longrepr": "cls = <class '_pytest.runner.CallInfo'>\nfunc = <function call_and_report.<locals>.<lambda> at 0x00000151D05B5A80>\nwhen = 'call'\nreraise = (<class '_pytest.outcomes.Exit'>, <class 'KeyboardInterrupt'>)\n\n    @classmethod\n    def from_call(\n        cls,\n        func: Callable[[], TResult],\n        when: Literal[\"collect\", \"setup\", \"call\", \"teardown\"],\n        reraise: type[BaseException] | tuple[type[BaseException], ...] | None = None,\n    ) -> CallInfo[TResult]:\n        \"\"\"Call func, wrapping the result in a CallInfo.\n    \n        :param func:\n            The function to call. Called without arguments.\n        :type func: Callable[[], _pytest.runner.TResult]\n        :param when:\n            The phase in which the function is called.\n        :param reraise:\n            Exception or exceptions that shall propagate if raised by the\n            function, instead of being wrapped in the CallInfo.\n        \"\"\"\n        excinfo = None\n        start = timing.time()\n        precise_start = timing.perf_counter()\n        try:\n>           result: TResult | None = func()\n\n.venv\\Lib\\site-packages\\_pytest\\runner.py:341: \n_ _ _ _ _ _ _ _ _ _ _ _ _ _ _ _ _ _ _ _ _ _ _ _ _ _ _ _ _ _ _ _ _ _ _ _ _ _ _ _\n.venv\\Lib\\site-packages\\_pytest\\runner.py:242: in <lambda>\n    lambda: runtest_hook(item=item, **kwds), when=when, reraise=reraise\n.venv\\Lib\\site-packages\\pluggy\\_hooks.py:513: in __call__\n    return self._hookexec(self.name, self._hookimpls.copy(), kwargs, firstresult)\n.venv\\Lib\\site-packages\\pluggy\\_manager.py:120: in _hookexec\n    return self._inner_hookexec(hook_name, methods, kwargs, firstresult)\n.venv\\Lib\\site-packages\\_pytest\\threadexception.py:92: in pytest_runtest_call\n    yield from thread_exception_runtest_hook()\n.venv\\Lib\\site-packages\\_pytest\\threadexception.py:68: in thread_exception_runtest_hook\n    yield\n.venv\\Lib\\site-packages\\_pytest\\unraisableexception.py:95: in pytest_runtest_call\n    yield from unraisable_exception_runtest_hook()\n_ _ _ _ _ _ _ _ _ _ _ _ _ _ _ _ _ _ _ _ _ _ _ _ _ _ _ _ _ _ _ _ _ _ _ _ _ _ _ _\n\n    def unraisable_exception_runtest_hook() -> Generator[None]:\n        with catch_unraisable_exception() as cm:\n            try:\n                yield\n            finally:\n                if cm.unraisable:\n                    if cm.unraisable.err_msg is not None:\n                        err_msg = cm.unraisable.err_msg\n                    else:\n                        err_msg = \"Exception ignored in\"\n                    msg = f\"{err_msg}: {cm.unraisable.object!r}\\n\\n\"\n                    msg += \"\".join(\n                        traceback.format_exception(\n                            cm.unraisable.exc_type,\n                            cm.unraisable.exc_value,\n                            cm.unraisable.exc_traceback,\n                        )\n                    )\n>                   warnings.warn(pytest.PytestUnraisableExceptionWarning(msg))\nE                   pytest.PytestUnraisableExceptionWarning: Exception ignored in: <coroutine object DdnsSource.populate at 0x00000151D04CB480>\nE                   \nE                   Traceback (most recent call last):\nE                     File \"C:\\Users\\Mohay\\AppData\\Local\\Programs\\Python\\Python312\\Lib\\warnings.py\", line 555, in _warn_unawaited_coroutine\nE                       warn(msg, category=RuntimeWarning, stacklevel=2, source=coro)\nE                   RuntimeWarning: coroutine 'DdnsSource.populate' was never awaited\n\n.venv\\Lib\\site-packages\\_pytest\\unraisableexception.py:85: PytestUnraisableExceptionWarning"
      },
      "teardown": {
        "outcome": "passed"
      }
    },
    {
      "nodeid": "tests/test_octodns_source_ddns.py::TestDdnsSource::test_error",
      "lineno": 51,
      "outcome": "failed",
      "keywords": [
        "test_error",
        "__wrapped__",
        "patchings",
        "TestDdnsSource",
        "test_octodns_source_ddns.py",
        "tests",
        "octodns@octodns-ddns__d152390d__requests__treq",
        ""
      ],
      "setup": {
        "outcome": "passed"
      },
      "call": {
        "outcome": "failed",
        "crash": {
          "path": "C:\\Users\\Mohay\\AppData\\Local\\Programs\\Python\\Python312\\Lib\\unittest\\case.py",
          "lineno": 200,
          "message": "AssertionError: Exception not raised"
        },
        "traceback": [
          {
            "path": "tests\\test_octodns_source_ddns.py",
            "lineno": 57,
            "message": "AssertionError"
          }
        ],
        "longrepr": "self = <test_octodns_source_ddns.TestDdnsSource testMethod=test_error>\nmock = <MagicMock name='get' id='1450899356560'>\n\n    @patch('treq.get')\n    def test_error(self, mock):\n        mock.side_effect = [succeed(MockResponse(raise_for_status='boom'))]\n        zone = Zone('example.com.', [])\n    \n>       with self.assertRaises(Exception) as ctx:\nE       AssertionError: Exception not raised\n\ntests\\test_octodns_source_ddns.py:57: AssertionError"
      },
      "teardown": {
        "outcome": "passed"
      }
    },
    {
      "nodeid": "tests/test_octodns_source_ddns.py::TestDdnsSource::test_types_a",
      "lineno": 82,
      "outcome": "failed",
      "keywords": [
        "test_types_a",
        "__wrapped__",
        "patchings",
        "TestDdnsSource",
        "test_octodns_source_ddns.py",
        "tests",
        "octodns@octodns-ddns__d152390d__requests__treq",
        ""
      ],
      "setup": {
        "outcome": "passed"
      },
      "call": {
        "outcome": "failed",
        "crash": {
          "path": "C:\\Users\\Mohay\\AppData\\Local\\Programs\\Python\\Python312\\Lib\\unittest\\case.py",
          "lineno": 878,
          "message": "AssertionError: 1 != 0"
        },
        "traceback": [
          {
            "path": "tests\\test_octodns_source_ddns.py",
            "lineno": 90,
            "message": "AssertionError"
          }
        ],
        "longrepr": "self = <test_octodns_source_ddns.TestDdnsSource testMethod=test_types_a>\nmock = <MagicMock name='get' id='1450899968064'>\n\n    @patch('treq.get')\n    def test_types_a(self, mock):\n        a_value = '1.2.3.4'\n        mock.side_effect = [succeed(MockResponse(a_value))]\n    \n        zone = Zone('example.com.', [])\n        DdnsSource('dynamic', types=('A',)).populate(zone)\n>       self.assertEqual(1, len(zone.records))\nE       AssertionError: 1 != 0\n\ntests\\test_octodns_source_ddns.py:90: AssertionError"
      },
      "teardown": {
        "outcome": "passed"
      }
    },
    {
      "nodeid": "tests/test_octodns_source_ddns.py::TestDdnsSource::test_types_aaaa",
      "lineno": 94,
      "outcome": "failed",
      "keywords": [
        "test_types_aaaa",
        "__wrapped__",
        "patchings",
        "TestDdnsSource",
        "test_octodns_source_ddns.py",
        "tests",
        "octodns@octodns-ddns__d152390d__requests__treq",
        ""
      ],
      "setup": {
        "outcome": "passed"
      },
      "call": {
        "outcome": "failed",
        "crash": {
          "path": "C:\\Users\\Mohay\\AppData\\Local\\Programs\\Python\\Python312\\Lib\\unittest\\case.py",
          "lineno": 878,
          "message": "AssertionError: 1 != 0"
        },
        "traceback": [
          {
            "path": "tests\\test_octodns_source_ddns.py",
            "lineno": 102,
            "message": "AssertionError"
          }
        ],
        "longrepr": "self = <test_octodns_source_ddns.TestDdnsSource testMethod=test_types_aaaa>\nmock = <MagicMock name='get' id='1450899974160'>\n\n    @patch('treq.get')\n    def test_types_aaaa(self, mock):\n        aaaa_value = '2001:db8:85a3::8a2e:370:7334'\n        mock.side_effect = [succeed(MockResponse(aaaa_value))]\n    \n        zone = Zone('example.com.', [])\n        DdnsSource('dynamic', types=('AAAA',)).populate(zone)\n>       self.assertEqual(1, len(zone.records))\nE       AssertionError: 1 != 0\n\ntests\\test_octodns_source_ddns.py:102: AssertionError"
      },
      "teardown": {
        "outcome": "passed"
      }
    },
    {
      "nodeid": "tests/test_octodns_source_ddns.py::TestDdnsSource::test_urls",
      "lineno": 106,
      "outcome": "failed",
      "keywords": [
        "test_urls",
        "__wrapped__",
        "patchings",
        "TestDdnsSource",
        "test_octodns_source_ddns.py",
        "tests",
        "octodns@octodns-ddns__d152390d__requests__treq",
        ""
      ],
      "setup": {
        "outcome": "passed"
      },
      "call": {
        "outcome": "failed",
        "crash": {
          "path": "C:\\Users\\Mohay\\AppData\\Local\\Programs\\Python\\Python312\\Lib\\unittest\\case.py",
          "lineno": 878,
          "message": "AssertionError: 2 != 0"
        },
        "traceback": [
          {
            "path": "tests\\test_octodns_source_ddns.py",
            "lineno": 122,
            "message": "AssertionError"
          }
        ],
        "longrepr": "self = <test_octodns_source_ddns.TestDdnsSource testMethod=test_urls>\nmock = <MagicMock name='get' id='1450900222800'>\n\n    @patch('treq.get')\n    def test_urls(self, mock):\n        a_value = '1.2.3.4'\n        aaaa_value = '2001:db8:85a3::8a2e:370:7334'\n        mock.side_effect = [\n            succeed(MockResponse(a_value)),\n            succeed(MockResponse(aaaa_value)),\n        ]\n    \n        zone = Zone('example.com.', [])\n        DdnsSource(\n            'dynamic',\n            urls={'A': 'https://foo.bar/v4', 'AAAA': 'https://foo.bar/v6'},\n        ).populate(zone)\n        records = sorted(list(zone.records))\n>       self.assertEqual(2, len(records))\nE       AssertionError: 2 != 0\n\ntests\\test_octodns_source_ddns.py:122: AssertionError"
      },
      "teardown": {
        "outcome": "passed"
      }
    }
  ]
}