{
  "exitcode": 1,
  "summary": {
    "passed": 19,
    "failed": 11,
    "skipped": 1,
    "total": 31,
    "collected": 31
  },
  "collectors": [
    {
      "nodeid": "",
      "outcome": "passed",
      "result": [
        {
          "nodeid": ".",
          "type": "Dir"
        }
      ]
    },
    {
      "nodeid": "hackernews",
      "outcome": "passed",
      "result": []
    },
    {
      "nodeid": "tests/test_api_version.py::TestAPIVersion",
      "outcome": "passed",
      "result": [
        {
          "nodeid": "tests/test_api_version.py::TestAPIVersion::test_invalid_api_version",
          "type": "TestCaseFunction",
          "lineno": 25
        },
        {
          "nodeid": "tests/test_api_version.py::TestAPIVersion::test_valid_api_version_1",
          "type": "TestCaseFunction",
          "lineno": 17
        },
        {
          "nodeid": "tests/test_api_version.py::TestAPIVersion::test_valid_api_version_2",
          "type": "TestCaseFunction",
          "lineno": 21
        }
      ]
    },
    {
      "nodeid": "tests/test_api_version.py",
      "outcome": "passed",
      "result": [
        {
          "nodeid": "tests/test_api_version.py::TestAPIVersion",
          "type": "UnitTestCase"
        }
      ]
    },
    {
      "nodeid": "tests/test_ask_stories.py::TestAskStories",
      "outcome": "passed",
      "result": [
        {
          "nodeid": "tests/test_ask_stories.py::TestAskStories::test_ask_stories",
          "type": "TestCaseFunction",
          "lineno": 53
        },
        {
          "nodeid": "tests/test_ask_stories.py::TestAskStories::test_ask_stories_raw",
          "type": "TestCaseFunction",
          "lineno": 59
        }
      ]
    },
    {
      "nodeid": "tests/test_ask_stories.py",
      "outcome": "passed",
      "result": [
        {
          "nodeid": "tests/test_ask_stories.py::TestAskStories",
          "type": "UnitTestCase"
        }
      ]
    },
    {
      "nodeid": "tests/test_get_all.py::TestAll",
      "outcome": "passed",
      "result": [
        {
          "nodeid": "tests/test_get_all.py::TestAll::test_get_all",
          "type": "TestCaseFunction",
          "lineno": 20
        }
      ]
    },
    {
      "nodeid": "tests/test_get_all.py",
      "outcome": "passed",
      "result": [
        {
          "nodeid": "tests/test_get_all.py::TestAll",
          "type": "UnitTestCase"
        }
      ]
    },
    {
      "nodeid": "tests/test_get_async.py::TestGetAsync",
      "outcome": "passed",
      "result": [
        {
          "nodeid": "tests/test_get_async.py::TestGetAsync::test_get_async",
          "type": "TestCaseFunction",
          "lineno": 41
        },
        {
          "nodeid": "tests/test_get_async.py::TestGetAsync::test_get_async_error",
          "type": "TestCaseFunction",
          "lineno": 46
        }
      ]
    },
    {
      "nodeid": "tests/test_get_async.py",
      "outcome": "passed",
      "result": [
        {
          "nodeid": "tests/test_get_async.py::TestGetAsync",
          "type": "UnitTestCase"
        }
      ]
    },
    {
      "nodeid": "tests/test_get_item.py::TestGetItem",
      "outcome": "passed",
      "result": [
        {
          "nodeid": "tests/test_get_item.py::TestGetItem::test_get_item",
          "type": "TestCaseFunction",
          "lineno": 45
        },
        {
          "nodeid": "tests/test_get_item.py::TestGetItem::test_get_item_expand",
          "type": "TestCaseFunction",
          "lineno": 59
        },
        {
          "nodeid": "tests/test_get_item.py::TestGetItem::test_invalid_item",
          "type": "TestCaseFunction",
          "lineno": 56
        }
      ]
    },
    {
      "nodeid": "tests/test_get_item.py",
      "outcome": "passed",
      "result": [
        {
          "nodeid": "tests/test_get_item.py::TestGetItem",
          "type": "UnitTestCase"
        }
      ]
    },
    {
      "nodeid": "tests/test_get_items_by_ids.py::TestGetItemsByIDs",
      "outcome": "passed",
      "result": [
        {
          "nodeid": "tests/test_get_items_by_ids.py::TestGetItemsByIDs::test_get_items_by_ids",
          "type": "TestCaseFunction",
          "lineno": 46
        },
        {
          "nodeid": "tests/test_get_items_by_ids.py::TestGetItemsByIDs::test_get_items_by_ids_filtered",
          "type": "TestCaseFunction",
          "lineno": 52
        }
      ]
    },
    {
      "nodeid": "tests/test_get_items_by_ids.py",
      "outcome": "passed",
      "result": [
        {
          "nodeid": "tests/test_get_items_by_ids.py::TestGetItemsByIDs",
          "type": "UnitTestCase"
        }
      ]
    },
    {
      "nodeid": "tests/test_get_last.py::TestGetLast",
      "outcome": "passed",
      "result": [
        {
          "nodeid": "tests/test_get_last.py::TestGetLast::test_get_item",
          "type": "TestCaseFunction",
          "lineno": 23
        }
      ]
    },
    {
      "nodeid": "tests/test_get_last.py",
      "outcome": "passed",
      "result": [
        {
          "nodeid": "tests/test_get_last.py::TestGetLast",
          "type": "UnitTestCase"
        }
      ]
    },
    {
      "nodeid": "tests/test_get_max_item.py::TestGetMaxItem",
      "outcome": "passed",
      "result": [
        {
          "nodeid": "tests/test_get_max_item.py::TestGetMaxItem::test_get_max_item",
          "type": "TestCaseFunction",
          "lineno": 53
        },
        {
          "nodeid": "tests/test_get_max_item.py::TestGetMaxItem::test_get_max_item_expand",
          "type": "TestCaseFunction",
          "lineno": 57
        }
      ]
    },
    {
      "nodeid": "tests/test_get_max_item.py",
      "outcome": "passed",
      "result": [
        {
          "nodeid": "tests/test_get_max_item.py::TestGetMaxItem",
          "type": "UnitTestCase"
        }
      ]
    },
    {
      "nodeid": "tests/test_get_sync.py::TestGetSync",
      "outcome": "passed",
      "result": [
        {
          "nodeid": "tests/test_get_sync.py::TestGetSync::test_get_sync",
          "type": "TestCaseFunction",
          "lineno": 36
        },
        {
          "nodeid": "tests/test_get_sync.py::TestGetSync::test_get_sync_error",
          "type": "TestCaseFunction",
          "lineno": 41
        }
      ]
    },
    {
      "nodeid": "tests/test_get_sync.py",
      "outcome": "passed",
      "result": [
        {
          "nodeid": "tests/test_get_sync.py::TestGetSync",
          "type": "UnitTestCase"
        }
      ]
    },
    {
      "nodeid": "tests/test_get_user.py::TestGetUser",
      "outcome": "passed",
      "result": [
        {
          "nodeid": "tests/test_get_user.py::TestGetUser::test_get_invalid_user",
          "type": "TestCaseFunction",
          "lineno": 56
        },
        {
          "nodeid": "tests/test_get_user.py::TestGetUser::test_get_user",
          "type": "TestCaseFunction",
          "lineno": 48
        },
        {
          "nodeid": "tests/test_get_user.py::TestGetUser::test_get_user_expand",
          "type": "TestCaseFunction",
          "lineno": 59
        }
      ]
    },
    {
      "nodeid": "tests/test_get_user.py",
      "outcome": "passed",
      "result": [
        {
          "nodeid": "tests/test_get_user.py::TestGetUser",
          "type": "UnitTestCase"
        }
      ]
    },
    {
      "nodeid": "tests/test_get_users_by_ids.py::TestGetUsersByIDs",
      "outcome": "passed",
      "result": [
        {
          "nodeid": "tests/test_get_users_by_ids.py::TestGetUsersByIDs::test_get_users_by_ids",
          "type": "TestCaseFunction",
          "lineno": 23
        }
      ]
    },
    {
      "nodeid": "tests/test_get_users_by_ids.py",
      "outcome": "passed",
      "result": [
        {
          "nodeid": "tests/test_get_users_by_ids.py::TestGetUsersByIDs",
          "type": "UnitTestCase"
        }
      ]
    },
    {
      "nodeid": "tests/test_job_stories.py::TestJobStories",
      "outcome": "passed",
      "result": [
        {
          "nodeid": "tests/test_job_stories.py::TestJobStories::test_job_stories",
          "type": "TestCaseFunction",
          "lineno": 20
        },
        {
          "nodeid": "tests/test_job_stories.py::TestJobStories::test_job_stories_raw",
          "type": "TestCaseFunction",
          "lineno": 27
        }
      ]
    },
    {
      "nodeid": "tests/test_job_stories.py",
      "outcome": "passed",
      "result": [
        {
          "nodeid": "tests/test_job_stories.py::TestJobStories",
          "type": "UnitTestCase"
        }
      ]
    },
    {
      "nodeid": "tests/test_new_stories.py::TestNewStories",
      "outcome": "passed",
      "result": [
        {
          "nodeid": "tests/test_new_stories.py::TestNewStories::test_new_stories",
          "type": "TestCaseFunction",
          "lineno": 21
        },
        {
          "nodeid": "tests/test_new_stories.py::TestNewStories::test_new_stories_raw",
          "type": "TestCaseFunction",
          "lineno": 27
        }
      ]
    },
    {
      "nodeid": "tests/test_new_stories.py",
      "outcome": "passed",
      "result": [
        {
          "nodeid": "tests/test_new_stories.py::TestNewStories",
          "type": "UnitTestCase"
        }
      ]
    },
    {
      "nodeid": "tests/test_show_stories.py::TestShowStories",
      "outcome": "passed",
      "result": [
        {
          "nodeid": "tests/test_show_stories.py::TestShowStories::test_show_stories",
          "type": "TestCaseFunction",
          "lineno": 61
        },
        {
          "nodeid": "tests/test_show_stories.py::TestShowStories::test_show_stories_raw",
          "type": "TestCaseFunction",
          "lineno": 67
        }
      ]
    },
    {
      "nodeid": "tests/test_show_stories.py",
      "outcome": "passed",
      "result": [
        {
          "nodeid": "tests/test_show_stories.py::TestShowStories",
          "type": "UnitTestCase"
        }
      ]
    },
    {
      "nodeid": "tests/test_top_stories.py::TestTopStories",
      "outcome": "passed",
      "result": [
        {
          "nodeid": "tests/test_top_stories.py::TestTopStories::test_top_stories",
          "type": "TestCaseFunction",
          "lineno": 40
        },
        {
          "nodeid": "tests/test_top_stories.py::TestTopStories::test_top_stories_raw",
          "type": "TestCaseFunction",
          "lineno": 46
        }
      ]
    },
    {
      "nodeid": "tests/test_top_stories.py",
      "outcome": "passed",
      "result": [
        {
          "nodeid": "tests/test_top_stories.py::TestTopStories",
          "type": "UnitTestCase"
        }
      ]
    },
    {
      "nodeid": "tests/test_updates.py::TestUpdates",
      "outcome": "passed",
      "result": [
        {
          "nodeid": "tests/test_updates.py::TestUpdates::test_top_stories",
          "type": "TestCaseFunction",
          "lineno": 37
        }
      ]
    },
    {
      "nodeid": "tests/test_updates.py",
      "outcome": "passed",
      "result": [
        {
          "nodeid": "tests/test_updates.py::TestUpdates",
          "type": "UnitTestCase"
        }
      ]
    },
    {
      "nodeid": "tests",
      "outcome": "passed",
      "result": [
        {
          "nodeid": "tests/test_api_version.py",
          "type": "Module"
        },
        {
          "nodeid": "tests/test_ask_stories.py",
          "type": "Module"
        },
        {
          "nodeid": "tests/test_get_all.py",
          "type": "Module"
        },
        {
          "nodeid": "tests/test_get_async.py",
          "type": "Module"
        },
        {
          "nodeid": "tests/test_get_item.py",
          "type": "Module"
        },
        {
          "nodeid": "tests/test_get_items_by_ids.py",
          "type": "Module"
        },
        {
          "nodeid": "tests/test_get_last.py",
          "type": "Module"
        },
        {
          "nodeid": "tests/test_get_max_item.py",
          "type": "Module"
        },
        {
          "nodeid": "tests/test_get_sync.py",
          "type": "Module"
        },
        {
          "nodeid": "tests/test_get_user.py",
          "type": "Module"
        },
        {
          "nodeid": "tests/test_get_users_by_ids.py",
          "type": "Module"
        },
        {
          "nodeid": "tests/test_job_stories.py",
          "type": "Module"
        },
        {
          "nodeid": "tests/test_new_stories.py",
          "type": "Module"
        },
        {
          "nodeid": "tests/test_show_stories.py",
          "type": "Module"
        },
        {
          "nodeid": "tests/test_top_stories.py",
          "type": "Module"
        },
        {
          "nodeid": "tests/test_updates.py",
          "type": "Module"
        }
      ]
    },
    {
      "nodeid": ".",
      "outcome": "passed",
      "result": [
        {
          "nodeid": "hackernews",
          "type": "Package"
        },
        {
          "nodeid": "tests",
          "type": "Package"
        }
      ]
    }
  ],
  "tests": [
    {
      "nodeid": "tests/test_api_version.py::TestAPIVersion::test_invalid_api_version",
      "lineno": 25,
      "outcome": "passed",
      "keywords": [
        "test_invalid_api_version",
        "TestAPIVersion",
        "test_api_version.py",
        "tests",
        "avinassh@haxor__8c0cb6be__requests__urllib3",
        ""
      ],
      "setup": {
        "outcome": "passed"
      },
      "call": {
        "outcome": "passed"
      },
      "teardown": {
        "outcome": "passed"
      }
    },
    {
      "nodeid": "tests/test_api_version.py::TestAPIVersion::test_valid_api_version_1",
      "lineno": 17,
      "outcome": "passed",
      "keywords": [
        "test_valid_api_version_1",
        "TestAPIVersion",
        "test_api_version.py",
        "tests",
        "avinassh@haxor__8c0cb6be__requests__urllib3",
        ""
      ],
      "setup": {
        "outcome": "passed"
      },
      "call": {
        "outcome": "passed"
      },
      "teardown": {
        "outcome": "passed"
      }
    },
    {
      "nodeid": "tests/test_api_version.py::TestAPIVersion::test_valid_api_version_2",
      "lineno": 21,
      "outcome": "passed",
      "keywords": [
        "test_valid_api_version_2",
        "TestAPIVersion",
        "test_api_version.py",
        "tests",
        "avinassh@haxor__8c0cb6be__requests__urllib3",
        ""
      ],
      "setup": {
        "outcome": "passed"
      },
      "call": {
        "outcome": "passed"
      },
      "teardown": {
        "outcome": "passed"
      }
    },
    {
      "nodeid": "tests/test_ask_stories.py::TestAskStories::test_ask_stories",
      "lineno": 53,
      "outcome": "passed",
      "keywords": [
        "test_ask_stories",
        "TestAskStories",
        "test_ask_stories.py",
        "tests",
        "avinassh@haxor__8c0cb6be__requests__urllib3",
        ""
      ],
      "setup": {
        "outcome": "passed"
      },
      "call": {
        "outcome": "passed"
      },
      "teardown": {
        "outcome": "passed"
      }
    },
    {
      "nodeid": "tests/test_ask_stories.py::TestAskStories::test_ask_stories_raw",
      "lineno": 59,
      "outcome": "failed",
      "keywords": [
        "test_ask_stories_raw",
        "TestAskStories",
        "test_ask_stories.py",
        "tests",
        "avinassh@haxor__8c0cb6be__requests__urllib3",
        ""
      ],
      "setup": {
        "outcome": "passed"
      },
      "call": {
        "outcome": "failed",
        "crash": {
          "path": "C:\\Users\\Mohay\\AppData\\Local\\Programs\\Python\\Python312\\Lib\\unittest\\case.py",
          "lineno": 715,
          "message": "AssertionError: 43761515 is not an instance of <class 'str'>"
        },
        "traceback": [
          {
            "path": "tests\\test_ask_stories.py",
            "lineno": 63,
            "message": "AssertionError"
          }
        ],
        "longrepr": "self = <tests.test_ask_stories.TestAskStories testMethod=test_ask_stories_raw>\n\n    def test_ask_stories_raw(self):\n        ask_stories = self.hn.ask_stories(raw=True)\n        self.assertIsInstance(ask_stories, list)\n>       self.assertIsInstance(ask_stories[0], str)\nE       AssertionError: 43761515 is not an instance of <class 'str'>\n\ntests\\test_ask_stories.py:63: AssertionError"
      },
      "teardown": {
        "outcome": "passed"
      }
    },
    {
      "nodeid": "tests/test_get_all.py::TestAll::test_get_all",
      "lineno": 20,
      "outcome": "skipped",
      "keywords": [
        "test_get_all",
        "__wrapped__",
        "__unittest_skip__",
        "__unittest_skip_why__",
        "TestAll",
        "test_get_all.py",
        "tests",
        "avinassh@haxor__8c0cb6be__requests__urllib3",
        ""
      ],
      "setup": {
        "outcome": "passed"
      },
      "call": {
        "outcome": "skipped",
        "longrepr": "('D:\\\\repos\\\\avinassh@haxor__8c0cb6be__requests__urllib3\\\\tests\\\\test_get_all.py', 21, 'Skipped: Skip for timeout issue due to long runtime')"
      },
      "teardown": {
        "outcome": "passed"
      }
    },
    {
      "nodeid": "tests/test_get_async.py::TestGetAsync::test_get_async",
      "lineno": 41,
      "outcome": "passed",
      "keywords": [
        "test_get_async",
        "TestGetAsync",
        "test_get_async.py",
        "tests",
        "avinassh@haxor__8c0cb6be__requests__urllib3",
        ""
      ],
      "setup": {
        "outcome": "passed"
      },
      "call": {
        "outcome": "passed"
      },
      "teardown": {
        "outcome": "passed"
      }
    },
    {
      "nodeid": "tests/test_get_async.py::TestGetAsync::test_get_async_error",
      "lineno": 46,
      "outcome": "passed",
      "keywords": [
        "test_get_async_error",
        "TestGetAsync",
        "test_get_async.py",
        "tests",
        "avinassh@haxor__8c0cb6be__requests__urllib3",
        ""
      ],
      "setup": {
        "outcome": "passed"
      },
      "call": {
        "outcome": "passed"
      },
      "teardown": {
        "outcome": "passed"
      }
    },
    {
      "nodeid": "tests/test_get_item.py::TestGetItem::test_get_item",
      "lineno": 45,
      "outcome": "passed",
      "keywords": [
        "test_get_item",
        "TestGetItem",
        "test_get_item.py",
        "tests",
        "avinassh@haxor__8c0cb6be__requests__urllib3",
        ""
      ],
      "setup": {
        "outcome": "passed"
      },
      "call": {
        "outcome": "passed"
      },
      "teardown": {
        "outcome": "passed"
      }
    },
    {
      "nodeid": "tests/test_get_item.py::TestGetItem::test_get_item_expand",
      "lineno": 59,
      "outcome": "failed",
      "keywords": [
        "test_get_item_expand",
        "TestGetItem",
        "test_get_item.py",
        "tests",
        "avinassh@haxor__8c0cb6be__requests__urllib3",
        ""
      ],
      "setup": {
        "outcome": "passed"
      },
      "call": {
        "outcome": "failed",
        "crash": {
          "path": "C:\\Users\\Mohay\\AppData\\Local\\Programs\\Python\\Python312\\Lib\\unittest\\case.py",
          "lineno": 715,
          "message": "AssertionError: 'dhouston' is not an instance of <class 'hackernews.User'>"
        },
        "traceback": [
          {
            "path": "tests\\test_get_item.py",
            "lineno": 64,
            "message": "AssertionError"
          }
        ],
        "longrepr": "self = <tests.test_get_item.TestGetItem testMethod=test_get_item_expand>\n\n    def test_get_item_expand(self):\n        item = self.hn.get_item(8863, expand=True)\n        self.assertIsInstance(item, Item)\n        self.assertEqual(item.item_id, 8863)\n>       self.assertIsInstance(item.by, User)\nE       AssertionError: 'dhouston' is not an instance of <class 'hackernews.User'>\n\ntests\\test_get_item.py:64: AssertionError"
      },
      "teardown": {
        "outcome": "passed"
      }
    },
    {
      "nodeid": "tests/test_get_item.py::TestGetItem::test_invalid_item",
      "lineno": 56,
      "outcome": "passed",
      "keywords": [
        "test_invalid_item",
        "TestGetItem",
        "test_get_item.py",
        "tests",
        "avinassh@haxor__8c0cb6be__requests__urllib3",
        ""
      ],
      "setup": {
        "outcome": "passed"
      },
      "call": {
        "outcome": "passed"
      },
      "teardown": {
        "outcome": "passed"
      }
    },
    {
      "nodeid": "tests/test_get_items_by_ids.py::TestGetItemsByIDs::test_get_items_by_ids",
      "lineno": 46,
      "outcome": "passed",
      "keywords": [
        "test_get_items_by_ids",
        "TestGetItemsByIDs",
        "test_get_items_by_ids.py",
        "tests",
        "avinassh@haxor__8c0cb6be__requests__urllib3",
        ""
      ],
      "setup": {
        "outcome": "passed"
      },
      "call": {
        "outcome": "passed"
      },
      "teardown": {
        "outcome": "passed"
      }
    },
    {
      "nodeid": "tests/test_get_items_by_ids.py::TestGetItemsByIDs::test_get_items_by_ids_filtered",
      "lineno": 52,
      "outcome": "passed",
      "keywords": [
        "test_get_items_by_ids_filtered",
        "TestGetItemsByIDs",
        "test_get_items_by_ids.py",
        "tests",
        "avinassh@haxor__8c0cb6be__requests__urllib3",
        ""
      ],
      "setup": {
        "outcome": "passed"
      },
      "call": {
        "outcome": "passed"
      },
      "teardown": {
        "outcome": "passed"
      }
    },
    {
      "nodeid": "tests/test_get_last.py::TestGetLast::test_get_item",
      "lineno": 23,
      "outcome": "passed",
      "keywords": [
        "test_get_item",
        "TestGetLast",
        "test_get_last.py",
        "tests",
        "avinassh@haxor__8c0cb6be__requests__urllib3",
        ""
      ],
      "setup": {
        "outcome": "passed"
      },
      "call": {
        "outcome": "passed"
      },
      "teardown": {
        "outcome": "passed"
      }
    },
    {
      "nodeid": "tests/test_get_max_item.py::TestGetMaxItem::test_get_max_item",
      "lineno": 53,
      "outcome": "passed",
      "keywords": [
        "test_get_max_item",
        "TestGetMaxItem",
        "test_get_max_item.py",
        "tests",
        "avinassh@haxor__8c0cb6be__requests__urllib3",
        ""
      ],
      "setup": {
        "outcome": "passed"
      },
      "call": {
        "outcome": "passed"
      },
      "teardown": {
        "outcome": "passed"
      }
    },
    {
      "nodeid": "tests/test_get_max_item.py::TestGetMaxItem::test_get_max_item_expand",
      "lineno": 57,
      "outcome": "failed",
      "keywords": [
        "test_get_max_item_expand",
        "TestGetMaxItem",
        "test_get_max_item.py",
        "tests",
        "avinassh@haxor__8c0cb6be__requests__urllib3",
        ""
      ],
      "setup": {
        "outcome": "passed"
      },
      "call": {
        "outcome": "failed",
        "crash": {
          "path": "D:\\repos\\avinassh@haxor__8c0cb6be__requests__urllib3\\hackernews\\__init__.py",
          "lineno": 435,
          "message": "AttributeError: 'str' object has no attribute 'get'"
        },
        "traceback": [
          {
            "path": "tests\\test_get_max_item.py",
            "lineno": 59,
            "message": ""
          },
          {
            "path": "tests\\test_get_max_item.py",
            "lineno": 30,
            "message": "in get_max_item"
          },
          {
            "path": "tests\\test_get_max_item.py",
            "lineno": 41,
            "message": "in get_item"
          },
          {
            "path": "hackernews\\__init__.py",
            "lineno": 435,
            "message": "AttributeError"
          }
        ],
        "longrepr": "self = <tests.test_get_max_item.TestGetMaxItem testMethod=test_get_max_item_expand>\n\n    def test_get_max_item_expand(self):\n>       max_item = self.hn.get_max_item(expand=True)\n\ntests\\test_get_max_item.py:59: \n_ _ _ _ _ _ _ _ _ _ _ _ _ _ _ _ _ _ _ _ _ _ _ _ _ _ _ _ _ _ _ _ _ _ _ _ _ _ _ _\ntests\\test_get_max_item.py:30: in get_max_item\n    return self.get_item(max_item_id)\ntests\\test_get_max_item.py:41: in get_item\n    return Item(item_data)  # Assuming Item is a class that processes item data\n_ _ _ _ _ _ _ _ _ _ _ _ _ _ _ _ _ _ _ _ _ _ _ _ _ _ _ _ _ _ _ _ _ _ _ _ _ _ _ _\n\nself = <[AttributeError(\"'Item' object has no attribute 'item_id'\") raised in repr()] Item object at 0x216aee53f50>\ndata = '{\"by\":\"charlieyu1\",\"id\":43762454,\"parent\":43760977,\"text\":\"What\u2019s the purpose of quantum computing other than solving discrete logarithm or factorisation? Doesn\u2019t seem very promising at the moment\",\"time\":1745331277,\"type\":\"comment\"}'\n\n    def __init__(self, data):\n>       self.item_id = data.get('id')\nE       AttributeError: 'str' object has no attribute 'get'\n\nhackernews\\__init__.py:435: AttributeError"
      },
      "teardown": {
        "outcome": "passed"
      }
    },
    {
      "nodeid": "tests/test_get_sync.py::TestGetSync::test_get_sync",
      "lineno": 36,
      "outcome": "passed",
      "keywords": [
        "test_get_sync",
        "TestGetSync",
        "test_get_sync.py",
        "tests",
        "avinassh@haxor__8c0cb6be__requests__urllib3",
        ""
      ],
      "setup": {
        "outcome": "passed"
      },
      "call": {
        "outcome": "passed"
      },
      "teardown": {
        "outcome": "passed"
      }
    },
    {
      "nodeid": "tests/test_get_sync.py::TestGetSync::test_get_sync_error",
      "lineno": 41,
      "outcome": "passed",
      "keywords": [
        "test_get_sync_error",
        "TestGetSync",
        "test_get_sync.py",
        "tests",
        "avinassh@haxor__8c0cb6be__requests__urllib3",
        ""
      ],
      "setup": {
        "outcome": "passed"
      },
      "call": {
        "outcome": "passed"
      },
      "teardown": {
        "outcome": "passed"
      }
    },
    {
      "nodeid": "tests/test_get_user.py::TestGetUser::test_get_invalid_user",
      "lineno": 56,
      "outcome": "failed",
      "keywords": [
        "test_get_invalid_user",
        "TestGetUser",
        "test_get_user.py",
        "tests",
        "avinassh@haxor__8c0cb6be__requests__urllib3",
        ""
      ],
      "setup": {
        "outcome": "passed"
      },
      "call": {
        "outcome": "failed",
        "crash": {
          "path": "D:\\repos\\avinassh@haxor__8c0cb6be__requests__urllib3\\hackernews\\__init__.py",
          "lineno": 467,
          "message": "AttributeError: 'str' object has no attribute 'get'"
        },
        "traceback": [
          {
            "path": "tests\\test_get_user.py",
            "lineno": 58,
            "message": ""
          },
          {
            "path": "tests\\test_get_user.py",
            "lineno": 35,
            "message": "in get_user"
          },
          {
            "path": "hackernews\\__init__.py",
            "lineno": 467,
            "message": "AttributeError"
          }
        ],
        "longrepr": "self = <tests.test_get_user.TestGetUser testMethod=test_get_invalid_user>\n\n    def test_get_invalid_user(self):\n>       self.assertRaises(InvalidUserID, self.hn.get_user, 'a')\n\ntests\\test_get_user.py:58: \n_ _ _ _ _ _ _ _ _ _ _ _ _ _ _ _ _ _ _ _ _ _ _ _ _ _ _ _ _ _ _ _ _ _ _ _ _ _ _ _\ntests\\test_get_user.py:35: in get_user\n    user = User(user_data)\n_ _ _ _ _ _ _ _ _ _ _ _ _ _ _ _ _ _ _ _ _ _ _ _ _ _ _ _ _ _ _ _ _ _ _ _ _ _ _ _\n\n    def __init__(self, data):\n>       self.user_id = data.get('id')\nE       AttributeError: 'str' object has no attribute 'get'\n\nhackernews\\__init__.py:467: AttributeError"
      },
      "teardown": {
        "outcome": "passed"
      }
    },
    {
      "nodeid": "tests/test_get_user.py::TestGetUser::test_get_user",
      "lineno": 48,
      "outcome": "failed",
      "keywords": [
        "test_get_user",
        "TestGetUser",
        "test_get_user.py",
        "tests",
        "avinassh@haxor__8c0cb6be__requests__urllib3",
        ""
      ],
      "setup": {
        "outcome": "passed"
      },
      "call": {
        "outcome": "failed",
        "crash": {
          "path": "D:\\repos\\avinassh@haxor__8c0cb6be__requests__urllib3\\hackernews\\__init__.py",
          "lineno": 467,
          "message": "AttributeError: 'str' object has no attribute 'get'"
        },
        "traceback": [
          {
            "path": "tests\\test_get_user.py",
            "lineno": 50,
            "message": ""
          },
          {
            "path": "tests\\test_get_user.py",
            "lineno": 35,
            "message": "in get_user"
          },
          {
            "path": "hackernews\\__init__.py",
            "lineno": 467,
            "message": "AttributeError"
          }
        ],
        "longrepr": "self = <tests.test_get_user.TestGetUser testMethod=test_get_user>\n\n    def test_get_user(self):\n>       user = self.hn.get_user('pg')\n\ntests\\test_get_user.py:50: \n_ _ _ _ _ _ _ _ _ _ _ _ _ _ _ _ _ _ _ _ _ _ _ _ _ _ _ _ _ _ _ _ _ _ _ _ _ _ _ _\ntests\\test_get_user.py:35: in get_user\n    user = User(user_data)\n_ _ _ _ _ _ _ _ _ _ _ _ _ _ _ _ _ _ _ _ _ _ _ _ _ _ _ _ _ _ _ _ _ _ _ _ _ _ _ _\n\nself = <[AttributeError(\"'User' object has no attribute 'user_id'\") raised in repr()] User object at 0x216aee7f0b0>\ndata = '{\"about\":\"Bug fixer.\",\"created\":1160418092,\"id\":\"pg\",\"karma\":157316,\"submitted\":[39667625,37278578,37278345,35172415,...,446,445,438,423,416,367,363,362,360,358,189,188,125,121,101,99,80,66,64,62,56,50,49,40,36,34,31,22,20,19,17,16,14,1]}'\n\n    def __init__(self, data):\n>       self.user_id = data.get('id')\nE       AttributeError: 'str' object has no attribute 'get'\n\nhackernews\\__init__.py:467: AttributeError"
      },
      "teardown": {
        "outcome": "passed"
      }
    },
    {
      "nodeid": "tests/test_get_user.py::TestGetUser::test_get_user_expand",
      "lineno": 59,
      "outcome": "failed",
      "keywords": [
        "test_get_user_expand",
        "TestGetUser",
        "test_get_user.py",
        "tests",
        "avinassh@haxor__8c0cb6be__requests__urllib3",
        ""
      ],
      "setup": {
        "outcome": "passed"
      },
      "call": {
        "outcome": "failed",
        "crash": {
          "path": "D:\\repos\\avinassh@haxor__8c0cb6be__requests__urllib3\\hackernews\\__init__.py",
          "lineno": 467,
          "message": "AttributeError: 'str' object has no attribute 'get'"
        },
        "traceback": [
          {
            "path": "tests\\test_get_user.py",
            "lineno": 61,
            "message": ""
          },
          {
            "path": "tests\\test_get_user.py",
            "lineno": 35,
            "message": "in get_user"
          },
          {
            "path": "hackernews\\__init__.py",
            "lineno": 467,
            "message": "AttributeError"
          }
        ],
        "longrepr": "self = <tests.test_get_user.TestGetUser testMethod=test_get_user_expand>\n\n    def test_get_user_expand(self):\n>       user = self.hn.get_user('avinassh', expand=True)\n\ntests\\test_get_user.py:61: \n_ _ _ _ _ _ _ _ _ _ _ _ _ _ _ _ _ _ _ _ _ _ _ _ _ _ _ _ _ _ _ _ _ _ _ _ _ _ _ _\ntests\\test_get_user.py:35: in get_user\n    user = User(user_data)\n_ _ _ _ _ _ _ _ _ _ _ _ _ _ _ _ _ _ _ _ _ _ _ _ _ _ _ _ _ _ _ _ _ _ _ _ _ _ _ _\n\nself = <[AttributeError(\"'User' object has no attribute 'user_id'\") raised in repr()] User object at 0x216aeecc0e0>\ndata = '{\"about\":\"I am learning to build Databases.<p>CaskDB - https:&#x2F;&#x2F;github.com&#x2F;avinassh&#x2F;py-caskdb<p>Bl...0987,8297152,8291192,8291189,8291187,8289792,8289573,8289564,8289063,8285180,8285168,8274740,8262494,8262180,8261951]}'\n\n    def __init__(self, data):\n>       self.user_id = data.get('id')\nE       AttributeError: 'str' object has no attribute 'get'\n\nhackernews\\__init__.py:467: AttributeError"
      },
      "teardown": {
        "outcome": "passed"
      }
    },
    {
      "nodeid": "tests/test_get_users_by_ids.py::TestGetUsersByIDs::test_get_users_by_ids",
      "lineno": 23,
      "outcome": "passed",
      "keywords": [
        "test_get_users_by_ids",
        "TestGetUsersByIDs",
        "test_get_users_by_ids.py",
        "tests",
        "avinassh@haxor__8c0cb6be__requests__urllib3",
        ""
      ],
      "setup": {
        "outcome": "passed"
      },
      "call": {
        "outcome": "passed"
      },
      "teardown": {
        "outcome": "passed"
      }
    },
    {
      "nodeid": "tests/test_job_stories.py::TestJobStories::test_job_stories",
      "lineno": 20,
      "outcome": "failed",
      "keywords": [
        "test_job_stories",
        "TestJobStories",
        "test_job_stories.py",
        "tests",
        "avinassh@haxor__8c0cb6be__requests__urllib3",
        ""
      ],
      "setup": {
        "outcome": "passed"
      },
      "call": {
        "outcome": "failed",
        "crash": {
          "path": "D:\\repos\\avinassh@haxor__8c0cb6be__requests__urllib3\\tests\\test_job_stories.py",
          "lineno": 37,
          "message": "AttributeError: 'HackerNews' object has no attribute 'session'"
        },
        "traceback": [
          {
            "path": "tests\\test_job_stories.py",
            "lineno": 37,
            "message": "AttributeError"
          }
        ],
        "longrepr": "self = <tests.test_job_stories.TestJobStories testMethod=test_job_stories>\n\n    def tearDown(self):\n        # Close the urllib3 PoolManager instance\n>       self.hn.session.close()\nE       AttributeError: 'HackerNews' object has no attribute 'session'\n\ntests\\test_job_stories.py:37: AttributeError"
      },
      "teardown": {
        "outcome": "passed"
      }
    },
    {
      "nodeid": "tests/test_job_stories.py::TestJobStories::test_job_stories_raw",
      "lineno": 27,
      "outcome": "failed",
      "keywords": [
        "test_job_stories_raw",
        "TestJobStories",
        "test_job_stories.py",
        "tests",
        "avinassh@haxor__8c0cb6be__requests__urllib3",
        ""
      ],
      "setup": {
        "outcome": "passed"
      },
      "call": {
        "outcome": "failed",
        "crash": {
          "path": "D:\\repos\\avinassh@haxor__8c0cb6be__requests__urllib3\\tests\\test_job_stories.py",
          "lineno": 37,
          "message": "AttributeError: 'HackerNews' object has no attribute 'session'"
        },
        "traceback": [
          {
            "path": "tests\\test_job_stories.py",
            "lineno": 37,
            "message": "AttributeError"
          }
        ],
        "longrepr": "self = <tests.test_job_stories.TestJobStories testMethod=test_job_stories_raw>\n\n    def tearDown(self):\n        # Close the urllib3 PoolManager instance\n>       self.hn.session.close()\nE       AttributeError: 'HackerNews' object has no attribute 'session'\n\ntests\\test_job_stories.py:37: AttributeError"
      },
      "teardown": {
        "outcome": "passed"
      }
    },
    {
      "nodeid": "tests/test_new_stories.py::TestNewStories::test_new_stories",
      "lineno": 21,
      "outcome": "failed",
      "keywords": [
        "test_new_stories",
        "TestNewStories",
        "test_new_stories.py",
        "tests",
        "avinassh@haxor__8c0cb6be__requests__urllib3",
        ""
      ],
      "setup": {
        "outcome": "passed"
      },
      "call": {
        "outcome": "failed",
        "crash": {
          "path": "D:\\repos\\avinassh@haxor__8c0cb6be__requests__urllib3\\tests\\test_new_stories.py",
          "lineno": 36,
          "message": "AttributeError: 'HackerNews' object has no attribute 'session'"
        },
        "traceback": [
          {
            "path": "tests\\test_new_stories.py",
            "lineno": 36,
            "message": "AttributeError"
          }
        ],
        "longrepr": "self = <tests.test_new_stories.TestNewStories testMethod=test_new_stories>\n\n    def tearDown(self):\n        # Close the urllib3 PoolManager session\n>       self.hn.session.close()\nE       AttributeError: 'HackerNews' object has no attribute 'session'\n\ntests\\test_new_stories.py:36: AttributeError"
      },
      "teardown": {
        "outcome": "passed"
      }
    },
    {
      "nodeid": "tests/test_new_stories.py::TestNewStories::test_new_stories_raw",
      "lineno": 27,
      "outcome": "failed",
      "keywords": [
        "test_new_stories_raw",
        "TestNewStories",
        "test_new_stories.py",
        "tests",
        "avinassh@haxor__8c0cb6be__requests__urllib3",
        ""
      ],
      "setup": {
        "outcome": "passed"
      },
      "call": {
        "outcome": "failed",
        "crash": {
          "path": "D:\\repos\\avinassh@haxor__8c0cb6be__requests__urllib3\\tests\\test_new_stories.py",
          "lineno": 36,
          "message": "AttributeError: 'HackerNews' object has no attribute 'session'"
        },
        "traceback": [
          {
            "path": "tests\\test_new_stories.py",
            "lineno": 36,
            "message": "AttributeError"
          }
        ],
        "longrepr": "self = <tests.test_new_stories.TestNewStories testMethod=test_new_stories_raw>\n\n    def tearDown(self):\n        # Close the urllib3 PoolManager session\n>       self.hn.session.close()\nE       AttributeError: 'HackerNews' object has no attribute 'session'\n\ntests\\test_new_stories.py:36: AttributeError"
      },
      "teardown": {
        "outcome": "passed"
      }
    },
    {
      "nodeid": "tests/test_show_stories.py::TestShowStories::test_show_stories",
      "lineno": 61,
      "outcome": "passed",
      "keywords": [
        "test_show_stories",
        "TestShowStories",
        "test_show_stories.py",
        "tests",
        "avinassh@haxor__8c0cb6be__requests__urllib3",
        ""
      ],
      "setup": {
        "outcome": "passed"
      },
      "call": {
        "outcome": "passed"
      },
      "teardown": {
        "outcome": "passed"
      }
    },
    {
      "nodeid": "tests/test_show_stories.py::TestShowStories::test_show_stories_raw",
      "lineno": 67,
      "outcome": "passed",
      "keywords": [
        "test_show_stories_raw",
        "TestShowStories",
        "test_show_stories.py",
        "tests",
        "avinassh@haxor__8c0cb6be__requests__urllib3",
        ""
      ],
      "setup": {
        "outcome": "passed"
      },
      "call": {
        "outcome": "passed"
      },
      "teardown": {
        "outcome": "passed"
      }
    },
    {
      "nodeid": "tests/test_top_stories.py::TestTopStories::test_top_stories",
      "lineno": 40,
      "outcome": "failed",
      "keywords": [
        "test_top_stories",
        "TestTopStories",
        "test_top_stories.py",
        "tests",
        "avinassh@haxor__8c0cb6be__requests__urllib3",
        ""
      ],
      "setup": {
        "outcome": "passed"
      },
      "call": {
        "outcome": "failed",
        "crash": {
          "path": "D:\\repos\\avinassh@haxor__8c0cb6be__requests__urllib3\\hackernews\\__init__.py",
          "lineno": 435,
          "message": "AttributeError: 'int' object has no attribute 'get'"
        },
        "traceback": [
          {
            "path": "tests\\test_top_stories.py",
            "lineno": 42,
            "message": ""
          },
          {
            "path": "tests\\test_top_stories.py",
            "lineno": 33,
            "message": "in top_stories"
          },
          {
            "path": "hackernews\\__init__.py",
            "lineno": 435,
            "message": "AttributeError"
          }
        ],
        "longrepr": "self = <tests.test_top_stories.TestTopStories testMethod=test_top_stories>\n\n    def test_top_stories(self):\n>       top_stories = self.hn.top_stories(limit=10)\n\ntests\\test_top_stories.py:42: \n_ _ _ _ _ _ _ _ _ _ _ _ _ _ _ _ _ _ _ _ _ _ _ _ _ _ _ _ _ _ _ _ _ _ _ _ _ _ _ _\ntests\\test_top_stories.py:33: in top_stories\n    return [Item(item_id) for item_id in response_data]\n_ _ _ _ _ _ _ _ _ _ _ _ _ _ _ _ _ _ _ _ _ _ _ _ _ _ _ _ _ _ _ _ _ _ _ _ _ _ _ _\n\nself = <[AttributeError(\"'Item' object has no attribute 'item_id'\") raised in repr()] Item object at 0x216b04be000>\ndata = 43761998\n\n    def __init__(self, data):\n>       self.item_id = data.get('id')\nE       AttributeError: 'int' object has no attribute 'get'\n\nhackernews\\__init__.py:435: AttributeError"
      },
      "teardown": {
        "outcome": "passed"
      }
    },
    {
      "nodeid": "tests/test_top_stories.py::TestTopStories::test_top_stories_raw",
      "lineno": 46,
      "outcome": "passed",
      "keywords": [
        "test_top_stories_raw",
        "TestTopStories",
        "test_top_stories.py",
        "tests",
        "avinassh@haxor__8c0cb6be__requests__urllib3",
        ""
      ],
      "setup": {
        "outcome": "passed"
      },
      "call": {
        "outcome": "passed"
      },
      "teardown": {
        "outcome": "passed"
      }
    },
    {
      "nodeid": "tests/test_updates.py::TestUpdates::test_top_stories",
      "lineno": 37,
      "outcome": "passed",
      "keywords": [
        "test_top_stories",
        "TestUpdates",
        "test_updates.py",
        "tests",
        "avinassh@haxor__8c0cb6be__requests__urllib3",
        ""
      ],
      "setup": {
        "outcome": "passed"
      },
      "call": {
        "outcome": "passed"
      },
      "teardown": {
        "outcome": "passed"
      }
    }
  ],
  "warnings": [
    {
      "message": "There is no current event loop",
      "category": "DeprecationWarning",
      "when": "runtest",
      "filename": "D:\\repos\\avinassh@haxor__8c0cb6be__requests__urllib3\\hackernews\\__init__.py",
      "lineno": 139
    }
  ]
}