{
  "exitcode": 1,
  "summary": {
    "failed": 2,
    "passed": 8,
    "total": 10,
    "collected": 10
  },
  "collectors": [
    {
      "nodeid": "",
      "outcome": "passed",
      "result": [
        {
          "nodeid": "app/__init__.py",
          "type": "Package"
        },
        {
          "nodeid": "app/models/__init__.py",
          "type": "Package"
        },
        {
          "nodeid": "app/services/__init__.py",
          "type": "Package"
        },
        {
          "nodeid": "app/utils/__init__.py",
          "type": "Package"
        },
        {
          "nodeid": "config/__init__.py",
          "type": "Package"
        },
        {
          "nodeid": "tests/__init__.py",
          "type": "Package"
        },
        {
          "nodeid": "tests/fixtures/__init__.py",
          "type": "Package"
        },
        {
          "nodeid": "tests/test_utils/__init__.py",
          "type": "Package"
        }
      ]
    },
    {
      "nodeid": "app/__init__.py",
      "outcome": "passed",
      "result": []
    },
    {
      "nodeid": "app/models/__init__.py",
      "outcome": "passed",
      "result": []
    },
    {
      "nodeid": "app/services/__init__.py",
      "outcome": "passed",
      "result": []
    },
    {
      "nodeid": "app/utils/__init__.py",
      "outcome": "passed",
      "result": []
    },
    {
      "nodeid": "config/__init__.py",
      "outcome": "passed",
      "result": []
    },
    {
      "nodeid": "tests/__init__.py",
      "outcome": "passed",
      "result": []
    },
    {
      "nodeid": "tests/fixtures/__init__.py",
      "outcome": "passed",
      "result": []
    },
    {
      "nodeid": "tests/test_utils/test_cf_request_handler.py::TestCFReqHandler",
      "outcome": "passed",
      "result": [
        {
          "nodeid": "tests/test_utils/test_cf_request_handler.py::TestCFReqHandler::test_make_request",
          "type": "Function",
          "lineno": 9
        },
        {
          "nodeid": "tests/test_utils/test_cf_request_handler.py::TestCFReqHandler::test_make_request_invalid",
          "type": "Function",
          "lineno": 29
        }
      ]
    },
    {
      "nodeid": "tests/test_utils/test_cf_request_handler.py",
      "outcome": "passed",
      "result": [
        {
          "nodeid": "tests/test_utils/test_cf_request_handler.py::TestCFReqHandler",
          "type": "Class"
        }
      ]
    },
    {
      "nodeid": "tests/test_utils/test_cf_request_parser.py::TestCFReqParser",
      "outcome": "passed",
      "result": [
        {
          "nodeid": "tests/test_utils/test_cf_request_parser.py::TestCFReqParser::test_parse_response",
          "type": "Function",
          "lineno": 8
        }
      ]
    },
    {
      "nodeid": "tests/test_utils/test_cf_request_parser.py",
      "outcome": "passed",
      "result": [
        {
          "nodeid": "tests/test_utils/test_cf_request_parser.py::TestCFReqParser",
          "type": "Class"
        }
      ]
    },
    {
      "nodeid": "tests/test_utils/test_string_utils.py::TestAcronym",
      "outcome": "passed",
      "result": [
        {
          "nodeid": "tests/test_utils/test_string_utils.py::TestAcronym::test_acronymize",
          "type": "Function",
          "lineno": 6
        },
        {
          "nodeid": "tests/test_utils/test_string_utils.py::TestAcronym::test_acronymize_with_acronym",
          "type": "Function",
          "lineno": 14
        },
        {
          "nodeid": "tests/test_utils/test_string_utils.py::TestAcronym::test_acronymize_with_long_acc",
          "type": "Function",
          "lineno": 22
        }
      ]
    },
    {
      "nodeid": "tests/test_utils/test_string_utils.py::TestStringSlicer",
      "outcome": "passed",
      "result": [
        {
          "nodeid": "tests/test_utils/test_string_utils.py::TestStringSlicer::test_slice_with_short_name",
          "type": "Function",
          "lineno": 34
        },
        {
          "nodeid": "tests/test_utils/test_string_utils.py::TestStringSlicer::test_slice_with_long_name",
          "type": "Function",
          "lineno": 43
        },
        {
          "nodeid": "tests/test_utils/test_string_utils.py::TestStringSlicer::test_generate_appropriate_size_string",
          "type": "Function",
          "lineno": 52
        },
        {
          "nodeid": "tests/test_utils/test_string_utils.py::TestStringSlicer::test_generate_appropriate_size_string_with_long_name",
          "type": "Function",
          "lineno": 61
        }
      ]
    },
    {
      "nodeid": "tests/test_utils/test_string_utils.py",
      "outcome": "passed",
      "result": [
        {
          "nodeid": "tests/test_utils/test_string_utils.py::TestAcronym",
          "type": "Class"
        },
        {
          "nodeid": "tests/test_utils/test_string_utils.py::TestStringSlicer",
          "type": "Class"
        }
      ]
    },
    {
      "nodeid": "tests/test_utils/__init__.py",
      "outcome": "passed",
      "result": [
        {
          "nodeid": "tests/test_utils/test_cf_request_handler.py",
          "type": "Module"
        },
        {
          "nodeid": "tests/test_utils/test_cf_request_parser.py",
          "type": "Module"
        },
        {
          "nodeid": "tests/test_utils/test_string_utils.py",
          "type": "Module"
        }
      ]
    }
  ],
  "tests": [
    {
      "nodeid": "tests/test_utils/test_cf_request_handler.py::TestCFReqHandler::test_make_request",
      "lineno": 9,
      "outcome": "failed",
      "keywords": [
        "test_make_request",
        "TestCFReqHandler",
        "test_cf_request_handler.py",
        "tests/test_utils/__init__.py",
        "sudiptob2@cf-stats__ce93670b__requests__treq"
      ],
      "setup": {
        "outcome": "passed"
      },
      "call": {
        "outcome": "failed",
        "crash": {
          "path": "D:\\repos\\sudiptob2@cf-stats__ce93670b__requests__treq\\tests\\test_utils\\test_cf_request_handler.py",
          "lineno": 26,
          "message": "AssertionError: assert <class 'NoneType'> == dict\n +  where <class 'NoneType'> = type(None)\n +    where None = CFRequestHandler.user_info"
        },
        "traceback": [
          {
            "path": "tests\\test_utils\\test_cf_request_handler.py",
            "lineno": 26,
            "message": "AssertionError"
          }
        ],
        "longrepr": "self = <tests.test_utils.test_cf_request_handler.TestCFReqHandler object at 0x0000019A96B7ECC0>\nmocker = <pytest_mock.plugin.MockerFixture object at 0x0000019A96B419D0>\nuser_info = {'avatar': 'https://cdn-userpic.codeforces.com/1592/avatar/7cef566902732053.jpg', 'contribution': 1, 'firstName': 'Dmitriy', 'friendOfCount': 92, ...}\nuser_submission = [{'author': {'contestId': 1677, 'ghost': False, 'members': [{'handle': 'Fefer_Ivan'}], 'participantType': 'PRACTICE', ...}, 'contestId': 1677, 'creationTimeSeconds': 1652613839, 'id': 157298399, ...}]\nrating_changes = [{'contestId': 1, 'contestName': 'Codeforces Beta Round #1', 'handle': 'Fefer_Ivan', 'newRating': 1502, ...}, {'contes...521, ...}, {'contestId': 3, 'contestName': 'Codeforces Beta Round #3', 'handle': 'Fefer_Ivan', 'newRating': 1577, ...}]\n\n    def test_make_request(self, mocker, user_info, user_submission, rating_changes):\n        \"\"\"Tests CFRequestHandler.make_request.\"\"\"\n    \n        def fake_get_user_info():\n            CFRequestHandler.user_info = user_info\n    \n        def fake_get_user_sub():\n            CFRequestHandler.user_submission = user_submission\n    \n        def fake_rating_changes():\n            CFRequestHandler.rating_changes = rating_changes\n    \n        mocker.patch.object(CFRequestHandler, '_get_user_info', fake_get_user_info)\n        mocker.patch.object(CFRequestHandler, '_get_user_sub', fake_get_user_sub)\n        mocker.patch.object(CFRequestHandler, '_get_rating_changes', fake_rating_changes)\n        CFRequestHandler.make_request()\n>       assert type(CFRequestHandler.user_info) == dict\nE       AssertionError: assert <class 'NoneType'> == dict\nE        +  where <class 'NoneType'> = type(None)\nE        +    where None = CFRequestHandler.user_info\n\ntests\\test_utils\\test_cf_request_handler.py:26: AssertionError"
      },
      "teardown": {
        "outcome": "passed"
      }
    },
    {
      "nodeid": "tests/test_utils/test_cf_request_handler.py::TestCFReqHandler::test_make_request_invalid",
      "lineno": 29,
      "outcome": "failed",
      "keywords": [
        "test_make_request_invalid",
        "TestCFReqHandler",
        "test_cf_request_handler.py",
        "tests/test_utils/__init__.py",
        "sudiptob2@cf-stats__ce93670b__requests__treq"
      ],
      "setup": {
        "outcome": "passed"
      },
      "call": {
        "outcome": "failed",
        "crash": {
          "path": "D:\\repos\\sudiptob2@cf-stats__ce93670b__requests__treq\\tests\\test_utils\\test_cf_request_handler.py",
          "lineno": 32,
          "message": "Failed: DID NOT RAISE <class 'SystemExit'>"
        },
        "traceback": [
          {
            "path": "tests\\test_utils\\test_cf_request_handler.py",
            "lineno": 32,
            "message": "Failed"
          }
        ],
        "longrepr": "self = <tests.test_utils.test_cf_request_handler.TestCFReqHandler object at 0x0000019A96BC84A0>\n\n    def test_make_request_invalid(self):\n        \"\"\"Tests CFRequestHandler.make_request.\"\"\"\n>       with pytest.raises(SystemExit):\nE       Failed: DID NOT RAISE <class 'SystemExit'>\n\ntests\\test_utils\\test_cf_request_handler.py:32: Failed"
      },
      "teardown": {
        "outcome": "passed"
      }
    },
    {
      "nodeid": "tests/test_utils/test_cf_request_parser.py::TestCFReqParser::test_parse_response",
      "lineno": 8,
      "outcome": "passed",
      "keywords": [
        "test_parse_response",
        "TestCFReqParser",
        "test_cf_request_parser.py",
        "tests/test_utils/__init__.py",
        "sudiptob2@cf-stats__ce93670b__requests__treq"
      ],
      "setup": {
        "outcome": "passed"
      },
      "call": {
        "outcome": "passed"
      },
      "teardown": {
        "outcome": "passed"
      }
    },
    {
      "nodeid": "tests/test_utils/test_string_utils.py::TestAcronym::test_acronymize",
      "lineno": 6,
      "outcome": "passed",
      "keywords": [
        "test_acronymize",
        "TestAcronym",
        "test_string_utils.py",
        "tests/test_utils/__init__.py",
        "sudiptob2@cf-stats__ce93670b__requests__treq"
      ],
      "setup": {
        "outcome": "passed"
      },
      "call": {
        "outcome": "passed"
      },
      "teardown": {
        "outcome": "passed"
      }
    },
    {
      "nodeid": "tests/test_utils/test_string_utils.py::TestAcronym::test_acronymize_with_acronym",
      "lineno": 14,
      "outcome": "passed",
      "keywords": [
        "test_acronymize_with_acronym",
        "TestAcronym",
        "test_string_utils.py",
        "tests/test_utils/__init__.py",
        "sudiptob2@cf-stats__ce93670b__requests__treq"
      ],
      "setup": {
        "outcome": "passed"
      },
      "call": {
        "outcome": "passed"
      },
      "teardown": {
        "outcome": "passed"
      }
    },
    {
      "nodeid": "tests/test_utils/test_string_utils.py::TestAcronym::test_acronymize_with_long_acc",
      "lineno": 22,
      "outcome": "passed",
      "keywords": [
        "test_acronymize_with_long_acc",
        "TestAcronym",
        "test_string_utils.py",
        "tests/test_utils/__init__.py",
        "sudiptob2@cf-stats__ce93670b__requests__treq"
      ],
      "setup": {
        "outcome": "passed"
      },
      "call": {
        "outcome": "passed"
      },
      "teardown": {
        "outcome": "passed"
      }
    },
    {
      "nodeid": "tests/test_utils/test_string_utils.py::TestStringSlicer::test_slice_with_short_name",
      "lineno": 34,
      "outcome": "passed",
      "keywords": [
        "test_slice_with_short_name",
        "TestStringSlicer",
        "test_string_utils.py",
        "tests/test_utils/__init__.py",
        "sudiptob2@cf-stats__ce93670b__requests__treq"
      ],
      "setup": {
        "outcome": "passed"
      },
      "call": {
        "outcome": "passed"
      },
      "teardown": {
        "outcome": "passed"
      }
    },
    {
      "nodeid": "tests/test_utils/test_string_utils.py::TestStringSlicer::test_slice_with_long_name",
      "lineno": 43,
      "outcome": "passed",
      "keywords": [
        "test_slice_with_long_name",
        "TestStringSlicer",
        "test_string_utils.py",
        "tests/test_utils/__init__.py",
        "sudiptob2@cf-stats__ce93670b__requests__treq"
      ],
      "setup": {
        "outcome": "passed"
      },
      "call": {
        "outcome": "passed"
      },
      "teardown": {
        "outcome": "passed"
      }
    },
    {
      "nodeid": "tests/test_utils/test_string_utils.py::TestStringSlicer::test_generate_appropriate_size_string",
      "lineno": 52,
      "outcome": "passed",
      "keywords": [
        "test_generate_appropriate_size_string",
        "TestStringSlicer",
        "test_string_utils.py",
        "tests/test_utils/__init__.py",
        "sudiptob2@cf-stats__ce93670b__requests__treq"
      ],
      "setup": {
        "outcome": "passed"
      },
      "call": {
        "outcome": "passed"
      },
      "teardown": {
        "outcome": "passed"
      }
    },
    {
      "nodeid": "tests/test_utils/test_string_utils.py::TestStringSlicer::test_generate_appropriate_size_string_with_long_name",
      "lineno": 61,
      "outcome": "passed",
      "keywords": [
        "test_generate_appropriate_size_string_with_long_name",
        "TestStringSlicer",
        "test_string_utils.py",
        "tests/test_utils/__init__.py",
        "sudiptob2@cf-stats__ce93670b__requests__treq"
      ],
      "setup": {
        "outcome": "passed"
      },
      "call": {
        "outcome": "passed"
      },
      "teardown": {
        "outcome": "passed"
      }
    }
  ],
  "warnings": [
    {
      "message": "path is deprecated. Use files() instead. Refer to https://importlib-resources.readthedocs.io/en/latest/using.html#migrating-from-legacy for migration advice.",
      "category": "DeprecationWarning",
      "when": "collect",
      "filename": "D:\\repos\\sudiptob2@cf-stats__ce93670b__requests__treq\\.venv\\Lib\\site-packages\\certifi\\core.py",
      "lineno": 36
    },
    {
      "message": "coroutine 'CFRequestHandler.make_request' was never awaited",
      "category": "RuntimeWarning",
      "when": "runtest",
      "filename": "D:\\repos\\sudiptob2@cf-stats__ce93670b__requests__treq\\tests\\test_utils\\test_cf_request_handler.py",
      "lineno": 25
    },
    {
      "message": "coroutine 'CFRequestHandler.make_request' was never awaited",
      "category": "RuntimeWarning",
      "when": "runtest",
      "filename": "D:\\repos\\sudiptob2@cf-stats__ce93670b__requests__treq\\tests\\test_utils\\test_cf_request_handler.py",
      "lineno": 34
    }
  ]
}