{
  "exitcode": 1,
  "summary": {
    "passed": 35,
    "skipped": 4,
    "failed": 17,
    "total": 56,
    "collected": 56
  },
  "collectors": [
    {
      "nodeid": "",
      "outcome": "passed",
      "result": [
        {
          "nodeid": ".",
          "type": "Dir"
        }
      ]
    },
    {
      "nodeid": "docs/source/_static",
      "outcome": "passed",
      "result": []
    },
    {
      "nodeid": "docs/source/_templates",
      "outcome": "passed",
      "result": []
    },
    {
      "nodeid": "docs/source",
      "outcome": "passed",
      "result": [
        {
          "nodeid": "docs/source/_static",
          "type": "Dir"
        },
        {
          "nodeid": "docs/source/_templates",
          "type": "Dir"
        }
      ]
    },
    {
      "nodeid": "docs",
      "outcome": "passed",
      "result": [
        {
          "nodeid": "docs/source",
          "type": "Dir"
        }
      ]
    },
    {
      "nodeid": "edgetest",
      "outcome": "passed",
      "result": []
    },
    {
      "nodeid": "edgetest.egg-info",
      "outcome": "passed",
      "result": []
    },
    {
      "nodeid": "tests/test_core.py::TestPackage",
      "outcome": "passed",
      "result": []
    },
    {
      "nodeid": "tests/test_core.py",
      "outcome": "passed",
      "result": [
        {
          "nodeid": "tests/test_core.py::TestPackage",
          "type": "Class"
        },
        {
          "nodeid": "tests/test_core.py::test_init",
          "type": "Function",
          "lineno": 11
        },
        {
          "nodeid": "tests/test_core.py::test_basic_setup",
          "type": "Function",
          "lineno": 47
        },
        {
          "nodeid": "tests/test_core.py::test_basic_setup_create_environment_error",
          "type": "Function",
          "lineno": 81
        },
        {
          "nodeid": "tests/test_core.py::test_basic_setup_upgrade_error",
          "type": "Function",
          "lineno": 104
        },
        {
          "nodeid": "tests/test_core.py::test_basic_setup_lower_error",
          "type": "Function",
          "lineno": 127
        },
        {
          "nodeid": "tests/test_core.py::test_setup_extras",
          "type": "Function",
          "lineno": 150
        },
        {
          "nodeid": "tests/test_core.py::test_setup_pip_deps",
          "type": "Function",
          "lineno": 185
        },
        {
          "nodeid": "tests/test_core.py::test_setup_pip_deps_error",
          "type": "Function",
          "lineno": 235
        },
        {
          "nodeid": "tests/test_core.py::test_run_tests",
          "type": "Function",
          "lineno": 279
        }
      ]
    },
    {
      "nodeid": "tests/test_integration_cfg.py",
      "outcome": "passed",
      "result": [
        {
          "nodeid": "tests/test_integration_cfg.py::test_toy_package",
          "type": "Function",
          "lineno": 121
        },
        {
          "nodeid": "tests/test_integration_cfg.py::test_toy_package_lower",
          "type": "Function",
          "lineno": 155
        },
        {
          "nodeid": "tests/test_integration_cfg.py::test_toy_package_extras",
          "type": "Function",
          "lineno": 189
        }
      ]
    },
    {
      "nodeid": "tests/test_integration_toml.py",
      "outcome": "passed",
      "result": [
        {
          "nodeid": "tests/test_integration_toml.py::test_toy_package",
          "type": "Function",
          "lineno": 86
        },
        {
          "nodeid": "tests/test_integration_toml.py::test_toy_package_lower",
          "type": "Function",
          "lineno": 120
        },
        {
          "nodeid": "tests/test_integration_toml.py::test_toy_package_extras",
          "type": "Function",
          "lineno": 154
        }
      ]
    },
    {
      "nodeid": "tests/test_interface_cfg.py",
      "outcome": "passed",
      "result": [
        {
          "nodeid": "tests/test_interface_cfg.py::test_cli_basic",
          "type": "Function",
          "lineno": 121
        },
        {
          "nodeid": "tests/test_interface_cfg.py::test_cli_basic_lower",
          "type": "Function",
          "lineno": 185
        },
        {
          "nodeid": "tests/test_interface_cfg.py::test_cli_reqs",
          "type": "Function",
          "lineno": 243
        },
        {
          "nodeid": "tests/test_interface_cfg.py::test_cli_setup_reqs_update",
          "type": "Function",
          "lineno": 359
        },
        {
          "nodeid": "tests/test_interface_cfg.py::test_cli_setup_extras_update",
          "type": "Function",
          "lineno": 385
        },
        {
          "nodeid": "tests/test_interface_cfg.py::test_cli_nosetup",
          "type": "Function",
          "lineno": 411
        },
        {
          "nodeid": "tests/test_interface_cfg.py::test_cli_nosetup_lower",
          "type": "Function",
          "lineno": 456
        },
        {
          "nodeid": "tests/test_interface_cfg.py::test_cli_notest",
          "type": "Function",
          "lineno": 494
        },
        {
          "nodeid": "tests/test_interface_cfg.py::test_cli_notest_lower",
          "type": "Function",
          "lineno": 549
        }
      ]
    },
    {
      "nodeid": "tests/test_interface_toml.py",
      "outcome": "passed",
      "result": [
        {
          "nodeid": "tests/test_interface_toml.py::test_cli_basic",
          "type": "Function",
          "lineno": 113
        },
        {
          "nodeid": "tests/test_interface_toml.py::test_cli_basic_lower",
          "type": "Function",
          "lineno": 184
        },
        {
          "nodeid": "tests/test_interface_toml.py::test_cli_reqs",
          "type": "Function",
          "lineno": 248
        },
        {
          "nodeid": "tests/test_interface_toml.py::test_cli_setup_reqs_update",
          "type": "Function",
          "lineno": 370
        },
        {
          "nodeid": "tests/test_interface_toml.py::test_cli_setup_extras_update",
          "type": "Function",
          "lineno": 396
        },
        {
          "nodeid": "tests/test_interface_toml.py::test_cli_nosetup",
          "type": "Function",
          "lineno": 422
        },
        {
          "nodeid": "tests/test_interface_toml.py::test_cli_nosetup_lower",
          "type": "Function",
          "lineno": 467
        },
        {
          "nodeid": "tests/test_interface_toml.py::test_cli_notest",
          "type": "Function",
          "lineno": 505
        },
        {
          "nodeid": "tests/test_interface_toml.py::test_cli_notest_lower",
          "type": "Function",
          "lineno": 560
        }
      ]
    },
    {
      "nodeid": "tests/test_lib.py",
      "outcome": "passed",
      "result": [
        {
          "nodeid": "tests/test_lib.py::test_path_to_python",
          "type": "Function",
          "lineno": 13
        },
        {
          "nodeid": "tests/test_lib.py::test_create_environment",
          "type": "Function",
          "lineno": 30
        },
        {
          "nodeid": "tests/test_lib.py::test_run_update",
          "type": "Function",
          "lineno": 41
        },
        {
          "nodeid": "tests/test_lib.py::test_run_install_lower",
          "type": "Function",
          "lineno": 54
        }
      ]
    },
    {
      "nodeid": "tests/test_report.py::TestPackage",
      "outcome": "passed",
      "result": []
    },
    {
      "nodeid": "tests/test_report.py",
      "outcome": "passed",
      "result": [
        {
          "nodeid": "tests/test_report.py::TestPackage",
          "type": "Class"
        },
        {
          "nodeid": "tests/test_report.py::test_report",
          "type": "Function",
          "lineno": 8
        }
      ]
    },
    {
      "nodeid": "tests/test_schema.py",
      "outcome": "passed",
      "result": [
        {
          "nodeid": "tests/test_schema.py::test_add_envoption",
          "type": "Function",
          "lineno": 5
        },
        {
          "nodeid": "tests/test_schema.py::test_add_global_option",
          "type": "Function",
          "lineno": 25
        }
      ]
    },
    {
      "nodeid": "tests/test_utils.py",
      "outcome": "passed",
      "result": [
        {
          "nodeid": "tests/test_utils.py::test_get_lower_bounds",
          "type": "Function",
          "lineno": 185
        },
        {
          "nodeid": "tests/test_utils.py::test_parse_reqs",
          "type": "Function",
          "lineno": 196
        },
        {
          "nodeid": "tests/test_utils.py::test_parse_cfg",
          "type": "Function",
          "lineno": 215
        },
        {
          "nodeid": "tests/test_utils.py::test_parse_cfg_default",
          "type": "Function",
          "lineno": 244
        },
        {
          "nodeid": "tests/test_utils.py::test_parse_cfg_reqs",
          "type": "Function",
          "lineno": 275
        },
        {
          "nodeid": "tests/test_utils.py::test_parse_cfg_reqs_default",
          "type": "Function",
          "lineno": 296
        },
        {
          "nodeid": "tests/test_utils.py::test_parse_custom_cfg",
          "type": "Function",
          "lineno": 327
        },
        {
          "nodeid": "tests/test_utils.py::test_parse_toml",
          "type": "Function",
          "lineno": 364
        },
        {
          "nodeid": "tests/test_utils.py::test_parse_toml_default",
          "type": "Function",
          "lineno": 393
        },
        {
          "nodeid": "tests/test_utils.py::test_parse_toml_reqs",
          "type": "Function",
          "lineno": 424
        },
        {
          "nodeid": "tests/test_utils.py::test_parse_toml_reqs_default",
          "type": "Function",
          "lineno": 445
        },
        {
          "nodeid": "tests/test_utils.py::test_parse_custom_toml",
          "type": "Function",
          "lineno": 476
        },
        {
          "nodeid": "tests/test_utils.py::test_convert_toml_array_to_string",
          "type": "Function",
          "lineno": 513
        },
        {
          "nodeid": "tests/test_utils.py::test_upgrade_setup_cfg",
          "type": "Function",
          "lineno": 521
        },
        {
          "nodeid": "tests/test_utils.py::test_upgrade_pyproject_toml",
          "type": "Function",
          "lineno": 543
        },
        {
          "nodeid": "tests/test_utils.py::test_isin_case_dashhyphen_ins",
          "type": "Function",
          "lineno": 564
        }
      ]
    },
    {
      "nodeid": "tests",
      "outcome": "passed",
      "result": [
        {
          "nodeid": "tests/test_core.py",
          "type": "Module"
        },
        {
          "nodeid": "tests/test_integration_cfg.py",
          "type": "Module"
        },
        {
          "nodeid": "tests/test_integration_toml.py",
          "type": "Module"
        },
        {
          "nodeid": "tests/test_interface_cfg.py",
          "type": "Module"
        },
        {
          "nodeid": "tests/test_interface_toml.py",
          "type": "Module"
        },
        {
          "nodeid": "tests/test_lib.py",
          "type": "Module"
        },
        {
          "nodeid": "tests/test_report.py",
          "type": "Module"
        },
        {
          "nodeid": "tests/test_schema.py",
          "type": "Module"
        },
        {
          "nodeid": "tests/test_utils.py",
          "type": "Module"
        }
      ]
    },
    {
      "nodeid": ".",
      "outcome": "passed",
      "result": [
        {
          "nodeid": "docs",
          "type": "Dir"
        },
        {
          "nodeid": "edgetest",
          "type": "Package"
        },
        {
          "nodeid": "edgetest.egg-info",
          "type": "Dir"
        },
        {
          "nodeid": "tests",
          "type": "Package"
        }
      ]
    }
  ],
  "tests": [
    {
      "nodeid": "tests/test_core.py::test_init",
      "lineno": 11,
      "outcome": "passed",
      "keywords": [
        "test_init",
        "__wrapped__",
        "patchings",
        "test_core.py",
        "tests",
        "capitalone@edgetest__dfc8b73c__tabulate__rich",
        ""
      ],
      "setup": {
        "outcome": "passed"
      },
      "call": {
        "outcome": "passed"
      },
      "teardown": {
        "outcome": "passed"
      }
    },
    {
      "nodeid": "tests/test_core.py::test_basic_setup",
      "lineno": 47,
      "outcome": "passed",
      "keywords": [
        "test_basic_setup",
        "__wrapped__",
        "patchings",
        "test_core.py",
        "tests",
        "capitalone@edgetest__dfc8b73c__tabulate__rich",
        ""
      ],
      "setup": {
        "outcome": "passed"
      },
      "call": {
        "outcome": "passed"
      },
      "teardown": {
        "outcome": "passed"
      }
    },
    {
      "nodeid": "tests/test_core.py::test_basic_setup_create_environment_error",
      "lineno": 81,
      "outcome": "passed",
      "keywords": [
        "test_basic_setup_create_environment_error",
        "__wrapped__",
        "patchings",
        "test_core.py",
        "tests",
        "capitalone@edgetest__dfc8b73c__tabulate__rich",
        ""
      ],
      "setup": {
        "outcome": "passed"
      },
      "call": {
        "outcome": "passed"
      },
      "teardown": {
        "outcome": "passed"
      }
    },
    {
      "nodeid": "tests/test_core.py::test_basic_setup_upgrade_error",
      "lineno": 104,
      "outcome": "passed",
      "keywords": [
        "test_basic_setup_upgrade_error",
        "__wrapped__",
        "patchings",
        "test_core.py",
        "tests",
        "capitalone@edgetest__dfc8b73c__tabulate__rich",
        ""
      ],
      "setup": {
        "outcome": "passed"
      },
      "call": {
        "outcome": "passed"
      },
      "teardown": {
        "outcome": "passed"
      }
    },
    {
      "nodeid": "tests/test_core.py::test_basic_setup_lower_error",
      "lineno": 127,
      "outcome": "passed",
      "keywords": [
        "test_basic_setup_lower_error",
        "__wrapped__",
        "patchings",
        "test_core.py",
        "tests",
        "capitalone@edgetest__dfc8b73c__tabulate__rich",
        ""
      ],
      "setup": {
        "outcome": "passed"
      },
      "call": {
        "outcome": "passed"
      },
      "teardown": {
        "outcome": "passed"
      }
    },
    {
      "nodeid": "tests/test_core.py::test_setup_extras",
      "lineno": 150,
      "outcome": "passed",
      "keywords": [
        "test_setup_extras",
        "__wrapped__",
        "patchings",
        "test_core.py",
        "tests",
        "capitalone@edgetest__dfc8b73c__tabulate__rich",
        ""
      ],
      "setup": {
        "outcome": "passed"
      },
      "call": {
        "outcome": "passed"
      },
      "teardown": {
        "outcome": "passed"
      }
    },
    {
      "nodeid": "tests/test_core.py::test_setup_pip_deps",
      "lineno": 185,
      "outcome": "passed",
      "keywords": [
        "test_setup_pip_deps",
        "__wrapped__",
        "patchings",
        "test_core.py",
        "tests",
        "capitalone@edgetest__dfc8b73c__tabulate__rich",
        ""
      ],
      "setup": {
        "outcome": "passed"
      },
      "call": {
        "outcome": "passed"
      },
      "teardown": {
        "outcome": "passed"
      }
    },
    {
      "nodeid": "tests/test_core.py::test_setup_pip_deps_error",
      "lineno": 235,
      "outcome": "passed",
      "keywords": [
        "test_setup_pip_deps_error",
        "__wrapped__",
        "patchings",
        "test_core.py",
        "tests",
        "capitalone@edgetest__dfc8b73c__tabulate__rich",
        ""
      ],
      "setup": {
        "outcome": "passed"
      },
      "call": {
        "outcome": "passed"
      },
      "teardown": {
        "outcome": "passed"
      }
    },
    {
      "nodeid": "tests/test_core.py::test_run_tests",
      "lineno": 279,
      "outcome": "passed",
      "keywords": [
        "test_run_tests",
        "__wrapped__",
        "patchings",
        "test_core.py",
        "tests",
        "capitalone@edgetest__dfc8b73c__tabulate__rich",
        ""
      ],
      "setup": {
        "outcome": "passed"
      },
      "call": {
        "outcome": "passed"
      },
      "teardown": {
        "outcome": "passed"
      }
    },
    {
      "nodeid": "tests/test_integration_cfg.py::test_toy_package",
      "lineno": 121,
      "outcome": "skipped",
      "keywords": [
        "test_toy_package",
        "integration",
        "skipif",
        "pytestmark",
        "test_integration_cfg.py",
        "tests",
        "capitalone@edgetest__dfc8b73c__tabulate__rich",
        ""
      ],
      "setup": {
        "outcome": "skipped",
        "longrepr": "('C:\\\\_work\\\\_MigTool\\\\repos\\\\capitalone@edgetest__dfc8b73c__tabulate__rich\\\\tests\\\\test_integration_cfg.py', 122, 'Skipped: does not run on windows')"
      },
      "teardown": {
        "outcome": "passed"
      }
    },
    {
      "nodeid": "tests/test_integration_cfg.py::test_toy_package_lower",
      "lineno": 155,
      "outcome": "skipped",
      "keywords": [
        "test_toy_package_lower",
        "integration",
        "skipif",
        "pytestmark",
        "test_integration_cfg.py",
        "tests",
        "capitalone@edgetest__dfc8b73c__tabulate__rich",
        ""
      ],
      "setup": {
        "outcome": "skipped",
        "longrepr": "('C:\\\\_work\\\\_MigTool\\\\repos\\\\capitalone@edgetest__dfc8b73c__tabulate__rich\\\\tests\\\\test_integration_cfg.py', 156, 'Skipped: does not run on windows')"
      },
      "teardown": {
        "outcome": "passed"
      }
    },
    {
      "nodeid": "tests/test_integration_cfg.py::test_toy_package_extras",
      "lineno": 189,
      "outcome": "failed",
      "keywords": [
        "test_toy_package_extras",
        "integration",
        "pytestmark",
        "test_integration_cfg.py",
        "tests",
        "capitalone@edgetest__dfc8b73c__tabulate__rich",
        ""
      ],
      "setup": {
        "outcome": "passed"
      },
      "call": {
        "outcome": "failed",
        "crash": {
          "path": "C:\\_work\\_MigTool\\repos\\capitalone@edgetest__dfc8b73c__tabulate__rich\\tests\\test_integration_cfg.py",
          "lineno": 212,
          "message": "AssertionError: assert 1 == 0\n +  where 1 = <Result FileNotFoundError(2, 'The system cannot find the file specified', None, 2, None)>.exit_code"
        },
        "traceback": [
          {
            "path": "C:\\_work\\_MigTool\\repos\\capitalone@edgetest__dfc8b73c__tabulate__rich\\tests\\test_integration_cfg.py",
            "lineno": 212,
            "message": "AssertionError"
          }
        ],
        "longrepr": "@pytest.mark.integration\n    def test_toy_package_extras():\n        \"\"\"Test using edgetest with a toy package.\"\"\"\n        runner = CliRunner()\n    \n        with runner.isolated_filesystem() as loc:\n            with open(\"setup.cfg\", \"w\") as outfile:\n                outfile.write(SETUP_CFG_EXTRAS)\n            with open(\"setup.py\", \"w\") as outfile:\n                outfile.write(SETUP_PY)\n            # Make a directory for the module\n            Path(loc, \"toy_package\").mkdir()\n            with open(Path(loc, \"toy_package\", \"__init__.py\"), \"w\") as outfile:\n                outfile.write(MODULE_CODE)\n            # Make a directory for the tests\n            Path(loc, \"tests\").mkdir()\n            with open(Path(loc, \"tests\", \"test_main.py\"), \"w\") as outfile:\n                outfile.write(TEST_CODE)\n    \n            # Run the CLI\n            result = runner.invoke(cli, [\"--config=setup.cfg\", \"--export\"])\n    \n>           assert result.exit_code == 0\nE           AssertionError: assert 1 == 0\nE            +  where 1 = <Result FileNotFoundError(2, 'The system cannot find the file specified', None, 2, None)>.exit_code\n\nC:\\_work\\_MigTool\\repos\\capitalone@edgetest__dfc8b73c__tabulate__rich\\tests\\test_integration_cfg.py:212: AssertionError"
      },
      "teardown": {
        "outcome": "passed"
      }
    },
    {
      "nodeid": "tests/test_integration_toml.py::test_toy_package",
      "lineno": 86,
      "outcome": "skipped",
      "keywords": [
        "test_toy_package",
        "integration",
        "skipif",
        "pytestmark",
        "test_integration_toml.py",
        "tests",
        "capitalone@edgetest__dfc8b73c__tabulate__rich",
        ""
      ],
      "setup": {
        "outcome": "skipped",
        "longrepr": "('C:\\\\_work\\\\_MigTool\\\\repos\\\\capitalone@edgetest__dfc8b73c__tabulate__rich\\\\tests\\\\test_integration_toml.py', 87, 'Skipped: does not run on windows')"
      },
      "teardown": {
        "outcome": "passed"
      }
    },
    {
      "nodeid": "tests/test_integration_toml.py::test_toy_package_lower",
      "lineno": 120,
      "outcome": "skipped",
      "keywords": [
        "test_toy_package_lower",
        "integration",
        "skipif",
        "pytestmark",
        "test_integration_toml.py",
        "tests",
        "capitalone@edgetest__dfc8b73c__tabulate__rich",
        ""
      ],
      "setup": {
        "outcome": "skipped",
        "longrepr": "('C:\\\\_work\\\\_MigTool\\\\repos\\\\capitalone@edgetest__dfc8b73c__tabulate__rich\\\\tests\\\\test_integration_toml.py', 121, 'Skipped: does not run on windows')"
      },
      "teardown": {
        "outcome": "passed"
      }
    },
    {
      "nodeid": "tests/test_integration_toml.py::test_toy_package_extras",
      "lineno": 154,
      "outcome": "failed",
      "keywords": [
        "test_toy_package_extras",
        "integration",
        "pytestmark",
        "test_integration_toml.py",
        "tests",
        "capitalone@edgetest__dfc8b73c__tabulate__rich",
        ""
      ],
      "setup": {
        "outcome": "passed"
      },
      "call": {
        "outcome": "failed",
        "crash": {
          "path": "C:\\_work\\_MigTool\\repos\\capitalone@edgetest__dfc8b73c__tabulate__rich\\tests\\test_integration_toml.py",
          "lineno": 177,
          "message": "AssertionError: assert 1 == 0\n +  where 1 = <Result FileNotFoundError(2, 'The system cannot find the file specified', None, 2, None)>.exit_code"
        },
        "traceback": [
          {
            "path": "C:\\_work\\_MigTool\\repos\\capitalone@edgetest__dfc8b73c__tabulate__rich\\tests\\test_integration_toml.py",
            "lineno": 177,
            "message": "AssertionError"
          }
        ],
        "longrepr": "@pytest.mark.integration\n    def test_toy_package_extras():\n        \"\"\"Test using edgetest with a toy package.\"\"\"\n        runner = CliRunner()\n    \n        with runner.isolated_filesystem() as loc:\n            with open(\"pyproject.toml\", \"w\") as outfile:\n                outfile.write(SETUP_TOML_EXTRAS)\n            with open(\"setup.py\", \"w\") as outfile:\n                outfile.write(SETUP_PY)\n            # Make a directory for the module\n            Path(loc, \"toy_package\").mkdir()\n            with open(Path(loc, \"toy_package\", \"__init__.py\"), \"w\") as outfile:\n                outfile.write(MODULE_CODE)\n            # Make a directory for the tests\n            Path(loc, \"tests\").mkdir()\n            with open(Path(loc, \"tests\", \"test_main.py\"), \"w\") as outfile:\n                outfile.write(TEST_CODE)\n    \n            # Run the CLI\n            result = runner.invoke(cli, [\"--config=pyproject.toml\", \"--export\"])\n    \n>           assert result.exit_code == 0\nE           AssertionError: assert 1 == 0\nE            +  where 1 = <Result FileNotFoundError(2, 'The system cannot find the file specified', None, 2, None)>.exit_code\n\nC:\\_work\\_MigTool\\repos\\capitalone@edgetest__dfc8b73c__tabulate__rich\\tests\\test_integration_toml.py:177: AssertionError"
      },
      "teardown": {
        "outcome": "passed"
      }
    },
    {
      "nodeid": "tests/test_interface_cfg.py::test_cli_basic",
      "lineno": 121,
      "outcome": "failed",
      "keywords": [
        "test_cli_basic",
        "__wrapped__",
        "patchings",
        "test_interface_cfg.py",
        "tests",
        "capitalone@edgetest__dfc8b73c__tabulate__rich",
        ""
      ],
      "setup": {
        "outcome": "passed"
      },
      "call": {
        "outcome": "failed",
        "crash": {
          "path": "C:\\_work\\_MigTool\\repos\\capitalone@edgetest__dfc8b73c__tabulate__rich\\tests\\test_interface_cfg.py",
          "lineno": 183,
          "message": "AssertionError: assert '            ...E985E3BCD0>\\n' == '\\n\\n========...===========\\n'\n  \n  +                                   Test Report                                  \n  + \u250c\u2500\u2500\u2500\u2500\u2500\u2500\u2500\u2500\u2500\u2500\u2500\u2500\u252c\u2500\u2500\u2500\u2500\u2500\u2500\u2500\u2500\u2500\u2500\u2500\u2500\u252c\u2500\u2500\u2500\u2500\u2500\u2500\u2500\u2500\u2500\u2500\u2500\u2500\u252c\u2500\u2500\u2500\u2500\u2500\u2500\u2500\u2500\u2500\u2500\u2500\u2500\u252c\u2500\u2500\u2500\u2500\u2500\u2500\u2500\u2500\u2500\u2500\u2500\u2500\u252c\u2500\u2500\u2500\u2500\u2500\u2500\u2500\u2500\u2500\u2500\u2500\u2500\u2510\n  + \u2502            \u2502 Setup      \u2502 Passing    \u2502 Upgraded   \u2502 Lowered    \u2502 Package    \u2502\n  + \u2502 Environme\u2026 \u2502 successful \u2502 tests      \u2502 packages   \u2502 packages   \u2502 version    \u2502\n  + \u251c\u2500\u2500\u2500\u2500\u2500\u2500\u2500\u2500\u2500\u2500\u2500\u2500\u253c\u2500\u2500\u2500\u2500\u2500\u2500\u2500\u2500\u2500\u2500\u2500\u2500\u253c\u2500\u2500\u2500\u2500\u2500\u2500\u2500\u2500\u2500\u2500\u2500\u2500\u253c\u2500\u2500\u2500\u2500\u2500\u2500\u2500\u2500\u2500\u2500\u2500\u2500\u253c\u2500\u2500\u2500\u2500\u2500\u2500\u2500\u2500\u2500\u2500\u2500\u2500\u253c\u2500\u2500\u2500\u2500\u2500\u2500\u2500\u2500\u2500\u2500\u2500\u2500\u2524\n  + \u2502 myenv      \u2502 True       \u2502 True       \u2502 myupgrade  \u2502            \u2502 0.2.0      \u2502...\n  \n  ...Full output truncated (9 lines hidden), use '-vv' to show"
        },
        "traceback": [
          {
            "path": "C:\\_work\\_MigTool\\repos\\capitalone@edgetest__dfc8b73c__tabulate__rich\\tests\\test_interface_cfg.py",
            "lineno": 183,
            "message": "AssertionError"
          }
        ],
        "longrepr": "mock_popen = <MagicMock name='Popen' spec='Popen' id='2102484723216'>\nmock_cpopen = <MagicMock name='Popen' spec='Popen' id='2102484611600'>\nmock_builder = <MagicMock name='EnvBuilder' spec='EnvBuilder' id='2102484987216'>\n\n    @patch(\"edgetest.lib.EnvBuilder\", autospec=True)\n    @patch(\"edgetest.core.Popen\", autospec=True)\n    @patch(\"edgetest.utils.Popen\", autospec=True)\n    def test_cli_basic(mock_popen, mock_cpopen, mock_builder):\n        \"\"\"Test creating a basic environment.\"\"\"\n        mock_popen.return_value.communicate.return_value = (PIP_LIST, \"error\")\n        type(mock_popen.return_value).returncode = PropertyMock(return_value=0)\n        mock_cpopen.return_value.communicate.return_value = (\"output\", \"error\")\n        type(mock_cpopen.return_value).returncode = PropertyMock(return_value=0)\n    \n        runner = CliRunner()\n    \n        with runner.isolated_filesystem() as loc:\n            with open(\"setup.cfg\", \"w\") as outfile:\n                outfile.write(SETUP_CFG)\n    \n            result = runner.invoke(cli, [\"--config=setup.cfg\"])\n    \n        assert result.exit_code == 0\n    \n        env_loc = Path(loc) / \".edgetest\" / \"myenv\"\n        if platform.system() == \"Windows\":\n            py_loc = env_loc / \"Scripts\" / \"python.exe\"\n        else:\n            py_loc = env_loc / \"bin\" / \"python\"\n    \n        mock_builder.return_value.create.assert_called_with(env_loc)\n        assert mock_popen.call_args_list == [\n            call(\n                (\"uv\", \"pip\", \"install\", f\"--python={py_loc!s}\", \".\"),\n                stdout=-1,\n                stderr=-1,\n                universal_newlines=True,\n            ),\n            call(\n                (\"uv\", \"pip\", \"install\", f\"--python={py_loc!s}\", \"myupgrade\", \"--upgrade\"),\n                stdout=-1,\n                stderr=-1,\n                universal_newlines=True,\n            ),\n            call(\n                (\"uv\", \"pip\", \"list\", f\"--python={py_loc!s}\", \"--format\", \"json\"),\n                stdout=-1,\n                stderr=-1,\n                universal_newlines=True,\n            ),\n        ]\n        assert mock_cpopen.call_args_list == [\n            call(\n                (\n                    f\"{py_loc!s}\",\n                    \"-m\",\n                    \"pytest\",\n                    \"tests\",\n                    \"-m\",\n                    \"not integration\",\n                ),\n                universal_newlines=True,\n            )\n        ]\n    \n>       assert result.output == TABLE_OUTPUT\nE       AssertionError: assert '            ...E985E3BCD0>\\n' == '\\n\\n========...===========\\n'\nE         \nE         +                                   Test Report                                  \nE         + \u250c\u2500\u2500\u2500\u2500\u2500\u2500\u2500\u2500\u2500\u2500\u2500\u2500\u252c\u2500\u2500\u2500\u2500\u2500\u2500\u2500\u2500\u2500\u2500\u2500\u2500\u252c\u2500\u2500\u2500\u2500\u2500\u2500\u2500\u2500\u2500\u2500\u2500\u2500\u252c\u2500\u2500\u2500\u2500\u2500\u2500\u2500\u2500\u2500\u2500\u2500\u2500\u252c\u2500\u2500\u2500\u2500\u2500\u2500\u2500\u2500\u2500\u2500\u2500\u2500\u252c\u2500\u2500\u2500\u2500\u2500\u2500\u2500\u2500\u2500\u2500\u2500\u2500\u2510\nE         + \u2502            \u2502 Setup      \u2502 Passing    \u2502 Upgraded   \u2502 Lowered    \u2502 Package    \u2502\nE         + \u2502 Environme\u2026 \u2502 successful \u2502 tests      \u2502 packages   \u2502 packages   \u2502 version    \u2502\nE         + \u251c\u2500\u2500\u2500\u2500\u2500\u2500\u2500\u2500\u2500\u2500\u2500\u2500\u253c\u2500\u2500\u2500\u2500\u2500\u2500\u2500\u2500\u2500\u2500\u2500\u2500\u253c\u2500\u2500\u2500\u2500\u2500\u2500\u2500\u2500\u2500\u2500\u2500\u2500\u253c\u2500\u2500\u2500\u2500\u2500\u2500\u2500\u2500\u2500\u2500\u2500\u2500\u253c\u2500\u2500\u2500\u2500\u2500\u2500\u2500\u2500\u2500\u2500\u2500\u2500\u253c\u2500\u2500\u2500\u2500\u2500\u2500\u2500\u2500\u2500\u2500\u2500\u2500\u2524\nE         + \u2502 myenv      \u2502 True       \u2502 True       \u2502 myupgrade  \u2502            \u2502 0.2.0      \u2502...\nE         \nE         ...Full output truncated (9 lines hidden), use '-vv' to show\n\nC:\\_work\\_MigTool\\repos\\capitalone@edgetest__dfc8b73c__tabulate__rich\\tests\\test_interface_cfg.py:183: AssertionError"
      },
      "teardown": {
        "outcome": "passed"
      }
    },
    {
      "nodeid": "tests/test_interface_cfg.py::test_cli_basic_lower",
      "lineno": 185,
      "outcome": "failed",
      "keywords": [
        "test_cli_basic_lower",
        "__wrapped__",
        "patchings",
        "test_interface_cfg.py",
        "tests",
        "capitalone@edgetest__dfc8b73c__tabulate__rich",
        ""
      ],
      "setup": {
        "outcome": "passed"
      },
      "call": {
        "outcome": "failed",
        "crash": {
          "path": "C:\\_work\\_MigTool\\repos\\capitalone@edgetest__dfc8b73c__tabulate__rich\\tests\\test_interface_cfg.py",
          "lineno": 241,
          "message": "AssertionError: assert '            ...E985EFF710>\\n' == '\\n\\n========...===========\\n'\n  \n  +                                   Test Report                                  \n  + \u250c\u2500\u2500\u2500\u2500\u2500\u2500\u2500\u2500\u2500\u2500\u2500\u2500\u252c\u2500\u2500\u2500\u2500\u2500\u2500\u2500\u2500\u2500\u2500\u2500\u2500\u252c\u2500\u2500\u2500\u2500\u2500\u2500\u2500\u2500\u2500\u2500\u2500\u2500\u252c\u2500\u2500\u2500\u2500\u2500\u2500\u2500\u2500\u2500\u2500\u2500\u2500\u252c\u2500\u2500\u2500\u2500\u2500\u2500\u2500\u2500\u2500\u2500\u2500\u2500\u252c\u2500\u2500\u2500\u2500\u2500\u2500\u2500\u2500\u2500\u2500\u2500\u2500\u2510\n  + \u2502            \u2502 Setup      \u2502 Passing    \u2502 Upgraded   \u2502 Lowered    \u2502 Package    \u2502\n  + \u2502 Environme\u2026 \u2502 successful \u2502 tests      \u2502 packages   \u2502 packages   \u2502 version    \u2502\n  + \u251c\u2500\u2500\u2500\u2500\u2500\u2500\u2500\u2500\u2500\u2500\u2500\u2500\u253c\u2500\u2500\u2500\u2500\u2500\u2500\u2500\u2500\u2500\u2500\u2500\u2500\u253c\u2500\u2500\u2500\u2500\u2500\u2500\u2500\u2500\u2500\u2500\u2500\u2500\u253c\u2500\u2500\u2500\u2500\u2500\u2500\u2500\u2500\u2500\u2500\u2500\u2500\u253c\u2500\u2500\u2500\u2500\u2500\u2500\u2500\u2500\u2500\u2500\u2500\u2500\u253c\u2500\u2500\u2500\u2500\u2500\u2500\u2500\u2500\u2500\u2500\u2500\u2500\u2524\n  + \u2502 myenv_low\u2026 \u2502 True       \u2502 True       \u2502            \u2502 mylower    \u2502 0.0.1      \u2502...\n  \n  ...Full output truncated (9 lines hidden), use '-vv' to show"
        },
        "traceback": [
          {
            "path": "C:\\_work\\_MigTool\\repos\\capitalone@edgetest__dfc8b73c__tabulate__rich\\tests\\test_interface_cfg.py",
            "lineno": 241,
            "message": "AssertionError"
          }
        ],
        "longrepr": "mock_popen = <MagicMock name='Popen' spec='Popen' id='2102483674640'>\nmock_cpopen = <MagicMock name='Popen' spec='Popen' id='2102485381392'>\nmock_builder = <MagicMock name='EnvBuilder' spec='EnvBuilder' id='2102485937680'>\n\n    @patch(\"edgetest.lib.EnvBuilder\", autospec=True)\n    @patch(\"edgetest.core.Popen\", autospec=True)\n    @patch(\"edgetest.utils.Popen\", autospec=True)\n    def test_cli_basic_lower(mock_popen, mock_cpopen, mock_builder):\n        \"\"\"Test creating a basic environment.\"\"\"\n        mock_popen.return_value.communicate.return_value = (PIP_LIST, \"error\")\n        type(mock_popen.return_value).returncode = PropertyMock(return_value=0)\n        mock_cpopen.return_value.communicate.return_value = (\"output\", \"error\")\n        type(mock_cpopen.return_value).returncode = PropertyMock(return_value=0)\n    \n        runner = CliRunner()\n    \n        with runner.isolated_filesystem() as loc:\n            with open(\"setup.cfg\", \"w\") as outfile:\n                outfile.write(SETUP_CFG_LOWER)\n    \n            result = runner.invoke(cli, [\"--config=setup.cfg\"])\n    \n        assert result.exit_code == 0\n    \n        env_loc = Path(loc) / \".edgetest\" / \"myenv_lower\"\n        if platform.system() == \"Windows\":\n            py_loc = env_loc / \"Scripts\" / \"python.exe\"\n        else:\n            py_loc = env_loc / \"bin\" / \"python\"\n    \n        mock_builder.return_value.create.assert_called_with(env_loc)\n        assert mock_popen.call_args_list == [\n            call(\n                (\"uv\", \"pip\", \"install\", f\"--python={py_loc!s}\", \".\"),\n                stdout=-1,\n                stderr=-1,\n                universal_newlines=True,\n            ),\n            call(\n                (\"uv\", \"pip\", \"install\", f\"--python={py_loc!s}\", \"mylower==0.0.1\"),\n                stdout=-1,\n                stderr=-1,\n                universal_newlines=True,\n            ),\n        ]\n        assert mock_cpopen.call_args_list == [\n            call(\n                (\n                    f\"{py_loc!s}\",\n                    \"-m\",\n                    \"pytest\",\n                    \"tests\",\n                    \"-m\",\n                    \"not integration\",\n                ),\n                universal_newlines=True,\n            )\n        ]\n    \n>       assert result.output == TABLE_OUTPUT_LOWER\nE       AssertionError: assert '            ...E985EFF710>\\n' == '\\n\\n========...===========\\n'\nE         \nE         +                                   Test Report                                  \nE         + \u250c\u2500\u2500\u2500\u2500\u2500\u2500\u2500\u2500\u2500\u2500\u2500\u2500\u252c\u2500\u2500\u2500\u2500\u2500\u2500\u2500\u2500\u2500\u2500\u2500\u2500\u252c\u2500\u2500\u2500\u2500\u2500\u2500\u2500\u2500\u2500\u2500\u2500\u2500\u252c\u2500\u2500\u2500\u2500\u2500\u2500\u2500\u2500\u2500\u2500\u2500\u2500\u252c\u2500\u2500\u2500\u2500\u2500\u2500\u2500\u2500\u2500\u2500\u2500\u2500\u252c\u2500\u2500\u2500\u2500\u2500\u2500\u2500\u2500\u2500\u2500\u2500\u2500\u2510\nE         + \u2502            \u2502 Setup      \u2502 Passing    \u2502 Upgraded   \u2502 Lowered    \u2502 Package    \u2502\nE         + \u2502 Environme\u2026 \u2502 successful \u2502 tests      \u2502 packages   \u2502 packages   \u2502 version    \u2502\nE         + \u251c\u2500\u2500\u2500\u2500\u2500\u2500\u2500\u2500\u2500\u2500\u2500\u2500\u253c\u2500\u2500\u2500\u2500\u2500\u2500\u2500\u2500\u2500\u2500\u2500\u2500\u253c\u2500\u2500\u2500\u2500\u2500\u2500\u2500\u2500\u2500\u2500\u2500\u2500\u253c\u2500\u2500\u2500\u2500\u2500\u2500\u2500\u2500\u2500\u2500\u2500\u2500\u253c\u2500\u2500\u2500\u2500\u2500\u2500\u2500\u2500\u2500\u2500\u2500\u2500\u253c\u2500\u2500\u2500\u2500\u2500\u2500\u2500\u2500\u2500\u2500\u2500\u2500\u2524\nE         + \u2502 myenv_low\u2026 \u2502 True       \u2502 True       \u2502            \u2502 mylower    \u2502 0.0.1      \u2502...\nE         \nE         ...Full output truncated (9 lines hidden), use '-vv' to show\n\nC:\\_work\\_MigTool\\repos\\capitalone@edgetest__dfc8b73c__tabulate__rich\\tests\\test_interface_cfg.py:241: AssertionError"
      },
      "teardown": {
        "outcome": "passed"
      }
    },
    {
      "nodeid": "tests/test_interface_cfg.py::test_cli_reqs",
      "lineno": 243,
      "outcome": "failed",
      "keywords": [
        "test_cli_reqs",
        "__wrapped__",
        "patchings",
        "test_interface_cfg.py",
        "tests",
        "capitalone@edgetest__dfc8b73c__tabulate__rich",
        ""
      ],
      "setup": {
        "outcome": "passed"
      },
      "call": {
        "outcome": "failed",
        "crash": {
          "path": "C:\\_work\\_MigTool\\repos\\capitalone@edgetest__dfc8b73c__tabulate__rich\\tests\\test_interface_cfg.py",
          "lineno": 357,
          "message": "AssertionError: assert '            ...E985F339D0>\\n' == '\\n\\n========...===========\\n'\n  \n  +                                   Test Report                                  \n  + \u250c\u2500\u2500\u2500\u2500\u2500\u2500\u2500\u2500\u2500\u2500\u2500\u2500\u252c\u2500\u2500\u2500\u2500\u2500\u2500\u2500\u2500\u2500\u2500\u2500\u2500\u252c\u2500\u2500\u2500\u2500\u2500\u2500\u2500\u2500\u2500\u2500\u2500\u2500\u252c\u2500\u2500\u2500\u2500\u2500\u2500\u2500\u2500\u2500\u2500\u2500\u2500\u252c\u2500\u2500\u2500\u2500\u2500\u2500\u2500\u2500\u2500\u2500\u2500\u2500\u252c\u2500\u2500\u2500\u2500\u2500\u2500\u2500\u2500\u2500\u2500\u2500\u2500\u2510\n  + \u2502            \u2502 Setup      \u2502 Passing    \u2502 Upgraded   \u2502 Lowered    \u2502 Package    \u2502\n  + \u2502 Environme\u2026 \u2502 successful \u2502 tests      \u2502 packages   \u2502 packages   \u2502 version    \u2502\n  + \u251c\u2500\u2500\u2500\u2500\u2500\u2500\u2500\u2500\u2500\u2500\u2500\u2500\u253c\u2500\u2500\u2500\u2500\u2500\u2500\u2500\u2500\u2500\u2500\u2500\u2500\u253c\u2500\u2500\u2500\u2500\u2500\u2500\u2500\u2500\u2500\u2500\u2500\u2500\u253c\u2500\u2500\u2500\u2500\u2500\u2500\u2500\u2500\u2500\u2500\u2500\u2500\u253c\u2500\u2500\u2500\u2500\u2500\u2500\u2500\u2500\u2500\u2500\u2500\u2500\u253c\u2500\u2500\u2500\u2500\u2500\u2500\u2500\u2500\u2500\u2500\u2500\u2500\u2524\n  + \u2502 myupgrade  \u2502 True       \u2502 True       \u2502 myupgrade  \u2502            \u2502 0.2.0      \u2502...\n  \n  ...Full output truncated (11 lines hidden), use '-vv' to show"
        },
        "traceback": [
          {
            "path": "C:\\_work\\_MigTool\\repos\\capitalone@edgetest__dfc8b73c__tabulate__rich\\tests\\test_interface_cfg.py",
            "lineno": 357,
            "message": "AssertionError"
          }
        ],
        "longrepr": "mock_popen = <MagicMock name='Popen' spec='Popen' id='2102486492880'>\nmock_cpopen = <MagicMock name='Popen' spec='Popen' id='2102486034384'>\nmock_builder = <MagicMock name='EnvBuilder' spec='EnvBuilder' id='2102486333840'>\n\n    @patch(\"edgetest.lib.EnvBuilder\", autospec=True)\n    @patch(\"edgetest.core.Popen\", autospec=True)\n    @patch(\"edgetest.utils.Popen\", autospec=True)\n    def test_cli_reqs(mock_popen, mock_cpopen, mock_builder):\n        \"\"\"Test running tests based on the requirements file.\"\"\"\n        mock_popen.return_value.communicate.return_value = (PIP_LIST, \"error\")\n        type(mock_popen.return_value).returncode = PropertyMock(return_value=0)\n        mock_cpopen.return_value.communicate.return_value = (\"output\", \"error\")\n        type(mock_cpopen.return_value).returncode = PropertyMock(return_value=0)\n    \n        runner = CliRunner()\n    \n        with runner.isolated_filesystem() as loc:\n            with open(\"requirements.txt\", \"w\") as outfile:\n                outfile.write(REQS)\n    \n            result = runner.invoke(cli)\n    \n        if platform.system() == \"Windows\":\n            py_myupgrade_loc = (\n                Path(loc) / \".edgetest\" / \"myupgrade\" / \"Scripts\" / \"python.exe\"\n            )\n            py_allreq_loc = (\n                Path(loc) / \".edgetest\" / \"all-requirements\" / \"Scripts\" / \"python.exe\"\n            )\n        else:\n            py_myupgrade_loc = Path(loc) / \".edgetest\" / \"myupgrade\" / \"bin\" / \"python\"\n            py_allreq_loc = Path(loc) / \".edgetest\" / \"all-requirements\" / \"bin\" / \"python\"\n    \n        assert result.exit_code == 0\n    \n        assert mock_builder.return_value.create.call_args_list == [\n            call(env_dir=Path(loc) / \".edgetest\" / \"myupgrade\"),\n            call(env_dir=Path(loc) / \".edgetest\" / \"all-requirements\"),\n        ]\n    \n        assert mock_popen.call_args_list == [\n            call(\n                (\"uv\", \"pip\", \"install\", f\"--python={py_myupgrade_loc!s}\", \".\"),\n                stdout=-1,\n                stderr=-1,\n                universal_newlines=True,\n            ),\n            call(\n                (\n                    \"uv\",\n                    \"pip\",\n                    \"install\",\n                    f\"--python={py_myupgrade_loc!s}\",\n                    \"myupgrade\",\n                    \"--upgrade\",\n                ),\n                stdout=-1,\n                stderr=-1,\n                universal_newlines=True,\n            ),\n            call(\n                (\"uv\", \"pip\", \"install\", f\"--python={py_allreq_loc!s}\", \".\"),\n                stdout=-1,\n                stderr=-1,\n                universal_newlines=True,\n            ),\n            call(\n                (\n                    \"uv\",\n                    \"pip\",\n                    \"install\",\n                    f\"--python={py_allreq_loc!s}\",\n                    \"myupgrade\",\n                    \"--upgrade\",\n                ),\n                stdout=-1,\n                stderr=-1,\n                universal_newlines=True,\n            ),\n            call(\n                (\n                    \"uv\",\n                    \"pip\",\n                    \"list\",\n                    f\"--python={py_myupgrade_loc!s}\",\n                    \"--format\",\n                    \"json\",\n                ),\n                stdout=-1,\n                stderr=-1,\n                universal_newlines=True,\n            ),\n            call(\n                (\n                    \"uv\",\n                    \"pip\",\n                    \"list\",\n                    f\"--python={py_allreq_loc!s}\",\n                    \"--format\",\n                    \"json\",\n                ),\n                stdout=-1,\n                stderr=-1,\n                universal_newlines=True,\n            ),\n        ]\n        assert mock_cpopen.call_args_list == [\n            call(\n                (f\"{py_myupgrade_loc!s}\", \"-m\", \"pytest\"),\n                universal_newlines=True,\n            ),\n            call(\n                (f\"{py_allreq_loc!s}\", \"-m\", \"pytest\"),\n                universal_newlines=True,\n            ),\n        ]\n    \n>       assert result.output == TABLE_OUTPUT_REQS\nE       AssertionError: assert '            ...E985F339D0>\\n' == '\\n\\n========...===========\\n'\nE         \nE         +                                   Test Report                                  \nE         + \u250c\u2500\u2500\u2500\u2500\u2500\u2500\u2500\u2500\u2500\u2500\u2500\u2500\u252c\u2500\u2500\u2500\u2500\u2500\u2500\u2500\u2500\u2500\u2500\u2500\u2500\u252c\u2500\u2500\u2500\u2500\u2500\u2500\u2500\u2500\u2500\u2500\u2500\u2500\u252c\u2500\u2500\u2500\u2500\u2500\u2500\u2500\u2500\u2500\u2500\u2500\u2500\u252c\u2500\u2500\u2500\u2500\u2500\u2500\u2500\u2500\u2500\u2500\u2500\u2500\u252c\u2500\u2500\u2500\u2500\u2500\u2500\u2500\u2500\u2500\u2500\u2500\u2500\u2510\nE         + \u2502            \u2502 Setup      \u2502 Passing    \u2502 Upgraded   \u2502 Lowered    \u2502 Package    \u2502\nE         + \u2502 Environme\u2026 \u2502 successful \u2502 tests      \u2502 packages   \u2502 packages   \u2502 version    \u2502\nE         + \u251c\u2500\u2500\u2500\u2500\u2500\u2500\u2500\u2500\u2500\u2500\u2500\u2500\u253c\u2500\u2500\u2500\u2500\u2500\u2500\u2500\u2500\u2500\u2500\u2500\u2500\u253c\u2500\u2500\u2500\u2500\u2500\u2500\u2500\u2500\u2500\u2500\u2500\u2500\u253c\u2500\u2500\u2500\u2500\u2500\u2500\u2500\u2500\u2500\u2500\u2500\u2500\u253c\u2500\u2500\u2500\u2500\u2500\u2500\u2500\u2500\u2500\u2500\u2500\u2500\u253c\u2500\u2500\u2500\u2500\u2500\u2500\u2500\u2500\u2500\u2500\u2500\u2500\u2524\nE         + \u2502 myupgrade  \u2502 True       \u2502 True       \u2502 myupgrade  \u2502            \u2502 0.2.0      \u2502...\nE         \nE         ...Full output truncated (11 lines hidden), use '-vv' to show\n\nC:\\_work\\_MigTool\\repos\\capitalone@edgetest__dfc8b73c__tabulate__rich\\tests\\test_interface_cfg.py:357: AssertionError"
      },
      "teardown": {
        "outcome": "passed"
      }
    },
    {
      "nodeid": "tests/test_interface_cfg.py::test_cli_setup_reqs_update",
      "lineno": 359,
      "outcome": "passed",
      "keywords": [
        "test_cli_setup_reqs_update",
        "__wrapped__",
        "patchings",
        "test_interface_cfg.py",
        "tests",
        "capitalone@edgetest__dfc8b73c__tabulate__rich",
        ""
      ],
      "setup": {
        "outcome": "passed"
      },
      "call": {
        "outcome": "passed"
      },
      "teardown": {
        "outcome": "passed"
      }
    },
    {
      "nodeid": "tests/test_interface_cfg.py::test_cli_setup_extras_update",
      "lineno": 385,
      "outcome": "passed",
      "keywords": [
        "test_cli_setup_extras_update",
        "__wrapped__",
        "patchings",
        "test_interface_cfg.py",
        "tests",
        "capitalone@edgetest__dfc8b73c__tabulate__rich",
        ""
      ],
      "setup": {
        "outcome": "passed"
      },
      "call": {
        "outcome": "passed"
      },
      "teardown": {
        "outcome": "passed"
      }
    },
    {
      "nodeid": "tests/test_interface_cfg.py::test_cli_nosetup",
      "lineno": 411,
      "outcome": "failed",
      "keywords": [
        "test_cli_nosetup",
        "__wrapped__",
        "patchings",
        "test_interface_cfg.py",
        "tests",
        "capitalone@edgetest__dfc8b73c__tabulate__rich",
        ""
      ],
      "setup": {
        "outcome": "passed"
      },
      "call": {
        "outcome": "failed",
        "crash": {
          "path": "C:\\_work\\_MigTool\\repos\\capitalone@edgetest__dfc8b73c__tabulate__rich\\tests\\test_interface_cfg.py",
          "lineno": 452,
          "message": "AssertionError: assert 'Using existi...E9860B5610>\\n' == 'Using existi...===========\\n'\n  \n    Using existing environment for myenv...\n  +                                   Test Report                                  \n  + \u250c\u2500\u2500\u2500\u2500\u2500\u2500\u2500\u2500\u2500\u2500\u2500\u2500\u252c\u2500\u2500\u2500\u2500\u2500\u2500\u2500\u2500\u2500\u2500\u2500\u2500\u252c\u2500\u2500\u2500\u2500\u2500\u2500\u2500\u2500\u2500\u2500\u2500\u2500\u252c\u2500\u2500\u2500\u2500\u2500\u2500\u2500\u2500\u2500\u2500\u2500\u2500\u252c\u2500\u2500\u2500\u2500\u2500\u2500\u2500\u2500\u2500\u2500\u2500\u2500\u252c\u2500\u2500\u2500\u2500\u2500\u2500\u2500\u2500\u2500\u2500\u2500\u2500\u2510\n  + \u2502            \u2502 Setup      \u2502 Passing    \u2502 Upgraded   \u2502 Lowered    \u2502 Package    \u2502\n  + \u2502 Environme\u2026 \u2502 successful \u2502 tests      \u2502 packages   \u2502 packages   \u2502 version    \u2502\n  + \u251c\u2500\u2500\u2500\u2500\u2500\u2500\u2500\u2500\u2500\u2500\u2500\u2500\u253c\u2500\u2500\u2500\u2500\u2500\u2500\u2500\u2500\u2500\u2500\u2500\u2500\u253c\u2500\u2500\u2500\u2500\u2500\u2500\u2500\u2500\u2500\u2500\u2500\u2500\u253c\u2500\u2500\u2500\u2500\u2500\u2500\u2500\u2500\u2500\u2500\u2500\u2500\u253c\u2500\u2500\u2500\u2500\u2500\u2500\u2500\u2500\u2500\u2500\u2500\u2500\u253c\u2500\u2500\u2500\u2500\u2500\u2500\u2500\u2500\u2500\u2500\u2500\u2500\u2524...\n  \n  ...Full output truncated (10 lines hidden), use '-vv' to show"
        },
        "traceback": [
          {
            "path": "C:\\_work\\_MigTool\\repos\\capitalone@edgetest__dfc8b73c__tabulate__rich\\tests\\test_interface_cfg.py",
            "lineno": 452,
            "message": "AssertionError"
          }
        ],
        "longrepr": "mock_popen = <MagicMock name='Popen' spec='Popen' id='2102486780048'>\nmock_cpopen = <MagicMock name='Popen' spec='Popen' id='2102487661840'>\n\n    @patch(\"edgetest.core.Popen\", autospec=True)\n    @patch(\"edgetest.utils.Popen\", autospec=True)\n    def test_cli_nosetup(mock_popen, mock_cpopen):\n        \"\"\"Test creating a basic environment.\"\"\"\n        mock_popen.return_value.communicate.return_value = (PIP_LIST, \"error\")\n        type(mock_popen.return_value).returncode = PropertyMock(return_value=0)\n        mock_cpopen.return_value.communicate.return_value = (\"output\", \"error\")\n        type(mock_cpopen.return_value).returncode = PropertyMock(return_value=0)\n    \n        runner = CliRunner()\n    \n        with runner.isolated_filesystem() as loc:\n            with open(\"setup.cfg\", \"w\") as outfile:\n                outfile.write(SETUP_CFG)\n    \n            result = runner.invoke(cli, [\"--config=setup.cfg\", \"--nosetup\"])\n    \n        assert result.exit_code == 0\n    \n        env_loc = str(Path(loc) / \".edgetest\" / \"myenv\")\n        if platform.system() == \"Windows\":\n            py_loc = Path(env_loc) / \"Scripts\" / \"python.exe\"\n        else:\n            py_loc = Path(env_loc) / \"bin\" / \"python\"\n    \n        assert mock_popen.call_args_list == [\n            call(\n                (\"uv\", \"pip\", \"list\", f\"--python={py_loc}\", \"--format\", \"json\"),\n                stdout=-1,\n                stderr=-1,\n                universal_newlines=True,\n            ),\n        ]\n        assert mock_cpopen.call_args_list == [\n            call(\n                (f\"{py_loc}\", \"-m\", \"pytest\", \"tests\", \"-m\", \"not integration\"),\n                universal_newlines=True,\n            )\n        ]\n    \n>       assert (\n            result.output == f\"\"\"Using existing environment for myenv...\\n{TABLE_OUTPUT}\"\"\"\n        )\nE       AssertionError: assert 'Using existi...E9860B5610>\\n' == 'Using existi...===========\\n'\nE         \nE           Using existing environment for myenv...\nE         +                                   Test Report                                  \nE         + \u250c\u2500\u2500\u2500\u2500\u2500\u2500\u2500\u2500\u2500\u2500\u2500\u2500\u252c\u2500\u2500\u2500\u2500\u2500\u2500\u2500\u2500\u2500\u2500\u2500\u2500\u252c\u2500\u2500\u2500\u2500\u2500\u2500\u2500\u2500\u2500\u2500\u2500\u2500\u252c\u2500\u2500\u2500\u2500\u2500\u2500\u2500\u2500\u2500\u2500\u2500\u2500\u252c\u2500\u2500\u2500\u2500\u2500\u2500\u2500\u2500\u2500\u2500\u2500\u2500\u252c\u2500\u2500\u2500\u2500\u2500\u2500\u2500\u2500\u2500\u2500\u2500\u2500\u2510\nE         + \u2502            \u2502 Setup      \u2502 Passing    \u2502 Upgraded   \u2502 Lowered    \u2502 Package    \u2502\nE         + \u2502 Environme\u2026 \u2502 successful \u2502 tests      \u2502 packages   \u2502 packages   \u2502 version    \u2502\nE         + \u251c\u2500\u2500\u2500\u2500\u2500\u2500\u2500\u2500\u2500\u2500\u2500\u2500\u253c\u2500\u2500\u2500\u2500\u2500\u2500\u2500\u2500\u2500\u2500\u2500\u2500\u253c\u2500\u2500\u2500\u2500\u2500\u2500\u2500\u2500\u2500\u2500\u2500\u2500\u253c\u2500\u2500\u2500\u2500\u2500\u2500\u2500\u2500\u2500\u2500\u2500\u2500\u253c\u2500\u2500\u2500\u2500\u2500\u2500\u2500\u2500\u2500\u2500\u2500\u2500\u253c\u2500\u2500\u2500\u2500\u2500\u2500\u2500\u2500\u2500\u2500\u2500\u2500\u2524...\nE         \nE         ...Full output truncated (10 lines hidden), use '-vv' to show\n\nC:\\_work\\_MigTool\\repos\\capitalone@edgetest__dfc8b73c__tabulate__rich\\tests\\test_interface_cfg.py:452: AssertionError"
      },
      "teardown": {
        "outcome": "passed"
      }
    },
    {
      "nodeid": "tests/test_interface_cfg.py::test_cli_nosetup_lower",
      "lineno": 456,
      "outcome": "failed",
      "keywords": [
        "test_cli_nosetup_lower",
        "__wrapped__",
        "patchings",
        "test_interface_cfg.py",
        "tests",
        "capitalone@edgetest__dfc8b73c__tabulate__rich",
        ""
      ],
      "setup": {
        "outcome": "passed"
      },
      "call": {
        "outcome": "failed",
        "crash": {
          "path": "C:\\_work\\_MigTool\\repos\\capitalone@edgetest__dfc8b73c__tabulate__rich\\tests\\test_interface_cfg.py",
          "lineno": 489,
          "message": "AssertionError: assert 'Using existi...E9860FEC90>\\n' == 'Using existi...===========\\n'\n  \n    Using existing environment for myenv_lower...\n  +                                   Test Report                                  \n  + \u250c\u2500\u2500\u2500\u2500\u2500\u2500\u2500\u2500\u2500\u2500\u2500\u2500\u252c\u2500\u2500\u2500\u2500\u2500\u2500\u2500\u2500\u2500\u2500\u2500\u2500\u252c\u2500\u2500\u2500\u2500\u2500\u2500\u2500\u2500\u2500\u2500\u2500\u2500\u252c\u2500\u2500\u2500\u2500\u2500\u2500\u2500\u2500\u2500\u2500\u2500\u2500\u252c\u2500\u2500\u2500\u2500\u2500\u2500\u2500\u2500\u2500\u2500\u2500\u2500\u252c\u2500\u2500\u2500\u2500\u2500\u2500\u2500\u2500\u2500\u2500\u2500\u2500\u2510\n  + \u2502            \u2502 Setup      \u2502 Passing    \u2502 Upgraded   \u2502 Lowered    \u2502 Package    \u2502\n  + \u2502 Environme\u2026 \u2502 successful \u2502 tests      \u2502 packages   \u2502 packages   \u2502 version    \u2502\n  + \u251c\u2500\u2500\u2500\u2500\u2500\u2500\u2500\u2500\u2500\u2500\u2500\u2500\u253c\u2500\u2500\u2500\u2500\u2500\u2500\u2500\u2500\u2500\u2500\u2500\u2500\u253c\u2500\u2500\u2500\u2500\u2500\u2500\u2500\u2500\u2500\u2500\u2500\u2500\u253c\u2500\u2500\u2500\u2500\u2500\u2500\u2500\u2500\u2500\u2500\u2500\u2500\u253c\u2500\u2500\u2500\u2500\u2500\u2500\u2500\u2500\u2500\u2500\u2500\u2500\u253c\u2500\u2500\u2500\u2500\u2500\u2500\u2500\u2500\u2500\u2500\u2500\u2500\u2524...\n  \n  ...Full output truncated (10 lines hidden), use '-vv' to show"
        },
        "traceback": [
          {
            "path": "C:\\_work\\_MigTool\\repos\\capitalone@edgetest__dfc8b73c__tabulate__rich\\tests\\test_interface_cfg.py",
            "lineno": 489,
            "message": "AssertionError"
          }
        ],
        "longrepr": "mock_popen = <MagicMock name='Popen' spec='Popen' id='2102486715408'>\nmock_cpopen = <MagicMock name='Popen' spec='Popen' id='2102488142928'>\n\n    @patch(\"edgetest.core.Popen\", autospec=True)\n    @patch(\"edgetest.utils.Popen\", autospec=True)\n    def test_cli_nosetup_lower(mock_popen, mock_cpopen):\n        \"\"\"Test creating a basic environment.\"\"\"\n        mock_popen.return_value.communicate.return_value = (PIP_LIST, \"error\")\n        type(mock_popen.return_value).returncode = PropertyMock(return_value=0)\n        mock_cpopen.return_value.communicate.return_value = (\"output\", \"error\")\n        type(mock_cpopen.return_value).returncode = PropertyMock(return_value=0)\n    \n        runner = CliRunner()\n    \n        with runner.isolated_filesystem() as loc:\n            with open(\"setup.cfg\", \"w\") as outfile:\n                outfile.write(SETUP_CFG_LOWER)\n    \n            result = runner.invoke(cli, [\"--config=setup.cfg\", \"--nosetup\"])\n    \n        assert result.exit_code == 0\n    \n        env_loc = str(Path(loc) / \".edgetest\" / \"myenv_lower\")\n        if platform.system() == \"Windows\":\n            py_loc = Path(env_loc) / \"Scripts\" / \"python.exe\"\n        else:\n            py_loc = Path(env_loc) / \"bin\" / \"python\"\n    \n        assert mock_cpopen.call_args_list == [\n            call(\n                (f\"{py_loc}\", \"-m\", \"pytest\", \"tests\", \"-m\", \"not integration\"),\n                universal_newlines=True,\n            )\n        ]\n    \n>       assert (\n            result.output\n            == f\"\"\"Using existing environment for myenv_lower...\\n{TABLE_OUTPUT_LOWER}\"\"\"\n        )\nE       AssertionError: assert 'Using existi...E9860FEC90>\\n' == 'Using existi...===========\\n'\nE         \nE           Using existing environment for myenv_lower...\nE         +                                   Test Report                                  \nE         + \u250c\u2500\u2500\u2500\u2500\u2500\u2500\u2500\u2500\u2500\u2500\u2500\u2500\u252c\u2500\u2500\u2500\u2500\u2500\u2500\u2500\u2500\u2500\u2500\u2500\u2500\u252c\u2500\u2500\u2500\u2500\u2500\u2500\u2500\u2500\u2500\u2500\u2500\u2500\u252c\u2500\u2500\u2500\u2500\u2500\u2500\u2500\u2500\u2500\u2500\u2500\u2500\u252c\u2500\u2500\u2500\u2500\u2500\u2500\u2500\u2500\u2500\u2500\u2500\u2500\u252c\u2500\u2500\u2500\u2500\u2500\u2500\u2500\u2500\u2500\u2500\u2500\u2500\u2510\nE         + \u2502            \u2502 Setup      \u2502 Passing    \u2502 Upgraded   \u2502 Lowered    \u2502 Package    \u2502\nE         + \u2502 Environme\u2026 \u2502 successful \u2502 tests      \u2502 packages   \u2502 packages   \u2502 version    \u2502\nE         + \u251c\u2500\u2500\u2500\u2500\u2500\u2500\u2500\u2500\u2500\u2500\u2500\u2500\u253c\u2500\u2500\u2500\u2500\u2500\u2500\u2500\u2500\u2500\u2500\u2500\u2500\u253c\u2500\u2500\u2500\u2500\u2500\u2500\u2500\u2500\u2500\u2500\u2500\u2500\u253c\u2500\u2500\u2500\u2500\u2500\u2500\u2500\u2500\u2500\u2500\u2500\u2500\u253c\u2500\u2500\u2500\u2500\u2500\u2500\u2500\u2500\u2500\u2500\u2500\u2500\u253c\u2500\u2500\u2500\u2500\u2500\u2500\u2500\u2500\u2500\u2500\u2500\u2500\u2524...\nE         \nE         ...Full output truncated (10 lines hidden), use '-vv' to show\n\nC:\\_work\\_MigTool\\repos\\capitalone@edgetest__dfc8b73c__tabulate__rich\\tests\\test_interface_cfg.py:489: AssertionError"
      },
      "teardown": {
        "outcome": "passed"
      }
    },
    {
      "nodeid": "tests/test_interface_cfg.py::test_cli_notest",
      "lineno": 494,
      "outcome": "failed",
      "keywords": [
        "test_cli_notest",
        "__wrapped__",
        "patchings",
        "test_interface_cfg.py",
        "tests",
        "capitalone@edgetest__dfc8b73c__tabulate__rich",
        ""
      ],
      "setup": {
        "outcome": "passed"
      },
      "call": {
        "outcome": "failed",
        "crash": {
          "path": "C:\\_work\\_MigTool\\repos\\capitalone@edgetest__dfc8b73c__tabulate__rich\\tests\\test_interface_cfg.py",
          "lineno": 547,
          "message": "AssertionError: assert 'Skipping tes...E9860628D0>\\n' == 'Skipping tes...===========\\n'\n  \n    Skipping tests for myenv\n  +                                   Test Report                                  \n  + \u250c\u2500\u2500\u2500\u2500\u2500\u2500\u2500\u2500\u2500\u2500\u2500\u2500\u252c\u2500\u2500\u2500\u2500\u2500\u2500\u2500\u2500\u2500\u2500\u2500\u2500\u252c\u2500\u2500\u2500\u2500\u2500\u2500\u2500\u2500\u2500\u2500\u2500\u2500\u252c\u2500\u2500\u2500\u2500\u2500\u2500\u2500\u2500\u2500\u2500\u2500\u2500\u252c\u2500\u2500\u2500\u2500\u2500\u2500\u2500\u2500\u2500\u2500\u2500\u2500\u252c\u2500\u2500\u2500\u2500\u2500\u2500\u2500\u2500\u2500\u2500\u2500\u2500\u2510\n  + \u2502            \u2502 Setup      \u2502 Passing    \u2502 Upgraded   \u2502 Lowered    \u2502 Package    \u2502\n  + \u2502 Environme\u2026 \u2502 successful \u2502 tests      \u2502 packages   \u2502 packages   \u2502 version    \u2502\n  + \u251c\u2500\u2500\u2500\u2500\u2500\u2500\u2500\u2500\u2500\u2500\u2500\u2500\u253c\u2500\u2500\u2500\u2500\u2500\u2500\u2500\u2500\u2500\u2500\u2500\u2500\u253c\u2500\u2500\u2500\u2500\u2500\u2500\u2500\u2500\u2500\u2500\u2500\u2500\u253c\u2500\u2500\u2500\u2500\u2500\u2500\u2500\u2500\u2500\u2500\u2500\u2500\u253c\u2500\u2500\u2500\u2500\u2500\u2500\u2500\u2500\u2500\u2500\u2500\u2500\u253c\u2500\u2500\u2500\u2500\u2500\u2500\u2500\u2500\u2500\u2500\u2500\u2500\u2524...\n  \n  ...Full output truncated (10 lines hidden), use '-vv' to show"
        },
        "traceback": [
          {
            "path": "C:\\_work\\_MigTool\\repos\\capitalone@edgetest__dfc8b73c__tabulate__rich\\tests\\test_interface_cfg.py",
            "lineno": 547,
            "message": "AssertionError"
          }
        ],
        "longrepr": "mock_popen = <MagicMock name='Popen' spec='Popen' id='2102487929232'>\nmock_builder = <MagicMock name='EnvBuilder' spec='EnvBuilder' id='2102488201360'>\n\n    @patch(\"edgetest.lib.EnvBuilder\", autospec=True)\n    @patch(\"edgetest.utils.Popen\", autospec=True)\n    def test_cli_notest(mock_popen, mock_builder):\n        \"\"\"Test creating a basic environment.\"\"\"\n        mock_popen.return_value.communicate.return_value = (PIP_LIST, \"error\")\n        type(mock_popen.return_value).returncode = PropertyMock(return_value=0)\n    \n        runner = CliRunner()\n    \n        with runner.isolated_filesystem() as loc:\n            with open(\"setup.cfg\", \"w\") as outfile:\n                outfile.write(SETUP_CFG)\n    \n            result = runner.invoke(cli, [\"--config=setup.cfg\", \"--notest\"])\n    \n        assert result.exit_code == 0\n    \n        env_loc = Path(loc) / \".edgetest\" / \"myenv\"\n        if platform.system() == \"Windows\":\n            py_loc = env_loc / \"Scripts\" / \"python.exe\"\n        else:\n            py_loc = env_loc / \"bin\" / \"python\"\n    \n        mock_builder.return_value.create.assert_called_with(env_loc)\n        assert mock_popen.call_args_list == [\n            call(\n                (\"uv\", \"pip\", \"install\", f\"--python={py_loc!s}\", \".\"),\n                stdout=-1,\n                stderr=-1,\n                universal_newlines=True,\n            ),\n            call(\n                (\n                    \"uv\",\n                    \"pip\",\n                    \"install\",\n                    f\"--python={py_loc!s}\",\n                    \"myupgrade\",\n                    \"--upgrade\",\n                ),\n                stdout=-1,\n                stderr=-1,\n                universal_newlines=True,\n            ),\n            call(\n                (\"uv\", \"pip\", \"list\", f\"--python={py_loc!s}\", \"--format\", \"json\"),\n                stdout=-1,\n                stderr=-1,\n                universal_newlines=True,\n            ),\n        ]\n    \n>       assert result.output == f\"\"\"Skipping tests for myenv\\n{TABLE_OUTPUT_NOTEST}\"\"\"\nE       AssertionError: assert 'Skipping tes...E9860628D0>\\n' == 'Skipping tes...===========\\n'\nE         \nE           Skipping tests for myenv\nE         +                                   Test Report                                  \nE         + \u250c\u2500\u2500\u2500\u2500\u2500\u2500\u2500\u2500\u2500\u2500\u2500\u2500\u252c\u2500\u2500\u2500\u2500\u2500\u2500\u2500\u2500\u2500\u2500\u2500\u2500\u252c\u2500\u2500\u2500\u2500\u2500\u2500\u2500\u2500\u2500\u2500\u2500\u2500\u252c\u2500\u2500\u2500\u2500\u2500\u2500\u2500\u2500\u2500\u2500\u2500\u2500\u252c\u2500\u2500\u2500\u2500\u2500\u2500\u2500\u2500\u2500\u2500\u2500\u2500\u252c\u2500\u2500\u2500\u2500\u2500\u2500\u2500\u2500\u2500\u2500\u2500\u2500\u2510\nE         + \u2502            \u2502 Setup      \u2502 Passing    \u2502 Upgraded   \u2502 Lowered    \u2502 Package    \u2502\nE         + \u2502 Environme\u2026 \u2502 successful \u2502 tests      \u2502 packages   \u2502 packages   \u2502 version    \u2502\nE         + \u251c\u2500\u2500\u2500\u2500\u2500\u2500\u2500\u2500\u2500\u2500\u2500\u2500\u253c\u2500\u2500\u2500\u2500\u2500\u2500\u2500\u2500\u2500\u2500\u2500\u2500\u253c\u2500\u2500\u2500\u2500\u2500\u2500\u2500\u2500\u2500\u2500\u2500\u2500\u253c\u2500\u2500\u2500\u2500\u2500\u2500\u2500\u2500\u2500\u2500\u2500\u2500\u253c\u2500\u2500\u2500\u2500\u2500\u2500\u2500\u2500\u2500\u2500\u2500\u2500\u253c\u2500\u2500\u2500\u2500\u2500\u2500\u2500\u2500\u2500\u2500\u2500\u2500\u2524...\nE         \nE         ...Full output truncated (10 lines hidden), use '-vv' to show\n\nC:\\_work\\_MigTool\\repos\\capitalone@edgetest__dfc8b73c__tabulate__rich\\tests\\test_interface_cfg.py:547: AssertionError"
      },
      "teardown": {
        "outcome": "passed"
      }
    },
    {
      "nodeid": "tests/test_interface_cfg.py::test_cli_notest_lower",
      "lineno": 549,
      "outcome": "failed",
      "keywords": [
        "test_cli_notest_lower",
        "__wrapped__",
        "patchings",
        "test_interface_cfg.py",
        "tests",
        "capitalone@edgetest__dfc8b73c__tabulate__rich",
        ""
      ],
      "setup": {
        "outcome": "passed"
      },
      "call": {
        "outcome": "failed",
        "crash": {
          "path": "C:\\_work\\_MigTool\\repos\\capitalone@edgetest__dfc8b73c__tabulate__rich\\tests\\test_interface_cfg.py",
          "lineno": 595,
          "message": "AssertionError: assert 'Skipping tes...E985F6CC10>\\n' == 'Skipping tes...===========\\n'\n  \n    Skipping tests for myenv_lower\n  +                                   Test Report                                  \n  + \u250c\u2500\u2500\u2500\u2500\u2500\u2500\u2500\u2500\u2500\u2500\u2500\u2500\u252c\u2500\u2500\u2500\u2500\u2500\u2500\u2500\u2500\u2500\u2500\u2500\u2500\u252c\u2500\u2500\u2500\u2500\u2500\u2500\u2500\u2500\u2500\u2500\u2500\u2500\u252c\u2500\u2500\u2500\u2500\u2500\u2500\u2500\u2500\u2500\u2500\u2500\u2500\u252c\u2500\u2500\u2500\u2500\u2500\u2500\u2500\u2500\u2500\u2500\u2500\u2500\u252c\u2500\u2500\u2500\u2500\u2500\u2500\u2500\u2500\u2500\u2500\u2500\u2500\u2510\n  + \u2502            \u2502 Setup      \u2502 Passing    \u2502 Upgraded   \u2502 Lowered    \u2502 Package    \u2502\n  + \u2502 Environme\u2026 \u2502 successful \u2502 tests      \u2502 packages   \u2502 packages   \u2502 version    \u2502\n  + \u251c\u2500\u2500\u2500\u2500\u2500\u2500\u2500\u2500\u2500\u2500\u2500\u2500\u253c\u2500\u2500\u2500\u2500\u2500\u2500\u2500\u2500\u2500\u2500\u2500\u2500\u253c\u2500\u2500\u2500\u2500\u2500\u2500\u2500\u2500\u2500\u2500\u2500\u2500\u253c\u2500\u2500\u2500\u2500\u2500\u2500\u2500\u2500\u2500\u2500\u2500\u2500\u253c\u2500\u2500\u2500\u2500\u2500\u2500\u2500\u2500\u2500\u2500\u2500\u2500\u253c\u2500\u2500\u2500\u2500\u2500\u2500\u2500\u2500\u2500\u2500\u2500\u2500\u2524...\n  \n  ...Full output truncated (10 lines hidden), use '-vv' to show"
        },
        "traceback": [
          {
            "path": "C:\\_work\\_MigTool\\repos\\capitalone@edgetest__dfc8b73c__tabulate__rich\\tests\\test_interface_cfg.py",
            "lineno": 595,
            "message": "AssertionError"
          }
        ],
        "longrepr": "mock_popen = <MagicMock name='Popen' spec='Popen' id='2102486785040'>\nmock_builder = <MagicMock name='EnvBuilder' spec='EnvBuilder' id='2102487569808'>\n\n    @patch(\"edgetest.lib.EnvBuilder\", autospec=True)\n    @patch(\"edgetest.utils.Popen\", autospec=True)\n    def test_cli_notest_lower(mock_popen, mock_builder):\n        \"\"\"Test creating a basic environment.\"\"\"\n        mock_popen.return_value.communicate.return_value = (PIP_LIST, \"error\")\n        type(mock_popen.return_value).returncode = PropertyMock(return_value=0)\n    \n        runner = CliRunner()\n    \n        with runner.isolated_filesystem() as loc:\n            with open(\"setup.cfg\", \"w\") as outfile:\n                outfile.write(SETUP_CFG_LOWER)\n    \n            result = runner.invoke(cli, [\"--config=setup.cfg\", \"--notest\"])\n    \n        assert result.exit_code == 0\n    \n        env_loc = Path(loc) / \".edgetest\" / \"myenv_lower\"\n        if platform.system() == \"Windows\":\n            py_loc = env_loc / \"Scripts\" / \"python.exe\"\n        else:\n            py_loc = env_loc / \"bin\" / \"python\"\n    \n        mock_builder.return_value.create.assert_called_with(env_loc)\n        assert mock_popen.call_args_list == [\n            call(\n                (\"uv\", \"pip\", \"install\", f\"--python={py_loc!s}\", \".\"),\n                stdout=-1,\n                stderr=-1,\n                universal_newlines=True,\n            ),\n            call(\n                (\n                    \"uv\",\n                    \"pip\",\n                    \"install\",\n                    f\"--python={py_loc!s}\",\n                    \"mylower==0.0.1\",\n                ),\n                stdout=-1,\n                stderr=-1,\n                universal_newlines=True,\n            ),\n        ]\n    \n>       assert (\n            result.output\n            == f\"\"\"Skipping tests for myenv_lower\\n{TABLE_OUTPUT_NOTEST_LOWER}\"\"\"\n        )\nE       AssertionError: assert 'Skipping tes...E985F6CC10>\\n' == 'Skipping tes...===========\\n'\nE         \nE           Skipping tests for myenv_lower\nE         +                                   Test Report                                  \nE         + \u250c\u2500\u2500\u2500\u2500\u2500\u2500\u2500\u2500\u2500\u2500\u2500\u2500\u252c\u2500\u2500\u2500\u2500\u2500\u2500\u2500\u2500\u2500\u2500\u2500\u2500\u252c\u2500\u2500\u2500\u2500\u2500\u2500\u2500\u2500\u2500\u2500\u2500\u2500\u252c\u2500\u2500\u2500\u2500\u2500\u2500\u2500\u2500\u2500\u2500\u2500\u2500\u252c\u2500\u2500\u2500\u2500\u2500\u2500\u2500\u2500\u2500\u2500\u2500\u2500\u252c\u2500\u2500\u2500\u2500\u2500\u2500\u2500\u2500\u2500\u2500\u2500\u2500\u2510\nE         + \u2502            \u2502 Setup      \u2502 Passing    \u2502 Upgraded   \u2502 Lowered    \u2502 Package    \u2502\nE         + \u2502 Environme\u2026 \u2502 successful \u2502 tests      \u2502 packages   \u2502 packages   \u2502 version    \u2502\nE         + \u251c\u2500\u2500\u2500\u2500\u2500\u2500\u2500\u2500\u2500\u2500\u2500\u2500\u253c\u2500\u2500\u2500\u2500\u2500\u2500\u2500\u2500\u2500\u2500\u2500\u2500\u253c\u2500\u2500\u2500\u2500\u2500\u2500\u2500\u2500\u2500\u2500\u2500\u2500\u253c\u2500\u2500\u2500\u2500\u2500\u2500\u2500\u2500\u2500\u2500\u2500\u2500\u253c\u2500\u2500\u2500\u2500\u2500\u2500\u2500\u2500\u2500\u2500\u2500\u2500\u253c\u2500\u2500\u2500\u2500\u2500\u2500\u2500\u2500\u2500\u2500\u2500\u2500\u2524...\nE         \nE         ...Full output truncated (10 lines hidden), use '-vv' to show\n\nC:\\_work\\_MigTool\\repos\\capitalone@edgetest__dfc8b73c__tabulate__rich\\tests\\test_interface_cfg.py:595: AssertionError"
      },
      "teardown": {
        "outcome": "passed"
      }
    },
    {
      "nodeid": "tests/test_interface_toml.py::test_cli_basic",
      "lineno": 113,
      "outcome": "failed",
      "keywords": [
        "test_cli_basic",
        "__wrapped__",
        "patchings",
        "test_interface_toml.py",
        "tests",
        "capitalone@edgetest__dfc8b73c__tabulate__rich",
        ""
      ],
      "setup": {
        "outcome": "passed"
      },
      "call": {
        "outcome": "failed",
        "crash": {
          "path": "C:\\_work\\_MigTool\\repos\\capitalone@edgetest__dfc8b73c__tabulate__rich\\tests\\test_interface_toml.py",
          "lineno": 182,
          "message": "AssertionError: assert '            ...E986062A10>\\n' == '\\n\\n========...===========\\n'\n  \n  +                                   Test Report                                  \n  + \u250c\u2500\u2500\u2500\u2500\u2500\u2500\u2500\u2500\u2500\u2500\u2500\u2500\u252c\u2500\u2500\u2500\u2500\u2500\u2500\u2500\u2500\u2500\u2500\u2500\u2500\u252c\u2500\u2500\u2500\u2500\u2500\u2500\u2500\u2500\u2500\u2500\u2500\u2500\u252c\u2500\u2500\u2500\u2500\u2500\u2500\u2500\u2500\u2500\u2500\u2500\u2500\u252c\u2500\u2500\u2500\u2500\u2500\u2500\u2500\u2500\u2500\u2500\u2500\u2500\u252c\u2500\u2500\u2500\u2500\u2500\u2500\u2500\u2500\u2500\u2500\u2500\u2500\u2510\n  + \u2502            \u2502 Setup      \u2502 Passing    \u2502 Upgraded   \u2502 Lowered    \u2502 Package    \u2502\n  + \u2502 Environme\u2026 \u2502 successful \u2502 tests      \u2502 packages   \u2502 packages   \u2502 version    \u2502\n  + \u251c\u2500\u2500\u2500\u2500\u2500\u2500\u2500\u2500\u2500\u2500\u2500\u2500\u253c\u2500\u2500\u2500\u2500\u2500\u2500\u2500\u2500\u2500\u2500\u2500\u2500\u253c\u2500\u2500\u2500\u2500\u2500\u2500\u2500\u2500\u2500\u2500\u2500\u2500\u253c\u2500\u2500\u2500\u2500\u2500\u2500\u2500\u2500\u2500\u2500\u2500\u2500\u253c\u2500\u2500\u2500\u2500\u2500\u2500\u2500\u2500\u2500\u2500\u2500\u2500\u253c\u2500\u2500\u2500\u2500\u2500\u2500\u2500\u2500\u2500\u2500\u2500\u2500\u2524\n  + \u2502 myenv      \u2502 True       \u2502 True       \u2502 myupgrade  \u2502            \u2502 0.2.0      \u2502...\n  \n  ...Full output truncated (9 lines hidden), use '-vv' to show"
        },
        "traceback": [
          {
            "path": "C:\\_work\\_MigTool\\repos\\capitalone@edgetest__dfc8b73c__tabulate__rich\\tests\\test_interface_toml.py",
            "lineno": 182,
            "message": "AssertionError"
          }
        ],
        "longrepr": "mock_popen = <MagicMock name='Popen' spec='Popen' id='2102486681232'>\nmock_cpopen = <MagicMock name='Popen' spec='Popen' id='2102486125904'>\nmock_builder = <MagicMock name='EnvBuilder' spec='EnvBuilder' id='2102486070352'>\n\n    @patch(\"edgetest.lib.EnvBuilder\", autospec=True)\n    @patch(\"edgetest.core.Popen\", autospec=True)\n    @patch(\"edgetest.utils.Popen\", autospec=True)\n    def test_cli_basic(mock_popen, mock_cpopen, mock_builder):\n        \"\"\"Test creating a basic environment.\"\"\"\n        mock_popen.return_value.communicate.return_value = (PIP_LIST, \"error\")\n        type(mock_popen.return_value).returncode = PropertyMock(return_value=0)\n        mock_cpopen.return_value.communicate.return_value = (\"output\", \"error\")\n        type(mock_cpopen.return_value).returncode = PropertyMock(return_value=0)\n    \n        runner = CliRunner()\n    \n        with runner.isolated_filesystem() as loc:\n            with open(\"pyproject.toml\", \"w\") as outfile:\n                outfile.write(SETUP_TOML)\n    \n            result = runner.invoke(cli, [\"--config=pyproject.toml\"])\n    \n        assert result.exit_code == 0\n    \n        env_loc = Path(loc) / \".edgetest\" / \"myenv\"\n        if platform.system() == \"Windows\":\n            py_loc = env_loc / \"Scripts\" / \"python.exe\"\n        else:\n            py_loc = env_loc / \"bin\" / \"python\"\n    \n        mock_builder.return_value.create.assert_called_with(env_loc)\n        assert mock_popen.call_args_list == [\n            call(\n                (\"uv\", \"pip\", \"install\", f\"--python={py_loc!s}\", \".\"),\n                stdout=-1,\n                stderr=-1,\n                universal_newlines=True,\n            ),\n            call(\n                (\n                    \"uv\",\n                    \"pip\",\n                    \"install\",\n                    f\"--python={py_loc!s}\",\n                    \"myupgrade\",\n                    \"--upgrade\",\n                ),\n                stdout=-1,\n                stderr=-1,\n                universal_newlines=True,\n            ),\n            call(\n                (\"uv\", \"pip\", \"list\", f\"--python={py_loc!s}\", \"--format\", \"json\"),\n                stdout=-1,\n                stderr=-1,\n                universal_newlines=True,\n            ),\n        ]\n        assert mock_cpopen.call_args_list == [\n            call(\n                (\n                    f\"{py_loc!s}\",\n                    \"-m\",\n                    \"pytest\",\n                    \"tests\",\n                    \"-m\",\n                    \"not integration\",\n                ),\n                universal_newlines=True,\n            )\n        ]\n    \n>       assert result.output == TABLE_OUTPUT\nE       AssertionError: assert '            ...E986062A10>\\n' == '\\n\\n========...===========\\n'\nE         \nE         +                                   Test Report                                  \nE         + \u250c\u2500\u2500\u2500\u2500\u2500\u2500\u2500\u2500\u2500\u2500\u2500\u2500\u252c\u2500\u2500\u2500\u2500\u2500\u2500\u2500\u2500\u2500\u2500\u2500\u2500\u252c\u2500\u2500\u2500\u2500\u2500\u2500\u2500\u2500\u2500\u2500\u2500\u2500\u252c\u2500\u2500\u2500\u2500\u2500\u2500\u2500\u2500\u2500\u2500\u2500\u2500\u252c\u2500\u2500\u2500\u2500\u2500\u2500\u2500\u2500\u2500\u2500\u2500\u2500\u252c\u2500\u2500\u2500\u2500\u2500\u2500\u2500\u2500\u2500\u2500\u2500\u2500\u2510\nE         + \u2502            \u2502 Setup      \u2502 Passing    \u2502 Upgraded   \u2502 Lowered    \u2502 Package    \u2502\nE         + \u2502 Environme\u2026 \u2502 successful \u2502 tests      \u2502 packages   \u2502 packages   \u2502 version    \u2502\nE         + \u251c\u2500\u2500\u2500\u2500\u2500\u2500\u2500\u2500\u2500\u2500\u2500\u2500\u253c\u2500\u2500\u2500\u2500\u2500\u2500\u2500\u2500\u2500\u2500\u2500\u2500\u253c\u2500\u2500\u2500\u2500\u2500\u2500\u2500\u2500\u2500\u2500\u2500\u2500\u253c\u2500\u2500\u2500\u2500\u2500\u2500\u2500\u2500\u2500\u2500\u2500\u2500\u253c\u2500\u2500\u2500\u2500\u2500\u2500\u2500\u2500\u2500\u2500\u2500\u2500\u253c\u2500\u2500\u2500\u2500\u2500\u2500\u2500\u2500\u2500\u2500\u2500\u2500\u2524\nE         + \u2502 myenv      \u2502 True       \u2502 True       \u2502 myupgrade  \u2502            \u2502 0.2.0      \u2502...\nE         \nE         ...Full output truncated (9 lines hidden), use '-vv' to show\n\nC:\\_work\\_MigTool\\repos\\capitalone@edgetest__dfc8b73c__tabulate__rich\\tests\\test_interface_toml.py:182: AssertionError"
      },
      "teardown": {
        "outcome": "passed"
      }
    },
    {
      "nodeid": "tests/test_interface_toml.py::test_cli_basic_lower",
      "lineno": 184,
      "outcome": "failed",
      "keywords": [
        "test_cli_basic_lower",
        "__wrapped__",
        "patchings",
        "test_interface_toml.py",
        "tests",
        "capitalone@edgetest__dfc8b73c__tabulate__rich",
        ""
      ],
      "setup": {
        "outcome": "passed"
      },
      "call": {
        "outcome": "failed",
        "crash": {
          "path": "C:\\_work\\_MigTool\\repos\\capitalone@edgetest__dfc8b73c__tabulate__rich\\tests\\test_interface_toml.py",
          "lineno": 246,
          "message": "AssertionError: assert '            ...E985694650>\\n' == '\\n\\n========...===========\\n'\n  \n  +                                   Test Report                                  \n  + \u250c\u2500\u2500\u2500\u2500\u2500\u2500\u2500\u2500\u2500\u2500\u2500\u2500\u252c\u2500\u2500\u2500\u2500\u2500\u2500\u2500\u2500\u2500\u2500\u2500\u2500\u252c\u2500\u2500\u2500\u2500\u2500\u2500\u2500\u2500\u2500\u2500\u2500\u2500\u252c\u2500\u2500\u2500\u2500\u2500\u2500\u2500\u2500\u2500\u2500\u2500\u2500\u252c\u2500\u2500\u2500\u2500\u2500\u2500\u2500\u2500\u2500\u2500\u2500\u2500\u252c\u2500\u2500\u2500\u2500\u2500\u2500\u2500\u2500\u2500\u2500\u2500\u2500\u2510\n  + \u2502            \u2502 Setup      \u2502 Passing    \u2502 Upgraded   \u2502 Lowered    \u2502 Package    \u2502\n  + \u2502 Environme\u2026 \u2502 successful \u2502 tests      \u2502 packages   \u2502 packages   \u2502 version    \u2502\n  + \u251c\u2500\u2500\u2500\u2500\u2500\u2500\u2500\u2500\u2500\u2500\u2500\u2500\u253c\u2500\u2500\u2500\u2500\u2500\u2500\u2500\u2500\u2500\u2500\u2500\u2500\u253c\u2500\u2500\u2500\u2500\u2500\u2500\u2500\u2500\u2500\u2500\u2500\u2500\u253c\u2500\u2500\u2500\u2500\u2500\u2500\u2500\u2500\u2500\u2500\u2500\u2500\u253c\u2500\u2500\u2500\u2500\u2500\u2500\u2500\u2500\u2500\u2500\u2500\u2500\u253c\u2500\u2500\u2500\u2500\u2500\u2500\u2500\u2500\u2500\u2500\u2500\u2500\u2524\n  + \u2502 myenv_low\u2026 \u2502 True       \u2502 True       \u2502            \u2502 mylower    \u2502 0.0.1      \u2502...\n  \n  ...Full output truncated (9 lines hidden), use '-vv' to show"
        },
        "traceback": [
          {
            "path": "C:\\_work\\_MigTool\\repos\\capitalone@edgetest__dfc8b73c__tabulate__rich\\tests\\test_interface_toml.py",
            "lineno": 246,
            "message": "AssertionError"
          }
        ],
        "longrepr": "mock_popen = <MagicMock name='Popen' spec='Popen' id='2102485380432'>\nmock_cpopen = <MagicMock name='Popen' spec='Popen' id='2102485300688'>\nmock_builder = <MagicMock name='EnvBuilder' spec='EnvBuilder' id='2102484731088'>\n\n    @patch(\"edgetest.lib.EnvBuilder\", autospec=True)\n    @patch(\"edgetest.core.Popen\", autospec=True)\n    @patch(\"edgetest.utils.Popen\", autospec=True)\n    def test_cli_basic_lower(mock_popen, mock_cpopen, mock_builder):\n        \"\"\"Test creating a basic environment.\"\"\"\n        mock_popen.return_value.communicate.return_value = (PIP_LIST, \"error\")\n        type(mock_popen.return_value).returncode = PropertyMock(return_value=0)\n        mock_cpopen.return_value.communicate.return_value = (\"output\", \"error\")\n        type(mock_cpopen.return_value).returncode = PropertyMock(return_value=0)\n    \n        runner = CliRunner()\n    \n        with runner.isolated_filesystem() as loc:\n            with open(\"pyproject.toml\", \"w\") as outfile:\n                outfile.write(SETUP_TOML_LOWER)\n    \n            result = runner.invoke(cli, [\"--config=pyproject.toml\"])\n    \n        assert result.exit_code == 0\n    \n        env_loc = Path(loc) / \".edgetest\" / \"myenv_lower\"\n        if platform.system() == \"Windows\":\n            py_loc = env_loc / \"Scripts\" / \"python.exe\"\n        else:\n            py_loc = env_loc / \"bin\" / \"python\"\n    \n        mock_builder.return_value.create.assert_called_with(env_loc)\n        assert mock_popen.call_args_list == [\n            call(\n                (\"uv\", \"pip\", \"install\", f\"--python={py_loc!s}\", \".\"),\n                stdout=-1,\n                stderr=-1,\n                universal_newlines=True,\n            ),\n            call(\n                (\n                    \"uv\",\n                    \"pip\",\n                    \"install\",\n                    f\"--python={py_loc!s}\",\n                    \"mylower==0.0.1\",\n                ),\n                stdout=-1,\n                stderr=-1,\n                universal_newlines=True,\n            ),\n        ]\n        assert mock_cpopen.call_args_list == [\n            call(\n                (\n                    f\"{py_loc!s}\",\n                    \"-m\",\n                    \"pytest\",\n                    \"tests\",\n                    \"-m\",\n                    \"not integration\",\n                ),\n                universal_newlines=True,\n            )\n        ]\n    \n>       assert result.output == TABLE_OUTPUT_LOWER\nE       AssertionError: assert '            ...E985694650>\\n' == '\\n\\n========...===========\\n'\nE         \nE         +                                   Test Report                                  \nE         + \u250c\u2500\u2500\u2500\u2500\u2500\u2500\u2500\u2500\u2500\u2500\u2500\u2500\u252c\u2500\u2500\u2500\u2500\u2500\u2500\u2500\u2500\u2500\u2500\u2500\u2500\u252c\u2500\u2500\u2500\u2500\u2500\u2500\u2500\u2500\u2500\u2500\u2500\u2500\u252c\u2500\u2500\u2500\u2500\u2500\u2500\u2500\u2500\u2500\u2500\u2500\u2500\u252c\u2500\u2500\u2500\u2500\u2500\u2500\u2500\u2500\u2500\u2500\u2500\u2500\u252c\u2500\u2500\u2500\u2500\u2500\u2500\u2500\u2500\u2500\u2500\u2500\u2500\u2510\nE         + \u2502            \u2502 Setup      \u2502 Passing    \u2502 Upgraded   \u2502 Lowered    \u2502 Package    \u2502\nE         + \u2502 Environme\u2026 \u2502 successful \u2502 tests      \u2502 packages   \u2502 packages   \u2502 version    \u2502\nE         + \u251c\u2500\u2500\u2500\u2500\u2500\u2500\u2500\u2500\u2500\u2500\u2500\u2500\u253c\u2500\u2500\u2500\u2500\u2500\u2500\u2500\u2500\u2500\u2500\u2500\u2500\u253c\u2500\u2500\u2500\u2500\u2500\u2500\u2500\u2500\u2500\u2500\u2500\u2500\u253c\u2500\u2500\u2500\u2500\u2500\u2500\u2500\u2500\u2500\u2500\u2500\u2500\u253c\u2500\u2500\u2500\u2500\u2500\u2500\u2500\u2500\u2500\u2500\u2500\u2500\u253c\u2500\u2500\u2500\u2500\u2500\u2500\u2500\u2500\u2500\u2500\u2500\u2500\u2524\nE         + \u2502 myenv_low\u2026 \u2502 True       \u2502 True       \u2502            \u2502 mylower    \u2502 0.0.1      \u2502...\nE         \nE         ...Full output truncated (9 lines hidden), use '-vv' to show\n\nC:\\_work\\_MigTool\\repos\\capitalone@edgetest__dfc8b73c__tabulate__rich\\tests\\test_interface_toml.py:246: AssertionError"
      },
      "teardown": {
        "outcome": "passed"
      }
    },
    {
      "nodeid": "tests/test_interface_toml.py::test_cli_reqs",
      "lineno": 248,
      "outcome": "failed",
      "keywords": [
        "test_cli_reqs",
        "__wrapped__",
        "patchings",
        "test_interface_toml.py",
        "tests",
        "capitalone@edgetest__dfc8b73c__tabulate__rich",
        ""
      ],
      "setup": {
        "outcome": "passed"
      },
      "call": {
        "outcome": "failed",
        "crash": {
          "path": "C:\\_work\\_MigTool\\repos\\capitalone@edgetest__dfc8b73c__tabulate__rich\\tests\\test_interface_toml.py",
          "lineno": 368,
          "message": "AssertionError: assert '            ...E985C85990>\\n' == '\\n\\n========...===========\\n'\n  \n  +                                   Test Report                                  \n  + \u250c\u2500\u2500\u2500\u2500\u2500\u2500\u2500\u2500\u2500\u2500\u2500\u2500\u252c\u2500\u2500\u2500\u2500\u2500\u2500\u2500\u2500\u2500\u2500\u2500\u2500\u252c\u2500\u2500\u2500\u2500\u2500\u2500\u2500\u2500\u2500\u2500\u2500\u2500\u252c\u2500\u2500\u2500\u2500\u2500\u2500\u2500\u2500\u2500\u2500\u2500\u2500\u252c\u2500\u2500\u2500\u2500\u2500\u2500\u2500\u2500\u2500\u2500\u2500\u2500\u252c\u2500\u2500\u2500\u2500\u2500\u2500\u2500\u2500\u2500\u2500\u2500\u2500\u2510\n  + \u2502            \u2502 Setup      \u2502 Passing    \u2502 Upgraded   \u2502 Lowered    \u2502 Package    \u2502\n  + \u2502 Environme\u2026 \u2502 successful \u2502 tests      \u2502 packages   \u2502 packages   \u2502 version    \u2502\n  + \u251c\u2500\u2500\u2500\u2500\u2500\u2500\u2500\u2500\u2500\u2500\u2500\u2500\u253c\u2500\u2500\u2500\u2500\u2500\u2500\u2500\u2500\u2500\u2500\u2500\u2500\u253c\u2500\u2500\u2500\u2500\u2500\u2500\u2500\u2500\u2500\u2500\u2500\u2500\u253c\u2500\u2500\u2500\u2500\u2500\u2500\u2500\u2500\u2500\u2500\u2500\u2500\u253c\u2500\u2500\u2500\u2500\u2500\u2500\u2500\u2500\u2500\u2500\u2500\u2500\u253c\u2500\u2500\u2500\u2500\u2500\u2500\u2500\u2500\u2500\u2500\u2500\u2500\u2524\n  + \u2502 myupgrade  \u2502 True       \u2502 True       \u2502 myupgrade  \u2502            \u2502 0.2.0      \u2502...\n  \n  ...Full output truncated (11 lines hidden), use '-vv' to show"
        },
        "traceback": [
          {
            "path": "C:\\_work\\_MigTool\\repos\\capitalone@edgetest__dfc8b73c__tabulate__rich\\tests\\test_interface_toml.py",
            "lineno": 368,
            "message": "AssertionError"
          }
        ],
        "longrepr": "mock_popen = <MagicMock name='Popen' spec='Popen' id='2102483644880'>\nmock_cpopen = <MagicMock name='Popen' spec='Popen' id='2102483663952'>\nmock_builder = <MagicMock name='EnvBuilder' spec='EnvBuilder' id='2102483672400'>\n\n    @patch(\"edgetest.lib.EnvBuilder\", autospec=True)\n    @patch(\"edgetest.core.Popen\", autospec=True)\n    @patch(\"edgetest.utils.Popen\", autospec=True)\n    def test_cli_reqs(mock_popen, mock_cpopen, mock_builder):\n        \"\"\"Test running tests based on the requirements file.\"\"\"\n        mock_popen.return_value.communicate.return_value = (PIP_LIST, \"error\")\n        type(mock_popen.return_value).returncode = PropertyMock(return_value=0)\n        mock_cpopen.return_value.communicate.return_value = (\"output\", \"error\")\n        type(mock_cpopen.return_value).returncode = PropertyMock(return_value=0)\n    \n        runner = CliRunner()\n    \n        with runner.isolated_filesystem() as loc:\n            with open(\"requirements.txt\", \"w\") as outfile:\n                outfile.write(REQS)\n    \n            result = runner.invoke(cli)\n    \n        if platform.system() == \"Windows\":\n            py_myupgrade_loc = (\n                Path(loc) / \".edgetest\" / \"myupgrade\" / \"Scripts\" / \"python.exe\"\n            )\n            py_allreq_loc = (\n                Path(loc) / \".edgetest\" / \"all-requirements\" / \"Scripts\" / \"python.exe\"\n            )\n        else:\n            py_myupgrade_loc = Path(loc) / \".edgetest\" / \"myupgrade\" / \"bin\" / \"python\"\n            py_allreq_loc = Path(loc) / \".edgetest\" / \"all-requirements\" / \"bin\" / \"python\"\n    \n        assert result.exit_code == 0\n    \n        assert mock_builder.return_value.create.call_args_list == [\n            call(env_dir=Path(loc) / \".edgetest\" / \"myupgrade\"),\n            call(env_dir=Path(loc) / \".edgetest\" / \"all-requirements\"),\n        ]\n    \n        assert mock_popen.call_args_list == [\n            call(\n                (\"uv\", \"pip\", \"install\", f\"--python={py_myupgrade_loc!s}\", \".\"),\n                stdout=-1,\n                stderr=-1,\n                universal_newlines=True,\n            ),\n            call(\n                (\n                    \"uv\",\n                    \"pip\",\n                    \"install\",\n                    f\"--python={py_myupgrade_loc!s}\",\n                    \"myupgrade\",\n                    \"--upgrade\",\n                ),\n                stdout=-1,\n                stderr=-1,\n                universal_newlines=True,\n            ),\n            call(\n                (\n                    \"uv\",\n                    \"pip\",\n                    \"install\",\n                    f\"--python={py_allreq_loc!s}\",\n                    \".\",\n                ),\n                stdout=-1,\n                stderr=-1,\n                universal_newlines=True,\n            ),\n            call(\n                (\n                    \"uv\",\n                    \"pip\",\n                    \"install\",\n                    f\"--python={py_allreq_loc!s}\",\n                    \"myupgrade\",\n                    \"--upgrade\",\n                ),\n                stdout=-1,\n                stderr=-1,\n                universal_newlines=True,\n            ),\n            call(\n                (\n                    \"uv\",\n                    \"pip\",\n                    \"list\",\n                    f\"--python={py_myupgrade_loc!s}\",\n                    \"--format\",\n                    \"json\",\n                ),\n                stdout=-1,\n                stderr=-1,\n                universal_newlines=True,\n            ),\n            call(\n                (\n                    \"uv\",\n                    \"pip\",\n                    \"list\",\n                    f\"--python={py_allreq_loc!s}\",\n                    \"--format\",\n                    \"json\",\n                ),\n                stdout=-1,\n                stderr=-1,\n                universal_newlines=True,\n            ),\n        ]\n        assert mock_cpopen.call_args_list == [\n            call(\n                (f\"{py_myupgrade_loc!s}\", \"-m\", \"pytest\"),\n                universal_newlines=True,\n            ),\n            call(\n                (f\"{py_allreq_loc!s}\", \"-m\", \"pytest\"),\n                universal_newlines=True,\n            ),\n        ]\n    \n>       assert result.output == TABLE_OUTPUT_REQS\nE       AssertionError: assert '            ...E985C85990>\\n' == '\\n\\n========...===========\\n'\nE         \nE         +                                   Test Report                                  \nE         + \u250c\u2500\u2500\u2500\u2500\u2500\u2500\u2500\u2500\u2500\u2500\u2500\u2500\u252c\u2500\u2500\u2500\u2500\u2500\u2500\u2500\u2500\u2500\u2500\u2500\u2500\u252c\u2500\u2500\u2500\u2500\u2500\u2500\u2500\u2500\u2500\u2500\u2500\u2500\u252c\u2500\u2500\u2500\u2500\u2500\u2500\u2500\u2500\u2500\u2500\u2500\u2500\u252c\u2500\u2500\u2500\u2500\u2500\u2500\u2500\u2500\u2500\u2500\u2500\u2500\u252c\u2500\u2500\u2500\u2500\u2500\u2500\u2500\u2500\u2500\u2500\u2500\u2500\u2510\nE         + \u2502            \u2502 Setup      \u2502 Passing    \u2502 Upgraded   \u2502 Lowered    \u2502 Package    \u2502\nE         + \u2502 Environme\u2026 \u2502 successful \u2502 tests      \u2502 packages   \u2502 packages   \u2502 version    \u2502\nE         + \u251c\u2500\u2500\u2500\u2500\u2500\u2500\u2500\u2500\u2500\u2500\u2500\u2500\u253c\u2500\u2500\u2500\u2500\u2500\u2500\u2500\u2500\u2500\u2500\u2500\u2500\u253c\u2500\u2500\u2500\u2500\u2500\u2500\u2500\u2500\u2500\u2500\u2500\u2500\u253c\u2500\u2500\u2500\u2500\u2500\u2500\u2500\u2500\u2500\u2500\u2500\u2500\u253c\u2500\u2500\u2500\u2500\u2500\u2500\u2500\u2500\u2500\u2500\u2500\u2500\u253c\u2500\u2500\u2500\u2500\u2500\u2500\u2500\u2500\u2500\u2500\u2500\u2500\u2524\nE         + \u2502 myupgrade  \u2502 True       \u2502 True       \u2502 myupgrade  \u2502            \u2502 0.2.0      \u2502...\nE         \nE         ...Full output truncated (11 lines hidden), use '-vv' to show\n\nC:\\_work\\_MigTool\\repos\\capitalone@edgetest__dfc8b73c__tabulate__rich\\tests\\test_interface_toml.py:368: AssertionError"
      },
      "teardown": {
        "outcome": "passed"
      }
    },
    {
      "nodeid": "tests/test_interface_toml.py::test_cli_setup_reqs_update",
      "lineno": 370,
      "outcome": "passed",
      "keywords": [
        "test_cli_setup_reqs_update",
        "__wrapped__",
        "patchings",
        "test_interface_toml.py",
        "tests",
        "capitalone@edgetest__dfc8b73c__tabulate__rich",
        ""
      ],
      "setup": {
        "outcome": "passed"
      },
      "call": {
        "outcome": "passed"
      },
      "teardown": {
        "outcome": "passed"
      }
    },
    {
      "nodeid": "tests/test_interface_toml.py::test_cli_setup_extras_update",
      "lineno": 396,
      "outcome": "passed",
      "keywords": [
        "test_cli_setup_extras_update",
        "__wrapped__",
        "patchings",
        "test_interface_toml.py",
        "tests",
        "capitalone@edgetest__dfc8b73c__tabulate__rich",
        ""
      ],
      "setup": {
        "outcome": "passed"
      },
      "call": {
        "outcome": "passed"
      },
      "teardown": {
        "outcome": "passed"
      }
    },
    {
      "nodeid": "tests/test_interface_toml.py::test_cli_nosetup",
      "lineno": 422,
      "outcome": "failed",
      "keywords": [
        "test_cli_nosetup",
        "__wrapped__",
        "patchings",
        "test_interface_toml.py",
        "tests",
        "capitalone@edgetest__dfc8b73c__tabulate__rich",
        ""
      ],
      "setup": {
        "outcome": "passed"
      },
      "call": {
        "outcome": "failed",
        "crash": {
          "path": "C:\\_work\\_MigTool\\repos\\capitalone@edgetest__dfc8b73c__tabulate__rich\\tests\\test_interface_toml.py",
          "lineno": 463,
          "message": "AssertionError: assert 'Using existi...E9871C3210>\\n' == 'Using existi...===========\\n'\n  \n    Using existing environment for myenv...\n  +                                   Test Report                                  \n  + \u250c\u2500\u2500\u2500\u2500\u2500\u2500\u2500\u2500\u2500\u2500\u2500\u2500\u252c\u2500\u2500\u2500\u2500\u2500\u2500\u2500\u2500\u2500\u2500\u2500\u2500\u252c\u2500\u2500\u2500\u2500\u2500\u2500\u2500\u2500\u2500\u2500\u2500\u2500\u252c\u2500\u2500\u2500\u2500\u2500\u2500\u2500\u2500\u2500\u2500\u2500\u2500\u252c\u2500\u2500\u2500\u2500\u2500\u2500\u2500\u2500\u2500\u2500\u2500\u2500\u252c\u2500\u2500\u2500\u2500\u2500\u2500\u2500\u2500\u2500\u2500\u2500\u2500\u2510\n  + \u2502            \u2502 Setup      \u2502 Passing    \u2502 Upgraded   \u2502 Lowered    \u2502 Package    \u2502\n  + \u2502 Environme\u2026 \u2502 successful \u2502 tests      \u2502 packages   \u2502 packages   \u2502 version    \u2502\n  + \u251c\u2500\u2500\u2500\u2500\u2500\u2500\u2500\u2500\u2500\u2500\u2500\u2500\u253c\u2500\u2500\u2500\u2500\u2500\u2500\u2500\u2500\u2500\u2500\u2500\u2500\u253c\u2500\u2500\u2500\u2500\u2500\u2500\u2500\u2500\u2500\u2500\u2500\u2500\u253c\u2500\u2500\u2500\u2500\u2500\u2500\u2500\u2500\u2500\u2500\u2500\u2500\u253c\u2500\u2500\u2500\u2500\u2500\u2500\u2500\u2500\u2500\u2500\u2500\u2500\u253c\u2500\u2500\u2500\u2500\u2500\u2500\u2500\u2500\u2500\u2500\u2500\u2500\u2524...\n  \n  ...Full output truncated (10 lines hidden), use '-vv' to show"
        },
        "traceback": [
          {
            "path": "C:\\_work\\_MigTool\\repos\\capitalone@edgetest__dfc8b73c__tabulate__rich\\tests\\test_interface_toml.py",
            "lineno": 463,
            "message": "AssertionError"
          }
        ],
        "longrepr": "mock_popen = <MagicMock name='Popen' spec='Popen' id='2102485729360'>\nmock_cpopen = <MagicMock name='Popen' spec='Popen' id='2102505552656'>\n\n    @patch(\"edgetest.core.Popen\", autospec=True)\n    @patch(\"edgetest.utils.Popen\", autospec=True)\n    def test_cli_nosetup(mock_popen, mock_cpopen):\n        \"\"\"Test creating a basic environment.\"\"\"\n        mock_popen.return_value.communicate.return_value = (PIP_LIST, \"error\")\n        type(mock_popen.return_value).returncode = PropertyMock(return_value=0)\n        mock_cpopen.return_value.communicate.return_value = (\"output\", \"error\")\n        type(mock_cpopen.return_value).returncode = PropertyMock(return_value=0)\n    \n        runner = CliRunner()\n    \n        with runner.isolated_filesystem() as loc:\n            with open(\"pyproject.toml\", \"w\") as outfile:\n                outfile.write(SETUP_TOML)\n    \n            result = runner.invoke(cli, [\"--config=pyproject.toml\", \"--nosetup\"])\n    \n        assert result.exit_code == 0\n    \n        env_loc = str(Path(loc) / \".edgetest\" / \"myenv\")\n        if platform.system() == \"Windows\":\n            py_loc = Path(env_loc) / \"Scripts\" / \"python.exe\"\n        else:\n            py_loc = Path(env_loc) / \"bin\" / \"python\"\n    \n        assert mock_popen.call_args_list == [\n            call(\n                (\"uv\", \"pip\", \"list\", f\"--python={py_loc}\", \"--format\", \"json\"),\n                stdout=-1,\n                stderr=-1,\n                universal_newlines=True,\n            ),\n        ]\n        assert mock_cpopen.call_args_list == [\n            call(\n                (f\"{py_loc}\", \"-m\", \"pytest\", \"tests\", \"-m\", \"not integration\"),\n                universal_newlines=True,\n            )\n        ]\n    \n>       assert (\n            result.output == f\"\"\"Using existing environment for myenv...\\n{TABLE_OUTPUT}\"\"\"\n        )\nE       AssertionError: assert 'Using existi...E9871C3210>\\n' == 'Using existi...===========\\n'\nE         \nE           Using existing environment for myenv...\nE         +                                   Test Report                                  \nE         + \u250c\u2500\u2500\u2500\u2500\u2500\u2500\u2500\u2500\u2500\u2500\u2500\u2500\u252c\u2500\u2500\u2500\u2500\u2500\u2500\u2500\u2500\u2500\u2500\u2500\u2500\u252c\u2500\u2500\u2500\u2500\u2500\u2500\u2500\u2500\u2500\u2500\u2500\u2500\u252c\u2500\u2500\u2500\u2500\u2500\u2500\u2500\u2500\u2500\u2500\u2500\u2500\u252c\u2500\u2500\u2500\u2500\u2500\u2500\u2500\u2500\u2500\u2500\u2500\u2500\u252c\u2500\u2500\u2500\u2500\u2500\u2500\u2500\u2500\u2500\u2500\u2500\u2500\u2510\nE         + \u2502            \u2502 Setup      \u2502 Passing    \u2502 Upgraded   \u2502 Lowered    \u2502 Package    \u2502\nE         + \u2502 Environme\u2026 \u2502 successful \u2502 tests      \u2502 packages   \u2502 packages   \u2502 version    \u2502\nE         + \u251c\u2500\u2500\u2500\u2500\u2500\u2500\u2500\u2500\u2500\u2500\u2500\u2500\u253c\u2500\u2500\u2500\u2500\u2500\u2500\u2500\u2500\u2500\u2500\u2500\u2500\u253c\u2500\u2500\u2500\u2500\u2500\u2500\u2500\u2500\u2500\u2500\u2500\u2500\u253c\u2500\u2500\u2500\u2500\u2500\u2500\u2500\u2500\u2500\u2500\u2500\u2500\u253c\u2500\u2500\u2500\u2500\u2500\u2500\u2500\u2500\u2500\u2500\u2500\u2500\u253c\u2500\u2500\u2500\u2500\u2500\u2500\u2500\u2500\u2500\u2500\u2500\u2500\u2524...\nE         \nE         ...Full output truncated (10 lines hidden), use '-vv' to show\n\nC:\\_work\\_MigTool\\repos\\capitalone@edgetest__dfc8b73c__tabulate__rich\\tests\\test_interface_toml.py:463: AssertionError"
      },
      "teardown": {
        "outcome": "passed"
      }
    },
    {
      "nodeid": "tests/test_interface_toml.py::test_cli_nosetup_lower",
      "lineno": 467,
      "outcome": "failed",
      "keywords": [
        "test_cli_nosetup_lower",
        "__wrapped__",
        "patchings",
        "test_interface_toml.py",
        "tests",
        "capitalone@edgetest__dfc8b73c__tabulate__rich",
        ""
      ],
      "setup": {
        "outcome": "passed"
      },
      "call": {
        "outcome": "failed",
        "crash": {
          "path": "C:\\_work\\_MigTool\\repos\\capitalone@edgetest__dfc8b73c__tabulate__rich\\tests\\test_interface_toml.py",
          "lineno": 500,
          "message": "AssertionError: assert 'Using existi...E9872366D0>\\n' == 'Using existi...===========\\n'\n  \n    Using existing environment for myenv_lower...\n  +                                   Test Report                                  \n  + \u250c\u2500\u2500\u2500\u2500\u2500\u2500\u2500\u2500\u2500\u2500\u2500\u2500\u252c\u2500\u2500\u2500\u2500\u2500\u2500\u2500\u2500\u2500\u2500\u2500\u2500\u252c\u2500\u2500\u2500\u2500\u2500\u2500\u2500\u2500\u2500\u2500\u2500\u2500\u252c\u2500\u2500\u2500\u2500\u2500\u2500\u2500\u2500\u2500\u2500\u2500\u2500\u252c\u2500\u2500\u2500\u2500\u2500\u2500\u2500\u2500\u2500\u2500\u2500\u2500\u252c\u2500\u2500\u2500\u2500\u2500\u2500\u2500\u2500\u2500\u2500\u2500\u2500\u2510\n  + \u2502            \u2502 Setup      \u2502 Passing    \u2502 Upgraded   \u2502 Lowered    \u2502 Package    \u2502\n  + \u2502 Environme\u2026 \u2502 successful \u2502 tests      \u2502 packages   \u2502 packages   \u2502 version    \u2502\n  + \u251c\u2500\u2500\u2500\u2500\u2500\u2500\u2500\u2500\u2500\u2500\u2500\u2500\u253c\u2500\u2500\u2500\u2500\u2500\u2500\u2500\u2500\u2500\u2500\u2500\u2500\u253c\u2500\u2500\u2500\u2500\u2500\u2500\u2500\u2500\u2500\u2500\u2500\u2500\u253c\u2500\u2500\u2500\u2500\u2500\u2500\u2500\u2500\u2500\u2500\u2500\u2500\u253c\u2500\u2500\u2500\u2500\u2500\u2500\u2500\u2500\u2500\u2500\u2500\u2500\u253c\u2500\u2500\u2500\u2500\u2500\u2500\u2500\u2500\u2500\u2500\u2500\u2500\u2524...\n  \n  ...Full output truncated (10 lines hidden), use '-vv' to show"
        },
        "traceback": [
          {
            "path": "C:\\_work\\_MigTool\\repos\\capitalone@edgetest__dfc8b73c__tabulate__rich\\tests\\test_interface_toml.py",
            "lineno": 500,
            "message": "AssertionError"
          }
        ],
        "longrepr": "mock_popen = <MagicMock name='Popen' spec='Popen' id='2102505778448'>\nmock_cpopen = <MagicMock name='Popen' spec='Popen' id='2102505829392'>\n\n    @patch(\"edgetest.core.Popen\", autospec=True)\n    @patch(\"edgetest.utils.Popen\", autospec=True)\n    def test_cli_nosetup_lower(mock_popen, mock_cpopen):\n        \"\"\"Test creating a basic environment.\"\"\"\n        mock_popen.return_value.communicate.return_value = (PIP_LIST, \"error\")\n        type(mock_popen.return_value).returncode = PropertyMock(return_value=0)\n        mock_cpopen.return_value.communicate.return_value = (\"output\", \"error\")\n        type(mock_cpopen.return_value).returncode = PropertyMock(return_value=0)\n    \n        runner = CliRunner()\n    \n        with runner.isolated_filesystem() as loc:\n            with open(\"pyproject.toml\", \"w\") as outfile:\n                outfile.write(SETUP_TOML_LOWER)\n    \n            result = runner.invoke(cli, [\"--config=pyproject.toml\", \"--nosetup\"])\n    \n        assert result.exit_code == 0\n    \n        env_loc = str(Path(loc) / \".edgetest\" / \"myenv_lower\")\n        if platform.system() == \"Windows\":\n            py_loc = Path(env_loc) / \"Scripts\" / \"python.exe\"\n        else:\n            py_loc = Path(env_loc) / \"bin\" / \"python\"\n    \n        assert mock_cpopen.call_args_list == [\n            call(\n                (f\"{py_loc}\", \"-m\", \"pytest\", \"tests\", \"-m\", \"not integration\"),\n                universal_newlines=True,\n            )\n        ]\n    \n>       assert (\n            result.output\n            == f\"\"\"Using existing environment for myenv_lower...\\n{TABLE_OUTPUT_LOWER}\"\"\"\n        )\nE       AssertionError: assert 'Using existi...E9872366D0>\\n' == 'Using existi...===========\\n'\nE         \nE           Using existing environment for myenv_lower...\nE         +                                   Test Report                                  \nE         + \u250c\u2500\u2500\u2500\u2500\u2500\u2500\u2500\u2500\u2500\u2500\u2500\u2500\u252c\u2500\u2500\u2500\u2500\u2500\u2500\u2500\u2500\u2500\u2500\u2500\u2500\u252c\u2500\u2500\u2500\u2500\u2500\u2500\u2500\u2500\u2500\u2500\u2500\u2500\u252c\u2500\u2500\u2500\u2500\u2500\u2500\u2500\u2500\u2500\u2500\u2500\u2500\u252c\u2500\u2500\u2500\u2500\u2500\u2500\u2500\u2500\u2500\u2500\u2500\u2500\u252c\u2500\u2500\u2500\u2500\u2500\u2500\u2500\u2500\u2500\u2500\u2500\u2500\u2510\nE         + \u2502            \u2502 Setup      \u2502 Passing    \u2502 Upgraded   \u2502 Lowered    \u2502 Package    \u2502\nE         + \u2502 Environme\u2026 \u2502 successful \u2502 tests      \u2502 packages   \u2502 packages   \u2502 version    \u2502\nE         + \u251c\u2500\u2500\u2500\u2500\u2500\u2500\u2500\u2500\u2500\u2500\u2500\u2500\u253c\u2500\u2500\u2500\u2500\u2500\u2500\u2500\u2500\u2500\u2500\u2500\u2500\u253c\u2500\u2500\u2500\u2500\u2500\u2500\u2500\u2500\u2500\u2500\u2500\u2500\u253c\u2500\u2500\u2500\u2500\u2500\u2500\u2500\u2500\u2500\u2500\u2500\u2500\u253c\u2500\u2500\u2500\u2500\u2500\u2500\u2500\u2500\u2500\u2500\u2500\u2500\u253c\u2500\u2500\u2500\u2500\u2500\u2500\u2500\u2500\u2500\u2500\u2500\u2500\u2524...\nE         \nE         ...Full output truncated (10 lines hidden), use '-vv' to show\n\nC:\\_work\\_MigTool\\repos\\capitalone@edgetest__dfc8b73c__tabulate__rich\\tests\\test_interface_toml.py:500: AssertionError"
      },
      "teardown": {
        "outcome": "passed"
      }
    },
    {
      "nodeid": "tests/test_interface_toml.py::test_cli_notest",
      "lineno": 505,
      "outcome": "failed",
      "keywords": [
        "test_cli_notest",
        "__wrapped__",
        "patchings",
        "test_interface_toml.py",
        "tests",
        "capitalone@edgetest__dfc8b73c__tabulate__rich",
        ""
      ],
      "setup": {
        "outcome": "passed"
      },
      "call": {
        "outcome": "failed",
        "crash": {
          "path": "C:\\_work\\_MigTool\\repos\\capitalone@edgetest__dfc8b73c__tabulate__rich\\tests\\test_interface_toml.py",
          "lineno": 558,
          "message": "AssertionError: assert 'Skipping tes...E9872939D0>\\n' == 'Skipping tes...===========\\n'\n  \n    Skipping tests for myenv\n  +                                   Test Report                                  \n  + \u250c\u2500\u2500\u2500\u2500\u2500\u2500\u2500\u2500\u2500\u2500\u2500\u2500\u252c\u2500\u2500\u2500\u2500\u2500\u2500\u2500\u2500\u2500\u2500\u2500\u2500\u252c\u2500\u2500\u2500\u2500\u2500\u2500\u2500\u2500\u2500\u2500\u2500\u2500\u252c\u2500\u2500\u2500\u2500\u2500\u2500\u2500\u2500\u2500\u2500\u2500\u2500\u252c\u2500\u2500\u2500\u2500\u2500\u2500\u2500\u2500\u2500\u2500\u2500\u2500\u252c\u2500\u2500\u2500\u2500\u2500\u2500\u2500\u2500\u2500\u2500\u2500\u2500\u2510\n  + \u2502            \u2502 Setup      \u2502 Passing    \u2502 Upgraded   \u2502 Lowered    \u2502 Package    \u2502\n  + \u2502 Environme\u2026 \u2502 successful \u2502 tests      \u2502 packages   \u2502 packages   \u2502 version    \u2502\n  + \u251c\u2500\u2500\u2500\u2500\u2500\u2500\u2500\u2500\u2500\u2500\u2500\u2500\u253c\u2500\u2500\u2500\u2500\u2500\u2500\u2500\u2500\u2500\u2500\u2500\u2500\u253c\u2500\u2500\u2500\u2500\u2500\u2500\u2500\u2500\u2500\u2500\u2500\u2500\u253c\u2500\u2500\u2500\u2500\u2500\u2500\u2500\u2500\u2500\u2500\u2500\u2500\u253c\u2500\u2500\u2500\u2500\u2500\u2500\u2500\u2500\u2500\u2500\u2500\u2500\u253c\u2500\u2500\u2500\u2500\u2500\u2500\u2500\u2500\u2500\u2500\u2500\u2500\u2524...\n  \n  ...Full output truncated (10 lines hidden), use '-vv' to show"
        },
        "traceback": [
          {
            "path": "C:\\_work\\_MigTool\\repos\\capitalone@edgetest__dfc8b73c__tabulate__rich\\tests\\test_interface_toml.py",
            "lineno": 558,
            "message": "AssertionError"
          }
        ],
        "longrepr": "mock_popen = <MagicMock name='Popen' spec='Popen' id='2102506213648'>\nmock_builder = <MagicMock name='EnvBuilder' spec='EnvBuilder' id='2102506317520'>\n\n    @patch(\"edgetest.lib.EnvBuilder\", autospec=True)\n    @patch(\"edgetest.utils.Popen\", autospec=True)\n    def test_cli_notest(mock_popen, mock_builder):\n        \"\"\"Test creating a basic environment.\"\"\"\n        mock_popen.return_value.communicate.return_value = (PIP_LIST, \"error\")\n        type(mock_popen.return_value).returncode = PropertyMock(return_value=0)\n    \n        runner = CliRunner()\n    \n        with runner.isolated_filesystem() as loc:\n            with open(\"pyproject.toml\", \"w\") as outfile:\n                outfile.write(SETUP_TOML)\n    \n            result = runner.invoke(cli, [\"--config=pyproject.toml\", \"--notest\"])\n    \n        assert result.exit_code == 0\n    \n        env_loc = Path(loc) / \".edgetest\" / \"myenv\"\n        if platform.system() == \"Windows\":\n            py_loc = env_loc / \"Scripts\" / \"python.exe\"\n        else:\n            py_loc = env_loc / \"bin\" / \"python\"\n    \n        mock_builder.return_value.create.assert_called_with(env_loc)\n        assert mock_popen.call_args_list == [\n            call(\n                (\"uv\", \"pip\", \"install\", f\"--python={py_loc!s}\", \".\"),\n                stdout=-1,\n                stderr=-1,\n                universal_newlines=True,\n            ),\n            call(\n                (\n                    \"uv\",\n                    \"pip\",\n                    \"install\",\n                    f\"--python={py_loc!s}\",\n                    \"myupgrade\",\n                    \"--upgrade\",\n                ),\n                stdout=-1,\n                stderr=-1,\n                universal_newlines=True,\n            ),\n            call(\n                (\"uv\", \"pip\", \"list\", f\"--python={py_loc!s}\", \"--format\", \"json\"),\n                stdout=-1,\n                stderr=-1,\n                universal_newlines=True,\n            ),\n        ]\n    \n>       assert result.output == f\"\"\"Skipping tests for myenv\\n{TABLE_OUTPUT_NOTEST}\"\"\"\nE       AssertionError: assert 'Skipping tes...E9872939D0>\\n' == 'Skipping tes...===========\\n'\nE         \nE           Skipping tests for myenv\nE         +                                   Test Report                                  \nE         + \u250c\u2500\u2500\u2500\u2500\u2500\u2500\u2500\u2500\u2500\u2500\u2500\u2500\u252c\u2500\u2500\u2500\u2500\u2500\u2500\u2500\u2500\u2500\u2500\u2500\u2500\u252c\u2500\u2500\u2500\u2500\u2500\u2500\u2500\u2500\u2500\u2500\u2500\u2500\u252c\u2500\u2500\u2500\u2500\u2500\u2500\u2500\u2500\u2500\u2500\u2500\u2500\u252c\u2500\u2500\u2500\u2500\u2500\u2500\u2500\u2500\u2500\u2500\u2500\u2500\u252c\u2500\u2500\u2500\u2500\u2500\u2500\u2500\u2500\u2500\u2500\u2500\u2500\u2510\nE         + \u2502            \u2502 Setup      \u2502 Passing    \u2502 Upgraded   \u2502 Lowered    \u2502 Package    \u2502\nE         + \u2502 Environme\u2026 \u2502 successful \u2502 tests      \u2502 packages   \u2502 packages   \u2502 version    \u2502\nE         + \u251c\u2500\u2500\u2500\u2500\u2500\u2500\u2500\u2500\u2500\u2500\u2500\u2500\u253c\u2500\u2500\u2500\u2500\u2500\u2500\u2500\u2500\u2500\u2500\u2500\u2500\u253c\u2500\u2500\u2500\u2500\u2500\u2500\u2500\u2500\u2500\u2500\u2500\u2500\u253c\u2500\u2500\u2500\u2500\u2500\u2500\u2500\u2500\u2500\u2500\u2500\u2500\u253c\u2500\u2500\u2500\u2500\u2500\u2500\u2500\u2500\u2500\u2500\u2500\u2500\u253c\u2500\u2500\u2500\u2500\u2500\u2500\u2500\u2500\u2500\u2500\u2500\u2500\u2524...\nE         \nE         ...Full output truncated (10 lines hidden), use '-vv' to show\n\nC:\\_work\\_MigTool\\repos\\capitalone@edgetest__dfc8b73c__tabulate__rich\\tests\\test_interface_toml.py:558: AssertionError"
      },
      "teardown": {
        "outcome": "passed"
      }
    },
    {
      "nodeid": "tests/test_interface_toml.py::test_cli_notest_lower",
      "lineno": 560,
      "outcome": "failed",
      "keywords": [
        "test_cli_notest_lower",
        "__wrapped__",
        "patchings",
        "test_interface_toml.py",
        "tests",
        "capitalone@edgetest__dfc8b73c__tabulate__rich",
        ""
      ],
      "setup": {
        "outcome": "passed"
      },
      "call": {
        "outcome": "failed",
        "crash": {
          "path": "C:\\_work\\_MigTool\\repos\\capitalone@edgetest__dfc8b73c__tabulate__rich\\tests\\test_interface_toml.py",
          "lineno": 606,
          "message": "AssertionError: assert 'Skipping tes...E9872FB910>\\n' == 'Skipping tes...===========\\n'\n  \n    Skipping tests for myenv_lower\n  +                                   Test Report                                  \n  + \u250c\u2500\u2500\u2500\u2500\u2500\u2500\u2500\u2500\u2500\u2500\u2500\u2500\u252c\u2500\u2500\u2500\u2500\u2500\u2500\u2500\u2500\u2500\u2500\u2500\u2500\u252c\u2500\u2500\u2500\u2500\u2500\u2500\u2500\u2500\u2500\u2500\u2500\u2500\u252c\u2500\u2500\u2500\u2500\u2500\u2500\u2500\u2500\u2500\u2500\u2500\u2500\u252c\u2500\u2500\u2500\u2500\u2500\u2500\u2500\u2500\u2500\u2500\u2500\u2500\u252c\u2500\u2500\u2500\u2500\u2500\u2500\u2500\u2500\u2500\u2500\u2500\u2500\u2510\n  + \u2502            \u2502 Setup      \u2502 Passing    \u2502 Upgraded   \u2502 Lowered    \u2502 Package    \u2502\n  + \u2502 Environme\u2026 \u2502 successful \u2502 tests      \u2502 packages   \u2502 packages   \u2502 version    \u2502\n  + \u251c\u2500\u2500\u2500\u2500\u2500\u2500\u2500\u2500\u2500\u2500\u2500\u2500\u253c\u2500\u2500\u2500\u2500\u2500\u2500\u2500\u2500\u2500\u2500\u2500\u2500\u253c\u2500\u2500\u2500\u2500\u2500\u2500\u2500\u2500\u2500\u2500\u2500\u2500\u253c\u2500\u2500\u2500\u2500\u2500\u2500\u2500\u2500\u2500\u2500\u2500\u2500\u253c\u2500\u2500\u2500\u2500\u2500\u2500\u2500\u2500\u2500\u2500\u2500\u2500\u253c\u2500\u2500\u2500\u2500\u2500\u2500\u2500\u2500\u2500\u2500\u2500\u2500\u2524...\n  \n  ...Full output truncated (10 lines hidden), use '-vv' to show"
        },
        "traceback": [
          {
            "path": "C:\\_work\\_MigTool\\repos\\capitalone@edgetest__dfc8b73c__tabulate__rich\\tests\\test_interface_toml.py",
            "lineno": 606,
            "message": "AssertionError"
          }
        ],
        "longrepr": "mock_popen = <MagicMock name='Popen' spec='Popen' id='2102506985552'>\nmock_builder = <MagicMock name='EnvBuilder' spec='EnvBuilder' id='2102507235856'>\n\n    @patch(\"edgetest.lib.EnvBuilder\", autospec=True)\n    @patch(\"edgetest.utils.Popen\", autospec=True)\n    def test_cli_notest_lower(mock_popen, mock_builder):\n        \"\"\"Test creating a basic environment.\"\"\"\n        mock_popen.return_value.communicate.return_value = (PIP_LIST, \"error\")\n        type(mock_popen.return_value).returncode = PropertyMock(return_value=0)\n    \n        runner = CliRunner()\n    \n        with runner.isolated_filesystem() as loc:\n            with open(\"pyproject.toml\", \"w\") as outfile:\n                outfile.write(SETUP_TOML_LOWER)\n    \n            result = runner.invoke(cli, [\"--config=pyproject.toml\", \"--notest\"])\n    \n        assert result.exit_code == 0\n    \n        env_loc = Path(loc) / \".edgetest\" / \"myenv_lower\"\n        if platform.system() == \"Windows\":\n            py_loc = env_loc / \"Scripts\" / \"python.exe\"\n        else:\n            py_loc = env_loc / \"bin\" / \"python\"\n    \n        mock_builder.return_value.create.assert_called_with(env_loc)\n        assert mock_popen.call_args_list == [\n            call(\n                (\"uv\", \"pip\", \"install\", f\"--python={py_loc!s}\", \".\"),\n                stdout=-1,\n                stderr=-1,\n                universal_newlines=True,\n            ),\n            call(\n                (\n                    \"uv\",\n                    \"pip\",\n                    \"install\",\n                    f\"--python={py_loc!s}\",\n                    \"mylower==0.0.1\",\n                ),\n                stdout=-1,\n                stderr=-1,\n                universal_newlines=True,\n            ),\n        ]\n    \n>       assert (\n            result.output\n            == f\"\"\"Skipping tests for myenv_lower\\n{TABLE_OUTPUT_NOTEST_LOWER}\"\"\"\n        )\nE       AssertionError: assert 'Skipping tes...E9872FB910>\\n' == 'Skipping tes...===========\\n'\nE         \nE           Skipping tests for myenv_lower\nE         +                                   Test Report                                  \nE         + \u250c\u2500\u2500\u2500\u2500\u2500\u2500\u2500\u2500\u2500\u2500\u2500\u2500\u252c\u2500\u2500\u2500\u2500\u2500\u2500\u2500\u2500\u2500\u2500\u2500\u2500\u252c\u2500\u2500\u2500\u2500\u2500\u2500\u2500\u2500\u2500\u2500\u2500\u2500\u252c\u2500\u2500\u2500\u2500\u2500\u2500\u2500\u2500\u2500\u2500\u2500\u2500\u252c\u2500\u2500\u2500\u2500\u2500\u2500\u2500\u2500\u2500\u2500\u2500\u2500\u252c\u2500\u2500\u2500\u2500\u2500\u2500\u2500\u2500\u2500\u2500\u2500\u2500\u2510\nE         + \u2502            \u2502 Setup      \u2502 Passing    \u2502 Upgraded   \u2502 Lowered    \u2502 Package    \u2502\nE         + \u2502 Environme\u2026 \u2502 successful \u2502 tests      \u2502 packages   \u2502 packages   \u2502 version    \u2502\nE         + \u251c\u2500\u2500\u2500\u2500\u2500\u2500\u2500\u2500\u2500\u2500\u2500\u2500\u253c\u2500\u2500\u2500\u2500\u2500\u2500\u2500\u2500\u2500\u2500\u2500\u2500\u253c\u2500\u2500\u2500\u2500\u2500\u2500\u2500\u2500\u2500\u2500\u2500\u2500\u253c\u2500\u2500\u2500\u2500\u2500\u2500\u2500\u2500\u2500\u2500\u2500\u2500\u253c\u2500\u2500\u2500\u2500\u2500\u2500\u2500\u2500\u2500\u2500\u2500\u2500\u253c\u2500\u2500\u2500\u2500\u2500\u2500\u2500\u2500\u2500\u2500\u2500\u2500\u2524...\nE         \nE         ...Full output truncated (10 lines hidden), use '-vv' to show\n\nC:\\_work\\_MigTool\\repos\\capitalone@edgetest__dfc8b73c__tabulate__rich\\tests\\test_interface_toml.py:606: AssertionError"
      },
      "teardown": {
        "outcome": "passed"
      }
    },
    {
      "nodeid": "tests/test_lib.py::test_path_to_python",
      "lineno": 13,
      "outcome": "passed",
      "keywords": [
        "test_path_to_python",
        "__wrapped__",
        "patchings",
        "test_lib.py",
        "tests",
        "capitalone@edgetest__dfc8b73c__tabulate__rich",
        ""
      ],
      "setup": {
        "outcome": "passed"
      },
      "call": {
        "outcome": "passed"
      },
      "teardown": {
        "outcome": "passed"
      }
    },
    {
      "nodeid": "tests/test_lib.py::test_create_environment",
      "lineno": 30,
      "outcome": "passed",
      "keywords": [
        "test_create_environment",
        "__wrapped__",
        "patchings",
        "test_lib.py",
        "tests",
        "capitalone@edgetest__dfc8b73c__tabulate__rich",
        ""
      ],
      "setup": {
        "outcome": "passed"
      },
      "call": {
        "outcome": "passed"
      },
      "teardown": {
        "outcome": "passed"
      }
    },
    {
      "nodeid": "tests/test_lib.py::test_run_update",
      "lineno": 41,
      "outcome": "passed",
      "keywords": [
        "test_run_update",
        "__wrapped__",
        "patchings",
        "test_lib.py",
        "tests",
        "capitalone@edgetest__dfc8b73c__tabulate__rich",
        ""
      ],
      "setup": {
        "outcome": "passed"
      },
      "call": {
        "outcome": "passed"
      },
      "teardown": {
        "outcome": "passed"
      }
    },
    {
      "nodeid": "tests/test_lib.py::test_run_install_lower",
      "lineno": 54,
      "outcome": "passed",
      "keywords": [
        "test_run_install_lower",
        "__wrapped__",
        "patchings",
        "test_lib.py",
        "tests",
        "capitalone@edgetest__dfc8b73c__tabulate__rich",
        ""
      ],
      "setup": {
        "outcome": "passed"
      },
      "call": {
        "outcome": "passed"
      },
      "teardown": {
        "outcome": "passed"
      }
    },
    {
      "nodeid": "tests/test_report.py::test_report",
      "lineno": 8,
      "outcome": "failed",
      "keywords": [
        "test_report",
        "__wrapped__",
        "patchings",
        "test_report.py",
        "tests",
        "capitalone@edgetest__dfc8b73c__tabulate__rich",
        ""
      ],
      "setup": {
        "outcome": "passed"
      },
      "call": {
        "outcome": "failed",
        "crash": {
          "path": "C:\\Users\\Mohay\\AppData\\Local\\Programs\\Python\\Python311\\Lib\\unittest\\mock.py",
          "lineno": 1419,
          "message": "AttributeError: <module 'edgetest.report' from 'C:\\\\_work\\\\_MigTool\\\\repos\\\\capitalone@edgetest__dfc8b73c__tabulate__rich\\\\edgetest\\\\report.py'> does not have the attribute 'tabulate'"
        },
        "traceback": [
          {
            "path": "C:\\Users\\Mohay\\AppData\\Local\\Programs\\Python\\Python311\\Lib\\unittest\\mock.py",
            "lineno": 1375,
            "message": ""
          },
          {
            "path": "C:\\Users\\Mohay\\AppData\\Local\\Programs\\Python\\Python311\\Lib\\contextlib.py",
            "lineno": 137,
            "message": "in __enter__"
          },
          {
            "path": "C:\\Users\\Mohay\\AppData\\Local\\Programs\\Python\\Python311\\Lib\\unittest\\mock.py",
            "lineno": 1357,
            "message": "in decoration_helper"
          },
          {
            "path": "C:\\Users\\Mohay\\AppData\\Local\\Programs\\Python\\Python311\\Lib\\contextlib.py",
            "lineno": 517,
            "message": "in enter_context"
          },
          {
            "path": "C:\\Users\\Mohay\\AppData\\Local\\Programs\\Python\\Python311\\Lib\\unittest\\mock.py",
            "lineno": 1446,
            "message": "in __enter__"
          },
          {
            "path": "C:\\Users\\Mohay\\AppData\\Local\\Programs\\Python\\Python311\\Lib\\unittest\\mock.py",
            "lineno": 1419,
            "message": "AttributeError"
          }
        ],
        "longrepr": "args = ()\nkeywargs = {'plugin_manager': <pluggy._manager.PluginManager object at 0x000001E987246C90>}\n\n    @wraps(func)\n    def patched(*args, **keywargs):\n>       with self.decoration_helper(patched,\n                                    args,\n                                    keywargs) as (newargs, newkeywargs):\n\nC:\\Users\\Mohay\\AppData\\Local\\Programs\\Python\\Python311\\Lib\\unittest\\mock.py:1375: \n_ _ _ _ _ _ _ _ _ _ _ _ _ _ _ _ _ _ _ _ _ _ _ _ _ _ _ _ _ _ _ _ _ _ _ _ _ _ _ _\nC:\\Users\\Mohay\\AppData\\Local\\Programs\\Python\\Python311\\Lib\\contextlib.py:137: in __enter__\n    return next(self.gen)\nC:\\Users\\Mohay\\AppData\\Local\\Programs\\Python\\Python311\\Lib\\unittest\\mock.py:1357: in decoration_helper\n    arg = exit_stack.enter_context(patching)\nC:\\Users\\Mohay\\AppData\\Local\\Programs\\Python\\Python311\\Lib\\contextlib.py:517: in enter_context\n    result = _enter(cm)\nC:\\Users\\Mohay\\AppData\\Local\\Programs\\Python\\Python311\\Lib\\unittest\\mock.py:1446: in __enter__\n    original, local = self.get_original()\n_ _ _ _ _ _ _ _ _ _ _ _ _ _ _ _ _ _ _ _ _ _ _ _ _ _ _ _ _ _ _ _ _ _ _ _ _ _ _ _\n\nself = <unittest.mock._patch object at 0x000001E985C47B50>\n\n    def get_original(self):\n        target = self.getter()\n        name = self.attribute\n    \n        original = DEFAULT\n        local = False\n    \n        try:\n            original = target.__dict__[name]\n        except (AttributeError, KeyError):\n            original = getattr(target, name, DEFAULT)\n        else:\n            local = True\n    \n        if name in _builtins and isinstance(target, ModuleType):\n            self.create = True\n    \n        if not self.create and original is DEFAULT:\n>           raise AttributeError(\n                \"%s does not have the attribute %r\" % (target, name)\n            )\nE           AttributeError: <module 'edgetest.report' from 'C:\\\\_work\\\\_MigTool\\\\repos\\\\capitalone@edgetest__dfc8b73c__tabulate__rich\\\\edgetest\\\\report.py'> does not have the attribute 'tabulate'\n\nC:\\Users\\Mohay\\AppData\\Local\\Programs\\Python\\Python311\\Lib\\unittest\\mock.py:1419: AttributeError"
      },
      "teardown": {
        "outcome": "passed"
      }
    },
    {
      "nodeid": "tests/test_schema.py::test_add_envoption",
      "lineno": 5,
      "outcome": "passed",
      "keywords": [
        "test_add_envoption",
        "test_schema.py",
        "tests",
        "capitalone@edgetest__dfc8b73c__tabulate__rich",
        ""
      ],
      "setup": {
        "outcome": "passed"
      },
      "call": {
        "outcome": "passed"
      },
      "teardown": {
        "outcome": "passed"
      }
    },
    {
      "nodeid": "tests/test_schema.py::test_add_global_option",
      "lineno": 25,
      "outcome": "passed",
      "keywords": [
        "test_add_global_option",
        "test_schema.py",
        "tests",
        "capitalone@edgetest__dfc8b73c__tabulate__rich",
        ""
      ],
      "setup": {
        "outcome": "passed"
      },
      "call": {
        "outcome": "passed"
      },
      "teardown": {
        "outcome": "passed"
      }
    },
    {
      "nodeid": "tests/test_utils.py::test_get_lower_bounds",
      "lineno": 185,
      "outcome": "passed",
      "keywords": [
        "test_get_lower_bounds",
        "test_utils.py",
        "tests",
        "capitalone@edgetest__dfc8b73c__tabulate__rich",
        ""
      ],
      "setup": {
        "outcome": "passed"
      },
      "call": {
        "outcome": "passed"
      },
      "teardown": {
        "outcome": "passed"
      }
    },
    {
      "nodeid": "tests/test_utils.py::test_parse_reqs",
      "lineno": 196,
      "outcome": "passed",
      "keywords": [
        "test_parse_reqs",
        "__wrapped__",
        "patchings",
        "test_utils.py",
        "tests",
        "capitalone@edgetest__dfc8b73c__tabulate__rich",
        ""
      ],
      "setup": {
        "outcome": "passed"
      },
      "call": {
        "outcome": "passed"
      },
      "teardown": {
        "outcome": "passed"
      }
    },
    {
      "nodeid": "tests/test_utils.py::test_parse_cfg",
      "lineno": 215,
      "outcome": "passed",
      "keywords": [
        "test_parse_cfg",
        "test_utils.py",
        "tests",
        "capitalone@edgetest__dfc8b73c__tabulate__rich",
        ""
      ],
      "setup": {
        "outcome": "passed"
      },
      "call": {
        "outcome": "passed"
      },
      "teardown": {
        "outcome": "passed"
      }
    },
    {
      "nodeid": "tests/test_utils.py::test_parse_cfg_default",
      "lineno": 244,
      "outcome": "passed",
      "keywords": [
        "test_parse_cfg_default",
        "test_utils.py",
        "tests",
        "capitalone@edgetest__dfc8b73c__tabulate__rich",
        ""
      ],
      "setup": {
        "outcome": "passed"
      },
      "call": {
        "outcome": "passed"
      },
      "teardown": {
        "outcome": "passed"
      }
    },
    {
      "nodeid": "tests/test_utils.py::test_parse_cfg_reqs",
      "lineno": 275,
      "outcome": "passed",
      "keywords": [
        "test_parse_cfg_reqs",
        "test_utils.py",
        "tests",
        "capitalone@edgetest__dfc8b73c__tabulate__rich",
        ""
      ],
      "setup": {
        "outcome": "passed"
      },
      "call": {
        "outcome": "passed"
      },
      "teardown": {
        "outcome": "passed"
      }
    },
    {
      "nodeid": "tests/test_utils.py::test_parse_cfg_reqs_default",
      "lineno": 296,
      "outcome": "passed",
      "keywords": [
        "test_parse_cfg_reqs_default",
        "test_utils.py",
        "tests",
        "capitalone@edgetest__dfc8b73c__tabulate__rich",
        ""
      ],
      "setup": {
        "outcome": "passed"
      },
      "call": {
        "outcome": "passed"
      },
      "teardown": {
        "outcome": "passed"
      }
    },
    {
      "nodeid": "tests/test_utils.py::test_parse_custom_cfg",
      "lineno": 327,
      "outcome": "passed",
      "keywords": [
        "test_parse_custom_cfg",
        "test_utils.py",
        "tests",
        "capitalone@edgetest__dfc8b73c__tabulate__rich",
        ""
      ],
      "setup": {
        "outcome": "passed"
      },
      "call": {
        "outcome": "passed"
      },
      "teardown": {
        "outcome": "passed"
      }
    },
    {
      "nodeid": "tests/test_utils.py::test_parse_toml",
      "lineno": 364,
      "outcome": "passed",
      "keywords": [
        "test_parse_toml",
        "test_utils.py",
        "tests",
        "capitalone@edgetest__dfc8b73c__tabulate__rich",
        ""
      ],
      "setup": {
        "outcome": "passed"
      },
      "call": {
        "outcome": "passed"
      },
      "teardown": {
        "outcome": "passed"
      }
    },
    {
      "nodeid": "tests/test_utils.py::test_parse_toml_default",
      "lineno": 393,
      "outcome": "passed",
      "keywords": [
        "test_parse_toml_default",
        "test_utils.py",
        "tests",
        "capitalone@edgetest__dfc8b73c__tabulate__rich",
        ""
      ],
      "setup": {
        "outcome": "passed"
      },
      "call": {
        "outcome": "passed"
      },
      "teardown": {
        "outcome": "passed"
      }
    },
    {
      "nodeid": "tests/test_utils.py::test_parse_toml_reqs",
      "lineno": 424,
      "outcome": "passed",
      "keywords": [
        "test_parse_toml_reqs",
        "test_utils.py",
        "tests",
        "capitalone@edgetest__dfc8b73c__tabulate__rich",
        ""
      ],
      "setup": {
        "outcome": "passed"
      },
      "call": {
        "outcome": "passed"
      },
      "teardown": {
        "outcome": "passed"
      }
    },
    {
      "nodeid": "tests/test_utils.py::test_parse_toml_reqs_default",
      "lineno": 445,
      "outcome": "passed",
      "keywords": [
        "test_parse_toml_reqs_default",
        "test_utils.py",
        "tests",
        "capitalone@edgetest__dfc8b73c__tabulate__rich",
        ""
      ],
      "setup": {
        "outcome": "passed"
      },
      "call": {
        "outcome": "passed"
      },
      "teardown": {
        "outcome": "passed"
      }
    },
    {
      "nodeid": "tests/test_utils.py::test_parse_custom_toml",
      "lineno": 476,
      "outcome": "passed",
      "keywords": [
        "test_parse_custom_toml",
        "test_utils.py",
        "tests",
        "capitalone@edgetest__dfc8b73c__tabulate__rich",
        ""
      ],
      "setup": {
        "outcome": "passed"
      },
      "call": {
        "outcome": "passed"
      },
      "teardown": {
        "outcome": "passed"
      }
    },
    {
      "nodeid": "tests/test_utils.py::test_convert_toml_array_to_string",
      "lineno": 513,
      "outcome": "passed",
      "keywords": [
        "test_convert_toml_array_to_string",
        "test_utils.py",
        "tests",
        "capitalone@edgetest__dfc8b73c__tabulate__rich",
        ""
      ],
      "setup": {
        "outcome": "passed"
      },
      "call": {
        "outcome": "passed"
      },
      "teardown": {
        "outcome": "passed"
      }
    },
    {
      "nodeid": "tests/test_utils.py::test_upgrade_setup_cfg",
      "lineno": 521,
      "outcome": "passed",
      "keywords": [
        "test_upgrade_setup_cfg",
        "test_utils.py",
        "tests",
        "capitalone@edgetest__dfc8b73c__tabulate__rich",
        ""
      ],
      "setup": {
        "outcome": "passed"
      },
      "call": {
        "outcome": "passed"
      },
      "teardown": {
        "outcome": "passed"
      }
    },
    {
      "nodeid": "tests/test_utils.py::test_upgrade_pyproject_toml",
      "lineno": 543,
      "outcome": "passed",
      "keywords": [
        "test_upgrade_pyproject_toml",
        "test_utils.py",
        "tests",
        "capitalone@edgetest__dfc8b73c__tabulate__rich",
        ""
      ],
      "setup": {
        "outcome": "passed"
      },
      "call": {
        "outcome": "passed"
      },
      "teardown": {
        "outcome": "passed"
      }
    },
    {
      "nodeid": "tests/test_utils.py::test_isin_case_dashhyphen_ins",
      "lineno": 564,
      "outcome": "passed",
      "keywords": [
        "test_isin_case_dashhyphen_ins",
        "test_utils.py",
        "tests",
        "capitalone@edgetest__dfc8b73c__tabulate__rich",
        ""
      ],
      "setup": {
        "outcome": "passed"
      },
      "call": {
        "outcome": "passed"
      },
      "teardown": {
        "outcome": "passed"
      }
    }
  ]
}