{
  "exitcode": 1,
  "summary": {
    "error": 6,
    "passed": 11,
    "failed": 6,
    "total": 23,
    "collected": 23
  },
  "collectors": [
    {
      "nodeid": "",
      "outcome": "passed",
      "result": [
        {
          "nodeid": ".",
          "type": "Dir"
        }
      ]
    },
    {
      "nodeid": "docs/_static/css",
      "outcome": "passed",
      "result": []
    },
    {
      "nodeid": "docs/_static",
      "outcome": "passed",
      "result": [
        {
          "nodeid": "docs/_static/css",
          "type": "Dir"
        }
      ]
    },
    {
      "nodeid": "docs/_templates",
      "outcome": "passed",
      "result": []
    },
    {
      "nodeid": "docs",
      "outcome": "passed",
      "result": [
        {
          "nodeid": "docs/_static",
          "type": "Dir"
        },
        {
          "nodeid": "docs/_templates",
          "type": "Dir"
        }
      ]
    },
    {
      "nodeid": "test_dir",
      "outcome": "passed",
      "result": []
    },
    {
      "nodeid": "tests/test_cache.py::TestUnpywallCache",
      "outcome": "passed",
      "result": [
        {
          "nodeid": "tests/test_cache.py::TestUnpywallCache::test_reset_cache",
          "type": "Function",
          "lineno": 54
        },
        {
          "nodeid": "tests/test_cache.py::TestUnpywallCache::test_delete",
          "type": "Function",
          "lineno": 59
        },
        {
          "nodeid": "tests/test_cache.py::TestUnpywallCache::test_timeout",
          "type": "Function",
          "lineno": 67
        },
        {
          "nodeid": "tests/test_cache.py::TestUnpywallCache::test_get",
          "type": "Function",
          "lineno": 77
        },
        {
          "nodeid": "tests/test_cache.py::TestUnpywallCache::test_save_load",
          "type": "Function",
          "lineno": 85
        },
        {
          "nodeid": "tests/test_cache.py::TestUnpywallCache::test_download",
          "type": "Function",
          "lineno": 101
        }
      ]
    },
    {
      "nodeid": "tests/test_cache.py",
      "outcome": "passed",
      "result": [
        {
          "nodeid": "tests/test_cache.py::TestUnpywallCache",
          "type": "Class"
        }
      ]
    },
    {
      "nodeid": "tests/test_cli.py::TestUnpywallCli",
      "outcome": "passed",
      "result": [
        {
          "nodeid": "tests/test_cli.py::TestUnpywallCli::test_main",
          "type": "Function",
          "lineno": 10
        },
        {
          "nodeid": "tests/test_cli.py::TestUnpywallCli::test_view",
          "type": "Function",
          "lineno": 21
        },
        {
          "nodeid": "tests/test_cli.py::TestUnpywallCli::test_download",
          "type": "Function",
          "lineno": 32
        },
        {
          "nodeid": "tests/test_cli.py::TestUnpywallCli::test_link",
          "type": "Function",
          "lineno": 44
        }
      ]
    },
    {
      "nodeid": "tests/test_cli.py",
      "outcome": "passed",
      "result": [
        {
          "nodeid": "tests/test_cli.py::TestUnpywallCli",
          "type": "Class"
        }
      ]
    },
    {
      "nodeid": "tests/test_unpywall.py::TestUnpywall",
      "outcome": "passed",
      "result": [
        {
          "nodeid": "tests/test_unpywall.py::TestUnpywall::test_init_cache",
          "type": "Function",
          "lineno": 23
        },
        {
          "nodeid": "tests/test_unpywall.py::TestUnpywall::test_validate_dois",
          "type": "Function",
          "lineno": 38
        },
        {
          "nodeid": "tests/test_unpywall.py::TestUnpywall::test_get_json",
          "type": "Function",
          "lineno": 57
        },
        {
          "nodeid": "tests/test_unpywall.py::TestUnpywall::test_get_pdf_link",
          "type": "Function",
          "lineno": 97
        },
        {
          "nodeid": "tests/test_unpywall.py::TestUnpywall::test_get_doc_link",
          "type": "Function",
          "lineno": 101
        },
        {
          "nodeid": "tests/test_unpywall.py::TestUnpywall::test_get_all_links",
          "type": "Function",
          "lineno": 106
        },
        {
          "nodeid": "tests/test_unpywall.py::TestUnpywall::test_download_pdf_handle",
          "type": "Function",
          "lineno": 111
        },
        {
          "nodeid": "tests/test_unpywall.py::TestUnpywall::test_progress",
          "type": "Function",
          "lineno": 134
        },
        {
          "nodeid": "tests/test_unpywall.py::TestUnpywall::test_view_pdf",
          "type": "Function",
          "lineno": 139
        },
        {
          "nodeid": "tests/test_unpywall.py::TestUnpywall::test_download_pdf_file",
          "type": "Function",
          "lineno": 142
        }
      ]
    },
    {
      "nodeid": "tests/test_unpywall.py",
      "outcome": "passed",
      "result": [
        {
          "nodeid": "tests/test_unpywall.py::TestUnpywall",
          "type": "Class"
        }
      ]
    },
    {
      "nodeid": "tests/test_utils.py::TestUnpywallCredentials",
      "outcome": "passed",
      "result": [
        {
          "nodeid": "tests/test_utils.py::TestUnpywallCredentials::test_validate_email",
          "type": "Function",
          "lineno": 7
        }
      ]
    },
    {
      "nodeid": "tests/test_utils.py::TestUnpywallURL",
      "outcome": "passed",
      "result": [
        {
          "nodeid": "tests/test_utils.py::TestUnpywallURL::test_doi_url",
          "type": "Function",
          "lineno": 36
        },
        {
          "nodeid": "tests/test_utils.py::TestUnpywallURL::test_query_url",
          "type": "Function",
          "lineno": 44
        }
      ]
    },
    {
      "nodeid": "tests/test_utils.py",
      "outcome": "passed",
      "result": [
        {
          "nodeid": "tests/test_utils.py::TestUnpywallCredentials",
          "type": "Class"
        },
        {
          "nodeid": "tests/test_utils.py::TestUnpywallURL",
          "type": "Class"
        }
      ]
    },
    {
      "nodeid": "tests",
      "outcome": "passed",
      "result": [
        {
          "nodeid": "tests/test_cache.py",
          "type": "Module"
        },
        {
          "nodeid": "tests/test_cli.py",
          "type": "Module"
        },
        {
          "nodeid": "tests/test_unpywall.py",
          "type": "Module"
        },
        {
          "nodeid": "tests/test_utils.py",
          "type": "Module"
        }
      ]
    },
    {
      "nodeid": "unpywall",
      "outcome": "passed",
      "result": []
    },
    {
      "nodeid": "unpywall.egg-info",
      "outcome": "passed",
      "result": []
    },
    {
      "nodeid": ".",
      "outcome": "passed",
      "result": [
        {
          "nodeid": "docs",
          "type": "Dir"
        },
        {
          "nodeid": "test_dir",
          "type": "Dir"
        },
        {
          "nodeid": "tests",
          "type": "Package"
        },
        {
          "nodeid": "unpywall",
          "type": "Package"
        },
        {
          "nodeid": "unpywall.egg-info",
          "type": "Dir"
        }
      ]
    }
  ],
  "tests": [
    {
      "nodeid": "tests/test_cache.py::TestUnpywallCache::test_reset_cache",
      "lineno": 54,
      "outcome": "error",
      "keywords": [
        "test_reset_cache",
        "TestUnpywallCache",
        "test_cache.py",
        "tests",
        "unpywall@unpywall__7909fde0__requests__pycurl",
        ""
      ],
      "setup": {
        "outcome": "failed",
        "crash": {
          "path": "D:\\repos\\unpywall@unpywall__7909fde0__requests__pycurl\\tests\\test_cache.py",
          "lineno": 43,
          "message": "TypeError: UnpywallCache() takes no arguments"
        },
        "traceback": [
          {
            "path": "tests\\test_cache.py",
            "lineno": 43,
            "message": "TypeError"
          }
        ],
        "longrepr": "self = <tests.test_cache.TestUnpywallCache object at 0x0000021DEF142B70>\n\n    @pytest.fixture\n    def example_cache(self):\n    \n        if os.path.exists(TestUnpywallCache.test_cache_path):\n            os.remove(TestUnpywallCache.test_cache_path)\n>           assert UnpywallCache(\n                    TestUnpywallCache.test_cache_path).content == {}\nE           TypeError: UnpywallCache() takes no arguments\n\ntests\\test_cache.py:43: TypeError"
      },
      "teardown": {
        "outcome": "passed"
      }
    },
    {
      "nodeid": "tests/test_cache.py::TestUnpywallCache::test_delete",
      "lineno": 59,
      "outcome": "error",
      "keywords": [
        "test_delete",
        "TestUnpywallCache",
        "test_cache.py",
        "tests",
        "unpywall@unpywall__7909fde0__requests__pycurl",
        ""
      ],
      "setup": {
        "outcome": "failed",
        "crash": {
          "path": "D:\\repos\\unpywall@unpywall__7909fde0__requests__pycurl\\tests\\test_cache.py",
          "lineno": 50,
          "message": "TypeError: UnpywallCache() takes no arguments"
        },
        "traceback": [
          {
            "path": "tests\\test_cache.py",
            "lineno": 50,
            "message": "TypeError"
          }
        ],
        "longrepr": "self = <tests.test_cache.TestUnpywallCache object at 0x0000021DEF6B8980>\n\n    @pytest.fixture\n    def example_cache(self):\n    \n        if os.path.exists(TestUnpywallCache.test_cache_path):\n            os.remove(TestUnpywallCache.test_cache_path)\n            assert UnpywallCache(\n                    TestUnpywallCache.test_cache_path).content == {}\n            assert UnpywallCache(\n                    TestUnpywallCache.test_cache_path).access_times == {}\n    \n        copyfile(TestUnpywallCache.test_backup_cache_path,\n                 TestUnpywallCache.test_cache_path)\n>       cache = UnpywallCache(TestUnpywallCache.test_cache_path)\nE       TypeError: UnpywallCache() takes no arguments\n\ntests\\test_cache.py:50: TypeError"
      },
      "teardown": {
        "outcome": "passed"
      }
    },
    {
      "nodeid": "tests/test_cache.py::TestUnpywallCache::test_timeout",
      "lineno": 67,
      "outcome": "error",
      "keywords": [
        "test_timeout",
        "TestUnpywallCache",
        "test_cache.py",
        "tests",
        "unpywall@unpywall__7909fde0__requests__pycurl",
        ""
      ],
      "setup": {
        "outcome": "failed",
        "crash": {
          "path": "D:\\repos\\unpywall@unpywall__7909fde0__requests__pycurl\\tests\\test_cache.py",
          "lineno": 43,
          "message": "TypeError: UnpywallCache() takes no arguments"
        },
        "traceback": [
          {
            "path": "tests\\test_cache.py",
            "lineno": 43,
            "message": "TypeError"
          }
        ],
        "longrepr": "self = <tests.test_cache.TestUnpywallCache object at 0x0000021DEF7A92E0>\n\n    @pytest.fixture\n    def example_cache(self):\n    \n        if os.path.exists(TestUnpywallCache.test_cache_path):\n            os.remove(TestUnpywallCache.test_cache_path)\n>           assert UnpywallCache(\n                    TestUnpywallCache.test_cache_path).content == {}\nE           TypeError: UnpywallCache() takes no arguments\n\ntests\\test_cache.py:43: TypeError"
      },
      "teardown": {
        "outcome": "passed"
      }
    },
    {
      "nodeid": "tests/test_cache.py::TestUnpywallCache::test_get",
      "lineno": 77,
      "outcome": "error",
      "keywords": [
        "test_get",
        "TestUnpywallCache",
        "test_cache.py",
        "tests",
        "unpywall@unpywall__7909fde0__requests__pycurl",
        ""
      ],
      "setup": {
        "outcome": "failed",
        "crash": {
          "path": "D:\\repos\\unpywall@unpywall__7909fde0__requests__pycurl\\tests\\test_cache.py",
          "lineno": 50,
          "message": "TypeError: UnpywallCache() takes no arguments"
        },
        "traceback": [
          {
            "path": "tests\\test_cache.py",
            "lineno": 50,
            "message": "TypeError"
          }
        ],
        "longrepr": "self = <tests.test_cache.TestUnpywallCache object at 0x0000021DEF7A9580>\n\n    @pytest.fixture\n    def example_cache(self):\n    \n        if os.path.exists(TestUnpywallCache.test_cache_path):\n            os.remove(TestUnpywallCache.test_cache_path)\n            assert UnpywallCache(\n                    TestUnpywallCache.test_cache_path).content == {}\n            assert UnpywallCache(\n                    TestUnpywallCache.test_cache_path).access_times == {}\n    \n        copyfile(TestUnpywallCache.test_backup_cache_path,\n                 TestUnpywallCache.test_cache_path)\n>       cache = UnpywallCache(TestUnpywallCache.test_cache_path)\nE       TypeError: UnpywallCache() takes no arguments\n\ntests\\test_cache.py:50: TypeError"
      },
      "teardown": {
        "outcome": "passed"
      }
    },
    {
      "nodeid": "tests/test_cache.py::TestUnpywallCache::test_save_load",
      "lineno": 85,
      "outcome": "error",
      "keywords": [
        "test_save_load",
        "TestUnpywallCache",
        "test_cache.py",
        "tests",
        "unpywall@unpywall__7909fde0__requests__pycurl",
        ""
      ],
      "setup": {
        "outcome": "failed",
        "crash": {
          "path": "D:\\repos\\unpywall@unpywall__7909fde0__requests__pycurl\\tests\\test_cache.py",
          "lineno": 43,
          "message": "TypeError: UnpywallCache() takes no arguments"
        },
        "traceback": [
          {
            "path": "tests\\test_cache.py",
            "lineno": 43,
            "message": "TypeError"
          }
        ],
        "longrepr": "self = <tests.test_cache.TestUnpywallCache object at 0x0000021DEF7A95B0>\n\n    @pytest.fixture\n    def example_cache(self):\n    \n        if os.path.exists(TestUnpywallCache.test_cache_path):\n            os.remove(TestUnpywallCache.test_cache_path)\n>           assert UnpywallCache(\n                    TestUnpywallCache.test_cache_path).content == {}\nE           TypeError: UnpywallCache() takes no arguments\n\ntests\\test_cache.py:43: TypeError"
      },
      "teardown": {
        "outcome": "passed"
      }
    },
    {
      "nodeid": "tests/test_cache.py::TestUnpywallCache::test_download",
      "lineno": 101,
      "outcome": "error",
      "keywords": [
        "test_download",
        "TestUnpywallCache",
        "test_cache.py",
        "tests",
        "unpywall@unpywall__7909fde0__requests__pycurl",
        ""
      ],
      "setup": {
        "outcome": "failed",
        "crash": {
          "path": "D:\\repos\\unpywall@unpywall__7909fde0__requests__pycurl\\tests\\test_cache.py",
          "lineno": 50,
          "message": "TypeError: UnpywallCache() takes no arguments"
        },
        "traceback": [
          {
            "path": "tests\\test_cache.py",
            "lineno": 50,
            "message": "TypeError"
          }
        ],
        "longrepr": "self = <tests.test_cache.TestUnpywallCache object at 0x0000021DEF7A9130>\n\n    @pytest.fixture\n    def example_cache(self):\n    \n        if os.path.exists(TestUnpywallCache.test_cache_path):\n            os.remove(TestUnpywallCache.test_cache_path)\n            assert UnpywallCache(\n                    TestUnpywallCache.test_cache_path).content == {}\n            assert UnpywallCache(\n                    TestUnpywallCache.test_cache_path).access_times == {}\n    \n        copyfile(TestUnpywallCache.test_backup_cache_path,\n                 TestUnpywallCache.test_cache_path)\n>       cache = UnpywallCache(TestUnpywallCache.test_cache_path)\nE       TypeError: UnpywallCache() takes no arguments\n\ntests\\test_cache.py:50: TypeError"
      },
      "teardown": {
        "outcome": "passed"
      }
    },
    {
      "nodeid": "tests/test_cli.py::TestUnpywallCli::test_main",
      "lineno": 10,
      "outcome": "passed",
      "keywords": [
        "test_main",
        "TestUnpywallCli",
        "test_cli.py",
        "tests",
        "unpywall@unpywall__7909fde0__requests__pycurl",
        ""
      ],
      "setup": {
        "outcome": "passed"
      },
      "call": {
        "outcome": "passed",
        "stdout": "usage: unpywall <command> [<args>]\n\nCommand-line tool for interfacing the Unpaywall API\n\nThese are common unpywall commands:\n\n   view        This command opens a local copy of a PDF from\n               a given DOI.\n   download    This command downloads a copy of a PDF from a\n               given DOI.\n   link        This command returns a link to an OA pdf\n               (if available).\nUnknown option: this is a bad argument\nusage: unpywall <command> [<args>]\n\nCommand-line tool for interfacing the Unpaywall API\n\nThese are common unpywall commands:\n\n   view        This command opens a local copy of a PDF from\n               a given DOI.\n   download    This command downloads a copy of a PDF from a\n               given DOI.\n   link        This command returns a link to an OA pdf\n               (if available).\n"
      },
      "teardown": {
        "outcome": "passed"
      }
    },
    {
      "nodeid": "tests/test_cli.py::TestUnpywallCli::test_view",
      "lineno": 21,
      "outcome": "passed",
      "keywords": [
        "test_view",
        "TestUnpywallCli",
        "test_cli.py",
        "tests",
        "unpywall@unpywall__7909fde0__requests__pycurl",
        ""
      ],
      "setup": {
        "outcome": "passed"
      },
      "call": {
        "outcome": "passed",
        "stdout": "usage: __main__.py [-m \b] [-b \b] [-u \b] doi\n\nThis command opens a local copy of a PDF from a given DOI.\n\npositional arguments:\n  doi                 \tThe DOI of the document.\n\noptions:\n  -m \b, --mode \b      \tThe mode for viewing a PDF.\n  -b \b, --backend \b   \tThe backend you want to use.\n  -u \b, --progress \b  \tShow progress bar.\n",
        "stderr": "error: the following arguments are required: doi\n\n"
      },
      "teardown": {
        "outcome": "passed"
      }
    },
    {
      "nodeid": "tests/test_cli.py::TestUnpywallCli::test_download",
      "lineno": 32,
      "outcome": "passed",
      "keywords": [
        "test_download",
        "TestUnpywallCli",
        "test_cli.py",
        "tests",
        "unpywall@unpywall__7909fde0__requests__pycurl",
        ""
      ],
      "setup": {
        "outcome": "passed"
      },
      "call": {
        "outcome": "passed",
        "stdout": "usage: __main__.py [-f \b] [-p \b] [-b \b] [-u \b] doi\n\nThis command downloads a copy of a PDF from a given DOI.\n\npositional arguments:\n  doi                 \tThe DOI of the document.\n\noptions:\n  -f \b, --filename \b  \tThe filename for downloading a PDF.\n  -p \b, --path \b      \tThe filepath for downloading a PDF.\n  -b \b, --backend \b   \tThe backend you want to use.\n  -u \b, --progress \b  \tShow progress bar.\n",
        "stderr": "error: the following arguments are required: doi\n\n"
      },
      "teardown": {
        "outcome": "passed"
      }
    },
    {
      "nodeid": "tests/test_cli.py::TestUnpywallCli::test_link",
      "lineno": 44,
      "outcome": "passed",
      "keywords": [
        "test_link",
        "TestUnpywallCli",
        "test_cli.py",
        "tests",
        "unpywall@unpywall__7909fde0__requests__pycurl",
        ""
      ],
      "setup": {
        "outcome": "passed"
      },
      "call": {
        "outcome": "passed",
        "stdout": "usage: __main__.py [-b \b] doi\n\nThis command returns a link to an OA pdf (if available).\n\npositional arguments:\n  doi                \tThe DOI of the document.\n\noptions:\n  -b \b, --backend \b  \tThe backend you want to use.\n",
        "stderr": "error: the following arguments are required: doi\n\n"
      },
      "teardown": {
        "outcome": "passed"
      }
    },
    {
      "nodeid": "tests/test_unpywall.py::TestUnpywall::test_init_cache",
      "lineno": 23,
      "outcome": "passed",
      "keywords": [
        "test_init_cache",
        "TestUnpywall",
        "test_unpywall.py",
        "tests",
        "unpywall@unpywall__7909fde0__requests__pycurl",
        ""
      ],
      "setup": {
        "outcome": "passed"
      },
      "call": {
        "outcome": "passed"
      },
      "teardown": {
        "outcome": "passed"
      }
    },
    {
      "nodeid": "tests/test_unpywall.py::TestUnpywall::test_validate_dois",
      "lineno": 38,
      "outcome": "passed",
      "keywords": [
        "test_validate_dois",
        "TestUnpywall",
        "test_unpywall.py",
        "tests",
        "unpywall@unpywall__7909fde0__requests__pycurl",
        ""
      ],
      "setup": {
        "outcome": "passed"
      },
      "call": {
        "outcome": "passed"
      },
      "teardown": {
        "outcome": "passed"
      }
    },
    {
      "nodeid": "tests/test_unpywall.py::TestUnpywall::test_get_json",
      "lineno": 57,
      "outcome": "failed",
      "keywords": [
        "test_get_json",
        "TestUnpywall",
        "test_unpywall.py",
        "tests",
        "unpywall@unpywall__7909fde0__requests__pycurl",
        ""
      ],
      "setup": {
        "outcome": "passed"
      },
      "call": {
        "outcome": "failed",
        "crash": {
          "path": "D:\\repos\\unpywall@unpywall__7909fde0__requests__pycurl\\tests\\test_unpywall.py",
          "lineno": 84,
          "message": "AssertionError: assert False\n +  where False = isinstance(None, dict)\n +    where None = <function Unpywall.get_json at 0x0000021DEF86D620>(doi='10.1016/j.tmaid.2020.101663', errors='raise')\n +      where <function Unpywall.get_json at 0x0000021DEF86D620> = <class 'unpywall.Unpywall'>.get_json"
        },
        "traceback": [
          {
            "path": "tests\\test_unpywall.py",
            "lineno": 84,
            "message": "AssertionError"
          }
        ],
        "longrepr": "self = <tests.test_unpywall.TestUnpywall object at 0x0000021DEFA54800>\nUnpywall = <class 'unpywall.Unpywall'>\n\n    def test_get_json(self, Unpywall):\n    \n        def pycurl_get(url):\n            buffer = BytesIO()\n            c = pycurl.Curl()\n            c.setopt(c.URL, url)\n            c.setopt(c.WRITEDATA, buffer)\n            c.setopt(c.FOLLOWLOCATION, True)\n            c.setopt(c.TIMEOUT, 30)\n            try:\n                c.perform()\n                status_code = c.getinfo(pycurl.RESPONSE_CODE)\n                c.close()\n                if status_code != 200:\n                    raise Exception(f\"HTTP request failed with status code {status_code}\")\n                return buffer.getvalue().decode('utf-8')\n            except pycurl.error as e:\n                c.close()\n                raise Exception(f\"An error occurred: {e}\")\n    \n        with pytest.raises(Exception):\n            Unpywall.get_json(doi='a bad doi', errors='raise')\n    \n        with pytest.warns(UserWarning):\n            Unpywall.get_json(doi='a bad doi', errors='ignore')\n    \n>       assert isinstance(Unpywall.get_json(doi='10.1016/j.tmaid.2020.101663',\n                                            errors='raise'), dict)\nE       AssertionError: assert False\nE        +  where False = isinstance(None, dict)\nE        +    where None = <function Unpywall.get_json at 0x0000021DEF86D620>(doi='10.1016/j.tmaid.2020.101663', errors='raise')\nE        +      where <function Unpywall.get_json at 0x0000021DEF86D620> = <class 'unpywall.Unpywall'>.get_json\n\ntests\\test_unpywall.py:84: AssertionError"
      },
      "teardown": {
        "outcome": "passed"
      }
    },
    {
      "nodeid": "tests/test_unpywall.py::TestUnpywall::test_get_pdf_link",
      "lineno": 97,
      "outcome": "failed",
      "keywords": [
        "test_get_pdf_link",
        "TestUnpywall",
        "test_unpywall.py",
        "tests",
        "unpywall@unpywall__7909fde0__requests__pycurl",
        ""
      ],
      "setup": {
        "outcome": "passed"
      },
      "call": {
        "outcome": "failed",
        "crash": {
          "path": "D:\\repos\\unpywall@unpywall__7909fde0__requests__pycurl\\tests\\test_unpywall.py",
          "lineno": 100,
          "message": "AttributeError: type object 'Unpywall' has no attribute 'get_pdf_link'"
        },
        "traceback": [
          {
            "path": "tests\\test_unpywall.py",
            "lineno": 100,
            "message": "AttributeError"
          }
        ],
        "longrepr": "self = <tests.test_unpywall.TestUnpywall object at 0x0000021DEFA54980>\nUnpywall = <class 'unpywall.Unpywall'>\n\n    def test_get_pdf_link(self, Unpywall):\n    \n>       assert isinstance(Unpywall.get_pdf_link('10.1038/nature12373'), str)\nE       AttributeError: type object 'Unpywall' has no attribute 'get_pdf_link'\n\ntests\\test_unpywall.py:100: AttributeError"
      },
      "teardown": {
        "outcome": "passed"
      }
    },
    {
      "nodeid": "tests/test_unpywall.py::TestUnpywall::test_get_doc_link",
      "lineno": 101,
      "outcome": "failed",
      "keywords": [
        "test_get_doc_link",
        "TestUnpywall",
        "test_unpywall.py",
        "tests",
        "unpywall@unpywall__7909fde0__requests__pycurl",
        ""
      ],
      "setup": {
        "outcome": "passed"
      },
      "call": {
        "outcome": "failed",
        "crash": {
          "path": "D:\\repos\\unpywall@unpywall__7909fde0__requests__pycurl\\tests\\test_unpywall.py",
          "lineno": 105,
          "message": "AttributeError: type object 'Unpywall' has no attribute 'get_doc_link'"
        },
        "traceback": [
          {
            "path": "tests\\test_unpywall.py",
            "lineno": 105,
            "message": "AttributeError"
          }
        ],
        "longrepr": "self = <tests.test_unpywall.TestUnpywall object at 0x0000021DEFA54B00>\nUnpywall = <class 'unpywall.Unpywall'>\n\n    def test_get_doc_link(self, Unpywall):\n    \n        assert isinstance(\n>           Unpywall.get_doc_link('10.1016/j.tmaid.2020.101663'), str)\nE       AttributeError: type object 'Unpywall' has no attribute 'get_doc_link'\n\ntests\\test_unpywall.py:105: AttributeError"
      },
      "teardown": {
        "outcome": "passed"
      }
    },
    {
      "nodeid": "tests/test_unpywall.py::TestUnpywall::test_get_all_links",
      "lineno": 106,
      "outcome": "failed",
      "keywords": [
        "test_get_all_links",
        "TestUnpywall",
        "test_unpywall.py",
        "tests",
        "unpywall@unpywall__7909fde0__requests__pycurl",
        ""
      ],
      "setup": {
        "outcome": "passed"
      },
      "call": {
        "outcome": "failed",
        "crash": {
          "path": "D:\\repos\\unpywall@unpywall__7909fde0__requests__pycurl\\tests\\test_unpywall.py",
          "lineno": 110,
          "message": "AttributeError: type object 'Unpywall' has no attribute 'get_all_links'"
        },
        "traceback": [
          {
            "path": "tests\\test_unpywall.py",
            "lineno": 110,
            "message": "AttributeError"
          }
        ],
        "longrepr": "self = <tests.test_unpywall.TestUnpywall object at 0x0000021DEFA54C80>\nUnpywall = <class 'unpywall.Unpywall'>\n\n    def test_get_all_links(self, Unpywall):\n    \n        assert isinstance(\n>           Unpywall.get_all_links('10.1016/j.tmaid.2020.101663'), list)\nE       AttributeError: type object 'Unpywall' has no attribute 'get_all_links'\n\ntests\\test_unpywall.py:110: AttributeError"
      },
      "teardown": {
        "outcome": "passed"
      }
    },
    {
      "nodeid": "tests/test_unpywall.py::TestUnpywall::test_download_pdf_handle",
      "lineno": 111,
      "outcome": "failed",
      "keywords": [
        "test_download_pdf_handle",
        "TestUnpywall",
        "test_unpywall.py",
        "tests",
        "unpywall@unpywall__7909fde0__requests__pycurl",
        ""
      ],
      "setup": {
        "outcome": "passed"
      },
      "call": {
        "outcome": "failed",
        "crash": {
          "path": "D:\\repos\\unpywall@unpywall__7909fde0__requests__pycurl\\tests\\test_unpywall.py",
          "lineno": 133,
          "message": "AttributeError: type object 'Unpywall' has no attribute 'download_pdf_handle'"
        },
        "traceback": [
          {
            "path": "tests\\test_unpywall.py",
            "lineno": 133,
            "message": "AttributeError"
          }
        ],
        "longrepr": "self = <tests.test_unpywall.TestUnpywall object at 0x0000021DEFA2B1A0>\nUnpywall = <class 'unpywall.Unpywall'>\n\n    def test_download_pdf_handle(self, Unpywall):\n    \n        def pycurl_download(url):\n            buffer = BytesIO()\n            c = pycurl.Curl()\n            c.setopt(c.URL, url)\n            c.setopt(c.WRITEDATA, buffer)\n            c.setopt(c.FOLLOWLOCATION, True)\n            c.setopt(c.TIMEOUT, 30)\n            try:\n                c.perform()\n                status_code = c.getinfo(pycurl.RESPONSE_CODE)\n                c.close()\n                if status_code != 200:\n                    raise Exception(f\"HTTP request failed with status code {status_code}\")\n                return buffer\n            except pycurl.error as e:\n                c.close()\n                raise Exception(f\"An error occurred: {e}\")\n    \n        assert isinstance(\n>           Unpywall.download_pdf_handle('10.1038/nature12373'), BytesIO)\nE       AttributeError: type object 'Unpywall' has no attribute 'download_pdf_handle'\n\ntests\\test_unpywall.py:133: AttributeError"
      },
      "teardown": {
        "outcome": "passed"
      }
    },
    {
      "nodeid": "tests/test_unpywall.py::TestUnpywall::test_progress",
      "lineno": 134,
      "outcome": "passed",
      "keywords": [
        "test_progress",
        "TestUnpywall",
        "test_unpywall.py",
        "tests",
        "unpywall@unpywall__7909fde0__requests__pycurl",
        ""
      ],
      "setup": {
        "outcome": "passed"
      },
      "call": {
        "outcome": "passed"
      },
      "teardown": {
        "outcome": "passed"
      }
    },
    {
      "nodeid": "tests/test_unpywall.py::TestUnpywall::test_view_pdf",
      "lineno": 139,
      "outcome": "passed",
      "keywords": [
        "test_view_pdf",
        "TestUnpywall",
        "test_unpywall.py",
        "tests",
        "unpywall@unpywall__7909fde0__requests__pycurl",
        ""
      ],
      "setup": {
        "outcome": "passed"
      },
      "call": {
        "outcome": "passed"
      },
      "teardown": {
        "outcome": "passed"
      }
    },
    {
      "nodeid": "tests/test_unpywall.py::TestUnpywall::test_download_pdf_file",
      "lineno": 142,
      "outcome": "failed",
      "keywords": [
        "test_download_pdf_file",
        "TestUnpywall",
        "test_unpywall.py",
        "tests",
        "unpywall@unpywall__7909fde0__requests__pycurl",
        ""
      ],
      "setup": {
        "outcome": "passed"
      },
      "call": {
        "outcome": "failed",
        "crash": {
          "path": "D:\\repos\\unpywall@unpywall__7909fde0__requests__pycurl\\tests\\test_unpywall.py",
          "lineno": 148,
          "message": "AttributeError: type object 'Unpywall' has no attribute 'download_pdf_file'"
        },
        "traceback": [
          {
            "path": "tests\\test_unpywall.py",
            "lineno": 148,
            "message": "AttributeError"
          }
        ],
        "longrepr": "self = <tests.test_unpywall.TestUnpywall object at 0x0000021DEFA54FE0>\nUnpywall = <class 'unpywall.Unpywall'>\ncapfd = <_pytest.capture.CaptureFixture object at 0x0000021DEFAA4440>\n\n    def test_download_pdf_file(self, Unpywall, capfd):\n    \n        filename = 'test.pdf'\n        filepath = './test_dir'\n    \n>       Unpywall.download_pdf_file('10.1038/nature12373',\n                                   filename=filename,\n                                   filepath=filepath,\n                                   progress=True)\nE       AttributeError: type object 'Unpywall' has no attribute 'download_pdf_file'\n\ntests\\test_unpywall.py:148: AttributeError"
      },
      "teardown": {
        "outcome": "passed"
      }
    },
    {
      "nodeid": "tests/test_utils.py::TestUnpywallCredentials::test_validate_email",
      "lineno": 7,
      "outcome": "passed",
      "keywords": [
        "test_validate_email",
        "TestUnpywallCredentials",
        "test_utils.py",
        "tests",
        "unpywall@unpywall__7909fde0__requests__pycurl",
        ""
      ],
      "setup": {
        "outcome": "passed"
      },
      "call": {
        "outcome": "passed"
      },
      "teardown": {
        "outcome": "passed"
      }
    },
    {
      "nodeid": "tests/test_utils.py::TestUnpywallURL::test_doi_url",
      "lineno": 36,
      "outcome": "passed",
      "keywords": [
        "test_doi_url",
        "TestUnpywallURL",
        "test_utils.py",
        "tests",
        "unpywall@unpywall__7909fde0__requests__pycurl",
        ""
      ],
      "setup": {
        "outcome": "passed"
      },
      "call": {
        "outcome": "passed"
      },
      "teardown": {
        "outcome": "passed"
      }
    },
    {
      "nodeid": "tests/test_utils.py::TestUnpywallURL::test_query_url",
      "lineno": 44,
      "outcome": "passed",
      "keywords": [
        "test_query_url",
        "TestUnpywallURL",
        "test_utils.py",
        "tests",
        "unpywall@unpywall__7909fde0__requests__pycurl",
        ""
      ],
      "setup": {
        "outcome": "passed"
      },
      "call": {
        "outcome": "passed"
      },
      "teardown": {
        "outcome": "passed"
      }
    }
  ]
}