{
  "exitcode": 1,
  "summary": {
    "failed": 5,
    "skipped": 1,
    "error": 5,
    "passed": 40,
    "total": 51,
    "collected": 51
  },
  "collectors": [
    {
      "nodeid": "",
      "outcome": "passed",
      "result": [
        {
          "nodeid": ".",
          "type": "Dir"
        }
      ]
    },
    {
      "nodeid": "cf_speedtest",
      "outcome": "passed",
      "result": []
    },
    {
      "nodeid": "cf_speedtest.egg-info",
      "outcome": "passed",
      "result": []
    },
    {
      "nodeid": "tests/integration_test.py",
      "outcome": "passed",
      "result": [
        {
          "nodeid": "tests/integration_test.py::test_country",
          "type": "Function",
          "lineno": 10
        },
        {
          "nodeid": "tests/integration_test.py::test_preamble",
          "type": "Function",
          "lineno": 17
        },
        {
          "nodeid": "tests/integration_test.py::test_main",
          "type": "Function",
          "lineno": 25
        },
        {
          "nodeid": "tests/integration_test.py::test_proxy",
          "type": "Function",
          "lineno": 30
        },
        {
          "nodeid": "tests/integration_test.py::test_nossl",
          "type": "Function",
          "lineno": 36
        },
        {
          "nodeid": "tests/integration_test.py::test_csv_output",
          "type": "Function",
          "lineno": 41
        }
      ]
    },
    {
      "nodeid": "tests/network_test.py",
      "outcome": "passed",
      "result": [
        {
          "nodeid": "tests/network_test.py::test_get_our_country",
          "type": "Function",
          "lineno": 16
        },
        {
          "nodeid": "tests/network_test.py::test_preamble_unit",
          "type": "Function",
          "lineno": 24
        }
      ]
    },
    {
      "nodeid": "tests/options_test.py",
      "outcome": "passed",
      "result": [
        {
          "nodeid": "tests/options_test.py::test_str_to_bool_valid[yes-True]",
          "type": "Function",
          "lineno": 8
        },
        {
          "nodeid": "tests/options_test.py::test_str_to_bool_valid[no-False]",
          "type": "Function",
          "lineno": 8
        },
        {
          "nodeid": "tests/options_test.py::test_str_to_bool_valid[true-True]",
          "type": "Function",
          "lineno": 8
        },
        {
          "nodeid": "tests/options_test.py::test_str_to_bool_valid[false-False]",
          "type": "Function",
          "lineno": 8
        },
        {
          "nodeid": "tests/options_test.py::test_str_to_bool_valid[1-True]",
          "type": "Function",
          "lineno": 8
        },
        {
          "nodeid": "tests/options_test.py::test_str_to_bool_valid[0-False]",
          "type": "Function",
          "lineno": 8
        },
        {
          "nodeid": "tests/options_test.py::test_str_to_bool_valid[YES-True]",
          "type": "Function",
          "lineno": 8
        },
        {
          "nodeid": "tests/options_test.py::test_str_to_bool_valid[NO-False]",
          "type": "Function",
          "lineno": 8
        },
        {
          "nodeid": "tests/options_test.py::test_str_to_bool_valid[True-True]",
          "type": "Function",
          "lineno": 8
        },
        {
          "nodeid": "tests/options_test.py::test_str_to_bool_valid[False-False]",
          "type": "Function",
          "lineno": 8
        },
        {
          "nodeid": "tests/options_test.py::test_str_to_bool_valid[y-True]",
          "type": "Function",
          "lineno": 8
        },
        {
          "nodeid": "tests/options_test.py::test_str_to_bool_valid[n-False]",
          "type": "Function",
          "lineno": 8
        },
        {
          "nodeid": "tests/options_test.py::test_str_to_bool_invalid[invalid]",
          "type": "Function",
          "lineno": 28
        },
        {
          "nodeid": "tests/options_test.py::test_str_to_bool_invalid[maybe]",
          "type": "Function",
          "lineno": 28
        },
        {
          "nodeid": "tests/options_test.py::test_str_to_bool_invalid[2]",
          "type": "Function",
          "lineno": 28
        },
        {
          "nodeid": "tests/options_test.py::test_str_to_bool_invalid[-1]",
          "type": "Function",
          "lineno": 28
        },
        {
          "nodeid": "tests/options_test.py::test_valid_percentile_valid[0-0]",
          "type": "Function",
          "lineno": 34
        },
        {
          "nodeid": "tests/options_test.py::test_valid_percentile_valid[50-50]",
          "type": "Function",
          "lineno": 34
        },
        {
          "nodeid": "tests/options_test.py::test_valid_percentile_valid[100-100]",
          "type": "Function",
          "lineno": 34
        },
        {
          "nodeid": "tests/options_test.py::test_valid_percentile_invalid[-1]",
          "type": "Function",
          "lineno": 45
        },
        {
          "nodeid": "tests/options_test.py::test_valid_percentile_invalid[101]",
          "type": "Function",
          "lineno": 45
        },
        {
          "nodeid": "tests/options_test.py::test_valid_percentile_invalid[invalid]",
          "type": "Function",
          "lineno": 45
        },
        {
          "nodeid": "tests/options_test.py::test_valid_percentile_invalid[50.5]",
          "type": "Function",
          "lineno": 45
        }
      ]
    },
    {
      "nodeid": "tests/speedtest_test.py",
      "outcome": "passed",
      "result": [
        {
          "nodeid": "tests/speedtest_test.py::test_run_tests[down-1000-3-3]",
          "type": "Function",
          "lineno": 10
        },
        {
          "nodeid": "tests/speedtest_test.py::test_run_tests[up-1000-5-5]",
          "type": "Function",
          "lineno": 10
        },
        {
          "nodeid": "tests/speedtest_test.py::test_run_tests[invalid-1000-2-0]",
          "type": "Function",
          "lineno": 10
        },
        {
          "nodeid": "tests/speedtest_test.py::test_run_standard_test",
          "type": "Function",
          "lineno": 32
        },
        {
          "nodeid": "tests/speedtest_test.py::test_main_unit[args0-0]",
          "type": "Function",
          "lineno": 51
        },
        {
          "nodeid": "tests/speedtest_test.py::test_main_unit[args1-0]",
          "type": "Function",
          "lineno": 51
        },
        {
          "nodeid": "tests/speedtest_test.py::test_main_unit[args2-0]",
          "type": "Function",
          "lineno": 51
        },
        {
          "nodeid": "tests/speedtest_test.py::test_proxy_unit[100.24.216.83:80-expected_dict0]",
          "type": "Function",
          "lineno": 73
        },
        {
          "nodeid": "tests/speedtest_test.py::test_proxy_unit[socks5://127.0.0.1:9150-expected_dict1]",
          "type": "Function",
          "lineno": 73
        },
        {
          "nodeid": "tests/speedtest_test.py::test_proxy_unit[http://user:pass@10.10.1.10:3128-expected_dict2]",
          "type": "Function",
          "lineno": 73
        },
        {
          "nodeid": "tests/speedtest_test.py::test_output_file",
          "type": "Function",
          "lineno": 109
        }
      ]
    },
    {
      "nodeid": "tests/utils_test.py",
      "outcome": "passed",
      "result": [
        {
          "nodeid": "tests/utils_test.py::test_percentile[data0-50-3]",
          "type": "Function",
          "lineno": 7
        },
        {
          "nodeid": "tests/utils_test.py::test_percentile[data1-90-9]",
          "type": "Function",
          "lineno": 7
        },
        {
          "nodeid": "tests/utils_test.py::test_percentile[data2-100-1]",
          "type": "Function",
          "lineno": 7
        },
        {
          "nodeid": "tests/utils_test.py::test_percentile[data3-0-1]",
          "type": "Function",
          "lineno": 7
        },
        {
          "nodeid": "tests/utils_test.py::test_get_server_timing[dur=1234.5-1.2345]",
          "type": "Function",
          "lineno": 19
        },
        {
          "nodeid": "tests/utils_test.py::test_get_server_timing[key=value;dur=5678.9-5.6789]",
          "type": "Function",
          "lineno": 19
        },
        {
          "nodeid": "tests/utils_test.py::test_get_server_timing[invalid-0.0]",
          "type": "Function",
          "lineno": 19
        },
        {
          "nodeid": "tests/utils_test.py::test_get_server_timing[dur=1000-1.0]",
          "type": "Function",
          "lineno": 19
        },
        {
          "nodeid": "tests/utils_test.py::test_get_server_timing[start=0;dur=500;desc=\"Backend\"-0.5]",
          "type": "Function",
          "lineno": 19
        }
      ]
    },
    {
      "nodeid": "tests",
      "outcome": "passed",
      "result": [
        {
          "nodeid": "tests/integration_test.py",
          "type": "Module"
        },
        {
          "nodeid": "tests/network_test.py",
          "type": "Module"
        },
        {
          "nodeid": "tests/options_test.py",
          "type": "Module"
        },
        {
          "nodeid": "tests/speedtest_test.py",
          "type": "Module"
        },
        {
          "nodeid": "tests/utils_test.py",
          "type": "Module"
        }
      ]
    },
    {
      "nodeid": ".",
      "outcome": "passed",
      "result": [
        {
          "nodeid": "cf_speedtest",
          "type": "Package"
        },
        {
          "nodeid": "cf_speedtest.egg-info",
          "type": "Dir"
        },
        {
          "nodeid": "tests",
          "type": "Package"
        }
      ]
    }
  ],
  "tests": [
    {
      "nodeid": "tests/integration_test.py::test_country",
      "lineno": 10,
      "outcome": "failed",
      "keywords": [
        "test_country",
        "integration",
        "pytestmark",
        "integration_test.py",
        "tests",
        "12932@cf-speedtest__78d9ee1d__requests__urllib3",
        ""
      ],
      "setup": {
        "outcome": "passed"
      },
      "call": {
        "outcome": "failed",
        "crash": {
          "path": "D:\\repos\\12932@cf-speedtest__78d9ee1d__requests__urllib3\\.venv\\Lib\\site-packages\\urllib3\\connectionpool.py",
          "lineno": 787,
          "message": "TypeError: HTTPConnectionPool._make_request() got an unexpected keyword argument 'cert_reqs'"
        },
        "traceback": [
          {
            "path": "tests\\integration_test.py",
            "lineno": 13,
            "message": ""
          },
          {
            "path": "cf_speedtest\\speedtest.py",
            "lineno": 151,
            "message": "in get_our_country"
          },
          {
            "path": ".venv\\Lib\\site-packages\\urllib3\\_request_methods.py",
            "lineno": 135,
            "message": "in request"
          },
          {
            "path": ".venv\\Lib\\site-packages\\urllib3\\_request_methods.py",
            "lineno": 182,
            "message": "in request_encode_url"
          },
          {
            "path": ".venv\\Lib\\site-packages\\urllib3\\poolmanager.py",
            "lineno": 459,
            "message": "in urlopen"
          },
          {
            "path": ".venv\\Lib\\site-packages\\urllib3\\connectionpool.py",
            "lineno": 787,
            "message": "TypeError"
          }
        ],
        "longrepr": "@pytest.mark.integration\n    def test_country():\n>       country = speedtest.get_our_country()\n                  ^^^^^^^^^^^^^^^^^^^^^^^^^^^\n\ntests\\integration_test.py:13: \n_ _ _ _ _ _ _ _ _ _ _ _ _ _ _ _ _ _ _ _ _ _ _ _ _ _ _ _ _ _ _ _ _ _ _ _ _ _ _ _\ncf_speedtest\\speedtest.py:151: in get_our_country\n    response = HTTP_MANAGER.request(\n.venv\\Lib\\site-packages\\urllib3\\_request_methods.py:135: in request\n    return self.request_encode_url(\n.venv\\Lib\\site-packages\\urllib3\\_request_methods.py:182: in request_encode_url\n    return self.urlopen(method, url, **extra_kw)\n           ^^^^^^^^^^^^^^^^^^^^^^^^^^^^^^^^^^^^^\n.venv\\Lib\\site-packages\\urllib3\\poolmanager.py:459: in urlopen\n    response = conn.urlopen(method, u.request_uri, **kw)\n               ^^^^^^^^^^^^^^^^^^^^^^^^^^^^^^^^^^^^^^^^^\n_ _ _ _ _ _ _ _ _ _ _ _ _ _ _ _ _ _ _ _ _ _ _ _ _ _ _ _ _ _ _ _ _ _ _ _ _ _ _ _\n\nself = <urllib3.connectionpool.HTTPSConnectionPool object at 0x000001D6F718F890>\nmethod = 'GET', url = '/cdn-cgi/trace', body = None, headers = {}\nretries = Retry(total=False, connect=None, read=None, redirect=0, status=None)\nredirect = False, assert_same_host = False, timeout = <_TYPE_DEFAULT.token: -1>\npool_timeout = None, release_conn = True, chunked = False, body_pos = None\npreload_content = True, decode_content = True\nresponse_kw = {'cert_reqs': 'CERT_REQUIRED'}\nparsed_url = Url(scheme=None, auth=None, host=None, port=None, path='/cdn-cgi/trace', query=None, fragment=None)\ndestination_scheme = None, conn = None, release_this_conn = True\nhttp_tunnel_required = False, err = None, clean_exit = False\n\n    def urlopen(  # type: ignore[override]\n        self,\n        method: str,\n        url: str,\n        body: _TYPE_BODY | None = None,\n        headers: typing.Mapping[str, str] | None = None,\n        retries: Retry | bool | int | None = None,\n        redirect: bool = True,\n        assert_same_host: bool = True,\n        timeout: _TYPE_TIMEOUT = _DEFAULT_TIMEOUT,\n        pool_timeout: int | None = None,\n        release_conn: bool | None = None,\n        chunked: bool = False,\n        body_pos: _TYPE_BODY_POSITION | None = None,\n        preload_content: bool = True,\n        decode_content: bool = True,\n        **response_kw: typing.Any,\n    ) -> BaseHTTPResponse:\n        \"\"\"\n        Get a connection from the pool and perform an HTTP request. This is the\n        lowest level call for making a request, so you'll need to specify all\n        the raw details.\n    \n        .. note::\n    \n           More commonly, it's appropriate to use a convenience method\n           such as :meth:`request`.\n    \n        .. note::\n    \n           `release_conn` will only behave as expected if\n           `preload_content=False` because we want to make\n           `preload_content=False` the default behaviour someday soon without\n           breaking backwards compatibility.\n    \n        :param method:\n            HTTP request method (such as GET, POST, PUT, etc.)\n    \n        :param url:\n            The URL to perform the request on.\n    \n        :param body:\n            Data to send in the request body, either :class:`str`, :class:`bytes`,\n            an iterable of :class:`str`/:class:`bytes`, or a file-like object.\n    \n        :param headers:\n            Dictionary of custom headers to send, such as User-Agent,\n            If-None-Match, etc. If None, pool headers are used. If provided,\n            these headers completely replace any pool-specific headers.\n    \n        :param retries:\n            Configure the number of retries to allow before raising a\n            :class:`~urllib3.exceptions.MaxRetryError` exception.\n    \n            If ``None`` (default) will retry 3 times, see ``Retry.DEFAULT``. Pass a\n            :class:`~urllib3.util.retry.Retry` object for fine-grained control\n            over different types of retries.\n            Pass an integer number to retry connection errors that many times,\n            but no other types of errors. Pass zero to never retry.\n    \n            If ``False``, then retries are disabled and any exception is raised\n            immediately. Also, instead of raising a MaxRetryError on redirects,\n            the redirect response will be returned.\n    \n        :type retries: :class:`~urllib3.util.retry.Retry`, False, or an int.\n    \n        :param redirect:\n            If True, automatically handle redirects (status codes 301, 302,\n            303, 307, 308). Each redirect counts as a retry. Disabling retries\n            will disable redirect, too.\n    \n        :param assert_same_host:\n            If ``True``, will make sure that the host of the pool requests is\n            consistent else will raise HostChangedError. When ``False``, you can\n            use the pool on an HTTP proxy and request foreign hosts.\n    \n        :param timeout:\n            If specified, overrides the default timeout for this one\n            request. It may be a float (in seconds) or an instance of\n            :class:`urllib3.util.Timeout`.\n    \n        :param pool_timeout:\n            If set and the pool is set to block=True, then this method will\n            block for ``pool_timeout`` seconds and raise EmptyPoolError if no\n            connection is available within the time period.\n    \n        :param bool preload_content:\n            If True, the response's body will be preloaded into memory.\n    \n        :param bool decode_content:\n            If True, will attempt to decode the body based on the\n            'content-encoding' header.\n    \n        :param release_conn:\n            If False, then the urlopen call will not release the connection\n            back into the pool once a response is received (but will release if\n            you read the entire contents of the response such as when\n            `preload_content=True`). This is useful if you're not preloading\n            the response's content immediately. You will need to call\n            ``r.release_conn()`` on the response ``r`` to return the connection\n            back into the pool. If None, it takes the value of ``preload_content``\n            which defaults to ``True``.\n    \n        :param bool chunked:\n            If True, urllib3 will send the body using chunked transfer\n            encoding. Otherwise, urllib3 will send the body using the standard\n            content-length form. Defaults to False.\n    \n        :param int body_pos:\n            Position to seek to in file-like body in the event of a retry or\n            redirect. Typically this won't need to be set because urllib3 will\n            auto-populate the value when needed.\n        \"\"\"\n        parsed_url = parse_url(url)\n        destination_scheme = parsed_url.scheme\n    \n        if headers is None:\n            headers = self.headers\n    \n        if not isinstance(retries, Retry):\n            retries = Retry.from_int(retries, redirect=redirect, default=self.retries)\n    \n        if release_conn is None:\n            release_conn = preload_content\n    \n        # Check host\n        if assert_same_host and not self.is_same_host(url):\n            raise HostChangedError(self, url, retries)\n    \n        # Ensure that the URL we're connecting to is properly encoded\n        if url.startswith(\"/\"):\n            url = to_str(_encode_target(url))\n        else:\n            url = to_str(parsed_url.url)\n    \n        conn = None\n    \n        # Track whether `conn` needs to be released before\n        # returning/raising/recursing. Update this variable if necessary, and\n        # leave `release_conn` constant throughout the function. That way, if\n        # the function recurses, the original value of `release_conn` will be\n        # passed down into the recursive call, and its value will be respected.\n        #\n        # See issue #651 [1] for details.\n        #\n        # [1] <https://github.com/urllib3/urllib3/issues/651>\n        release_this_conn = release_conn\n    \n        http_tunnel_required = connection_requires_http_tunnel(\n            self.proxy, self.proxy_config, destination_scheme\n        )\n    \n        # Merge the proxy headers. Only done when not using HTTP CONNECT. We\n        # have to copy the headers dict so we can safely change it without those\n        # changes being reflected in anyone else's copy.\n        if not http_tunnel_required:\n            headers = headers.copy()  # type: ignore[attr-defined]\n            headers.update(self.proxy_headers)  # type: ignore[union-attr]\n    \n        # Must keep the exception bound to a separate variable or else Python 3\n        # complains about UnboundLocalError.\n        err = None\n    \n        # Keep track of whether we cleanly exited the except block. This\n        # ensures we do proper cleanup in finally.\n        clean_exit = False\n    \n        # Rewind body position, if needed. Record current position\n        # for future rewinds in the event of a redirect/retry.\n        body_pos = set_file_position(body, body_pos)\n    \n        try:\n            # Request a connection from the queue.\n            timeout_obj = self._get_timeout(timeout)\n            conn = self._get_conn(timeout=pool_timeout)\n    \n            conn.timeout = timeout_obj.connect_timeout  # type: ignore[assignment]\n    \n            # Is this a closed/new connection that requires CONNECT tunnelling?\n            if self.proxy is not None and http_tunnel_required and conn.is_closed:\n                try:\n                    self._prepare_proxy(conn)\n                except (BaseSSLError, OSError, SocketTimeout) as e:\n                    self._raise_timeout(\n                        err=e, url=self.proxy.url, timeout_value=conn.timeout\n                    )\n                    raise\n    \n            # If we're going to release the connection in ``finally:``, then\n            # the response doesn't need to know about the connection. Otherwise\n            # it will also try to release it and we'll have a double-release\n            # mess.\n            response_conn = conn if not release_conn else None\n    \n            # Make the request on the HTTPConnection object\n>           response = self._make_request(\n                conn,\n                method,\n                url,\n                timeout=timeout_obj,\n                body=body,\n                headers=headers,\n                chunked=chunked,\n                retries=retries,\n                response_conn=response_conn,\n                preload_content=preload_content,\n                decode_content=decode_content,\n                **response_kw,\n            )\nE           TypeError: HTTPConnectionPool._make_request() got an unexpected keyword argument 'cert_reqs'\n\n.venv\\Lib\\site-packages\\urllib3\\connectionpool.py:787: TypeError"
      },
      "teardown": {
        "outcome": "passed"
      }
    },
    {
      "nodeid": "tests/integration_test.py::test_preamble",
      "lineno": 17,
      "outcome": "failed",
      "keywords": [
        "test_preamble",
        "integration",
        "pytestmark",
        "integration_test.py",
        "tests",
        "12932@cf-speedtest__78d9ee1d__requests__urllib3",
        ""
      ],
      "setup": {
        "outcome": "passed"
      },
      "call": {
        "outcome": "failed",
        "crash": {
          "path": "D:\\repos\\12932@cf-speedtest__78d9ee1d__requests__urllib3\\.venv\\Lib\\site-packages\\urllib3\\connectionpool.py",
          "lineno": 787,
          "message": "TypeError: HTTPConnectionPool._make_request() got an unexpected keyword argument 'cert_reqs'"
        },
        "traceback": [
          {
            "path": "tests\\integration_test.py",
            "lineno": 20,
            "message": ""
          },
          {
            "path": "cf_speedtest\\speedtest.py",
            "lineno": 174,
            "message": "in preamble"
          },
          {
            "path": ".venv\\Lib\\site-packages\\urllib3\\_request_methods.py",
            "lineno": 135,
            "message": "in request"
          },
          {
            "path": ".venv\\Lib\\site-packages\\urllib3\\_request_methods.py",
            "lineno": 182,
            "message": "in request_encode_url"
          },
          {
            "path": ".venv\\Lib\\site-packages\\urllib3\\poolmanager.py",
            "lineno": 459,
            "message": "in urlopen"
          },
          {
            "path": ".venv\\Lib\\site-packages\\urllib3\\connectionpool.py",
            "lineno": 787,
            "message": "TypeError"
          }
        ],
        "longrepr": "@pytest.mark.integration\n    def test_preamble():\n>       preamble_text = speedtest.preamble()\n                        ^^^^^^^^^^^^^^^^^^^^\n\ntests\\integration_test.py:20: \n_ _ _ _ _ _ _ _ _ _ _ _ _ _ _ _ _ _ _ _ _ _ _ _ _ _ _ _ _ _ _ _ _ _ _ _ _ _ _ _\ncf_speedtest\\speedtest.py:174: in preamble\n    response = HTTP_MANAGER.request(\n.venv\\Lib\\site-packages\\urllib3\\_request_methods.py:135: in request\n    return self.request_encode_url(\n.venv\\Lib\\site-packages\\urllib3\\_request_methods.py:182: in request_encode_url\n    return self.urlopen(method, url, **extra_kw)\n           ^^^^^^^^^^^^^^^^^^^^^^^^^^^^^^^^^^^^^\n.venv\\Lib\\site-packages\\urllib3\\poolmanager.py:459: in urlopen\n    response = conn.urlopen(method, u.request_uri, **kw)\n               ^^^^^^^^^^^^^^^^^^^^^^^^^^^^^^^^^^^^^^^^^\n_ _ _ _ _ _ _ _ _ _ _ _ _ _ _ _ _ _ _ _ _ _ _ _ _ _ _ _ _ _ _ _ _ _ _ _ _ _ _ _\n\nself = <urllib3.connectionpool.HTTPSConnectionPool object at 0x000001D6F718F890>\nmethod = 'GET', url = '/__down?measId=0&bytes=0', body = None, headers = {}\nretries = Retry(total=False, connect=None, read=None, redirect=0, status=None)\nredirect = False, assert_same_host = False, timeout = <_TYPE_DEFAULT.token: -1>\npool_timeout = None, release_conn = True, chunked = False, body_pos = None\npreload_content = True, decode_content = True\nresponse_kw = {'cert_reqs': 'CERT_REQUIRED'}\nparsed_url = Url(scheme=None, auth=None, host=None, port=None, path='/__down', query='measId=0&bytes=0', fragment=None)\ndestination_scheme = None, conn = None, release_this_conn = True\nhttp_tunnel_required = False, err = None, clean_exit = False\n\n    def urlopen(  # type: ignore[override]\n        self,\n        method: str,\n        url: str,\n        body: _TYPE_BODY | None = None,\n        headers: typing.Mapping[str, str] | None = None,\n        retries: Retry | bool | int | None = None,\n        redirect: bool = True,\n        assert_same_host: bool = True,\n        timeout: _TYPE_TIMEOUT = _DEFAULT_TIMEOUT,\n        pool_timeout: int | None = None,\n        release_conn: bool | None = None,\n        chunked: bool = False,\n        body_pos: _TYPE_BODY_POSITION | None = None,\n        preload_content: bool = True,\n        decode_content: bool = True,\n        **response_kw: typing.Any,\n    ) -> BaseHTTPResponse:\n        \"\"\"\n        Get a connection from the pool and perform an HTTP request. This is the\n        lowest level call for making a request, so you'll need to specify all\n        the raw details.\n    \n        .. note::\n    \n           More commonly, it's appropriate to use a convenience method\n           such as :meth:`request`.\n    \n        .. note::\n    \n           `release_conn` will only behave as expected if\n           `preload_content=False` because we want to make\n           `preload_content=False` the default behaviour someday soon without\n           breaking backwards compatibility.\n    \n        :param method:\n            HTTP request method (such as GET, POST, PUT, etc.)\n    \n        :param url:\n            The URL to perform the request on.\n    \n        :param body:\n            Data to send in the request body, either :class:`str`, :class:`bytes`,\n            an iterable of :class:`str`/:class:`bytes`, or a file-like object.\n    \n        :param headers:\n            Dictionary of custom headers to send, such as User-Agent,\n            If-None-Match, etc. If None, pool headers are used. If provided,\n            these headers completely replace any pool-specific headers.\n    \n        :param retries:\n            Configure the number of retries to allow before raising a\n            :class:`~urllib3.exceptions.MaxRetryError` exception.\n    \n            If ``None`` (default) will retry 3 times, see ``Retry.DEFAULT``. Pass a\n            :class:`~urllib3.util.retry.Retry` object for fine-grained control\n            over different types of retries.\n            Pass an integer number to retry connection errors that many times,\n            but no other types of errors. Pass zero to never retry.\n    \n            If ``False``, then retries are disabled and any exception is raised\n            immediately. Also, instead of raising a MaxRetryError on redirects,\n            the redirect response will be returned.\n    \n        :type retries: :class:`~urllib3.util.retry.Retry`, False, or an int.\n    \n        :param redirect:\n            If True, automatically handle redirects (status codes 301, 302,\n            303, 307, 308). Each redirect counts as a retry. Disabling retries\n            will disable redirect, too.\n    \n        :param assert_same_host:\n            If ``True``, will make sure that the host of the pool requests is\n            consistent else will raise HostChangedError. When ``False``, you can\n            use the pool on an HTTP proxy and request foreign hosts.\n    \n        :param timeout:\n            If specified, overrides the default timeout for this one\n            request. It may be a float (in seconds) or an instance of\n            :class:`urllib3.util.Timeout`.\n    \n        :param pool_timeout:\n            If set and the pool is set to block=True, then this method will\n            block for ``pool_timeout`` seconds and raise EmptyPoolError if no\n            connection is available within the time period.\n    \n        :param bool preload_content:\n            If True, the response's body will be preloaded into memory.\n    \n        :param bool decode_content:\n            If True, will attempt to decode the body based on the\n            'content-encoding' header.\n    \n        :param release_conn:\n            If False, then the urlopen call will not release the connection\n            back into the pool once a response is received (but will release if\n            you read the entire contents of the response such as when\n            `preload_content=True`). This is useful if you're not preloading\n            the response's content immediately. You will need to call\n            ``r.release_conn()`` on the response ``r`` to return the connection\n            back into the pool. If None, it takes the value of ``preload_content``\n            which defaults to ``True``.\n    \n        :param bool chunked:\n            If True, urllib3 will send the body using chunked transfer\n            encoding. Otherwise, urllib3 will send the body using the standard\n            content-length form. Defaults to False.\n    \n        :param int body_pos:\n            Position to seek to in file-like body in the event of a retry or\n            redirect. Typically this won't need to be set because urllib3 will\n            auto-populate the value when needed.\n        \"\"\"\n        parsed_url = parse_url(url)\n        destination_scheme = parsed_url.scheme\n    \n        if headers is None:\n            headers = self.headers\n    \n        if not isinstance(retries, Retry):\n            retries = Retry.from_int(retries, redirect=redirect, default=self.retries)\n    \n        if release_conn is None:\n            release_conn = preload_content\n    \n        # Check host\n        if assert_same_host and not self.is_same_host(url):\n            raise HostChangedError(self, url, retries)\n    \n        # Ensure that the URL we're connecting to is properly encoded\n        if url.startswith(\"/\"):\n            url = to_str(_encode_target(url))\n        else:\n            url = to_str(parsed_url.url)\n    \n        conn = None\n    \n        # Track whether `conn` needs to be released before\n        # returning/raising/recursing. Update this variable if necessary, and\n        # leave `release_conn` constant throughout the function. That way, if\n        # the function recurses, the original value of `release_conn` will be\n        # passed down into the recursive call, and its value will be respected.\n        #\n        # See issue #651 [1] for details.\n        #\n        # [1] <https://github.com/urllib3/urllib3/issues/651>\n        release_this_conn = release_conn\n    \n        http_tunnel_required = connection_requires_http_tunnel(\n            self.proxy, self.proxy_config, destination_scheme\n        )\n    \n        # Merge the proxy headers. Only done when not using HTTP CONNECT. We\n        # have to copy the headers dict so we can safely change it without those\n        # changes being reflected in anyone else's copy.\n        if not http_tunnel_required:\n            headers = headers.copy()  # type: ignore[attr-defined]\n            headers.update(self.proxy_headers)  # type: ignore[union-attr]\n    \n        # Must keep the exception bound to a separate variable or else Python 3\n        # complains about UnboundLocalError.\n        err = None\n    \n        # Keep track of whether we cleanly exited the except block. This\n        # ensures we do proper cleanup in finally.\n        clean_exit = False\n    \n        # Rewind body position, if needed. Record current position\n        # for future rewinds in the event of a redirect/retry.\n        body_pos = set_file_position(body, body_pos)\n    \n        try:\n            # Request a connection from the queue.\n            timeout_obj = self._get_timeout(timeout)\n            conn = self._get_conn(timeout=pool_timeout)\n    \n            conn.timeout = timeout_obj.connect_timeout  # type: ignore[assignment]\n    \n            # Is this a closed/new connection that requires CONNECT tunnelling?\n            if self.proxy is not None and http_tunnel_required and conn.is_closed:\n                try:\n                    self._prepare_proxy(conn)\n                except (BaseSSLError, OSError, SocketTimeout) as e:\n                    self._raise_timeout(\n                        err=e, url=self.proxy.url, timeout_value=conn.timeout\n                    )\n                    raise\n    \n            # If we're going to release the connection in ``finally:``, then\n            # the response doesn't need to know about the connection. Otherwise\n            # it will also try to release it and we'll have a double-release\n            # mess.\n            response_conn = conn if not release_conn else None\n    \n            # Make the request on the HTTPConnection object\n>           response = self._make_request(\n                conn,\n                method,\n                url,\n                timeout=timeout_obj,\n                body=body,\n                headers=headers,\n                chunked=chunked,\n                retries=retries,\n                response_conn=response_conn,\n                preload_content=preload_content,\n                decode_content=decode_content,\n                **response_kw,\n            )\nE           TypeError: HTTPConnectionPool._make_request() got an unexpected keyword argument 'cert_reqs'\n\n.venv\\Lib\\site-packages\\urllib3\\connectionpool.py:787: TypeError"
      },
      "teardown": {
        "outcome": "passed"
      }
    },
    {
      "nodeid": "tests/integration_test.py::test_main",
      "lineno": 25,
      "outcome": "failed",
      "keywords": [
        "test_main",
        "integration",
        "pytestmark",
        "integration_test.py",
        "tests",
        "12932@cf-speedtest__78d9ee1d__requests__urllib3",
        ""
      ],
      "setup": {
        "outcome": "passed"
      },
      "call": {
        "outcome": "failed",
        "crash": {
          "path": "C:\\Users\\Mohay\\AppData\\Local\\Programs\\Python\\Python311\\Lib\\argparse.py",
          "lineno": 2627,
          "message": "SystemExit: 2"
        },
        "traceback": [
          {
            "path": "tests\\integration_test.py",
            "lineno": 28,
            "message": ""
          },
          {
            "path": "cf_speedtest\\speedtest.py",
            "lineno": 330,
            "message": "in main"
          },
          {
            "path": "C:\\Users\\Mohay\\AppData\\Local\\Programs\\Python\\Python311\\Lib\\argparse.py",
            "lineno": 1877,
            "message": "in parse_args"
          },
          {
            "path": "C:\\Users\\Mohay\\AppData\\Local\\Programs\\Python\\Python311\\Lib\\argparse.py",
            "lineno": 2640,
            "message": "in error"
          },
          {
            "path": "C:\\Users\\Mohay\\AppData\\Local\\Programs\\Python\\Python311\\Lib\\argparse.py",
            "lineno": 2627,
            "message": "SystemExit"
          }
        ],
        "stderr": "usage: __main__.py [-h] [--output OUTPUT] [--percentile PERCENTILE]\n                   [--verifyssl VERIFYSSL] [--proxy PROXY]\n                   [--testpatience TESTPATIENCE]\n__main__.py: error: unrecognized arguments: --durations-min=5.0 --rootdir D:/repos/12932@cf-speedtest__78d9ee1d__requests__urllib3 --cache-clear --junitxml C:\\_work\\_MigTool\\libmig-eval-results\\libmig_out.4o\\12932@cf-speedtest__78d9ee1d__requests__urllib3\\2-merge_skipped\\test-report.xml --html C:\\_work\\_MigTool\\libmig-eval-results\\libmig_out.4o\\12932@cf-speedtest__78d9ee1d__requests__urllib3\\2-merge_skipped\\test-report.html --cov --json-report --json-report-file C:\\_work\\_MigTool\\libmig-eval-results\\libmig_out.4o\\12932@cf-speedtest__78d9ee1d__requests__urllib3\\2-merge_skipped\\test-report.json --json-report-indent 2\n",
        "longrepr": "@pytest.mark.integration\n    def test_main():\n>       assert speedtest.main() == 0\n               ^^^^^^^^^^^^^^^^\n\ntests\\integration_test.py:28: \n_ _ _ _ _ _ _ _ _ _ _ _ _ _ _ _ _ _ _ _ _ _ _ _ _ _ _ _ _ _ _ _ _ _ _ _ _ _ _ _\ncf_speedtest\\speedtest.py:330: in main\n    args = parser_with_args.parse_args(argv)\n           ^^^^^^^^^^^^^^^^^^^^^^^^^^^^^^^^^\nC:\\Users\\Mohay\\AppData\\Local\\Programs\\Python\\Python311\\Lib\\argparse.py:1877: in parse_args\n    self.error(msg % ' '.join(argv))\nC:\\Users\\Mohay\\AppData\\Local\\Programs\\Python\\Python311\\Lib\\argparse.py:2640: in error\n    self.exit(2, _('%(prog)s: error: %(message)s\\n') % args)\n_ _ _ _ _ _ _ _ _ _ _ _ _ _ _ _ _ _ _ _ _ _ _ _ _ _ _ _ _ _ _ _ _ _ _ _ _ _ _ _\n\nself = ArgumentParser(prog='__main__.py', usage=None, description=None, formatter_class=<class 'argparse.HelpFormatter'>, conflict_handler='error', add_help=True)\nstatus = 2\nmessage = '__main__.py: error: unrecognized arguments: --durations-min=5.0 --rootdir D:/repos/12932@cf-speedtest__78d9ee1d__requ...ig_out.4o\\\\12932@cf-speedtest__78d9ee1d__requests__urllib3\\\\2-merge_skipped\\\\test-report.json --json-report-indent 2\\n'\n\n    def exit(self, status=0, message=None):\n        if message:\n            self._print_message(message, _sys.stderr)\n>       _sys.exit(status)\nE       SystemExit: 2\n\nC:\\Users\\Mohay\\AppData\\Local\\Programs\\Python\\Python311\\Lib\\argparse.py:2627: SystemExit"
      },
      "teardown": {
        "outcome": "passed"
      }
    },
    {
      "nodeid": "tests/integration_test.py::test_proxy",
      "lineno": 30,
      "outcome": "skipped",
      "keywords": [
        "test_proxy",
        "skip",
        "integration",
        "pytestmark",
        "integration_test.py",
        "tests",
        "12932@cf-speedtest__78d9ee1d__requests__urllib3",
        ""
      ],
      "setup": {
        "outcome": "skipped",
        "longrepr": "('D:\\\\repos\\\\12932@cf-speedtest__78d9ee1d__requests__urllib3\\\\tests\\\\integration_test.py', 31, 'Skipped: will fail without proxy')"
      },
      "teardown": {
        "outcome": "passed"
      }
    },
    {
      "nodeid": "tests/integration_test.py::test_nossl",
      "lineno": 36,
      "outcome": "failed",
      "keywords": [
        "test_nossl",
        "integration",
        "pytestmark",
        "integration_test.py",
        "tests",
        "12932@cf-speedtest__78d9ee1d__requests__urllib3",
        ""
      ],
      "setup": {
        "outcome": "passed"
      },
      "call": {
        "outcome": "failed",
        "crash": {
          "path": "D:\\repos\\12932@cf-speedtest__78d9ee1d__requests__urllib3\\.venv\\Lib\\site-packages\\urllib3\\connectionpool.py",
          "lineno": 787,
          "message": "TypeError: HTTPConnectionPool._make_request() got an unexpected keyword argument 'cert_reqs'"
        },
        "traceback": [
          {
            "path": "tests\\integration_test.py",
            "lineno": 39,
            "message": ""
          },
          {
            "path": "cf_speedtest\\speedtest.py",
            "lineno": 367,
            "message": "in main"
          },
          {
            "path": "cf_speedtest\\speedtest.py",
            "lineno": 234,
            "message": "in run_standard_test"
          },
          {
            "path": "cf_speedtest\\speedtest.py",
            "lineno": 174,
            "message": "in preamble"
          },
          {
            "path": ".venv\\Lib\\site-packages\\urllib3\\_request_methods.py",
            "lineno": 135,
            "message": "in request"
          },
          {
            "path": ".venv\\Lib\\site-packages\\urllib3\\_request_methods.py",
            "lineno": 182,
            "message": "in request_encode_url"
          },
          {
            "path": ".venv\\Lib\\site-packages\\urllib3\\poolmanager.py",
            "lineno": 459,
            "message": "in urlopen"
          },
          {
            "path": ".venv\\Lib\\site-packages\\urllib3\\connectionpool.py",
            "lineno": 787,
            "message": "TypeError"
          }
        ],
        "longrepr": "@pytest.mark.integration\n    def test_nossl():\n>       assert speedtest.main(['--verifyssl', 'False']) == 0\n               ^^^^^^^^^^^^^^^^^^^^^^^^^^^^^^^^^^^^^^^^\n\ntests\\integration_test.py:39: \n_ _ _ _ _ _ _ _ _ _ _ _ _ _ _ _ _ _ _ _ _ _ _ _ _ _ _ _ _ _ _ _ _ _ _ _ _ _ _ _\ncf_speedtest\\speedtest.py:367: in main\n    speeds = run_standard_test(measurement_sizes, percentile, True, patience)\n             ^^^^^^^^^^^^^^^^^^^^^^^^^^^^^^^^^^^^^^^^^^^^^^^^^^^^^^^^^^^^^^^^\ncf_speedtest\\speedtest.py:234: in run_standard_test\n    print(preamble(), '\\n')\n          ^^^^^^^^^^\ncf_speedtest\\speedtest.py:174: in preamble\n    response = HTTP_MANAGER.request(\n.venv\\Lib\\site-packages\\urllib3\\_request_methods.py:135: in request\n    return self.request_encode_url(\n.venv\\Lib\\site-packages\\urllib3\\_request_methods.py:182: in request_encode_url\n    return self.urlopen(method, url, **extra_kw)\n           ^^^^^^^^^^^^^^^^^^^^^^^^^^^^^^^^^^^^^\n.venv\\Lib\\site-packages\\urllib3\\poolmanager.py:459: in urlopen\n    response = conn.urlopen(method, u.request_uri, **kw)\n               ^^^^^^^^^^^^^^^^^^^^^^^^^^^^^^^^^^^^^^^^^\n_ _ _ _ _ _ _ _ _ _ _ _ _ _ _ _ _ _ _ _ _ _ _ _ _ _ _ _ _ _ _ _ _ _ _ _ _ _ _ _\n\nself = <urllib3.connectionpool.HTTPSConnectionPool object at 0x000001D6F718F890>\nmethod = 'GET', url = '/__down?measId=0&bytes=0', body = None, headers = {}\nretries = Retry(total=False, connect=None, read=None, redirect=0, status=None)\nredirect = False, assert_same_host = False, timeout = <_TYPE_DEFAULT.token: -1>\npool_timeout = None, release_conn = True, chunked = False, body_pos = None\npreload_content = True, decode_content = True\nresponse_kw = {'cert_reqs': 'CERT_NONE'}\nparsed_url = Url(scheme=None, auth=None, host=None, port=None, path='/__down', query='measId=0&bytes=0', fragment=None)\ndestination_scheme = None, conn = None, release_this_conn = True\nhttp_tunnel_required = False, err = None, clean_exit = False\n\n    def urlopen(  # type: ignore[override]\n        self,\n        method: str,\n        url: str,\n        body: _TYPE_BODY | None = None,\n        headers: typing.Mapping[str, str] | None = None,\n        retries: Retry | bool | int | None = None,\n        redirect: bool = True,\n        assert_same_host: bool = True,\n        timeout: _TYPE_TIMEOUT = _DEFAULT_TIMEOUT,\n        pool_timeout: int | None = None,\n        release_conn: bool | None = None,\n        chunked: bool = False,\n        body_pos: _TYPE_BODY_POSITION | None = None,\n        preload_content: bool = True,\n        decode_content: bool = True,\n        **response_kw: typing.Any,\n    ) -> BaseHTTPResponse:\n        \"\"\"\n        Get a connection from the pool and perform an HTTP request. This is the\n        lowest level call for making a request, so you'll need to specify all\n        the raw details.\n    \n        .. note::\n    \n           More commonly, it's appropriate to use a convenience method\n           such as :meth:`request`.\n    \n        .. note::\n    \n           `release_conn` will only behave as expected if\n           `preload_content=False` because we want to make\n           `preload_content=False` the default behaviour someday soon without\n           breaking backwards compatibility.\n    \n        :param method:\n            HTTP request method (such as GET, POST, PUT, etc.)\n    \n        :param url:\n            The URL to perform the request on.\n    \n        :param body:\n            Data to send in the request body, either :class:`str`, :class:`bytes`,\n            an iterable of :class:`str`/:class:`bytes`, or a file-like object.\n    \n        :param headers:\n            Dictionary of custom headers to send, such as User-Agent,\n            If-None-Match, etc. If None, pool headers are used. If provided,\n            these headers completely replace any pool-specific headers.\n    \n        :param retries:\n            Configure the number of retries to allow before raising a\n            :class:`~urllib3.exceptions.MaxRetryError` exception.\n    \n            If ``None`` (default) will retry 3 times, see ``Retry.DEFAULT``. Pass a\n            :class:`~urllib3.util.retry.Retry` object for fine-grained control\n            over different types of retries.\n            Pass an integer number to retry connection errors that many times,\n            but no other types of errors. Pass zero to never retry.\n    \n            If ``False``, then retries are disabled and any exception is raised\n            immediately. Also, instead of raising a MaxRetryError on redirects,\n            the redirect response will be returned.\n    \n        :type retries: :class:`~urllib3.util.retry.Retry`, False, or an int.\n    \n        :param redirect:\n            If True, automatically handle redirects (status codes 301, 302,\n            303, 307, 308). Each redirect counts as a retry. Disabling retries\n            will disable redirect, too.\n    \n        :param assert_same_host:\n            If ``True``, will make sure that the host of the pool requests is\n            consistent else will raise HostChangedError. When ``False``, you can\n            use the pool on an HTTP proxy and request foreign hosts.\n    \n        :param timeout:\n            If specified, overrides the default timeout for this one\n            request. It may be a float (in seconds) or an instance of\n            :class:`urllib3.util.Timeout`.\n    \n        :param pool_timeout:\n            If set and the pool is set to block=True, then this method will\n            block for ``pool_timeout`` seconds and raise EmptyPoolError if no\n            connection is available within the time period.\n    \n        :param bool preload_content:\n            If True, the response's body will be preloaded into memory.\n    \n        :param bool decode_content:\n            If True, will attempt to decode the body based on the\n            'content-encoding' header.\n    \n        :param release_conn:\n            If False, then the urlopen call will not release the connection\n            back into the pool once a response is received (but will release if\n            you read the entire contents of the response such as when\n            `preload_content=True`). This is useful if you're not preloading\n            the response's content immediately. You will need to call\n            ``r.release_conn()`` on the response ``r`` to return the connection\n            back into the pool. If None, it takes the value of ``preload_content``\n            which defaults to ``True``.\n    \n        :param bool chunked:\n            If True, urllib3 will send the body using chunked transfer\n            encoding. Otherwise, urllib3 will send the body using the standard\n            content-length form. Defaults to False.\n    \n        :param int body_pos:\n            Position to seek to in file-like body in the event of a retry or\n            redirect. Typically this won't need to be set because urllib3 will\n            auto-populate the value when needed.\n        \"\"\"\n        parsed_url = parse_url(url)\n        destination_scheme = parsed_url.scheme\n    \n        if headers is None:\n            headers = self.headers\n    \n        if not isinstance(retries, Retry):\n            retries = Retry.from_int(retries, redirect=redirect, default=self.retries)\n    \n        if release_conn is None:\n            release_conn = preload_content\n    \n        # Check host\n        if assert_same_host and not self.is_same_host(url):\n            raise HostChangedError(self, url, retries)\n    \n        # Ensure that the URL we're connecting to is properly encoded\n        if url.startswith(\"/\"):\n            url = to_str(_encode_target(url))\n        else:\n            url = to_str(parsed_url.url)\n    \n        conn = None\n    \n        # Track whether `conn` needs to be released before\n        # returning/raising/recursing. Update this variable if necessary, and\n        # leave `release_conn` constant throughout the function. That way, if\n        # the function recurses, the original value of `release_conn` will be\n        # passed down into the recursive call, and its value will be respected.\n        #\n        # See issue #651 [1] for details.\n        #\n        # [1] <https://github.com/urllib3/urllib3/issues/651>\n        release_this_conn = release_conn\n    \n        http_tunnel_required = connection_requires_http_tunnel(\n            self.proxy, self.proxy_config, destination_scheme\n        )\n    \n        # Merge the proxy headers. Only done when not using HTTP CONNECT. We\n        # have to copy the headers dict so we can safely change it without those\n        # changes being reflected in anyone else's copy.\n        if not http_tunnel_required:\n            headers = headers.copy()  # type: ignore[attr-defined]\n            headers.update(self.proxy_headers)  # type: ignore[union-attr]\n    \n        # Must keep the exception bound to a separate variable or else Python 3\n        # complains about UnboundLocalError.\n        err = None\n    \n        # Keep track of whether we cleanly exited the except block. This\n        # ensures we do proper cleanup in finally.\n        clean_exit = False\n    \n        # Rewind body position, if needed. Record current position\n        # for future rewinds in the event of a redirect/retry.\n        body_pos = set_file_position(body, body_pos)\n    \n        try:\n            # Request a connection from the queue.\n            timeout_obj = self._get_timeout(timeout)\n            conn = self._get_conn(timeout=pool_timeout)\n    \n            conn.timeout = timeout_obj.connect_timeout  # type: ignore[assignment]\n    \n            # Is this a closed/new connection that requires CONNECT tunnelling?\n            if self.proxy is not None and http_tunnel_required and conn.is_closed:\n                try:\n                    self._prepare_proxy(conn)\n                except (BaseSSLError, OSError, SocketTimeout) as e:\n                    self._raise_timeout(\n                        err=e, url=self.proxy.url, timeout_value=conn.timeout\n                    )\n                    raise\n    \n            # If we're going to release the connection in ``finally:``, then\n            # the response doesn't need to know about the connection. Otherwise\n            # it will also try to release it and we'll have a double-release\n            # mess.\n            response_conn = conn if not release_conn else None\n    \n            # Make the request on the HTTPConnection object\n>           response = self._make_request(\n                conn,\n                method,\n                url,\n                timeout=timeout_obj,\n                body=body,\n                headers=headers,\n                chunked=chunked,\n                retries=retries,\n                response_conn=response_conn,\n                preload_content=preload_content,\n                decode_content=decode_content,\n                **response_kw,\n            )\nE           TypeError: HTTPConnectionPool._make_request() got an unexpected keyword argument 'cert_reqs'\n\n.venv\\Lib\\site-packages\\urllib3\\connectionpool.py:787: TypeError"
      },
      "teardown": {
        "outcome": "passed"
      }
    },
    {
      "nodeid": "tests/integration_test.py::test_csv_output",
      "lineno": 41,
      "outcome": "failed",
      "keywords": [
        "test_csv_output",
        "integration",
        "pytestmark",
        "integration_test.py",
        "tests",
        "12932@cf-speedtest__78d9ee1d__requests__urllib3",
        ""
      ],
      "setup": {
        "outcome": "passed"
      },
      "call": {
        "outcome": "failed",
        "crash": {
          "path": "D:\\repos\\12932@cf-speedtest__78d9ee1d__requests__urllib3\\.venv\\Lib\\site-packages\\urllib3\\connectionpool.py",
          "lineno": 787,
          "message": "TypeError: HTTPConnectionPool._make_request() got an unexpected keyword argument 'cert_reqs'"
        },
        "traceback": [
          {
            "path": "tests\\integration_test.py",
            "lineno": 46,
            "message": ""
          },
          {
            "path": "cf_speedtest\\speedtest.py",
            "lineno": 367,
            "message": "in main"
          },
          {
            "path": "cf_speedtest\\speedtest.py",
            "lineno": 234,
            "message": "in run_standard_test"
          },
          {
            "path": "cf_speedtest\\speedtest.py",
            "lineno": 174,
            "message": "in preamble"
          },
          {
            "path": ".venv\\Lib\\site-packages\\urllib3\\_request_methods.py",
            "lineno": 135,
            "message": "in request"
          },
          {
            "path": ".venv\\Lib\\site-packages\\urllib3\\_request_methods.py",
            "lineno": 182,
            "message": "in request_encode_url"
          },
          {
            "path": ".venv\\Lib\\site-packages\\urllib3\\poolmanager.py",
            "lineno": 459,
            "message": "in urlopen"
          },
          {
            "path": ".venv\\Lib\\site-packages\\urllib3\\connectionpool.py",
            "lineno": 787,
            "message": "TypeError"
          }
        ],
        "longrepr": "@pytest.mark.integration\n    def test_csv_output():\n        temp_file = 'test_output.csv'\n    \n>       assert speedtest.main(['--output', temp_file]) == 0\n               ^^^^^^^^^^^^^^^^^^^^^^^^^^^^^^^^^^^^^^^\n\ntests\\integration_test.py:46: \n_ _ _ _ _ _ _ _ _ _ _ _ _ _ _ _ _ _ _ _ _ _ _ _ _ _ _ _ _ _ _ _ _ _ _ _ _ _ _ _\ncf_speedtest\\speedtest.py:367: in main\n    speeds = run_standard_test(measurement_sizes, percentile, True, patience)\n             ^^^^^^^^^^^^^^^^^^^^^^^^^^^^^^^^^^^^^^^^^^^^^^^^^^^^^^^^^^^^^^^^\ncf_speedtest\\speedtest.py:234: in run_standard_test\n    print(preamble(), '\\n')\n          ^^^^^^^^^^\ncf_speedtest\\speedtest.py:174: in preamble\n    response = HTTP_MANAGER.request(\n.venv\\Lib\\site-packages\\urllib3\\_request_methods.py:135: in request\n    return self.request_encode_url(\n.venv\\Lib\\site-packages\\urllib3\\_request_methods.py:182: in request_encode_url\n    return self.urlopen(method, url, **extra_kw)\n           ^^^^^^^^^^^^^^^^^^^^^^^^^^^^^^^^^^^^^\n.venv\\Lib\\site-packages\\urllib3\\poolmanager.py:459: in urlopen\n    response = conn.urlopen(method, u.request_uri, **kw)\n               ^^^^^^^^^^^^^^^^^^^^^^^^^^^^^^^^^^^^^^^^^\n_ _ _ _ _ _ _ _ _ _ _ _ _ _ _ _ _ _ _ _ _ _ _ _ _ _ _ _ _ _ _ _ _ _ _ _ _ _ _ _\n\nself = <urllib3.connectionpool.HTTPSConnectionPool object at 0x000001D6F718F890>\nmethod = 'GET', url = '/__down?measId=0&bytes=0', body = None, headers = {}\nretries = Retry(total=False, connect=None, read=None, redirect=0, status=None)\nredirect = False, assert_same_host = False, timeout = <_TYPE_DEFAULT.token: -1>\npool_timeout = None, release_conn = True, chunked = False, body_pos = None\npreload_content = True, decode_content = True\nresponse_kw = {'cert_reqs': 'CERT_REQUIRED'}\nparsed_url = Url(scheme=None, auth=None, host=None, port=None, path='/__down', query='measId=0&bytes=0', fragment=None)\ndestination_scheme = None, conn = None, release_this_conn = True\nhttp_tunnel_required = False, err = None, clean_exit = False\n\n    def urlopen(  # type: ignore[override]\n        self,\n        method: str,\n        url: str,\n        body: _TYPE_BODY | None = None,\n        headers: typing.Mapping[str, str] | None = None,\n        retries: Retry | bool | int | None = None,\n        redirect: bool = True,\n        assert_same_host: bool = True,\n        timeout: _TYPE_TIMEOUT = _DEFAULT_TIMEOUT,\n        pool_timeout: int | None = None,\n        release_conn: bool | None = None,\n        chunked: bool = False,\n        body_pos: _TYPE_BODY_POSITION | None = None,\n        preload_content: bool = True,\n        decode_content: bool = True,\n        **response_kw: typing.Any,\n    ) -> BaseHTTPResponse:\n        \"\"\"\n        Get a connection from the pool and perform an HTTP request. This is the\n        lowest level call for making a request, so you'll need to specify all\n        the raw details.\n    \n        .. note::\n    \n           More commonly, it's appropriate to use a convenience method\n           such as :meth:`request`.\n    \n        .. note::\n    \n           `release_conn` will only behave as expected if\n           `preload_content=False` because we want to make\n           `preload_content=False` the default behaviour someday soon without\n           breaking backwards compatibility.\n    \n        :param method:\n            HTTP request method (such as GET, POST, PUT, etc.)\n    \n        :param url:\n            The URL to perform the request on.\n    \n        :param body:\n            Data to send in the request body, either :class:`str`, :class:`bytes`,\n            an iterable of :class:`str`/:class:`bytes`, or a file-like object.\n    \n        :param headers:\n            Dictionary of custom headers to send, such as User-Agent,\n            If-None-Match, etc. If None, pool headers are used. If provided,\n            these headers completely replace any pool-specific headers.\n    \n        :param retries:\n            Configure the number of retries to allow before raising a\n            :class:`~urllib3.exceptions.MaxRetryError` exception.\n    \n            If ``None`` (default) will retry 3 times, see ``Retry.DEFAULT``. Pass a\n            :class:`~urllib3.util.retry.Retry` object for fine-grained control\n            over different types of retries.\n            Pass an integer number to retry connection errors that many times,\n            but no other types of errors. Pass zero to never retry.\n    \n            If ``False``, then retries are disabled and any exception is raised\n            immediately. Also, instead of raising a MaxRetryError on redirects,\n            the redirect response will be returned.\n    \n        :type retries: :class:`~urllib3.util.retry.Retry`, False, or an int.\n    \n        :param redirect:\n            If True, automatically handle redirects (status codes 301, 302,\n            303, 307, 308). Each redirect counts as a retry. Disabling retries\n            will disable redirect, too.\n    \n        :param assert_same_host:\n            If ``True``, will make sure that the host of the pool requests is\n            consistent else will raise HostChangedError. When ``False``, you can\n            use the pool on an HTTP proxy and request foreign hosts.\n    \n        :param timeout:\n            If specified, overrides the default timeout for this one\n            request. It may be a float (in seconds) or an instance of\n            :class:`urllib3.util.Timeout`.\n    \n        :param pool_timeout:\n            If set and the pool is set to block=True, then this method will\n            block for ``pool_timeout`` seconds and raise EmptyPoolError if no\n            connection is available within the time period.\n    \n        :param bool preload_content:\n            If True, the response's body will be preloaded into memory.\n    \n        :param bool decode_content:\n            If True, will attempt to decode the body based on the\n            'content-encoding' header.\n    \n        :param release_conn:\n            If False, then the urlopen call will not release the connection\n            back into the pool once a response is received (but will release if\n            you read the entire contents of the response such as when\n            `preload_content=True`). This is useful if you're not preloading\n            the response's content immediately. You will need to call\n            ``r.release_conn()`` on the response ``r`` to return the connection\n            back into the pool. If None, it takes the value of ``preload_content``\n            which defaults to ``True``.\n    \n        :param bool chunked:\n            If True, urllib3 will send the body using chunked transfer\n            encoding. Otherwise, urllib3 will send the body using the standard\n            content-length form. Defaults to False.\n    \n        :param int body_pos:\n            Position to seek to in file-like body in the event of a retry or\n            redirect. Typically this won't need to be set because urllib3 will\n            auto-populate the value when needed.\n        \"\"\"\n        parsed_url = parse_url(url)\n        destination_scheme = parsed_url.scheme\n    \n        if headers is None:\n            headers = self.headers\n    \n        if not isinstance(retries, Retry):\n            retries = Retry.from_int(retries, redirect=redirect, default=self.retries)\n    \n        if release_conn is None:\n            release_conn = preload_content\n    \n        # Check host\n        if assert_same_host and not self.is_same_host(url):\n            raise HostChangedError(self, url, retries)\n    \n        # Ensure that the URL we're connecting to is properly encoded\n        if url.startswith(\"/\"):\n            url = to_str(_encode_target(url))\n        else:\n            url = to_str(parsed_url.url)\n    \n        conn = None\n    \n        # Track whether `conn` needs to be released before\n        # returning/raising/recursing. Update this variable if necessary, and\n        # leave `release_conn` constant throughout the function. That way, if\n        # the function recurses, the original value of `release_conn` will be\n        # passed down into the recursive call, and its value will be respected.\n        #\n        # See issue #651 [1] for details.\n        #\n        # [1] <https://github.com/urllib3/urllib3/issues/651>\n        release_this_conn = release_conn\n    \n        http_tunnel_required = connection_requires_http_tunnel(\n            self.proxy, self.proxy_config, destination_scheme\n        )\n    \n        # Merge the proxy headers. Only done when not using HTTP CONNECT. We\n        # have to copy the headers dict so we can safely change it without those\n        # changes being reflected in anyone else's copy.\n        if not http_tunnel_required:\n            headers = headers.copy()  # type: ignore[attr-defined]\n            headers.update(self.proxy_headers)  # type: ignore[union-attr]\n    \n        # Must keep the exception bound to a separate variable or else Python 3\n        # complains about UnboundLocalError.\n        err = None\n    \n        # Keep track of whether we cleanly exited the except block. This\n        # ensures we do proper cleanup in finally.\n        clean_exit = False\n    \n        # Rewind body position, if needed. Record current position\n        # for future rewinds in the event of a redirect/retry.\n        body_pos = set_file_position(body, body_pos)\n    \n        try:\n            # Request a connection from the queue.\n            timeout_obj = self._get_timeout(timeout)\n            conn = self._get_conn(timeout=pool_timeout)\n    \n            conn.timeout = timeout_obj.connect_timeout  # type: ignore[assignment]\n    \n            # Is this a closed/new connection that requires CONNECT tunnelling?\n            if self.proxy is not None and http_tunnel_required and conn.is_closed:\n                try:\n                    self._prepare_proxy(conn)\n                except (BaseSSLError, OSError, SocketTimeout) as e:\n                    self._raise_timeout(\n                        err=e, url=self.proxy.url, timeout_value=conn.timeout\n                    )\n                    raise\n    \n            # If we're going to release the connection in ``finally:``, then\n            # the response doesn't need to know about the connection. Otherwise\n            # it will also try to release it and we'll have a double-release\n            # mess.\n            response_conn = conn if not release_conn else None\n    \n            # Make the request on the HTTPConnection object\n>           response = self._make_request(\n                conn,\n                method,\n                url,\n                timeout=timeout_obj,\n                body=body,\n                headers=headers,\n                chunked=chunked,\n                retries=retries,\n                response_conn=response_conn,\n                preload_content=preload_content,\n                decode_content=decode_content,\n                **response_kw,\n            )\nE           TypeError: HTTPConnectionPool._make_request() got an unexpected keyword argument 'cert_reqs'\n\n.venv\\Lib\\site-packages\\urllib3\\connectionpool.py:787: TypeError"
      },
      "teardown": {
        "outcome": "passed"
      }
    },
    {
      "nodeid": "tests/network_test.py::test_get_our_country",
      "lineno": 16,
      "outcome": "error",
      "keywords": [
        "test_get_our_country",
        "network_test.py",
        "tests",
        "12932@cf-speedtest__78d9ee1d__requests__urllib3",
        ""
      ],
      "setup": {
        "outcome": "failed",
        "crash": {
          "path": "C:\\Users\\Mohay\\AppData\\Local\\Programs\\Python\\Python311\\Lib\\unittest\\mock.py",
          "lineno": 1419,
          "message": "AttributeError: <module 'cf_speedtest.speedtest' from 'D:\\\\repos\\\\12932@cf-speedtest__78d9ee1d__requests__urllib3\\\\cf_speedtest\\\\speedtest.py'> does not have the attribute 'REQ_SESSION'"
        },
        "traceback": [
          {
            "path": "tests\\network_test.py",
            "lineno": 13,
            "message": ""
          },
          {
            "path": "C:\\Users\\Mohay\\AppData\\Local\\Programs\\Python\\Python311\\Lib\\unittest\\mock.py",
            "lineno": 1446,
            "message": "in __enter__"
          },
          {
            "path": "C:\\Users\\Mohay\\AppData\\Local\\Programs\\Python\\Python311\\Lib\\unittest\\mock.py",
            "lineno": 1419,
            "message": "AttributeError"
          }
        ],
        "longrepr": "@pytest.fixture\n    def mock_requests_session():\n>       with patch('cf_speedtest.speedtest.REQ_SESSION') as mock_session:\n\ntests\\network_test.py:13: \n_ _ _ _ _ _ _ _ _ _ _ _ _ _ _ _ _ _ _ _ _ _ _ _ _ _ _ _ _ _ _ _ _ _ _ _ _ _ _ _\nC:\\Users\\Mohay\\AppData\\Local\\Programs\\Python\\Python311\\Lib\\unittest\\mock.py:1446: in __enter__\n    original, local = self.get_original()\n                      ^^^^^^^^^^^^^^^^^^^\n_ _ _ _ _ _ _ _ _ _ _ _ _ _ _ _ _ _ _ _ _ _ _ _ _ _ _ _ _ _ _ _ _ _ _ _ _ _ _ _\n\nself = <unittest.mock._patch object at 0x000001D6F707D350>\n\n    def get_original(self):\n        target = self.getter()\n        name = self.attribute\n    \n        original = DEFAULT\n        local = False\n    \n        try:\n            original = target.__dict__[name]\n        except (AttributeError, KeyError):\n            original = getattr(target, name, DEFAULT)\n        else:\n            local = True\n    \n        if name in _builtins and isinstance(target, ModuleType):\n            self.create = True\n    \n        if not self.create and original is DEFAULT:\n>           raise AttributeError(\n                \"%s does not have the attribute %r\" % (target, name)\n            )\nE           AttributeError: <module 'cf_speedtest.speedtest' from 'D:\\\\repos\\\\12932@cf-speedtest__78d9ee1d__requests__urllib3\\\\cf_speedtest\\\\speedtest.py'> does not have the attribute 'REQ_SESSION'\n\nC:\\Users\\Mohay\\AppData\\Local\\Programs\\Python\\Python311\\Lib\\unittest\\mock.py:1419: AttributeError"
      },
      "teardown": {
        "outcome": "passed"
      }
    },
    {
      "nodeid": "tests/network_test.py::test_preamble_unit",
      "lineno": 24,
      "outcome": "error",
      "keywords": [
        "test_preamble_unit",
        "network_test.py",
        "tests",
        "12932@cf-speedtest__78d9ee1d__requests__urllib3",
        ""
      ],
      "setup": {
        "outcome": "failed",
        "crash": {
          "path": "C:\\Users\\Mohay\\AppData\\Local\\Programs\\Python\\Python311\\Lib\\unittest\\mock.py",
          "lineno": 1419,
          "message": "AttributeError: <module 'cf_speedtest.speedtest' from 'D:\\\\repos\\\\12932@cf-speedtest__78d9ee1d__requests__urllib3\\\\cf_speedtest\\\\speedtest.py'> does not have the attribute 'REQ_SESSION'"
        },
        "traceback": [
          {
            "path": "tests\\network_test.py",
            "lineno": 13,
            "message": ""
          },
          {
            "path": "C:\\Users\\Mohay\\AppData\\Local\\Programs\\Python\\Python311\\Lib\\unittest\\mock.py",
            "lineno": 1446,
            "message": "in __enter__"
          },
          {
            "path": "C:\\Users\\Mohay\\AppData\\Local\\Programs\\Python\\Python311\\Lib\\unittest\\mock.py",
            "lineno": 1419,
            "message": "AttributeError"
          }
        ],
        "longrepr": "@pytest.fixture\n    def mock_requests_session():\n>       with patch('cf_speedtest.speedtest.REQ_SESSION') as mock_session:\n\ntests\\network_test.py:13: \n_ _ _ _ _ _ _ _ _ _ _ _ _ _ _ _ _ _ _ _ _ _ _ _ _ _ _ _ _ _ _ _ _ _ _ _ _ _ _ _\nC:\\Users\\Mohay\\AppData\\Local\\Programs\\Python\\Python311\\Lib\\unittest\\mock.py:1446: in __enter__\n    original, local = self.get_original()\n                      ^^^^^^^^^^^^^^^^^^^\n_ _ _ _ _ _ _ _ _ _ _ _ _ _ _ _ _ _ _ _ _ _ _ _ _ _ _ _ _ _ _ _ _ _ _ _ _ _ _ _\n\nself = <unittest.mock._patch object at 0x000001D6F72BAC10>\n\n    def get_original(self):\n        target = self.getter()\n        name = self.attribute\n    \n        original = DEFAULT\n        local = False\n    \n        try:\n            original = target.__dict__[name]\n        except (AttributeError, KeyError):\n            original = getattr(target, name, DEFAULT)\n        else:\n            local = True\n    \n        if name in _builtins and isinstance(target, ModuleType):\n            self.create = True\n    \n        if not self.create and original is DEFAULT:\n>           raise AttributeError(\n                \"%s does not have the attribute %r\" % (target, name)\n            )\nE           AttributeError: <module 'cf_speedtest.speedtest' from 'D:\\\\repos\\\\12932@cf-speedtest__78d9ee1d__requests__urllib3\\\\cf_speedtest\\\\speedtest.py'> does not have the attribute 'REQ_SESSION'\n\nC:\\Users\\Mohay\\AppData\\Local\\Programs\\Python\\Python311\\Lib\\unittest\\mock.py:1419: AttributeError"
      },
      "teardown": {
        "outcome": "passed"
      }
    },
    {
      "nodeid": "tests/options_test.py::test_str_to_bool_valid[yes-True]",
      "lineno": 8,
      "outcome": "passed",
      "keywords": [
        "test_str_to_bool_valid[yes-True]",
        "parametrize",
        "pytestmark",
        "yes-True",
        "options_test.py",
        "tests",
        "12932@cf-speedtest__78d9ee1d__requests__urllib3",
        ""
      ],
      "setup": {
        "outcome": "passed"
      },
      "call": {
        "outcome": "passed"
      },
      "teardown": {
        "outcome": "passed"
      }
    },
    {
      "nodeid": "tests/options_test.py::test_str_to_bool_valid[no-False]",
      "lineno": 8,
      "outcome": "passed",
      "keywords": [
        "test_str_to_bool_valid[no-False]",
        "parametrize",
        "pytestmark",
        "no-False",
        "options_test.py",
        "tests",
        "12932@cf-speedtest__78d9ee1d__requests__urllib3",
        ""
      ],
      "setup": {
        "outcome": "passed"
      },
      "call": {
        "outcome": "passed"
      },
      "teardown": {
        "outcome": "passed"
      }
    },
    {
      "nodeid": "tests/options_test.py::test_str_to_bool_valid[true-True]",
      "lineno": 8,
      "outcome": "passed",
      "keywords": [
        "test_str_to_bool_valid[true-True]",
        "parametrize",
        "pytestmark",
        "true-True",
        "options_test.py",
        "tests",
        "12932@cf-speedtest__78d9ee1d__requests__urllib3",
        ""
      ],
      "setup": {
        "outcome": "passed"
      },
      "call": {
        "outcome": "passed"
      },
      "teardown": {
        "outcome": "passed"
      }
    },
    {
      "nodeid": "tests/options_test.py::test_str_to_bool_valid[false-False]",
      "lineno": 8,
      "outcome": "passed",
      "keywords": [
        "test_str_to_bool_valid[false-False]",
        "parametrize",
        "pytestmark",
        "false-False",
        "options_test.py",
        "tests",
        "12932@cf-speedtest__78d9ee1d__requests__urllib3",
        ""
      ],
      "setup": {
        "outcome": "passed"
      },
      "call": {
        "outcome": "passed"
      },
      "teardown": {
        "outcome": "passed"
      }
    },
    {
      "nodeid": "tests/options_test.py::test_str_to_bool_valid[1-True]",
      "lineno": 8,
      "outcome": "passed",
      "keywords": [
        "test_str_to_bool_valid[1-True]",
        "parametrize",
        "pytestmark",
        "1-True",
        "options_test.py",
        "tests",
        "12932@cf-speedtest__78d9ee1d__requests__urllib3",
        ""
      ],
      "setup": {
        "outcome": "passed"
      },
      "call": {
        "outcome": "passed"
      },
      "teardown": {
        "outcome": "passed"
      }
    },
    {
      "nodeid": "tests/options_test.py::test_str_to_bool_valid[0-False]",
      "lineno": 8,
      "outcome": "passed",
      "keywords": [
        "test_str_to_bool_valid[0-False]",
        "parametrize",
        "pytestmark",
        "0-False",
        "options_test.py",
        "tests",
        "12932@cf-speedtest__78d9ee1d__requests__urllib3",
        ""
      ],
      "setup": {
        "outcome": "passed"
      },
      "call": {
        "outcome": "passed"
      },
      "teardown": {
        "outcome": "passed"
      }
    },
    {
      "nodeid": "tests/options_test.py::test_str_to_bool_valid[YES-True]",
      "lineno": 8,
      "outcome": "passed",
      "keywords": [
        "test_str_to_bool_valid[YES-True]",
        "parametrize",
        "pytestmark",
        "YES-True",
        "options_test.py",
        "tests",
        "12932@cf-speedtest__78d9ee1d__requests__urllib3",
        ""
      ],
      "setup": {
        "outcome": "passed"
      },
      "call": {
        "outcome": "passed"
      },
      "teardown": {
        "outcome": "passed"
      }
    },
    {
      "nodeid": "tests/options_test.py::test_str_to_bool_valid[NO-False]",
      "lineno": 8,
      "outcome": "passed",
      "keywords": [
        "test_str_to_bool_valid[NO-False]",
        "parametrize",
        "pytestmark",
        "NO-False",
        "options_test.py",
        "tests",
        "12932@cf-speedtest__78d9ee1d__requests__urllib3",
        ""
      ],
      "setup": {
        "outcome": "passed"
      },
      "call": {
        "outcome": "passed"
      },
      "teardown": {
        "outcome": "passed"
      }
    },
    {
      "nodeid": "tests/options_test.py::test_str_to_bool_valid[True-True]",
      "lineno": 8,
      "outcome": "passed",
      "keywords": [
        "test_str_to_bool_valid[True-True]",
        "parametrize",
        "pytestmark",
        "True-True",
        "options_test.py",
        "tests",
        "12932@cf-speedtest__78d9ee1d__requests__urllib3",
        ""
      ],
      "setup": {
        "outcome": "passed"
      },
      "call": {
        "outcome": "passed"
      },
      "teardown": {
        "outcome": "passed"
      }
    },
    {
      "nodeid": "tests/options_test.py::test_str_to_bool_valid[False-False]",
      "lineno": 8,
      "outcome": "passed",
      "keywords": [
        "test_str_to_bool_valid[False-False]",
        "parametrize",
        "pytestmark",
        "False-False",
        "options_test.py",
        "tests",
        "12932@cf-speedtest__78d9ee1d__requests__urllib3",
        ""
      ],
      "setup": {
        "outcome": "passed"
      },
      "call": {
        "outcome": "passed"
      },
      "teardown": {
        "outcome": "passed"
      }
    },
    {
      "nodeid": "tests/options_test.py::test_str_to_bool_valid[y-True]",
      "lineno": 8,
      "outcome": "passed",
      "keywords": [
        "test_str_to_bool_valid[y-True]",
        "parametrize",
        "pytestmark",
        "y-True",
        "options_test.py",
        "tests",
        "12932@cf-speedtest__78d9ee1d__requests__urllib3",
        ""
      ],
      "setup": {
        "outcome": "passed"
      },
      "call": {
        "outcome": "passed"
      },
      "teardown": {
        "outcome": "passed"
      }
    },
    {
      "nodeid": "tests/options_test.py::test_str_to_bool_valid[n-False]",
      "lineno": 8,
      "outcome": "passed",
      "keywords": [
        "test_str_to_bool_valid[n-False]",
        "parametrize",
        "pytestmark",
        "n-False",
        "options_test.py",
        "tests",
        "12932@cf-speedtest__78d9ee1d__requests__urllib3",
        ""
      ],
      "setup": {
        "outcome": "passed"
      },
      "call": {
        "outcome": "passed"
      },
      "teardown": {
        "outcome": "passed"
      }
    },
    {
      "nodeid": "tests/options_test.py::test_str_to_bool_invalid[invalid]",
      "lineno": 28,
      "outcome": "passed",
      "keywords": [
        "test_str_to_bool_invalid[invalid]",
        "parametrize",
        "pytestmark",
        "invalid",
        "options_test.py",
        "tests",
        "12932@cf-speedtest__78d9ee1d__requests__urllib3",
        ""
      ],
      "setup": {
        "outcome": "passed"
      },
      "call": {
        "outcome": "passed"
      },
      "teardown": {
        "outcome": "passed"
      }
    },
    {
      "nodeid": "tests/options_test.py::test_str_to_bool_invalid[maybe]",
      "lineno": 28,
      "outcome": "passed",
      "keywords": [
        "test_str_to_bool_invalid[maybe]",
        "parametrize",
        "pytestmark",
        "maybe",
        "options_test.py",
        "tests",
        "12932@cf-speedtest__78d9ee1d__requests__urllib3",
        ""
      ],
      "setup": {
        "outcome": "passed"
      },
      "call": {
        "outcome": "passed"
      },
      "teardown": {
        "outcome": "passed"
      }
    },
    {
      "nodeid": "tests/options_test.py::test_str_to_bool_invalid[2]",
      "lineno": 28,
      "outcome": "passed",
      "keywords": [
        "test_str_to_bool_invalid[2]",
        "parametrize",
        "pytestmark",
        "2",
        "options_test.py",
        "tests",
        "12932@cf-speedtest__78d9ee1d__requests__urllib3",
        ""
      ],
      "setup": {
        "outcome": "passed"
      },
      "call": {
        "outcome": "passed"
      },
      "teardown": {
        "outcome": "passed"
      }
    },
    {
      "nodeid": "tests/options_test.py::test_str_to_bool_invalid[-1]",
      "lineno": 28,
      "outcome": "passed",
      "keywords": [
        "test_str_to_bool_invalid[-1]",
        "parametrize",
        "pytestmark",
        "-1",
        "options_test.py",
        "tests",
        "12932@cf-speedtest__78d9ee1d__requests__urllib3",
        ""
      ],
      "setup": {
        "outcome": "passed"
      },
      "call": {
        "outcome": "passed"
      },
      "teardown": {
        "outcome": "passed"
      }
    },
    {
      "nodeid": "tests/options_test.py::test_valid_percentile_valid[0-0]",
      "lineno": 34,
      "outcome": "passed",
      "keywords": [
        "test_valid_percentile_valid[0-0]",
        "parametrize",
        "pytestmark",
        "0-0",
        "options_test.py",
        "tests",
        "12932@cf-speedtest__78d9ee1d__requests__urllib3",
        ""
      ],
      "setup": {
        "outcome": "passed"
      },
      "call": {
        "outcome": "passed"
      },
      "teardown": {
        "outcome": "passed"
      }
    },
    {
      "nodeid": "tests/options_test.py::test_valid_percentile_valid[50-50]",
      "lineno": 34,
      "outcome": "passed",
      "keywords": [
        "test_valid_percentile_valid[50-50]",
        "parametrize",
        "pytestmark",
        "50-50",
        "options_test.py",
        "tests",
        "12932@cf-speedtest__78d9ee1d__requests__urllib3",
        ""
      ],
      "setup": {
        "outcome": "passed"
      },
      "call": {
        "outcome": "passed"
      },
      "teardown": {
        "outcome": "passed"
      }
    },
    {
      "nodeid": "tests/options_test.py::test_valid_percentile_valid[100-100]",
      "lineno": 34,
      "outcome": "passed",
      "keywords": [
        "test_valid_percentile_valid[100-100]",
        "parametrize",
        "pytestmark",
        "100-100",
        "options_test.py",
        "tests",
        "12932@cf-speedtest__78d9ee1d__requests__urllib3",
        ""
      ],
      "setup": {
        "outcome": "passed"
      },
      "call": {
        "outcome": "passed"
      },
      "teardown": {
        "outcome": "passed"
      }
    },
    {
      "nodeid": "tests/options_test.py::test_valid_percentile_invalid[-1]",
      "lineno": 45,
      "outcome": "passed",
      "keywords": [
        "test_valid_percentile_invalid[-1]",
        "parametrize",
        "pytestmark",
        "-1",
        "options_test.py",
        "tests",
        "12932@cf-speedtest__78d9ee1d__requests__urllib3",
        ""
      ],
      "setup": {
        "outcome": "passed"
      },
      "call": {
        "outcome": "passed"
      },
      "teardown": {
        "outcome": "passed"
      }
    },
    {
      "nodeid": "tests/options_test.py::test_valid_percentile_invalid[101]",
      "lineno": 45,
      "outcome": "passed",
      "keywords": [
        "test_valid_percentile_invalid[101]",
        "parametrize",
        "pytestmark",
        "101",
        "options_test.py",
        "tests",
        "12932@cf-speedtest__78d9ee1d__requests__urllib3",
        ""
      ],
      "setup": {
        "outcome": "passed"
      },
      "call": {
        "outcome": "passed"
      },
      "teardown": {
        "outcome": "passed"
      }
    },
    {
      "nodeid": "tests/options_test.py::test_valid_percentile_invalid[invalid]",
      "lineno": 45,
      "outcome": "passed",
      "keywords": [
        "test_valid_percentile_invalid[invalid]",
        "parametrize",
        "pytestmark",
        "invalid",
        "options_test.py",
        "tests",
        "12932@cf-speedtest__78d9ee1d__requests__urllib3",
        ""
      ],
      "setup": {
        "outcome": "passed"
      },
      "call": {
        "outcome": "passed"
      },
      "teardown": {
        "outcome": "passed"
      }
    },
    {
      "nodeid": "tests/options_test.py::test_valid_percentile_invalid[50.5]",
      "lineno": 45,
      "outcome": "passed",
      "keywords": [
        "test_valid_percentile_invalid[50.5]",
        "parametrize",
        "pytestmark",
        "50.5",
        "options_test.py",
        "tests",
        "12932@cf-speedtest__78d9ee1d__requests__urllib3",
        ""
      ],
      "setup": {
        "outcome": "passed"
      },
      "call": {
        "outcome": "passed"
      },
      "teardown": {
        "outcome": "passed"
      }
    },
    {
      "nodeid": "tests/speedtest_test.py::test_run_tests[down-1000-3-3]",
      "lineno": 10,
      "outcome": "passed",
      "keywords": [
        "test_run_tests[down-1000-3-3]",
        "parametrize",
        "pytestmark",
        "down-1000-3-3",
        "speedtest_test.py",
        "tests",
        "12932@cf-speedtest__78d9ee1d__requests__urllib3",
        ""
      ],
      "setup": {
        "outcome": "passed"
      },
      "call": {
        "outcome": "passed"
      },
      "teardown": {
        "outcome": "passed"
      }
    },
    {
      "nodeid": "tests/speedtest_test.py::test_run_tests[up-1000-5-5]",
      "lineno": 10,
      "outcome": "passed",
      "keywords": [
        "test_run_tests[up-1000-5-5]",
        "parametrize",
        "pytestmark",
        "up-1000-5-5",
        "speedtest_test.py",
        "tests",
        "12932@cf-speedtest__78d9ee1d__requests__urllib3",
        ""
      ],
      "setup": {
        "outcome": "passed"
      },
      "call": {
        "outcome": "passed"
      },
      "teardown": {
        "outcome": "passed"
      }
    },
    {
      "nodeid": "tests/speedtest_test.py::test_run_tests[invalid-1000-2-0]",
      "lineno": 10,
      "outcome": "passed",
      "keywords": [
        "test_run_tests[invalid-1000-2-0]",
        "parametrize",
        "pytestmark",
        "invalid-1000-2-0",
        "speedtest_test.py",
        "tests",
        "12932@cf-speedtest__78d9ee1d__requests__urllib3",
        ""
      ],
      "setup": {
        "outcome": "passed"
      },
      "call": {
        "outcome": "passed"
      },
      "teardown": {
        "outcome": "passed"
      }
    },
    {
      "nodeid": "tests/speedtest_test.py::test_run_standard_test",
      "lineno": 32,
      "outcome": "passed",
      "keywords": [
        "test_run_standard_test",
        "__wrapped__",
        "patchings",
        "speedtest_test.py",
        "tests",
        "12932@cf-speedtest__78d9ee1d__requests__urllib3",
        ""
      ],
      "setup": {
        "outcome": "passed"
      },
      "call": {
        "outcome": "passed",
        "stdout": "<MagicMock name='preamble()' id='2022779099216'> \n\nLatency:         50.00 ms\nJitter:          0.00 ms\nRunning speed tests...\n\nCurrent speeds:          Down: 200.00 Mbit/sec\tUp: 0.00 Mbit/sec\nCurrent speeds:          Down: 200.00 Mbit/sec\tUp: 100.00 Mbit/sec\n"
      },
      "teardown": {
        "outcome": "passed"
      }
    },
    {
      "nodeid": "tests/speedtest_test.py::test_main_unit[args0-0]",
      "lineno": 51,
      "outcome": "error",
      "keywords": [
        "test_main_unit[args0-0]",
        "parametrize",
        "pytestmark",
        "args0-0",
        "speedtest_test.py",
        "tests",
        "12932@cf-speedtest__78d9ee1d__requests__urllib3",
        ""
      ],
      "setup": {
        "outcome": "failed",
        "crash": {
          "path": "C:\\Users\\Mohay\\AppData\\Local\\Programs\\Python\\Python311\\Lib\\unittest\\mock.py",
          "lineno": 1419,
          "message": "AttributeError: <module 'cf_speedtest.speedtest' from 'D:\\\\repos\\\\12932@cf-speedtest__78d9ee1d__requests__urllib3\\\\cf_speedtest\\\\speedtest.py'> does not have the attribute 'REQ_SESSION'"
        },
        "traceback": [
          {
            "path": "tests\\conftest.py",
            "lineno": 17,
            "message": ""
          },
          {
            "path": "C:\\Users\\Mohay\\AppData\\Local\\Programs\\Python\\Python311\\Lib\\unittest\\mock.py",
            "lineno": 1446,
            "message": "in __enter__"
          },
          {
            "path": "C:\\Users\\Mohay\\AppData\\Local\\Programs\\Python\\Python311\\Lib\\unittest\\mock.py",
            "lineno": 1419,
            "message": "AttributeError"
          }
        ],
        "longrepr": "@pytest.fixture\n    def mock_requests_session():\n>       with patch('cf_speedtest.speedtest.REQ_SESSION') as mock_session:\n\ntests\\conftest.py:17: \n_ _ _ _ _ _ _ _ _ _ _ _ _ _ _ _ _ _ _ _ _ _ _ _ _ _ _ _ _ _ _ _ _ _ _ _ _ _ _ _\nC:\\Users\\Mohay\\AppData\\Local\\Programs\\Python\\Python311\\Lib\\unittest\\mock.py:1446: in __enter__\n    original, local = self.get_original()\n                      ^^^^^^^^^^^^^^^^^^^\n_ _ _ _ _ _ _ _ _ _ _ _ _ _ _ _ _ _ _ _ _ _ _ _ _ _ _ _ _ _ _ _ _ _ _ _ _ _ _ _\n\nself = <unittest.mock._patch object at 0x000001D6F71AD490>\n\n    def get_original(self):\n        target = self.getter()\n        name = self.attribute\n    \n        original = DEFAULT\n        local = False\n    \n        try:\n            original = target.__dict__[name]\n        except (AttributeError, KeyError):\n            original = getattr(target, name, DEFAULT)\n        else:\n            local = True\n    \n        if name in _builtins and isinstance(target, ModuleType):\n            self.create = True\n    \n        if not self.create and original is DEFAULT:\n>           raise AttributeError(\n                \"%s does not have the attribute %r\" % (target, name)\n            )\nE           AttributeError: <module 'cf_speedtest.speedtest' from 'D:\\\\repos\\\\12932@cf-speedtest__78d9ee1d__requests__urllib3\\\\cf_speedtest\\\\speedtest.py'> does not have the attribute 'REQ_SESSION'\n\nC:\\Users\\Mohay\\AppData\\Local\\Programs\\Python\\Python311\\Lib\\unittest\\mock.py:1419: AttributeError"
      },
      "teardown": {
        "outcome": "passed"
      }
    },
    {
      "nodeid": "tests/speedtest_test.py::test_main_unit[args1-0]",
      "lineno": 51,
      "outcome": "error",
      "keywords": [
        "test_main_unit[args1-0]",
        "parametrize",
        "pytestmark",
        "args1-0",
        "speedtest_test.py",
        "tests",
        "12932@cf-speedtest__78d9ee1d__requests__urllib3",
        ""
      ],
      "setup": {
        "outcome": "failed",
        "crash": {
          "path": "C:\\Users\\Mohay\\AppData\\Local\\Programs\\Python\\Python311\\Lib\\unittest\\mock.py",
          "lineno": 1419,
          "message": "AttributeError: <module 'cf_speedtest.speedtest' from 'D:\\\\repos\\\\12932@cf-speedtest__78d9ee1d__requests__urllib3\\\\cf_speedtest\\\\speedtest.py'> does not have the attribute 'REQ_SESSION'"
        },
        "traceback": [
          {
            "path": "tests\\conftest.py",
            "lineno": 17,
            "message": ""
          },
          {
            "path": "C:\\Users\\Mohay\\AppData\\Local\\Programs\\Python\\Python311\\Lib\\unittest\\mock.py",
            "lineno": 1446,
            "message": "in __enter__"
          },
          {
            "path": "C:\\Users\\Mohay\\AppData\\Local\\Programs\\Python\\Python311\\Lib\\unittest\\mock.py",
            "lineno": 1419,
            "message": "AttributeError"
          }
        ],
        "longrepr": "@pytest.fixture\n    def mock_requests_session():\n>       with patch('cf_speedtest.speedtest.REQ_SESSION') as mock_session:\n\ntests\\conftest.py:17: \n_ _ _ _ _ _ _ _ _ _ _ _ _ _ _ _ _ _ _ _ _ _ _ _ _ _ _ _ _ _ _ _ _ _ _ _ _ _ _ _\nC:\\Users\\Mohay\\AppData\\Local\\Programs\\Python\\Python311\\Lib\\unittest\\mock.py:1446: in __enter__\n    original, local = self.get_original()\n                      ^^^^^^^^^^^^^^^^^^^\n_ _ _ _ _ _ _ _ _ _ _ _ _ _ _ _ _ _ _ _ _ _ _ _ _ _ _ _ _ _ _ _ _ _ _ _ _ _ _ _\n\nself = <unittest.mock._patch object at 0x000001D6F7034990>\n\n    def get_original(self):\n        target = self.getter()\n        name = self.attribute\n    \n        original = DEFAULT\n        local = False\n    \n        try:\n            original = target.__dict__[name]\n        except (AttributeError, KeyError):\n            original = getattr(target, name, DEFAULT)\n        else:\n            local = True\n    \n        if name in _builtins and isinstance(target, ModuleType):\n            self.create = True\n    \n        if not self.create and original is DEFAULT:\n>           raise AttributeError(\n                \"%s does not have the attribute %r\" % (target, name)\n            )\nE           AttributeError: <module 'cf_speedtest.speedtest' from 'D:\\\\repos\\\\12932@cf-speedtest__78d9ee1d__requests__urllib3\\\\cf_speedtest\\\\speedtest.py'> does not have the attribute 'REQ_SESSION'\n\nC:\\Users\\Mohay\\AppData\\Local\\Programs\\Python\\Python311\\Lib\\unittest\\mock.py:1419: AttributeError"
      },
      "teardown": {
        "outcome": "passed"
      }
    },
    {
      "nodeid": "tests/speedtest_test.py::test_main_unit[args2-0]",
      "lineno": 51,
      "outcome": "error",
      "keywords": [
        "test_main_unit[args2-0]",
        "parametrize",
        "pytestmark",
        "args2-0",
        "speedtest_test.py",
        "tests",
        "12932@cf-speedtest__78d9ee1d__requests__urllib3",
        ""
      ],
      "setup": {
        "outcome": "failed",
        "crash": {
          "path": "C:\\Users\\Mohay\\AppData\\Local\\Programs\\Python\\Python311\\Lib\\unittest\\mock.py",
          "lineno": 1419,
          "message": "AttributeError: <module 'cf_speedtest.speedtest' from 'D:\\\\repos\\\\12932@cf-speedtest__78d9ee1d__requests__urllib3\\\\cf_speedtest\\\\speedtest.py'> does not have the attribute 'REQ_SESSION'"
        },
        "traceback": [
          {
            "path": "tests\\conftest.py",
            "lineno": 17,
            "message": ""
          },
          {
            "path": "C:\\Users\\Mohay\\AppData\\Local\\Programs\\Python\\Python311\\Lib\\unittest\\mock.py",
            "lineno": 1446,
            "message": "in __enter__"
          },
          {
            "path": "C:\\Users\\Mohay\\AppData\\Local\\Programs\\Python\\Python311\\Lib\\unittest\\mock.py",
            "lineno": 1419,
            "message": "AttributeError"
          }
        ],
        "longrepr": "@pytest.fixture\n    def mock_requests_session():\n>       with patch('cf_speedtest.speedtest.REQ_SESSION') as mock_session:\n\ntests\\conftest.py:17: \n_ _ _ _ _ _ _ _ _ _ _ _ _ _ _ _ _ _ _ _ _ _ _ _ _ _ _ _ _ _ _ _ _ _ _ _ _ _ _ _\nC:\\Users\\Mohay\\AppData\\Local\\Programs\\Python\\Python311\\Lib\\unittest\\mock.py:1446: in __enter__\n    original, local = self.get_original()\n                      ^^^^^^^^^^^^^^^^^^^\n_ _ _ _ _ _ _ _ _ _ _ _ _ _ _ _ _ _ _ _ _ _ _ _ _ _ _ _ _ _ _ _ _ _ _ _ _ _ _ _\n\nself = <unittest.mock._patch object at 0x000001D6F71B6990>\n\n    def get_original(self):\n        target = self.getter()\n        name = self.attribute\n    \n        original = DEFAULT\n        local = False\n    \n        try:\n            original = target.__dict__[name]\n        except (AttributeError, KeyError):\n            original = getattr(target, name, DEFAULT)\n        else:\n            local = True\n    \n        if name in _builtins and isinstance(target, ModuleType):\n            self.create = True\n    \n        if not self.create and original is DEFAULT:\n>           raise AttributeError(\n                \"%s does not have the attribute %r\" % (target, name)\n            )\nE           AttributeError: <module 'cf_speedtest.speedtest' from 'D:\\\\repos\\\\12932@cf-speedtest__78d9ee1d__requests__urllib3\\\\cf_speedtest\\\\speedtest.py'> does not have the attribute 'REQ_SESSION'\n\nC:\\Users\\Mohay\\AppData\\Local\\Programs\\Python\\Python311\\Lib\\unittest\\mock.py:1419: AttributeError"
      },
      "teardown": {
        "outcome": "passed"
      }
    },
    {
      "nodeid": "tests/speedtest_test.py::test_proxy_unit[100.24.216.83:80-expected_dict0]",
      "lineno": 73,
      "outcome": "passed",
      "keywords": [
        "test_proxy_unit[100.24.216.83:80-expected_dict0]",
        "parametrize",
        "pytestmark",
        "100.24.216.83:80-expected_dict0",
        "speedtest_test.py",
        "tests",
        "12932@cf-speedtest__78d9ee1d__requests__urllib3",
        ""
      ],
      "setup": {
        "outcome": "passed"
      },
      "call": {
        "outcome": "passed",
        "stdout": "90th percentile results:   Down: 100.00 Mbit/sec\tUp: 50.00 Mbit/sec\n"
      },
      "teardown": {
        "outcome": "passed"
      }
    },
    {
      "nodeid": "tests/speedtest_test.py::test_proxy_unit[socks5://127.0.0.1:9150-expected_dict1]",
      "lineno": 73,
      "outcome": "passed",
      "keywords": [
        "test_proxy_unit[socks5://127.0.0.1:9150-expected_dict1]",
        "parametrize",
        "pytestmark",
        "socks5://127.0.0.1:9150-expected_dict1",
        "speedtest_test.py",
        "tests",
        "12932@cf-speedtest__78d9ee1d__requests__urllib3",
        ""
      ],
      "setup": {
        "outcome": "passed"
      },
      "call": {
        "outcome": "passed",
        "stdout": "90th percentile results:   Down: 100.00 Mbit/sec\tUp: 50.00 Mbit/sec\n"
      },
      "teardown": {
        "outcome": "passed"
      }
    },
    {
      "nodeid": "tests/speedtest_test.py::test_proxy_unit[http://user:pass@10.10.1.10:3128-expected_dict2]",
      "lineno": 73,
      "outcome": "passed",
      "keywords": [
        "test_proxy_unit[http://user:pass@10.10.1.10:3128-expected_dict2]",
        "parametrize",
        "pytestmark",
        "http://user:pass@10.10.1.10:3128-expected_dict2",
        "speedtest_test.py",
        "tests",
        "12932@cf-speedtest__78d9ee1d__requests__urllib3",
        ""
      ],
      "setup": {
        "outcome": "passed"
      },
      "call": {
        "outcome": "passed",
        "stdout": "90th percentile results:   Down: 100.00 Mbit/sec\tUp: 50.00 Mbit/sec\n"
      },
      "teardown": {
        "outcome": "passed"
      }
    },
    {
      "nodeid": "tests/speedtest_test.py::test_output_file",
      "lineno": 109,
      "outcome": "passed",
      "keywords": [
        "test_output_file",
        "speedtest_test.py",
        "tests",
        "12932@cf-speedtest__78d9ee1d__requests__urllib3",
        ""
      ],
      "setup": {
        "outcome": "passed"
      },
      "call": {
        "outcome": "passed",
        "stdout": "90th percentile results:   Down: 100.00 Mbit/sec\tUp: 50.00 Mbit/sec\n"
      },
      "teardown": {
        "outcome": "passed"
      }
    },
    {
      "nodeid": "tests/utils_test.py::test_percentile[data0-50-3]",
      "lineno": 7,
      "outcome": "passed",
      "keywords": [
        "test_percentile[data0-50-3]",
        "parametrize",
        "pytestmark",
        "data0-50-3",
        "utils_test.py",
        "tests",
        "12932@cf-speedtest__78d9ee1d__requests__urllib3",
        ""
      ],
      "setup": {
        "outcome": "passed"
      },
      "call": {
        "outcome": "passed"
      },
      "teardown": {
        "outcome": "passed"
      }
    },
    {
      "nodeid": "tests/utils_test.py::test_percentile[data1-90-9]",
      "lineno": 7,
      "outcome": "passed",
      "keywords": [
        "test_percentile[data1-90-9]",
        "parametrize",
        "pytestmark",
        "data1-90-9",
        "utils_test.py",
        "tests",
        "12932@cf-speedtest__78d9ee1d__requests__urllib3",
        ""
      ],
      "setup": {
        "outcome": "passed"
      },
      "call": {
        "outcome": "passed"
      },
      "teardown": {
        "outcome": "passed"
      }
    },
    {
      "nodeid": "tests/utils_test.py::test_percentile[data2-100-1]",
      "lineno": 7,
      "outcome": "passed",
      "keywords": [
        "test_percentile[data2-100-1]",
        "parametrize",
        "pytestmark",
        "data2-100-1",
        "utils_test.py",
        "tests",
        "12932@cf-speedtest__78d9ee1d__requests__urllib3",
        ""
      ],
      "setup": {
        "outcome": "passed"
      },
      "call": {
        "outcome": "passed"
      },
      "teardown": {
        "outcome": "passed"
      }
    },
    {
      "nodeid": "tests/utils_test.py::test_percentile[data3-0-1]",
      "lineno": 7,
      "outcome": "passed",
      "keywords": [
        "test_percentile[data3-0-1]",
        "parametrize",
        "pytestmark",
        "data3-0-1",
        "utils_test.py",
        "tests",
        "12932@cf-speedtest__78d9ee1d__requests__urllib3",
        ""
      ],
      "setup": {
        "outcome": "passed"
      },
      "call": {
        "outcome": "passed"
      },
      "teardown": {
        "outcome": "passed"
      }
    },
    {
      "nodeid": "tests/utils_test.py::test_get_server_timing[dur=1234.5-1.2345]",
      "lineno": 19,
      "outcome": "passed",
      "keywords": [
        "test_get_server_timing[dur=1234.5-1.2345]",
        "parametrize",
        "pytestmark",
        "dur=1234.5-1.2345",
        "utils_test.py",
        "tests",
        "12932@cf-speedtest__78d9ee1d__requests__urllib3",
        ""
      ],
      "setup": {
        "outcome": "passed"
      },
      "call": {
        "outcome": "passed"
      },
      "teardown": {
        "outcome": "passed"
      }
    },
    {
      "nodeid": "tests/utils_test.py::test_get_server_timing[key=value;dur=5678.9-5.6789]",
      "lineno": 19,
      "outcome": "passed",
      "keywords": [
        "test_get_server_timing[key=value;dur=5678.9-5.6789]",
        "parametrize",
        "pytestmark",
        "key=value;dur=5678.9-5.6789",
        "utils_test.py",
        "tests",
        "12932@cf-speedtest__78d9ee1d__requests__urllib3",
        ""
      ],
      "setup": {
        "outcome": "passed"
      },
      "call": {
        "outcome": "passed"
      },
      "teardown": {
        "outcome": "passed"
      }
    },
    {
      "nodeid": "tests/utils_test.py::test_get_server_timing[invalid-0.0]",
      "lineno": 19,
      "outcome": "passed",
      "keywords": [
        "test_get_server_timing[invalid-0.0]",
        "parametrize",
        "pytestmark",
        "invalid-0.0",
        "utils_test.py",
        "tests",
        "12932@cf-speedtest__78d9ee1d__requests__urllib3",
        ""
      ],
      "setup": {
        "outcome": "passed"
      },
      "call": {
        "outcome": "passed"
      },
      "teardown": {
        "outcome": "passed"
      }
    },
    {
      "nodeid": "tests/utils_test.py::test_get_server_timing[dur=1000-1.0]",
      "lineno": 19,
      "outcome": "passed",
      "keywords": [
        "test_get_server_timing[dur=1000-1.0]",
        "parametrize",
        "pytestmark",
        "dur=1000-1.0",
        "utils_test.py",
        "tests",
        "12932@cf-speedtest__78d9ee1d__requests__urllib3",
        ""
      ],
      "setup": {
        "outcome": "passed"
      },
      "call": {
        "outcome": "passed"
      },
      "teardown": {
        "outcome": "passed"
      }
    },
    {
      "nodeid": "tests/utils_test.py::test_get_server_timing[start=0;dur=500;desc=\"Backend\"-0.5]",
      "lineno": 19,
      "outcome": "passed",
      "keywords": [
        "test_get_server_timing[start=0;dur=500;desc=\"Backend\"-0.5]",
        "parametrize",
        "pytestmark",
        "start=0;dur=500;desc=\"Backend\"-0.5",
        "utils_test.py",
        "tests",
        "12932@cf-speedtest__78d9ee1d__requests__urllib3",
        ""
      ],
      "setup": {
        "outcome": "passed"
      },
      "call": {
        "outcome": "passed"
      },
      "teardown": {
        "outcome": "passed"
      }
    }
  ],
  "warnings": [
    {
      "message": "Unknown pytest.mark.integration - is this a typo?  You can register custom marks to avoid this warning - for details, see https://docs.pytest.org/en/stable/how-to/mark.html",
      "category": "PytestUnknownMarkWarning",
      "when": "collect",
      "filename": "D:\\repos\\12932@cf-speedtest__78d9ee1d__requests__urllib3\\tests\\integration_test.py",
      "lineno": 11
    },
    {
      "message": "Unknown pytest.mark.integration - is this a typo?  You can register custom marks to avoid this warning - for details, see https://docs.pytest.org/en/stable/how-to/mark.html",
      "category": "PytestUnknownMarkWarning",
      "when": "collect",
      "filename": "D:\\repos\\12932@cf-speedtest__78d9ee1d__requests__urllib3\\tests\\integration_test.py",
      "lineno": 18
    },
    {
      "message": "Unknown pytest.mark.integration - is this a typo?  You can register custom marks to avoid this warning - for details, see https://docs.pytest.org/en/stable/how-to/mark.html",
      "category": "PytestUnknownMarkWarning",
      "when": "collect",
      "filename": "D:\\repos\\12932@cf-speedtest__78d9ee1d__requests__urllib3\\tests\\integration_test.py",
      "lineno": 26
    },
    {
      "message": "Unknown pytest.mark.integration - is this a typo?  You can register custom marks to avoid this warning - for details, see https://docs.pytest.org/en/stable/how-to/mark.html",
      "category": "PytestUnknownMarkWarning",
      "when": "collect",
      "filename": "D:\\repos\\12932@cf-speedtest__78d9ee1d__requests__urllib3\\tests\\integration_test.py",
      "lineno": 31
    },
    {
      "message": "Unknown pytest.mark.integration - is this a typo?  You can register custom marks to avoid this warning - for details, see https://docs.pytest.org/en/stable/how-to/mark.html",
      "category": "PytestUnknownMarkWarning",
      "when": "collect",
      "filename": "D:\\repos\\12932@cf-speedtest__78d9ee1d__requests__urllib3\\tests\\integration_test.py",
      "lineno": 37
    },
    {
      "message": "Unknown pytest.mark.integration - is this a typo?  You can register custom marks to avoid this warning - for details, see https://docs.pytest.org/en/stable/how-to/mark.html",
      "category": "PytestUnknownMarkWarning",
      "when": "collect",
      "filename": "D:\\repos\\12932@cf-speedtest__78d9ee1d__requests__urllib3\\tests\\integration_test.py",
      "lineno": 42
    }
  ]
}