{
  "exitcode": 1,
  "summary": {
    "failed": 8,
    "skipped": 1,
    "passed": 42,
    "total": 51,
    "collected": 51
  },
  "collectors": [
    {
      "nodeid": "",
      "outcome": "passed",
      "result": [
        {
          "nodeid": ".",
          "type": "Dir"
        }
      ]
    },
    {
      "nodeid": "cf_speedtest",
      "outcome": "passed",
      "result": []
    },
    {
      "nodeid": "cf_speedtest.egg-info",
      "outcome": "passed",
      "result": []
    },
    {
      "nodeid": "tests/integration_test.py",
      "outcome": "passed",
      "result": [
        {
          "nodeid": "tests/integration_test.py::test_country",
          "type": "Function",
          "lineno": 10
        },
        {
          "nodeid": "tests/integration_test.py::test_preamble",
          "type": "Function",
          "lineno": 17
        },
        {
          "nodeid": "tests/integration_test.py::test_main",
          "type": "Function",
          "lineno": 25
        },
        {
          "nodeid": "tests/integration_test.py::test_proxy",
          "type": "Function",
          "lineno": 30
        },
        {
          "nodeid": "tests/integration_test.py::test_nossl",
          "type": "Function",
          "lineno": 36
        },
        {
          "nodeid": "tests/integration_test.py::test_csv_output",
          "type": "Function",
          "lineno": 41
        }
      ]
    },
    {
      "nodeid": "tests/network_test.py",
      "outcome": "passed",
      "result": [
        {
          "nodeid": "tests/network_test.py::test_get_our_country",
          "type": "Function",
          "lineno": 16
        },
        {
          "nodeid": "tests/network_test.py::test_preamble_unit",
          "type": "Function",
          "lineno": 24
        }
      ]
    },
    {
      "nodeid": "tests/options_test.py",
      "outcome": "passed",
      "result": [
        {
          "nodeid": "tests/options_test.py::test_str_to_bool_valid[yes-True]",
          "type": "Function",
          "lineno": 8
        },
        {
          "nodeid": "tests/options_test.py::test_str_to_bool_valid[no-False]",
          "type": "Function",
          "lineno": 8
        },
        {
          "nodeid": "tests/options_test.py::test_str_to_bool_valid[true-True]",
          "type": "Function",
          "lineno": 8
        },
        {
          "nodeid": "tests/options_test.py::test_str_to_bool_valid[false-False]",
          "type": "Function",
          "lineno": 8
        },
        {
          "nodeid": "tests/options_test.py::test_str_to_bool_valid[1-True]",
          "type": "Function",
          "lineno": 8
        },
        {
          "nodeid": "tests/options_test.py::test_str_to_bool_valid[0-False]",
          "type": "Function",
          "lineno": 8
        },
        {
          "nodeid": "tests/options_test.py::test_str_to_bool_valid[YES-True]",
          "type": "Function",
          "lineno": 8
        },
        {
          "nodeid": "tests/options_test.py::test_str_to_bool_valid[NO-False]",
          "type": "Function",
          "lineno": 8
        },
        {
          "nodeid": "tests/options_test.py::test_str_to_bool_valid[True-True]",
          "type": "Function",
          "lineno": 8
        },
        {
          "nodeid": "tests/options_test.py::test_str_to_bool_valid[False-False]",
          "type": "Function",
          "lineno": 8
        },
        {
          "nodeid": "tests/options_test.py::test_str_to_bool_valid[y-True]",
          "type": "Function",
          "lineno": 8
        },
        {
          "nodeid": "tests/options_test.py::test_str_to_bool_valid[n-False]",
          "type": "Function",
          "lineno": 8
        },
        {
          "nodeid": "tests/options_test.py::test_str_to_bool_invalid[invalid]",
          "type": "Function",
          "lineno": 28
        },
        {
          "nodeid": "tests/options_test.py::test_str_to_bool_invalid[maybe]",
          "type": "Function",
          "lineno": 28
        },
        {
          "nodeid": "tests/options_test.py::test_str_to_bool_invalid[2]",
          "type": "Function",
          "lineno": 28
        },
        {
          "nodeid": "tests/options_test.py::test_str_to_bool_invalid[-1]",
          "type": "Function",
          "lineno": 28
        },
        {
          "nodeid": "tests/options_test.py::test_valid_percentile_valid[0-0]",
          "type": "Function",
          "lineno": 34
        },
        {
          "nodeid": "tests/options_test.py::test_valid_percentile_valid[50-50]",
          "type": "Function",
          "lineno": 34
        },
        {
          "nodeid": "tests/options_test.py::test_valid_percentile_valid[100-100]",
          "type": "Function",
          "lineno": 34
        },
        {
          "nodeid": "tests/options_test.py::test_valid_percentile_invalid[-1]",
          "type": "Function",
          "lineno": 45
        },
        {
          "nodeid": "tests/options_test.py::test_valid_percentile_invalid[101]",
          "type": "Function",
          "lineno": 45
        },
        {
          "nodeid": "tests/options_test.py::test_valid_percentile_invalid[invalid]",
          "type": "Function",
          "lineno": 45
        },
        {
          "nodeid": "tests/options_test.py::test_valid_percentile_invalid[50.5]",
          "type": "Function",
          "lineno": 45
        }
      ]
    },
    {
      "nodeid": "tests/speedtest_test.py",
      "outcome": "passed",
      "result": [
        {
          "nodeid": "tests/speedtest_test.py::test_run_tests[down-1000-3-3]",
          "type": "Function",
          "lineno": 10
        },
        {
          "nodeid": "tests/speedtest_test.py::test_run_tests[up-1000-5-5]",
          "type": "Function",
          "lineno": 10
        },
        {
          "nodeid": "tests/speedtest_test.py::test_run_tests[invalid-1000-2-0]",
          "type": "Function",
          "lineno": 10
        },
        {
          "nodeid": "tests/speedtest_test.py::test_run_standard_test",
          "type": "Function",
          "lineno": 32
        },
        {
          "nodeid": "tests/speedtest_test.py::test_main_unit[args0-0]",
          "type": "Function",
          "lineno": 51
        },
        {
          "nodeid": "tests/speedtest_test.py::test_main_unit[args1-0]",
          "type": "Function",
          "lineno": 51
        },
        {
          "nodeid": "tests/speedtest_test.py::test_main_unit[args2-0]",
          "type": "Function",
          "lineno": 51
        },
        {
          "nodeid": "tests/speedtest_test.py::test_proxy_unit[100.24.216.83:80-expected_dict0]",
          "type": "Function",
          "lineno": 73
        },
        {
          "nodeid": "tests/speedtest_test.py::test_proxy_unit[socks5://127.0.0.1:9150-expected_dict1]",
          "type": "Function",
          "lineno": 73
        },
        {
          "nodeid": "tests/speedtest_test.py::test_proxy_unit[http://user:pass@10.10.1.10:3128-expected_dict2]",
          "type": "Function",
          "lineno": 73
        },
        {
          "nodeid": "tests/speedtest_test.py::test_output_file",
          "type": "Function",
          "lineno": 109
        }
      ]
    },
    {
      "nodeid": "tests/utils_test.py",
      "outcome": "passed",
      "result": [
        {
          "nodeid": "tests/utils_test.py::test_percentile[data0-50-3]",
          "type": "Function",
          "lineno": 7
        },
        {
          "nodeid": "tests/utils_test.py::test_percentile[data1-90-9]",
          "type": "Function",
          "lineno": 7
        },
        {
          "nodeid": "tests/utils_test.py::test_percentile[data2-100-1]",
          "type": "Function",
          "lineno": 7
        },
        {
          "nodeid": "tests/utils_test.py::test_percentile[data3-0-1]",
          "type": "Function",
          "lineno": 7
        },
        {
          "nodeid": "tests/utils_test.py::test_get_server_timing[dur=1234.5-1.2345]",
          "type": "Function",
          "lineno": 19
        },
        {
          "nodeid": "tests/utils_test.py::test_get_server_timing[key=value;dur=5678.9-5.6789]",
          "type": "Function",
          "lineno": 19
        },
        {
          "nodeid": "tests/utils_test.py::test_get_server_timing[invalid-0.0]",
          "type": "Function",
          "lineno": 19
        },
        {
          "nodeid": "tests/utils_test.py::test_get_server_timing[dur=1000-1.0]",
          "type": "Function",
          "lineno": 19
        },
        {
          "nodeid": "tests/utils_test.py::test_get_server_timing[start=0;dur=500;desc=\"Backend\"-0.5]",
          "type": "Function",
          "lineno": 19
        }
      ]
    },
    {
      "nodeid": "tests",
      "outcome": "passed",
      "result": [
        {
          "nodeid": "tests/integration_test.py",
          "type": "Module"
        },
        {
          "nodeid": "tests/network_test.py",
          "type": "Module"
        },
        {
          "nodeid": "tests/options_test.py",
          "type": "Module"
        },
        {
          "nodeid": "tests/speedtest_test.py",
          "type": "Module"
        },
        {
          "nodeid": "tests/utils_test.py",
          "type": "Module"
        }
      ]
    },
    {
      "nodeid": ".",
      "outcome": "passed",
      "result": [
        {
          "nodeid": "cf_speedtest",
          "type": "Package"
        },
        {
          "nodeid": "cf_speedtest.egg-info",
          "type": "Dir"
        },
        {
          "nodeid": "tests",
          "type": "Package"
        }
      ]
    }
  ],
  "tests": [
    {
      "nodeid": "tests/integration_test.py::test_country",
      "lineno": 10,
      "outcome": "failed",
      "keywords": [
        "test_country",
        "integration",
        "pytestmark",
        "integration_test.py",
        "tests",
        "12932@cf-speedtest__78d9ee1d__requests__httpx",
        ""
      ],
      "setup": {
        "outcome": "passed"
      },
      "call": {
        "outcome": "failed",
        "crash": {
          "path": "D:\\repos\\12932@cf-speedtest__78d9ee1d__requests__httpx\\cf_speedtest\\speedtest.py",
          "lineno": 131,
          "message": "TypeError: Client.get() got an unexpected keyword argument 'verify'"
        },
        "traceback": [
          {
            "path": "tests\\integration_test.py",
            "lineno": 13,
            "message": ""
          },
          {
            "path": "cf_speedtest\\speedtest.py",
            "lineno": 131,
            "message": "TypeError"
          }
        ],
        "longrepr": "@pytest.mark.integration\n    def test_country():\n>       country = speedtest.get_our_country()\n\ntests\\integration_test.py:13: \n_ _ _ _ _ _ _ _ _ _ _ _ _ _ _ _ _ _ _ _ _ _ _ _ _ _ _ _ _ _ _ _ _ _ _ _ _ _ _ _\n\n    def get_our_country() -> str:\n>       r = REQ_SESSION.get(CGI_ENDPOINT, verify=VERIFY_SSL,  proxies=PROXY_DICT)\nE       TypeError: Client.get() got an unexpected keyword argument 'verify'\n\ncf_speedtest\\speedtest.py:131: TypeError"
      },
      "teardown": {
        "outcome": "passed"
      }
    },
    {
      "nodeid": "tests/integration_test.py::test_preamble",
      "lineno": 17,
      "outcome": "failed",
      "keywords": [
        "test_preamble",
        "integration",
        "pytestmark",
        "integration_test.py",
        "tests",
        "12932@cf-speedtest__78d9ee1d__requests__httpx",
        ""
      ],
      "setup": {
        "outcome": "passed"
      },
      "call": {
        "outcome": "failed",
        "crash": {
          "path": "D:\\repos\\12932@cf-speedtest__78d9ee1d__requests__httpx\\cf_speedtest\\speedtest.py",
          "lineno": 147,
          "message": "TypeError: Client.get() got an unexpected keyword argument 'verify'"
        },
        "traceback": [
          {
            "path": "tests\\integration_test.py",
            "lineno": 20,
            "message": ""
          },
          {
            "path": "cf_speedtest\\speedtest.py",
            "lineno": 147,
            "message": "TypeError"
          }
        ],
        "longrepr": "@pytest.mark.integration\n    def test_preamble():\n>       preamble_text = speedtest.preamble()\n\ntests\\integration_test.py:20: \n_ _ _ _ _ _ _ _ _ _ _ _ _ _ _ _ _ _ _ _ _ _ _ _ _ _ _ _ _ _ _ _ _ _ _ _ _ _ _ _\n\n    def preamble() -> str:\n>       r = REQ_SESSION.get(\n            DOWNLOAD_ENDPOINT.format(\n                0,\n            ), verify=VERIFY_SSL,  proxies=PROXY_DICT,\n        )\nE       TypeError: Client.get() got an unexpected keyword argument 'verify'\n\ncf_speedtest\\speedtest.py:147: TypeError"
      },
      "teardown": {
        "outcome": "passed"
      }
    },
    {
      "nodeid": "tests/integration_test.py::test_main",
      "lineno": 25,
      "outcome": "failed",
      "keywords": [
        "test_main",
        "integration",
        "pytestmark",
        "integration_test.py",
        "tests",
        "12932@cf-speedtest__78d9ee1d__requests__httpx",
        ""
      ],
      "setup": {
        "outcome": "passed"
      },
      "call": {
        "outcome": "failed",
        "crash": {
          "path": "C:\\Users\\Mohay\\AppData\\Local\\Programs\\Python\\Python312\\Lib\\argparse.py",
          "lineno": 2652,
          "message": "SystemExit: 2"
        },
        "traceback": [
          {
            "path": "tests\\integration_test.py",
            "lineno": 28,
            "message": ""
          },
          {
            "path": "cf_speedtest\\speedtest.py",
            "lineno": 299,
            "message": "in main"
          },
          {
            "path": "C:\\Users\\Mohay\\AppData\\Local\\Programs\\Python\\Python312\\Lib\\argparse.py",
            "lineno": 1899,
            "message": "in parse_args"
          },
          {
            "path": "C:\\Users\\Mohay\\AppData\\Local\\Programs\\Python\\Python312\\Lib\\argparse.py",
            "lineno": 2665,
            "message": "in error"
          },
          {
            "path": "C:\\Users\\Mohay\\AppData\\Local\\Programs\\Python\\Python312\\Lib\\argparse.py",
            "lineno": 2652,
            "message": "SystemExit"
          }
        ],
        "stderr": "usage: __main__.py [-h] [--output OUTPUT] [--percentile PERCENTILE]\n                   [--verifyssl VERIFYSSL] [--proxy PROXY]\n                   [--testpatience TESTPATIENCE]\n__main__.py: error: unrecognized arguments: --durations-min=5.0 --rootdir D:/repos/12932@cf-speedtest__78d9ee1d__requests__httpx --cache-clear --junitxml C:\\_work\\_MigTool\\libmig-eval-results\\libmig_out.4o\\12932@cf-speedtest__78d9ee1d__requests__httpx\\1-llmmig\\test-report.xml --html C:\\_work\\_MigTool\\libmig-eval-results\\libmig_out.4o\\12932@cf-speedtest__78d9ee1d__requests__httpx\\1-llmmig\\test-report.html --cov --json-report --json-report-file C:\\_work\\_MigTool\\libmig-eval-results\\libmig_out.4o\\12932@cf-speedtest__78d9ee1d__requests__httpx\\1-llmmig\\test-report.json --json-report-indent 2\n",
        "longrepr": "@pytest.mark.integration\n    def test_main():\n>       assert speedtest.main() == 0\n\ntests\\integration_test.py:28: \n_ _ _ _ _ _ _ _ _ _ _ _ _ _ _ _ _ _ _ _ _ _ _ _ _ _ _ _ _ _ _ _ _ _ _ _ _ _ _ _\ncf_speedtest\\speedtest.py:299: in main\n    args = parser_with_args.parse_args(argv)\nC:\\Users\\Mohay\\AppData\\Local\\Programs\\Python\\Python312\\Lib\\argparse.py:1899: in parse_args\n    self.error(msg % ' '.join(argv))\nC:\\Users\\Mohay\\AppData\\Local\\Programs\\Python\\Python312\\Lib\\argparse.py:2665: in error\n    self.exit(2, _('%(prog)s: error: %(message)s\\n') % args)\n_ _ _ _ _ _ _ _ _ _ _ _ _ _ _ _ _ _ _ _ _ _ _ _ _ _ _ _ _ _ _ _ _ _ _ _ _ _ _ _\n\nself = ArgumentParser(prog='__main__.py', usage=None, description=None, formatter_class=<class 'argparse.HelpFormatter'>, conflict_handler='error', add_help=True)\nstatus = 2\nmessage = '__main__.py: error: unrecognized arguments: --durations-min=5.0 --rootdir D:/repos/12932@cf-speedtest__78d9ee1d__requ...lts\\\\libmig_out.4o\\\\12932@cf-speedtest__78d9ee1d__requests__httpx\\\\1-llmmig\\\\test-report.json --json-report-indent 2\\n'\n\n    def exit(self, status=0, message=None):\n        if message:\n            self._print_message(message, _sys.stderr)\n>       _sys.exit(status)\nE       SystemExit: 2\n\nC:\\Users\\Mohay\\AppData\\Local\\Programs\\Python\\Python312\\Lib\\argparse.py:2652: SystemExit"
      },
      "teardown": {
        "outcome": "passed"
      }
    },
    {
      "nodeid": "tests/integration_test.py::test_proxy",
      "lineno": 30,
      "outcome": "skipped",
      "keywords": [
        "test_proxy",
        "skip",
        "integration",
        "pytestmark",
        "integration_test.py",
        "tests",
        "12932@cf-speedtest__78d9ee1d__requests__httpx",
        ""
      ],
      "setup": {
        "outcome": "skipped",
        "longrepr": "('D:\\\\repos\\\\12932@cf-speedtest__78d9ee1d__requests__httpx\\\\tests\\\\integration_test.py', 31, 'Skipped: will fail without proxy')"
      },
      "teardown": {
        "outcome": "passed"
      }
    },
    {
      "nodeid": "tests/integration_test.py::test_nossl",
      "lineno": 36,
      "outcome": "failed",
      "keywords": [
        "test_nossl",
        "integration",
        "pytestmark",
        "integration_test.py",
        "tests",
        "12932@cf-speedtest__78d9ee1d__requests__httpx",
        ""
      ],
      "setup": {
        "outcome": "passed"
      },
      "call": {
        "outcome": "failed",
        "crash": {
          "path": "D:\\repos\\12932@cf-speedtest__78d9ee1d__requests__httpx\\cf_speedtest\\speedtest.py",
          "lineno": 147,
          "message": "TypeError: Client.get() got an unexpected keyword argument 'verify'"
        },
        "traceback": [
          {
            "path": "tests\\integration_test.py",
            "lineno": 39,
            "message": ""
          },
          {
            "path": "cf_speedtest\\speedtest.py",
            "lineno": 336,
            "message": "in main"
          },
          {
            "path": "cf_speedtest\\speedtest.py",
            "lineno": 203,
            "message": "in run_standard_test"
          },
          {
            "path": "cf_speedtest\\speedtest.py",
            "lineno": 147,
            "message": "TypeError"
          }
        ],
        "longrepr": "@pytest.mark.integration\n    def test_nossl():\n>       assert speedtest.main(['--verifyssl', 'False']) == 0\n\ntests\\integration_test.py:39: \n_ _ _ _ _ _ _ _ _ _ _ _ _ _ _ _ _ _ _ _ _ _ _ _ _ _ _ _ _ _ _ _ _ _ _ _ _ _ _ _\ncf_speedtest\\speedtest.py:336: in main\n    speeds = run_standard_test(measurement_sizes, percentile, True, patience)\ncf_speedtest\\speedtest.py:203: in run_standard_test\n    print(preamble(), '\\n')\n_ _ _ _ _ _ _ _ _ _ _ _ _ _ _ _ _ _ _ _ _ _ _ _ _ _ _ _ _ _ _ _ _ _ _ _ _ _ _ _\n\n    def preamble() -> str:\n>       r = REQ_SESSION.get(\n            DOWNLOAD_ENDPOINT.format(\n                0,\n            ), verify=VERIFY_SSL,  proxies=PROXY_DICT,\n        )\nE       TypeError: Client.get() got an unexpected keyword argument 'verify'\n\ncf_speedtest\\speedtest.py:147: TypeError"
      },
      "teardown": {
        "outcome": "passed"
      }
    },
    {
      "nodeid": "tests/integration_test.py::test_csv_output",
      "lineno": 41,
      "outcome": "failed",
      "keywords": [
        "test_csv_output",
        "integration",
        "pytestmark",
        "integration_test.py",
        "tests",
        "12932@cf-speedtest__78d9ee1d__requests__httpx",
        ""
      ],
      "setup": {
        "outcome": "passed"
      },
      "call": {
        "outcome": "failed",
        "crash": {
          "path": "D:\\repos\\12932@cf-speedtest__78d9ee1d__requests__httpx\\cf_speedtest\\speedtest.py",
          "lineno": 147,
          "message": "TypeError: Client.get() got an unexpected keyword argument 'verify'"
        },
        "traceback": [
          {
            "path": "tests\\integration_test.py",
            "lineno": 46,
            "message": ""
          },
          {
            "path": "cf_speedtest\\speedtest.py",
            "lineno": 336,
            "message": "in main"
          },
          {
            "path": "cf_speedtest\\speedtest.py",
            "lineno": 203,
            "message": "in run_standard_test"
          },
          {
            "path": "cf_speedtest\\speedtest.py",
            "lineno": 147,
            "message": "TypeError"
          }
        ],
        "longrepr": "@pytest.mark.integration\n    def test_csv_output():\n        temp_file = 'test_output.csv'\n    \n>       assert speedtest.main(['--output', temp_file]) == 0\n\ntests\\integration_test.py:46: \n_ _ _ _ _ _ _ _ _ _ _ _ _ _ _ _ _ _ _ _ _ _ _ _ _ _ _ _ _ _ _ _ _ _ _ _ _ _ _ _\ncf_speedtest\\speedtest.py:336: in main\n    speeds = run_standard_test(measurement_sizes, percentile, True, patience)\ncf_speedtest\\speedtest.py:203: in run_standard_test\n    print(preamble(), '\\n')\n_ _ _ _ _ _ _ _ _ _ _ _ _ _ _ _ _ _ _ _ _ _ _ _ _ _ _ _ _ _ _ _ _ _ _ _ _ _ _ _\n\n    def preamble() -> str:\n>       r = REQ_SESSION.get(\n            DOWNLOAD_ENDPOINT.format(\n                0,\n            ), verify=VERIFY_SSL,  proxies=PROXY_DICT,\n        )\nE       TypeError: Client.get() got an unexpected keyword argument 'verify'\n\ncf_speedtest\\speedtest.py:147: TypeError"
      },
      "teardown": {
        "outcome": "passed"
      }
    },
    {
      "nodeid": "tests/network_test.py::test_get_our_country",
      "lineno": 16,
      "outcome": "passed",
      "keywords": [
        "test_get_our_country",
        "network_test.py",
        "tests",
        "12932@cf-speedtest__78d9ee1d__requests__httpx",
        ""
      ],
      "setup": {
        "outcome": "passed"
      },
      "call": {
        "outcome": "passed"
      },
      "teardown": {
        "outcome": "passed"
      }
    },
    {
      "nodeid": "tests/network_test.py::test_preamble_unit",
      "lineno": 24,
      "outcome": "passed",
      "keywords": [
        "test_preamble_unit",
        "network_test.py",
        "tests",
        "12932@cf-speedtest__78d9ee1d__requests__httpx",
        ""
      ],
      "setup": {
        "outcome": "passed"
      },
      "call": {
        "outcome": "passed"
      },
      "teardown": {
        "outcome": "passed"
      }
    },
    {
      "nodeid": "tests/options_test.py::test_str_to_bool_valid[yes-True]",
      "lineno": 8,
      "outcome": "passed",
      "keywords": [
        "test_str_to_bool_valid[yes-True]",
        "parametrize",
        "pytestmark",
        "yes-True",
        "options_test.py",
        "tests",
        "12932@cf-speedtest__78d9ee1d__requests__httpx",
        ""
      ],
      "setup": {
        "outcome": "passed"
      },
      "call": {
        "outcome": "passed"
      },
      "teardown": {
        "outcome": "passed"
      }
    },
    {
      "nodeid": "tests/options_test.py::test_str_to_bool_valid[no-False]",
      "lineno": 8,
      "outcome": "passed",
      "keywords": [
        "test_str_to_bool_valid[no-False]",
        "parametrize",
        "pytestmark",
        "no-False",
        "options_test.py",
        "tests",
        "12932@cf-speedtest__78d9ee1d__requests__httpx",
        ""
      ],
      "setup": {
        "outcome": "passed"
      },
      "call": {
        "outcome": "passed"
      },
      "teardown": {
        "outcome": "passed"
      }
    },
    {
      "nodeid": "tests/options_test.py::test_str_to_bool_valid[true-True]",
      "lineno": 8,
      "outcome": "passed",
      "keywords": [
        "test_str_to_bool_valid[true-True]",
        "parametrize",
        "pytestmark",
        "true-True",
        "options_test.py",
        "tests",
        "12932@cf-speedtest__78d9ee1d__requests__httpx",
        ""
      ],
      "setup": {
        "outcome": "passed"
      },
      "call": {
        "outcome": "passed"
      },
      "teardown": {
        "outcome": "passed"
      }
    },
    {
      "nodeid": "tests/options_test.py::test_str_to_bool_valid[false-False]",
      "lineno": 8,
      "outcome": "passed",
      "keywords": [
        "test_str_to_bool_valid[false-False]",
        "parametrize",
        "pytestmark",
        "false-False",
        "options_test.py",
        "tests",
        "12932@cf-speedtest__78d9ee1d__requests__httpx",
        ""
      ],
      "setup": {
        "outcome": "passed"
      },
      "call": {
        "outcome": "passed"
      },
      "teardown": {
        "outcome": "passed"
      }
    },
    {
      "nodeid": "tests/options_test.py::test_str_to_bool_valid[1-True]",
      "lineno": 8,
      "outcome": "passed",
      "keywords": [
        "test_str_to_bool_valid[1-True]",
        "parametrize",
        "pytestmark",
        "1-True",
        "options_test.py",
        "tests",
        "12932@cf-speedtest__78d9ee1d__requests__httpx",
        ""
      ],
      "setup": {
        "outcome": "passed"
      },
      "call": {
        "outcome": "passed"
      },
      "teardown": {
        "outcome": "passed"
      }
    },
    {
      "nodeid": "tests/options_test.py::test_str_to_bool_valid[0-False]",
      "lineno": 8,
      "outcome": "passed",
      "keywords": [
        "test_str_to_bool_valid[0-False]",
        "parametrize",
        "pytestmark",
        "0-False",
        "options_test.py",
        "tests",
        "12932@cf-speedtest__78d9ee1d__requests__httpx",
        ""
      ],
      "setup": {
        "outcome": "passed"
      },
      "call": {
        "outcome": "passed"
      },
      "teardown": {
        "outcome": "passed"
      }
    },
    {
      "nodeid": "tests/options_test.py::test_str_to_bool_valid[YES-True]",
      "lineno": 8,
      "outcome": "passed",
      "keywords": [
        "test_str_to_bool_valid[YES-True]",
        "parametrize",
        "pytestmark",
        "YES-True",
        "options_test.py",
        "tests",
        "12932@cf-speedtest__78d9ee1d__requests__httpx",
        ""
      ],
      "setup": {
        "outcome": "passed"
      },
      "call": {
        "outcome": "passed"
      },
      "teardown": {
        "outcome": "passed"
      }
    },
    {
      "nodeid": "tests/options_test.py::test_str_to_bool_valid[NO-False]",
      "lineno": 8,
      "outcome": "passed",
      "keywords": [
        "test_str_to_bool_valid[NO-False]",
        "parametrize",
        "pytestmark",
        "NO-False",
        "options_test.py",
        "tests",
        "12932@cf-speedtest__78d9ee1d__requests__httpx",
        ""
      ],
      "setup": {
        "outcome": "passed"
      },
      "call": {
        "outcome": "passed"
      },
      "teardown": {
        "outcome": "passed"
      }
    },
    {
      "nodeid": "tests/options_test.py::test_str_to_bool_valid[True-True]",
      "lineno": 8,
      "outcome": "passed",
      "keywords": [
        "test_str_to_bool_valid[True-True]",
        "parametrize",
        "pytestmark",
        "True-True",
        "options_test.py",
        "tests",
        "12932@cf-speedtest__78d9ee1d__requests__httpx",
        ""
      ],
      "setup": {
        "outcome": "passed"
      },
      "call": {
        "outcome": "passed"
      },
      "teardown": {
        "outcome": "passed"
      }
    },
    {
      "nodeid": "tests/options_test.py::test_str_to_bool_valid[False-False]",
      "lineno": 8,
      "outcome": "passed",
      "keywords": [
        "test_str_to_bool_valid[False-False]",
        "parametrize",
        "pytestmark",
        "False-False",
        "options_test.py",
        "tests",
        "12932@cf-speedtest__78d9ee1d__requests__httpx",
        ""
      ],
      "setup": {
        "outcome": "passed"
      },
      "call": {
        "outcome": "passed"
      },
      "teardown": {
        "outcome": "passed"
      }
    },
    {
      "nodeid": "tests/options_test.py::test_str_to_bool_valid[y-True]",
      "lineno": 8,
      "outcome": "passed",
      "keywords": [
        "test_str_to_bool_valid[y-True]",
        "parametrize",
        "pytestmark",
        "y-True",
        "options_test.py",
        "tests",
        "12932@cf-speedtest__78d9ee1d__requests__httpx",
        ""
      ],
      "setup": {
        "outcome": "passed"
      },
      "call": {
        "outcome": "passed"
      },
      "teardown": {
        "outcome": "passed"
      }
    },
    {
      "nodeid": "tests/options_test.py::test_str_to_bool_valid[n-False]",
      "lineno": 8,
      "outcome": "passed",
      "keywords": [
        "test_str_to_bool_valid[n-False]",
        "parametrize",
        "pytestmark",
        "n-False",
        "options_test.py",
        "tests",
        "12932@cf-speedtest__78d9ee1d__requests__httpx",
        ""
      ],
      "setup": {
        "outcome": "passed"
      },
      "call": {
        "outcome": "passed"
      },
      "teardown": {
        "outcome": "passed"
      }
    },
    {
      "nodeid": "tests/options_test.py::test_str_to_bool_invalid[invalid]",
      "lineno": 28,
      "outcome": "passed",
      "keywords": [
        "test_str_to_bool_invalid[invalid]",
        "parametrize",
        "pytestmark",
        "invalid",
        "options_test.py",
        "tests",
        "12932@cf-speedtest__78d9ee1d__requests__httpx",
        ""
      ],
      "setup": {
        "outcome": "passed"
      },
      "call": {
        "outcome": "passed"
      },
      "teardown": {
        "outcome": "passed"
      }
    },
    {
      "nodeid": "tests/options_test.py::test_str_to_bool_invalid[maybe]",
      "lineno": 28,
      "outcome": "passed",
      "keywords": [
        "test_str_to_bool_invalid[maybe]",
        "parametrize",
        "pytestmark",
        "maybe",
        "options_test.py",
        "tests",
        "12932@cf-speedtest__78d9ee1d__requests__httpx",
        ""
      ],
      "setup": {
        "outcome": "passed"
      },
      "call": {
        "outcome": "passed"
      },
      "teardown": {
        "outcome": "passed"
      }
    },
    {
      "nodeid": "tests/options_test.py::test_str_to_bool_invalid[2]",
      "lineno": 28,
      "outcome": "passed",
      "keywords": [
        "test_str_to_bool_invalid[2]",
        "parametrize",
        "pytestmark",
        "2",
        "options_test.py",
        "tests",
        "12932@cf-speedtest__78d9ee1d__requests__httpx",
        ""
      ],
      "setup": {
        "outcome": "passed"
      },
      "call": {
        "outcome": "passed"
      },
      "teardown": {
        "outcome": "passed"
      }
    },
    {
      "nodeid": "tests/options_test.py::test_str_to_bool_invalid[-1]",
      "lineno": 28,
      "outcome": "passed",
      "keywords": [
        "test_str_to_bool_invalid[-1]",
        "parametrize",
        "pytestmark",
        "-1",
        "options_test.py",
        "tests",
        "12932@cf-speedtest__78d9ee1d__requests__httpx",
        ""
      ],
      "setup": {
        "outcome": "passed"
      },
      "call": {
        "outcome": "passed"
      },
      "teardown": {
        "outcome": "passed"
      }
    },
    {
      "nodeid": "tests/options_test.py::test_valid_percentile_valid[0-0]",
      "lineno": 34,
      "outcome": "passed",
      "keywords": [
        "test_valid_percentile_valid[0-0]",
        "parametrize",
        "pytestmark",
        "0-0",
        "options_test.py",
        "tests",
        "12932@cf-speedtest__78d9ee1d__requests__httpx",
        ""
      ],
      "setup": {
        "outcome": "passed"
      },
      "call": {
        "outcome": "passed"
      },
      "teardown": {
        "outcome": "passed"
      }
    },
    {
      "nodeid": "tests/options_test.py::test_valid_percentile_valid[50-50]",
      "lineno": 34,
      "outcome": "passed",
      "keywords": [
        "test_valid_percentile_valid[50-50]",
        "parametrize",
        "pytestmark",
        "50-50",
        "options_test.py",
        "tests",
        "12932@cf-speedtest__78d9ee1d__requests__httpx",
        ""
      ],
      "setup": {
        "outcome": "passed"
      },
      "call": {
        "outcome": "passed"
      },
      "teardown": {
        "outcome": "passed"
      }
    },
    {
      "nodeid": "tests/options_test.py::test_valid_percentile_valid[100-100]",
      "lineno": 34,
      "outcome": "passed",
      "keywords": [
        "test_valid_percentile_valid[100-100]",
        "parametrize",
        "pytestmark",
        "100-100",
        "options_test.py",
        "tests",
        "12932@cf-speedtest__78d9ee1d__requests__httpx",
        ""
      ],
      "setup": {
        "outcome": "passed"
      },
      "call": {
        "outcome": "passed"
      },
      "teardown": {
        "outcome": "passed"
      }
    },
    {
      "nodeid": "tests/options_test.py::test_valid_percentile_invalid[-1]",
      "lineno": 45,
      "outcome": "passed",
      "keywords": [
        "test_valid_percentile_invalid[-1]",
        "parametrize",
        "pytestmark",
        "-1",
        "options_test.py",
        "tests",
        "12932@cf-speedtest__78d9ee1d__requests__httpx",
        ""
      ],
      "setup": {
        "outcome": "passed"
      },
      "call": {
        "outcome": "passed"
      },
      "teardown": {
        "outcome": "passed"
      }
    },
    {
      "nodeid": "tests/options_test.py::test_valid_percentile_invalid[101]",
      "lineno": 45,
      "outcome": "passed",
      "keywords": [
        "test_valid_percentile_invalid[101]",
        "parametrize",
        "pytestmark",
        "101",
        "options_test.py",
        "tests",
        "12932@cf-speedtest__78d9ee1d__requests__httpx",
        ""
      ],
      "setup": {
        "outcome": "passed"
      },
      "call": {
        "outcome": "passed"
      },
      "teardown": {
        "outcome": "passed"
      }
    },
    {
      "nodeid": "tests/options_test.py::test_valid_percentile_invalid[invalid]",
      "lineno": 45,
      "outcome": "passed",
      "keywords": [
        "test_valid_percentile_invalid[invalid]",
        "parametrize",
        "pytestmark",
        "invalid",
        "options_test.py",
        "tests",
        "12932@cf-speedtest__78d9ee1d__requests__httpx",
        ""
      ],
      "setup": {
        "outcome": "passed"
      },
      "call": {
        "outcome": "passed"
      },
      "teardown": {
        "outcome": "passed"
      }
    },
    {
      "nodeid": "tests/options_test.py::test_valid_percentile_invalid[50.5]",
      "lineno": 45,
      "outcome": "passed",
      "keywords": [
        "test_valid_percentile_invalid[50.5]",
        "parametrize",
        "pytestmark",
        "50.5",
        "options_test.py",
        "tests",
        "12932@cf-speedtest__78d9ee1d__requests__httpx",
        ""
      ],
      "setup": {
        "outcome": "passed"
      },
      "call": {
        "outcome": "passed"
      },
      "teardown": {
        "outcome": "passed"
      }
    },
    {
      "nodeid": "tests/speedtest_test.py::test_run_tests[down-1000-3-3]",
      "lineno": 10,
      "outcome": "passed",
      "keywords": [
        "test_run_tests[down-1000-3-3]",
        "parametrize",
        "pytestmark",
        "down-1000-3-3",
        "speedtest_test.py",
        "tests",
        "12932@cf-speedtest__78d9ee1d__requests__httpx",
        ""
      ],
      "setup": {
        "outcome": "passed"
      },
      "call": {
        "outcome": "passed"
      },
      "teardown": {
        "outcome": "passed"
      }
    },
    {
      "nodeid": "tests/speedtest_test.py::test_run_tests[up-1000-5-5]",
      "lineno": 10,
      "outcome": "passed",
      "keywords": [
        "test_run_tests[up-1000-5-5]",
        "parametrize",
        "pytestmark",
        "up-1000-5-5",
        "speedtest_test.py",
        "tests",
        "12932@cf-speedtest__78d9ee1d__requests__httpx",
        ""
      ],
      "setup": {
        "outcome": "passed"
      },
      "call": {
        "outcome": "passed"
      },
      "teardown": {
        "outcome": "passed"
      }
    },
    {
      "nodeid": "tests/speedtest_test.py::test_run_tests[invalid-1000-2-0]",
      "lineno": 10,
      "outcome": "passed",
      "keywords": [
        "test_run_tests[invalid-1000-2-0]",
        "parametrize",
        "pytestmark",
        "invalid-1000-2-0",
        "speedtest_test.py",
        "tests",
        "12932@cf-speedtest__78d9ee1d__requests__httpx",
        ""
      ],
      "setup": {
        "outcome": "passed"
      },
      "call": {
        "outcome": "passed"
      },
      "teardown": {
        "outcome": "passed"
      }
    },
    {
      "nodeid": "tests/speedtest_test.py::test_run_standard_test",
      "lineno": 32,
      "outcome": "passed",
      "keywords": [
        "test_run_standard_test",
        "__wrapped__",
        "patchings",
        "speedtest_test.py",
        "tests",
        "12932@cf-speedtest__78d9ee1d__requests__httpx",
        ""
      ],
      "setup": {
        "outcome": "passed"
      },
      "call": {
        "outcome": "passed",
        "stdout": "<MagicMock name='preamble()' id='1670778562192'> \n\nLatency:         50.00 ms\nJitter:          0.00 ms\nRunning speed tests...\n\nCurrent speeds:          Down: 200.00 Mbit/sec\tUp: 0.00 Mbit/sec\nCurrent speeds:          Down: 200.00 Mbit/sec\tUp: 100.00 Mbit/sec\n"
      },
      "teardown": {
        "outcome": "passed"
      }
    },
    {
      "nodeid": "tests/speedtest_test.py::test_main_unit[args0-0]",
      "lineno": 51,
      "outcome": "passed",
      "keywords": [
        "test_main_unit[args0-0]",
        "parametrize",
        "pytestmark",
        "args0-0",
        "speedtest_test.py",
        "tests",
        "12932@cf-speedtest__78d9ee1d__requests__httpx",
        ""
      ],
      "setup": {
        "outcome": "passed"
      },
      "call": {
        "outcome": "passed",
        "stdout": "90th percentile results:   Down: 100.00 Mbit/sec\tUp: 50.00 Mbit/sec\n"
      },
      "teardown": {
        "outcome": "passed"
      }
    },
    {
      "nodeid": "tests/speedtest_test.py::test_main_unit[args1-0]",
      "lineno": 51,
      "outcome": "passed",
      "keywords": [
        "test_main_unit[args1-0]",
        "parametrize",
        "pytestmark",
        "args1-0",
        "speedtest_test.py",
        "tests",
        "12932@cf-speedtest__78d9ee1d__requests__httpx",
        ""
      ],
      "setup": {
        "outcome": "passed"
      },
      "call": {
        "outcome": "passed",
        "stdout": "90th percentile results:   Down: 100.00 Mbit/sec\tUp: 50.00 Mbit/sec\n"
      },
      "teardown": {
        "outcome": "passed"
      }
    },
    {
      "nodeid": "tests/speedtest_test.py::test_main_unit[args2-0]",
      "lineno": 51,
      "outcome": "passed",
      "keywords": [
        "test_main_unit[args2-0]",
        "parametrize",
        "pytestmark",
        "args2-0",
        "speedtest_test.py",
        "tests",
        "12932@cf-speedtest__78d9ee1d__requests__httpx",
        ""
      ],
      "setup": {
        "outcome": "passed"
      },
      "call": {
        "outcome": "passed",
        "stdout": "90th percentile results:   Down: 100.00 Mbit/sec\tUp: 50.00 Mbit/sec\n"
      },
      "teardown": {
        "outcome": "passed"
      }
    },
    {
      "nodeid": "tests/speedtest_test.py::test_proxy_unit[100.24.216.83:80-expected_dict0]",
      "lineno": 73,
      "outcome": "failed",
      "keywords": [
        "test_proxy_unit[100.24.216.83:80-expected_dict0]",
        "parametrize",
        "pytestmark",
        "100.24.216.83:80-expected_dict0",
        "speedtest_test.py",
        "tests",
        "12932@cf-speedtest__78d9ee1d__requests__httpx",
        ""
      ],
      "setup": {
        "outcome": "passed"
      },
      "call": {
        "outcome": "failed",
        "crash": {
          "path": "D:\\repos\\12932@cf-speedtest__78d9ee1d__requests__httpx\\tests\\speedtest_test.py",
          "lineno": 107,
          "message": "AssertionError: assert {'http://': '...24.216.83:80'} == {'http': 'htt...24.216.83:80'}\n  \n  Left contains 2 more items:\n  {'http://': 'http://100.24.216.83:80', 'https://': 'http://100.24.216.83:80'}\n  Right contains 2 more items:\n  {'http': 'http://100.24.216.83:80', 'https': 'http://100.24.216.83:80'}\n  Use -v to get more diff"
        },
        "traceback": [
          {
            "path": "tests\\speedtest_test.py",
            "lineno": 107,
            "message": "AssertionError"
          }
        ],
        "stdout": "90th percentile results:   Down: 100.00 Mbit/sec\tUp: 50.00 Mbit/sec\n",
        "longrepr": "proxy = '100.24.216.83:80'\nexpected_dict = {'http': 'http://100.24.216.83:80', 'https': 'http://100.24.216.83:80'}\n\n    @pytest.mark.parametrize(\n        'proxy, expected_dict', [\n            (\n                '100.24.216.83:80', {\n                    'http': 'http://100.24.216.83:80', 'https': 'http://100.24.216.83:80',\n                },\n            ),\n            (\n                'socks5://127.0.0.1:9150',\n                {'http': 'socks5://127.0.0.1:9150', 'https': 'socks5://127.0.0.1:9150'},\n            ),\n            (\n                'http://user:pass@10.10.1.10:3128',\n                {\n                    'http': 'http://user:pass@10.10.1.10:3128',\n                    'https': 'http://user:pass@10.10.1.10:3128',\n                },\n            ),\n        ],\n    )\n    def test_proxy_unit(proxy, expected_dict):\n        with patch('cf_speedtest.speedtest.run_standard_test') as mock_run_test:\n            mock_run_test.return_value = {\n                'download_speed': 100000000,\n                'upload_speed': 50000000,\n                'download_stdev': 1000000,\n                'upload_stdev': 500000,\n                'latency_measurements': [10, 20, 30],\n                'download_measurements': [90000000, 100000000, 110000000],\n                'upload_measurements': [45000000, 50000000, 55000000],\n            }\n    \n            speedtest.main(['--proxy', proxy])\n>           assert speedtest.PROXY_DICT == expected_dict\nE           AssertionError: assert {'http://': '...24.216.83:80'} == {'http': 'htt...24.216.83:80'}\nE             \nE             Left contains 2 more items:\nE             {'http://': 'http://100.24.216.83:80', 'https://': 'http://100.24.216.83:80'}\nE             Right contains 2 more items:\nE             {'http': 'http://100.24.216.83:80', 'https': 'http://100.24.216.83:80'}\nE             Use -v to get more diff\n\ntests\\speedtest_test.py:107: AssertionError"
      },
      "teardown": {
        "outcome": "passed"
      }
    },
    {
      "nodeid": "tests/speedtest_test.py::test_proxy_unit[socks5://127.0.0.1:9150-expected_dict1]",
      "lineno": 73,
      "outcome": "failed",
      "keywords": [
        "test_proxy_unit[socks5://127.0.0.1:9150-expected_dict1]",
        "parametrize",
        "pytestmark",
        "socks5://127.0.0.1:9150-expected_dict1",
        "speedtest_test.py",
        "tests",
        "12932@cf-speedtest__78d9ee1d__requests__httpx",
        ""
      ],
      "setup": {
        "outcome": "passed"
      },
      "call": {
        "outcome": "failed",
        "crash": {
          "path": "D:\\repos\\12932@cf-speedtest__78d9ee1d__requests__httpx\\tests\\speedtest_test.py",
          "lineno": 107,
          "message": "AssertionError: assert {'http://': '...7.0.0.1:9150'} == {'http': 'soc...7.0.0.1:9150'}\n  \n  Left contains 2 more items:\n  {'http://': 'socks5://127.0.0.1:9150', 'https://': 'socks5://127.0.0.1:9150'}\n  Right contains 2 more items:\n  {'http': 'socks5://127.0.0.1:9150', 'https': 'socks5://127.0.0.1:9150'}\n  Use -v to get more diff"
        },
        "traceback": [
          {
            "path": "tests\\speedtest_test.py",
            "lineno": 107,
            "message": "AssertionError"
          }
        ],
        "stdout": "90th percentile results:   Down: 100.00 Mbit/sec\tUp: 50.00 Mbit/sec\n",
        "longrepr": "proxy = 'socks5://127.0.0.1:9150'\nexpected_dict = {'http': 'socks5://127.0.0.1:9150', 'https': 'socks5://127.0.0.1:9150'}\n\n    @pytest.mark.parametrize(\n        'proxy, expected_dict', [\n            (\n                '100.24.216.83:80', {\n                    'http': 'http://100.24.216.83:80', 'https': 'http://100.24.216.83:80',\n                },\n            ),\n            (\n                'socks5://127.0.0.1:9150',\n                {'http': 'socks5://127.0.0.1:9150', 'https': 'socks5://127.0.0.1:9150'},\n            ),\n            (\n                'http://user:pass@10.10.1.10:3128',\n                {\n                    'http': 'http://user:pass@10.10.1.10:3128',\n                    'https': 'http://user:pass@10.10.1.10:3128',\n                },\n            ),\n        ],\n    )\n    def test_proxy_unit(proxy, expected_dict):\n        with patch('cf_speedtest.speedtest.run_standard_test') as mock_run_test:\n            mock_run_test.return_value = {\n                'download_speed': 100000000,\n                'upload_speed': 50000000,\n                'download_stdev': 1000000,\n                'upload_stdev': 500000,\n                'latency_measurements': [10, 20, 30],\n                'download_measurements': [90000000, 100000000, 110000000],\n                'upload_measurements': [45000000, 50000000, 55000000],\n            }\n    \n            speedtest.main(['--proxy', proxy])\n>           assert speedtest.PROXY_DICT == expected_dict\nE           AssertionError: assert {'http://': '...7.0.0.1:9150'} == {'http': 'soc...7.0.0.1:9150'}\nE             \nE             Left contains 2 more items:\nE             {'http://': 'socks5://127.0.0.1:9150', 'https://': 'socks5://127.0.0.1:9150'}\nE             Right contains 2 more items:\nE             {'http': 'socks5://127.0.0.1:9150', 'https': 'socks5://127.0.0.1:9150'}\nE             Use -v to get more diff\n\ntests\\speedtest_test.py:107: AssertionError"
      },
      "teardown": {
        "outcome": "passed"
      }
    },
    {
      "nodeid": "tests/speedtest_test.py::test_proxy_unit[http://user:pass@10.10.1.10:3128-expected_dict2]",
      "lineno": 73,
      "outcome": "failed",
      "keywords": [
        "test_proxy_unit[http://user:pass@10.10.1.10:3128-expected_dict2]",
        "parametrize",
        "pytestmark",
        "http://user:pass@10.10.1.10:3128-expected_dict2",
        "speedtest_test.py",
        "tests",
        "12932@cf-speedtest__78d9ee1d__requests__httpx",
        ""
      ],
      "setup": {
        "outcome": "passed"
      },
      "call": {
        "outcome": "failed",
        "crash": {
          "path": "D:\\repos\\12932@cf-speedtest__78d9ee1d__requests__httpx\\tests\\speedtest_test.py",
          "lineno": 107,
          "message": "AssertionError: assert {'http://': '...10.1.10:3128'} == {'http': 'htt...10.1.10:3128'}\n  \n  Left contains 2 more items:\n  {'http://': 'http://user:pass@10.10.1.10:3128',\n   'https://': 'http://user:pass@10.10.1.10:3128'}\n  Right contains 2 more items:\n  {'http': 'http://user:pass@10.10.1.10:3128',\n   'https': 'http://user:pass@10.10.1.10:3128'}\n  Use -v to get more diff"
        },
        "traceback": [
          {
            "path": "tests\\speedtest_test.py",
            "lineno": 107,
            "message": "AssertionError"
          }
        ],
        "stdout": "90th percentile results:   Down: 100.00 Mbit/sec\tUp: 50.00 Mbit/sec\n",
        "longrepr": "proxy = 'http://user:pass@10.10.1.10:3128'\nexpected_dict = {'http': 'http://user:pass@10.10.1.10:3128', 'https': 'http://user:pass@10.10.1.10:3128'}\n\n    @pytest.mark.parametrize(\n        'proxy, expected_dict', [\n            (\n                '100.24.216.83:80', {\n                    'http': 'http://100.24.216.83:80', 'https': 'http://100.24.216.83:80',\n                },\n            ),\n            (\n                'socks5://127.0.0.1:9150',\n                {'http': 'socks5://127.0.0.1:9150', 'https': 'socks5://127.0.0.1:9150'},\n            ),\n            (\n                'http://user:pass@10.10.1.10:3128',\n                {\n                    'http': 'http://user:pass@10.10.1.10:3128',\n                    'https': 'http://user:pass@10.10.1.10:3128',\n                },\n            ),\n        ],\n    )\n    def test_proxy_unit(proxy, expected_dict):\n        with patch('cf_speedtest.speedtest.run_standard_test') as mock_run_test:\n            mock_run_test.return_value = {\n                'download_speed': 100000000,\n                'upload_speed': 50000000,\n                'download_stdev': 1000000,\n                'upload_stdev': 500000,\n                'latency_measurements': [10, 20, 30],\n                'download_measurements': [90000000, 100000000, 110000000],\n                'upload_measurements': [45000000, 50000000, 55000000],\n            }\n    \n            speedtest.main(['--proxy', proxy])\n>           assert speedtest.PROXY_DICT == expected_dict\nE           AssertionError: assert {'http://': '...10.1.10:3128'} == {'http': 'htt...10.1.10:3128'}\nE             \nE             Left contains 2 more items:\nE             {'http://': 'http://user:pass@10.10.1.10:3128',\nE              'https://': 'http://user:pass@10.10.1.10:3128'}\nE             Right contains 2 more items:\nE             {'http': 'http://user:pass@10.10.1.10:3128',\nE              'https': 'http://user:pass@10.10.1.10:3128'}\nE             Use -v to get more diff\n\ntests\\speedtest_test.py:107: AssertionError"
      },
      "teardown": {
        "outcome": "passed"
      }
    },
    {
      "nodeid": "tests/speedtest_test.py::test_output_file",
      "lineno": 109,
      "outcome": "passed",
      "keywords": [
        "test_output_file",
        "speedtest_test.py",
        "tests",
        "12932@cf-speedtest__78d9ee1d__requests__httpx",
        ""
      ],
      "setup": {
        "outcome": "passed"
      },
      "call": {
        "outcome": "passed",
        "stdout": "90th percentile results:   Down: 100.00 Mbit/sec\tUp: 50.00 Mbit/sec\n"
      },
      "teardown": {
        "outcome": "passed"
      }
    },
    {
      "nodeid": "tests/utils_test.py::test_percentile[data0-50-3]",
      "lineno": 7,
      "outcome": "passed",
      "keywords": [
        "test_percentile[data0-50-3]",
        "parametrize",
        "pytestmark",
        "data0-50-3",
        "utils_test.py",
        "tests",
        "12932@cf-speedtest__78d9ee1d__requests__httpx",
        ""
      ],
      "setup": {
        "outcome": "passed"
      },
      "call": {
        "outcome": "passed"
      },
      "teardown": {
        "outcome": "passed"
      }
    },
    {
      "nodeid": "tests/utils_test.py::test_percentile[data1-90-9]",
      "lineno": 7,
      "outcome": "passed",
      "keywords": [
        "test_percentile[data1-90-9]",
        "parametrize",
        "pytestmark",
        "data1-90-9",
        "utils_test.py",
        "tests",
        "12932@cf-speedtest__78d9ee1d__requests__httpx",
        ""
      ],
      "setup": {
        "outcome": "passed"
      },
      "call": {
        "outcome": "passed"
      },
      "teardown": {
        "outcome": "passed"
      }
    },
    {
      "nodeid": "tests/utils_test.py::test_percentile[data2-100-1]",
      "lineno": 7,
      "outcome": "passed",
      "keywords": [
        "test_percentile[data2-100-1]",
        "parametrize",
        "pytestmark",
        "data2-100-1",
        "utils_test.py",
        "tests",
        "12932@cf-speedtest__78d9ee1d__requests__httpx",
        ""
      ],
      "setup": {
        "outcome": "passed"
      },
      "call": {
        "outcome": "passed"
      },
      "teardown": {
        "outcome": "passed"
      }
    },
    {
      "nodeid": "tests/utils_test.py::test_percentile[data3-0-1]",
      "lineno": 7,
      "outcome": "passed",
      "keywords": [
        "test_percentile[data3-0-1]",
        "parametrize",
        "pytestmark",
        "data3-0-1",
        "utils_test.py",
        "tests",
        "12932@cf-speedtest__78d9ee1d__requests__httpx",
        ""
      ],
      "setup": {
        "outcome": "passed"
      },
      "call": {
        "outcome": "passed"
      },
      "teardown": {
        "outcome": "passed"
      }
    },
    {
      "nodeid": "tests/utils_test.py::test_get_server_timing[dur=1234.5-1.2345]",
      "lineno": 19,
      "outcome": "passed",
      "keywords": [
        "test_get_server_timing[dur=1234.5-1.2345]",
        "parametrize",
        "pytestmark",
        "dur=1234.5-1.2345",
        "utils_test.py",
        "tests",
        "12932@cf-speedtest__78d9ee1d__requests__httpx",
        ""
      ],
      "setup": {
        "outcome": "passed"
      },
      "call": {
        "outcome": "passed"
      },
      "teardown": {
        "outcome": "passed"
      }
    },
    {
      "nodeid": "tests/utils_test.py::test_get_server_timing[key=value;dur=5678.9-5.6789]",
      "lineno": 19,
      "outcome": "passed",
      "keywords": [
        "test_get_server_timing[key=value;dur=5678.9-5.6789]",
        "parametrize",
        "pytestmark",
        "key=value;dur=5678.9-5.6789",
        "utils_test.py",
        "tests",
        "12932@cf-speedtest__78d9ee1d__requests__httpx",
        ""
      ],
      "setup": {
        "outcome": "passed"
      },
      "call": {
        "outcome": "passed"
      },
      "teardown": {
        "outcome": "passed"
      }
    },
    {
      "nodeid": "tests/utils_test.py::test_get_server_timing[invalid-0.0]",
      "lineno": 19,
      "outcome": "passed",
      "keywords": [
        "test_get_server_timing[invalid-0.0]",
        "parametrize",
        "pytestmark",
        "invalid-0.0",
        "utils_test.py",
        "tests",
        "12932@cf-speedtest__78d9ee1d__requests__httpx",
        ""
      ],
      "setup": {
        "outcome": "passed"
      },
      "call": {
        "outcome": "passed"
      },
      "teardown": {
        "outcome": "passed"
      }
    },
    {
      "nodeid": "tests/utils_test.py::test_get_server_timing[dur=1000-1.0]",
      "lineno": 19,
      "outcome": "passed",
      "keywords": [
        "test_get_server_timing[dur=1000-1.0]",
        "parametrize",
        "pytestmark",
        "dur=1000-1.0",
        "utils_test.py",
        "tests",
        "12932@cf-speedtest__78d9ee1d__requests__httpx",
        ""
      ],
      "setup": {
        "outcome": "passed"
      },
      "call": {
        "outcome": "passed"
      },
      "teardown": {
        "outcome": "passed"
      }
    },
    {
      "nodeid": "tests/utils_test.py::test_get_server_timing[start=0;dur=500;desc=\"Backend\"-0.5]",
      "lineno": 19,
      "outcome": "passed",
      "keywords": [
        "test_get_server_timing[start=0;dur=500;desc=\"Backend\"-0.5]",
        "parametrize",
        "pytestmark",
        "start=0;dur=500;desc=\"Backend\"-0.5",
        "utils_test.py",
        "tests",
        "12932@cf-speedtest__78d9ee1d__requests__httpx",
        ""
      ],
      "setup": {
        "outcome": "passed"
      },
      "call": {
        "outcome": "passed"
      },
      "teardown": {
        "outcome": "passed"
      }
    }
  ],
  "warnings": [
    {
      "message": "Unknown pytest.mark.integration - is this a typo?  You can register custom marks to avoid this warning - for details, see https://docs.pytest.org/en/stable/how-to/mark.html",
      "category": "PytestUnknownMarkWarning",
      "when": "collect",
      "filename": "D:\\repos\\12932@cf-speedtest__78d9ee1d__requests__httpx\\tests\\integration_test.py",
      "lineno": 11
    },
    {
      "message": "Unknown pytest.mark.integration - is this a typo?  You can register custom marks to avoid this warning - for details, see https://docs.pytest.org/en/stable/how-to/mark.html",
      "category": "PytestUnknownMarkWarning",
      "when": "collect",
      "filename": "D:\\repos\\12932@cf-speedtest__78d9ee1d__requests__httpx\\tests\\integration_test.py",
      "lineno": 18
    },
    {
      "message": "Unknown pytest.mark.integration - is this a typo?  You can register custom marks to avoid this warning - for details, see https://docs.pytest.org/en/stable/how-to/mark.html",
      "category": "PytestUnknownMarkWarning",
      "when": "collect",
      "filename": "D:\\repos\\12932@cf-speedtest__78d9ee1d__requests__httpx\\tests\\integration_test.py",
      "lineno": 26
    },
    {
      "message": "Unknown pytest.mark.integration - is this a typo?  You can register custom marks to avoid this warning - for details, see https://docs.pytest.org/en/stable/how-to/mark.html",
      "category": "PytestUnknownMarkWarning",
      "when": "collect",
      "filename": "D:\\repos\\12932@cf-speedtest__78d9ee1d__requests__httpx\\tests\\integration_test.py",
      "lineno": 31
    },
    {
      "message": "Unknown pytest.mark.integration - is this a typo?  You can register custom marks to avoid this warning - for details, see https://docs.pytest.org/en/stable/how-to/mark.html",
      "category": "PytestUnknownMarkWarning",
      "when": "collect",
      "filename": "D:\\repos\\12932@cf-speedtest__78d9ee1d__requests__httpx\\tests\\integration_test.py",
      "lineno": 37
    },
    {
      "message": "Unknown pytest.mark.integration - is this a typo?  You can register custom marks to avoid this warning - for details, see https://docs.pytest.org/en/stable/how-to/mark.html",
      "category": "PytestUnknownMarkWarning",
      "when": "collect",
      "filename": "D:\\repos\\12932@cf-speedtest__78d9ee1d__requests__httpx\\tests\\integration_test.py",
      "lineno": 42
    }
  ]
}