{
  "exitcode": 1,
  "summary": {
    "passed": 39,
    "failed": 9,
    "total": 48,
    "collected": 48
  },
  "collectors": [
    {
      "nodeid": "",
      "outcome": "passed",
      "result": [
        {
          "nodeid": ".",
          "type": "Dir"
        }
      ]
    },
    {
      "nodeid": "ap/commands",
      "outcome": "passed",
      "result": []
    },
    {
      "nodeid": "ap",
      "outcome": "passed",
      "result": [
        {
          "nodeid": "ap/commands",
          "type": "Package"
        }
      ]
    },
    {
      "nodeid": "ap.egg-info",
      "outcome": "passed",
      "result": []
    },
    {
      "nodeid": "docs",
      "outcome": "passed",
      "result": []
    },
    {
      "nodeid": "tests/test_accept_follower.py::TestAcceptFollowerCommand",
      "outcome": "passed",
      "result": [
        {
          "nodeid": "tests/test_accept_follower.py::TestAcceptFollowerCommand::test_accept_follower_local",
          "type": "TestCaseFunction",
          "lineno": 142
        },
        {
          "nodeid": "tests/test_accept_follower.py::TestAcceptFollowerCommand::test_accept_follower_remote",
          "type": "TestCaseFunction",
          "lineno": 129
        }
      ]
    },
    {
      "nodeid": "tests/test_accept_follower.py",
      "outcome": "passed",
      "result": [
        {
          "nodeid": "tests/test_accept_follower.py::TestAcceptFollowerCommand",
          "type": "UnitTestCase"
        }
      ]
    },
    {
      "nodeid": "tests/test_add.py::TestAdd",
      "outcome": "passed",
      "result": [
        {
          "nodeid": "tests/test_add.py::TestAdd::test_add",
          "type": "TestCaseFunction",
          "lineno": 74
        }
      ]
    },
    {
      "nodeid": "tests/test_add.py",
      "outcome": "passed",
      "result": [
        {
          "nodeid": "tests/test_add.py::TestAdd",
          "type": "UnitTestCase"
        }
      ]
    },
    {
      "nodeid": "tests/test_create_collection.py::TestCreateCollectionCommand",
      "outcome": "passed",
      "result": [
        {
          "nodeid": "tests/test_create_collection.py::TestCreateCollectionCommand::test_create_collection_followers_only",
          "type": "TestCaseFunction",
          "lineno": 90
        },
        {
          "nodeid": "tests/test_create_collection.py::TestCreateCollectionCommand::test_create_collection_private",
          "type": "TestCaseFunction",
          "lineno": 109
        },
        {
          "nodeid": "tests/test_create_collection.py::TestCreateCollectionCommand::test_create_collection_public",
          "type": "TestCaseFunction",
          "lineno": 72
        }
      ]
    },
    {
      "nodeid": "tests/test_create_collection.py",
      "outcome": "passed",
      "result": [
        {
          "nodeid": "tests/test_create_collection.py::TestCreateCollectionCommand",
          "type": "UnitTestCase"
        }
      ]
    },
    {
      "nodeid": "tests/test_create_note.py::TestCreateNoteCommand",
      "outcome": "passed",
      "result": [
        {
          "nodeid": "tests/test_create_note.py::TestCreateNoteCommand::test_create_note_followers_only",
          "type": "TestCaseFunction",
          "lineno": 86
        },
        {
          "nodeid": "tests/test_create_note.py::TestCreateNoteCommand::test_create_note_private",
          "type": "TestCaseFunction",
          "lineno": 100
        },
        {
          "nodeid": "tests/test_create_note.py::TestCreateNoteCommand::test_create_note_public",
          "type": "TestCaseFunction",
          "lineno": 74
        },
        {
          "nodeid": "tests/test_create_note.py::TestCreateNoteCommand::test_create_note_reply",
          "type": "TestCaseFunction",
          "lineno": 114
        }
      ]
    },
    {
      "nodeid": "tests/test_create_note.py",
      "outcome": "passed",
      "result": [
        {
          "nodeid": "tests/test_create_note.py::TestCreateNoteCommand",
          "type": "UnitTestCase"
        }
      ]
    },
    {
      "nodeid": "tests/test_delete.py::TestDeleteCommand",
      "outcome": "passed",
      "result": [
        {
          "nodeid": "tests/test_delete.py::TestDeleteCommand::test_delete_with_confirmation",
          "type": "TestCaseFunction",
          "lineno": 39
        },
        {
          "nodeid": "tests/test_delete.py::TestDeleteCommand::test_delete_with_force",
          "type": "TestCaseFunction",
          "lineno": 59
        }
      ]
    },
    {
      "nodeid": "tests/test_delete.py",
      "outcome": "passed",
      "result": [
        {
          "nodeid": "tests/test_delete.py::TestDeleteCommand",
          "type": "UnitTestCase"
        }
      ]
    },
    {
      "nodeid": "tests/test_follow.py::TestFollowCommand",
      "outcome": "passed",
      "result": [
        {
          "nodeid": "tests/test_follow.py::TestFollowCommand::test_follow_local",
          "type": "TestCaseFunction",
          "lineno": 88
        },
        {
          "nodeid": "tests/test_follow.py::TestFollowCommand::test_follow_remote",
          "type": "TestCaseFunction",
          "lineno": 76
        }
      ]
    },
    {
      "nodeid": "tests/test_follow.py",
      "outcome": "passed",
      "result": [
        {
          "nodeid": "tests/test_follow.py::TestFollowCommand",
          "type": "UnitTestCase"
        }
      ]
    },
    {
      "nodeid": "tests/test_followers.py::TestFollowersCommand",
      "outcome": "passed",
      "result": [
        {
          "nodeid": "tests/test_followers.py::TestFollowersCommand::test_followers",
          "type": "TestCaseFunction",
          "lineno": 98
        }
      ]
    },
    {
      "nodeid": "tests/test_followers.py",
      "outcome": "passed",
      "result": [
        {
          "nodeid": "tests/test_followers.py::TestFollowersCommand",
          "type": "UnitTestCase"
        }
      ]
    },
    {
      "nodeid": "tests/test_following.py::TestFollowingCommand",
      "outcome": "passed",
      "result": [
        {
          "nodeid": "tests/test_following.py::TestFollowingCommand::test_following",
          "type": "TestCaseFunction",
          "lineno": 98
        }
      ]
    },
    {
      "nodeid": "tests/test_following.py",
      "outcome": "passed",
      "result": [
        {
          "nodeid": "tests/test_following.py::TestFollowingCommand",
          "type": "UnitTestCase"
        }
      ]
    },
    {
      "nodeid": "tests/test_get.py::TestGetCommand",
      "outcome": "passed",
      "result": [
        {
          "nodeid": "tests/test_get.py::TestGetCommand::test_get_note",
          "type": "TestCaseFunction",
          "lineno": 58
        },
        {
          "nodeid": "tests/test_get.py::TestGetCommand::test_get_note_with_at_symbol",
          "type": "TestCaseFunction",
          "lineno": 71
        }
      ]
    },
    {
      "nodeid": "tests/test_get.py",
      "outcome": "passed",
      "result": [
        {
          "nodeid": "tests/test_get.py::TestGetCommand",
          "type": "UnitTestCase"
        }
      ]
    },
    {
      "nodeid": "tests/test_inbox.py::TestInboxCommand",
      "outcome": "passed",
      "result": [
        {
          "nodeid": "tests/test_inbox.py::TestInboxCommand::test_inbox",
          "type": "TestCaseFunction",
          "lineno": 133
        }
      ]
    },
    {
      "nodeid": "tests/test_inbox.py",
      "outcome": "passed",
      "result": [
        {
          "nodeid": "tests/test_inbox.py::TestInboxCommand",
          "type": "UnitTestCase"
        }
      ]
    },
    {
      "nodeid": "tests/test_like.py::TestLikesCommand",
      "outcome": "passed",
      "result": [
        {
          "nodeid": "tests/test_like.py::TestLikesCommand::test_like_local",
          "type": "TestCaseFunction",
          "lineno": 117
        },
        {
          "nodeid": "tests/test_like.py::TestLikesCommand::test_likes_remote",
          "type": "TestCaseFunction",
          "lineno": 129
        }
      ]
    },
    {
      "nodeid": "tests/test_like.py",
      "outcome": "passed",
      "result": [
        {
          "nodeid": "tests/test_like.py::TestLikesCommand",
          "type": "UnitTestCase"
        }
      ]
    },
    {
      "nodeid": "tests/test_likes.py::TestLikesCommand",
      "outcome": "passed",
      "result": [
        {
          "nodeid": "tests/test_likes.py::TestLikesCommand::test_likes_local",
          "type": "TestCaseFunction",
          "lineno": 187
        },
        {
          "nodeid": "tests/test_likes.py::TestLikesCommand::test_likes_remote",
          "type": "TestCaseFunction",
          "lineno": 203
        }
      ]
    },
    {
      "nodeid": "tests/test_likes.py",
      "outcome": "passed",
      "result": [
        {
          "nodeid": "tests/test_likes.py::TestLikesCommand",
          "type": "UnitTestCase"
        }
      ]
    },
    {
      "nodeid": "tests/test_outbox.py::TestOutboxCommand",
      "outcome": "passed",
      "result": [
        {
          "nodeid": "tests/test_outbox.py::TestOutboxCommand::test_outbox",
          "type": "TestCaseFunction",
          "lineno": 75
        }
      ]
    },
    {
      "nodeid": "tests/test_outbox.py",
      "outcome": "passed",
      "result": [
        {
          "nodeid": "tests/test_outbox.py::TestOutboxCommand",
          "type": "UnitTestCase"
        }
      ]
    },
    {
      "nodeid": "tests/test_pending_followers.py::TestPendingFollowersCommand",
      "outcome": "passed",
      "result": [
        {
          "nodeid": "tests/test_pending_followers.py::TestPendingFollowersCommand::test_pending_followers",
          "type": "TestCaseFunction",
          "lineno": 120
        }
      ]
    },
    {
      "nodeid": "tests/test_pending_followers.py",
      "outcome": "passed",
      "result": [
        {
          "nodeid": "tests/test_pending_followers.py::TestPendingFollowersCommand",
          "type": "UnitTestCase"
        }
      ]
    },
    {
      "nodeid": "tests/test_pending_following.py::TestPendingFollowingCommand",
      "outcome": "passed",
      "result": [
        {
          "nodeid": "tests/test_pending_following.py::TestPendingFollowingCommand::test_pending_following",
          "type": "TestCaseFunction",
          "lineno": 120
        }
      ]
    },
    {
      "nodeid": "tests/test_pending_following.py",
      "outcome": "passed",
      "result": [
        {
          "nodeid": "tests/test_pending_following.py::TestPendingFollowingCommand",
          "type": "UnitTestCase"
        }
      ]
    },
    {
      "nodeid": "tests/test_reject_follower.py::TestRejectFollowerCommand",
      "outcome": "passed",
      "result": [
        {
          "nodeid": "tests/test_reject_follower.py::TestRejectFollowerCommand::test_reject_follower_local",
          "type": "TestCaseFunction",
          "lineno": 142
        },
        {
          "nodeid": "tests/test_reject_follower.py::TestRejectFollowerCommand::test_reject_follower_remote",
          "type": "TestCaseFunction",
          "lineno": 129
        }
      ]
    },
    {
      "nodeid": "tests/test_reject_follower.py",
      "outcome": "passed",
      "result": [
        {
          "nodeid": "tests/test_reject_follower.py::TestRejectFollowerCommand",
          "type": "UnitTestCase"
        }
      ]
    },
    {
      "nodeid": "tests/test_remove.py::TestRemove",
      "outcome": "passed",
      "result": [
        {
          "nodeid": "tests/test_remove.py::TestRemove::test_remove",
          "type": "TestCaseFunction",
          "lineno": 74
        }
      ]
    },
    {
      "nodeid": "tests/test_remove.py",
      "outcome": "passed",
      "result": [
        {
          "nodeid": "tests/test_remove.py::TestRemove",
          "type": "UnitTestCase"
        }
      ]
    },
    {
      "nodeid": "tests/test_replies.py::TestRepliesCommand",
      "outcome": "passed",
      "result": [
        {
          "nodeid": "tests/test_replies.py::TestRepliesCommand::test_replies_local",
          "type": "TestCaseFunction",
          "lineno": 204
        },
        {
          "nodeid": "tests/test_replies.py::TestRepliesCommand::test_replies_remote",
          "type": "TestCaseFunction",
          "lineno": 222
        }
      ]
    },
    {
      "nodeid": "tests/test_replies.py",
      "outcome": "passed",
      "result": [
        {
          "nodeid": "tests/test_replies.py::TestRepliesCommand",
          "type": "UnitTestCase"
        }
      ]
    },
    {
      "nodeid": "tests/test_share.py::TestSharesCommand",
      "outcome": "passed",
      "result": [
        {
          "nodeid": "tests/test_share.py::TestSharesCommand::test_share_local",
          "type": "TestCaseFunction",
          "lineno": 117
        },
        {
          "nodeid": "tests/test_share.py::TestSharesCommand::test_shares_remote",
          "type": "TestCaseFunction",
          "lineno": 129
        }
      ]
    },
    {
      "nodeid": "tests/test_share.py",
      "outcome": "passed",
      "result": [
        {
          "nodeid": "tests/test_share.py::TestSharesCommand",
          "type": "UnitTestCase"
        }
      ]
    },
    {
      "nodeid": "tests/test_shares.py::TestLikesCommand",
      "outcome": "passed",
      "result": [
        {
          "nodeid": "tests/test_shares.py::TestLikesCommand::test_shares_local",
          "type": "TestCaseFunction",
          "lineno": 187
        },
        {
          "nodeid": "tests/test_shares.py::TestLikesCommand::test_shares_remote",
          "type": "TestCaseFunction",
          "lineno": 203
        }
      ]
    },
    {
      "nodeid": "tests/test_shares.py",
      "outcome": "passed",
      "result": [
        {
          "nodeid": "tests/test_shares.py::TestLikesCommand",
          "type": "UnitTestCase"
        }
      ]
    },
    {
      "nodeid": "tests/test_undo_follow.py::TestUndoFollowCommand",
      "outcome": "passed",
      "result": [
        {
          "nodeid": "tests/test_undo_follow.py::TestUndoFollowCommand::test_undo_follow_local",
          "type": "TestCaseFunction",
          "lineno": 235
        },
        {
          "nodeid": "tests/test_undo_follow.py::TestUndoFollowCommand::test_undo_follow_pending_local",
          "type": "TestCaseFunction",
          "lineno": 212
        },
        {
          "nodeid": "tests/test_undo_follow.py::TestUndoFollowCommand::test_undo_follow_pending_remote",
          "type": "TestCaseFunction",
          "lineno": 201
        },
        {
          "nodeid": "tests/test_undo_follow.py::TestUndoFollowCommand::test_undo_follow_remote",
          "type": "TestCaseFunction",
          "lineno": 224
        }
      ]
    },
    {
      "nodeid": "tests/test_undo_follow.py",
      "outcome": "passed",
      "result": [
        {
          "nodeid": "tests/test_undo_follow.py::TestUndoFollowCommand",
          "type": "UnitTestCase"
        }
      ]
    },
    {
      "nodeid": "tests/test_undo_like.py::TestUndoLikeCommand",
      "outcome": "passed",
      "result": [
        {
          "nodeid": "tests/test_undo_like.py::TestUndoLikeCommand::test_undo_like_local",
          "type": "TestCaseFunction",
          "lineno": 157
        },
        {
          "nodeid": "tests/test_undo_like.py::TestUndoLikeCommand::test_undo_like_remote",
          "type": "TestCaseFunction",
          "lineno": 169
        },
        {
          "nodeid": "tests/test_undo_like.py::TestUndoLikeCommand::test_undo_not_liked",
          "type": "TestCaseFunction",
          "lineno": 181
        }
      ]
    },
    {
      "nodeid": "tests/test_undo_like.py",
      "outcome": "passed",
      "result": [
        {
          "nodeid": "tests/test_undo_like.py::TestUndoLikeCommand",
          "type": "UnitTestCase"
        }
      ]
    },
    {
      "nodeid": "tests/test_undo_share.py::TestUndoShareCommand",
      "outcome": "passed",
      "result": [
        {
          "nodeid": "tests/test_undo_share.py::TestUndoShareCommand::test_undo_not_shared",
          "type": "TestCaseFunction",
          "lineno": 181
        },
        {
          "nodeid": "tests/test_undo_share.py::TestUndoShareCommand::test_undo_share_local",
          "type": "TestCaseFunction",
          "lineno": 157
        },
        {
          "nodeid": "tests/test_undo_share.py::TestUndoShareCommand::test_undo_share_remote",
          "type": "TestCaseFunction",
          "lineno": 169
        }
      ]
    },
    {
      "nodeid": "tests/test_undo_share.py",
      "outcome": "passed",
      "result": [
        {
          "nodeid": "tests/test_undo_share.py::TestUndoShareCommand",
          "type": "UnitTestCase"
        }
      ]
    },
    {
      "nodeid": "tests/test_update_note.py::TestUpdateNoteCommand",
      "outcome": "passed",
      "result": [
        {
          "nodeid": "tests/test_update_note.py::TestUpdateNoteCommand::test_update_note",
          "type": "TestCaseFunction",
          "lineno": 87
        }
      ]
    },
    {
      "nodeid": "tests/test_update_note.py",
      "outcome": "passed",
      "result": [
        {
          "nodeid": "tests/test_update_note.py::TestUpdateNoteCommand",
          "type": "UnitTestCase"
        }
      ]
    },
    {
      "nodeid": "tests/test_version.py::TestVersionCommand",
      "outcome": "passed",
      "result": [
        {
          "nodeid": "tests/test_version.py::TestVersionCommand::test_version",
          "type": "TestCaseFunction",
          "lineno": 21
        }
      ]
    },
    {
      "nodeid": "tests/test_version.py",
      "outcome": "passed",
      "result": [
        {
          "nodeid": "tests/test_version.py::TestVersionCommand",
          "type": "UnitTestCase"
        }
      ]
    },
    {
      "nodeid": "tests/test_whoami.py::TestWhoamiCommand",
      "outcome": "passed",
      "result": [
        {
          "nodeid": "tests/test_whoami.py::TestWhoamiCommand::test_whoami",
          "type": "TestCaseFunction",
          "lineno": 34
        }
      ]
    },
    {
      "nodeid": "tests/test_whoami.py",
      "outcome": "passed",
      "result": [
        {
          "nodeid": "tests/test_whoami.py::TestWhoamiCommand",
          "type": "UnitTestCase"
        }
      ]
    },
    {
      "nodeid": "tests",
      "outcome": "passed",
      "result": [
        {
          "nodeid": "tests/test_accept_follower.py",
          "type": "Module"
        },
        {
          "nodeid": "tests/test_add.py",
          "type": "Module"
        },
        {
          "nodeid": "tests/test_create_collection.py",
          "type": "Module"
        },
        {
          "nodeid": "tests/test_create_note.py",
          "type": "Module"
        },
        {
          "nodeid": "tests/test_delete.py",
          "type": "Module"
        },
        {
          "nodeid": "tests/test_follow.py",
          "type": "Module"
        },
        {
          "nodeid": "tests/test_followers.py",
          "type": "Module"
        },
        {
          "nodeid": "tests/test_following.py",
          "type": "Module"
        },
        {
          "nodeid": "tests/test_get.py",
          "type": "Module"
        },
        {
          "nodeid": "tests/test_inbox.py",
          "type": "Module"
        },
        {
          "nodeid": "tests/test_like.py",
          "type": "Module"
        },
        {
          "nodeid": "tests/test_likes.py",
          "type": "Module"
        },
        {
          "nodeid": "tests/test_outbox.py",
          "type": "Module"
        },
        {
          "nodeid": "tests/test_pending_followers.py",
          "type": "Module"
        },
        {
          "nodeid": "tests/test_pending_following.py",
          "type": "Module"
        },
        {
          "nodeid": "tests/test_reject_follower.py",
          "type": "Module"
        },
        {
          "nodeid": "tests/test_remove.py",
          "type": "Module"
        },
        {
          "nodeid": "tests/test_replies.py",
          "type": "Module"
        },
        {
          "nodeid": "tests/test_share.py",
          "type": "Module"
        },
        {
          "nodeid": "tests/test_shares.py",
          "type": "Module"
        },
        {
          "nodeid": "tests/test_undo_follow.py",
          "type": "Module"
        },
        {
          "nodeid": "tests/test_undo_like.py",
          "type": "Module"
        },
        {
          "nodeid": "tests/test_undo_share.py",
          "type": "Module"
        },
        {
          "nodeid": "tests/test_update_note.py",
          "type": "Module"
        },
        {
          "nodeid": "tests/test_version.py",
          "type": "Module"
        },
        {
          "nodeid": "tests/test_whoami.py",
          "type": "Module"
        }
      ]
    },
    {
      "nodeid": ".",
      "outcome": "passed",
      "result": [
        {
          "nodeid": "ap",
          "type": "Package"
        },
        {
          "nodeid": "ap.egg-info",
          "type": "Dir"
        },
        {
          "nodeid": "docs",
          "type": "Dir"
        },
        {
          "nodeid": "tests",
          "type": "Dir"
        }
      ]
    }
  ],
  "tests": [
    {
      "nodeid": "tests/test_accept_follower.py::TestAcceptFollowerCommand::test_accept_follower_local",
      "lineno": 142,
      "outcome": "passed",
      "keywords": [
        "test_accept_follower_local",
        "__wrapped__",
        "patchings",
        "TestAcceptFollowerCommand",
        "test_accept_follower.py",
        "tests",
        "evanp@ap__90969daf__tabulate__rich",
        ""
      ],
      "setup": {
        "outcome": "passed"
      },
      "call": {
        "outcome": "passed"
      },
      "teardown": {
        "outcome": "passed"
      }
    },
    {
      "nodeid": "tests/test_accept_follower.py::TestAcceptFollowerCommand::test_accept_follower_remote",
      "lineno": 129,
      "outcome": "passed",
      "keywords": [
        "test_accept_follower_remote",
        "__wrapped__",
        "patchings",
        "TestAcceptFollowerCommand",
        "test_accept_follower.py",
        "tests",
        "evanp@ap__90969daf__tabulate__rich",
        ""
      ],
      "setup": {
        "outcome": "passed"
      },
      "call": {
        "outcome": "passed"
      },
      "teardown": {
        "outcome": "passed"
      }
    },
    {
      "nodeid": "tests/test_add.py::TestAdd::test_add",
      "lineno": 74,
      "outcome": "passed",
      "keywords": [
        "test_add",
        "__wrapped__",
        "patchings",
        "TestAdd",
        "test_add.py",
        "tests",
        "evanp@ap__90969daf__tabulate__rich",
        ""
      ],
      "setup": {
        "outcome": "passed"
      },
      "call": {
        "outcome": "passed"
      },
      "teardown": {
        "outcome": "passed"
      }
    },
    {
      "nodeid": "tests/test_create_collection.py::TestCreateCollectionCommand::test_create_collection_followers_only",
      "lineno": 90,
      "outcome": "passed",
      "keywords": [
        "test_create_collection_followers_only",
        "__wrapped__",
        "patchings",
        "TestCreateCollectionCommand",
        "test_create_collection.py",
        "tests",
        "evanp@ap__90969daf__tabulate__rich",
        ""
      ],
      "setup": {
        "outcome": "passed"
      },
      "call": {
        "outcome": "passed"
      },
      "teardown": {
        "outcome": "passed"
      }
    },
    {
      "nodeid": "tests/test_create_collection.py::TestCreateCollectionCommand::test_create_collection_private",
      "lineno": 109,
      "outcome": "passed",
      "keywords": [
        "test_create_collection_private",
        "__wrapped__",
        "patchings",
        "TestCreateCollectionCommand",
        "test_create_collection.py",
        "tests",
        "evanp@ap__90969daf__tabulate__rich",
        ""
      ],
      "setup": {
        "outcome": "passed"
      },
      "call": {
        "outcome": "passed"
      },
      "teardown": {
        "outcome": "passed"
      }
    },
    {
      "nodeid": "tests/test_create_collection.py::TestCreateCollectionCommand::test_create_collection_public",
      "lineno": 72,
      "outcome": "passed",
      "keywords": [
        "test_create_collection_public",
        "__wrapped__",
        "patchings",
        "TestCreateCollectionCommand",
        "test_create_collection.py",
        "tests",
        "evanp@ap__90969daf__tabulate__rich",
        ""
      ],
      "setup": {
        "outcome": "passed"
      },
      "call": {
        "outcome": "passed"
      },
      "teardown": {
        "outcome": "passed"
      }
    },
    {
      "nodeid": "tests/test_create_note.py::TestCreateNoteCommand::test_create_note_followers_only",
      "lineno": 86,
      "outcome": "passed",
      "keywords": [
        "test_create_note_followers_only",
        "__wrapped__",
        "patchings",
        "TestCreateNoteCommand",
        "test_create_note.py",
        "tests",
        "evanp@ap__90969daf__tabulate__rich",
        ""
      ],
      "setup": {
        "outcome": "passed"
      },
      "call": {
        "outcome": "passed"
      },
      "teardown": {
        "outcome": "passed"
      }
    },
    {
      "nodeid": "tests/test_create_note.py::TestCreateNoteCommand::test_create_note_private",
      "lineno": 100,
      "outcome": "passed",
      "keywords": [
        "test_create_note_private",
        "__wrapped__",
        "patchings",
        "TestCreateNoteCommand",
        "test_create_note.py",
        "tests",
        "evanp@ap__90969daf__tabulate__rich",
        ""
      ],
      "setup": {
        "outcome": "passed"
      },
      "call": {
        "outcome": "passed"
      },
      "teardown": {
        "outcome": "passed"
      }
    },
    {
      "nodeid": "tests/test_create_note.py::TestCreateNoteCommand::test_create_note_public",
      "lineno": 74,
      "outcome": "passed",
      "keywords": [
        "test_create_note_public",
        "__wrapped__",
        "patchings",
        "TestCreateNoteCommand",
        "test_create_note.py",
        "tests",
        "evanp@ap__90969daf__tabulate__rich",
        ""
      ],
      "setup": {
        "outcome": "passed"
      },
      "call": {
        "outcome": "passed"
      },
      "teardown": {
        "outcome": "passed"
      }
    },
    {
      "nodeid": "tests/test_create_note.py::TestCreateNoteCommand::test_create_note_reply",
      "lineno": 114,
      "outcome": "passed",
      "keywords": [
        "test_create_note_reply",
        "__wrapped__",
        "patchings",
        "TestCreateNoteCommand",
        "test_create_note.py",
        "tests",
        "evanp@ap__90969daf__tabulate__rich",
        ""
      ],
      "setup": {
        "outcome": "passed"
      },
      "call": {
        "outcome": "passed"
      },
      "teardown": {
        "outcome": "passed"
      }
    },
    {
      "nodeid": "tests/test_delete.py::TestDeleteCommand::test_delete_with_confirmation",
      "lineno": 39,
      "outcome": "passed",
      "keywords": [
        "test_delete_with_confirmation",
        "__wrapped__",
        "patchings",
        "TestDeleteCommand",
        "test_delete.py",
        "tests",
        "evanp@ap__90969daf__tabulate__rich",
        ""
      ],
      "setup": {
        "outcome": "passed"
      },
      "call": {
        "outcome": "passed"
      },
      "teardown": {
        "outcome": "passed"
      }
    },
    {
      "nodeid": "tests/test_delete.py::TestDeleteCommand::test_delete_with_force",
      "lineno": 59,
      "outcome": "passed",
      "keywords": [
        "test_delete_with_force",
        "__wrapped__",
        "patchings",
        "TestDeleteCommand",
        "test_delete.py",
        "tests",
        "evanp@ap__90969daf__tabulate__rich",
        ""
      ],
      "setup": {
        "outcome": "passed"
      },
      "call": {
        "outcome": "passed"
      },
      "teardown": {
        "outcome": "passed"
      }
    },
    {
      "nodeid": "tests/test_follow.py::TestFollowCommand::test_follow_local",
      "lineno": 88,
      "outcome": "passed",
      "keywords": [
        "test_follow_local",
        "__wrapped__",
        "patchings",
        "TestFollowCommand",
        "test_follow.py",
        "tests",
        "evanp@ap__90969daf__tabulate__rich",
        ""
      ],
      "setup": {
        "outcome": "passed"
      },
      "call": {
        "outcome": "passed"
      },
      "teardown": {
        "outcome": "passed"
      }
    },
    {
      "nodeid": "tests/test_follow.py::TestFollowCommand::test_follow_remote",
      "lineno": 76,
      "outcome": "passed",
      "keywords": [
        "test_follow_remote",
        "__wrapped__",
        "patchings",
        "TestFollowCommand",
        "test_follow.py",
        "tests",
        "evanp@ap__90969daf__tabulate__rich",
        ""
      ],
      "setup": {
        "outcome": "passed"
      },
      "call": {
        "outcome": "passed"
      },
      "teardown": {
        "outcome": "passed"
      }
    },
    {
      "nodeid": "tests/test_followers.py::TestFollowersCommand::test_followers",
      "lineno": 98,
      "outcome": "passed",
      "keywords": [
        "test_followers",
        "__wrapped__",
        "patchings",
        "TestFollowersCommand",
        "test_followers.py",
        "tests",
        "evanp@ap__90969daf__tabulate__rich",
        ""
      ],
      "setup": {
        "outcome": "passed"
      },
      "call": {
        "outcome": "passed"
      },
      "teardown": {
        "outcome": "passed"
      }
    },
    {
      "nodeid": "tests/test_following.py::TestFollowingCommand::test_following",
      "lineno": 98,
      "outcome": "passed",
      "keywords": [
        "test_following",
        "__wrapped__",
        "patchings",
        "TestFollowingCommand",
        "test_following.py",
        "tests",
        "evanp@ap__90969daf__tabulate__rich",
        ""
      ],
      "setup": {
        "outcome": "passed"
      },
      "call": {
        "outcome": "passed"
      },
      "teardown": {
        "outcome": "passed"
      }
    },
    {
      "nodeid": "tests/test_get.py::TestGetCommand::test_get_note",
      "lineno": 58,
      "outcome": "passed",
      "keywords": [
        "test_get_note",
        "__wrapped__",
        "patchings",
        "TestGetCommand",
        "test_get.py",
        "tests",
        "evanp@ap__90969daf__tabulate__rich",
        ""
      ],
      "setup": {
        "outcome": "passed"
      },
      "call": {
        "outcome": "passed"
      },
      "teardown": {
        "outcome": "passed"
      }
    },
    {
      "nodeid": "tests/test_get.py::TestGetCommand::test_get_note_with_at_symbol",
      "lineno": 71,
      "outcome": "passed",
      "keywords": [
        "test_get_note_with_at_symbol",
        "__wrapped__",
        "patchings",
        "TestGetCommand",
        "test_get.py",
        "tests",
        "evanp@ap__90969daf__tabulate__rich",
        ""
      ],
      "setup": {
        "outcome": "passed"
      },
      "call": {
        "outcome": "passed"
      },
      "teardown": {
        "outcome": "passed"
      }
    },
    {
      "nodeid": "tests/test_inbox.py::TestInboxCommand::test_inbox",
      "lineno": 133,
      "outcome": "failed",
      "keywords": [
        "test_inbox",
        "__wrapped__",
        "patchings",
        "TestInboxCommand",
        "test_inbox.py",
        "tests",
        "evanp@ap__90969daf__tabulate__rich",
        ""
      ],
      "setup": {
        "outcome": "passed"
      },
      "call": {
        "outcome": "failed",
        "crash": {
          "path": "C:\\Users\\Mohay\\AppData\\Local\\Programs\\Python\\Python312\\Lib\\unittest\\case.py",
          "lineno": 715,
          "message": "AssertionError: 'Page 1 Activity 10' not found in '                                  Inbox Items                                  \\n\u250c\u2500\u2500\u2500\u2500\u2500\u2500\u2500\u2500\u2500\u2500\u2500\u2500\u2500\u2500\u2500\u2500\u252c\u2500\u2500\u2500\u2500\u2500\u2500\u2500\u2500\u2500\u2500\u2500\u2500\u2500\u2500\u2500\u2500\u252c\u2500\u2500\u2500\u2500\u2500\u2500\u2500\u2500\u2500\u2500\u252c\u2500\u2500\u2500\u2500\u2500\u2500\u2500\u2500\u2500\u2500\u2500\u2500\u2500\u2500\u2500\u2500\u252c\u2500\u2500\u2500\u2500\u2500\u2500\u2500\u2500\u2500\u2500\u2500\u2500\u2500\u2500\u2500\u2510\\n\u2502 id             \u2502 actor          \u2502 type     \u2502 summary        \u2502 published     \u2502\\n\u251c\u2500\u2500\u2500\u2500\u2500\u2500\u2500\u2500\u2500\u2500\u2500\u2500\u2500\u2500\u2500\u2500\u253c\u2500\u2500\u2500\u2500\u2500\u2500\u2500\u2500\u2500\u2500\u2500\u2500\u2500\u2500\u2500\u2500\u253c\u2500\u2500\u2500\u2500\u2500\u2500\u2500\u2500\u2500\u2500\u253c\u2500\u2500\u2500\u2500\u2500\u2500\u2500\u2500\u2500\u2500\u2500\u2500\u2500\u2500\u2500\u2500\u253c\u2500\u2500\u2500\u2500\u2500\u2500\u2500\u2500\u2500\u2500\u2500\u2500\u2500\u2500\u2500\u2524\\n\u2502 https://diffe\u2026 \u2502 other@differe\u2026 \u2502 Activity \u2502 Page 2         \u2502 2021-01-01T0\u2026 \u2502\\n\u2502                \u2502                \u2502          \u2502 Activity 11    \u2502               \u2502\\n\u2502 https://socia\u2026 \u2502 evanp@social.\u2026 \u2502 Activity \u2502 Page 1         \u2502 2021-01-01T0\u2026 \u2502\\n\u2502                \u2502                \u2502          \u2502 Activity 10    \u2502               \u2502\\n\u2514\u2500\u2500\u2500\u2500\u2500\u2500\u2500\u2500\u2500\u2500\u2500\u2500\u2500\u2500\u2500\u2500\u2534\u2500\u2500\u2500\u2500\u2500\u2500\u2500\u2500\u2500\u2500\u2500\u2500\u2500\u2500\u2500\u2500\u2534\u2500\u2500\u2500\u2500\u2500\u2500\u2500\u2500\u2500\u2500\u2534\u2500\u2500\u2500\u2500\u2500\u2500\u2500\u2500\u2500\u2500\u2500\u2500\u2500\u2500\u2500\u2500\u2534\u2500\u2500\u2500\u2500\u2500\u2500\u2500\u2500\u2500\u2500\u2500\u2500\u2500\u2500\u2500\u2518\\n'"
        },
        "traceback": [
          {
            "path": "tests\\test_inbox.py",
            "lineno": 143,
            "message": "AssertionError"
          }
        ],
        "longrepr": "self = <test_inbox.TestInboxCommand testMethod=test_inbox>\nmock_requests_post = <MagicMock name='get' id='2565216754128'>\nmock_requests_get = <MagicMock name='post' id='2565216792512'>\nmock_file = <MagicMock name='open' id='2565216793808'>\n\n    @patch(\"builtins.open\", new_callable=mock_open, read_data=TOKEN_FILE_DATA)\n    @patch(\"requests_oauthlib.OAuth2Session.post\", side_effect=mock_oauth_post)\n    @patch(\"requests_oauthlib.OAuth2Session.get\", side_effect=mock_oauth_get)\n    def test_inbox(self, mock_requests_post, mock_requests_get, mock_file):\n        run_command([\"inbox\"], {'LANG': 'en_CA.UTF-8', 'HOME': '/home/notauser'})\n    \n        # Assertions\n        self.assertGreaterEqual(mock_requests_get.call_count, 1)\n        self.assertGreaterEqual(mock_requests_post.call_count, 1)\n>       self.assertIn(\"Page 1 Activity 10\", sys.stdout.getvalue())\nE       AssertionError: 'Page 1 Activity 10' not found in '                                  Inbox Items                                  \\n\u250c\u2500\u2500\u2500\u2500\u2500\u2500\u2500\u2500\u2500\u2500\u2500\u2500\u2500\u2500\u2500\u2500\u252c\u2500\u2500\u2500\u2500\u2500\u2500\u2500\u2500\u2500\u2500\u2500\u2500\u2500\u2500\u2500\u2500\u252c\u2500\u2500\u2500\u2500\u2500\u2500\u2500\u2500\u2500\u2500\u252c\u2500\u2500\u2500\u2500\u2500\u2500\u2500\u2500\u2500\u2500\u2500\u2500\u2500\u2500\u2500\u2500\u252c\u2500\u2500\u2500\u2500\u2500\u2500\u2500\u2500\u2500\u2500\u2500\u2500\u2500\u2500\u2500\u2510\\n\u2502 id             \u2502 actor          \u2502 type     \u2502 summary        \u2502 published     \u2502\\n\u251c\u2500\u2500\u2500\u2500\u2500\u2500\u2500\u2500\u2500\u2500\u2500\u2500\u2500\u2500\u2500\u2500\u253c\u2500\u2500\u2500\u2500\u2500\u2500\u2500\u2500\u2500\u2500\u2500\u2500\u2500\u2500\u2500\u2500\u253c\u2500\u2500\u2500\u2500\u2500\u2500\u2500\u2500\u2500\u2500\u253c\u2500\u2500\u2500\u2500\u2500\u2500\u2500\u2500\u2500\u2500\u2500\u2500\u2500\u2500\u2500\u2500\u253c\u2500\u2500\u2500\u2500\u2500\u2500\u2500\u2500\u2500\u2500\u2500\u2500\u2500\u2500\u2500\u2524\\n\u2502 https://diffe\u2026 \u2502 other@differe\u2026 \u2502 Activity \u2502 Page 2         \u2502 2021-01-01T0\u2026 \u2502\\n\u2502                \u2502                \u2502          \u2502 Activity 11    \u2502               \u2502\\n\u2502 https://socia\u2026 \u2502 evanp@social.\u2026 \u2502 Activity \u2502 Page 1         \u2502 2021-01-01T0\u2026 \u2502\\n\u2502                \u2502                \u2502          \u2502 Activity 10    \u2502               \u2502\\n\u2514\u2500\u2500\u2500\u2500\u2500\u2500\u2500\u2500\u2500\u2500\u2500\u2500\u2500\u2500\u2500\u2500\u2534\u2500\u2500\u2500\u2500\u2500\u2500\u2500\u2500\u2500\u2500\u2500\u2500\u2500\u2500\u2500\u2500\u2534\u2500\u2500\u2500\u2500\u2500\u2500\u2500\u2500\u2500\u2500\u2534\u2500\u2500\u2500\u2500\u2500\u2500\u2500\u2500\u2500\u2500\u2500\u2500\u2500\u2500\u2500\u2500\u2534\u2500\u2500\u2500\u2500\u2500\u2500\u2500\u2500\u2500\u2500\u2500\u2500\u2500\u2500\u2500\u2518\\n'\n\ntests\\test_inbox.py:143: AssertionError"
      },
      "teardown": {
        "outcome": "passed"
      }
    },
    {
      "nodeid": "tests/test_like.py::TestLikesCommand::test_like_local",
      "lineno": 117,
      "outcome": "passed",
      "keywords": [
        "test_like_local",
        "__wrapped__",
        "patchings",
        "TestLikesCommand",
        "test_like.py",
        "tests",
        "evanp@ap__90969daf__tabulate__rich",
        ""
      ],
      "setup": {
        "outcome": "passed"
      },
      "call": {
        "outcome": "passed"
      },
      "teardown": {
        "outcome": "passed"
      }
    },
    {
      "nodeid": "tests/test_like.py::TestLikesCommand::test_likes_remote",
      "lineno": 129,
      "outcome": "passed",
      "keywords": [
        "test_likes_remote",
        "__wrapped__",
        "patchings",
        "TestLikesCommand",
        "test_like.py",
        "tests",
        "evanp@ap__90969daf__tabulate__rich",
        ""
      ],
      "setup": {
        "outcome": "passed"
      },
      "call": {
        "outcome": "passed"
      },
      "teardown": {
        "outcome": "passed"
      }
    },
    {
      "nodeid": "tests/test_likes.py::TestLikesCommand::test_likes_local",
      "lineno": 187,
      "outcome": "failed",
      "keywords": [
        "test_likes_local",
        "__wrapped__",
        "patchings",
        "TestLikesCommand",
        "test_likes.py",
        "tests",
        "evanp@ap__90969daf__tabulate__rich",
        ""
      ],
      "setup": {
        "outcome": "passed"
      },
      "call": {
        "outcome": "failed",
        "crash": {
          "path": "C:\\Users\\Mohay\\AppData\\Local\\Programs\\Python\\Python312\\Lib\\unittest\\case.py",
          "lineno": 715,
          "message": "AssertionError: 'https://social.example/users/another/likes/1' not found in '\u250c\u2500\u2500\u2500\u2500\u2500\u2500\u2500\u2500\u2500\u2500\u2500\u2500\u2500\u2500\u2500\u2500\u2500\u2500\u2500\u2500\u2500\u2500\u2500\u2500\u2500\u2500\u2500\u2500\u2500\u252c\u2500\u2500\u2500\u2500\u2500\u2500\u2500\u2500\u2500\u2500\u2500\u2500\u2500\u2500\u2500\u2500\u2500\u2500\u2500\u2500\u2500\u2500\u2500\u2500\u252c\u2500\u2500\u2500\u2500\u2500\u2500\u2500\u2500\u2500\u2500\u2500\u2500\u2500\u2500\u2500\u2500\u2500\u2500\u2500\u2500\u2500\u2500\u2510\\n\u2502 id                          \u2502 actor                  \u2502 published            \u2502\\n\u251c\u2500\u2500\u2500\u2500\u2500\u2500\u2500\u2500\u2500\u2500\u2500\u2500\u2500\u2500\u2500\u2500\u2500\u2500\u2500\u2500\u2500\u2500\u2500\u2500\u2500\u2500\u2500\u2500\u2500\u253c\u2500\u2500\u2500\u2500\u2500\u2500\u2500\u2500\u2500\u2500\u2500\u2500\u2500\u2500\u2500\u2500\u2500\u2500\u2500\u2500\u2500\u2500\u2500\u2500\u253c\u2500\u2500\u2500\u2500\u2500\u2500\u2500\u2500\u2500\u2500\u2500\u2500\u2500\u2500\u2500\u2500\u2500\u2500\u2500\u2500\u2500\u2500\u2524\\n\u2502 https://social.example/use\u2026 \u2502 another@social.example \u2502 2020-01-01T00:00:00Z \u2502\\n\u2502 https://social.example/use\u2026 \u2502 evanp@social.example   \u2502 2020-01-01T00:00:00Z \u2502\\n\u2502 https://remote.example/use\u2026 \u2502 other@remote.example   \u2502 2020-01-01T00:00:00Z \u2502\\n\u2514\u2500\u2500\u2500\u2500\u2500\u2500\u2500\u2500\u2500\u2500\u2500\u2500\u2500\u2500\u2500\u2500\u2500\u2500\u2500\u2500\u2500\u2500\u2500\u2500\u2500\u2500\u2500\u2500\u2500\u2534\u2500\u2500\u2500\u2500\u2500\u2500\u2500\u2500\u2500\u2500\u2500\u2500\u2500\u2500\u2500\u2500\u2500\u2500\u2500\u2500\u2500\u2500\u2500\u2500\u2534\u2500\u2500\u2500\u2500\u2500\u2500\u2500\u2500\u2500\u2500\u2500\u2500\u2500\u2500\u2500\u2500\u2500\u2500\u2500\u2500\u2500\u2500\u2518\\n'"
        },
        "traceback": [
          {
            "path": "tests\\test_likes.py",
            "lineno": 198,
            "message": "AssertionError"
          }
        ],
        "longrepr": "self = <test_likes.TestLikesCommand testMethod=test_likes_local>\nmock_requests_post = <MagicMock name='get' id='2565217780368'>\nmock_requests_get = <MagicMock name='post' id='2565217839984'>\nmock_file = <MagicMock name='open' id='2565217844112'>\n\n    @patch(\"builtins.open\", new_callable=mock_open, read_data=TOKEN_FILE_DATA)\n    @patch(\"requests_oauthlib.OAuth2Session.post\", side_effect=mock_oauth_post)\n    @patch(\"requests_oauthlib.OAuth2Session.get\", side_effect=mock_oauth_get)\n    def test_likes_local(self, mock_requests_post, mock_requests_get, mock_file):\n        run_command([\"likes\", OBJECT_ID], {'LANG': 'en_CA.UTF-8', 'HOME': '/home/notauser'})\n    \n        # Assertions\n        self.assertGreaterEqual(mock_requests_get.call_count, 1)\n        self.assertGreaterEqual(mock_requests_post.call_count, 1)\n        output = sys.stdout.getvalue()\n>       self.assertIn(LIKE_1_ID, output)\nE       AssertionError: 'https://social.example/users/another/likes/1' not found in '\u250c\u2500\u2500\u2500\u2500\u2500\u2500\u2500\u2500\u2500\u2500\u2500\u2500\u2500\u2500\u2500\u2500\u2500\u2500\u2500\u2500\u2500\u2500\u2500\u2500\u2500\u2500\u2500\u2500\u2500\u252c\u2500\u2500\u2500\u2500\u2500\u2500\u2500\u2500\u2500\u2500\u2500\u2500\u2500\u2500\u2500\u2500\u2500\u2500\u2500\u2500\u2500\u2500\u2500\u2500\u252c\u2500\u2500\u2500\u2500\u2500\u2500\u2500\u2500\u2500\u2500\u2500\u2500\u2500\u2500\u2500\u2500\u2500\u2500\u2500\u2500\u2500\u2500\u2510\\n\u2502 id                          \u2502 actor                  \u2502 published            \u2502\\n\u251c\u2500\u2500\u2500\u2500\u2500\u2500\u2500\u2500\u2500\u2500\u2500\u2500\u2500\u2500\u2500\u2500\u2500\u2500\u2500\u2500\u2500\u2500\u2500\u2500\u2500\u2500\u2500\u2500\u2500\u253c\u2500\u2500\u2500\u2500\u2500\u2500\u2500\u2500\u2500\u2500\u2500\u2500\u2500\u2500\u2500\u2500\u2500\u2500\u2500\u2500\u2500\u2500\u2500\u2500\u253c\u2500\u2500\u2500\u2500\u2500\u2500\u2500\u2500\u2500\u2500\u2500\u2500\u2500\u2500\u2500\u2500\u2500\u2500\u2500\u2500\u2500\u2500\u2524\\n\u2502 https://social.example/use\u2026 \u2502 another@social.example \u2502 2020-01-01T00:00:00Z \u2502\\n\u2502 https://social.example/use\u2026 \u2502 evanp@social.example   \u2502 2020-01-01T00:00:00Z \u2502\\n\u2502 https://remote.example/use\u2026 \u2502 other@remote.example   \u2502 2020-01-01T00:00:00Z \u2502\\n\u2514\u2500\u2500\u2500\u2500\u2500\u2500\u2500\u2500\u2500\u2500\u2500\u2500\u2500\u2500\u2500\u2500\u2500\u2500\u2500\u2500\u2500\u2500\u2500\u2500\u2500\u2500\u2500\u2500\u2500\u2534\u2500\u2500\u2500\u2500\u2500\u2500\u2500\u2500\u2500\u2500\u2500\u2500\u2500\u2500\u2500\u2500\u2500\u2500\u2500\u2500\u2500\u2500\u2500\u2500\u2534\u2500\u2500\u2500\u2500\u2500\u2500\u2500\u2500\u2500\u2500\u2500\u2500\u2500\u2500\u2500\u2500\u2500\u2500\u2500\u2500\u2500\u2500\u2518\\n'\n\ntests\\test_likes.py:198: AssertionError"
      },
      "teardown": {
        "outcome": "passed"
      }
    },
    {
      "nodeid": "tests/test_likes.py::TestLikesCommand::test_likes_remote",
      "lineno": 203,
      "outcome": "failed",
      "keywords": [
        "test_likes_remote",
        "__wrapped__",
        "patchings",
        "TestLikesCommand",
        "test_likes.py",
        "tests",
        "evanp@ap__90969daf__tabulate__rich",
        ""
      ],
      "setup": {
        "outcome": "passed"
      },
      "call": {
        "outcome": "failed",
        "crash": {
          "path": "C:\\Users\\Mohay\\AppData\\Local\\Programs\\Python\\Python312\\Lib\\unittest\\case.py",
          "lineno": 715,
          "message": "AssertionError: 'https://social.example/users/andanother/likes/2' not found in '\u250c\u2500\u2500\u2500\u2500\u2500\u2500\u2500\u2500\u2500\u2500\u2500\u2500\u2500\u2500\u2500\u2500\u2500\u2500\u2500\u2500\u2500\u2500\u2500\u2500\u2500\u2500\u2500\u252c\u2500\u2500\u2500\u2500\u2500\u2500\u2500\u2500\u2500\u2500\u2500\u2500\u2500\u2500\u2500\u2500\u2500\u2500\u2500\u2500\u2500\u2500\u2500\u2500\u2500\u2500\u252c\u2500\u2500\u2500\u2500\u2500\u2500\u2500\u2500\u2500\u2500\u2500\u2500\u2500\u2500\u2500\u2500\u2500\u2500\u2500\u2500\u2500\u2500\u2510\\n\u2502 id                        \u2502 actor                    \u2502 published            \u2502\\n\u251c\u2500\u2500\u2500\u2500\u2500\u2500\u2500\u2500\u2500\u2500\u2500\u2500\u2500\u2500\u2500\u2500\u2500\u2500\u2500\u2500\u2500\u2500\u2500\u2500\u2500\u2500\u2500\u253c\u2500\u2500\u2500\u2500\u2500\u2500\u2500\u2500\u2500\u2500\u2500\u2500\u2500\u2500\u2500\u2500\u2500\u2500\u2500\u2500\u2500\u2500\u2500\u2500\u2500\u2500\u253c\u2500\u2500\u2500\u2500\u2500\u2500\u2500\u2500\u2500\u2500\u2500\u2500\u2500\u2500\u2500\u2500\u2500\u2500\u2500\u2500\u2500\u2500\u2524\\n\u2502 https://social.example/u\u2026 \u2502 andanother@social.examp\u2026 \u2502 2020-01-01T00:00:00Z \u2502\\n\u2502 https://social.example/u\u2026 \u2502 other@social.example     \u2502 2020-01-01T00:00:00Z \u2502\\n\u2514\u2500\u2500\u2500\u2500\u2500\u2500\u2500\u2500\u2500\u2500\u2500\u2500\u2500\u2500\u2500\u2500\u2500\u2500\u2500\u2500\u2500\u2500\u2500\u2500\u2500\u2500\u2500\u2534\u2500\u2500\u2500\u2500\u2500\u2500\u2500\u2500\u2500\u2500\u2500\u2500\u2500\u2500\u2500\u2500\u2500\u2500\u2500\u2500\u2500\u2500\u2500\u2500\u2500\u2500\u2534\u2500\u2500\u2500\u2500\u2500\u2500\u2500\u2500\u2500\u2500\u2500\u2500\u2500\u2500\u2500\u2500\u2500\u2500\u2500\u2500\u2500\u2500\u2518\\n'"
        },
        "traceback": [
          {
            "path": "tests\\test_likes.py",
            "lineno": 217,
            "message": "AssertionError"
          }
        ],
        "longrepr": "self = <test_likes.TestLikesCommand testMethod=test_likes_remote>\nmock_requests_post = <MagicMock name='get' id='2565217794864'>\nmock_requests_get = <MagicMock name='post' id='2565217790352'>\nmock_file = <MagicMock name='open' id='2565216251600'>\n\n    @patch(\"builtins.open\", new_callable=mock_open, read_data=TOKEN_FILE_DATA)\n    @patch(\"requests_oauthlib.OAuth2Session.post\", side_effect=mock_oauth_post)\n    @patch(\"requests_oauthlib.OAuth2Session.get\", side_effect=mock_oauth_get)\n    def test_likes_remote(self, mock_requests_post, mock_requests_get, mock_file):\n        run_command([\"likes\", REMOTE_OBJECT_ID], {'LANG': 'en_CA.UTF-8', 'HOME': '/home/notauser'})\n    \n        # Assertions\n        self.assertGreaterEqual(mock_requests_get.call_count, 1)\n        self.assertGreaterEqual(mock_requests_post.call_count, 1)\n        output = sys.stdout.getvalue()\n        self.assertNotIn(LIKE_1_ID, output)\n        self.assertNotIn(LIKE_3_ID, output)\n        self.assertNotIn(LIKE_5_ID, output)\n>       self.assertIn(LIKE_2_ID, output)\nE       AssertionError: 'https://social.example/users/andanother/likes/2' not found in '\u250c\u2500\u2500\u2500\u2500\u2500\u2500\u2500\u2500\u2500\u2500\u2500\u2500\u2500\u2500\u2500\u2500\u2500\u2500\u2500\u2500\u2500\u2500\u2500\u2500\u2500\u2500\u2500\u252c\u2500\u2500\u2500\u2500\u2500\u2500\u2500\u2500\u2500\u2500\u2500\u2500\u2500\u2500\u2500\u2500\u2500\u2500\u2500\u2500\u2500\u2500\u2500\u2500\u2500\u2500\u252c\u2500\u2500\u2500\u2500\u2500\u2500\u2500\u2500\u2500\u2500\u2500\u2500\u2500\u2500\u2500\u2500\u2500\u2500\u2500\u2500\u2500\u2500\u2510\\n\u2502 id                        \u2502 actor                    \u2502 published            \u2502\\n\u251c\u2500\u2500\u2500\u2500\u2500\u2500\u2500\u2500\u2500\u2500\u2500\u2500\u2500\u2500\u2500\u2500\u2500\u2500\u2500\u2500\u2500\u2500\u2500\u2500\u2500\u2500\u2500\u253c\u2500\u2500\u2500\u2500\u2500\u2500\u2500\u2500\u2500\u2500\u2500\u2500\u2500\u2500\u2500\u2500\u2500\u2500\u2500\u2500\u2500\u2500\u2500\u2500\u2500\u2500\u253c\u2500\u2500\u2500\u2500\u2500\u2500\u2500\u2500\u2500\u2500\u2500\u2500\u2500\u2500\u2500\u2500\u2500\u2500\u2500\u2500\u2500\u2500\u2524\\n\u2502 https://social.example/u\u2026 \u2502 andanother@social.examp\u2026 \u2502 2020-01-01T00:00:00Z \u2502\\n\u2502 https://social.example/u\u2026 \u2502 other@social.example     \u2502 2020-01-01T00:00:00Z \u2502\\n\u2514\u2500\u2500\u2500\u2500\u2500\u2500\u2500\u2500\u2500\u2500\u2500\u2500\u2500\u2500\u2500\u2500\u2500\u2500\u2500\u2500\u2500\u2500\u2500\u2500\u2500\u2500\u2500\u2534\u2500\u2500\u2500\u2500\u2500\u2500\u2500\u2500\u2500\u2500\u2500\u2500\u2500\u2500\u2500\u2500\u2500\u2500\u2500\u2500\u2500\u2500\u2500\u2500\u2500\u2500\u2534\u2500\u2500\u2500\u2500\u2500\u2500\u2500\u2500\u2500\u2500\u2500\u2500\u2500\u2500\u2500\u2500\u2500\u2500\u2500\u2500\u2500\u2500\u2518\\n'\n\ntests\\test_likes.py:217: AssertionError"
      },
      "teardown": {
        "outcome": "passed"
      }
    },
    {
      "nodeid": "tests/test_outbox.py::TestOutboxCommand::test_outbox",
      "lineno": 75,
      "outcome": "passed",
      "keywords": [
        "test_outbox",
        "__wrapped__",
        "patchings",
        "TestOutboxCommand",
        "test_outbox.py",
        "tests",
        "evanp@ap__90969daf__tabulate__rich",
        ""
      ],
      "setup": {
        "outcome": "passed"
      },
      "call": {
        "outcome": "passed"
      },
      "teardown": {
        "outcome": "passed"
      }
    },
    {
      "nodeid": "tests/test_pending_followers.py::TestPendingFollowersCommand::test_pending_followers",
      "lineno": 120,
      "outcome": "failed",
      "keywords": [
        "test_pending_followers",
        "__wrapped__",
        "patchings",
        "TestPendingFollowersCommand",
        "test_pending_followers.py",
        "tests",
        "evanp@ap__90969daf__tabulate__rich",
        ""
      ],
      "setup": {
        "outcome": "passed"
      },
      "call": {
        "outcome": "failed",
        "crash": {
          "path": "C:\\Users\\Mohay\\AppData\\Local\\Programs\\Python\\Python312\\Lib\\unittest\\case.py",
          "lineno": 715,
          "message": "AssertionError: 'other1@different.example' not found in '\u250c\u2500\u2500\u2500\u2500\u2500\u2500\u2500\u2500\u2500\u2500\u2500\u2500\u2500\u2500\u2500\u2500\u2500\u2500\u2500\u2500\u2500\u2500\u2500\u252c\u2500\u2500\u2500\u2500\u2500\u2500\u2500\u2500\u2500\u2500\u2500\u2500\u2500\u2500\u2500\u2500\u2500\u2500\u2500\u2500\u2500\u2500\u2500\u252c\u2500\u2500\u2500\u2500\u2500\u2500\u252c\u2500\u2500\u2500\u2500\u2500\u2500\u2500\u2500\u2500\u2500\u2500\u2500\u2500\u2500\u2500\u2500\u2500\u2500\u2500\u2500\u2500\u2500\u2510\\n\u2502 activity              \u2502 id                    \u2502 name \u2502 published            \u2502\\n\u251c\u2500\u2500\u2500\u2500\u2500\u2500\u2500\u2500\u2500\u2500\u2500\u2500\u2500\u2500\u2500\u2500\u2500\u2500\u2500\u2500\u2500\u2500\u2500\u253c\u2500\u2500\u2500\u2500\u2500\u2500\u2500\u2500\u2500\u2500\u2500\u2500\u2500\u2500\u2500\u2500\u2500\u2500\u2500\u2500\u2500\u2500\u2500\u253c\u2500\u2500\u2500\u2500\u2500\u2500\u253c\u2500\u2500\u2500\u2500\u2500\u2500\u2500\u2500\u2500\u2500\u2500\u2500\u2500\u2500\u2500\u2500\u2500\u2500\u2500\u2500\u2500\u2500\u2524\\n\u2502 https://different.ex\u2026 \u2502 other1@different.exa\u2026 \u2502      \u2502 2020-01-01T00:00:00Z \u2502\\n\u2502 https://social.examp\u2026 \u2502 other2@social.example \u2502      \u2502 2020-01-01T00:00:00Z \u2502\\n\u2514\u2500\u2500\u2500\u2500\u2500\u2500\u2500\u2500\u2500\u2500\u2500\u2500\u2500\u2500\u2500\u2500\u2500\u2500\u2500\u2500\u2500\u2500\u2500\u2534\u2500\u2500\u2500\u2500\u2500\u2500\u2500\u2500\u2500\u2500\u2500\u2500\u2500\u2500\u2500\u2500\u2500\u2500\u2500\u2500\u2500\u2500\u2500\u2534\u2500\u2500\u2500\u2500\u2500\u2500\u2534\u2500\u2500\u2500\u2500\u2500\u2500\u2500\u2500\u2500\u2500\u2500\u2500\u2500\u2500\u2500\u2500\u2500\u2500\u2500\u2500\u2500\u2500\u2518\\n'"
        },
        "traceback": [
          {
            "path": "tests\\test_pending_followers.py",
            "lineno": 131,
            "message": "AssertionError"
          }
        ],
        "longrepr": "self = <test_pending_followers.TestPendingFollowersCommand testMethod=test_pending_followers>\nmock_requests_post = <MagicMock name='get' id='2565216752640'>\nmock_requests_get = <MagicMock name='post' id='2565216756384'>\nmock_file = <MagicMock name='open' id='2565216875104'>\n\n    @patch(\"builtins.open\", new_callable=mock_open, read_data=TOKEN_FILE_DATA)\n    @patch(\"requests_oauthlib.OAuth2Session.post\", side_effect=mock_oauth_post)\n    @patch(\"requests_oauthlib.OAuth2Session.get\", side_effect=mock_oauth_get)\n    def test_pending_followers(self, mock_requests_post, mock_requests_get, mock_file):\n        run_command([\"pending\", \"followers\"], {'LANG': 'en_CA.UTF-8', 'HOME': '/home/notauser'})\n    \n        # Assertions\n        self.assertGreaterEqual(mock_requests_get.call_count, 1)\n        self.assertGreaterEqual(mock_requests_post.call_count, 1)\n        self.assertIn(\"other2@social.example\", sys.stdout.getvalue())\n>       self.assertIn(\"other1@different.example\", sys.stdout.getvalue())\nE       AssertionError: 'other1@different.example' not found in '\u250c\u2500\u2500\u2500\u2500\u2500\u2500\u2500\u2500\u2500\u2500\u2500\u2500\u2500\u2500\u2500\u2500\u2500\u2500\u2500\u2500\u2500\u2500\u2500\u252c\u2500\u2500\u2500\u2500\u2500\u2500\u2500\u2500\u2500\u2500\u2500\u2500\u2500\u2500\u2500\u2500\u2500\u2500\u2500\u2500\u2500\u2500\u2500\u252c\u2500\u2500\u2500\u2500\u2500\u2500\u252c\u2500\u2500\u2500\u2500\u2500\u2500\u2500\u2500\u2500\u2500\u2500\u2500\u2500\u2500\u2500\u2500\u2500\u2500\u2500\u2500\u2500\u2500\u2510\\n\u2502 activity              \u2502 id                    \u2502 name \u2502 published            \u2502\\n\u251c\u2500\u2500\u2500\u2500\u2500\u2500\u2500\u2500\u2500\u2500\u2500\u2500\u2500\u2500\u2500\u2500\u2500\u2500\u2500\u2500\u2500\u2500\u2500\u253c\u2500\u2500\u2500\u2500\u2500\u2500\u2500\u2500\u2500\u2500\u2500\u2500\u2500\u2500\u2500\u2500\u2500\u2500\u2500\u2500\u2500\u2500\u2500\u253c\u2500\u2500\u2500\u2500\u2500\u2500\u253c\u2500\u2500\u2500\u2500\u2500\u2500\u2500\u2500\u2500\u2500\u2500\u2500\u2500\u2500\u2500\u2500\u2500\u2500\u2500\u2500\u2500\u2500\u2524\\n\u2502 https://different.ex\u2026 \u2502 other1@different.exa\u2026 \u2502      \u2502 2020-01-01T00:00:00Z \u2502\\n\u2502 https://social.examp\u2026 \u2502 other2@social.example \u2502      \u2502 2020-01-01T00:00:00Z \u2502\\n\u2514\u2500\u2500\u2500\u2500\u2500\u2500\u2500\u2500\u2500\u2500\u2500\u2500\u2500\u2500\u2500\u2500\u2500\u2500\u2500\u2500\u2500\u2500\u2500\u2534\u2500\u2500\u2500\u2500\u2500\u2500\u2500\u2500\u2500\u2500\u2500\u2500\u2500\u2500\u2500\u2500\u2500\u2500\u2500\u2500\u2500\u2500\u2500\u2534\u2500\u2500\u2500\u2500\u2500\u2500\u2534\u2500\u2500\u2500\u2500\u2500\u2500\u2500\u2500\u2500\u2500\u2500\u2500\u2500\u2500\u2500\u2500\u2500\u2500\u2500\u2500\u2500\u2500\u2518\\n'\n\ntests\\test_pending_followers.py:131: AssertionError"
      },
      "teardown": {
        "outcome": "passed"
      }
    },
    {
      "nodeid": "tests/test_pending_following.py::TestPendingFollowingCommand::test_pending_following",
      "lineno": 120,
      "outcome": "failed",
      "keywords": [
        "test_pending_following",
        "__wrapped__",
        "patchings",
        "TestPendingFollowingCommand",
        "test_pending_following.py",
        "tests",
        "evanp@ap__90969daf__tabulate__rich",
        ""
      ],
      "setup": {
        "outcome": "passed"
      },
      "call": {
        "outcome": "failed",
        "crash": {
          "path": "C:\\Users\\Mohay\\AppData\\Local\\Programs\\Python\\Python312\\Lib\\unittest\\case.py",
          "lineno": 715,
          "message": "AssertionError: 'other1@different.example' not found in '\u250c\u2500\u2500\u2500\u2500\u2500\u2500\u2500\u2500\u2500\u2500\u2500\u2500\u2500\u2500\u2500\u2500\u2500\u2500\u2500\u2500\u2500\u2500\u2500\u252c\u2500\u2500\u2500\u2500\u2500\u2500\u2500\u2500\u2500\u2500\u2500\u2500\u2500\u2500\u2500\u2500\u2500\u2500\u2500\u2500\u2500\u2500\u2500\u252c\u2500\u2500\u2500\u2500\u2500\u2500\u252c\u2500\u2500\u2500\u2500\u2500\u2500\u2500\u2500\u2500\u2500\u2500\u2500\u2500\u2500\u2500\u2500\u2500\u2500\u2500\u2500\u2500\u2500\u2510\\n\u2502 activity              \u2502 id                    \u2502 name \u2502 published            \u2502\\n\u251c\u2500\u2500\u2500\u2500\u2500\u2500\u2500\u2500\u2500\u2500\u2500\u2500\u2500\u2500\u2500\u2500\u2500\u2500\u2500\u2500\u2500\u2500\u2500\u253c\u2500\u2500\u2500\u2500\u2500\u2500\u2500\u2500\u2500\u2500\u2500\u2500\u2500\u2500\u2500\u2500\u2500\u2500\u2500\u2500\u2500\u2500\u2500\u253c\u2500\u2500\u2500\u2500\u2500\u2500\u253c\u2500\u2500\u2500\u2500\u2500\u2500\u2500\u2500\u2500\u2500\u2500\u2500\u2500\u2500\u2500\u2500\u2500\u2500\u2500\u2500\u2500\u2500\u2524\\n\u2502 https://different.ex\u2026 \u2502 other1@different.exa\u2026 \u2502      \u2502 2020-01-01T00:00:00Z \u2502\\n\u2502 https://social.examp\u2026 \u2502 other2@social.example \u2502      \u2502 2020-01-01T00:00:00Z \u2502\\n\u2514\u2500\u2500\u2500\u2500\u2500\u2500\u2500\u2500\u2500\u2500\u2500\u2500\u2500\u2500\u2500\u2500\u2500\u2500\u2500\u2500\u2500\u2500\u2500\u2534\u2500\u2500\u2500\u2500\u2500\u2500\u2500\u2500\u2500\u2500\u2500\u2500\u2500\u2500\u2500\u2500\u2500\u2500\u2500\u2500\u2500\u2500\u2500\u2534\u2500\u2500\u2500\u2500\u2500\u2500\u2534\u2500\u2500\u2500\u2500\u2500\u2500\u2500\u2500\u2500\u2500\u2500\u2500\u2500\u2500\u2500\u2500\u2500\u2500\u2500\u2500\u2500\u2500\u2518\\n'"
        },
        "traceback": [
          {
            "path": "tests\\test_pending_following.py",
            "lineno": 131,
            "message": "AssertionError"
          }
        ],
        "longrepr": "self = <test_pending_following.TestPendingFollowingCommand testMethod=test_pending_following>\nmock_requests_post = <MagicMock name='get' id='2565216574096'>\nmock_requests_get = <MagicMock name='post' id='2565216437744'>\nmock_file = <MagicMock name='open' id='2565216253568'>\n\n    @patch(\"builtins.open\", new_callable=mock_open, read_data=TOKEN_FILE_DATA)\n    @patch(\"requests_oauthlib.OAuth2Session.post\", side_effect=mock_oauth_post)\n    @patch(\"requests_oauthlib.OAuth2Session.get\", side_effect=mock_oauth_get)\n    def test_pending_following(self, mock_requests_post, mock_requests_get, mock_file):\n        run_command([\"pending\", \"following\"], {'LANG': 'en_CA.UTF-8', 'HOME': '/home/notauser'})\n    \n        # Assertions\n        self.assertGreaterEqual(mock_requests_get.call_count, 1)\n        self.assertGreaterEqual(mock_requests_post.call_count, 1)\n        self.assertIn(\"other2@social.example\", sys.stdout.getvalue())\n>       self.assertIn(\"other1@different.example\", sys.stdout.getvalue())\nE       AssertionError: 'other1@different.example' not found in '\u250c\u2500\u2500\u2500\u2500\u2500\u2500\u2500\u2500\u2500\u2500\u2500\u2500\u2500\u2500\u2500\u2500\u2500\u2500\u2500\u2500\u2500\u2500\u2500\u252c\u2500\u2500\u2500\u2500\u2500\u2500\u2500\u2500\u2500\u2500\u2500\u2500\u2500\u2500\u2500\u2500\u2500\u2500\u2500\u2500\u2500\u2500\u2500\u252c\u2500\u2500\u2500\u2500\u2500\u2500\u252c\u2500\u2500\u2500\u2500\u2500\u2500\u2500\u2500\u2500\u2500\u2500\u2500\u2500\u2500\u2500\u2500\u2500\u2500\u2500\u2500\u2500\u2500\u2510\\n\u2502 activity              \u2502 id                    \u2502 name \u2502 published            \u2502\\n\u251c\u2500\u2500\u2500\u2500\u2500\u2500\u2500\u2500\u2500\u2500\u2500\u2500\u2500\u2500\u2500\u2500\u2500\u2500\u2500\u2500\u2500\u2500\u2500\u253c\u2500\u2500\u2500\u2500\u2500\u2500\u2500\u2500\u2500\u2500\u2500\u2500\u2500\u2500\u2500\u2500\u2500\u2500\u2500\u2500\u2500\u2500\u2500\u253c\u2500\u2500\u2500\u2500\u2500\u2500\u253c\u2500\u2500\u2500\u2500\u2500\u2500\u2500\u2500\u2500\u2500\u2500\u2500\u2500\u2500\u2500\u2500\u2500\u2500\u2500\u2500\u2500\u2500\u2524\\n\u2502 https://different.ex\u2026 \u2502 other1@different.exa\u2026 \u2502      \u2502 2020-01-01T00:00:00Z \u2502\\n\u2502 https://social.examp\u2026 \u2502 other2@social.example \u2502      \u2502 2020-01-01T00:00:00Z \u2502\\n\u2514\u2500\u2500\u2500\u2500\u2500\u2500\u2500\u2500\u2500\u2500\u2500\u2500\u2500\u2500\u2500\u2500\u2500\u2500\u2500\u2500\u2500\u2500\u2500\u2534\u2500\u2500\u2500\u2500\u2500\u2500\u2500\u2500\u2500\u2500\u2500\u2500\u2500\u2500\u2500\u2500\u2500\u2500\u2500\u2500\u2500\u2500\u2500\u2534\u2500\u2500\u2500\u2500\u2500\u2500\u2534\u2500\u2500\u2500\u2500\u2500\u2500\u2500\u2500\u2500\u2500\u2500\u2500\u2500\u2500\u2500\u2500\u2500\u2500\u2500\u2500\u2500\u2500\u2518\\n'\n\ntests\\test_pending_following.py:131: AssertionError"
      },
      "teardown": {
        "outcome": "passed"
      }
    },
    {
      "nodeid": "tests/test_reject_follower.py::TestRejectFollowerCommand::test_reject_follower_local",
      "lineno": 142,
      "outcome": "passed",
      "keywords": [
        "test_reject_follower_local",
        "__wrapped__",
        "patchings",
        "TestRejectFollowerCommand",
        "test_reject_follower.py",
        "tests",
        "evanp@ap__90969daf__tabulate__rich",
        ""
      ],
      "setup": {
        "outcome": "passed"
      },
      "call": {
        "outcome": "passed"
      },
      "teardown": {
        "outcome": "passed"
      }
    },
    {
      "nodeid": "tests/test_reject_follower.py::TestRejectFollowerCommand::test_reject_follower_remote",
      "lineno": 129,
      "outcome": "passed",
      "keywords": [
        "test_reject_follower_remote",
        "__wrapped__",
        "patchings",
        "TestRejectFollowerCommand",
        "test_reject_follower.py",
        "tests",
        "evanp@ap__90969daf__tabulate__rich",
        ""
      ],
      "setup": {
        "outcome": "passed"
      },
      "call": {
        "outcome": "passed"
      },
      "teardown": {
        "outcome": "passed"
      }
    },
    {
      "nodeid": "tests/test_remove.py::TestRemove::test_remove",
      "lineno": 74,
      "outcome": "passed",
      "keywords": [
        "test_remove",
        "__wrapped__",
        "patchings",
        "TestRemove",
        "test_remove.py",
        "tests",
        "evanp@ap__90969daf__tabulate__rich",
        ""
      ],
      "setup": {
        "outcome": "passed"
      },
      "call": {
        "outcome": "passed"
      },
      "teardown": {
        "outcome": "passed"
      }
    },
    {
      "nodeid": "tests/test_replies.py::TestRepliesCommand::test_replies_local",
      "lineno": 204,
      "outcome": "failed",
      "keywords": [
        "test_replies_local",
        "__wrapped__",
        "patchings",
        "TestRepliesCommand",
        "test_replies.py",
        "tests",
        "evanp@ap__90969daf__tabulate__rich",
        ""
      ],
      "setup": {
        "outcome": "passed"
      },
      "call": {
        "outcome": "failed",
        "crash": {
          "path": "C:\\Users\\Mohay\\AppData\\Local\\Programs\\Python\\Python312\\Lib\\unittest\\case.py",
          "lineno": 715,
          "message": "AssertionError: 'https://social.example/users/another/objects/1' not found in \"                                    Replies                                    \\n\u250c\u2500\u2500\u2500\u2500\u2500\u2500\u2500\u2500\u2500\u2500\u2500\u2500\u2500\u2500\u2500\u2500\u2500\u2500\u252c\u2500\u2500\u2500\u2500\u2500\u2500\u2500\u2500\u2500\u2500\u2500\u2500\u2500\u2500\u2500\u2500\u2500\u2500\u2500\u252c\u2500\u2500\u2500\u2500\u2500\u2500\u2500\u2500\u2500\u2500\u2500\u2500\u2500\u2500\u2500\u2500\u2500\u2500\u252c\u2500\u2500\u2500\u2500\u2500\u2500\u2500\u2500\u2500\u2500\u2500\u2500\u2500\u2500\u2500\u2500\u2500\u2500\u2500\u2510\\n\u2502 id               \u2502 attributedTo      \u2502 content          \u2502 published         \u2502\\n\u251c\u2500\u2500\u2500\u2500\u2500\u2500\u2500\u2500\u2500\u2500\u2500\u2500\u2500\u2500\u2500\u2500\u2500\u2500\u253c\u2500\u2500\u2500\u2500\u2500\u2500\u2500\u2500\u2500\u2500\u2500\u2500\u2500\u2500\u2500\u2500\u2500\u2500\u2500\u253c\u2500\u2500\u2500\u2500\u2500\u2500\u2500\u2500\u2500\u2500\u2500\u2500\u2500\u2500\u2500\u2500\u2500\u2500\u253c\u2500\u2500\u2500\u2500\u2500\u2500\u2500\u2500\u2500\u2500\u2500\u2500\u2500\u2500\u2500\u2500\u2500\u2500\u2500\u2524\\n\u2502 https://social.\u2026 \u2502 another@social.e\u2026 \u2502 You're doing it  \u2502 2020-01-01T00:00\u2026 \u2502\\n\u2502                  \u2502                   \u2502 wrong.           \u2502                   \u2502\\n\u2502 https://social.\u2026 \u2502 evanp@social.exa\u2026 \u2502 You're doing it  \u2502 2020-01-01T00:00\u2026 \u2502\\n\u2502                  \u2502                   \u2502 wrong.           \u2502                   \u2502\\n\u2502 https://remote.\u2026 \u2502 other@remote.exa\u2026 \u2502 You're doing it  \u2502 2020-01-01T00:00\u2026 \u2502\\n\u2502                  \u2502                   \u2502 wrong.           \u2502                   \u2502\\n\u2514\u2500\u2500\u2500\u2500\u2500\u2500\u2500\u2500\u2500\u2500\u2500\u2500\u2500\u2500\u2500\u2500\u2500\u2500\u2534\u2500\u2500\u2500\u2500\u2500\u2500\u2500\u2500\u2500\u2500\u2500\u2500\u2500\u2500\u2500\u2500\u2500\u2500\u2500\u2534\u2500\u2500\u2500\u2500\u2500\u2500\u2500\u2500\u2500\u2500\u2500\u2500\u2500\u2500\u2500\u2500\u2500\u2500\u2534\u2500\u2500\u2500\u2500\u2500\u2500\u2500\u2500\u2500\u2500\u2500\u2500\u2500\u2500\u2500\u2500\u2500\u2500\u2500\u2518\\n\""
        },
        "traceback": [
          {
            "path": "tests\\test_replies.py",
            "lineno": 215,
            "message": "AssertionError"
          }
        ],
        "longrepr": "self = <test_replies.TestRepliesCommand testMethod=test_replies_local>\nmock_requests_post = <MagicMock name='get' id='2565218067488'>\nmock_requests_get = <MagicMock name='post' id='2565218094352'>\nmock_file = <MagicMock name='open' id='2565218098480'>\n\n    @patch(\"builtins.open\", new_callable=mock_open, read_data=TOKEN_FILE_DATA)\n    @patch(\"requests_oauthlib.OAuth2Session.post\", side_effect=mock_oauth_post)\n    @patch(\"requests_oauthlib.OAuth2Session.get\", side_effect=mock_oauth_get)\n    def test_replies_local(self, mock_requests_post, mock_requests_get, mock_file):\n        run_command([\"replies\", OBJECT_ID], {'LANG': 'en_CA.UTF-8', 'HOME': '/home/notauser'})\n    \n        # Assertions\n        self.assertGreaterEqual(mock_requests_get.call_count, 1)\n        self.assertGreaterEqual(mock_requests_post.call_count, 1)\n        output = sys.stdout.getvalue()\n>       self.assertIn(REPLY_1_ID, output)\nE       AssertionError: 'https://social.example/users/another/objects/1' not found in \"                                    Replies                                    \\n\u250c\u2500\u2500\u2500\u2500\u2500\u2500\u2500\u2500\u2500\u2500\u2500\u2500\u2500\u2500\u2500\u2500\u2500\u2500\u252c\u2500\u2500\u2500\u2500\u2500\u2500\u2500\u2500\u2500\u2500\u2500\u2500\u2500\u2500\u2500\u2500\u2500\u2500\u2500\u252c\u2500\u2500\u2500\u2500\u2500\u2500\u2500\u2500\u2500\u2500\u2500\u2500\u2500\u2500\u2500\u2500\u2500\u2500\u252c\u2500\u2500\u2500\u2500\u2500\u2500\u2500\u2500\u2500\u2500\u2500\u2500\u2500\u2500\u2500\u2500\u2500\u2500\u2500\u2510\\n\u2502 id               \u2502 attributedTo      \u2502 content          \u2502 published         \u2502\\n\u251c\u2500\u2500\u2500\u2500\u2500\u2500\u2500\u2500\u2500\u2500\u2500\u2500\u2500\u2500\u2500\u2500\u2500\u2500\u253c\u2500\u2500\u2500\u2500\u2500\u2500\u2500\u2500\u2500\u2500\u2500\u2500\u2500\u2500\u2500\u2500\u2500\u2500\u2500\u253c\u2500\u2500\u2500\u2500\u2500\u2500\u2500\u2500\u2500\u2500\u2500\u2500\u2500\u2500\u2500\u2500\u2500\u2500\u253c\u2500\u2500\u2500\u2500\u2500\u2500\u2500\u2500\u2500\u2500\u2500\u2500\u2500\u2500\u2500\u2500\u2500\u2500\u2500\u2524\\n\u2502 https://social.\u2026 \u2502 another@social.e\u2026 \u2502 You're doing it  \u2502 2020-01-01T00:00\u2026 \u2502\\n\u2502                  \u2502                   \u2502 wrong.           \u2502                   \u2502\\n\u2502 https://social.\u2026 \u2502 evanp@social.exa\u2026 \u2502 You're doing it  \u2502 2020-01-01T00:00\u2026 \u2502\\n\u2502                  \u2502                   \u2502 wrong.           \u2502                   \u2502\\n\u2502 https://remote.\u2026 \u2502 other@remote.exa\u2026 \u2502 You're doing it  \u2502 2020-01-01T00:00\u2026 \u2502\\n\u2502                  \u2502                   \u2502 wrong.           \u2502                   \u2502\\n\u2514\u2500\u2500\u2500\u2500\u2500\u2500\u2500\u2500\u2500\u2500\u2500\u2500\u2500\u2500\u2500\u2500\u2500\u2500\u2534\u2500\u2500\u2500\u2500\u2500\u2500\u2500\u2500\u2500\u2500\u2500\u2500\u2500\u2500\u2500\u2500\u2500\u2500\u2500\u2534\u2500\u2500\u2500\u2500\u2500\u2500\u2500\u2500\u2500\u2500\u2500\u2500\u2500\u2500\u2500\u2500\u2500\u2500\u2534\u2500\u2500\u2500\u2500\u2500\u2500\u2500\u2500\u2500\u2500\u2500\u2500\u2500\u2500\u2500\u2500\u2500\u2500\u2500\u2518\\n\"\n\ntests\\test_replies.py:215: AssertionError"
      },
      "teardown": {
        "outcome": "passed"
      }
    },
    {
      "nodeid": "tests/test_replies.py::TestRepliesCommand::test_replies_remote",
      "lineno": 222,
      "outcome": "failed",
      "keywords": [
        "test_replies_remote",
        "__wrapped__",
        "patchings",
        "TestRepliesCommand",
        "test_replies.py",
        "tests",
        "evanp@ap__90969daf__tabulate__rich",
        ""
      ],
      "setup": {
        "outcome": "passed"
      },
      "call": {
        "outcome": "failed",
        "crash": {
          "path": "C:\\Users\\Mohay\\AppData\\Local\\Programs\\Python\\Python312\\Lib\\unittest\\case.py",
          "lineno": 715,
          "message": "AssertionError: 'https://social.example/users/andanother/objects/2' not found in \"                                    Replies                                    \\n\u250c\u2500\u2500\u2500\u2500\u2500\u2500\u2500\u2500\u2500\u2500\u2500\u2500\u2500\u2500\u2500\u2500\u2500\u2500\u252c\u2500\u2500\u2500\u2500\u2500\u2500\u2500\u2500\u2500\u2500\u2500\u2500\u2500\u2500\u2500\u2500\u2500\u2500\u2500\u252c\u2500\u2500\u2500\u2500\u2500\u2500\u2500\u2500\u2500\u2500\u2500\u2500\u2500\u2500\u2500\u2500\u2500\u2500\u252c\u2500\u2500\u2500\u2500\u2500\u2500\u2500\u2500\u2500\u2500\u2500\u2500\u2500\u2500\u2500\u2500\u2500\u2500\u2500\u2510\\n\u2502 id               \u2502 attributedTo      \u2502 content          \u2502 published         \u2502\\n\u251c\u2500\u2500\u2500\u2500\u2500\u2500\u2500\u2500\u2500\u2500\u2500\u2500\u2500\u2500\u2500\u2500\u2500\u2500\u253c\u2500\u2500\u2500\u2500\u2500\u2500\u2500\u2500\u2500\u2500\u2500\u2500\u2500\u2500\u2500\u2500\u2500\u2500\u2500\u253c\u2500\u2500\u2500\u2500\u2500\u2500\u2500\u2500\u2500\u2500\u2500\u2500\u2500\u2500\u2500\u2500\u2500\u2500\u253c\u2500\u2500\u2500\u2500\u2500\u2500\u2500\u2500\u2500\u2500\u2500\u2500\u2500\u2500\u2500\u2500\u2500\u2500\u2500\u2524\\n\u2502 https://social.\u2026 \u2502 andanother@socia\u2026 \u2502 You're doing it  \u2502 2020-01-01T00:00\u2026 \u2502\\n\u2502                  \u2502                   \u2502 wrong.           \u2502                   \u2502\\n\u2502 https://social.\u2026 \u2502 other@social.exa\u2026 \u2502 You're doing it  \u2502 2020-01-01T00:00\u2026 \u2502\\n\u2502                  \u2502                   \u2502 wrong.           \u2502                   \u2502\\n\u2514\u2500\u2500\u2500\u2500\u2500\u2500\u2500\u2500\u2500\u2500\u2500\u2500\u2500\u2500\u2500\u2500\u2500\u2500\u2534\u2500\u2500\u2500\u2500\u2500\u2500\u2500\u2500\u2500\u2500\u2500\u2500\u2500\u2500\u2500\u2500\u2500\u2500\u2500\u2534\u2500\u2500\u2500\u2500\u2500\u2500\u2500\u2500\u2500\u2500\u2500\u2500\u2500\u2500\u2500\u2500\u2500\u2500\u2534\u2500\u2500\u2500\u2500\u2500\u2500\u2500\u2500\u2500\u2500\u2500\u2500\u2500\u2500\u2500\u2500\u2500\u2500\u2500\u2518\\n\""
        },
        "traceback": [
          {
            "path": "tests\\test_replies.py",
            "lineno": 236,
            "message": "AssertionError"
          }
        ],
        "longrepr": "self = <test_replies.TestRepliesCommand testMethod=test_replies_remote>\nmock_requests_post = <MagicMock name='get' id='2565218248048'>\nmock_requests_get = <MagicMock name='post' id='2565218244016'>\nmock_file = <MagicMock name='open' id='2565218180880'>\n\n    @patch(\"builtins.open\", new_callable=mock_open, read_data=TOKEN_FILE_DATA)\n    @patch(\"requests_oauthlib.OAuth2Session.post\", side_effect=mock_oauth_post)\n    @patch(\"requests_oauthlib.OAuth2Session.get\", side_effect=mock_oauth_get)\n    def test_replies_remote(self, mock_requests_post, mock_requests_get, mock_file):\n        run_command([\"replies\", REMOTE_OBJECT_ID], {'LANG':  'en_CA.UTF-8', 'HOME': '/home/notauser'})\n    \n        # Assertions\n        self.assertGreaterEqual(mock_requests_get.call_count, 1)\n        self.assertGreaterEqual(mock_requests_post.call_count, 1)\n        output = sys.stdout.getvalue()\n        self.assertNotIn(REPLY_1_ID, output)\n        self.assertNotIn(REPLY_3_ID, output)\n        self.assertNotIn(REPLY_5_ID, output)\n>       self.assertIn(REPLY_2_ID, output)\nE       AssertionError: 'https://social.example/users/andanother/objects/2' not found in \"                                    Replies                                    \\n\u250c\u2500\u2500\u2500\u2500\u2500\u2500\u2500\u2500\u2500\u2500\u2500\u2500\u2500\u2500\u2500\u2500\u2500\u2500\u252c\u2500\u2500\u2500\u2500\u2500\u2500\u2500\u2500\u2500\u2500\u2500\u2500\u2500\u2500\u2500\u2500\u2500\u2500\u2500\u252c\u2500\u2500\u2500\u2500\u2500\u2500\u2500\u2500\u2500\u2500\u2500\u2500\u2500\u2500\u2500\u2500\u2500\u2500\u252c\u2500\u2500\u2500\u2500\u2500\u2500\u2500\u2500\u2500\u2500\u2500\u2500\u2500\u2500\u2500\u2500\u2500\u2500\u2500\u2510\\n\u2502 id               \u2502 attributedTo      \u2502 content          \u2502 published         \u2502\\n\u251c\u2500\u2500\u2500\u2500\u2500\u2500\u2500\u2500\u2500\u2500\u2500\u2500\u2500\u2500\u2500\u2500\u2500\u2500\u253c\u2500\u2500\u2500\u2500\u2500\u2500\u2500\u2500\u2500\u2500\u2500\u2500\u2500\u2500\u2500\u2500\u2500\u2500\u2500\u253c\u2500\u2500\u2500\u2500\u2500\u2500\u2500\u2500\u2500\u2500\u2500\u2500\u2500\u2500\u2500\u2500\u2500\u2500\u253c\u2500\u2500\u2500\u2500\u2500\u2500\u2500\u2500\u2500\u2500\u2500\u2500\u2500\u2500\u2500\u2500\u2500\u2500\u2500\u2524\\n\u2502 https://social.\u2026 \u2502 andanother@socia\u2026 \u2502 You're doing it  \u2502 2020-01-01T00:00\u2026 \u2502\\n\u2502                  \u2502                   \u2502 wrong.           \u2502                   \u2502\\n\u2502 https://social.\u2026 \u2502 other@social.exa\u2026 \u2502 You're doing it  \u2502 2020-01-01T00:00\u2026 \u2502\\n\u2502                  \u2502                   \u2502 wrong.           \u2502                   \u2502\\n\u2514\u2500\u2500\u2500\u2500\u2500\u2500\u2500\u2500\u2500\u2500\u2500\u2500\u2500\u2500\u2500\u2500\u2500\u2500\u2534\u2500\u2500\u2500\u2500\u2500\u2500\u2500\u2500\u2500\u2500\u2500\u2500\u2500\u2500\u2500\u2500\u2500\u2500\u2500\u2534\u2500\u2500\u2500\u2500\u2500\u2500\u2500\u2500\u2500\u2500\u2500\u2500\u2500\u2500\u2500\u2500\u2500\u2500\u2534\u2500\u2500\u2500\u2500\u2500\u2500\u2500\u2500\u2500\u2500\u2500\u2500\u2500\u2500\u2500\u2500\u2500\u2500\u2500\u2518\\n\"\n\ntests\\test_replies.py:236: AssertionError"
      },
      "teardown": {
        "outcome": "passed"
      }
    },
    {
      "nodeid": "tests/test_share.py::TestSharesCommand::test_share_local",
      "lineno": 117,
      "outcome": "passed",
      "keywords": [
        "test_share_local",
        "__wrapped__",
        "patchings",
        "TestSharesCommand",
        "test_share.py",
        "tests",
        "evanp@ap__90969daf__tabulate__rich",
        ""
      ],
      "setup": {
        "outcome": "passed"
      },
      "call": {
        "outcome": "passed"
      },
      "teardown": {
        "outcome": "passed"
      }
    },
    {
      "nodeid": "tests/test_share.py::TestSharesCommand::test_shares_remote",
      "lineno": 129,
      "outcome": "passed",
      "keywords": [
        "test_shares_remote",
        "__wrapped__",
        "patchings",
        "TestSharesCommand",
        "test_share.py",
        "tests",
        "evanp@ap__90969daf__tabulate__rich",
        ""
      ],
      "setup": {
        "outcome": "passed"
      },
      "call": {
        "outcome": "passed"
      },
      "teardown": {
        "outcome": "passed"
      }
    },
    {
      "nodeid": "tests/test_shares.py::TestLikesCommand::test_shares_local",
      "lineno": 187,
      "outcome": "failed",
      "keywords": [
        "test_shares_local",
        "__wrapped__",
        "patchings",
        "TestLikesCommand",
        "test_shares.py",
        "tests",
        "evanp@ap__90969daf__tabulate__rich",
        ""
      ],
      "setup": {
        "outcome": "passed"
      },
      "call": {
        "outcome": "failed",
        "crash": {
          "path": "C:\\Users\\Mohay\\AppData\\Local\\Programs\\Python\\Python312\\Lib\\unittest\\case.py",
          "lineno": 715,
          "message": "AssertionError: 'https://social.example/users/another/shares/1' not found in '\u250c\u2500\u2500\u2500\u2500\u2500\u2500\u2500\u2500\u2500\u2500\u2500\u2500\u2500\u2500\u2500\u2500\u2500\u2500\u2500\u2500\u2500\u2500\u2500\u2500\u2500\u2500\u2500\u2500\u2500\u252c\u2500\u2500\u2500\u2500\u2500\u2500\u2500\u2500\u2500\u2500\u2500\u2500\u2500\u2500\u2500\u2500\u2500\u2500\u2500\u2500\u2500\u2500\u2500\u2500\u252c\u2500\u2500\u2500\u2500\u2500\u2500\u2500\u2500\u2500\u2500\u2500\u2500\u2500\u2500\u2500\u2500\u2500\u2500\u2500\u2500\u2500\u2500\u2510\\n\u2502 id                          \u2502 actor                  \u2502 published            \u2502\\n\u251c\u2500\u2500\u2500\u2500\u2500\u2500\u2500\u2500\u2500\u2500\u2500\u2500\u2500\u2500\u2500\u2500\u2500\u2500\u2500\u2500\u2500\u2500\u2500\u2500\u2500\u2500\u2500\u2500\u2500\u253c\u2500\u2500\u2500\u2500\u2500\u2500\u2500\u2500\u2500\u2500\u2500\u2500\u2500\u2500\u2500\u2500\u2500\u2500\u2500\u2500\u2500\u2500\u2500\u2500\u253c\u2500\u2500\u2500\u2500\u2500\u2500\u2500\u2500\u2500\u2500\u2500\u2500\u2500\u2500\u2500\u2500\u2500\u2500\u2500\u2500\u2500\u2500\u2524\\n\u2502 https://social.example/use\u2026 \u2502 another@social.example \u2502 2020-01-01T00:00:00Z \u2502\\n\u2502 https://social.example/use\u2026 \u2502 evanp@social.example   \u2502 2020-01-01T00:00:00Z \u2502\\n\u2502 https://remote.example/use\u2026 \u2502 other@remote.example   \u2502 2020-01-01T00:00:00Z \u2502\\n\u2514\u2500\u2500\u2500\u2500\u2500\u2500\u2500\u2500\u2500\u2500\u2500\u2500\u2500\u2500\u2500\u2500\u2500\u2500\u2500\u2500\u2500\u2500\u2500\u2500\u2500\u2500\u2500\u2500\u2500\u2534\u2500\u2500\u2500\u2500\u2500\u2500\u2500\u2500\u2500\u2500\u2500\u2500\u2500\u2500\u2500\u2500\u2500\u2500\u2500\u2500\u2500\u2500\u2500\u2500\u2534\u2500\u2500\u2500\u2500\u2500\u2500\u2500\u2500\u2500\u2500\u2500\u2500\u2500\u2500\u2500\u2500\u2500\u2500\u2500\u2500\u2500\u2500\u2518\\n'"
        },
        "traceback": [
          {
            "path": "tests\\test_shares.py",
            "lineno": 198,
            "message": "AssertionError"
          }
        ],
        "longrepr": "self = <test_shares.TestLikesCommand testMethod=test_shares_local>\nmock_requests_post = <MagicMock name='get' id='2565217782720'>\nmock_requests_get = <MagicMock name='post' id='2565218486944'>\nmock_file = <MagicMock name='open' id='2565218491072'>\n\n    @patch(\"builtins.open\", new_callable=mock_open, read_data=TOKEN_FILE_DATA)\n    @patch(\"requests_oauthlib.OAuth2Session.post\", side_effect=mock_oauth_post)\n    @patch(\"requests_oauthlib.OAuth2Session.get\", side_effect=mock_oauth_get)\n    def test_shares_local(self, mock_requests_post, mock_requests_get, mock_file):\n        run_command([\"shares\", OBJECT_ID], {'LANG': 'en_CA.UTF-8', 'HOME': '/home/notauser'})\n    \n        # Assertions\n        self.assertGreaterEqual(mock_requests_get.call_count, 1)\n        self.assertGreaterEqual(mock_requests_post.call_count, 1)\n        output = sys.stdout.getvalue()\n>       self.assertIn(SHARE_1_ID, output)\nE       AssertionError: 'https://social.example/users/another/shares/1' not found in '\u250c\u2500\u2500\u2500\u2500\u2500\u2500\u2500\u2500\u2500\u2500\u2500\u2500\u2500\u2500\u2500\u2500\u2500\u2500\u2500\u2500\u2500\u2500\u2500\u2500\u2500\u2500\u2500\u2500\u2500\u252c\u2500\u2500\u2500\u2500\u2500\u2500\u2500\u2500\u2500\u2500\u2500\u2500\u2500\u2500\u2500\u2500\u2500\u2500\u2500\u2500\u2500\u2500\u2500\u2500\u252c\u2500\u2500\u2500\u2500\u2500\u2500\u2500\u2500\u2500\u2500\u2500\u2500\u2500\u2500\u2500\u2500\u2500\u2500\u2500\u2500\u2500\u2500\u2510\\n\u2502 id                          \u2502 actor                  \u2502 published            \u2502\\n\u251c\u2500\u2500\u2500\u2500\u2500\u2500\u2500\u2500\u2500\u2500\u2500\u2500\u2500\u2500\u2500\u2500\u2500\u2500\u2500\u2500\u2500\u2500\u2500\u2500\u2500\u2500\u2500\u2500\u2500\u253c\u2500\u2500\u2500\u2500\u2500\u2500\u2500\u2500\u2500\u2500\u2500\u2500\u2500\u2500\u2500\u2500\u2500\u2500\u2500\u2500\u2500\u2500\u2500\u2500\u253c\u2500\u2500\u2500\u2500\u2500\u2500\u2500\u2500\u2500\u2500\u2500\u2500\u2500\u2500\u2500\u2500\u2500\u2500\u2500\u2500\u2500\u2500\u2524\\n\u2502 https://social.example/use\u2026 \u2502 another@social.example \u2502 2020-01-01T00:00:00Z \u2502\\n\u2502 https://social.example/use\u2026 \u2502 evanp@social.example   \u2502 2020-01-01T00:00:00Z \u2502\\n\u2502 https://remote.example/use\u2026 \u2502 other@remote.example   \u2502 2020-01-01T00:00:00Z \u2502\\n\u2514\u2500\u2500\u2500\u2500\u2500\u2500\u2500\u2500\u2500\u2500\u2500\u2500\u2500\u2500\u2500\u2500\u2500\u2500\u2500\u2500\u2500\u2500\u2500\u2500\u2500\u2500\u2500\u2500\u2500\u2534\u2500\u2500\u2500\u2500\u2500\u2500\u2500\u2500\u2500\u2500\u2500\u2500\u2500\u2500\u2500\u2500\u2500\u2500\u2500\u2500\u2500\u2500\u2500\u2500\u2534\u2500\u2500\u2500\u2500\u2500\u2500\u2500\u2500\u2500\u2500\u2500\u2500\u2500\u2500\u2500\u2500\u2500\u2500\u2500\u2500\u2500\u2500\u2518\\n'\n\ntests\\test_shares.py:198: AssertionError"
      },
      "teardown": {
        "outcome": "passed"
      }
    },
    {
      "nodeid": "tests/test_shares.py::TestLikesCommand::test_shares_remote",
      "lineno": 203,
      "outcome": "failed",
      "keywords": [
        "test_shares_remote",
        "__wrapped__",
        "patchings",
        "TestLikesCommand",
        "test_shares.py",
        "tests",
        "evanp@ap__90969daf__tabulate__rich",
        ""
      ],
      "setup": {
        "outcome": "passed"
      },
      "call": {
        "outcome": "failed",
        "crash": {
          "path": "C:\\Users\\Mohay\\AppData\\Local\\Programs\\Python\\Python312\\Lib\\unittest\\case.py",
          "lineno": 715,
          "message": "AssertionError: 'https://social.example/users/andanother/shares/2' not found in '\u250c\u2500\u2500\u2500\u2500\u2500\u2500\u2500\u2500\u2500\u2500\u2500\u2500\u2500\u2500\u2500\u2500\u2500\u2500\u2500\u2500\u2500\u2500\u2500\u2500\u2500\u2500\u2500\u252c\u2500\u2500\u2500\u2500\u2500\u2500\u2500\u2500\u2500\u2500\u2500\u2500\u2500\u2500\u2500\u2500\u2500\u2500\u2500\u2500\u2500\u2500\u2500\u2500\u2500\u2500\u252c\u2500\u2500\u2500\u2500\u2500\u2500\u2500\u2500\u2500\u2500\u2500\u2500\u2500\u2500\u2500\u2500\u2500\u2500\u2500\u2500\u2500\u2500\u2510\\n\u2502 id                        \u2502 actor                    \u2502 published            \u2502\\n\u251c\u2500\u2500\u2500\u2500\u2500\u2500\u2500\u2500\u2500\u2500\u2500\u2500\u2500\u2500\u2500\u2500\u2500\u2500\u2500\u2500\u2500\u2500\u2500\u2500\u2500\u2500\u2500\u253c\u2500\u2500\u2500\u2500\u2500\u2500\u2500\u2500\u2500\u2500\u2500\u2500\u2500\u2500\u2500\u2500\u2500\u2500\u2500\u2500\u2500\u2500\u2500\u2500\u2500\u2500\u253c\u2500\u2500\u2500\u2500\u2500\u2500\u2500\u2500\u2500\u2500\u2500\u2500\u2500\u2500\u2500\u2500\u2500\u2500\u2500\u2500\u2500\u2500\u2524\\n\u2502 https://social.example/u\u2026 \u2502 andanother@social.examp\u2026 \u2502 2020-01-01T00:00:00Z \u2502\\n\u2502 https://social.example/u\u2026 \u2502 other@social.example     \u2502 2020-01-01T00:00:00Z \u2502\\n\u2514\u2500\u2500\u2500\u2500\u2500\u2500\u2500\u2500\u2500\u2500\u2500\u2500\u2500\u2500\u2500\u2500\u2500\u2500\u2500\u2500\u2500\u2500\u2500\u2500\u2500\u2500\u2500\u2534\u2500\u2500\u2500\u2500\u2500\u2500\u2500\u2500\u2500\u2500\u2500\u2500\u2500\u2500\u2500\u2500\u2500\u2500\u2500\u2500\u2500\u2500\u2500\u2500\u2500\u2500\u2534\u2500\u2500\u2500\u2500\u2500\u2500\u2500\u2500\u2500\u2500\u2500\u2500\u2500\u2500\u2500\u2500\u2500\u2500\u2500\u2500\u2500\u2500\u2518\\n'"
        },
        "traceback": [
          {
            "path": "tests\\test_shares.py",
            "lineno": 217,
            "message": "AssertionError"
          }
        ],
        "longrepr": "self = <test_shares.TestLikesCommand testMethod=test_shares_remote>\nmock_requests_post = <MagicMock name='get' id='2565217786128'>\nmock_requests_get = <MagicMock name='post' id='2565217779840'>\nmock_file = <MagicMock name='open' id='2565216598208'>\n\n    @patch(\"builtins.open\", new_callable=mock_open, read_data=TOKEN_FILE_DATA)\n    @patch(\"requests_oauthlib.OAuth2Session.post\", side_effect=mock_oauth_post)\n    @patch(\"requests_oauthlib.OAuth2Session.get\", side_effect=mock_oauth_get)\n    def test_shares_remote(self, mock_requests_post, mock_requests_get, mock_file):\n        run_command([\"shares\", REMOTE_OBJECT_ID], {'LANG': 'en_CA.UTF-8', 'HOME': '/home/notauser'})\n    \n        # Assertions\n        self.assertGreaterEqual(mock_requests_get.call_count, 1)\n        self.assertGreaterEqual(mock_requests_post.call_count, 1)\n        output = sys.stdout.getvalue()\n        self.assertNotIn(SHARE_1_ID, output)\n        self.assertNotIn(SHARE_3_ID, output)\n        self.assertNotIn(SHARE_5_ID, output)\n>       self.assertIn(SHARE_2_ID, output)\nE       AssertionError: 'https://social.example/users/andanother/shares/2' not found in '\u250c\u2500\u2500\u2500\u2500\u2500\u2500\u2500\u2500\u2500\u2500\u2500\u2500\u2500\u2500\u2500\u2500\u2500\u2500\u2500\u2500\u2500\u2500\u2500\u2500\u2500\u2500\u2500\u252c\u2500\u2500\u2500\u2500\u2500\u2500\u2500\u2500\u2500\u2500\u2500\u2500\u2500\u2500\u2500\u2500\u2500\u2500\u2500\u2500\u2500\u2500\u2500\u2500\u2500\u2500\u252c\u2500\u2500\u2500\u2500\u2500\u2500\u2500\u2500\u2500\u2500\u2500\u2500\u2500\u2500\u2500\u2500\u2500\u2500\u2500\u2500\u2500\u2500\u2510\\n\u2502 id                        \u2502 actor                    \u2502 published            \u2502\\n\u251c\u2500\u2500\u2500\u2500\u2500\u2500\u2500\u2500\u2500\u2500\u2500\u2500\u2500\u2500\u2500\u2500\u2500\u2500\u2500\u2500\u2500\u2500\u2500\u2500\u2500\u2500\u2500\u253c\u2500\u2500\u2500\u2500\u2500\u2500\u2500\u2500\u2500\u2500\u2500\u2500\u2500\u2500\u2500\u2500\u2500\u2500\u2500\u2500\u2500\u2500\u2500\u2500\u2500\u2500\u253c\u2500\u2500\u2500\u2500\u2500\u2500\u2500\u2500\u2500\u2500\u2500\u2500\u2500\u2500\u2500\u2500\u2500\u2500\u2500\u2500\u2500\u2500\u2524\\n\u2502 https://social.example/u\u2026 \u2502 andanother@social.examp\u2026 \u2502 2020-01-01T00:00:00Z \u2502\\n\u2502 https://social.example/u\u2026 \u2502 other@social.example     \u2502 2020-01-01T00:00:00Z \u2502\\n\u2514\u2500\u2500\u2500\u2500\u2500\u2500\u2500\u2500\u2500\u2500\u2500\u2500\u2500\u2500\u2500\u2500\u2500\u2500\u2500\u2500\u2500\u2500\u2500\u2500\u2500\u2500\u2500\u2534\u2500\u2500\u2500\u2500\u2500\u2500\u2500\u2500\u2500\u2500\u2500\u2500\u2500\u2500\u2500\u2500\u2500\u2500\u2500\u2500\u2500\u2500\u2500\u2500\u2500\u2500\u2534\u2500\u2500\u2500\u2500\u2500\u2500\u2500\u2500\u2500\u2500\u2500\u2500\u2500\u2500\u2500\u2500\u2500\u2500\u2500\u2500\u2500\u2500\u2518\\n'\n\ntests\\test_shares.py:217: AssertionError"
      },
      "teardown": {
        "outcome": "passed"
      }
    },
    {
      "nodeid": "tests/test_undo_follow.py::TestUndoFollowCommand::test_undo_follow_local",
      "lineno": 235,
      "outcome": "passed",
      "keywords": [
        "test_undo_follow_local",
        "__wrapped__",
        "patchings",
        "TestUndoFollowCommand",
        "test_undo_follow.py",
        "tests",
        "evanp@ap__90969daf__tabulate__rich",
        ""
      ],
      "setup": {
        "outcome": "passed"
      },
      "call": {
        "outcome": "passed"
      },
      "teardown": {
        "outcome": "passed"
      }
    },
    {
      "nodeid": "tests/test_undo_follow.py::TestUndoFollowCommand::test_undo_follow_pending_local",
      "lineno": 212,
      "outcome": "passed",
      "keywords": [
        "test_undo_follow_pending_local",
        "__wrapped__",
        "patchings",
        "TestUndoFollowCommand",
        "test_undo_follow.py",
        "tests",
        "evanp@ap__90969daf__tabulate__rich",
        ""
      ],
      "setup": {
        "outcome": "passed"
      },
      "call": {
        "outcome": "passed"
      },
      "teardown": {
        "outcome": "passed"
      }
    },
    {
      "nodeid": "tests/test_undo_follow.py::TestUndoFollowCommand::test_undo_follow_pending_remote",
      "lineno": 201,
      "outcome": "passed",
      "keywords": [
        "test_undo_follow_pending_remote",
        "__wrapped__",
        "patchings",
        "TestUndoFollowCommand",
        "test_undo_follow.py",
        "tests",
        "evanp@ap__90969daf__tabulate__rich",
        ""
      ],
      "setup": {
        "outcome": "passed"
      },
      "call": {
        "outcome": "passed"
      },
      "teardown": {
        "outcome": "passed"
      }
    },
    {
      "nodeid": "tests/test_undo_follow.py::TestUndoFollowCommand::test_undo_follow_remote",
      "lineno": 224,
      "outcome": "passed",
      "keywords": [
        "test_undo_follow_remote",
        "__wrapped__",
        "patchings",
        "TestUndoFollowCommand",
        "test_undo_follow.py",
        "tests",
        "evanp@ap__90969daf__tabulate__rich",
        ""
      ],
      "setup": {
        "outcome": "passed"
      },
      "call": {
        "outcome": "passed"
      },
      "teardown": {
        "outcome": "passed"
      }
    },
    {
      "nodeid": "tests/test_undo_like.py::TestUndoLikeCommand::test_undo_like_local",
      "lineno": 157,
      "outcome": "passed",
      "keywords": [
        "test_undo_like_local",
        "__wrapped__",
        "patchings",
        "TestUndoLikeCommand",
        "test_undo_like.py",
        "tests",
        "evanp@ap__90969daf__tabulate__rich",
        ""
      ],
      "setup": {
        "outcome": "passed"
      },
      "call": {
        "outcome": "passed"
      },
      "teardown": {
        "outcome": "passed"
      }
    },
    {
      "nodeid": "tests/test_undo_like.py::TestUndoLikeCommand::test_undo_like_remote",
      "lineno": 169,
      "outcome": "passed",
      "keywords": [
        "test_undo_like_remote",
        "__wrapped__",
        "patchings",
        "TestUndoLikeCommand",
        "test_undo_like.py",
        "tests",
        "evanp@ap__90969daf__tabulate__rich",
        ""
      ],
      "setup": {
        "outcome": "passed"
      },
      "call": {
        "outcome": "passed"
      },
      "teardown": {
        "outcome": "passed"
      }
    },
    {
      "nodeid": "tests/test_undo_like.py::TestUndoLikeCommand::test_undo_not_liked",
      "lineno": 181,
      "outcome": "passed",
      "keywords": [
        "test_undo_not_liked",
        "__wrapped__",
        "patchings",
        "TestUndoLikeCommand",
        "test_undo_like.py",
        "tests",
        "evanp@ap__90969daf__tabulate__rich",
        ""
      ],
      "setup": {
        "outcome": "passed"
      },
      "call": {
        "outcome": "passed"
      },
      "teardown": {
        "outcome": "passed"
      }
    },
    {
      "nodeid": "tests/test_undo_share.py::TestUndoShareCommand::test_undo_not_shared",
      "lineno": 181,
      "outcome": "passed",
      "keywords": [
        "test_undo_not_shared",
        "__wrapped__",
        "patchings",
        "TestUndoShareCommand",
        "test_undo_share.py",
        "tests",
        "evanp@ap__90969daf__tabulate__rich",
        ""
      ],
      "setup": {
        "outcome": "passed"
      },
      "call": {
        "outcome": "passed"
      },
      "teardown": {
        "outcome": "passed"
      }
    },
    {
      "nodeid": "tests/test_undo_share.py::TestUndoShareCommand::test_undo_share_local",
      "lineno": 157,
      "outcome": "passed",
      "keywords": [
        "test_undo_share_local",
        "__wrapped__",
        "patchings",
        "TestUndoShareCommand",
        "test_undo_share.py",
        "tests",
        "evanp@ap__90969daf__tabulate__rich",
        ""
      ],
      "setup": {
        "outcome": "passed"
      },
      "call": {
        "outcome": "passed"
      },
      "teardown": {
        "outcome": "passed"
      }
    },
    {
      "nodeid": "tests/test_undo_share.py::TestUndoShareCommand::test_undo_share_remote",
      "lineno": 169,
      "outcome": "passed",
      "keywords": [
        "test_undo_share_remote",
        "__wrapped__",
        "patchings",
        "TestUndoShareCommand",
        "test_undo_share.py",
        "tests",
        "evanp@ap__90969daf__tabulate__rich",
        ""
      ],
      "setup": {
        "outcome": "passed"
      },
      "call": {
        "outcome": "passed"
      },
      "teardown": {
        "outcome": "passed"
      }
    },
    {
      "nodeid": "tests/test_update_note.py::TestUpdateNoteCommand::test_update_note",
      "lineno": 87,
      "outcome": "passed",
      "keywords": [
        "test_update_note",
        "__wrapped__",
        "patchings",
        "TestUpdateNoteCommand",
        "test_update_note.py",
        "tests",
        "evanp@ap__90969daf__tabulate__rich",
        ""
      ],
      "setup": {
        "outcome": "passed"
      },
      "call": {
        "outcome": "passed"
      },
      "teardown": {
        "outcome": "passed"
      }
    },
    {
      "nodeid": "tests/test_version.py::TestVersionCommand::test_version",
      "lineno": 21,
      "outcome": "passed",
      "keywords": [
        "test_version",
        "__wrapped__",
        "patchings",
        "TestVersionCommand",
        "test_version.py",
        "tests",
        "evanp@ap__90969daf__tabulate__rich",
        ""
      ],
      "setup": {
        "outcome": "passed"
      },
      "call": {
        "outcome": "passed"
      },
      "teardown": {
        "outcome": "passed"
      }
    },
    {
      "nodeid": "tests/test_whoami.py::TestWhoamiCommand::test_whoami",
      "lineno": 34,
      "outcome": "passed",
      "keywords": [
        "test_whoami",
        "__wrapped__",
        "patchings",
        "TestWhoamiCommand",
        "test_whoami.py",
        "tests",
        "evanp@ap__90969daf__tabulate__rich",
        ""
      ],
      "setup": {
        "outcome": "passed"
      },
      "call": {
        "outcome": "passed"
      },
      "teardown": {
        "outcome": "passed"
      }
    }
  ]
}