{
  "exitcode": 1,
  "summary": {
    "failed": 8,
    "passed": 19,
    "total": 27,
    "collected": 27
  },
  "collectors": [
    {
      "nodeid": "",
      "outcome": "passed",
      "result": [
        {
          "nodeid": "tests",
          "type": "Package"
        },
        {
          "nodeid": "integration",
          "type": "Package"
        }
      ]
    },
    {
      "nodeid": "tests/assets",
      "outcome": "passed",
      "result": []
    },
    {
      "nodeid": "tests/test_add.py",
      "outcome": "passed",
      "result": [
        {
          "nodeid": "tests/test_add.py::test_add_movement",
          "type": "Function",
          "lineno": 27
        },
        {
          "nodeid": "tests/test_add.py::test_add_balance_for_dept",
          "type": "Function",
          "lineno": 59
        },
        {
          "nodeid": "tests/test_add.py::test_add_balance_for_person",
          "type": "Function",
          "lineno": 71
        }
      ]
    },
    {
      "nodeid": "tests/test_database.py",
      "outcome": "passed",
      "result": [
        {
          "nodeid": "tests/test_database.py::test_ensure_database_is_test",
          "type": "Function",
          "lineno": 8
        },
        {
          "nodeid": "tests/test_database.py::test_commit_to_database",
          "type": "Function",
          "lineno": 14
        },
        {
          "nodeid": "tests/test_database.py::test_add_person_for_the_first_time",
          "type": "Function",
          "lineno": 34
        },
        {
          "nodeid": "tests/test_database.py::test_negative_add_person_invalid_email",
          "type": "Function",
          "lineno": 54
        },
        {
          "nodeid": "tests/test_database.py::test_add_or_remove_points_for_person",
          "type": "Function",
          "lineno": 60
        }
      ]
    },
    {
      "nodeid": "tests/test_load.py",
      "outcome": "passed",
      "result": [
        {
          "nodeid": "tests/test_load.py::test_load_positive_has_2_people",
          "type": "Function",
          "lineno": 7
        },
        {
          "nodeid": "tests/test_load.py::test_load_positive_first_name_starts_with_j",
          "type": "Function",
          "lineno": 14
        },
        {
          "nodeid": "tests/test_load.py::test_negative_filenotfound",
          "type": "Function",
          "lineno": 21
        }
      ]
    },
    {
      "nodeid": "tests/test_read.py",
      "outcome": "passed",
      "result": [
        {
          "nodeid": "tests/test_read.py::test_read_with_query",
          "type": "Function",
          "lineno": 10
        },
        {
          "nodeid": "tests/test_read.py::test_read_all_data",
          "type": "Function",
          "lineno": 46
        },
        {
          "nodeid": "tests/test_read.py::test_read_only_one_dept",
          "type": "Function",
          "lineno": 53
        },
        {
          "nodeid": "tests/test_read.py::test_read_only_one_person",
          "type": "Function",
          "lineno": 60
        }
      ]
    },
    {
      "nodeid": "tests/test_utils.py",
      "outcome": "passed",
      "result": [
        {
          "nodeid": "tests/test_utils.py::test_positive_check_valid_email[bruno@rocha.com]",
          "type": "Function",
          "lineno": 10
        },
        {
          "nodeid": "tests/test_utils.py::test_positive_check_valid_email[joe@doe.com]",
          "type": "Function",
          "lineno": 10
        },
        {
          "nodeid": "tests/test_utils.py::test_positive_check_valid_email[a@b.pt]",
          "type": "Function",
          "lineno": 10
        },
        {
          "nodeid": "tests/test_utils.py::test_negative_check_valid_email[bruno@.com]",
          "type": "Function",
          "lineno": 19
        },
        {
          "nodeid": "tests/test_utils.py::test_negative_check_valid_email[@doe.com]",
          "type": "Function",
          "lineno": 19
        },
        {
          "nodeid": "tests/test_utils.py::test_negative_check_valid_email[a@b]",
          "type": "Function",
          "lineno": 19
        },
        {
          "nodeid": "tests/test_utils.py::test_generate_simple_password",
          "type": "Function",
          "lineno": 26
        },
        {
          "nodeid": "tests/test_utils.py::test_password_hash",
          "type": "Function",
          "lineno": 38
        }
      ]
    },
    {
      "nodeid": "tests",
      "outcome": "passed",
      "result": [
        {
          "nodeid": "tests/assets",
          "type": "Dir"
        },
        {
          "nodeid": "tests/test_add.py",
          "type": "Module"
        },
        {
          "nodeid": "tests/test_database.py",
          "type": "Module"
        },
        {
          "nodeid": "tests/test_load.py",
          "type": "Module"
        },
        {
          "nodeid": "tests/test_read.py",
          "type": "Module"
        },
        {
          "nodeid": "tests/test_utils.py",
          "type": "Module"
        }
      ]
    },
    {
      "nodeid": "integration/test_load.py",
      "outcome": "passed",
      "result": [
        {
          "nodeid": "integration/test_load.py::test_load_positive_call_load_command",
          "type": "Function",
          "lineno": 10
        },
        {
          "nodeid": "integration/test_load.py::test_load_negative_call_load_command_with_wrong_params[loady]",
          "type": "Function",
          "lineno": 18
        },
        {
          "nodeid": "integration/test_load.py::test_load_negative_call_load_command_with_wrong_params[carrega]",
          "type": "Function",
          "lineno": 18
        },
        {
          "nodeid": "integration/test_load.py::test_load_negative_call_load_command_with_wrong_params[start]",
          "type": "Function",
          "lineno": 18
        }
      ]
    },
    {
      "nodeid": "integration",
      "outcome": "passed",
      "result": [
        {
          "nodeid": "integration/test_load.py",
          "type": "Module"
        }
      ]
    }
  ],
  "tests": [
    {
      "nodeid": "tests/test_add.py::test_add_movement",
      "lineno": 27,
      "outcome": "failed",
      "keywords": [
        "test_add_movement",
        "unit",
        "pytestmark",
        "test_add.py",
        "tests",
        "rochacbruno@dundie-rewards__e35d6be5__httpx__aiohttp",
        ""
      ],
      "setup": {
        "outcome": "passed"
      },
      "call": {
        "outcome": "failed",
        "crash": {
          "path": "D:\\repos\\rochacbruno@dundie-rewards__e35d6be5__httpx__aiohttp\\dundie\\core.py",
          "lineno": 74,
          "message": "TypeError: 'coroutine' object is not subscriptable"
        },
        "traceback": [
          {
            "path": "D:\\repos\\rochacbruno@dundie-rewards__e35d6be5__httpx__aiohttp\\tests\\test_add.py",
            "lineno": 51,
            "message": ""
          },
          {
            "path": "D:\\repos\\rochacbruno@dundie-rewards__e35d6be5__httpx__aiohttp\\dundie\\utils\\auth.py",
            "lineno": 43,
            "message": "in decorator"
          },
          {
            "path": "D:\\repos\\rochacbruno@dundie-rewards__e35d6be5__httpx__aiohttp\\dundie\\core.py",
            "lineno": 93,
            "message": "in add"
          },
          {
            "path": "D:\\repos\\rochacbruno@dundie-rewards__e35d6be5__httpx__aiohttp\\dundie\\core.py",
            "lineno": 74,
            "message": "TypeError"
          }
        ],
        "longrepr": "@pytest.mark.unit\n    def test_add_movement():\n        with get_session() as session:\n            data = {\n                \"role\": \"Salesman\",\n                \"dept\": \"Sales\",\n                \"name\": \"Joe Doe\",\n                \"email\": \"joe@doe.com\",\n            }\n            joe, created = add_person(session, Person(**data))\n            assert created is True\n    \n            data = {\n                \"role\": \"Manager\",\n                \"dept\": \"Management\",\n                \"name\": \"Jim Doe\",\n                \"email\": \"jim@doe.com\",\n            }\n            jim, created = add_person(session, Person(**data))\n            assert created is True\n    \n            session.commit()\n    \n>           add(-30, email=\"joe@doe.com\")\n\nD:\\repos\\rochacbruno@dundie-rewards__e35d6be5__httpx__aiohttp\\tests\\test_add.py:51: \n_ _ _ _ _ _ _ _ _ _ _ _ _ _ _ _ _ _ _ _ _ _ _ _ _ _ _ _ _ _ _ _ _ _ _ _ _ _ _ _\nD:\\repos\\rochacbruno@dundie-rewards__e35d6be5__httpx__aiohttp\\dundie\\utils\\auth.py:43: in decorator\n    return f(*args, from_person=person, **kwargs)\nD:\\repos\\rochacbruno@dundie-rewards__e35d6be5__httpx__aiohttp\\dundie\\core.py:93: in add\n    people = read(**query)\n_ _ _ _ _ _ _ _ _ _ _ _ _ _ _ _ _ _ _ _ _ _ _ _ _ _ _ _ _ _ _ _ _ _ _ _ _ _ _ _\n\nquery = {'email': 'joe@doe.com'}, return_data = []\nquery_statements = [<sqlalchemy.sql.elements.BinaryExpression object at 0x00000225315F4230>]\nsql = <sqlmodel.sql.expression.SelectOfScalar object at 0x000002252DC9F0B0>\nsession = <sqlmodel.orm.session.Session object at 0x00000225315F7C20>\ncurrencies = <sqlalchemy.engine.result.ScalarResult object at 0x000002253168ED80>\n\n    def read(**query: Query) -> ResultDict:\n        \"\"\"Read data from db and filters using query\n    \n        read(email=\"joe@doe.com\")\n        \"\"\"\n        query = {k: v for k, v in query.items() if v is not None}\n        return_data = []\n    \n        query_statements = []\n        if \"dept\" in query:\n            query_statements.append(Person.dept == query[\"dept\"])\n        if \"email\" in query:\n            query_statements.append(Person.email == query[\"email\"])\n        sql = select(Person)  # SELECT FROM PERSON\n        if query_statements:\n            sql = sql.where(*query_statements)  # WHERE ...\n    \n        with get_session() as session:\n            currencies = session.exec(\n                select(Person.currency).distinct(Person.currency)\n            )\n            rates = get_rates(currencies)\n            results = session.exec(sql)\n            for person in results:\n>               total = rates[person.currency].value * person.balance[0].value\nE               TypeError: 'coroutine' object is not subscriptable\n\nD:\\repos\\rochacbruno@dundie-rewards__e35d6be5__httpx__aiohttp\\dundie\\core.py:74: TypeError"
      },
      "teardown": {
        "outcome": "passed"
      }
    },
    {
      "nodeid": "tests/test_add.py::test_add_balance_for_dept",
      "lineno": 59,
      "outcome": "failed",
      "keywords": [
        "test_add_balance_for_dept",
        "unit",
        "pytestmark",
        "test_add.py",
        "tests",
        "rochacbruno@dundie-rewards__e35d6be5__httpx__aiohttp",
        ""
      ],
      "setup": {
        "outcome": "passed"
      },
      "call": {
        "outcome": "failed",
        "crash": {
          "path": "D:\\repos\\rochacbruno@dundie-rewards__e35d6be5__httpx__aiohttp\\dundie\\core.py",
          "lineno": 74,
          "message": "TypeError: 'coroutine' object is not subscriptable"
        },
        "traceback": [
          {
            "path": "D:\\repos\\rochacbruno@dundie-rewards__e35d6be5__httpx__aiohttp\\tests\\test_add.py",
            "lineno": 63,
            "message": ""
          },
          {
            "path": "D:\\repos\\rochacbruno@dundie-rewards__e35d6be5__httpx__aiohttp\\dundie\\core.py",
            "lineno": 74,
            "message": "TypeError"
          }
        ],
        "longrepr": "@pytest.mark.unit\n    def test_add_balance_for_dept():\n        load(PEOPLE_FILE)\n>       original = read(dept=\"Sales\")\n\nD:\\repos\\rochacbruno@dundie-rewards__e35d6be5__httpx__aiohttp\\tests\\test_add.py:63: \n_ _ _ _ _ _ _ _ _ _ _ _ _ _ _ _ _ _ _ _ _ _ _ _ _ _ _ _ _ _ _ _ _ _ _ _ _ _ _ _\n\nquery = {'dept': 'Sales'}, return_data = []\nquery_statements = [<sqlalchemy.sql.elements.BinaryExpression object at 0x00000225316C09E0>]\nsql = <sqlmodel.sql.expression.SelectOfScalar object at 0x00000225316C0770>\nsession = <sqlmodel.orm.session.Session object at 0x00000225316C0B30>\ncurrencies = <sqlalchemy.engine.result.ScalarResult object at 0x00000225316E0F80>\n\n    def read(**query: Query) -> ResultDict:\n        \"\"\"Read data from db and filters using query\n    \n        read(email=\"joe@doe.com\")\n        \"\"\"\n        query = {k: v for k, v in query.items() if v is not None}\n        return_data = []\n    \n        query_statements = []\n        if \"dept\" in query:\n            query_statements.append(Person.dept == query[\"dept\"])\n        if \"email\" in query:\n            query_statements.append(Person.email == query[\"email\"])\n        sql = select(Person)  # SELECT FROM PERSON\n        if query_statements:\n            sql = sql.where(*query_statements)  # WHERE ...\n    \n        with get_session() as session:\n            currencies = session.exec(\n                select(Person.currency).distinct(Person.currency)\n            )\n            rates = get_rates(currencies)\n            results = session.exec(sql)\n            for person in results:\n>               total = rates[person.currency].value * person.balance[0].value\nE               TypeError: 'coroutine' object is not subscriptable\n\nD:\\repos\\rochacbruno@dundie-rewards__e35d6be5__httpx__aiohttp\\dundie\\core.py:74: TypeError"
      },
      "teardown": {
        "outcome": "passed"
      }
    },
    {
      "nodeid": "tests/test_add.py::test_add_balance_for_person",
      "lineno": 71,
      "outcome": "failed",
      "keywords": [
        "test_add_balance_for_person",
        "unit",
        "pytestmark",
        "test_add.py",
        "tests",
        "rochacbruno@dundie-rewards__e35d6be5__httpx__aiohttp",
        ""
      ],
      "setup": {
        "outcome": "passed"
      },
      "call": {
        "outcome": "failed",
        "crash": {
          "path": "D:\\repos\\rochacbruno@dundie-rewards__e35d6be5__httpx__aiohttp\\dundie\\core.py",
          "lineno": 74,
          "message": "TypeError: 'coroutine' object is not subscriptable"
        },
        "traceback": [
          {
            "path": "D:\\repos\\rochacbruno@dundie-rewards__e35d6be5__httpx__aiohttp\\tests\\test_add.py",
            "lineno": 75,
            "message": ""
          },
          {
            "path": "D:\\repos\\rochacbruno@dundie-rewards__e35d6be5__httpx__aiohttp\\dundie\\core.py",
            "lineno": 74,
            "message": "TypeError"
          }
        ],
        "longrepr": "@pytest.mark.unit\n    def test_add_balance_for_person():\n        load(PEOPLE_FILE)\n>       original = read(email=\"jim@dundlermifflin.com\")\n\nD:\\repos\\rochacbruno@dundie-rewards__e35d6be5__httpx__aiohttp\\tests\\test_add.py:75: \n_ _ _ _ _ _ _ _ _ _ _ _ _ _ _ _ _ _ _ _ _ _ _ _ _ _ _ _ _ _ _ _ _ _ _ _ _ _ _ _\n\nquery = {'email': 'jim@dundlermifflin.com'}, return_data = []\nquery_statements = [<sqlalchemy.sql.elements.BinaryExpression object at 0x00000225316E23C0>]\nsql = <sqlmodel.sql.expression.SelectOfScalar object at 0x00000225316E1070>\nsession = <sqlmodel.orm.session.Session object at 0x00000225316E2240>\ncurrencies = <sqlalchemy.engine.result.ScalarResult object at 0x0000022531756030>\n\n    def read(**query: Query) -> ResultDict:\n        \"\"\"Read data from db and filters using query\n    \n        read(email=\"joe@doe.com\")\n        \"\"\"\n        query = {k: v for k, v in query.items() if v is not None}\n        return_data = []\n    \n        query_statements = []\n        if \"dept\" in query:\n            query_statements.append(Person.dept == query[\"dept\"])\n        if \"email\" in query:\n            query_statements.append(Person.email == query[\"email\"])\n        sql = select(Person)  # SELECT FROM PERSON\n        if query_statements:\n            sql = sql.where(*query_statements)  # WHERE ...\n    \n        with get_session() as session:\n            currencies = session.exec(\n                select(Person.currency).distinct(Person.currency)\n            )\n            rates = get_rates(currencies)\n            results = session.exec(sql)\n            for person in results:\n>               total = rates[person.currency].value * person.balance[0].value\nE               TypeError: 'coroutine' object is not subscriptable\n\nD:\\repos\\rochacbruno@dundie-rewards__e35d6be5__httpx__aiohttp\\dundie\\core.py:74: TypeError"
      },
      "teardown": {
        "outcome": "passed"
      }
    },
    {
      "nodeid": "tests/test_database.py::test_ensure_database_is_test",
      "lineno": 8,
      "outcome": "passed",
      "keywords": [
        "test_ensure_database_is_test",
        "unit",
        "pytestmark",
        "test_database.py",
        "tests",
        "rochacbruno@dundie-rewards__e35d6be5__httpx__aiohttp",
        ""
      ],
      "setup": {
        "outcome": "passed"
      },
      "call": {
        "outcome": "passed"
      },
      "teardown": {
        "outcome": "passed"
      }
    },
    {
      "nodeid": "tests/test_database.py::test_commit_to_database",
      "lineno": 14,
      "outcome": "passed",
      "keywords": [
        "test_commit_to_database",
        "unit",
        "pytestmark",
        "test_database.py",
        "tests",
        "rochacbruno@dundie-rewards__e35d6be5__httpx__aiohttp",
        ""
      ],
      "setup": {
        "outcome": "passed"
      },
      "call": {
        "outcome": "passed"
      },
      "teardown": {
        "outcome": "passed"
      }
    },
    {
      "nodeid": "tests/test_database.py::test_add_person_for_the_first_time",
      "lineno": 34,
      "outcome": "passed",
      "keywords": [
        "test_add_person_for_the_first_time",
        "unit",
        "pytestmark",
        "test_database.py",
        "tests",
        "rochacbruno@dundie-rewards__e35d6be5__httpx__aiohttp",
        ""
      ],
      "setup": {
        "outcome": "passed"
      },
      "call": {
        "outcome": "passed"
      },
      "teardown": {
        "outcome": "passed"
      }
    },
    {
      "nodeid": "tests/test_database.py::test_negative_add_person_invalid_email",
      "lineno": 54,
      "outcome": "passed",
      "keywords": [
        "test_negative_add_person_invalid_email",
        "unit",
        "pytestmark",
        "test_database.py",
        "tests",
        "rochacbruno@dundie-rewards__e35d6be5__httpx__aiohttp",
        ""
      ],
      "setup": {
        "outcome": "passed"
      },
      "call": {
        "outcome": "passed"
      },
      "teardown": {
        "outcome": "passed"
      }
    },
    {
      "nodeid": "tests/test_database.py::test_add_or_remove_points_for_person",
      "lineno": 60,
      "outcome": "passed",
      "keywords": [
        "test_add_or_remove_points_for_person",
        "unit",
        "pytestmark",
        "test_database.py",
        "tests",
        "rochacbruno@dundie-rewards__e35d6be5__httpx__aiohttp",
        ""
      ],
      "setup": {
        "outcome": "passed"
      },
      "call": {
        "outcome": "passed"
      },
      "teardown": {
        "outcome": "passed"
      }
    },
    {
      "nodeid": "tests/test_load.py::test_load_positive_has_2_people",
      "lineno": 7,
      "outcome": "passed",
      "keywords": [
        "test_load_positive_has_2_people",
        "high",
        "unit",
        "pytestmark",
        "test_load.py",
        "tests",
        "rochacbruno@dundie-rewards__e35d6be5__httpx__aiohttp",
        ""
      ],
      "setup": {
        "outcome": "passed"
      },
      "call": {
        "outcome": "passed"
      },
      "teardown": {
        "outcome": "passed"
      }
    },
    {
      "nodeid": "tests/test_load.py::test_load_positive_first_name_starts_with_j",
      "lineno": 14,
      "outcome": "passed",
      "keywords": [
        "test_load_positive_first_name_starts_with_j",
        "high",
        "unit",
        "pytestmark",
        "test_load.py",
        "tests",
        "rochacbruno@dundie-rewards__e35d6be5__httpx__aiohttp",
        ""
      ],
      "setup": {
        "outcome": "passed"
      },
      "call": {
        "outcome": "passed"
      },
      "teardown": {
        "outcome": "passed"
      }
    },
    {
      "nodeid": "tests/test_load.py::test_negative_filenotfound",
      "lineno": 21,
      "outcome": "passed",
      "keywords": [
        "test_negative_filenotfound",
        "high",
        "unit",
        "pytestmark",
        "test_load.py",
        "tests",
        "rochacbruno@dundie-rewards__e35d6be5__httpx__aiohttp",
        ""
      ],
      "setup": {
        "outcome": "passed"
      },
      "call": {
        "outcome": "passed"
      },
      "teardown": {
        "outcome": "passed"
      }
    },
    {
      "nodeid": "tests/test_read.py::test_read_with_query",
      "lineno": 10,
      "outcome": "failed",
      "keywords": [
        "test_read_with_query",
        "unit",
        "pytestmark",
        "test_read.py",
        "tests",
        "rochacbruno@dundie-rewards__e35d6be5__httpx__aiohttp",
        ""
      ],
      "setup": {
        "outcome": "passed"
      },
      "call": {
        "outcome": "failed",
        "crash": {
          "path": "D:\\repos\\rochacbruno@dundie-rewards__e35d6be5__httpx__aiohttp\\dundie\\core.py",
          "lineno": 74,
          "message": "TypeError: 'coroutine' object is not subscriptable"
        },
        "traceback": [
          {
            "path": "D:\\repos\\rochacbruno@dundie-rewards__e35d6be5__httpx__aiohttp\\tests\\test_read.py",
            "lineno": 35,
            "message": ""
          },
          {
            "path": "D:\\repos\\rochacbruno@dundie-rewards__e35d6be5__httpx__aiohttp\\dundie\\core.py",
            "lineno": 74,
            "message": "TypeError"
          }
        ],
        "longrepr": "@pytest.mark.unit\n    def test_read_with_query():\n        session = get_session()\n    \n        data = {\n            \"role\": \"Salesman\",\n            \"dept\": \"Sales\",\n            \"name\": \"Joe Doe\",\n            \"email\": \"joe@doe.com\",\n        }\n        _, created = add_person(session, Person(**data))\n        assert created is True\n    \n        data = {\n            \"role\": \"Manager\",\n            \"dept\": \"Management\",\n            \"name\": \"Jim Doe\",\n            \"email\": \"jim@doe.com\",\n        }\n        _, created = add_person(session, Person(**data))\n        assert created is True\n    \n        session.commit()\n    \n>       response = read()\n\nD:\\repos\\rochacbruno@dundie-rewards__e35d6be5__httpx__aiohttp\\tests\\test_read.py:35: \n_ _ _ _ _ _ _ _ _ _ _ _ _ _ _ _ _ _ _ _ _ _ _ _ _ _ _ _ _ _ _ _ _ _ _ _ _ _ _ _\n\nquery = {}, return_data = [], query_statements = []\nsql = <sqlmodel.sql.expression.SelectOfScalar object at 0x00000225317C38F0>\nsession = <sqlmodel.orm.session.Session object at 0x00000225317C2CF0>\ncurrencies = <sqlalchemy.engine.result.ScalarResult object at 0x0000022531809730>\n\n    def read(**query: Query) -> ResultDict:\n        \"\"\"Read data from db and filters using query\n    \n        read(email=\"joe@doe.com\")\n        \"\"\"\n        query = {k: v for k, v in query.items() if v is not None}\n        return_data = []\n    \n        query_statements = []\n        if \"dept\" in query:\n            query_statements.append(Person.dept == query[\"dept\"])\n        if \"email\" in query:\n            query_statements.append(Person.email == query[\"email\"])\n        sql = select(Person)  # SELECT FROM PERSON\n        if query_statements:\n            sql = sql.where(*query_statements)  # WHERE ...\n    \n        with get_session() as session:\n            currencies = session.exec(\n                select(Person.currency).distinct(Person.currency)\n            )\n            rates = get_rates(currencies)\n            results = session.exec(sql)\n            for person in results:\n>               total = rates[person.currency].value * person.balance[0].value\nE               TypeError: 'coroutine' object is not subscriptable\n\nD:\\repos\\rochacbruno@dundie-rewards__e35d6be5__httpx__aiohttp\\dundie\\core.py:74: TypeError"
      },
      "teardown": {
        "outcome": "passed"
      }
    },
    {
      "nodeid": "tests/test_read.py::test_read_all_data",
      "lineno": 46,
      "outcome": "failed",
      "keywords": [
        "test_read_all_data",
        "unit",
        "pytestmark",
        "test_read.py",
        "tests",
        "rochacbruno@dundie-rewards__e35d6be5__httpx__aiohttp",
        ""
      ],
      "setup": {
        "outcome": "passed"
      },
      "call": {
        "outcome": "failed",
        "crash": {
          "path": "D:\\repos\\rochacbruno@dundie-rewards__e35d6be5__httpx__aiohttp\\dundie\\core.py",
          "lineno": 74,
          "message": "TypeError: 'coroutine' object is not subscriptable"
        },
        "traceback": [
          {
            "path": "D:\\repos\\rochacbruno@dundie-rewards__e35d6be5__httpx__aiohttp\\tests\\test_read.py",
            "lineno": 50,
            "message": ""
          },
          {
            "path": "D:\\repos\\rochacbruno@dundie-rewards__e35d6be5__httpx__aiohttp\\dundie\\core.py",
            "lineno": 74,
            "message": "TypeError"
          }
        ],
        "longrepr": "@pytest.mark.unit\n    def test_read_all_data():\n        load(PEOPLE_FILE)\n>       result = read()\n\nD:\\repos\\rochacbruno@dundie-rewards__e35d6be5__httpx__aiohttp\\tests\\test_read.py:50: \n_ _ _ _ _ _ _ _ _ _ _ _ _ _ _ _ _ _ _ _ _ _ _ _ _ _ _ _ _ _ _ _ _ _ _ _ _ _ _ _\n\nquery = {}, return_data = [], query_statements = []\nsql = <sqlmodel.sql.expression.SelectOfScalar object at 0x00000225317D8E60>\nsession = <sqlmodel.orm.session.Session object at 0x00000225317D88C0>\ncurrencies = <sqlalchemy.engine.result.ScalarResult object at 0x000002253165ACC0>\n\n    def read(**query: Query) -> ResultDict:\n        \"\"\"Read data from db and filters using query\n    \n        read(email=\"joe@doe.com\")\n        \"\"\"\n        query = {k: v for k, v in query.items() if v is not None}\n        return_data = []\n    \n        query_statements = []\n        if \"dept\" in query:\n            query_statements.append(Person.dept == query[\"dept\"])\n        if \"email\" in query:\n            query_statements.append(Person.email == query[\"email\"])\n        sql = select(Person)  # SELECT FROM PERSON\n        if query_statements:\n            sql = sql.where(*query_statements)  # WHERE ...\n    \n        with get_session() as session:\n            currencies = session.exec(\n                select(Person.currency).distinct(Person.currency)\n            )\n            rates = get_rates(currencies)\n            results = session.exec(sql)\n            for person in results:\n>               total = rates[person.currency].value * person.balance[0].value\nE               TypeError: 'coroutine' object is not subscriptable\n\nD:\\repos\\rochacbruno@dundie-rewards__e35d6be5__httpx__aiohttp\\dundie\\core.py:74: TypeError"
      },
      "teardown": {
        "outcome": "passed"
      }
    },
    {
      "nodeid": "tests/test_read.py::test_read_only_one_dept",
      "lineno": 53,
      "outcome": "failed",
      "keywords": [
        "test_read_only_one_dept",
        "unit",
        "pytestmark",
        "test_read.py",
        "tests",
        "rochacbruno@dundie-rewards__e35d6be5__httpx__aiohttp",
        ""
      ],
      "setup": {
        "outcome": "passed"
      },
      "call": {
        "outcome": "failed",
        "crash": {
          "path": "D:\\repos\\rochacbruno@dundie-rewards__e35d6be5__httpx__aiohttp\\dundie\\core.py",
          "lineno": 74,
          "message": "TypeError: 'coroutine' object is not subscriptable"
        },
        "traceback": [
          {
            "path": "D:\\repos\\rochacbruno@dundie-rewards__e35d6be5__httpx__aiohttp\\tests\\test_read.py",
            "lineno": 57,
            "message": ""
          },
          {
            "path": "D:\\repos\\rochacbruno@dundie-rewards__e35d6be5__httpx__aiohttp\\dundie\\core.py",
            "lineno": 74,
            "message": "TypeError"
          }
        ],
        "longrepr": "@pytest.mark.unit\n    def test_read_only_one_dept():\n        load(PEOPLE_FILE)\n>       result = read(dept=\"Sales\")\n\nD:\\repos\\rochacbruno@dundie-rewards__e35d6be5__httpx__aiohttp\\tests\\test_read.py:57: \n_ _ _ _ _ _ _ _ _ _ _ _ _ _ _ _ _ _ _ _ _ _ _ _ _ _ _ _ _ _ _ _ _ _ _ _ _ _ _ _\n\nquery = {'dept': 'Sales'}, return_data = []\nquery_statements = [<sqlalchemy.sql.elements.BinaryExpression object at 0x000002253180BFE0>]\nsql = <sqlmodel.sql.expression.SelectOfScalar object at 0x000002253180A9F0>\nsession = <sqlmodel.orm.session.Session object at 0x000002253180BFB0>\ncurrencies = <sqlalchemy.engine.result.ScalarResult object at 0x000002253184F050>\n\n    def read(**query: Query) -> ResultDict:\n        \"\"\"Read data from db and filters using query\n    \n        read(email=\"joe@doe.com\")\n        \"\"\"\n        query = {k: v for k, v in query.items() if v is not None}\n        return_data = []\n    \n        query_statements = []\n        if \"dept\" in query:\n            query_statements.append(Person.dept == query[\"dept\"])\n        if \"email\" in query:\n            query_statements.append(Person.email == query[\"email\"])\n        sql = select(Person)  # SELECT FROM PERSON\n        if query_statements:\n            sql = sql.where(*query_statements)  # WHERE ...\n    \n        with get_session() as session:\n            currencies = session.exec(\n                select(Person.currency).distinct(Person.currency)\n            )\n            rates = get_rates(currencies)\n            results = session.exec(sql)\n            for person in results:\n>               total = rates[person.currency].value * person.balance[0].value\nE               TypeError: 'coroutine' object is not subscriptable\n\nD:\\repos\\rochacbruno@dundie-rewards__e35d6be5__httpx__aiohttp\\dundie\\core.py:74: TypeError"
      },
      "teardown": {
        "outcome": "passed"
      }
    },
    {
      "nodeid": "tests/test_read.py::test_read_only_one_person",
      "lineno": 60,
      "outcome": "failed",
      "keywords": [
        "test_read_only_one_person",
        "unit",
        "pytestmark",
        "test_read.py",
        "tests",
        "rochacbruno@dundie-rewards__e35d6be5__httpx__aiohttp",
        ""
      ],
      "setup": {
        "outcome": "passed"
      },
      "call": {
        "outcome": "failed",
        "crash": {
          "path": "D:\\repos\\rochacbruno@dundie-rewards__e35d6be5__httpx__aiohttp\\dundie\\core.py",
          "lineno": 74,
          "message": "TypeError: 'coroutine' object is not subscriptable"
        },
        "traceback": [
          {
            "path": "D:\\repos\\rochacbruno@dundie-rewards__e35d6be5__httpx__aiohttp\\tests\\test_read.py",
            "lineno": 64,
            "message": ""
          },
          {
            "path": "D:\\repos\\rochacbruno@dundie-rewards__e35d6be5__httpx__aiohttp\\dundie\\core.py",
            "lineno": 74,
            "message": "TypeError"
          }
        ],
        "longrepr": "@pytest.mark.unit\n    def test_read_only_one_person():\n        load(PEOPLE_FILE)\n>       result = read(email=\"jim@dundlermifflin.com\")\n\nD:\\repos\\rochacbruno@dundie-rewards__e35d6be5__httpx__aiohttp\\tests\\test_read.py:64: \n_ _ _ _ _ _ _ _ _ _ _ _ _ _ _ _ _ _ _ _ _ _ _ _ _ _ _ _ _ _ _ _ _ _ _ _ _ _ _ _\n\nquery = {'email': 'jim@dundlermifflin.com'}, return_data = []\nquery_statements = [<sqlalchemy.sql.elements.BinaryExpression object at 0x0000022531852960>]\nsql = <sqlmodel.sql.expression.SelectOfScalar object at 0x0000022531851010>\nsession = <sqlmodel.orm.session.Session object at 0x0000022531853EF0>\ncurrencies = <sqlalchemy.engine.result.ScalarResult object at 0x0000022531851160>\n\n    def read(**query: Query) -> ResultDict:\n        \"\"\"Read data from db and filters using query\n    \n        read(email=\"joe@doe.com\")\n        \"\"\"\n        query = {k: v for k, v in query.items() if v is not None}\n        return_data = []\n    \n        query_statements = []\n        if \"dept\" in query:\n            query_statements.append(Person.dept == query[\"dept\"])\n        if \"email\" in query:\n            query_statements.append(Person.email == query[\"email\"])\n        sql = select(Person)  # SELECT FROM PERSON\n        if query_statements:\n            sql = sql.where(*query_statements)  # WHERE ...\n    \n        with get_session() as session:\n            currencies = session.exec(\n                select(Person.currency).distinct(Person.currency)\n            )\n            rates = get_rates(currencies)\n            results = session.exec(sql)\n            for person in results:\n>               total = rates[person.currency].value * person.balance[0].value\nE               TypeError: 'coroutine' object is not subscriptable\n\nD:\\repos\\rochacbruno@dundie-rewards__e35d6be5__httpx__aiohttp\\dundie\\core.py:74: TypeError"
      },
      "teardown": {
        "outcome": "passed"
      }
    },
    {
      "nodeid": "tests/test_utils.py::test_positive_check_valid_email[bruno@rocha.com]",
      "lineno": 10,
      "outcome": "passed",
      "keywords": [
        "test_positive_check_valid_email[bruno@rocha.com]",
        "parametrize",
        "unit",
        "pytestmark",
        "bruno@rocha.com",
        "test_utils.py",
        "tests",
        "rochacbruno@dundie-rewards__e35d6be5__httpx__aiohttp",
        ""
      ],
      "setup": {
        "outcome": "passed"
      },
      "call": {
        "outcome": "passed"
      },
      "teardown": {
        "outcome": "passed"
      }
    },
    {
      "nodeid": "tests/test_utils.py::test_positive_check_valid_email[joe@doe.com]",
      "lineno": 10,
      "outcome": "passed",
      "keywords": [
        "test_positive_check_valid_email[joe@doe.com]",
        "parametrize",
        "unit",
        "pytestmark",
        "joe@doe.com",
        "test_utils.py",
        "tests",
        "rochacbruno@dundie-rewards__e35d6be5__httpx__aiohttp",
        ""
      ],
      "setup": {
        "outcome": "passed"
      },
      "call": {
        "outcome": "passed"
      },
      "teardown": {
        "outcome": "passed"
      }
    },
    {
      "nodeid": "tests/test_utils.py::test_positive_check_valid_email[a@b.pt]",
      "lineno": 10,
      "outcome": "passed",
      "keywords": [
        "test_positive_check_valid_email[a@b.pt]",
        "parametrize",
        "unit",
        "pytestmark",
        "a@b.pt",
        "test_utils.py",
        "tests",
        "rochacbruno@dundie-rewards__e35d6be5__httpx__aiohttp",
        ""
      ],
      "setup": {
        "outcome": "passed"
      },
      "call": {
        "outcome": "passed"
      },
      "teardown": {
        "outcome": "passed"
      }
    },
    {
      "nodeid": "tests/test_utils.py::test_negative_check_valid_email[bruno@.com]",
      "lineno": 19,
      "outcome": "passed",
      "keywords": [
        "test_negative_check_valid_email[bruno@.com]",
        "parametrize",
        "unit",
        "pytestmark",
        "bruno@.com",
        "test_utils.py",
        "tests",
        "rochacbruno@dundie-rewards__e35d6be5__httpx__aiohttp",
        ""
      ],
      "setup": {
        "outcome": "passed"
      },
      "call": {
        "outcome": "passed"
      },
      "teardown": {
        "outcome": "passed"
      }
    },
    {
      "nodeid": "tests/test_utils.py::test_negative_check_valid_email[@doe.com]",
      "lineno": 19,
      "outcome": "passed",
      "keywords": [
        "test_negative_check_valid_email[@doe.com]",
        "parametrize",
        "unit",
        "pytestmark",
        "@doe.com",
        "test_utils.py",
        "tests",
        "rochacbruno@dundie-rewards__e35d6be5__httpx__aiohttp",
        ""
      ],
      "setup": {
        "outcome": "passed"
      },
      "call": {
        "outcome": "passed"
      },
      "teardown": {
        "outcome": "passed"
      }
    },
    {
      "nodeid": "tests/test_utils.py::test_negative_check_valid_email[a@b]",
      "lineno": 19,
      "outcome": "passed",
      "keywords": [
        "test_negative_check_valid_email[a@b]",
        "parametrize",
        "unit",
        "pytestmark",
        "a@b",
        "test_utils.py",
        "tests",
        "rochacbruno@dundie-rewards__e35d6be5__httpx__aiohttp",
        ""
      ],
      "setup": {
        "outcome": "passed"
      },
      "call": {
        "outcome": "passed"
      },
      "teardown": {
        "outcome": "passed"
      }
    },
    {
      "nodeid": "tests/test_utils.py::test_generate_simple_password",
      "lineno": 26,
      "outcome": "passed",
      "keywords": [
        "test_generate_simple_password",
        "unit",
        "pytestmark",
        "test_utils.py",
        "tests",
        "rochacbruno@dundie-rewards__e35d6be5__httpx__aiohttp",
        ""
      ],
      "setup": {
        "outcome": "passed"
      },
      "call": {
        "outcome": "passed"
      },
      "teardown": {
        "outcome": "passed"
      }
    },
    {
      "nodeid": "tests/test_utils.py::test_password_hash",
      "lineno": 38,
      "outcome": "passed",
      "keywords": [
        "test_password_hash",
        "unit",
        "pytestmark",
        "test_utils.py",
        "tests",
        "rochacbruno@dundie-rewards__e35d6be5__httpx__aiohttp",
        ""
      ],
      "setup": {
        "outcome": "passed"
      },
      "call": {
        "outcome": "passed"
      },
      "teardown": {
        "outcome": "passed"
      }
    },
    {
      "nodeid": "integration/test_load.py::test_load_positive_call_load_command",
      "lineno": 10,
      "outcome": "failed",
      "keywords": [
        "test_load_positive_call_load_command",
        "medium",
        "integration",
        "pytestmark",
        "test_load.py",
        "rochacbruno@dundie-rewards__e35d6be5__httpx__aiohttp",
        ""
      ],
      "setup": {
        "outcome": "passed"
      },
      "call": {
        "outcome": "failed",
        "crash": {
          "path": "D:\\repos\\rochacbruno@dundie-rewards__e35d6be5__httpx__aiohttp\\integration\\test_load.py",
          "lineno": 16,
          "message": "assert 'Dunder Mifflin Associates' in \"                                                                               \\n Usage: load [OPTIONS] FILEPATH                                                \\n                                                                               \\n Try 'load --help' for help                                                    \\n\u250c\u2500 Error \u2500\u2500\u2500\u2500\u2500\u2500\u2500\u2500\u2500\u2500\u2500\u2500\u2500\u2500\u2500\u2500\u2500\u2500\u2500\u2500\u2500\u2500\u2500\u2500\u2500\u2500\u2500\u2500\u2500\u2500\u2500\u2500\u2500\u2500\u2500\u2500\u2500\u2500\u2500\u2500\u2500\u2500\u2500\u2500\u2500\u2500\u2500\u2500\u2500\u2500\u2500\u2500\u2500\u2500\u2500\u2500\u2500\u2500\u2500\u2500\u2500\u2500\u2500\u2500\u2500\u2500\u2500\u2500\u2500\u2510\\n\u2502 Invalid value for 'FILEPATH': Path                                          \u2502\\n\u2502 'D:reposrochacbruno@dundie-rewards__e35d6be5__httpx__aiohttpintegration../t \u2502\\n\u2502 estsassets/people.csv' does not exist.                                      \u2502\\n\u2514\u2500\u2500\u2500\u2500\u2500\u2500\u2500\u2500\u2500\u2500\u2500\u2500\u2500\u2500\u2500\u2500\u2500\u2500\u2500\u2500\u2500\u2500\u2500\u2500\u2500\u2500\u2500\u2500\u2500\u2500\u2500\u2500\u2500\u2500\u2500\u2500\u2500\u2500\u2500\u2500\u2500\u2500\u2500\u2500\u2500\u2500\u2500\u2500\u2500\u2500\u2500\u2500\u2500\u2500\u2500\u2500\u2500\u2500\u2500\u2500\u2500\u2500\u2500\u2500\u2500\u2500\u2500\u2500\u2500\u2500\u2500\u2500\u2500\u2500\u2500\u2500\u2500\u2518\\n                                                                               \\n\"\n +  where \"                                                                               \\n Usage: load [OPTIONS] FILEPATH                                                \\n                                                                               \\n Try 'load --help' for help                                                    \\n\u250c\u2500 Error \u2500\u2500\u2500\u2500\u2500\u2500\u2500\u2500\u2500\u2500\u2500\u2500\u2500\u2500\u2500\u2500\u2500\u2500\u2500\u2500\u2500\u2500\u2500\u2500\u2500\u2500\u2500\u2500\u2500\u2500\u2500\u2500\u2500\u2500\u2500\u2500\u2500\u2500\u2500\u2500\u2500\u2500\u2500\u2500\u2500\u2500\u2500\u2500\u2500\u2500\u2500\u2500\u2500\u2500\u2500\u2500\u2500\u2500\u2500\u2500\u2500\u2500\u2500\u2500\u2500\u2500\u2500\u2500\u2500\u2510\\n\u2502 Invalid value for 'FILEPATH': Path                                          \u2502\\n\u2502 'D:reposrochacbruno@dundie-rewards__e35d6be5__httpx__aiohttpintegration../t \u2502\\n\u2502 estsassets/people.csv' does not exist.                                      \u2502\\n\u2514\u2500\u2500\u2500\u2500\u2500\u2500\u2500\u2500\u2500\u2500\u2500\u2500\u2500\u2500\u2500\u2500\u2500\u2500\u2500\u2500\u2500\u2500\u2500\u2500\u2500\u2500\u2500\u2500\u2500\u2500\u2500\u2500\u2500\u2500\u2500\u2500\u2500\u2500\u2500\u2500\u2500\u2500\u2500\u2500\u2500\u2500\u2500\u2500\u2500\u2500\u2500\u2500\u2500\u2500\u2500\u2500\u2500\u2500\u2500\u2500\u2500\u2500\u2500\u2500\u2500\u2500\u2500\u2500\u2500\u2500\u2500\u2500\u2500\u2500\u2500\u2500\u2500\u2518\\n                                                                               \\n\" = <Result SystemExit(2)>.output"
        },
        "traceback": [
          {
            "path": "D:\\repos\\rochacbruno@dundie-rewards__e35d6be5__httpx__aiohttp\\integration\\test_load.py",
            "lineno": 16,
            "message": "AssertionError"
          }
        ],
        "longrepr": "@pytest.mark.integration\n    @pytest.mark.medium\n    def test_load_positive_call_load_command():\n        \"\"\"test command load\"\"\"\n        out = cmd.invoke(load, PEOPLE_FILE)\n>       assert \"Dunder Mifflin Associates\" in out.output\nE       assert 'Dunder Mifflin Associates' in \"                                                                               \\n Usage: load [OPTIONS] FILEPATH                                                \\n                                                                               \\n Try 'load --help' for help                                                    \\n\u250c\u2500 Error \u2500\u2500\u2500\u2500\u2500\u2500\u2500\u2500\u2500\u2500\u2500\u2500\u2500\u2500\u2500\u2500\u2500\u2500\u2500\u2500\u2500\u2500\u2500\u2500\u2500\u2500\u2500\u2500\u2500\u2500\u2500\u2500\u2500\u2500\u2500\u2500\u2500\u2500\u2500\u2500\u2500\u2500\u2500\u2500\u2500\u2500\u2500\u2500\u2500\u2500\u2500\u2500\u2500\u2500\u2500\u2500\u2500\u2500\u2500\u2500\u2500\u2500\u2500\u2500\u2500\u2500\u2500\u2500\u2500\u2510\\n\u2502 Invalid value for 'FILEPATH': Path                                          \u2502\\n\u2502 'D:reposrochacbruno@dundie-rewards__e35d6be5__httpx__aiohttpintegration../t \u2502\\n\u2502 estsassets/people.csv' does not exist.                                      \u2502\\n\u2514\u2500\u2500\u2500\u2500\u2500\u2500\u2500\u2500\u2500\u2500\u2500\u2500\u2500\u2500\u2500\u2500\u2500\u2500\u2500\u2500\u2500\u2500\u2500\u2500\u2500\u2500\u2500\u2500\u2500\u2500\u2500\u2500\u2500\u2500\u2500\u2500\u2500\u2500\u2500\u2500\u2500\u2500\u2500\u2500\u2500\u2500\u2500\u2500\u2500\u2500\u2500\u2500\u2500\u2500\u2500\u2500\u2500\u2500\u2500\u2500\u2500\u2500\u2500\u2500\u2500\u2500\u2500\u2500\u2500\u2500\u2500\u2500\u2500\u2500\u2500\u2500\u2500\u2518\\n                                                                               \\n\"\nE        +  where \"                                                                               \\n Usage: load [OPTIONS] FILEPATH                                                \\n                                                                               \\n Try 'load --help' for help                                                    \\n\u250c\u2500 Error \u2500\u2500\u2500\u2500\u2500\u2500\u2500\u2500\u2500\u2500\u2500\u2500\u2500\u2500\u2500\u2500\u2500\u2500\u2500\u2500\u2500\u2500\u2500\u2500\u2500\u2500\u2500\u2500\u2500\u2500\u2500\u2500\u2500\u2500\u2500\u2500\u2500\u2500\u2500\u2500\u2500\u2500\u2500\u2500\u2500\u2500\u2500\u2500\u2500\u2500\u2500\u2500\u2500\u2500\u2500\u2500\u2500\u2500\u2500\u2500\u2500\u2500\u2500\u2500\u2500\u2500\u2500\u2500\u2500\u2510\\n\u2502 Invalid value for 'FILEPATH': Path                                          \u2502\\n\u2502 'D:reposrochacbruno@dundie-rewards__e35d6be5__httpx__aiohttpintegration../t \u2502\\n\u2502 estsassets/people.csv' does not exist.                                      \u2502\\n\u2514\u2500\u2500\u2500\u2500\u2500\u2500\u2500\u2500\u2500\u2500\u2500\u2500\u2500\u2500\u2500\u2500\u2500\u2500\u2500\u2500\u2500\u2500\u2500\u2500\u2500\u2500\u2500\u2500\u2500\u2500\u2500\u2500\u2500\u2500\u2500\u2500\u2500\u2500\u2500\u2500\u2500\u2500\u2500\u2500\u2500\u2500\u2500\u2500\u2500\u2500\u2500\u2500\u2500\u2500\u2500\u2500\u2500\u2500\u2500\u2500\u2500\u2500\u2500\u2500\u2500\u2500\u2500\u2500\u2500\u2500\u2500\u2500\u2500\u2500\u2500\u2500\u2500\u2518\\n                                                                               \\n\" = <Result SystemExit(2)>.output\n\nD:\\repos\\rochacbruno@dundie-rewards__e35d6be5__httpx__aiohttp\\integration\\test_load.py:16: AssertionError"
      },
      "teardown": {
        "outcome": "passed"
      }
    },
    {
      "nodeid": "integration/test_load.py::test_load_negative_call_load_command_with_wrong_params[loady]",
      "lineno": 18,
      "outcome": "passed",
      "keywords": [
        "test_load_negative_call_load_command_with_wrong_params[loady]",
        "parametrize",
        "medium",
        "integration",
        "pytestmark",
        "loady",
        "test_load.py",
        "rochacbruno@dundie-rewards__e35d6be5__httpx__aiohttp",
        ""
      ],
      "setup": {
        "outcome": "passed"
      },
      "call": {
        "outcome": "passed"
      },
      "teardown": {
        "outcome": "passed"
      }
    },
    {
      "nodeid": "integration/test_load.py::test_load_negative_call_load_command_with_wrong_params[carrega]",
      "lineno": 18,
      "outcome": "passed",
      "keywords": [
        "test_load_negative_call_load_command_with_wrong_params[carrega]",
        "parametrize",
        "medium",
        "integration",
        "pytestmark",
        "carrega",
        "test_load.py",
        "rochacbruno@dundie-rewards__e35d6be5__httpx__aiohttp",
        ""
      ],
      "setup": {
        "outcome": "passed"
      },
      "call": {
        "outcome": "passed"
      },
      "teardown": {
        "outcome": "passed"
      }
    },
    {
      "nodeid": "integration/test_load.py::test_load_negative_call_load_command_with_wrong_params[start]",
      "lineno": 18,
      "outcome": "passed",
      "keywords": [
        "test_load_negative_call_load_command_with_wrong_params[start]",
        "parametrize",
        "medium",
        "integration",
        "pytestmark",
        "start",
        "test_load.py",
        "rochacbruno@dundie-rewards__e35d6be5__httpx__aiohttp",
        ""
      ],
      "setup": {
        "outcome": "passed"
      },
      "call": {
        "outcome": "passed"
      },
      "teardown": {
        "outcome": "passed"
      }
    }
  ],
  "warnings": [
    {
      "message": "datetime.datetime.utcfromtimestamp() is deprecated and scheduled for removal in a future version. Use timezone-aware objects to represent datetimes in UTC: datetime.datetime.fromtimestamp(timestamp, datetime.UTC).",
      "category": "DeprecationWarning",
      "when": "config",
      "filename": "D:\\repos\\rochacbruno@dundie-rewards__e35d6be5__httpx__aiohttp\\.venv\\Lib\\site-packages\\sqlalchemy\\sql\\sqltypes.py",
      "lineno": 2078
    },
    {
      "message": "pkg_resources is deprecated as an API. See https://setuptools.pypa.io/en/latest/pkg_resources.html",
      "category": "DeprecationWarning",
      "when": "collect",
      "filename": "D:\\repos\\rochacbruno@dundie-rewards__e35d6be5__httpx__aiohttp\\dundie\\cli.py",
      "lineno": 3
    },
    {
      "message": "Dialect sqlite+pysqlite does *not* support Decimal objects natively, and SQLAlchemy must convert from floating point - rounding errors and other issues may occur. Please consider storing Decimal numbers as strings or integers on this platform for lossless storage.",
      "category": "SAWarning",
      "when": "runtest",
      "filename": "D:\\repos\\rochacbruno@dundie-rewards__e35d6be5__httpx__aiohttp\\.venv\\Lib\\site-packages\\sqlmodel\\orm\\session.py",
      "lineno": 60
    },
    {
      "message": "DISTINCT ON is currently supported only by the PostgreSQL dialect.  Use of DISTINCT ON for other backends is currently silently ignored, however this usage is deprecated, and will raise CompileError in a future release for all backends that do not support this syntax.",
      "category": "SADeprecationWarning",
      "when": "runtest",
      "filename": "D:\\repos\\rochacbruno@dundie-rewards__e35d6be5__httpx__aiohttp\\.venv\\Lib\\site-packages\\sqlmodel\\orm\\session.py",
      "lineno": 60
    },
    {
      "message": "Dialect sqlite+pysqlite does *not* support Decimal objects natively, and SQLAlchemy must convert from floating point - rounding errors and other issues may occur. Please consider storing Decimal numbers as strings or integers on this platform for lossless storage.",
      "category": "SAWarning",
      "when": "runtest",
      "filename": "D:\\repos\\rochacbruno@dundie-rewards__e35d6be5__httpx__aiohttp\\.venv\\Lib\\site-packages\\sqlmodel\\orm\\session.py",
      "lineno": 60
    },
    {
      "message": "DISTINCT ON is currently supported only by the PostgreSQL dialect.  Use of DISTINCT ON for other backends is currently silently ignored, however this usage is deprecated, and will raise CompileError in a future release for all backends that do not support this syntax.",
      "category": "SADeprecationWarning",
      "when": "runtest",
      "filename": "D:\\repos\\rochacbruno@dundie-rewards__e35d6be5__httpx__aiohttp\\.venv\\Lib\\site-packages\\sqlmodel\\orm\\session.py",
      "lineno": 60
    },
    {
      "message": "Dialect sqlite+pysqlite does *not* support Decimal objects natively, and SQLAlchemy must convert from floating point - rounding errors and other issues may occur. Please consider storing Decimal numbers as strings or integers on this platform for lossless storage.",
      "category": "SAWarning",
      "when": "runtest",
      "filename": "D:\\repos\\rochacbruno@dundie-rewards__e35d6be5__httpx__aiohttp\\.venv\\Lib\\site-packages\\sqlmodel\\orm\\session.py",
      "lineno": 60
    },
    {
      "message": "DISTINCT ON is currently supported only by the PostgreSQL dialect.  Use of DISTINCT ON for other backends is currently silently ignored, however this usage is deprecated, and will raise CompileError in a future release for all backends that do not support this syntax.",
      "category": "SADeprecationWarning",
      "when": "runtest",
      "filename": "D:\\repos\\rochacbruno@dundie-rewards__e35d6be5__httpx__aiohttp\\.venv\\Lib\\site-packages\\sqlmodel\\orm\\session.py",
      "lineno": 60
    },
    {
      "message": "coroutine 'get_rates' was never awaited",
      "category": "RuntimeWarning",
      "when": "runtest",
      "filename": "C:\\Users\\Mohay\\AppData\\Local\\Programs\\Python\\Python312\\Lib\\functools.py",
      "lineno": 519
    },
    {
      "message": "Dialect sqlite+pysqlite does *not* support Decimal objects natively, and SQLAlchemy must convert from floating point - rounding errors and other issues may occur. Please consider storing Decimal numbers as strings or integers on this platform for lossless storage.",
      "category": "SAWarning",
      "when": "runtest",
      "filename": "D:\\repos\\rochacbruno@dundie-rewards__e35d6be5__httpx__aiohttp\\.venv\\Lib\\site-packages\\sqlmodel\\orm\\session.py",
      "lineno": 60
    },
    {
      "message": "Dialect sqlite+pysqlite does *not* support Decimal objects natively, and SQLAlchemy must convert from floating point - rounding errors and other issues may occur. Please consider storing Decimal numbers as strings or integers on this platform for lossless storage.",
      "category": "SAWarning",
      "when": "runtest",
      "filename": "D:\\repos\\rochacbruno@dundie-rewards__e35d6be5__httpx__aiohttp\\.venv\\Lib\\site-packages\\sqlmodel\\orm\\session.py",
      "lineno": 60
    },
    {
      "message": "Dialect sqlite+pysqlite does *not* support Decimal objects natively, and SQLAlchemy must convert from floating point - rounding errors and other issues may occur. Please consider storing Decimal numbers as strings or integers on this platform for lossless storage.",
      "category": "SAWarning",
      "when": "runtest",
      "filename": "D:\\repos\\rochacbruno@dundie-rewards__e35d6be5__httpx__aiohttp\\.venv\\Lib\\site-packages\\sqlmodel\\orm\\session.py",
      "lineno": 60
    },
    {
      "message": "Dialect sqlite+pysqlite does *not* support Decimal objects natively, and SQLAlchemy must convert from floating point - rounding errors and other issues may occur. Please consider storing Decimal numbers as strings or integers on this platform for lossless storage.",
      "category": "SAWarning",
      "when": "runtest",
      "filename": "D:\\repos\\rochacbruno@dundie-rewards__e35d6be5__httpx__aiohttp\\.venv\\Lib\\site-packages\\sqlmodel\\orm\\session.py",
      "lineno": 60
    },
    {
      "message": "Dialect sqlite+pysqlite does *not* support Decimal objects natively, and SQLAlchemy must convert from floating point - rounding errors and other issues may occur. Please consider storing Decimal numbers as strings or integers on this platform for lossless storage.",
      "category": "SAWarning",
      "when": "runtest",
      "filename": "D:\\repos\\rochacbruno@dundie-rewards__e35d6be5__httpx__aiohttp\\.venv\\Lib\\site-packages\\sqlmodel\\orm\\session.py",
      "lineno": 60
    },
    {
      "message": "DISTINCT ON is currently supported only by the PostgreSQL dialect.  Use of DISTINCT ON for other backends is currently silently ignored, however this usage is deprecated, and will raise CompileError in a future release for all backends that do not support this syntax.",
      "category": "SADeprecationWarning",
      "when": "runtest",
      "filename": "D:\\repos\\rochacbruno@dundie-rewards__e35d6be5__httpx__aiohttp\\.venv\\Lib\\site-packages\\sqlmodel\\orm\\session.py",
      "lineno": 60
    },
    {
      "message": "Dialect sqlite+pysqlite does *not* support Decimal objects natively, and SQLAlchemy must convert from floating point - rounding errors and other issues may occur. Please consider storing Decimal numbers as strings or integers on this platform for lossless storage.",
      "category": "SAWarning",
      "when": "runtest",
      "filename": "D:\\repos\\rochacbruno@dundie-rewards__e35d6be5__httpx__aiohttp\\.venv\\Lib\\site-packages\\sqlmodel\\orm\\session.py",
      "lineno": 60
    },
    {
      "message": "DISTINCT ON is currently supported only by the PostgreSQL dialect.  Use of DISTINCT ON for other backends is currently silently ignored, however this usage is deprecated, and will raise CompileError in a future release for all backends that do not support this syntax.",
      "category": "SADeprecationWarning",
      "when": "runtest",
      "filename": "D:\\repos\\rochacbruno@dundie-rewards__e35d6be5__httpx__aiohttp\\.venv\\Lib\\site-packages\\sqlmodel\\orm\\session.py",
      "lineno": 60
    },
    {
      "message": "Dialect sqlite+pysqlite does *not* support Decimal objects natively, and SQLAlchemy must convert from floating point - rounding errors and other issues may occur. Please consider storing Decimal numbers as strings or integers on this platform for lossless storage.",
      "category": "SAWarning",
      "when": "runtest",
      "filename": "D:\\repos\\rochacbruno@dundie-rewards__e35d6be5__httpx__aiohttp\\.venv\\Lib\\site-packages\\sqlmodel\\orm\\session.py",
      "lineno": 60
    },
    {
      "message": "DISTINCT ON is currently supported only by the PostgreSQL dialect.  Use of DISTINCT ON for other backends is currently silently ignored, however this usage is deprecated, and will raise CompileError in a future release for all backends that do not support this syntax.",
      "category": "SADeprecationWarning",
      "when": "runtest",
      "filename": "D:\\repos\\rochacbruno@dundie-rewards__e35d6be5__httpx__aiohttp\\.venv\\Lib\\site-packages\\sqlmodel\\orm\\session.py",
      "lineno": 60
    },
    {
      "message": "Dialect sqlite+pysqlite does *not* support Decimal objects natively, and SQLAlchemy must convert from floating point - rounding errors and other issues may occur. Please consider storing Decimal numbers as strings or integers on this platform for lossless storage.",
      "category": "SAWarning",
      "when": "runtest",
      "filename": "D:\\repos\\rochacbruno@dundie-rewards__e35d6be5__httpx__aiohttp\\.venv\\Lib\\site-packages\\sqlmodel\\orm\\session.py",
      "lineno": 60
    },
    {
      "message": "DISTINCT ON is currently supported only by the PostgreSQL dialect.  Use of DISTINCT ON for other backends is currently silently ignored, however this usage is deprecated, and will raise CompileError in a future release for all backends that do not support this syntax.",
      "category": "SADeprecationWarning",
      "when": "runtest",
      "filename": "D:\\repos\\rochacbruno@dundie-rewards__e35d6be5__httpx__aiohttp\\.venv\\Lib\\site-packages\\sqlmodel\\orm\\session.py",
      "lineno": 60
    },
    {
      "message": "coroutine 'get_rates' was never awaited",
      "category": "RuntimeWarning",
      "when": "runtest",
      "filename": "D:\\repos\\rochacbruno@dundie-rewards__e35d6be5__httpx__aiohttp\\.venv\\Lib\\site-packages\\sqlalchemy\\util\\langhelpers.py",
      "lineno": 396
    },
    {
      "message": "coroutine 'get_rates' was never awaited",
      "category": "RuntimeWarning",
      "when": "runtest",
      "filename": "D:\\repos\\rochacbruno@dundie-rewards__e35d6be5__httpx__aiohttp\\.venv\\Lib\\site-packages\\markdown_it\\common\\utils.py",
      "lineno": 8
    }
  ]
}