{
  "exitcode": 1,
  "summary": {
    "passed": 1,
    "failed": 12,
    "total": 13,
    "collected": 13
  },
  "collectors": [
    {
      "nodeid": "",
      "outcome": "passed",
      "result": [
        {
          "nodeid": ".",
          "type": "Dir"
        }
      ]
    },
    {
      "nodeid": "examples",
      "outcome": "passed",
      "result": []
    },
    {
      "nodeid": "ldnlib",
      "outcome": "passed",
      "result": []
    },
    {
      "nodeid": "py_ldnlib.egg-info",
      "outcome": "passed",
      "result": []
    },
    {
      "nodeid": "tests/test_base.py::TestBase",
      "outcome": "passed",
      "result": [
        {
          "nodeid": "tests/test_base.py::TestBase::test_content_type",
          "type": "TestCaseFunction",
          "lineno": 42
        },
        {
          "nodeid": "tests/test_base.py::TestBase::test_discover_get",
          "type": "TestCaseFunction",
          "lineno": 19
        },
        {
          "nodeid": "tests/test_base.py::TestBase::test_discover_head",
          "type": "TestCaseFunction",
          "lineno": 8
        }
      ]
    },
    {
      "nodeid": "tests/test_base.py",
      "outcome": "passed",
      "result": [
        {
          "nodeid": "tests/test_base.py::TestBase",
          "type": "UnitTestCase"
        }
      ]
    },
    {
      "nodeid": "tests/test_consumer.py::TestConsumer",
      "outcome": "passed",
      "result": [
        {
          "nodeid": "tests/test_consumer.py::TestConsumer::test_notification_jsonld",
          "type": "TestCaseFunction",
          "lineno": 100
        },
        {
          "nodeid": "tests/test_consumer.py::TestConsumer::test_notification_turtle",
          "type": "TestCaseFunction",
          "lineno": 81
        },
        {
          "nodeid": "tests/test_consumer.py::TestConsumer::test_notifications_jsonld_compacted",
          "type": "TestCaseFunction",
          "lineno": 27
        },
        {
          "nodeid": "tests/test_consumer.py::TestConsumer::test_notifications_jsonld_expanded",
          "type": "TestCaseFunction",
          "lineno": 45
        },
        {
          "nodeid": "tests/test_consumer.py::TestConsumer::test_notifications_ntriples",
          "type": "TestCaseFunction",
          "lineno": 9
        },
        {
          "nodeid": "tests/test_consumer.py::TestConsumer::test_notifications_turtle",
          "type": "TestCaseFunction",
          "lineno": 63
        }
      ]
    },
    {
      "nodeid": "tests/test_consumer.py",
      "outcome": "passed",
      "result": [
        {
          "nodeid": "tests/test_consumer.py::TestConsumer",
          "type": "UnitTestCase"
        }
      ]
    },
    {
      "nodeid": "tests/test_sender.py::TestSender",
      "outcome": "passed",
      "result": [
        {
          "nodeid": "tests/test_sender.py::TestSender::test_send_dict",
          "type": "TestCaseFunction",
          "lineno": 24
        },
        {
          "nodeid": "tests/test_sender.py::TestSender::test_send_graph",
          "type": "TestCaseFunction",
          "lineno": 46
        },
        {
          "nodeid": "tests/test_sender.py::TestSender::test_send_list",
          "type": "TestCaseFunction",
          "lineno": 35
        },
        {
          "nodeid": "tests/test_sender.py::TestSender::test_send_string",
          "type": "TestCaseFunction",
          "lineno": 13
        }
      ]
    },
    {
      "nodeid": "tests/test_sender.py",
      "outcome": "passed",
      "result": [
        {
          "nodeid": "tests/test_sender.py::TestSender",
          "type": "UnitTestCase"
        }
      ]
    },
    {
      "nodeid": "tests",
      "outcome": "passed",
      "result": [
        {
          "nodeid": "tests/test_base.py",
          "type": "Module"
        },
        {
          "nodeid": "tests/test_consumer.py",
          "type": "Module"
        },
        {
          "nodeid": "tests/test_sender.py",
          "type": "Module"
        }
      ]
    },
    {
      "nodeid": ".",
      "outcome": "passed",
      "result": [
        {
          "nodeid": "examples",
          "type": "Dir"
        },
        {
          "nodeid": "ldnlib",
          "type": "Package"
        },
        {
          "nodeid": "py_ldnlib.egg-info",
          "type": "Dir"
        },
        {
          "nodeid": "tests",
          "type": "Dir"
        }
      ]
    }
  ],
  "tests": [
    {
      "nodeid": "tests/test_base.py::TestBase::test_content_type",
      "lineno": 42,
      "outcome": "passed",
      "keywords": [
        "test_content_type",
        "TestBase",
        "test_base.py",
        "tests",
        "trellis-ldp@py-ldnlib__83703c26__requests__treq",
        ""
      ],
      "setup": {
        "outcome": "passed"
      },
      "call": {
        "outcome": "passed"
      },
      "teardown": {
        "outcome": "passed"
      }
    },
    {
      "nodeid": "tests/test_base.py::TestBase::test_discover_get",
      "lineno": 19,
      "outcome": "failed",
      "keywords": [
        "test_discover_get",
        "__wrapped__",
        "patchings",
        "TestBase",
        "test_base.py",
        "tests",
        "trellis-ldp@py-ldnlib__83703c26__requests__treq",
        ""
      ],
      "setup": {
        "outcome": "passed"
      },
      "call": {
        "outcome": "failed",
        "crash": {
          "path": "C:\\Users\\Mohay\\AppData\\Local\\Programs\\Python\\Python312\\Lib\\unittest\\case.py",
          "lineno": 878,
          "message": "AssertionError: <coroutine object BaseLDN.discover at 0x000002A656522050> != 'http://example.org/inbox'"
        },
        "traceback": [
          {
            "path": "tests\\test_base.py",
            "lineno": 41,
            "message": "AssertionError"
          }
        ],
        "longrepr": "self = <test_base.TestBase testMethod=test_discover_get>\nmock_head = <MagicMock name='head' id='2913409812336'>\nmock_get = <MagicMock name='get' id='2913436329472'>\n\n    @patch('requests.get')\n    @patch('requests.head')\n    def test_discover_get(self, mock_head, mock_get):\n        inbox = \"http://example.org/inbox\"\n        links = {\"type\": {\"url\": \"http://www.w3.org/ns/ldp#Container\"}}\n        headers = {\"content-type\": \"application/n-triples\"}\n    \n        mock_res1 = Mock()\n        mock_res1.links = links\n        mock_res1.headers = headers\n        mock_head.return_value = mock_res1\n    \n        mock_res2 = Mock()\n        mock_res2.links = links\n        mock_res2.headers = headers\n        mock_res2.text = \"<http://example.org/resource> \" + \\\n                         \"<http://www.w3.org/ns/ldp#inbox> \" + \\\n                         \"<http://example.org/inbox> .\\n\"\n        mock_get.return_value = mock_res2\n    \n        ldn = BaseLDN()\n>       self.assertEqual(ldn.discover(\"http://example.org/resource\"), inbox)\nE       AssertionError: <coroutine object BaseLDN.discover at 0x000002A656522050> != 'http://example.org/inbox'\n\ntests\\test_base.py:41: AssertionError"
      },
      "teardown": {
        "outcome": "passed"
      }
    },
    {
      "nodeid": "tests/test_base.py::TestBase::test_discover_head",
      "lineno": 8,
      "outcome": "failed",
      "keywords": [
        "test_discover_head",
        "__wrapped__",
        "patchings",
        "TestBase",
        "test_base.py",
        "tests",
        "trellis-ldp@py-ldnlib__83703c26__requests__treq",
        ""
      ],
      "setup": {
        "outcome": "passed"
      },
      "call": {
        "outcome": "failed",
        "crash": {
          "path": "C:\\Users\\Mohay\\AppData\\Local\\Programs\\Python\\Python312\\Lib\\unittest\\case.py",
          "lineno": 878,
          "message": "AssertionError: <coroutine object BaseLDN.discover at 0x000002A6565222B0> != 'http://example.org/inbox'"
        },
        "traceback": [
          {
            "path": "tests\\test_base.py",
            "lineno": 18,
            "message": "AssertionError"
          }
        ],
        "longrepr": "self = <test_base.TestBase testMethod=test_discover_head>\nmock_head = <MagicMock name='head' id='2913436335808'>\n\n    @patch('requests.head')\n    def test_discover_head(self, mock_head):\n        inbox = \"http://example.org/inbox\"\n        mock_res = Mock()\n        mock_res.links = {\"http://www.w3.org/ns/ldp#inbox\": {\"url\": inbox}}\n    \n        mock_head.return_value = mock_res\n    \n        ldn = BaseLDN()\n>       self.assertEqual(ldn.discover(\"http://example.org/resource\"), inbox)\nE       AssertionError: <coroutine object BaseLDN.discover at 0x000002A6565222B0> != 'http://example.org/inbox'\n\ntests\\test_base.py:18: AssertionError"
      },
      "teardown": {
        "outcome": "passed"
      }
    },
    {
      "nodeid": "tests/test_consumer.py::TestConsumer::test_notification_jsonld",
      "lineno": 100,
      "outcome": "failed",
      "keywords": [
        "test_notification_jsonld",
        "__wrapped__",
        "patchings",
        "TestConsumer",
        "test_consumer.py",
        "tests",
        "trellis-ldp@py-ldnlib__83703c26__requests__treq",
        ""
      ],
      "setup": {
        "outcome": "passed"
      },
      "call": {
        "outcome": "failed",
        "crash": {
          "path": "D:\\repos\\trellis-ldp@py-ldnlib__83703c26__requests__treq\\tests\\test_consumer.py",
          "lineno": 112,
          "message": "TypeError: object of type 'coroutine' has no len()"
        },
        "traceback": [
          {
            "path": "tests\\test_consumer.py",
            "lineno": 112,
            "message": "TypeError"
          }
        ],
        "longrepr": "self = <test_consumer.TestConsumer testMethod=test_notification_jsonld>\nmock_get = <MagicMock name='get' id='2913436733840'>\n\n    @patch('requests.get')\n    def test_notification_jsonld(self, mock_get):\n        mock_res = Mock()\n        mock_res.headers = {\"content-type\": \"application/ld+json\"}\n        with open(\"tests/notification1.json\", \"r\") as f:\n            attrs = {'json.return_value': json.loads(\"[\" + f.read() + \"]\")}\n            mock_res.configure_mock(**attrs)\n    \n        mock_get.return_value = mock_res\n    \n        notification = Consumer().notification(\"http://example.org/inbox/1\")\n>       self.assertTrue(1, len(notification))\nE       TypeError: object of type 'coroutine' has no len()\n\ntests\\test_consumer.py:112: TypeError"
      },
      "teardown": {
        "outcome": "passed"
      }
    },
    {
      "nodeid": "tests/test_consumer.py::TestConsumer::test_notification_turtle",
      "lineno": 81,
      "outcome": "failed",
      "keywords": [
        "test_notification_turtle",
        "__wrapped__",
        "patchings",
        "TestConsumer",
        "test_consumer.py",
        "tests",
        "trellis-ldp@py-ldnlib__83703c26__requests__treq",
        ""
      ],
      "setup": {
        "outcome": "passed"
      },
      "call": {
        "outcome": "failed",
        "crash": {
          "path": "D:\\repos\\trellis-ldp@py-ldnlib__83703c26__requests__treq\\tests\\test_consumer.py",
          "lineno": 92,
          "message": "TypeError: object of type 'coroutine' has no len()"
        },
        "traceback": [
          {
            "path": "tests\\test_consumer.py",
            "lineno": 92,
            "message": "TypeError"
          }
        ],
        "longrepr": "self = <test_consumer.TestConsumer testMethod=test_notification_turtle>\nmock_get = <MagicMock name='get' id='2913436740032'>\n\n    @patch('requests.get')\n    def test_notification_turtle(self, mock_get):\n        mock_res = Mock()\n        mock_res.headers = {\"content-type\": \"text/turtle; charset=utf-8\"}\n        with open(\"tests/notification.ttl\", \"r\") as f:\n            mock_res.text = f.read()\n    \n        mock_get.return_value = mock_res\n    \n        notification = Consumer().notification(\"http://example.org/inbox/1\")\n>       self.assertTrue(1, len(notification))\nE       TypeError: object of type 'coroutine' has no len()\n\ntests\\test_consumer.py:92: TypeError"
      },
      "teardown": {
        "outcome": "passed"
      }
    },
    {
      "nodeid": "tests/test_consumer.py::TestConsumer::test_notifications_jsonld_compacted",
      "lineno": 27,
      "outcome": "failed",
      "keywords": [
        "test_notifications_jsonld_compacted",
        "__wrapped__",
        "patchings",
        "TestConsumer",
        "test_consumer.py",
        "tests",
        "trellis-ldp@py-ldnlib__83703c26__requests__treq",
        ""
      ],
      "setup": {
        "outcome": "passed"
      },
      "call": {
        "outcome": "failed",
        "crash": {
          "path": "D:\\repos\\trellis-ldp@py-ldnlib__83703c26__requests__treq\\tests\\test_consumer.py",
          "lineno": 39,
          "message": "TypeError: object of type 'coroutine' has no len()"
        },
        "traceback": [
          {
            "path": "tests\\test_consumer.py",
            "lineno": 39,
            "message": "TypeError"
          }
        ],
        "longrepr": "self = <test_consumer.TestConsumer testMethod=test_notifications_jsonld_compacted>\nmock_get = <MagicMock name='get' id='2913436741904'>\n\n    @patch('requests.get')\n    def test_notifications_jsonld_compacted(self, mock_get):\n        mock_res = Mock()\n        mock_res.headers = {\"content-type\": \"application/ld+json\"}\n        with open(\"tests/inbox.jsonld\", \"r\") as f:\n            mock_res.text = f.read()\n    \n        mock_get.return_value = mock_res\n    \n        notifications = Consumer().notifications(\"http://example.org/inbox\")\n    \n>       self.assertEqual(5, len(notifications))\nE       TypeError: object of type 'coroutine' has no len()\n\ntests\\test_consumer.py:39: TypeError"
      },
      "teardown": {
        "outcome": "passed"
      }
    },
    {
      "nodeid": "tests/test_consumer.py::TestConsumer::test_notifications_jsonld_expanded",
      "lineno": 45,
      "outcome": "failed",
      "keywords": [
        "test_notifications_jsonld_expanded",
        "__wrapped__",
        "patchings",
        "TestConsumer",
        "test_consumer.py",
        "tests",
        "trellis-ldp@py-ldnlib__83703c26__requests__treq",
        ""
      ],
      "setup": {
        "outcome": "passed"
      },
      "call": {
        "outcome": "failed",
        "crash": {
          "path": "D:\\repos\\trellis-ldp@py-ldnlib__83703c26__requests__treq\\tests\\test_consumer.py",
          "lineno": 57,
          "message": "TypeError: object of type 'coroutine' has no len()"
        },
        "traceback": [
          {
            "path": "tests\\test_consumer.py",
            "lineno": 57,
            "message": "TypeError"
          }
        ],
        "longrepr": "self = <test_consumer.TestConsumer testMethod=test_notifications_jsonld_expanded>\nmock_get = <MagicMock name='get' id='2913436927328'>\n\n    @patch('requests.get')\n    def test_notifications_jsonld_expanded(self, mock_get):\n        mock_res = Mock()\n        mock_res.headers = {\"content-type\": \"application/ld+json\"}\n        with open(\"tests/inbox_expanded.jsonld\", \"r\") as f:\n            mock_res.text = f.read()\n    \n        mock_get.return_value = mock_res\n    \n        notifications = Consumer().notifications(\"http://example.org/inbox\")\n    \n>       self.assertEqual(5, len(notifications))\nE       TypeError: object of type 'coroutine' has no len()\n\ntests\\test_consumer.py:57: TypeError"
      },
      "teardown": {
        "outcome": "passed"
      }
    },
    {
      "nodeid": "tests/test_consumer.py::TestConsumer::test_notifications_ntriples",
      "lineno": 9,
      "outcome": "failed",
      "keywords": [
        "test_notifications_ntriples",
        "__wrapped__",
        "patchings",
        "TestConsumer",
        "test_consumer.py",
        "tests",
        "trellis-ldp@py-ldnlib__83703c26__requests__treq",
        ""
      ],
      "setup": {
        "outcome": "passed"
      },
      "call": {
        "outcome": "failed",
        "crash": {
          "path": "D:\\repos\\trellis-ldp@py-ldnlib__83703c26__requests__treq\\tests\\test_consumer.py",
          "lineno": 21,
          "message": "TypeError: object of type 'coroutine' has no len()"
        },
        "traceback": [
          {
            "path": "tests\\test_consumer.py",
            "lineno": 21,
            "message": "TypeError"
          }
        ],
        "longrepr": "self = <test_consumer.TestConsumer testMethod=test_notifications_ntriples>\nmock_get = <MagicMock name='get' id='2913436932848'>\n\n    @patch('requests.get')\n    def test_notifications_ntriples(self, mock_get):\n        mock_res = Mock()\n        mock_res.headers = {\"content-type\": \"application/n-triples\"}\n        with open(\"tests/inbox.nt\", \"r\") as f:\n            mock_res.text = f.read()\n    \n        mock_get.return_value = mock_res\n    \n        notifications = Consumer().notifications(\"http://example.org/inbox\")\n    \n>       self.assertEqual(5, len(notifications))\nE       TypeError: object of type 'coroutine' has no len()\n\ntests\\test_consumer.py:21: TypeError"
      },
      "teardown": {
        "outcome": "passed"
      }
    },
    {
      "nodeid": "tests/test_consumer.py::TestConsumer::test_notifications_turtle",
      "lineno": 63,
      "outcome": "failed",
      "keywords": [
        "test_notifications_turtle",
        "__wrapped__",
        "patchings",
        "TestConsumer",
        "test_consumer.py",
        "tests",
        "trellis-ldp@py-ldnlib__83703c26__requests__treq",
        ""
      ],
      "setup": {
        "outcome": "passed"
      },
      "call": {
        "outcome": "failed",
        "crash": {
          "path": "D:\\repos\\trellis-ldp@py-ldnlib__83703c26__requests__treq\\tests\\test_consumer.py",
          "lineno": 75,
          "message": "TypeError: object of type 'coroutine' has no len()"
        },
        "traceback": [
          {
            "path": "tests\\test_consumer.py",
            "lineno": 75,
            "message": "TypeError"
          }
        ],
        "longrepr": "self = <test_consumer.TestConsumer testMethod=test_notifications_turtle>\nmock_get = <MagicMock name='get' id='2913436938080'>\n\n    @patch('requests.get')\n    def test_notifications_turtle(self, mock_get):\n        mock_res = Mock()\n        mock_res.headers = {\"content-type\": \"text/turtle; charset=utf-8\"}\n        with open(\"tests/inbox.ttl\", \"r\") as f:\n            mock_res.text = f.read()\n    \n        mock_get.return_value = mock_res\n    \n        notifications = Consumer().notifications(\"http://example.org/inbox\")\n    \n>       self.assertEqual(5, len(notifications))\nE       TypeError: object of type 'coroutine' has no len()\n\ntests\\test_consumer.py:75: TypeError"
      },
      "teardown": {
        "outcome": "passed"
      }
    },
    {
      "nodeid": "tests/test_sender.py::TestSender::test_send_dict",
      "lineno": 24,
      "outcome": "failed",
      "keywords": [
        "test_send_dict",
        "__wrapped__",
        "patchings",
        "TestSender",
        "test_sender.py",
        "tests",
        "trellis-ldp@py-ldnlib__83703c26__requests__treq",
        ""
      ],
      "setup": {
        "outcome": "passed"
      },
      "call": {
        "outcome": "failed",
        "crash": {
          "path": "C:\\Users\\Mohay\\AppData\\Local\\Programs\\Python\\Python312\\Lib\\unittest\\mock.py",
          "lineno": 955,
          "message": "AssertionError: Expected 'post' to be called once. Called 0 times."
        },
        "traceback": [
          {
            "path": "tests\\test_sender.py",
            "lineno": 33,
            "message": ""
          },
          {
            "path": "C:\\Users\\Mohay\\AppData\\Local\\Programs\\Python\\Python312\\Lib\\unittest\\mock.py",
            "lineno": 955,
            "message": "AssertionError"
          }
        ],
        "longrepr": "self = <test_sender.TestSender testMethod=test_send_dict>\nmock_post = <MagicMock name='post' id='2913437172848'>\n\n    @patch('requests.post')\n    def test_send_dict(self, mock_post):\n        data = None\n        with open(\"tests/notification.json\", \"r\") as f:\n            data = json.loads(f.read())\n    \n        Sender().send(self.INBOX, data)\n        self.assertEqual(dict, type(data))\n>       mock_post.assert_called_once_with(self.INBOX, data=json.dumps(data),\n                                          headers=self.HEADERS)\n\ntests\\test_sender.py:33: \n_ _ _ _ _ _ _ _ _ _ _ _ _ _ _ _ _ _ _ _ _ _ _ _ _ _ _ _ _ _ _ _ _ _ _ _ _ _ _ _\n\nself = <MagicMock name='post' id='2913437172848'>\nargs = ('http://example.org/inbox',)\nkwargs = {'data': '{\"@context\": {\"schema\": \"http://schema.org/\", \"creator\": {\"@id\": \"schema:creator\", \"@type\": \"@id\"}}, \"creator\": \"http://example.org/user\"}', 'headers': {'content-type': 'application/ld+json'}}\nmsg = \"Expected 'post' to be called once. Called 0 times.\"\n\n    def assert_called_once_with(self, /, *args, **kwargs):\n        \"\"\"assert that the mock was called exactly once and that that call was\n        with the specified arguments.\"\"\"\n        if not self.call_count == 1:\n            msg = (\"Expected '%s' to be called once. Called %s times.%s\"\n                   % (self._mock_name or 'mock',\n                      self.call_count,\n                      self._calls_repr()))\n>           raise AssertionError(msg)\nE           AssertionError: Expected 'post' to be called once. Called 0 times.\n\nC:\\Users\\Mohay\\AppData\\Local\\Programs\\Python\\Python312\\Lib\\unittest\\mock.py:955: AssertionError"
      },
      "teardown": {
        "outcome": "passed"
      }
    },
    {
      "nodeid": "tests/test_sender.py::TestSender::test_send_graph",
      "lineno": 46,
      "outcome": "failed",
      "keywords": [
        "test_send_graph",
        "__wrapped__",
        "patchings",
        "TestSender",
        "test_sender.py",
        "tests",
        "trellis-ldp@py-ldnlib__83703c26__requests__treq",
        ""
      ],
      "setup": {
        "outcome": "passed"
      },
      "call": {
        "outcome": "failed",
        "crash": {
          "path": "C:\\Users\\Mohay\\AppData\\Local\\Programs\\Python\\Python312\\Lib\\unittest\\mock.py",
          "lineno": 955,
          "message": "AssertionError: Expected 'post' to be called once. Called 0 times."
        },
        "traceback": [
          {
            "path": "tests\\test_sender.py",
            "lineno": 53,
            "message": ""
          },
          {
            "path": "C:\\Users\\Mohay\\AppData\\Local\\Programs\\Python\\Python312\\Lib\\unittest\\mock.py",
            "lineno": 955,
            "message": "AssertionError"
          }
        ],
        "longrepr": "self = <test_sender.TestSender testMethod=test_send_graph>\nmock_post = <MagicMock name='post' id='2913436936640'>\n\n    @patch('requests.post')\n    def test_send_graph(self, mock_post):\n        data = Graph().parse(\"tests/notification.nt\", format=\"ntriples\")\n    \n        Sender().send(self.INBOX, data)\n        self.assertEqual(Graph, type(data))\n>       mock_post.assert_called_once_with(self.INBOX, data=data.serialize(\n            format=\"application/ld+json\"), headers=self.HEADERS)\n\ntests\\test_sender.py:53: \n_ _ _ _ _ _ _ _ _ _ _ _ _ _ _ _ _ _ _ _ _ _ _ _ _ _ _ _ _ _ _ _ _ _ _ _ _ _ _ _\n\nself = <MagicMock name='post' id='2913436936640'>\nargs = ('http://example.org/inbox',)\nkwargs = {'data': '[\\n  {\\n    \"@id\": \"ex:notification\",\\n    \"http://schema.org/creator\": [\\n      {\\n        \"@id\": \"http://example.org/user\"\\n      }\\n    ]\\n  }\\n]', 'headers': {'content-type': 'application/ld+json'}}\nmsg = \"Expected 'post' to be called once. Called 0 times.\"\n\n    def assert_called_once_with(self, /, *args, **kwargs):\n        \"\"\"assert that the mock was called exactly once and that that call was\n        with the specified arguments.\"\"\"\n        if not self.call_count == 1:\n            msg = (\"Expected '%s' to be called once. Called %s times.%s\"\n                   % (self._mock_name or 'mock',\n                      self.call_count,\n                      self._calls_repr()))\n>           raise AssertionError(msg)\nE           AssertionError: Expected 'post' to be called once. Called 0 times.\n\nC:\\Users\\Mohay\\AppData\\Local\\Programs\\Python\\Python312\\Lib\\unittest\\mock.py:955: AssertionError"
      },
      "teardown": {
        "outcome": "passed"
      }
    },
    {
      "nodeid": "tests/test_sender.py::TestSender::test_send_list",
      "lineno": 35,
      "outcome": "failed",
      "keywords": [
        "test_send_list",
        "__wrapped__",
        "patchings",
        "TestSender",
        "test_sender.py",
        "tests",
        "trellis-ldp@py-ldnlib__83703c26__requests__treq",
        ""
      ],
      "setup": {
        "outcome": "passed"
      },
      "call": {
        "outcome": "failed",
        "crash": {
          "path": "C:\\Users\\Mohay\\AppData\\Local\\Programs\\Python\\Python312\\Lib\\unittest\\mock.py",
          "lineno": 955,
          "message": "AssertionError: Expected 'post' to be called once. Called 0 times."
        },
        "traceback": [
          {
            "path": "tests\\test_sender.py",
            "lineno": 44,
            "message": ""
          },
          {
            "path": "C:\\Users\\Mohay\\AppData\\Local\\Programs\\Python\\Python312\\Lib\\unittest\\mock.py",
            "lineno": 955,
            "message": "AssertionError"
          }
        ],
        "longrepr": "self = <test_sender.TestSender testMethod=test_send_list>\nmock_post = <MagicMock name='post' id='2913438381120'>\n\n    @patch('requests.post')\n    def test_send_list(self, mock_post):\n        data = None\n        with open(\"tests/notification.json\", \"r\") as f:\n            data = json.loads(\"[\" + f.read() + \"]\")\n    \n        Sender().send(self.INBOX, data)\n        self.assertEqual(list, type(data))\n>       mock_post.assert_called_once_with(self.INBOX, data=json.dumps(data),\n                                          headers=self.HEADERS)\n\ntests\\test_sender.py:44: \n_ _ _ _ _ _ _ _ _ _ _ _ _ _ _ _ _ _ _ _ _ _ _ _ _ _ _ _ _ _ _ _ _ _ _ _ _ _ _ _\n\nself = <MagicMock name='post' id='2913438381120'>\nargs = ('http://example.org/inbox',)\nkwargs = {'data': '[{\"@context\": {\"schema\": \"http://schema.org/\", \"creator\": {\"@id\": \"schema:creator\", \"@type\": \"@id\"}}, \"creator\": \"http://example.org/user\"}]', 'headers': {'content-type': 'application/ld+json'}}\nmsg = \"Expected 'post' to be called once. Called 0 times.\"\n\n    def assert_called_once_with(self, /, *args, **kwargs):\n        \"\"\"assert that the mock was called exactly once and that that call was\n        with the specified arguments.\"\"\"\n        if not self.call_count == 1:\n            msg = (\"Expected '%s' to be called once. Called %s times.%s\"\n                   % (self._mock_name or 'mock',\n                      self.call_count,\n                      self._calls_repr()))\n>           raise AssertionError(msg)\nE           AssertionError: Expected 'post' to be called once. Called 0 times.\n\nC:\\Users\\Mohay\\AppData\\Local\\Programs\\Python\\Python312\\Lib\\unittest\\mock.py:955: AssertionError"
      },
      "teardown": {
        "outcome": "passed"
      }
    },
    {
      "nodeid": "tests/test_sender.py::TestSender::test_send_string",
      "lineno": 13,
      "outcome": "failed",
      "keywords": [
        "test_send_string",
        "__wrapped__",
        "patchings",
        "TestSender",
        "test_sender.py",
        "tests",
        "trellis-ldp@py-ldnlib__83703c26__requests__treq",
        ""
      ],
      "setup": {
        "outcome": "passed"
      },
      "call": {
        "outcome": "failed",
        "crash": {
          "path": "C:\\Users\\Mohay\\AppData\\Local\\Programs\\Python\\Python312\\Lib\\unittest\\mock.py",
          "lineno": 955,
          "message": "AssertionError: Expected 'post' to be called once. Called 0 times."
        },
        "traceback": [
          {
            "path": "tests\\test_sender.py",
            "lineno": 22,
            "message": ""
          },
          {
            "path": "C:\\Users\\Mohay\\AppData\\Local\\Programs\\Python\\Python312\\Lib\\unittest\\mock.py",
            "lineno": 955,
            "message": "AssertionError"
          }
        ],
        "longrepr": "self = <test_sender.TestSender testMethod=test_send_string>\nmock_post = <MagicMock name='post' id='2913437520800'>\n\n    @patch('requests.post')\n    def test_send_string(self, mock_post):\n        data = None\n        with open(\"tests/notification.json\", \"r\") as f:\n            data = f.read()\n    \n        Sender().send(self.INBOX, data)\n        self.assertEqual(str, type(data))\n>       mock_post.assert_called_once_with(self.INBOX, data=data,\n                                          headers=self.HEADERS)\n\ntests\\test_sender.py:22: \n_ _ _ _ _ _ _ _ _ _ _ _ _ _ _ _ _ _ _ _ _ _ _ _ _ _ _ _ _ _ _ _ _ _ _ _ _ _ _ _\n\nself = <MagicMock name='post' id='2913437520800'>\nargs = ('http://example.org/inbox',)\nkwargs = {'data': '{\\n    \"@context\" : {\\n        \"schema\" : \"http://schema.org/\",\\n        \"creator\" : { \"@id\" : \"schema:creat...: \"@id\" }\\n    },\\n    \"creator\" : \"http://example.org/user\"\\n}\\n', 'headers': {'content-type': 'application/ld+json'}}\nmsg = \"Expected 'post' to be called once. Called 0 times.\"\n\n    def assert_called_once_with(self, /, *args, **kwargs):\n        \"\"\"assert that the mock was called exactly once and that that call was\n        with the specified arguments.\"\"\"\n        if not self.call_count == 1:\n            msg = (\"Expected '%s' to be called once. Called %s times.%s\"\n                   % (self._mock_name or 'mock',\n                      self.call_count,\n                      self._calls_repr()))\n>           raise AssertionError(msg)\nE           AssertionError: Expected 'post' to be called once. Called 0 times.\n\nC:\\Users\\Mohay\\AppData\\Local\\Programs\\Python\\Python312\\Lib\\unittest\\mock.py:955: AssertionError"
      },
      "teardown": {
        "outcome": "passed"
      }
    }
  ],
  "warnings": [
    {
      "message": "coroutine 'Sender.send' was never awaited",
      "category": "RuntimeWarning",
      "when": "runtest",
      "filename": "D:\\repos\\trellis-ldp@py-ldnlib__83703c26__requests__treq\\tests\\test_sender.py",
      "lineno": 31
    },
    {
      "message": "coroutine 'Sender.send' was never awaited",
      "category": "RuntimeWarning",
      "when": "runtest",
      "filename": "D:\\repos\\trellis-ldp@py-ldnlib__83703c26__requests__treq\\tests\\test_sender.py",
      "lineno": 51
    },
    {
      "message": "coroutine 'Sender.send' was never awaited",
      "category": "RuntimeWarning",
      "when": "runtest",
      "filename": "D:\\repos\\trellis-ldp@py-ldnlib__83703c26__requests__treq\\tests\\test_sender.py",
      "lineno": 42
    },
    {
      "message": "coroutine 'Sender.send' was never awaited",
      "category": "RuntimeWarning",
      "when": "runtest",
      "filename": "D:\\repos\\trellis-ldp@py-ldnlib__83703c26__requests__treq\\tests\\test_sender.py",
      "lineno": 20
    }
  ]
}