{
  "exitcode": 1,
  "summary": {
    "failed": 28,
    "passed": 4,
    "total": 32,
    "collected": 32
  },
  "collectors": [
    {
      "nodeid": "",
      "outcome": "passed",
      "result": [
        {
          "nodeid": ".",
          "type": "Dir"
        }
      ]
    },
    {
      "nodeid": "docs",
      "outcome": "passed",
      "result": []
    },
    {
      "nodeid": "namesilo/common",
      "outcome": "passed",
      "result": []
    },
    {
      "nodeid": "namesilo",
      "outcome": "passed",
      "result": [
        {
          "nodeid": "namesilo/common",
          "type": "Package"
        }
      ]
    },
    {
      "nodeid": "python_namesilo.egg-info",
      "outcome": "passed",
      "result": []
    },
    {
      "nodeid": "tests/test_namesilo.py::NameSiloTestCase",
      "outcome": "passed",
      "result": [
        {
          "nodeid": "tests/test_namesilo.py::NameSiloTestCase::test_account_balance",
          "type": "TestCaseFunction",
          "lineno": 55
        },
        {
          "nodeid": "tests/test_namesilo.py::NameSiloTestCase::test_add_contact",
          "type": "TestCaseFunction",
          "lineno": 163
        },
        {
          "nodeid": "tests/test_namesilo.py::NameSiloTestCase::test_add_dns_record",
          "type": "TestCaseFunction",
          "lineno": 309
        },
        {
          "nodeid": "tests/test_namesilo.py::NameSiloTestCase::test_add_domain_privacy",
          "type": "TestCaseFunction",
          "lineno": 261
        },
        {
          "nodeid": "tests/test_namesilo.py::NameSiloTestCase::test_add_funds",
          "type": "TestCaseFunction",
          "lineno": 65
        },
        {
          "nodeid": "tests/test_namesilo.py::NameSiloTestCase::test_auto_renew_domain",
          "type": "TestCaseFunction",
          "lineno": 281
        },
        {
          "nodeid": "tests/test_namesilo.py::NameSiloTestCase::test_change_domain_nameservers",
          "type": "TestCaseFunction",
          "lineno": 236
        },
        {
          "nodeid": "tests/test_namesilo.py::NameSiloTestCase::test_check_error_code",
          "type": "TestCaseFunction",
          "lineno": 218
        },
        {
          "nodeid": "tests/test_namesilo.py::NameSiloTestCase::test_check_error_code_exception",
          "type": "TestCaseFunction",
          "lineno": 221
        },
        {
          "nodeid": "tests/test_namesilo.py::NameSiloTestCase::test_contacts_lists",
          "type": "TestCaseFunction",
          "lineno": 147
        },
        {
          "nodeid": "tests/test_namesilo.py::NameSiloTestCase::test_contacts_lists_only_one_contact",
          "type": "TestCaseFunction",
          "lineno": 155
        },
        {
          "nodeid": "tests/test_namesilo.py::NameSiloTestCase::test_delete_contact",
          "type": "TestCaseFunction",
          "lineno": 201
        },
        {
          "nodeid": "tests/test_namesilo.py::NameSiloTestCase::test_domain_check_available",
          "type": "TestCaseFunction",
          "lineno": 75
        },
        {
          "nodeid": "tests/test_namesilo.py::NameSiloTestCase::test_domain_check_not_available",
          "type": "TestCaseFunction",
          "lineno": 85
        },
        {
          "nodeid": "tests/test_namesilo.py::NameSiloTestCase::test_domain_price",
          "type": "TestCaseFunction",
          "lineno": 210
        },
        {
          "nodeid": "tests/test_namesilo.py::NameSiloTestCase::test_domain_registration",
          "type": "TestCaseFunction",
          "lineno": 96
        },
        {
          "nodeid": "tests/test_namesilo.py::NameSiloTestCase::test_domain_registration_fail",
          "type": "TestCaseFunction",
          "lineno": 249
        },
        {
          "nodeid": "tests/test_namesilo.py::NameSiloTestCase::test_domain_renewal",
          "type": "TestCaseFunction",
          "lineno": 106
        },
        {
          "nodeid": "tests/test_namesilo.py::NameSiloTestCase::test_get_content_xml",
          "type": "TestCaseFunction",
          "lineno": 31
        },
        {
          "nodeid": "tests/test_namesilo.py::NameSiloTestCase::test_get_content_xml_exception",
          "type": "TestCaseFunction",
          "lineno": 45
        },
        {
          "nodeid": "tests/test_namesilo.py::NameSiloTestCase::test_get_domain_info",
          "type": "TestCaseFunction",
          "lineno": 224
        },
        {
          "nodeid": "tests/test_namesilo.py::NameSiloTestCase::test_list_dns_records",
          "type": "TestCaseFunction",
          "lineno": 301
        },
        {
          "nodeid": "tests/test_namesilo.py::NameSiloTestCase::test_list_domains",
          "type": "TestCaseFunction",
          "lineno": 135
        },
        {
          "nodeid": "tests/test_namesilo.py::NameSiloTestCase::test_lock_domain",
          "type": "TestCaseFunction",
          "lineno": 117
        },
        {
          "nodeid": "tests/test_namesilo.py::NameSiloTestCase::test_process_data",
          "type": "TestCaseFunction",
          "lineno": 22
        },
        {
          "nodeid": "tests/test_namesilo.py::NameSiloTestCase::test_production_api_url",
          "type": "TestCaseFunction",
          "lineno": 14
        },
        {
          "nodeid": "tests/test_namesilo.py::NameSiloTestCase::test_remove_auto_renew_domain",
          "type": "TestCaseFunction",
          "lineno": 291
        },
        {
          "nodeid": "tests/test_namesilo.py::NameSiloTestCase::test_remove_domain_privacy",
          "type": "TestCaseFunction",
          "lineno": 271
        },
        {
          "nodeid": "tests/test_namesilo.py::NameSiloTestCase::test_sandbox_api_url",
          "type": "TestCaseFunction",
          "lineno": 18
        },
        {
          "nodeid": "tests/test_namesilo.py::NameSiloTestCase::test_unlock_domain",
          "type": "TestCaseFunction",
          "lineno": 126
        },
        {
          "nodeid": "tests/test_namesilo.py::NameSiloTestCase::test_update_contact",
          "type": "TestCaseFunction",
          "lineno": 175
        },
        {
          "nodeid": "tests/test_namesilo.py::NameSiloTestCase::test_update_dns_record",
          "type": "TestCaseFunction",
          "lineno": 321
        }
      ]
    },
    {
      "nodeid": "tests/test_namesilo.py",
      "outcome": "passed",
      "result": [
        {
          "nodeid": "tests/test_namesilo.py::NameSiloTestCase",
          "type": "UnitTestCase"
        }
      ]
    },
    {
      "nodeid": "tests",
      "outcome": "passed",
      "result": [
        {
          "nodeid": "tests/test_namesilo.py",
          "type": "Module"
        }
      ]
    },
    {
      "nodeid": ".",
      "outcome": "passed",
      "result": [
        {
          "nodeid": "docs",
          "type": "Dir"
        },
        {
          "nodeid": "namesilo",
          "type": "Package"
        },
        {
          "nodeid": "python_namesilo.egg-info",
          "type": "Dir"
        },
        {
          "nodeid": "tests",
          "type": "Package"
        }
      ]
    }
  ],
  "tests": [
    {
      "nodeid": "tests/test_namesilo.py::NameSiloTestCase::test_account_balance",
      "lineno": 55,
      "outcome": "failed",
      "keywords": [
        "test_account_balance",
        "__wrapped__",
        "patchings",
        "NameSiloTestCase",
        "test_namesilo.py",
        "tests",
        "goranvrbaski@python-namesilo__4c867e65__requests__treq",
        ""
      ],
      "setup": {
        "outcome": "passed"
      },
      "call": {
        "outcome": "failed",
        "crash": {
          "path": "D:\\repos\\goranvrbaski@python-namesilo__4c867e65__requests__treq\\tests\\test_namesilo.py",
          "lineno": 59,
          "message": "AttributeError: 'NameSilo' object has no attribute 'get_account_balance'"
        },
        "traceback": [
          {
            "path": "tests\\test_namesilo.py",
            "lineno": 59,
            "message": "AttributeError"
          }
        ],
        "longrepr": "self = <tests.test_namesilo.NameSiloTestCase testMethod=test_account_balance>\nmock_process_data = <AsyncMock name='_process_data' id='1799586261104'>\n\n    @mock.patch('namesilo.core.NameSilo._process_data')\n    def test_account_balance(self, mock_process_data):\n        mock_process_data.return_value = mocked_data\n>       balance = self.ns.get_account_balance()\nE       AttributeError: 'NameSilo' object has no attribute 'get_account_balance'\n\ntests\\test_namesilo.py:59: AttributeError"
      },
      "teardown": {
        "outcome": "passed"
      }
    },
    {
      "nodeid": "tests/test_namesilo.py::NameSiloTestCase::test_add_contact",
      "lineno": 163,
      "outcome": "failed",
      "keywords": [
        "test_add_contact",
        "__wrapped__",
        "patchings",
        "NameSiloTestCase",
        "test_namesilo.py",
        "tests",
        "goranvrbaski@python-namesilo__4c867e65__requests__treq",
        ""
      ],
      "setup": {
        "outcome": "passed"
      },
      "call": {
        "outcome": "failed",
        "crash": {
          "path": "D:\\repos\\goranvrbaski@python-namesilo__4c867e65__requests__treq\\tests\\test_namesilo.py",
          "lineno": 167,
          "message": "AttributeError: 'NameSilo' object has no attribute 'add_contact'"
        },
        "traceback": [
          {
            "path": "tests\\test_namesilo.py",
            "lineno": 167,
            "message": "AttributeError"
          }
        ],
        "longrepr": "self = <tests.test_namesilo.NameSiloTestCase testMethod=test_add_contact>\nmock_content_xml = <AsyncMock name='_process_data' id='1799586726400'>\n\n    @mock.patch('namesilo.core.NameSilo._process_data')\n    def test_add_contact(self, mock_content_xml):\n        mock_content_xml.return_value = mocked_single_contact\n>       self.assertTrue(self.ns.add_contact(ContactModel(\n            **mocked_single_contact['namesilo']['reply']['contact'])\n        ))\nE       AttributeError: 'NameSilo' object has no attribute 'add_contact'\n\ntests\\test_namesilo.py:167: AttributeError"
      },
      "teardown": {
        "outcome": "passed"
      }
    },
    {
      "nodeid": "tests/test_namesilo.py::NameSiloTestCase::test_add_dns_record",
      "lineno": 309,
      "outcome": "failed",
      "keywords": [
        "test_add_dns_record",
        "__wrapped__",
        "patchings",
        "NameSiloTestCase",
        "test_namesilo.py",
        "tests",
        "goranvrbaski@python-namesilo__4c867e65__requests__treq",
        ""
      ],
      "setup": {
        "outcome": "passed"
      },
      "call": {
        "outcome": "failed",
        "crash": {
          "path": "D:\\repos\\goranvrbaski@python-namesilo__4c867e65__requests__treq\\tests\\test_namesilo.py",
          "lineno": 313,
          "message": "AttributeError: 'NameSilo' object has no attribute 'add_dns_records'"
        },
        "traceback": [
          {
            "path": "tests\\test_namesilo.py",
            "lineno": 313,
            "message": "AttributeError"
          }
        ],
        "longrepr": "self = <tests.test_namesilo.NameSiloTestCase testMethod=test_add_dns_record>\nmock_content_xml = <AsyncMock name='_process_data' id='1799586731392'>\n\n    @mock.patch('namesilo.core.NameSilo._process_data')\n    def test_add_dns_record(self, mock_content_xml):\n        mock_content_xml.return_value = mocked_data\n>       record_id = self.ns.add_dns_records(\n            \"some-domain.com\", \"A\", \"test.some-domain.com\", \"192.168.71.50\", 86400\n        )\nE       AttributeError: 'NameSilo' object has no attribute 'add_dns_records'\n\ntests\\test_namesilo.py:313: AttributeError"
      },
      "teardown": {
        "outcome": "passed"
      }
    },
    {
      "nodeid": "tests/test_namesilo.py::NameSiloTestCase::test_add_domain_privacy",
      "lineno": 261,
      "outcome": "failed",
      "keywords": [
        "test_add_domain_privacy",
        "__wrapped__",
        "patchings",
        "NameSiloTestCase",
        "test_namesilo.py",
        "tests",
        "goranvrbaski@python-namesilo__4c867e65__requests__treq",
        ""
      ],
      "setup": {
        "outcome": "passed"
      },
      "call": {
        "outcome": "failed",
        "crash": {
          "path": "D:\\repos\\goranvrbaski@python-namesilo__4c867e65__requests__treq\\tests\\test_namesilo.py",
          "lineno": 266,
          "message": "AttributeError: 'NameSilo' object has no attribute 'add_domain_privacy'"
        },
        "traceback": [
          {
            "path": "tests\\test_namesilo.py",
            "lineno": 266,
            "message": "AttributeError"
          }
        ],
        "longrepr": "self = <tests.test_namesilo.NameSiloTestCase testMethod=test_add_domain_privacy>\nmock_content_xml = <AsyncMock name='_process_data' id='1799586737008'>\n\n    @mock.patch('namesilo.core.NameSilo._process_data')\n    def test_add_domain_privacy(self, mock_content_xml):\n        domain_name = \"some-domain.com\"\n        mock_content_xml.return_value = mocked_data\n>       self.assertTrue(self.ns.add_domain_privacy(domain_name))\nE       AttributeError: 'NameSilo' object has no attribute 'add_domain_privacy'\n\ntests\\test_namesilo.py:266: AttributeError"
      },
      "teardown": {
        "outcome": "passed"
      }
    },
    {
      "nodeid": "tests/test_namesilo.py::NameSiloTestCase::test_add_funds",
      "lineno": 65,
      "outcome": "failed",
      "keywords": [
        "test_add_funds",
        "__wrapped__",
        "patchings",
        "NameSiloTestCase",
        "test_namesilo.py",
        "tests",
        "goranvrbaski@python-namesilo__4c867e65__requests__treq",
        ""
      ],
      "setup": {
        "outcome": "passed"
      },
      "call": {
        "outcome": "failed",
        "crash": {
          "path": "D:\\repos\\goranvrbaski@python-namesilo__4c867e65__requests__treq\\tests\\test_namesilo.py",
          "lineno": 69,
          "message": "AttributeError: 'NameSilo' object has no attribute 'add_account_funds'"
        },
        "traceback": [
          {
            "path": "tests\\test_namesilo.py",
            "lineno": 69,
            "message": "AttributeError"
          }
        ],
        "longrepr": "self = <tests.test_namesilo.NameSiloTestCase testMethod=test_add_funds>\nmock_content_xml = <AsyncMock name='_process_data' id='1799587267408'>\n\n    @mock.patch('namesilo.core.NameSilo._process_data')\n    def test_add_funds(self, mock_content_xml):\n        mock_content_xml.return_value = mocked_data\n>       status, balance = self.ns.add_account_funds(5, 281)\nE       AttributeError: 'NameSilo' object has no attribute 'add_account_funds'\n\ntests\\test_namesilo.py:69: AttributeError"
      },
      "teardown": {
        "outcome": "passed"
      }
    },
    {
      "nodeid": "tests/test_namesilo.py::NameSiloTestCase::test_auto_renew_domain",
      "lineno": 281,
      "outcome": "failed",
      "keywords": [
        "test_auto_renew_domain",
        "__wrapped__",
        "patchings",
        "NameSiloTestCase",
        "test_namesilo.py",
        "tests",
        "goranvrbaski@python-namesilo__4c867e65__requests__treq",
        ""
      ],
      "setup": {
        "outcome": "passed"
      },
      "call": {
        "outcome": "failed",
        "crash": {
          "path": "D:\\repos\\goranvrbaski@python-namesilo__4c867e65__requests__treq\\tests\\test_namesilo.py",
          "lineno": 286,
          "message": "AttributeError: 'NameSilo' object has no attribute 'auto_renew_domain'"
        },
        "traceback": [
          {
            "path": "tests\\test_namesilo.py",
            "lineno": 286,
            "message": "AttributeError"
          }
        ],
        "longrepr": "self = <tests.test_namesilo.NameSiloTestCase testMethod=test_auto_renew_domain>\nmock_content_xml = <AsyncMock name='_process_data' id='1799587272736'>\n\n    @mock.patch('namesilo.core.NameSilo._process_data')\n    def test_auto_renew_domain(self, mock_content_xml):\n        domain_name = \"some-domain.com\"\n        mock_content_xml.return_value = mocked_data\n>       self.assertTrue(self.ns.auto_renew_domain(domain_name))\nE       AttributeError: 'NameSilo' object has no attribute 'auto_renew_domain'\n\ntests\\test_namesilo.py:286: AttributeError"
      },
      "teardown": {
        "outcome": "passed"
      }
    },
    {
      "nodeid": "tests/test_namesilo.py::NameSiloTestCase::test_change_domain_nameservers",
      "lineno": 236,
      "outcome": "failed",
      "keywords": [
        "test_change_domain_nameservers",
        "__wrapped__",
        "patchings",
        "NameSiloTestCase",
        "test_namesilo.py",
        "tests",
        "goranvrbaski@python-namesilo__4c867e65__requests__treq",
        ""
      ],
      "setup": {
        "outcome": "passed"
      },
      "call": {
        "outcome": "failed",
        "crash": {
          "path": "C:\\Users\\Mohay\\AppData\\Local\\Programs\\Python\\Python312\\Lib\\unittest\\mock.py",
          "lineno": 955,
          "message": "AssertionError: Expected '_process_data' to be called once. Called 0 times."
        },
        "traceback": [
          {
            "path": "tests\\test_namesilo.py",
            "lineno": 245,
            "message": ""
          },
          {
            "path": "C:\\Users\\Mohay\\AppData\\Local\\Programs\\Python\\Python312\\Lib\\unittest\\mock.py",
            "lineno": 955,
            "message": "AssertionError"
          }
        ],
        "longrepr": "self = <tests.test_namesilo.NameSiloTestCase testMethod=test_change_domain_nameservers>\nmock_content_xml = <AsyncMock name='_process_data' id='1799587278352'>\n\n    @mock.patch('namesilo.core.NameSilo._process_data')\n    def test_change_domain_nameservers(self, mock_content_xml):\n        mock_content_xml.return_value = mocked_data\n        self.assertTrue(\n            self.ns.change_domain_nameservers(\n                \"example.com\", \"NS1.EXAMPLE.COM\", \"NS2.EXAMPLE.COM\"\n            )\n        )\n>       mock_content_xml.assert_called_once_with(\n            \"changeNameServers?version=1&type=xml&key=name-silo-token&\"\n            \"domain=example.com&ns1=NS1.EXAMPLE.COM&ns2=NS2.EXAMPLE.COM\"\n        )\n\ntests\\test_namesilo.py:245: \n_ _ _ _ _ _ _ _ _ _ _ _ _ _ _ _ _ _ _ _ _ _ _ _ _ _ _ _ _ _ _ _ _ _ _ _ _ _ _ _\n\nself = <AsyncMock name='_process_data' id='1799587278352'>\nargs = ('changeNameServers?version=1&type=xml&key=name-silo-token&domain=example.com&ns1=NS1.EXAMPLE.COM&ns2=NS2.EXAMPLE.COM',)\nkwargs = {}, msg = \"Expected '_process_data' to be called once. Called 0 times.\"\n\n    def assert_called_once_with(self, /, *args, **kwargs):\n        \"\"\"assert that the mock was called exactly once and that that call was\n        with the specified arguments.\"\"\"\n        if not self.call_count == 1:\n            msg = (\"Expected '%s' to be called once. Called %s times.%s\"\n                   % (self._mock_name or 'mock',\n                      self.call_count,\n                      self._calls_repr()))\n>           raise AssertionError(msg)\nE           AssertionError: Expected '_process_data' to be called once. Called 0 times.\n\nC:\\Users\\Mohay\\AppData\\Local\\Programs\\Python\\Python312\\Lib\\unittest\\mock.py:955: AssertionError"
      },
      "teardown": {
        "outcome": "passed"
      }
    },
    {
      "nodeid": "tests/test_namesilo.py::NameSiloTestCase::test_check_error_code",
      "lineno": 218,
      "outcome": "passed",
      "keywords": [
        "test_check_error_code",
        "NameSiloTestCase",
        "test_namesilo.py",
        "tests",
        "goranvrbaski@python-namesilo__4c867e65__requests__treq",
        ""
      ],
      "setup": {
        "outcome": "passed"
      },
      "call": {
        "outcome": "passed"
      },
      "teardown": {
        "outcome": "passed"
      }
    },
    {
      "nodeid": "tests/test_namesilo.py::NameSiloTestCase::test_check_error_code_exception",
      "lineno": 221,
      "outcome": "passed",
      "keywords": [
        "test_check_error_code_exception",
        "NameSiloTestCase",
        "test_namesilo.py",
        "tests",
        "goranvrbaski@python-namesilo__4c867e65__requests__treq",
        ""
      ],
      "setup": {
        "outcome": "passed"
      },
      "call": {
        "outcome": "passed"
      },
      "teardown": {
        "outcome": "passed"
      }
    },
    {
      "nodeid": "tests/test_namesilo.py::NameSiloTestCase::test_contacts_lists",
      "lineno": 147,
      "outcome": "failed",
      "keywords": [
        "test_contacts_lists",
        "__wrapped__",
        "patchings",
        "NameSiloTestCase",
        "test_namesilo.py",
        "tests",
        "goranvrbaski@python-namesilo__4c867e65__requests__treq",
        ""
      ],
      "setup": {
        "outcome": "passed"
      },
      "call": {
        "outcome": "failed",
        "crash": {
          "path": "D:\\repos\\goranvrbaski@python-namesilo__4c867e65__requests__treq\\tests\\test_namesilo.py",
          "lineno": 151,
          "message": "AttributeError: 'NameSilo' object has no attribute 'list_contacts'"
        },
        "traceback": [
          {
            "path": "tests\\test_namesilo.py",
            "lineno": 151,
            "message": "AttributeError"
          }
        ],
        "longrepr": "self = <tests.test_namesilo.NameSiloTestCase testMethod=test_contacts_lists>\nmock_content_xml = <AsyncMock name='_process_data' id='1799586850160'>\n\n    @mock.patch('namesilo.core.NameSilo._process_data')\n    def test_contacts_lists(self, mock_content_xml):\n        mock_content_xml.return_value = mocked_data\n>       self.assertIsInstance(self.ns.list_contacts(), list)\nE       AttributeError: 'NameSilo' object has no attribute 'list_contacts'\n\ntests\\test_namesilo.py:151: AttributeError"
      },
      "teardown": {
        "outcome": "passed"
      }
    },
    {
      "nodeid": "tests/test_namesilo.py::NameSiloTestCase::test_contacts_lists_only_one_contact",
      "lineno": 155,
      "outcome": "failed",
      "keywords": [
        "test_contacts_lists_only_one_contact",
        "__wrapped__",
        "patchings",
        "NameSiloTestCase",
        "test_namesilo.py",
        "tests",
        "goranvrbaski@python-namesilo__4c867e65__requests__treq",
        ""
      ],
      "setup": {
        "outcome": "passed"
      },
      "call": {
        "outcome": "failed",
        "crash": {
          "path": "D:\\repos\\goranvrbaski@python-namesilo__4c867e65__requests__treq\\tests\\test_namesilo.py",
          "lineno": 159,
          "message": "AttributeError: 'NameSilo' object has no attribute 'list_contacts'"
        },
        "traceback": [
          {
            "path": "tests\\test_namesilo.py",
            "lineno": 159,
            "message": "AttributeError"
          }
        ],
        "longrepr": "self = <tests.test_namesilo.NameSiloTestCase testMethod=test_contacts_lists_only_one_contact>\nmock_content_xml = <AsyncMock name='_process_data' id='1799586856256'>\n\n    @mock.patch('namesilo.core.NameSilo._process_data')\n    def test_contacts_lists_only_one_contact(self, mock_content_xml):\n        mock_content_xml.return_value = mocked_single_contact\n>       self.assertIsInstance(self.ns.list_contacts(), list)\nE       AttributeError: 'NameSilo' object has no attribute 'list_contacts'\n\ntests\\test_namesilo.py:159: AttributeError"
      },
      "teardown": {
        "outcome": "passed"
      }
    },
    {
      "nodeid": "tests/test_namesilo.py::NameSiloTestCase::test_delete_contact",
      "lineno": 201,
      "outcome": "failed",
      "keywords": [
        "test_delete_contact",
        "__wrapped__",
        "patchings",
        "NameSiloTestCase",
        "test_namesilo.py",
        "tests",
        "goranvrbaski@python-namesilo__4c867e65__requests__treq",
        ""
      ],
      "setup": {
        "outcome": "passed"
      },
      "call": {
        "outcome": "failed",
        "crash": {
          "path": "D:\\repos\\goranvrbaski@python-namesilo__4c867e65__requests__treq\\tests\\test_namesilo.py",
          "lineno": 205,
          "message": "AttributeError: 'NameSilo' object has no attribute 'delete_contact'"
        },
        "traceback": [
          {
            "path": "tests\\test_namesilo.py",
            "lineno": 205,
            "message": "AttributeError"
          }
        ],
        "longrepr": "self = <tests.test_namesilo.NameSiloTestCase testMethod=test_delete_contact>\nmock_process = <AsyncMock name='_process_data' id='1799587238336'>\n\n    @mock.patch('namesilo.core.NameSilo._process_data')\n    def test_delete_contact(self, mock_process):\n        mock_process.return_value = dict()\n>       self.ns.delete_contact(500)\nE       AttributeError: 'NameSilo' object has no attribute 'delete_contact'\n\ntests\\test_namesilo.py:205: AttributeError"
      },
      "teardown": {
        "outcome": "passed"
      }
    },
    {
      "nodeid": "tests/test_namesilo.py::NameSiloTestCase::test_domain_check_available",
      "lineno": 75,
      "outcome": "failed",
      "keywords": [
        "test_domain_check_available",
        "__wrapped__",
        "patchings",
        "NameSiloTestCase",
        "test_namesilo.py",
        "tests",
        "goranvrbaski@python-namesilo__4c867e65__requests__treq",
        ""
      ],
      "setup": {
        "outcome": "passed"
      },
      "call": {
        "outcome": "failed",
        "crash": {
          "path": "C:\\Users\\Mohay\\AppData\\Local\\Programs\\Python\\Python312\\Lib\\unittest\\mock.py",
          "lineno": 955,
          "message": "AssertionError: Expected '_process_data' to be called once. Called 0 times."
        },
        "traceback": [
          {
            "path": "tests\\test_namesilo.py",
            "lineno": 81,
            "message": ""
          },
          {
            "path": "C:\\Users\\Mohay\\AppData\\Local\\Programs\\Python\\Python312\\Lib\\unittest\\mock.py",
            "lineno": 955,
            "message": "AssertionError"
          }
        ],
        "longrepr": "self = <tests.test_namesilo.NameSiloTestCase testMethod=test_domain_check_available>\nmock_content_xml = <AsyncMock name='_process_data' id='1799587243904'>\n\n    @mock.patch('namesilo.core.NameSilo._process_data')\n    def test_domain_check_available(self, mock_content_xml):\n        domain_name = \"some-domain.com\"\n        mock_content_xml.return_value = mocked_data\n        self.assertTrue(self.ns.check_domain(domain_name))\n>       mock_content_xml.assert_called_once_with(\n            \"checkRegisterAvailability?version=1&type=xml&key=name-silo-token&\"\n            \"domains=some-domain.com\"\n        )\n\ntests\\test_namesilo.py:81: \n_ _ _ _ _ _ _ _ _ _ _ _ _ _ _ _ _ _ _ _ _ _ _ _ _ _ _ _ _ _ _ _ _ _ _ _ _ _ _ _\n\nself = <AsyncMock name='_process_data' id='1799587243904'>\nargs = ('checkRegisterAvailability?version=1&type=xml&key=name-silo-token&domains=some-domain.com',)\nkwargs = {}, msg = \"Expected '_process_data' to be called once. Called 0 times.\"\n\n    def assert_called_once_with(self, /, *args, **kwargs):\n        \"\"\"assert that the mock was called exactly once and that that call was\n        with the specified arguments.\"\"\"\n        if not self.call_count == 1:\n            msg = (\"Expected '%s' to be called once. Called %s times.%s\"\n                   % (self._mock_name or 'mock',\n                      self.call_count,\n                      self._calls_repr()))\n>           raise AssertionError(msg)\nE           AssertionError: Expected '_process_data' to be called once. Called 0 times.\n\nC:\\Users\\Mohay\\AppData\\Local\\Programs\\Python\\Python312\\Lib\\unittest\\mock.py:955: AssertionError"
      },
      "teardown": {
        "outcome": "passed"
      }
    },
    {
      "nodeid": "tests/test_namesilo.py::NameSiloTestCase::test_domain_check_not_available",
      "lineno": 85,
      "outcome": "failed",
      "keywords": [
        "test_domain_check_not_available",
        "__wrapped__",
        "patchings",
        "NameSiloTestCase",
        "test_namesilo.py",
        "tests",
        "goranvrbaski@python-namesilo__4c867e65__requests__treq",
        ""
      ],
      "setup": {
        "outcome": "passed"
      },
      "call": {
        "outcome": "failed",
        "crash": {
          "path": "C:\\Users\\Mohay\\AppData\\Local\\Programs\\Python\\Python312\\Lib\\unittest\\case.py",
          "lineno": 721,
          "message": "AssertionError: <coroutine object NameSilo.check_domain at 0x000001A2FFC197E0> is not false"
        },
        "traceback": [
          {
            "path": "tests\\test_namesilo.py",
            "lineno": 91,
            "message": "AssertionError"
          }
        ],
        "longrepr": "self = <tests.test_namesilo.NameSiloTestCase testMethod=test_domain_check_not_available>\nmock_content_xml = <AsyncMock name='_process_data' id='1799587238336'>\n\n    @mock.patch('namesilo.core.NameSilo._process_data')\n    def test_domain_check_not_available(self, mock_content_xml):\n        domain_name = \"some-domain.com\"\n        del mocked_data['namesilo']['reply']['available']\n        mock_content_xml.return_value = mocked_data\n>       self.assertFalse(self.ns.check_domain(domain_name))\nE       AssertionError: <coroutine object NameSilo.check_domain at 0x000001A2FFC197E0> is not false\n\ntests\\test_namesilo.py:91: AssertionError"
      },
      "teardown": {
        "outcome": "passed"
      }
    },
    {
      "nodeid": "tests/test_namesilo.py::NameSiloTestCase::test_domain_price",
      "lineno": 210,
      "outcome": "failed",
      "keywords": [
        "test_domain_price",
        "__wrapped__",
        "patchings",
        "NameSiloTestCase",
        "test_namesilo.py",
        "tests",
        "goranvrbaski@python-namesilo__4c867e65__requests__treq",
        ""
      ],
      "setup": {
        "outcome": "passed"
      },
      "call": {
        "outcome": "failed",
        "crash": {
          "path": "D:\\repos\\goranvrbaski@python-namesilo__4c867e65__requests__treq\\tests\\test_namesilo.py",
          "lineno": 214,
          "message": "AttributeError: 'NameSilo' object has no attribute 'get_prices'"
        },
        "traceback": [
          {
            "path": "tests\\test_namesilo.py",
            "lineno": 214,
            "message": "AttributeError"
          }
        ],
        "longrepr": "self = <tests.test_namesilo.NameSiloTestCase testMethod=test_domain_price>\nmock_content_xml = <AsyncMock name='_process_data' id='1799587235744'>\n\n    @mock.patch('namesilo.core.NameSilo._process_data')\n    def test_domain_price(self, mock_content_xml):\n        mock_content_xml.return_value = mocked_data\n>       self.assertIsInstance(self.ns.get_prices(), dict)\nE       AttributeError: 'NameSilo' object has no attribute 'get_prices'\n\ntests\\test_namesilo.py:214: AttributeError"
      },
      "teardown": {
        "outcome": "passed"
      }
    },
    {
      "nodeid": "tests/test_namesilo.py::NameSiloTestCase::test_domain_registration",
      "lineno": 96,
      "outcome": "failed",
      "keywords": [
        "test_domain_registration",
        "__wrapped__",
        "patchings",
        "NameSiloTestCase",
        "test_namesilo.py",
        "tests",
        "goranvrbaski@python-namesilo__4c867e65__requests__treq",
        ""
      ],
      "setup": {
        "outcome": "passed"
      },
      "call": {
        "outcome": "failed",
        "crash": {
          "path": "D:\\repos\\goranvrbaski@python-namesilo__4c867e65__requests__treq\\tests\\test_namesilo.py",
          "lineno": 101,
          "message": "AttributeError: 'NameSilo' object has no attribute 'register_domain'"
        },
        "traceback": [
          {
            "path": "tests\\test_namesilo.py",
            "lineno": 101,
            "message": "AttributeError"
          }
        ],
        "longrepr": "self = <tests.test_namesilo.NameSiloTestCase testMethod=test_domain_registration>\nmock_content_xml = <AsyncMock name='_process_data' id='1799586852224'>\n\n    @mock.patch('namesilo.core.NameSilo._process_data')\n    def test_domain_registration(self, mock_content_xml):\n        domain_name = \"some-domain.com\"\n        mock_content_xml.return_value = mocked_data\n>       self.assertTrue(self.ns.register_domain(domain_name))\nE       AttributeError: 'NameSilo' object has no attribute 'register_domain'\n\ntests\\test_namesilo.py:101: AttributeError"
      },
      "teardown": {
        "outcome": "passed"
      }
    },
    {
      "nodeid": "tests/test_namesilo.py::NameSiloTestCase::test_domain_registration_fail",
      "lineno": 249,
      "outcome": "failed",
      "keywords": [
        "test_domain_registration_fail",
        "__wrapped__",
        "patchings",
        "NameSiloTestCase",
        "test_namesilo.py",
        "tests",
        "goranvrbaski@python-namesilo__4c867e65__requests__treq",
        ""
      ],
      "setup": {
        "outcome": "passed"
      },
      "call": {
        "outcome": "failed",
        "crash": {
          "path": "D:\\repos\\goranvrbaski@python-namesilo__4c867e65__requests__treq\\tests\\test_namesilo.py",
          "lineno": 255,
          "message": "AttributeError: 'NameSilo' object has no attribute 'register_domain'"
        },
        "traceback": [
          {
            "path": "tests\\test_namesilo.py",
            "lineno": 255,
            "message": "AttributeError"
          }
        ],
        "longrepr": "self = <tests.test_namesilo.NameSiloTestCase testMethod=test_domain_registration_fail>\nmock_content_xml = <AsyncMock name='_get_content_xml' id='1799587281040'>\n\n    @mock.patch('namesilo.core.NameSilo._get_content_xml')\n    def test_domain_registration_fail(self, mock_content_xml):\n        domain_name = \"some-domain.com\"\n        mocked_data['namesilo']['reply']['code'] = 261\n        mock_content_xml.return_value = mocked_data\n>       self.assertRaises(DomainProcessingError, self.ns.register_domain,\n                          domain_name)\nE       AttributeError: 'NameSilo' object has no attribute 'register_domain'\n\ntests\\test_namesilo.py:255: AttributeError"
      },
      "teardown": {
        "outcome": "passed"
      }
    },
    {
      "nodeid": "tests/test_namesilo.py::NameSiloTestCase::test_domain_renewal",
      "lineno": 106,
      "outcome": "failed",
      "keywords": [
        "test_domain_renewal",
        "__wrapped__",
        "patchings",
        "NameSiloTestCase",
        "test_namesilo.py",
        "tests",
        "goranvrbaski@python-namesilo__4c867e65__requests__treq",
        ""
      ],
      "setup": {
        "outcome": "passed"
      },
      "call": {
        "outcome": "failed",
        "crash": {
          "path": "D:\\repos\\goranvrbaski@python-namesilo__4c867e65__requests__treq\\tests\\test_namesilo.py",
          "lineno": 112,
          "message": "AttributeError: 'NameSilo' object has no attribute 'renew_domain'"
        },
        "traceback": [
          {
            "path": "tests\\test_namesilo.py",
            "lineno": 112,
            "message": "AttributeError"
          }
        ],
        "longrepr": "self = <tests.test_namesilo.NameSiloTestCase testMethod=test_domain_renewal>\nmock_content_xml = <AsyncMock name='_process_data' id='1799587274032'>\n\n    @mock.patch('namesilo.core.NameSilo._process_data')\n    def test_domain_renewal(self, mock_content_xml):\n        domain_name = \"some-domain.com\"\n        mocked_data['namesilo']['reply']['code'] = 300\n        mock_content_xml.return_value = mocked_data\n>       self.assertTrue(self.ns.renew_domain(domain_name))\nE       AttributeError: 'NameSilo' object has no attribute 'renew_domain'\n\ntests\\test_namesilo.py:112: AttributeError"
      },
      "teardown": {
        "outcome": "passed"
      }
    },
    {
      "nodeid": "tests/test_namesilo.py::NameSiloTestCase::test_get_content_xml",
      "lineno": 31,
      "outcome": "failed",
      "keywords": [
        "test_get_content_xml",
        "__wrapped__",
        "patchings",
        "NameSiloTestCase",
        "test_namesilo.py",
        "tests",
        "goranvrbaski@python-namesilo__4c867e65__requests__treq",
        ""
      ],
      "setup": {
        "outcome": "passed"
      },
      "call": {
        "outcome": "failed",
        "crash": {
          "path": "C:\\Users\\Mohay\\AppData\\Local\\Programs\\Python\\Python312\\Lib\\pkgutil.py",
          "lineno": 528,
          "message": "AttributeError: module 'namesilo.core' has no attribute 'requests'"
        },
        "traceback": [
          {
            "path": "C:\\Users\\Mohay\\AppData\\Local\\Programs\\Python\\Python312\\Lib\\unittest\\mock.py",
            "lineno": 1387,
            "message": "in patched"
          },
          {
            "path": "C:\\Users\\Mohay\\AppData\\Local\\Programs\\Python\\Python312\\Lib\\contextlib.py",
            "lineno": 137,
            "message": "in __enter__"
          },
          {
            "path": "C:\\Users\\Mohay\\AppData\\Local\\Programs\\Python\\Python312\\Lib\\unittest\\mock.py",
            "lineno": 1369,
            "message": "in decoration_helper"
          },
          {
            "path": "C:\\Users\\Mohay\\AppData\\Local\\Programs\\Python\\Python312\\Lib\\contextlib.py",
            "lineno": 526,
            "message": "in enter_context"
          },
          {
            "path": "C:\\Users\\Mohay\\AppData\\Local\\Programs\\Python\\Python312\\Lib\\unittest\\mock.py",
            "lineno": 1442,
            "message": "in __enter__"
          },
          {
            "path": "C:\\Users\\Mohay\\AppData\\Local\\Programs\\Python\\Python312\\Lib\\pkgutil.py",
            "lineno": 528,
            "message": "AttributeError"
          }
        ],
        "longrepr": "C:\\Users\\Mohay\\AppData\\Local\\Programs\\Python\\Python312\\Lib\\unittest\\mock.py:1387: in patched\n    with self.decoration_helper(patched,\nC:\\Users\\Mohay\\AppData\\Local\\Programs\\Python\\Python312\\Lib\\contextlib.py:137: in __enter__\n    return next(self.gen)\nC:\\Users\\Mohay\\AppData\\Local\\Programs\\Python\\Python312\\Lib\\unittest\\mock.py:1369: in decoration_helper\n    arg = exit_stack.enter_context(patching)\nC:\\Users\\Mohay\\AppData\\Local\\Programs\\Python\\Python312\\Lib\\contextlib.py:526: in enter_context\n    result = _enter(cm)\nC:\\Users\\Mohay\\AppData\\Local\\Programs\\Python\\Python312\\Lib\\unittest\\mock.py:1442: in __enter__\n    self.target = self.getter()\n_ _ _ _ _ _ _ _ _ _ _ _ _ _ _ _ _ _ _ _ _ _ _ _ _ _ _ _ _ _ _ _ _ _ _ _ _ _ _ _\n\nname = 'namesilo.core.requests'\n\n    def resolve_name(name):\n        \"\"\"\n        Resolve a name to an object.\n    \n        It is expected that `name` will be a string in one of the following\n        formats, where W is shorthand for a valid Python identifier and dot stands\n        for a literal period in these pseudo-regexes:\n    \n        W(.W)*\n        W(.W)*:(W(.W)*)?\n    \n        The first form is intended for backward compatibility only. It assumes that\n        some part of the dotted name is a package, and the rest is an object\n        somewhere within that package, possibly nested inside other objects.\n        Because the place where the package stops and the object hierarchy starts\n        can't be inferred by inspection, repeated attempts to import must be done\n        with this form.\n    \n        In the second form, the caller makes the division point clear through the\n        provision of a single colon: the dotted name to the left of the colon is a\n        package to be imported, and the dotted name to the right is the object\n        hierarchy within that package. Only one import is needed in this form. If\n        it ends with the colon, then a module object is returned.\n    \n        The function will return an object (which might be a module), or raise one\n        of the following exceptions:\n    \n        ValueError - if `name` isn't in a recognised format\n        ImportError - if an import failed when it shouldn't have\n        AttributeError - if a failure occurred when traversing the object hierarchy\n                         within the imported package to get to the desired object.\n        \"\"\"\n        global _NAME_PATTERN\n        if _NAME_PATTERN is None:\n            # Lazy import to speedup Python startup time\n            import re\n            dotted_words = r'(?!\\d)(\\w+)(\\.(?!\\d)(\\w+))*'\n            _NAME_PATTERN = re.compile(f'^(?P<pkg>{dotted_words})'\n                                       f'(?P<cln>:(?P<obj>{dotted_words})?)?$',\n                                       re.UNICODE)\n    \n        m = _NAME_PATTERN.match(name)\n        if not m:\n            raise ValueError(f'invalid format: {name!r}')\n        gd = m.groupdict()\n        if gd.get('cln'):\n            # there is a colon - a one-step import is all that's needed\n            mod = importlib.import_module(gd['pkg'])\n            parts = gd.get('obj')\n            parts = parts.split('.') if parts else []\n        else:\n            # no colon - have to iterate to find the package boundary\n            parts = name.split('.')\n            modname = parts.pop(0)\n            # first part *must* be a module/package.\n            mod = importlib.import_module(modname)\n            while parts:\n                p = parts[0]\n                s = f'{modname}.{p}'\n                try:\n                    mod = importlib.import_module(s)\n                    parts.pop(0)\n                    modname = s\n                except ImportError:\n                    break\n        # if we reach this point, mod is the module, already imported, and\n        # parts is the list of parts in the object hierarchy to be traversed, or\n        # an empty list if just the module is wanted.\n        result = mod\n        for p in parts:\n>           result = getattr(result, p)\nE           AttributeError: module 'namesilo.core' has no attribute 'requests'\n\nC:\\Users\\Mohay\\AppData\\Local\\Programs\\Python\\Python312\\Lib\\pkgutil.py:528: AttributeError"
      },
      "teardown": {
        "outcome": "passed"
      }
    },
    {
      "nodeid": "tests/test_namesilo.py::NameSiloTestCase::test_get_content_xml_exception",
      "lineno": 45,
      "outcome": "failed",
      "keywords": [
        "test_get_content_xml_exception",
        "__wrapped__",
        "patchings",
        "NameSiloTestCase",
        "test_namesilo.py",
        "tests",
        "goranvrbaski@python-namesilo__4c867e65__requests__treq",
        ""
      ],
      "setup": {
        "outcome": "passed"
      },
      "call": {
        "outcome": "failed",
        "crash": {
          "path": "C:\\Users\\Mohay\\AppData\\Local\\Programs\\Python\\Python312\\Lib\\pkgutil.py",
          "lineno": 528,
          "message": "AttributeError: module 'namesilo.core' has no attribute 'requests'"
        },
        "traceback": [
          {
            "path": "C:\\Users\\Mohay\\AppData\\Local\\Programs\\Python\\Python312\\Lib\\unittest\\mock.py",
            "lineno": 1387,
            "message": "in patched"
          },
          {
            "path": "C:\\Users\\Mohay\\AppData\\Local\\Programs\\Python\\Python312\\Lib\\contextlib.py",
            "lineno": 137,
            "message": "in __enter__"
          },
          {
            "path": "C:\\Users\\Mohay\\AppData\\Local\\Programs\\Python\\Python312\\Lib\\unittest\\mock.py",
            "lineno": 1369,
            "message": "in decoration_helper"
          },
          {
            "path": "C:\\Users\\Mohay\\AppData\\Local\\Programs\\Python\\Python312\\Lib\\contextlib.py",
            "lineno": 526,
            "message": "in enter_context"
          },
          {
            "path": "C:\\Users\\Mohay\\AppData\\Local\\Programs\\Python\\Python312\\Lib\\unittest\\mock.py",
            "lineno": 1442,
            "message": "in __enter__"
          },
          {
            "path": "C:\\Users\\Mohay\\AppData\\Local\\Programs\\Python\\Python312\\Lib\\pkgutil.py",
            "lineno": 528,
            "message": "AttributeError"
          }
        ],
        "longrepr": "C:\\Users\\Mohay\\AppData\\Local\\Programs\\Python\\Python312\\Lib\\unittest\\mock.py:1387: in patched\n    with self.decoration_helper(patched,\nC:\\Users\\Mohay\\AppData\\Local\\Programs\\Python\\Python312\\Lib\\contextlib.py:137: in __enter__\n    return next(self.gen)\nC:\\Users\\Mohay\\AppData\\Local\\Programs\\Python\\Python312\\Lib\\unittest\\mock.py:1369: in decoration_helper\n    arg = exit_stack.enter_context(patching)\nC:\\Users\\Mohay\\AppData\\Local\\Programs\\Python\\Python312\\Lib\\contextlib.py:526: in enter_context\n    result = _enter(cm)\nC:\\Users\\Mohay\\AppData\\Local\\Programs\\Python\\Python312\\Lib\\unittest\\mock.py:1442: in __enter__\n    self.target = self.getter()\n_ _ _ _ _ _ _ _ _ _ _ _ _ _ _ _ _ _ _ _ _ _ _ _ _ _ _ _ _ _ _ _ _ _ _ _ _ _ _ _\n\nname = 'namesilo.core.requests'\n\n    def resolve_name(name):\n        \"\"\"\n        Resolve a name to an object.\n    \n        It is expected that `name` will be a string in one of the following\n        formats, where W is shorthand for a valid Python identifier and dot stands\n        for a literal period in these pseudo-regexes:\n    \n        W(.W)*\n        W(.W)*:(W(.W)*)?\n    \n        The first form is intended for backward compatibility only. It assumes that\n        some part of the dotted name is a package, and the rest is an object\n        somewhere within that package, possibly nested inside other objects.\n        Because the place where the package stops and the object hierarchy starts\n        can't be inferred by inspection, repeated attempts to import must be done\n        with this form.\n    \n        In the second form, the caller makes the division point clear through the\n        provision of a single colon: the dotted name to the left of the colon is a\n        package to be imported, and the dotted name to the right is the object\n        hierarchy within that package. Only one import is needed in this form. If\n        it ends with the colon, then a module object is returned.\n    \n        The function will return an object (which might be a module), or raise one\n        of the following exceptions:\n    \n        ValueError - if `name` isn't in a recognised format\n        ImportError - if an import failed when it shouldn't have\n        AttributeError - if a failure occurred when traversing the object hierarchy\n                         within the imported package to get to the desired object.\n        \"\"\"\n        global _NAME_PATTERN\n        if _NAME_PATTERN is None:\n            # Lazy import to speedup Python startup time\n            import re\n            dotted_words = r'(?!\\d)(\\w+)(\\.(?!\\d)(\\w+))*'\n            _NAME_PATTERN = re.compile(f'^(?P<pkg>{dotted_words})'\n                                       f'(?P<cln>:(?P<obj>{dotted_words})?)?$',\n                                       re.UNICODE)\n    \n        m = _NAME_PATTERN.match(name)\n        if not m:\n            raise ValueError(f'invalid format: {name!r}')\n        gd = m.groupdict()\n        if gd.get('cln'):\n            # there is a colon - a one-step import is all that's needed\n            mod = importlib.import_module(gd['pkg'])\n            parts = gd.get('obj')\n            parts = parts.split('.') if parts else []\n        else:\n            # no colon - have to iterate to find the package boundary\n            parts = name.split('.')\n            modname = parts.pop(0)\n            # first part *must* be a module/package.\n            mod = importlib.import_module(modname)\n            while parts:\n                p = parts[0]\n                s = f'{modname}.{p}'\n                try:\n                    mod = importlib.import_module(s)\n                    parts.pop(0)\n                    modname = s\n                except ImportError:\n                    break\n        # if we reach this point, mod is the module, already imported, and\n        # parts is the list of parts in the object hierarchy to be traversed, or\n        # an empty list if just the module is wanted.\n        result = mod\n        for p in parts:\n>           result = getattr(result, p)\nE           AttributeError: module 'namesilo.core' has no attribute 'requests'\n\nC:\\Users\\Mohay\\AppData\\Local\\Programs\\Python\\Python312\\Lib\\pkgutil.py:528: AttributeError"
      },
      "teardown": {
        "outcome": "passed"
      }
    },
    {
      "nodeid": "tests/test_namesilo.py::NameSiloTestCase::test_get_domain_info",
      "lineno": 224,
      "outcome": "failed",
      "keywords": [
        "test_get_domain_info",
        "__wrapped__",
        "patchings",
        "NameSiloTestCase",
        "test_namesilo.py",
        "tests",
        "goranvrbaski@python-namesilo__4c867e65__requests__treq",
        ""
      ],
      "setup": {
        "outcome": "passed"
      },
      "call": {
        "outcome": "failed",
        "crash": {
          "path": "C:\\Users\\Mohay\\AppData\\Local\\Programs\\Python\\Python312\\Lib\\unittest\\case.py",
          "lineno": 715,
          "message": "AssertionError: <coroutine object NameSilo.get_domain_info at 0x000001A2FFBE92A0> is not an instance of <class 'namesilo.common.models.DomainInfo'>"
        },
        "traceback": [
          {
            "path": "tests\\test_namesilo.py",
            "lineno": 229,
            "message": "AssertionError"
          }
        ],
        "longrepr": "self = <tests.test_namesilo.NameSiloTestCase testMethod=test_get_domain_info>\nmock_content_xml = <AsyncMock name='_process_data' id='1799586732928'>\n\n    @mock.patch('namesilo.core.NameSilo._process_data')\n    def test_get_domain_info(self, mock_content_xml):\n        mock_content_xml.return_value = mocked_data\n        mocked_data['namesilo']['reply']['code'] = 300\n>       self.assertIsInstance(\n            self.ns.get_domain_info(\"some-domain.com\"), DomainInfo\n        )\nE       AssertionError: <coroutine object NameSilo.get_domain_info at 0x000001A2FFBE92A0> is not an instance of <class 'namesilo.common.models.DomainInfo'>\n\ntests\\test_namesilo.py:229: AssertionError"
      },
      "teardown": {
        "outcome": "passed"
      }
    },
    {
      "nodeid": "tests/test_namesilo.py::NameSiloTestCase::test_list_dns_records",
      "lineno": 301,
      "outcome": "failed",
      "keywords": [
        "test_list_dns_records",
        "__wrapped__",
        "patchings",
        "NameSiloTestCase",
        "test_namesilo.py",
        "tests",
        "goranvrbaski@python-namesilo__4c867e65__requests__treq",
        ""
      ],
      "setup": {
        "outcome": "passed"
      },
      "call": {
        "outcome": "failed",
        "crash": {
          "path": "D:\\repos\\goranvrbaski@python-namesilo__4c867e65__requests__treq\\tests\\test_namesilo.py",
          "lineno": 306,
          "message": "AttributeError: 'NameSilo' object has no attribute 'list_dns_records'"
        },
        "traceback": [
          {
            "path": "tests\\test_namesilo.py",
            "lineno": 306,
            "message": "AttributeError"
          }
        ],
        "longrepr": "self = <tests.test_namesilo.NameSiloTestCase testMethod=test_list_dns_records>\nmock_content_xml = <AsyncMock name='_process_data' id='1799587269664'>\n\n    @mock.patch('namesilo.core.NameSilo._process_data')\n    def test_list_dns_records(self, mock_content_xml):\n        domain_name = \"some-domain.com\"\n        mock_content_xml.return_value = mocked_data\n>       result = self.ns.list_dns_records(domain_name)\nE       AttributeError: 'NameSilo' object has no attribute 'list_dns_records'\n\ntests\\test_namesilo.py:306: AttributeError"
      },
      "teardown": {
        "outcome": "passed"
      }
    },
    {
      "nodeid": "tests/test_namesilo.py::NameSiloTestCase::test_list_domains",
      "lineno": 135,
      "outcome": "failed",
      "keywords": [
        "test_list_domains",
        "__wrapped__",
        "patchings",
        "NameSiloTestCase",
        "test_namesilo.py",
        "tests",
        "goranvrbaski@python-namesilo__4c867e65__requests__treq",
        ""
      ],
      "setup": {
        "outcome": "passed"
      },
      "call": {
        "outcome": "failed",
        "crash": {
          "path": "C:\\Users\\Mohay\\AppData\\Local\\Programs\\Python\\Python312\\Lib\\unittest\\case.py",
          "lineno": 878,
          "message": "AssertionError: <coroutine object NameSilo.list_domains at 0x000001A2FFC325A0> != ['some-example-domain.com', 'example.com']"
        },
        "traceback": [
          {
            "path": "tests\\test_namesilo.py",
            "lineno": 140,
            "message": "AssertionError"
          }
        ],
        "longrepr": "self = <tests.test_namesilo.NameSiloTestCase testMethod=test_list_domains>\nmock_content_xml = <AsyncMock name='_process_data' id='1799587278976'>\n\n    @mock.patch('namesilo.core.NameSilo._process_data')\n    def test_list_domains(self, mock_content_xml):\n        mocked_data['namesilo']['reply']['code'] = 300\n        mock_content_xml.return_value = mocked_data\n>       self.assertEqual(\n            self.ns.list_domains(),\n            mocked_data['namesilo']['reply']['domains']['domain']\n        )\nE       AssertionError: <coroutine object NameSilo.list_domains at 0x000001A2FFC325A0> != ['some-example-domain.com', 'example.com']\n\ntests\\test_namesilo.py:140: AssertionError"
      },
      "teardown": {
        "outcome": "passed"
      }
    },
    {
      "nodeid": "tests/test_namesilo.py::NameSiloTestCase::test_lock_domain",
      "lineno": 117,
      "outcome": "failed",
      "keywords": [
        "test_lock_domain",
        "__wrapped__",
        "patchings",
        "NameSiloTestCase",
        "test_namesilo.py",
        "tests",
        "goranvrbaski@python-namesilo__4c867e65__requests__treq",
        ""
      ],
      "setup": {
        "outcome": "passed"
      },
      "call": {
        "outcome": "failed",
        "crash": {
          "path": "D:\\repos\\goranvrbaski@python-namesilo__4c867e65__requests__treq\\tests\\test_namesilo.py",
          "lineno": 121,
          "message": "AttributeError: 'NameSilo' object has no attribute 'lock_domain'. Did you mean: 'check_domain'?"
        },
        "traceback": [
          {
            "path": "tests\\test_namesilo.py",
            "lineno": 121,
            "message": "AttributeError"
          }
        ],
        "longrepr": "self = <tests.test_namesilo.NameSiloTestCase testMethod=test_lock_domain>\nmock_content_xml = <AsyncMock name='_process_data' id='1799586850304'>\n\n    @mock.patch('namesilo.core.NameSilo._process_data')\n    def test_lock_domain(self, mock_content_xml):\n        mock_content_xml.return_value = mocked_data\n>       self.assertTrue(self.ns.lock_domain(\"example.com\"))\nE       AttributeError: 'NameSilo' object has no attribute 'lock_domain'. Did you mean: 'check_domain'?\n\ntests\\test_namesilo.py:121: AttributeError"
      },
      "teardown": {
        "outcome": "passed"
      }
    },
    {
      "nodeid": "tests/test_namesilo.py::NameSiloTestCase::test_process_data",
      "lineno": 22,
      "outcome": "failed",
      "keywords": [
        "test_process_data",
        "__wrapped__",
        "patchings",
        "NameSiloTestCase",
        "test_namesilo.py",
        "tests",
        "goranvrbaski@python-namesilo__4c867e65__requests__treq",
        ""
      ],
      "setup": {
        "outcome": "passed"
      },
      "call": {
        "outcome": "failed",
        "crash": {
          "path": "C:\\Users\\Mohay\\AppData\\Local\\Programs\\Python\\Python312\\Lib\\unittest\\mock.py",
          "lineno": 955,
          "message": "AssertionError: Expected '_get_content_xml' to be called once. Called 0 times."
        },
        "traceback": [
          {
            "path": "tests\\test_namesilo.py",
            "lineno": 28,
            "message": ""
          },
          {
            "path": "C:\\Users\\Mohay\\AppData\\Local\\Programs\\Python\\Python312\\Lib\\unittest\\mock.py",
            "lineno": 955,
            "message": "AssertionError"
          }
        ],
        "longrepr": "self = <tests.test_namesilo.NameSiloTestCase testMethod=test_process_data>\nmock_xml = <AsyncMock name='_get_content_xml' id='1799587239152'>\nmock_check = <MagicMock name='check_error_code' id='1799587239104'>\nmock_error_code = <MagicMock name='_get_error_code' id='1799586732160'>\n\n    @mock.patch('namesilo.core.NameSilo._get_error_code')\n    @mock.patch('namesilo.core.NameSilo.check_error_code')\n    @mock.patch('namesilo.core.NameSilo._get_content_xml')\n    def test_process_data(self, mock_xml, mock_check, mock_error_code):\n        self.ns._process_data(\"some-url-extend\")\n>       mock_xml.assert_called_once_with(\"some-url-extend\")\n\ntests\\test_namesilo.py:28: \n_ _ _ _ _ _ _ _ _ _ _ _ _ _ _ _ _ _ _ _ _ _ _ _ _ _ _ _ _ _ _ _ _ _ _ _ _ _ _ _\n\nself = <AsyncMock name='_get_content_xml' id='1799587239152'>\nargs = ('some-url-extend',), kwargs = {}\nmsg = \"Expected '_get_content_xml' to be called once. Called 0 times.\"\n\n    def assert_called_once_with(self, /, *args, **kwargs):\n        \"\"\"assert that the mock was called exactly once and that that call was\n        with the specified arguments.\"\"\"\n        if not self.call_count == 1:\n            msg = (\"Expected '%s' to be called once. Called %s times.%s\"\n                   % (self._mock_name or 'mock',\n                      self.call_count,\n                      self._calls_repr()))\n>           raise AssertionError(msg)\nE           AssertionError: Expected '_get_content_xml' to be called once. Called 0 times.\n\nC:\\Users\\Mohay\\AppData\\Local\\Programs\\Python\\Python312\\Lib\\unittest\\mock.py:955: AssertionError"
      },
      "teardown": {
        "outcome": "passed"
      }
    },
    {
      "nodeid": "tests/test_namesilo.py::NameSiloTestCase::test_production_api_url",
      "lineno": 14,
      "outcome": "passed",
      "keywords": [
        "test_production_api_url",
        "NameSiloTestCase",
        "test_namesilo.py",
        "tests",
        "goranvrbaski@python-namesilo__4c867e65__requests__treq",
        ""
      ],
      "setup": {
        "outcome": "passed"
      },
      "call": {
        "outcome": "passed"
      },
      "teardown": {
        "outcome": "passed"
      }
    },
    {
      "nodeid": "tests/test_namesilo.py::NameSiloTestCase::test_remove_auto_renew_domain",
      "lineno": 291,
      "outcome": "failed",
      "keywords": [
        "test_remove_auto_renew_domain",
        "__wrapped__",
        "patchings",
        "NameSiloTestCase",
        "test_namesilo.py",
        "tests",
        "goranvrbaski@python-namesilo__4c867e65__requests__treq",
        ""
      ],
      "setup": {
        "outcome": "passed"
      },
      "call": {
        "outcome": "failed",
        "crash": {
          "path": "D:\\repos\\goranvrbaski@python-namesilo__4c867e65__requests__treq\\tests\\test_namesilo.py",
          "lineno": 296,
          "message": "AttributeError: 'NameSilo' object has no attribute 'remove_auto_renew_domain'"
        },
        "traceback": [
          {
            "path": "tests\\test_namesilo.py",
            "lineno": 296,
            "message": "AttributeError"
          }
        ],
        "longrepr": "self = <tests.test_namesilo.NameSiloTestCase testMethod=test_remove_auto_renew_domain>\nmock_content_xml = <AsyncMock name='_process_data' id='1799588159152'>\n\n    @mock.patch('namesilo.core.NameSilo._process_data')\n    def test_remove_auto_renew_domain(self, mock_content_xml):\n        domain_name = \"some-domain.com\"\n        mock_content_xml.return_value = mocked_data\n>       self.assertTrue(self.ns.remove_auto_renew_domain(domain_name))\nE       AttributeError: 'NameSilo' object has no attribute 'remove_auto_renew_domain'\n\ntests\\test_namesilo.py:296: AttributeError"
      },
      "teardown": {
        "outcome": "passed"
      }
    },
    {
      "nodeid": "tests/test_namesilo.py::NameSiloTestCase::test_remove_domain_privacy",
      "lineno": 271,
      "outcome": "failed",
      "keywords": [
        "test_remove_domain_privacy",
        "__wrapped__",
        "patchings",
        "NameSiloTestCase",
        "test_namesilo.py",
        "tests",
        "goranvrbaski@python-namesilo__4c867e65__requests__treq",
        ""
      ],
      "setup": {
        "outcome": "passed"
      },
      "call": {
        "outcome": "failed",
        "crash": {
          "path": "D:\\repos\\goranvrbaski@python-namesilo__4c867e65__requests__treq\\tests\\test_namesilo.py",
          "lineno": 276,
          "message": "AttributeError: 'NameSilo' object has no attribute 'remove_domain_privacy'"
        },
        "traceback": [
          {
            "path": "tests\\test_namesilo.py",
            "lineno": 276,
            "message": "AttributeError"
          }
        ],
        "longrepr": "self = <tests.test_namesilo.NameSiloTestCase testMethod=test_remove_domain_privacy>\nmock_content_xml = <AsyncMock name='_process_data' id='1799588155936'>\n\n    @mock.patch('namesilo.core.NameSilo._process_data')\n    def test_remove_domain_privacy(self, mock_content_xml):\n        domain_name = \"some-domain.com\"\n        mock_content_xml.return_value = mocked_data\n>       self.assertTrue(self.ns.remove_domain_privacy(domain_name))\nE       AttributeError: 'NameSilo' object has no attribute 'remove_domain_privacy'\n\ntests\\test_namesilo.py:276: AttributeError"
      },
      "teardown": {
        "outcome": "passed"
      }
    },
    {
      "nodeid": "tests/test_namesilo.py::NameSiloTestCase::test_sandbox_api_url",
      "lineno": 18,
      "outcome": "passed",
      "keywords": [
        "test_sandbox_api_url",
        "NameSiloTestCase",
        "test_namesilo.py",
        "tests",
        "goranvrbaski@python-namesilo__4c867e65__requests__treq",
        ""
      ],
      "setup": {
        "outcome": "passed"
      },
      "call": {
        "outcome": "passed"
      },
      "teardown": {
        "outcome": "passed"
      }
    },
    {
      "nodeid": "tests/test_namesilo.py::NameSiloTestCase::test_unlock_domain",
      "lineno": 126,
      "outcome": "failed",
      "keywords": [
        "test_unlock_domain",
        "__wrapped__",
        "patchings",
        "NameSiloTestCase",
        "test_namesilo.py",
        "tests",
        "goranvrbaski@python-namesilo__4c867e65__requests__treq",
        ""
      ],
      "setup": {
        "outcome": "passed"
      },
      "call": {
        "outcome": "failed",
        "crash": {
          "path": "D:\\repos\\goranvrbaski@python-namesilo__4c867e65__requests__treq\\tests\\test_namesilo.py",
          "lineno": 130,
          "message": "AttributeError: 'NameSilo' object has no attribute 'unlock_domain'. Did you mean: 'check_domain'?"
        },
        "traceback": [
          {
            "path": "tests\\test_namesilo.py",
            "lineno": 130,
            "message": "AttributeError"
          }
        ],
        "longrepr": "self = <tests.test_namesilo.NameSiloTestCase testMethod=test_unlock_domain>\nmock_content_xml = <AsyncMock name='_process_data' id='1799588162752'>\n\n    @mock.patch('namesilo.core.NameSilo._process_data')\n    def test_unlock_domain(self, mock_content_xml):\n        mock_content_xml.return_value = mocked_data\n>       self.assertTrue(self.ns.unlock_domain(\"example.com\"))\nE       AttributeError: 'NameSilo' object has no attribute 'unlock_domain'. Did you mean: 'check_domain'?\n\ntests\\test_namesilo.py:130: AttributeError"
      },
      "teardown": {
        "outcome": "passed"
      }
    },
    {
      "nodeid": "tests/test_namesilo.py::NameSiloTestCase::test_update_contact",
      "lineno": 175,
      "outcome": "failed",
      "keywords": [
        "test_update_contact",
        "__wrapped__",
        "patchings",
        "NameSiloTestCase",
        "test_namesilo.py",
        "tests",
        "goranvrbaski@python-namesilo__4c867e65__requests__treq",
        ""
      ],
      "setup": {
        "outcome": "passed"
      },
      "call": {
        "outcome": "failed",
        "crash": {
          "path": "D:\\repos\\goranvrbaski@python-namesilo__4c867e65__requests__treq\\tests\\test_namesilo.py",
          "lineno": 192,
          "message": "AttributeError: 'NameSilo' object has no attribute 'update_contact'"
        },
        "traceback": [
          {
            "path": "tests\\test_namesilo.py",
            "lineno": 192,
            "message": "AttributeError"
          }
        ],
        "longrepr": "self = <tests.test_namesilo.NameSiloTestCase testMethod=test_update_contact>\nmock_content_xml = <AsyncMock name='_process_data' id='1799588594368'>\n\n    @mock.patch('namesilo.core.NameSilo._process_data')\n    def test_update_contact(self, mock_content_xml):\n        temp_contact = ContactModel(\n            contact_id=\"10050\",\n            first_name=\"First\",\n            last_name=\"Last\",\n            address=\"Some address\",\n            city=\"Some city\",\n            state=\"Some state\",\n            country=\"US\",\n            email=\"some.email@some-provider.com\",\n            phone=\"00381695959559\",\n            zip=\"21000\"\n        )\n        self.assertEqual(temp_contact.__str__(), \"First Last - 10050\")\n        self.assertTrue(\n>           self.ns.update_contact(temp_contact)\n        )\nE       AttributeError: 'NameSilo' object has no attribute 'update_contact'\n\ntests\\test_namesilo.py:192: AttributeError"
      },
      "teardown": {
        "outcome": "passed"
      }
    },
    {
      "nodeid": "tests/test_namesilo.py::NameSiloTestCase::test_update_dns_record",
      "lineno": 321,
      "outcome": "failed",
      "keywords": [
        "test_update_dns_record",
        "__wrapped__",
        "patchings",
        "NameSiloTestCase",
        "test_namesilo.py",
        "tests",
        "goranvrbaski@python-namesilo__4c867e65__requests__treq",
        ""
      ],
      "setup": {
        "outcome": "passed"
      },
      "call": {
        "outcome": "failed",
        "crash": {
          "path": "D:\\repos\\goranvrbaski@python-namesilo__4c867e65__requests__treq\\tests\\test_namesilo.py",
          "lineno": 325,
          "message": "AttributeError: 'NameSilo' object has no attribute 'update_dns_records'"
        },
        "traceback": [
          {
            "path": "tests\\test_namesilo.py",
            "lineno": 325,
            "message": "AttributeError"
          }
        ],
        "longrepr": "self = <tests.test_namesilo.NameSiloTestCase testMethod=test_update_dns_record>\nmock_content_xml = <AsyncMock name='_process_data' id='1799588599744'>\n\n    @mock.patch('namesilo.core.NameSilo._process_data')\n    def test_update_dns_record(self, mock_content_xml):\n        mock_content_xml.return_value = mocked_data\n>       record_id = self.ns.update_dns_records(\n            \"some-domain.com\", \"e3f383786a647e83c49c6082c7ce8014\", \"test.some-domain.com\", \"192.168.71.55\"\n        )\nE       AttributeError: 'NameSilo' object has no attribute 'update_dns_records'\n\ntests\\test_namesilo.py:325: AttributeError"
      },
      "teardown": {
        "outcome": "passed"
      }
    }
  ],
  "warnings": [
    {
      "message": "coroutine 'NameSilo.change_domain_nameservers' was never awaited",
      "category": "RuntimeWarning",
      "when": "runtest",
      "filename": "D:\\repos\\goranvrbaski@python-namesilo__4c867e65__requests__treq\\tests\\test_namesilo.py",
      "lineno": 240
    },
    {
      "message": "coroutine 'NameSilo.check_domain' was never awaited",
      "category": "RuntimeWarning",
      "when": "runtest",
      "filename": "D:\\repos\\goranvrbaski@python-namesilo__4c867e65__requests__treq\\tests\\test_namesilo.py",
      "lineno": 80
    },
    {
      "message": "coroutine 'NameSilo._process_data' was never awaited",
      "category": "RuntimeWarning",
      "when": "runtest",
      "filename": "D:\\repos\\goranvrbaski@python-namesilo__4c867e65__requests__treq\\tests\\test_namesilo.py",
      "lineno": 27
    }
  ]
}