{
  "exitcode": 1,
  "summary": {
    "failed": 42,
    "passed": 7,
    "total": 49,
    "collected": 49
  },
  "collectors": [
    {
      "nodeid": "",
      "outcome": "passed",
      "result": [
        {
          "nodeid": ".",
          "type": "Dir"
        }
      ]
    },
    {
      "nodeid": "example",
      "outcome": "passed",
      "result": []
    },
    {
      "nodeid": "img",
      "outcome": "passed",
      "result": []
    },
    {
      "nodeid": "sleeper/api",
      "outcome": "passed",
      "result": []
    },
    {
      "nodeid": "sleeper",
      "outcome": "passed",
      "result": [
        {
          "nodeid": "sleeper/api",
          "type": "Package"
        }
      ]
    },
    {
      "nodeid": "sleeper.egg-info",
      "outcome": "passed",
      "result": []
    },
    {
      "nodeid": "test/integration/test_api/test_avatar.py::TestAvatar",
      "outcome": "passed",
      "result": [
        {
          "nodeid": "test/integration/test_api/test_avatar.py::TestAvatar::test_get_avatar_as_thumbnail",
          "type": "TestCaseFunction",
          "lineno": 22
        },
        {
          "nodeid": "test/integration/test_api/test_avatar.py::TestAvatar::test_get_avatar_defaults",
          "type": "TestCaseFunction",
          "lineno": 18
        }
      ]
    },
    {
      "nodeid": "test/integration/test_api/test_avatar.py",
      "outcome": "passed",
      "result": [
        {
          "nodeid": "test/integration/test_api/test_avatar.py::TestAvatar",
          "type": "UnitTestCase"
        }
      ]
    },
    {
      "nodeid": "test/integration/test_api/test_draft.py::TestDraft",
      "outcome": "passed",
      "result": [
        {
          "nodeid": "test/integration/test_api/test_draft.py::TestDraft::test_get_draft",
          "type": "TestCaseFunction",
          "lineno": 33
        },
        {
          "nodeid": "test/integration/test_api/test_draft.py::TestDraft::test_get_drafts_in_league",
          "type": "TestCaseFunction",
          "lineno": 29
        },
        {
          "nodeid": "test/integration/test_api/test_draft.py::TestDraft::test_get_player_draft_picks",
          "type": "TestCaseFunction",
          "lineno": 37
        },
        {
          "nodeid": "test/integration/test_api/test_draft.py::TestDraft::test_get_traded_draft_picks",
          "type": "TestCaseFunction",
          "lineno": 43
        },
        {
          "nodeid": "test/integration/test_api/test_draft.py::TestDraft::test_get_user_drafts_for_year_happy_path",
          "type": "TestCaseFunction",
          "lineno": 23
        }
      ]
    },
    {
      "nodeid": "test/integration/test_api/test_draft.py",
      "outcome": "passed",
      "result": [
        {
          "nodeid": "test/integration/test_api/test_draft.py::TestDraft",
          "type": "UnitTestCase"
        }
      ]
    },
    {
      "nodeid": "test/integration/test_api/test_league.py::TestLeague",
      "outcome": "passed",
      "result": [
        {
          "nodeid": "test/integration/test_api/test_league.py::TestLeague::test_get_league",
          "type": "TestCaseFunction",
          "lineno": 31
        },
        {
          "nodeid": "test/integration/test_api/test_league.py::TestLeague::test_get_losers_bracket",
          "type": "TestCaseFunction",
          "lineno": 61
        },
        {
          "nodeid": "test/integration/test_api/test_league.py::TestLeague::test_get_matchups_for_week",
          "type": "TestCaseFunction",
          "lineno": 53
        },
        {
          "nodeid": "test/integration/test_api/test_league.py::TestLeague::test_get_rosters",
          "type": "TestCaseFunction",
          "lineno": 41
        },
        {
          "nodeid": "test/integration/test_api/test_league.py::TestLeague::test_get_sport_state",
          "type": "TestCaseFunction",
          "lineno": 73
        },
        {
          "nodeid": "test/integration/test_api/test_league.py::TestLeague::test_get_traded_picks",
          "type": "TestCaseFunction",
          "lineno": 69
        },
        {
          "nodeid": "test/integration/test_api/test_league.py::TestLeague::test_get_transactions",
          "type": "TestCaseFunction",
          "lineno": 65
        },
        {
          "nodeid": "test/integration/test_api/test_league.py::TestLeague::test_get_user_leagues_for_year",
          "type": "TestCaseFunction",
          "lineno": 35
        },
        {
          "nodeid": "test/integration/test_api/test_league.py::TestLeague::test_get_users_in_league",
          "type": "TestCaseFunction",
          "lineno": 49
        },
        {
          "nodeid": "test/integration/test_api/test_league.py::TestLeague::test_get_winners_bracket",
          "type": "TestCaseFunction",
          "lineno": 57
        }
      ]
    },
    {
      "nodeid": "test/integration/test_api/test_league.py",
      "outcome": "passed",
      "result": [
        {
          "nodeid": "test/integration/test_api/test_league.py::TestLeague",
          "type": "UnitTestCase"
        }
      ]
    },
    {
      "nodeid": "test/integration/test_api/test_player.py::TestPlayer",
      "outcome": "passed",
      "result": [
        {
          "nodeid": "test/integration/test_api/test_player.py::TestPlayer::test_get_all_players",
          "type": "TestCaseFunction",
          "lineno": 6
        },
        {
          "nodeid": "test/integration/test_api/test_player.py::TestPlayer::test_get_trending_players",
          "type": "TestCaseFunction",
          "lineno": 14
        }
      ]
    },
    {
      "nodeid": "test/integration/test_api/test_player.py",
      "outcome": "passed",
      "result": [
        {
          "nodeid": "test/integration/test_api/test_player.py::TestPlayer",
          "type": "UnitTestCase"
        }
      ]
    },
    {
      "nodeid": "test/integration/test_api/test_user.py::TestUser",
      "outcome": "passed",
      "result": [
        {
          "nodeid": "test/integration/test_api/test_user.py::TestUser::test_get_user_with_user_id_as_identifier",
          "type": "TestCaseFunction",
          "lineno": 11
        },
        {
          "nodeid": "test/integration/test_api/test_user.py::TestUser::test_get_user_with_username_as_identifier",
          "type": "TestCaseFunction",
          "lineno": 15
        }
      ]
    },
    {
      "nodeid": "test/integration/test_api/test_user.py",
      "outcome": "passed",
      "result": [
        {
          "nodeid": "test/integration/test_api/test_user.py::TestUser",
          "type": "UnitTestCase"
        }
      ]
    },
    {
      "nodeid": "test/integration/test_api",
      "outcome": "passed",
      "result": [
        {
          "nodeid": "test/integration/test_api/test_avatar.py",
          "type": "Module"
        },
        {
          "nodeid": "test/integration/test_api/test_draft.py",
          "type": "Module"
        },
        {
          "nodeid": "test/integration/test_api/test_league.py",
          "type": "Module"
        },
        {
          "nodeid": "test/integration/test_api/test_player.py",
          "type": "Module"
        },
        {
          "nodeid": "test/integration/test_api/test_user.py",
          "type": "Module"
        }
      ]
    },
    {
      "nodeid": "test/integration/util/bin",
      "outcome": "passed",
      "result": []
    },
    {
      "nodeid": "test/integration/util",
      "outcome": "passed",
      "result": [
        {
          "nodeid": "test/integration/util/bin",
          "type": "Dir"
        }
      ]
    },
    {
      "nodeid": "test/integration",
      "outcome": "passed",
      "result": [
        {
          "nodeid": "test/integration/test_api",
          "type": "Package"
        },
        {
          "nodeid": "test/integration/util",
          "type": "Dir"
        }
      ]
    },
    {
      "nodeid": "test/unit/helper",
      "outcome": "passed",
      "result": []
    },
    {
      "nodeid": "test/unit/test_api/test_avatar.py::TestAvatar",
      "outcome": "passed",
      "result": [
        {
          "nodeid": "test/unit/test_api/test_avatar.py::TestAvatar::test_get_avatar_as_thumbnail",
          "type": "TestCaseFunction",
          "lineno": 19
        },
        {
          "nodeid": "test/unit/test_api/test_avatar.py::TestAvatar::test_get_avatar_defaults",
          "type": "TestCaseFunction",
          "lineno": 8
        }
      ]
    },
    {
      "nodeid": "test/unit/test_api/test_avatar.py",
      "outcome": "passed",
      "result": [
        {
          "nodeid": "test/unit/test_api/test_avatar.py::TestAvatar",
          "type": "UnitTestCase"
        }
      ]
    },
    {
      "nodeid": "test/unit/test_api/test_draft.py::TestDraft",
      "outcome": "passed",
      "result": [
        {
          "nodeid": "test/unit/test_api/test_draft.py::TestDraft::test_get_draft",
          "type": "TestCaseFunction",
          "lineno": 40
        },
        {
          "nodeid": "test/unit/test_api/test_draft.py::TestDraft::test_get_drafts_in_league",
          "type": "TestCaseFunction",
          "lineno": 27
        },
        {
          "nodeid": "test/unit/test_api/test_draft.py::TestDraft::test_get_player_draft_picks",
          "type": "TestCaseFunction",
          "lineno": 53
        },
        {
          "nodeid": "test/unit/test_api/test_draft.py::TestDraft::test_get_traded_draft_picks",
          "type": "TestCaseFunction",
          "lineno": 66
        },
        {
          "nodeid": "test/unit/test_api/test_draft.py::TestDraft::test_get_user_drafts_for_year_happy_path",
          "type": "TestCaseFunction",
          "lineno": 14
        }
      ]
    },
    {
      "nodeid": "test/unit/test_api/test_draft.py",
      "outcome": "passed",
      "result": [
        {
          "nodeid": "test/unit/test_api/test_draft.py::TestDraft",
          "type": "UnitTestCase"
        }
      ]
    },
    {
      "nodeid": "test/unit/test_api/test_league.py::TestLeague",
      "outcome": "passed",
      "result": [
        {
          "nodeid": "test/unit/test_api/test_league.py::TestLeague::test_get_league",
          "type": "TestCaseFunction",
          "lineno": 19
        },
        {
          "nodeid": "test/unit/test_api/test_league.py::TestLeague::test_get_losers_bracket",
          "type": "TestCaseFunction",
          "lineno": 97
        },
        {
          "nodeid": "test/unit/test_api/test_league.py::TestLeague::test_get_matchups_for_week",
          "type": "TestCaseFunction",
          "lineno": 71
        },
        {
          "nodeid": "test/unit/test_api/test_league.py::TestLeague::test_get_rosters",
          "type": "TestCaseFunction",
          "lineno": 45
        },
        {
          "nodeid": "test/unit/test_api/test_league.py::TestLeague::test_get_sport_state",
          "type": "TestCaseFunction",
          "lineno": 136
        },
        {
          "nodeid": "test/unit/test_api/test_league.py::TestLeague::test_get_traded_picks",
          "type": "TestCaseFunction",
          "lineno": 123
        },
        {
          "nodeid": "test/unit/test_api/test_league.py::TestLeague::test_get_transactions",
          "type": "TestCaseFunction",
          "lineno": 110
        },
        {
          "nodeid": "test/unit/test_api/test_league.py::TestLeague::test_get_user_leagues_for_year",
          "type": "TestCaseFunction",
          "lineno": 32
        },
        {
          "nodeid": "test/unit/test_api/test_league.py::TestLeague::test_get_users_in_league",
          "type": "TestCaseFunction",
          "lineno": 58
        },
        {
          "nodeid": "test/unit/test_api/test_league.py::TestLeague::test_get_winners_bracket",
          "type": "TestCaseFunction",
          "lineno": 84
        }
      ]
    },
    {
      "nodeid": "test/unit/test_api/test_league.py",
      "outcome": "passed",
      "result": [
        {
          "nodeid": "test/unit/test_api/test_league.py::TestLeague",
          "type": "UnitTestCase"
        }
      ]
    },
    {
      "nodeid": "test/unit/test_api/test_player.py::TestPlayer",
      "outcome": "passed",
      "result": [
        {
          "nodeid": "test/unit/test_api/test_player.py::TestPlayer::test_get_all_players",
          "type": "TestCaseFunction",
          "lineno": 8
        },
        {
          "nodeid": "test/unit/test_api/test_player.py::TestPlayer::test_get_trending_players_with_defaults",
          "type": "TestCaseFunction",
          "lineno": 21
        },
        {
          "nodeid": "test/unit/test_api/test_player.py::TestPlayer::test_get_trending_players_with_optional_params_given",
          "type": "TestCaseFunction",
          "lineno": 34
        }
      ]
    },
    {
      "nodeid": "test/unit/test_api/test_player.py",
      "outcome": "passed",
      "result": [
        {
          "nodeid": "test/unit/test_api/test_player.py::TestPlayer",
          "type": "UnitTestCase"
        }
      ]
    },
    {
      "nodeid": "test/unit/test_api/test_user.py::TestUser",
      "outcome": "passed",
      "result": [
        {
          "nodeid": "test/unit/test_api/test_user.py::TestUser::test_get_user",
          "type": "TestCaseFunction",
          "lineno": 8
        }
      ]
    },
    {
      "nodeid": "test/unit/test_api/test_user.py",
      "outcome": "passed",
      "result": [
        {
          "nodeid": "test/unit/test_api/test_user.py::TestUser",
          "type": "UnitTestCase"
        }
      ]
    },
    {
      "nodeid": "test/unit/test_api/test_utils.py::TestUtils",
      "outcome": "passed",
      "result": [
        {
          "nodeid": "test/unit/test_api/test_utils.py::TestUtils::test_add_filters_filters_given",
          "type": "TestCaseFunction",
          "lineno": 26
        },
        {
          "nodeid": "test/unit/test_api/test_utils.py::TestUtils::test_add_filters_no_filters_given",
          "type": "TestCaseFunction",
          "lineno": 22
        },
        {
          "nodeid": "test/unit/test_api/test_utils.py::TestUtils::test_add_filters_url_already_has_filters",
          "type": "TestCaseFunction",
          "lineno": 30
        },
        {
          "nodeid": "test/unit/test_api/test_utils.py::TestUtils::test_build_route_base_url_ends_with_slash",
          "type": "TestCaseFunction",
          "lineno": 14
        },
        {
          "nodeid": "test/unit/test_api/test_utils.py::TestUtils::test_build_route_ending_path_ends_with_slash",
          "type": "TestCaseFunction",
          "lineno": 18
        },
        {
          "nodeid": "test/unit/test_api/test_utils.py::TestUtils::test_build_route_with_int_and_str_paths",
          "type": "TestCaseFunction",
          "lineno": 10
        },
        {
          "nodeid": "test/unit/test_api/test_utils.py::TestUtils::test_build_route_with_str_paths",
          "type": "TestCaseFunction",
          "lineno": 6
        }
      ]
    },
    {
      "nodeid": "test/unit/test_api/test_utils.py",
      "outcome": "passed",
      "result": [
        {
          "nodeid": "test/unit/test_api/test_utils.py::TestUtils",
          "type": "UnitTestCase"
        }
      ]
    },
    {
      "nodeid": "test/unit/test_api",
      "outcome": "passed",
      "result": [
        {
          "nodeid": "test/unit/test_api/test_avatar.py",
          "type": "Module"
        },
        {
          "nodeid": "test/unit/test_api/test_draft.py",
          "type": "Module"
        },
        {
          "nodeid": "test/unit/test_api/test_league.py",
          "type": "Module"
        },
        {
          "nodeid": "test/unit/test_api/test_player.py",
          "type": "Module"
        },
        {
          "nodeid": "test/unit/test_api/test_user.py",
          "type": "Module"
        },
        {
          "nodeid": "test/unit/test_api/test_utils.py",
          "type": "Module"
        }
      ]
    },
    {
      "nodeid": "test/unit",
      "outcome": "passed",
      "result": [
        {
          "nodeid": "test/unit/helper",
          "type": "Dir"
        },
        {
          "nodeid": "test/unit/test_api",
          "type": "Package"
        }
      ]
    },
    {
      "nodeid": "test",
      "outcome": "passed",
      "result": [
        {
          "nodeid": "test/integration",
          "type": "Package"
        },
        {
          "nodeid": "test/unit",
          "type": "Package"
        }
      ]
    },
    {
      "nodeid": ".",
      "outcome": "passed",
      "result": [
        {
          "nodeid": "example",
          "type": "Dir"
        },
        {
          "nodeid": "img",
          "type": "Dir"
        },
        {
          "nodeid": "sleeper",
          "type": "Package"
        },
        {
          "nodeid": "sleeper.egg-info",
          "type": "Dir"
        },
        {
          "nodeid": "test",
          "type": "Package"
        }
      ]
    }
  ],
  "tests": [
    {
      "nodeid": "test/integration/test_api/test_avatar.py::TestAvatar::test_get_avatar_as_thumbnail",
      "lineno": 22,
      "outcome": "failed",
      "keywords": [
        "test_get_avatar_as_thumbnail",
        "TestAvatar",
        "test_avatar.py",
        "test_api",
        "integration",
        "test",
        "joeyagreco@sleeper__f5beb770__requests__aiohttp",
        ""
      ],
      "setup": {
        "outcome": "passed"
      },
      "call": {
        "outcome": "failed",
        "crash": {
          "path": "C:\\Users\\Mohay\\AppData\\Local\\Programs\\Python\\Python312\\Lib\\unittest\\case.py",
          "lineno": 878,
          "message": "AssertionError: b'\\x89PNG\\r\\n\\x1a\\n\\x00\\x00\\x00\\rIHDR\\x00[19249 chars]\\x82' != <coroutine object get_content at 0x0000013432A02740>"
        },
        "traceback": [
          {
            "path": "test\\integration\\test_api\\test_avatar.py",
            "lineno": 25,
            "message": "AssertionError"
          }
        ],
        "longrepr": "self = <test.integration.test_api.test_avatar.TestAvatar testMethod=test_get_avatar_as_thumbnail>\n\n    def test_get_avatar_as_thumbnail(self):\n        response = get_avatar(avatar_id=USER_B_AVATAR_ID, as_thumbnail=True)\n>       self.assertEqual(self._SLEEPER_THUMBNAIL_AVATAR_BYTES, response)\nE       AssertionError: b'\\x89PNG\\r\\n\\x1a\\n\\x00\\x00\\x00\\rIHDR\\x00[19249 chars]\\x82' != <coroutine object get_content at 0x0000013432A02740>\n\ntest\\integration\\test_api\\test_avatar.py:25: AssertionError"
      },
      "teardown": {
        "outcome": "passed"
      }
    },
    {
      "nodeid": "test/integration/test_api/test_avatar.py::TestAvatar::test_get_avatar_defaults",
      "lineno": 18,
      "outcome": "failed",
      "keywords": [
        "test_get_avatar_defaults",
        "TestAvatar",
        "test_avatar.py",
        "test_api",
        "integration",
        "test",
        "joeyagreco@sleeper__f5beb770__requests__aiohttp",
        ""
      ],
      "setup": {
        "outcome": "passed"
      },
      "call": {
        "outcome": "failed",
        "crash": {
          "path": "C:\\Users\\Mohay\\AppData\\Local\\Programs\\Python\\Python312\\Lib\\unittest\\case.py",
          "lineno": 878,
          "message": "AssertionError: b'\\x89PNG\\r\\n\\x1a\\n\\x00\\x00\\x00\\rIHDR\\x00[195848 chars]\\x82' != <coroutine object get_content at 0x0000013432A03940>"
        },
        "traceback": [
          {
            "path": "test\\integration\\test_api\\test_avatar.py",
            "lineno": 21,
            "message": "AssertionError"
          }
        ],
        "longrepr": "self = <test.integration.test_api.test_avatar.TestAvatar testMethod=test_get_avatar_defaults>\n\n    def test_get_avatar_defaults(self):\n        response = get_avatar(avatar_id=USER_B_AVATAR_ID)\n>       self.assertEqual(self._SLEEPER_AVATAR_BYTES, response)\nE       AssertionError: b'\\x89PNG\\r\\n\\x1a\\n\\x00\\x00\\x00\\rIHDR\\x00[195848 chars]\\x82' != <coroutine object get_content at 0x0000013432A03940>\n\ntest\\integration\\test_api\\test_avatar.py:21: AssertionError"
      },
      "teardown": {
        "outcome": "passed"
      }
    },
    {
      "nodeid": "test/integration/test_api/test_draft.py::TestDraft::test_get_draft",
      "lineno": 33,
      "outcome": "failed",
      "keywords": [
        "test_get_draft",
        "TestDraft",
        "test_draft.py",
        "test_api",
        "integration",
        "test",
        "joeyagreco@sleeper__f5beb770__requests__aiohttp",
        ""
      ],
      "setup": {
        "outcome": "passed"
      },
      "call": {
        "outcome": "failed",
        "crash": {
          "path": "C:\\Users\\Mohay\\AppData\\Local\\Programs\\Python\\Python312\\Lib\\unittest\\case.py",
          "lineno": 878,
          "message": "AssertionError: {'created': 1662924372208, 'creators': ['[950 chars]ake'} != <coroutine object get at 0x0000013432AB4540>"
        },
        "traceback": [
          {
            "path": "test\\integration\\test_api\\test_draft.py",
            "lineno": 36,
            "message": "AssertionError"
          }
        ],
        "longrepr": "self = <test.integration.test_api.test_draft.TestDraft testMethod=test_get_draft>\n\n    def test_get_draft(self):\n        response = get_draft(draft_id=LEAGUE_A_DRAFT_ID_1)\n>       self.assertEqual(LEAGUE_A_DRAFT_1, response)\nE       AssertionError: {'created': 1662924372208, 'creators': ['[950 chars]ake'} != <coroutine object get at 0x0000013432AB4540>\n\ntest\\integration\\test_api\\test_draft.py:36: AssertionError"
      },
      "teardown": {
        "outcome": "passed"
      }
    },
    {
      "nodeid": "test/integration/test_api/test_draft.py::TestDraft::test_get_drafts_in_league",
      "lineno": 29,
      "outcome": "failed",
      "keywords": [
        "test_get_drafts_in_league",
        "TestDraft",
        "test_draft.py",
        "test_api",
        "integration",
        "test",
        "joeyagreco@sleeper__f5beb770__requests__aiohttp",
        ""
      ],
      "setup": {
        "outcome": "passed"
      },
      "call": {
        "outcome": "failed",
        "crash": {
          "path": "C:\\Users\\Mohay\\AppData\\Local\\Programs\\Python\\Python312\\Lib\\unittest\\case.py",
          "lineno": 878,
          "message": "AssertionError: [{'created': 1662924372208, 'creators': [[881 chars]ke'}] != <coroutine object get at 0x0000013432A02540>"
        },
        "traceback": [
          {
            "path": "test\\integration\\test_api\\test_draft.py",
            "lineno": 32,
            "message": "AssertionError"
          }
        ],
        "longrepr": "self = <test.integration.test_api.test_draft.TestDraft testMethod=test_get_drafts_in_league>\n\n    def test_get_drafts_in_league(self):\n        response = get_drafts_in_league(league_id=LEAGUE_A_LEAGUE_ID)\n>       self.assertEqual(LEAGUE_A_DRAFTS, response)\nE       AssertionError: [{'created': 1662924372208, 'creators': [[881 chars]ke'}] != <coroutine object get at 0x0000013432A02540>\n\ntest\\integration\\test_api\\test_draft.py:32: AssertionError"
      },
      "teardown": {
        "outcome": "passed"
      }
    },
    {
      "nodeid": "test/integration/test_api/test_draft.py::TestDraft::test_get_player_draft_picks",
      "lineno": 37,
      "outcome": "failed",
      "keywords": [
        "test_get_player_draft_picks",
        "TestDraft",
        "test_draft.py",
        "test_api",
        "integration",
        "test",
        "joeyagreco@sleeper__f5beb770__requests__aiohttp",
        ""
      ],
      "setup": {
        "outcome": "passed"
      },
      "call": {
        "outcome": "failed",
        "crash": {
          "path": "C:\\Users\\Mohay\\AppData\\Local\\Programs\\Python\\Python312\\Lib\\unittest\\case.py",
          "lineno": 878,
          "message": "AssertionError: [{'draft_id': '874771855859945472', 'draf[10172 chars]: 4}] != <coroutine object get at 0x0000013432AB4840>"
        },
        "traceback": [
          {
            "path": "test\\integration\\test_api\\test_draft.py",
            "lineno": 42,
            "message": "AssertionError"
          }
        ],
        "longrepr": "self = <test.integration.test_api.test_draft.TestDraft testMethod=test_get_player_draft_picks>\n\n    def test_get_player_draft_picks(self):\n        response = get_player_draft_picks(\n            draft_id=LEAGUE_A_DRAFT_ID_1,\n        )\n>       self.assertEqual(USER_A_DRAFT_PICKS_DRAFT_ID_1_2023, response)\nE       AssertionError: [{'draft_id': '874771855859945472', 'draf[10172 chars]: 4}] != <coroutine object get at 0x0000013432AB4840>\n\ntest\\integration\\test_api\\test_draft.py:42: AssertionError"
      },
      "teardown": {
        "outcome": "passed"
      }
    },
    {
      "nodeid": "test/integration/test_api/test_draft.py::TestDraft::test_get_traded_draft_picks",
      "lineno": 43,
      "outcome": "failed",
      "keywords": [
        "test_get_traded_draft_picks",
        "TestDraft",
        "test_draft.py",
        "test_api",
        "integration",
        "test",
        "joeyagreco@sleeper__f5beb770__requests__aiohttp",
        ""
      ],
      "setup": {
        "outcome": "passed"
      },
      "call": {
        "outcome": "failed",
        "crash": {
          "path": "C:\\Users\\Mohay\\AppData\\Local\\Programs\\Python\\Python312\\Lib\\unittest\\case.py",
          "lineno": 878,
          "message": "AssertionError: [{'round': 8, 'season': '2024', 'draft_id[554 chars]: 6}] != <coroutine object get at 0x0000013432AB4D40>"
        },
        "traceback": [
          {
            "path": "test\\integration\\test_api\\test_draft.py",
            "lineno": 46,
            "message": "AssertionError"
          }
        ],
        "longrepr": "self = <test.integration.test_api.test_draft.TestDraft testMethod=test_get_traded_draft_picks>\n\n    def test_get_traded_draft_picks(self):\n        response = get_traded_draft_picks(draft_id=LEAGUE_A_DRAFT_ID_2)\n>       self.assertEqual(LEAGUE_A_DRAFT_ID_2_TRADED_PICKS, response)\nE       AssertionError: [{'round': 8, 'season': '2024', 'draft_id[554 chars]: 6}] != <coroutine object get at 0x0000013432AB4D40>\n\ntest\\integration\\test_api\\test_draft.py:46: AssertionError"
      },
      "teardown": {
        "outcome": "passed"
      }
    },
    {
      "nodeid": "test/integration/test_api/test_draft.py::TestDraft::test_get_user_drafts_for_year_happy_path",
      "lineno": 23,
      "outcome": "failed",
      "keywords": [
        "test_get_user_drafts_for_year_happy_path",
        "TestDraft",
        "test_draft.py",
        "test_api",
        "integration",
        "test",
        "joeyagreco@sleeper__f5beb770__requests__aiohttp",
        ""
      ],
      "setup": {
        "outcome": "passed"
      },
      "call": {
        "outcome": "failed",
        "crash": {
          "path": "C:\\Users\\Mohay\\AppData\\Local\\Programs\\Python\\Python312\\Lib\\unittest\\case.py",
          "lineno": 878,
          "message": "AssertionError: [{'created': 1693364455045, 'creators': N[3385 chars]ke'}] != <coroutine object get at 0x0000013432AB5440>"
        },
        "traceback": [
          {
            "path": "test\\integration\\test_api\\test_draft.py",
            "lineno": 28,
            "message": "AssertionError"
          }
        ],
        "longrepr": "self = <test.integration.test_api.test_draft.TestDraft testMethod=test_get_user_drafts_for_year_happy_path>\n\n    def test_get_user_drafts_for_year_happy_path(self):\n        response = get_user_drafts_for_year(\n            user_id=USER_A_USER_ID, sport=\"nfl\", year=2023\n        )\n>       self.assertEqual(USER_A_DRAFTS_2023, response)\nE       AssertionError: [{'created': 1693364455045, 'creators': N[3385 chars]ke'}] != <coroutine object get at 0x0000013432AB5440>\n\ntest\\integration\\test_api\\test_draft.py:28: AssertionError"
      },
      "teardown": {
        "outcome": "passed"
      }
    },
    {
      "nodeid": "test/integration/test_api/test_league.py::TestLeague::test_get_league",
      "lineno": 31,
      "outcome": "failed",
      "keywords": [
        "test_get_league",
        "TestLeague",
        "test_league.py",
        "test_api",
        "integration",
        "test",
        "joeyagreco@sleeper__f5beb770__requests__aiohttp",
        ""
      ],
      "setup": {
        "outcome": "passed"
      },
      "call": {
        "outcome": "failed",
        "crash": {
          "path": "C:\\Users\\Mohay\\AppData\\Local\\Programs\\Python\\Python312\\Lib\\unittest\\case.py",
          "lineno": 878,
          "message": "AssertionError: {'name': 'Kick Picks', 'status': 'complet[2796 chars]': 6} != <coroutine object get at 0x0000013432A03E40>"
        },
        "traceback": [
          {
            "path": "test\\integration\\test_api\\test_league.py",
            "lineno": 34,
            "message": "AssertionError"
          }
        ],
        "longrepr": "self = <test.integration.test_api.test_league.TestLeague testMethod=test_get_league>\n\n    def test_get_league(self):\n        response = get_league(league_id=LEAGUE_A_LEAGUE_ID)\n>       self.assertEqual(LEAGUE_A_LEAGUE, response)\nE       AssertionError: {'name': 'Kick Picks', 'status': 'complet[2796 chars]': 6} != <coroutine object get at 0x0000013432A03E40>\n\ntest\\integration\\test_api\\test_league.py:34: AssertionError"
      },
      "teardown": {
        "outcome": "passed"
      }
    },
    {
      "nodeid": "test/integration/test_api/test_league.py::TestLeague::test_get_losers_bracket",
      "lineno": 61,
      "outcome": "failed",
      "keywords": [
        "test_get_losers_bracket",
        "TestLeague",
        "test_league.py",
        "test_api",
        "integration",
        "test",
        "joeyagreco@sleeper__f5beb770__requests__aiohttp",
        ""
      ],
      "setup": {
        "outcome": "passed"
      },
      "call": {
        "outcome": "failed",
        "crash": {
          "path": "C:\\Users\\Mohay\\AppData\\Local\\Programs\\Python\\Python312\\Lib\\unittest\\case.py",
          "lineno": 878,
          "message": "AssertionError: [{'p': 1, 'm': 1, 'r': 1, 'l': 4, 'w': 6, 't1': 4, 't2': 6}] != <coroutine object get at 0x0000013432AB4A40>"
        },
        "traceback": [
          {
            "path": "test\\integration\\test_api\\test_league.py",
            "lineno": 64,
            "message": "AssertionError"
          }
        ],
        "longrepr": "self = <test.integration.test_api.test_league.TestLeague testMethod=test_get_losers_bracket>\n\n    def test_get_losers_bracket(self):\n        response = get_losers_bracket(league_id=LEAGUE_B_LEAGUE_ID)\n>       self.assertEqual(LEAGUE_B_LOSERS_BRACKET, response)\nE       AssertionError: [{'p': 1, 'm': 1, 'r': 1, 'l': 4, 'w': 6, 't1': 4, 't2': 6}] != <coroutine object get at 0x0000013432AB4A40>\n\ntest\\integration\\test_api\\test_league.py:64: AssertionError"
      },
      "teardown": {
        "outcome": "passed"
      }
    },
    {
      "nodeid": "test/integration/test_api/test_league.py::TestLeague::test_get_matchups_for_week",
      "lineno": 53,
      "outcome": "failed",
      "keywords": [
        "test_get_matchups_for_week",
        "TestLeague",
        "test_league.py",
        "test_api",
        "integration",
        "test",
        "joeyagreco@sleeper__f5beb770__requests__aiohttp",
        ""
      ],
      "setup": {
        "outcome": "passed"
      },
      "call": {
        "outcome": "failed",
        "crash": {
          "path": "C:\\Users\\Mohay\\AppData\\Local\\Programs\\Python\\Python312\\Lib\\unittest\\case.py",
          "lineno": 878,
          "message": "AssertionError: [{'points': -2.75, 'players': ['10955', '[1602 chars]75}}] != <coroutine object get at 0x0000013432A01B40>"
        },
        "traceback": [
          {
            "path": "test\\integration\\test_api\\test_league.py",
            "lineno": 56,
            "message": "AssertionError"
          }
        ],
        "longrepr": "self = <test.integration.test_api.test_league.TestLeague testMethod=test_get_matchups_for_week>\n\n    def test_get_matchups_for_week(self):\n        response = get_matchups_for_week(league_id=LEAGUE_B_LEAGUE_ID, week=1)\n>       self.assertEqual(LEAGUE_B_WEEK_1_MATCHUPS, response)\nE       AssertionError: [{'points': -2.75, 'players': ['10955', '[1602 chars]75}}] != <coroutine object get at 0x0000013432A01B40>\n\ntest\\integration\\test_api\\test_league.py:56: AssertionError"
      },
      "teardown": {
        "outcome": "passed"
      }
    },
    {
      "nodeid": "test/integration/test_api/test_league.py::TestLeague::test_get_rosters",
      "lineno": 41,
      "outcome": "failed",
      "keywords": [
        "test_get_rosters",
        "TestLeague",
        "test_league.py",
        "test_api",
        "integration",
        "test",
        "joeyagreco@sleeper__f5beb770__requests__aiohttp",
        ""
      ],
      "setup": {
        "outcome": "passed"
      },
      "call": {
        "outcome": "failed",
        "crash": {
          "path": "C:\\Users\\Mohay\\AppData\\Local\\Programs\\Python\\Python312\\Lib\\unittest\\case.py",
          "lineno": 715,
          "message": "AssertionError: <coroutine object get at 0x0000013432AB5340> is not an instance of <class 'list'>"
        },
        "traceback": [
          {
            "path": "test\\integration\\test_api\\test_league.py",
            "lineno": 45,
            "message": "AssertionError"
          }
        ],
        "longrepr": "self = <test.integration.test_api.test_league.TestLeague testMethod=test_get_rosters>\n\n    def test_get_rosters(self):\n        response = get_rosters(league_id=LEAGUE_A_LEAGUE_ID)\n        # this response will constantly change, so just assert some general things\n>       self.assertIsInstance(response, list)\nE       AssertionError: <coroutine object get at 0x0000013432AB5340> is not an instance of <class 'list'>\n\ntest\\integration\\test_api\\test_league.py:45: AssertionError"
      },
      "teardown": {
        "outcome": "passed"
      }
    },
    {
      "nodeid": "test/integration/test_api/test_league.py::TestLeague::test_get_sport_state",
      "lineno": 73,
      "outcome": "failed",
      "keywords": [
        "test_get_sport_state",
        "TestLeague",
        "test_league.py",
        "test_api",
        "integration",
        "test",
        "joeyagreco@sleeper__f5beb770__requests__aiohttp",
        ""
      ],
      "setup": {
        "outcome": "passed"
      },
      "call": {
        "outcome": "failed",
        "crash": {
          "path": "C:\\Users\\Mohay\\AppData\\Local\\Programs\\Python\\Python312\\Lib\\unittest\\case.py",
          "lineno": 715,
          "message": "AssertionError: <coroutine object get at 0x0000013432A03340> is not an instance of <class 'dict'>"
        },
        "traceback": [
          {
            "path": "test\\integration\\test_api\\test_league.py",
            "lineno": 77,
            "message": "AssertionError"
          }
        ],
        "longrepr": "self = <test.integration.test_api.test_league.TestLeague testMethod=test_get_sport_state>\n\n    def test_get_sport_state(self):\n        response = get_sport_state(sport=\"nfl\")\n        # this response will constantly change, so just assert some general things\n>       self.assertIsInstance(response, dict)\nE       AssertionError: <coroutine object get at 0x0000013432A03340> is not an instance of <class 'dict'>\n\ntest\\integration\\test_api\\test_league.py:77: AssertionError"
      },
      "teardown": {
        "outcome": "passed"
      }
    },
    {
      "nodeid": "test/integration/test_api/test_league.py::TestLeague::test_get_traded_picks",
      "lineno": 69,
      "outcome": "failed",
      "keywords": [
        "test_get_traded_picks",
        "TestLeague",
        "test_league.py",
        "test_api",
        "integration",
        "test",
        "joeyagreco@sleeper__f5beb770__requests__aiohttp",
        ""
      ],
      "setup": {
        "outcome": "passed"
      },
      "call": {
        "outcome": "failed",
        "crash": {
          "path": "C:\\Users\\Mohay\\AppData\\Local\\Programs\\Python\\Python312\\Lib\\unittest\\case.py",
          "lineno": 878,
          "message": "AssertionError: [{'round': 2, 'season': '2023', 'roster_i[825 chars]: 6}] != <coroutine object get at 0x0000013432AB4140>"
        },
        "traceback": [
          {
            "path": "test\\integration\\test_api\\test_league.py",
            "lineno": 72,
            "message": "AssertionError"
          }
        ],
        "longrepr": "self = <test.integration.test_api.test_league.TestLeague testMethod=test_get_traded_picks>\n\n    def test_get_traded_picks(self):\n        response = get_traded_picks(league_id=LEAGUE_C_LEAGUE_ID)\n>       self.assertEqual(LEAGUE_C_TRADED_PICKS, response)\nE       AssertionError: [{'round': 2, 'season': '2023', 'roster_i[825 chars]: 6}] != <coroutine object get at 0x0000013432AB4140>\n\ntest\\integration\\test_api\\test_league.py:72: AssertionError"
      },
      "teardown": {
        "outcome": "passed"
      }
    },
    {
      "nodeid": "test/integration/test_api/test_league.py::TestLeague::test_get_transactions",
      "lineno": 65,
      "outcome": "failed",
      "keywords": [
        "test_get_transactions",
        "TestLeague",
        "test_league.py",
        "test_api",
        "integration",
        "test",
        "joeyagreco@sleeper__f5beb770__requests__aiohttp",
        ""
      ],
      "setup": {
        "outcome": "passed"
      },
      "call": {
        "outcome": "failed",
        "crash": {
          "path": "C:\\Users\\Mohay\\AppData\\Local\\Programs\\Python\\Python312\\Lib\\unittest\\case.py",
          "lineno": 878,
          "message": "AssertionError: [{'status': 'complete', 'type': 'waiver',[1495 chars] []}] != <coroutine object get at 0x000001343225D140>"
        },
        "traceback": [
          {
            "path": "test\\integration\\test_api\\test_league.py",
            "lineno": 68,
            "message": "AssertionError"
          }
        ],
        "longrepr": "self = <test.integration.test_api.test_league.TestLeague testMethod=test_get_transactions>\n\n    def test_get_transactions(self):\n        response = get_transactions(league_id=LEAGUE_B_LEAGUE_ID, week=1)\n>       self.assertEqual(LEAGUE_B_WEEK_1_TRANSACTIONS, response)\nE       AssertionError: [{'status': 'complete', 'type': 'waiver',[1495 chars] []}] != <coroutine object get at 0x000001343225D140>\n\ntest\\integration\\test_api\\test_league.py:68: AssertionError"
      },
      "teardown": {
        "outcome": "passed"
      }
    },
    {
      "nodeid": "test/integration/test_api/test_league.py::TestLeague::test_get_user_leagues_for_year",
      "lineno": 35,
      "outcome": "failed",
      "keywords": [
        "test_get_user_leagues_for_year",
        "TestLeague",
        "test_league.py",
        "test_api",
        "integration",
        "test",
        "joeyagreco@sleeper__f5beb770__requests__aiohttp",
        ""
      ],
      "setup": {
        "outcome": "passed"
      },
      "call": {
        "outcome": "failed",
        "crash": {
          "path": "C:\\Users\\Mohay\\AppData\\Local\\Programs\\Python\\Python312\\Lib\\unittest\\case.py",
          "lineno": 878,
          "message": "AssertionError: [{'league_id': '852776957778173952', 'las[12345 chars]one}] != <coroutine object get at 0x000001342E7D1240>"
        },
        "traceback": [
          {
            "path": "test\\integration\\test_api\\test_league.py",
            "lineno": 40,
            "message": "AssertionError"
          }
        ],
        "longrepr": "self = <test.integration.test_api.test_league.TestLeague testMethod=test_get_user_leagues_for_year>\n\n    def test_get_user_leagues_for_year(self):\n        response = get_user_leagues_for_year(\n            user_id=USER_A_USER_ID, sport=\"nfl\", year=2022\n        )\n>       self.assertEqual(USER_A_LEAGUES_2022, response)\nE       AssertionError: [{'league_id': '852776957778173952', 'las[12345 chars]one}] != <coroutine object get at 0x000001342E7D1240>\n\ntest\\integration\\test_api\\test_league.py:40: AssertionError"
      },
      "teardown": {
        "outcome": "passed"
      }
    },
    {
      "nodeid": "test/integration/test_api/test_league.py::TestLeague::test_get_users_in_league",
      "lineno": 49,
      "outcome": "failed",
      "keywords": [
        "test_get_users_in_league",
        "TestLeague",
        "test_league.py",
        "test_api",
        "integration",
        "test",
        "joeyagreco@sleeper__f5beb770__requests__aiohttp",
        ""
      ],
      "setup": {
        "outcome": "passed"
      },
      "call": {
        "outcome": "failed",
        "crash": {
          "path": "C:\\Users\\Mohay\\AppData\\Local\\Programs\\Python\\Python312\\Lib\\unittest\\case.py",
          "lineno": 878,
          "message": "AssertionError: [{'avatar': 'f3b1db9fae71021fde3773116152[2354 chars]48'}] != <coroutine object get at 0x000001343225D140>"
        },
        "traceback": [
          {
            "path": "test\\integration\\test_api\\test_league.py",
            "lineno": 52,
            "message": "AssertionError"
          }
        ],
        "longrepr": "self = <test.integration.test_api.test_league.TestLeague testMethod=test_get_users_in_league>\n\n    def test_get_users_in_league(self):\n        response = get_users_in_league(league_id=LEAGUE_B_LEAGUE_ID)\n>       self.assertEqual(LEAGUE_B_USERS, response)\nE       AssertionError: [{'avatar': 'f3b1db9fae71021fde3773116152[2354 chars]48'}] != <coroutine object get at 0x000001343225D140>\n\ntest\\integration\\test_api\\test_league.py:52: AssertionError"
      },
      "teardown": {
        "outcome": "passed"
      }
    },
    {
      "nodeid": "test/integration/test_api/test_league.py::TestLeague::test_get_winners_bracket",
      "lineno": 57,
      "outcome": "failed",
      "keywords": [
        "test_get_winners_bracket",
        "TestLeague",
        "test_league.py",
        "test_api",
        "integration",
        "test",
        "joeyagreco@sleeper__f5beb770__requests__aiohttp",
        ""
      ],
      "setup": {
        "outcome": "passed"
      },
      "call": {
        "outcome": "failed",
        "crash": {
          "path": "C:\\Users\\Mohay\\AppData\\Local\\Programs\\Python\\Python312\\Lib\\unittest\\case.py",
          "lineno": 878,
          "message": "AssertionError: [{'m': 1, 'r': 1, 'l': 3, 'w': 2, 't1': 3[262 chars] 1}}] != <coroutine object get at 0x0000013432AB4A40>"
        },
        "traceback": [
          {
            "path": "test\\integration\\test_api\\test_league.py",
            "lineno": 60,
            "message": "AssertionError"
          }
        ],
        "longrepr": "self = <test.integration.test_api.test_league.TestLeague testMethod=test_get_winners_bracket>\n\n    def test_get_winners_bracket(self):\n        response = get_winners_bracket(league_id=LEAGUE_B_LEAGUE_ID)\n>       self.assertEqual(LEAGUE_B_WINNERS_BRACKET, response)\nE       AssertionError: [{'m': 1, 'r': 1, 'l': 3, 'w': 2, 't1': 3[262 chars] 1}}] != <coroutine object get at 0x0000013432AB4A40>\n\ntest\\integration\\test_api\\test_league.py:60: AssertionError"
      },
      "teardown": {
        "outcome": "passed"
      }
    },
    {
      "nodeid": "test/integration/test_api/test_player.py::TestPlayer::test_get_all_players",
      "lineno": 6,
      "outcome": "failed",
      "keywords": [
        "test_get_all_players",
        "TestPlayer",
        "test_player.py",
        "test_api",
        "integration",
        "test",
        "joeyagreco@sleeper__f5beb770__requests__aiohttp",
        ""
      ],
      "setup": {
        "outcome": "passed"
      },
      "call": {
        "outcome": "failed",
        "crash": {
          "path": "C:\\Users\\Mohay\\AppData\\Local\\Programs\\Python\\Python312\\Lib\\unittest\\case.py",
          "lineno": 715,
          "message": "AssertionError: <coroutine object get at 0x0000013432AB4040> is not an instance of <class 'dict'>"
        },
        "traceback": [
          {
            "path": "test\\integration\\test_api\\test_player.py",
            "lineno": 10,
            "message": "AssertionError"
          }
        ],
        "longrepr": "self = <test.integration.test_api.test_player.TestPlayer testMethod=test_get_all_players>\n\n    def test_get_all_players(self):\n        response = get_all_players(sport=\"nfl\")\n        # this response will constantly change, so just assert some general things\n>       self.assertIsInstance(response, dict)\nE       AssertionError: <coroutine object get at 0x0000013432AB4040> is not an instance of <class 'dict'>\n\ntest\\integration\\test_api\\test_player.py:10: AssertionError"
      },
      "teardown": {
        "outcome": "passed"
      }
    },
    {
      "nodeid": "test/integration/test_api/test_player.py::TestPlayer::test_get_trending_players",
      "lineno": 14,
      "outcome": "failed",
      "keywords": [
        "test_get_trending_players",
        "TestPlayer",
        "test_player.py",
        "test_api",
        "integration",
        "test",
        "joeyagreco@sleeper__f5beb770__requests__aiohttp",
        ""
      ],
      "setup": {
        "outcome": "passed"
      },
      "call": {
        "outcome": "failed",
        "crash": {
          "path": "C:\\Users\\Mohay\\AppData\\Local\\Programs\\Python\\Python312\\Lib\\unittest\\case.py",
          "lineno": 715,
          "message": "AssertionError: <coroutine object get at 0x0000013432AB5240> is not an instance of <class 'list'>"
        },
        "traceback": [
          {
            "path": "test\\integration\\test_api\\test_player.py",
            "lineno": 18,
            "message": "AssertionError"
          }
        ],
        "longrepr": "self = <test.integration.test_api.test_player.TestPlayer testMethod=test_get_trending_players>\n\n    def test_get_trending_players(self):\n        response = get_trending_players(sport=\"nfl\", trend_type=\"add\")\n        # this response will constantly change, so just assert some general things\n>       self.assertIsInstance(response, list)\nE       AssertionError: <coroutine object get at 0x0000013432AB5240> is not an instance of <class 'list'>\n\ntest\\integration\\test_api\\test_player.py:18: AssertionError"
      },
      "teardown": {
        "outcome": "passed"
      }
    },
    {
      "nodeid": "test/integration/test_api/test_user.py::TestUser::test_get_user_with_user_id_as_identifier",
      "lineno": 11,
      "outcome": "failed",
      "keywords": [
        "test_get_user_with_user_id_as_identifier",
        "TestUser",
        "test_user.py",
        "test_api",
        "integration",
        "test",
        "joeyagreco@sleeper__f5beb770__requests__aiohttp",
        ""
      ],
      "setup": {
        "outcome": "passed"
      },
      "call": {
        "outcome": "failed",
        "crash": {
          "path": "C:\\Users\\Mohay\\AppData\\Local\\Programs\\Python\\Python312\\Lib\\unittest\\case.py",
          "lineno": 878,
          "message": "AssertionError: <coroutine object get at 0x0000013432AB5040> != {'avatar': 'd9a0519df672516d2b6fce037f374[405 chars]None}"
        },
        "traceback": [
          {
            "path": "test\\integration\\test_api\\test_user.py",
            "lineno": 14,
            "message": "AssertionError"
          }
        ],
        "longrepr": "self = <test.integration.test_api.test_user.TestUser testMethod=test_get_user_with_user_id_as_identifier>\n\n    def test_get_user_with_user_id_as_identifier(self):\n        response = get_user(identifier=USER_B_USER_ID)\n>       self.assertEqual(response, USER_B_USER)\nE       AssertionError: <coroutine object get at 0x0000013432AB5040> != {'avatar': 'd9a0519df672516d2b6fce037f374[405 chars]None}\n\ntest\\integration\\test_api\\test_user.py:14: AssertionError"
      },
      "teardown": {
        "outcome": "passed"
      }
    },
    {
      "nodeid": "test/integration/test_api/test_user.py::TestUser::test_get_user_with_username_as_identifier",
      "lineno": 15,
      "outcome": "failed",
      "keywords": [
        "test_get_user_with_username_as_identifier",
        "TestUser",
        "test_user.py",
        "test_api",
        "integration",
        "test",
        "joeyagreco@sleeper__f5beb770__requests__aiohttp",
        ""
      ],
      "setup": {
        "outcome": "passed"
      },
      "call": {
        "outcome": "failed",
        "crash": {
          "path": "C:\\Users\\Mohay\\AppData\\Local\\Programs\\Python\\Python312\\Lib\\unittest\\case.py",
          "lineno": 878,
          "message": "AssertionError: <coroutine object get at 0x0000013432AB5940> != {'avatar': 'd9a0519df672516d2b6fce037f374[405 chars]None}"
        },
        "traceback": [
          {
            "path": "test\\integration\\test_api\\test_user.py",
            "lineno": 18,
            "message": "AssertionError"
          }
        ],
        "longrepr": "self = <test.integration.test_api.test_user.TestUser testMethod=test_get_user_with_username_as_identifier>\n\n    def test_get_user_with_username_as_identifier(self):\n        response = get_user(identifier=USER_B_USERNAME)\n>       self.assertEqual(response, USER_B_USER)\nE       AssertionError: <coroutine object get at 0x0000013432AB5940> != {'avatar': 'd9a0519df672516d2b6fce037f374[405 chars]None}\n\ntest\\integration\\test_api\\test_user.py:18: AssertionError"
      },
      "teardown": {
        "outcome": "passed"
      }
    },
    {
      "nodeid": "test/unit/test_api/test_avatar.py::TestAvatar::test_get_avatar_as_thumbnail",
      "lineno": 19,
      "outcome": "failed",
      "keywords": [
        "test_get_avatar_as_thumbnail",
        "__wrapped__",
        "patchings",
        "TestAvatar",
        "test_avatar.py",
        "test_api",
        "unit",
        "test",
        "joeyagreco@sleeper__f5beb770__requests__aiohttp",
        ""
      ],
      "setup": {
        "outcome": "passed"
      },
      "call": {
        "outcome": "failed",
        "crash": {
          "path": "C:\\Users\\Mohay\\AppData\\Local\\Programs\\Python\\Python312\\Lib\\unittest\\case.py",
          "lineno": 878,
          "message": "AssertionError: b'foo' != <coroutine object get_content at 0x0000013432AB5F40>"
        },
        "traceback": [
          {
            "path": "test\\unit\\test_api\\test_avatar.py",
            "lineno": 28,
            "message": "AssertionError"
          }
        ],
        "longrepr": "self = <test.unit.test_api.test_avatar.TestAvatar testMethod=test_get_avatar_as_thumbnail>\nmock_requests_get = <MagicMock name='get' id='1323701078976'>\n\n    @patch(\"requests.get\")\n    def test_get_avatar_as_thumbnail(self, mock_requests_get):\n        mock_bytes = b\"foo\"\n        mock_response = MockResponse({}, 200, mock_bytes)\n        mock_requests_get.return_value = mock_response\n    \n        response = get_avatar(avatar_id=\"abc\", as_thumbnail=True)\n    \n>       self.assertEqual(mock_bytes, response)\nE       AssertionError: b'foo' != <coroutine object get_content at 0x0000013432AB5F40>\n\ntest\\unit\\test_api\\test_avatar.py:28: AssertionError"
      },
      "teardown": {
        "outcome": "passed"
      }
    },
    {
      "nodeid": "test/unit/test_api/test_avatar.py::TestAvatar::test_get_avatar_defaults",
      "lineno": 8,
      "outcome": "failed",
      "keywords": [
        "test_get_avatar_defaults",
        "__wrapped__",
        "patchings",
        "TestAvatar",
        "test_avatar.py",
        "test_api",
        "unit",
        "test",
        "joeyagreco@sleeper__f5beb770__requests__aiohttp",
        ""
      ],
      "setup": {
        "outcome": "passed"
      },
      "call": {
        "outcome": "failed",
        "crash": {
          "path": "C:\\Users\\Mohay\\AppData\\Local\\Programs\\Python\\Python312\\Lib\\unittest\\case.py",
          "lineno": 878,
          "message": "AssertionError: b'foo' != <coroutine object get_content at 0x0000013432AB5C40>"
        },
        "traceback": [
          {
            "path": "test\\unit\\test_api\\test_avatar.py",
            "lineno": 17,
            "message": "AssertionError"
          }
        ],
        "longrepr": "self = <test.unit.test_api.test_avatar.TestAvatar testMethod=test_get_avatar_defaults>\nmock_requests_get = <MagicMock name='get' id='1323699020544'>\n\n    @patch(\"requests.get\")\n    def test_get_avatar_defaults(self, mock_requests_get):\n        mock_bytes = b\"foo\"\n        mock_response = MockResponse({}, 200, mock_bytes)\n        mock_requests_get.return_value = mock_response\n    \n        response = get_avatar(avatar_id=\"abc\")\n    \n>       self.assertEqual(mock_bytes, response)\nE       AssertionError: b'foo' != <coroutine object get_content at 0x0000013432AB5C40>\n\ntest\\unit\\test_api\\test_avatar.py:17: AssertionError"
      },
      "teardown": {
        "outcome": "passed"
      }
    },
    {
      "nodeid": "test/unit/test_api/test_draft.py::TestDraft::test_get_draft",
      "lineno": 40,
      "outcome": "failed",
      "keywords": [
        "test_get_draft",
        "__wrapped__",
        "patchings",
        "TestDraft",
        "test_draft.py",
        "test_api",
        "unit",
        "test",
        "joeyagreco@sleeper__f5beb770__requests__aiohttp",
        ""
      ],
      "setup": {
        "outcome": "passed"
      },
      "call": {
        "outcome": "failed",
        "crash": {
          "path": "C:\\Users\\Mohay\\AppData\\Local\\Programs\\Python\\Python312\\Lib\\unittest\\case.py",
          "lineno": 878,
          "message": "AssertionError: {'foo': 'bar'} != <coroutine object get at 0x0000013432C6CF40>"
        },
        "traceback": [
          {
            "path": "test\\unit\\test_api\\test_draft.py",
            "lineno": 49,
            "message": "AssertionError"
          }
        ],
        "longrepr": "self = <test.unit.test_api.test_draft.TestDraft testMethod=test_get_draft>\nmock_requests_get = <MagicMock name='get' id='1323701892640'>\n\n    @patch(\"requests.get\")\n    def test_get_draft(self, mock_requests_get):\n        mock_dict = {\"foo\": \"bar\"}\n        mock_response = MockResponse(mock_dict, 200)\n        mock_requests_get.return_value = mock_response\n    \n        response = get_draft(draft_id=\"12345\")\n    \n>       self.assertEqual(mock_dict, response)\nE       AssertionError: {'foo': 'bar'} != <coroutine object get at 0x0000013432C6CF40>\n\ntest\\unit\\test_api\\test_draft.py:49: AssertionError"
      },
      "teardown": {
        "outcome": "passed"
      }
    },
    {
      "nodeid": "test/unit/test_api/test_draft.py::TestDraft::test_get_drafts_in_league",
      "lineno": 27,
      "outcome": "failed",
      "keywords": [
        "test_get_drafts_in_league",
        "__wrapped__",
        "patchings",
        "TestDraft",
        "test_draft.py",
        "test_api",
        "unit",
        "test",
        "joeyagreco@sleeper__f5beb770__requests__aiohttp",
        ""
      ],
      "setup": {
        "outcome": "passed"
      },
      "call": {
        "outcome": "failed",
        "crash": {
          "path": "C:\\Users\\Mohay\\AppData\\Local\\Programs\\Python\\Python312\\Lib\\unittest\\case.py",
          "lineno": 878,
          "message": "AssertionError: [{'foo': 'bar'}] != <coroutine object get at 0x0000013432C6C440>"
        },
        "traceback": [
          {
            "path": "test\\unit\\test_api\\test_draft.py",
            "lineno": 36,
            "message": "AssertionError"
          }
        ],
        "longrepr": "self = <test.unit.test_api.test_draft.TestDraft testMethod=test_get_drafts_in_league>\nmock_requests_get = <MagicMock name='get' id='1323701883040'>\n\n    @patch(\"requests.get\")\n    def test_get_drafts_in_league(self, mock_requests_get):\n        mock_list = [{\"foo\": \"bar\"}]\n        mock_response = MockResponse(mock_list, 200)\n        mock_requests_get.return_value = mock_response\n    \n        response = get_drafts_in_league(league_id=\"12345\")\n    \n>       self.assertEqual(mock_list, response)\nE       AssertionError: [{'foo': 'bar'}] != <coroutine object get at 0x0000013432C6C440>\n\ntest\\unit\\test_api\\test_draft.py:36: AssertionError"
      },
      "teardown": {
        "outcome": "passed"
      }
    },
    {
      "nodeid": "test/unit/test_api/test_draft.py::TestDraft::test_get_player_draft_picks",
      "lineno": 53,
      "outcome": "failed",
      "keywords": [
        "test_get_player_draft_picks",
        "__wrapped__",
        "patchings",
        "TestDraft",
        "test_draft.py",
        "test_api",
        "unit",
        "test",
        "joeyagreco@sleeper__f5beb770__requests__aiohttp",
        ""
      ],
      "setup": {
        "outcome": "passed"
      },
      "call": {
        "outcome": "failed",
        "crash": {
          "path": "C:\\Users\\Mohay\\AppData\\Local\\Programs\\Python\\Python312\\Lib\\unittest\\case.py",
          "lineno": 878,
          "message": "AssertionError: {'foo': 'bar'} != <coroutine object get at 0x0000013432C6D640>"
        },
        "traceback": [
          {
            "path": "test\\unit\\test_api\\test_draft.py",
            "lineno": 62,
            "message": "AssertionError"
          }
        ],
        "longrepr": "self = <test.unit.test_api.test_draft.TestDraft testMethod=test_get_player_draft_picks>\nmock_requests_get = <MagicMock name='get' id='1323702394976'>\n\n    @patch(\"requests.get\")\n    def test_get_player_draft_picks(self, mock_requests_get):\n        mock_dict = {\"foo\": \"bar\"}\n        mock_response = MockResponse(mock_dict, 200)\n        mock_requests_get.return_value = mock_response\n    \n        response = get_player_draft_picks(draft_id=\"12345\")\n    \n>       self.assertEqual(mock_dict, response)\nE       AssertionError: {'foo': 'bar'} != <coroutine object get at 0x0000013432C6D640>\n\ntest\\unit\\test_api\\test_draft.py:62: AssertionError"
      },
      "teardown": {
        "outcome": "passed"
      }
    },
    {
      "nodeid": "test/unit/test_api/test_draft.py::TestDraft::test_get_traded_draft_picks",
      "lineno": 66,
      "outcome": "failed",
      "keywords": [
        "test_get_traded_draft_picks",
        "__wrapped__",
        "patchings",
        "TestDraft",
        "test_draft.py",
        "test_api",
        "unit",
        "test",
        "joeyagreco@sleeper__f5beb770__requests__aiohttp",
        ""
      ],
      "setup": {
        "outcome": "passed"
      },
      "call": {
        "outcome": "failed",
        "crash": {
          "path": "C:\\Users\\Mohay\\AppData\\Local\\Programs\\Python\\Python312\\Lib\\unittest\\case.py",
          "lineno": 878,
          "message": "AssertionError: {'foo': 'bar'} != <coroutine object get at 0x0000013432C6DC40>"
        },
        "traceback": [
          {
            "path": "test\\unit\\test_api\\test_draft.py",
            "lineno": 75,
            "message": "AssertionError"
          }
        ],
        "longrepr": "self = <test.unit.test_api.test_draft.TestDraft testMethod=test_get_traded_draft_picks>\nmock_requests_get = <MagicMock name='get' id='1323702401216'>\n\n    @patch(\"requests.get\")\n    def test_get_traded_draft_picks(self, mock_requests_get):\n        mock_dict = {\"foo\": \"bar\"}\n        mock_response = MockResponse(mock_dict, 200)\n        mock_requests_get.return_value = mock_response\n    \n        response = get_traded_draft_picks(draft_id=\"12345\")\n    \n>       self.assertEqual(mock_dict, response)\nE       AssertionError: {'foo': 'bar'} != <coroutine object get at 0x0000013432C6DC40>\n\ntest\\unit\\test_api\\test_draft.py:75: AssertionError"
      },
      "teardown": {
        "outcome": "passed"
      }
    },
    {
      "nodeid": "test/unit/test_api/test_draft.py::TestDraft::test_get_user_drafts_for_year_happy_path",
      "lineno": 14,
      "outcome": "failed",
      "keywords": [
        "test_get_user_drafts_for_year_happy_path",
        "__wrapped__",
        "patchings",
        "TestDraft",
        "test_draft.py",
        "test_api",
        "unit",
        "test",
        "joeyagreco@sleeper__f5beb770__requests__aiohttp",
        ""
      ],
      "setup": {
        "outcome": "passed"
      },
      "call": {
        "outcome": "failed",
        "crash": {
          "path": "C:\\Users\\Mohay\\AppData\\Local\\Programs\\Python\\Python312\\Lib\\unittest\\case.py",
          "lineno": 878,
          "message": "AssertionError: [{'foo': 'bar'}] != <coroutine object get at 0x0000013432C6E240>"
        },
        "traceback": [
          {
            "path": "test\\unit\\test_api\\test_draft.py",
            "lineno": 23,
            "message": "AssertionError"
          }
        ],
        "longrepr": "self = <test.unit.test_api.test_draft.TestDraft testMethod=test_get_user_drafts_for_year_happy_path>\nmock_requests_get = <MagicMock name='get' id='1323702401648'>\n\n    @patch(\"requests.get\")\n    def test_get_user_drafts_for_year_happy_path(self, mock_requests_get):\n        mock_list = [{\"foo\": \"bar\"}]\n        mock_response = MockResponse(mock_list, 200)\n        mock_requests_get.return_value = mock_response\n    \n        response = get_user_drafts_for_year(user_id=\"user_id\", sport=\"nfl\", year=2020)\n    \n>       self.assertEqual(mock_list, response)\nE       AssertionError: [{'foo': 'bar'}] != <coroutine object get at 0x0000013432C6E240>\n\ntest\\unit\\test_api\\test_draft.py:23: AssertionError"
      },
      "teardown": {
        "outcome": "passed"
      }
    },
    {
      "nodeid": "test/unit/test_api/test_league.py::TestLeague::test_get_league",
      "lineno": 19,
      "outcome": "failed",
      "keywords": [
        "test_get_league",
        "__wrapped__",
        "patchings",
        "TestLeague",
        "test_league.py",
        "test_api",
        "unit",
        "test",
        "joeyagreco@sleeper__f5beb770__requests__aiohttp",
        ""
      ],
      "setup": {
        "outcome": "passed"
      },
      "call": {
        "outcome": "failed",
        "crash": {
          "path": "C:\\Users\\Mohay\\AppData\\Local\\Programs\\Python\\Python312\\Lib\\unittest\\case.py",
          "lineno": 878,
          "message": "AssertionError: [{'foo': 'bar'}] != <coroutine object get at 0x0000013432C6E740>"
        },
        "traceback": [
          {
            "path": "test\\unit\\test_api\\test_league.py",
            "lineno": 28,
            "message": "AssertionError"
          }
        ],
        "longrepr": "self = <test.unit.test_api.test_league.TestLeague testMethod=test_get_league>\nmock_requests_get = <MagicMock name='get' id='1323702479872'>\n\n    @patch(\"requests.get\")\n    def test_get_league(self, mock_requests_get):\n        mock_list = [{\"foo\": \"bar\"}]\n        mock_response = MockResponse(mock_list, 200)\n        mock_requests_get.return_value = mock_response\n    \n        response = get_league(league_id=\"12345\")\n    \n>       self.assertEqual(mock_list, response)\nE       AssertionError: [{'foo': 'bar'}] != <coroutine object get at 0x0000013432C6E740>\n\ntest\\unit\\test_api\\test_league.py:28: AssertionError"
      },
      "teardown": {
        "outcome": "passed"
      }
    },
    {
      "nodeid": "test/unit/test_api/test_league.py::TestLeague::test_get_losers_bracket",
      "lineno": 97,
      "outcome": "failed",
      "keywords": [
        "test_get_losers_bracket",
        "__wrapped__",
        "patchings",
        "TestLeague",
        "test_league.py",
        "test_api",
        "unit",
        "test",
        "joeyagreco@sleeper__f5beb770__requests__aiohttp",
        ""
      ],
      "setup": {
        "outcome": "passed"
      },
      "call": {
        "outcome": "failed",
        "crash": {
          "path": "C:\\Users\\Mohay\\AppData\\Local\\Programs\\Python\\Python312\\Lib\\unittest\\case.py",
          "lineno": 878,
          "message": "AssertionError: [{'foo': 'bar'}] != <coroutine object get at 0x0000013432C6ED40>"
        },
        "traceback": [
          {
            "path": "test\\unit\\test_api\\test_league.py",
            "lineno": 106,
            "message": "AssertionError"
          }
        ],
        "longrepr": "self = <test.unit.test_api.test_league.TestLeague testMethod=test_get_losers_bracket>\nmock_requests_get = <MagicMock name='get' id='1323702477952'>\n\n    @patch(\"requests.get\")\n    def test_get_losers_bracket(self, mock_requests_get):\n        mock_list = [{\"foo\": \"bar\"}]\n        mock_response = MockResponse(mock_list, 200)\n        mock_requests_get.return_value = mock_response\n    \n        response = get_losers_bracket(league_id=\"12345\")\n    \n>       self.assertEqual(mock_list, response)\nE       AssertionError: [{'foo': 'bar'}] != <coroutine object get at 0x0000013432C6ED40>\n\ntest\\unit\\test_api\\test_league.py:106: AssertionError"
      },
      "teardown": {
        "outcome": "passed"
      }
    },
    {
      "nodeid": "test/unit/test_api/test_league.py::TestLeague::test_get_matchups_for_week",
      "lineno": 71,
      "outcome": "failed",
      "keywords": [
        "test_get_matchups_for_week",
        "__wrapped__",
        "patchings",
        "TestLeague",
        "test_league.py",
        "test_api",
        "unit",
        "test",
        "joeyagreco@sleeper__f5beb770__requests__aiohttp",
        ""
      ],
      "setup": {
        "outcome": "passed"
      },
      "call": {
        "outcome": "failed",
        "crash": {
          "path": "C:\\Users\\Mohay\\AppData\\Local\\Programs\\Python\\Python312\\Lib\\unittest\\case.py",
          "lineno": 878,
          "message": "AssertionError: [{'foo': 'bar'}] != <coroutine object get at 0x0000013432C6F340>"
        },
        "traceback": [
          {
            "path": "test\\unit\\test_api\\test_league.py",
            "lineno": 80,
            "message": "AssertionError"
          }
        ],
        "longrepr": "self = <test.unit.test_api.test_league.TestLeague testMethod=test_get_matchups_for_week>\nmock_requests_get = <MagicMock name='get' id='1323702747504'>\n\n    @patch(\"requests.get\")\n    def test_get_matchups_for_week(self, mock_requests_get):\n        mock_list = [{\"foo\": \"bar\"}]\n        mock_response = MockResponse(mock_list, 200)\n        mock_requests_get.return_value = mock_response\n    \n        response = get_matchups_for_week(league_id=\"12345\", week=1)\n    \n>       self.assertEqual(mock_list, response)\nE       AssertionError: [{'foo': 'bar'}] != <coroutine object get at 0x0000013432C6F340>\n\ntest\\unit\\test_api\\test_league.py:80: AssertionError"
      },
      "teardown": {
        "outcome": "passed"
      }
    },
    {
      "nodeid": "test/unit/test_api/test_league.py::TestLeague::test_get_rosters",
      "lineno": 45,
      "outcome": "failed",
      "keywords": [
        "test_get_rosters",
        "__wrapped__",
        "patchings",
        "TestLeague",
        "test_league.py",
        "test_api",
        "unit",
        "test",
        "joeyagreco@sleeper__f5beb770__requests__aiohttp",
        ""
      ],
      "setup": {
        "outcome": "passed"
      },
      "call": {
        "outcome": "failed",
        "crash": {
          "path": "C:\\Users\\Mohay\\AppData\\Local\\Programs\\Python\\Python312\\Lib\\unittest\\case.py",
          "lineno": 878,
          "message": "AssertionError: [{'foo': 'bar'}] != <coroutine object get at 0x0000013432C6F940>"
        },
        "traceback": [
          {
            "path": "test\\unit\\test_api\\test_league.py",
            "lineno": 54,
            "message": "AssertionError"
          }
        ],
        "longrepr": "self = <test.unit.test_api.test_league.TestLeague testMethod=test_get_rosters>\nmock_requests_get = <MagicMock name='get' id='1323702760560'>\n\n    @patch(\"requests.get\")\n    def test_get_rosters(self, mock_requests_get):\n        mock_list = [{\"foo\": \"bar\"}]\n        mock_response = MockResponse(mock_list, 200)\n        mock_requests_get.return_value = mock_response\n    \n        response = get_rosters(league_id=\"12345\")\n    \n>       self.assertEqual(mock_list, response)\nE       AssertionError: [{'foo': 'bar'}] != <coroutine object get at 0x0000013432C6F940>\n\ntest\\unit\\test_api\\test_league.py:54: AssertionError"
      },
      "teardown": {
        "outcome": "passed"
      }
    },
    {
      "nodeid": "test/unit/test_api/test_league.py::TestLeague::test_get_sport_state",
      "lineno": 136,
      "outcome": "failed",
      "keywords": [
        "test_get_sport_state",
        "__wrapped__",
        "patchings",
        "TestLeague",
        "test_league.py",
        "test_api",
        "unit",
        "test",
        "joeyagreco@sleeper__f5beb770__requests__aiohttp",
        ""
      ],
      "setup": {
        "outcome": "passed"
      },
      "call": {
        "outcome": "failed",
        "crash": {
          "path": "C:\\Users\\Mohay\\AppData\\Local\\Programs\\Python\\Python312\\Lib\\unittest\\case.py",
          "lineno": 878,
          "message": "AssertionError: {'foo': 'bar'} != <coroutine object get at 0x0000013432C6FE40>"
        },
        "traceback": [
          {
            "path": "test\\unit\\test_api\\test_league.py",
            "lineno": 145,
            "message": "AssertionError"
          }
        ],
        "longrepr": "self = <test.unit.test_api.test_league.TestLeague testMethod=test_get_sport_state>\nmock_requests_get = <MagicMock name='get' id='1323702757008'>\n\n    @patch(\"requests.get\")\n    def test_get_sport_state(self, mock_requests_get):\n        mock_dict = {\"foo\": \"bar\"}\n        mock_response = MockResponse(mock_dict, 200)\n        mock_requests_get.return_value = mock_response\n    \n        response = get_sport_state(sport=\"nfl\")\n    \n>       self.assertEqual(mock_dict, response)\nE       AssertionError: {'foo': 'bar'} != <coroutine object get at 0x0000013432C6FE40>\n\ntest\\unit\\test_api\\test_league.py:145: AssertionError"
      },
      "teardown": {
        "outcome": "passed"
      }
    },
    {
      "nodeid": "test/unit/test_api/test_league.py::TestLeague::test_get_traded_picks",
      "lineno": 123,
      "outcome": "failed",
      "keywords": [
        "test_get_traded_picks",
        "__wrapped__",
        "patchings",
        "TestLeague",
        "test_league.py",
        "test_api",
        "unit",
        "test",
        "joeyagreco@sleeper__f5beb770__requests__aiohttp",
        ""
      ],
      "setup": {
        "outcome": "passed"
      },
      "call": {
        "outcome": "failed",
        "crash": {
          "path": "C:\\Users\\Mohay\\AppData\\Local\\Programs\\Python\\Python312\\Lib\\unittest\\case.py",
          "lineno": 878,
          "message": "AssertionError: [{'foo': 'bar'}] != <coroutine object get at 0x0000013432D5C440>"
        },
        "traceback": [
          {
            "path": "test\\unit\\test_api\\test_league.py",
            "lineno": 132,
            "message": "AssertionError"
          }
        ],
        "longrepr": "self = <test.unit.test_api.test_league.TestLeague testMethod=test_get_traded_picks>\nmock_requests_get = <MagicMock name='get' id='1323702780608'>\n\n    @patch(\"requests.get\")\n    def test_get_traded_picks(self, mock_requests_get):\n        mock_list = [{\"foo\": \"bar\"}]\n        mock_response = MockResponse(mock_list, 200)\n        mock_requests_get.return_value = mock_response\n    \n        response = get_traded_picks(league_id=\"12345\")\n    \n>       self.assertEqual(mock_list, response)\nE       AssertionError: [{'foo': 'bar'}] != <coroutine object get at 0x0000013432D5C440>\n\ntest\\unit\\test_api\\test_league.py:132: AssertionError"
      },
      "teardown": {
        "outcome": "passed"
      }
    },
    {
      "nodeid": "test/unit/test_api/test_league.py::TestLeague::test_get_transactions",
      "lineno": 110,
      "outcome": "failed",
      "keywords": [
        "test_get_transactions",
        "__wrapped__",
        "patchings",
        "TestLeague",
        "test_league.py",
        "test_api",
        "unit",
        "test",
        "joeyagreco@sleeper__f5beb770__requests__aiohttp",
        ""
      ],
      "setup": {
        "outcome": "passed"
      },
      "call": {
        "outcome": "failed",
        "crash": {
          "path": "C:\\Users\\Mohay\\AppData\\Local\\Programs\\Python\\Python312\\Lib\\unittest\\case.py",
          "lineno": 878,
          "message": "AssertionError: [{'foo': 'bar'}] != <coroutine object get at 0x0000013432C6FD40>"
        },
        "traceback": [
          {
            "path": "test\\unit\\test_api\\test_league.py",
            "lineno": 119,
            "message": "AssertionError"
          }
        ],
        "longrepr": "self = <test.unit.test_api.test_league.TestLeague testMethod=test_get_transactions>\nmock_requests_get = <MagicMock name='get' id='1323702759888'>\n\n    @patch(\"requests.get\")\n    def test_get_transactions(self, mock_requests_get):\n        mock_list = [{\"foo\": \"bar\"}]\n        mock_response = MockResponse(mock_list, 200)\n        mock_requests_get.return_value = mock_response\n    \n        response = get_transactions(league_id=\"12345\", week=1)\n    \n>       self.assertEqual(mock_list, response)\nE       AssertionError: [{'foo': 'bar'}] != <coroutine object get at 0x0000013432C6FD40>\n\ntest\\unit\\test_api\\test_league.py:119: AssertionError"
      },
      "teardown": {
        "outcome": "passed"
      }
    },
    {
      "nodeid": "test/unit/test_api/test_league.py::TestLeague::test_get_user_leagues_for_year",
      "lineno": 32,
      "outcome": "failed",
      "keywords": [
        "test_get_user_leagues_for_year",
        "__wrapped__",
        "patchings",
        "TestLeague",
        "test_league.py",
        "test_api",
        "unit",
        "test",
        "joeyagreco@sleeper__f5beb770__requests__aiohttp",
        ""
      ],
      "setup": {
        "outcome": "passed"
      },
      "call": {
        "outcome": "failed",
        "crash": {
          "path": "C:\\Users\\Mohay\\AppData\\Local\\Programs\\Python\\Python312\\Lib\\unittest\\case.py",
          "lineno": 878,
          "message": "AssertionError: [{'foo': 'bar'}] != <coroutine object get at 0x0000013432C6F640>"
        },
        "traceback": [
          {
            "path": "test\\unit\\test_api\\test_league.py",
            "lineno": 41,
            "message": "AssertionError"
          }
        ],
        "longrepr": "self = <test.unit.test_api.test_league.TestLeague testMethod=test_get_user_leagues_for_year>\nmock_requests_get = <MagicMock name='get' id='1323702753408'>\n\n    @patch(\"requests.get\")\n    def test_get_user_leagues_for_year(self, mock_requests_get):\n        mock_list = [{\"foo\": \"bar\"}]\n        mock_response = MockResponse(mock_list, 200)\n        mock_requests_get.return_value = mock_response\n    \n        response = get_user_leagues_for_year(user_id=\"12345\", sport=\"nfl\", year=2024)\n    \n>       self.assertEqual(mock_list, response)\nE       AssertionError: [{'foo': 'bar'}] != <coroutine object get at 0x0000013432C6F640>\n\ntest\\unit\\test_api\\test_league.py:41: AssertionError"
      },
      "teardown": {
        "outcome": "passed"
      }
    },
    {
      "nodeid": "test/unit/test_api/test_league.py::TestLeague::test_get_users_in_league",
      "lineno": 58,
      "outcome": "failed",
      "keywords": [
        "test_get_users_in_league",
        "__wrapped__",
        "patchings",
        "TestLeague",
        "test_league.py",
        "test_api",
        "unit",
        "test",
        "joeyagreco@sleeper__f5beb770__requests__aiohttp",
        ""
      ],
      "setup": {
        "outcome": "passed"
      },
      "call": {
        "outcome": "failed",
        "crash": {
          "path": "C:\\Users\\Mohay\\AppData\\Local\\Programs\\Python\\Python312\\Lib\\unittest\\case.py",
          "lineno": 878,
          "message": "AssertionError: [{'foo': 'bar'}] != <coroutine object get at 0x0000013432C6EC40>"
        },
        "traceback": [
          {
            "path": "test\\unit\\test_api\\test_league.py",
            "lineno": 67,
            "message": "AssertionError"
          }
        ],
        "longrepr": "self = <test.unit.test_api.test_league.TestLeague testMethod=test_get_users_in_league>\nmock_requests_get = <MagicMock name='get' id='1323702751392'>\n\n    @patch(\"requests.get\")\n    def test_get_users_in_league(self, mock_requests_get):\n        mock_list = [{\"foo\": \"bar\"}]\n        mock_response = MockResponse(mock_list, 200)\n        mock_requests_get.return_value = mock_response\n    \n        response = get_users_in_league(league_id=\"12345\")\n    \n>       self.assertEqual(mock_list, response)\nE       AssertionError: [{'foo': 'bar'}] != <coroutine object get at 0x0000013432C6EC40>\n\ntest\\unit\\test_api\\test_league.py:67: AssertionError"
      },
      "teardown": {
        "outcome": "passed"
      }
    },
    {
      "nodeid": "test/unit/test_api/test_league.py::TestLeague::test_get_winners_bracket",
      "lineno": 84,
      "outcome": "failed",
      "keywords": [
        "test_get_winners_bracket",
        "__wrapped__",
        "patchings",
        "TestLeague",
        "test_league.py",
        "test_api",
        "unit",
        "test",
        "joeyagreco@sleeper__f5beb770__requests__aiohttp",
        ""
      ],
      "setup": {
        "outcome": "passed"
      },
      "call": {
        "outcome": "failed",
        "crash": {
          "path": "C:\\Users\\Mohay\\AppData\\Local\\Programs\\Python\\Python312\\Lib\\unittest\\case.py",
          "lineno": 878,
          "message": "AssertionError: [{'foo': 'bar'}] != <coroutine object get at 0x0000013432C6E640>"
        },
        "traceback": [
          {
            "path": "test\\unit\\test_api\\test_league.py",
            "lineno": 93,
            "message": "AssertionError"
          }
        ],
        "longrepr": "self = <test.unit.test_api.test_league.TestLeague testMethod=test_get_winners_bracket>\nmock_requests_get = <MagicMock name='get' id='1323702468928'>\n\n    @patch(\"requests.get\")\n    def test_get_winners_bracket(self, mock_requests_get):\n        mock_list = [{\"foo\": \"bar\"}]\n        mock_response = MockResponse(mock_list, 200)\n        mock_requests_get.return_value = mock_response\n    \n        response = get_winners_bracket(league_id=\"12345\")\n    \n>       self.assertEqual(mock_list, response)\nE       AssertionError: [{'foo': 'bar'}] != <coroutine object get at 0x0000013432C6E640>\n\ntest\\unit\\test_api\\test_league.py:93: AssertionError"
      },
      "teardown": {
        "outcome": "passed"
      }
    },
    {
      "nodeid": "test/unit/test_api/test_player.py::TestPlayer::test_get_all_players",
      "lineno": 8,
      "outcome": "failed",
      "keywords": [
        "test_get_all_players",
        "__wrapped__",
        "patchings",
        "TestPlayer",
        "test_player.py",
        "test_api",
        "unit",
        "test",
        "joeyagreco@sleeper__f5beb770__requests__aiohttp",
        ""
      ],
      "setup": {
        "outcome": "passed"
      },
      "call": {
        "outcome": "failed",
        "crash": {
          "path": "C:\\Users\\Mohay\\AppData\\Local\\Programs\\Python\\Python312\\Lib\\unittest\\case.py",
          "lineno": 878,
          "message": "AssertionError: {'foo': {'bar': 'baz'}} != <coroutine object get at 0x0000013432C6DD40>"
        },
        "traceback": [
          {
            "path": "test\\unit\\test_api\\test_player.py",
            "lineno": 17,
            "message": "AssertionError"
          }
        ],
        "longrepr": "self = <test.unit.test_api.test_player.TestPlayer testMethod=test_get_all_players>\nmock_requests_get = <MagicMock name='get' id='1323702477232'>\n\n    @patch(\"requests.get\")\n    def test_get_all_players(self, mock_requests_get):\n        mock_dict = {\"foo\": {\"bar\": \"baz\"}}\n        mock_response = MockResponse(mock_dict, 200)\n        mock_requests_get.return_value = mock_response\n    \n        response = get_all_players(sport=\"nfl\")\n    \n>       self.assertEqual(mock_dict, response)\nE       AssertionError: {'foo': {'bar': 'baz'}} != <coroutine object get at 0x0000013432C6DD40>\n\ntest\\unit\\test_api\\test_player.py:17: AssertionError"
      },
      "teardown": {
        "outcome": "passed"
      }
    },
    {
      "nodeid": "test/unit/test_api/test_player.py::TestPlayer::test_get_trending_players_with_defaults",
      "lineno": 21,
      "outcome": "failed",
      "keywords": [
        "test_get_trending_players_with_defaults",
        "__wrapped__",
        "patchings",
        "TestPlayer",
        "test_player.py",
        "test_api",
        "unit",
        "test",
        "joeyagreco@sleeper__f5beb770__requests__aiohttp",
        ""
      ],
      "setup": {
        "outcome": "passed"
      },
      "call": {
        "outcome": "failed",
        "crash": {
          "path": "C:\\Users\\Mohay\\AppData\\Local\\Programs\\Python\\Python312\\Lib\\unittest\\case.py",
          "lineno": 878,
          "message": "AssertionError: [{'foo': 'bar'}] != <coroutine object get at 0x0000013432C6DF40>"
        },
        "traceback": [
          {
            "path": "test\\unit\\test_api\\test_player.py",
            "lineno": 30,
            "message": "AssertionError"
          }
        ],
        "longrepr": "self = <test.unit.test_api.test_player.TestPlayer testMethod=test_get_trending_players_with_defaults>\nmock_requests_get = <MagicMock name='get' id='1323700090592'>\n\n    @patch(\"requests.get\")\n    def test_get_trending_players_with_defaults(self, mock_requests_get):\n        mock_list = [{\"foo\": \"bar\"}]\n        mock_response = MockResponse(mock_list, 200)\n        mock_requests_get.return_value = mock_response\n    \n        response = get_trending_players(sport=\"nfl\", trend_type=\"add\")\n    \n>       self.assertEqual(mock_list, response)\nE       AssertionError: [{'foo': 'bar'}] != <coroutine object get at 0x0000013432C6DF40>\n\ntest\\unit\\test_api\\test_player.py:30: AssertionError"
      },
      "teardown": {
        "outcome": "passed"
      }
    },
    {
      "nodeid": "test/unit/test_api/test_player.py::TestPlayer::test_get_trending_players_with_optional_params_given",
      "lineno": 34,
      "outcome": "failed",
      "keywords": [
        "test_get_trending_players_with_optional_params_given",
        "__wrapped__",
        "patchings",
        "TestPlayer",
        "test_player.py",
        "test_api",
        "unit",
        "test",
        "joeyagreco@sleeper__f5beb770__requests__aiohttp",
        ""
      ],
      "setup": {
        "outcome": "passed"
      },
      "call": {
        "outcome": "failed",
        "crash": {
          "path": "C:\\Users\\Mohay\\AppData\\Local\\Programs\\Python\\Python312\\Lib\\unittest\\case.py",
          "lineno": 878,
          "message": "AssertionError: [{'foo': 'bar'}] != <coroutine object get at 0x0000013432C6D840>"
        },
        "traceback": [
          {
            "path": "test\\unit\\test_api\\test_player.py",
            "lineno": 45,
            "message": "AssertionError"
          }
        ],
        "longrepr": "self = <test.unit.test_api.test_player.TestPlayer testMethod=test_get_trending_players_with_optional_params_given>\nmock_requests_get = <MagicMock name='get' id='1323701533392'>\n\n    @patch(\"requests.get\")\n    def test_get_trending_players_with_optional_params_given(self, mock_requests_get):\n        mock_list = [{\"foo\": \"bar\"}]\n        mock_response = MockResponse(mock_list, 200)\n        mock_requests_get.return_value = mock_response\n    \n        response = get_trending_players(\n            sport=\"nfl\", trend_type=\"add\", lookback_hours=1, limit=2\n        )\n    \n>       self.assertEqual(mock_list, response)\nE       AssertionError: [{'foo': 'bar'}] != <coroutine object get at 0x0000013432C6D840>\n\ntest\\unit\\test_api\\test_player.py:45: AssertionError"
      },
      "teardown": {
        "outcome": "passed"
      }
    },
    {
      "nodeid": "test/unit/test_api/test_user.py::TestUser::test_get_user",
      "lineno": 8,
      "outcome": "failed",
      "keywords": [
        "test_get_user",
        "__wrapped__",
        "patchings",
        "TestUser",
        "test_user.py",
        "test_api",
        "unit",
        "test",
        "joeyagreco@sleeper__f5beb770__requests__aiohttp",
        ""
      ],
      "setup": {
        "outcome": "passed"
      },
      "call": {
        "outcome": "failed",
        "crash": {
          "path": "C:\\Users\\Mohay\\AppData\\Local\\Programs\\Python\\Python312\\Lib\\unittest\\case.py",
          "lineno": 878,
          "message": "AssertionError: {'foo': 'bar'} != <coroutine object get at 0x0000013432C6D940>"
        },
        "traceback": [
          {
            "path": "test\\unit\\test_api\\test_user.py",
            "lineno": 17,
            "message": "AssertionError"
          }
        ],
        "longrepr": "self = <test.unit.test_api.test_user.TestUser testMethod=test_get_user>\nmock_requests_get = <MagicMock name='get' id='1323702397280'>\n\n    @patch(\"requests.get\")\n    def test_get_user(self, mock_requests_get):\n        mock_dict = {\"foo\": \"bar\"}\n        mock_response = MockResponse(mock_dict, 200)\n        mock_requests_get.return_value = mock_response\n    \n        response = get_user(identifier=\"foo\")\n    \n>       self.assertEqual(mock_dict, response)\nE       AssertionError: {'foo': 'bar'} != <coroutine object get at 0x0000013432C6D940>\n\ntest\\unit\\test_api\\test_user.py:17: AssertionError"
      },
      "teardown": {
        "outcome": "passed"
      }
    },
    {
      "nodeid": "test/unit/test_api/test_utils.py::TestUtils::test_add_filters_filters_given",
      "lineno": 26,
      "outcome": "passed",
      "keywords": [
        "test_add_filters_filters_given",
        "TestUtils",
        "test_utils.py",
        "test_api",
        "unit",
        "test",
        "joeyagreco@sleeper__f5beb770__requests__aiohttp",
        ""
      ],
      "setup": {
        "outcome": "passed"
      },
      "call": {
        "outcome": "passed"
      },
      "teardown": {
        "outcome": "passed"
      }
    },
    {
      "nodeid": "test/unit/test_api/test_utils.py::TestUtils::test_add_filters_no_filters_given",
      "lineno": 22,
      "outcome": "passed",
      "keywords": [
        "test_add_filters_no_filters_given",
        "TestUtils",
        "test_utils.py",
        "test_api",
        "unit",
        "test",
        "joeyagreco@sleeper__f5beb770__requests__aiohttp",
        ""
      ],
      "setup": {
        "outcome": "passed"
      },
      "call": {
        "outcome": "passed"
      },
      "teardown": {
        "outcome": "passed"
      }
    },
    {
      "nodeid": "test/unit/test_api/test_utils.py::TestUtils::test_add_filters_url_already_has_filters",
      "lineno": 30,
      "outcome": "passed",
      "keywords": [
        "test_add_filters_url_already_has_filters",
        "TestUtils",
        "test_utils.py",
        "test_api",
        "unit",
        "test",
        "joeyagreco@sleeper__f5beb770__requests__aiohttp",
        ""
      ],
      "setup": {
        "outcome": "passed"
      },
      "call": {
        "outcome": "passed"
      },
      "teardown": {
        "outcome": "passed"
      }
    },
    {
      "nodeid": "test/unit/test_api/test_utils.py::TestUtils::test_build_route_base_url_ends_with_slash",
      "lineno": 14,
      "outcome": "passed",
      "keywords": [
        "test_build_route_base_url_ends_with_slash",
        "TestUtils",
        "test_utils.py",
        "test_api",
        "unit",
        "test",
        "joeyagreco@sleeper__f5beb770__requests__aiohttp",
        ""
      ],
      "setup": {
        "outcome": "passed"
      },
      "call": {
        "outcome": "passed"
      },
      "teardown": {
        "outcome": "passed"
      }
    },
    {
      "nodeid": "test/unit/test_api/test_utils.py::TestUtils::test_build_route_ending_path_ends_with_slash",
      "lineno": 18,
      "outcome": "passed",
      "keywords": [
        "test_build_route_ending_path_ends_with_slash",
        "TestUtils",
        "test_utils.py",
        "test_api",
        "unit",
        "test",
        "joeyagreco@sleeper__f5beb770__requests__aiohttp",
        ""
      ],
      "setup": {
        "outcome": "passed"
      },
      "call": {
        "outcome": "passed"
      },
      "teardown": {
        "outcome": "passed"
      }
    },
    {
      "nodeid": "test/unit/test_api/test_utils.py::TestUtils::test_build_route_with_int_and_str_paths",
      "lineno": 10,
      "outcome": "passed",
      "keywords": [
        "test_build_route_with_int_and_str_paths",
        "TestUtils",
        "test_utils.py",
        "test_api",
        "unit",
        "test",
        "joeyagreco@sleeper__f5beb770__requests__aiohttp",
        ""
      ],
      "setup": {
        "outcome": "passed"
      },
      "call": {
        "outcome": "passed"
      },
      "teardown": {
        "outcome": "passed"
      }
    },
    {
      "nodeid": "test/unit/test_api/test_utils.py::TestUtils::test_build_route_with_str_paths",
      "lineno": 6,
      "outcome": "passed",
      "keywords": [
        "test_build_route_with_str_paths",
        "TestUtils",
        "test_utils.py",
        "test_api",
        "unit",
        "test",
        "joeyagreco@sleeper__f5beb770__requests__aiohttp",
        ""
      ],
      "setup": {
        "outcome": "passed"
      },
      "call": {
        "outcome": "passed"
      },
      "teardown": {
        "outcome": "passed"
      }
    }
  ],
  "warnings": [
    {
      "message": "coroutine 'get' was never awaited",
      "category": "RuntimeWarning",
      "when": "runtest",
      "filename": "C:\\Users\\Mohay\\AppData\\Local\\Programs\\Python\\Python312\\Lib\\re\\_parser.py",
      "lineno": 261
    },
    {
      "message": "coroutine 'get' was never awaited",
      "category": "RuntimeWarning",
      "when": "runtest",
      "filename": "D:\\repos\\joeyagreco@sleeper__f5beb770__requests__aiohttp\\.venv\\Lib\\site-packages\\requests\\models.py",
      "lineno": 13
    },
    {
      "message": "coroutine 'get_content' was never awaited",
      "category": "RuntimeWarning",
      "when": "runtest",
      "filename": "C:\\Users\\Mohay\\AppData\\Local\\Programs\\Python\\Python312\\Lib\\contextlib.py",
      "lineno": 481
    },
    {
      "message": "coroutine 'get' was never awaited",
      "category": "RuntimeWarning",
      "when": "runtest",
      "filename": "D:\\repos\\joeyagreco@sleeper__f5beb770__requests__aiohttp\\.venv\\Lib\\site-packages\\_pytest\\nodes.py",
      "lineno": 346
    }
  ]
}