{
  "exitcode": 1,
  "summary": {
    "failed": 13,
    "skipped": 1,
    "error": 5,
    "passed": 32,
    "total": 51,
    "collected": 51
  },
  "collectors": [
    {
      "nodeid": "",
      "outcome": "passed",
      "result": [
        {
          "nodeid": ".",
          "type": "Dir"
        }
      ]
    },
    {
      "nodeid": "cf_speedtest",
      "outcome": "passed",
      "result": []
    },
    {
      "nodeid": "cf_speedtest.egg-info",
      "outcome": "passed",
      "result": []
    },
    {
      "nodeid": "tests/integration_test.py",
      "outcome": "passed",
      "result": [
        {
          "nodeid": "tests/integration_test.py::test_country",
          "type": "Coroutine",
          "lineno": 10
        },
        {
          "nodeid": "tests/integration_test.py::test_preamble",
          "type": "Coroutine",
          "lineno": 18
        },
        {
          "nodeid": "tests/integration_test.py::test_main",
          "type": "Coroutine",
          "lineno": 27
        },
        {
          "nodeid": "tests/integration_test.py::test_proxy",
          "type": "Function",
          "lineno": 33
        },
        {
          "nodeid": "tests/integration_test.py::test_nossl",
          "type": "Coroutine",
          "lineno": 39
        },
        {
          "nodeid": "tests/integration_test.py::test_csv_output",
          "type": "Coroutine",
          "lineno": 45
        }
      ]
    },
    {
      "nodeid": "tests/network_test.py",
      "outcome": "passed",
      "result": [
        {
          "nodeid": "tests/network_test.py::test_get_our_country",
          "type": "Function",
          "lineno": 16
        },
        {
          "nodeid": "tests/network_test.py::test_preamble_unit",
          "type": "Function",
          "lineno": 24
        }
      ]
    },
    {
      "nodeid": "tests/options_test.py",
      "outcome": "passed",
      "result": [
        {
          "nodeid": "tests/options_test.py::test_str_to_bool_valid[yes-True]",
          "type": "Function",
          "lineno": 8
        },
        {
          "nodeid": "tests/options_test.py::test_str_to_bool_valid[no-False]",
          "type": "Function",
          "lineno": 8
        },
        {
          "nodeid": "tests/options_test.py::test_str_to_bool_valid[true-True]",
          "type": "Function",
          "lineno": 8
        },
        {
          "nodeid": "tests/options_test.py::test_str_to_bool_valid[false-False]",
          "type": "Function",
          "lineno": 8
        },
        {
          "nodeid": "tests/options_test.py::test_str_to_bool_valid[1-True]",
          "type": "Function",
          "lineno": 8
        },
        {
          "nodeid": "tests/options_test.py::test_str_to_bool_valid[0-False]",
          "type": "Function",
          "lineno": 8
        },
        {
          "nodeid": "tests/options_test.py::test_str_to_bool_valid[YES-True]",
          "type": "Function",
          "lineno": 8
        },
        {
          "nodeid": "tests/options_test.py::test_str_to_bool_valid[NO-False]",
          "type": "Function",
          "lineno": 8
        },
        {
          "nodeid": "tests/options_test.py::test_str_to_bool_valid[True-True]",
          "type": "Function",
          "lineno": 8
        },
        {
          "nodeid": "tests/options_test.py::test_str_to_bool_valid[False-False]",
          "type": "Function",
          "lineno": 8
        },
        {
          "nodeid": "tests/options_test.py::test_str_to_bool_valid[y-True]",
          "type": "Function",
          "lineno": 8
        },
        {
          "nodeid": "tests/options_test.py::test_str_to_bool_valid[n-False]",
          "type": "Function",
          "lineno": 8
        },
        {
          "nodeid": "tests/options_test.py::test_str_to_bool_invalid[invalid]",
          "type": "Function",
          "lineno": 28
        },
        {
          "nodeid": "tests/options_test.py::test_str_to_bool_invalid[maybe]",
          "type": "Function",
          "lineno": 28
        },
        {
          "nodeid": "tests/options_test.py::test_str_to_bool_invalid[2]",
          "type": "Function",
          "lineno": 28
        },
        {
          "nodeid": "tests/options_test.py::test_str_to_bool_invalid[-1]",
          "type": "Function",
          "lineno": 28
        },
        {
          "nodeid": "tests/options_test.py::test_valid_percentile_valid[0-0]",
          "type": "Function",
          "lineno": 34
        },
        {
          "nodeid": "tests/options_test.py::test_valid_percentile_valid[50-50]",
          "type": "Function",
          "lineno": 34
        },
        {
          "nodeid": "tests/options_test.py::test_valid_percentile_valid[100-100]",
          "type": "Function",
          "lineno": 34
        },
        {
          "nodeid": "tests/options_test.py::test_valid_percentile_invalid[-1]",
          "type": "Function",
          "lineno": 45
        },
        {
          "nodeid": "tests/options_test.py::test_valid_percentile_invalid[101]",
          "type": "Function",
          "lineno": 45
        },
        {
          "nodeid": "tests/options_test.py::test_valid_percentile_invalid[invalid]",
          "type": "Function",
          "lineno": 45
        },
        {
          "nodeid": "tests/options_test.py::test_valid_percentile_invalid[50.5]",
          "type": "Function",
          "lineno": 45
        }
      ]
    },
    {
      "nodeid": "tests/speedtest_test.py",
      "outcome": "passed",
      "result": [
        {
          "nodeid": "tests/speedtest_test.py::test_run_tests[down-1000-3-3]",
          "type": "Function",
          "lineno": 10
        },
        {
          "nodeid": "tests/speedtest_test.py::test_run_tests[up-1000-5-5]",
          "type": "Function",
          "lineno": 10
        },
        {
          "nodeid": "tests/speedtest_test.py::test_run_tests[invalid-1000-2-0]",
          "type": "Function",
          "lineno": 10
        },
        {
          "nodeid": "tests/speedtest_test.py::test_run_standard_test",
          "type": "Function",
          "lineno": 32
        },
        {
          "nodeid": "tests/speedtest_test.py::test_main_unit[args0-0]",
          "type": "Function",
          "lineno": 51
        },
        {
          "nodeid": "tests/speedtest_test.py::test_main_unit[args1-0]",
          "type": "Function",
          "lineno": 51
        },
        {
          "nodeid": "tests/speedtest_test.py::test_main_unit[args2-0]",
          "type": "Function",
          "lineno": 51
        },
        {
          "nodeid": "tests/speedtest_test.py::test_proxy_unit[100.24.216.83:80-expected_dict0]",
          "type": "Function",
          "lineno": 73
        },
        {
          "nodeid": "tests/speedtest_test.py::test_proxy_unit[socks5://127.0.0.1:9150-expected_dict1]",
          "type": "Function",
          "lineno": 73
        },
        {
          "nodeid": "tests/speedtest_test.py::test_proxy_unit[http://user:pass@10.10.1.10:3128-expected_dict2]",
          "type": "Function",
          "lineno": 73
        },
        {
          "nodeid": "tests/speedtest_test.py::test_output_file",
          "type": "Function",
          "lineno": 109
        }
      ]
    },
    {
      "nodeid": "tests/utils_test.py",
      "outcome": "passed",
      "result": [
        {
          "nodeid": "tests/utils_test.py::test_percentile[data0-50-3]",
          "type": "Function",
          "lineno": 7
        },
        {
          "nodeid": "tests/utils_test.py::test_percentile[data1-90-9]",
          "type": "Function",
          "lineno": 7
        },
        {
          "nodeid": "tests/utils_test.py::test_percentile[data2-100-1]",
          "type": "Function",
          "lineno": 7
        },
        {
          "nodeid": "tests/utils_test.py::test_percentile[data3-0-1]",
          "type": "Function",
          "lineno": 7
        },
        {
          "nodeid": "tests/utils_test.py::test_get_server_timing[dur=1234.5-1.2345]",
          "type": "Function",
          "lineno": 19
        },
        {
          "nodeid": "tests/utils_test.py::test_get_server_timing[key=value;dur=5678.9-5.6789]",
          "type": "Function",
          "lineno": 19
        },
        {
          "nodeid": "tests/utils_test.py::test_get_server_timing[invalid-0.0]",
          "type": "Function",
          "lineno": 19
        },
        {
          "nodeid": "tests/utils_test.py::test_get_server_timing[dur=1000-1.0]",
          "type": "Function",
          "lineno": 19
        },
        {
          "nodeid": "tests/utils_test.py::test_get_server_timing[start=0;dur=500;desc=\"Backend\"-0.5]",
          "type": "Function",
          "lineno": 19
        }
      ]
    },
    {
      "nodeid": "tests",
      "outcome": "passed",
      "result": [
        {
          "nodeid": "tests/integration_test.py",
          "type": "Module"
        },
        {
          "nodeid": "tests/network_test.py",
          "type": "Module"
        },
        {
          "nodeid": "tests/options_test.py",
          "type": "Module"
        },
        {
          "nodeid": "tests/speedtest_test.py",
          "type": "Module"
        },
        {
          "nodeid": "tests/utils_test.py",
          "type": "Module"
        }
      ]
    },
    {
      "nodeid": ".",
      "outcome": "passed",
      "result": [
        {
          "nodeid": "cf_speedtest",
          "type": "Package"
        },
        {
          "nodeid": "cf_speedtest.egg-info",
          "type": "Dir"
        },
        {
          "nodeid": "tests",
          "type": "Package"
        }
      ]
    }
  ],
  "tests": [
    {
      "nodeid": "tests/integration_test.py::test_country",
      "lineno": 10,
      "outcome": "failed",
      "keywords": [
        "test_country",
        "integration",
        "asyncio",
        "pytestmark",
        "integration_test.py",
        "tests",
        "12932@cf-speedtest__78d9ee1d__requests__aiohttp",
        ""
      ],
      "setup": {
        "outcome": "passed"
      },
      "call": {
        "outcome": "failed",
        "crash": {
          "path": "D:\\repos\\12932@cf-speedtest__78d9ee1d__requests__aiohttp\\tests\\integration_test.py",
          "lineno": 14,
          "message": "TypeError: get_our_country() missing 1 required positional argument: 'session'"
        },
        "traceback": [
          {
            "path": "tests\\integration_test.py",
            "lineno": 14,
            "message": "TypeError"
          }
        ],
        "longrepr": "@pytest.mark.asyncio\n    @pytest.mark.integration\n    async def test_country():\n>       country = await speedtest.get_our_country()\n                        ^^^^^^^^^^^^^^^^^^^^^^^^^^^\nE       TypeError: get_our_country() missing 1 required positional argument: 'session'\n\ntests\\integration_test.py:14: TypeError"
      },
      "teardown": {
        "outcome": "passed"
      }
    },
    {
      "nodeid": "tests/integration_test.py::test_preamble",
      "lineno": 18,
      "outcome": "failed",
      "keywords": [
        "test_preamble",
        "integration",
        "asyncio",
        "pytestmark",
        "integration_test.py",
        "tests",
        "12932@cf-speedtest__78d9ee1d__requests__aiohttp",
        ""
      ],
      "setup": {
        "outcome": "passed"
      },
      "call": {
        "outcome": "failed",
        "crash": {
          "path": "D:\\repos\\12932@cf-speedtest__78d9ee1d__requests__aiohttp\\tests\\integration_test.py",
          "lineno": 22,
          "message": "TypeError: preamble() missing 1 required positional argument: 'session'"
        },
        "traceback": [
          {
            "path": "tests\\integration_test.py",
            "lineno": 22,
            "message": "TypeError"
          }
        ],
        "longrepr": "@pytest.mark.asyncio\n    @pytest.mark.integration\n    async def test_preamble():\n>       preamble_text = await speedtest.preamble()\n                              ^^^^^^^^^^^^^^^^^^^^\nE       TypeError: preamble() missing 1 required positional argument: 'session'\n\ntests\\integration_test.py:22: TypeError"
      },
      "teardown": {
        "outcome": "passed"
      }
    },
    {
      "nodeid": "tests/integration_test.py::test_main",
      "lineno": 27,
      "outcome": "failed",
      "keywords": [
        "test_main",
        "integration",
        "asyncio",
        "pytestmark",
        "integration_test.py",
        "tests",
        "12932@cf-speedtest__78d9ee1d__requests__aiohttp",
        ""
      ],
      "setup": {
        "outcome": "passed"
      },
      "call": {
        "outcome": "failed",
        "crash": {
          "path": "C:\\Users\\Mohay\\AppData\\Local\\Programs\\Python\\Python311\\Lib\\argparse.py",
          "lineno": 2627,
          "message": "SystemExit: 2"
        },
        "traceback": [
          {
            "path": "tests\\integration_test.py",
            "lineno": 31,
            "message": ""
          },
          {
            "path": "cf_speedtest\\speedtest.py",
            "lineno": 164,
            "message": "in main"
          },
          {
            "path": "C:\\Users\\Mohay\\AppData\\Local\\Programs\\Python\\Python311\\Lib\\argparse.py",
            "lineno": 1877,
            "message": "in parse_args"
          },
          {
            "path": "C:\\Users\\Mohay\\AppData\\Local\\Programs\\Python\\Python311\\Lib\\argparse.py",
            "lineno": 2640,
            "message": "in error"
          },
          {
            "path": "C:\\Users\\Mohay\\AppData\\Local\\Programs\\Python\\Python311\\Lib\\argparse.py",
            "lineno": 2627,
            "message": "SystemExit"
          }
        ],
        "stderr": "usage: __main__.py [-h] [--output OUTPUT] [--percentile PERCENTILE]\n                   [--verifyssl VERIFYSSL] [--proxy PROXY]\n                   [--testpatience TESTPATIENCE]\n__main__.py: error: unrecognized arguments: --durations-min=5.0 --rootdir D:/repos/12932@cf-speedtest__78d9ee1d__requests__aiohttp --cache-clear --junitxml C:\\_work\\_MigTool\\libmig-eval-results\\libmig_out.4o\\12932@cf-speedtest__78d9ee1d__requests__aiohttp\\3-async_transform\\test-report.xml --html C:\\_work\\_MigTool\\libmig-eval-results\\libmig_out.4o\\12932@cf-speedtest__78d9ee1d__requests__aiohttp\\3-async_transform\\test-report.html --cov --json-report --json-report-file C:\\_work\\_MigTool\\libmig-eval-results\\libmig_out.4o\\12932@cf-speedtest__78d9ee1d__requests__aiohttp\\3-async_transform\\test-report.json --json-report-indent 2\n",
        "longrepr": "@pytest.mark.asyncio\n    @pytest.mark.integration\n    async def test_main():\n>       assert await speedtest.main() == 0\n               ^^^^^^^^^^^^^^^^^^^^^^\n\ntests\\integration_test.py:31: \n_ _ _ _ _ _ _ _ _ _ _ _ _ _ _ _ _ _ _ _ _ _ _ _ _ _ _ _ _ _ _ _ _ _ _ _ _ _ _ _\ncf_speedtest\\speedtest.py:164: in main\n    args = parser_with_args.parse_args(argv)\n           ^^^^^^^^^^^^^^^^^^^^^^^^^^^^^^^^^\nC:\\Users\\Mohay\\AppData\\Local\\Programs\\Python\\Python311\\Lib\\argparse.py:1877: in parse_args\n    self.error(msg % ' '.join(argv))\nC:\\Users\\Mohay\\AppData\\Local\\Programs\\Python\\Python311\\Lib\\argparse.py:2640: in error\n    self.exit(2, _('%(prog)s: error: %(message)s\\n') % args)\n_ _ _ _ _ _ _ _ _ _ _ _ _ _ _ _ _ _ _ _ _ _ _ _ _ _ _ _ _ _ _ _ _ _ _ _ _ _ _ _\n\nself = ArgumentParser(prog='__main__.py', usage=None, description=None, formatter_class=<class 'argparse.HelpFormatter'>, conflict_handler='error', add_help=True)\nstatus = 2\nmessage = '__main__.py: error: unrecognized arguments: --durations-min=5.0 --rootdir D:/repos/12932@cf-speedtest__78d9ee1d__requ..._out.4o\\\\12932@cf-speedtest__78d9ee1d__requests__aiohttp\\\\3-async_transform\\\\test-report.json --json-report-indent 2\\n'\n\n    def exit(self, status=0, message=None):\n        if message:\n            self._print_message(message, _sys.stderr)\n>       _sys.exit(status)\nE       SystemExit: 2\n\nC:\\Users\\Mohay\\AppData\\Local\\Programs\\Python\\Python311\\Lib\\argparse.py:2627: SystemExit"
      },
      "teardown": {
        "outcome": "passed"
      }
    },
    {
      "nodeid": "tests/integration_test.py::test_proxy",
      "lineno": 33,
      "outcome": "skipped",
      "keywords": [
        "test_proxy",
        "skip",
        "integration",
        "pytestmark",
        "integration_test.py",
        "tests",
        "12932@cf-speedtest__78d9ee1d__requests__aiohttp",
        ""
      ],
      "setup": {
        "outcome": "skipped",
        "longrepr": "('D:\\\\repos\\\\12932@cf-speedtest__78d9ee1d__requests__aiohttp\\\\tests\\\\integration_test.py', 34, 'Skipped: will fail without proxy')"
      },
      "teardown": {
        "outcome": "passed"
      }
    },
    {
      "nodeid": "tests/integration_test.py::test_nossl",
      "lineno": 39,
      "outcome": "failed",
      "keywords": [
        "test_nossl",
        "integration",
        "asyncio",
        "pytestmark",
        "integration_test.py",
        "tests",
        "12932@cf-speedtest__78d9ee1d__requests__aiohttp",
        ""
      ],
      "setup": {
        "outcome": "passed"
      },
      "call": {
        "outcome": "failed",
        "crash": {
          "path": "D:\\repos\\12932@cf-speedtest__78d9ee1d__requests__aiohttp\\cf_speedtest\\speedtest.py",
          "lineno": 195,
          "message": "NameError: name 'run_standard_test' is not defined"
        },
        "traceback": [
          {
            "path": "tests\\integration_test.py",
            "lineno": 43,
            "message": ""
          },
          {
            "path": "cf_speedtest\\speedtest.py",
            "lineno": 195,
            "message": "NameError"
          }
        ],
        "longrepr": "@pytest.mark.asyncio\n    @pytest.mark.integration\n    async def test_nossl():\n>       assert await speedtest.main(['--verifyssl', 'False']) == 0\n               ^^^^^^^^^^^^^^^^^^^^^^^^^^^^^^^^^^^^^^^^^^^^^^\n\ntests\\integration_test.py:43: \n_ _ _ _ _ _ _ _ _ _ _ _ _ _ _ _ _ _ _ _ _ _ _ _ _ _ _ _ _ _ _ _ _ _ _ _ _ _ _ _\n\nargv = ['--verifyssl', 'False']\n\n    async def main(argv=None) -> int:\n        global PROXY_DICT, VERIFY_SSL, OUTPUT_FILE\n    \n        parser = argparse.ArgumentParser()\n        parser_with_args = options.add_run_options(parser)\n    \n        args = parser_with_args.parse_args(argv)\n        percentile = args.percentile\n        VERIFY_SSL = args.verifyssl\n        OUTPUT_FILE = args.output\n        patience = args.testpatience\n        proxy = args.proxy\n    \n        if OUTPUT_FILE:\n            open(args.output, 'w').close()\n    \n        if proxy:\n            if proxy.startswith('socks') or proxy.startswith('http'):\n                PROXY_DICT = {'http': proxy, 'https': proxy}\n            else:\n                PROXY_DICT = {\n                    'http': f'http://{proxy}',\n                    'https': f'http://{proxy}',\n                }\n        else:\n            PROXY_DICT = None\n    \n        measurement_sizes = [\n            100_000,\n            1_000_000,\n            10_000_000,\n            25_000_000,\n            100_000_000,\n            250_000_000,\n        ]\n    \n        async with aiohttp.ClientSession() as session:\n>           speeds = await run_standard_test(session, measurement_sizes, percentile, True, patience)\n                           ^^^^^^^^^^^^^^^^^\nE           NameError: name 'run_standard_test' is not defined\n\ncf_speedtest\\speedtest.py:195: NameError"
      },
      "teardown": {
        "outcome": "passed"
      }
    },
    {
      "nodeid": "tests/integration_test.py::test_csv_output",
      "lineno": 45,
      "outcome": "failed",
      "keywords": [
        "test_csv_output",
        "integration",
        "asyncio",
        "pytestmark",
        "integration_test.py",
        "tests",
        "12932@cf-speedtest__78d9ee1d__requests__aiohttp",
        ""
      ],
      "setup": {
        "outcome": "passed"
      },
      "call": {
        "outcome": "failed",
        "crash": {
          "path": "D:\\repos\\12932@cf-speedtest__78d9ee1d__requests__aiohttp\\cf_speedtest\\speedtest.py",
          "lineno": 195,
          "message": "NameError: name 'run_standard_test' is not defined"
        },
        "traceback": [
          {
            "path": "tests\\integration_test.py",
            "lineno": 51,
            "message": ""
          },
          {
            "path": "cf_speedtest\\speedtest.py",
            "lineno": 195,
            "message": "NameError"
          }
        ],
        "longrepr": "@pytest.mark.asyncio\n    @pytest.mark.integration\n    async def test_csv_output():\n        temp_file = 'test_output.csv'\n    \n>       assert await speedtest.main(['--output', temp_file]) == 0\n               ^^^^^^^^^^^^^^^^^^^^^^^^^^^^^^^^^^^^^^^^^^^^^\n\ntests\\integration_test.py:51: \n_ _ _ _ _ _ _ _ _ _ _ _ _ _ _ _ _ _ _ _ _ _ _ _ _ _ _ _ _ _ _ _ _ _ _ _ _ _ _ _\n\nargv = ['--output', 'test_output.csv']\n\n    async def main(argv=None) -> int:\n        global PROXY_DICT, VERIFY_SSL, OUTPUT_FILE\n    \n        parser = argparse.ArgumentParser()\n        parser_with_args = options.add_run_options(parser)\n    \n        args = parser_with_args.parse_args(argv)\n        percentile = args.percentile\n        VERIFY_SSL = args.verifyssl\n        OUTPUT_FILE = args.output\n        patience = args.testpatience\n        proxy = args.proxy\n    \n        if OUTPUT_FILE:\n            open(args.output, 'w').close()\n    \n        if proxy:\n            if proxy.startswith('socks') or proxy.startswith('http'):\n                PROXY_DICT = {'http': proxy, 'https': proxy}\n            else:\n                PROXY_DICT = {\n                    'http': f'http://{proxy}',\n                    'https': f'http://{proxy}',\n                }\n        else:\n            PROXY_DICT = None\n    \n        measurement_sizes = [\n            100_000,\n            1_000_000,\n            10_000_000,\n            25_000_000,\n            100_000_000,\n            250_000_000,\n        ]\n    \n        async with aiohttp.ClientSession() as session:\n>           speeds = await run_standard_test(session, measurement_sizes, percentile, True, patience)\n                           ^^^^^^^^^^^^^^^^^\nE           NameError: name 'run_standard_test' is not defined\n\ncf_speedtest\\speedtest.py:195: NameError"
      },
      "teardown": {
        "outcome": "passed"
      }
    },
    {
      "nodeid": "tests/network_test.py::test_get_our_country",
      "lineno": 16,
      "outcome": "error",
      "keywords": [
        "test_get_our_country",
        "network_test.py",
        "tests",
        "12932@cf-speedtest__78d9ee1d__requests__aiohttp",
        ""
      ],
      "setup": {
        "outcome": "failed",
        "crash": {
          "path": "C:\\Users\\Mohay\\AppData\\Local\\Programs\\Python\\Python311\\Lib\\unittest\\mock.py",
          "lineno": 1419,
          "message": "AttributeError: <module 'cf_speedtest.speedtest' from 'D:\\\\repos\\\\12932@cf-speedtest__78d9ee1d__requests__aiohttp\\\\cf_speedtest\\\\speedtest.py'> does not have the attribute 'REQ_SESSION'"
        },
        "traceback": [
          {
            "path": "tests\\network_test.py",
            "lineno": 13,
            "message": ""
          },
          {
            "path": "C:\\Users\\Mohay\\AppData\\Local\\Programs\\Python\\Python311\\Lib\\unittest\\mock.py",
            "lineno": 1446,
            "message": "in __enter__"
          },
          {
            "path": "C:\\Users\\Mohay\\AppData\\Local\\Programs\\Python\\Python311\\Lib\\unittest\\mock.py",
            "lineno": 1419,
            "message": "AttributeError"
          }
        ],
        "longrepr": "@pytest.fixture\n    def mock_requests_session():\n>       with patch('cf_speedtest.speedtest.REQ_SESSION') as mock_session:\n\ntests\\network_test.py:13: \n_ _ _ _ _ _ _ _ _ _ _ _ _ _ _ _ _ _ _ _ _ _ _ _ _ _ _ _ _ _ _ _ _ _ _ _ _ _ _ _\nC:\\Users\\Mohay\\AppData\\Local\\Programs\\Python\\Python311\\Lib\\unittest\\mock.py:1446: in __enter__\n    original, local = self.get_original()\n                      ^^^^^^^^^^^^^^^^^^^\n_ _ _ _ _ _ _ _ _ _ _ _ _ _ _ _ _ _ _ _ _ _ _ _ _ _ _ _ _ _ _ _ _ _ _ _ _ _ _ _\n\nself = <unittest.mock._patch object at 0x000002122F917A90>\n\n    def get_original(self):\n        target = self.getter()\n        name = self.attribute\n    \n        original = DEFAULT\n        local = False\n    \n        try:\n            original = target.__dict__[name]\n        except (AttributeError, KeyError):\n            original = getattr(target, name, DEFAULT)\n        else:\n            local = True\n    \n        if name in _builtins and isinstance(target, ModuleType):\n            self.create = True\n    \n        if not self.create and original is DEFAULT:\n>           raise AttributeError(\n                \"%s does not have the attribute %r\" % (target, name)\n            )\nE           AttributeError: <module 'cf_speedtest.speedtest' from 'D:\\\\repos\\\\12932@cf-speedtest__78d9ee1d__requests__aiohttp\\\\cf_speedtest\\\\speedtest.py'> does not have the attribute 'REQ_SESSION'\n\nC:\\Users\\Mohay\\AppData\\Local\\Programs\\Python\\Python311\\Lib\\unittest\\mock.py:1419: AttributeError"
      },
      "teardown": {
        "outcome": "passed"
      }
    },
    {
      "nodeid": "tests/network_test.py::test_preamble_unit",
      "lineno": 24,
      "outcome": "error",
      "keywords": [
        "test_preamble_unit",
        "network_test.py",
        "tests",
        "12932@cf-speedtest__78d9ee1d__requests__aiohttp",
        ""
      ],
      "setup": {
        "outcome": "failed",
        "crash": {
          "path": "C:\\Users\\Mohay\\AppData\\Local\\Programs\\Python\\Python311\\Lib\\unittest\\mock.py",
          "lineno": 1419,
          "message": "AttributeError: <module 'cf_speedtest.speedtest' from 'D:\\\\repos\\\\12932@cf-speedtest__78d9ee1d__requests__aiohttp\\\\cf_speedtest\\\\speedtest.py'> does not have the attribute 'REQ_SESSION'"
        },
        "traceback": [
          {
            "path": "tests\\network_test.py",
            "lineno": 13,
            "message": ""
          },
          {
            "path": "C:\\Users\\Mohay\\AppData\\Local\\Programs\\Python\\Python311\\Lib\\unittest\\mock.py",
            "lineno": 1446,
            "message": "in __enter__"
          },
          {
            "path": "C:\\Users\\Mohay\\AppData\\Local\\Programs\\Python\\Python311\\Lib\\unittest\\mock.py",
            "lineno": 1419,
            "message": "AttributeError"
          }
        ],
        "longrepr": "@pytest.fixture\n    def mock_requests_session():\n>       with patch('cf_speedtest.speedtest.REQ_SESSION') as mock_session:\n\ntests\\network_test.py:13: \n_ _ _ _ _ _ _ _ _ _ _ _ _ _ _ _ _ _ _ _ _ _ _ _ _ _ _ _ _ _ _ _ _ _ _ _ _ _ _ _\nC:\\Users\\Mohay\\AppData\\Local\\Programs\\Python\\Python311\\Lib\\unittest\\mock.py:1446: in __enter__\n    original, local = self.get_original()\n                      ^^^^^^^^^^^^^^^^^^^\n_ _ _ _ _ _ _ _ _ _ _ _ _ _ _ _ _ _ _ _ _ _ _ _ _ _ _ _ _ _ _ _ _ _ _ _ _ _ _ _\n\nself = <unittest.mock._patch object at 0x000002122F8BC410>\n\n    def get_original(self):\n        target = self.getter()\n        name = self.attribute\n    \n        original = DEFAULT\n        local = False\n    \n        try:\n            original = target.__dict__[name]\n        except (AttributeError, KeyError):\n            original = getattr(target, name, DEFAULT)\n        else:\n            local = True\n    \n        if name in _builtins and isinstance(target, ModuleType):\n            self.create = True\n    \n        if not self.create and original is DEFAULT:\n>           raise AttributeError(\n                \"%s does not have the attribute %r\" % (target, name)\n            )\nE           AttributeError: <module 'cf_speedtest.speedtest' from 'D:\\\\repos\\\\12932@cf-speedtest__78d9ee1d__requests__aiohttp\\\\cf_speedtest\\\\speedtest.py'> does not have the attribute 'REQ_SESSION'\n\nC:\\Users\\Mohay\\AppData\\Local\\Programs\\Python\\Python311\\Lib\\unittest\\mock.py:1419: AttributeError"
      },
      "teardown": {
        "outcome": "passed"
      }
    },
    {
      "nodeid": "tests/options_test.py::test_str_to_bool_valid[yes-True]",
      "lineno": 8,
      "outcome": "passed",
      "keywords": [
        "test_str_to_bool_valid[yes-True]",
        "parametrize",
        "pytestmark",
        "yes-True",
        "options_test.py",
        "tests",
        "12932@cf-speedtest__78d9ee1d__requests__aiohttp",
        ""
      ],
      "setup": {
        "outcome": "passed"
      },
      "call": {
        "outcome": "passed"
      },
      "teardown": {
        "outcome": "passed"
      }
    },
    {
      "nodeid": "tests/options_test.py::test_str_to_bool_valid[no-False]",
      "lineno": 8,
      "outcome": "passed",
      "keywords": [
        "test_str_to_bool_valid[no-False]",
        "parametrize",
        "pytestmark",
        "no-False",
        "options_test.py",
        "tests",
        "12932@cf-speedtest__78d9ee1d__requests__aiohttp",
        ""
      ],
      "setup": {
        "outcome": "passed"
      },
      "call": {
        "outcome": "passed"
      },
      "teardown": {
        "outcome": "passed"
      }
    },
    {
      "nodeid": "tests/options_test.py::test_str_to_bool_valid[true-True]",
      "lineno": 8,
      "outcome": "passed",
      "keywords": [
        "test_str_to_bool_valid[true-True]",
        "parametrize",
        "pytestmark",
        "true-True",
        "options_test.py",
        "tests",
        "12932@cf-speedtest__78d9ee1d__requests__aiohttp",
        ""
      ],
      "setup": {
        "outcome": "passed"
      },
      "call": {
        "outcome": "passed"
      },
      "teardown": {
        "outcome": "passed"
      }
    },
    {
      "nodeid": "tests/options_test.py::test_str_to_bool_valid[false-False]",
      "lineno": 8,
      "outcome": "passed",
      "keywords": [
        "test_str_to_bool_valid[false-False]",
        "parametrize",
        "pytestmark",
        "false-False",
        "options_test.py",
        "tests",
        "12932@cf-speedtest__78d9ee1d__requests__aiohttp",
        ""
      ],
      "setup": {
        "outcome": "passed"
      },
      "call": {
        "outcome": "passed"
      },
      "teardown": {
        "outcome": "passed"
      }
    },
    {
      "nodeid": "tests/options_test.py::test_str_to_bool_valid[1-True]",
      "lineno": 8,
      "outcome": "passed",
      "keywords": [
        "test_str_to_bool_valid[1-True]",
        "parametrize",
        "pytestmark",
        "1-True",
        "options_test.py",
        "tests",
        "12932@cf-speedtest__78d9ee1d__requests__aiohttp",
        ""
      ],
      "setup": {
        "outcome": "passed"
      },
      "call": {
        "outcome": "passed"
      },
      "teardown": {
        "outcome": "passed"
      }
    },
    {
      "nodeid": "tests/options_test.py::test_str_to_bool_valid[0-False]",
      "lineno": 8,
      "outcome": "passed",
      "keywords": [
        "test_str_to_bool_valid[0-False]",
        "parametrize",
        "pytestmark",
        "0-False",
        "options_test.py",
        "tests",
        "12932@cf-speedtest__78d9ee1d__requests__aiohttp",
        ""
      ],
      "setup": {
        "outcome": "passed"
      },
      "call": {
        "outcome": "passed"
      },
      "teardown": {
        "outcome": "passed"
      }
    },
    {
      "nodeid": "tests/options_test.py::test_str_to_bool_valid[YES-True]",
      "lineno": 8,
      "outcome": "passed",
      "keywords": [
        "test_str_to_bool_valid[YES-True]",
        "parametrize",
        "pytestmark",
        "YES-True",
        "options_test.py",
        "tests",
        "12932@cf-speedtest__78d9ee1d__requests__aiohttp",
        ""
      ],
      "setup": {
        "outcome": "passed"
      },
      "call": {
        "outcome": "passed"
      },
      "teardown": {
        "outcome": "passed"
      }
    },
    {
      "nodeid": "tests/options_test.py::test_str_to_bool_valid[NO-False]",
      "lineno": 8,
      "outcome": "passed",
      "keywords": [
        "test_str_to_bool_valid[NO-False]",
        "parametrize",
        "pytestmark",
        "NO-False",
        "options_test.py",
        "tests",
        "12932@cf-speedtest__78d9ee1d__requests__aiohttp",
        ""
      ],
      "setup": {
        "outcome": "passed"
      },
      "call": {
        "outcome": "passed"
      },
      "teardown": {
        "outcome": "passed"
      }
    },
    {
      "nodeid": "tests/options_test.py::test_str_to_bool_valid[True-True]",
      "lineno": 8,
      "outcome": "passed",
      "keywords": [
        "test_str_to_bool_valid[True-True]",
        "parametrize",
        "pytestmark",
        "True-True",
        "options_test.py",
        "tests",
        "12932@cf-speedtest__78d9ee1d__requests__aiohttp",
        ""
      ],
      "setup": {
        "outcome": "passed"
      },
      "call": {
        "outcome": "passed"
      },
      "teardown": {
        "outcome": "passed"
      }
    },
    {
      "nodeid": "tests/options_test.py::test_str_to_bool_valid[False-False]",
      "lineno": 8,
      "outcome": "passed",
      "keywords": [
        "test_str_to_bool_valid[False-False]",
        "parametrize",
        "pytestmark",
        "False-False",
        "options_test.py",
        "tests",
        "12932@cf-speedtest__78d9ee1d__requests__aiohttp",
        ""
      ],
      "setup": {
        "outcome": "passed"
      },
      "call": {
        "outcome": "passed"
      },
      "teardown": {
        "outcome": "passed"
      }
    },
    {
      "nodeid": "tests/options_test.py::test_str_to_bool_valid[y-True]",
      "lineno": 8,
      "outcome": "passed",
      "keywords": [
        "test_str_to_bool_valid[y-True]",
        "parametrize",
        "pytestmark",
        "y-True",
        "options_test.py",
        "tests",
        "12932@cf-speedtest__78d9ee1d__requests__aiohttp",
        ""
      ],
      "setup": {
        "outcome": "passed"
      },
      "call": {
        "outcome": "passed"
      },
      "teardown": {
        "outcome": "passed"
      }
    },
    {
      "nodeid": "tests/options_test.py::test_str_to_bool_valid[n-False]",
      "lineno": 8,
      "outcome": "passed",
      "keywords": [
        "test_str_to_bool_valid[n-False]",
        "parametrize",
        "pytestmark",
        "n-False",
        "options_test.py",
        "tests",
        "12932@cf-speedtest__78d9ee1d__requests__aiohttp",
        ""
      ],
      "setup": {
        "outcome": "passed"
      },
      "call": {
        "outcome": "passed"
      },
      "teardown": {
        "outcome": "passed"
      }
    },
    {
      "nodeid": "tests/options_test.py::test_str_to_bool_invalid[invalid]",
      "lineno": 28,
      "outcome": "passed",
      "keywords": [
        "test_str_to_bool_invalid[invalid]",
        "parametrize",
        "pytestmark",
        "invalid",
        "options_test.py",
        "tests",
        "12932@cf-speedtest__78d9ee1d__requests__aiohttp",
        ""
      ],
      "setup": {
        "outcome": "passed"
      },
      "call": {
        "outcome": "passed"
      },
      "teardown": {
        "outcome": "passed"
      }
    },
    {
      "nodeid": "tests/options_test.py::test_str_to_bool_invalid[maybe]",
      "lineno": 28,
      "outcome": "passed",
      "keywords": [
        "test_str_to_bool_invalid[maybe]",
        "parametrize",
        "pytestmark",
        "maybe",
        "options_test.py",
        "tests",
        "12932@cf-speedtest__78d9ee1d__requests__aiohttp",
        ""
      ],
      "setup": {
        "outcome": "passed"
      },
      "call": {
        "outcome": "passed"
      },
      "teardown": {
        "outcome": "passed"
      }
    },
    {
      "nodeid": "tests/options_test.py::test_str_to_bool_invalid[2]",
      "lineno": 28,
      "outcome": "passed",
      "keywords": [
        "test_str_to_bool_invalid[2]",
        "parametrize",
        "pytestmark",
        "2",
        "options_test.py",
        "tests",
        "12932@cf-speedtest__78d9ee1d__requests__aiohttp",
        ""
      ],
      "setup": {
        "outcome": "passed"
      },
      "call": {
        "outcome": "passed"
      },
      "teardown": {
        "outcome": "passed"
      }
    },
    {
      "nodeid": "tests/options_test.py::test_str_to_bool_invalid[-1]",
      "lineno": 28,
      "outcome": "passed",
      "keywords": [
        "test_str_to_bool_invalid[-1]",
        "parametrize",
        "pytestmark",
        "-1",
        "options_test.py",
        "tests",
        "12932@cf-speedtest__78d9ee1d__requests__aiohttp",
        ""
      ],
      "setup": {
        "outcome": "passed"
      },
      "call": {
        "outcome": "passed"
      },
      "teardown": {
        "outcome": "passed"
      }
    },
    {
      "nodeid": "tests/options_test.py::test_valid_percentile_valid[0-0]",
      "lineno": 34,
      "outcome": "passed",
      "keywords": [
        "test_valid_percentile_valid[0-0]",
        "parametrize",
        "pytestmark",
        "0-0",
        "options_test.py",
        "tests",
        "12932@cf-speedtest__78d9ee1d__requests__aiohttp",
        ""
      ],
      "setup": {
        "outcome": "passed"
      },
      "call": {
        "outcome": "passed"
      },
      "teardown": {
        "outcome": "passed"
      }
    },
    {
      "nodeid": "tests/options_test.py::test_valid_percentile_valid[50-50]",
      "lineno": 34,
      "outcome": "passed",
      "keywords": [
        "test_valid_percentile_valid[50-50]",
        "parametrize",
        "pytestmark",
        "50-50",
        "options_test.py",
        "tests",
        "12932@cf-speedtest__78d9ee1d__requests__aiohttp",
        ""
      ],
      "setup": {
        "outcome": "passed"
      },
      "call": {
        "outcome": "passed"
      },
      "teardown": {
        "outcome": "passed"
      }
    },
    {
      "nodeid": "tests/options_test.py::test_valid_percentile_valid[100-100]",
      "lineno": 34,
      "outcome": "passed",
      "keywords": [
        "test_valid_percentile_valid[100-100]",
        "parametrize",
        "pytestmark",
        "100-100",
        "options_test.py",
        "tests",
        "12932@cf-speedtest__78d9ee1d__requests__aiohttp",
        ""
      ],
      "setup": {
        "outcome": "passed"
      },
      "call": {
        "outcome": "passed"
      },
      "teardown": {
        "outcome": "passed"
      }
    },
    {
      "nodeid": "tests/options_test.py::test_valid_percentile_invalid[-1]",
      "lineno": 45,
      "outcome": "passed",
      "keywords": [
        "test_valid_percentile_invalid[-1]",
        "parametrize",
        "pytestmark",
        "-1",
        "options_test.py",
        "tests",
        "12932@cf-speedtest__78d9ee1d__requests__aiohttp",
        ""
      ],
      "setup": {
        "outcome": "passed"
      },
      "call": {
        "outcome": "passed"
      },
      "teardown": {
        "outcome": "passed"
      }
    },
    {
      "nodeid": "tests/options_test.py::test_valid_percentile_invalid[101]",
      "lineno": 45,
      "outcome": "passed",
      "keywords": [
        "test_valid_percentile_invalid[101]",
        "parametrize",
        "pytestmark",
        "101",
        "options_test.py",
        "tests",
        "12932@cf-speedtest__78d9ee1d__requests__aiohttp",
        ""
      ],
      "setup": {
        "outcome": "passed"
      },
      "call": {
        "outcome": "passed"
      },
      "teardown": {
        "outcome": "passed"
      }
    },
    {
      "nodeid": "tests/options_test.py::test_valid_percentile_invalid[invalid]",
      "lineno": 45,
      "outcome": "passed",
      "keywords": [
        "test_valid_percentile_invalid[invalid]",
        "parametrize",
        "pytestmark",
        "invalid",
        "options_test.py",
        "tests",
        "12932@cf-speedtest__78d9ee1d__requests__aiohttp",
        ""
      ],
      "setup": {
        "outcome": "passed"
      },
      "call": {
        "outcome": "passed"
      },
      "teardown": {
        "outcome": "passed"
      }
    },
    {
      "nodeid": "tests/options_test.py::test_valid_percentile_invalid[50.5]",
      "lineno": 45,
      "outcome": "passed",
      "keywords": [
        "test_valid_percentile_invalid[50.5]",
        "parametrize",
        "pytestmark",
        "50.5",
        "options_test.py",
        "tests",
        "12932@cf-speedtest__78d9ee1d__requests__aiohttp",
        ""
      ],
      "setup": {
        "outcome": "passed"
      },
      "call": {
        "outcome": "passed"
      },
      "teardown": {
        "outcome": "passed"
      }
    },
    {
      "nodeid": "tests/speedtest_test.py::test_run_tests[down-1000-3-3]",
      "lineno": 10,
      "outcome": "failed",
      "keywords": [
        "test_run_tests[down-1000-3-3]",
        "parametrize",
        "pytestmark",
        "down-1000-3-3",
        "speedtest_test.py",
        "tests",
        "12932@cf-speedtest__78d9ee1d__requests__aiohttp",
        ""
      ],
      "setup": {
        "outcome": "passed"
      },
      "call": {
        "outcome": "failed",
        "crash": {
          "path": "D:\\repos\\12932@cf-speedtest__78d9ee1d__requests__aiohttp\\tests\\speedtest_test.py",
          "lineno": 22,
          "message": "AttributeError: module 'cf_speedtest.speedtest' has no attribute 'run_tests'"
        },
        "traceback": [
          {
            "path": "tests\\speedtest_test.py",
            "lineno": 22,
            "message": "AttributeError"
          }
        ],
        "longrepr": "test_type = 'down', bytes_to_xfer = 1000, iteration_count = 3, expected_len = 3\n\n    @pytest.mark.parametrize(\n        'test_type, bytes_to_xfer, iteration_count, expected_len', [\n            ('down', 1000, 3, 3),\n            ('up', 1000, 5, 5),\n            ('invalid', 1000, 2, 0),\n        ],\n    )\n    def test_run_tests(test_type, bytes_to_xfer, iteration_count, expected_len):\n        with patch('cf_speedtest.speedtest.download_test', return_value=(1000, 0.1)), \\\n                patch('cf_speedtest.speedtest.upload_test', return_value=(1000, 0.2)):\n    \n>           results = speedtest.run_tests(\n                      ^^^^^^^^^^^^^^^^^^^\n                test_type, bytes_to_xfer, iteration_count,\n            )\nE           AttributeError: module 'cf_speedtest.speedtest' has no attribute 'run_tests'\n\ntests\\speedtest_test.py:22: AttributeError"
      },
      "teardown": {
        "outcome": "passed"
      }
    },
    {
      "nodeid": "tests/speedtest_test.py::test_run_tests[up-1000-5-5]",
      "lineno": 10,
      "outcome": "failed",
      "keywords": [
        "test_run_tests[up-1000-5-5]",
        "parametrize",
        "pytestmark",
        "up-1000-5-5",
        "speedtest_test.py",
        "tests",
        "12932@cf-speedtest__78d9ee1d__requests__aiohttp",
        ""
      ],
      "setup": {
        "outcome": "passed"
      },
      "call": {
        "outcome": "failed",
        "crash": {
          "path": "D:\\repos\\12932@cf-speedtest__78d9ee1d__requests__aiohttp\\tests\\speedtest_test.py",
          "lineno": 22,
          "message": "AttributeError: module 'cf_speedtest.speedtest' has no attribute 'run_tests'"
        },
        "traceback": [
          {
            "path": "tests\\speedtest_test.py",
            "lineno": 22,
            "message": "AttributeError"
          }
        ],
        "longrepr": "test_type = 'up', bytes_to_xfer = 1000, iteration_count = 5, expected_len = 5\n\n    @pytest.mark.parametrize(\n        'test_type, bytes_to_xfer, iteration_count, expected_len', [\n            ('down', 1000, 3, 3),\n            ('up', 1000, 5, 5),\n            ('invalid', 1000, 2, 0),\n        ],\n    )\n    def test_run_tests(test_type, bytes_to_xfer, iteration_count, expected_len):\n        with patch('cf_speedtest.speedtest.download_test', return_value=(1000, 0.1)), \\\n                patch('cf_speedtest.speedtest.upload_test', return_value=(1000, 0.2)):\n    \n>           results = speedtest.run_tests(\n                      ^^^^^^^^^^^^^^^^^^^\n                test_type, bytes_to_xfer, iteration_count,\n            )\nE           AttributeError: module 'cf_speedtest.speedtest' has no attribute 'run_tests'\n\ntests\\speedtest_test.py:22: AttributeError"
      },
      "teardown": {
        "outcome": "passed"
      }
    },
    {
      "nodeid": "tests/speedtest_test.py::test_run_tests[invalid-1000-2-0]",
      "lineno": 10,
      "outcome": "failed",
      "keywords": [
        "test_run_tests[invalid-1000-2-0]",
        "parametrize",
        "pytestmark",
        "invalid-1000-2-0",
        "speedtest_test.py",
        "tests",
        "12932@cf-speedtest__78d9ee1d__requests__aiohttp",
        ""
      ],
      "setup": {
        "outcome": "passed"
      },
      "call": {
        "outcome": "failed",
        "crash": {
          "path": "D:\\repos\\12932@cf-speedtest__78d9ee1d__requests__aiohttp\\tests\\speedtest_test.py",
          "lineno": 22,
          "message": "AttributeError: module 'cf_speedtest.speedtest' has no attribute 'run_tests'"
        },
        "traceback": [
          {
            "path": "tests\\speedtest_test.py",
            "lineno": 22,
            "message": "AttributeError"
          }
        ],
        "longrepr": "test_type = 'invalid', bytes_to_xfer = 1000, iteration_count = 2\nexpected_len = 0\n\n    @pytest.mark.parametrize(\n        'test_type, bytes_to_xfer, iteration_count, expected_len', [\n            ('down', 1000, 3, 3),\n            ('up', 1000, 5, 5),\n            ('invalid', 1000, 2, 0),\n        ],\n    )\n    def test_run_tests(test_type, bytes_to_xfer, iteration_count, expected_len):\n        with patch('cf_speedtest.speedtest.download_test', return_value=(1000, 0.1)), \\\n                patch('cf_speedtest.speedtest.upload_test', return_value=(1000, 0.2)):\n    \n>           results = speedtest.run_tests(\n                      ^^^^^^^^^^^^^^^^^^^\n                test_type, bytes_to_xfer, iteration_count,\n            )\nE           AttributeError: module 'cf_speedtest.speedtest' has no attribute 'run_tests'\n\ntests\\speedtest_test.py:22: AttributeError"
      },
      "teardown": {
        "outcome": "passed"
      }
    },
    {
      "nodeid": "tests/speedtest_test.py::test_run_standard_test",
      "lineno": 32,
      "outcome": "failed",
      "keywords": [
        "test_run_standard_test",
        "__wrapped__",
        "patchings",
        "speedtest_test.py",
        "tests",
        "12932@cf-speedtest__78d9ee1d__requests__aiohttp",
        ""
      ],
      "setup": {
        "outcome": "passed"
      },
      "call": {
        "outcome": "failed",
        "crash": {
          "path": "C:\\Users\\Mohay\\AppData\\Local\\Programs\\Python\\Python311\\Lib\\unittest\\mock.py",
          "lineno": 1419,
          "message": "AttributeError: <module 'cf_speedtest.speedtest' from 'D:\\\\repos\\\\12932@cf-speedtest__78d9ee1d__requests__aiohttp\\\\cf_speedtest\\\\speedtest.py'> does not have the attribute 'run_tests'"
        },
        "traceback": [
          {
            "path": "C:\\Users\\Mohay\\AppData\\Local\\Programs\\Python\\Python311\\Lib\\unittest\\mock.py",
            "lineno": 1375,
            "message": ""
          },
          {
            "path": "C:\\Users\\Mohay\\AppData\\Local\\Programs\\Python\\Python311\\Lib\\contextlib.py",
            "lineno": 137,
            "message": "in __enter__"
          },
          {
            "path": "C:\\Users\\Mohay\\AppData\\Local\\Programs\\Python\\Python311\\Lib\\unittest\\mock.py",
            "lineno": 1357,
            "message": "in decoration_helper"
          },
          {
            "path": "C:\\Users\\Mohay\\AppData\\Local\\Programs\\Python\\Python311\\Lib\\contextlib.py",
            "lineno": 517,
            "message": "in enter_context"
          },
          {
            "path": "C:\\Users\\Mohay\\AppData\\Local\\Programs\\Python\\Python311\\Lib\\unittest\\mock.py",
            "lineno": 1446,
            "message": "in __enter__"
          },
          {
            "path": "C:\\Users\\Mohay\\AppData\\Local\\Programs\\Python\\Python311\\Lib\\unittest\\mock.py",
            "lineno": 1419,
            "message": "AttributeError"
          }
        ],
        "longrepr": "args = (), keywargs = {}\n\n    @wraps(func)\n    def patched(*args, **keywargs):\n>       with self.decoration_helper(patched,\n                                    args,\n                                    keywargs) as (newargs, newkeywargs):\n\nC:\\Users\\Mohay\\AppData\\Local\\Programs\\Python\\Python311\\Lib\\unittest\\mock.py:1375: \n_ _ _ _ _ _ _ _ _ _ _ _ _ _ _ _ _ _ _ _ _ _ _ _ _ _ _ _ _ _ _ _ _ _ _ _ _ _ _ _\nC:\\Users\\Mohay\\AppData\\Local\\Programs\\Python\\Python311\\Lib\\contextlib.py:137: in __enter__\n    return next(self.gen)\n           ^^^^^^^^^^^^^^\nC:\\Users\\Mohay\\AppData\\Local\\Programs\\Python\\Python311\\Lib\\unittest\\mock.py:1357: in decoration_helper\n    arg = exit_stack.enter_context(patching)\n          ^^^^^^^^^^^^^^^^^^^^^^^^^^^^^^^^^^\nC:\\Users\\Mohay\\AppData\\Local\\Programs\\Python\\Python311\\Lib\\contextlib.py:517: in enter_context\n    result = _enter(cm)\n             ^^^^^^^^^^\nC:\\Users\\Mohay\\AppData\\Local\\Programs\\Python\\Python311\\Lib\\unittest\\mock.py:1446: in __enter__\n    original, local = self.get_original()\n                      ^^^^^^^^^^^^^^^^^^^\n_ _ _ _ _ _ _ _ _ _ _ _ _ _ _ _ _ _ _ _ _ _ _ _ _ _ _ _ _ _ _ _ _ _ _ _ _ _ _ _\n\nself = <unittest.mock._patch object at 0x000002122F82C490>\n\n    def get_original(self):\n        target = self.getter()\n        name = self.attribute\n    \n        original = DEFAULT\n        local = False\n    \n        try:\n            original = target.__dict__[name]\n        except (AttributeError, KeyError):\n            original = getattr(target, name, DEFAULT)\n        else:\n            local = True\n    \n        if name in _builtins and isinstance(target, ModuleType):\n            self.create = True\n    \n        if not self.create and original is DEFAULT:\n>           raise AttributeError(\n                \"%s does not have the attribute %r\" % (target, name)\n            )\nE           AttributeError: <module 'cf_speedtest.speedtest' from 'D:\\\\repos\\\\12932@cf-speedtest__78d9ee1d__requests__aiohttp\\\\cf_speedtest\\\\speedtest.py'> does not have the attribute 'run_tests'\n\nC:\\Users\\Mohay\\AppData\\Local\\Programs\\Python\\Python311\\Lib\\unittest\\mock.py:1419: AttributeError"
      },
      "teardown": {
        "outcome": "passed"
      }
    },
    {
      "nodeid": "tests/speedtest_test.py::test_main_unit[args0-0]",
      "lineno": 51,
      "outcome": "error",
      "keywords": [
        "test_main_unit[args0-0]",
        "parametrize",
        "pytestmark",
        "args0-0",
        "speedtest_test.py",
        "tests",
        "12932@cf-speedtest__78d9ee1d__requests__aiohttp",
        ""
      ],
      "setup": {
        "outcome": "failed",
        "crash": {
          "path": "C:\\Users\\Mohay\\AppData\\Local\\Programs\\Python\\Python311\\Lib\\unittest\\mock.py",
          "lineno": 1419,
          "message": "AttributeError: <module 'cf_speedtest.speedtest' from 'D:\\\\repos\\\\12932@cf-speedtest__78d9ee1d__requests__aiohttp\\\\cf_speedtest\\\\speedtest.py'> does not have the attribute 'REQ_SESSION'"
        },
        "traceback": [
          {
            "path": "tests\\conftest.py",
            "lineno": 17,
            "message": ""
          },
          {
            "path": "C:\\Users\\Mohay\\AppData\\Local\\Programs\\Python\\Python311\\Lib\\unittest\\mock.py",
            "lineno": 1446,
            "message": "in __enter__"
          },
          {
            "path": "C:\\Users\\Mohay\\AppData\\Local\\Programs\\Python\\Python311\\Lib\\unittest\\mock.py",
            "lineno": 1419,
            "message": "AttributeError"
          }
        ],
        "longrepr": "@pytest.fixture\n    def mock_requests_session():\n>       with patch('cf_speedtest.speedtest.REQ_SESSION') as mock_session:\n\ntests\\conftest.py:17: \n_ _ _ _ _ _ _ _ _ _ _ _ _ _ _ _ _ _ _ _ _ _ _ _ _ _ _ _ _ _ _ _ _ _ _ _ _ _ _ _\nC:\\Users\\Mohay\\AppData\\Local\\Programs\\Python\\Python311\\Lib\\unittest\\mock.py:1446: in __enter__\n    original, local = self.get_original()\n                      ^^^^^^^^^^^^^^^^^^^\n_ _ _ _ _ _ _ _ _ _ _ _ _ _ _ _ _ _ _ _ _ _ _ _ _ _ _ _ _ _ _ _ _ _ _ _ _ _ _ _\n\nself = <unittest.mock._patch object at 0x000002122FA9C1D0>\n\n    def get_original(self):\n        target = self.getter()\n        name = self.attribute\n    \n        original = DEFAULT\n        local = False\n    \n        try:\n            original = target.__dict__[name]\n        except (AttributeError, KeyError):\n            original = getattr(target, name, DEFAULT)\n        else:\n            local = True\n    \n        if name in _builtins and isinstance(target, ModuleType):\n            self.create = True\n    \n        if not self.create and original is DEFAULT:\n>           raise AttributeError(\n                \"%s does not have the attribute %r\" % (target, name)\n            )\nE           AttributeError: <module 'cf_speedtest.speedtest' from 'D:\\\\repos\\\\12932@cf-speedtest__78d9ee1d__requests__aiohttp\\\\cf_speedtest\\\\speedtest.py'> does not have the attribute 'REQ_SESSION'\n\nC:\\Users\\Mohay\\AppData\\Local\\Programs\\Python\\Python311\\Lib\\unittest\\mock.py:1419: AttributeError"
      },
      "teardown": {
        "outcome": "passed"
      }
    },
    {
      "nodeid": "tests/speedtest_test.py::test_main_unit[args1-0]",
      "lineno": 51,
      "outcome": "error",
      "keywords": [
        "test_main_unit[args1-0]",
        "parametrize",
        "pytestmark",
        "args1-0",
        "speedtest_test.py",
        "tests",
        "12932@cf-speedtest__78d9ee1d__requests__aiohttp",
        ""
      ],
      "setup": {
        "outcome": "failed",
        "crash": {
          "path": "C:\\Users\\Mohay\\AppData\\Local\\Programs\\Python\\Python311\\Lib\\unittest\\mock.py",
          "lineno": 1419,
          "message": "AttributeError: <module 'cf_speedtest.speedtest' from 'D:\\\\repos\\\\12932@cf-speedtest__78d9ee1d__requests__aiohttp\\\\cf_speedtest\\\\speedtest.py'> does not have the attribute 'REQ_SESSION'"
        },
        "traceback": [
          {
            "path": "tests\\conftest.py",
            "lineno": 17,
            "message": ""
          },
          {
            "path": "C:\\Users\\Mohay\\AppData\\Local\\Programs\\Python\\Python311\\Lib\\unittest\\mock.py",
            "lineno": 1446,
            "message": "in __enter__"
          },
          {
            "path": "C:\\Users\\Mohay\\AppData\\Local\\Programs\\Python\\Python311\\Lib\\unittest\\mock.py",
            "lineno": 1419,
            "message": "AttributeError"
          }
        ],
        "longrepr": "@pytest.fixture\n    def mock_requests_session():\n>       with patch('cf_speedtest.speedtest.REQ_SESSION') as mock_session:\n\ntests\\conftest.py:17: \n_ _ _ _ _ _ _ _ _ _ _ _ _ _ _ _ _ _ _ _ _ _ _ _ _ _ _ _ _ _ _ _ _ _ _ _ _ _ _ _\nC:\\Users\\Mohay\\AppData\\Local\\Programs\\Python\\Python311\\Lib\\unittest\\mock.py:1446: in __enter__\n    original, local = self.get_original()\n                      ^^^^^^^^^^^^^^^^^^^\n_ _ _ _ _ _ _ _ _ _ _ _ _ _ _ _ _ _ _ _ _ _ _ _ _ _ _ _ _ _ _ _ _ _ _ _ _ _ _ _\n\nself = <unittest.mock._patch object at 0x000002122F8D2190>\n\n    def get_original(self):\n        target = self.getter()\n        name = self.attribute\n    \n        original = DEFAULT\n        local = False\n    \n        try:\n            original = target.__dict__[name]\n        except (AttributeError, KeyError):\n            original = getattr(target, name, DEFAULT)\n        else:\n            local = True\n    \n        if name in _builtins and isinstance(target, ModuleType):\n            self.create = True\n    \n        if not self.create and original is DEFAULT:\n>           raise AttributeError(\n                \"%s does not have the attribute %r\" % (target, name)\n            )\nE           AttributeError: <module 'cf_speedtest.speedtest' from 'D:\\\\repos\\\\12932@cf-speedtest__78d9ee1d__requests__aiohttp\\\\cf_speedtest\\\\speedtest.py'> does not have the attribute 'REQ_SESSION'\n\nC:\\Users\\Mohay\\AppData\\Local\\Programs\\Python\\Python311\\Lib\\unittest\\mock.py:1419: AttributeError"
      },
      "teardown": {
        "outcome": "passed"
      }
    },
    {
      "nodeid": "tests/speedtest_test.py::test_main_unit[args2-0]",
      "lineno": 51,
      "outcome": "error",
      "keywords": [
        "test_main_unit[args2-0]",
        "parametrize",
        "pytestmark",
        "args2-0",
        "speedtest_test.py",
        "tests",
        "12932@cf-speedtest__78d9ee1d__requests__aiohttp",
        ""
      ],
      "setup": {
        "outcome": "failed",
        "crash": {
          "path": "C:\\Users\\Mohay\\AppData\\Local\\Programs\\Python\\Python311\\Lib\\unittest\\mock.py",
          "lineno": 1419,
          "message": "AttributeError: <module 'cf_speedtest.speedtest' from 'D:\\\\repos\\\\12932@cf-speedtest__78d9ee1d__requests__aiohttp\\\\cf_speedtest\\\\speedtest.py'> does not have the attribute 'REQ_SESSION'"
        },
        "traceback": [
          {
            "path": "tests\\conftest.py",
            "lineno": 17,
            "message": ""
          },
          {
            "path": "C:\\Users\\Mohay\\AppData\\Local\\Programs\\Python\\Python311\\Lib\\unittest\\mock.py",
            "lineno": 1446,
            "message": "in __enter__"
          },
          {
            "path": "C:\\Users\\Mohay\\AppData\\Local\\Programs\\Python\\Python311\\Lib\\unittest\\mock.py",
            "lineno": 1419,
            "message": "AttributeError"
          }
        ],
        "longrepr": "@pytest.fixture\n    def mock_requests_session():\n>       with patch('cf_speedtest.speedtest.REQ_SESSION') as mock_session:\n\ntests\\conftest.py:17: \n_ _ _ _ _ _ _ _ _ _ _ _ _ _ _ _ _ _ _ _ _ _ _ _ _ _ _ _ _ _ _ _ _ _ _ _ _ _ _ _\nC:\\Users\\Mohay\\AppData\\Local\\Programs\\Python\\Python311\\Lib\\unittest\\mock.py:1446: in __enter__\n    original, local = self.get_original()\n                      ^^^^^^^^^^^^^^^^^^^\n_ _ _ _ _ _ _ _ _ _ _ _ _ _ _ _ _ _ _ _ _ _ _ _ _ _ _ _ _ _ _ _ _ _ _ _ _ _ _ _\n\nself = <unittest.mock._patch object at 0x000002122F97F690>\n\n    def get_original(self):\n        target = self.getter()\n        name = self.attribute\n    \n        original = DEFAULT\n        local = False\n    \n        try:\n            original = target.__dict__[name]\n        except (AttributeError, KeyError):\n            original = getattr(target, name, DEFAULT)\n        else:\n            local = True\n    \n        if name in _builtins and isinstance(target, ModuleType):\n            self.create = True\n    \n        if not self.create and original is DEFAULT:\n>           raise AttributeError(\n                \"%s does not have the attribute %r\" % (target, name)\n            )\nE           AttributeError: <module 'cf_speedtest.speedtest' from 'D:\\\\repos\\\\12932@cf-speedtest__78d9ee1d__requests__aiohttp\\\\cf_speedtest\\\\speedtest.py'> does not have the attribute 'REQ_SESSION'\n\nC:\\Users\\Mohay\\AppData\\Local\\Programs\\Python\\Python311\\Lib\\unittest\\mock.py:1419: AttributeError"
      },
      "teardown": {
        "outcome": "passed"
      }
    },
    {
      "nodeid": "tests/speedtest_test.py::test_proxy_unit[100.24.216.83:80-expected_dict0]",
      "lineno": 73,
      "outcome": "failed",
      "keywords": [
        "test_proxy_unit[100.24.216.83:80-expected_dict0]",
        "parametrize",
        "pytestmark",
        "100.24.216.83:80-expected_dict0",
        "speedtest_test.py",
        "tests",
        "12932@cf-speedtest__78d9ee1d__requests__aiohttp",
        ""
      ],
      "setup": {
        "outcome": "passed"
      },
      "call": {
        "outcome": "failed",
        "crash": {
          "path": "C:\\Users\\Mohay\\AppData\\Local\\Programs\\Python\\Python311\\Lib\\unittest\\mock.py",
          "lineno": 1419,
          "message": "AttributeError: <module 'cf_speedtest.speedtest' from 'D:\\\\repos\\\\12932@cf-speedtest__78d9ee1d__requests__aiohttp\\\\cf_speedtest\\\\speedtest.py'> does not have the attribute 'run_standard_test'"
        },
        "traceback": [
          {
            "path": "tests\\speedtest_test.py",
            "lineno": 95,
            "message": ""
          },
          {
            "path": "C:\\Users\\Mohay\\AppData\\Local\\Programs\\Python\\Python311\\Lib\\unittest\\mock.py",
            "lineno": 1446,
            "message": "in __enter__"
          },
          {
            "path": "C:\\Users\\Mohay\\AppData\\Local\\Programs\\Python\\Python311\\Lib\\unittest\\mock.py",
            "lineno": 1419,
            "message": "AttributeError"
          }
        ],
        "longrepr": "proxy = '100.24.216.83:80'\nexpected_dict = {'http': 'http://100.24.216.83:80', 'https': 'http://100.24.216.83:80'}\n\n    @pytest.mark.parametrize(\n        'proxy, expected_dict', [\n            (\n                '100.24.216.83:80', {\n                    'http': 'http://100.24.216.83:80', 'https': 'http://100.24.216.83:80',\n                },\n            ),\n            (\n                'socks5://127.0.0.1:9150',\n                {'http': 'socks5://127.0.0.1:9150', 'https': 'socks5://127.0.0.1:9150'},\n            ),\n            (\n                'http://user:pass@10.10.1.10:3128',\n                {\n                    'http': 'http://user:pass@10.10.1.10:3128',\n                    'https': 'http://user:pass@10.10.1.10:3128',\n                },\n            ),\n        ],\n    )\n    def test_proxy_unit(proxy, expected_dict):\n>       with patch('cf_speedtest.speedtest.run_standard_test') as mock_run_test:\n\ntests\\speedtest_test.py:95: \n_ _ _ _ _ _ _ _ _ _ _ _ _ _ _ _ _ _ _ _ _ _ _ _ _ _ _ _ _ _ _ _ _ _ _ _ _ _ _ _\nC:\\Users\\Mohay\\AppData\\Local\\Programs\\Python\\Python311\\Lib\\unittest\\mock.py:1446: in __enter__\n    original, local = self.get_original()\n                      ^^^^^^^^^^^^^^^^^^^\n_ _ _ _ _ _ _ _ _ _ _ _ _ _ _ _ _ _ _ _ _ _ _ _ _ _ _ _ _ _ _ _ _ _ _ _ _ _ _ _\n\nself = <unittest.mock._patch object at 0x000002122F8C7050>\n\n    def get_original(self):\n        target = self.getter()\n        name = self.attribute\n    \n        original = DEFAULT\n        local = False\n    \n        try:\n            original = target.__dict__[name]\n        except (AttributeError, KeyError):\n            original = getattr(target, name, DEFAULT)\n        else:\n            local = True\n    \n        if name in _builtins and isinstance(target, ModuleType):\n            self.create = True\n    \n        if not self.create and original is DEFAULT:\n>           raise AttributeError(\n                \"%s does not have the attribute %r\" % (target, name)\n            )\nE           AttributeError: <module 'cf_speedtest.speedtest' from 'D:\\\\repos\\\\12932@cf-speedtest__78d9ee1d__requests__aiohttp\\\\cf_speedtest\\\\speedtest.py'> does not have the attribute 'run_standard_test'\n\nC:\\Users\\Mohay\\AppData\\Local\\Programs\\Python\\Python311\\Lib\\unittest\\mock.py:1419: AttributeError"
      },
      "teardown": {
        "outcome": "passed"
      }
    },
    {
      "nodeid": "tests/speedtest_test.py::test_proxy_unit[socks5://127.0.0.1:9150-expected_dict1]",
      "lineno": 73,
      "outcome": "failed",
      "keywords": [
        "test_proxy_unit[socks5://127.0.0.1:9150-expected_dict1]",
        "parametrize",
        "pytestmark",
        "socks5://127.0.0.1:9150-expected_dict1",
        "speedtest_test.py",
        "tests",
        "12932@cf-speedtest__78d9ee1d__requests__aiohttp",
        ""
      ],
      "setup": {
        "outcome": "passed"
      },
      "call": {
        "outcome": "failed",
        "crash": {
          "path": "C:\\Users\\Mohay\\AppData\\Local\\Programs\\Python\\Python311\\Lib\\unittest\\mock.py",
          "lineno": 1419,
          "message": "AttributeError: <module 'cf_speedtest.speedtest' from 'D:\\\\repos\\\\12932@cf-speedtest__78d9ee1d__requests__aiohttp\\\\cf_speedtest\\\\speedtest.py'> does not have the attribute 'run_standard_test'"
        },
        "traceback": [
          {
            "path": "tests\\speedtest_test.py",
            "lineno": 95,
            "message": ""
          },
          {
            "path": "C:\\Users\\Mohay\\AppData\\Local\\Programs\\Python\\Python311\\Lib\\unittest\\mock.py",
            "lineno": 1446,
            "message": "in __enter__"
          },
          {
            "path": "C:\\Users\\Mohay\\AppData\\Local\\Programs\\Python\\Python311\\Lib\\unittest\\mock.py",
            "lineno": 1419,
            "message": "AttributeError"
          }
        ],
        "longrepr": "proxy = 'socks5://127.0.0.1:9150'\nexpected_dict = {'http': 'socks5://127.0.0.1:9150', 'https': 'socks5://127.0.0.1:9150'}\n\n    @pytest.mark.parametrize(\n        'proxy, expected_dict', [\n            (\n                '100.24.216.83:80', {\n                    'http': 'http://100.24.216.83:80', 'https': 'http://100.24.216.83:80',\n                },\n            ),\n            (\n                'socks5://127.0.0.1:9150',\n                {'http': 'socks5://127.0.0.1:9150', 'https': 'socks5://127.0.0.1:9150'},\n            ),\n            (\n                'http://user:pass@10.10.1.10:3128',\n                {\n                    'http': 'http://user:pass@10.10.1.10:3128',\n                    'https': 'http://user:pass@10.10.1.10:3128',\n                },\n            ),\n        ],\n    )\n    def test_proxy_unit(proxy, expected_dict):\n>       with patch('cf_speedtest.speedtest.run_standard_test') as mock_run_test:\n\ntests\\speedtest_test.py:95: \n_ _ _ _ _ _ _ _ _ _ _ _ _ _ _ _ _ _ _ _ _ _ _ _ _ _ _ _ _ _ _ _ _ _ _ _ _ _ _ _\nC:\\Users\\Mohay\\AppData\\Local\\Programs\\Python\\Python311\\Lib\\unittest\\mock.py:1446: in __enter__\n    original, local = self.get_original()\n                      ^^^^^^^^^^^^^^^^^^^\n_ _ _ _ _ _ _ _ _ _ _ _ _ _ _ _ _ _ _ _ _ _ _ _ _ _ _ _ _ _ _ _ _ _ _ _ _ _ _ _\n\nself = <unittest.mock._patch object at 0x000002122F8DB5D0>\n\n    def get_original(self):\n        target = self.getter()\n        name = self.attribute\n    \n        original = DEFAULT\n        local = False\n    \n        try:\n            original = target.__dict__[name]\n        except (AttributeError, KeyError):\n            original = getattr(target, name, DEFAULT)\n        else:\n            local = True\n    \n        if name in _builtins and isinstance(target, ModuleType):\n            self.create = True\n    \n        if not self.create and original is DEFAULT:\n>           raise AttributeError(\n                \"%s does not have the attribute %r\" % (target, name)\n            )\nE           AttributeError: <module 'cf_speedtest.speedtest' from 'D:\\\\repos\\\\12932@cf-speedtest__78d9ee1d__requests__aiohttp\\\\cf_speedtest\\\\speedtest.py'> does not have the attribute 'run_standard_test'\n\nC:\\Users\\Mohay\\AppData\\Local\\Programs\\Python\\Python311\\Lib\\unittest\\mock.py:1419: AttributeError"
      },
      "teardown": {
        "outcome": "passed"
      }
    },
    {
      "nodeid": "tests/speedtest_test.py::test_proxy_unit[http://user:pass@10.10.1.10:3128-expected_dict2]",
      "lineno": 73,
      "outcome": "failed",
      "keywords": [
        "test_proxy_unit[http://user:pass@10.10.1.10:3128-expected_dict2]",
        "parametrize",
        "pytestmark",
        "http://user:pass@10.10.1.10:3128-expected_dict2",
        "speedtest_test.py",
        "tests",
        "12932@cf-speedtest__78d9ee1d__requests__aiohttp",
        ""
      ],
      "setup": {
        "outcome": "passed"
      },
      "call": {
        "outcome": "failed",
        "crash": {
          "path": "C:\\Users\\Mohay\\AppData\\Local\\Programs\\Python\\Python311\\Lib\\unittest\\mock.py",
          "lineno": 1419,
          "message": "AttributeError: <module 'cf_speedtest.speedtest' from 'D:\\\\repos\\\\12932@cf-speedtest__78d9ee1d__requests__aiohttp\\\\cf_speedtest\\\\speedtest.py'> does not have the attribute 'run_standard_test'"
        },
        "traceback": [
          {
            "path": "tests\\speedtest_test.py",
            "lineno": 95,
            "message": ""
          },
          {
            "path": "C:\\Users\\Mohay\\AppData\\Local\\Programs\\Python\\Python311\\Lib\\unittest\\mock.py",
            "lineno": 1446,
            "message": "in __enter__"
          },
          {
            "path": "C:\\Users\\Mohay\\AppData\\Local\\Programs\\Python\\Python311\\Lib\\unittest\\mock.py",
            "lineno": 1419,
            "message": "AttributeError"
          }
        ],
        "longrepr": "proxy = 'http://user:pass@10.10.1.10:3128'\nexpected_dict = {'http': 'http://user:pass@10.10.1.10:3128', 'https': 'http://user:pass@10.10.1.10:3128'}\n\n    @pytest.mark.parametrize(\n        'proxy, expected_dict', [\n            (\n                '100.24.216.83:80', {\n                    'http': 'http://100.24.216.83:80', 'https': 'http://100.24.216.83:80',\n                },\n            ),\n            (\n                'socks5://127.0.0.1:9150',\n                {'http': 'socks5://127.0.0.1:9150', 'https': 'socks5://127.0.0.1:9150'},\n            ),\n            (\n                'http://user:pass@10.10.1.10:3128',\n                {\n                    'http': 'http://user:pass@10.10.1.10:3128',\n                    'https': 'http://user:pass@10.10.1.10:3128',\n                },\n            ),\n        ],\n    )\n    def test_proxy_unit(proxy, expected_dict):\n>       with patch('cf_speedtest.speedtest.run_standard_test') as mock_run_test:\n\ntests\\speedtest_test.py:95: \n_ _ _ _ _ _ _ _ _ _ _ _ _ _ _ _ _ _ _ _ _ _ _ _ _ _ _ _ _ _ _ _ _ _ _ _ _ _ _ _\nC:\\Users\\Mohay\\AppData\\Local\\Programs\\Python\\Python311\\Lib\\unittest\\mock.py:1446: in __enter__\n    original, local = self.get_original()\n                      ^^^^^^^^^^^^^^^^^^^\n_ _ _ _ _ _ _ _ _ _ _ _ _ _ _ _ _ _ _ _ _ _ _ _ _ _ _ _ _ _ _ _ _ _ _ _ _ _ _ _\n\nself = <unittest.mock._patch object at 0x000002122F8830D0>\n\n    def get_original(self):\n        target = self.getter()\n        name = self.attribute\n    \n        original = DEFAULT\n        local = False\n    \n        try:\n            original = target.__dict__[name]\n        except (AttributeError, KeyError):\n            original = getattr(target, name, DEFAULT)\n        else:\n            local = True\n    \n        if name in _builtins and isinstance(target, ModuleType):\n            self.create = True\n    \n        if not self.create and original is DEFAULT:\n>           raise AttributeError(\n                \"%s does not have the attribute %r\" % (target, name)\n            )\nE           AttributeError: <module 'cf_speedtest.speedtest' from 'D:\\\\repos\\\\12932@cf-speedtest__78d9ee1d__requests__aiohttp\\\\cf_speedtest\\\\speedtest.py'> does not have the attribute 'run_standard_test'\n\nC:\\Users\\Mohay\\AppData\\Local\\Programs\\Python\\Python311\\Lib\\unittest\\mock.py:1419: AttributeError"
      },
      "teardown": {
        "outcome": "passed"
      }
    },
    {
      "nodeid": "tests/speedtest_test.py::test_output_file",
      "lineno": 109,
      "outcome": "failed",
      "keywords": [
        "test_output_file",
        "speedtest_test.py",
        "tests",
        "12932@cf-speedtest__78d9ee1d__requests__aiohttp",
        ""
      ],
      "setup": {
        "outcome": "passed"
      },
      "call": {
        "outcome": "failed",
        "crash": {
          "path": "C:\\Users\\Mohay\\AppData\\Local\\Programs\\Python\\Python311\\Lib\\unittest\\mock.py",
          "lineno": 1419,
          "message": "AttributeError: <module 'cf_speedtest.speedtest' from 'D:\\\\repos\\\\12932@cf-speedtest__78d9ee1d__requests__aiohttp\\\\cf_speedtest\\\\speedtest.py'> does not have the attribute 'run_standard_test'"
        },
        "traceback": [
          {
            "path": "tests\\speedtest_test.py",
            "lineno": 113,
            "message": ""
          },
          {
            "path": "C:\\Users\\Mohay\\AppData\\Local\\Programs\\Python\\Python311\\Lib\\unittest\\mock.py",
            "lineno": 1446,
            "message": "in __enter__"
          },
          {
            "path": "C:\\Users\\Mohay\\AppData\\Local\\Programs\\Python\\Python311\\Lib\\unittest\\mock.py",
            "lineno": 1419,
            "message": "AttributeError"
          }
        ],
        "longrepr": "mock_time = <MagicMock name='time' id='2277130389584'>\n\n    def test_output_file(mock_time):\n        output_file = 'test_output.csv'\n    \n>       with patch('cf_speedtest.speedtest.run_standard_test') as mock_run_test, \\\n                patch('builtins.open', create=True) as mock_open:\n\ntests\\speedtest_test.py:113: \n_ _ _ _ _ _ _ _ _ _ _ _ _ _ _ _ _ _ _ _ _ _ _ _ _ _ _ _ _ _ _ _ _ _ _ _ _ _ _ _\nC:\\Users\\Mohay\\AppData\\Local\\Programs\\Python\\Python311\\Lib\\unittest\\mock.py:1446: in __enter__\n    original, local = self.get_original()\n                      ^^^^^^^^^^^^^^^^^^^\n_ _ _ _ _ _ _ _ _ _ _ _ _ _ _ _ _ _ _ _ _ _ _ _ _ _ _ _ _ _ _ _ _ _ _ _ _ _ _ _\n\nself = <unittest.mock._patch object at 0x000002122FA9CD50>\n\n    def get_original(self):\n        target = self.getter()\n        name = self.attribute\n    \n        original = DEFAULT\n        local = False\n    \n        try:\n            original = target.__dict__[name]\n        except (AttributeError, KeyError):\n            original = getattr(target, name, DEFAULT)\n        else:\n            local = True\n    \n        if name in _builtins and isinstance(target, ModuleType):\n            self.create = True\n    \n        if not self.create and original is DEFAULT:\n>           raise AttributeError(\n                \"%s does not have the attribute %r\" % (target, name)\n            )\nE           AttributeError: <module 'cf_speedtest.speedtest' from 'D:\\\\repos\\\\12932@cf-speedtest__78d9ee1d__requests__aiohttp\\\\cf_speedtest\\\\speedtest.py'> does not have the attribute 'run_standard_test'\n\nC:\\Users\\Mohay\\AppData\\Local\\Programs\\Python\\Python311\\Lib\\unittest\\mock.py:1419: AttributeError"
      },
      "teardown": {
        "outcome": "passed"
      }
    },
    {
      "nodeid": "tests/utils_test.py::test_percentile[data0-50-3]",
      "lineno": 7,
      "outcome": "passed",
      "keywords": [
        "test_percentile[data0-50-3]",
        "parametrize",
        "pytestmark",
        "data0-50-3",
        "utils_test.py",
        "tests",
        "12932@cf-speedtest__78d9ee1d__requests__aiohttp",
        ""
      ],
      "setup": {
        "outcome": "passed"
      },
      "call": {
        "outcome": "passed"
      },
      "teardown": {
        "outcome": "passed"
      }
    },
    {
      "nodeid": "tests/utils_test.py::test_percentile[data1-90-9]",
      "lineno": 7,
      "outcome": "passed",
      "keywords": [
        "test_percentile[data1-90-9]",
        "parametrize",
        "pytestmark",
        "data1-90-9",
        "utils_test.py",
        "tests",
        "12932@cf-speedtest__78d9ee1d__requests__aiohttp",
        ""
      ],
      "setup": {
        "outcome": "passed"
      },
      "call": {
        "outcome": "passed"
      },
      "teardown": {
        "outcome": "passed"
      }
    },
    {
      "nodeid": "tests/utils_test.py::test_percentile[data2-100-1]",
      "lineno": 7,
      "outcome": "passed",
      "keywords": [
        "test_percentile[data2-100-1]",
        "parametrize",
        "pytestmark",
        "data2-100-1",
        "utils_test.py",
        "tests",
        "12932@cf-speedtest__78d9ee1d__requests__aiohttp",
        ""
      ],
      "setup": {
        "outcome": "passed"
      },
      "call": {
        "outcome": "passed"
      },
      "teardown": {
        "outcome": "passed"
      }
    },
    {
      "nodeid": "tests/utils_test.py::test_percentile[data3-0-1]",
      "lineno": 7,
      "outcome": "passed",
      "keywords": [
        "test_percentile[data3-0-1]",
        "parametrize",
        "pytestmark",
        "data3-0-1",
        "utils_test.py",
        "tests",
        "12932@cf-speedtest__78d9ee1d__requests__aiohttp",
        ""
      ],
      "setup": {
        "outcome": "passed"
      },
      "call": {
        "outcome": "passed"
      },
      "teardown": {
        "outcome": "passed"
      }
    },
    {
      "nodeid": "tests/utils_test.py::test_get_server_timing[dur=1234.5-1.2345]",
      "lineno": 19,
      "outcome": "passed",
      "keywords": [
        "test_get_server_timing[dur=1234.5-1.2345]",
        "parametrize",
        "pytestmark",
        "dur=1234.5-1.2345",
        "utils_test.py",
        "tests",
        "12932@cf-speedtest__78d9ee1d__requests__aiohttp",
        ""
      ],
      "setup": {
        "outcome": "passed"
      },
      "call": {
        "outcome": "passed"
      },
      "teardown": {
        "outcome": "passed"
      }
    },
    {
      "nodeid": "tests/utils_test.py::test_get_server_timing[key=value;dur=5678.9-5.6789]",
      "lineno": 19,
      "outcome": "passed",
      "keywords": [
        "test_get_server_timing[key=value;dur=5678.9-5.6789]",
        "parametrize",
        "pytestmark",
        "key=value;dur=5678.9-5.6789",
        "utils_test.py",
        "tests",
        "12932@cf-speedtest__78d9ee1d__requests__aiohttp",
        ""
      ],
      "setup": {
        "outcome": "passed"
      },
      "call": {
        "outcome": "passed"
      },
      "teardown": {
        "outcome": "passed"
      }
    },
    {
      "nodeid": "tests/utils_test.py::test_get_server_timing[invalid-0.0]",
      "lineno": 19,
      "outcome": "passed",
      "keywords": [
        "test_get_server_timing[invalid-0.0]",
        "parametrize",
        "pytestmark",
        "invalid-0.0",
        "utils_test.py",
        "tests",
        "12932@cf-speedtest__78d9ee1d__requests__aiohttp",
        ""
      ],
      "setup": {
        "outcome": "passed"
      },
      "call": {
        "outcome": "passed"
      },
      "teardown": {
        "outcome": "passed"
      }
    },
    {
      "nodeid": "tests/utils_test.py::test_get_server_timing[dur=1000-1.0]",
      "lineno": 19,
      "outcome": "passed",
      "keywords": [
        "test_get_server_timing[dur=1000-1.0]",
        "parametrize",
        "pytestmark",
        "dur=1000-1.0",
        "utils_test.py",
        "tests",
        "12932@cf-speedtest__78d9ee1d__requests__aiohttp",
        ""
      ],
      "setup": {
        "outcome": "passed"
      },
      "call": {
        "outcome": "passed"
      },
      "teardown": {
        "outcome": "passed"
      }
    },
    {
      "nodeid": "tests/utils_test.py::test_get_server_timing[start=0;dur=500;desc=\"Backend\"-0.5]",
      "lineno": 19,
      "outcome": "passed",
      "keywords": [
        "test_get_server_timing[start=0;dur=500;desc=\"Backend\"-0.5]",
        "parametrize",
        "pytestmark",
        "start=0;dur=500;desc=\"Backend\"-0.5",
        "utils_test.py",
        "tests",
        "12932@cf-speedtest__78d9ee1d__requests__aiohttp",
        ""
      ],
      "setup": {
        "outcome": "passed"
      },
      "call": {
        "outcome": "passed"
      },
      "teardown": {
        "outcome": "passed"
      }
    }
  ],
  "warnings": [
    {
      "message": "Unknown pytest.mark.integration - is this a typo?  You can register custom marks to avoid this warning - for details, see https://docs.pytest.org/en/stable/how-to/mark.html",
      "category": "PytestUnknownMarkWarning",
      "when": "collect",
      "filename": "D:\\repos\\12932@cf-speedtest__78d9ee1d__requests__aiohttp\\tests\\integration_test.py",
      "lineno": 12
    },
    {
      "message": "Unknown pytest.mark.integration - is this a typo?  You can register custom marks to avoid this warning - for details, see https://docs.pytest.org/en/stable/how-to/mark.html",
      "category": "PytestUnknownMarkWarning",
      "when": "collect",
      "filename": "D:\\repos\\12932@cf-speedtest__78d9ee1d__requests__aiohttp\\tests\\integration_test.py",
      "lineno": 20
    },
    {
      "message": "Unknown pytest.mark.integration - is this a typo?  You can register custom marks to avoid this warning - for details, see https://docs.pytest.org/en/stable/how-to/mark.html",
      "category": "PytestUnknownMarkWarning",
      "when": "collect",
      "filename": "D:\\repos\\12932@cf-speedtest__78d9ee1d__requests__aiohttp\\tests\\integration_test.py",
      "lineno": 29
    },
    {
      "message": "Unknown pytest.mark.integration - is this a typo?  You can register custom marks to avoid this warning - for details, see https://docs.pytest.org/en/stable/how-to/mark.html",
      "category": "PytestUnknownMarkWarning",
      "when": "collect",
      "filename": "D:\\repos\\12932@cf-speedtest__78d9ee1d__requests__aiohttp\\tests\\integration_test.py",
      "lineno": 34
    },
    {
      "message": "Unknown pytest.mark.integration - is this a typo?  You can register custom marks to avoid this warning - for details, see https://docs.pytest.org/en/stable/how-to/mark.html",
      "category": "PytestUnknownMarkWarning",
      "when": "collect",
      "filename": "D:\\repos\\12932@cf-speedtest__78d9ee1d__requests__aiohttp\\tests\\integration_test.py",
      "lineno": 41
    },
    {
      "message": "Unknown pytest.mark.integration - is this a typo?  You can register custom marks to avoid this warning - for details, see https://docs.pytest.org/en/stable/how-to/mark.html",
      "category": "PytestUnknownMarkWarning",
      "when": "collect",
      "filename": "D:\\repos\\12932@cf-speedtest__78d9ee1d__requests__aiohttp\\tests\\integration_test.py",
      "lineno": 47
    }
  ]
}