{
  "exitcode": 1,
  "summary": {
    "passed": 23,
    "skipped": 4,
    "failed": 20,
    "total": 47,
    "collected": 47
  },
  "collectors": [
    {
      "nodeid": "",
      "outcome": "passed",
      "result": [
        {
          "nodeid": ".",
          "type": "Dir"
        }
      ]
    },
    {
      "nodeid": "assets",
      "outcome": "passed",
      "result": []
    },
    {
      "nodeid": "docs/docs",
      "outcome": "passed",
      "result": []
    },
    {
      "nodeid": "docs",
      "outcome": "passed",
      "result": [
        {
          "nodeid": "docs/docs",
          "type": "Dir"
        }
      ]
    },
    {
      "nodeid": "paperscraper/arxiv",
      "outcome": "passed",
      "result": []
    },
    {
      "nodeid": "paperscraper/citations/entity",
      "outcome": "passed",
      "result": []
    },
    {
      "nodeid": "paperscraper/citations/tests/test_self_references.py::TestSelfReferences",
      "outcome": "passed",
      "result": [
        {
          "nodeid": "paperscraper/citations/tests/test_self_references.py::TestSelfReferences::test_single_doi",
          "type": "Function",
          "lineno": 20
        },
        {
          "nodeid": "paperscraper/citations/tests/test_self_references.py::TestSelfReferences::test_multiple_dois",
          "type": "Function",
          "lineno": 37
        },
        {
          "nodeid": "paperscraper/citations/tests/test_self_references.py::TestSelfReferences::test_compare_async_and_sync_performance",
          "type": "Function",
          "lineno": 54
        }
      ]
    },
    {
      "nodeid": "paperscraper/citations/tests/test_self_references.py",
      "outcome": "passed",
      "result": [
        {
          "nodeid": "paperscraper/citations/tests/test_self_references.py::TestSelfReferences",
          "type": "Class"
        }
      ]
    },
    {
      "nodeid": "paperscraper/citations/tests",
      "outcome": "passed",
      "result": [
        {
          "nodeid": "paperscraper/citations/tests/test_self_references.py",
          "type": "Module"
        }
      ]
    },
    {
      "nodeid": "paperscraper/citations",
      "outcome": "passed",
      "result": [
        {
          "nodeid": "paperscraper/citations/entity",
          "type": "Package"
        },
        {
          "nodeid": "paperscraper/citations/tests",
          "type": "Package"
        }
      ]
    },
    {
      "nodeid": "paperscraper/get_dumps/utils/chemrxiv",
      "outcome": "passed",
      "result": []
    },
    {
      "nodeid": "paperscraper/get_dumps/utils",
      "outcome": "passed",
      "result": [
        {
          "nodeid": "paperscraper/get_dumps/utils/chemrxiv",
          "type": "Package"
        }
      ]
    },
    {
      "nodeid": "paperscraper/get_dumps",
      "outcome": "passed",
      "result": [
        {
          "nodeid": "paperscraper/get_dumps/utils",
          "type": "Package"
        }
      ]
    },
    {
      "nodeid": "paperscraper/pubmed/tests/test_pubmed.py::TestPubMed",
      "outcome": "passed",
      "result": [
        {
          "nodeid": "paperscraper/pubmed/tests/test_pubmed.py::TestPubMed::test_get_and_dump_pubmed",
          "type": "Function",
          "lineno": 11
        },
        {
          "nodeid": "paperscraper/pubmed/tests/test_pubmed.py::TestPubMed::test_email",
          "type": "Function",
          "lineno": 17
        }
      ]
    },
    {
      "nodeid": "paperscraper/pubmed/tests/test_pubmed.py",
      "outcome": "passed",
      "result": [
        {
          "nodeid": "paperscraper/pubmed/tests/test_pubmed.py::TestPubMed",
          "type": "Class"
        }
      ]
    },
    {
      "nodeid": "paperscraper/pubmed/tests",
      "outcome": "passed",
      "result": [
        {
          "nodeid": "paperscraper/pubmed/tests/test_pubmed.py",
          "type": "Module"
        }
      ]
    },
    {
      "nodeid": "paperscraper/pubmed",
      "outcome": "passed",
      "result": [
        {
          "nodeid": "paperscraper/pubmed/tests",
          "type": "Package"
        }
      ]
    },
    {
      "nodeid": "paperscraper/scholar/tests/test_scholar.py::TestScholar",
      "outcome": "passed",
      "result": [
        {
          "nodeid": "paperscraper/scholar/tests/test_scholar.py::TestScholar::test_citations",
          "type": "Function",
          "lineno": 30
        },
        {
          "nodeid": "paperscraper/scholar/tests/test_scholar.py::TestScholar::test_dump_search",
          "type": "Function",
          "lineno": 35
        },
        {
          "nodeid": "paperscraper/scholar/tests/test_scholar.py::TestScholar::test_basic_search",
          "type": "Function",
          "lineno": 42
        },
        {
          "nodeid": "paperscraper/scholar/tests/test_scholar.py::TestScholar::test_bad_search",
          "type": "Function",
          "lineno": 60
        }
      ]
    },
    {
      "nodeid": "paperscraper/scholar/tests/test_scholar.py",
      "outcome": "passed",
      "result": [
        {
          "nodeid": "paperscraper/scholar/tests/test_scholar.py::TestScholar",
          "type": "Class"
        }
      ]
    },
    {
      "nodeid": "paperscraper/scholar/tests",
      "outcome": "passed",
      "result": [
        {
          "nodeid": "paperscraper/scholar/tests/test_scholar.py",
          "type": "Module"
        }
      ]
    },
    {
      "nodeid": "paperscraper/scholar",
      "outcome": "passed",
      "result": [
        {
          "nodeid": "paperscraper/scholar/tests",
          "type": "Package"
        }
      ]
    },
    {
      "nodeid": "paperscraper/server_dumps",
      "outcome": "passed",
      "result": []
    },
    {
      "nodeid": "paperscraper/tests/test_dump.py::TestDumper",
      "outcome": "passed",
      "result": [
        {
          "nodeid": "paperscraper/tests/test_dump.py::TestDumper::test_dump_existence_initial",
          "type": "Function",
          "lineno": 23
        },
        {
          "nodeid": "paperscraper/tests/test_dump.py::TestDumper::test_medrxiv",
          "type": "Function",
          "lineno": 56
        },
        {
          "nodeid": "paperscraper/tests/test_dump.py::TestDumper::test_biorxiv",
          "type": "Function",
          "lineno": 63
        },
        {
          "nodeid": "paperscraper/tests/test_dump.py::TestDumper::test_chemrxiv",
          "type": "Function",
          "lineno": 70
        },
        {
          "nodeid": "paperscraper/tests/test_dump.py::TestDumper::test_chemrxiv_date",
          "type": "Function",
          "lineno": 77
        },
        {
          "nodeid": "paperscraper/tests/test_dump.py::TestDumper::test_biorxiv_date",
          "type": "Function",
          "lineno": 80
        },
        {
          "nodeid": "paperscraper/tests/test_dump.py::TestDumper::test_dumping",
          "type": "Function",
          "lineno": 83
        },
        {
          "nodeid": "paperscraper/tests/test_dump.py::TestDumper::test_arxiv_dumping",
          "type": "Function",
          "lineno": 88
        },
        {
          "nodeid": "paperscraper/tests/test_dump.py::TestDumper::test_dump_existence",
          "type": "Function",
          "lineno": 93
        }
      ]
    },
    {
      "nodeid": "paperscraper/tests/test_dump.py",
      "outcome": "passed",
      "result": [
        {
          "nodeid": "paperscraper/tests/test_dump.py::TestDumper",
          "type": "Class"
        }
      ]
    },
    {
      "nodeid": "paperscraper/tests/test_impactor.py::TestImpactor",
      "outcome": "passed",
      "result": [
        {
          "nodeid": "paperscraper/tests/test_impactor.py::TestImpactor::test_basic_search",
          "type": "Function",
          "lineno": 14
        },
        {
          "nodeid": "paperscraper/tests/test_impactor.py::TestImpactor::test_fuzzy_search",
          "type": "Function",
          "lineno": 21
        },
        {
          "nodeid": "paperscraper/tests/test_impactor.py::TestImpactor::test_sort_by_score",
          "type": "Function",
          "lineno": 27
        },
        {
          "nodeid": "paperscraper/tests/test_impactor.py::TestImpactor::test_impact_factor_filtering",
          "type": "Function",
          "lineno": 34
        },
        {
          "nodeid": "paperscraper/tests/test_impactor.py::TestImpactor::test_return_all_fields",
          "type": "Function",
          "lineno": 40
        },
        {
          "nodeid": "paperscraper/tests/test_impactor.py::TestImpactor::test_quantum_information_search",
          "type": "Function",
          "lineno": 47
        },
        {
          "nodeid": "paperscraper/tests/test_impactor.py::TestImpactor::test_type_error",
          "type": "Function",
          "lineno": 72
        },
        {
          "nodeid": "paperscraper/tests/test_impactor.py::TestImpactor::test_value_error",
          "type": "Function",
          "lineno": 78
        },
        {
          "nodeid": "paperscraper/tests/test_impactor.py::TestImpactor::test_nlm_id",
          "type": "Function",
          "lineno": 82
        }
      ]
    },
    {
      "nodeid": "paperscraper/tests/test_impactor.py",
      "outcome": "passed",
      "result": [
        {
          "nodeid": "paperscraper/tests/test_impactor.py::TestImpactor",
          "type": "Class"
        }
      ]
    },
    {
      "nodeid": "paperscraper/tests/test_pdf.py::TestPDF",
      "outcome": "passed",
      "result": [
        {
          "nodeid": "paperscraper/tests/test_pdf.py::TestPDF::test_basic_search",
          "type": "Function",
          "lineno": 23
        },
        {
          "nodeid": "paperscraper/tests/test_pdf.py::TestPDF::test_missing_doi",
          "type": "Function",
          "lineno": 76
        },
        {
          "nodeid": "paperscraper/tests/test_pdf.py::TestPDF::test_invalid_metadata_type",
          "type": "Function",
          "lineno": 81
        },
        {
          "nodeid": "paperscraper/tests/test_pdf.py::TestPDF::test_missing_doi_key",
          "type": "Function",
          "lineno": 85
        },
        {
          "nodeid": "paperscraper/tests/test_pdf.py::TestPDF::test_invalid_filepath_type",
          "type": "Function",
          "lineno": 89
        },
        {
          "nodeid": "paperscraper/tests/test_pdf.py::TestPDF::test_incorrect_filepath_extension",
          "type": "Function",
          "lineno": 93
        },
        {
          "nodeid": "paperscraper/tests/test_pdf.py::TestPDF::test_incorrect_filepath_type",
          "type": "Function",
          "lineno": 97
        },
        {
          "nodeid": "paperscraper/tests/test_pdf.py::TestPDF::test_nonexistent_directory_in_filepath",
          "type": "Function",
          "lineno": 101
        },
        {
          "nodeid": "paperscraper/tests/test_pdf.py::TestPDF::test_network_issues_on_doi_url_request",
          "type": "Function",
          "lineno": 105
        },
        {
          "nodeid": "paperscraper/tests/test_pdf.py::TestPDF::test_missing_pdf_url_in_meta_tags",
          "type": "Function",
          "lineno": 111
        },
        {
          "nodeid": "paperscraper/tests/test_pdf.py::TestPDF::test_network_issues_on_pdf_url_request",
          "type": "Function",
          "lineno": 119
        },
        {
          "nodeid": "paperscraper/tests/test_pdf.py::TestPDF::test_save_pdf_from_dump_without_path",
          "type": "Function",
          "lineno": 129
        },
        {
          "nodeid": "paperscraper/tests/test_pdf.py::TestPDF::test_save_pdf_from_dump_wrong_type",
          "type": "Function",
          "lineno": 133
        },
        {
          "nodeid": "paperscraper/tests/test_pdf.py::TestPDF::test_save_pdf_from_dump_wrong_output_type",
          "type": "Function",
          "lineno": 137
        },
        {
          "nodeid": "paperscraper/tests/test_pdf.py::TestPDF::test_save_pdf_from_dump_wrong_suffix",
          "type": "Function",
          "lineno": 141
        },
        {
          "nodeid": "paperscraper/tests/test_pdf.py::TestPDF::test_save_pdf_from_dump_wrong_key",
          "type": "Function",
          "lineno": 149
        },
        {
          "nodeid": "paperscraper/tests/test_pdf.py::TestPDF::test_save_pdf_from_dump_wrong_key_type",
          "type": "Function",
          "lineno": 153
        },
        {
          "nodeid": "paperscraper/tests/test_pdf.py::TestPDF::test_save_pdf_from_dump",
          "type": "Function",
          "lineno": 157
        }
      ]
    },
    {
      "nodeid": "paperscraper/tests/test_pdf.py",
      "outcome": "passed",
      "result": [
        {
          "nodeid": "paperscraper/tests/test_pdf.py::TestPDF",
          "type": "Class"
        }
      ]
    },
    {
      "nodeid": "paperscraper/tests",
      "outcome": "passed",
      "result": [
        {
          "nodeid": "paperscraper/tests/test_dump.py",
          "type": "Module"
        },
        {
          "nodeid": "paperscraper/tests/test_impactor.py",
          "type": "Module"
        },
        {
          "nodeid": "paperscraper/tests/test_pdf.py",
          "type": "Module"
        }
      ]
    },
    {
      "nodeid": "paperscraper/xrxiv/tests/test_xrxiv.py::TestXRXiv",
      "outcome": "passed",
      "result": [
        {
          "nodeid": "paperscraper/xrxiv/tests/test_xrxiv.py::TestXRXiv::test_get_medrxiv",
          "type": "Function",
          "lineno": 12
        },
        {
          "nodeid": "paperscraper/xrxiv/tests/test_xrxiv.py::TestXRXiv::test_xriv_querier",
          "type": "Function",
          "lineno": 19
        }
      ]
    },
    {
      "nodeid": "paperscraper/xrxiv/tests/test_xrxiv.py",
      "outcome": "passed",
      "result": [
        {
          "nodeid": "paperscraper/xrxiv/tests/test_xrxiv.py::TestXRXiv",
          "type": "Class"
        }
      ]
    },
    {
      "nodeid": "paperscraper/xrxiv/tests",
      "outcome": "passed",
      "result": [
        {
          "nodeid": "paperscraper/xrxiv/tests/test_xrxiv.py",
          "type": "Module"
        }
      ]
    },
    {
      "nodeid": "paperscraper/xrxiv",
      "outcome": "passed",
      "result": [
        {
          "nodeid": "paperscraper/xrxiv/tests",
          "type": "Package"
        }
      ]
    },
    {
      "nodeid": "paperscraper",
      "outcome": "passed",
      "result": [
        {
          "nodeid": "paperscraper/arxiv",
          "type": "Package"
        },
        {
          "nodeid": "paperscraper/citations",
          "type": "Package"
        },
        {
          "nodeid": "paperscraper/get_dumps",
          "type": "Package"
        },
        {
          "nodeid": "paperscraper/pubmed",
          "type": "Package"
        },
        {
          "nodeid": "paperscraper/scholar",
          "type": "Package"
        },
        {
          "nodeid": "paperscraper/server_dumps",
          "type": "Package"
        },
        {
          "nodeid": "paperscraper/tests",
          "type": "Package"
        },
        {
          "nodeid": "paperscraper/xrxiv",
          "type": "Package"
        }
      ]
    },
    {
      "nodeid": "paperscraper.egg-info",
      "outcome": "passed",
      "result": []
    },
    {
      "nodeid": "tmpdir/arxiv",
      "outcome": "passed",
      "result": []
    },
    {
      "nodeid": "tmpdir/chemrxiv",
      "outcome": "passed",
      "result": []
    },
    {
      "nodeid": "tmpdir/medrxiv",
      "outcome": "passed",
      "result": []
    },
    {
      "nodeid": "tmpdir/pubmed",
      "outcome": "passed",
      "result": []
    },
    {
      "nodeid": "tmpdir",
      "outcome": "passed",
      "result": [
        {
          "nodeid": "tmpdir/arxiv",
          "type": "Dir"
        },
        {
          "nodeid": "tmpdir/chemrxiv",
          "type": "Dir"
        },
        {
          "nodeid": "tmpdir/medrxiv",
          "type": "Dir"
        },
        {
          "nodeid": "tmpdir/pubmed",
          "type": "Dir"
        }
      ]
    },
    {
      "nodeid": ".",
      "outcome": "passed",
      "result": [
        {
          "nodeid": "assets",
          "type": "Dir"
        },
        {
          "nodeid": "docs",
          "type": "Dir"
        },
        {
          "nodeid": "paperscraper",
          "type": "Package"
        },
        {
          "nodeid": "paperscraper.egg-info",
          "type": "Dir"
        },
        {
          "nodeid": "tmpdir",
          "type": "Dir"
        }
      ]
    }
  ],
  "tests": [
    {
      "nodeid": "paperscraper/citations/tests/test_self_references.py::TestSelfReferences::test_single_doi",
      "lineno": 20,
      "outcome": "passed",
      "keywords": [
        "test_single_doi",
        "TestSelfReferences",
        "test_self_references.py",
        "tests",
        "citations",
        "paperscraper",
        "jannisborn@paperscraper__fa7c5e26__requests__aiohttp",
        ""
      ],
      "setup": {
        "outcome": "passed"
      },
      "call": {
        "outcome": "passed"
      },
      "teardown": {
        "outcome": "passed"
      }
    },
    {
      "nodeid": "paperscraper/citations/tests/test_self_references.py::TestSelfReferences::test_multiple_dois",
      "lineno": 37,
      "outcome": "passed",
      "keywords": [
        "test_multiple_dois",
        "TestSelfReferences",
        "test_self_references.py",
        "tests",
        "citations",
        "paperscraper",
        "jannisborn@paperscraper__fa7c5e26__requests__aiohttp",
        ""
      ],
      "setup": {
        "outcome": "passed"
      },
      "call": {
        "outcome": "passed"
      },
      "teardown": {
        "outcome": "passed"
      }
    },
    {
      "nodeid": "paperscraper/citations/tests/test_self_references.py::TestSelfReferences::test_compare_async_and_sync_performance",
      "lineno": 54,
      "outcome": "passed",
      "keywords": [
        "test_compare_async_and_sync_performance",
        "TestSelfReferences",
        "test_self_references.py",
        "tests",
        "citations",
        "paperscraper",
        "jannisborn@paperscraper__fa7c5e26__requests__aiohttp",
        ""
      ],
      "setup": {
        "outcome": "passed"
      },
      "call": {
        "outcome": "passed",
        "stdout": "Asynchronous execution time (batch): 2.19 seconds\nSynchronous execution time (independent calls): 2.49 seconds\n"
      },
      "teardown": {
        "outcome": "passed"
      }
    },
    {
      "nodeid": "paperscraper/pubmed/tests/test_pubmed.py::TestPubMed::test_get_and_dump_pubmed",
      "lineno": 11,
      "outcome": "passed",
      "keywords": [
        "test_get_and_dump_pubmed",
        "TestPubMed",
        "test_pubmed.py",
        "tests",
        "pubmed",
        "paperscraper",
        "jannisborn@paperscraper__fa7c5e26__requests__aiohttp",
        ""
      ],
      "setup": {
        "outcome": "passed"
      },
      "call": {
        "outcome": "passed"
      },
      "teardown": {
        "outcome": "passed"
      }
    },
    {
      "nodeid": "paperscraper/pubmed/tests/test_pubmed.py::TestPubMed::test_email",
      "lineno": 17,
      "outcome": "passed",
      "keywords": [
        "test_email",
        "TestPubMed",
        "test_pubmed.py",
        "tests",
        "pubmed",
        "paperscraper",
        "jannisborn@paperscraper__fa7c5e26__requests__aiohttp",
        ""
      ],
      "setup": {
        "outcome": "passed"
      },
      "call": {
        "outcome": "passed"
      },
      "teardown": {
        "outcome": "passed"
      }
    },
    {
      "nodeid": "paperscraper/scholar/tests/test_scholar.py::TestScholar::test_citations",
      "lineno": 30,
      "outcome": "skipped",
      "keywords": [
        "test_citations",
        "__wrapped__",
        "TestScholar",
        "test_scholar.py",
        "tests",
        "scholar",
        "paperscraper",
        "jannisborn@paperscraper__fa7c5e26__requests__aiohttp",
        ""
      ],
      "setup": {
        "outcome": "passed"
      },
      "call": {
        "outcome": "skipped",
        "longrepr": "('D:\\\\repos\\\\jannisborn@paperscraper__fa7c5e26__requests__aiohttp\\\\paperscraper\\\\scholar\\\\tests\\\\test_scholar.py', 24, 'Skipped: Skipping test due to MaxTriesExceededException')"
      },
      "teardown": {
        "outcome": "passed"
      }
    },
    {
      "nodeid": "paperscraper/scholar/tests/test_scholar.py::TestScholar::test_dump_search",
      "lineno": 35,
      "outcome": "skipped",
      "keywords": [
        "test_dump_search",
        "__wrapped__",
        "TestScholar",
        "test_scholar.py",
        "tests",
        "scholar",
        "paperscraper",
        "jannisborn@paperscraper__fa7c5e26__requests__aiohttp",
        ""
      ],
      "setup": {
        "outcome": "passed"
      },
      "call": {
        "outcome": "skipped",
        "longrepr": "('D:\\\\repos\\\\jannisborn@paperscraper__fa7c5e26__requests__aiohttp\\\\paperscraper\\\\scholar\\\\tests\\\\test_scholar.py', 24, 'Skipped: Skipping test due to MaxTriesExceededException')"
      },
      "teardown": {
        "outcome": "passed"
      }
    },
    {
      "nodeid": "paperscraper/scholar/tests/test_scholar.py::TestScholar::test_basic_search",
      "lineno": 42,
      "outcome": "skipped",
      "keywords": [
        "test_basic_search",
        "__wrapped__",
        "TestScholar",
        "test_scholar.py",
        "tests",
        "scholar",
        "paperscraper",
        "jannisborn@paperscraper__fa7c5e26__requests__aiohttp",
        ""
      ],
      "setup": {
        "outcome": "passed"
      },
      "call": {
        "outcome": "skipped",
        "longrepr": "('D:\\\\repos\\\\jannisborn@paperscraper__fa7c5e26__requests__aiohttp\\\\paperscraper\\\\scholar\\\\tests\\\\test_scholar.py', 24, 'Skipped: Skipping test due to MaxTriesExceededException')"
      },
      "teardown": {
        "outcome": "passed"
      }
    },
    {
      "nodeid": "paperscraper/scholar/tests/test_scholar.py::TestScholar::test_bad_search",
      "lineno": 60,
      "outcome": "skipped",
      "keywords": [
        "test_bad_search",
        "__wrapped__",
        "TestScholar",
        "test_scholar.py",
        "tests",
        "scholar",
        "paperscraper",
        "jannisborn@paperscraper__fa7c5e26__requests__aiohttp",
        ""
      ],
      "setup": {
        "outcome": "passed"
      },
      "call": {
        "outcome": "skipped",
        "longrepr": "('D:\\\\repos\\\\jannisborn@paperscraper__fa7c5e26__requests__aiohttp\\\\paperscraper\\\\scholar\\\\tests\\\\test_scholar.py', 24, 'Skipped: Skipping test due to MaxTriesExceededException')"
      },
      "teardown": {
        "outcome": "passed"
      }
    },
    {
      "nodeid": "paperscraper/tests/test_dump.py::TestDumper::test_dump_existence_initial",
      "lineno": 23,
      "outcome": "failed",
      "keywords": [
        "test_dump_existence_initial",
        "TestDumper",
        "test_dump.py",
        "tests",
        "paperscraper",
        "jannisborn@paperscraper__fa7c5e26__requests__aiohttp",
        ""
      ],
      "setup": {
        "outcome": "passed"
      },
      "call": {
        "outcome": "failed",
        "crash": {
          "path": "D:\\repos\\jannisborn@paperscraper__fa7c5e26__requests__aiohttp\\paperscraper\\tests\\test_dump.py",
          "lineno": 26,
          "message": "AssertionError: Initial length of QUERY_FN_DICT should be 2\nassert 4 == 2\n +  where 4 = len({'arxiv': <function get_and_dump_arxiv_papers at 0x000001E62C1FAFC0>, 'chemrxiv': <bound method XRXivQuery.search_keyw...query.XRXivQuery object at 0x000001E62B977FD0>>, 'pubmed': <function get_and_dump_pubmed_papers at 0x000001E62C219800>})"
        },
        "traceback": [
          {
            "path": "paperscraper\\tests\\test_dump.py",
            "lineno": 26,
            "message": "AssertionError"
          }
        ],
        "longrepr": "self = <paperscraper.tests.test_dump.TestDumper object at 0x000001E6340BB350>\n\n    def test_dump_existence_initial(self):\n        # This test checks the initial state, should be run first if order matters\n>       assert len(QUERY_FN_DICT) == 2, \"Initial length of QUERY_FN_DICT should be 2\"\nE       AssertionError: Initial length of QUERY_FN_DICT should be 2\nE       assert 4 == 2\nE        +  where 4 = len({'arxiv': <function get_and_dump_arxiv_papers at 0x000001E62C1FAFC0>, 'chemrxiv': <bound method XRXivQuery.search_keyw...query.XRXivQuery object at 0x000001E62B977FD0>>, 'pubmed': <function get_and_dump_pubmed_papers at 0x000001E62C219800>})\n\npaperscraper\\tests\\test_dump.py:26: AssertionError"
      },
      "teardown": {
        "outcome": "passed"
      }
    },
    {
      "nodeid": "paperscraper/tests/test_dump.py::TestDumper::test_medrxiv",
      "lineno": 56,
      "outcome": "failed",
      "keywords": [
        "test_medrxiv",
        "timeout",
        "pytestmark",
        "TestDumper",
        "test_dump.py",
        "tests",
        "paperscraper",
        "jannisborn@paperscraper__fa7c5e26__requests__aiohttp",
        ""
      ],
      "setup": {
        "outcome": "passed"
      },
      "call": {
        "outcome": "failed",
        "crash": {
          "path": "D:\\repos\\jannisborn@paperscraper__fa7c5e26__requests__aiohttp\\paperscraper\\tests\\test_dump.py",
          "lineno": 60,
          "message": "AssertionError: medrxiv should still be running after 15 seconds\nassert False\n +  where False = run_function_with_timeout(<function medrxiv at 0x000001E63499B600>, 15)\n +    where run_function_with_timeout = <paperscraper.tests.test_dump.TestDumper object at 0x000001E6340C0810>.run_function_with_timeout"
        },
        "traceback": [
          {
            "path": "paperscraper\\tests\\test_dump.py",
            "lineno": 60,
            "message": "AssertionError"
          }
        ],
        "longrepr": "self = <paperscraper.tests.test_dump.TestDumper object at 0x000001E6340C0810>\nsetup_medrxiv = <function medrxiv at 0x000001E63499B600>\n\n    @pytest.mark.timeout(30)\n    def test_medrxiv(self, setup_medrxiv):\n        # Check that the function runs for at least 15 seconds\n>       assert self.run_function_with_timeout(\n            setup_medrxiv, 15\n        ), \"medrxiv should still be running after 15 seconds\"\nE       AssertionError: medrxiv should still be running after 15 seconds\nE       assert False\nE        +  where False = run_function_with_timeout(<function medrxiv at 0x000001E63499B600>, 15)\nE        +    where run_function_with_timeout = <paperscraper.tests.test_dump.TestDumper object at 0x000001E6340C0810>.run_function_with_timeout\n\npaperscraper\\tests\\test_dump.py:60: AssertionError"
      },
      "teardown": {
        "outcome": "passed"
      }
    },
    {
      "nodeid": "paperscraper/tests/test_dump.py::TestDumper::test_biorxiv",
      "lineno": 63,
      "outcome": "failed",
      "keywords": [
        "test_biorxiv",
        "timeout",
        "pytestmark",
        "TestDumper",
        "test_dump.py",
        "tests",
        "paperscraper",
        "jannisborn@paperscraper__fa7c5e26__requests__aiohttp",
        ""
      ],
      "setup": {
        "outcome": "passed"
      },
      "call": {
        "outcome": "failed",
        "crash": {
          "path": "D:\\repos\\jannisborn@paperscraper__fa7c5e26__requests__aiohttp\\paperscraper\\tests\\test_dump.py",
          "lineno": 67,
          "message": "AssertionError: biorxiv should still be running after 15 seconds\nassert False\n +  where False = run_function_with_timeout(<function TestDumper.setup_biorxiv.<locals>.<lambda> at 0x000001E635E104A0>, 15)\n +    where run_function_with_timeout = <paperscraper.tests.test_dump.TestDumper object at 0x000001E6340C0BD0>.run_function_with_timeout"
        },
        "traceback": [
          {
            "path": "paperscraper\\tests\\test_dump.py",
            "lineno": 67,
            "message": "AssertionError"
          }
        ],
        "longrepr": "self = <paperscraper.tests.test_dump.TestDumper object at 0x000001E6340C0BD0>\nsetup_biorxiv = <function TestDumper.setup_biorxiv.<locals>.<lambda> at 0x000001E635E104A0>\n\n    @pytest.mark.timeout(30)\n    def test_biorxiv(self, setup_biorxiv):\n        # Check that the function runs for at least 15 seconds\n>       assert self.run_function_with_timeout(\n            setup_biorxiv, 15\n        ), \"biorxiv should still be running after 15 seconds\"\nE       AssertionError: biorxiv should still be running after 15 seconds\nE       assert False\nE        +  where False = run_function_with_timeout(<function TestDumper.setup_biorxiv.<locals>.<lambda> at 0x000001E635E104A0>, 15)\nE        +    where run_function_with_timeout = <paperscraper.tests.test_dump.TestDumper object at 0x000001E6340C0BD0>.run_function_with_timeout\n\npaperscraper\\tests\\test_dump.py:67: AssertionError"
      },
      "teardown": {
        "outcome": "passed"
      }
    },
    {
      "nodeid": "paperscraper/tests/test_dump.py::TestDumper::test_chemrxiv",
      "lineno": 70,
      "outcome": "failed",
      "keywords": [
        "test_chemrxiv",
        "timeout",
        "pytestmark",
        "TestDumper",
        "test_dump.py",
        "tests",
        "paperscraper",
        "jannisborn@paperscraper__fa7c5e26__requests__aiohttp",
        ""
      ],
      "setup": {
        "outcome": "passed"
      },
      "call": {
        "outcome": "failed",
        "crash": {
          "path": "D:\\repos\\jannisborn@paperscraper__fa7c5e26__requests__aiohttp\\paperscraper\\tests\\test_dump.py",
          "lineno": 74,
          "message": "AssertionError: chemrxiv should still be running after 15 seconds\nassert False\n +  where False = run_function_with_timeout(<function chemrxiv at 0x000001E63499B4C0>, 15)\n +    where run_function_with_timeout = <paperscraper.tests.test_dump.TestDumper object at 0x000001E6340C1350>.run_function_with_timeout"
        },
        "traceback": [
          {
            "path": "paperscraper\\tests\\test_dump.py",
            "lineno": 74,
            "message": "AssertionError"
          }
        ],
        "longrepr": "self = <paperscraper.tests.test_dump.TestDumper object at 0x000001E6340C1350>\nsetup_chemrxiv = <function chemrxiv at 0x000001E63499B4C0>\n\n    @pytest.mark.timeout(30)\n    def test_chemrxiv(self, setup_chemrxiv):\n        # Check that the function runs for at least 15 seconds\n>       assert self.run_function_with_timeout(\n            setup_chemrxiv, 15\n        ), \"chemrxiv should still be running after 15 seconds\"\nE       AssertionError: chemrxiv should still be running after 15 seconds\nE       assert False\nE        +  where False = run_function_with_timeout(<function chemrxiv at 0x000001E63499B4C0>, 15)\nE        +    where run_function_with_timeout = <paperscraper.tests.test_dump.TestDumper object at 0x000001E6340C1350>.run_function_with_timeout\n\npaperscraper\\tests\\test_dump.py:74: AssertionError"
      },
      "teardown": {
        "outcome": "passed"
      }
    },
    {
      "nodeid": "paperscraper/tests/test_dump.py::TestDumper::test_chemrxiv_date",
      "lineno": 77,
      "outcome": "failed",
      "keywords": [
        "test_chemrxiv_date",
        "TestDumper",
        "test_dump.py",
        "tests",
        "paperscraper",
        "jannisborn@paperscraper__fa7c5e26__requests__aiohttp",
        ""
      ],
      "setup": {
        "outcome": "passed"
      },
      "call": {
        "outcome": "failed",
        "crash": {
          "path": "D:\\repos\\jannisborn@paperscraper__fa7c5e26__requests__aiohttp\\.venv\\Lib\\site-packages\\aiohttp\\client.py",
          "lineno": 310,
          "message": "RuntimeError: no running event loop"
        },
        "traceback": [
          {
            "path": "paperscraper\\tests\\test_dump.py",
            "lineno": 79,
            "message": ""
          },
          {
            "path": "paperscraper\\get_dumps\\chemrxiv.py",
            "lineno": 41,
            "message": "in chemrxiv"
          },
          {
            "path": "paperscraper\\get_dumps\\utils\\chemrxiv\\chemrxiv_api.py",
            "lineno": 72,
            "message": "in __init__"
          },
          {
            "path": ".venv\\Lib\\site-packages\\aiohttp\\client.py",
            "lineno": 310,
            "message": "RuntimeError"
          }
        ],
        "longrepr": "self = <paperscraper.tests.test_dump.TestDumper object at 0x000001E6340C0D90>\n\n    def test_chemrxiv_date(self):\n>       chemrxiv(begin_date=\"2024-06-01\", end_date=\"2024-06-02\")\n\npaperscraper\\tests\\test_dump.py:79: \n_ _ _ _ _ _ _ _ _ _ _ _ _ _ _ _ _ _ _ _ _ _ _ _ _ _ _ _ _ _ _ _ _ _ _ _ _ _ _ _\npaperscraper\\get_dumps\\chemrxiv.py:41: in chemrxiv\n    api = ChemrxivAPI(begin_date, end_date)\npaperscraper\\get_dumps\\utils\\chemrxiv\\chemrxiv_api.py:72: in __init__\n    self.session = aiohttp.ClientSession(\n_ _ _ _ _ _ _ _ _ _ _ _ _ _ _ _ _ _ _ _ _ _ _ _ _ _ _ _ _ _ _ _ _ _ _ _ _ _ _ _\n\nself = <aiohttp.client.ClientSession object at 0x000001E63AF93110>\nbase_url = None\n\n    def __init__(\n        self,\n        base_url: Optional[StrOrURL] = None,\n        *,\n        connector: Optional[BaseConnector] = None,\n        loop: Optional[asyncio.AbstractEventLoop] = None,\n        cookies: Optional[LooseCookies] = None,\n        headers: Optional[LooseHeaders] = None,\n        proxy: Optional[StrOrURL] = None,\n        proxy_auth: Optional[BasicAuth] = None,\n        skip_auto_headers: Optional[Iterable[str]] = None,\n        auth: Optional[BasicAuth] = None,\n        json_serialize: JSONEncoder = json.dumps,\n        request_class: Type[ClientRequest] = ClientRequest,\n        response_class: Type[ClientResponse] = ClientResponse,\n        ws_response_class: Type[ClientWebSocketResponse] = ClientWebSocketResponse,\n        version: HttpVersion = http.HttpVersion11,\n        cookie_jar: Optional[AbstractCookieJar] = None,\n        connector_owner: bool = True,\n        raise_for_status: Union[\n            bool, Callable[[ClientResponse], Awaitable[None]]\n        ] = False,\n        read_timeout: Union[float, _SENTINEL] = sentinel,\n        conn_timeout: Optional[float] = None,\n        timeout: Union[object, ClientTimeout] = sentinel,\n        auto_decompress: bool = True,\n        trust_env: bool = False,\n        requote_redirect_url: bool = True,\n        trace_configs: Optional[List[TraceConfig]] = None,\n        read_bufsize: int = 2**16,\n        max_line_size: int = 8190,\n        max_field_size: int = 8190,\n        fallback_charset_resolver: _CharsetResolver = lambda r, b: \"utf-8\",\n    ) -> None:\n        # We initialise _connector to None immediately, as it's referenced in __del__()\n        # and could cause issues if an exception occurs during initialisation.\n        self._connector: Optional[BaseConnector] = None\n    \n        if loop is None:\n            if connector is not None:\n                loop = connector._loop\n    \n>       loop = loop or asyncio.get_running_loop()\nE       RuntimeError: no running event loop\n\n.venv\\Lib\\site-packages\\aiohttp\\client.py:310: RuntimeError"
      },
      "teardown": {
        "outcome": "passed"
      }
    },
    {
      "nodeid": "paperscraper/tests/test_dump.py::TestDumper::test_biorxiv_date",
      "lineno": 80,
      "outcome": "failed",
      "keywords": [
        "test_biorxiv_date",
        "TestDumper",
        "test_dump.py",
        "tests",
        "paperscraper",
        "jannisborn@paperscraper__fa7c5e26__requests__aiohttp",
        ""
      ],
      "setup": {
        "outcome": "passed"
      },
      "call": {
        "outcome": "failed",
        "crash": {
          "path": "D:\\repos\\jannisborn@paperscraper__fa7c5e26__requests__aiohttp\\.venv\\Lib\\site-packages\\aiohttp\\client.py",
          "lineno": 310,
          "message": "RuntimeError: no running event loop"
        },
        "traceback": [
          {
            "path": "paperscraper\\tests\\test_dump.py",
            "lineno": 82,
            "message": ""
          },
          {
            "path": "paperscraper\\get_dumps\\biorxiv.py",
            "lineno": 42,
            "message": "in biorxiv"
          },
          {
            "path": "paperscraper\\xrxiv\\xrxiv_api.py",
            "lineno": 173,
            "message": "in __init__"
          },
          {
            "path": "paperscraper\\xrxiv\\xrxiv_api.py",
            "lineno": 74,
            "message": "in __init__"
          },
          {
            "path": ".venv\\Lib\\site-packages\\aiohttp\\client.py",
            "lineno": 310,
            "message": "RuntimeError"
          }
        ],
        "longrepr": "self = <paperscraper.tests.test_dump.TestDumper object at 0x000001E6340C1850>\n\n    def test_biorxiv_date(self):\n>       biorxiv(begin_date=\"2024-06-01\", end_date=\"2024-06-02\")\n\npaperscraper\\tests\\test_dump.py:82: \n_ _ _ _ _ _ _ _ _ _ _ _ _ _ _ _ _ _ _ _ _ _ _ _ _ _ _ _ _ _ _ _ _ _ _ _ _ _ _ _\npaperscraper\\get_dumps\\biorxiv.py:42: in biorxiv\n    api = BioRxivApi(max_retries=max_retries)\npaperscraper\\xrxiv\\xrxiv_api.py:173: in __init__\n    super().__init__(\npaperscraper\\xrxiv\\xrxiv_api.py:74: in __init__\n    self.session = aiohttp.ClientSession(\n_ _ _ _ _ _ _ _ _ _ _ _ _ _ _ _ _ _ _ _ _ _ _ _ _ _ _ _ _ _ _ _ _ _ _ _ _ _ _ _\n\nself = <aiohttp.client.ClientSession object at 0x000001E634C8CA50>\nbase_url = None\n\n    def __init__(\n        self,\n        base_url: Optional[StrOrURL] = None,\n        *,\n        connector: Optional[BaseConnector] = None,\n        loop: Optional[asyncio.AbstractEventLoop] = None,\n        cookies: Optional[LooseCookies] = None,\n        headers: Optional[LooseHeaders] = None,\n        proxy: Optional[StrOrURL] = None,\n        proxy_auth: Optional[BasicAuth] = None,\n        skip_auto_headers: Optional[Iterable[str]] = None,\n        auth: Optional[BasicAuth] = None,\n        json_serialize: JSONEncoder = json.dumps,\n        request_class: Type[ClientRequest] = ClientRequest,\n        response_class: Type[ClientResponse] = ClientResponse,\n        ws_response_class: Type[ClientWebSocketResponse] = ClientWebSocketResponse,\n        version: HttpVersion = http.HttpVersion11,\n        cookie_jar: Optional[AbstractCookieJar] = None,\n        connector_owner: bool = True,\n        raise_for_status: Union[\n            bool, Callable[[ClientResponse], Awaitable[None]]\n        ] = False,\n        read_timeout: Union[float, _SENTINEL] = sentinel,\n        conn_timeout: Optional[float] = None,\n        timeout: Union[object, ClientTimeout] = sentinel,\n        auto_decompress: bool = True,\n        trust_env: bool = False,\n        requote_redirect_url: bool = True,\n        trace_configs: Optional[List[TraceConfig]] = None,\n        read_bufsize: int = 2**16,\n        max_line_size: int = 8190,\n        max_field_size: int = 8190,\n        fallback_charset_resolver: _CharsetResolver = lambda r, b: \"utf-8\",\n    ) -> None:\n        # We initialise _connector to None immediately, as it's referenced in __del__()\n        # and could cause issues if an exception occurs during initialisation.\n        self._connector: Optional[BaseConnector] = None\n    \n        if loop is None:\n            if connector is not None:\n                loop = connector._loop\n    \n>       loop = loop or asyncio.get_running_loop()\nE       RuntimeError: no running event loop\n\n.venv\\Lib\\site-packages\\aiohttp\\client.py:310: RuntimeError"
      },
      "teardown": {
        "outcome": "passed"
      }
    },
    {
      "nodeid": "paperscraper/tests/test_dump.py::TestDumper::test_dumping",
      "lineno": 83,
      "outcome": "passed",
      "keywords": [
        "test_dumping",
        "TestDumper",
        "test_dump.py",
        "tests",
        "paperscraper",
        "jannisborn@paperscraper__fa7c5e26__requests__aiohttp",
        ""
      ],
      "setup": {
        "outcome": "passed"
      },
      "call": {
        "outcome": "passed",
        "stderr": "\rProcessing (all:COVID-19 OR all:SARS-CoV-2) AND (all:Artificial intelligence OR all:Deep learning OR all:Machine learning) AND (all:Medical imaging): 0it [00:00, ?it/s]\rProcessing (all:COVID-19 OR all:SARS-CoV-2) AND (all:Artificial intelligence OR all:Deep learning OR all:Machine learning) AND (all:Medical imaging): 1it [00:01,  1.76s/it]\rProcessing (all:COVID-19 OR all:SARS-CoV-2) AND (all:Artificial intelligence OR all:Deep learning OR all:Machine learning) AND (all:Medical imaging): 14it [00:01,  7.96it/s]\n"
      },
      "teardown": {
        "outcome": "passed"
      }
    },
    {
      "nodeid": "paperscraper/tests/test_dump.py::TestDumper::test_arxiv_dumping",
      "lineno": 88,
      "outcome": "passed",
      "keywords": [
        "test_arxiv_dumping",
        "TestDumper",
        "test_dump.py",
        "tests",
        "paperscraper",
        "jannisborn@paperscraper__fa7c5e26__requests__aiohttp",
        ""
      ],
      "setup": {
        "outcome": "passed"
      },
      "call": {
        "outcome": "passed",
        "stderr": "\rProcessing (all:COVID-19 OR all:SARS-CoV-2) AND (all:Artificial intelligence OR all:Deep learning OR all:Machine learning) AND (all:Medical imaging): 0it [00:00, ?it/s]\rProcessing (all:COVID-19 OR all:SARS-CoV-2) AND (all:Artificial intelligence OR all:Deep learning OR all:Machine learning) AND (all:Medical imaging): 1it [00:00,  1.87it/s]\rProcessing (all:COVID-19 OR all:SARS-CoV-2) AND (all:Artificial intelligence OR all:Deep learning OR all:Machine learning) AND (all:Medical imaging): 14it [00:00, 26.17it/s]\n"
      },
      "teardown": {
        "outcome": "passed"
      }
    },
    {
      "nodeid": "paperscraper/tests/test_dump.py::TestDumper::test_dump_existence",
      "lineno": 93,
      "outcome": "passed",
      "keywords": [
        "test_dump_existence",
        "TestDumper",
        "test_dump.py",
        "tests",
        "paperscraper",
        "jannisborn@paperscraper__fa7c5e26__requests__aiohttp",
        ""
      ],
      "setup": {
        "outcome": "passed"
      },
      "call": {
        "outcome": "passed"
      },
      "teardown": {
        "outcome": "passed"
      }
    },
    {
      "nodeid": "paperscraper/tests/test_impactor.py::TestImpactor::test_basic_search",
      "lineno": 14,
      "outcome": "passed",
      "keywords": [
        "test_basic_search",
        "TestImpactor",
        "test_impactor.py",
        "tests",
        "paperscraper",
        "jannisborn@paperscraper__fa7c5e26__requests__aiohttp",
        ""
      ],
      "setup": {
        "outcome": "passed"
      },
      "call": {
        "outcome": "passed"
      },
      "teardown": {
        "outcome": "passed"
      }
    },
    {
      "nodeid": "paperscraper/tests/test_impactor.py::TestImpactor::test_fuzzy_search",
      "lineno": 21,
      "outcome": "passed",
      "keywords": [
        "test_fuzzy_search",
        "TestImpactor",
        "test_impactor.py",
        "tests",
        "paperscraper",
        "jannisborn@paperscraper__fa7c5e26__requests__aiohttp",
        ""
      ],
      "setup": {
        "outcome": "passed"
      },
      "call": {
        "outcome": "passed"
      },
      "teardown": {
        "outcome": "passed"
      }
    },
    {
      "nodeid": "paperscraper/tests/test_impactor.py::TestImpactor::test_sort_by_score",
      "lineno": 27,
      "outcome": "passed",
      "keywords": [
        "test_sort_by_score",
        "TestImpactor",
        "test_impactor.py",
        "tests",
        "paperscraper",
        "jannisborn@paperscraper__fa7c5e26__requests__aiohttp",
        ""
      ],
      "setup": {
        "outcome": "passed"
      },
      "call": {
        "outcome": "passed"
      },
      "teardown": {
        "outcome": "passed"
      }
    },
    {
      "nodeid": "paperscraper/tests/test_impactor.py::TestImpactor::test_impact_factor_filtering",
      "lineno": 34,
      "outcome": "passed",
      "keywords": [
        "test_impact_factor_filtering",
        "TestImpactor",
        "test_impactor.py",
        "tests",
        "paperscraper",
        "jannisborn@paperscraper__fa7c5e26__requests__aiohttp",
        ""
      ],
      "setup": {
        "outcome": "passed"
      },
      "call": {
        "outcome": "passed"
      },
      "teardown": {
        "outcome": "passed"
      }
    },
    {
      "nodeid": "paperscraper/tests/test_impactor.py::TestImpactor::test_return_all_fields",
      "lineno": 40,
      "outcome": "passed",
      "keywords": [
        "test_return_all_fields",
        "TestImpactor",
        "test_impactor.py",
        "tests",
        "paperscraper",
        "jannisborn@paperscraper__fa7c5e26__requests__aiohttp",
        ""
      ],
      "setup": {
        "outcome": "passed"
      },
      "call": {
        "outcome": "passed"
      },
      "teardown": {
        "outcome": "passed"
      }
    },
    {
      "nodeid": "paperscraper/tests/test_impactor.py::TestImpactor::test_quantum_information_search",
      "lineno": 47,
      "outcome": "passed",
      "keywords": [
        "test_quantum_information_search",
        "TestImpactor",
        "test_impactor.py",
        "tests",
        "paperscraper",
        "jannisborn@paperscraper__fa7c5e26__requests__aiohttp",
        ""
      ],
      "setup": {
        "outcome": "passed"
      },
      "call": {
        "outcome": "passed"
      },
      "teardown": {
        "outcome": "passed"
      }
    },
    {
      "nodeid": "paperscraper/tests/test_impactor.py::TestImpactor::test_type_error",
      "lineno": 72,
      "outcome": "passed",
      "keywords": [
        "test_type_error",
        "TestImpactor",
        "test_impactor.py",
        "tests",
        "paperscraper",
        "jannisborn@paperscraper__fa7c5e26__requests__aiohttp",
        ""
      ],
      "setup": {
        "outcome": "passed"
      },
      "call": {
        "outcome": "passed"
      },
      "teardown": {
        "outcome": "passed"
      }
    },
    {
      "nodeid": "paperscraper/tests/test_impactor.py::TestImpactor::test_value_error",
      "lineno": 78,
      "outcome": "passed",
      "keywords": [
        "test_value_error",
        "TestImpactor",
        "test_impactor.py",
        "tests",
        "paperscraper",
        "jannisborn@paperscraper__fa7c5e26__requests__aiohttp",
        ""
      ],
      "setup": {
        "outcome": "passed"
      },
      "call": {
        "outcome": "passed"
      },
      "teardown": {
        "outcome": "passed"
      }
    },
    {
      "nodeid": "paperscraper/tests/test_impactor.py::TestImpactor::test_nlm_id",
      "lineno": 82,
      "outcome": "passed",
      "keywords": [
        "test_nlm_id",
        "TestImpactor",
        "test_impactor.py",
        "tests",
        "paperscraper",
        "jannisborn@paperscraper__fa7c5e26__requests__aiohttp",
        ""
      ],
      "setup": {
        "outcome": "passed"
      },
      "call": {
        "outcome": "passed"
      },
      "teardown": {
        "outcome": "passed"
      }
    },
    {
      "nodeid": "paperscraper/tests/test_pdf.py::TestPDF::test_basic_search",
      "lineno": 23,
      "outcome": "failed",
      "keywords": [
        "test_basic_search",
        "TestPDF",
        "test_pdf.py",
        "tests",
        "paperscraper",
        "jannisborn@paperscraper__fa7c5e26__requests__aiohttp",
        ""
      ],
      "setup": {
        "outcome": "passed"
      },
      "call": {
        "outcome": "failed",
        "crash": {
          "path": "D:\\repos\\jannisborn@paperscraper__fa7c5e26__requests__aiohttp\\paperscraper\\tests\\test_pdf.py",
          "lineno": 27,
          "message": "AssertionError: assert False\n +  where False = <function exists at 0x000001E60F4D0220>('gt4sd.pdf')\n +    where <function exists at 0x000001E60F4D0220> = <module 'ntpath' (frozen)>.exists\n +      where <module 'ntpath' (frozen)> = os.path"
        },
        "traceback": [
          {
            "path": "paperscraper\\tests\\test_pdf.py",
            "lineno": 27,
            "message": "AssertionError"
          }
        ],
        "longrepr": "self = <paperscraper.tests.test_pdf.TestPDF object at 0x000001E63AA3FB90>\n\n    def test_basic_search(self):\n        paper_data = {\"doi\": \"10.48550/arXiv.2207.03928\"}\n        save_pdf(paper_data, filepath=\"gt4sd.pdf\", save_metadata=True)\n>       assert os.path.exists(\"gt4sd.pdf\")\nE       AssertionError: assert False\nE        +  where False = <function exists at 0x000001E60F4D0220>('gt4sd.pdf')\nE        +    where <function exists at 0x000001E60F4D0220> = <module 'ntpath' (frozen)>.exists\nE        +      where <module 'ntpath' (frozen)> = os.path\n\npaperscraper\\tests\\test_pdf.py:27: AssertionError"
      },
      "teardown": {
        "outcome": "passed"
      }
    },
    {
      "nodeid": "paperscraper/tests/test_pdf.py::TestPDF::test_missing_doi",
      "lineno": 76,
      "outcome": "failed",
      "keywords": [
        "test_missing_doi",
        "TestPDF",
        "test_pdf.py",
        "tests",
        "paperscraper",
        "jannisborn@paperscraper__fa7c5e26__requests__aiohttp",
        ""
      ],
      "setup": {
        "outcome": "passed"
      },
      "call": {
        "outcome": "failed",
        "crash": {
          "path": "D:\\repos\\jannisborn@paperscraper__fa7c5e26__requests__aiohttp\\paperscraper\\tests\\test_pdf.py",
          "lineno": 78,
          "message": "Failed: DID NOT RAISE <class 'KeyError'>"
        },
        "traceback": [
          {
            "path": "paperscraper\\tests\\test_pdf.py",
            "lineno": 78,
            "message": "Failed"
          }
        ],
        "longrepr": "self = <paperscraper.tests.test_pdf.TestPDF object at 0x000001E63AA53710>\n\n    def test_missing_doi(self):\n>       with pytest.raises(KeyError):\nE       Failed: DID NOT RAISE <class 'KeyError'>\n\npaperscraper\\tests\\test_pdf.py:78: Failed"
      },
      "teardown": {
        "outcome": "passed"
      }
    },
    {
      "nodeid": "paperscraper/tests/test_pdf.py::TestPDF::test_invalid_metadata_type",
      "lineno": 81,
      "outcome": "failed",
      "keywords": [
        "test_invalid_metadata_type",
        "TestPDF",
        "test_pdf.py",
        "tests",
        "paperscraper",
        "jannisborn@paperscraper__fa7c5e26__requests__aiohttp",
        ""
      ],
      "setup": {
        "outcome": "passed"
      },
      "call": {
        "outcome": "failed",
        "crash": {
          "path": "D:\\repos\\jannisborn@paperscraper__fa7c5e26__requests__aiohttp\\paperscraper\\tests\\test_pdf.py",
          "lineno": 83,
          "message": "Failed: DID NOT RAISE <class 'TypeError'>"
        },
        "traceback": [
          {
            "path": "paperscraper\\tests\\test_pdf.py",
            "lineno": 83,
            "message": "Failed"
          }
        ],
        "longrepr": "self = <paperscraper.tests.test_pdf.TestPDF object at 0x000001E63AA50690>\n\n    def test_invalid_metadata_type(self):\n>       with pytest.raises(TypeError):\nE       Failed: DID NOT RAISE <class 'TypeError'>\n\npaperscraper\\tests\\test_pdf.py:83: Failed"
      },
      "teardown": {
        "outcome": "passed"
      }
    },
    {
      "nodeid": "paperscraper/tests/test_pdf.py::TestPDF::test_missing_doi_key",
      "lineno": 85,
      "outcome": "failed",
      "keywords": [
        "test_missing_doi_key",
        "TestPDF",
        "test_pdf.py",
        "tests",
        "paperscraper",
        "jannisborn@paperscraper__fa7c5e26__requests__aiohttp",
        ""
      ],
      "setup": {
        "outcome": "passed"
      },
      "call": {
        "outcome": "failed",
        "crash": {
          "path": "D:\\repos\\jannisborn@paperscraper__fa7c5e26__requests__aiohttp\\paperscraper\\tests\\test_pdf.py",
          "lineno": 87,
          "message": "Failed: DID NOT RAISE <class 'KeyError'>"
        },
        "traceback": [
          {
            "path": "paperscraper\\tests\\test_pdf.py",
            "lineno": 87,
            "message": "Failed"
          }
        ],
        "longrepr": "self = <paperscraper.tests.test_pdf.TestPDF object at 0x000001E63AA505D0>\n\n    def test_missing_doi_key(self):\n>       with pytest.raises(KeyError):\nE       Failed: DID NOT RAISE <class 'KeyError'>\n\npaperscraper\\tests\\test_pdf.py:87: Failed"
      },
      "teardown": {
        "outcome": "passed"
      }
    },
    {
      "nodeid": "paperscraper/tests/test_pdf.py::TestPDF::test_invalid_filepath_type",
      "lineno": 89,
      "outcome": "failed",
      "keywords": [
        "test_invalid_filepath_type",
        "TestPDF",
        "test_pdf.py",
        "tests",
        "paperscraper",
        "jannisborn@paperscraper__fa7c5e26__requests__aiohttp",
        ""
      ],
      "setup": {
        "outcome": "passed"
      },
      "call": {
        "outcome": "failed",
        "crash": {
          "path": "D:\\repos\\jannisborn@paperscraper__fa7c5e26__requests__aiohttp\\paperscraper\\tests\\test_pdf.py",
          "lineno": 91,
          "message": "Failed: DID NOT RAISE <class 'TypeError'>"
        },
        "traceback": [
          {
            "path": "paperscraper\\tests\\test_pdf.py",
            "lineno": 91,
            "message": "Failed"
          }
        ],
        "longrepr": "self = <paperscraper.tests.test_pdf.TestPDF object at 0x000001E63AA50E10>\n\n    def test_invalid_filepath_type(self):\n>       with pytest.raises(TypeError):\nE       Failed: DID NOT RAISE <class 'TypeError'>\n\npaperscraper\\tests\\test_pdf.py:91: Failed"
      },
      "teardown": {
        "outcome": "passed"
      }
    },
    {
      "nodeid": "paperscraper/tests/test_pdf.py::TestPDF::test_incorrect_filepath_extension",
      "lineno": 93,
      "outcome": "failed",
      "keywords": [
        "test_incorrect_filepath_extension",
        "TestPDF",
        "test_pdf.py",
        "tests",
        "paperscraper",
        "jannisborn@paperscraper__fa7c5e26__requests__aiohttp",
        ""
      ],
      "setup": {
        "outcome": "passed"
      },
      "call": {
        "outcome": "failed",
        "crash": {
          "path": "D:\\repos\\jannisborn@paperscraper__fa7c5e26__requests__aiohttp\\paperscraper\\tests\\test_pdf.py",
          "lineno": 95,
          "message": "Failed: DID NOT RAISE <class 'TypeError'>"
        },
        "traceback": [
          {
            "path": "paperscraper\\tests\\test_pdf.py",
            "lineno": 95,
            "message": "Failed"
          }
        ],
        "longrepr": "self = <paperscraper.tests.test_pdf.TestPDF object at 0x000001E63AA51610>\n\n    def test_incorrect_filepath_extension(self):\n>       with pytest.raises(TypeError):\nE       Failed: DID NOT RAISE <class 'TypeError'>\n\npaperscraper\\tests\\test_pdf.py:95: Failed"
      },
      "teardown": {
        "outcome": "passed"
      }
    },
    {
      "nodeid": "paperscraper/tests/test_pdf.py::TestPDF::test_incorrect_filepath_type",
      "lineno": 97,
      "outcome": "passed",
      "keywords": [
        "test_incorrect_filepath_type",
        "TestPDF",
        "test_pdf.py",
        "tests",
        "paperscraper",
        "jannisborn@paperscraper__fa7c5e26__requests__aiohttp",
        ""
      ],
      "setup": {
        "outcome": "passed"
      },
      "call": {
        "outcome": "passed"
      },
      "teardown": {
        "outcome": "passed"
      }
    },
    {
      "nodeid": "paperscraper/tests/test_pdf.py::TestPDF::test_nonexistent_directory_in_filepath",
      "lineno": 101,
      "outcome": "failed",
      "keywords": [
        "test_nonexistent_directory_in_filepath",
        "TestPDF",
        "test_pdf.py",
        "tests",
        "paperscraper",
        "jannisborn@paperscraper__fa7c5e26__requests__aiohttp",
        ""
      ],
      "setup": {
        "outcome": "passed"
      },
      "call": {
        "outcome": "failed",
        "crash": {
          "path": "D:\\repos\\jannisborn@paperscraper__fa7c5e26__requests__aiohttp\\paperscraper\\tests\\test_pdf.py",
          "lineno": 103,
          "message": "Failed: DID NOT RAISE <class 'ValueError'>"
        },
        "traceback": [
          {
            "path": "paperscraper\\tests\\test_pdf.py",
            "lineno": 103,
            "message": "Failed"
          }
        ],
        "longrepr": "self = <paperscraper.tests.test_pdf.TestPDF object at 0x000001E63AA52690>\npaper_data = {'doi': '10.48550/arXiv.2207.03928'}\n\n    def test_nonexistent_directory_in_filepath(self, paper_data):\n>       with pytest.raises(ValueError):\nE       Failed: DID NOT RAISE <class 'ValueError'>\n\npaperscraper\\tests\\test_pdf.py:103: Failed"
      },
      "teardown": {
        "outcome": "passed"
      }
    },
    {
      "nodeid": "paperscraper/tests/test_pdf.py::TestPDF::test_network_issues_on_doi_url_request",
      "lineno": 105,
      "outcome": "passed",
      "keywords": [
        "test_network_issues_on_doi_url_request",
        "__wrapped__",
        "patchings",
        "TestPDF",
        "test_pdf.py",
        "tests",
        "paperscraper",
        "jannisborn@paperscraper__fa7c5e26__requests__aiohttp",
        ""
      ],
      "setup": {
        "outcome": "passed"
      },
      "call": {
        "outcome": "passed"
      },
      "teardown": {
        "outcome": "passed"
      }
    },
    {
      "nodeid": "paperscraper/tests/test_pdf.py::TestPDF::test_missing_pdf_url_in_meta_tags",
      "lineno": 111,
      "outcome": "passed",
      "keywords": [
        "test_missing_pdf_url_in_meta_tags",
        "__wrapped__",
        "patchings",
        "TestPDF",
        "test_pdf.py",
        "tests",
        "paperscraper",
        "jannisborn@paperscraper__fa7c5e26__requests__aiohttp",
        ""
      ],
      "setup": {
        "outcome": "passed"
      },
      "call": {
        "outcome": "passed"
      },
      "teardown": {
        "outcome": "passed"
      }
    },
    {
      "nodeid": "paperscraper/tests/test_pdf.py::TestPDF::test_network_issues_on_pdf_url_request",
      "lineno": 119,
      "outcome": "passed",
      "keywords": [
        "test_network_issues_on_pdf_url_request",
        "__wrapped__",
        "patchings",
        "TestPDF",
        "test_pdf.py",
        "tests",
        "paperscraper",
        "jannisborn@paperscraper__fa7c5e26__requests__aiohttp",
        ""
      ],
      "setup": {
        "outcome": "passed"
      },
      "call": {
        "outcome": "passed"
      },
      "teardown": {
        "outcome": "passed"
      }
    },
    {
      "nodeid": "paperscraper/tests/test_pdf.py::TestPDF::test_save_pdf_from_dump_without_path",
      "lineno": 129,
      "outcome": "failed",
      "keywords": [
        "test_save_pdf_from_dump_without_path",
        "TestPDF",
        "test_pdf.py",
        "tests",
        "paperscraper",
        "jannisborn@paperscraper__fa7c5e26__requests__aiohttp",
        ""
      ],
      "setup": {
        "outcome": "passed"
      },
      "call": {
        "outcome": "failed",
        "crash": {
          "path": "D:\\repos\\jannisborn@paperscraper__fa7c5e26__requests__aiohttp\\paperscraper\\tests\\test_pdf.py",
          "lineno": 131,
          "message": "Failed: DID NOT RAISE <class 'ValueError'>"
        },
        "traceback": [
          {
            "path": "paperscraper\\tests\\test_pdf.py",
            "lineno": 131,
            "message": "Failed"
          }
        ],
        "longrepr": "self = <paperscraper.tests.test_pdf.TestPDF object at 0x000001E63AA62410>\n\n    def test_save_pdf_from_dump_without_path(self):\n>       with pytest.raises(ValueError):\nE       Failed: DID NOT RAISE <class 'ValueError'>\n\npaperscraper\\tests\\test_pdf.py:131: Failed"
      },
      "teardown": {
        "outcome": "passed"
      }
    },
    {
      "nodeid": "paperscraper/tests/test_pdf.py::TestPDF::test_save_pdf_from_dump_wrong_type",
      "lineno": 133,
      "outcome": "failed",
      "keywords": [
        "test_save_pdf_from_dump_wrong_type",
        "TestPDF",
        "test_pdf.py",
        "tests",
        "paperscraper",
        "jannisborn@paperscraper__fa7c5e26__requests__aiohttp",
        ""
      ],
      "setup": {
        "outcome": "passed"
      },
      "call": {
        "outcome": "failed",
        "crash": {
          "path": "D:\\repos\\jannisborn@paperscraper__fa7c5e26__requests__aiohttp\\paperscraper\\tests\\test_pdf.py",
          "lineno": 135,
          "message": "Failed: DID NOT RAISE <class 'TypeError'>"
        },
        "traceback": [
          {
            "path": "paperscraper\\tests\\test_pdf.py",
            "lineno": 135,
            "message": "Failed"
          }
        ],
        "longrepr": "self = <paperscraper.tests.test_pdf.TestPDF object at 0x000001E63AA60350>\n\n    def test_save_pdf_from_dump_wrong_type(self):\n>       with pytest.raises(TypeError):\nE       Failed: DID NOT RAISE <class 'TypeError'>\n\npaperscraper\\tests\\test_pdf.py:135: Failed"
      },
      "teardown": {
        "outcome": "passed"
      }
    },
    {
      "nodeid": "paperscraper/tests/test_pdf.py::TestPDF::test_save_pdf_from_dump_wrong_output_type",
      "lineno": 137,
      "outcome": "failed",
      "keywords": [
        "test_save_pdf_from_dump_wrong_output_type",
        "TestPDF",
        "test_pdf.py",
        "tests",
        "paperscraper",
        "jannisborn@paperscraper__fa7c5e26__requests__aiohttp",
        ""
      ],
      "setup": {
        "outcome": "passed"
      },
      "call": {
        "outcome": "failed",
        "crash": {
          "path": "D:\\repos\\jannisborn@paperscraper__fa7c5e26__requests__aiohttp\\paperscraper\\tests\\test_pdf.py",
          "lineno": 139,
          "message": "Failed: DID NOT RAISE <class 'TypeError'>"
        },
        "traceback": [
          {
            "path": "paperscraper\\tests\\test_pdf.py",
            "lineno": 139,
            "message": "Failed"
          }
        ],
        "longrepr": "self = <paperscraper.tests.test_pdf.TestPDF object at 0x000001E63AA60B90>\n\n    def test_save_pdf_from_dump_wrong_output_type(self):\n>       with pytest.raises(TypeError):\nE       Failed: DID NOT RAISE <class 'TypeError'>\n\npaperscraper\\tests\\test_pdf.py:139: Failed"
      },
      "teardown": {
        "outcome": "passed"
      }
    },
    {
      "nodeid": "paperscraper/tests/test_pdf.py::TestPDF::test_save_pdf_from_dump_wrong_suffix",
      "lineno": 141,
      "outcome": "failed",
      "keywords": [
        "test_save_pdf_from_dump_wrong_suffix",
        "TestPDF",
        "test_pdf.py",
        "tests",
        "paperscraper",
        "jannisborn@paperscraper__fa7c5e26__requests__aiohttp",
        ""
      ],
      "setup": {
        "outcome": "passed"
      },
      "call": {
        "outcome": "failed",
        "crash": {
          "path": "D:\\repos\\jannisborn@paperscraper__fa7c5e26__requests__aiohttp\\paperscraper\\tests\\test_pdf.py",
          "lineno": 143,
          "message": "Failed: DID NOT RAISE <class 'ValueError'>"
        },
        "traceback": [
          {
            "path": "paperscraper\\tests\\test_pdf.py",
            "lineno": 143,
            "message": "Failed"
          }
        ],
        "longrepr": "self = <paperscraper.tests.test_pdf.TestPDF object at 0x000001E63AA61110>\n\n    def test_save_pdf_from_dump_wrong_suffix(self):\n>       with pytest.raises(ValueError):\nE       Failed: DID NOT RAISE <class 'ValueError'>\n\npaperscraper\\tests\\test_pdf.py:143: Failed"
      },
      "teardown": {
        "outcome": "passed"
      }
    },
    {
      "nodeid": "paperscraper/tests/test_pdf.py::TestPDF::test_save_pdf_from_dump_wrong_key",
      "lineno": 149,
      "outcome": "failed",
      "keywords": [
        "test_save_pdf_from_dump_wrong_key",
        "TestPDF",
        "test_pdf.py",
        "tests",
        "paperscraper",
        "jannisborn@paperscraper__fa7c5e26__requests__aiohttp",
        ""
      ],
      "setup": {
        "outcome": "passed"
      },
      "call": {
        "outcome": "failed",
        "crash": {
          "path": "D:\\repos\\jannisborn@paperscraper__fa7c5e26__requests__aiohttp\\paperscraper\\tests\\test_pdf.py",
          "lineno": 151,
          "message": "Failed: DID NOT RAISE <class 'ValueError'>"
        },
        "traceback": [
          {
            "path": "paperscraper\\tests\\test_pdf.py",
            "lineno": 151,
            "message": "Failed"
          }
        ],
        "longrepr": "self = <paperscraper.tests.test_pdf.TestPDF object at 0x000001E63AA61950>\n\n    def test_save_pdf_from_dump_wrong_key(self):\n>       with pytest.raises(ValueError):\nE       Failed: DID NOT RAISE <class 'ValueError'>\n\npaperscraper\\tests\\test_pdf.py:151: Failed"
      },
      "teardown": {
        "outcome": "passed"
      }
    },
    {
      "nodeid": "paperscraper/tests/test_pdf.py::TestPDF::test_save_pdf_from_dump_wrong_key_type",
      "lineno": 153,
      "outcome": "failed",
      "keywords": [
        "test_save_pdf_from_dump_wrong_key_type",
        "TestPDF",
        "test_pdf.py",
        "tests",
        "paperscraper",
        "jannisborn@paperscraper__fa7c5e26__requests__aiohttp",
        ""
      ],
      "setup": {
        "outcome": "passed"
      },
      "call": {
        "outcome": "failed",
        "crash": {
          "path": "D:\\repos\\jannisborn@paperscraper__fa7c5e26__requests__aiohttp\\paperscraper\\tests\\test_pdf.py",
          "lineno": 155,
          "message": "Failed: DID NOT RAISE <class 'TypeError'>"
        },
        "traceback": [
          {
            "path": "paperscraper\\tests\\test_pdf.py",
            "lineno": 155,
            "message": "Failed"
          }
        ],
        "longrepr": "self = <paperscraper.tests.test_pdf.TestPDF object at 0x000001E63AA62250>\n\n    def test_save_pdf_from_dump_wrong_key_type(self):\n>       with pytest.raises(TypeError):\nE       Failed: DID NOT RAISE <class 'TypeError'>\n\npaperscraper\\tests\\test_pdf.py:155: Failed"
      },
      "teardown": {
        "outcome": "passed"
      }
    },
    {
      "nodeid": "paperscraper/tests/test_pdf.py::TestPDF::test_save_pdf_from_dump",
      "lineno": 157,
      "outcome": "passed",
      "keywords": [
        "test_save_pdf_from_dump",
        "TestPDF",
        "test_pdf.py",
        "tests",
        "paperscraper",
        "jannisborn@paperscraper__fa7c5e26__requests__aiohttp",
        ""
      ],
      "setup": {
        "outcome": "passed"
      },
      "call": {
        "outcome": "passed"
      },
      "teardown": {
        "outcome": "passed"
      }
    },
    {
      "nodeid": "paperscraper/xrxiv/tests/test_xrxiv.py::TestXRXiv::test_get_medrxiv",
      "lineno": 12,
      "outcome": "failed",
      "keywords": [
        "test_get_medrxiv",
        "TestXRXiv",
        "test_xrxiv.py",
        "tests",
        "xrxiv",
        "paperscraper",
        "jannisborn@paperscraper__fa7c5e26__requests__aiohttp",
        ""
      ],
      "setup": {
        "outcome": "passed"
      },
      "call": {
        "outcome": "failed",
        "crash": {
          "path": "D:\\repos\\jannisborn@paperscraper__fa7c5e26__requests__aiohttp\\.venv\\Lib\\site-packages\\aiohttp\\client.py",
          "lineno": 310,
          "message": "RuntimeError: no running event loop"
        },
        "traceback": [
          {
            "path": "paperscraper\\xrxiv\\tests\\test_xrxiv.py",
            "lineno": 14,
            "message": ""
          },
          {
            "path": "paperscraper\\get_dumps\\medrxiv.py",
            "lineno": 40,
            "message": "in medrxiv"
          },
          {
            "path": "paperscraper\\xrxiv\\xrxiv_api.py",
            "lineno": 184,
            "message": "in __init__"
          },
          {
            "path": "paperscraper\\xrxiv\\xrxiv_api.py",
            "lineno": 74,
            "message": "in __init__"
          },
          {
            "path": ".venv\\Lib\\site-packages\\aiohttp\\client.py",
            "lineno": 310,
            "message": "RuntimeError"
          }
        ],
        "longrepr": "self = <paperscraper.xrxiv.tests.test_xrxiv.TestXRXiv object at 0x000001E63AA68C50>\n\n    def test_get_medrxiv(self):\n>       medrxiv(\n            begin_date=\"2020-05-01\",\n            end_date=\"2020-05-10\",\n            save_path=\"medrix_tmp_dump.jsonl\",\n        )\n\npaperscraper\\xrxiv\\tests\\test_xrxiv.py:14: \n_ _ _ _ _ _ _ _ _ _ _ _ _ _ _ _ _ _ _ _ _ _ _ _ _ _ _ _ _ _ _ _ _ _ _ _ _ _ _ _\npaperscraper\\get_dumps\\medrxiv.py:40: in medrxiv\n    api = MedRxivApi(max_retries=max_retries)\npaperscraper\\xrxiv\\xrxiv_api.py:184: in __init__\n    super().__init__(\npaperscraper\\xrxiv\\xrxiv_api.py:74: in __init__\n    self.session = aiohttp.ClientSession(\n_ _ _ _ _ _ _ _ _ _ _ _ _ _ _ _ _ _ _ _ _ _ _ _ _ _ _ _ _ _ _ _ _ _ _ _ _ _ _ _\n\nself = <aiohttp.client.ClientSession object at 0x000001E63B8E7AD0>\nbase_url = None\n\n    def __init__(\n        self,\n        base_url: Optional[StrOrURL] = None,\n        *,\n        connector: Optional[BaseConnector] = None,\n        loop: Optional[asyncio.AbstractEventLoop] = None,\n        cookies: Optional[LooseCookies] = None,\n        headers: Optional[LooseHeaders] = None,\n        proxy: Optional[StrOrURL] = None,\n        proxy_auth: Optional[BasicAuth] = None,\n        skip_auto_headers: Optional[Iterable[str]] = None,\n        auth: Optional[BasicAuth] = None,\n        json_serialize: JSONEncoder = json.dumps,\n        request_class: Type[ClientRequest] = ClientRequest,\n        response_class: Type[ClientResponse] = ClientResponse,\n        ws_response_class: Type[ClientWebSocketResponse] = ClientWebSocketResponse,\n        version: HttpVersion = http.HttpVersion11,\n        cookie_jar: Optional[AbstractCookieJar] = None,\n        connector_owner: bool = True,\n        raise_for_status: Union[\n            bool, Callable[[ClientResponse], Awaitable[None]]\n        ] = False,\n        read_timeout: Union[float, _SENTINEL] = sentinel,\n        conn_timeout: Optional[float] = None,\n        timeout: Union[object, ClientTimeout] = sentinel,\n        auto_decompress: bool = True,\n        trust_env: bool = False,\n        requote_redirect_url: bool = True,\n        trace_configs: Optional[List[TraceConfig]] = None,\n        read_bufsize: int = 2**16,\n        max_line_size: int = 8190,\n        max_field_size: int = 8190,\n        fallback_charset_resolver: _CharsetResolver = lambda r, b: \"utf-8\",\n    ) -> None:\n        # We initialise _connector to None immediately, as it's referenced in __del__()\n        # and could cause issues if an exception occurs during initialisation.\n        self._connector: Optional[BaseConnector] = None\n    \n        if loop is None:\n            if connector is not None:\n                loop = connector._loop\n    \n>       loop = loop or asyncio.get_running_loop()\nE       RuntimeError: no running event loop\n\n.venv\\Lib\\site-packages\\aiohttp\\client.py:310: RuntimeError"
      },
      "teardown": {
        "outcome": "passed"
      }
    },
    {
      "nodeid": "paperscraper/xrxiv/tests/test_xrxiv.py::TestXRXiv::test_xriv_querier",
      "lineno": 19,
      "outcome": "passed",
      "keywords": [
        "test_xriv_querier",
        "TestXRXiv",
        "test_xrxiv.py",
        "tests",
        "xrxiv",
        "paperscraper",
        "jannisborn@paperscraper__fa7c5e26__requests__aiohttp",
        ""
      ],
      "setup": {
        "outcome": "passed"
      },
      "call": {
        "outcome": "passed"
      },
      "teardown": {
        "outcome": "passed"
      }
    }
  ],
  "warnings": [
    {
      "message": "Unknown pytest.mark.timeout - is this a typo?  You can register custom marks to avoid this warning - for details, see https://docs.pytest.org/en/stable/how-to/mark.html",
      "category": "PytestUnknownMarkWarning",
      "when": "collect",
      "filename": "D:\\repos\\jannisborn@paperscraper__fa7c5e26__requests__aiohttp\\paperscraper\\tests\\test_dump.py",
      "lineno": 57
    },
    {
      "message": "Unknown pytest.mark.timeout - is this a typo?  You can register custom marks to avoid this warning - for details, see https://docs.pytest.org/en/stable/how-to/mark.html",
      "category": "PytestUnknownMarkWarning",
      "when": "collect",
      "filename": "D:\\repos\\jannisborn@paperscraper__fa7c5e26__requests__aiohttp\\paperscraper\\tests\\test_dump.py",
      "lineno": 64
    },
    {
      "message": "Unknown pytest.mark.timeout - is this a typo?  You can register custom marks to avoid this warning - for details, see https://docs.pytest.org/en/stable/how-to/mark.html",
      "category": "PytestUnknownMarkWarning",
      "when": "collect",
      "filename": "D:\\repos\\jannisborn@paperscraper__fa7c5e26__requests__aiohttp\\paperscraper\\tests\\test_dump.py",
      "lineno": 71
    },
    {
      "message": "The ``declarative_base()`` function is now available as sqlalchemy.orm.declarative_base(). (deprecated since: 2.0) (Background on SQLAlchemy 2.0 at: https://sqlalche.me/e/b8d9)",
      "category": "MovedIn20Warning",
      "when": "collect",
      "filename": "D:\\repos\\jannisborn@paperscraper__fa7c5e26__requests__aiohttp\\.venv\\Lib\\site-packages\\sql_manager\\core\\model.py",
      "lineno": 38
    },
    {
      "message": "Exception in thread Thread-10 (target)\n\nTraceback (most recent call last):\n  File \"C:\\Users\\Mohay\\AppData\\Local\\Programs\\Python\\Python311\\Lib\\threading.py\", line 1045, in _bootstrap_inner\n    self.run()\n  File \"C:\\Users\\Mohay\\AppData\\Local\\Programs\\Python\\Python311\\Lib\\threading.py\", line 982, in run\n    self._target(*self._args, **self._kwargs)\n  File \"D:\\repos\\jannisborn@paperscraper__fa7c5e26__requests__aiohttp\\paperscraper\\tests\\test_dump.py\", line 44, in target\n    func()\n  File \"D:\\repos\\jannisborn@paperscraper__fa7c5e26__requests__aiohttp\\paperscraper\\get_dumps\\medrxiv.py\", line 40, in medrxiv\n    api = MedRxivApi(max_retries=max_retries)\n          ^^^^^^^^^^^^^^^^^^^^^^^^^^^^^^^^^^^\n  File \"D:\\repos\\jannisborn@paperscraper__fa7c5e26__requests__aiohttp\\paperscraper\\xrxiv\\xrxiv_api.py\", line 184, in __init__\n    super().__init__(\n  File \"D:\\repos\\jannisborn@paperscraper__fa7c5e26__requests__aiohttp\\paperscraper\\xrxiv\\xrxiv_api.py\", line 74, in __init__\n    self.session = aiohttp.ClientSession(\n                   ^^^^^^^^^^^^^^^^^^^^^^\n  File \"D:\\repos\\jannisborn@paperscraper__fa7c5e26__requests__aiohttp\\.venv\\Lib\\site-packages\\aiohttp\\client.py\", line 310, in __init__\n    loop = loop or asyncio.get_running_loop()\n                   ^^^^^^^^^^^^^^^^^^^^^^^^^^\nRuntimeError: no running event loop\n",
      "category": "PytestUnhandledThreadExceptionWarning",
      "when": "runtest",
      "filename": "D:\\repos\\jannisborn@paperscraper__fa7c5e26__requests__aiohttp\\.venv\\Lib\\site-packages\\_pytest\\threadexception.py",
      "lineno": 82
    },
    {
      "message": "Exception in thread Thread-11 (target)\n\nTraceback (most recent call last):\n  File \"C:\\Users\\Mohay\\AppData\\Local\\Programs\\Python\\Python311\\Lib\\threading.py\", line 1045, in _bootstrap_inner\n    self.run()\n  File \"C:\\Users\\Mohay\\AppData\\Local\\Programs\\Python\\Python311\\Lib\\threading.py\", line 982, in run\n    self._target(*self._args, **self._kwargs)\n  File \"D:\\repos\\jannisborn@paperscraper__fa7c5e26__requests__aiohttp\\paperscraper\\tests\\test_dump.py\", line 44, in target\n    func()\n  File \"D:\\repos\\jannisborn@paperscraper__fa7c5e26__requests__aiohttp\\paperscraper\\tests\\test_dump.py\", line 35, in <lambda>\n    return lambda: biorxiv(max_retries=2)\n                   ^^^^^^^^^^^^^^^^^^^^^^\n  File \"D:\\repos\\jannisborn@paperscraper__fa7c5e26__requests__aiohttp\\paperscraper\\get_dumps\\biorxiv.py\", line 42, in biorxiv\n    api = BioRxivApi(max_retries=max_retries)\n          ^^^^^^^^^^^^^^^^^^^^^^^^^^^^^^^^^^^\n  File \"D:\\repos\\jannisborn@paperscraper__fa7c5e26__requests__aiohttp\\paperscraper\\xrxiv\\xrxiv_api.py\", line 173, in __init__\n    super().__init__(\n  File \"D:\\repos\\jannisborn@paperscraper__fa7c5e26__requests__aiohttp\\paperscraper\\xrxiv\\xrxiv_api.py\", line 74, in __init__\n    self.session = aiohttp.ClientSession(\n                   ^^^^^^^^^^^^^^^^^^^^^^\n  File \"D:\\repos\\jannisborn@paperscraper__fa7c5e26__requests__aiohttp\\.venv\\Lib\\site-packages\\aiohttp\\client.py\", line 310, in __init__\n    loop = loop or asyncio.get_running_loop()\n                   ^^^^^^^^^^^^^^^^^^^^^^^^^^\nRuntimeError: no running event loop\n",
      "category": "PytestUnhandledThreadExceptionWarning",
      "when": "runtest",
      "filename": "D:\\repos\\jannisborn@paperscraper__fa7c5e26__requests__aiohttp\\.venv\\Lib\\site-packages\\_pytest\\threadexception.py",
      "lineno": 82
    },
    {
      "message": "Exception in thread Thread-12 (target)\n\nTraceback (most recent call last):\n  File \"C:\\Users\\Mohay\\AppData\\Local\\Programs\\Python\\Python311\\Lib\\threading.py\", line 1045, in _bootstrap_inner\n    self.run()\n  File \"C:\\Users\\Mohay\\AppData\\Local\\Programs\\Python\\Python311\\Lib\\threading.py\", line 982, in run\n    self._target(*self._args, **self._kwargs)\n  File \"D:\\repos\\jannisborn@paperscraper__fa7c5e26__requests__aiohttp\\paperscraper\\tests\\test_dump.py\", line 44, in target\n    func()\n  File \"D:\\repos\\jannisborn@paperscraper__fa7c5e26__requests__aiohttp\\paperscraper\\get_dumps\\chemrxiv.py\", line 41, in chemrxiv\n    api = ChemrxivAPI(begin_date, end_date)\n          ^^^^^^^^^^^^^^^^^^^^^^^^^^^^^^^^^\n  File \"D:\\repos\\jannisborn@paperscraper__fa7c5e26__requests__aiohttp\\paperscraper\\get_dumps\\utils\\chemrxiv\\chemrxiv_api.py\", line 72, in __init__\n    self.session = aiohttp.ClientSession(\n                   ^^^^^^^^^^^^^^^^^^^^^^\n  File \"D:\\repos\\jannisborn@paperscraper__fa7c5e26__requests__aiohttp\\.venv\\Lib\\site-packages\\aiohttp\\client.py\", line 310, in __init__\n    loop = loop or asyncio.get_running_loop()\n                   ^^^^^^^^^^^^^^^^^^^^^^^^^^\nRuntimeError: no running event loop\n",
      "category": "PytestUnhandledThreadExceptionWarning",
      "when": "runtest",
      "filename": "D:\\repos\\jannisborn@paperscraper__fa7c5e26__requests__aiohttp\\.venv\\Lib\\site-packages\\_pytest\\threadexception.py",
      "lineno": 82
    },
    {
      "message": "coroutine 'save_pdf' was never awaited",
      "category": "RuntimeWarning",
      "when": "runtest",
      "filename": "D:\\repos\\jannisborn@paperscraper__fa7c5e26__requests__aiohttp\\paperscraper\\tests\\test_pdf.py",
      "lineno": 26
    },
    {
      "message": "coroutine 'save_pdf' was never awaited",
      "category": "RuntimeWarning",
      "when": "runtest",
      "filename": "D:\\repos\\jannisborn@paperscraper__fa7c5e26__requests__aiohttp\\paperscraper\\tests\\test_pdf.py",
      "lineno": 80
    },
    {
      "message": "coroutine 'save_pdf' was never awaited",
      "category": "RuntimeWarning",
      "when": "runtest",
      "filename": "D:\\repos\\jannisborn@paperscraper__fa7c5e26__requests__aiohttp\\paperscraper\\tests\\test_pdf.py",
      "lineno": 84
    },
    {
      "message": "coroutine 'save_pdf' was never awaited",
      "category": "RuntimeWarning",
      "when": "runtest",
      "filename": "D:\\repos\\jannisborn@paperscraper__fa7c5e26__requests__aiohttp\\paperscraper\\tests\\test_pdf.py",
      "lineno": 88
    },
    {
      "message": "coroutine 'save_pdf' was never awaited",
      "category": "RuntimeWarning",
      "when": "runtest",
      "filename": "D:\\repos\\jannisborn@paperscraper__fa7c5e26__requests__aiohttp\\paperscraper\\tests\\test_pdf.py",
      "lineno": 92
    },
    {
      "message": "coroutine 'save_pdf' was never awaited",
      "category": "RuntimeWarning",
      "when": "runtest",
      "filename": "D:\\repos\\jannisborn@paperscraper__fa7c5e26__requests__aiohttp\\paperscraper\\tests\\test_pdf.py",
      "lineno": 96
    },
    {
      "message": "coroutine 'save_pdf' was never awaited",
      "category": "RuntimeWarning",
      "when": "runtest",
      "filename": "D:\\repos\\jannisborn@paperscraper__fa7c5e26__requests__aiohttp\\paperscraper\\tests\\test_pdf.py",
      "lineno": 104
    },
    {
      "message": "coroutine 'save_pdf' was never awaited",
      "category": "RuntimeWarning",
      "when": "runtest",
      "filename": "D:\\repos\\jannisborn@paperscraper__fa7c5e26__requests__aiohttp\\paperscraper\\tests\\test_pdf.py",
      "lineno": 109
    },
    {
      "message": "coroutine 'save_pdf' was never awaited",
      "category": "RuntimeWarning",
      "when": "runtest",
      "filename": "D:\\repos\\jannisborn@paperscraper__fa7c5e26__requests__aiohttp\\paperscraper\\tests\\test_pdf.py",
      "lineno": 117
    },
    {
      "message": "coroutine 'save_pdf' was never awaited",
      "category": "RuntimeWarning",
      "when": "runtest",
      "filename": "D:\\repos\\jannisborn@paperscraper__fa7c5e26__requests__aiohttp\\paperscraper\\tests\\test_pdf.py",
      "lineno": 127
    },
    {
      "message": "coroutine 'save_pdf_from_dump' was never awaited",
      "category": "RuntimeWarning",
      "when": "runtest",
      "filename": "D:\\repos\\jannisborn@paperscraper__fa7c5e26__requests__aiohttp\\paperscraper\\tests\\test_pdf.py",
      "lineno": 132
    },
    {
      "message": "coroutine 'save_pdf_from_dump' was never awaited",
      "category": "RuntimeWarning",
      "when": "runtest",
      "filename": "D:\\repos\\jannisborn@paperscraper__fa7c5e26__requests__aiohttp\\paperscraper\\tests\\test_pdf.py",
      "lineno": 136
    },
    {
      "message": "coroutine 'save_pdf_from_dump' was never awaited",
      "category": "RuntimeWarning",
      "when": "runtest",
      "filename": "D:\\repos\\jannisborn@paperscraper__fa7c5e26__requests__aiohttp\\paperscraper\\tests\\test_pdf.py",
      "lineno": 140
    },
    {
      "message": "coroutine 'save_pdf_from_dump' was never awaited",
      "category": "RuntimeWarning",
      "when": "runtest",
      "filename": "D:\\repos\\jannisborn@paperscraper__fa7c5e26__requests__aiohttp\\paperscraper\\tests\\test_pdf.py",
      "lineno": 144
    },
    {
      "message": "coroutine 'save_pdf_from_dump' was never awaited",
      "category": "RuntimeWarning",
      "when": "runtest",
      "filename": "D:\\repos\\jannisborn@paperscraper__fa7c5e26__requests__aiohttp\\paperscraper\\tests\\test_pdf.py",
      "lineno": 152
    },
    {
      "message": "coroutine 'save_pdf_from_dump' was never awaited",
      "category": "RuntimeWarning",
      "when": "runtest",
      "filename": "D:\\repos\\jannisborn@paperscraper__fa7c5e26__requests__aiohttp\\paperscraper\\tests\\test_pdf.py",
      "lineno": 156
    },
    {
      "message": "coroutine 'save_pdf_from_dump' was never awaited",
      "category": "RuntimeWarning",
      "when": "runtest",
      "filename": "D:\\repos\\jannisborn@paperscraper__fa7c5e26__requests__aiohttp\\paperscraper\\tests\\test_pdf.py",
      "lineno": 160
    }
  ]
}