{
  "exitcode": 1,
  "summary": {
    "failed": 21,
    "passed": 37,
    "total": 58,
    "collected": 58
  },
  "collectors": [
    {
      "nodeid": "",
      "outcome": "passed",
      "result": [
        {
          "nodeid": ".",
          "type": "Dir"
        }
      ]
    },
    {
      "nodeid": "docs",
      "outcome": "passed",
      "result": []
    },
    {
      "nodeid": "pyschlage",
      "outcome": "passed",
      "result": []
    },
    {
      "nodeid": "pyschlage.egg-info",
      "outcome": "passed",
      "result": []
    },
    {
      "nodeid": "scripts",
      "outcome": "passed",
      "result": []
    },
    {
      "nodeid": "tests/test_api.py",
      "outcome": "passed",
      "result": [
        {
          "nodeid": "tests/test_api.py::test_locks",
          "type": "Function",
          "lineno": 8
        },
        {
          "nodeid": "tests/test_api.py::test_users",
          "type": "Function",
          "lineno": 33
        }
      ]
    },
    {
      "nodeid": "tests/test_auth.py",
      "outcome": "passed",
      "result": [
        {
          "nodeid": "tests/test_auth.py::test_authenticate",
          "type": "Function",
          "lineno": 10
        },
        {
          "nodeid": "tests/test_auth.py::test_request",
          "type": "Function",
          "lineno": 29
        },
        {
          "nodeid": "tests/test_auth.py::test_request_not_authorized",
          "type": "Function",
          "lineno": 47
        },
        {
          "nodeid": "tests/test_auth.py::test_request_unknown_error",
          "type": "Function",
          "lineno": 80
        },
        {
          "nodeid": "tests/test_auth.py::test_user_id",
          "type": "Function",
          "lineno": 110
        },
        {
          "nodeid": "tests/test_auth.py::test_user_id_is_cached",
          "type": "Function",
          "lineno": 144
        }
      ]
    },
    {
      "nodeid": "tests/test_code.py::TestAccessCode",
      "outcome": "passed",
      "result": [
        {
          "nodeid": "tests/test_code.py::TestAccessCode::test_to_from_json",
          "type": "Function",
          "lineno": 14
        },
        {
          "nodeid": "tests/test_code.py::TestAccessCode::test_to_from_json_recurring_schedule",
          "type": "Function",
          "lineno": 31
        },
        {
          "nodeid": "tests/test_code.py::TestAccessCode::test_to_from_json_temporary_schedule",
          "type": "Function",
          "lineno": 53
        },
        {
          "nodeid": "tests/test_code.py::TestAccessCode::test_save",
          "type": "Coroutine",
          "lineno": 77
        },
        {
          "nodeid": "tests/test_code.py::TestAccessCode::test_delete",
          "type": "Function",
          "lineno": 108
        }
      ]
    },
    {
      "nodeid": "tests/test_code.py",
      "outcome": "passed",
      "result": [
        {
          "nodeid": "tests/test_code.py::TestAccessCode",
          "type": "Class"
        }
      ]
    },
    {
      "nodeid": "tests/test_common.py",
      "outcome": "passed",
      "result": [
        {
          "nodeid": "tests/test_common.py::test_pickle_unpickle",
          "type": "Function",
          "lineno": 10
        },
        {
          "nodeid": "tests/test_common.py::test_redact_allow_asterisk",
          "type": "Function",
          "lineno": 35
        },
        {
          "nodeid": "tests/test_common.py::test_redact_allow_all",
          "type": "Function",
          "lineno": 39
        },
        {
          "nodeid": "tests/test_common.py::test_redact_all",
          "type": "Function",
          "lineno": 50
        },
        {
          "nodeid": "tests/test_common.py::test_redact_partial",
          "type": "Function",
          "lineno": 67
        }
      ]
    },
    {
      "nodeid": "tests/test_lock.py::TestLock",
      "outcome": "passed",
      "result": [
        {
          "nodeid": "tests/test_lock.py::TestLock::test_from_json",
          "type": "Function",
          "lineno": 18
        },
        {
          "nodeid": "tests/test_lock.py::TestLock::test_from_json_cat_optional",
          "type": "Function",
          "lineno": 40
        },
        {
          "nodeid": "tests/test_lock.py::TestLock::test_from_json_no_connected",
          "type": "Function",
          "lineno": 47
        },
        {
          "nodeid": "tests/test_lock.py::TestLock::test_from_json_is_jammed",
          "type": "Function",
          "lineno": 54
        },
        {
          "nodeid": "tests/test_lock.py::TestLock::test_from_json_wifi_lock_unavailable",
          "type": "Function",
          "lineno": 60
        },
        {
          "nodeid": "tests/test_lock.py::TestLock::test_from_json_no_model_name",
          "type": "Function",
          "lineno": 69
        },
        {
          "nodeid": "tests/test_lock.py::TestLock::test_diagnostics",
          "type": "Function",
          "lineno": 76
        },
        {
          "nodeid": "tests/test_lock.py::TestLock::test_refresh",
          "type": "Function",
          "lineno": 142
        },
        {
          "nodeid": "tests/test_lock.py::TestLock::test_send_command_unauthenticated",
          "type": "Coroutine",
          "lineno": 172
        },
        {
          "nodeid": "tests/test_lock.py::TestLock::test_lock_wifi",
          "type": "Coroutine",
          "lineno": 177
        },
        {
          "nodeid": "tests/test_lock.py::TestLock::test_unlock_wifi",
          "type": "Coroutine",
          "lineno": 194
        },
        {
          "nodeid": "tests/test_lock.py::TestLock::test_lock_ble",
          "type": "Coroutine",
          "lineno": 211
        },
        {
          "nodeid": "tests/test_lock.py::TestLock::test_unlock_ble",
          "type": "Coroutine",
          "lineno": 233
        },
        {
          "nodeid": "tests/test_lock.py::TestLock::test_logs",
          "type": "Function",
          "lineno": 255
        },
        {
          "nodeid": "tests/test_lock.py::TestLock::test_refresh_access_codes",
          "type": "Function",
          "lineno": 278
        },
        {
          "nodeid": "tests/test_lock.py::TestLock::test_add_access_code",
          "type": "Coroutine",
          "lineno": 310
        },
        {
          "nodeid": "tests/test_lock.py::TestLock::test_set_beeper",
          "type": "Function",
          "lineno": 354
        },
        {
          "nodeid": "tests/test_lock.py::TestLock::test_set_lock_and_leave",
          "type": "Function",
          "lineno": 366
        },
        {
          "nodeid": "tests/test_lock.py::TestLock::test_set_auto_lock_time",
          "type": "Function",
          "lineno": 380
        }
      ]
    },
    {
      "nodeid": "tests/test_lock.py::TestKeypadDisabled",
      "outcome": "passed",
      "result": [
        {
          "nodeid": "tests/test_lock.py::TestKeypadDisabled::test_true",
          "type": "Function",
          "lineno": 399
        },
        {
          "nodeid": "tests/test_lock.py::TestKeypadDisabled::test_true_unsorted",
          "type": "Function",
          "lineno": 412
        },
        {
          "nodeid": "tests/test_lock.py::TestKeypadDisabled::test_false",
          "type": "Function",
          "lineno": 425
        },
        {
          "nodeid": "tests/test_lock.py::TestKeypadDisabled::test_fetches_logs",
          "type": "Function",
          "lineno": 438
        },
        {
          "nodeid": "tests/test_lock.py::TestKeypadDisabled::test_fetches_logs_no_logs",
          "type": "Function",
          "lineno": 453
        }
      ]
    },
    {
      "nodeid": "tests/test_lock.py::TestChangedBy",
      "outcome": "passed",
      "result": [
        {
          "nodeid": "tests/test_lock.py::TestChangedBy::test_thumbturn",
          "type": "Function",
          "lineno": 461
        },
        {
          "nodeid": "tests/test_lock.py::TestChangedBy::test_one_touch_locking",
          "type": "Function",
          "lineno": 466
        },
        {
          "nodeid": "tests/test_lock.py::TestChangedBy::test_nfc_device",
          "type": "Function",
          "lineno": 471
        },
        {
          "nodeid": "tests/test_lock.py::TestChangedBy::test_nfc_device_no_uuid",
          "type": "Function",
          "lineno": 477
        },
        {
          "nodeid": "tests/test_lock.py::TestChangedBy::test_keypad",
          "type": "Function",
          "lineno": 483
        },
        {
          "nodeid": "tests/test_lock.py::TestChangedBy::test_mobile_device",
          "type": "Function",
          "lineno": 489
        },
        {
          "nodeid": "tests/test_lock.py::TestChangedBy::test_unknown",
          "type": "Function",
          "lineno": 501
        },
        {
          "nodeid": "tests/test_lock.py::TestChangedBy::test_no_metadata",
          "type": "Function",
          "lineno": 504
        }
      ]
    },
    {
      "nodeid": "tests/test_lock.py",
      "outcome": "passed",
      "result": [
        {
          "nodeid": "tests/test_lock.py::TestLock",
          "type": "Class"
        },
        {
          "nodeid": "tests/test_lock.py::TestKeypadDisabled",
          "type": "Class"
        },
        {
          "nodeid": "tests/test_lock.py::TestChangedBy",
          "type": "Class"
        }
      ]
    },
    {
      "nodeid": "tests/test_log.py::TestFromJson",
      "outcome": "passed",
      "result": [
        {
          "nodeid": "tests/test_log.py::TestFromJson::test_unlocked_by_thumbturn",
          "type": "Function",
          "lineno": 8
        },
        {
          "nodeid": "tests/test_log.py::TestFromJson::test_unlocked_by_keypad",
          "type": "Function",
          "lineno": 18
        },
        {
          "nodeid": "tests/test_log.py::TestFromJson::test_unlocked_by_mobile_device",
          "type": "Function",
          "lineno": 33
        }
      ]
    },
    {
      "nodeid": "tests/test_log.py",
      "outcome": "passed",
      "result": [
        {
          "nodeid": "tests/test_log.py::TestFromJson",
          "type": "Class"
        }
      ]
    },
    {
      "nodeid": "tests/test_notification.py",
      "outcome": "passed",
      "result": [
        {
          "nodeid": "tests/test_notification.py::test_from_json",
          "type": "Function",
          "lineno": 10
        },
        {
          "nodeid": "tests/test_notification.py::test_save",
          "type": "Function",
          "lineno": 18
        },
        {
          "nodeid": "tests/test_notification.py::test_delete",
          "type": "Function",
          "lineno": 23
        }
      ]
    },
    {
      "nodeid": "tests/test_user.py",
      "outcome": "passed",
      "result": [
        {
          "nodeid": "tests/test_user.py::test_from_json",
          "type": "Function",
          "lineno": 5
        },
        {
          "nodeid": "tests/test_user.py::test_from_json_no_name",
          "type": "Function",
          "lineno": 14
        }
      ]
    },
    {
      "nodeid": "tests",
      "outcome": "passed",
      "result": [
        {
          "nodeid": "tests/test_api.py",
          "type": "Module"
        },
        {
          "nodeid": "tests/test_auth.py",
          "type": "Module"
        },
        {
          "nodeid": "tests/test_code.py",
          "type": "Module"
        },
        {
          "nodeid": "tests/test_common.py",
          "type": "Module"
        },
        {
          "nodeid": "tests/test_lock.py",
          "type": "Module"
        },
        {
          "nodeid": "tests/test_log.py",
          "type": "Module"
        },
        {
          "nodeid": "tests/test_notification.py",
          "type": "Module"
        },
        {
          "nodeid": "tests/test_user.py",
          "type": "Module"
        }
      ]
    },
    {
      "nodeid": ".",
      "outcome": "passed",
      "result": [
        {
          "nodeid": "docs",
          "type": "Dir"
        },
        {
          "nodeid": "pyschlage",
          "type": "Package"
        },
        {
          "nodeid": "pyschlage.egg-info",
          "type": "Dir"
        },
        {
          "nodeid": "scripts",
          "type": "Dir"
        },
        {
          "nodeid": "tests",
          "type": "Package"
        }
      ]
    }
  ],
  "tests": [
    {
      "nodeid": "tests/test_api.py::test_locks",
      "lineno": 8,
      "outcome": "failed",
      "keywords": [
        "test_locks",
        "test_api.py",
        "tests",
        "dknowles2@pyschlage__5c48dcd0__requests__treq",
        ""
      ],
      "setup": {
        "outcome": "passed"
      },
      "call": {
        "outcome": "failed",
        "crash": {
          "path": "D:\\repos\\dknowles2@pyschlage__5c48dcd0__requests__treq\\pyschlage\\api.py",
          "lineno": 31,
          "message": "AttributeError: 'coroutine' object has no attribute 'json'"
        },
        "traceback": [
          {
            "path": "tests\\test_api.py",
            "lineno": 21,
            "message": ""
          },
          {
            "path": "pyschlage\\api.py",
            "lineno": 31,
            "message": "AttributeError"
          }
        ],
        "longrepr": "mock_auth = <MagicMock spec_set='Auth' id='1859558536400'>\nlock_json = {'CAT': '01234', 'SAT': '98765', 'attributes': {'CAT': '01234', 'SAT': '98765', 'accessCodeLength': 4, 'actAlarmBuzzerEnabled': 0, ...}, 'connected': True, ...}\naccess_code_json = {'accessCode': 123, 'accessCodeLength': 4, 'accesscodeId': '__access_code_uuid__', 'activationSecs': 0, ...}\nnotification_json = {'active': True, 'createdAt': '2023-03-01T17:26:47.366Z', 'deviceId': '__wifi_uuid__', 'devicetypeId': 'be489wifi', ...}\n\n    def test_locks(\n        mock_auth: mock.Mock,\n        lock_json: dict[str, Any],\n        access_code_json: dict[str, Any],\n        notification_json: dict[str, Any],\n    ) -> None:\n        schlage = api.Schlage(mock_auth)\n        mock_auth.request.side_effect = [\n            mock.Mock(json=mock.Mock(return_value=[lock_json])),\n            mock.Mock(json=mock.Mock(return_value=[notification_json])),\n            mock.Mock(json=mock.Mock(return_value=[access_code_json])),\n        ]\n>       locks = schlage.locks()\n\ntests\\test_api.py:21: \n_ _ _ _ _ _ _ _ _ _ _ _ _ _ _ _ _ _ _ _ _ _ _ _ _ _ _ _ _ _ _ _ _ _ _ _ _ _ _ _\n\nself = <pyschlage.api.Schlage object at 0x000001B0F469E330>\n\n    def locks(self) -> list[Lock]:\n        \"\"\"Retrieves all locks associated with this account.\n    \n        :rtype: list[Lock]\n        :raise pyschlage.exceptions.NotAuthorizedError: When authentication fails.\n        :raise pyschlage.exceptions.UnknownError: On other errors.\n        \"\"\"\n        path = Lock.request_path()\n        response = self._auth.request(\"get\", path, params={\"archetype\": \"lock\"})\n        locks = []\n>       for lock_json in response.json():\nE       AttributeError: 'coroutine' object has no attribute 'json'\n\npyschlage\\api.py:31: AttributeError"
      },
      "teardown": {
        "outcome": "passed"
      }
    },
    {
      "nodeid": "tests/test_api.py::test_users",
      "lineno": 33,
      "outcome": "failed",
      "keywords": [
        "test_users",
        "test_api.py",
        "tests",
        "dknowles2@pyschlage__5c48dcd0__requests__treq",
        ""
      ],
      "setup": {
        "outcome": "passed"
      },
      "call": {
        "outcome": "failed",
        "crash": {
          "path": "D:\\repos\\dknowles2@pyschlage__5c48dcd0__requests__treq\\pyschlage\\api.py",
          "lineno": 46,
          "message": "AttributeError: 'coroutine' object has no attribute 'json'"
        },
        "traceback": [
          {
            "path": "tests\\test_api.py",
            "lineno": 40,
            "message": ""
          },
          {
            "path": "pyschlage\\api.py",
            "lineno": 46,
            "message": "AttributeError"
          }
        ],
        "longrepr": "mock_auth = <MagicMock spec_set='Auth' id='1859560156112'>\nlock_users_json = [{'consentRecords': [], 'created': '2022-12-24T20:00:00.000Z', 'email': 'asdf@asdf.com', 'friendlyName': 'asdf', ...}, {'consentRecords': [], 'created': '2022-12-24T20:00:00.000Z', 'email': 'foo@bar.xyz', 'friendlyName': 'Foo Bar', ...}]\n\n    def test_users(mock_auth: mock.Mock, lock_users_json: list[dict]) -> None:\n        schlage = api.Schlage(mock_auth)\n        mock_auth.request.return_value = mock.Mock(\n            json=mock.Mock(return_value=lock_users_json)\n        )\n    \n>       users = schlage.users()\n\ntests\\test_api.py:40: \n_ _ _ _ _ _ _ _ _ _ _ _ _ _ _ _ _ _ _ _ _ _ _ _ _ _ _ _ _ _ _ _ _ _ _ _ _ _ _ _\n\nself = <pyschlage.api.Schlage object at 0x000001B0F6749EB0>\n\n    def users(self) -> list[User]:\n        \"\"\"Retrieves all users associated with this account's locks.\n    \n        :rtype: list[User]\n        :raise pyschlage.exceptions.NotAuthorizedError: When authentication fails.\n        :raise pyschlage.exceptions.UnknownError: On other errors.\n        \"\"\"\n        path = User.request_path()\n        response = self._auth.request(\"get\", path)\n>       return [User.from_json(u) for u in response.json()]\nE       AttributeError: 'coroutine' object has no attribute 'json'\n\npyschlage\\api.py:46: AttributeError"
      },
      "teardown": {
        "outcome": "passed"
      }
    },
    {
      "nodeid": "tests/test_auth.py::test_authenticate",
      "lineno": 10,
      "outcome": "failed",
      "keywords": [
        "test_authenticate",
        "asyncio",
        "__wrapped__",
        "patchings",
        "pytestmark",
        "test_auth.py",
        "tests",
        "dknowles2@pyschlage__5c48dcd0__requests__treq",
        ""
      ],
      "setup": {
        "outcome": "passed"
      },
      "call": {
        "outcome": "failed",
        "crash": {
          "path": "D:\\repos\\dknowles2@pyschlage__5c48dcd0__requests__treq\\.venv\\Lib\\site-packages\\twisted\\internet\\defer.py",
          "lineno": 2292,
          "message": "TypeError: inlineCallbacks requires <function test_authenticate at 0x000001B0F6525080> to produce a generator; instead got <async_generator object test_authenticate at 0x000001B0F64CFE20>"
        },
        "traceback": [
          {
            "path": "C:\\Users\\Mohay\\AppData\\Local\\Programs\\Python\\Python312\\Lib\\unittest\\mock.py",
            "lineno": 1390,
            "message": ""
          },
          {
            "path": ".venv\\Lib\\site-packages\\twisted\\internet\\defer.py",
            "lineno": 2292,
            "message": "TypeError"
          }
        ],
        "longrepr": "args = (), keywargs = {}\nnewargs = (<MagicMock name='Cognito' id='1859560705488'>, <MagicMock name='RequestsSrpAuth' id='1859556403840'>, <MagicMock name='request' id='1859560717248'>)\nnewkeywargs = {}\n\n    @wraps(func)\n    def patched(*args, **keywargs):\n        with self.decoration_helper(patched,\n                                    args,\n                                    keywargs) as (newargs, newkeywargs):\n>           return func(*newargs, **newkeywargs)\n\nC:\\Users\\Mohay\\AppData\\Local\\Programs\\Python\\Python312\\Lib\\unittest\\mock.py:1390: \n_ _ _ _ _ _ _ _ _ _ _ _ _ _ _ _ _ _ _ _ _ _ _ _ _ _ _ _ _ _ _ _ _ _ _ _ _ _ _ _\n\nargs = (<MagicMock name='Cognito' id='1859560705488'>, <MagicMock name='RequestsSrpAuth' id='1859556403840'>, <MagicMock name='request' id='1859560717248'>)\nkwargs = {}\ngen = <async_generator object test_authenticate at 0x000001B0F64CFE20>\n\n    @wraps(f)\n    def unwindGenerator(*args: _P.args, **kwargs: _P.kwargs) -> Deferred[_T]:\n        try:\n            gen = f(*args, **kwargs)\n        except _DefGen_Return:\n            raise TypeError(\n                \"inlineCallbacks requires %r to produce a generator; instead\"\n                \"caught returnValue being used in a non-generator\" % (f,)\n            )\n        if not isinstance(gen, GeneratorType):\n>           raise TypeError(\n                \"inlineCallbacks requires %r to produce a generator; \"\n                \"instead got %r\" % (f, gen)\n            )\nE           TypeError: inlineCallbacks requires <function test_authenticate at 0x000001B0F6525080> to produce a generator; instead got <async_generator object test_authenticate at 0x000001B0F64CFE20>\n\n.venv\\Lib\\site-packages\\twisted\\internet\\defer.py:2292: TypeError"
      },
      "teardown": {
        "outcome": "passed"
      }
    },
    {
      "nodeid": "tests/test_auth.py::test_request",
      "lineno": 29,
      "outcome": "failed",
      "keywords": [
        "test_request",
        "asyncio",
        "__wrapped__",
        "patchings",
        "pytestmark",
        "test_auth.py",
        "tests",
        "dknowles2@pyschlage__5c48dcd0__requests__treq",
        ""
      ],
      "setup": {
        "outcome": "passed"
      },
      "call": {
        "outcome": "failed",
        "crash": {
          "path": "D:\\repos\\dknowles2@pyschlage__5c48dcd0__requests__treq\\.venv\\Lib\\site-packages\\twisted\\internet\\defer.py",
          "lineno": 2292,
          "message": "TypeError: inlineCallbacks requires <function test_request at 0x000001B0F65253A0> to produce a generator; instead got <async_generator object test_request at 0x000001B0F67A7640>"
        },
        "traceback": [
          {
            "path": "C:\\Users\\Mohay\\AppData\\Local\\Programs\\Python\\Python312\\Lib\\unittest\\mock.py",
            "lineno": 1390,
            "message": ""
          },
          {
            "path": ".venv\\Lib\\site-packages\\twisted\\internet\\defer.py",
            "lineno": 2292,
            "message": "TypeError"
          }
        ],
        "longrepr": "args = (), keywargs = {}\nnewargs = (<MagicMock name='Cognito' id='1859560268016'>, <MagicMock name='RequestsSrpAuth' id='1859560271760'>, <MagicMock name='request' id='1859560275600'>)\nnewkeywargs = {}\n\n    @wraps(func)\n    def patched(*args, **keywargs):\n        with self.decoration_helper(patched,\n                                    args,\n                                    keywargs) as (newargs, newkeywargs):\n>           return func(*newargs, **newkeywargs)\n\nC:\\Users\\Mohay\\AppData\\Local\\Programs\\Python\\Python312\\Lib\\unittest\\mock.py:1390: \n_ _ _ _ _ _ _ _ _ _ _ _ _ _ _ _ _ _ _ _ _ _ _ _ _ _ _ _ _ _ _ _ _ _ _ _ _ _ _ _\n\nargs = (<MagicMock name='Cognito' id='1859560268016'>, <MagicMock name='RequestsSrpAuth' id='1859560271760'>, <MagicMock name='request' id='1859560275600'>)\nkwargs = {}, gen = <async_generator object test_request at 0x000001B0F67A7640>\n\n    @wraps(f)\n    def unwindGenerator(*args: _P.args, **kwargs: _P.kwargs) -> Deferred[_T]:\n        try:\n            gen = f(*args, **kwargs)\n        except _DefGen_Return:\n            raise TypeError(\n                \"inlineCallbacks requires %r to produce a generator; instead\"\n                \"caught returnValue being used in a non-generator\" % (f,)\n            )\n        if not isinstance(gen, GeneratorType):\n>           raise TypeError(\n                \"inlineCallbacks requires %r to produce a generator; \"\n                \"instead got %r\" % (f, gen)\n            )\nE           TypeError: inlineCallbacks requires <function test_request at 0x000001B0F65253A0> to produce a generator; instead got <async_generator object test_request at 0x000001B0F67A7640>\n\n.venv\\Lib\\site-packages\\twisted\\internet\\defer.py:2292: TypeError"
      },
      "teardown": {
        "outcome": "passed"
      }
    },
    {
      "nodeid": "tests/test_auth.py::test_request_not_authorized",
      "lineno": 47,
      "outcome": "failed",
      "keywords": [
        "test_request_not_authorized",
        "asyncio",
        "__wrapped__",
        "patchings",
        "pytestmark",
        "test_auth.py",
        "tests",
        "dknowles2@pyschlage__5c48dcd0__requests__treq",
        ""
      ],
      "setup": {
        "outcome": "passed"
      },
      "call": {
        "outcome": "failed",
        "crash": {
          "path": "D:\\repos\\dknowles2@pyschlage__5c48dcd0__requests__treq\\.venv\\Lib\\site-packages\\twisted\\internet\\defer.py",
          "lineno": 2292,
          "message": "TypeError: inlineCallbacks requires <function test_request_not_authorized at 0x000001B0F6525580> to produce a generator; instead got <async_generator object test_request_not_authorized at 0x000001B0F66C9030>"
        },
        "traceback": [
          {
            "path": "C:\\Users\\Mohay\\AppData\\Local\\Programs\\Python\\Python312\\Lib\\unittest\\mock.py",
            "lineno": 1390,
            "message": ""
          },
          {
            "path": ".venv\\Lib\\site-packages\\twisted\\internet\\defer.py",
            "lineno": 2292,
            "message": "TypeError"
          }
        ],
        "longrepr": "args = (), keywargs = {}\nnewargs = (<MagicMock name='Cognito' id='1859559923088'>, <MagicMock name='RequestsSrpAuth' spec='RequestsSrpAuth' id='1859559925296'>, <MagicMock name='request' spec='function' id='1859556173312'>)\nnewkeywargs = {}\n\n    @wraps(func)\n    def patched(*args, **keywargs):\n        with self.decoration_helper(patched,\n                                    args,\n                                    keywargs) as (newargs, newkeywargs):\n>           return func(*newargs, **newkeywargs)\n\nC:\\Users\\Mohay\\AppData\\Local\\Programs\\Python\\Python312\\Lib\\unittest\\mock.py:1390: \n_ _ _ _ _ _ _ _ _ _ _ _ _ _ _ _ _ _ _ _ _ _ _ _ _ _ _ _ _ _ _ _ _ _ _ _ _ _ _ _\n\nargs = (<MagicMock name='Cognito' id='1859559923088'>, <MagicMock name='RequestsSrpAuth' spec='RequestsSrpAuth' id='1859559925296'>, <MagicMock name='request' spec='function' id='1859556173312'>)\nkwargs = {}\ngen = <async_generator object test_request_not_authorized at 0x000001B0F66C9030>\n\n    @wraps(f)\n    def unwindGenerator(*args: _P.args, **kwargs: _P.kwargs) -> Deferred[_T]:\n        try:\n            gen = f(*args, **kwargs)\n        except _DefGen_Return:\n            raise TypeError(\n                \"inlineCallbacks requires %r to produce a generator; instead\"\n                \"caught returnValue being used in a non-generator\" % (f,)\n            )\n        if not isinstance(gen, GeneratorType):\n>           raise TypeError(\n                \"inlineCallbacks requires %r to produce a generator; \"\n                \"instead got %r\" % (f, gen)\n            )\nE           TypeError: inlineCallbacks requires <function test_request_not_authorized at 0x000001B0F6525580> to produce a generator; instead got <async_generator object test_request_not_authorized at 0x000001B0F66C9030>\n\n.venv\\Lib\\site-packages\\twisted\\internet\\defer.py:2292: TypeError"
      },
      "teardown": {
        "outcome": "passed"
      }
    },
    {
      "nodeid": "tests/test_auth.py::test_request_unknown_error",
      "lineno": 80,
      "outcome": "failed",
      "keywords": [
        "test_request_unknown_error",
        "asyncio",
        "__wrapped__",
        "patchings",
        "pytestmark",
        "test_auth.py",
        "tests",
        "dknowles2@pyschlage__5c48dcd0__requests__treq",
        ""
      ],
      "setup": {
        "outcome": "passed"
      },
      "call": {
        "outcome": "failed",
        "crash": {
          "path": "D:\\repos\\dknowles2@pyschlage__5c48dcd0__requests__treq\\.venv\\Lib\\site-packages\\twisted\\internet\\defer.py",
          "lineno": 2292,
          "message": "TypeError: inlineCallbacks requires <function test_request_unknown_error at 0x000001B0F6525760> to produce a generator; instead got <async_generator object test_request_unknown_error at 0x000001B0F66C9690>"
        },
        "traceback": [
          {
            "path": "C:\\Users\\Mohay\\AppData\\Local\\Programs\\Python\\Python312\\Lib\\unittest\\mock.py",
            "lineno": 1390,
            "message": ""
          },
          {
            "path": ".venv\\Lib\\site-packages\\twisted\\internet\\defer.py",
            "lineno": 2292,
            "message": "TypeError"
          }
        ],
        "longrepr": "args = (), keywargs = {}\nnewargs = (<MagicMock name='Cognito' id='1859559921264'>, <MagicMock name='RequestsSrpAuth' spec='RequestsSrpAuth' id='1859559213680'>, <MagicMock name='request' spec='function' id='1859556356224'>)\nnewkeywargs = {}\n\n    @wraps(func)\n    def patched(*args, **keywargs):\n        with self.decoration_helper(patched,\n                                    args,\n                                    keywargs) as (newargs, newkeywargs):\n>           return func(*newargs, **newkeywargs)\n\nC:\\Users\\Mohay\\AppData\\Local\\Programs\\Python\\Python312\\Lib\\unittest\\mock.py:1390: \n_ _ _ _ _ _ _ _ _ _ _ _ _ _ _ _ _ _ _ _ _ _ _ _ _ _ _ _ _ _ _ _ _ _ _ _ _ _ _ _\n\nargs = (<MagicMock name='Cognito' id='1859559921264'>, <MagicMock name='RequestsSrpAuth' spec='RequestsSrpAuth' id='1859559213680'>, <MagicMock name='request' spec='function' id='1859556356224'>)\nkwargs = {}\ngen = <async_generator object test_request_unknown_error at 0x000001B0F66C9690>\n\n    @wraps(f)\n    def unwindGenerator(*args: _P.args, **kwargs: _P.kwargs) -> Deferred[_T]:\n        try:\n            gen = f(*args, **kwargs)\n        except _DefGen_Return:\n            raise TypeError(\n                \"inlineCallbacks requires %r to produce a generator; instead\"\n                \"caught returnValue being used in a non-generator\" % (f,)\n            )\n        if not isinstance(gen, GeneratorType):\n>           raise TypeError(\n                \"inlineCallbacks requires %r to produce a generator; \"\n                \"instead got %r\" % (f, gen)\n            )\nE           TypeError: inlineCallbacks requires <function test_request_unknown_error at 0x000001B0F6525760> to produce a generator; instead got <async_generator object test_request_unknown_error at 0x000001B0F66C9690>\n\n.venv\\Lib\\site-packages\\twisted\\internet\\defer.py:2292: TypeError"
      },
      "teardown": {
        "outcome": "passed"
      }
    },
    {
      "nodeid": "tests/test_auth.py::test_user_id",
      "lineno": 110,
      "outcome": "failed",
      "keywords": [
        "test_user_id",
        "asyncio",
        "__wrapped__",
        "patchings",
        "pytestmark",
        "test_auth.py",
        "tests",
        "dknowles2@pyschlage__5c48dcd0__requests__treq",
        ""
      ],
      "setup": {
        "outcome": "passed"
      },
      "call": {
        "outcome": "failed",
        "crash": {
          "path": "D:\\repos\\dknowles2@pyschlage__5c48dcd0__requests__treq\\.venv\\Lib\\site-packages\\twisted\\internet\\defer.py",
          "lineno": 2292,
          "message": "TypeError: inlineCallbacks requires <function test_user_id at 0x000001B0F6525A80> to produce a generator; instead got <async_generator object test_user_id at 0x000001B0F672CCA0>"
        },
        "traceback": [
          {
            "path": "C:\\Users\\Mohay\\AppData\\Local\\Programs\\Python\\Python312\\Lib\\unittest\\mock.py",
            "lineno": 1390,
            "message": ""
          },
          {
            "path": ".venv\\Lib\\site-packages\\twisted\\internet\\defer.py",
            "lineno": 2292,
            "message": "TypeError"
          }
        ],
        "longrepr": "args = (), keywargs = {}\nnewargs = (<MagicMock name='Cognito' id='1859559927936'>, <MagicMock name='RequestsSrpAuth' id='1859559930480'>, <MagicMock name='request' id='1859559916128'>)\nnewkeywargs = {}\n\n    @wraps(func)\n    def patched(*args, **keywargs):\n        with self.decoration_helper(patched,\n                                    args,\n                                    keywargs) as (newargs, newkeywargs):\n>           return func(*newargs, **newkeywargs)\n\nC:\\Users\\Mohay\\AppData\\Local\\Programs\\Python\\Python312\\Lib\\unittest\\mock.py:1390: \n_ _ _ _ _ _ _ _ _ _ _ _ _ _ _ _ _ _ _ _ _ _ _ _ _ _ _ _ _ _ _ _ _ _ _ _ _ _ _ _\n\nargs = (<MagicMock name='Cognito' id='1859559927936'>, <MagicMock name='RequestsSrpAuth' id='1859559930480'>, <MagicMock name='request' id='1859559916128'>)\nkwargs = {}, gen = <async_generator object test_user_id at 0x000001B0F672CCA0>\n\n    @wraps(f)\n    def unwindGenerator(*args: _P.args, **kwargs: _P.kwargs) -> Deferred[_T]:\n        try:\n            gen = f(*args, **kwargs)\n        except _DefGen_Return:\n            raise TypeError(\n                \"inlineCallbacks requires %r to produce a generator; instead\"\n                \"caught returnValue being used in a non-generator\" % (f,)\n            )\n        if not isinstance(gen, GeneratorType):\n>           raise TypeError(\n                \"inlineCallbacks requires %r to produce a generator; \"\n                \"instead got %r\" % (f, gen)\n            )\nE           TypeError: inlineCallbacks requires <function test_user_id at 0x000001B0F6525A80> to produce a generator; instead got <async_generator object test_user_id at 0x000001B0F672CCA0>\n\n.venv\\Lib\\site-packages\\twisted\\internet\\defer.py:2292: TypeError"
      },
      "teardown": {
        "outcome": "passed"
      }
    },
    {
      "nodeid": "tests/test_auth.py::test_user_id_is_cached",
      "lineno": 144,
      "outcome": "failed",
      "keywords": [
        "test_user_id_is_cached",
        "asyncio",
        "__wrapped__",
        "patchings",
        "pytestmark",
        "test_auth.py",
        "tests",
        "dknowles2@pyschlage__5c48dcd0__requests__treq",
        ""
      ],
      "setup": {
        "outcome": "passed"
      },
      "call": {
        "outcome": "failed",
        "crash": {
          "path": "D:\\repos\\dknowles2@pyschlage__5c48dcd0__requests__treq\\.venv\\Lib\\site-packages\\twisted\\internet\\defer.py",
          "lineno": 2292,
          "message": "TypeError: inlineCallbacks requires <function test_user_id_is_cached at 0x000001B0F6525C60> to produce a generator; instead got <async_generator object test_user_id_is_cached at 0x000001B0F672CB40>"
        },
        "traceback": [
          {
            "path": "C:\\Users\\Mohay\\AppData\\Local\\Programs\\Python\\Python312\\Lib\\unittest\\mock.py",
            "lineno": 1390,
            "message": ""
          },
          {
            "path": ".venv\\Lib\\site-packages\\twisted\\internet\\defer.py",
            "lineno": 2292,
            "message": "TypeError"
          }
        ],
        "longrepr": "args = (), keywargs = {}\nnewargs = (<MagicMock name='Cognito' id='1859560275552'>, <MagicMock name='RequestsSrpAuth' id='1859560262448'>, <MagicMock name='request' id='1859560263552'>)\nnewkeywargs = {}\n\n    @wraps(func)\n    def patched(*args, **keywargs):\n        with self.decoration_helper(patched,\n                                    args,\n                                    keywargs) as (newargs, newkeywargs):\n>           return func(*newargs, **newkeywargs)\n\nC:\\Users\\Mohay\\AppData\\Local\\Programs\\Python\\Python312\\Lib\\unittest\\mock.py:1390: \n_ _ _ _ _ _ _ _ _ _ _ _ _ _ _ _ _ _ _ _ _ _ _ _ _ _ _ _ _ _ _ _ _ _ _ _ _ _ _ _\n\nargs = (<MagicMock name='Cognito' id='1859560275552'>, <MagicMock name='RequestsSrpAuth' id='1859560262448'>, <MagicMock name='request' id='1859560263552'>)\nkwargs = {}\ngen = <async_generator object test_user_id_is_cached at 0x000001B0F672CB40>\n\n    @wraps(f)\n    def unwindGenerator(*args: _P.args, **kwargs: _P.kwargs) -> Deferred[_T]:\n        try:\n            gen = f(*args, **kwargs)\n        except _DefGen_Return:\n            raise TypeError(\n                \"inlineCallbacks requires %r to produce a generator; instead\"\n                \"caught returnValue being used in a non-generator\" % (f,)\n            )\n        if not isinstance(gen, GeneratorType):\n>           raise TypeError(\n                \"inlineCallbacks requires %r to produce a generator; \"\n                \"instead got %r\" % (f, gen)\n            )\nE           TypeError: inlineCallbacks requires <function test_user_id_is_cached at 0x000001B0F6525C60> to produce a generator; instead got <async_generator object test_user_id_is_cached at 0x000001B0F672CB40>\n\n.venv\\Lib\\site-packages\\twisted\\internet\\defer.py:2292: TypeError"
      },
      "teardown": {
        "outcome": "passed"
      }
    },
    {
      "nodeid": "tests/test_code.py::TestAccessCode::test_to_from_json",
      "lineno": 14,
      "outcome": "passed",
      "keywords": [
        "test_to_from_json",
        "TestAccessCode",
        "test_code.py",
        "tests",
        "dknowles2@pyschlage__5c48dcd0__requests__treq",
        ""
      ],
      "setup": {
        "outcome": "passed"
      },
      "call": {
        "outcome": "passed"
      },
      "teardown": {
        "outcome": "passed"
      }
    },
    {
      "nodeid": "tests/test_code.py::TestAccessCode::test_to_from_json_recurring_schedule",
      "lineno": 31,
      "outcome": "passed",
      "keywords": [
        "test_to_from_json_recurring_schedule",
        "TestAccessCode",
        "test_code.py",
        "tests",
        "dknowles2@pyschlage__5c48dcd0__requests__treq",
        ""
      ],
      "setup": {
        "outcome": "passed"
      },
      "call": {
        "outcome": "passed"
      },
      "teardown": {
        "outcome": "passed"
      }
    },
    {
      "nodeid": "tests/test_code.py::TestAccessCode::test_to_from_json_temporary_schedule",
      "lineno": 53,
      "outcome": "failed",
      "keywords": [
        "test_to_from_json_temporary_schedule",
        "TestAccessCode",
        "test_code.py",
        "tests",
        "dknowles2@pyschlage__5c48dcd0__requests__treq",
        ""
      ],
      "setup": {
        "outcome": "passed"
      },
      "call": {
        "outcome": "failed",
        "crash": {
          "path": "D:\\repos\\dknowles2@pyschlage__5c48dcd0__requests__treq\\tests\\test_code.py",
          "lineno": 75,
          "message": "AssertionError: assert AccessCode(na...isabled=False) == AccessCode(na...isabled=False)\n  \n  Omitting 10 identical items, use -vv to show\n  Differing attributes:\n  ['schedule']\n  \n  Drill down into differing attribute schedule:\n    schedule: TemporarySchedule(start=datetime.datetime(2022, 12, 25, 1, 30), end=datetime.datetime(2022, 12, 25, 2, 0)) != TemporarySchedule(start=datetime.datetime(2022, 12, 25, 8, 30), end=datetime.datetime(2022, 12, 25, 9, 0))...\n  \n  ...Full output truncated (9 lines hidden), use '-vv' to show"
        },
        "traceback": [
          {
            "path": "tests\\test_code.py",
            "lineno": 75,
            "message": "AssertionError"
          }
        ],
        "longrepr": "self = <tests.test_code.TestAccessCode object at 0x000001B0F6540920>\nmock_auth = <MagicMock spec_set='Auth' id='1859559948848'>\naccess_code_json = {'accessCode': 123, 'accessCodeLength': 4, 'accesscodeId': '__access_code_uuid__', 'activationSecs': 0, ...}\nwifi_device = Device(device_id='__wifi_uuid__', device_type='be489wifi')\n\n    def test_to_from_json_temporary_schedule(\n        self, mock_auth: Mock, access_code_json: dict[str, Any], wifi_device: Device\n    ):\n        access_code_id = \"__access_code_uuid__\"\n        sched = TemporarySchedule(\n            start=datetime(2022, 12, 25, 8, 30, 0),\n            end=datetime(2022, 12, 25, 9, 0, 0),\n        )\n        json = deepcopy(access_code_json)\n        json[\"activationSecs\"] = 1671957000\n        json[\"expirationSecs\"] = 1671958800\n        code = AccessCode(\n            _auth=mock_auth,\n            _json=json,\n            _device=wifi_device,\n            name=\"Friendly name\",\n            code=\"0123\",\n            schedule=sched,\n            device_id=wifi_device.device_id,\n            access_code_id=access_code_id,\n        )\n>       assert AccessCode.from_json(mock_auth, wifi_device, json) == code\nE       AssertionError: assert AccessCode(na...isabled=False) == AccessCode(na...isabled=False)\nE         \nE         Omitting 10 identical items, use -vv to show\nE         Differing attributes:\nE         ['schedule']\nE         \nE         Drill down into differing attribute schedule:\nE           schedule: TemporarySchedule(start=datetime.datetime(2022, 12, 25, 1, 30), end=datetime.datetime(2022, 12, 25, 2, 0)) != TemporarySchedule(start=datetime.datetime(2022, 12, 25, 8, 30), end=datetime.datetime(2022, 12, 25, 9, 0))...\nE         \nE         ...Full output truncated (9 lines hidden), use '-vv' to show\n\ntests\\test_code.py:75: AssertionError"
      },
      "teardown": {
        "outcome": "passed"
      }
    },
    {
      "nodeid": "tests/test_code.py::TestAccessCode::test_save",
      "lineno": 77,
      "outcome": "passed",
      "keywords": [
        "test_save",
        "asyncio",
        "pytestmark",
        "TestAccessCode",
        "test_code.py",
        "tests",
        "dknowles2@pyschlage__5c48dcd0__requests__treq",
        ""
      ],
      "setup": {
        "outcome": "passed"
      },
      "call": {
        "outcome": "passed"
      },
      "teardown": {
        "outcome": "passed"
      }
    },
    {
      "nodeid": "tests/test_code.py::TestAccessCode::test_delete",
      "lineno": 108,
      "outcome": "passed",
      "keywords": [
        "test_delete",
        "TestAccessCode",
        "test_code.py",
        "tests",
        "dknowles2@pyschlage__5c48dcd0__requests__treq",
        ""
      ],
      "setup": {
        "outcome": "passed"
      },
      "call": {
        "outcome": "passed"
      },
      "teardown": {
        "outcome": "passed"
      }
    },
    {
      "nodeid": "tests/test_common.py::test_pickle_unpickle",
      "lineno": 10,
      "outcome": "passed",
      "keywords": [
        "test_pickle_unpickle",
        "test_common.py",
        "tests",
        "dknowles2@pyschlage__5c48dcd0__requests__treq",
        ""
      ],
      "setup": {
        "outcome": "passed"
      },
      "call": {
        "outcome": "passed"
      },
      "teardown": {
        "outcome": "passed"
      }
    },
    {
      "nodeid": "tests/test_common.py::test_redact_allow_asterisk",
      "lineno": 35,
      "outcome": "passed",
      "keywords": [
        "test_redact_allow_asterisk",
        "test_common.py",
        "tests",
        "dknowles2@pyschlage__5c48dcd0__requests__treq",
        ""
      ],
      "setup": {
        "outcome": "passed"
      },
      "call": {
        "outcome": "passed"
      },
      "teardown": {
        "outcome": "passed"
      }
    },
    {
      "nodeid": "tests/test_common.py::test_redact_allow_all",
      "lineno": 39,
      "outcome": "passed",
      "keywords": [
        "test_redact_allow_all",
        "test_common.py",
        "tests",
        "dknowles2@pyschlage__5c48dcd0__requests__treq",
        ""
      ],
      "setup": {
        "outcome": "passed"
      },
      "call": {
        "outcome": "passed"
      },
      "teardown": {
        "outcome": "passed"
      }
    },
    {
      "nodeid": "tests/test_common.py::test_redact_all",
      "lineno": 50,
      "outcome": "passed",
      "keywords": [
        "test_redact_all",
        "test_common.py",
        "tests",
        "dknowles2@pyschlage__5c48dcd0__requests__treq",
        ""
      ],
      "setup": {
        "outcome": "passed"
      },
      "call": {
        "outcome": "passed"
      },
      "teardown": {
        "outcome": "passed"
      }
    },
    {
      "nodeid": "tests/test_common.py::test_redact_partial",
      "lineno": 67,
      "outcome": "passed",
      "keywords": [
        "test_redact_partial",
        "test_common.py",
        "tests",
        "dknowles2@pyschlage__5c48dcd0__requests__treq",
        ""
      ],
      "setup": {
        "outcome": "passed"
      },
      "call": {
        "outcome": "passed"
      },
      "teardown": {
        "outcome": "passed"
      }
    },
    {
      "nodeid": "tests/test_lock.py::TestLock::test_from_json",
      "lineno": 18,
      "outcome": "passed",
      "keywords": [
        "test_from_json",
        "TestLock",
        "test_lock.py",
        "tests",
        "dknowles2@pyschlage__5c48dcd0__requests__treq",
        ""
      ],
      "setup": {
        "outcome": "passed"
      },
      "call": {
        "outcome": "passed"
      },
      "teardown": {
        "outcome": "passed"
      }
    },
    {
      "nodeid": "tests/test_lock.py::TestLock::test_from_json_cat_optional",
      "lineno": 40,
      "outcome": "passed",
      "keywords": [
        "test_from_json_cat_optional",
        "TestLock",
        "test_lock.py",
        "tests",
        "dknowles2@pyschlage__5c48dcd0__requests__treq",
        ""
      ],
      "setup": {
        "outcome": "passed"
      },
      "call": {
        "outcome": "passed"
      },
      "teardown": {
        "outcome": "passed"
      }
    },
    {
      "nodeid": "tests/test_lock.py::TestLock::test_from_json_no_connected",
      "lineno": 47,
      "outcome": "passed",
      "keywords": [
        "test_from_json_no_connected",
        "TestLock",
        "test_lock.py",
        "tests",
        "dknowles2@pyschlage__5c48dcd0__requests__treq",
        ""
      ],
      "setup": {
        "outcome": "passed"
      },
      "call": {
        "outcome": "passed"
      },
      "teardown": {
        "outcome": "passed"
      }
    },
    {
      "nodeid": "tests/test_lock.py::TestLock::test_from_json_is_jammed",
      "lineno": 54,
      "outcome": "passed",
      "keywords": [
        "test_from_json_is_jammed",
        "TestLock",
        "test_lock.py",
        "tests",
        "dknowles2@pyschlage__5c48dcd0__requests__treq",
        ""
      ],
      "setup": {
        "outcome": "passed"
      },
      "call": {
        "outcome": "passed"
      },
      "teardown": {
        "outcome": "passed"
      }
    },
    {
      "nodeid": "tests/test_lock.py::TestLock::test_from_json_wifi_lock_unavailable",
      "lineno": 60,
      "outcome": "passed",
      "keywords": [
        "test_from_json_wifi_lock_unavailable",
        "TestLock",
        "test_lock.py",
        "tests",
        "dknowles2@pyschlage__5c48dcd0__requests__treq",
        ""
      ],
      "setup": {
        "outcome": "passed"
      },
      "call": {
        "outcome": "passed"
      },
      "teardown": {
        "outcome": "passed"
      }
    },
    {
      "nodeid": "tests/test_lock.py::TestLock::test_from_json_no_model_name",
      "lineno": 69,
      "outcome": "passed",
      "keywords": [
        "test_from_json_no_model_name",
        "TestLock",
        "test_lock.py",
        "tests",
        "dknowles2@pyschlage__5c48dcd0__requests__treq",
        ""
      ],
      "setup": {
        "outcome": "passed"
      },
      "call": {
        "outcome": "passed"
      },
      "teardown": {
        "outcome": "passed"
      }
    },
    {
      "nodeid": "tests/test_lock.py::TestLock::test_diagnostics",
      "lineno": 76,
      "outcome": "passed",
      "keywords": [
        "test_diagnostics",
        "TestLock",
        "test_lock.py",
        "tests",
        "dknowles2@pyschlage__5c48dcd0__requests__treq",
        ""
      ],
      "setup": {
        "outcome": "passed"
      },
      "call": {
        "outcome": "passed"
      },
      "teardown": {
        "outcome": "passed"
      }
    },
    {
      "nodeid": "tests/test_lock.py::TestLock::test_refresh",
      "lineno": 142,
      "outcome": "failed",
      "keywords": [
        "test_refresh",
        "TestLock",
        "test_lock.py",
        "tests",
        "dknowles2@pyschlage__5c48dcd0__requests__treq",
        ""
      ],
      "setup": {
        "outcome": "passed"
      },
      "call": {
        "outcome": "failed",
        "crash": {
          "path": "D:\\repos\\dknowles2@pyschlage__5c48dcd0__requests__treq\\pyschlage\\lock.py",
          "lineno": 204,
          "message": "AttributeError: 'coroutine' object has no attribute 'json'"
        },
        "traceback": [
          {
            "path": "tests\\test_lock.py",
            "lineno": 160,
            "message": ""
          },
          {
            "path": "pyschlage\\lock.py",
            "lineno": 204,
            "message": "AttributeError"
          }
        ],
        "longrepr": "self = <tests.test_lock.TestLock object at 0x000001B0F6542D20>\nmock_auth = <MagicMock spec_set='Auth' id='1859560146848'>\nlock_json = {'CAT': '01234', 'SAT': '98765', 'attributes': {'CAT': '01234', 'SAT': '98765', 'accessCodeLength': 4, 'actAlarmBuzzerEnabled': 0, ...}, 'connected': True, ...}\naccess_code_json = {'accessCode': 123, 'accessCodeLength': 4, 'accesscodeId': '__access_code_uuid__', 'activationSecs': 0, ...}\nnotification_json = {'active': True, 'createdAt': '2023-03-01T17:26:47.366Z', 'deviceId': '__wifi_uuid__', 'devicetypeId': 'be489wifi', ...}\n\n    def test_refresh(\n        self,\n        mock_auth: Mock,\n        lock_json: dict[str, Any],\n        access_code_json: dict[str, Any],\n        notification_json: dict[str, Any],\n    ) -> None:\n        with pytest.raises(NotAuthenticatedError):\n            Lock().refresh()\n        lock = Lock.from_json(mock_auth, lock_json)\n        lock_json[\"name\"] = \"<NAME>\"\n    \n        mock_auth.request.side_effect = [\n            Mock(json=Mock(return_value=lock_json)),\n            Mock(json=Mock(return_value=[notification_json])),\n            Mock(json=Mock(return_value=[access_code_json])),\n        ]\n>       lock.refresh()\n\ntests\\test_lock.py:160: \n_ _ _ _ _ _ _ _ _ _ _ _ _ _ _ _ _ _ _ _ _ _ _ _ _ _ _ _ _ _ _ _ _ _ _ _ _ _ _ _\n\nself = Lock(device_id='__wifi_uuid__', device_type='be489wifi', name='Door Lock', model_name='__model_name__', connected=True...ser(name='asdf', email='asdf@asdf.com'), 'foo-bar-uuid': User(name='Foo Bar', email='foo@bar.xyz')}, access_codes=None)\n\n    def refresh(self) -> None:\n        \"\"\"Refreshes the Lock state.\n    \n        :raise pyschlage.exceptions.NotAuthorizedError: When authentication fails.\n        :raise pyschlage.exceptions.UnknownError: On other errors.\n        \"\"\"\n        if not self._auth:\n            raise NotAuthenticatedError\n        path = self.request_path(self.device_id)\n>       self._update_with(self._auth.request(\"get\", path).json())\nE       AttributeError: 'coroutine' object has no attribute 'json'\n\npyschlage\\lock.py:204: AttributeError"
      },
      "teardown": {
        "outcome": "passed"
      }
    },
    {
      "nodeid": "tests/test_lock.py::TestLock::test_send_command_unauthenticated",
      "lineno": 172,
      "outcome": "passed",
      "keywords": [
        "test_send_command_unauthenticated",
        "asyncio",
        "pytestmark",
        "TestLock",
        "test_lock.py",
        "tests",
        "dknowles2@pyschlage__5c48dcd0__requests__treq",
        ""
      ],
      "setup": {
        "outcome": "passed"
      },
      "call": {
        "outcome": "passed"
      },
      "teardown": {
        "outcome": "passed"
      }
    },
    {
      "nodeid": "tests/test_lock.py::TestLock::test_lock_wifi",
      "lineno": 177,
      "outcome": "failed",
      "keywords": [
        "test_lock_wifi",
        "asyncio",
        "pytestmark",
        "TestLock",
        "test_lock.py",
        "tests",
        "dknowles2@pyschlage__5c48dcd0__requests__treq",
        ""
      ],
      "setup": {
        "outcome": "passed"
      },
      "call": {
        "outcome": "failed",
        "crash": {
          "path": "D:\\repos\\dknowles2@pyschlage__5c48dcd0__requests__treq\\pyschlage\\lock.py",
          "lineno": 211,
          "message": "AttributeError: 'coroutine' object has no attribute 'json'"
        },
        "traceback": [
          {
            "path": "tests\\test_lock.py",
            "lineno": 188,
            "message": ""
          },
          {
            "path": "pyschlage\\lock.py",
            "lineno": 235,
            "message": "in lock"
          },
          {
            "path": "pyschlage\\lock.py",
            "lineno": 217,
            "message": "in _toggle"
          },
          {
            "path": "pyschlage\\lock.py",
            "lineno": 211,
            "message": "AttributeError"
          }
        ],
        "longrepr": "self = <tests.test_lock.TestLock object at 0x000001B0F6541F70>\nmock_auth = <MagicMock spec_set='Auth' id='1859560709760'>\nwifi_lock_json = {'CAT': '01234', 'SAT': '98765', 'attributes': {'CAT': '01234', 'SAT': '98765', 'accessCodeLength': 4, 'actAlarmBuzzerEnabled': 0, ...}, 'connected': True, ...}\n\n    @pytest.mark.asyncio\n    async def test_lock_wifi(self, mock_auth, wifi_lock_json):\n        initial_json = deepcopy(wifi_lock_json)\n        initial_json[\"attributes\"][\"lockState\"] = 0\n        lock = Lock.from_json(mock_auth, initial_json)\n    \n        new_json = deepcopy(wifi_lock_json)\n        new_json[\"attributes\"][\"lockState\"] = 1\n    \n        mock_auth.request.return_value = Mock(json=Mock(return_value=new_json))\n>       await lock.lock()\n\ntests\\test_lock.py:188: \n_ _ _ _ _ _ _ _ _ _ _ _ _ _ _ _ _ _ _ _ _ _ _ _ _ _ _ _ _ _ _ _ _ _ _ _ _ _ _ _\npyschlage\\lock.py:235: in lock\n    await self._toggle(1)\npyschlage\\lock.py:217: in _toggle\n    self._put_attributes({\"lockState\": lock_state})\n_ _ _ _ _ _ _ _ _ _ _ _ _ _ _ _ _ _ _ _ _ _ _ _ _ _ _ _ _ _ _ _ _ _ _ _ _ _ _ _\n\nself = Lock(device_id='__wifi_uuid__', device_type='be489wifi', name='Door Lock', model_name='__model_name__', connected=True...ser(name='asdf', email='asdf@asdf.com'), 'foo-bar-uuid': User(name='Foo Bar', email='foo@bar.xyz')}, access_codes=None)\nattributes = {'lockState': 1}\n\n    def _put_attributes(self, attributes):\n        path = self.request_path(self.device_id)\n        json = {\"attributes\": attributes}\n        resp = self._auth.request(\"put\", path, json=json)\n>       self._update_with(resp.json())\nE       AttributeError: 'coroutine' object has no attribute 'json'\n\npyschlage\\lock.py:211: AttributeError"
      },
      "teardown": {
        "outcome": "passed"
      }
    },
    {
      "nodeid": "tests/test_lock.py::TestLock::test_unlock_wifi",
      "lineno": 194,
      "outcome": "failed",
      "keywords": [
        "test_unlock_wifi",
        "asyncio",
        "pytestmark",
        "TestLock",
        "test_lock.py",
        "tests",
        "dknowles2@pyschlage__5c48dcd0__requests__treq",
        ""
      ],
      "setup": {
        "outcome": "passed"
      },
      "call": {
        "outcome": "failed",
        "crash": {
          "path": "D:\\repos\\dknowles2@pyschlage__5c48dcd0__requests__treq\\pyschlage\\lock.py",
          "lineno": 211,
          "message": "AttributeError: 'coroutine' object has no attribute 'json'"
        },
        "traceback": [
          {
            "path": "tests\\test_lock.py",
            "lineno": 205,
            "message": ""
          },
          {
            "path": "pyschlage\\lock.py",
            "lineno": 243,
            "message": "in unlock"
          },
          {
            "path": "pyschlage\\lock.py",
            "lineno": 217,
            "message": "in _toggle"
          },
          {
            "path": "pyschlage\\lock.py",
            "lineno": 211,
            "message": "AttributeError"
          }
        ],
        "longrepr": "self = <tests.test_lock.TestLock object at 0x000001B0F6538E90>\nmock_auth = <MagicMock spec_set='Auth' id='1859558306640'>\nwifi_lock_json = {'CAT': '01234', 'SAT': '98765', 'attributes': {'CAT': '01234', 'SAT': '98765', 'accessCodeLength': 4, 'actAlarmBuzzerEnabled': 0, ...}, 'connected': True, ...}\n\n    @pytest.mark.asyncio\n    async def test_unlock_wifi(self, mock_auth, wifi_lock_json):\n        initial_json = deepcopy(wifi_lock_json)\n        initial_json[\"attributes\"][\"lockState\"] = 1\n        lock = Lock.from_json(mock_auth, initial_json)\n    \n        new_json = deepcopy(wifi_lock_json)\n        new_json[\"attributes\"][\"lockState\"] = 0\n    \n        mock_auth.request.return_value = Mock(json=Mock(return_value=new_json))\n>       await lock.unlock()\n\ntests\\test_lock.py:205: \n_ _ _ _ _ _ _ _ _ _ _ _ _ _ _ _ _ _ _ _ _ _ _ _ _ _ _ _ _ _ _ _ _ _ _ _ _ _ _ _\npyschlage\\lock.py:243: in unlock\n    await self._toggle(0)\npyschlage\\lock.py:217: in _toggle\n    self._put_attributes({\"lockState\": lock_state})\n_ _ _ _ _ _ _ _ _ _ _ _ _ _ _ _ _ _ _ _ _ _ _ _ _ _ _ _ _ _ _ _ _ _ _ _ _ _ _ _\n\nself = Lock(device_id='__wifi_uuid__', device_type='be489wifi', name='Door Lock', model_name='__model_name__', connected=True...ser(name='asdf', email='asdf@asdf.com'), 'foo-bar-uuid': User(name='Foo Bar', email='foo@bar.xyz')}, access_codes=None)\nattributes = {'lockState': 0}\n\n    def _put_attributes(self, attributes):\n        path = self.request_path(self.device_id)\n        json = {\"attributes\": attributes}\n        resp = self._auth.request(\"put\", path, json=json)\n>       self._update_with(resp.json())\nE       AttributeError: 'coroutine' object has no attribute 'json'\n\npyschlage\\lock.py:211: AttributeError"
      },
      "teardown": {
        "outcome": "passed"
      }
    },
    {
      "nodeid": "tests/test_lock.py::TestLock::test_lock_ble",
      "lineno": 211,
      "outcome": "passed",
      "keywords": [
        "test_lock_ble",
        "asyncio",
        "pytestmark",
        "TestLock",
        "test_lock.py",
        "tests",
        "dknowles2@pyschlage__5c48dcd0__requests__treq",
        ""
      ],
      "setup": {
        "outcome": "passed"
      },
      "call": {
        "outcome": "passed"
      },
      "teardown": {
        "outcome": "passed"
      }
    },
    {
      "nodeid": "tests/test_lock.py::TestLock::test_unlock_ble",
      "lineno": 233,
      "outcome": "passed",
      "keywords": [
        "test_unlock_ble",
        "asyncio",
        "pytestmark",
        "TestLock",
        "test_lock.py",
        "tests",
        "dknowles2@pyschlage__5c48dcd0__requests__treq",
        ""
      ],
      "setup": {
        "outcome": "passed"
      },
      "call": {
        "outcome": "passed"
      },
      "teardown": {
        "outcome": "passed"
      }
    },
    {
      "nodeid": "tests/test_lock.py::TestLock::test_logs",
      "lineno": 255,
      "outcome": "failed",
      "keywords": [
        "test_logs",
        "TestLock",
        "test_lock.py",
        "tests",
        "dknowles2@pyschlage__5c48dcd0__requests__treq",
        ""
      ],
      "setup": {
        "outcome": "passed"
      },
      "call": {
        "outcome": "failed",
        "crash": {
          "path": "D:\\repos\\dknowles2@pyschlage__5c48dcd0__requests__treq\\pyschlage\\lock.py",
          "lineno": 310,
          "message": "AttributeError: 'coroutine' object has no attribute 'json'"
        },
        "traceback": [
          {
            "path": "tests\\test_lock.py",
            "lineno": 267,
            "message": ""
          },
          {
            "path": "pyschlage\\lock.py",
            "lineno": 310,
            "message": "AttributeError"
          }
        ],
        "longrepr": "self = <tests.test_lock.TestLock object at 0x000001B0F6539760>\nmock_auth = <MagicMock spec_set='Auth' id='1859559568832'>\nwifi_lock = Lock(device_id='__wifi_uuid__', device_type='be489wifi', name='Door Lock', model_name='__model_name__', connected=True...ccess_code_uuid__': AccessCode(name='Friendly name', code='0123', schedule=None, notify_on_use=False, disabled=False)})\nlog_json = {'createdAt': '2023-03-01T17:26:47.366Z', 'deviceId': '__device_uuid__', 'logId': '__log_uuid__', 'message': {'accessorUuid': 'ffffffff-ffff-ffff-ffff-ffffffffffff', 'action': 2, 'clientId': None, 'eventCode': 9999, ...}, ...}\nlock_log = LockLog(created_at=datetime.datetime(2023, 3, 1, 10, 26, 47, 366000), message='Unknown', accessor_id=None, access_code_id=None)\n\n    def test_logs(\n        self,\n        mock_auth: Mock,\n        wifi_lock: Lock,\n        log_json: dict[str, Any],\n        lock_log: LockLog,\n    ):\n        with pytest.raises(NotAuthenticatedError):\n            Lock().logs()\n    \n        mock_auth.request.return_value = Mock(json=Mock(return_value=[log_json]))\n>       assert wifi_lock.logs(limit=10, sort_desc=True) == [lock_log]\n\ntests\\test_lock.py:267: \n_ _ _ _ _ _ _ _ _ _ _ _ _ _ _ _ _ _ _ _ _ _ _ _ _ _ _ _ _ _ _ _ _ _ _ _ _ _ _ _\n\nself = Lock(device_id='__wifi_uuid__', device_type='be489wifi', name='Door Lock', model_name='__model_name__', connected=True...ccess_code_uuid__': AccessCode(name='Friendly name', code='0123', schedule=None, notify_on_use=False, disabled=False)})\nlimit = 10, sort_desc = True\n\n    def logs(self, limit: int | None = None, sort_desc: bool = False) -> list[LockLog]:\n        \"\"\"Fetches activity logs for the lock.\n    \n        :param limit: The number of log entries to return.\n        :type limit: int | None\n        :param sort_desc: Whether to sort entries in descending order.\n        :type sort_desc: bool (defaults to `False`)\n        :rtype: list[pyschlage.log.LockLog]\n        :raise pyschlage.exceptions.NotAuthorizedError: When authentication fails.\n        :raise pyschlage.exceptions.UnknownError: On other errors.\n        \"\"\"\n        if not self._auth:\n            raise NotAuthenticatedError\n        path = LockLog.request_path(self.device_id)\n        params: dict[str, Any] = {}\n        if limit:\n            params[\"limit\"] = limit\n        if sort_desc:\n            params[\"sort\"] = \"desc\"\n        resp = self._auth.request(\"get\", path, params=params)\n>       return [LockLog.from_json(lock_log) for lock_log in resp.json()]\nE       AttributeError: 'coroutine' object has no attribute 'json'\n\npyschlage\\lock.py:310: AttributeError"
      },
      "teardown": {
        "outcome": "passed"
      }
    },
    {
      "nodeid": "tests/test_lock.py::TestLock::test_refresh_access_codes",
      "lineno": 278,
      "outcome": "failed",
      "keywords": [
        "test_refresh_access_codes",
        "TestLock",
        "test_lock.py",
        "tests",
        "dknowles2@pyschlage__5c48dcd0__requests__treq",
        ""
      ],
      "setup": {
        "outcome": "passed"
      },
      "call": {
        "outcome": "failed",
        "crash": {
          "path": "D:\\repos\\dknowles2@pyschlage__5c48dcd0__requests__treq\\pyschlage\\lock.py",
          "lineno": 357,
          "message": "AttributeError: 'coroutine' object has no attribute 'json'"
        },
        "traceback": [
          {
            "path": "tests\\test_lock.py",
            "lineno": 295,
            "message": ""
          },
          {
            "path": "pyschlage\\lock.py",
            "lineno": 319,
            "message": "in refresh_access_codes"
          },
          {
            "path": "pyschlage\\lock.py",
            "lineno": 335,
            "message": "in _get_access_codes"
          },
          {
            "path": "pyschlage\\lock.py",
            "lineno": 357,
            "message": "AttributeError"
          }
        ],
        "longrepr": "self = <tests.test_lock.TestLock object at 0x000001B0F65388C0>\nmock_auth = <MagicMock spec_set='Auth' id='1859560073856'>\nlock_json = {'CAT': '01234', 'SAT': '98765', 'attributes': {'CAT': '01234', 'SAT': '98765', 'accessCodeLength': 4, 'actAlarmBuzzerEnabled': 0, ...}, 'connected': True, ...}\naccess_code_json = {'accessCode': 123, 'accessCodeLength': 4, 'accesscodeId': '__access_code_uuid__', 'activationSecs': 0, ...}\nnotification_json = {'active': True, 'createdAt': '2023-03-01T17:26:47.366Z', 'deviceId': '__wifi_uuid__', 'devicetypeId': 'be489wifi', ...}\nnotification = Notification(notification_id='<user-id>___access_code_uuid__', user_id='<user-id>', device_id='__wifi_uuid__', device_...nfo=datetime.timezone.utc), updated_at=datetime.datetime(2023, 3, 1, 17, 26, 47, 366000, tzinfo=datetime.timezone.utc))\n\n    def test_refresh_access_codes(\n        self,\n        mock_auth: Mock,\n        lock_json: dict[str, Any],\n        access_code_json: dict[str, Any],\n        notification_json: dict[str, Any],\n        notification: Notification,\n    ) -> None:\n        with pytest.raises(NotAuthenticatedError):\n            Lock().refresh_access_codes()\n        lock = Lock.from_json(mock_auth, lock_json)\n    \n        mock_auth.request.side_effect = [\n            Mock(json=Mock(return_value=[notification_json])),\n            Mock(json=Mock(return_value=[access_code_json])),\n        ]\n>       lock.refresh_access_codes()\n\ntests\\test_lock.py:295: \n_ _ _ _ _ _ _ _ _ _ _ _ _ _ _ _ _ _ _ _ _ _ _ _ _ _ _ _ _ _ _ _ _ _ _ _ _ _ _ _\npyschlage\\lock.py:319: in refresh_access_codes\n    for code in self._get_access_codes():\npyschlage\\lock.py:335: in _get_access_codes\n    for notification in self._get_notifications():\n_ _ _ _ _ _ _ _ _ _ _ _ _ _ _ _ _ _ _ _ _ _ _ _ _ _ _ _ _ _ _ _ _ _ _ _ _ _ _ _\n\nself = Lock(device_id='__wifi_uuid__', device_type='be489wifi', name='Door Lock', model_name='__model_name__', connected=True... User(name='asdf', email='asdf@asdf.com'), 'foo-bar-uuid': User(name='Foo Bar', email='foo@bar.xyz')}, access_codes={})\n\n    def _get_notifications(self) -> Iterable[Notification]:\n        if not self._auth:\n            raise NotAuthenticatedError  # pragma: no cover\n        path = Notification.request_path()\n        params = {\"deviceId\": self.device_id}\n        resp = self._auth.request(\"get\", path, params=params)\n>       for notification_json in resp.json():\nE       AttributeError: 'coroutine' object has no attribute 'json'\n\npyschlage\\lock.py:357: AttributeError"
      },
      "teardown": {
        "outcome": "passed"
      }
    },
    {
      "nodeid": "tests/test_lock.py::TestLock::test_add_access_code",
      "lineno": 310,
      "outcome": "failed",
      "keywords": [
        "test_add_access_code",
        "asyncio",
        "pytestmark",
        "TestLock",
        "test_lock.py",
        "tests",
        "dknowles2@pyschlage__5c48dcd0__requests__treq",
        ""
      ],
      "setup": {
        "outcome": "passed"
      },
      "call": {
        "outcome": "failed",
        "crash": {
          "path": "D:\\repos\\dknowles2@pyschlage__5c48dcd0__requests__treq\\pyschlage\\notification.py",
          "lineno": 82,
          "message": "AttributeError: 'coroutine' object has no attribute 'json'"
        },
        "traceback": [
          {
            "path": "tests\\test_lock.py",
            "lineno": 333,
            "message": ""
          },
          {
            "path": "pyschlage\\lock.py",
            "lineno": 372,
            "message": "in add_access_code"
          },
          {
            "path": "pyschlage\\code.py",
            "lineno": 269,
            "message": "in save"
          },
          {
            "path": "pyschlage\\notification.py",
            "lineno": 82,
            "message": "AttributeError"
          }
        ],
        "longrepr": "self = <tests.test_lock.TestLock object at 0x000001B0F6538B00>\nmock_auth = <MagicMock spec_set='Auth' id='1859559134784'>\nlock_json = {'CAT': '01234', 'SAT': '98765', 'attributes': {'CAT': '01234', 'SAT': '98765', 'accessCodeLength': 4, 'actAlarmBuzzerEnabled': 0, ...}, 'connected': True, ...}\naccess_code_json = {'accessCode': 123, 'accessCodeLength': 4, 'accesscodeId': '__access_code_uuid__', 'activationSecs': 0, ...}\nnotification_json = {'active': False, 'createdAt': '2023-03-01T17:26:47.366Z', 'deviceId': '__wifi_uuid__', 'devicetypeId': 'be489wifi', ...}\n\n    @pytest.mark.asyncio\n    async def test_add_access_code(\n        self,\n        mock_auth: Mock,\n        lock_json: dict[str, Any],\n        access_code_json: dict[str, Any],\n        notification_json: dict[str, Any],\n    ):\n        lock = Lock.from_json(mock_auth, lock_json)\n        code = AccessCode.from_json(mock_auth, lock, access_code_json)\n        # Users should not set these.\n        code._auth = None\n        code._device = None\n        code.access_code_id = None\n        code.device_id = None\n        json = code.to_json()\n    \n        notification_json[\"active\"] = False\n        mock_auth.request.side_effect = [\n            Mock(json=Mock(return_value=access_code_json)),\n            Mock(json=Mock(return_value=notification_json)),\n        ]\n>       await lock.add_access_code(code)\n\ntests\\test_lock.py:333: \n_ _ _ _ _ _ _ _ _ _ _ _ _ _ _ _ _ _ _ _ _ _ _ _ _ _ _ _ _ _ _ _ _ _ _ _ _ _ _ _\npyschlage\\lock.py:372: in add_access_code\n    await code.save()\npyschlage\\code.py:269: in save\n    self._notification.save()\n_ _ _ _ _ _ _ _ _ _ _ _ _ _ _ _ _ _ _ _ _ _ _ _ _ _ _ _ _ _ _ _ _ _ _ _ _ _ _ _\n\nself = Notification(notification_id='<user-id>___access_code_uuid__', user_id='<user-id>', device_id='__wifi_uuid__', device_... notification_type='onunlockstateaction', active=False, filter_value='Friendly name', created_at=None, updated_at=None)\n\n    def save(self):\n        \"\"\"Saves the Notification.\"\"\"\n        if not self._auth:\n            raise NotAuthenticatedError\n        method = \"put\" if self.created_at else \"post\"\n        path = self.request_path(self.notification_id)\n        resp = self._auth.request(method, path, self.to_json())\n>       self._update_with(resp.json())\nE       AttributeError: 'coroutine' object has no attribute 'json'\n\npyschlage\\notification.py:82: AttributeError"
      },
      "teardown": {
        "outcome": "passed"
      }
    },
    {
      "nodeid": "tests/test_lock.py::TestLock::test_set_beeper",
      "lineno": 354,
      "outcome": "failed",
      "keywords": [
        "test_set_beeper",
        "TestLock",
        "test_lock.py",
        "tests",
        "dknowles2@pyschlage__5c48dcd0__requests__treq",
        ""
      ],
      "setup": {
        "outcome": "passed"
      },
      "call": {
        "outcome": "failed",
        "crash": {
          "path": "D:\\repos\\dknowles2@pyschlage__5c48dcd0__requests__treq\\pyschlage\\lock.py",
          "lineno": 211,
          "message": "AttributeError: 'coroutine' object has no attribute 'json'"
        },
        "traceback": [
          {
            "path": "tests\\test_lock.py",
            "lineno": 361,
            "message": ""
          },
          {
            "path": "pyschlage\\lock.py",
            "lineno": 376,
            "message": "in set_beeper"
          },
          {
            "path": "pyschlage\\lock.py",
            "lineno": 211,
            "message": "AttributeError"
          }
        ],
        "longrepr": "self = <tests.test_lock.TestLock object at 0x000001B0F6542AB0>\nmock_auth = <MagicMock spec_set='Auth' id='1859558536928'>\nwifi_lock_json = {'CAT': '01234', 'SAT': '98765', 'attributes': {'CAT': '01234', 'SAT': '98765', 'accessCodeLength': 4, 'actAlarmBuzzerEnabled': 0, ...}, 'connected': True, ...}\nwifi_lock = Lock(device_id='__wifi_uuid__', device_type='be489wifi', name='Door Lock', model_name='__model_name__', connected=True...ccess_code_uuid__': AccessCode(name='Friendly name', code='0123', schedule=None, notify_on_use=False, disabled=False)})\n\n    def test_set_beeper(\n        self, mock_auth: Mock, wifi_lock_json: dict[str, Any], wifi_lock: Lock\n    ) -> None:\n        assert wifi_lock.beeper_enabled\n        wifi_lock_json[\"attributes\"][\"beeperEnabled\"] = 0\n        mock_auth.request.return_value = Mock(json=Mock(return_value=wifi_lock_json))\n>       wifi_lock.set_beeper(False)\n\ntests\\test_lock.py:361: \n_ _ _ _ _ _ _ _ _ _ _ _ _ _ _ _ _ _ _ _ _ _ _ _ _ _ _ _ _ _ _ _ _ _ _ _ _ _ _ _\npyschlage\\lock.py:376: in set_beeper\n    self._put_attributes({\"beeperEnabled\": 1 if enabled else 0})\n_ _ _ _ _ _ _ _ _ _ _ _ _ _ _ _ _ _ _ _ _ _ _ _ _ _ _ _ _ _ _ _ _ _ _ _ _ _ _ _\n\nself = Lock(device_id='__wifi_uuid__', device_type='be489wifi', name='Door Lock', model_name='__model_name__', connected=True...ccess_code_uuid__': AccessCode(name='Friendly name', code='0123', schedule=None, notify_on_use=False, disabled=False)})\nattributes = {'beeperEnabled': 0}\n\n    def _put_attributes(self, attributes):\n        path = self.request_path(self.device_id)\n        json = {\"attributes\": attributes}\n        resp = self._auth.request(\"put\", path, json=json)\n>       self._update_with(resp.json())\nE       AttributeError: 'coroutine' object has no attribute 'json'\n\npyschlage\\lock.py:211: AttributeError"
      },
      "teardown": {
        "outcome": "passed"
      }
    },
    {
      "nodeid": "tests/test_lock.py::TestLock::test_set_lock_and_leave",
      "lineno": 366,
      "outcome": "failed",
      "keywords": [
        "test_set_lock_and_leave",
        "TestLock",
        "test_lock.py",
        "tests",
        "dknowles2@pyschlage__5c48dcd0__requests__treq",
        ""
      ],
      "setup": {
        "outcome": "passed"
      },
      "call": {
        "outcome": "failed",
        "crash": {
          "path": "D:\\repos\\dknowles2@pyschlage__5c48dcd0__requests__treq\\pyschlage\\lock.py",
          "lineno": 211,
          "message": "AttributeError: 'coroutine' object has no attribute 'json'"
        },
        "traceback": [
          {
            "path": "tests\\test_lock.py",
            "lineno": 373,
            "message": ""
          },
          {
            "path": "pyschlage\\lock.py",
            "lineno": 380,
            "message": "in set_lock_and_leave"
          },
          {
            "path": "pyschlage\\lock.py",
            "lineno": 211,
            "message": "AttributeError"
          }
        ],
        "longrepr": "self = <tests.test_lock.TestLock object at 0x000001B0F6543050>\nmock_auth = <MagicMock spec_set='Auth' id='1859560153664'>\nwifi_lock_json = {'CAT': '01234', 'SAT': '98765', 'attributes': {'CAT': '01234', 'SAT': '98765', 'accessCodeLength': 4, 'actAlarmBuzzerEnabled': 0, ...}, 'connected': True, ...}\nwifi_lock = Lock(device_id='__wifi_uuid__', device_type='be489wifi', name='Door Lock', model_name='__model_name__', connected=True...ccess_code_uuid__': AccessCode(name='Friendly name', code='0123', schedule=None, notify_on_use=False, disabled=False)})\n\n    def test_set_lock_and_leave(\n        self, mock_auth: Mock, wifi_lock_json: dict[str, Any], wifi_lock: Lock\n    ) -> None:\n        assert wifi_lock.lock_and_leave_enabled\n        wifi_lock_json[\"attributes\"][\"lockAndLeaveEnabled\"] = 0\n        mock_auth.request.return_value = Mock(json=Mock(return_value=wifi_lock_json))\n>       wifi_lock.set_lock_and_leave(False)\n\ntests\\test_lock.py:373: \n_ _ _ _ _ _ _ _ _ _ _ _ _ _ _ _ _ _ _ _ _ _ _ _ _ _ _ _ _ _ _ _ _ _ _ _ _ _ _ _\npyschlage\\lock.py:380: in set_lock_and_leave\n    self._put_attributes({\"lockAndLeaveEnabled\": 1 if enabled else 0})\n_ _ _ _ _ _ _ _ _ _ _ _ _ _ _ _ _ _ _ _ _ _ _ _ _ _ _ _ _ _ _ _ _ _ _ _ _ _ _ _\n\nself = Lock(device_id='__wifi_uuid__', device_type='be489wifi', name='Door Lock', model_name='__model_name__', connected=True...ccess_code_uuid__': AccessCode(name='Friendly name', code='0123', schedule=None, notify_on_use=False, disabled=False)})\nattributes = {'lockAndLeaveEnabled': 0}\n\n    def _put_attributes(self, attributes):\n        path = self.request_path(self.device_id)\n        json = {\"attributes\": attributes}\n        resp = self._auth.request(\"put\", path, json=json)\n>       self._update_with(resp.json())\nE       AttributeError: 'coroutine' object has no attribute 'json'\n\npyschlage\\lock.py:211: AttributeError"
      },
      "teardown": {
        "outcome": "passed"
      }
    },
    {
      "nodeid": "tests/test_lock.py::TestLock::test_set_auto_lock_time",
      "lineno": 380,
      "outcome": "failed",
      "keywords": [
        "test_set_auto_lock_time",
        "TestLock",
        "test_lock.py",
        "tests",
        "dknowles2@pyschlage__5c48dcd0__requests__treq",
        ""
      ],
      "setup": {
        "outcome": "passed"
      },
      "call": {
        "outcome": "failed",
        "crash": {
          "path": "D:\\repos\\dknowles2@pyschlage__5c48dcd0__requests__treq\\pyschlage\\lock.py",
          "lineno": 211,
          "message": "AttributeError: 'coroutine' object has no attribute 'json'"
        },
        "traceback": [
          {
            "path": "tests\\test_lock.py",
            "lineno": 390,
            "message": ""
          },
          {
            "path": "pyschlage\\lock.py",
            "lineno": 389,
            "message": "in set_auto_lock_time"
          },
          {
            "path": "pyschlage\\lock.py",
            "lineno": 211,
            "message": "AttributeError"
          }
        ],
        "longrepr": "self = <tests.test_lock.TestLock object at 0x000001B0F6538710>\nmock_auth = <MagicMock spec_set='Auth' id='1859559515312'>\nwifi_lock_json = {'CAT': '01234', 'SAT': '98765', 'attributes': {'CAT': '01234', 'SAT': '98765', 'accessCodeLength': 4, 'actAlarmBuzzerEnabled': 0, ...}, 'connected': True, ...}\nwifi_lock = Lock(device_id='__wifi_uuid__', device_type='be489wifi', name='Door Lock', model_name='__model_name__', connected=True...ccess_code_uuid__': AccessCode(name='Friendly name', code='0123', schedule=None, notify_on_use=False, disabled=False)})\n\n    def test_set_auto_lock_time(\n        self, mock_auth: Mock, wifi_lock_json: dict[str, Any], wifi_lock: Lock\n    ) -> None:\n        with pytest.raises(ValueError):\n            wifi_lock.set_auto_lock_time(1)\n    \n        assert wifi_lock.auto_lock_time == 0\n        wifi_lock_json[\"attributes\"][\"autoLockTime\"] = 15\n        mock_auth.request.return_value = Mock(json=Mock(return_value=wifi_lock_json))\n>       wifi_lock.set_auto_lock_time(15)\n\ntests\\test_lock.py:390: \n_ _ _ _ _ _ _ _ _ _ _ _ _ _ _ _ _ _ _ _ _ _ _ _ _ _ _ _ _ _ _ _ _ _ _ _ _ _ _ _\npyschlage\\lock.py:389: in set_auto_lock_time\n    self._put_attributes({\"autoLockTime\": auto_lock_time})\n_ _ _ _ _ _ _ _ _ _ _ _ _ _ _ _ _ _ _ _ _ _ _ _ _ _ _ _ _ _ _ _ _ _ _ _ _ _ _ _\n\nself = Lock(device_id='__wifi_uuid__', device_type='be489wifi', name='Door Lock', model_name='__model_name__', connected=True...ccess_code_uuid__': AccessCode(name='Friendly name', code='0123', schedule=None, notify_on_use=False, disabled=False)})\nattributes = {'autoLockTime': 15}\n\n    def _put_attributes(self, attributes):\n        path = self.request_path(self.device_id)\n        json = {\"attributes\": attributes}\n        resp = self._auth.request(\"put\", path, json=json)\n>       self._update_with(resp.json())\nE       AttributeError: 'coroutine' object has no attribute 'json'\n\npyschlage\\lock.py:211: AttributeError"
      },
      "teardown": {
        "outcome": "passed"
      }
    },
    {
      "nodeid": "tests/test_lock.py::TestKeypadDisabled::test_true",
      "lineno": 399,
      "outcome": "passed",
      "keywords": [
        "test_true",
        "TestKeypadDisabled",
        "test_lock.py",
        "tests",
        "dknowles2@pyschlage__5c48dcd0__requests__treq",
        ""
      ],
      "setup": {
        "outcome": "passed"
      },
      "call": {
        "outcome": "passed"
      },
      "teardown": {
        "outcome": "passed"
      }
    },
    {
      "nodeid": "tests/test_lock.py::TestKeypadDisabled::test_true_unsorted",
      "lineno": 412,
      "outcome": "passed",
      "keywords": [
        "test_true_unsorted",
        "TestKeypadDisabled",
        "test_lock.py",
        "tests",
        "dknowles2@pyschlage__5c48dcd0__requests__treq",
        ""
      ],
      "setup": {
        "outcome": "passed"
      },
      "call": {
        "outcome": "passed"
      },
      "teardown": {
        "outcome": "passed"
      }
    },
    {
      "nodeid": "tests/test_lock.py::TestKeypadDisabled::test_false",
      "lineno": 425,
      "outcome": "passed",
      "keywords": [
        "test_false",
        "TestKeypadDisabled",
        "test_lock.py",
        "tests",
        "dknowles2@pyschlage__5c48dcd0__requests__treq",
        ""
      ],
      "setup": {
        "outcome": "passed"
      },
      "call": {
        "outcome": "passed"
      },
      "teardown": {
        "outcome": "passed"
      }
    },
    {
      "nodeid": "tests/test_lock.py::TestKeypadDisabled::test_fetches_logs",
      "lineno": 438,
      "outcome": "passed",
      "keywords": [
        "test_fetches_logs",
        "TestKeypadDisabled",
        "test_lock.py",
        "tests",
        "dknowles2@pyschlage__5c48dcd0__requests__treq",
        ""
      ],
      "setup": {
        "outcome": "passed"
      },
      "call": {
        "outcome": "passed"
      },
      "teardown": {
        "outcome": "passed"
      }
    },
    {
      "nodeid": "tests/test_lock.py::TestKeypadDisabled::test_fetches_logs_no_logs",
      "lineno": 453,
      "outcome": "passed",
      "keywords": [
        "test_fetches_logs_no_logs",
        "TestKeypadDisabled",
        "test_lock.py",
        "tests",
        "dknowles2@pyschlage__5c48dcd0__requests__treq",
        ""
      ],
      "setup": {
        "outcome": "passed"
      },
      "call": {
        "outcome": "passed"
      },
      "teardown": {
        "outcome": "passed"
      }
    },
    {
      "nodeid": "tests/test_lock.py::TestChangedBy::test_thumbturn",
      "lineno": 461,
      "outcome": "passed",
      "keywords": [
        "test_thumbturn",
        "TestChangedBy",
        "test_lock.py",
        "tests",
        "dknowles2@pyschlage__5c48dcd0__requests__treq",
        ""
      ],
      "setup": {
        "outcome": "passed"
      },
      "call": {
        "outcome": "passed"
      },
      "teardown": {
        "outcome": "passed"
      }
    },
    {
      "nodeid": "tests/test_lock.py::TestChangedBy::test_one_touch_locking",
      "lineno": 466,
      "outcome": "passed",
      "keywords": [
        "test_one_touch_locking",
        "TestChangedBy",
        "test_lock.py",
        "tests",
        "dknowles2@pyschlage__5c48dcd0__requests__treq",
        ""
      ],
      "setup": {
        "outcome": "passed"
      },
      "call": {
        "outcome": "passed"
      },
      "teardown": {
        "outcome": "passed"
      }
    },
    {
      "nodeid": "tests/test_lock.py::TestChangedBy::test_nfc_device",
      "lineno": 471,
      "outcome": "passed",
      "keywords": [
        "test_nfc_device",
        "TestChangedBy",
        "test_lock.py",
        "tests",
        "dknowles2@pyschlage__5c48dcd0__requests__treq",
        ""
      ],
      "setup": {
        "outcome": "passed"
      },
      "call": {
        "outcome": "passed"
      },
      "teardown": {
        "outcome": "passed"
      }
    },
    {
      "nodeid": "tests/test_lock.py::TestChangedBy::test_nfc_device_no_uuid",
      "lineno": 477,
      "outcome": "passed",
      "keywords": [
        "test_nfc_device_no_uuid",
        "TestChangedBy",
        "test_lock.py",
        "tests",
        "dknowles2@pyschlage__5c48dcd0__requests__treq",
        ""
      ],
      "setup": {
        "outcome": "passed"
      },
      "call": {
        "outcome": "passed"
      },
      "teardown": {
        "outcome": "passed"
      }
    },
    {
      "nodeid": "tests/test_lock.py::TestChangedBy::test_keypad",
      "lineno": 483,
      "outcome": "passed",
      "keywords": [
        "test_keypad",
        "TestChangedBy",
        "test_lock.py",
        "tests",
        "dknowles2@pyschlage__5c48dcd0__requests__treq",
        ""
      ],
      "setup": {
        "outcome": "passed"
      },
      "call": {
        "outcome": "passed"
      },
      "teardown": {
        "outcome": "passed"
      }
    },
    {
      "nodeid": "tests/test_lock.py::TestChangedBy::test_mobile_device",
      "lineno": 489,
      "outcome": "passed",
      "keywords": [
        "test_mobile_device",
        "TestChangedBy",
        "test_lock.py",
        "tests",
        "dknowles2@pyschlage__5c48dcd0__requests__treq",
        ""
      ],
      "setup": {
        "outcome": "passed"
      },
      "call": {
        "outcome": "passed"
      },
      "teardown": {
        "outcome": "passed"
      }
    },
    {
      "nodeid": "tests/test_lock.py::TestChangedBy::test_unknown",
      "lineno": 501,
      "outcome": "passed",
      "keywords": [
        "test_unknown",
        "TestChangedBy",
        "test_lock.py",
        "tests",
        "dknowles2@pyschlage__5c48dcd0__requests__treq",
        ""
      ],
      "setup": {
        "outcome": "passed"
      },
      "call": {
        "outcome": "passed"
      },
      "teardown": {
        "outcome": "passed"
      }
    },
    {
      "nodeid": "tests/test_lock.py::TestChangedBy::test_no_metadata",
      "lineno": 504,
      "outcome": "passed",
      "keywords": [
        "test_no_metadata",
        "TestChangedBy",
        "test_lock.py",
        "tests",
        "dknowles2@pyschlage__5c48dcd0__requests__treq",
        ""
      ],
      "setup": {
        "outcome": "passed"
      },
      "call": {
        "outcome": "passed"
      },
      "teardown": {
        "outcome": "passed"
      }
    },
    {
      "nodeid": "tests/test_log.py::TestFromJson::test_unlocked_by_thumbturn",
      "lineno": 8,
      "outcome": "failed",
      "keywords": [
        "test_unlocked_by_thumbturn",
        "TestFromJson",
        "test_log.py",
        "tests",
        "dknowles2@pyschlage__5c48dcd0__requests__treq",
        ""
      ],
      "setup": {
        "outcome": "passed"
      },
      "call": {
        "outcome": "failed",
        "crash": {
          "path": "D:\\repos\\dknowles2@pyschlage__5c48dcd0__requests__treq\\tests\\test_log.py",
          "lineno": 17,
          "message": "AssertionError: assert LockLog(creat..._code_id=None) == LockLog(creat..._code_id=None)\n  \n  Omitting 3 identical items, use -vv to show\n  Differing attributes:\n  ['created_at']\n  \n  Drill down into differing attribute created_at:\n    created_at: datetime.datetime(2023, 3, 1, 10, 26, 47, 366000) != datetime.datetime(2023, 3, 1, 17, 26, 47, 366000)"
        },
        "traceback": [
          {
            "path": "tests\\test_log.py",
            "lineno": 17,
            "message": "AssertionError"
          }
        ],
        "longrepr": "self = <tests.test_log.TestFromJson object at 0x000001B0F65364E0>\nlog_json = {'createdAt': '2023-03-01T17:26:47.366Z', 'deviceId': '__device_uuid__', 'logId': '__log_uuid__', 'message': {'accessorUuid': 'ffffffff-ffff-ffff-ffff-ffffffffffff', 'action': 2, 'clientId': None, 'eventCode': 4, ...}, ...}\n\n    def test_unlocked_by_thumbturn(self, log_json):\n        log_json[\"message\"][\"eventCode\"] = 4\n        lock_log = LockLog(\n            created_at=datetime(2023, 3, 1, 17, 26, 47, 366000),\n            accessor_id=None,\n            access_code_id=None,\n            message=\"Unlocked by thumbturn\",\n        )\n>       assert LockLog.from_json(log_json) == lock_log\nE       AssertionError: assert LockLog(creat..._code_id=None) == LockLog(creat..._code_id=None)\nE         \nE         Omitting 3 identical items, use -vv to show\nE         Differing attributes:\nE         ['created_at']\nE         \nE         Drill down into differing attribute created_at:\nE           created_at: datetime.datetime(2023, 3, 1, 10, 26, 47, 366000) != datetime.datetime(2023, 3, 1, 17, 26, 47, 366000)\n\ntests\\test_log.py:17: AssertionError"
      },
      "teardown": {
        "outcome": "passed"
      }
    },
    {
      "nodeid": "tests/test_log.py::TestFromJson::test_unlocked_by_keypad",
      "lineno": 18,
      "outcome": "failed",
      "keywords": [
        "test_unlocked_by_keypad",
        "TestFromJson",
        "test_log.py",
        "tests",
        "dknowles2@pyschlage__5c48dcd0__requests__treq",
        ""
      ],
      "setup": {
        "outcome": "passed"
      },
      "call": {
        "outcome": "failed",
        "crash": {
          "path": "D:\\repos\\dknowles2@pyschlage__5c48dcd0__requests__treq\\tests\\test_log.py",
          "lineno": 32,
          "message": "AssertionError: assert LockLog(creat...ss-code-id__') == LockLog(creat...ss-code-id__')\n  \n  Omitting 3 identical items, use -vv to show\n  Differing attributes:\n  ['created_at']\n  \n  Drill down into differing attribute created_at:\n    created_at: datetime.datetime(2023, 3, 1, 10, 26, 47, 366000) != datetime.datetime(2023, 3, 1, 17, 26, 47, 366000)"
        },
        "traceback": [
          {
            "path": "tests\\test_log.py",
            "lineno": 32,
            "message": "AssertionError"
          }
        ],
        "longrepr": "self = <tests.test_log.TestFromJson object at 0x000001B0F6535A90>\nlog_json = {'createdAt': '2023-03-01T17:26:47.366Z', 'deviceId': '__device_uuid__', 'logId': '__log_uuid__', 'message': {'accessorUuid': 'ffffffff-ffff-ffff-ffff-ffffffffffff', 'action': 2, 'clientId': None, 'eventCode': 2, ...}, ...}\n\n    def test_unlocked_by_keypad(self, log_json):\n        log_json[\"message\"].update(\n            {\n                \"eventCode\": 2,\n                \"keypadUuid\": \"__access-code-id__\",\n            }\n        )\n        lock_log = LockLog(\n            created_at=datetime(2023, 3, 1, 17, 26, 47, 366000),\n            accessor_id=None,\n            access_code_id=\"__access-code-id__\",\n            message=\"Unlocked by keypad\",\n        )\n>       assert LockLog.from_json(log_json) == lock_log\nE       AssertionError: assert LockLog(creat...ss-code-id__') == LockLog(creat...ss-code-id__')\nE         \nE         Omitting 3 identical items, use -vv to show\nE         Differing attributes:\nE         ['created_at']\nE         \nE         Drill down into differing attribute created_at:\nE           created_at: datetime.datetime(2023, 3, 1, 10, 26, 47, 366000) != datetime.datetime(2023, 3, 1, 17, 26, 47, 366000)\n\ntests\\test_log.py:32: AssertionError"
      },
      "teardown": {
        "outcome": "passed"
      }
    },
    {
      "nodeid": "tests/test_log.py::TestFromJson::test_unlocked_by_mobile_device",
      "lineno": 33,
      "outcome": "failed",
      "keywords": [
        "test_unlocked_by_mobile_device",
        "TestFromJson",
        "test_log.py",
        "tests",
        "dknowles2@pyschlage__5c48dcd0__requests__treq",
        ""
      ],
      "setup": {
        "outcome": "passed"
      },
      "call": {
        "outcome": "failed",
        "crash": {
          "path": "D:\\repos\\dknowles2@pyschlage__5c48dcd0__requests__treq\\tests\\test_log.py",
          "lineno": 47,
          "message": "AssertionError: assert LockLog(creat..._code_id=None) == LockLog(creat..._code_id=None)\n  \n  Omitting 3 identical items, use -vv to show\n  Differing attributes:\n  ['created_at']\n  \n  Drill down into differing attribute created_at:\n    created_at: datetime.datetime(2023, 3, 1, 10, 26, 47, 366000) != datetime.datetime(2023, 3, 1, 17, 26, 47, 366000)"
        },
        "traceback": [
          {
            "path": "tests\\test_log.py",
            "lineno": 47,
            "message": "AssertionError"
          }
        ],
        "longrepr": "self = <tests.test_log.TestFromJson object at 0x000001B0F65350D0>\nlog_json = {'createdAt': '2023-03-01T17:26:47.366Z', 'deviceId': '__device_uuid__', 'logId': '__log_uuid__', 'message': {'accessorUuid': '__user-id__', 'action': 2, 'clientId': None, 'eventCode': 7, ...}, ...}\n\n    def test_unlocked_by_mobile_device(self, log_json):\n        log_json[\"message\"].update(\n            {\n                \"eventCode\": 7,\n                \"accessorUuid\": \"__user-id__\",\n            }\n        )\n        lock_log = LockLog(\n            created_at=datetime(2023, 3, 1, 17, 26, 47, 366000),\n            accessor_id=\"__user-id__\",\n            access_code_id=None,\n            message=\"Unlocked by mobile device\",\n        )\n>       assert LockLog.from_json(log_json) == lock_log\nE       AssertionError: assert LockLog(creat..._code_id=None) == LockLog(creat..._code_id=None)\nE         \nE         Omitting 3 identical items, use -vv to show\nE         Differing attributes:\nE         ['created_at']\nE         \nE         Drill down into differing attribute created_at:\nE           created_at: datetime.datetime(2023, 3, 1, 10, 26, 47, 366000) != datetime.datetime(2023, 3, 1, 17, 26, 47, 366000)\n\ntests\\test_log.py:47: AssertionError"
      },
      "teardown": {
        "outcome": "passed"
      }
    },
    {
      "nodeid": "tests/test_notification.py::test_from_json",
      "lineno": 10,
      "outcome": "passed",
      "keywords": [
        "test_from_json",
        "test_notification.py",
        "tests",
        "dknowles2@pyschlage__5c48dcd0__requests__treq",
        ""
      ],
      "setup": {
        "outcome": "passed"
      },
      "call": {
        "outcome": "passed"
      },
      "teardown": {
        "outcome": "passed"
      }
    },
    {
      "nodeid": "tests/test_notification.py::test_save",
      "lineno": 18,
      "outcome": "passed",
      "keywords": [
        "test_save",
        "test_notification.py",
        "tests",
        "dknowles2@pyschlage__5c48dcd0__requests__treq",
        ""
      ],
      "setup": {
        "outcome": "passed"
      },
      "call": {
        "outcome": "passed"
      },
      "teardown": {
        "outcome": "passed"
      }
    },
    {
      "nodeid": "tests/test_notification.py::test_delete",
      "lineno": 23,
      "outcome": "passed",
      "keywords": [
        "test_delete",
        "test_notification.py",
        "tests",
        "dknowles2@pyschlage__5c48dcd0__requests__treq",
        ""
      ],
      "setup": {
        "outcome": "passed"
      },
      "call": {
        "outcome": "passed"
      },
      "teardown": {
        "outcome": "passed"
      }
    },
    {
      "nodeid": "tests/test_user.py::test_from_json",
      "lineno": 5,
      "outcome": "passed",
      "keywords": [
        "test_from_json",
        "test_user.py",
        "tests",
        "dknowles2@pyschlage__5c48dcd0__requests__treq",
        ""
      ],
      "setup": {
        "outcome": "passed"
      },
      "call": {
        "outcome": "passed"
      },
      "teardown": {
        "outcome": "passed"
      }
    },
    {
      "nodeid": "tests/test_user.py::test_from_json_no_name",
      "lineno": 14,
      "outcome": "passed",
      "keywords": [
        "test_from_json_no_name",
        "test_user.py",
        "tests",
        "dknowles2@pyschlage__5c48dcd0__requests__treq",
        ""
      ],
      "setup": {
        "outcome": "passed"
      },
      "call": {
        "outcome": "passed"
      },
      "teardown": {
        "outcome": "passed"
      }
    }
  ],
  "warnings": [
    {
      "message": "The test <Function test_authenticate> is marked with '@pytest.mark.asyncio' but it is not an async function. Please remove the asyncio mark. If the test is not marked explicitly, check for global marks applied via 'pytestmark'.",
      "category": "PytestWarning",
      "when": "runtest",
      "filename": "tests\\test_auth.py",
      "lineno": 11
    },
    {
      "message": "The test <Function test_request> is marked with '@pytest.mark.asyncio' but it is not an async function. Please remove the asyncio mark. If the test is not marked explicitly, check for global marks applied via 'pytestmark'.",
      "category": "PytestWarning",
      "when": "runtest",
      "filename": "tests\\test_auth.py",
      "lineno": 30
    },
    {
      "message": "The test <Function test_request_not_authorized> is marked with '@pytest.mark.asyncio' but it is not an async function. Please remove the asyncio mark. If the test is not marked explicitly, check for global marks applied via 'pytestmark'.",
      "category": "PytestWarning",
      "when": "runtest",
      "filename": "tests\\test_auth.py",
      "lineno": 48
    },
    {
      "message": "The test <Function test_request_unknown_error> is marked with '@pytest.mark.asyncio' but it is not an async function. Please remove the asyncio mark. If the test is not marked explicitly, check for global marks applied via 'pytestmark'.",
      "category": "PytestWarning",
      "when": "runtest",
      "filename": "tests\\test_auth.py",
      "lineno": 81
    },
    {
      "message": "The test <Function test_user_id> is marked with '@pytest.mark.asyncio' but it is not an async function. Please remove the asyncio mark. If the test is not marked explicitly, check for global marks applied via 'pytestmark'.",
      "category": "PytestWarning",
      "when": "runtest",
      "filename": "tests\\test_auth.py",
      "lineno": 111
    },
    {
      "message": "The test <Function test_user_id_is_cached> is marked with '@pytest.mark.asyncio' but it is not an async function. Please remove the asyncio mark. If the test is not marked explicitly, check for global marks applied via 'pytestmark'.",
      "category": "PytestWarning",
      "when": "runtest",
      "filename": "tests\\test_auth.py",
      "lineno": 145
    },
    {
      "message": "coroutine 'AsyncMockMixin._execute_mock_call' was never awaited",
      "category": "RuntimeWarning",
      "when": "runtest",
      "filename": "D:\\repos\\dknowles2@pyschlage__5c48dcd0__requests__treq\\pyschlage\\code.py",
      "lineno": 282
    },
    {
      "message": "coroutine 'AsyncMockMixin._execute_mock_call' was never awaited",
      "category": "RuntimeWarning",
      "when": "runtest",
      "filename": "C:\\Users\\Mohay\\AppData\\Local\\Programs\\Python\\Python312\\Lib\\inspect.py",
      "lineno": 2733
    },
    {
      "message": "coroutine 'AsyncMockMixin._execute_mock_call' was never awaited",
      "category": "RuntimeWarning",
      "when": "runtest",
      "filename": "C:\\Users\\Mohay\\AppData\\Local\\Programs\\Python\\Python312\\Lib\\unittest\\mock.py",
      "lineno": 2188
    },
    {
      "message": "coroutine 'AsyncMockMixin._execute_mock_call' was never awaited",
      "category": "RuntimeWarning",
      "when": "runtest",
      "filename": "D:\\repos\\dknowles2@pyschlage__5c48dcd0__requests__treq\\pyschlage\\notification.py",
      "lineno": 89
    }
  ]
}