{
  "exitcode": 1,
  "summary": {
    "failed": 17,
    "passed": 15,
    "total": 32,
    "collected": 32
  },
  "collectors": [
    {
      "nodeid": "",
      "outcome": "passed",
      "result": [
        {
          "nodeid": ".",
          "type": "Dir"
        }
      ]
    },
    {
      "nodeid": "docs",
      "outcome": "passed",
      "result": []
    },
    {
      "nodeid": "namesilo/common",
      "outcome": "passed",
      "result": []
    },
    {
      "nodeid": "namesilo",
      "outcome": "passed",
      "result": [
        {
          "nodeid": "namesilo/common",
          "type": "Package"
        }
      ]
    },
    {
      "nodeid": "python_namesilo.egg-info",
      "outcome": "passed",
      "result": []
    },
    {
      "nodeid": "tests/test_namesilo.py::NameSiloTestCase",
      "outcome": "passed",
      "result": [
        {
          "nodeid": "tests/test_namesilo.py::NameSiloTestCase::test_account_balance",
          "type": "TestCaseFunction",
          "lineno": 55
        },
        {
          "nodeid": "tests/test_namesilo.py::NameSiloTestCase::test_add_contact",
          "type": "TestCaseFunction",
          "lineno": 163
        },
        {
          "nodeid": "tests/test_namesilo.py::NameSiloTestCase::test_add_dns_record",
          "type": "TestCaseFunction",
          "lineno": 309
        },
        {
          "nodeid": "tests/test_namesilo.py::NameSiloTestCase::test_add_domain_privacy",
          "type": "TestCaseFunction",
          "lineno": 261
        },
        {
          "nodeid": "tests/test_namesilo.py::NameSiloTestCase::test_add_funds",
          "type": "TestCaseFunction",
          "lineno": 65
        },
        {
          "nodeid": "tests/test_namesilo.py::NameSiloTestCase::test_auto_renew_domain",
          "type": "TestCaseFunction",
          "lineno": 281
        },
        {
          "nodeid": "tests/test_namesilo.py::NameSiloTestCase::test_change_domain_nameservers",
          "type": "TestCaseFunction",
          "lineno": 236
        },
        {
          "nodeid": "tests/test_namesilo.py::NameSiloTestCase::test_check_error_code",
          "type": "TestCaseFunction",
          "lineno": 218
        },
        {
          "nodeid": "tests/test_namesilo.py::NameSiloTestCase::test_check_error_code_exception",
          "type": "TestCaseFunction",
          "lineno": 221
        },
        {
          "nodeid": "tests/test_namesilo.py::NameSiloTestCase::test_contacts_lists",
          "type": "TestCaseFunction",
          "lineno": 147
        },
        {
          "nodeid": "tests/test_namesilo.py::NameSiloTestCase::test_contacts_lists_only_one_contact",
          "type": "TestCaseFunction",
          "lineno": 155
        },
        {
          "nodeid": "tests/test_namesilo.py::NameSiloTestCase::test_delete_contact",
          "type": "TestCaseFunction",
          "lineno": 201
        },
        {
          "nodeid": "tests/test_namesilo.py::NameSiloTestCase::test_domain_check_available",
          "type": "TestCaseFunction",
          "lineno": 75
        },
        {
          "nodeid": "tests/test_namesilo.py::NameSiloTestCase::test_domain_check_not_available",
          "type": "TestCaseFunction",
          "lineno": 85
        },
        {
          "nodeid": "tests/test_namesilo.py::NameSiloTestCase::test_domain_price",
          "type": "TestCaseFunction",
          "lineno": 210
        },
        {
          "nodeid": "tests/test_namesilo.py::NameSiloTestCase::test_domain_registration",
          "type": "TestCaseFunction",
          "lineno": 96
        },
        {
          "nodeid": "tests/test_namesilo.py::NameSiloTestCase::test_domain_registration_fail",
          "type": "TestCaseFunction",
          "lineno": 249
        },
        {
          "nodeid": "tests/test_namesilo.py::NameSiloTestCase::test_domain_renewal",
          "type": "TestCaseFunction",
          "lineno": 106
        },
        {
          "nodeid": "tests/test_namesilo.py::NameSiloTestCase::test_get_content_xml",
          "type": "TestCaseFunction",
          "lineno": 31
        },
        {
          "nodeid": "tests/test_namesilo.py::NameSiloTestCase::test_get_content_xml_exception",
          "type": "TestCaseFunction",
          "lineno": 45
        },
        {
          "nodeid": "tests/test_namesilo.py::NameSiloTestCase::test_get_domain_info",
          "type": "TestCaseFunction",
          "lineno": 224
        },
        {
          "nodeid": "tests/test_namesilo.py::NameSiloTestCase::test_list_dns_records",
          "type": "TestCaseFunction",
          "lineno": 301
        },
        {
          "nodeid": "tests/test_namesilo.py::NameSiloTestCase::test_list_domains",
          "type": "TestCaseFunction",
          "lineno": 135
        },
        {
          "nodeid": "tests/test_namesilo.py::NameSiloTestCase::test_lock_domain",
          "type": "TestCaseFunction",
          "lineno": 117
        },
        {
          "nodeid": "tests/test_namesilo.py::NameSiloTestCase::test_process_data",
          "type": "TestCaseFunction",
          "lineno": 22
        },
        {
          "nodeid": "tests/test_namesilo.py::NameSiloTestCase::test_production_api_url",
          "type": "TestCaseFunction",
          "lineno": 14
        },
        {
          "nodeid": "tests/test_namesilo.py::NameSiloTestCase::test_remove_auto_renew_domain",
          "type": "TestCaseFunction",
          "lineno": 291
        },
        {
          "nodeid": "tests/test_namesilo.py::NameSiloTestCase::test_remove_domain_privacy",
          "type": "TestCaseFunction",
          "lineno": 271
        },
        {
          "nodeid": "tests/test_namesilo.py::NameSiloTestCase::test_sandbox_api_url",
          "type": "TestCaseFunction",
          "lineno": 18
        },
        {
          "nodeid": "tests/test_namesilo.py::NameSiloTestCase::test_unlock_domain",
          "type": "TestCaseFunction",
          "lineno": 126
        },
        {
          "nodeid": "tests/test_namesilo.py::NameSiloTestCase::test_update_contact",
          "type": "TestCaseFunction",
          "lineno": 175
        },
        {
          "nodeid": "tests/test_namesilo.py::NameSiloTestCase::test_update_dns_record",
          "type": "TestCaseFunction",
          "lineno": 321
        }
      ]
    },
    {
      "nodeid": "tests/test_namesilo.py",
      "outcome": "passed",
      "result": [
        {
          "nodeid": "tests/test_namesilo.py::NameSiloTestCase",
          "type": "UnitTestCase"
        }
      ]
    },
    {
      "nodeid": "tests",
      "outcome": "passed",
      "result": [
        {
          "nodeid": "tests/test_namesilo.py",
          "type": "Module"
        }
      ]
    },
    {
      "nodeid": ".",
      "outcome": "passed",
      "result": [
        {
          "nodeid": "docs",
          "type": "Dir"
        },
        {
          "nodeid": "namesilo",
          "type": "Package"
        },
        {
          "nodeid": "python_namesilo.egg-info",
          "type": "Dir"
        },
        {
          "nodeid": "tests",
          "type": "Package"
        }
      ]
    }
  ],
  "tests": [
    {
      "nodeid": "tests/test_namesilo.py::NameSiloTestCase::test_account_balance",
      "lineno": 55,
      "outcome": "failed",
      "keywords": [
        "test_account_balance",
        "__wrapped__",
        "patchings",
        "NameSiloTestCase",
        "test_namesilo.py",
        "tests",
        "goranvrbaski@python-namesilo__4c867e65__requests__aiohttp",
        ""
      ],
      "setup": {
        "outcome": "passed"
      },
      "call": {
        "outcome": "failed",
        "crash": {
          "path": "D:\\repos\\goranvrbaski@python-namesilo__4c867e65__requests__aiohttp\\namesilo\\core.py",
          "lineno": 358,
          "message": "TypeError: 'coroutine' object is not subscriptable"
        },
        "traceback": [
          {
            "path": "tests\\test_namesilo.py",
            "lineno": 59,
            "message": ""
          },
          {
            "path": "namesilo\\core.py",
            "lineno": 358,
            "message": "TypeError"
          }
        ],
        "longrepr": "self = <tests.test_namesilo.NameSiloTestCase testMethod=test_account_balance>\nmock_process_data = <AsyncMock name='_process_data' id='1853945191184'>\n\n    @mock.patch('namesilo.core.NameSilo._process_data')\n    def test_account_balance(self, mock_process_data):\n        mock_process_data.return_value = mocked_data\n>       balance = self.ns.get_account_balance()\n                  ^^^^^^^^^^^^^^^^^^^^^^^^^^^^^\n\ntests\\test_namesilo.py:59: \n_ _ _ _ _ _ _ _ _ _ _ _ _ _ _ _ _ _ _ _ _ _ _ _ _ _ _ _ _ _ _ _ _ _ _ _ _ _ _ _\n\nself = <namesilo.core.NameSilo object at 0x000001AFA7BE9690>\n\n    def get_account_balance(self) -> float:\n        \"\"\"\n        Returns current account balance\n    \n        :return: current account balance\n        :rtype: float\n        \"\"\"\n        url_extend = f\"getAccountBalance?version=1&type=xml&key={self._token}\"\n        parsed_context = self._process_data(url_extend)\n>       amount = parsed_context['namesilo']['reply']['balance']\n                 ^^^^^^^^^^^^^^^^^^^^^^^^^^\nE       TypeError: 'coroutine' object is not subscriptable\n\nnamesilo\\core.py:358: TypeError"
      },
      "teardown": {
        "outcome": "passed"
      }
    },
    {
      "nodeid": "tests/test_namesilo.py::NameSiloTestCase::test_add_contact",
      "lineno": 163,
      "outcome": "passed",
      "keywords": [
        "test_add_contact",
        "__wrapped__",
        "patchings",
        "NameSiloTestCase",
        "test_namesilo.py",
        "tests",
        "goranvrbaski@python-namesilo__4c867e65__requests__aiohttp",
        ""
      ],
      "setup": {
        "outcome": "passed"
      },
      "call": {
        "outcome": "passed"
      },
      "teardown": {
        "outcome": "passed"
      }
    },
    {
      "nodeid": "tests/test_namesilo.py::NameSiloTestCase::test_add_dns_record",
      "lineno": 309,
      "outcome": "failed",
      "keywords": [
        "test_add_dns_record",
        "__wrapped__",
        "patchings",
        "NameSiloTestCase",
        "test_namesilo.py",
        "tests",
        "goranvrbaski@python-namesilo__4c867e65__requests__aiohttp",
        ""
      ],
      "setup": {
        "outcome": "passed"
      },
      "call": {
        "outcome": "failed",
        "crash": {
          "path": "D:\\repos\\goranvrbaski@python-namesilo__4c867e65__requests__aiohttp\\namesilo\\core.py",
          "lineno": 426,
          "message": "TypeError: 'coroutine' object is not subscriptable"
        },
        "traceback": [
          {
            "path": "tests\\test_namesilo.py",
            "lineno": 313,
            "message": ""
          },
          {
            "path": "namesilo\\core.py",
            "lineno": 426,
            "message": "TypeError"
          }
        ],
        "longrepr": "self = <tests.test_namesilo.NameSiloTestCase testMethod=test_add_dns_record>\nmock_content_xml = <AsyncMock name='_process_data' id='1853945386704'>\n\n    @mock.patch('namesilo.core.NameSilo._process_data')\n    def test_add_dns_record(self, mock_content_xml):\n        mock_content_xml.return_value = mocked_data\n>       record_id = self.ns.add_dns_records(\n            \"some-domain.com\", \"A\", \"test.some-domain.com\", \"192.168.71.50\", 86400\n        )\n\ntests\\test_namesilo.py:313: \n_ _ _ _ _ _ _ _ _ _ _ _ _ _ _ _ _ _ _ _ _ _ _ _ _ _ _ _ _ _ _ _ _ _ _ _ _ _ _ _\n\nself = <namesilo.core.NameSilo object at 0x000001AFA7C18590>\ndomain_name = 'some-domain.com', record_type = 'A'\nrecord_host = 'test.some-domain.com', record_value = '192.168.71.50'\nttl = 86400\n\n    def add_dns_records(\n            self,\n            domain_name: str,\n            record_type: str,\n            record_host: str,\n            record_value: str,\n            ttl: int = 7207\n    ) -> int:\n        \"\"\"\n        Add DNS record to specified domain name\n    \n        :param str domain_name: Domain name for adding DNS record\n        :param str record_type: The type of resources record to add\n        :param str record_host: The hostname for the new record\n        :param str record_value: The value for the resource record\n        :param int ttl: The TTL for the new record\n        :return: Returns record id for specified domain record\n        :rtype: int\n        \"\"\"\n    \n        url_extend = f\"dnsAddRecord?version=1&type=xml&key={self._token}\" \\\n                     f\"&domain={domain_name}&rrtype={record_type}\" \\\n                     f\"&rrhost={record_host}&rrvalue={record_value}&rrttl={ttl}\"\n        parsed_context = self._process_data(url_extend)\n>       record_id = parsed_context['namesilo']['reply']['record_id']\n                    ^^^^^^^^^^^^^^^^^^^^^^^^^^\nE       TypeError: 'coroutine' object is not subscriptable\n\nnamesilo\\core.py:426: TypeError"
      },
      "teardown": {
        "outcome": "passed"
      }
    },
    {
      "nodeid": "tests/test_namesilo.py::NameSiloTestCase::test_add_domain_privacy",
      "lineno": 261,
      "outcome": "passed",
      "keywords": [
        "test_add_domain_privacy",
        "__wrapped__",
        "patchings",
        "NameSiloTestCase",
        "test_namesilo.py",
        "tests",
        "goranvrbaski@python-namesilo__4c867e65__requests__aiohttp",
        ""
      ],
      "setup": {
        "outcome": "passed"
      },
      "call": {
        "outcome": "passed"
      },
      "teardown": {
        "outcome": "passed"
      }
    },
    {
      "nodeid": "tests/test_namesilo.py::NameSiloTestCase::test_add_funds",
      "lineno": 65,
      "outcome": "failed",
      "keywords": [
        "test_add_funds",
        "__wrapped__",
        "patchings",
        "NameSiloTestCase",
        "test_namesilo.py",
        "tests",
        "goranvrbaski@python-namesilo__4c867e65__requests__aiohttp",
        ""
      ],
      "setup": {
        "outcome": "passed"
      },
      "call": {
        "outcome": "failed",
        "crash": {
          "path": "D:\\repos\\goranvrbaski@python-namesilo__4c867e65__requests__aiohttp\\namesilo\\core.py",
          "lineno": 346,
          "message": "TypeError: 'coroutine' object is not subscriptable"
        },
        "traceback": [
          {
            "path": "tests\\test_namesilo.py",
            "lineno": 69,
            "message": ""
          },
          {
            "path": "namesilo\\core.py",
            "lineno": 346,
            "message": "TypeError"
          }
        ],
        "longrepr": "self = <tests.test_namesilo.NameSiloTestCase testMethod=test_add_funds>\nmock_content_xml = <AsyncMock name='_process_data' id='1853945347856'>\n\n    @mock.patch('namesilo.core.NameSilo._process_data')\n    def test_add_funds(self, mock_content_xml):\n        mock_content_xml.return_value = mocked_data\n>       status, balance = self.ns.add_account_funds(5, 281)\n                          ^^^^^^^^^^^^^^^^^^^^^^^^^^^^^^^^^\n\ntests\\test_namesilo.py:69: \n_ _ _ _ _ _ _ _ _ _ _ _ _ _ _ _ _ _ _ _ _ _ _ _ _ _ _ _ _ _ _ _ _ _ _ _ _ _ _ _\n\nself = <namesilo.core.NameSilo object at 0x000001AFA7C0C610>, amount = 5\npayment_id = 281\n\n    def add_account_funds(self, amount: float, payment_id: int) -> Tuple[bool, float]:\n        \"\"\"\n        Adding funds to Namesilo account\n    \n        :param float amount: amount to add\n        :param int payment_id: ID of payment (credit card)\n        :return: Status and amount after adding funds, example: (True, 150.00)\n        :rtype: tuple\n        \"\"\"\n        url_extend = f\"addAccountFunds?version=1&type=xml&key={self._token}&\" \\\n                     f\"amount={amount}&payment_id={payment_id}\"\n        parsed_context = self._process_data(url_extend)\n>       amount = parsed_context['namesilo']['reply']['new_balance']\n                 ^^^^^^^^^^^^^^^^^^^^^^^^^^\nE       TypeError: 'coroutine' object is not subscriptable\n\nnamesilo\\core.py:346: TypeError"
      },
      "teardown": {
        "outcome": "passed"
      }
    },
    {
      "nodeid": "tests/test_namesilo.py::NameSiloTestCase::test_auto_renew_domain",
      "lineno": 281,
      "outcome": "passed",
      "keywords": [
        "test_auto_renew_domain",
        "__wrapped__",
        "patchings",
        "NameSiloTestCase",
        "test_namesilo.py",
        "tests",
        "goranvrbaski@python-namesilo__4c867e65__requests__aiohttp",
        ""
      ],
      "setup": {
        "outcome": "passed"
      },
      "call": {
        "outcome": "passed"
      },
      "teardown": {
        "outcome": "passed"
      }
    },
    {
      "nodeid": "tests/test_namesilo.py::NameSiloTestCase::test_change_domain_nameservers",
      "lineno": 236,
      "outcome": "failed",
      "keywords": [
        "test_change_domain_nameservers",
        "__wrapped__",
        "patchings",
        "NameSiloTestCase",
        "test_namesilo.py",
        "tests",
        "goranvrbaski@python-namesilo__4c867e65__requests__aiohttp",
        ""
      ],
      "setup": {
        "outcome": "passed"
      },
      "call": {
        "outcome": "failed",
        "crash": {
          "path": "C:\\Users\\Mohay\\AppData\\Local\\Programs\\Python\\Python311\\Lib\\unittest\\mock.py",
          "lineno": 950,
          "message": "AssertionError: Expected '_process_data' to be called once. Called 0 times."
        },
        "traceback": [
          {
            "path": "tests\\test_namesilo.py",
            "lineno": 245,
            "message": ""
          },
          {
            "path": "C:\\Users\\Mohay\\AppData\\Local\\Programs\\Python\\Python311\\Lib\\unittest\\mock.py",
            "lineno": 950,
            "message": "AssertionError"
          }
        ],
        "longrepr": "self = <tests.test_namesilo.NameSiloTestCase testMethod=test_change_domain_nameservers>\nmock_content_xml = <AsyncMock name='_process_data' id='1853945864720'>\n\n    @mock.patch('namesilo.core.NameSilo._process_data')\n    def test_change_domain_nameservers(self, mock_content_xml):\n        mock_content_xml.return_value = mocked_data\n        self.assertTrue(\n            self.ns.change_domain_nameservers(\n                \"example.com\", \"NS1.EXAMPLE.COM\", \"NS2.EXAMPLE.COM\"\n            )\n        )\n>       mock_content_xml.assert_called_once_with(\n            \"changeNameServers?version=1&type=xml&key=name-silo-token&\"\n            \"domain=example.com&ns1=NS1.EXAMPLE.COM&ns2=NS2.EXAMPLE.COM\"\n        )\n\ntests\\test_namesilo.py:245: \n_ _ _ _ _ _ _ _ _ _ _ _ _ _ _ _ _ _ _ _ _ _ _ _ _ _ _ _ _ _ _ _ _ _ _ _ _ _ _ _\n\nself = <AsyncMock name='_process_data' id='1853945864720'>\nargs = ('changeNameServers?version=1&type=xml&key=name-silo-token&domain=example.com&ns1=NS1.EXAMPLE.COM&ns2=NS2.EXAMPLE.COM',)\nkwargs = {}, msg = \"Expected '_process_data' to be called once. Called 0 times.\"\n\n    def assert_called_once_with(self, /, *args, **kwargs):\n        \"\"\"assert that the mock was called exactly once and that that call was\n        with the specified arguments.\"\"\"\n        if not self.call_count == 1:\n            msg = (\"Expected '%s' to be called once. Called %s times.%s\"\n                   % (self._mock_name or 'mock',\n                      self.call_count,\n                      self._calls_repr()))\n>           raise AssertionError(msg)\nE           AssertionError: Expected '_process_data' to be called once. Called 0 times.\n\nC:\\Users\\Mohay\\AppData\\Local\\Programs\\Python\\Python311\\Lib\\unittest\\mock.py:950: AssertionError"
      },
      "teardown": {
        "outcome": "passed"
      }
    },
    {
      "nodeid": "tests/test_namesilo.py::NameSiloTestCase::test_check_error_code",
      "lineno": 218,
      "outcome": "passed",
      "keywords": [
        "test_check_error_code",
        "NameSiloTestCase",
        "test_namesilo.py",
        "tests",
        "goranvrbaski@python-namesilo__4c867e65__requests__aiohttp",
        ""
      ],
      "setup": {
        "outcome": "passed"
      },
      "call": {
        "outcome": "passed"
      },
      "teardown": {
        "outcome": "passed"
      }
    },
    {
      "nodeid": "tests/test_namesilo.py::NameSiloTestCase::test_check_error_code_exception",
      "lineno": 221,
      "outcome": "passed",
      "keywords": [
        "test_check_error_code_exception",
        "NameSiloTestCase",
        "test_namesilo.py",
        "tests",
        "goranvrbaski@python-namesilo__4c867e65__requests__aiohttp",
        ""
      ],
      "setup": {
        "outcome": "passed"
      },
      "call": {
        "outcome": "passed"
      },
      "teardown": {
        "outcome": "passed"
      }
    },
    {
      "nodeid": "tests/test_namesilo.py::NameSiloTestCase::test_contacts_lists",
      "lineno": 147,
      "outcome": "failed",
      "keywords": [
        "test_contacts_lists",
        "__wrapped__",
        "patchings",
        "NameSiloTestCase",
        "test_namesilo.py",
        "tests",
        "goranvrbaski@python-namesilo__4c867e65__requests__aiohttp",
        ""
      ],
      "setup": {
        "outcome": "passed"
      },
      "call": {
        "outcome": "failed",
        "crash": {
          "path": "D:\\repos\\goranvrbaski@python-namesilo__4c867e65__requests__aiohttp\\namesilo\\core.py",
          "lineno": 274,
          "message": "TypeError: 'coroutine' object is not subscriptable"
        },
        "traceback": [
          {
            "path": "tests\\test_namesilo.py",
            "lineno": 151,
            "message": ""
          },
          {
            "path": "namesilo\\core.py",
            "lineno": 274,
            "message": "TypeError"
          }
        ],
        "longrepr": "self = <tests.test_namesilo.NameSiloTestCase testMethod=test_contacts_lists>\nmock_content_xml = <AsyncMock name='_process_data' id='1853946580624'>\n\n    @mock.patch('namesilo.core.NameSilo._process_data')\n    def test_contacts_lists(self, mock_content_xml):\n        mock_content_xml.return_value = mocked_data\n>       self.assertIsInstance(self.ns.list_contacts(), list)\n                              ^^^^^^^^^^^^^^^^^^^^^^^\n\ntests\\test_namesilo.py:151: \n_ _ _ _ _ _ _ _ _ _ _ _ _ _ _ _ _ _ _ _ _ _ _ _ _ _ _ _ _ _ _ _ _ _ _ _ _ _ _ _\n\nself = <namesilo.core.NameSilo object at 0x000001AFA7D3D510>\n\n    def list_contacts(self) -> List[ContactModel]:\n        \"\"\"\n        Returns list of all contacts for current account\n    \n        :return: list of all contacts\n        :rtype: list\n        \"\"\"\n        contacts = []\n        url_extend = f\"contactList?version=1&type=xml&key={self._token}\"\n        parsed_context = self._process_data(url_extend)\n>       reply = parsed_context['namesilo']['reply']['contact']\n                ^^^^^^^^^^^^^^^^^^^^^^^^^^\nE       TypeError: 'coroutine' object is not subscriptable\n\nnamesilo\\core.py:274: TypeError"
      },
      "teardown": {
        "outcome": "passed"
      }
    },
    {
      "nodeid": "tests/test_namesilo.py::NameSiloTestCase::test_contacts_lists_only_one_contact",
      "lineno": 155,
      "outcome": "failed",
      "keywords": [
        "test_contacts_lists_only_one_contact",
        "__wrapped__",
        "patchings",
        "NameSiloTestCase",
        "test_namesilo.py",
        "tests",
        "goranvrbaski@python-namesilo__4c867e65__requests__aiohttp",
        ""
      ],
      "setup": {
        "outcome": "passed"
      },
      "call": {
        "outcome": "failed",
        "crash": {
          "path": "D:\\repos\\goranvrbaski@python-namesilo__4c867e65__requests__aiohttp\\namesilo\\core.py",
          "lineno": 274,
          "message": "TypeError: 'coroutine' object is not subscriptable"
        },
        "traceback": [
          {
            "path": "tests\\test_namesilo.py",
            "lineno": 159,
            "message": ""
          },
          {
            "path": "namesilo\\core.py",
            "lineno": 274,
            "message": "TypeError"
          }
        ],
        "longrepr": "self = <tests.test_namesilo.NameSiloTestCase testMethod=test_contacts_lists_only_one_contact>\nmock_content_xml = <AsyncMock name='_process_data' id='1853945934672'>\n\n    @mock.patch('namesilo.core.NameSilo._process_data')\n    def test_contacts_lists_only_one_contact(self, mock_content_xml):\n        mock_content_xml.return_value = mocked_single_contact\n>       self.assertIsInstance(self.ns.list_contacts(), list)\n                              ^^^^^^^^^^^^^^^^^^^^^^^\n\ntests\\test_namesilo.py:159: \n_ _ _ _ _ _ _ _ _ _ _ _ _ _ _ _ _ _ _ _ _ _ _ _ _ _ _ _ _ _ _ _ _ _ _ _ _ _ _ _\n\nself = <namesilo.core.NameSilo object at 0x000001AFA7C9E910>\n\n    def list_contacts(self) -> List[ContactModel]:\n        \"\"\"\n        Returns list of all contacts for current account\n    \n        :return: list of all contacts\n        :rtype: list\n        \"\"\"\n        contacts = []\n        url_extend = f\"contactList?version=1&type=xml&key={self._token}\"\n        parsed_context = self._process_data(url_extend)\n>       reply = parsed_context['namesilo']['reply']['contact']\n                ^^^^^^^^^^^^^^^^^^^^^^^^^^\nE       TypeError: 'coroutine' object is not subscriptable\n\nnamesilo\\core.py:274: TypeError"
      },
      "teardown": {
        "outcome": "passed"
      }
    },
    {
      "nodeid": "tests/test_namesilo.py::NameSiloTestCase::test_delete_contact",
      "lineno": 201,
      "outcome": "passed",
      "keywords": [
        "test_delete_contact",
        "__wrapped__",
        "patchings",
        "NameSiloTestCase",
        "test_namesilo.py",
        "tests",
        "goranvrbaski@python-namesilo__4c867e65__requests__aiohttp",
        ""
      ],
      "setup": {
        "outcome": "passed"
      },
      "call": {
        "outcome": "passed"
      },
      "teardown": {
        "outcome": "passed"
      }
    },
    {
      "nodeid": "tests/test_namesilo.py::NameSiloTestCase::test_domain_check_available",
      "lineno": 75,
      "outcome": "failed",
      "keywords": [
        "test_domain_check_available",
        "__wrapped__",
        "patchings",
        "NameSiloTestCase",
        "test_namesilo.py",
        "tests",
        "goranvrbaski@python-namesilo__4c867e65__requests__aiohttp",
        ""
      ],
      "setup": {
        "outcome": "passed"
      },
      "call": {
        "outcome": "failed",
        "crash": {
          "path": "C:\\Users\\Mohay\\AppData\\Local\\Programs\\Python\\Python311\\Lib\\unittest\\mock.py",
          "lineno": 950,
          "message": "AssertionError: Expected '_process_data' to be called once. Called 0 times."
        },
        "traceback": [
          {
            "path": "tests\\test_namesilo.py",
            "lineno": 81,
            "message": ""
          },
          {
            "path": "C:\\Users\\Mohay\\AppData\\Local\\Programs\\Python\\Python311\\Lib\\unittest\\mock.py",
            "lineno": 950,
            "message": "AssertionError"
          }
        ],
        "longrepr": "self = <tests.test_namesilo.NameSiloTestCase testMethod=test_domain_check_available>\nmock_content_xml = <AsyncMock name='_process_data' id='1853946568848'>\n\n    @mock.patch('namesilo.core.NameSilo._process_data')\n    def test_domain_check_available(self, mock_content_xml):\n        domain_name = \"some-domain.com\"\n        mock_content_xml.return_value = mocked_data\n        self.assertTrue(self.ns.check_domain(domain_name))\n>       mock_content_xml.assert_called_once_with(\n            \"checkRegisterAvailability?version=1&type=xml&key=name-silo-token&\"\n            \"domains=some-domain.com\"\n        )\n\ntests\\test_namesilo.py:81: \n_ _ _ _ _ _ _ _ _ _ _ _ _ _ _ _ _ _ _ _ _ _ _ _ _ _ _ _ _ _ _ _ _ _ _ _ _ _ _ _\n\nself = <AsyncMock name='_process_data' id='1853946568848'>\nargs = ('checkRegisterAvailability?version=1&type=xml&key=name-silo-token&domains=some-domain.com',)\nkwargs = {}, msg = \"Expected '_process_data' to be called once. Called 0 times.\"\n\n    def assert_called_once_with(self, /, *args, **kwargs):\n        \"\"\"assert that the mock was called exactly once and that that call was\n        with the specified arguments.\"\"\"\n        if not self.call_count == 1:\n            msg = (\"Expected '%s' to be called once. Called %s times.%s\"\n                   % (self._mock_name or 'mock',\n                      self.call_count,\n                      self._calls_repr()))\n>           raise AssertionError(msg)\nE           AssertionError: Expected '_process_data' to be called once. Called 0 times.\n\nC:\\Users\\Mohay\\AppData\\Local\\Programs\\Python\\Python311\\Lib\\unittest\\mock.py:950: AssertionError"
      },
      "teardown": {
        "outcome": "passed"
      }
    },
    {
      "nodeid": "tests/test_namesilo.py::NameSiloTestCase::test_domain_check_not_available",
      "lineno": 85,
      "outcome": "failed",
      "keywords": [
        "test_domain_check_not_available",
        "__wrapped__",
        "patchings",
        "NameSiloTestCase",
        "test_namesilo.py",
        "tests",
        "goranvrbaski@python-namesilo__4c867e65__requests__aiohttp",
        ""
      ],
      "setup": {
        "outcome": "passed"
      },
      "call": {
        "outcome": "failed",
        "crash": {
          "path": "C:\\Users\\Mohay\\AppData\\Local\\Programs\\Python\\Python311\\Lib\\unittest\\case.py",
          "lineno": 709,
          "message": "AssertionError: <coroutine object NameSilo.check_domain at 0x000001AFA7C25D50> is not false"
        },
        "traceback": [
          {
            "path": "tests\\test_namesilo.py",
            "lineno": 91,
            "message": "AssertionError"
          }
        ],
        "longrepr": "self = <tests.test_namesilo.NameSiloTestCase testMethod=test_domain_check_not_available>\nmock_content_xml = <AsyncMock name='_process_data' id='1853945379920'>\n\n    @mock.patch('namesilo.core.NameSilo._process_data')\n    def test_domain_check_not_available(self, mock_content_xml):\n        domain_name = \"some-domain.com\"\n        del mocked_data['namesilo']['reply']['available']\n        mock_content_xml.return_value = mocked_data\n>       self.assertFalse(self.ns.check_domain(domain_name))\nE       AssertionError: <coroutine object NameSilo.check_domain at 0x000001AFA7C25D50> is not false\n\ntests\\test_namesilo.py:91: AssertionError"
      },
      "teardown": {
        "outcome": "passed"
      }
    },
    {
      "nodeid": "tests/test_namesilo.py::NameSiloTestCase::test_domain_price",
      "lineno": 210,
      "outcome": "failed",
      "keywords": [
        "test_domain_price",
        "__wrapped__",
        "patchings",
        "NameSiloTestCase",
        "test_namesilo.py",
        "tests",
        "goranvrbaski@python-namesilo__4c867e65__requests__aiohttp",
        ""
      ],
      "setup": {
        "outcome": "passed"
      },
      "call": {
        "outcome": "failed",
        "crash": {
          "path": "D:\\repos\\goranvrbaski@python-namesilo__4c867e65__requests__aiohttp\\namesilo\\core.py",
          "lineno": 262,
          "message": "TypeError: 'coroutine' object is not subscriptable"
        },
        "traceback": [
          {
            "path": "tests\\test_namesilo.py",
            "lineno": 214,
            "message": ""
          },
          {
            "path": "namesilo\\core.py",
            "lineno": 262,
            "message": "TypeError"
          }
        ],
        "longrepr": "self = <tests.test_namesilo.NameSiloTestCase testMethod=test_domain_price>\nmock_content_xml = <AsyncMock name='_process_data' id='1853945343440'>\n\n    @mock.patch('namesilo.core.NameSilo._process_data')\n    def test_domain_price(self, mock_content_xml):\n        mock_content_xml.return_value = mocked_data\n>       self.assertIsInstance(self.ns.get_prices(), dict)\n                              ^^^^^^^^^^^^^^^^^^^^\n\ntests\\test_namesilo.py:214: \n_ _ _ _ _ _ _ _ _ _ _ _ _ _ _ _ _ _ _ _ _ _ _ _ _ _ _ _ _ _ _ _ _ _ _ _ _ _ _ _\n\nself = <namesilo.core.NameSilo object at 0x000001AFA7C0CB50>\n\n    def get_prices(self):\n        \"\"\"\n        Returns all prices for supported TLDs\n    \n        :return: Prices for supported TLDs\n        :rtype: dict\n        \"\"\"\n        url_extend = f\"getPrices?version=1&type=xml&key={self._token}\"\n        parsed_content = self._process_data(url_extend)\n>       return parsed_content['namesilo']['reply']\n               ^^^^^^^^^^^^^^^^^^^^^^^^^^\nE       TypeError: 'coroutine' object is not subscriptable\n\nnamesilo\\core.py:262: TypeError"
      },
      "teardown": {
        "outcome": "passed"
      }
    },
    {
      "nodeid": "tests/test_namesilo.py::NameSiloTestCase::test_domain_registration",
      "lineno": 96,
      "outcome": "passed",
      "keywords": [
        "test_domain_registration",
        "__wrapped__",
        "patchings",
        "NameSiloTestCase",
        "test_namesilo.py",
        "tests",
        "goranvrbaski@python-namesilo__4c867e65__requests__aiohttp",
        ""
      ],
      "setup": {
        "outcome": "passed"
      },
      "call": {
        "outcome": "passed"
      },
      "teardown": {
        "outcome": "passed"
      }
    },
    {
      "nodeid": "tests/test_namesilo.py::NameSiloTestCase::test_domain_registration_fail",
      "lineno": 249,
      "outcome": "failed",
      "keywords": [
        "test_domain_registration_fail",
        "__wrapped__",
        "patchings",
        "NameSiloTestCase",
        "test_namesilo.py",
        "tests",
        "goranvrbaski@python-namesilo__4c867e65__requests__aiohttp",
        ""
      ],
      "setup": {
        "outcome": "passed"
      },
      "call": {
        "outcome": "failed",
        "crash": {
          "path": "C:\\Users\\Mohay\\AppData\\Local\\Programs\\Python\\Python311\\Lib\\unittest\\case.py",
          "lineno": 199,
          "message": "AssertionError: DomainProcessingError not raised by register_domain"
        },
        "traceback": [
          {
            "path": "tests\\test_namesilo.py",
            "lineno": 255,
            "message": "AssertionError"
          }
        ],
        "longrepr": "self = <tests.test_namesilo.NameSiloTestCase testMethod=test_domain_registration_fail>\nmock_content_xml = <AsyncMock name='_get_content_xml' id='1853946360400'>\n\n    @mock.patch('namesilo.core.NameSilo._get_content_xml')\n    def test_domain_registration_fail(self, mock_content_xml):\n        domain_name = \"some-domain.com\"\n        mocked_data['namesilo']['reply']['code'] = 261\n        mock_content_xml.return_value = mocked_data\n>       self.assertRaises(DomainProcessingError, self.ns.register_domain,\n                          domain_name)\nE       AssertionError: DomainProcessingError not raised by register_domain\n\ntests\\test_namesilo.py:255: AssertionError"
      },
      "teardown": {
        "outcome": "passed"
      }
    },
    {
      "nodeid": "tests/test_namesilo.py::NameSiloTestCase::test_domain_renewal",
      "lineno": 106,
      "outcome": "passed",
      "keywords": [
        "test_domain_renewal",
        "__wrapped__",
        "patchings",
        "NameSiloTestCase",
        "test_namesilo.py",
        "tests",
        "goranvrbaski@python-namesilo__4c867e65__requests__aiohttp",
        ""
      ],
      "setup": {
        "outcome": "passed"
      },
      "call": {
        "outcome": "passed"
      },
      "teardown": {
        "outcome": "passed"
      }
    },
    {
      "nodeid": "tests/test_namesilo.py::NameSiloTestCase::test_get_content_xml",
      "lineno": 31,
      "outcome": "failed",
      "keywords": [
        "test_get_content_xml",
        "__wrapped__",
        "patchings",
        "NameSiloTestCase",
        "test_namesilo.py",
        "tests",
        "goranvrbaski@python-namesilo__4c867e65__requests__aiohttp",
        ""
      ],
      "setup": {
        "outcome": "passed"
      },
      "call": {
        "outcome": "failed",
        "crash": {
          "path": "C:\\Users\\Mohay\\AppData\\Local\\Programs\\Python\\Python311\\Lib\\pkgutil.py",
          "lineno": 715,
          "message": "AttributeError: module 'namesilo.core' has no attribute 'requests'"
        },
        "traceback": [
          {
            "path": "C:\\Users\\Mohay\\AppData\\Local\\Programs\\Python\\Python311\\Lib\\unittest\\mock.py",
            "lineno": 1375,
            "message": "in patched"
          },
          {
            "path": "C:\\Users\\Mohay\\AppData\\Local\\Programs\\Python\\Python311\\Lib\\contextlib.py",
            "lineno": 137,
            "message": "in __enter__"
          },
          {
            "path": "C:\\Users\\Mohay\\AppData\\Local\\Programs\\Python\\Python311\\Lib\\unittest\\mock.py",
            "lineno": 1357,
            "message": "in decoration_helper"
          },
          {
            "path": "C:\\Users\\Mohay\\AppData\\Local\\Programs\\Python\\Python311\\Lib\\contextlib.py",
            "lineno": 517,
            "message": "in enter_context"
          },
          {
            "path": "C:\\Users\\Mohay\\AppData\\Local\\Programs\\Python\\Python311\\Lib\\unittest\\mock.py",
            "lineno": 1430,
            "message": "in __enter__"
          },
          {
            "path": "C:\\Users\\Mohay\\AppData\\Local\\Programs\\Python\\Python311\\Lib\\pkgutil.py",
            "lineno": 715,
            "message": "AttributeError"
          }
        ],
        "longrepr": "C:\\Users\\Mohay\\AppData\\Local\\Programs\\Python\\Python311\\Lib\\unittest\\mock.py:1375: in patched\n    with self.decoration_helper(patched,\nC:\\Users\\Mohay\\AppData\\Local\\Programs\\Python\\Python311\\Lib\\contextlib.py:137: in __enter__\n    return next(self.gen)\n           ^^^^^^^^^^^^^^\nC:\\Users\\Mohay\\AppData\\Local\\Programs\\Python\\Python311\\Lib\\unittest\\mock.py:1357: in decoration_helper\n    arg = exit_stack.enter_context(patching)\n          ^^^^^^^^^^^^^^^^^^^^^^^^^^^^^^^^^^\nC:\\Users\\Mohay\\AppData\\Local\\Programs\\Python\\Python311\\Lib\\contextlib.py:517: in enter_context\n    result = _enter(cm)\n             ^^^^^^^^^^\nC:\\Users\\Mohay\\AppData\\Local\\Programs\\Python\\Python311\\Lib\\unittest\\mock.py:1430: in __enter__\n    self.target = self.getter()\n                  ^^^^^^^^^^^^^\n_ _ _ _ _ _ _ _ _ _ _ _ _ _ _ _ _ _ _ _ _ _ _ _ _ _ _ _ _ _ _ _ _ _ _ _ _ _ _ _\n\nname = 'namesilo.core.requests'\n\n    def resolve_name(name):\n        \"\"\"\n        Resolve a name to an object.\n    \n        It is expected that `name` will be a string in one of the following\n        formats, where W is shorthand for a valid Python identifier and dot stands\n        for a literal period in these pseudo-regexes:\n    \n        W(.W)*\n        W(.W)*:(W(.W)*)?\n    \n        The first form is intended for backward compatibility only. It assumes that\n        some part of the dotted name is a package, and the rest is an object\n        somewhere within that package, possibly nested inside other objects.\n        Because the place where the package stops and the object hierarchy starts\n        can't be inferred by inspection, repeated attempts to import must be done\n        with this form.\n    \n        In the second form, the caller makes the division point clear through the\n        provision of a single colon: the dotted name to the left of the colon is a\n        package to be imported, and the dotted name to the right is the object\n        hierarchy within that package. Only one import is needed in this form. If\n        it ends with the colon, then a module object is returned.\n    \n        The function will return an object (which might be a module), or raise one\n        of the following exceptions:\n    \n        ValueError - if `name` isn't in a recognised format\n        ImportError - if an import failed when it shouldn't have\n        AttributeError - if a failure occurred when traversing the object hierarchy\n                         within the imported package to get to the desired object.\n        \"\"\"\n        global _NAME_PATTERN\n        if _NAME_PATTERN is None:\n            # Lazy import to speedup Python startup time\n            import re\n            dotted_words = r'(?!\\d)(\\w+)(\\.(?!\\d)(\\w+))*'\n            _NAME_PATTERN = re.compile(f'^(?P<pkg>{dotted_words})'\n                                       f'(?P<cln>:(?P<obj>{dotted_words})?)?$',\n                                       re.UNICODE)\n    \n        m = _NAME_PATTERN.match(name)\n        if not m:\n            raise ValueError(f'invalid format: {name!r}')\n        gd = m.groupdict()\n        if gd.get('cln'):\n            # there is a colon - a one-step import is all that's needed\n            mod = importlib.import_module(gd['pkg'])\n            parts = gd.get('obj')\n            parts = parts.split('.') if parts else []\n        else:\n            # no colon - have to iterate to find the package boundary\n            parts = name.split('.')\n            modname = parts.pop(0)\n            # first part *must* be a module/package.\n            mod = importlib.import_module(modname)\n            while parts:\n                p = parts[0]\n                s = f'{modname}.{p}'\n                try:\n                    mod = importlib.import_module(s)\n                    parts.pop(0)\n                    modname = s\n                except ImportError:\n                    break\n        # if we reach this point, mod is the module, already imported, and\n        # parts is the list of parts in the object hierarchy to be traversed, or\n        # an empty list if just the module is wanted.\n        result = mod\n        for p in parts:\n>           result = getattr(result, p)\n                     ^^^^^^^^^^^^^^^^^^\nE           AttributeError: module 'namesilo.core' has no attribute 'requests'\n\nC:\\Users\\Mohay\\AppData\\Local\\Programs\\Python\\Python311\\Lib\\pkgutil.py:715: AttributeError"
      },
      "teardown": {
        "outcome": "passed"
      }
    },
    {
      "nodeid": "tests/test_namesilo.py::NameSiloTestCase::test_get_content_xml_exception",
      "lineno": 45,
      "outcome": "failed",
      "keywords": [
        "test_get_content_xml_exception",
        "__wrapped__",
        "patchings",
        "NameSiloTestCase",
        "test_namesilo.py",
        "tests",
        "goranvrbaski@python-namesilo__4c867e65__requests__aiohttp",
        ""
      ],
      "setup": {
        "outcome": "passed"
      },
      "call": {
        "outcome": "failed",
        "crash": {
          "path": "C:\\Users\\Mohay\\AppData\\Local\\Programs\\Python\\Python311\\Lib\\pkgutil.py",
          "lineno": 715,
          "message": "AttributeError: module 'namesilo.core' has no attribute 'requests'"
        },
        "traceback": [
          {
            "path": "C:\\Users\\Mohay\\AppData\\Local\\Programs\\Python\\Python311\\Lib\\unittest\\mock.py",
            "lineno": 1375,
            "message": "in patched"
          },
          {
            "path": "C:\\Users\\Mohay\\AppData\\Local\\Programs\\Python\\Python311\\Lib\\contextlib.py",
            "lineno": 137,
            "message": "in __enter__"
          },
          {
            "path": "C:\\Users\\Mohay\\AppData\\Local\\Programs\\Python\\Python311\\Lib\\unittest\\mock.py",
            "lineno": 1357,
            "message": "in decoration_helper"
          },
          {
            "path": "C:\\Users\\Mohay\\AppData\\Local\\Programs\\Python\\Python311\\Lib\\contextlib.py",
            "lineno": 517,
            "message": "in enter_context"
          },
          {
            "path": "C:\\Users\\Mohay\\AppData\\Local\\Programs\\Python\\Python311\\Lib\\unittest\\mock.py",
            "lineno": 1430,
            "message": "in __enter__"
          },
          {
            "path": "C:\\Users\\Mohay\\AppData\\Local\\Programs\\Python\\Python311\\Lib\\pkgutil.py",
            "lineno": 715,
            "message": "AttributeError"
          }
        ],
        "longrepr": "C:\\Users\\Mohay\\AppData\\Local\\Programs\\Python\\Python311\\Lib\\unittest\\mock.py:1375: in patched\n    with self.decoration_helper(patched,\nC:\\Users\\Mohay\\AppData\\Local\\Programs\\Python\\Python311\\Lib\\contextlib.py:137: in __enter__\n    return next(self.gen)\n           ^^^^^^^^^^^^^^\nC:\\Users\\Mohay\\AppData\\Local\\Programs\\Python\\Python311\\Lib\\unittest\\mock.py:1357: in decoration_helper\n    arg = exit_stack.enter_context(patching)\n          ^^^^^^^^^^^^^^^^^^^^^^^^^^^^^^^^^^\nC:\\Users\\Mohay\\AppData\\Local\\Programs\\Python\\Python311\\Lib\\contextlib.py:517: in enter_context\n    result = _enter(cm)\n             ^^^^^^^^^^\nC:\\Users\\Mohay\\AppData\\Local\\Programs\\Python\\Python311\\Lib\\unittest\\mock.py:1430: in __enter__\n    self.target = self.getter()\n                  ^^^^^^^^^^^^^\n_ _ _ _ _ _ _ _ _ _ _ _ _ _ _ _ _ _ _ _ _ _ _ _ _ _ _ _ _ _ _ _ _ _ _ _ _ _ _ _\n\nname = 'namesilo.core.requests'\n\n    def resolve_name(name):\n        \"\"\"\n        Resolve a name to an object.\n    \n        It is expected that `name` will be a string in one of the following\n        formats, where W is shorthand for a valid Python identifier and dot stands\n        for a literal period in these pseudo-regexes:\n    \n        W(.W)*\n        W(.W)*:(W(.W)*)?\n    \n        The first form is intended for backward compatibility only. It assumes that\n        some part of the dotted name is a package, and the rest is an object\n        somewhere within that package, possibly nested inside other objects.\n        Because the place where the package stops and the object hierarchy starts\n        can't be inferred by inspection, repeated attempts to import must be done\n        with this form.\n    \n        In the second form, the caller makes the division point clear through the\n        provision of a single colon: the dotted name to the left of the colon is a\n        package to be imported, and the dotted name to the right is the object\n        hierarchy within that package. Only one import is needed in this form. If\n        it ends with the colon, then a module object is returned.\n    \n        The function will return an object (which might be a module), or raise one\n        of the following exceptions:\n    \n        ValueError - if `name` isn't in a recognised format\n        ImportError - if an import failed when it shouldn't have\n        AttributeError - if a failure occurred when traversing the object hierarchy\n                         within the imported package to get to the desired object.\n        \"\"\"\n        global _NAME_PATTERN\n        if _NAME_PATTERN is None:\n            # Lazy import to speedup Python startup time\n            import re\n            dotted_words = r'(?!\\d)(\\w+)(\\.(?!\\d)(\\w+))*'\n            _NAME_PATTERN = re.compile(f'^(?P<pkg>{dotted_words})'\n                                       f'(?P<cln>:(?P<obj>{dotted_words})?)?$',\n                                       re.UNICODE)\n    \n        m = _NAME_PATTERN.match(name)\n        if not m:\n            raise ValueError(f'invalid format: {name!r}')\n        gd = m.groupdict()\n        if gd.get('cln'):\n            # there is a colon - a one-step import is all that's needed\n            mod = importlib.import_module(gd['pkg'])\n            parts = gd.get('obj')\n            parts = parts.split('.') if parts else []\n        else:\n            # no colon - have to iterate to find the package boundary\n            parts = name.split('.')\n            modname = parts.pop(0)\n            # first part *must* be a module/package.\n            mod = importlib.import_module(modname)\n            while parts:\n                p = parts[0]\n                s = f'{modname}.{p}'\n                try:\n                    mod = importlib.import_module(s)\n                    parts.pop(0)\n                    modname = s\n                except ImportError:\n                    break\n        # if we reach this point, mod is the module, already imported, and\n        # parts is the list of parts in the object hierarchy to be traversed, or\n        # an empty list if just the module is wanted.\n        result = mod\n        for p in parts:\n>           result = getattr(result, p)\n                     ^^^^^^^^^^^^^^^^^^\nE           AttributeError: module 'namesilo.core' has no attribute 'requests'\n\nC:\\Users\\Mohay\\AppData\\Local\\Programs\\Python\\Python311\\Lib\\pkgutil.py:715: AttributeError"
      },
      "teardown": {
        "outcome": "passed"
      }
    },
    {
      "nodeid": "tests/test_namesilo.py::NameSiloTestCase::test_get_domain_info",
      "lineno": 224,
      "outcome": "failed",
      "keywords": [
        "test_get_domain_info",
        "__wrapped__",
        "patchings",
        "NameSiloTestCase",
        "test_namesilo.py",
        "tests",
        "goranvrbaski@python-namesilo__4c867e65__requests__aiohttp",
        ""
      ],
      "setup": {
        "outcome": "passed"
      },
      "call": {
        "outcome": "failed",
        "crash": {
          "path": "C:\\Users\\Mohay\\AppData\\Local\\Programs\\Python\\Python311\\Lib\\unittest\\case.py",
          "lineno": 703,
          "message": "AssertionError: <coroutine object NameSilo.get_domain_info at 0x000001AFA7C7C7C0> is not an instance of <class 'namesilo.common.models.DomainInfo'>"
        },
        "traceback": [
          {
            "path": "tests\\test_namesilo.py",
            "lineno": 229,
            "message": "AssertionError"
          }
        ],
        "longrepr": "self = <tests.test_namesilo.NameSiloTestCase testMethod=test_get_domain_info>\nmock_content_xml = <AsyncMock name='_process_data' id='1853946361616'>\n\n    @mock.patch('namesilo.core.NameSilo._process_data')\n    def test_get_domain_info(self, mock_content_xml):\n        mock_content_xml.return_value = mocked_data\n        mocked_data['namesilo']['reply']['code'] = 300\n>       self.assertIsInstance(\n            self.ns.get_domain_info(\"some-domain.com\"), DomainInfo\n        )\nE       AssertionError: <coroutine object NameSilo.get_domain_info at 0x000001AFA7C7C7C0> is not an instance of <class 'namesilo.common.models.DomainInfo'>\n\ntests\\test_namesilo.py:229: AssertionError"
      },
      "teardown": {
        "outcome": "passed"
      }
    },
    {
      "nodeid": "tests/test_namesilo.py::NameSiloTestCase::test_list_dns_records",
      "lineno": 301,
      "outcome": "failed",
      "keywords": [
        "test_list_dns_records",
        "__wrapped__",
        "patchings",
        "NameSiloTestCase",
        "test_namesilo.py",
        "tests",
        "goranvrbaski@python-namesilo__4c867e65__requests__aiohttp",
        ""
      ],
      "setup": {
        "outcome": "passed"
      },
      "call": {
        "outcome": "failed",
        "crash": {
          "path": "D:\\repos\\goranvrbaski@python-namesilo__4c867e65__requests__aiohttp\\namesilo\\core.py",
          "lineno": 399,
          "message": "TypeError: 'coroutine' object is not subscriptable"
        },
        "traceback": [
          {
            "path": "tests\\test_namesilo.py",
            "lineno": 306,
            "message": ""
          },
          {
            "path": "namesilo\\core.py",
            "lineno": 399,
            "message": "TypeError"
          }
        ],
        "longrepr": "self = <tests.test_namesilo.NameSiloTestCase testMethod=test_list_dns_records>\nmock_content_xml = <AsyncMock name='_process_data' id='1853944996112'>\n\n    @mock.patch('namesilo.core.NameSilo._process_data')\n    def test_list_dns_records(self, mock_content_xml):\n        domain_name = \"some-domain.com\"\n        mock_content_xml.return_value = mocked_data\n>       result = self.ns.list_dns_records(domain_name)\n                 ^^^^^^^^^^^^^^^^^^^^^^^^^^^^^^^^^^^^^\n\ntests\\test_namesilo.py:306: \n_ _ _ _ _ _ _ _ _ _ _ _ _ _ _ _ _ _ _ _ _ _ _ _ _ _ _ _ _ _ _ _ _ _ _ _ _ _ _ _\n\nself = <namesilo.core.NameSilo object at 0x000001AFA7BB8890>\ndomain_name = 'some-domain.com'\n\n    def list_dns_records(self, domain_name) -> List:\n        \"\"\"\n        List all DNS records for specified domain name\n    \n        :param str domain_name: Domain name for listing DNS records\n        :return: Returns a list of DNS records for specified domain name\n        :rtype: list\n        \"\"\"\n    \n        url_extend = f\"dnsListRecords?version=1&type=xml&key={self._token}\" \\\n                     f\"&domain={domain_name}\"\n        parsed_context = self._process_data(url_extend)\n>       records = parsed_context['namesilo']['reply']['resource_record']\n                  ^^^^^^^^^^^^^^^^^^^^^^^^^^\nE       TypeError: 'coroutine' object is not subscriptable\n\nnamesilo\\core.py:399: TypeError"
      },
      "teardown": {
        "outcome": "passed"
      }
    },
    {
      "nodeid": "tests/test_namesilo.py::NameSiloTestCase::test_list_domains",
      "lineno": 135,
      "outcome": "failed",
      "keywords": [
        "test_list_domains",
        "__wrapped__",
        "patchings",
        "NameSiloTestCase",
        "test_namesilo.py",
        "tests",
        "goranvrbaski@python-namesilo__4c867e65__requests__aiohttp",
        ""
      ],
      "setup": {
        "outcome": "passed"
      },
      "call": {
        "outcome": "failed",
        "crash": {
          "path": "C:\\Users\\Mohay\\AppData\\Local\\Programs\\Python\\Python311\\Lib\\unittest\\case.py",
          "lineno": 866,
          "message": "AssertionError: <coroutine object NameSilo.list_domains at 0x000001AFA73026C0> != ['some-example-domain.com', 'example.com']"
        },
        "traceback": [
          {
            "path": "tests\\test_namesilo.py",
            "lineno": 140,
            "message": "AssertionError"
          }
        ],
        "longrepr": "self = <tests.test_namesilo.NameSiloTestCase testMethod=test_list_domains>\nmock_content_xml = <AsyncMock name='_process_data' id='1853966316432'>\n\n    @mock.patch('namesilo.core.NameSilo._process_data')\n    def test_list_domains(self, mock_content_xml):\n        mocked_data['namesilo']['reply']['code'] = 300\n        mock_content_xml.return_value = mocked_data\n>       self.assertEqual(\n            self.ns.list_domains(),\n            mocked_data['namesilo']['reply']['domains']['domain']\n        )\nE       AssertionError: <coroutine object NameSilo.list_domains at 0x000001AFA73026C0> != ['some-example-domain.com', 'example.com']\n\ntests\\test_namesilo.py:140: AssertionError"
      },
      "teardown": {
        "outcome": "passed"
      }
    },
    {
      "nodeid": "tests/test_namesilo.py::NameSiloTestCase::test_lock_domain",
      "lineno": 117,
      "outcome": "passed",
      "keywords": [
        "test_lock_domain",
        "__wrapped__",
        "patchings",
        "NameSiloTestCase",
        "test_namesilo.py",
        "tests",
        "goranvrbaski@python-namesilo__4c867e65__requests__aiohttp",
        ""
      ],
      "setup": {
        "outcome": "passed"
      },
      "call": {
        "outcome": "passed"
      },
      "teardown": {
        "outcome": "passed"
      }
    },
    {
      "nodeid": "tests/test_namesilo.py::NameSiloTestCase::test_process_data",
      "lineno": 22,
      "outcome": "failed",
      "keywords": [
        "test_process_data",
        "__wrapped__",
        "patchings",
        "NameSiloTestCase",
        "test_namesilo.py",
        "tests",
        "goranvrbaski@python-namesilo__4c867e65__requests__aiohttp",
        ""
      ],
      "setup": {
        "outcome": "passed"
      },
      "call": {
        "outcome": "failed",
        "crash": {
          "path": "C:\\Users\\Mohay\\AppData\\Local\\Programs\\Python\\Python311\\Lib\\unittest\\mock.py",
          "lineno": 950,
          "message": "AssertionError: Expected '_get_content_xml' to be called once. Called 0 times."
        },
        "traceback": [
          {
            "path": "tests\\test_namesilo.py",
            "lineno": 28,
            "message": ""
          },
          {
            "path": "C:\\Users\\Mohay\\AppData\\Local\\Programs\\Python\\Python311\\Lib\\unittest\\mock.py",
            "lineno": 950,
            "message": "AssertionError"
          }
        ],
        "longrepr": "self = <tests.test_namesilo.NameSiloTestCase testMethod=test_process_data>\nmock_xml = <AsyncMock name='_get_content_xml' id='1853968069904'>\nmock_check = <MagicMock name='check_error_code' id='1853946575376'>\nmock_error_code = <MagicMock name='_get_error_code' id='1853946394704'>\n\n    @mock.patch('namesilo.core.NameSilo._get_error_code')\n    @mock.patch('namesilo.core.NameSilo.check_error_code')\n    @mock.patch('namesilo.core.NameSilo._get_content_xml')\n    def test_process_data(self, mock_xml, mock_check, mock_error_code):\n        self.ns._process_data(\"some-url-extend\")\n>       mock_xml.assert_called_once_with(\"some-url-extend\")\n\ntests\\test_namesilo.py:28: \n_ _ _ _ _ _ _ _ _ _ _ _ _ _ _ _ _ _ _ _ _ _ _ _ _ _ _ _ _ _ _ _ _ _ _ _ _ _ _ _\n\nself = <AsyncMock name='_get_content_xml' id='1853968069904'>\nargs = ('some-url-extend',), kwargs = {}\nmsg = \"Expected '_get_content_xml' to be called once. Called 0 times.\"\n\n    def assert_called_once_with(self, /, *args, **kwargs):\n        \"\"\"assert that the mock was called exactly once and that that call was\n        with the specified arguments.\"\"\"\n        if not self.call_count == 1:\n            msg = (\"Expected '%s' to be called once. Called %s times.%s\"\n                   % (self._mock_name or 'mock',\n                      self.call_count,\n                      self._calls_repr()))\n>           raise AssertionError(msg)\nE           AssertionError: Expected '_get_content_xml' to be called once. Called 0 times.\n\nC:\\Users\\Mohay\\AppData\\Local\\Programs\\Python\\Python311\\Lib\\unittest\\mock.py:950: AssertionError"
      },
      "teardown": {
        "outcome": "passed"
      }
    },
    {
      "nodeid": "tests/test_namesilo.py::NameSiloTestCase::test_production_api_url",
      "lineno": 14,
      "outcome": "passed",
      "keywords": [
        "test_production_api_url",
        "NameSiloTestCase",
        "test_namesilo.py",
        "tests",
        "goranvrbaski@python-namesilo__4c867e65__requests__aiohttp",
        ""
      ],
      "setup": {
        "outcome": "passed"
      },
      "call": {
        "outcome": "passed"
      },
      "teardown": {
        "outcome": "passed"
      }
    },
    {
      "nodeid": "tests/test_namesilo.py::NameSiloTestCase::test_remove_auto_renew_domain",
      "lineno": 291,
      "outcome": "passed",
      "keywords": [
        "test_remove_auto_renew_domain",
        "__wrapped__",
        "patchings",
        "NameSiloTestCase",
        "test_namesilo.py",
        "tests",
        "goranvrbaski@python-namesilo__4c867e65__requests__aiohttp",
        ""
      ],
      "setup": {
        "outcome": "passed"
      },
      "call": {
        "outcome": "passed"
      },
      "teardown": {
        "outcome": "passed"
      }
    },
    {
      "nodeid": "tests/test_namesilo.py::NameSiloTestCase::test_remove_domain_privacy",
      "lineno": 271,
      "outcome": "passed",
      "keywords": [
        "test_remove_domain_privacy",
        "__wrapped__",
        "patchings",
        "NameSiloTestCase",
        "test_namesilo.py",
        "tests",
        "goranvrbaski@python-namesilo__4c867e65__requests__aiohttp",
        ""
      ],
      "setup": {
        "outcome": "passed"
      },
      "call": {
        "outcome": "passed"
      },
      "teardown": {
        "outcome": "passed"
      }
    },
    {
      "nodeid": "tests/test_namesilo.py::NameSiloTestCase::test_sandbox_api_url",
      "lineno": 18,
      "outcome": "passed",
      "keywords": [
        "test_sandbox_api_url",
        "NameSiloTestCase",
        "test_namesilo.py",
        "tests",
        "goranvrbaski@python-namesilo__4c867e65__requests__aiohttp",
        ""
      ],
      "setup": {
        "outcome": "passed"
      },
      "call": {
        "outcome": "passed"
      },
      "teardown": {
        "outcome": "passed"
      }
    },
    {
      "nodeid": "tests/test_namesilo.py::NameSiloTestCase::test_unlock_domain",
      "lineno": 126,
      "outcome": "passed",
      "keywords": [
        "test_unlock_domain",
        "__wrapped__",
        "patchings",
        "NameSiloTestCase",
        "test_namesilo.py",
        "tests",
        "goranvrbaski@python-namesilo__4c867e65__requests__aiohttp",
        ""
      ],
      "setup": {
        "outcome": "passed"
      },
      "call": {
        "outcome": "passed"
      },
      "teardown": {
        "outcome": "passed"
      }
    },
    {
      "nodeid": "tests/test_namesilo.py::NameSiloTestCase::test_update_contact",
      "lineno": 175,
      "outcome": "passed",
      "keywords": [
        "test_update_contact",
        "__wrapped__",
        "patchings",
        "NameSiloTestCase",
        "test_namesilo.py",
        "tests",
        "goranvrbaski@python-namesilo__4c867e65__requests__aiohttp",
        ""
      ],
      "setup": {
        "outcome": "passed"
      },
      "call": {
        "outcome": "passed"
      },
      "teardown": {
        "outcome": "passed"
      }
    },
    {
      "nodeid": "tests/test_namesilo.py::NameSiloTestCase::test_update_dns_record",
      "lineno": 321,
      "outcome": "failed",
      "keywords": [
        "test_update_dns_record",
        "__wrapped__",
        "patchings",
        "NameSiloTestCase",
        "test_namesilo.py",
        "tests",
        "goranvrbaski@python-namesilo__4c867e65__requests__aiohttp",
        ""
      ],
      "setup": {
        "outcome": "passed"
      },
      "call": {
        "outcome": "failed",
        "crash": {
          "path": "D:\\repos\\goranvrbaski@python-namesilo__4c867e65__requests__aiohttp\\namesilo\\core.py",
          "lineno": 455,
          "message": "TypeError: 'coroutine' object is not subscriptable"
        },
        "traceback": [
          {
            "path": "tests\\test_namesilo.py",
            "lineno": 325,
            "message": ""
          },
          {
            "path": "namesilo\\core.py",
            "lineno": 455,
            "message": "TypeError"
          }
        ],
        "longrepr": "self = <tests.test_namesilo.NameSiloTestCase testMethod=test_update_dns_record>\nmock_content_xml = <AsyncMock name='_process_data' id='1853968101648'>\n\n    @mock.patch('namesilo.core.NameSilo._process_data')\n    def test_update_dns_record(self, mock_content_xml):\n        mock_content_xml.return_value = mocked_data\n>       record_id = self.ns.update_dns_records(\n            \"some-domain.com\", \"e3f383786a647e83c49c6082c7ce8014\", \"test.some-domain.com\", \"192.168.71.55\"\n        )\n\ntests\\test_namesilo.py:325: \n_ _ _ _ _ _ _ _ _ _ _ _ _ _ _ _ _ _ _ _ _ _ _ _ _ _ _ _ _ _ _ _ _ _ _ _ _ _ _ _\n\nself = <namesilo.core.NameSilo object at 0x000001AFA91C2ED0>\ndomain_name = 'some-domain.com', record_id = 'e3f383786a647e83c49c6082c7ce8014'\nrecord_host = 'test.some-domain.com', record_value = '192.168.71.55', ttl = 7207\n\n    def update_dns_records(\n            self,\n            domain_name:\n            str,\n            record_id: str,\n            record_host: str,\n            record_value: str,\n            ttl: int = 7207\n    ) -> int:\n        \"\"\"\n        Update an existing DNS resource record\n    \n        :param str domain_name: Domain name for updating DNS record\n        :param str record_id: The unique ID of the resource record\n        :param str record_host: The hostname to use\n        :param str record_value: The value for the resource record\n        :param int ttl: The TTL for this record\n        :return: Returns record id for updated domain record\n        :rtype: int\n        \"\"\"\n    \n        url_extend = f\"dnsUpdateRecord?version=1&type=xml\" \\\n                     f\"&key={self._token}&domain={domain_name}&\" \\\n                     f\"rrid={record_id}&rrhost={record_host}\" \\\n                     f\"&rrvalue={record_value}&rrttl={ttl}\"\n        parsed_context = self._process_data(url_extend)\n>       new_record_id = parsed_context['namesilo']['reply']['record_id']\n                        ^^^^^^^^^^^^^^^^^^^^^^^^^^\nE       TypeError: 'coroutine' object is not subscriptable\n\nnamesilo\\core.py:455: TypeError"
      },
      "teardown": {
        "outcome": "passed"
      }
    }
  ],
  "warnings": [
    {
      "message": "coroutine 'AsyncMockMixin._execute_mock_call' was never awaited",
      "category": "RuntimeWarning",
      "when": "runtest",
      "filename": "D:\\repos\\goranvrbaski@python-namesilo__4c867e65__requests__aiohttp\\namesilo\\core.py",
      "lineno": 299
    },
    {
      "message": "coroutine 'AsyncMockMixin._execute_mock_call' was never awaited",
      "category": "RuntimeWarning",
      "when": "runtest",
      "filename": "D:\\repos\\goranvrbaski@python-namesilo__4c867e65__requests__aiohttp\\namesilo\\core.py",
      "lineno": 371
    },
    {
      "message": "coroutine 'AsyncMockMixin._execute_mock_call' was never awaited",
      "category": "RuntimeWarning",
      "when": "runtest",
      "filename": "D:\\repos\\goranvrbaski@python-namesilo__4c867e65__requests__aiohttp\\namesilo\\core.py",
      "lineno": 237
    },
    {
      "message": "coroutine 'NameSilo.change_domain_nameservers' was never awaited",
      "category": "RuntimeWarning",
      "when": "runtest",
      "filename": "D:\\repos\\goranvrbaski@python-namesilo__4c867e65__requests__aiohttp\\tests\\test_namesilo.py",
      "lineno": 240
    },
    {
      "message": "coroutine 'AsyncMockMixin._execute_mock_call' was never awaited",
      "category": "RuntimeWarning",
      "when": "runtest",
      "filename": "D:\\repos\\goranvrbaski@python-namesilo__4c867e65__requests__aiohttp\\tests\\test_namesilo.py",
      "lineno": 205
    },
    {
      "message": "coroutine 'NameSilo.check_domain' was never awaited",
      "category": "RuntimeWarning",
      "when": "runtest",
      "filename": "D:\\repos\\goranvrbaski@python-namesilo__4c867e65__requests__aiohttp\\tests\\test_namesilo.py",
      "lineno": 80
    },
    {
      "message": "coroutine 'NameSilo.check_domain' was never awaited",
      "category": "RuntimeWarning",
      "when": "runtest",
      "filename": "C:\\Users\\Mohay\\AppData\\Local\\Programs\\Python\\Python311\\Lib\\ast.py",
      "lineno": 255
    },
    {
      "message": "coroutine 'AsyncMockMixin._execute_mock_call' was never awaited",
      "category": "RuntimeWarning",
      "when": "runtest",
      "filename": "D:\\repos\\goranvrbaski@python-namesilo__4c867e65__requests__aiohttp\\namesilo\\core.py",
      "lineno": 188
    },
    {
      "message": "coroutine 'NameSilo._process_data' was never awaited",
      "category": "RuntimeWarning",
      "when": "runtest",
      "filename": "D:\\repos\\goranvrbaski@python-namesilo__4c867e65__requests__aiohttp\\namesilo\\core.py",
      "lineno": 188
    },
    {
      "message": "coroutine 'AsyncMockMixin._execute_mock_call' was never awaited",
      "category": "RuntimeWarning",
      "when": "runtest",
      "filename": "D:\\repos\\goranvrbaski@python-namesilo__4c867e65__requests__aiohttp\\namesilo\\core.py",
      "lineno": 202
    },
    {
      "message": "coroutine 'AsyncMockMixin._execute_mock_call' was never awaited",
      "category": "RuntimeWarning",
      "when": "runtest",
      "filename": "D:\\repos\\goranvrbaski@python-namesilo__4c867e65__requests__aiohttp\\namesilo\\core.py",
      "lineno": 213
    },
    {
      "message": "coroutine 'NameSilo._process_data' was never awaited",
      "category": "RuntimeWarning",
      "when": "runtest",
      "filename": "D:\\repos\\goranvrbaski@python-namesilo__4c867e65__requests__aiohttp\\tests\\test_namesilo.py",
      "lineno": 27
    },
    {
      "message": "coroutine 'AsyncMockMixin._execute_mock_call' was never awaited",
      "category": "RuntimeWarning",
      "when": "runtest",
      "filename": "D:\\repos\\goranvrbaski@python-namesilo__4c867e65__requests__aiohttp\\namesilo\\core.py",
      "lineno": 250
    },
    {
      "message": "coroutine 'AsyncMockMixin._execute_mock_call' was never awaited",
      "category": "RuntimeWarning",
      "when": "runtest",
      "filename": "D:\\repos\\goranvrbaski@python-namesilo__4c867e65__requests__aiohttp\\namesilo\\core.py",
      "lineno": 384
    },
    {
      "message": "coroutine 'AsyncMockMixin._execute_mock_call' was never awaited",
      "category": "RuntimeWarning",
      "when": "runtest",
      "filename": "D:\\repos\\goranvrbaski@python-namesilo__4c867e65__requests__aiohttp\\namesilo\\core.py",
      "lineno": 224
    },
    {
      "message": "coroutine 'AsyncMockMixin._execute_mock_call' was never awaited",
      "category": "RuntimeWarning",
      "when": "runtest",
      "filename": "D:\\repos\\goranvrbaski@python-namesilo__4c867e65__requests__aiohttp\\namesilo\\core.py",
      "lineno": 318
    }
  ]
}