{
  "exitcode": 1,
  "summary": {
    "failed": 12,
    "total": 12,
    "collected": 12
  },
  "collectors": [
    {
      "nodeid": "",
      "outcome": "passed",
      "result": [
        {
          "nodeid": ".",
          "type": "Dir"
        }
      ]
    },
    {
      "nodeid": "docs",
      "outcome": "passed",
      "result": []
    },
    {
      "nodeid": "github_nonpublic_api",
      "outcome": "passed",
      "result": []
    },
    {
      "nodeid": "github_nonpublic_api.egg-info",
      "outcome": "passed",
      "result": []
    },
    {
      "nodeid": "tests/test_api.py::TestCase",
      "outcome": "passed",
      "result": []
    },
    {
      "nodeid": "tests/test_api.py::TestApi",
      "outcome": "passed",
      "result": [
        {
          "nodeid": "tests/test_api.py::TestApi::test_create_business_org",
          "type": "TestCaseFunction",
          "lineno": 76
        },
        {
          "nodeid": "tests/test_api.py::TestApi::test_create_personal_org",
          "type": "TestCaseFunction",
          "lineno": 93
        },
        {
          "nodeid": "tests/test_api.py::TestApi::test_download_usage_report",
          "type": "TestCaseFunction",
          "lineno": 137
        },
        {
          "nodeid": "tests/test_api.py::TestApi::test_get_and_submit_form",
          "type": "TestCaseFunction",
          "lineno": 46
        },
        {
          "nodeid": "tests/test_api.py::TestApi::test_get_and_submit_form_by_id",
          "type": "TestCaseFunction",
          "lineno": 58
        },
        {
          "nodeid": "tests/test_api.py::TestApi::test_get_and_submit_form_by_id_error",
          "type": "TestCaseFunction",
          "lineno": 68
        },
        {
          "nodeid": "tests/test_api.py::TestApi::test_install_app_on_org",
          "type": "TestCaseFunction",
          "lineno": 118
        },
        {
          "nodeid": "tests/test_api.py::TestApi::test_request_usage_report",
          "type": "TestCaseFunction",
          "lineno": 108
        },
        {
          "nodeid": "tests/test_api.py::TestApi::test_suspend_app_toggle",
          "type": "TestCaseFunction",
          "lineno": 128
        },
        {
          "nodeid": "tests/test_api.py::TestApi::test_update_app_permissions",
          "type": "TestCaseFunction",
          "lineno": 143
        },
        {
          "nodeid": "tests/test_api.py::TestApi::test_update_security_analysis_settings_code_scanning",
          "type": "TestCaseFunction",
          "lineno": 157
        },
        {
          "nodeid": "tests/test_api.py::TestApi::test_update_security_analysis_settings_code_scanning_3p",
          "type": "TestCaseFunction",
          "lineno": 170
        }
      ]
    },
    {
      "nodeid": "tests/test_api.py",
      "outcome": "passed",
      "result": [
        {
          "nodeid": "tests/test_api.py::TestCase",
          "type": "UnitTestCase"
        },
        {
          "nodeid": "tests/test_api.py::TestApi",
          "type": "UnitTestCase"
        }
      ]
    },
    {
      "nodeid": "tests",
      "outcome": "passed",
      "result": [
        {
          "nodeid": "tests/test_api.py",
          "type": "Module"
        }
      ]
    },
    {
      "nodeid": ".",
      "outcome": "passed",
      "result": [
        {
          "nodeid": "docs",
          "type": "Dir"
        },
        {
          "nodeid": "github_nonpublic_api",
          "type": "Package"
        },
        {
          "nodeid": "github_nonpublic_api.egg-info",
          "type": "Dir"
        },
        {
          "nodeid": "tests",
          "type": "Package"
        }
      ]
    }
  ],
  "tests": [
    {
      "nodeid": "tests/test_api.py::TestApi::test_create_business_org",
      "lineno": 76,
      "outcome": "failed",
      "keywords": [
        "test_create_business_org",
        "TestApi",
        "test_api.py",
        "tests",
        "google@github_nonpublic_api__895a9075__requests__pycurl",
        ""
      ],
      "setup": {
        "outcome": "passed"
      },
      "call": {
        "outcome": "failed",
        "crash": {
          "path": "D:\\repos\\google@github_nonpublic_api__895a9075__requests__pycurl\\tests\\test_api.py",
          "lineno": 80,
          "message": "AttributeError: 'Api' object has no attribute 'create_organization'"
        },
        "traceback": [
          {
            "path": "tests\\test_api.py",
            "lineno": 80,
            "message": "AttributeError"
          }
        ],
        "longrepr": "self = <tests.test_api.TestApi testMethod=test_create_business_org>\n\n    def test_create_business_org(self):\n        self._seed_session_with_file(NEW_ORG_FORM_HTML)\n        gh = api.Api(username='user', password='pass', session=self.session)\n>       gh.create_organization(org_name='test', contact_email='nobody@google.com',\n                               org_usage=api.OrganizationUsage.BUSINESS,\n                               business_name='A Fake Business')\nE       AttributeError: 'Api' object has no attribute 'create_organization'\n\ntests\\test_api.py:80: AttributeError"
      },
      "teardown": {
        "outcome": "passed"
      }
    },
    {
      "nodeid": "tests/test_api.py::TestApi::test_create_personal_org",
      "lineno": 93,
      "outcome": "failed",
      "keywords": [
        "test_create_personal_org",
        "TestApi",
        "test_api.py",
        "tests",
        "google@github_nonpublic_api__895a9075__requests__pycurl",
        ""
      ],
      "setup": {
        "outcome": "passed"
      },
      "call": {
        "outcome": "failed",
        "crash": {
          "path": "D:\\repos\\google@github_nonpublic_api__895a9075__requests__pycurl\\tests\\test_api.py",
          "lineno": 97,
          "message": "AttributeError: 'Api' object has no attribute 'create_organization'"
        },
        "traceback": [
          {
            "path": "tests\\test_api.py",
            "lineno": 97,
            "message": "AttributeError"
          }
        ],
        "longrepr": "self = <tests.test_api.TestApi testMethod=test_create_personal_org>\n\n    def test_create_personal_org(self):\n        self._seed_session_with_file(NEW_ORG_FORM_HTML)\n        gh = api.Api(username='user', password='pass', session=self.session)\n>       gh.create_organization(org_name='test', contact_email='nobody@google.com',\n                               org_usage=api.OrganizationUsage.PERSONAL)\nE       AttributeError: 'Api' object has no attribute 'create_organization'\n\ntests\\test_api.py:97: AttributeError"
      },
      "teardown": {
        "outcome": "passed"
      }
    },
    {
      "nodeid": "tests/test_api.py::TestApi::test_download_usage_report",
      "lineno": 137,
      "outcome": "failed",
      "keywords": [
        "test_download_usage_report",
        "TestApi",
        "test_api.py",
        "tests",
        "google@github_nonpublic_api__895a9075__requests__pycurl",
        ""
      ],
      "setup": {
        "outcome": "passed"
      },
      "call": {
        "outcome": "failed",
        "crash": {
          "path": "D:\\repos\\google@github_nonpublic_api__895a9075__requests__pycurl\\tests\\test_api.py",
          "lineno": 141,
          "message": "AttributeError: 'Api' object has no attribute 'download_usage_report'"
        },
        "traceback": [
          {
            "path": "tests\\test_api.py",
            "lineno": 141,
            "message": "AttributeError"
          }
        ],
        "longrepr": "self = <tests.test_api.TestApi testMethod=test_download_usage_report>\n\n    def test_download_usage_report(self):\n        self._seed_session_with_file(DOWNLOAD_USAGE_REPORT_CSV)\n        gh = api.Api(username='user', password='pass', session=self.session)\n>       gh.download_usage_report(enterprise_name='test-enterprise', report_id=1)\nE       AttributeError: 'Api' object has no attribute 'download_usage_report'\n\ntests\\test_api.py:141: AttributeError"
      },
      "teardown": {
        "outcome": "passed"
      }
    },
    {
      "nodeid": "tests/test_api.py::TestApi::test_get_and_submit_form",
      "lineno": 46,
      "outcome": "failed",
      "keywords": [
        "test_get_and_submit_form",
        "TestApi",
        "test_api.py",
        "tests",
        "google@github_nonpublic_api__895a9075__requests__pycurl",
        ""
      ],
      "setup": {
        "outcome": "passed"
      },
      "call": {
        "outcome": "failed",
        "crash": {
          "path": "D:\\repos\\google@github_nonpublic_api__895a9075__requests__pycurl\\.venv\\Lib\\site-packages\\html5lib\\_inputstream.py",
          "lineno": 541,
          "message": "AssertionError"
        },
        "traceback": [
          {
            "path": "tests\\test_api.py",
            "lineno": 53,
            "message": ""
          },
          {
            "path": "github_nonpublic_api\\api.py",
            "lineno": 57,
            "message": "in _get_and_submit_form"
          },
          {
            "path": ".venv\\Lib\\site-packages\\html5lib\\html5parser.py",
            "lineno": 46,
            "message": "in parse"
          },
          {
            "path": ".venv\\Lib\\site-packages\\html5lib\\html5parser.py",
            "lineno": 284,
            "message": "in parse"
          },
          {
            "path": ".venv\\Lib\\site-packages\\html5lib\\html5parser.py",
            "lineno": 129,
            "message": "in _parse"
          },
          {
            "path": ".venv\\Lib\\site-packages\\html5lib\\_tokenizer.py",
            "lineno": 42,
            "message": "in __init__"
          },
          {
            "path": ".venv\\Lib\\site-packages\\html5lib\\_inputstream.py",
            "lineno": 145,
            "message": "in HTMLInputStream"
          },
          {
            "path": ".venv\\Lib\\site-packages\\html5lib\\_inputstream.py",
            "lineno": 422,
            "message": "in __init__"
          },
          {
            "path": ".venv\\Lib\\site-packages\\html5lib\\_inputstream.py",
            "lineno": 454,
            "message": "in determineEncoding"
          },
          {
            "path": ".venv\\Lib\\site-packages\\html5lib\\_inputstream.py",
            "lineno": 541,
            "message": "AssertionError"
          }
        ],
        "longrepr": "self = <tests.test_api.TestApi testMethod=test_get_and_submit_form>\n\n    def test_get_and_submit_form(self):\n        self._seed_session_with_file(GITHUB_FORM_HTML)\n    \n        def _data_callback(data):\n            data['add'] = 'yes'\n    \n>       api._get_and_submit_form(\n            session=self.session, url='http://github.com', data_callback=_data_callback)\n\ntests\\test_api.py:53: \n_ _ _ _ _ _ _ _ _ _ _ _ _ _ _ _ _ _ _ _ _ _ _ _ _ _ _ _ _ _ _ _ _ _ _ _ _ _ _ _\ngithub_nonpublic_api\\api.py:57: in _get_and_submit_form\n    doc = html5lib.parse(response_text, namespaceHTMLElements=False)\n.venv\\Lib\\site-packages\\html5lib\\html5parser.py:46: in parse\n    return p.parse(doc, **kwargs)\n.venv\\Lib\\site-packages\\html5lib\\html5parser.py:284: in parse\n    self._parse(stream, False, None, *args, **kwargs)\n.venv\\Lib\\site-packages\\html5lib\\html5parser.py:129: in _parse\n    self.tokenizer = _tokenizer.HTMLTokenizer(stream, parser=self, **kwargs)\n.venv\\Lib\\site-packages\\html5lib\\_tokenizer.py:42: in __init__\n    self.stream = HTMLInputStream(stream, **kwargs)\n.venv\\Lib\\site-packages\\html5lib\\_inputstream.py:145: in HTMLInputStream\n    return HTMLBinaryInputStream(source, **kwargs)\n.venv\\Lib\\site-packages\\html5lib\\_inputstream.py:422: in __init__\n    self.charEncoding = self.determineEncoding(useChardet)\n.venv\\Lib\\site-packages\\html5lib\\_inputstream.py:454: in determineEncoding\n    charEncoding = self.detectBOM(), \"certain\"\n_ _ _ _ _ _ _ _ _ _ _ _ _ _ _ _ _ _ _ _ _ _ _ _ _ _ _ _ _ _ _ _ _ _ _ _ _ _ _ _\n\nself = <html5lib._inputstream.HTMLBinaryInputStream object at 0x000002C8BBD90F10>\n\n    def detectBOM(self):\n        \"\"\"Attempts to detect at BOM at the start of the stream. If\n        an encoding can be determined from the BOM return the name of the\n        encoding otherwise return None\"\"\"\n        bomDict = {\n            codecs.BOM_UTF8: 'utf-8',\n            codecs.BOM_UTF16_LE: 'utf-16le', codecs.BOM_UTF16_BE: 'utf-16be',\n            codecs.BOM_UTF32_LE: 'utf-32le', codecs.BOM_UTF32_BE: 'utf-32be'\n        }\n    \n        # Go to beginning of file and read in 4 bytes\n        string = self.rawStream.read(4)\n>       assert isinstance(string, bytes)\nE       AssertionError\n\n.venv\\Lib\\site-packages\\html5lib\\_inputstream.py:541: AssertionError"
      },
      "teardown": {
        "outcome": "passed"
      }
    },
    {
      "nodeid": "tests/test_api.py::TestApi::test_get_and_submit_form_by_id",
      "lineno": 58,
      "outcome": "failed",
      "keywords": [
        "test_get_and_submit_form_by_id",
        "TestApi",
        "test_api.py",
        "tests",
        "google@github_nonpublic_api__895a9075__requests__pycurl",
        ""
      ],
      "setup": {
        "outcome": "passed"
      },
      "call": {
        "outcome": "failed",
        "crash": {
          "path": "D:\\repos\\google@github_nonpublic_api__895a9075__requests__pycurl\\.venv\\Lib\\site-packages\\html5lib\\_inputstream.py",
          "lineno": 541,
          "message": "AssertionError"
        },
        "traceback": [
          {
            "path": "tests\\test_api.py",
            "lineno": 62,
            "message": ""
          },
          {
            "path": "github_nonpublic_api\\api.py",
            "lineno": 57,
            "message": "in _get_and_submit_form"
          },
          {
            "path": ".venv\\Lib\\site-packages\\html5lib\\html5parser.py",
            "lineno": 46,
            "message": "in parse"
          },
          {
            "path": ".venv\\Lib\\site-packages\\html5lib\\html5parser.py",
            "lineno": 284,
            "message": "in parse"
          },
          {
            "path": ".venv\\Lib\\site-packages\\html5lib\\html5parser.py",
            "lineno": 129,
            "message": "in _parse"
          },
          {
            "path": ".venv\\Lib\\site-packages\\html5lib\\_tokenizer.py",
            "lineno": 42,
            "message": "in __init__"
          },
          {
            "path": ".venv\\Lib\\site-packages\\html5lib\\_inputstream.py",
            "lineno": 145,
            "message": "in HTMLInputStream"
          },
          {
            "path": ".venv\\Lib\\site-packages\\html5lib\\_inputstream.py",
            "lineno": 422,
            "message": "in __init__"
          },
          {
            "path": ".venv\\Lib\\site-packages\\html5lib\\_inputstream.py",
            "lineno": 454,
            "message": "in determineEncoding"
          },
          {
            "path": ".venv\\Lib\\site-packages\\html5lib\\_inputstream.py",
            "lineno": 541,
            "message": "AssertionError"
          }
        ],
        "longrepr": "self = <tests.test_api.TestApi testMethod=test_get_and_submit_form_by_id>\n\n    def test_get_and_submit_form_by_id(self):\n        self._seed_session_with_file(GITHUB_FORM_HTML)\n    \n>       api._get_and_submit_form(\n            session=self.session, url='http://github.com',\n            form_matcher=lambda form: form.attrib.get('id') == 'form2')\n\ntests\\test_api.py:62: \n_ _ _ _ _ _ _ _ _ _ _ _ _ _ _ _ _ _ _ _ _ _ _ _ _ _ _ _ _ _ _ _ _ _ _ _ _ _ _ _\ngithub_nonpublic_api\\api.py:57: in _get_and_submit_form\n    doc = html5lib.parse(response_text, namespaceHTMLElements=False)\n.venv\\Lib\\site-packages\\html5lib\\html5parser.py:46: in parse\n    return p.parse(doc, **kwargs)\n.venv\\Lib\\site-packages\\html5lib\\html5parser.py:284: in parse\n    self._parse(stream, False, None, *args, **kwargs)\n.venv\\Lib\\site-packages\\html5lib\\html5parser.py:129: in _parse\n    self.tokenizer = _tokenizer.HTMLTokenizer(stream, parser=self, **kwargs)\n.venv\\Lib\\site-packages\\html5lib\\_tokenizer.py:42: in __init__\n    self.stream = HTMLInputStream(stream, **kwargs)\n.venv\\Lib\\site-packages\\html5lib\\_inputstream.py:145: in HTMLInputStream\n    return HTMLBinaryInputStream(source, **kwargs)\n.venv\\Lib\\site-packages\\html5lib\\_inputstream.py:422: in __init__\n    self.charEncoding = self.determineEncoding(useChardet)\n.venv\\Lib\\site-packages\\html5lib\\_inputstream.py:454: in determineEncoding\n    charEncoding = self.detectBOM(), \"certain\"\n_ _ _ _ _ _ _ _ _ _ _ _ _ _ _ _ _ _ _ _ _ _ _ _ _ _ _ _ _ _ _ _ _ _ _ _ _ _ _ _\n\nself = <html5lib._inputstream.HTMLBinaryInputStream object at 0x000002C8BC236210>\n\n    def detectBOM(self):\n        \"\"\"Attempts to detect at BOM at the start of the stream. If\n        an encoding can be determined from the BOM return the name of the\n        encoding otherwise return None\"\"\"\n        bomDict = {\n            codecs.BOM_UTF8: 'utf-8',\n            codecs.BOM_UTF16_LE: 'utf-16le', codecs.BOM_UTF16_BE: 'utf-16be',\n            codecs.BOM_UTF32_LE: 'utf-32le', codecs.BOM_UTF32_BE: 'utf-32be'\n        }\n    \n        # Go to beginning of file and read in 4 bytes\n        string = self.rawStream.read(4)\n>       assert isinstance(string, bytes)\nE       AssertionError\n\n.venv\\Lib\\site-packages\\html5lib\\_inputstream.py:541: AssertionError"
      },
      "teardown": {
        "outcome": "passed"
      }
    },
    {
      "nodeid": "tests/test_api.py::TestApi::test_get_and_submit_form_by_id_error",
      "lineno": 68,
      "outcome": "failed",
      "keywords": [
        "test_get_and_submit_form_by_id_error",
        "TestApi",
        "test_api.py",
        "tests",
        "google@github_nonpublic_api__895a9075__requests__pycurl",
        ""
      ],
      "setup": {
        "outcome": "passed"
      },
      "call": {
        "outcome": "failed",
        "crash": {
          "path": "D:\\repos\\google@github_nonpublic_api__895a9075__requests__pycurl\\.venv\\Lib\\site-packages\\html5lib\\_inputstream.py",
          "lineno": 541,
          "message": "AssertionError"
        },
        "traceback": [
          {
            "path": "tests\\test_api.py",
            "lineno": 73,
            "message": ""
          },
          {
            "path": "github_nonpublic_api\\api.py",
            "lineno": 57,
            "message": "in _get_and_submit_form"
          },
          {
            "path": ".venv\\Lib\\site-packages\\html5lib\\html5parser.py",
            "lineno": 46,
            "message": "in parse"
          },
          {
            "path": ".venv\\Lib\\site-packages\\html5lib\\html5parser.py",
            "lineno": 284,
            "message": "in parse"
          },
          {
            "path": ".venv\\Lib\\site-packages\\html5lib\\html5parser.py",
            "lineno": 129,
            "message": "in _parse"
          },
          {
            "path": ".venv\\Lib\\site-packages\\html5lib\\_tokenizer.py",
            "lineno": 42,
            "message": "in __init__"
          },
          {
            "path": ".venv\\Lib\\site-packages\\html5lib\\_inputstream.py",
            "lineno": 145,
            "message": "in HTMLInputStream"
          },
          {
            "path": ".venv\\Lib\\site-packages\\html5lib\\_inputstream.py",
            "lineno": 422,
            "message": "in __init__"
          },
          {
            "path": ".venv\\Lib\\site-packages\\html5lib\\_inputstream.py",
            "lineno": 454,
            "message": "in determineEncoding"
          },
          {
            "path": ".venv\\Lib\\site-packages\\html5lib\\_inputstream.py",
            "lineno": 541,
            "message": "AssertionError"
          }
        ],
        "longrepr": "self = <tests.test_api.TestApi testMethod=test_get_and_submit_form_by_id_error>\n\n    def test_get_and_submit_form_by_id_error(self):\n        self._seed_session_with_file(GITHUB_FORM_HTML)\n    \n        with self.assertRaises(ValueError):\n>           api._get_and_submit_form(\n                session=self.session, url='http://github.com',\n                form_matcher=lambda form: False)\n\ntests\\test_api.py:73: \n_ _ _ _ _ _ _ _ _ _ _ _ _ _ _ _ _ _ _ _ _ _ _ _ _ _ _ _ _ _ _ _ _ _ _ _ _ _ _ _\ngithub_nonpublic_api\\api.py:57: in _get_and_submit_form\n    doc = html5lib.parse(response_text, namespaceHTMLElements=False)\n.venv\\Lib\\site-packages\\html5lib\\html5parser.py:46: in parse\n    return p.parse(doc, **kwargs)\n.venv\\Lib\\site-packages\\html5lib\\html5parser.py:284: in parse\n    self._parse(stream, False, None, *args, **kwargs)\n.venv\\Lib\\site-packages\\html5lib\\html5parser.py:129: in _parse\n    self.tokenizer = _tokenizer.HTMLTokenizer(stream, parser=self, **kwargs)\n.venv\\Lib\\site-packages\\html5lib\\_tokenizer.py:42: in __init__\n    self.stream = HTMLInputStream(stream, **kwargs)\n.venv\\Lib\\site-packages\\html5lib\\_inputstream.py:145: in HTMLInputStream\n    return HTMLBinaryInputStream(source, **kwargs)\n.venv\\Lib\\site-packages\\html5lib\\_inputstream.py:422: in __init__\n    self.charEncoding = self.determineEncoding(useChardet)\n.venv\\Lib\\site-packages\\html5lib\\_inputstream.py:454: in determineEncoding\n    charEncoding = self.detectBOM(), \"certain\"\n_ _ _ _ _ _ _ _ _ _ _ _ _ _ _ _ _ _ _ _ _ _ _ _ _ _ _ _ _ _ _ _ _ _ _ _ _ _ _ _\n\n    def detectBOM(self):\n        \"\"\"Attempts to detect at BOM at the start of the stream. If\n        an encoding can be determined from the BOM return the name of the\n        encoding otherwise return None\"\"\"\n        bomDict = {\n            codecs.BOM_UTF8: 'utf-8',\n            codecs.BOM_UTF16_LE: 'utf-16le', codecs.BOM_UTF16_BE: 'utf-16be',\n            codecs.BOM_UTF32_LE: 'utf-32le', codecs.BOM_UTF32_BE: 'utf-32be'\n        }\n    \n        # Go to beginning of file and read in 4 bytes\n        string = self.rawStream.read(4)\n>       assert isinstance(string, bytes)\nE       AssertionError\n\n.venv\\Lib\\site-packages\\html5lib\\_inputstream.py:541: AssertionError"
      },
      "teardown": {
        "outcome": "passed"
      }
    },
    {
      "nodeid": "tests/test_api.py::TestApi::test_install_app_on_org",
      "lineno": 118,
      "outcome": "failed",
      "keywords": [
        "test_install_app_on_org",
        "TestApi",
        "test_api.py",
        "tests",
        "google@github_nonpublic_api__895a9075__requests__pycurl",
        ""
      ],
      "setup": {
        "outcome": "passed"
      },
      "call": {
        "outcome": "failed",
        "crash": {
          "path": "D:\\repos\\google@github_nonpublic_api__895a9075__requests__pycurl\\tests\\test_api.py",
          "lineno": 122,
          "message": "AttributeError: 'Api' object has no attribute 'install_application_in_organization'"
        },
        "traceback": [
          {
            "path": "tests\\test_api.py",
            "lineno": 122,
            "message": "AttributeError"
          }
        ],
        "longrepr": "self = <tests.test_api.TestApi testMethod=test_install_app_on_org>\n\n    def test_install_app_on_org(self):\n        self._seed_session_with_file(ADD_APP_FORM_HTML)\n        gh = api.Api(username='user', password='pass', session=self.session)\n>       gh.install_application_in_organization(app_name='test-app', org_id=42)\nE       AttributeError: 'Api' object has no attribute 'install_application_in_organization'\n\ntests\\test_api.py:122: AttributeError"
      },
      "teardown": {
        "outcome": "passed"
      }
    },
    {
      "nodeid": "tests/test_api.py::TestApi::test_request_usage_report",
      "lineno": 108,
      "outcome": "failed",
      "keywords": [
        "test_request_usage_report",
        "TestApi",
        "test_api.py",
        "tests",
        "google@github_nonpublic_api__895a9075__requests__pycurl",
        ""
      ],
      "setup": {
        "outcome": "passed"
      },
      "call": {
        "outcome": "failed",
        "crash": {
          "path": "D:\\repos\\google@github_nonpublic_api__895a9075__requests__pycurl\\github_nonpublic_api\\api.py",
          "lineno": 156,
          "message": "NameError: name '_REQUEST_USAGE_URL' is not defined"
        },
        "traceback": [
          {
            "path": "tests\\test_api.py",
            "lineno": 112,
            "message": ""
          },
          {
            "path": "github_nonpublic_api\\api.py",
            "lineno": 156,
            "message": "NameError"
          }
        ],
        "longrepr": "self = <tests.test_api.TestApi testMethod=test_request_usage_report>\n\n    def test_request_usage_report(self):\n        self._seed_session_with_file(REQUEST_REPORT_FORM_HTML)\n        gh = api.Api(username='user', password='pass', session=self.session)\n>       gh.request_usage(enterprise_name='test-enterprise', days=7)\n\ntests\\test_api.py:112: \n_ _ _ _ _ _ _ _ _ _ _ _ _ _ _ _ _ _ _ _ _ _ _ _ _ _ _ _ _ _ _ _ _ _ _ _ _ _ _ _\n\nself = <github_nonpublic_api.api.Api object at 0x000002C8BBDF9990>\nenterprise_name = 'test-enterprise', days = 7\n\n    def request_usage(self, enterprise_name: str, days: int = 30) -> str:\n        \"\"\"Requests a GitHub usage report.\"\"\"\n    \n        def _request_usage_callback(data):\n            data[\"days\"] = days\n    \n        action = f\"/enterprises/{enterprise_name}/settings/metered_exports\"\n>       url = _REQUEST_USAGE_URL.format(enterprise_name=enterprise_name)\nE       NameError: name '_REQUEST_USAGE_URL' is not defined\n\ngithub_nonpublic_api\\api.py:156: NameError"
      },
      "teardown": {
        "outcome": "passed"
      }
    },
    {
      "nodeid": "tests/test_api.py::TestApi::test_suspend_app_toggle",
      "lineno": 128,
      "outcome": "failed",
      "keywords": [
        "test_suspend_app_toggle",
        "TestApi",
        "test_api.py",
        "tests",
        "google@github_nonpublic_api__895a9075__requests__pycurl",
        ""
      ],
      "setup": {
        "outcome": "passed"
      },
      "call": {
        "outcome": "failed",
        "crash": {
          "path": "D:\\repos\\google@github_nonpublic_api__895a9075__requests__pycurl\\tests\\test_api.py",
          "lineno": 132,
          "message": "AttributeError: 'Api' object has no attribute 'toggle_app_suspended'"
        },
        "traceback": [
          {
            "path": "tests\\test_api.py",
            "lineno": 132,
            "message": "AttributeError"
          }
        ],
        "longrepr": "self = <tests.test_api.TestApi testMethod=test_suspend_app_toggle>\n\n    def test_suspend_app_toggle(self):\n        self._seed_session_with_file(SUSPEND_APP_FORM)\n        gh = api.Api(username='user', password='pass', session=self.session)\n>       gh.toggle_app_suspended(org_name='test-org', app_install_id=42)\nE       AttributeError: 'Api' object has no attribute 'toggle_app_suspended'\n\ntests\\test_api.py:132: AttributeError"
      },
      "teardown": {
        "outcome": "passed"
      }
    },
    {
      "nodeid": "tests/test_api.py::TestApi::test_update_app_permissions",
      "lineno": 143,
      "outcome": "failed",
      "keywords": [
        "test_update_app_permissions",
        "TestApi",
        "test_api.py",
        "tests",
        "google@github_nonpublic_api__895a9075__requests__pycurl",
        ""
      ],
      "setup": {
        "outcome": "passed"
      },
      "call": {
        "outcome": "failed",
        "crash": {
          "path": "D:\\repos\\google@github_nonpublic_api__895a9075__requests__pycurl\\tests\\test_api.py",
          "lineno": 147,
          "message": "AttributeError: 'Api' object has no attribute 'approve_updated_app_permissions'"
        },
        "traceback": [
          {
            "path": "tests\\test_api.py",
            "lineno": 147,
            "message": "AttributeError"
          }
        ],
        "longrepr": "self = <tests.test_api.TestApi testMethod=test_update_app_permissions>\n\n    def test_update_app_permissions(self):\n        self._seed_session_with_file(UPDATE_APP_PERMISSIONS_FORM_HTML)\n        gh = api.Api(username='user', password='pass', session=self.session)\n>       gh.approve_updated_app_permissions(org_name='test-org', app_install_id='42')\nE       AttributeError: 'Api' object has no attribute 'approve_updated_app_permissions'\n\ntests\\test_api.py:147: AttributeError"
      },
      "teardown": {
        "outcome": "passed"
      }
    },
    {
      "nodeid": "tests/test_api.py::TestApi::test_update_security_analysis_settings_code_scanning",
      "lineno": 157,
      "outcome": "failed",
      "keywords": [
        "test_update_security_analysis_settings_code_scanning",
        "TestApi",
        "test_api.py",
        "tests",
        "google@github_nonpublic_api__895a9075__requests__pycurl",
        ""
      ],
      "setup": {
        "outcome": "passed"
      },
      "call": {
        "outcome": "failed",
        "crash": {
          "path": "D:\\repos\\google@github_nonpublic_api__895a9075__requests__pycurl\\tests\\test_api.py",
          "lineno": 161,
          "message": "AttributeError: 'Api' object has no attribute 'update_security_analysis_settings'"
        },
        "traceback": [
          {
            "path": "tests\\test_api.py",
            "lineno": 161,
            "message": "AttributeError"
          }
        ],
        "longrepr": "self = <tests.test_api.TestApi testMethod=test_update_security_analysis_settings_code_scanning>\n\n    def test_update_security_analysis_settings_code_scanning(self):\n        self._seed_session_with_file(SECURITY_ANALYSIS_FORM_HTML)\n        gh = api.Api(username='user', password='pass', session=self.session)\n>       gh.update_security_analysis_settings(org_name='test-org', code_scanning_autofix=False)\nE       AttributeError: 'Api' object has no attribute 'update_security_analysis_settings'\n\ntests\\test_api.py:161: AttributeError"
      },
      "teardown": {
        "outcome": "passed"
      }
    },
    {
      "nodeid": "tests/test_api.py::TestApi::test_update_security_analysis_settings_code_scanning_3p",
      "lineno": 170,
      "outcome": "failed",
      "keywords": [
        "test_update_security_analysis_settings_code_scanning_3p",
        "TestApi",
        "test_api.py",
        "tests",
        "google@github_nonpublic_api__895a9075__requests__pycurl",
        ""
      ],
      "setup": {
        "outcome": "passed"
      },
      "call": {
        "outcome": "failed",
        "crash": {
          "path": "D:\\repos\\google@github_nonpublic_api__895a9075__requests__pycurl\\tests\\test_api.py",
          "lineno": 174,
          "message": "AttributeError: 'Api' object has no attribute 'update_security_analysis_settings'"
        },
        "traceback": [
          {
            "path": "tests\\test_api.py",
            "lineno": 174,
            "message": "AttributeError"
          }
        ],
        "longrepr": "self = <tests.test_api.TestApi testMethod=test_update_security_analysis_settings_code_scanning_3p>\n\n    def test_update_security_analysis_settings_code_scanning_3p(self):\n        self._seed_session_with_file(SECURITY_ANALYSIS_FORM_HTML)\n        gh = api.Api(username='user', password='pass', session=self.session)\n>       gh.update_security_analysis_settings(org_name='test-org', code_scanning_autofix_third_party_tools=True)\nE       AttributeError: 'Api' object has no attribute 'update_security_analysis_settings'\n\ntests\\test_api.py:174: AttributeError"
      },
      "teardown": {
        "outcome": "passed"
      }
    }
  ]
}