{
  "exitcode": 1,
  "summary": {
    "failed": 49,
    "passed": 8,
    "total": 57,
    "collected": 57
  },
  "collectors": [
    {
      "nodeid": "",
      "outcome": "passed",
      "result": [
        {
          "nodeid": ".",
          "type": "Dir"
        }
      ]
    },
    {
      "nodeid": "examples",
      "outcome": "passed",
      "result": []
    },
    {
      "nodeid": "logs",
      "outcome": "passed",
      "result": []
    },
    {
      "nodeid": "resend/api_keys",
      "outcome": "passed",
      "result": []
    },
    {
      "nodeid": "resend/audiences",
      "outcome": "passed",
      "result": []
    },
    {
      "nodeid": "resend/broadcasts",
      "outcome": "passed",
      "result": []
    },
    {
      "nodeid": "resend/contacts",
      "outcome": "passed",
      "result": []
    },
    {
      "nodeid": "resend/domains",
      "outcome": "passed",
      "result": []
    },
    {
      "nodeid": "resend/emails",
      "outcome": "passed",
      "result": []
    },
    {
      "nodeid": "resend",
      "outcome": "passed",
      "result": [
        {
          "nodeid": "resend/api_keys",
          "type": "Package"
        },
        {
          "nodeid": "resend/audiences",
          "type": "Package"
        },
        {
          "nodeid": "resend/broadcasts",
          "type": "Package"
        },
        {
          "nodeid": "resend/contacts",
          "type": "Package"
        },
        {
          "nodeid": "resend/domains",
          "type": "Package"
        },
        {
          "nodeid": "resend/emails",
          "type": "Package"
        }
      ]
    },
    {
      "nodeid": "resources",
      "outcome": "passed",
      "result": []
    },
    {
      "nodeid": "tests/api_keys_test.py::ResendBaseTest",
      "outcome": "passed",
      "result": []
    },
    {
      "nodeid": "tests/api_keys_test.py::TestResendApiKeys",
      "outcome": "passed",
      "result": [
        {
          "nodeid": "tests/api_keys_test.py::TestResendApiKeys::test_api_keys_create",
          "type": "TestCaseFunction",
          "lineno": 8
        },
        {
          "nodeid": "tests/api_keys_test.py::TestResendApiKeys::test_api_keys_list",
          "type": "TestCaseFunction",
          "lineno": 30
        },
        {
          "nodeid": "tests/api_keys_test.py::TestResendApiKeys::test_api_keys_remove",
          "type": "TestCaseFunction",
          "lineno": 54
        },
        {
          "nodeid": "tests/api_keys_test.py::TestResendApiKeys::test_should_create_api_key_raise_exception_when_no_content",
          "type": "TestCaseFunction",
          "lineno": 22
        },
        {
          "nodeid": "tests/api_keys_test.py::TestResendApiKeys::test_should_list_api_key_raise_exception_when_no_content",
          "type": "TestCaseFunction",
          "lineno": 49
        }
      ]
    },
    {
      "nodeid": "tests/api_keys_test.py",
      "outcome": "passed",
      "result": [
        {
          "nodeid": "tests/api_keys_test.py::ResendBaseTest",
          "type": "UnitTestCase"
        },
        {
          "nodeid": "tests/api_keys_test.py::TestResendApiKeys",
          "type": "UnitTestCase"
        }
      ]
    },
    {
      "nodeid": "tests/audiences_test.py::ResendBaseTest",
      "outcome": "passed",
      "result": []
    },
    {
      "nodeid": "tests/audiences_test.py::TestResendAudiences",
      "outcome": "passed",
      "result": [
        {
          "nodeid": "tests/audiences_test.py::TestResendAudiences::test_audiences_create",
          "type": "TestCaseFunction",
          "lineno": 8
        },
        {
          "nodeid": "tests/audiences_test.py::TestResendAudiences::test_audiences_get",
          "type": "TestCaseFunction",
          "lineno": 32
        },
        {
          "nodeid": "tests/audiences_test.py::TestResendAudiences::test_audiences_list",
          "type": "TestCaseFunction",
          "lineno": 70
        },
        {
          "nodeid": "tests/audiences_test.py::TestResendAudiences::test_audiences_remove",
          "type": "TestCaseFunction",
          "lineno": 52
        },
        {
          "nodeid": "tests/audiences_test.py::TestResendAudiences::test_should_create_audiences_raise_exception_when_no_content",
          "type": "TestCaseFunction",
          "lineno": 24
        },
        {
          "nodeid": "tests/audiences_test.py::TestResendAudiences::test_should_get_audiences_raise_exception_when_no_content",
          "type": "TestCaseFunction",
          "lineno": 47
        },
        {
          "nodeid": "tests/audiences_test.py::TestResendAudiences::test_should_list_audiences_raise_exception_when_no_content",
          "type": "TestCaseFunction",
          "lineno": 88
        },
        {
          "nodeid": "tests/audiences_test.py::TestResendAudiences::test_should_remove_audiences_raise_exception_when_no_content",
          "type": "TestCaseFunction",
          "lineno": 65
        }
      ]
    },
    {
      "nodeid": "tests/audiences_test.py",
      "outcome": "passed",
      "result": [
        {
          "nodeid": "tests/audiences_test.py::ResendBaseTest",
          "type": "UnitTestCase"
        },
        {
          "nodeid": "tests/audiences_test.py::TestResendAudiences",
          "type": "UnitTestCase"
        }
      ]
    },
    {
      "nodeid": "tests/batch_emails_test.py::ResendBaseTest",
      "outcome": "passed",
      "result": []
    },
    {
      "nodeid": "tests/batch_emails_test.py::TestResendBatchSend",
      "outcome": "passed",
      "result": [
        {
          "nodeid": "tests/batch_emails_test.py::TestResendBatchSend::test_batch_email_send",
          "type": "TestCaseFunction",
          "lineno": 10
        },
        {
          "nodeid": "tests/batch_emails_test.py::TestResendBatchSend::test_should_send_batch_email_raise_exception_when_no_content",
          "type": "TestCaseFunction",
          "lineno": 40
        }
      ]
    },
    {
      "nodeid": "tests/batch_emails_test.py",
      "outcome": "passed",
      "result": [
        {
          "nodeid": "tests/batch_emails_test.py::ResendBaseTest",
          "type": "UnitTestCase"
        },
        {
          "nodeid": "tests/batch_emails_test.py::TestResendBatchSend",
          "type": "UnitTestCase"
        }
      ]
    },
    {
      "nodeid": "tests/broadcasts_test.py::ResendBaseTest",
      "outcome": "passed",
      "result": []
    },
    {
      "nodeid": "tests/broadcasts_test.py::TestResendBroadcasts",
      "outcome": "passed",
      "result": [
        {
          "nodeid": "tests/broadcasts_test.py::TestResendBroadcasts::test_broadcasts_create",
          "type": "TestCaseFunction",
          "lineno": 8
        },
        {
          "nodeid": "tests/broadcasts_test.py::TestResendBroadcasts::test_broadcasts_get",
          "type": "TestCaseFunction",
          "lineno": 20
        },
        {
          "nodeid": "tests/broadcasts_test.py::TestResendBroadcasts::test_broadcasts_list",
          "type": "TestCaseFunction",
          "lineno": 73
        },
        {
          "nodeid": "tests/broadcasts_test.py::TestResendBroadcasts::test_broadcasts_remove",
          "type": "TestCaseFunction",
          "lineno": 60
        },
        {
          "nodeid": "tests/broadcasts_test.py::TestResendBroadcasts::test_broadcasts_send",
          "type": "TestCaseFunction",
          "lineno": 51
        }
      ]
    },
    {
      "nodeid": "tests/broadcasts_test.py",
      "outcome": "passed",
      "result": [
        {
          "nodeid": "tests/broadcasts_test.py::ResendBaseTest",
          "type": "UnitTestCase"
        },
        {
          "nodeid": "tests/broadcasts_test.py::TestResendBroadcasts",
          "type": "UnitTestCase"
        }
      ]
    },
    {
      "nodeid": "tests/contacts_test.py::ResendBaseTest",
      "outcome": "passed",
      "result": []
    },
    {
      "nodeid": "tests/contacts_test.py::TestResendContacts",
      "outcome": "passed",
      "result": [
        {
          "nodeid": "tests/contacts_test.py::TestResendContacts::test_contacts_create",
          "type": "TestCaseFunction",
          "lineno": 8
        },
        {
          "nodeid": "tests/contacts_test.py::TestResendContacts::test_contacts_get",
          "type": "TestCaseFunction",
          "lineno": 63
        },
        {
          "nodeid": "tests/contacts_test.py::TestResendContacts::test_contacts_list",
          "type": "TestCaseFunction",
          "lineno": 155
        },
        {
          "nodeid": "tests/contacts_test.py::TestResendContacts::test_contacts_remove_by_email",
          "type": "TestCaseFunction",
          "lineno": 119
        },
        {
          "nodeid": "tests/contacts_test.py::TestResendContacts::test_contacts_remove_by_id",
          "type": "TestCaseFunction",
          "lineno": 95
        },
        {
          "nodeid": "tests/contacts_test.py::TestResendContacts::test_contacts_remove_raises",
          "type": "TestCaseFunction",
          "lineno": 145
        },
        {
          "nodeid": "tests/contacts_test.py::TestResendContacts::test_contacts_update",
          "type": "TestCaseFunction",
          "lineno": 35
        },
        {
          "nodeid": "tests/contacts_test.py::TestResendContacts::test_should_create_contacts_raise_exception_when_no_content",
          "type": "TestCaseFunction",
          "lineno": 23
        },
        {
          "nodeid": "tests/contacts_test.py::TestResendContacts::test_should_get_contacts_raise_exception_when_no_content",
          "type": "TestCaseFunction",
          "lineno": 87
        },
        {
          "nodeid": "tests/contacts_test.py::TestResendContacts::test_should_list_contacts_raise_exception_when_no_content",
          "type": "TestCaseFunction",
          "lineno": 182
        },
        {
          "nodeid": "tests/contacts_test.py::TestResendContacts::test_should_remove_contacts_by_email_raise_exception_when_no_content",
          "type": "TestCaseFunction",
          "lineno": 135
        },
        {
          "nodeid": "tests/contacts_test.py::TestResendContacts::test_should_remove_contacts_by_id_raise_exception_when_no_content",
          "type": "TestCaseFunction",
          "lineno": 111
        },
        {
          "nodeid": "tests/contacts_test.py::TestResendContacts::test_should_update_contacts_raise_exception_when_no_content",
          "type": "TestCaseFunction",
          "lineno": 52
        }
      ]
    },
    {
      "nodeid": "tests/contacts_test.py",
      "outcome": "passed",
      "result": [
        {
          "nodeid": "tests/contacts_test.py::ResendBaseTest",
          "type": "UnitTestCase"
        },
        {
          "nodeid": "tests/contacts_test.py::TestResendContacts",
          "type": "UnitTestCase"
        }
      ]
    },
    {
      "nodeid": "tests/domains_test.py::ResendBaseTest",
      "outcome": "passed",
      "result": []
    },
    {
      "nodeid": "tests/domains_test.py::TestResendDomains",
      "outcome": "passed",
      "result": [
        {
          "nodeid": "tests/domains_test.py::TestResendDomains::test_domains_create",
          "type": "TestCaseFunction",
          "lineno": 8
        },
        {
          "nodeid": "tests/domains_test.py::TestResendDomains::test_domains_get",
          "type": "TestCaseFunction",
          "lineno": 80
        },
        {
          "nodeid": "tests/domains_test.py::TestResendDomains::test_domains_list",
          "type": "TestCaseFunction",
          "lineno": 108
        },
        {
          "nodeid": "tests/domains_test.py::TestResendDomains::test_domains_remove",
          "type": "TestCaseFunction",
          "lineno": 135
        },
        {
          "nodeid": "tests/domains_test.py::TestResendDomains::test_domains_update",
          "type": "TestCaseFunction",
          "lineno": 174
        },
        {
          "nodeid": "tests/domains_test.py::TestResendDomains::test_domains_verify",
          "type": "TestCaseFunction",
          "lineno": 157
        },
        {
          "nodeid": "tests/domains_test.py::TestResendDomains::test_should_create_domains_raise_exception_when_no_content",
          "type": "TestCaseFunction",
          "lineno": 72
        },
        {
          "nodeid": "tests/domains_test.py::TestResendDomains::test_should_get_domains_raise_exception_when_no_content",
          "type": "TestCaseFunction",
          "lineno": 101
        },
        {
          "nodeid": "tests/domains_test.py::TestResendDomains::test_should_list_domains_raise_exception_when_no_content",
          "type": "TestCaseFunction",
          "lineno": 130
        },
        {
          "nodeid": "tests/domains_test.py::TestResendDomains::test_should_remove_domains_raise_exception_when_no_content",
          "type": "TestCaseFunction",
          "lineno": 150
        },
        {
          "nodeid": "tests/domains_test.py::TestResendDomains::test_should_update_domains_raise_exception_when_no_content",
          "type": "TestCaseFunction",
          "lineno": 191
        },
        {
          "nodeid": "tests/domains_test.py::TestResendDomains::test_should_verify_domains_raise_exception_when_no_content",
          "type": "TestCaseFunction",
          "lineno": 167
        }
      ]
    },
    {
      "nodeid": "tests/domains_test.py",
      "outcome": "passed",
      "result": [
        {
          "nodeid": "tests/domains_test.py::ResendBaseTest",
          "type": "UnitTestCase"
        },
        {
          "nodeid": "tests/domains_test.py::TestResendDomains",
          "type": "UnitTestCase"
        }
      ]
    },
    {
      "nodeid": "tests/emails_test.py::ResendBaseTest",
      "outcome": "passed",
      "result": []
    },
    {
      "nodeid": "tests/emails_test.py::TestResendEmail",
      "outcome": "passed",
      "result": [
        {
          "nodeid": "tests/emails_test.py::TestResendEmail::test_cancel_scheduled_email",
          "type": "TestCaseFunction",
          "lineno": 101
        },
        {
          "nodeid": "tests/emails_test.py::TestResendEmail::test_email_get",
          "type": "TestCaseFunction",
          "lineno": 37
        },
        {
          "nodeid": "tests/emails_test.py::TestResendEmail::test_email_response_html",
          "type": "TestCaseFunction",
          "lineno": 67
        },
        {
          "nodeid": "tests/emails_test.py::TestResendEmail::test_email_send_with_from",
          "type": "TestCaseFunction",
          "lineno": 11
        },
        {
          "nodeid": "tests/emails_test.py::TestResendEmail::test_should_get_email_raise_exception_when_no_content",
          "type": "TestCaseFunction",
          "lineno": 60
        },
        {
          "nodeid": "tests/emails_test.py::TestResendEmail::test_should_send_email_raise_exception_when_no_content",
          "type": "TestCaseFunction",
          "lineno": 26
        },
        {
          "nodeid": "tests/emails_test.py::TestResendEmail::test_update_email",
          "type": "TestCaseFunction",
          "lineno": 86
        }
      ]
    },
    {
      "nodeid": "tests/emails_test.py",
      "outcome": "passed",
      "result": [
        {
          "nodeid": "tests/emails_test.py::ResendBaseTest",
          "type": "UnitTestCase"
        },
        {
          "nodeid": "tests/emails_test.py::TestResendEmail",
          "type": "UnitTestCase"
        }
      ]
    },
    {
      "nodeid": "tests/exceptions_test.py::TestResendError",
      "outcome": "passed",
      "result": [
        {
          "nodeid": "tests/exceptions_test.py::TestResendError::test_error_500",
          "type": "TestCaseFunction",
          "lineno": 30
        },
        {
          "nodeid": "tests/exceptions_test.py::TestResendError::test_raise_known_error",
          "type": "TestCaseFunction",
          "lineno": 15
        },
        {
          "nodeid": "tests/exceptions_test.py::TestResendError::test_raise_when_unknown_error",
          "type": "TestCaseFunction",
          "lineno": 10
        },
        {
          "nodeid": "tests/exceptions_test.py::TestResendError::test_validation_error_from_400",
          "type": "TestCaseFunction",
          "lineno": 25
        },
        {
          "nodeid": "tests/exceptions_test.py::TestResendError::test_validation_error_from_422",
          "type": "TestCaseFunction",
          "lineno": 20
        }
      ]
    },
    {
      "nodeid": "tests/exceptions_test.py",
      "outcome": "passed",
      "result": [
        {
          "nodeid": "tests/exceptions_test.py::TestResendError",
          "type": "UnitTestCase"
        }
      ]
    },
    {
      "nodeid": "tests",
      "outcome": "passed",
      "result": [
        {
          "nodeid": "tests/api_keys_test.py",
          "type": "Module"
        },
        {
          "nodeid": "tests/audiences_test.py",
          "type": "Module"
        },
        {
          "nodeid": "tests/batch_emails_test.py",
          "type": "Module"
        },
        {
          "nodeid": "tests/broadcasts_test.py",
          "type": "Module"
        },
        {
          "nodeid": "tests/contacts_test.py",
          "type": "Module"
        },
        {
          "nodeid": "tests/domains_test.py",
          "type": "Module"
        },
        {
          "nodeid": "tests/emails_test.py",
          "type": "Module"
        },
        {
          "nodeid": "tests/exceptions_test.py",
          "type": "Module"
        }
      ]
    },
    {
      "nodeid": ".",
      "outcome": "passed",
      "result": [
        {
          "nodeid": "examples",
          "type": "Dir"
        },
        {
          "nodeid": "logs",
          "type": "Dir"
        },
        {
          "nodeid": "resend",
          "type": "Package"
        },
        {
          "nodeid": "resources",
          "type": "Dir"
        },
        {
          "nodeid": "tests",
          "type": "Package"
        }
      ]
    }
  ],
  "tests": [
    {
      "nodeid": "tests/api_keys_test.py::TestResendApiKeys::test_api_keys_create",
      "lineno": 8,
      "outcome": "failed",
      "keywords": [
        "test_api_keys_create",
        "TestResendApiKeys",
        "api_keys_test.py",
        "tests",
        "resend@resend-python__b468d4d5__requests__treq",
        ""
      ],
      "setup": {
        "outcome": "passed"
      },
      "call": {
        "outcome": "failed",
        "crash": {
          "path": "D:\\repos\\resend@resend-python__b468d4d5__requests__treq\\tests\\api_keys_test.py",
          "lineno": 21,
          "message": "TypeError: 'coroutine' object is not subscriptable"
        },
        "traceback": [
          {
            "path": "tests\\api_keys_test.py",
            "lineno": 21,
            "message": "TypeError"
          }
        ],
        "longrepr": "self = <tests.api_keys_test.TestResendApiKeys testMethod=test_api_keys_create>\n\n    def test_api_keys_create(self) -> None:\n        self.set_mock_json(\n            {\n                \"id\": \"dacf4072-4119-4d88-932f-6202748ac7c8\",\n                \"token\": \"re_c1tpEyD8_NKFusih9vKVQknRAQfmFcWCv\",\n            }\n        )\n    \n        params: resend.ApiKeys.CreateParams = {\n            \"name\": \"prod\",\n        }\n        key: resend.ApiKey = resend.ApiKeys.create(params)\n>       assert key[\"id\"] == \"dacf4072-4119-4d88-932f-6202748ac7c8\"\nE       TypeError: 'coroutine' object is not subscriptable\n\ntests\\api_keys_test.py:21: TypeError"
      },
      "teardown": {
        "outcome": "passed"
      }
    },
    {
      "nodeid": "tests/api_keys_test.py::TestResendApiKeys::test_api_keys_list",
      "lineno": 30,
      "outcome": "failed",
      "keywords": [
        "test_api_keys_list",
        "TestResendApiKeys",
        "api_keys_test.py",
        "tests",
        "resend@resend-python__b468d4d5__requests__treq",
        ""
      ],
      "setup": {
        "outcome": "passed"
      },
      "call": {
        "outcome": "failed",
        "crash": {
          "path": "D:\\repos\\resend@resend-python__b468d4d5__requests__treq\\tests\\api_keys_test.py",
          "lineno": 45,
          "message": "TypeError: 'coroutine' object is not subscriptable"
        },
        "traceback": [
          {
            "path": "tests\\api_keys_test.py",
            "lineno": 45,
            "message": "TypeError"
          }
        ],
        "longrepr": "self = <tests.api_keys_test.TestResendApiKeys testMethod=test_api_keys_list>\n\n    def test_api_keys_list(self) -> None:\n        self.set_mock_json(\n            {\n                \"data\": [\n                    {\n                        \"id\": \"91f3200a-df72-4654-b0cd-f202395f5354\",\n                        \"name\": \"Production\",\n                        \"created_at\": \"2023-04-08T00:11:13.110779+00:00\",\n                    }\n                ]\n            }\n        )\n    \n        keys: resend.ApiKeys.ListResponse = resend.ApiKeys.list()\n>       for key in keys[\"data\"]:\nE       TypeError: 'coroutine' object is not subscriptable\n\ntests\\api_keys_test.py:45: TypeError"
      },
      "teardown": {
        "outcome": "passed"
      }
    },
    {
      "nodeid": "tests/api_keys_test.py::TestResendApiKeys::test_api_keys_remove",
      "lineno": 54,
      "outcome": "passed",
      "keywords": [
        "test_api_keys_remove",
        "TestResendApiKeys",
        "api_keys_test.py",
        "tests",
        "resend@resend-python__b468d4d5__requests__treq",
        ""
      ],
      "setup": {
        "outcome": "passed"
      },
      "call": {
        "outcome": "passed"
      },
      "teardown": {
        "outcome": "passed"
      }
    },
    {
      "nodeid": "tests/api_keys_test.py::TestResendApiKeys::test_should_create_api_key_raise_exception_when_no_content",
      "lineno": 22,
      "outcome": "failed",
      "keywords": [
        "test_should_create_api_key_raise_exception_when_no_content",
        "TestResendApiKeys",
        "api_keys_test.py",
        "tests",
        "resend@resend-python__b468d4d5__requests__treq",
        ""
      ],
      "setup": {
        "outcome": "passed"
      },
      "call": {
        "outcome": "failed",
        "crash": {
          "path": "C:\\Users\\Mohay\\AppData\\Local\\Programs\\Python\\Python312\\Lib\\unittest\\case.py",
          "lineno": 200,
          "message": "AssertionError: NoContentError not raised"
        },
        "traceback": [
          {
            "path": "tests\\api_keys_test.py",
            "lineno": 28,
            "message": "AssertionError"
          }
        ],
        "longrepr": "self = <tests.api_keys_test.TestResendApiKeys testMethod=test_should_create_api_key_raise_exception_when_no_content>\n\n    def test_should_create_api_key_raise_exception_when_no_content(self) -> None:\n        self.set_mock_json(None)\n        params: resend.ApiKeys.CreateParams = {\n            \"name\": \"prod\",\n        }\n>       with self.assertRaises(NoContentError):\nE       AssertionError: NoContentError not raised\n\ntests\\api_keys_test.py:28: AssertionError"
      },
      "teardown": {
        "outcome": "passed"
      }
    },
    {
      "nodeid": "tests/api_keys_test.py::TestResendApiKeys::test_should_list_api_key_raise_exception_when_no_content",
      "lineno": 49,
      "outcome": "failed",
      "keywords": [
        "test_should_list_api_key_raise_exception_when_no_content",
        "TestResendApiKeys",
        "api_keys_test.py",
        "tests",
        "resend@resend-python__b468d4d5__requests__treq",
        ""
      ],
      "setup": {
        "outcome": "passed"
      },
      "call": {
        "outcome": "failed",
        "crash": {
          "path": "C:\\Users\\Mohay\\AppData\\Local\\Programs\\Python\\Python312\\Lib\\unittest\\case.py",
          "lineno": 200,
          "message": "AssertionError: NoContentError not raised"
        },
        "traceback": [
          {
            "path": "tests\\api_keys_test.py",
            "lineno": 52,
            "message": "AssertionError"
          }
        ],
        "longrepr": "self = <tests.api_keys_test.TestResendApiKeys testMethod=test_should_list_api_key_raise_exception_when_no_content>\n\n    def test_should_list_api_key_raise_exception_when_no_content(self) -> None:\n        self.set_mock_json(None)\n>       with self.assertRaises(NoContentError):\nE       AssertionError: NoContentError not raised\n\ntests\\api_keys_test.py:52: AssertionError"
      },
      "teardown": {
        "outcome": "passed"
      }
    },
    {
      "nodeid": "tests/audiences_test.py::TestResendAudiences::test_audiences_create",
      "lineno": 8,
      "outcome": "failed",
      "keywords": [
        "test_audiences_create",
        "TestResendAudiences",
        "audiences_test.py",
        "tests",
        "resend@resend-python__b468d4d5__requests__treq",
        ""
      ],
      "setup": {
        "outcome": "passed"
      },
      "call": {
        "outcome": "failed",
        "crash": {
          "path": "D:\\repos\\resend@resend-python__b468d4d5__requests__treq\\tests\\audiences_test.py",
          "lineno": 22,
          "message": "TypeError: 'coroutine' object is not subscriptable"
        },
        "traceback": [
          {
            "path": "tests\\audiences_test.py",
            "lineno": 22,
            "message": "TypeError"
          }
        ],
        "longrepr": "self = <tests.audiences_test.TestResendAudiences testMethod=test_audiences_create>\n\n    def test_audiences_create(self) -> None:\n        self.set_mock_json(\n            {\n                \"object\": \"audience\",\n                \"id\": \"78261eea-8f8b-4381-83c6-79fa7120f1cf\",\n                \"name\": \"Registered Users\",\n            }\n        )\n    \n        params: resend.Audiences.CreateParams = {\n            \"name\": \"Python SDK Audience\",\n        }\n        audience = resend.Audiences.create(params)\n>       assert audience[\"id\"] == \"78261eea-8f8b-4381-83c6-79fa7120f1cf\"\nE       TypeError: 'coroutine' object is not subscriptable\n\ntests\\audiences_test.py:22: TypeError"
      },
      "teardown": {
        "outcome": "passed"
      }
    },
    {
      "nodeid": "tests/audiences_test.py::TestResendAudiences::test_audiences_get",
      "lineno": 32,
      "outcome": "failed",
      "keywords": [
        "test_audiences_get",
        "TestResendAudiences",
        "audiences_test.py",
        "tests",
        "resend@resend-python__b468d4d5__requests__treq",
        ""
      ],
      "setup": {
        "outcome": "passed"
      },
      "call": {
        "outcome": "failed",
        "crash": {
          "path": "D:\\repos\\resend@resend-python__b468d4d5__requests__treq\\tests\\audiences_test.py",
          "lineno": 44,
          "message": "TypeError: 'coroutine' object is not subscriptable"
        },
        "traceback": [
          {
            "path": "tests\\audiences_test.py",
            "lineno": 44,
            "message": "TypeError"
          }
        ],
        "longrepr": "self = <tests.audiences_test.TestResendAudiences testMethod=test_audiences_get>\n\n    def test_audiences_get(self) -> None:\n        self.set_mock_json(\n            {\n                \"object\": \"audience\",\n                \"id\": \"78261eea-8f8b-4381-83c6-79fa7120f1cf\",\n                \"name\": \"Registered Users\",\n                \"created_at\": \"2023-10-06T22:59:55.977Z\",\n            }\n        )\n    \n        audience = resend.Audiences.get(id=\"78261eea-8f8b-4381-83c6-79fa7120f1cf\")\n>       assert audience[\"id\"] == \"78261eea-8f8b-4381-83c6-79fa7120f1cf\"\nE       TypeError: 'coroutine' object is not subscriptable\n\ntests\\audiences_test.py:44: TypeError"
      },
      "teardown": {
        "outcome": "passed"
      }
    },
    {
      "nodeid": "tests/audiences_test.py::TestResendAudiences::test_audiences_list",
      "lineno": 70,
      "outcome": "failed",
      "keywords": [
        "test_audiences_list",
        "TestResendAudiences",
        "audiences_test.py",
        "tests",
        "resend@resend-python__b468d4d5__requests__treq",
        ""
      ],
      "setup": {
        "outcome": "passed"
      },
      "call": {
        "outcome": "failed",
        "crash": {
          "path": "D:\\repos\\resend@resend-python__b468d4d5__requests__treq\\tests\\audiences_test.py",
          "lineno": 86,
          "message": "TypeError: 'coroutine' object is not subscriptable"
        },
        "traceback": [
          {
            "path": "tests\\audiences_test.py",
            "lineno": 86,
            "message": "TypeError"
          }
        ],
        "longrepr": "self = <tests.audiences_test.TestResendAudiences testMethod=test_audiences_list>\n\n    def test_audiences_list(self) -> None:\n        self.set_mock_json(\n            {\n                \"object\": \"list\",\n                \"data\": [\n                    {\n                        \"id\": \"78261eea-8f8b-4381-83c6-79fa7120f1cf\",\n                        \"name\": \"Registered Users\",\n                        \"created_at\": \"2023-10-06T22:59:55.977Z\",\n                    }\n                ],\n            }\n        )\n    \n        audiences: resend.Audiences.ListResponse = resend.Audiences.list()\n>       assert audiences[\"data\"][0][\"id\"] == \"78261eea-8f8b-4381-83c6-79fa7120f1cf\"\nE       TypeError: 'coroutine' object is not subscriptable\n\ntests\\audiences_test.py:86: TypeError"
      },
      "teardown": {
        "outcome": "passed"
      }
    },
    {
      "nodeid": "tests/audiences_test.py::TestResendAudiences::test_audiences_remove",
      "lineno": 52,
      "outcome": "failed",
      "keywords": [
        "test_audiences_remove",
        "TestResendAudiences",
        "audiences_test.py",
        "tests",
        "resend@resend-python__b468d4d5__requests__treq",
        ""
      ],
      "setup": {
        "outcome": "passed"
      },
      "call": {
        "outcome": "failed",
        "crash": {
          "path": "D:\\repos\\resend@resend-python__b468d4d5__requests__treq\\tests\\audiences_test.py",
          "lineno": 63,
          "message": "TypeError: 'coroutine' object is not subscriptable"
        },
        "traceback": [
          {
            "path": "tests\\audiences_test.py",
            "lineno": 63,
            "message": "TypeError"
          }
        ],
        "longrepr": "self = <tests.audiences_test.TestResendAudiences testMethod=test_audiences_remove>\n\n    def test_audiences_remove(self) -> None:\n        self.set_mock_json(\n            {\n                \"object\": \"audience\",\n                \"id\": \"78261eea-8f8b-4381-83c6-79fa7120f1cf\",\n                \"deleted\": True,\n            }\n        )\n    \n        rmed = resend.Audiences.remove(\"78261eea-8f8b-4381-83c6-79fa7120f1cf\")\n>       assert rmed[\"id\"] == \"78261eea-8f8b-4381-83c6-79fa7120f1cf\"\nE       TypeError: 'coroutine' object is not subscriptable\n\ntests\\audiences_test.py:63: TypeError"
      },
      "teardown": {
        "outcome": "passed"
      }
    },
    {
      "nodeid": "tests/audiences_test.py::TestResendAudiences::test_should_create_audiences_raise_exception_when_no_content",
      "lineno": 24,
      "outcome": "failed",
      "keywords": [
        "test_should_create_audiences_raise_exception_when_no_content",
        "TestResendAudiences",
        "audiences_test.py",
        "tests",
        "resend@resend-python__b468d4d5__requests__treq",
        ""
      ],
      "setup": {
        "outcome": "passed"
      },
      "call": {
        "outcome": "failed",
        "crash": {
          "path": "C:\\Users\\Mohay\\AppData\\Local\\Programs\\Python\\Python312\\Lib\\unittest\\case.py",
          "lineno": 200,
          "message": "AssertionError: NoContentError not raised"
        },
        "traceback": [
          {
            "path": "tests\\audiences_test.py",
            "lineno": 30,
            "message": "AssertionError"
          }
        ],
        "longrepr": "self = <tests.audiences_test.TestResendAudiences testMethod=test_should_create_audiences_raise_exception_when_no_content>\n\n    def test_should_create_audiences_raise_exception_when_no_content(self) -> None:\n        self.set_mock_json(None)\n        params: resend.Audiences.CreateParams = {\n            \"name\": \"Python SDK Audience\",\n        }\n>       with self.assertRaises(NoContentError):\nE       AssertionError: NoContentError not raised\n\ntests\\audiences_test.py:30: AssertionError"
      },
      "teardown": {
        "outcome": "passed"
      }
    },
    {
      "nodeid": "tests/audiences_test.py::TestResendAudiences::test_should_get_audiences_raise_exception_when_no_content",
      "lineno": 47,
      "outcome": "failed",
      "keywords": [
        "test_should_get_audiences_raise_exception_when_no_content",
        "TestResendAudiences",
        "audiences_test.py",
        "tests",
        "resend@resend-python__b468d4d5__requests__treq",
        ""
      ],
      "setup": {
        "outcome": "passed"
      },
      "call": {
        "outcome": "failed",
        "crash": {
          "path": "C:\\Users\\Mohay\\AppData\\Local\\Programs\\Python\\Python312\\Lib\\unittest\\case.py",
          "lineno": 200,
          "message": "AssertionError: NoContentError not raised"
        },
        "traceback": [
          {
            "path": "tests\\audiences_test.py",
            "lineno": 50,
            "message": "AssertionError"
          }
        ],
        "longrepr": "self = <tests.audiences_test.TestResendAudiences testMethod=test_should_get_audiences_raise_exception_when_no_content>\n\n    def test_should_get_audiences_raise_exception_when_no_content(self) -> None:\n        self.set_mock_json(None)\n>       with self.assertRaises(NoContentError):\nE       AssertionError: NoContentError not raised\n\ntests\\audiences_test.py:50: AssertionError"
      },
      "teardown": {
        "outcome": "passed"
      }
    },
    {
      "nodeid": "tests/audiences_test.py::TestResendAudiences::test_should_list_audiences_raise_exception_when_no_content",
      "lineno": 88,
      "outcome": "failed",
      "keywords": [
        "test_should_list_audiences_raise_exception_when_no_content",
        "TestResendAudiences",
        "audiences_test.py",
        "tests",
        "resend@resend-python__b468d4d5__requests__treq",
        ""
      ],
      "setup": {
        "outcome": "passed"
      },
      "call": {
        "outcome": "failed",
        "crash": {
          "path": "C:\\Users\\Mohay\\AppData\\Local\\Programs\\Python\\Python312\\Lib\\unittest\\case.py",
          "lineno": 200,
          "message": "AssertionError: NoContentError not raised"
        },
        "traceback": [
          {
            "path": "tests\\audiences_test.py",
            "lineno": 91,
            "message": "AssertionError"
          }
        ],
        "longrepr": "self = <tests.audiences_test.TestResendAudiences testMethod=test_should_list_audiences_raise_exception_when_no_content>\n\n    def test_should_list_audiences_raise_exception_when_no_content(self) -> None:\n        self.set_mock_json(None)\n>       with self.assertRaises(NoContentError):\nE       AssertionError: NoContentError not raised\n\ntests\\audiences_test.py:91: AssertionError"
      },
      "teardown": {
        "outcome": "passed"
      }
    },
    {
      "nodeid": "tests/audiences_test.py::TestResendAudiences::test_should_remove_audiences_raise_exception_when_no_content",
      "lineno": 65,
      "outcome": "failed",
      "keywords": [
        "test_should_remove_audiences_raise_exception_when_no_content",
        "TestResendAudiences",
        "audiences_test.py",
        "tests",
        "resend@resend-python__b468d4d5__requests__treq",
        ""
      ],
      "setup": {
        "outcome": "passed"
      },
      "call": {
        "outcome": "failed",
        "crash": {
          "path": "C:\\Users\\Mohay\\AppData\\Local\\Programs\\Python\\Python312\\Lib\\unittest\\case.py",
          "lineno": 200,
          "message": "AssertionError: NoContentError not raised"
        },
        "traceback": [
          {
            "path": "tests\\audiences_test.py",
            "lineno": 68,
            "message": "AssertionError"
          }
        ],
        "longrepr": "self = <tests.audiences_test.TestResendAudiences testMethod=test_should_remove_audiences_raise_exception_when_no_content>\n\n    def test_should_remove_audiences_raise_exception_when_no_content(self) -> None:\n        self.set_mock_json(None)\n>       with self.assertRaises(NoContentError):\nE       AssertionError: NoContentError not raised\n\ntests\\audiences_test.py:68: AssertionError"
      },
      "teardown": {
        "outcome": "passed"
      }
    },
    {
      "nodeid": "tests/batch_emails_test.py::TestResendBatchSend::test_batch_email_send",
      "lineno": 10,
      "outcome": "failed",
      "keywords": [
        "test_batch_email_send",
        "TestResendBatchSend",
        "batch_emails_test.py",
        "tests",
        "resend@resend-python__b468d4d5__requests__treq",
        ""
      ],
      "setup": {
        "outcome": "passed"
      },
      "call": {
        "outcome": "failed",
        "crash": {
          "path": "D:\\repos\\resend@resend-python__b468d4d5__requests__treq\\tests\\batch_emails_test.py",
          "lineno": 37,
          "message": "TypeError: 'coroutine' object is not subscriptable"
        },
        "traceback": [
          {
            "path": "tests\\batch_emails_test.py",
            "lineno": 37,
            "message": "TypeError"
          }
        ],
        "longrepr": "self = <tests.batch_emails_test.TestResendBatchSend testMethod=test_batch_email_send>\n\n    def test_batch_email_send(self) -> None:\n        self.set_mock_json(\n            {\n                \"data\": [\n                    {\"id\": \"ae2014de-c168-4c61-8267-70d2662a1ce1\"},\n                    {\"id\": \"faccb7a5-8a28-4e9a-ac64-8da1cc3bc1cb\"},\n                ]\n            }\n        )\n    \n        params: List[resend.Emails.SendParams] = [\n            {\n                \"from\": \"from@resend.dev\",\n                \"to\": [\"to@resend.dev\"],\n                \"subject\": \"hey\",\n                \"html\": \"<strong>hello, world!</strong>\",\n            },\n            {\n                \"from\": \"from@resend.dev\",\n                \"to\": [\"to@resend.dev\"],\n                \"subject\": \"hello\",\n                \"html\": \"<strong>hello, world!</strong>\",\n            },\n        ]\n    \n        emails: resend.Batch.SendResponse = resend.Batch.send(params)\n>       assert len(emails[\"data\"]) == 2\nE       TypeError: 'coroutine' object is not subscriptable\n\ntests\\batch_emails_test.py:37: TypeError"
      },
      "teardown": {
        "outcome": "passed"
      }
    },
    {
      "nodeid": "tests/batch_emails_test.py::TestResendBatchSend::test_should_send_batch_email_raise_exception_when_no_content",
      "lineno": 40,
      "outcome": "failed",
      "keywords": [
        "test_should_send_batch_email_raise_exception_when_no_content",
        "TestResendBatchSend",
        "batch_emails_test.py",
        "tests",
        "resend@resend-python__b468d4d5__requests__treq",
        ""
      ],
      "setup": {
        "outcome": "passed"
      },
      "call": {
        "outcome": "failed",
        "crash": {
          "path": "C:\\Users\\Mohay\\AppData\\Local\\Programs\\Python\\Python312\\Lib\\unittest\\case.py",
          "lineno": 200,
          "message": "AssertionError: NoContentError not raised"
        },
        "traceback": [
          {
            "path": "tests\\batch_emails_test.py",
            "lineno": 57,
            "message": "AssertionError"
          }
        ],
        "longrepr": "self = <tests.batch_emails_test.TestResendBatchSend testMethod=test_should_send_batch_email_raise_exception_when_no_content>\n\n    def test_should_send_batch_email_raise_exception_when_no_content(self) -> None:\n        self.set_mock_json(None)\n        params: List[resend.Emails.SendParams] = [\n            {\n                \"from\": \"from@resend.dev\",\n                \"to\": [\"to@resend.dev\"],\n                \"subject\": \"hey\",\n                \"html\": \"<strong>hello, world!</strong>\",\n            },\n            {\n                \"from\": \"from@resend.dev\",\n                \"to\": [\"to@resend.dev\"],\n                \"subject\": \"hello\",\n                \"html\": \"<strong>hello, world!</strong>\",\n            },\n        ]\n>       with self.assertRaises(NoContentError):\nE       AssertionError: NoContentError not raised\n\ntests\\batch_emails_test.py:57: AssertionError"
      },
      "teardown": {
        "outcome": "passed"
      }
    },
    {
      "nodeid": "tests/broadcasts_test.py::TestResendBroadcasts::test_broadcasts_create",
      "lineno": 8,
      "outcome": "failed",
      "keywords": [
        "test_broadcasts_create",
        "TestResendBroadcasts",
        "broadcasts_test.py",
        "tests",
        "resend@resend-python__b468d4d5__requests__treq",
        ""
      ],
      "setup": {
        "outcome": "passed"
      },
      "call": {
        "outcome": "failed",
        "crash": {
          "path": "D:\\repos\\resend@resend-python__b468d4d5__requests__treq\\tests\\broadcasts_test.py",
          "lineno": 19,
          "message": "TypeError: 'coroutine' object is not subscriptable"
        },
        "traceback": [
          {
            "path": "tests\\broadcasts_test.py",
            "lineno": 19,
            "message": "TypeError"
          }
        ],
        "longrepr": "self = <tests.broadcasts_test.TestResendBroadcasts testMethod=test_broadcasts_create>\n\n    def test_broadcasts_create(self) -> None:\n        self.set_mock_json({\"id\": \"49a3999c-0ce1-4ea6-ab68-afcd6dc2e794\"})\n    \n        params: resend.Broadcasts.CreateParams = {\n            \"audience_id\": \"78b8d3bc-a55a-45a3-aee6-6ec0a5e13d7e\",\n            \"from\": \"hi@example.com\",\n            \"subject\": \"Hello, world!\",\n            \"name\": \"Python SDK Broadcast\",\n        }\n        broadcast: resend.Broadcasts.CreateResponse = resend.Broadcasts.create(params)\n>       assert broadcast[\"id\"] == \"49a3999c-0ce1-4ea6-ab68-afcd6dc2e794\"\nE       TypeError: 'coroutine' object is not subscriptable\n\ntests\\broadcasts_test.py:19: TypeError"
      },
      "teardown": {
        "outcome": "passed"
      }
    },
    {
      "nodeid": "tests/broadcasts_test.py::TestResendBroadcasts::test_broadcasts_get",
      "lineno": 20,
      "outcome": "failed",
      "keywords": [
        "test_broadcasts_get",
        "TestResendBroadcasts",
        "broadcasts_test.py",
        "tests",
        "resend@resend-python__b468d4d5__requests__treq",
        ""
      ],
      "setup": {
        "outcome": "passed"
      },
      "call": {
        "outcome": "failed",
        "crash": {
          "path": "D:\\repos\\resend@resend-python__b468d4d5__requests__treq\\tests\\broadcasts_test.py",
          "lineno": 40,
          "message": "TypeError: 'coroutine' object is not subscriptable"
        },
        "traceback": [
          {
            "path": "tests\\broadcasts_test.py",
            "lineno": 40,
            "message": "TypeError"
          }
        ],
        "longrepr": "self = <tests.broadcasts_test.TestResendBroadcasts testMethod=test_broadcasts_get>\n\n    def test_broadcasts_get(self) -> None:\n        self.set_mock_json(\n            {\n                \"object\": \"broadcast\",\n                \"id\": \"559ac32e-9ef5-46fb-82a1-b76b840c0f7b\",\n                \"name\": \"Announcements\",\n                \"audience_id\": \"78261eea-8f8b-4381-83c6-79fa7120f1cf\",\n                \"from\": \"Acme <onboarding@resend.dev>\",\n                \"subject\": \"hello world\",\n                \"reply_to\": None,\n                \"preview_text\": \"Check out our latest announcements\",\n                \"status\": \"draft\",\n                \"created_at\": \"2024-12-01T19:32:22.980Z\",\n                \"scheduled_at\": None,\n                \"sent_at\": None,\n            }\n        )\n    \n        broadcast = resend.Broadcasts.get(id=\"559ac32e-9ef5-46fb-82a1-b76b840c0f7b\")\n>       assert broadcast[\"id\"] == \"559ac32e-9ef5-46fb-82a1-b76b840c0f7b\"\nE       TypeError: 'coroutine' object is not subscriptable\n\ntests\\broadcasts_test.py:40: TypeError"
      },
      "teardown": {
        "outcome": "passed"
      }
    },
    {
      "nodeid": "tests/broadcasts_test.py::TestResendBroadcasts::test_broadcasts_list",
      "lineno": 73,
      "outcome": "failed",
      "keywords": [
        "test_broadcasts_list",
        "TestResendBroadcasts",
        "broadcasts_test.py",
        "tests",
        "resend@resend-python__b468d4d5__requests__treq",
        ""
      ],
      "setup": {
        "outcome": "passed"
      },
      "call": {
        "outcome": "failed",
        "crash": {
          "path": "D:\\repos\\resend@resend-python__b468d4d5__requests__treq\\tests\\broadcasts_test.py",
          "lineno": 100,
          "message": "TypeError: 'coroutine' object is not subscriptable"
        },
        "traceback": [
          {
            "path": "tests\\broadcasts_test.py",
            "lineno": 100,
            "message": "TypeError"
          }
        ],
        "longrepr": "self = <tests.broadcasts_test.TestResendBroadcasts testMethod=test_broadcasts_list>\n\n    def test_broadcasts_list(self) -> None:\n        self.set_mock_json(\n            {\n                \"object\": \"list\",\n                \"data\": [\n                    {\n                        \"id\": \"49a3999c-0ce1-4ea6-ab68-afcd6dc2e794\",\n                        \"audience_id\": \"78261eea-8f8b-4381-83c6-79fa7120f1cf\",\n                        \"status\": \"draft\",\n                        \"created_at\": \"2024-11-01T15:13:31.723Z\",\n                        \"scheduled_at\": None,\n                        \"sent_at\": None,\n                    },\n                    {\n                        \"id\": \"559ac32e-9ef5-46fb-82a1-b76b840c0f7b\",\n                        \"audience_id\": \"78261eea-8f8b-4381-83c6-79fa7120f1cf\",\n                        \"status\": \"sent\",\n                        \"created_at\": \"2024-12-01T19:32:22.980Z\",\n                        \"scheduled_at\": \"2024-12-02T19:32:22.980Z\",\n                        \"sent_at\": \"2024-12-02T19:32:22.980Z\",\n                    },\n                ],\n            }\n        )\n    \n        broadcasts: resend.Broadcasts.ListResponse = resend.Broadcasts.list()\n>       assert broadcasts[\"object\"] == \"list\"\nE       TypeError: 'coroutine' object is not subscriptable\n\ntests\\broadcasts_test.py:100: TypeError"
      },
      "teardown": {
        "outcome": "passed"
      }
    },
    {
      "nodeid": "tests/broadcasts_test.py::TestResendBroadcasts::test_broadcasts_remove",
      "lineno": 60,
      "outcome": "failed",
      "keywords": [
        "test_broadcasts_remove",
        "TestResendBroadcasts",
        "broadcasts_test.py",
        "tests",
        "resend@resend-python__b468d4d5__requests__treq",
        ""
      ],
      "setup": {
        "outcome": "passed"
      },
      "call": {
        "outcome": "failed",
        "crash": {
          "path": "D:\\repos\\resend@resend-python__b468d4d5__requests__treq\\tests\\broadcasts_test.py",
          "lineno": 71,
          "message": "TypeError: 'coroutine' object is not subscriptable"
        },
        "traceback": [
          {
            "path": "tests\\broadcasts_test.py",
            "lineno": 71,
            "message": "TypeError"
          }
        ],
        "longrepr": "self = <tests.broadcasts_test.TestResendBroadcasts testMethod=test_broadcasts_remove>\n\n    def test_broadcasts_remove(self) -> None:\n        self.set_mock_json(\n            {\n                \"object\": \"broadcasts\",\n                \"id\": \"78261eea-8f8b-4381-83c6-79fa7120f1cf\",\n                \"deleted\": True,\n            }\n        )\n    \n        rmed = resend.Broadcasts.remove(\"78261eea-8f8b-4381-83c6-79fa7120f1cf\")\n>       assert rmed[\"id\"] == \"78261eea-8f8b-4381-83c6-79fa7120f1cf\"\nE       TypeError: 'coroutine' object is not subscriptable\n\ntests\\broadcasts_test.py:71: TypeError"
      },
      "teardown": {
        "outcome": "passed"
      }
    },
    {
      "nodeid": "tests/broadcasts_test.py::TestResendBroadcasts::test_broadcasts_send",
      "lineno": 51,
      "outcome": "failed",
      "keywords": [
        "test_broadcasts_send",
        "TestResendBroadcasts",
        "broadcasts_test.py",
        "tests",
        "resend@resend-python__b468d4d5__requests__treq",
        ""
      ],
      "setup": {
        "outcome": "passed"
      },
      "call": {
        "outcome": "failed",
        "crash": {
          "path": "D:\\repos\\resend@resend-python__b468d4d5__requests__treq\\tests\\broadcasts_test.py",
          "lineno": 59,
          "message": "TypeError: 'coroutine' object is not subscriptable"
        },
        "traceback": [
          {
            "path": "tests\\broadcasts_test.py",
            "lineno": 59,
            "message": "TypeError"
          }
        ],
        "longrepr": "self = <tests.broadcasts_test.TestResendBroadcasts testMethod=test_broadcasts_send>\n\n    def test_broadcasts_send(self) -> None:\n        self.set_mock_json({\"id\": \"49a3999c-0ce1-4ea6-ab68-afcd6dc2e791\"})\n    \n        params: resend.Broadcasts.SendParams = {\n            \"broadcast_id\": \"49a3999c-0ce1-4ea6-ab68-afcd6dc2e794\",\n        }\n        broadcast = resend.Broadcasts.send(params)\n>       assert broadcast[\"id\"] == \"49a3999c-0ce1-4ea6-ab68-afcd6dc2e791\"\nE       TypeError: 'coroutine' object is not subscriptable\n\ntests\\broadcasts_test.py:59: TypeError"
      },
      "teardown": {
        "outcome": "passed"
      }
    },
    {
      "nodeid": "tests/contacts_test.py::TestResendContacts::test_contacts_create",
      "lineno": 8,
      "outcome": "failed",
      "keywords": [
        "test_contacts_create",
        "TestResendContacts",
        "contacts_test.py",
        "tests",
        "resend@resend-python__b468d4d5__requests__treq",
        ""
      ],
      "setup": {
        "outcome": "passed"
      },
      "call": {
        "outcome": "failed",
        "crash": {
          "path": "D:\\repos\\resend@resend-python__b468d4d5__requests__treq\\tests\\contacts_test.py",
          "lineno": 22,
          "message": "TypeError: 'coroutine' object is not subscriptable"
        },
        "traceback": [
          {
            "path": "tests\\contacts_test.py",
            "lineno": 22,
            "message": "TypeError"
          }
        ],
        "longrepr": "self = <tests.contacts_test.TestResendContacts testMethod=test_contacts_create>\n\n    def test_contacts_create(self) -> None:\n        self.set_mock_json(\n            {\"object\": \"contact\", \"id\": \"479e3145-dd38-476b-932c-529ceb705947\"}\n        )\n    \n        params: resend.Contacts.CreateParams = {\n            \"audience_id\": \"48c269ed-9873-4d60-bdd9-cd7e6fc0b9b8\",\n            \"email\": \"steve.wozniak@gmail.com\",\n            \"first_name\": \"Steve\",\n            \"last_name\": \"Wozniak\",\n            \"unsubscribed\": True,\n        }\n        contact: resend.Contact = resend.Contacts.create(params)\n>       assert contact[\"id\"] == \"479e3145-dd38-476b-932c-529ceb705947\"\nE       TypeError: 'coroutine' object is not subscriptable\n\ntests\\contacts_test.py:22: TypeError"
      },
      "teardown": {
        "outcome": "passed"
      }
    },
    {
      "nodeid": "tests/contacts_test.py::TestResendContacts::test_contacts_get",
      "lineno": 63,
      "outcome": "failed",
      "keywords": [
        "test_contacts_get",
        "TestResendContacts",
        "contacts_test.py",
        "tests",
        "resend@resend-python__b468d4d5__requests__treq",
        ""
      ],
      "setup": {
        "outcome": "passed"
      },
      "call": {
        "outcome": "failed",
        "crash": {
          "path": "D:\\repos\\resend@resend-python__b468d4d5__requests__treq\\tests\\contacts_test.py",
          "lineno": 81,
          "message": "TypeError: 'coroutine' object is not subscriptable"
        },
        "traceback": [
          {
            "path": "tests\\contacts_test.py",
            "lineno": 81,
            "message": "TypeError"
          }
        ],
        "longrepr": "self = <tests.contacts_test.TestResendContacts testMethod=test_contacts_get>\n\n    def test_contacts_get(self) -> None:\n        self.set_mock_json(\n            {\n                \"object\": \"contact\",\n                \"id\": \"e169aa45-1ecf-4183-9955-b1499d5701d3\",\n                \"email\": \"steve.wozniak@gmail.com\",\n                \"first_name\": \"Steve\",\n                \"last_name\": \"Wozniak\",\n                \"created_at\": \"2023-10-06T23:47:56.678Z\",\n                \"unsubscribed\": False,\n            }\n        )\n    \n        contact: resend.Contact = resend.Contacts.get(\n            id=\"e169aa45-1ecf-4183-9955-b1499d5701d3\",\n            audience_id=\"48c269ed-9873-4d60-bdd9-cd7e6fc0b9b8\",\n        )\n>       assert contact[\"id\"] == \"e169aa45-1ecf-4183-9955-b1499d5701d3\"\nE       TypeError: 'coroutine' object is not subscriptable\n\ntests\\contacts_test.py:81: TypeError"
      },
      "teardown": {
        "outcome": "passed"
      }
    },
    {
      "nodeid": "tests/contacts_test.py::TestResendContacts::test_contacts_list",
      "lineno": 155,
      "outcome": "failed",
      "keywords": [
        "test_contacts_list",
        "TestResendContacts",
        "contacts_test.py",
        "tests",
        "resend@resend-python__b468d4d5__requests__treq",
        ""
      ],
      "setup": {
        "outcome": "passed"
      },
      "call": {
        "outcome": "failed",
        "crash": {
          "path": "D:\\repos\\resend@resend-python__b468d4d5__requests__treq\\tests\\contacts_test.py",
          "lineno": 176,
          "message": "TypeError: 'coroutine' object is not subscriptable"
        },
        "traceback": [
          {
            "path": "tests\\contacts_test.py",
            "lineno": 176,
            "message": "TypeError"
          }
        ],
        "longrepr": "self = <tests.contacts_test.TestResendContacts testMethod=test_contacts_list>\n\n    def test_contacts_list(self) -> None:\n        self.set_mock_json(\n            {\n                \"object\": \"list\",\n                \"data\": [\n                    {\n                        \"id\": \"e169aa45-1ecf-4183-9955-b1499d5701d3\",\n                        \"email\": \"steve.wozniak@gmail.com\",\n                        \"first_name\": \"Steve\",\n                        \"last_name\": \"Wozniak\",\n                        \"created_at\": \"2023-10-06T23:47:56.678Z\",\n                        \"unsubscribed\": False,\n                    }\n                ],\n            }\n        )\n    \n        contacts: resend.Contacts.ListResponse = resend.Contacts.list(\n            audience_id=\"48c269ed-9873-4d60-bdd9-cd7e6fc0b9b8\"\n        )\n>       assert contacts[\"data\"][0][\"id\"] == \"e169aa45-1ecf-4183-9955-b1499d5701d3\"\nE       TypeError: 'coroutine' object is not subscriptable\n\ntests\\contacts_test.py:176: TypeError"
      },
      "teardown": {
        "outcome": "passed"
      }
    },
    {
      "nodeid": "tests/contacts_test.py::TestResendContacts::test_contacts_remove_by_email",
      "lineno": 119,
      "outcome": "failed",
      "keywords": [
        "test_contacts_remove_by_email",
        "TestResendContacts",
        "contacts_test.py",
        "tests",
        "resend@resend-python__b468d4d5__requests__treq",
        ""
      ],
      "setup": {
        "outcome": "passed"
      },
      "call": {
        "outcome": "failed",
        "crash": {
          "path": "D:\\repos\\resend@resend-python__b468d4d5__requests__treq\\tests\\contacts_test.py",
          "lineno": 133,
          "message": "TypeError: 'coroutine' object is not subscriptable"
        },
        "traceback": [
          {
            "path": "tests\\contacts_test.py",
            "lineno": 133,
            "message": "TypeError"
          }
        ],
        "longrepr": "self = <tests.contacts_test.TestResendContacts testMethod=test_contacts_remove_by_email>\n\n    def test_contacts_remove_by_email(self) -> None:\n        self.set_mock_json(\n            {\n                \"object\": \"contact\",\n                \"id\": \"520784e2-887d-4c25-b53c-4ad46ad38100\",\n                \"deleted\": True,\n            }\n        )\n    \n        rmed: resend.Contact = resend.Contacts.remove(\n            audience_id=\"48c269ed-9873-4d60-bdd9-cd7e6fc0b9b8\",\n            email=\"someemail@email.com\",\n        )\n>       assert rmed[\"id\"] == \"520784e2-887d-4c25-b53c-4ad46ad38100\"\nE       TypeError: 'coroutine' object is not subscriptable\n\ntests\\contacts_test.py:133: TypeError"
      },
      "teardown": {
        "outcome": "passed"
      }
    },
    {
      "nodeid": "tests/contacts_test.py::TestResendContacts::test_contacts_remove_by_id",
      "lineno": 95,
      "outcome": "failed",
      "keywords": [
        "test_contacts_remove_by_id",
        "TestResendContacts",
        "contacts_test.py",
        "tests",
        "resend@resend-python__b468d4d5__requests__treq",
        ""
      ],
      "setup": {
        "outcome": "passed"
      },
      "call": {
        "outcome": "failed",
        "crash": {
          "path": "D:\\repos\\resend@resend-python__b468d4d5__requests__treq\\tests\\contacts_test.py",
          "lineno": 109,
          "message": "TypeError: 'coroutine' object is not subscriptable"
        },
        "traceback": [
          {
            "path": "tests\\contacts_test.py",
            "lineno": 109,
            "message": "TypeError"
          }
        ],
        "longrepr": "self = <tests.contacts_test.TestResendContacts testMethod=test_contacts_remove_by_id>\n\n    def test_contacts_remove_by_id(self) -> None:\n        self.set_mock_json(\n            {\n                \"object\": \"contact\",\n                \"id\": \"520784e2-887d-4c25-b53c-4ad46ad38100\",\n                \"deleted\": True,\n            }\n        )\n    \n        rmed = resend.Contacts.remove(\n            audience_id=\"48c269ed-9873-4d60-bdd9-cd7e6fc0b9b8\",\n            id=\"78261eea-8f8b-4381-83c6-79fa7120f1cf\",\n        )\n>       assert rmed[\"id\"] == \"520784e2-887d-4c25-b53c-4ad46ad38100\"\nE       TypeError: 'coroutine' object is not subscriptable\n\ntests\\contacts_test.py:109: TypeError"
      },
      "teardown": {
        "outcome": "passed"
      }
    },
    {
      "nodeid": "tests/contacts_test.py::TestResendContacts::test_contacts_remove_raises",
      "lineno": 145,
      "outcome": "passed",
      "keywords": [
        "test_contacts_remove_raises",
        "TestResendContacts",
        "contacts_test.py",
        "tests",
        "resend@resend-python__b468d4d5__requests__treq",
        ""
      ],
      "setup": {
        "outcome": "passed"
      },
      "call": {
        "outcome": "passed"
      },
      "teardown": {
        "outcome": "passed"
      }
    },
    {
      "nodeid": "tests/contacts_test.py::TestResendContacts::test_contacts_update",
      "lineno": 35,
      "outcome": "failed",
      "keywords": [
        "test_contacts_update",
        "TestResendContacts",
        "contacts_test.py",
        "tests",
        "resend@resend-python__b468d4d5__requests__treq",
        ""
      ],
      "setup": {
        "outcome": "passed"
      },
      "call": {
        "outcome": "failed",
        "crash": {
          "path": "D:\\repos\\resend@resend-python__b468d4d5__requests__treq\\tests\\contacts_test.py",
          "lineno": 51,
          "message": "TypeError: 'coroutine' object is not subscriptable"
        },
        "traceback": [
          {
            "path": "tests\\contacts_test.py",
            "lineno": 51,
            "message": "TypeError"
          }
        ],
        "longrepr": "self = <tests.contacts_test.TestResendContacts testMethod=test_contacts_update>\n\n    def test_contacts_update(self) -> None:\n        self.set_mock_json(\n            {\n                \"object\": \"contact\",\n                \"id\": \"479e3145-dd38-476b-932c-529ceb705947\",\n            }\n        )\n    \n        params: resend.Contacts.UpdateParams = {\n            \"audience_id\": \"48c269ed-9873-4d60-bdd9-cd7e6fc0b9b8\",\n            \"id\": \"479e3145-dd38-476b-932c-529ceb705947\",\n            \"first_name\": \"Updated\",\n            \"unsubscribed\": True,\n        }\n        contact = resend.Contacts.update(params)\n>       assert contact[\"id\"] == \"479e3145-dd38-476b-932c-529ceb705947\"\nE       TypeError: 'coroutine' object is not subscriptable\n\ntests\\contacts_test.py:51: TypeError"
      },
      "teardown": {
        "outcome": "passed"
      }
    },
    {
      "nodeid": "tests/contacts_test.py::TestResendContacts::test_should_create_contacts_raise_exception_when_no_content",
      "lineno": 23,
      "outcome": "failed",
      "keywords": [
        "test_should_create_contacts_raise_exception_when_no_content",
        "TestResendContacts",
        "contacts_test.py",
        "tests",
        "resend@resend-python__b468d4d5__requests__treq",
        ""
      ],
      "setup": {
        "outcome": "passed"
      },
      "call": {
        "outcome": "failed",
        "crash": {
          "path": "C:\\Users\\Mohay\\AppData\\Local\\Programs\\Python\\Python312\\Lib\\unittest\\case.py",
          "lineno": 200,
          "message": "AssertionError: NoContentError not raised"
        },
        "traceback": [
          {
            "path": "tests\\contacts_test.py",
            "lineno": 33,
            "message": "AssertionError"
          }
        ],
        "longrepr": "self = <tests.contacts_test.TestResendContacts testMethod=test_should_create_contacts_raise_exception_when_no_content>\n\n    def test_should_create_contacts_raise_exception_when_no_content(self) -> None:\n        self.set_mock_json(None)\n        params: resend.Contacts.CreateParams = {\n            \"audience_id\": \"48c269ed-9873-4d60-bdd9-cd7e6fc0b9b8\",\n            \"email\": \"steve.wozniak@gmail.com\",\n            \"first_name\": \"Steve\",\n            \"last_name\": \"Wozniak\",\n            \"unsubscribed\": True,\n        }\n>       with self.assertRaises(NoContentError):\nE       AssertionError: NoContentError not raised\n\ntests\\contacts_test.py:33: AssertionError"
      },
      "teardown": {
        "outcome": "passed"
      }
    },
    {
      "nodeid": "tests/contacts_test.py::TestResendContacts::test_should_get_contacts_raise_exception_when_no_content",
      "lineno": 87,
      "outcome": "failed",
      "keywords": [
        "test_should_get_contacts_raise_exception_when_no_content",
        "TestResendContacts",
        "contacts_test.py",
        "tests",
        "resend@resend-python__b468d4d5__requests__treq",
        ""
      ],
      "setup": {
        "outcome": "passed"
      },
      "call": {
        "outcome": "failed",
        "crash": {
          "path": "C:\\Users\\Mohay\\AppData\\Local\\Programs\\Python\\Python312\\Lib\\unittest\\case.py",
          "lineno": 200,
          "message": "AssertionError: NoContentError not raised"
        },
        "traceback": [
          {
            "path": "tests\\contacts_test.py",
            "lineno": 90,
            "message": "AssertionError"
          }
        ],
        "longrepr": "self = <tests.contacts_test.TestResendContacts testMethod=test_should_get_contacts_raise_exception_when_no_content>\n\n    def test_should_get_contacts_raise_exception_when_no_content(self) -> None:\n        self.set_mock_json(None)\n>       with self.assertRaises(NoContentError):\nE       AssertionError: NoContentError not raised\n\ntests\\contacts_test.py:90: AssertionError"
      },
      "teardown": {
        "outcome": "passed"
      }
    },
    {
      "nodeid": "tests/contacts_test.py::TestResendContacts::test_should_list_contacts_raise_exception_when_no_content",
      "lineno": 182,
      "outcome": "failed",
      "keywords": [
        "test_should_list_contacts_raise_exception_when_no_content",
        "TestResendContacts",
        "contacts_test.py",
        "tests",
        "resend@resend-python__b468d4d5__requests__treq",
        ""
      ],
      "setup": {
        "outcome": "passed"
      },
      "call": {
        "outcome": "failed",
        "crash": {
          "path": "C:\\Users\\Mohay\\AppData\\Local\\Programs\\Python\\Python312\\Lib\\unittest\\case.py",
          "lineno": 200,
          "message": "AssertionError: NoContentError not raised"
        },
        "traceback": [
          {
            "path": "tests\\contacts_test.py",
            "lineno": 185,
            "message": "AssertionError"
          }
        ],
        "longrepr": "self = <tests.contacts_test.TestResendContacts testMethod=test_should_list_contacts_raise_exception_when_no_content>\n\n    def test_should_list_contacts_raise_exception_when_no_content(self) -> None:\n        self.set_mock_json(None)\n>       with self.assertRaises(NoContentError):\nE       AssertionError: NoContentError not raised\n\ntests\\contacts_test.py:185: AssertionError"
      },
      "teardown": {
        "outcome": "passed"
      }
    },
    {
      "nodeid": "tests/contacts_test.py::TestResendContacts::test_should_remove_contacts_by_email_raise_exception_when_no_content",
      "lineno": 135,
      "outcome": "failed",
      "keywords": [
        "test_should_remove_contacts_by_email_raise_exception_when_no_content",
        "TestResendContacts",
        "contacts_test.py",
        "tests",
        "resend@resend-python__b468d4d5__requests__treq",
        ""
      ],
      "setup": {
        "outcome": "passed"
      },
      "call": {
        "outcome": "failed",
        "crash": {
          "path": "C:\\Users\\Mohay\\AppData\\Local\\Programs\\Python\\Python312\\Lib\\unittest\\case.py",
          "lineno": 200,
          "message": "AssertionError: NoContentError not raised"
        },
        "traceback": [
          {
            "path": "tests\\contacts_test.py",
            "lineno": 140,
            "message": "AssertionError"
          }
        ],
        "longrepr": "self = <tests.contacts_test.TestResendContacts testMethod=test_should_remove_contacts_by_email_raise_exception_when_no_content>\n\n    def test_should_remove_contacts_by_email_raise_exception_when_no_content(\n        self,\n    ) -> None:\n        self.set_mock_json(None)\n>       with self.assertRaises(NoContentError):\nE       AssertionError: NoContentError not raised\n\ntests\\contacts_test.py:140: AssertionError"
      },
      "teardown": {
        "outcome": "passed"
      }
    },
    {
      "nodeid": "tests/contacts_test.py::TestResendContacts::test_should_remove_contacts_by_id_raise_exception_when_no_content",
      "lineno": 111,
      "outcome": "failed",
      "keywords": [
        "test_should_remove_contacts_by_id_raise_exception_when_no_content",
        "TestResendContacts",
        "contacts_test.py",
        "tests",
        "resend@resend-python__b468d4d5__requests__treq",
        ""
      ],
      "setup": {
        "outcome": "passed"
      },
      "call": {
        "outcome": "failed",
        "crash": {
          "path": "C:\\Users\\Mohay\\AppData\\Local\\Programs\\Python\\Python312\\Lib\\unittest\\case.py",
          "lineno": 200,
          "message": "AssertionError: NoContentError not raised"
        },
        "traceback": [
          {
            "path": "tests\\contacts_test.py",
            "lineno": 114,
            "message": "AssertionError"
          }
        ],
        "longrepr": "self = <tests.contacts_test.TestResendContacts testMethod=test_should_remove_contacts_by_id_raise_exception_when_no_content>\n\n    def test_should_remove_contacts_by_id_raise_exception_when_no_content(self) -> None:\n        self.set_mock_json(None)\n>       with self.assertRaises(NoContentError):\nE       AssertionError: NoContentError not raised\n\ntests\\contacts_test.py:114: AssertionError"
      },
      "teardown": {
        "outcome": "passed"
      }
    },
    {
      "nodeid": "tests/contacts_test.py::TestResendContacts::test_should_update_contacts_raise_exception_when_no_content",
      "lineno": 52,
      "outcome": "failed",
      "keywords": [
        "test_should_update_contacts_raise_exception_when_no_content",
        "TestResendContacts",
        "contacts_test.py",
        "tests",
        "resend@resend-python__b468d4d5__requests__treq",
        ""
      ],
      "setup": {
        "outcome": "passed"
      },
      "call": {
        "outcome": "failed",
        "crash": {
          "path": "C:\\Users\\Mohay\\AppData\\Local\\Programs\\Python\\Python312\\Lib\\unittest\\case.py",
          "lineno": 200,
          "message": "AssertionError: NoContentError not raised"
        },
        "traceback": [
          {
            "path": "tests\\contacts_test.py",
            "lineno": 61,
            "message": "AssertionError"
          }
        ],
        "longrepr": "self = <tests.contacts_test.TestResendContacts testMethod=test_should_update_contacts_raise_exception_when_no_content>\n\n    def test_should_update_contacts_raise_exception_when_no_content(self) -> None:\n        self.set_mock_json(None)\n        params: resend.Contacts.UpdateParams = {\n            \"audience_id\": \"48c269ed-9873-4d60-bdd9-cd7e6fc0b9b8\",\n            \"id\": \"479e3145-dd38-476b-932c-529ceb705947\",\n            \"first_name\": \"Updated\",\n            \"unsubscribed\": True,\n        }\n>       with self.assertRaises(NoContentError):\nE       AssertionError: NoContentError not raised\n\ntests\\contacts_test.py:61: AssertionError"
      },
      "teardown": {
        "outcome": "passed"
      }
    },
    {
      "nodeid": "tests/domains_test.py::TestResendDomains::test_domains_create",
      "lineno": 8,
      "outcome": "failed",
      "keywords": [
        "test_domains_create",
        "TestResendDomains",
        "domains_test.py",
        "tests",
        "resend@resend-python__b468d4d5__requests__treq",
        ""
      ],
      "setup": {
        "outcome": "passed"
      },
      "call": {
        "outcome": "failed",
        "crash": {
          "path": "D:\\repos\\resend@resend-python__b468d4d5__requests__treq\\tests\\domains_test.py",
          "lineno": 67,
          "message": "TypeError: 'coroutine' object is not subscriptable"
        },
        "traceback": [
          {
            "path": "tests\\domains_test.py",
            "lineno": 67,
            "message": "TypeError"
          }
        ],
        "longrepr": "self = <tests.domains_test.TestResendDomains testMethod=test_domains_create>\n\n    def test_domains_create(self) -> None:\n        self.set_mock_json(\n            {\n                \"id\": \"4dd369bc-aa82-4ff3-97de-514ae3000ee0\",\n                \"name\": \"example.com\",\n                \"created_at\": \"2023-03-28T17:12:02.059593+00:00\",\n                \"status\": \"not_started\",\n                \"records\": [\n                    {\n                        \"record\": \"SPF\",\n                        \"name\": \"bounces\",\n                        \"type\": \"MX\",\n                        \"ttl\": \"Auto\",\n                        \"status\": \"not_started\",\n                        \"value\": \"feedback-smtp.us-east-1.amazonses.com\",\n                        \"priority\": 10,\n                    },\n                    {\n                        \"record\": \"SPF\",\n                        \"name\": \"bounces\",\n                        \"value\": '\"v=spf1 include:amazonses.com ~all\"',\n                        \"type\": \"TXT\",\n                        \"ttl\": \"Auto\",\n                        \"status\": \"not_started\",\n                    },\n                    {\n                        \"record\": \"DKIM\",\n                        \"name\": \"nhapbbryle57yxg3fbjytyodgbt2kyyg._domainkey\",\n                        \"value\": \"nhapbbryle57yxg3fbjytyodgbt2kyyg.dkim.amazonses.com.\",\n                        \"type\": \"CNAME\",\n                        \"status\": \"not_started\",\n                        \"ttl\": \"Auto\",\n                    },\n                    {\n                        \"record\": \"DKIM\",\n                        \"name\": \"xbakwbe5fcscrhzshpap6kbxesf6pfgn._domainkey\",\n                        \"value\": \"xbakwbe5fcscrhzshpap6kbxesf6pfgn.dkim.amazonses.com.\",\n                        \"type\": \"CNAME\",\n                        \"status\": \"not_started\",\n                        \"ttl\": \"Auto\",\n                    },\n                    {\n                        \"record\": \"DKIM\",\n                        \"name\": \"txrcreso3dqbvcve45tqyosxwaegvhgn._domainkey\",\n                        \"value\": \"txrcreso3dqbvcve45tqyosxwaegvhgn.dkim.amazonses.com.\",\n                        \"type\": \"CNAME\",\n                        \"status\": \"not_started\",\n                        \"ttl\": \"Auto\",\n                    },\n                ],\n                \"region\": \"us-east-1\",\n            }\n        )\n    \n        create_params: resend.Domains.CreateParams = {\n            \"name\": \"example.com\",\n        }\n        domain = resend.Domains.create(params=create_params)\n>       assert domain[\"id\"] == \"4dd369bc-aa82-4ff3-97de-514ae3000ee0\"\nE       TypeError: 'coroutine' object is not subscriptable\n\ntests\\domains_test.py:67: TypeError"
      },
      "teardown": {
        "outcome": "passed"
      }
    },
    {
      "nodeid": "tests/domains_test.py::TestResendDomains::test_domains_get",
      "lineno": 80,
      "outcome": "failed",
      "keywords": [
        "test_domains_get",
        "TestResendDomains",
        "domains_test.py",
        "tests",
        "resend@resend-python__b468d4d5__requests__treq",
        ""
      ],
      "setup": {
        "outcome": "passed"
      },
      "call": {
        "outcome": "failed",
        "crash": {
          "path": "D:\\repos\\resend@resend-python__b468d4d5__requests__treq\\tests\\domains_test.py",
          "lineno": 96,
          "message": "TypeError: 'coroutine' object is not subscriptable"
        },
        "traceback": [
          {
            "path": "tests\\domains_test.py",
            "lineno": 96,
            "message": "TypeError"
          }
        ],
        "longrepr": "self = <tests.domains_test.TestResendDomains testMethod=test_domains_get>\n\n    def test_domains_get(self) -> None:\n        self.set_mock_json(\n            {\n                \"object\": \"domain\",\n                \"id\": \"d91cd9bd-1176-453e-8fc1-35364d380206\",\n                \"name\": \"example.com\",\n                \"status\": \"not_started\",\n                \"created_at\": \"2023-04-26T20:21:26.347412+00:00\",\n                \"region\": \"us-east-1\",\n            }\n        )\n    \n        domain = resend.Domains.get(\n            domain_id=\"d91cd9bd-1176-453e-8fc1-35364d380206\",\n        )\n>       assert domain[\"id\"] == \"d91cd9bd-1176-453e-8fc1-35364d380206\"\nE       TypeError: 'coroutine' object is not subscriptable\n\ntests\\domains_test.py:96: TypeError"
      },
      "teardown": {
        "outcome": "passed"
      }
    },
    {
      "nodeid": "tests/domains_test.py::TestResendDomains::test_domains_list",
      "lineno": 108,
      "outcome": "failed",
      "keywords": [
        "test_domains_list",
        "TestResendDomains",
        "domains_test.py",
        "tests",
        "resend@resend-python__b468d4d5__requests__treq",
        ""
      ],
      "setup": {
        "outcome": "passed"
      },
      "call": {
        "outcome": "failed",
        "crash": {
          "path": "D:\\repos\\resend@resend-python__b468d4d5__requests__treq\\tests\\domains_test.py",
          "lineno": 125,
          "message": "TypeError: 'coroutine' object is not subscriptable"
        },
        "traceback": [
          {
            "path": "tests\\domains_test.py",
            "lineno": 125,
            "message": "TypeError"
          }
        ],
        "longrepr": "self = <tests.domains_test.TestResendDomains testMethod=test_domains_list>\n\n    def test_domains_list(self) -> None:\n        self.set_mock_json(\n            {\n                \"data\": [\n                    {\n                        \"id\": \"d91cd9bd-1176-453e-8fc1-35364d380206\",\n                        \"name\": \"example.com\",\n                        \"status\": \"not_started\",\n                        \"created_at\": \"2023-04-26T20:21:26.347412+00:00\",\n                        \"region\": \"us-east-1\",\n                    }\n                ]\n            }\n        )\n    \n        domains = resend.Domains.list()\n>       assert domains[\"data\"][0][\"id\"] == \"d91cd9bd-1176-453e-8fc1-35364d380206\"\nE       TypeError: 'coroutine' object is not subscriptable\n\ntests\\domains_test.py:125: TypeError"
      },
      "teardown": {
        "outcome": "passed"
      }
    },
    {
      "nodeid": "tests/domains_test.py::TestResendDomains::test_domains_remove",
      "lineno": 135,
      "outcome": "failed",
      "keywords": [
        "test_domains_remove",
        "TestResendDomains",
        "domains_test.py",
        "tests",
        "resend@resend-python__b468d4d5__requests__treq",
        ""
      ],
      "setup": {
        "outcome": "passed"
      },
      "call": {
        "outcome": "failed",
        "crash": {
          "path": "D:\\repos\\resend@resend-python__b468d4d5__requests__treq\\tests\\domains_test.py",
          "lineno": 148,
          "message": "TypeError: 'coroutine' object is not subscriptable"
        },
        "traceback": [
          {
            "path": "tests\\domains_test.py",
            "lineno": 148,
            "message": "TypeError"
          }
        ],
        "longrepr": "self = <tests.domains_test.TestResendDomains testMethod=test_domains_remove>\n\n    def test_domains_remove(self) -> None:\n        self.set_mock_json(\n            {\n                \"object\": \"domain\",\n                \"id\": \"4ef9a417-02e9-4d39-ad75-9611e0fcc33c\",\n                \"deleted\": True,\n            }\n        )\n    \n        domain = resend.Domains.remove(\n            domain_id=\"4ef9a417-02e9-4d39-ad75-9611e0fcc33c\",\n        )\n>       assert domain[\"deleted\"] is True\nE       TypeError: 'coroutine' object is not subscriptable\n\ntests\\domains_test.py:148: TypeError"
      },
      "teardown": {
        "outcome": "passed"
      }
    },
    {
      "nodeid": "tests/domains_test.py::TestResendDomains::test_domains_update",
      "lineno": 174,
      "outcome": "failed",
      "keywords": [
        "test_domains_update",
        "TestResendDomains",
        "domains_test.py",
        "tests",
        "resend@resend-python__b468d4d5__requests__treq",
        ""
      ],
      "setup": {
        "outcome": "passed"
      },
      "call": {
        "outcome": "failed",
        "crash": {
          "path": "D:\\repos\\resend@resend-python__b468d4d5__requests__treq\\tests\\domains_test.py",
          "lineno": 190,
          "message": "TypeError: 'coroutine' object is not subscriptable"
        },
        "traceback": [
          {
            "path": "tests\\domains_test.py",
            "lineno": 190,
            "message": "TypeError"
          }
        ],
        "longrepr": "self = <tests.domains_test.TestResendDomains testMethod=test_domains_update>\n\n    def test_domains_update(self) -> None:\n        self.set_mock_json(\n            {\n                \"object\": \"domain\",\n                \"id\": \"479e3145-dd38-476b-932c-529ceb705947\",\n            }\n        )\n    \n        params: resend.Domains.UpdateParams = {\n            \"id\": \"479e3145-dd38-476b-932c-529ceb705947\",\n            \"open_tracking\": True,\n            \"click_tracking\": True,\n            \"tls\": \"opportunistic\",\n        }\n        domain = resend.Domains.update(params)\n>       assert domain[\"id\"] == \"479e3145-dd38-476b-932c-529ceb705947\"\nE       TypeError: 'coroutine' object is not subscriptable\n\ntests\\domains_test.py:190: TypeError"
      },
      "teardown": {
        "outcome": "passed"
      }
    },
    {
      "nodeid": "tests/domains_test.py::TestResendDomains::test_domains_verify",
      "lineno": 157,
      "outcome": "failed",
      "keywords": [
        "test_domains_verify",
        "TestResendDomains",
        "domains_test.py",
        "tests",
        "resend@resend-python__b468d4d5__requests__treq",
        ""
      ],
      "setup": {
        "outcome": "passed"
      },
      "call": {
        "outcome": "failed",
        "crash": {
          "path": "D:\\repos\\resend@resend-python__b468d4d5__requests__treq\\tests\\domains_test.py",
          "lineno": 166,
          "message": "TypeError: 'coroutine' object is not subscriptable"
        },
        "traceback": [
          {
            "path": "tests\\domains_test.py",
            "lineno": 166,
            "message": "TypeError"
          }
        ],
        "longrepr": "self = <tests.domains_test.TestResendDomains testMethod=test_domains_verify>\n\n    def test_domains_verify(self) -> None:\n        self.set_mock_json(\n            {\"object\": \"domain\", \"id\": \"d91cd9bd-1176-453e-8fc1-35364d380206\"}\n        )\n    \n        domain = resend.Domains.verify(\n            domain_id=\"d91cd9bd-1176-453e-8fc1-35364d380206\",\n        )\n>       assert domain[\"id\"] == \"d91cd9bd-1176-453e-8fc1-35364d380206\"\nE       TypeError: 'coroutine' object is not subscriptable\n\ntests\\domains_test.py:166: TypeError"
      },
      "teardown": {
        "outcome": "passed"
      }
    },
    {
      "nodeid": "tests/domains_test.py::TestResendDomains::test_should_create_domains_raise_exception_when_no_content",
      "lineno": 72,
      "outcome": "failed",
      "keywords": [
        "test_should_create_domains_raise_exception_when_no_content",
        "TestResendDomains",
        "domains_test.py",
        "tests",
        "resend@resend-python__b468d4d5__requests__treq",
        ""
      ],
      "setup": {
        "outcome": "passed"
      },
      "call": {
        "outcome": "failed",
        "crash": {
          "path": "C:\\Users\\Mohay\\AppData\\Local\\Programs\\Python\\Python312\\Lib\\unittest\\case.py",
          "lineno": 200,
          "message": "AssertionError: NoContentError not raised"
        },
        "traceback": [
          {
            "path": "tests\\domains_test.py",
            "lineno": 78,
            "message": "AssertionError"
          }
        ],
        "longrepr": "self = <tests.domains_test.TestResendDomains testMethod=test_should_create_domains_raise_exception_when_no_content>\n\n    def test_should_create_domains_raise_exception_when_no_content(self) -> None:\n        self.set_mock_json(None)\n        create_params: resend.Domains.CreateParams = {\n            \"name\": \"example.com\",\n        }\n>       with self.assertRaises(NoContentError):\nE       AssertionError: NoContentError not raised\n\ntests\\domains_test.py:78: AssertionError"
      },
      "teardown": {
        "outcome": "passed"
      }
    },
    {
      "nodeid": "tests/domains_test.py::TestResendDomains::test_should_get_domains_raise_exception_when_no_content",
      "lineno": 101,
      "outcome": "failed",
      "keywords": [
        "test_should_get_domains_raise_exception_when_no_content",
        "TestResendDomains",
        "domains_test.py",
        "tests",
        "resend@resend-python__b468d4d5__requests__treq",
        ""
      ],
      "setup": {
        "outcome": "passed"
      },
      "call": {
        "outcome": "failed",
        "crash": {
          "path": "C:\\Users\\Mohay\\AppData\\Local\\Programs\\Python\\Python312\\Lib\\unittest\\case.py",
          "lineno": 200,
          "message": "AssertionError: NoContentError not raised"
        },
        "traceback": [
          {
            "path": "tests\\domains_test.py",
            "lineno": 104,
            "message": "AssertionError"
          }
        ],
        "longrepr": "self = <tests.domains_test.TestResendDomains testMethod=test_should_get_domains_raise_exception_when_no_content>\n\n    def test_should_get_domains_raise_exception_when_no_content(self) -> None:\n        self.set_mock_json(None)\n>       with self.assertRaises(NoContentError):\nE       AssertionError: NoContentError not raised\n\ntests\\domains_test.py:104: AssertionError"
      },
      "teardown": {
        "outcome": "passed"
      }
    },
    {
      "nodeid": "tests/domains_test.py::TestResendDomains::test_should_list_domains_raise_exception_when_no_content",
      "lineno": 130,
      "outcome": "failed",
      "keywords": [
        "test_should_list_domains_raise_exception_when_no_content",
        "TestResendDomains",
        "domains_test.py",
        "tests",
        "resend@resend-python__b468d4d5__requests__treq",
        ""
      ],
      "setup": {
        "outcome": "passed"
      },
      "call": {
        "outcome": "failed",
        "crash": {
          "path": "C:\\Users\\Mohay\\AppData\\Local\\Programs\\Python\\Python312\\Lib\\unittest\\case.py",
          "lineno": 200,
          "message": "AssertionError: NoContentError not raised"
        },
        "traceback": [
          {
            "path": "tests\\domains_test.py",
            "lineno": 133,
            "message": "AssertionError"
          }
        ],
        "longrepr": "self = <tests.domains_test.TestResendDomains testMethod=test_should_list_domains_raise_exception_when_no_content>\n\n    def test_should_list_domains_raise_exception_when_no_content(self) -> None:\n        self.set_mock_json(None)\n>       with self.assertRaises(NoContentError):\nE       AssertionError: NoContentError not raised\n\ntests\\domains_test.py:133: AssertionError"
      },
      "teardown": {
        "outcome": "passed"
      }
    },
    {
      "nodeid": "tests/domains_test.py::TestResendDomains::test_should_remove_domains_raise_exception_when_no_content",
      "lineno": 150,
      "outcome": "failed",
      "keywords": [
        "test_should_remove_domains_raise_exception_when_no_content",
        "TestResendDomains",
        "domains_test.py",
        "tests",
        "resend@resend-python__b468d4d5__requests__treq",
        ""
      ],
      "setup": {
        "outcome": "passed"
      },
      "call": {
        "outcome": "failed",
        "crash": {
          "path": "C:\\Users\\Mohay\\AppData\\Local\\Programs\\Python\\Python312\\Lib\\unittest\\case.py",
          "lineno": 200,
          "message": "AssertionError: NoContentError not raised"
        },
        "traceback": [
          {
            "path": "tests\\domains_test.py",
            "lineno": 153,
            "message": "AssertionError"
          }
        ],
        "longrepr": "self = <tests.domains_test.TestResendDomains testMethod=test_should_remove_domains_raise_exception_when_no_content>\n\n    def test_should_remove_domains_raise_exception_when_no_content(self) -> None:\n        self.set_mock_json(None)\n>       with self.assertRaises(NoContentError):\nE       AssertionError: NoContentError not raised\n\ntests\\domains_test.py:153: AssertionError"
      },
      "teardown": {
        "outcome": "passed"
      }
    },
    {
      "nodeid": "tests/domains_test.py::TestResendDomains::test_should_update_domains_raise_exception_when_no_content",
      "lineno": 191,
      "outcome": "failed",
      "keywords": [
        "test_should_update_domains_raise_exception_when_no_content",
        "TestResendDomains",
        "domains_test.py",
        "tests",
        "resend@resend-python__b468d4d5__requests__treq",
        ""
      ],
      "setup": {
        "outcome": "passed"
      },
      "call": {
        "outcome": "failed",
        "crash": {
          "path": "C:\\Users\\Mohay\\AppData\\Local\\Programs\\Python\\Python312\\Lib\\unittest\\case.py",
          "lineno": 200,
          "message": "AssertionError: NoContentError not raised"
        },
        "traceback": [
          {
            "path": "tests\\domains_test.py",
            "lineno": 199,
            "message": "AssertionError"
          }
        ],
        "longrepr": "self = <tests.domains_test.TestResendDomains testMethod=test_should_update_domains_raise_exception_when_no_content>\n\n    def test_should_update_domains_raise_exception_when_no_content(self) -> None:\n        self.set_mock_json(None)\n        params: resend.Domains.UpdateParams = {\n            \"id\": \"479e3145-dd38-476b-932c-529ceb705947\",\n            \"open_tracking\": True,\n            \"click_tracking\": True,\n        }\n>       with self.assertRaises(NoContentError):\nE       AssertionError: NoContentError not raised\n\ntests\\domains_test.py:199: AssertionError"
      },
      "teardown": {
        "outcome": "passed"
      }
    },
    {
      "nodeid": "tests/domains_test.py::TestResendDomains::test_should_verify_domains_raise_exception_when_no_content",
      "lineno": 167,
      "outcome": "failed",
      "keywords": [
        "test_should_verify_domains_raise_exception_when_no_content",
        "TestResendDomains",
        "domains_test.py",
        "tests",
        "resend@resend-python__b468d4d5__requests__treq",
        ""
      ],
      "setup": {
        "outcome": "passed"
      },
      "call": {
        "outcome": "failed",
        "crash": {
          "path": "C:\\Users\\Mohay\\AppData\\Local\\Programs\\Python\\Python312\\Lib\\unittest\\case.py",
          "lineno": 200,
          "message": "AssertionError: NoContentError not raised"
        },
        "traceback": [
          {
            "path": "tests\\domains_test.py",
            "lineno": 170,
            "message": "AssertionError"
          }
        ],
        "longrepr": "self = <tests.domains_test.TestResendDomains testMethod=test_should_verify_domains_raise_exception_when_no_content>\n\n    def test_should_verify_domains_raise_exception_when_no_content(self) -> None:\n        self.set_mock_json(None)\n>       with self.assertRaises(NoContentError):\nE       AssertionError: NoContentError not raised\n\ntests\\domains_test.py:170: AssertionError"
      },
      "teardown": {
        "outcome": "passed"
      }
    },
    {
      "nodeid": "tests/emails_test.py::TestResendEmail::test_cancel_scheduled_email",
      "lineno": 101,
      "outcome": "failed",
      "keywords": [
        "test_cancel_scheduled_email",
        "TestResendEmail",
        "emails_test.py",
        "tests",
        "resend@resend-python__b468d4d5__requests__treq",
        ""
      ],
      "setup": {
        "outcome": "passed"
      },
      "call": {
        "outcome": "failed",
        "crash": {
          "path": "D:\\repos\\resend@resend-python__b468d4d5__requests__treq\\tests\\emails_test.py",
          "lineno": 111,
          "message": "TypeError: 'coroutine' object is not subscriptable"
        },
        "traceback": [
          {
            "path": "tests\\emails_test.py",
            "lineno": 111,
            "message": "TypeError"
          }
        ],
        "longrepr": "self = <tests.emails_test.TestResendEmail testMethod=test_cancel_scheduled_email>\n\n    def test_cancel_scheduled_email(self) -> None:\n        self.set_mock_json(\n            {\n                \"id\": \"49a3999c-0ce1-4ea6-ab68-afcd6dc2e794\",\n            }\n        )\n        email: resend.Emails.CancelScheduledEmailResponse = resend.Emails.cancel(\n            email_id=\"49a3999c-0ce1-4ea6-ab68-afcd6dc2e794\"\n        )\n>       assert email[\"id\"] == \"49a3999c-0ce1-4ea6-ab68-afcd6dc2e794\"\nE       TypeError: 'coroutine' object is not subscriptable\n\ntests\\emails_test.py:111: TypeError"
      },
      "teardown": {
        "outcome": "passed"
      }
    },
    {
      "nodeid": "tests/emails_test.py::TestResendEmail::test_email_get",
      "lineno": 37,
      "outcome": "failed",
      "keywords": [
        "test_email_get",
        "TestResendEmail",
        "emails_test.py",
        "tests",
        "resend@resend-python__b468d4d5__requests__treq",
        ""
      ],
      "setup": {
        "outcome": "passed"
      },
      "call": {
        "outcome": "failed",
        "crash": {
          "path": "D:\\repos\\resend@resend-python__b468d4d5__requests__treq\\tests\\emails_test.py",
          "lineno": 59,
          "message": "TypeError: 'coroutine' object is not subscriptable"
        },
        "traceback": [
          {
            "path": "tests\\emails_test.py",
            "lineno": 59,
            "message": "TypeError"
          }
        ],
        "longrepr": "self = <tests.emails_test.TestResendEmail testMethod=test_email_get>\n\n    def test_email_get(self) -> None:\n        self.set_mock_json(\n            {\n                \"object\": \"email\",\n                \"id\": \"4ef9a417-02e9-4d39-ad75-9611e0fcc33c\",\n                \"to\": [\"james@bond.com\"],\n                \"from\": \"onboarding@resend.dev\",\n                \"created_at\": \"2023-04-03T22:13:42.674981+00:00\",\n                \"subject\": \"Hello World\",\n                \"html\": \"Congrats on sending your <strong>first email</strong>!\",\n                \"text\": None,\n                \"bcc\": [None],\n                \"cc\": [None],\n                \"reply_to\": [None],\n                \"last_event\": \"delivered\",\n            }\n        )\n    \n        email: resend.Email = resend.Emails.get(\n            email_id=\"4ef9a417-02e9-4d39-ad75-9611e0fcc33c\",\n        )\n>       assert email[\"id\"] == \"4ef9a417-02e9-4d39-ad75-9611e0fcc33c\"\nE       TypeError: 'coroutine' object is not subscriptable\n\ntests\\emails_test.py:59: TypeError"
      },
      "teardown": {
        "outcome": "passed"
      }
    },
    {
      "nodeid": "tests/emails_test.py::TestResendEmail::test_email_response_html",
      "lineno": 67,
      "outcome": "passed",
      "keywords": [
        "test_email_response_html",
        "TestResendEmail",
        "emails_test.py",
        "tests",
        "resend@resend-python__b468d4d5__requests__treq",
        ""
      ],
      "setup": {
        "outcome": "passed"
      },
      "call": {
        "outcome": "passed"
      },
      "teardown": {
        "outcome": "passed"
      }
    },
    {
      "nodeid": "tests/emails_test.py::TestResendEmail::test_email_send_with_from",
      "lineno": 11,
      "outcome": "failed",
      "keywords": [
        "test_email_send_with_from",
        "TestResendEmail",
        "emails_test.py",
        "tests",
        "resend@resend-python__b468d4d5__requests__treq",
        ""
      ],
      "setup": {
        "outcome": "passed"
      },
      "call": {
        "outcome": "failed",
        "crash": {
          "path": "D:\\repos\\resend@resend-python__b468d4d5__requests__treq\\tests\\emails_test.py",
          "lineno": 25,
          "message": "TypeError: 'coroutine' object is not subscriptable"
        },
        "traceback": [
          {
            "path": "tests\\emails_test.py",
            "lineno": 25,
            "message": "TypeError"
          }
        ],
        "longrepr": "self = <tests.emails_test.TestResendEmail testMethod=test_email_send_with_from>\n\n    def test_email_send_with_from(self) -> None:\n        self.set_mock_json(\n            {\n                \"id\": \"49a3999c-0ce1-4ea6-ab68-afcd6dc2e794\",\n            }\n        )\n        params: resend.Emails.SendParams = {\n            \"to\": \"to@email.com\",\n            \"from\": \"from@email.com\",\n            \"subject\": \"subject\",\n            \"html\": \"html\",\n        }\n        email: resend.Email = resend.Emails.send(params)\n>       assert email[\"id\"] == \"49a3999c-0ce1-4ea6-ab68-afcd6dc2e794\"\nE       TypeError: 'coroutine' object is not subscriptable\n\ntests\\emails_test.py:25: TypeError"
      },
      "teardown": {
        "outcome": "passed"
      }
    },
    {
      "nodeid": "tests/emails_test.py::TestResendEmail::test_should_get_email_raise_exception_when_no_content",
      "lineno": 60,
      "outcome": "failed",
      "keywords": [
        "test_should_get_email_raise_exception_when_no_content",
        "TestResendEmail",
        "emails_test.py",
        "tests",
        "resend@resend-python__b468d4d5__requests__treq",
        ""
      ],
      "setup": {
        "outcome": "passed"
      },
      "call": {
        "outcome": "failed",
        "crash": {
          "path": "C:\\Users\\Mohay\\AppData\\Local\\Programs\\Python\\Python312\\Lib\\unittest\\case.py",
          "lineno": 200,
          "message": "AssertionError: NoContentError not raised"
        },
        "traceback": [
          {
            "path": "tests\\emails_test.py",
            "lineno": 63,
            "message": "AssertionError"
          }
        ],
        "longrepr": "self = <tests.emails_test.TestResendEmail testMethod=test_should_get_email_raise_exception_when_no_content>\n\n    def test_should_get_email_raise_exception_when_no_content(self) -> None:\n        self.set_mock_json(None)\n>       with self.assertRaises(NoContentError):\nE       AssertionError: NoContentError not raised\n\ntests\\emails_test.py:63: AssertionError"
      },
      "teardown": {
        "outcome": "passed"
      }
    },
    {
      "nodeid": "tests/emails_test.py::TestResendEmail::test_should_send_email_raise_exception_when_no_content",
      "lineno": 26,
      "outcome": "failed",
      "keywords": [
        "test_should_send_email_raise_exception_when_no_content",
        "TestResendEmail",
        "emails_test.py",
        "tests",
        "resend@resend-python__b468d4d5__requests__treq",
        ""
      ],
      "setup": {
        "outcome": "passed"
      },
      "call": {
        "outcome": "failed",
        "crash": {
          "path": "C:\\Users\\Mohay\\AppData\\Local\\Programs\\Python\\Python312\\Lib\\unittest\\case.py",
          "lineno": 200,
          "message": "AssertionError: NoContentError not raised"
        },
        "traceback": [
          {
            "path": "tests\\emails_test.py",
            "lineno": 35,
            "message": "AssertionError"
          }
        ],
        "longrepr": "self = <tests.emails_test.TestResendEmail testMethod=test_should_send_email_raise_exception_when_no_content>\n\n    def test_should_send_email_raise_exception_when_no_content(self) -> None:\n        self.set_mock_json(None)\n        params: resend.Emails.SendParams = {\n            \"to\": \"to@email.com\",\n            \"from\": \"from@email.com\",\n            \"subject\": \"subject\",\n            \"html\": \"html\",\n        }\n>       with self.assertRaises(NoContentError):\nE       AssertionError: NoContentError not raised\n\ntests\\emails_test.py:35: AssertionError"
      },
      "teardown": {
        "outcome": "passed"
      }
    },
    {
      "nodeid": "tests/emails_test.py::TestResendEmail::test_update_email",
      "lineno": 86,
      "outcome": "failed",
      "keywords": [
        "test_update_email",
        "TestResendEmail",
        "emails_test.py",
        "tests",
        "resend@resend-python__b468d4d5__requests__treq",
        ""
      ],
      "setup": {
        "outcome": "passed"
      },
      "call": {
        "outcome": "failed",
        "crash": {
          "path": "D:\\repos\\resend@resend-python__b468d4d5__requests__treq\\tests\\emails_test.py",
          "lineno": 100,
          "message": "TypeError: 'coroutine' object is not subscriptable"
        },
        "traceback": [
          {
            "path": "tests\\emails_test.py",
            "lineno": 100,
            "message": "TypeError"
          }
        ],
        "longrepr": "self = <tests.emails_test.TestResendEmail testMethod=test_update_email>\n\n    def test_update_email(self) -> None:\n        self.set_mock_json(\n            {\n                \"id\": \"49a3999c-0ce1-4ea6-ab68-afcd6dc2e794\",\n            }\n        )\n        update_params: resend.Emails.UpdateParams = {\n            \"id\": \"49a3999c-0ce1-4ea6-ab68-afcd6dc2e794\",\n            \"scheduled_at\": \"2024-09-07T11:52:01.858Z\",\n        }\n        updated_email: resend.Emails.UpdateEmailResponse = resend.Emails.update(\n            params=update_params\n        )\n>       assert updated_email[\"id\"] == \"49a3999c-0ce1-4ea6-ab68-afcd6dc2e794\"\nE       TypeError: 'coroutine' object is not subscriptable\n\ntests\\emails_test.py:100: TypeError"
      },
      "teardown": {
        "outcome": "passed"
      }
    },
    {
      "nodeid": "tests/exceptions_test.py::TestResendError::test_error_500",
      "lineno": 30,
      "outcome": "passed",
      "keywords": [
        "test_error_500",
        "TestResendError",
        "exceptions_test.py",
        "tests",
        "resend@resend-python__b468d4d5__requests__treq",
        ""
      ],
      "setup": {
        "outcome": "passed"
      },
      "call": {
        "outcome": "passed"
      },
      "teardown": {
        "outcome": "passed"
      }
    },
    {
      "nodeid": "tests/exceptions_test.py::TestResendError::test_raise_known_error",
      "lineno": 15,
      "outcome": "passed",
      "keywords": [
        "test_raise_known_error",
        "TestResendError",
        "exceptions_test.py",
        "tests",
        "resend@resend-python__b468d4d5__requests__treq",
        ""
      ],
      "setup": {
        "outcome": "passed"
      },
      "call": {
        "outcome": "passed"
      },
      "teardown": {
        "outcome": "passed"
      }
    },
    {
      "nodeid": "tests/exceptions_test.py::TestResendError::test_raise_when_unknown_error",
      "lineno": 10,
      "outcome": "passed",
      "keywords": [
        "test_raise_when_unknown_error",
        "TestResendError",
        "exceptions_test.py",
        "tests",
        "resend@resend-python__b468d4d5__requests__treq",
        ""
      ],
      "setup": {
        "outcome": "passed"
      },
      "call": {
        "outcome": "passed"
      },
      "teardown": {
        "outcome": "passed"
      }
    },
    {
      "nodeid": "tests/exceptions_test.py::TestResendError::test_validation_error_from_400",
      "lineno": 25,
      "outcome": "passed",
      "keywords": [
        "test_validation_error_from_400",
        "TestResendError",
        "exceptions_test.py",
        "tests",
        "resend@resend-python__b468d4d5__requests__treq",
        ""
      ],
      "setup": {
        "outcome": "passed"
      },
      "call": {
        "outcome": "passed"
      },
      "teardown": {
        "outcome": "passed"
      }
    },
    {
      "nodeid": "tests/exceptions_test.py::TestResendError::test_validation_error_from_422",
      "lineno": 20,
      "outcome": "passed",
      "keywords": [
        "test_validation_error_from_422",
        "TestResendError",
        "exceptions_test.py",
        "tests",
        "resend@resend-python__b468d4d5__requests__treq",
        ""
      ],
      "setup": {
        "outcome": "passed"
      },
      "call": {
        "outcome": "passed"
      },
      "teardown": {
        "outcome": "passed"
      }
    }
  ],
  "warnings": [
    {
      "message": "coroutine 'Request.perform' was never awaited",
      "category": "RuntimeWarning",
      "when": "runtest",
      "filename": "D:\\repos\\resend@resend-python__b468d4d5__requests__treq\\resend\\api_keys\\_api_keys.py",
      "lineno": 91
    },
    {
      "message": "coroutine 'Request.perform_with_content' was never awaited",
      "category": "RuntimeWarning",
      "when": "runtest",
      "filename": "C:\\Users\\Mohay\\AppData\\Local\\Programs\\Python\\Python312\\Lib\\unittest\\case.py",
      "lineno": 589
    }
  ]
}