{
  "exitcode": 1,
  "summary": {
    "failed": 64,
    "passed": 2,
    "total": 66,
    "collected": 66
  },
  "collectors": [
    {
      "nodeid": "",
      "outcome": "passed",
      "result": [
        {
          "nodeid": ".",
          "type": "Dir"
        }
      ]
    },
    {
      "nodeid": "Wikipedia_API.egg-info",
      "outcome": "passed",
      "result": []
    },
    {
      "nodeid": "tests/backlinks_test.py::TestBackLinks",
      "outcome": "passed",
      "result": [
        {
          "nodeid": "tests/backlinks_test.py::TestBackLinks::test_backlinks_multi_page_count",
          "type": "TestCaseFunction",
          "lineno": 27
        },
        {
          "nodeid": "tests/backlinks_test.py::TestBackLinks::test_backlinks_multi_page_titles",
          "type": "TestCaseFunction",
          "lineno": 31
        },
        {
          "nodeid": "tests/backlinks_test.py::TestBackLinks::test_backlinks_nonexistent_count",
          "type": "TestCaseFunction",
          "lineno": 12
        },
        {
          "nodeid": "tests/backlinks_test.py::TestBackLinks::test_backlinks_single_page_count",
          "type": "TestCaseFunction",
          "lineno": 16
        },
        {
          "nodeid": "tests/backlinks_test.py::TestBackLinks::test_backlinks_single_page_titles",
          "type": "TestCaseFunction",
          "lineno": 20
        }
      ]
    },
    {
      "nodeid": "tests/backlinks_test.py",
      "outcome": "passed",
      "result": [
        {
          "nodeid": "tests/backlinks_test.py::TestBackLinks",
          "type": "UnitTestCase"
        }
      ]
    },
    {
      "nodeid": "tests/categories_test.py::TestCategories",
      "outcome": "passed",
      "result": [
        {
          "nodeid": "tests/categories_test.py::TestCategories::test_categories_count",
          "type": "TestCaseFunction",
          "lineno": 12
        },
        {
          "nodeid": "tests/categories_test.py::TestCategories::test_categories_nss",
          "type": "TestCaseFunction",
          "lineno": 23
        },
        {
          "nodeid": "tests/categories_test.py::TestCategories::test_categories_titles",
          "type": "TestCaseFunction",
          "lineno": 16
        },
        {
          "nodeid": "tests/categories_test.py::TestCategories::test_no_categories_count",
          "type": "TestCaseFunction",
          "lineno": 29
        }
      ]
    },
    {
      "nodeid": "tests/categories_test.py",
      "outcome": "passed",
      "result": [
        {
          "nodeid": "tests/categories_test.py::TestCategories",
          "type": "UnitTestCase"
        }
      ]
    },
    {
      "nodeid": "tests/categorymembers_test.py::TestCategoryMembers",
      "outcome": "passed",
      "result": [
        {
          "nodeid": "tests/categorymembers_test.py::TestCategoryMembers::test_links_multi_page_count",
          "type": "TestCaseFunction",
          "lineno": 23
        },
        {
          "nodeid": "tests/categorymembers_test.py::TestCategoryMembers::test_links_multi_page_titles",
          "type": "TestCaseFunction",
          "lineno": 27
        },
        {
          "nodeid": "tests/categorymembers_test.py::TestCategoryMembers::test_links_single_page_count",
          "type": "TestCaseFunction",
          "lineno": 12
        },
        {
          "nodeid": "tests/categorymembers_test.py::TestCategoryMembers::test_links_single_page_titles",
          "type": "TestCaseFunction",
          "lineno": 16
        }
      ]
    },
    {
      "nodeid": "tests/categorymembers_test.py",
      "outcome": "passed",
      "result": [
        {
          "nodeid": "tests/categorymembers_test.py::TestCategoryMembers",
          "type": "UnitTestCase"
        }
      ]
    },
    {
      "nodeid": "tests/extract_errors_test.py::TestErrorsExtracts",
      "outcome": "passed",
      "result": [
        {
          "nodeid": "tests/extract_errors_test.py::TestErrorsExtracts::test_pageid",
          "type": "TestCaseFunction",
          "lineno": 16
        },
        {
          "nodeid": "tests/extract_errors_test.py::TestErrorsExtracts::test_title_before_fetching",
          "type": "TestCaseFunction",
          "lineno": 12
        }
      ]
    },
    {
      "nodeid": "tests/extract_errors_test.py",
      "outcome": "passed",
      "result": [
        {
          "nodeid": "tests/extract_errors_test.py::TestErrorsExtracts",
          "type": "UnitTestCase"
        }
      ]
    },
    {
      "nodeid": "tests/extract_html_format_test.py::TestHtmlFormatExtracts",
      "outcome": "passed",
      "result": [
        {
          "nodeid": "tests/extract_html_format_test.py::TestHtmlFormatExtracts::test_pageid",
          "type": "TestCaseFunction",
          "lineno": 18
        },
        {
          "nodeid": "tests/extract_html_format_test.py::TestHtmlFormatExtracts::test_section_count",
          "type": "TestCaseFunction",
          "lineno": 31
        },
        {
          "nodeid": "tests/extract_html_format_test.py::TestHtmlFormatExtracts::test_subsection",
          "type": "TestCaseFunction",
          "lineno": 53
        },
        {
          "nodeid": "tests/extract_html_format_test.py::TestHtmlFormatExtracts::test_subsection_by_title",
          "type": "TestCaseFunction",
          "lineno": 42
        },
        {
          "nodeid": "tests/extract_html_format_test.py::TestHtmlFormatExtracts::test_subsection_by_title_return_last",
          "type": "TestCaseFunction",
          "lineno": 73
        },
        {
          "nodeid": "tests/extract_html_format_test.py::TestHtmlFormatExtracts::test_subsection_by_title_with_multiple_spans",
          "type": "TestCaseFunction",
          "lineno": 48
        },
        {
          "nodeid": "tests/extract_html_format_test.py::TestHtmlFormatExtracts::test_subsections_by_title",
          "type": "TestCaseFunction",
          "lineno": 80
        },
        {
          "nodeid": "tests/extract_html_format_test.py::TestHtmlFormatExtracts::test_subsubsection",
          "type": "TestCaseFunction",
          "lineno": 60
        },
        {
          "nodeid": "tests/extract_html_format_test.py::TestHtmlFormatExtracts::test_summary",
          "type": "TestCaseFunction",
          "lineno": 27
        },
        {
          "nodeid": "tests/extract_html_format_test.py::TestHtmlFormatExtracts::test_text",
          "type": "TestCaseFunction",
          "lineno": 93
        },
        {
          "nodeid": "tests/extract_html_format_test.py::TestHtmlFormatExtracts::test_title_after_fetching",
          "type": "TestCaseFunction",
          "lineno": 22
        },
        {
          "nodeid": "tests/extract_html_format_test.py::TestHtmlFormatExtracts::test_title_before_fetching",
          "type": "TestCaseFunction",
          "lineno": 14
        },
        {
          "nodeid": "tests/extract_html_format_test.py::TestHtmlFormatExtracts::test_top_level_section_titles",
          "type": "TestCaseFunction",
          "lineno": 35
        },
        {
          "nodeid": "tests/extract_html_format_test.py::TestHtmlFormatExtracts::test_with_erroneous_edit",
          "type": "TestCaseFunction",
          "lineno": 126
        }
      ]
    },
    {
      "nodeid": "tests/extract_html_format_test.py",
      "outcome": "passed",
      "result": [
        {
          "nodeid": "tests/extract_html_format_test.py::TestHtmlFormatExtracts",
          "type": "UnitTestCase"
        }
      ]
    },
    {
      "nodeid": "tests/extract_wiki_format_test.py::TestWikiFormatExtracts",
      "outcome": "passed",
      "result": [
        {
          "nodeid": "tests/extract_wiki_format_test.py::TestWikiFormatExtracts::test_pageid",
          "type": "TestCaseFunction",
          "lineno": 16
        },
        {
          "nodeid": "tests/extract_wiki_format_test.py::TestWikiFormatExtracts::test_section_count",
          "type": "TestCaseFunction",
          "lineno": 29
        },
        {
          "nodeid": "tests/extract_wiki_format_test.py::TestWikiFormatExtracts::test_subsection",
          "type": "TestCaseFunction",
          "lineno": 46
        },
        {
          "nodeid": "tests/extract_wiki_format_test.py::TestWikiFormatExtracts::test_subsection_by_title",
          "type": "TestCaseFunction",
          "lineno": 40
        },
        {
          "nodeid": "tests/extract_wiki_format_test.py::TestWikiFormatExtracts::test_subsubsection",
          "type": "TestCaseFunction",
          "lineno": 53
        },
        {
          "nodeid": "tests/extract_wiki_format_test.py::TestWikiFormatExtracts::test_summary",
          "type": "TestCaseFunction",
          "lineno": 25
        },
        {
          "nodeid": "tests/extract_wiki_format_test.py::TestWikiFormatExtracts::test_text",
          "type": "TestCaseFunction",
          "lineno": 66
        },
        {
          "nodeid": "tests/extract_wiki_format_test.py::TestWikiFormatExtracts::test_text_and_summary_without_sections",
          "type": "TestCaseFunction",
          "lineno": 99
        },
        {
          "nodeid": "tests/extract_wiki_format_test.py::TestWikiFormatExtracts::test_title_after_fetching",
          "type": "TestCaseFunction",
          "lineno": 20
        },
        {
          "nodeid": "tests/extract_wiki_format_test.py::TestWikiFormatExtracts::test_title_before_fetching",
          "type": "TestCaseFunction",
          "lineno": 12
        },
        {
          "nodeid": "tests/extract_wiki_format_test.py::TestWikiFormatExtracts::test_top_level_section_titles",
          "type": "TestCaseFunction",
          "lineno": 33
        }
      ]
    },
    {
      "nodeid": "tests/extract_wiki_format_test.py",
      "outcome": "passed",
      "result": [
        {
          "nodeid": "tests/extract_wiki_format_test.py::TestWikiFormatExtracts",
          "type": "UnitTestCase"
        }
      ]
    },
    {
      "nodeid": "tests/langlinks_test.py::TestLangLinks",
      "outcome": "passed",
      "result": [
        {
          "nodeid": "tests/langlinks_test.py::TestLangLinks::test_jump_between_languages",
          "type": "TestCaseFunction",
          "lineno": 51
        },
        {
          "nodeid": "tests/langlinks_test.py::TestLangLinks::test_langlinks_count",
          "type": "TestCaseFunction",
          "lineno": 12
        },
        {
          "nodeid": "tests/langlinks_test.py::TestLangLinks::test_langlinks_lang_keys",
          "type": "TestCaseFunction",
          "lineno": 30
        },
        {
          "nodeid": "tests/langlinks_test.py::TestLangLinks::test_langlinks_lang_values",
          "type": "TestCaseFunction",
          "lineno": 23
        },
        {
          "nodeid": "tests/langlinks_test.py::TestLangLinks::test_langlinks_no_langlink_count",
          "type": "TestCaseFunction",
          "lineno": 58
        },
        {
          "nodeid": "tests/langlinks_test.py::TestLangLinks::test_langlinks_titles",
          "type": "TestCaseFunction",
          "lineno": 16
        },
        {
          "nodeid": "tests/langlinks_test.py::TestLangLinks::test_langlinks_urls",
          "type": "TestCaseFunction",
          "lineno": 36
        }
      ]
    },
    {
      "nodeid": "tests/langlinks_test.py",
      "outcome": "passed",
      "result": [
        {
          "nodeid": "tests/langlinks_test.py::TestLangLinks",
          "type": "UnitTestCase"
        }
      ]
    },
    {
      "nodeid": "tests/links_test.py::TestLinks",
      "outcome": "passed",
      "result": [
        {
          "nodeid": "tests/links_test.py::TestLinks::test_links_multi_page_count",
          "type": "TestCaseFunction",
          "lineno": 23
        },
        {
          "nodeid": "tests/links_test.py::TestLinks::test_links_multi_page_titles",
          "type": "TestCaseFunction",
          "lineno": 27
        },
        {
          "nodeid": "tests/links_test.py::TestLinks::test_links_no_links_count",
          "type": "TestCaseFunction",
          "lineno": 34
        },
        {
          "nodeid": "tests/links_test.py::TestLinks::test_links_single_page_count",
          "type": "TestCaseFunction",
          "lineno": 12
        },
        {
          "nodeid": "tests/links_test.py::TestLinks::test_links_single_page_titles",
          "type": "TestCaseFunction",
          "lineno": 16
        }
      ]
    },
    {
      "nodeid": "tests/links_test.py",
      "outcome": "passed",
      "result": [
        {
          "nodeid": "tests/links_test.py::TestLinks",
          "type": "UnitTestCase"
        }
      ]
    },
    {
      "nodeid": "tests/wikipedia_page_test.py::TestWikipediaPage",
      "outcome": "passed",
      "result": [
        {
          "nodeid": "tests/wikipedia_page_test.py::TestWikipediaPage::test_article_method",
          "type": "TestCaseFunction",
          "lineno": 51
        },
        {
          "nodeid": "tests/wikipedia_page_test.py::TestWikipediaPage::test_article_title_unquote",
          "type": "TestCaseFunction",
          "lineno": 56
        },
        {
          "nodeid": "tests/wikipedia_page_test.py::TestWikipediaPage::test_existing",
          "type": "TestCaseFunction",
          "lineno": 47
        },
        {
          "nodeid": "tests/wikipedia_page_test.py::TestWikipediaPage::test_extract",
          "type": "TestCaseFunction",
          "lineno": 22
        },
        {
          "nodeid": "tests/wikipedia_page_test.py::TestWikipediaPage::test_nonexisting",
          "type": "TestCaseFunction",
          "lineno": 43
        },
        {
          "nodeid": "tests/wikipedia_page_test.py::TestWikipediaPage::test_page_title_unquote",
          "type": "TestCaseFunction",
          "lineno": 67
        },
        {
          "nodeid": "tests/wikipedia_page_test.py::TestWikipediaPage::test_page_with_int_namespace",
          "type": "TestCaseFunction",
          "lineno": 78
        },
        {
          "nodeid": "tests/wikipedia_page_test.py::TestWikipediaPage::test_repr_after_fetching",
          "type": "TestCaseFunction",
          "lineno": 16
        },
        {
          "nodeid": "tests/wikipedia_page_test.py::TestWikipediaPage::test_repr_before_fetching",
          "type": "TestCaseFunction",
          "lineno": 12
        },
        {
          "nodeid": "tests/wikipedia_page_test.py::TestWikipediaPage::test_unknown_property",
          "type": "TestCaseFunction",
          "lineno": 38
        }
      ]
    },
    {
      "nodeid": "tests/wikipedia_page_test.py",
      "outcome": "passed",
      "result": [
        {
          "nodeid": "tests/wikipedia_page_test.py::TestWikipediaPage",
          "type": "UnitTestCase"
        }
      ]
    },
    {
      "nodeid": "tests/wikipedia_test.py::TestWikipedia",
      "outcome": "passed",
      "result": [
        {
          "nodeid": "tests/wikipedia_test.py::TestWikipedia::test_missing_user_agent_should_fail",
          "type": "TestCaseFunction",
          "lineno": 6
        },
        {
          "nodeid": "tests/wikipedia_test.py::TestWikipedia::test_user_agent_in_headers_is_fine",
          "type": "TestCaseFunction",
          "lineno": 31
        },
        {
          "nodeid": "tests/wikipedia_test.py::TestWikipedia::test_user_agent_in_headers_win",
          "type": "TestCaseFunction",
          "lineno": 43
        },
        {
          "nodeid": "tests/wikipedia_test.py::TestWikipedia::test_user_agent_is_used",
          "type": "TestCaseFunction",
          "lineno": 20
        }
      ]
    },
    {
      "nodeid": "tests/wikipedia_test.py",
      "outcome": "passed",
      "result": [
        {
          "nodeid": "tests/wikipedia_test.py::TestWikipedia",
          "type": "UnitTestCase"
        }
      ]
    },
    {
      "nodeid": "tests",
      "outcome": "passed",
      "result": [
        {
          "nodeid": "tests/backlinks_test.py",
          "type": "Module"
        },
        {
          "nodeid": "tests/categories_test.py",
          "type": "Module"
        },
        {
          "nodeid": "tests/categorymembers_test.py",
          "type": "Module"
        },
        {
          "nodeid": "tests/extract_errors_test.py",
          "type": "Module"
        },
        {
          "nodeid": "tests/extract_html_format_test.py",
          "type": "Module"
        },
        {
          "nodeid": "tests/extract_wiki_format_test.py",
          "type": "Module"
        },
        {
          "nodeid": "tests/langlinks_test.py",
          "type": "Module"
        },
        {
          "nodeid": "tests/links_test.py",
          "type": "Module"
        },
        {
          "nodeid": "tests/wikipedia_page_test.py",
          "type": "Module"
        },
        {
          "nodeid": "tests/wikipedia_test.py",
          "type": "Module"
        }
      ]
    },
    {
      "nodeid": "wikipediaapi",
      "outcome": "passed",
      "result": []
    },
    {
      "nodeid": ".",
      "outcome": "passed",
      "result": [
        {
          "nodeid": "Wikipedia_API.egg-info",
          "type": "Dir"
        },
        {
          "nodeid": "tests",
          "type": "Package"
        },
        {
          "nodeid": "wikipediaapi",
          "type": "Package"
        }
      ]
    }
  ],
  "tests": [
    {
      "nodeid": "tests/backlinks_test.py::TestBackLinks::test_backlinks_multi_page_count",
      "lineno": 27,
      "outcome": "failed",
      "keywords": [
        "test_backlinks_multi_page_count",
        "TestBackLinks",
        "backlinks_test.py",
        "tests",
        "martin-majlis@wikipedia-api__a58db566__requests__treq",
        ""
      ],
      "setup": {
        "outcome": "passed"
      },
      "call": {
        "outcome": "failed",
        "crash": {
          "path": "D:\\repos\\martin-majlis@wikipedia-api__a58db566__requests__treq\\tests\\backlinks_test.py",
          "lineno": 30,
          "message": "AttributeError: 'coroutine' object has no attribute 'backlinks'"
        },
        "traceback": [
          {
            "path": "tests\\backlinks_test.py",
            "lineno": 30,
            "message": "AttributeError"
          }
        ],
        "longrepr": "self = <tests.backlinks_test.TestBackLinks testMethod=test_backlinks_multi_page_count>\n\n    def test_backlinks_multi_page_count(self):\n        page = self.wiki.page(\"Test_2\")\n>       self.assertEqual(len(page.backlinks), 5)\nE       AttributeError: 'coroutine' object has no attribute 'backlinks'\n\ntests\\backlinks_test.py:30: AttributeError"
      },
      "teardown": {
        "outcome": "passed"
      }
    },
    {
      "nodeid": "tests/backlinks_test.py::TestBackLinks::test_backlinks_multi_page_titles",
      "lineno": 31,
      "outcome": "failed",
      "keywords": [
        "test_backlinks_multi_page_titles",
        "TestBackLinks",
        "backlinks_test.py",
        "tests",
        "martin-majlis@wikipedia-api__a58db566__requests__treq",
        ""
      ],
      "setup": {
        "outcome": "passed"
      },
      "call": {
        "outcome": "failed",
        "crash": {
          "path": "D:\\repos\\martin-majlis@wikipedia-api__a58db566__requests__treq\\tests\\backlinks_test.py",
          "lineno": 35,
          "message": "AttributeError: 'coroutine' object has no attribute 'backlinks'"
        },
        "traceback": [
          {
            "path": "tests\\backlinks_test.py",
            "lineno": 35,
            "message": "AttributeError"
          }
        ],
        "longrepr": "self = <tests.backlinks_test.TestBackLinks testMethod=test_backlinks_multi_page_titles>\n\n    def test_backlinks_multi_page_titles(self):\n        page = self.wiki.page(\"Test_2\")\n        self.assertEqual(\n>           list(sorted(map(lambda s: s.title, page.backlinks.values()))),\n            [\"Title - \" + str(i + 1) for i in range(5)],\n        )\nE       AttributeError: 'coroutine' object has no attribute 'backlinks'\n\ntests\\backlinks_test.py:35: AttributeError"
      },
      "teardown": {
        "outcome": "passed"
      }
    },
    {
      "nodeid": "tests/backlinks_test.py::TestBackLinks::test_backlinks_nonexistent_count",
      "lineno": 12,
      "outcome": "failed",
      "keywords": [
        "test_backlinks_nonexistent_count",
        "TestBackLinks",
        "backlinks_test.py",
        "tests",
        "martin-majlis@wikipedia-api__a58db566__requests__treq",
        ""
      ],
      "setup": {
        "outcome": "passed"
      },
      "call": {
        "outcome": "failed",
        "crash": {
          "path": "D:\\repos\\martin-majlis@wikipedia-api__a58db566__requests__treq\\tests\\backlinks_test.py",
          "lineno": 15,
          "message": "AttributeError: 'coroutine' object has no attribute 'backlinks'"
        },
        "traceback": [
          {
            "path": "tests\\backlinks_test.py",
            "lineno": 15,
            "message": "AttributeError"
          }
        ],
        "longrepr": "self = <tests.backlinks_test.TestBackLinks testMethod=test_backlinks_nonexistent_count>\n\n    def test_backlinks_nonexistent_count(self):\n        page = self.wiki.page(\"Non_Existent\")\n>       self.assertEqual(len(page.backlinks), 0)\nE       AttributeError: 'coroutine' object has no attribute 'backlinks'\n\ntests\\backlinks_test.py:15: AttributeError"
      },
      "teardown": {
        "outcome": "passed"
      }
    },
    {
      "nodeid": "tests/backlinks_test.py::TestBackLinks::test_backlinks_single_page_count",
      "lineno": 16,
      "outcome": "failed",
      "keywords": [
        "test_backlinks_single_page_count",
        "TestBackLinks",
        "backlinks_test.py",
        "tests",
        "martin-majlis@wikipedia-api__a58db566__requests__treq",
        ""
      ],
      "setup": {
        "outcome": "passed"
      },
      "call": {
        "outcome": "failed",
        "crash": {
          "path": "D:\\repos\\martin-majlis@wikipedia-api__a58db566__requests__treq\\tests\\backlinks_test.py",
          "lineno": 19,
          "message": "AttributeError: 'coroutine' object has no attribute 'backlinks'"
        },
        "traceback": [
          {
            "path": "tests\\backlinks_test.py",
            "lineno": 19,
            "message": "AttributeError"
          }
        ],
        "longrepr": "self = <tests.backlinks_test.TestBackLinks testMethod=test_backlinks_single_page_count>\n\n    def test_backlinks_single_page_count(self):\n        page = self.wiki.page(\"Test_1\")\n>       self.assertEqual(len(page.backlinks), 3)\nE       AttributeError: 'coroutine' object has no attribute 'backlinks'\n\ntests\\backlinks_test.py:19: AttributeError"
      },
      "teardown": {
        "outcome": "passed"
      }
    },
    {
      "nodeid": "tests/backlinks_test.py::TestBackLinks::test_backlinks_single_page_titles",
      "lineno": 20,
      "outcome": "failed",
      "keywords": [
        "test_backlinks_single_page_titles",
        "TestBackLinks",
        "backlinks_test.py",
        "tests",
        "martin-majlis@wikipedia-api__a58db566__requests__treq",
        ""
      ],
      "setup": {
        "outcome": "passed"
      },
      "call": {
        "outcome": "failed",
        "crash": {
          "path": "D:\\repos\\martin-majlis@wikipedia-api__a58db566__requests__treq\\tests\\backlinks_test.py",
          "lineno": 24,
          "message": "AttributeError: 'coroutine' object has no attribute 'backlinks'"
        },
        "traceback": [
          {
            "path": "tests\\backlinks_test.py",
            "lineno": 24,
            "message": "AttributeError"
          }
        ],
        "longrepr": "self = <tests.backlinks_test.TestBackLinks testMethod=test_backlinks_single_page_titles>\n\n    def test_backlinks_single_page_titles(self):\n        page = self.wiki.page(\"Test_1\")\n        self.assertEqual(\n>           list(sorted(map(lambda s: s.title, page.backlinks.values()))),\n            [\"Title - \" + str(i + 1) for i in range(3)],\n        )\nE       AttributeError: 'coroutine' object has no attribute 'backlinks'\n\ntests\\backlinks_test.py:24: AttributeError"
      },
      "teardown": {
        "outcome": "passed"
      }
    },
    {
      "nodeid": "tests/categories_test.py::TestCategories::test_categories_count",
      "lineno": 12,
      "outcome": "failed",
      "keywords": [
        "test_categories_count",
        "TestCategories",
        "categories_test.py",
        "tests",
        "martin-majlis@wikipedia-api__a58db566__requests__treq",
        ""
      ],
      "setup": {
        "outcome": "passed"
      },
      "call": {
        "outcome": "failed",
        "crash": {
          "path": "D:\\repos\\martin-majlis@wikipedia-api__a58db566__requests__treq\\tests\\categories_test.py",
          "lineno": 15,
          "message": "AttributeError: 'coroutine' object has no attribute 'categories'"
        },
        "traceback": [
          {
            "path": "tests\\categories_test.py",
            "lineno": 15,
            "message": "AttributeError"
          }
        ],
        "longrepr": "self = <tests.categories_test.TestCategories testMethod=test_categories_count>\n\n    def test_categories_count(self):\n        page = self.wiki.page(\"Test_1\")\n>       self.assertEqual(len(page.categories), 3)\nE       AttributeError: 'coroutine' object has no attribute 'categories'\n\ntests\\categories_test.py:15: AttributeError"
      },
      "teardown": {
        "outcome": "passed"
      }
    },
    {
      "nodeid": "tests/categories_test.py::TestCategories::test_categories_nss",
      "lineno": 23,
      "outcome": "failed",
      "keywords": [
        "test_categories_nss",
        "TestCategories",
        "categories_test.py",
        "tests",
        "martin-majlis@wikipedia-api__a58db566__requests__treq",
        ""
      ],
      "setup": {
        "outcome": "passed"
      },
      "call": {
        "outcome": "failed",
        "crash": {
          "path": "D:\\repos\\martin-majlis@wikipedia-api__a58db566__requests__treq\\tests\\categories_test.py",
          "lineno": 27,
          "message": "AttributeError: 'coroutine' object has no attribute 'categories'"
        },
        "traceback": [
          {
            "path": "tests\\categories_test.py",
            "lineno": 27,
            "message": "AttributeError"
          }
        ],
        "longrepr": "self = <tests.categories_test.TestCategories testMethod=test_categories_nss>\n\n    def test_categories_nss(self):\n        page = self.wiki.page(\"Test_1\")\n        self.assertEqual(\n>           list(sorted(map(lambda s: s.ns, page.categories.values()))), [14] * 3\n        )\nE       AttributeError: 'coroutine' object has no attribute 'categories'\n\ntests\\categories_test.py:27: AttributeError"
      },
      "teardown": {
        "outcome": "passed"
      }
    },
    {
      "nodeid": "tests/categories_test.py::TestCategories::test_categories_titles",
      "lineno": 16,
      "outcome": "failed",
      "keywords": [
        "test_categories_titles",
        "TestCategories",
        "categories_test.py",
        "tests",
        "martin-majlis@wikipedia-api__a58db566__requests__treq",
        ""
      ],
      "setup": {
        "outcome": "passed"
      },
      "call": {
        "outcome": "failed",
        "crash": {
          "path": "D:\\repos\\martin-majlis@wikipedia-api__a58db566__requests__treq\\tests\\categories_test.py",
          "lineno": 20,
          "message": "AttributeError: 'coroutine' object has no attribute 'categories'"
        },
        "traceback": [
          {
            "path": "tests\\categories_test.py",
            "lineno": 20,
            "message": "AttributeError"
          }
        ],
        "longrepr": "self = <tests.categories_test.TestCategories testMethod=test_categories_titles>\n\n    def test_categories_titles(self):\n        page = self.wiki.page(\"Test_1\")\n        self.assertEqual(\n>           list(sorted(map(lambda s: s.title, page.categories.values()))),\n            [\"Category:C\" + str(i + 1) for i in range(3)],\n        )\nE       AttributeError: 'coroutine' object has no attribute 'categories'\n\ntests\\categories_test.py:20: AttributeError"
      },
      "teardown": {
        "outcome": "passed"
      }
    },
    {
      "nodeid": "tests/categories_test.py::TestCategories::test_no_categories_count",
      "lineno": 29,
      "outcome": "failed",
      "keywords": [
        "test_no_categories_count",
        "TestCategories",
        "categories_test.py",
        "tests",
        "martin-majlis@wikipedia-api__a58db566__requests__treq",
        ""
      ],
      "setup": {
        "outcome": "passed"
      },
      "call": {
        "outcome": "failed",
        "crash": {
          "path": "D:\\repos\\martin-majlis@wikipedia-api__a58db566__requests__treq\\tests\\categories_test.py",
          "lineno": 32,
          "message": "AttributeError: 'coroutine' object has no attribute 'categories'"
        },
        "traceback": [
          {
            "path": "tests\\categories_test.py",
            "lineno": 32,
            "message": "AttributeError"
          }
        ],
        "longrepr": "self = <tests.categories_test.TestCategories testMethod=test_no_categories_count>\n\n    def test_no_categories_count(self):\n        page = self.wiki.page(\"No_Categories\")\n>       self.assertEqual(len(page.categories), 0)\nE       AttributeError: 'coroutine' object has no attribute 'categories'\n\ntests\\categories_test.py:32: AttributeError"
      },
      "teardown": {
        "outcome": "passed"
      }
    },
    {
      "nodeid": "tests/categorymembers_test.py::TestCategoryMembers::test_links_multi_page_count",
      "lineno": 23,
      "outcome": "failed",
      "keywords": [
        "test_links_multi_page_count",
        "TestCategoryMembers",
        "categorymembers_test.py",
        "tests",
        "martin-majlis@wikipedia-api__a58db566__requests__treq",
        ""
      ],
      "setup": {
        "outcome": "passed"
      },
      "call": {
        "outcome": "failed",
        "crash": {
          "path": "D:\\repos\\martin-majlis@wikipedia-api__a58db566__requests__treq\\tests\\categorymembers_test.py",
          "lineno": 26,
          "message": "AttributeError: 'coroutine' object has no attribute 'categorymembers'"
        },
        "traceback": [
          {
            "path": "tests\\categorymembers_test.py",
            "lineno": 26,
            "message": "AttributeError"
          }
        ],
        "longrepr": "self = <tests.categorymembers_test.TestCategoryMembers testMethod=test_links_multi_page_count>\n\n    def test_links_multi_page_count(self):\n        page = self.wiki.page(\"Category:C2\")\n>       self.assertEqual(len(page.categorymembers), 5)\nE       AttributeError: 'coroutine' object has no attribute 'categorymembers'\n\ntests\\categorymembers_test.py:26: AttributeError"
      },
      "teardown": {
        "outcome": "passed"
      }
    },
    {
      "nodeid": "tests/categorymembers_test.py::TestCategoryMembers::test_links_multi_page_titles",
      "lineno": 27,
      "outcome": "failed",
      "keywords": [
        "test_links_multi_page_titles",
        "TestCategoryMembers",
        "categorymembers_test.py",
        "tests",
        "martin-majlis@wikipedia-api__a58db566__requests__treq",
        ""
      ],
      "setup": {
        "outcome": "passed"
      },
      "call": {
        "outcome": "failed",
        "crash": {
          "path": "D:\\repos\\martin-majlis@wikipedia-api__a58db566__requests__treq\\tests\\categorymembers_test.py",
          "lineno": 31,
          "message": "AttributeError: 'coroutine' object has no attribute 'categorymembers'"
        },
        "traceback": [
          {
            "path": "tests\\categorymembers_test.py",
            "lineno": 31,
            "message": "AttributeError"
          }
        ],
        "longrepr": "self = <tests.categorymembers_test.TestCategoryMembers testMethod=test_links_multi_page_titles>\n\n    def test_links_multi_page_titles(self):\n        page = self.wiki.page(\"Category:C2\")\n        self.assertEqual(\n>           list(sorted(map(lambda s: s.title, page.categorymembers.values()))),\n            [\"Title - \" + str(i + 1) for i in range(5)],\n        )\nE       AttributeError: 'coroutine' object has no attribute 'categorymembers'\n\ntests\\categorymembers_test.py:31: AttributeError"
      },
      "teardown": {
        "outcome": "passed"
      }
    },
    {
      "nodeid": "tests/categorymembers_test.py::TestCategoryMembers::test_links_single_page_count",
      "lineno": 12,
      "outcome": "failed",
      "keywords": [
        "test_links_single_page_count",
        "TestCategoryMembers",
        "categorymembers_test.py",
        "tests",
        "martin-majlis@wikipedia-api__a58db566__requests__treq",
        ""
      ],
      "setup": {
        "outcome": "passed"
      },
      "call": {
        "outcome": "failed",
        "crash": {
          "path": "D:\\repos\\martin-majlis@wikipedia-api__a58db566__requests__treq\\tests\\categorymembers_test.py",
          "lineno": 15,
          "message": "AttributeError: 'coroutine' object has no attribute 'categorymembers'"
        },
        "traceback": [
          {
            "path": "tests\\categorymembers_test.py",
            "lineno": 15,
            "message": "AttributeError"
          }
        ],
        "longrepr": "self = <tests.categorymembers_test.TestCategoryMembers testMethod=test_links_single_page_count>\n\n    def test_links_single_page_count(self):\n        page = self.wiki.page(\"Category:C1\")\n>       self.assertEqual(len(page.categorymembers), 3)\nE       AttributeError: 'coroutine' object has no attribute 'categorymembers'\n\ntests\\categorymembers_test.py:15: AttributeError"
      },
      "teardown": {
        "outcome": "passed"
      }
    },
    {
      "nodeid": "tests/categorymembers_test.py::TestCategoryMembers::test_links_single_page_titles",
      "lineno": 16,
      "outcome": "failed",
      "keywords": [
        "test_links_single_page_titles",
        "TestCategoryMembers",
        "categorymembers_test.py",
        "tests",
        "martin-majlis@wikipedia-api__a58db566__requests__treq",
        ""
      ],
      "setup": {
        "outcome": "passed"
      },
      "call": {
        "outcome": "failed",
        "crash": {
          "path": "D:\\repos\\martin-majlis@wikipedia-api__a58db566__requests__treq\\tests\\categorymembers_test.py",
          "lineno": 20,
          "message": "AttributeError: 'coroutine' object has no attribute 'categorymembers'"
        },
        "traceback": [
          {
            "path": "tests\\categorymembers_test.py",
            "lineno": 20,
            "message": "AttributeError"
          }
        ],
        "longrepr": "self = <tests.categorymembers_test.TestCategoryMembers testMethod=test_links_single_page_titles>\n\n    def test_links_single_page_titles(self):\n        page = self.wiki.page(\"Category:C1\")\n        self.assertEqual(\n>           list(sorted(map(lambda s: s.title, page.categorymembers.values()))),\n            [\"Title - \" + str(i + 1) for i in range(3)],\n        )\nE       AttributeError: 'coroutine' object has no attribute 'categorymembers'\n\ntests\\categorymembers_test.py:20: AttributeError"
      },
      "teardown": {
        "outcome": "passed"
      }
    },
    {
      "nodeid": "tests/extract_errors_test.py::TestErrorsExtracts::test_pageid",
      "lineno": 16,
      "outcome": "failed",
      "keywords": [
        "test_pageid",
        "TestErrorsExtracts",
        "extract_errors_test.py",
        "tests",
        "martin-majlis@wikipedia-api__a58db566__requests__treq",
        ""
      ],
      "setup": {
        "outcome": "passed"
      },
      "call": {
        "outcome": "failed",
        "crash": {
          "path": "D:\\repos\\martin-majlis@wikipedia-api__a58db566__requests__treq\\tests\\extract_errors_test.py",
          "lineno": 19,
          "message": "AttributeError: 'coroutine' object has no attribute 'pageid'"
        },
        "traceback": [
          {
            "path": "tests\\extract_errors_test.py",
            "lineno": 19,
            "message": "AttributeError"
          }
        ],
        "longrepr": "self = <tests.extract_errors_test.TestErrorsExtracts testMethod=test_pageid>\n\n    def test_pageid(self):\n        page = self.wiki.page(\"NonExisting\")\n>       self.assertEqual(page.pageid, -1)\nE       AttributeError: 'coroutine' object has no attribute 'pageid'\n\ntests\\extract_errors_test.py:19: AttributeError"
      },
      "teardown": {
        "outcome": "passed"
      }
    },
    {
      "nodeid": "tests/extract_errors_test.py::TestErrorsExtracts::test_title_before_fetching",
      "lineno": 12,
      "outcome": "failed",
      "keywords": [
        "test_title_before_fetching",
        "TestErrorsExtracts",
        "extract_errors_test.py",
        "tests",
        "martin-majlis@wikipedia-api__a58db566__requests__treq",
        ""
      ],
      "setup": {
        "outcome": "passed"
      },
      "call": {
        "outcome": "failed",
        "crash": {
          "path": "D:\\repos\\martin-majlis@wikipedia-api__a58db566__requests__treq\\tests\\extract_errors_test.py",
          "lineno": 15,
          "message": "AttributeError: 'coroutine' object has no attribute 'title'"
        },
        "traceback": [
          {
            "path": "tests\\extract_errors_test.py",
            "lineno": 15,
            "message": "AttributeError"
          }
        ],
        "longrepr": "self = <tests.extract_errors_test.TestErrorsExtracts testMethod=test_title_before_fetching>\n\n    def test_title_before_fetching(self):\n        page = self.wiki.page(\"NonExisting\")\n>       self.assertEqual(page.title, \"NonExisting\")\nE       AttributeError: 'coroutine' object has no attribute 'title'\n\ntests\\extract_errors_test.py:15: AttributeError"
      },
      "teardown": {
        "outcome": "passed"
      }
    },
    {
      "nodeid": "tests/extract_html_format_test.py::TestHtmlFormatExtracts::test_pageid",
      "lineno": 18,
      "outcome": "failed",
      "keywords": [
        "test_pageid",
        "TestHtmlFormatExtracts",
        "extract_html_format_test.py",
        "tests",
        "martin-majlis@wikipedia-api__a58db566__requests__treq",
        ""
      ],
      "setup": {
        "outcome": "passed"
      },
      "call": {
        "outcome": "failed",
        "crash": {
          "path": "D:\\repos\\martin-majlis@wikipedia-api__a58db566__requests__treq\\tests\\extract_html_format_test.py",
          "lineno": 21,
          "message": "AttributeError: 'coroutine' object has no attribute 'pageid'"
        },
        "traceback": [
          {
            "path": "tests\\extract_html_format_test.py",
            "lineno": 21,
            "message": "AttributeError"
          }
        ],
        "longrepr": "self = <tests.extract_html_format_test.TestHtmlFormatExtracts testMethod=test_pageid>\n\n    def test_pageid(self):\n        page = self.wiki.page(\"Test_1\")\n>       self.assertEqual(page.pageid, 4)\nE       AttributeError: 'coroutine' object has no attribute 'pageid'\n\ntests\\extract_html_format_test.py:21: AttributeError"
      },
      "teardown": {
        "outcome": "passed"
      }
    },
    {
      "nodeid": "tests/extract_html_format_test.py::TestHtmlFormatExtracts::test_section_count",
      "lineno": 31,
      "outcome": "failed",
      "keywords": [
        "test_section_count",
        "TestHtmlFormatExtracts",
        "extract_html_format_test.py",
        "tests",
        "martin-majlis@wikipedia-api__a58db566__requests__treq",
        ""
      ],
      "setup": {
        "outcome": "passed"
      },
      "call": {
        "outcome": "failed",
        "crash": {
          "path": "D:\\repos\\martin-majlis@wikipedia-api__a58db566__requests__treq\\tests\\extract_html_format_test.py",
          "lineno": 34,
          "message": "AttributeError: 'coroutine' object has no attribute 'sections'"
        },
        "traceback": [
          {
            "path": "tests\\extract_html_format_test.py",
            "lineno": 34,
            "message": "AttributeError"
          }
        ],
        "longrepr": "self = <tests.extract_html_format_test.TestHtmlFormatExtracts testMethod=test_section_count>\n\n    def test_section_count(self):\n        page = self.wiki.page(\"Test_1\")\n>       self.assertEqual(len(page.sections), 5)\nE       AttributeError: 'coroutine' object has no attribute 'sections'\n\ntests\\extract_html_format_test.py:34: AttributeError"
      },
      "teardown": {
        "outcome": "passed"
      }
    },
    {
      "nodeid": "tests/extract_html_format_test.py::TestHtmlFormatExtracts::test_subsection",
      "lineno": 53,
      "outcome": "failed",
      "keywords": [
        "test_subsection",
        "TestHtmlFormatExtracts",
        "extract_html_format_test.py",
        "tests",
        "martin-majlis@wikipedia-api__a58db566__requests__treq",
        ""
      ],
      "setup": {
        "outcome": "passed"
      },
      "call": {
        "outcome": "failed",
        "crash": {
          "path": "D:\\repos\\martin-majlis@wikipedia-api__a58db566__requests__treq\\tests\\extract_html_format_test.py",
          "lineno": 56,
          "message": "AttributeError: 'coroutine' object has no attribute 'section_by_title'"
        },
        "traceback": [
          {
            "path": "tests\\extract_html_format_test.py",
            "lineno": 56,
            "message": "AttributeError"
          }
        ],
        "longrepr": "self = <tests.extract_html_format_test.TestHtmlFormatExtracts testMethod=test_subsection>\n\n    def test_subsection(self):\n        page = self.wiki.page(\"Test_1\")\n>       section = page.section_by_title(\"Section 4\")\nE       AttributeError: 'coroutine' object has no attribute 'section_by_title'\n\ntests\\extract_html_format_test.py:56: AttributeError"
      },
      "teardown": {
        "outcome": "passed"
      }
    },
    {
      "nodeid": "tests/extract_html_format_test.py::TestHtmlFormatExtracts::test_subsection_by_title",
      "lineno": 42,
      "outcome": "failed",
      "keywords": [
        "test_subsection_by_title",
        "TestHtmlFormatExtracts",
        "extract_html_format_test.py",
        "tests",
        "martin-majlis@wikipedia-api__a58db566__requests__treq",
        ""
      ],
      "setup": {
        "outcome": "passed"
      },
      "call": {
        "outcome": "failed",
        "crash": {
          "path": "D:\\repos\\martin-majlis@wikipedia-api__a58db566__requests__treq\\tests\\extract_html_format_test.py",
          "lineno": 45,
          "message": "AttributeError: 'coroutine' object has no attribute 'section_by_title'"
        },
        "traceback": [
          {
            "path": "tests\\extract_html_format_test.py",
            "lineno": 45,
            "message": "AttributeError"
          }
        ],
        "longrepr": "self = <tests.extract_html_format_test.TestHtmlFormatExtracts testMethod=test_subsection_by_title>\n\n    def test_subsection_by_title(self):\n        page = self.wiki.page(\"Test_1\")\n>       section = page.section_by_title(\"Section 4\")\nE       AttributeError: 'coroutine' object has no attribute 'section_by_title'\n\ntests\\extract_html_format_test.py:45: AttributeError"
      },
      "teardown": {
        "outcome": "passed"
      }
    },
    {
      "nodeid": "tests/extract_html_format_test.py::TestHtmlFormatExtracts::test_subsection_by_title_return_last",
      "lineno": 73,
      "outcome": "failed",
      "keywords": [
        "test_subsection_by_title_return_last",
        "TestHtmlFormatExtracts",
        "extract_html_format_test.py",
        "tests",
        "martin-majlis@wikipedia-api__a58db566__requests__treq",
        ""
      ],
      "setup": {
        "outcome": "passed"
      },
      "call": {
        "outcome": "failed",
        "crash": {
          "path": "D:\\repos\\martin-majlis@wikipedia-api__a58db566__requests__treq\\tests\\extract_html_format_test.py",
          "lineno": 76,
          "message": "AttributeError: 'coroutine' object has no attribute 'section_by_title'"
        },
        "traceback": [
          {
            "path": "tests\\extract_html_format_test.py",
            "lineno": 76,
            "message": "AttributeError"
          }
        ],
        "longrepr": "self = <tests.extract_html_format_test.TestHtmlFormatExtracts testMethod=test_subsection_by_title_return_last>\n\n    def test_subsection_by_title_return_last(self):\n        page = self.wiki.page(\"Test_Nested\")\n>       section = page.section_by_title(\"Subsection B\")\nE       AttributeError: 'coroutine' object has no attribute 'section_by_title'\n\ntests\\extract_html_format_test.py:76: AttributeError"
      },
      "teardown": {
        "outcome": "passed"
      }
    },
    {
      "nodeid": "tests/extract_html_format_test.py::TestHtmlFormatExtracts::test_subsection_by_title_with_multiple_spans",
      "lineno": 48,
      "outcome": "failed",
      "keywords": [
        "test_subsection_by_title_with_multiple_spans",
        "TestHtmlFormatExtracts",
        "extract_html_format_test.py",
        "tests",
        "martin-majlis@wikipedia-api__a58db566__requests__treq",
        ""
      ],
      "setup": {
        "outcome": "passed"
      },
      "call": {
        "outcome": "failed",
        "crash": {
          "path": "D:\\repos\\martin-majlis@wikipedia-api__a58db566__requests__treq\\tests\\extract_html_format_test.py",
          "lineno": 51,
          "message": "AttributeError: 'coroutine' object has no attribute 'section_by_title'"
        },
        "traceback": [
          {
            "path": "tests\\extract_html_format_test.py",
            "lineno": 51,
            "message": "AttributeError"
          }
        ],
        "longrepr": "self = <tests.extract_html_format_test.TestHtmlFormatExtracts testMethod=test_subsection_by_title_with_multiple_spans>\n\n    def test_subsection_by_title_with_multiple_spans(self):\n        page = self.wiki.page(\"Test_1\")\n>       section = page.section_by_title(\"Section 5\")\nE       AttributeError: 'coroutine' object has no attribute 'section_by_title'\n\ntests\\extract_html_format_test.py:51: AttributeError"
      },
      "teardown": {
        "outcome": "passed"
      }
    },
    {
      "nodeid": "tests/extract_html_format_test.py::TestHtmlFormatExtracts::test_subsections_by_title",
      "lineno": 80,
      "outcome": "failed",
      "keywords": [
        "test_subsections_by_title",
        "TestHtmlFormatExtracts",
        "extract_html_format_test.py",
        "tests",
        "martin-majlis@wikipedia-api__a58db566__requests__treq",
        ""
      ],
      "setup": {
        "outcome": "passed"
      },
      "call": {
        "outcome": "failed",
        "crash": {
          "path": "D:\\repos\\martin-majlis@wikipedia-api__a58db566__requests__treq\\tests\\extract_html_format_test.py",
          "lineno": 83,
          "message": "AttributeError: 'coroutine' object has no attribute 'sections_by_title'"
        },
        "traceback": [
          {
            "path": "tests\\extract_html_format_test.py",
            "lineno": 83,
            "message": "AttributeError"
          }
        ],
        "longrepr": "self = <tests.extract_html_format_test.TestHtmlFormatExtracts testMethod=test_subsections_by_title>\n\n    def test_subsections_by_title(self):\n        page = self.wiki.page(\"Test_Nested\")\n>       sections = page.sections_by_title(\"Subsection B\")\nE       AttributeError: 'coroutine' object has no attribute 'sections_by_title'\n\ntests\\extract_html_format_test.py:83: AttributeError"
      },
      "teardown": {
        "outcome": "passed"
      }
    },
    {
      "nodeid": "tests/extract_html_format_test.py::TestHtmlFormatExtracts::test_subsubsection",
      "lineno": 60,
      "outcome": "failed",
      "keywords": [
        "test_subsubsection",
        "TestHtmlFormatExtracts",
        "extract_html_format_test.py",
        "tests",
        "martin-majlis@wikipedia-api__a58db566__requests__treq",
        ""
      ],
      "setup": {
        "outcome": "passed"
      },
      "call": {
        "outcome": "failed",
        "crash": {
          "path": "D:\\repos\\martin-majlis@wikipedia-api__a58db566__requests__treq\\tests\\extract_html_format_test.py",
          "lineno": 63,
          "message": "AttributeError: 'coroutine' object has no attribute 'section_by_title'"
        },
        "traceback": [
          {
            "path": "tests\\extract_html_format_test.py",
            "lineno": 63,
            "message": "AttributeError"
          }
        ],
        "longrepr": "self = <tests.extract_html_format_test.TestHtmlFormatExtracts testMethod=test_subsubsection>\n\n    def test_subsubsection(self):\n        page = self.wiki.page(\"Test_1\")\n>       section = page.section_by_title(\"Section 4.2.2\")\nE       AttributeError: 'coroutine' object has no attribute 'section_by_title'\n\ntests\\extract_html_format_test.py:63: AttributeError"
      },
      "teardown": {
        "outcome": "passed"
      }
    },
    {
      "nodeid": "tests/extract_html_format_test.py::TestHtmlFormatExtracts::test_summary",
      "lineno": 27,
      "outcome": "failed",
      "keywords": [
        "test_summary",
        "TestHtmlFormatExtracts",
        "extract_html_format_test.py",
        "tests",
        "martin-majlis@wikipedia-api__a58db566__requests__treq",
        ""
      ],
      "setup": {
        "outcome": "passed"
      },
      "call": {
        "outcome": "failed",
        "crash": {
          "path": "D:\\repos\\martin-majlis@wikipedia-api__a58db566__requests__treq\\tests\\extract_html_format_test.py",
          "lineno": 30,
          "message": "AttributeError: 'coroutine' object has no attribute 'summary'"
        },
        "traceback": [
          {
            "path": "tests\\extract_html_format_test.py",
            "lineno": 30,
            "message": "AttributeError"
          }
        ],
        "longrepr": "self = <tests.extract_html_format_test.TestHtmlFormatExtracts testMethod=test_summary>\n\n    def test_summary(self):\n        page = self.wiki.page(\"Test_1\")\n>       self.assertEqual(page.summary, \"<p><b>Summary</b> text\\n\\n</p>\")\nE       AttributeError: 'coroutine' object has no attribute 'summary'\n\ntests\\extract_html_format_test.py:30: AttributeError"
      },
      "teardown": {
        "outcome": "passed"
      }
    },
    {
      "nodeid": "tests/extract_html_format_test.py::TestHtmlFormatExtracts::test_text",
      "lineno": 93,
      "outcome": "failed",
      "keywords": [
        "test_text",
        "TestHtmlFormatExtracts",
        "extract_html_format_test.py",
        "tests",
        "martin-majlis@wikipedia-api__a58db566__requests__treq",
        ""
      ],
      "setup": {
        "outcome": "passed"
      },
      "call": {
        "outcome": "failed",
        "crash": {
          "path": "D:\\repos\\martin-majlis@wikipedia-api__a58db566__requests__treq\\tests\\extract_html_format_test.py",
          "lineno": 98,
          "message": "AttributeError: 'coroutine' object has no attribute 'text'"
        },
        "traceback": [
          {
            "path": "tests\\extract_html_format_test.py",
            "lineno": 98,
            "message": "AttributeError"
          }
        ],
        "longrepr": "self = <tests.extract_html_format_test.TestHtmlFormatExtracts testMethod=test_text>\n\n    def test_text(self):\n        page = self.wiki.page(\"Test_1\")\n        self.maxDiff = None\n        self.assertEqual(\n>           page.text,\n            (\n                \"<p><b>Summary</b> text\\n\\n</p>\\n\\n\"\n                + \"<h2>Section 1</h2>\\n\"\n                + \"<p>Text for section 1</p>\\n\\n\"\n                + \"<h3>Section 1.1</h3>\\n\"\n                + \"<p><b>Text for section 1.1</b>\\n\\n\\n</p>\\n\\n\"\n                + \"<h3>Section 1.2</h3>\\n\"\n                + \"<p><b>Text for section 1.2</b>\\n\\n\\n</p>\\n\\n\"\n                + \"<h2>Section 2</h2>\\n\"\n                + \"<p><b>Text for section 2</b>\\n\\n\\n</p>\\n\\n\"\n                + \"<h2>Section 3</h2>\\n\"\n                + \"<p><b>Text for section 3</b>\\n\\n\\n</p>\\n\\n\"\n                + \"<h2>Section 4</h2>\\n\"\n                + \"<h3>Section 4.1</h3>\\n\"\n                + \"<p><b>Text for section 4.1</b>\\n\\n\\n</p>\\n\\n\"\n                + \"<h3>Section 4.2</h3>\\n\"\n                + \"<p><b>Text for section 4.2</b>\\n\\n\\n</p>\\n\\n\"\n                + \"<h4>Section 4.2.1</h4>\\n\"\n                + \"<p><b>Text for section 4.2.1</b>\\n\\n\\n</p>\\n\\n\"\n                + \"<h4>Section 4.2.2</h4>\\n\"\n                + \"<p><b>Text for section 4.2.2</b>\\n\\n\\n</p>\\n\\n\"\n                + \"<h2>Section 5</h2>\\n\"\n                + \"<p><b>Text for section 5</b>\\n\\n\\n</p>\\n\\n\"\n                + \"<h3>Section 5.1</h3>\\n\"\n                + \"<p>Text for section 5.1\\n\\n\\n</p>\"\n            ),\n        )\nE       AttributeError: 'coroutine' object has no attribute 'text'\n\ntests\\extract_html_format_test.py:98: AttributeError"
      },
      "teardown": {
        "outcome": "passed"
      }
    },
    {
      "nodeid": "tests/extract_html_format_test.py::TestHtmlFormatExtracts::test_title_after_fetching",
      "lineno": 22,
      "outcome": "failed",
      "keywords": [
        "test_title_after_fetching",
        "TestHtmlFormatExtracts",
        "extract_html_format_test.py",
        "tests",
        "martin-majlis@wikipedia-api__a58db566__requests__treq",
        ""
      ],
      "setup": {
        "outcome": "passed"
      },
      "call": {
        "outcome": "failed",
        "crash": {
          "path": "D:\\repos\\martin-majlis@wikipedia-api__a58db566__requests__treq\\tests\\extract_html_format_test.py",
          "lineno": 25,
          "message": "AttributeError: 'coroutine' object has no attribute '_fetch'"
        },
        "traceback": [
          {
            "path": "tests\\extract_html_format_test.py",
            "lineno": 25,
            "message": "AttributeError"
          }
        ],
        "longrepr": "self = <tests.extract_html_format_test.TestHtmlFormatExtracts testMethod=test_title_after_fetching>\n\n    def test_title_after_fetching(self):\n        page = self.wiki.page(\"Test_1\")\n>       page._fetch(\"extracts\")\nE       AttributeError: 'coroutine' object has no attribute '_fetch'\n\ntests\\extract_html_format_test.py:25: AttributeError"
      },
      "teardown": {
        "outcome": "passed"
      }
    },
    {
      "nodeid": "tests/extract_html_format_test.py::TestHtmlFormatExtracts::test_title_before_fetching",
      "lineno": 14,
      "outcome": "failed",
      "keywords": [
        "test_title_before_fetching",
        "TestHtmlFormatExtracts",
        "extract_html_format_test.py",
        "tests",
        "martin-majlis@wikipedia-api__a58db566__requests__treq",
        ""
      ],
      "setup": {
        "outcome": "passed"
      },
      "call": {
        "outcome": "failed",
        "crash": {
          "path": "D:\\repos\\martin-majlis@wikipedia-api__a58db566__requests__treq\\tests\\extract_html_format_test.py",
          "lineno": 17,
          "message": "AttributeError: 'coroutine' object has no attribute 'title'"
        },
        "traceback": [
          {
            "path": "tests\\extract_html_format_test.py",
            "lineno": 17,
            "message": "AttributeError"
          }
        ],
        "longrepr": "self = <tests.extract_html_format_test.TestHtmlFormatExtracts testMethod=test_title_before_fetching>\n\n    def test_title_before_fetching(self):\n        page = self.wiki.page(\"Test_1\")\n>       self.assertEqual(page.title, \"Test_1\")\nE       AttributeError: 'coroutine' object has no attribute 'title'\n\ntests\\extract_html_format_test.py:17: AttributeError"
      },
      "teardown": {
        "outcome": "passed"
      }
    },
    {
      "nodeid": "tests/extract_html_format_test.py::TestHtmlFormatExtracts::test_top_level_section_titles",
      "lineno": 35,
      "outcome": "failed",
      "keywords": [
        "test_top_level_section_titles",
        "TestHtmlFormatExtracts",
        "extract_html_format_test.py",
        "tests",
        "martin-majlis@wikipedia-api__a58db566__requests__treq",
        ""
      ],
      "setup": {
        "outcome": "passed"
      },
      "call": {
        "outcome": "failed",
        "crash": {
          "path": "D:\\repos\\martin-majlis@wikipedia-api__a58db566__requests__treq\\tests\\extract_html_format_test.py",
          "lineno": 39,
          "message": "AttributeError: 'coroutine' object has no attribute 'sections'"
        },
        "traceback": [
          {
            "path": "tests\\extract_html_format_test.py",
            "lineno": 39,
            "message": "AttributeError"
          }
        ],
        "longrepr": "self = <tests.extract_html_format_test.TestHtmlFormatExtracts testMethod=test_top_level_section_titles>\n\n    def test_top_level_section_titles(self):\n        page = self.wiki.page(\"Test_1\")\n        self.assertEqual(\n>           list(map(lambda s: s.title, page.sections)),\n            [\"Section \" + str(i + 1) for i in range(5)],\n        )\nE       AttributeError: 'coroutine' object has no attribute 'sections'\n\ntests\\extract_html_format_test.py:39: AttributeError"
      },
      "teardown": {
        "outcome": "passed"
      }
    },
    {
      "nodeid": "tests/extract_html_format_test.py::TestHtmlFormatExtracts::test_with_erroneous_edit",
      "lineno": 126,
      "outcome": "failed",
      "keywords": [
        "test_with_erroneous_edit",
        "TestHtmlFormatExtracts",
        "extract_html_format_test.py",
        "tests",
        "martin-majlis@wikipedia-api__a58db566__requests__treq",
        ""
      ],
      "setup": {
        "outcome": "passed"
      },
      "call": {
        "outcome": "failed",
        "crash": {
          "path": "D:\\repos\\martin-majlis@wikipedia-api__a58db566__requests__treq\\tests\\extract_html_format_test.py",
          "lineno": 130,
          "message": "AttributeError: 'coroutine' object has no attribute 'section_by_title'"
        },
        "traceback": [
          {
            "path": "tests\\extract_html_format_test.py",
            "lineno": 130,
            "message": "AttributeError"
          }
        ],
        "longrepr": "self = <tests.extract_html_format_test.TestHtmlFormatExtracts testMethod=test_with_erroneous_edit>\n\n    def test_with_erroneous_edit(self):\n        page = self.wiki.page(\"Test_Edit\")\n        self.maxDiff = None\n>       section = page.section_by_title(\"Section with Edit\")\nE       AttributeError: 'coroutine' object has no attribute 'section_by_title'\n\ntests\\extract_html_format_test.py:130: AttributeError"
      },
      "teardown": {
        "outcome": "passed"
      }
    },
    {
      "nodeid": "tests/extract_wiki_format_test.py::TestWikiFormatExtracts::test_pageid",
      "lineno": 16,
      "outcome": "failed",
      "keywords": [
        "test_pageid",
        "TestWikiFormatExtracts",
        "extract_wiki_format_test.py",
        "tests",
        "martin-majlis@wikipedia-api__a58db566__requests__treq",
        ""
      ],
      "setup": {
        "outcome": "passed"
      },
      "call": {
        "outcome": "failed",
        "crash": {
          "path": "D:\\repos\\martin-majlis@wikipedia-api__a58db566__requests__treq\\tests\\extract_wiki_format_test.py",
          "lineno": 19,
          "message": "AttributeError: 'coroutine' object has no attribute 'pageid'"
        },
        "traceback": [
          {
            "path": "tests\\extract_wiki_format_test.py",
            "lineno": 19,
            "message": "AttributeError"
          }
        ],
        "longrepr": "self = <tests.extract_wiki_format_test.TestWikiFormatExtracts testMethod=test_pageid>\n\n    def test_pageid(self):\n        page = self.wiki.page(\"Test_1\")\n>       self.assertEqual(page.pageid, 4)\nE       AttributeError: 'coroutine' object has no attribute 'pageid'\n\ntests\\extract_wiki_format_test.py:19: AttributeError"
      },
      "teardown": {
        "outcome": "passed"
      }
    },
    {
      "nodeid": "tests/extract_wiki_format_test.py::TestWikiFormatExtracts::test_section_count",
      "lineno": 29,
      "outcome": "failed",
      "keywords": [
        "test_section_count",
        "TestWikiFormatExtracts",
        "extract_wiki_format_test.py",
        "tests",
        "martin-majlis@wikipedia-api__a58db566__requests__treq",
        ""
      ],
      "setup": {
        "outcome": "passed"
      },
      "call": {
        "outcome": "failed",
        "crash": {
          "path": "D:\\repos\\martin-majlis@wikipedia-api__a58db566__requests__treq\\tests\\extract_wiki_format_test.py",
          "lineno": 32,
          "message": "AttributeError: 'coroutine' object has no attribute 'sections'"
        },
        "traceback": [
          {
            "path": "tests\\extract_wiki_format_test.py",
            "lineno": 32,
            "message": "AttributeError"
          }
        ],
        "longrepr": "self = <tests.extract_wiki_format_test.TestWikiFormatExtracts testMethod=test_section_count>\n\n    def test_section_count(self):\n        page = self.wiki.page(\"Test_1\")\n>       self.assertEqual(len(page.sections), 5)\nE       AttributeError: 'coroutine' object has no attribute 'sections'\n\ntests\\extract_wiki_format_test.py:32: AttributeError"
      },
      "teardown": {
        "outcome": "passed"
      }
    },
    {
      "nodeid": "tests/extract_wiki_format_test.py::TestWikiFormatExtracts::test_subsection",
      "lineno": 46,
      "outcome": "failed",
      "keywords": [
        "test_subsection",
        "TestWikiFormatExtracts",
        "extract_wiki_format_test.py",
        "tests",
        "martin-majlis@wikipedia-api__a58db566__requests__treq",
        ""
      ],
      "setup": {
        "outcome": "passed"
      },
      "call": {
        "outcome": "failed",
        "crash": {
          "path": "D:\\repos\\martin-majlis@wikipedia-api__a58db566__requests__treq\\tests\\extract_wiki_format_test.py",
          "lineno": 49,
          "message": "AttributeError: 'coroutine' object has no attribute 'section_by_title'"
        },
        "traceback": [
          {
            "path": "tests\\extract_wiki_format_test.py",
            "lineno": 49,
            "message": "AttributeError"
          }
        ],
        "longrepr": "self = <tests.extract_wiki_format_test.TestWikiFormatExtracts testMethod=test_subsection>\n\n    def test_subsection(self):\n        page = self.wiki.page(\"Test_1\")\n>       section = page.section_by_title(\"Section 4\")\nE       AttributeError: 'coroutine' object has no attribute 'section_by_title'\n\ntests\\extract_wiki_format_test.py:49: AttributeError"
      },
      "teardown": {
        "outcome": "passed"
      }
    },
    {
      "nodeid": "tests/extract_wiki_format_test.py::TestWikiFormatExtracts::test_subsection_by_title",
      "lineno": 40,
      "outcome": "failed",
      "keywords": [
        "test_subsection_by_title",
        "TestWikiFormatExtracts",
        "extract_wiki_format_test.py",
        "tests",
        "martin-majlis@wikipedia-api__a58db566__requests__treq",
        ""
      ],
      "setup": {
        "outcome": "passed"
      },
      "call": {
        "outcome": "failed",
        "crash": {
          "path": "D:\\repos\\martin-majlis@wikipedia-api__a58db566__requests__treq\\tests\\extract_wiki_format_test.py",
          "lineno": 43,
          "message": "AttributeError: 'coroutine' object has no attribute 'section_by_title'"
        },
        "traceback": [
          {
            "path": "tests\\extract_wiki_format_test.py",
            "lineno": 43,
            "message": "AttributeError"
          }
        ],
        "longrepr": "self = <tests.extract_wiki_format_test.TestWikiFormatExtracts testMethod=test_subsection_by_title>\n\n    def test_subsection_by_title(self):\n        page = self.wiki.page(\"Test_1\")\n>       section = page.section_by_title(\"Section 4\")\nE       AttributeError: 'coroutine' object has no attribute 'section_by_title'\n\ntests\\extract_wiki_format_test.py:43: AttributeError"
      },
      "teardown": {
        "outcome": "passed"
      }
    },
    {
      "nodeid": "tests/extract_wiki_format_test.py::TestWikiFormatExtracts::test_subsubsection",
      "lineno": 53,
      "outcome": "failed",
      "keywords": [
        "test_subsubsection",
        "TestWikiFormatExtracts",
        "extract_wiki_format_test.py",
        "tests",
        "martin-majlis@wikipedia-api__a58db566__requests__treq",
        ""
      ],
      "setup": {
        "outcome": "passed"
      },
      "call": {
        "outcome": "failed",
        "crash": {
          "path": "D:\\repos\\martin-majlis@wikipedia-api__a58db566__requests__treq\\tests\\extract_wiki_format_test.py",
          "lineno": 56,
          "message": "AttributeError: 'coroutine' object has no attribute 'section_by_title'"
        },
        "traceback": [
          {
            "path": "tests\\extract_wiki_format_test.py",
            "lineno": 56,
            "message": "AttributeError"
          }
        ],
        "longrepr": "self = <tests.extract_wiki_format_test.TestWikiFormatExtracts testMethod=test_subsubsection>\n\n    def test_subsubsection(self):\n        page = self.wiki.page(\"Test_1\")\n>       section = page.section_by_title(\"Section 4.2.2\")\nE       AttributeError: 'coroutine' object has no attribute 'section_by_title'\n\ntests\\extract_wiki_format_test.py:56: AttributeError"
      },
      "teardown": {
        "outcome": "passed"
      }
    },
    {
      "nodeid": "tests/extract_wiki_format_test.py::TestWikiFormatExtracts::test_summary",
      "lineno": 25,
      "outcome": "failed",
      "keywords": [
        "test_summary",
        "TestWikiFormatExtracts",
        "extract_wiki_format_test.py",
        "tests",
        "martin-majlis@wikipedia-api__a58db566__requests__treq",
        ""
      ],
      "setup": {
        "outcome": "passed"
      },
      "call": {
        "outcome": "failed",
        "crash": {
          "path": "D:\\repos\\martin-majlis@wikipedia-api__a58db566__requests__treq\\tests\\extract_wiki_format_test.py",
          "lineno": 28,
          "message": "AttributeError: 'coroutine' object has no attribute 'summary'"
        },
        "traceback": [
          {
            "path": "tests\\extract_wiki_format_test.py",
            "lineno": 28,
            "message": "AttributeError"
          }
        ],
        "longrepr": "self = <tests.extract_wiki_format_test.TestWikiFormatExtracts testMethod=test_summary>\n\n    def test_summary(self):\n        page = self.wiki.page(\"Test_1\")\n>       self.assertEqual(page.summary, \"Summary text\")\nE       AttributeError: 'coroutine' object has no attribute 'summary'\n\ntests\\extract_wiki_format_test.py:28: AttributeError"
      },
      "teardown": {
        "outcome": "passed"
      }
    },
    {
      "nodeid": "tests/extract_wiki_format_test.py::TestWikiFormatExtracts::test_text",
      "lineno": 66,
      "outcome": "failed",
      "keywords": [
        "test_text",
        "TestWikiFormatExtracts",
        "extract_wiki_format_test.py",
        "tests",
        "martin-majlis@wikipedia-api__a58db566__requests__treq",
        ""
      ],
      "setup": {
        "outcome": "passed"
      },
      "call": {
        "outcome": "failed",
        "crash": {
          "path": "D:\\repos\\martin-majlis@wikipedia-api__a58db566__requests__treq\\tests\\extract_wiki_format_test.py",
          "lineno": 71,
          "message": "AttributeError: 'coroutine' object has no attribute 'text'"
        },
        "traceback": [
          {
            "path": "tests\\extract_wiki_format_test.py",
            "lineno": 71,
            "message": "AttributeError"
          }
        ],
        "longrepr": "self = <tests.extract_wiki_format_test.TestWikiFormatExtracts testMethod=test_text>\n\n    def test_text(self):\n        page = self.wiki.page(\"Test_1\")\n        self.maxDiff = None\n        self.assertEqual(\n>           page.text,\n            (\n                \"Summary text\\n\\n\"\n                + \"Section 1\\n\"\n                + \"Text for section 1\\n\\n\"\n                + \"Section 1.1\\n\"\n                + \"Text for section 1.1\\n\\n\"\n                + \"Section 1.2\\n\"\n                + \"Text for section 1.2\\n\\n\"\n                + \"Section 2\\n\"\n                + \"Text for section 2\\n\\n\"\n                + \"Section 3\\n\"\n                + \"Text for section 3\\n\\n\"\n                + \"Section 4\\n\"\n                + \"Section 4.1\\n\"\n                + \"Text for section 4.1\\n\\n\"\n                + \"Section 4.2\\n\"\n                + \"Text for section 4.2\\n\\n\"\n                + \"Section 4.2.1\\n\"\n                + \"Text for section 4.2.1\\n\\n\"\n                + \"Section 4.2.2\\n\"\n                + \"Text for section 4.2.2\\n\\n\"\n                + \"Section 5\\n\"\n                + \"Text for section 5\\n\\n\"\n                + \"Section 5.1\\n\"\n                + \"Text for section 5.1\"\n            ),\n        )\nE       AttributeError: 'coroutine' object has no attribute 'text'\n\ntests\\extract_wiki_format_test.py:71: AttributeError"
      },
      "teardown": {
        "outcome": "passed"
      }
    },
    {
      "nodeid": "tests/extract_wiki_format_test.py::TestWikiFormatExtracts::test_text_and_summary_without_sections",
      "lineno": 99,
      "outcome": "failed",
      "keywords": [
        "test_text_and_summary_without_sections",
        "TestWikiFormatExtracts",
        "extract_wiki_format_test.py",
        "tests",
        "martin-majlis@wikipedia-api__a58db566__requests__treq",
        ""
      ],
      "setup": {
        "outcome": "passed"
      },
      "call": {
        "outcome": "failed",
        "crash": {
          "path": "D:\\repos\\martin-majlis@wikipedia-api__a58db566__requests__treq\\tests\\extract_wiki_format_test.py",
          "lineno": 103,
          "message": "AttributeError: 'coroutine' object has no attribute 'text'"
        },
        "traceback": [
          {
            "path": "tests\\extract_wiki_format_test.py",
            "lineno": 103,
            "message": "AttributeError"
          }
        ],
        "longrepr": "self = <tests.extract_wiki_format_test.TestWikiFormatExtracts testMethod=test_text_and_summary_without_sections>\n\n    def test_text_and_summary_without_sections(self):\n        page = self.wiki.page(\"No_Sections\")\n        self.maxDiff = None\n>       self.assertEqual(page.text, (\"Summary text\"))\nE       AttributeError: 'coroutine' object has no attribute 'text'\n\ntests\\extract_wiki_format_test.py:103: AttributeError"
      },
      "teardown": {
        "outcome": "passed"
      }
    },
    {
      "nodeid": "tests/extract_wiki_format_test.py::TestWikiFormatExtracts::test_title_after_fetching",
      "lineno": 20,
      "outcome": "failed",
      "keywords": [
        "test_title_after_fetching",
        "TestWikiFormatExtracts",
        "extract_wiki_format_test.py",
        "tests",
        "martin-majlis@wikipedia-api__a58db566__requests__treq",
        ""
      ],
      "setup": {
        "outcome": "passed"
      },
      "call": {
        "outcome": "failed",
        "crash": {
          "path": "D:\\repos\\martin-majlis@wikipedia-api__a58db566__requests__treq\\tests\\extract_wiki_format_test.py",
          "lineno": 23,
          "message": "AttributeError: 'coroutine' object has no attribute '_fetch'"
        },
        "traceback": [
          {
            "path": "tests\\extract_wiki_format_test.py",
            "lineno": 23,
            "message": "AttributeError"
          }
        ],
        "longrepr": "self = <tests.extract_wiki_format_test.TestWikiFormatExtracts testMethod=test_title_after_fetching>\n\n    def test_title_after_fetching(self):\n        page = self.wiki.page(\"Test_1\")\n>       page._fetch(\"extracts\")\nE       AttributeError: 'coroutine' object has no attribute '_fetch'\n\ntests\\extract_wiki_format_test.py:23: AttributeError"
      },
      "teardown": {
        "outcome": "passed"
      }
    },
    {
      "nodeid": "tests/extract_wiki_format_test.py::TestWikiFormatExtracts::test_title_before_fetching",
      "lineno": 12,
      "outcome": "failed",
      "keywords": [
        "test_title_before_fetching",
        "TestWikiFormatExtracts",
        "extract_wiki_format_test.py",
        "tests",
        "martin-majlis@wikipedia-api__a58db566__requests__treq",
        ""
      ],
      "setup": {
        "outcome": "passed"
      },
      "call": {
        "outcome": "failed",
        "crash": {
          "path": "D:\\repos\\martin-majlis@wikipedia-api__a58db566__requests__treq\\tests\\extract_wiki_format_test.py",
          "lineno": 15,
          "message": "AttributeError: 'coroutine' object has no attribute 'title'"
        },
        "traceback": [
          {
            "path": "tests\\extract_wiki_format_test.py",
            "lineno": 15,
            "message": "AttributeError"
          }
        ],
        "longrepr": "self = <tests.extract_wiki_format_test.TestWikiFormatExtracts testMethod=test_title_before_fetching>\n\n    def test_title_before_fetching(self):\n        page = self.wiki.page(\"Test_1\")\n>       self.assertEqual(page.title, \"Test_1\")\nE       AttributeError: 'coroutine' object has no attribute 'title'\n\ntests\\extract_wiki_format_test.py:15: AttributeError"
      },
      "teardown": {
        "outcome": "passed"
      }
    },
    {
      "nodeid": "tests/extract_wiki_format_test.py::TestWikiFormatExtracts::test_top_level_section_titles",
      "lineno": 33,
      "outcome": "failed",
      "keywords": [
        "test_top_level_section_titles",
        "TestWikiFormatExtracts",
        "extract_wiki_format_test.py",
        "tests",
        "martin-majlis@wikipedia-api__a58db566__requests__treq",
        ""
      ],
      "setup": {
        "outcome": "passed"
      },
      "call": {
        "outcome": "failed",
        "crash": {
          "path": "D:\\repos\\martin-majlis@wikipedia-api__a58db566__requests__treq\\tests\\extract_wiki_format_test.py",
          "lineno": 37,
          "message": "AttributeError: 'coroutine' object has no attribute 'sections'"
        },
        "traceback": [
          {
            "path": "tests\\extract_wiki_format_test.py",
            "lineno": 37,
            "message": "AttributeError"
          }
        ],
        "longrepr": "self = <tests.extract_wiki_format_test.TestWikiFormatExtracts testMethod=test_top_level_section_titles>\n\n    def test_top_level_section_titles(self):\n        page = self.wiki.page(\"Test_1\")\n        self.assertEqual(\n>           list(map(lambda s: s.title, page.sections)),\n            [\"Section \" + str(i + 1) for i in range(5)],\n        )\nE       AttributeError: 'coroutine' object has no attribute 'sections'\n\ntests\\extract_wiki_format_test.py:37: AttributeError"
      },
      "teardown": {
        "outcome": "passed"
      }
    },
    {
      "nodeid": "tests/langlinks_test.py::TestLangLinks::test_jump_between_languages",
      "lineno": 51,
      "outcome": "failed",
      "keywords": [
        "test_jump_between_languages",
        "TestLangLinks",
        "langlinks_test.py",
        "tests",
        "martin-majlis@wikipedia-api__a58db566__requests__treq",
        ""
      ],
      "setup": {
        "outcome": "passed"
      },
      "call": {
        "outcome": "failed",
        "crash": {
          "path": "D:\\repos\\martin-majlis@wikipedia-api__a58db566__requests__treq\\tests\\langlinks_test.py",
          "lineno": 54,
          "message": "AttributeError: 'coroutine' object has no attribute 'langlinks'"
        },
        "traceback": [
          {
            "path": "tests\\langlinks_test.py",
            "lineno": 54,
            "message": "AttributeError"
          }
        ],
        "longrepr": "self = <tests.langlinks_test.TestLangLinks testMethod=test_jump_between_languages>\n\n    def test_jump_between_languages(self):\n        page = self.wiki.page(\"Test_1\")\n>       langlinks = page.langlinks\nE       AttributeError: 'coroutine' object has no attribute 'langlinks'\n\ntests\\langlinks_test.py:54: AttributeError"
      },
      "teardown": {
        "outcome": "passed"
      }
    },
    {
      "nodeid": "tests/langlinks_test.py::TestLangLinks::test_langlinks_count",
      "lineno": 12,
      "outcome": "failed",
      "keywords": [
        "test_langlinks_count",
        "TestLangLinks",
        "langlinks_test.py",
        "tests",
        "martin-majlis@wikipedia-api__a58db566__requests__treq",
        ""
      ],
      "setup": {
        "outcome": "passed"
      },
      "call": {
        "outcome": "failed",
        "crash": {
          "path": "D:\\repos\\martin-majlis@wikipedia-api__a58db566__requests__treq\\tests\\langlinks_test.py",
          "lineno": 15,
          "message": "AttributeError: 'coroutine' object has no attribute 'langlinks'"
        },
        "traceback": [
          {
            "path": "tests\\langlinks_test.py",
            "lineno": 15,
            "message": "AttributeError"
          }
        ],
        "longrepr": "self = <tests.langlinks_test.TestLangLinks testMethod=test_langlinks_count>\n\n    def test_langlinks_count(self):\n        page = self.wiki.page(\"Test_1\")\n>       self.assertEqual(len(page.langlinks), 3)\nE       AttributeError: 'coroutine' object has no attribute 'langlinks'\n\ntests\\langlinks_test.py:15: AttributeError"
      },
      "teardown": {
        "outcome": "passed"
      }
    },
    {
      "nodeid": "tests/langlinks_test.py::TestLangLinks::test_langlinks_lang_keys",
      "lineno": 30,
      "outcome": "failed",
      "keywords": [
        "test_langlinks_lang_keys",
        "TestLangLinks",
        "langlinks_test.py",
        "tests",
        "martin-majlis@wikipedia-api__a58db566__requests__treq",
        ""
      ],
      "setup": {
        "outcome": "passed"
      },
      "call": {
        "outcome": "failed",
        "crash": {
          "path": "D:\\repos\\martin-majlis@wikipedia-api__a58db566__requests__treq\\tests\\langlinks_test.py",
          "lineno": 34,
          "message": "AttributeError: 'coroutine' object has no attribute 'langlinks'"
        },
        "traceback": [
          {
            "path": "tests\\langlinks_test.py",
            "lineno": 34,
            "message": "AttributeError"
          }
        ],
        "longrepr": "self = <tests.langlinks_test.TestLangLinks testMethod=test_langlinks_lang_keys>\n\n    def test_langlinks_lang_keys(self):\n        page = self.wiki.page(\"Test_1\")\n        self.assertEqual(\n>           list(sorted(page.langlinks.keys())), [\"l\" + str(i + 1) for i in range(3)]\n        )\nE       AttributeError: 'coroutine' object has no attribute 'langlinks'\n\ntests\\langlinks_test.py:34: AttributeError"
      },
      "teardown": {
        "outcome": "passed"
      }
    },
    {
      "nodeid": "tests/langlinks_test.py::TestLangLinks::test_langlinks_lang_values",
      "lineno": 23,
      "outcome": "failed",
      "keywords": [
        "test_langlinks_lang_values",
        "TestLangLinks",
        "langlinks_test.py",
        "tests",
        "martin-majlis@wikipedia-api__a58db566__requests__treq",
        ""
      ],
      "setup": {
        "outcome": "passed"
      },
      "call": {
        "outcome": "failed",
        "crash": {
          "path": "D:\\repos\\martin-majlis@wikipedia-api__a58db566__requests__treq\\tests\\langlinks_test.py",
          "lineno": 27,
          "message": "AttributeError: 'coroutine' object has no attribute 'langlinks'"
        },
        "traceback": [
          {
            "path": "tests\\langlinks_test.py",
            "lineno": 27,
            "message": "AttributeError"
          }
        ],
        "longrepr": "self = <tests.langlinks_test.TestLangLinks testMethod=test_langlinks_lang_values>\n\n    def test_langlinks_lang_values(self):\n        page = self.wiki.page(\"Test_1\")\n        self.assertEqual(\n>           list(sorted(map(lambda s: s.language, page.langlinks.values()))),\n            [\"l\" + str(i + 1) for i in range(3)],\n        )\nE       AttributeError: 'coroutine' object has no attribute 'langlinks'\n\ntests\\langlinks_test.py:27: AttributeError"
      },
      "teardown": {
        "outcome": "passed"
      }
    },
    {
      "nodeid": "tests/langlinks_test.py::TestLangLinks::test_langlinks_no_langlink_count",
      "lineno": 58,
      "outcome": "failed",
      "keywords": [
        "test_langlinks_no_langlink_count",
        "TestLangLinks",
        "langlinks_test.py",
        "tests",
        "martin-majlis@wikipedia-api__a58db566__requests__treq",
        ""
      ],
      "setup": {
        "outcome": "passed"
      },
      "call": {
        "outcome": "failed",
        "crash": {
          "path": "D:\\repos\\martin-majlis@wikipedia-api__a58db566__requests__treq\\tests\\langlinks_test.py",
          "lineno": 61,
          "message": "AttributeError: 'coroutine' object has no attribute 'langlinks'"
        },
        "traceback": [
          {
            "path": "tests\\langlinks_test.py",
            "lineno": 61,
            "message": "AttributeError"
          }
        ],
        "longrepr": "self = <tests.langlinks_test.TestLangLinks testMethod=test_langlinks_no_langlink_count>\n\n    def test_langlinks_no_langlink_count(self):\n        page = self.wiki.page(\"No_LangLinks\")\n>       self.assertEqual(len(page.langlinks), 0)\nE       AttributeError: 'coroutine' object has no attribute 'langlinks'\n\ntests\\langlinks_test.py:61: AttributeError"
      },
      "teardown": {
        "outcome": "passed"
      }
    },
    {
      "nodeid": "tests/langlinks_test.py::TestLangLinks::test_langlinks_titles",
      "lineno": 16,
      "outcome": "failed",
      "keywords": [
        "test_langlinks_titles",
        "TestLangLinks",
        "langlinks_test.py",
        "tests",
        "martin-majlis@wikipedia-api__a58db566__requests__treq",
        ""
      ],
      "setup": {
        "outcome": "passed"
      },
      "call": {
        "outcome": "failed",
        "crash": {
          "path": "D:\\repos\\martin-majlis@wikipedia-api__a58db566__requests__treq\\tests\\langlinks_test.py",
          "lineno": 20,
          "message": "AttributeError: 'coroutine' object has no attribute 'langlinks'"
        },
        "traceback": [
          {
            "path": "tests\\langlinks_test.py",
            "lineno": 20,
            "message": "AttributeError"
          }
        ],
        "longrepr": "self = <tests.langlinks_test.TestLangLinks testMethod=test_langlinks_titles>\n\n    def test_langlinks_titles(self):\n        page = self.wiki.page(\"Test_1\")\n        self.assertEqual(\n>           list(sorted(map(lambda s: s.title, page.langlinks.values()))),\n            [\"Test 1 - \" + str(i + 1) for i in range(3)],\n        )\nE       AttributeError: 'coroutine' object has no attribute 'langlinks'\n\ntests\\langlinks_test.py:20: AttributeError"
      },
      "teardown": {
        "outcome": "passed"
      }
    },
    {
      "nodeid": "tests/langlinks_test.py::TestLangLinks::test_langlinks_urls",
      "lineno": 36,
      "outcome": "failed",
      "keywords": [
        "test_langlinks_urls",
        "TestLangLinks",
        "langlinks_test.py",
        "tests",
        "martin-majlis@wikipedia-api__a58db566__requests__treq",
        ""
      ],
      "setup": {
        "outcome": "passed"
      },
      "call": {
        "outcome": "failed",
        "crash": {
          "path": "D:\\repos\\martin-majlis@wikipedia-api__a58db566__requests__treq\\tests\\langlinks_test.py",
          "lineno": 40,
          "message": "AttributeError: 'coroutine' object has no attribute 'langlinks'"
        },
        "traceback": [
          {
            "path": "tests\\langlinks_test.py",
            "lineno": 40,
            "message": "AttributeError"
          }
        ],
        "longrepr": "self = <tests.langlinks_test.TestLangLinks testMethod=test_langlinks_urls>\n\n    def test_langlinks_urls(self):\n        page = self.wiki.page(\"Test_1\")\n        self.assertEqual(\n>           list(sorted(map(lambda s: s.fullurl, page.langlinks.values()))),\n            [\n                (\n                    \"https://l\"\n                    + str(i + 1)\n                    + \".wikipedia.org/wiki/Test_1_-_\"\n                    + str(i + 1)\n                )\n                for i in range(3)\n            ],\n        )\nE       AttributeError: 'coroutine' object has no attribute 'langlinks'\n\ntests\\langlinks_test.py:40: AttributeError"
      },
      "teardown": {
        "outcome": "passed"
      }
    },
    {
      "nodeid": "tests/links_test.py::TestLinks::test_links_multi_page_count",
      "lineno": 23,
      "outcome": "failed",
      "keywords": [
        "test_links_multi_page_count",
        "TestLinks",
        "links_test.py",
        "tests",
        "martin-majlis@wikipedia-api__a58db566__requests__treq",
        ""
      ],
      "setup": {
        "outcome": "passed"
      },
      "call": {
        "outcome": "failed",
        "crash": {
          "path": "D:\\repos\\martin-majlis@wikipedia-api__a58db566__requests__treq\\tests\\links_test.py",
          "lineno": 26,
          "message": "AttributeError: 'coroutine' object has no attribute 'links'"
        },
        "traceback": [
          {
            "path": "tests\\links_test.py",
            "lineno": 26,
            "message": "AttributeError"
          }
        ],
        "longrepr": "self = <tests.links_test.TestLinks testMethod=test_links_multi_page_count>\n\n    def test_links_multi_page_count(self):\n        page = self.wiki.page(\"Test_2\")\n>       self.assertEqual(len(page.links), 5)\nE       AttributeError: 'coroutine' object has no attribute 'links'\n\ntests\\links_test.py:26: AttributeError"
      },
      "teardown": {
        "outcome": "passed"
      }
    },
    {
      "nodeid": "tests/links_test.py::TestLinks::test_links_multi_page_titles",
      "lineno": 27,
      "outcome": "failed",
      "keywords": [
        "test_links_multi_page_titles",
        "TestLinks",
        "links_test.py",
        "tests",
        "martin-majlis@wikipedia-api__a58db566__requests__treq",
        ""
      ],
      "setup": {
        "outcome": "passed"
      },
      "call": {
        "outcome": "failed",
        "crash": {
          "path": "D:\\repos\\martin-majlis@wikipedia-api__a58db566__requests__treq\\tests\\links_test.py",
          "lineno": 31,
          "message": "AttributeError: 'coroutine' object has no attribute 'links'"
        },
        "traceback": [
          {
            "path": "tests\\links_test.py",
            "lineno": 31,
            "message": "AttributeError"
          }
        ],
        "longrepr": "self = <tests.links_test.TestLinks testMethod=test_links_multi_page_titles>\n\n    def test_links_multi_page_titles(self):\n        page = self.wiki.page(\"Test_2\")\n        self.assertEqual(\n>           list(sorted(map(lambda s: s.title, page.links.values()))),\n            [\"Title - \" + str(i + 1) for i in range(5)],\n        )\nE       AttributeError: 'coroutine' object has no attribute 'links'\n\ntests\\links_test.py:31: AttributeError"
      },
      "teardown": {
        "outcome": "passed"
      }
    },
    {
      "nodeid": "tests/links_test.py::TestLinks::test_links_no_links_count",
      "lineno": 34,
      "outcome": "failed",
      "keywords": [
        "test_links_no_links_count",
        "TestLinks",
        "links_test.py",
        "tests",
        "martin-majlis@wikipedia-api__a58db566__requests__treq",
        ""
      ],
      "setup": {
        "outcome": "passed"
      },
      "call": {
        "outcome": "failed",
        "crash": {
          "path": "D:\\repos\\martin-majlis@wikipedia-api__a58db566__requests__treq\\tests\\links_test.py",
          "lineno": 37,
          "message": "AttributeError: 'coroutine' object has no attribute 'links'"
        },
        "traceback": [
          {
            "path": "tests\\links_test.py",
            "lineno": 37,
            "message": "AttributeError"
          }
        ],
        "longrepr": "self = <tests.links_test.TestLinks testMethod=test_links_no_links_count>\n\n    def test_links_no_links_count(self):\n        page = self.wiki.page(\"No_Links\")\n>       self.assertEqual(len(page.links), 0)\nE       AttributeError: 'coroutine' object has no attribute 'links'\n\ntests\\links_test.py:37: AttributeError"
      },
      "teardown": {
        "outcome": "passed"
      }
    },
    {
      "nodeid": "tests/links_test.py::TestLinks::test_links_single_page_count",
      "lineno": 12,
      "outcome": "failed",
      "keywords": [
        "test_links_single_page_count",
        "TestLinks",
        "links_test.py",
        "tests",
        "martin-majlis@wikipedia-api__a58db566__requests__treq",
        ""
      ],
      "setup": {
        "outcome": "passed"
      },
      "call": {
        "outcome": "failed",
        "crash": {
          "path": "D:\\repos\\martin-majlis@wikipedia-api__a58db566__requests__treq\\tests\\links_test.py",
          "lineno": 15,
          "message": "AttributeError: 'coroutine' object has no attribute 'links'"
        },
        "traceback": [
          {
            "path": "tests\\links_test.py",
            "lineno": 15,
            "message": "AttributeError"
          }
        ],
        "longrepr": "self = <tests.links_test.TestLinks testMethod=test_links_single_page_count>\n\n    def test_links_single_page_count(self):\n        page = self.wiki.page(\"Test_1\")\n>       self.assertEqual(len(page.links), 3)\nE       AttributeError: 'coroutine' object has no attribute 'links'\n\ntests\\links_test.py:15: AttributeError"
      },
      "teardown": {
        "outcome": "passed"
      }
    },
    {
      "nodeid": "tests/links_test.py::TestLinks::test_links_single_page_titles",
      "lineno": 16,
      "outcome": "failed",
      "keywords": [
        "test_links_single_page_titles",
        "TestLinks",
        "links_test.py",
        "tests",
        "martin-majlis@wikipedia-api__a58db566__requests__treq",
        ""
      ],
      "setup": {
        "outcome": "passed"
      },
      "call": {
        "outcome": "failed",
        "crash": {
          "path": "D:\\repos\\martin-majlis@wikipedia-api__a58db566__requests__treq\\tests\\links_test.py",
          "lineno": 20,
          "message": "AttributeError: 'coroutine' object has no attribute 'links'"
        },
        "traceback": [
          {
            "path": "tests\\links_test.py",
            "lineno": 20,
            "message": "AttributeError"
          }
        ],
        "longrepr": "self = <tests.links_test.TestLinks testMethod=test_links_single_page_titles>\n\n    def test_links_single_page_titles(self):\n        page = self.wiki.page(\"Test_1\")\n        self.assertEqual(\n>           list(sorted(map(lambda s: s.title, page.links.values()))),\n            [\"Title - \" + str(i + 1) for i in range(3)],\n        )\nE       AttributeError: 'coroutine' object has no attribute 'links'\n\ntests\\links_test.py:20: AttributeError"
      },
      "teardown": {
        "outcome": "passed"
      }
    },
    {
      "nodeid": "tests/wikipedia_page_test.py::TestWikipediaPage::test_article_method",
      "lineno": 51,
      "outcome": "failed",
      "keywords": [
        "test_article_method",
        "TestWikipediaPage",
        "wikipedia_page_test.py",
        "tests",
        "martin-majlis@wikipedia-api__a58db566__requests__treq",
        ""
      ],
      "setup": {
        "outcome": "passed"
      },
      "call": {
        "outcome": "failed",
        "crash": {
          "path": "D:\\repos\\martin-majlis@wikipedia-api__a58db566__requests__treq\\tests\\wikipedia_page_test.py",
          "lineno": 54,
          "message": "AttributeError: 'Wikipedia' object has no attribute 'article'"
        },
        "traceback": [
          {
            "path": "tests\\wikipedia_page_test.py",
            "lineno": 54,
            "message": "AttributeError"
          }
        ],
        "longrepr": "self = <tests.wikipedia_page_test.TestWikipediaPage testMethod=test_article_method>\n\n    def test_article_method(self):\n        p = self.wiki.page(\"Test_1\")\n>       a = self.wiki.article(\"Test_1\")\nE       AttributeError: 'Wikipedia' object has no attribute 'article'\n\ntests\\wikipedia_page_test.py:54: AttributeError"
      },
      "teardown": {
        "outcome": "passed"
      }
    },
    {
      "nodeid": "tests/wikipedia_page_test.py::TestWikipediaPage::test_article_title_unquote",
      "lineno": 56,
      "outcome": "failed",
      "keywords": [
        "test_article_title_unquote",
        "TestWikipediaPage",
        "wikipedia_page_test.py",
        "tests",
        "martin-majlis@wikipedia-api__a58db566__requests__treq",
        ""
      ],
      "setup": {
        "outcome": "passed"
      },
      "call": {
        "outcome": "failed",
        "crash": {
          "path": "D:\\repos\\martin-majlis@wikipedia-api__a58db566__requests__treq\\tests\\wikipedia_page_test.py",
          "lineno": 61,
          "message": "AttributeError: 'Wikipedia' object has no attribute 'article'"
        },
        "traceback": [
          {
            "path": "tests\\wikipedia_page_test.py",
            "lineno": 61,
            "message": "AttributeError"
          }
        ],
        "longrepr": "self = <tests.wikipedia_page_test.TestWikipediaPage testMethod=test_article_title_unquote>\n\n    def test_article_title_unquote(self):\n        # https://github.com/goldsmith/Wikipedia/issues/190\n        w = wikipediaapi.Wikipedia(user_agent, \"hi\")\n        w._query = wikipedia_api_request\n>       p_encoded = w.article(\n            \"%E0%A4%AA%E0%A4%BE%E0%A4%87%E0%A4%A5%E0%A4%A8\",\n            unquote=True,\n        )\nE       AttributeError: 'Wikipedia' object has no attribute 'article'\n\ntests\\wikipedia_page_test.py:61: AttributeError"
      },
      "teardown": {
        "outcome": "passed"
      }
    },
    {
      "nodeid": "tests/wikipedia_page_test.py::TestWikipediaPage::test_existing",
      "lineno": 47,
      "outcome": "failed",
      "keywords": [
        "test_existing",
        "TestWikipediaPage",
        "wikipedia_page_test.py",
        "tests",
        "martin-majlis@wikipedia-api__a58db566__requests__treq",
        ""
      ],
      "setup": {
        "outcome": "passed"
      },
      "call": {
        "outcome": "failed",
        "crash": {
          "path": "D:\\repos\\martin-majlis@wikipedia-api__a58db566__requests__treq\\tests\\wikipedia_page_test.py",
          "lineno": 50,
          "message": "AttributeError: 'coroutine' object has no attribute 'exists'"
        },
        "traceback": [
          {
            "path": "tests\\wikipedia_page_test.py",
            "lineno": 50,
            "message": "AttributeError"
          }
        ],
        "longrepr": "self = <tests.wikipedia_page_test.TestWikipediaPage testMethod=test_existing>\n\n    def test_existing(self):\n        page = self.wiki.page(\"Test_1\")\n>       self.assertTrue(page.exists())\nE       AttributeError: 'coroutine' object has no attribute 'exists'\n\ntests\\wikipedia_page_test.py:50: AttributeError"
      },
      "teardown": {
        "outcome": "passed"
      }
    },
    {
      "nodeid": "tests/wikipedia_page_test.py::TestWikipediaPage::test_extract",
      "lineno": 22,
      "outcome": "failed",
      "keywords": [
        "test_extract",
        "TestWikipediaPage",
        "wikipedia_page_test.py",
        "tests",
        "martin-majlis@wikipedia-api__a58db566__requests__treq",
        ""
      ],
      "setup": {
        "outcome": "passed"
      },
      "call": {
        "outcome": "failed",
        "crash": {
          "path": "D:\\repos\\martin-majlis@wikipedia-api__a58db566__requests__treq\\tests\\wikipedia_page_test.py",
          "lineno": 25,
          "message": "AttributeError: 'coroutine' object has no attribute 'pageid'"
        },
        "traceback": [
          {
            "path": "tests\\wikipedia_page_test.py",
            "lineno": 25,
            "message": "AttributeError"
          }
        ],
        "longrepr": "self = <tests.wikipedia_page_test.TestWikipediaPage testMethod=test_extract>\n\n    def test_extract(self):\n        page = self.wiki.page(\"Test_1\")\n>       self.assertEqual(page.pageid, 4)\nE       AttributeError: 'coroutine' object has no attribute 'pageid'\n\ntests\\wikipedia_page_test.py:25: AttributeError"
      },
      "teardown": {
        "outcome": "passed"
      }
    },
    {
      "nodeid": "tests/wikipedia_page_test.py::TestWikipediaPage::test_nonexisting",
      "lineno": 43,
      "outcome": "failed",
      "keywords": [
        "test_nonexisting",
        "TestWikipediaPage",
        "wikipedia_page_test.py",
        "tests",
        "martin-majlis@wikipedia-api__a58db566__requests__treq",
        ""
      ],
      "setup": {
        "outcome": "passed"
      },
      "call": {
        "outcome": "failed",
        "crash": {
          "path": "D:\\repos\\martin-majlis@wikipedia-api__a58db566__requests__treq\\tests\\wikipedia_page_test.py",
          "lineno": 46,
          "message": "AttributeError: 'coroutine' object has no attribute 'exists'"
        },
        "traceback": [
          {
            "path": "tests\\wikipedia_page_test.py",
            "lineno": 46,
            "message": "AttributeError"
          }
        ],
        "longrepr": "self = <tests.wikipedia_page_test.TestWikipediaPage testMethod=test_nonexisting>\n\n    def test_nonexisting(self):\n        page = self.wiki.page(\"NonExisting\")\n>       self.assertFalse(page.exists())\nE       AttributeError: 'coroutine' object has no attribute 'exists'\n\ntests\\wikipedia_page_test.py:46: AttributeError"
      },
      "teardown": {
        "outcome": "passed"
      }
    },
    {
      "nodeid": "tests/wikipedia_page_test.py::TestWikipediaPage::test_page_title_unquote",
      "lineno": 67,
      "outcome": "failed",
      "keywords": [
        "test_page_title_unquote",
        "TestWikipediaPage",
        "wikipedia_page_test.py",
        "tests",
        "martin-majlis@wikipedia-api__a58db566__requests__treq",
        ""
      ],
      "setup": {
        "outcome": "passed"
      },
      "call": {
        "outcome": "failed",
        "crash": {
          "path": "D:\\repos\\martin-majlis@wikipedia-api__a58db566__requests__treq\\tests\\wikipedia_page_test.py",
          "lineno": 77,
          "message": "AttributeError: 'coroutine' object has no attribute 'pageid'"
        },
        "traceback": [
          {
            "path": "tests\\wikipedia_page_test.py",
            "lineno": 77,
            "message": "AttributeError"
          }
        ],
        "longrepr": "self = <tests.wikipedia_page_test.TestWikipediaPage testMethod=test_page_title_unquote>\n\n    def test_page_title_unquote(self):\n        # https://github.com/goldsmith/Wikipedia/issues/190\n        w = wikipediaapi.Wikipedia(user_agent, \"hi\")\n        w._query = wikipedia_api_request\n        p_encoded = w.page(\n            \"%E0%A4%AA%E0%A4%BE%E0%A4%87%E0%A4%A5%E0%A4%A8\",\n            unquote=True,\n        )\n        p_decoded = w.page(\"\u092a\u093e\u0907\u0925\u0928\")\n>       self.assertEqual(p_encoded.pageid, p_decoded.pageid)\nE       AttributeError: 'coroutine' object has no attribute 'pageid'\n\ntests\\wikipedia_page_test.py:77: AttributeError"
      },
      "teardown": {
        "outcome": "passed"
      }
    },
    {
      "nodeid": "tests/wikipedia_page_test.py::TestWikipediaPage::test_page_with_int_namespace",
      "lineno": 78,
      "outcome": "failed",
      "keywords": [
        "test_page_with_int_namespace",
        "TestWikipediaPage",
        "wikipedia_page_test.py",
        "tests",
        "martin-majlis@wikipedia-api__a58db566__requests__treq",
        ""
      ],
      "setup": {
        "outcome": "passed"
      },
      "call": {
        "outcome": "failed",
        "crash": {
          "path": "D:\\repos\\martin-majlis@wikipedia-api__a58db566__requests__treq\\tests\\wikipedia_page_test.py",
          "lineno": 81,
          "message": "AttributeError: 'coroutine' object has no attribute 'exists'"
        },
        "traceback": [
          {
            "path": "tests\\wikipedia_page_test.py",
            "lineno": 81,
            "message": "AttributeError"
          }
        ],
        "longrepr": "self = <tests.wikipedia_page_test.TestWikipediaPage testMethod=test_page_with_int_namespace>\n\n    def test_page_with_int_namespace(self):\n        page = self.wiki.page(\"NonExisting\", ns=110)\n>       self.assertFalse(page.exists())\nE       AttributeError: 'coroutine' object has no attribute 'exists'\n\ntests\\wikipedia_page_test.py:81: AttributeError"
      },
      "teardown": {
        "outcome": "passed"
      }
    },
    {
      "nodeid": "tests/wikipedia_page_test.py::TestWikipediaPage::test_repr_after_fetching",
      "lineno": 16,
      "outcome": "failed",
      "keywords": [
        "test_repr_after_fetching",
        "TestWikipediaPage",
        "wikipedia_page_test.py",
        "tests",
        "martin-majlis@wikipedia-api__a58db566__requests__treq",
        ""
      ],
      "setup": {
        "outcome": "passed"
      },
      "call": {
        "outcome": "failed",
        "crash": {
          "path": "C:\\Users\\Mohay\\AppData\\Local\\Programs\\Python\\Python312\\Lib\\unittest\\case.py",
          "lineno": 715,
          "message": "AssertionError: '<coroutine object Wikipedia.page at 0x0000024FCDEBE2F0>' != 'Test_1 (id: ??, ns: 0)'\n- <coroutine object Wikipedia.page at 0x0000024FCDEBE2F0>\n+ Test_1 (id: ??, ns: 0)"
        },
        "traceback": [
          {
            "path": "tests\\wikipedia_page_test.py",
            "lineno": 19,
            "message": "AssertionError"
          }
        ],
        "longrepr": "self = <tests.wikipedia_page_test.TestWikipediaPage testMethod=test_repr_after_fetching>\n\n    def test_repr_after_fetching(self):\n        page = self.wiki.page(\"Test_1\")\n>       self.assertEqual(repr(page), \"Test_1 (id: ??, ns: 0)\")\nE       AssertionError: '<coroutine object Wikipedia.page at 0x0000024FCDEBE2F0>' != 'Test_1 (id: ??, ns: 0)'\nE       - <coroutine object Wikipedia.page at 0x0000024FCDEBE2F0>\nE       + Test_1 (id: ??, ns: 0)\n\ntests\\wikipedia_page_test.py:19: AssertionError"
      },
      "teardown": {
        "outcome": "passed"
      }
    },
    {
      "nodeid": "tests/wikipedia_page_test.py::TestWikipediaPage::test_repr_before_fetching",
      "lineno": 12,
      "outcome": "failed",
      "keywords": [
        "test_repr_before_fetching",
        "TestWikipediaPage",
        "wikipedia_page_test.py",
        "tests",
        "martin-majlis@wikipedia-api__a58db566__requests__treq",
        ""
      ],
      "setup": {
        "outcome": "passed"
      },
      "call": {
        "outcome": "failed",
        "crash": {
          "path": "C:\\Users\\Mohay\\AppData\\Local\\Programs\\Python\\Python312\\Lib\\unittest\\case.py",
          "lineno": 715,
          "message": "AssertionError: '<coroutine object Wikipedia.page at 0x0000024FCE006A70>' != 'Test_1 (id: ??, ns: 0)'\n- <coroutine object Wikipedia.page at 0x0000024FCE006A70>\n+ Test_1 (id: ??, ns: 0)"
        },
        "traceback": [
          {
            "path": "tests\\wikipedia_page_test.py",
            "lineno": 15,
            "message": "AssertionError"
          }
        ],
        "longrepr": "self = <tests.wikipedia_page_test.TestWikipediaPage testMethod=test_repr_before_fetching>\n\n    def test_repr_before_fetching(self):\n        page = self.wiki.page(\"Test_1\")\n>       self.assertEqual(repr(page), \"Test_1 (id: ??, ns: 0)\")\nE       AssertionError: '<coroutine object Wikipedia.page at 0x0000024FCE006A70>' != 'Test_1 (id: ??, ns: 0)'\nE       - <coroutine object Wikipedia.page at 0x0000024FCE006A70>\nE       + Test_1 (id: ??, ns: 0)\n\ntests\\wikipedia_page_test.py:15: AssertionError"
      },
      "teardown": {
        "outcome": "passed"
      }
    },
    {
      "nodeid": "tests/wikipedia_page_test.py::TestWikipediaPage::test_unknown_property",
      "lineno": 38,
      "outcome": "passed",
      "keywords": [
        "test_unknown_property",
        "TestWikipediaPage",
        "wikipedia_page_test.py",
        "tests",
        "martin-majlis@wikipedia-api__a58db566__requests__treq",
        ""
      ],
      "setup": {
        "outcome": "passed"
      },
      "call": {
        "outcome": "passed"
      },
      "teardown": {
        "outcome": "passed"
      }
    },
    {
      "nodeid": "tests/wikipedia_test.py::TestWikipedia::test_missing_user_agent_should_fail",
      "lineno": 6,
      "outcome": "passed",
      "keywords": [
        "test_missing_user_agent_should_fail",
        "TestWikipedia",
        "wikipedia_test.py",
        "tests",
        "martin-majlis@wikipedia-api__a58db566__requests__treq",
        ""
      ],
      "setup": {
        "outcome": "passed"
      },
      "call": {
        "outcome": "passed"
      },
      "teardown": {
        "outcome": "passed"
      }
    },
    {
      "nodeid": "tests/wikipedia_test.py::TestWikipedia::test_user_agent_in_headers_is_fine",
      "lineno": 31,
      "outcome": "failed",
      "keywords": [
        "test_user_agent_in_headers_is_fine",
        "TestWikipedia",
        "wikipedia_test.py",
        "tests",
        "martin-majlis@wikipedia-api__a58db566__requests__treq",
        ""
      ],
      "setup": {
        "outcome": "passed"
      },
      "call": {
        "outcome": "failed",
        "crash": {
          "path": "D:\\repos\\martin-majlis@wikipedia-api__a58db566__requests__treq\\tests\\wikipedia_test.py",
          "lineno": 38,
          "message": "AttributeError: 'Wikipedia' object has no attribute '_session'"
        },
        "traceback": [
          {
            "path": "tests\\wikipedia_test.py",
            "lineno": 38,
            "message": "AttributeError"
          }
        ],
        "longrepr": "self = <tests.wikipedia_test.TestWikipedia testMethod=test_user_agent_in_headers_is_fine>\n\n    def test_user_agent_in_headers_is_fine(self):\n        wiki = wikipediaapi.Wikipedia(\n            \"en\",\n            headers={\"User-Agent\": \"header-user-agent\"},\n        )\n        self.assertIsNotNone(wiki)\n>       user_agent = wiki._session.headers.get(\"User-Agent\")\nE       AttributeError: 'Wikipedia' object has no attribute '_session'\n\ntests\\wikipedia_test.py:38: AttributeError"
      },
      "teardown": {
        "outcome": "passed"
      }
    },
    {
      "nodeid": "tests/wikipedia_test.py::TestWikipedia::test_user_agent_in_headers_win",
      "lineno": 43,
      "outcome": "failed",
      "keywords": [
        "test_user_agent_in_headers_win",
        "TestWikipedia",
        "wikipedia_test.py",
        "tests",
        "martin-majlis@wikipedia-api__a58db566__requests__treq",
        ""
      ],
      "setup": {
        "outcome": "passed"
      },
      "call": {
        "outcome": "failed",
        "crash": {
          "path": "D:\\repos\\martin-majlis@wikipedia-api__a58db566__requests__treq\\tests\\wikipedia_test.py",
          "lineno": 50,
          "message": "AttributeError: 'Wikipedia' object has no attribute '_session'"
        },
        "traceback": [
          {
            "path": "tests\\wikipedia_test.py",
            "lineno": 50,
            "message": "AttributeError"
          }
        ],
        "longrepr": "self = <tests.wikipedia_test.TestWikipedia testMethod=test_user_agent_in_headers_win>\n\n    def test_user_agent_in_headers_win(self):\n        wiki = wikipediaapi.Wikipedia(\n            user_agent=\"param-user-agent\",\n            headers={\"User-Agent\": \"header-user-agent\"},\n        )\n        self.assertIsNotNone(wiki)\n>       user_agent = wiki._session.headers.get(\"User-Agent\")\nE       AttributeError: 'Wikipedia' object has no attribute '_session'\n\ntests\\wikipedia_test.py:50: AttributeError"
      },
      "teardown": {
        "outcome": "passed"
      }
    },
    {
      "nodeid": "tests/wikipedia_test.py::TestWikipedia::test_user_agent_is_used",
      "lineno": 20,
      "outcome": "failed",
      "keywords": [
        "test_user_agent_is_used",
        "TestWikipedia",
        "wikipedia_test.py",
        "tests",
        "martin-majlis@wikipedia-api__a58db566__requests__treq",
        ""
      ],
      "setup": {
        "outcome": "passed"
      },
      "call": {
        "outcome": "failed",
        "crash": {
          "path": "D:\\repos\\martin-majlis@wikipedia-api__a58db566__requests__treq\\tests\\wikipedia_test.py",
          "lineno": 26,
          "message": "AttributeError: 'Wikipedia' object has no attribute '_session'"
        },
        "traceback": [
          {
            "path": "tests\\wikipedia_test.py",
            "lineno": 26,
            "message": "AttributeError"
          }
        ],
        "longrepr": "self = <tests.wikipedia_test.TestWikipedia testMethod=test_user_agent_is_used>\n\n    def test_user_agent_is_used(self):\n        wiki = wikipediaapi.Wikipedia(\n            user_agent=\"param-user-agent\",\n        )\n        self.assertIsNotNone(wiki)\n>       user_agent = wiki._session.headers.get(\"User-Agent\")\nE       AttributeError: 'Wikipedia' object has no attribute '_session'\n\ntests\\wikipedia_test.py:26: AttributeError"
      },
      "teardown": {
        "outcome": "passed"
      }
    }
  ],
  "warnings": [
    {
      "message": "coroutine 'Wikipedia.page' was never awaited",
      "category": "RuntimeWarning",
      "when": "runtest",
      "filename": "C:\\Users\\Mohay\\AppData\\Local\\Programs\\Python\\Python312\\Lib\\collections\\__init__.py",
      "lineno": 449
    },
    {
      "message": "coroutine 'Wikipedia.page' was never awaited",
      "category": "RuntimeWarning",
      "when": "runtest",
      "filename": "C:\\Users\\Mohay\\AppData\\Local\\Programs\\Python\\Python312\\Lib\\ast.py",
      "lineno": 375
    },
    {
      "message": "coroutine 'Wikipedia.page' was never awaited",
      "category": "RuntimeWarning",
      "when": "runtest",
      "filename": "<frozen ntpath>",
      "lineno": 179
    },
    {
      "message": "coroutine 'Wikipedia.page' was never awaited",
      "category": "RuntimeWarning",
      "when": "runtest",
      "filename": "C:\\Users\\Mohay\\AppData\\Local\\Programs\\Python\\Python312\\Lib\\unittest\\case.py",
      "lineno": 589
    }
  ]
}