{
  "exitcode": 1,
  "summary": {
    "passed": 69,
    "failed": 23,
    "total": 92,
    "collected": 92
  },
  "collectors": [
    {
      "nodeid": "",
      "outcome": "passed",
      "result": [
        {
          "nodeid": "tests",
          "type": "Package"
        }
      ]
    },
    {
      "nodeid": "tests/expected/google",
      "outcome": "passed",
      "result": []
    },
    {
      "nodeid": "tests/expected/numpy",
      "outcome": "passed",
      "result": []
    },
    {
      "nodeid": "tests/expected/sphinx",
      "outcome": "passed",
      "result": []
    },
    {
      "nodeid": "tests/expected",
      "outcome": "passed",
      "result": [
        {
          "nodeid": "tests/expected/google",
          "type": "Dir"
        },
        {
          "nodeid": "tests/expected/numpy",
          "type": "Dir"
        },
        {
          "nodeid": "tests/expected/sphinx",
          "type": "Dir"
        }
      ]
    },
    {
      "nodeid": "tests/fixtures",
      "outcome": "passed",
      "result": []
    },
    {
      "nodeid": "tests/test_cli.py::TestCase",
      "outcome": "passed",
      "result": []
    },
    {
      "nodeid": "tests/test_cli.py::CliTestCase",
      "outcome": "passed",
      "result": [
        {
          "nodeid": "tests/test_cli.py::CliTestCase::test_find_files",
          "type": "TestCaseFunction",
          "lineno": 197
        },
        {
          "nodeid": "tests/test_cli.py::CliTestCase::test_get_defalt_template_path_0_sphinx",
          "type": "TestCaseFunction",
          "lineno": 215
        },
        {
          "nodeid": "tests/test_cli.py::CliTestCase::test_get_defalt_template_path_1_google",
          "type": "TestCaseFunction",
          "lineno": 215
        },
        {
          "nodeid": "tests/test_cli.py::CliTestCase::test_get_defalt_template_path_2_numpy",
          "type": "TestCaseFunction",
          "lineno": 215
        },
        {
          "nodeid": "tests/test_cli.py::CliTestCase::test_get_lines",
          "type": "TestCaseFunction",
          "lineno": 206
        },
        {
          "nodeid": "tests/test_cli.py::CliTestCase::test_get_target",
          "type": "TestCaseFunction",
          "lineno": 233
        },
        {
          "nodeid": "tests/test_cli.py::CliTestCase::test_get_template_path",
          "type": "TestCaseFunction",
          "lineno": 226
        },
        {
          "nodeid": "tests/test_cli.py::CliTestCase::test_ignore_init",
          "type": "TestCaseFunction",
          "lineno": 575
        },
        {
          "nodeid": "tests/test_cli.py::CliTestCase::test_is_doc_exists",
          "type": "TestCaseFunction",
          "lineno": 376
        },
        {
          "nodeid": "tests/test_cli.py::CliTestCase::test_no_files",
          "type": "TestCaseFunction",
          "lineno": 202
        },
        {
          "nodeid": "tests/test_cli.py::CliTestCase::test_no_output_with_google_style",
          "type": "TestCaseFunction",
          "lineno": 120
        },
        {
          "nodeid": "tests/test_cli.py::CliTestCase::test_no_output_with_numpy_style",
          "type": "TestCaseFunction",
          "lineno": 173
        },
        {
          "nodeid": "tests/test_cli.py::CliTestCase::test_no_output_with_sphinx_style",
          "type": "TestCaseFunction",
          "lineno": 67
        },
        {
          "nodeid": "tests/test_cli.py::CliTestCase::test_not_ignore_exception",
          "type": "TestCaseFunction",
          "lineno": 499
        },
        {
          "nodeid": "tests/test_cli.py::CliTestCase::test_not_ignore_yield",
          "type": "TestCaseFunction",
          "lineno": 536
        },
        {
          "nodeid": "tests/test_cli.py::CliTestCase::test_omit_one",
          "type": "TestCaseFunction",
          "lineno": 409
        },
        {
          "nodeid": "tests/test_cli.py::CliTestCase::test_omit_two",
          "type": "TestCaseFunction",
          "lineno": 446
        },
        {
          "nodeid": "tests/test_cli.py::CliTestCase::test_output_with_google_style",
          "type": "TestCaseFunction",
          "lineno": 91
        },
        {
          "nodeid": "tests/test_cli.py::CliTestCase::test_output_with_numpy_style",
          "type": "TestCaseFunction",
          "lineno": 144
        },
        {
          "nodeid": "tests/test_cli.py::CliTestCase::test_output_with_sphinx_style",
          "type": "TestCaseFunction",
          "lineno": 39
        },
        {
          "nodeid": "tests/test_cli.py::CliTestCase::test_run_with_classes",
          "type": "TestCaseFunction",
          "lineno": 307
        },
        {
          "nodeid": "tests/test_cli.py::CliTestCase::test_run_with_defs",
          "type": "TestCaseFunction",
          "lineno": 258
        }
      ]
    },
    {
      "nodeid": "tests/test_cli.py",
      "outcome": "passed",
      "result": [
        {
          "nodeid": "tests/test_cli.py::TestCase",
          "type": "UnitTestCase"
        },
        {
          "nodeid": "tests/test_cli.py::CliTestCase",
          "type": "UnitTestCase"
        }
      ]
    },
    {
      "nodeid": "tests/test_config.py::TestCase",
      "outcome": "passed",
      "result": []
    },
    {
      "nodeid": "tests/test_config.py::ConfigSetupCfgTestCase",
      "outcome": "passed",
      "result": [
        {
          "nodeid": "tests/test_config.py::ConfigSetupCfgTestCase::test_find_config",
          "type": "TestCaseFunction",
          "lineno": 64
        },
        {
          "nodeid": "tests/test_config.py::ConfigSetupCfgTestCase::test_find_config_not_found",
          "type": "TestCaseFunction",
          "lineno": 90
        },
        {
          "nodeid": "tests/test_config.py::ConfigSetupCfgTestCase::test_find_setupcfg",
          "type": "TestCaseFunction",
          "lineno": 21
        },
        {
          "nodeid": "tests/test_config.py::ConfigSetupCfgTestCase::test_get_config_from_setup_cfg",
          "type": "TestCaseFunction",
          "lineno": 39
        },
        {
          "nodeid": "tests/test_config.py::ConfigSetupCfgTestCase::test_not_read_setupcfg",
          "type": "TestCaseFunction",
          "lineno": 35
        },
        {
          "nodeid": "tests/test_config.py::ConfigSetupCfgTestCase::test_read_setupcfg",
          "type": "TestCaseFunction",
          "lineno": 29
        }
      ]
    },
    {
      "nodeid": "tests/test_config.py::ConfigPyprojectTomlTestCase",
      "outcome": "passed",
      "result": [
        {
          "nodeid": "tests/test_config.py::ConfigPyprojectTomlTestCase::test_find_config",
          "type": "TestCaseFunction",
          "lineno": 140
        },
        {
          "nodeid": "tests/test_config.py::ConfigPyprojectTomlTestCase::test_find_pyproject_toml",
          "type": "TestCaseFunction",
          "lineno": 126
        },
        {
          "nodeid": "tests/test_config.py::ConfigPyprojectTomlTestCase::test_read_pyproject_toml",
          "type": "TestCaseFunction",
          "lineno": 135
        }
      ]
    },
    {
      "nodeid": "tests/test_config.py",
      "outcome": "passed",
      "result": [
        {
          "nodeid": "tests/test_config.py::TestCase",
          "type": "UnitTestCase"
        },
        {
          "nodeid": "tests/test_config.py::ConfigSetupCfgTestCase",
          "type": "UnitTestCase"
        },
        {
          "nodeid": "tests/test_config.py::ConfigPyprojectTomlTestCase",
          "type": "UnitTestCase"
        }
      ]
    },
    {
      "nodeid": "tests/test_outputter.py::TestCase",
      "outcome": "passed",
      "result": []
    },
    {
      "nodeid": "tests/test_outputter.py::StringOutptterTestCase",
      "outcome": "passed",
      "result": [
        {
          "nodeid": "tests/test_outputter.py::StringOutptterTestCase::test_multi_lines",
          "type": "TestCaseFunction",
          "lineno": 35
        },
        {
          "nodeid": "tests/test_outputter.py::StringOutptterTestCase::test_multi_lines_with_return_type",
          "type": "TestCaseFunction",
          "lineno": 144
        },
        {
          "nodeid": "tests/test_outputter.py::StringOutptterTestCase::test_multi_lines_with_space",
          "type": "TestCaseFunction",
          "lineno": 73
        },
        {
          "nodeid": "tests/test_outputter.py::StringOutptterTestCase::test_multi_lines_with_space_and_return_type",
          "type": "TestCaseFunction",
          "lineno": 108
        },
        {
          "nodeid": "tests/test_outputter.py::StringOutptterTestCase::test_multi_return_type",
          "type": "TestCaseFunction",
          "lineno": 180
        },
        {
          "nodeid": "tests/test_outputter.py::StringOutptterTestCase::test_same_lines",
          "type": "TestCaseFunction",
          "lineno": 10
        }
      ]
    },
    {
      "nodeid": "tests/test_outputter.py::JSONOutptterTestCase",
      "outcome": "passed",
      "result": [
        {
          "nodeid": "tests/test_outputter.py::JSONOutptterTestCase::test_same_lines",
          "type": "TestCaseFunction",
          "lineno": 216
        }
      ]
    },
    {
      "nodeid": "tests/test_outputter.py",
      "outcome": "passed",
      "result": [
        {
          "nodeid": "tests/test_outputter.py::TestCase",
          "type": "UnitTestCase"
        },
        {
          "nodeid": "tests/test_outputter.py::StringOutptterTestCase",
          "type": "UnitTestCase"
        },
        {
          "nodeid": "tests/test_outputter.py::JSONOutptterTestCase",
          "type": "UnitTestCase"
        }
      ]
    },
    {
      "nodeid": "tests/test_parser.py::TestCase",
      "outcome": "passed",
      "result": []
    },
    {
      "nodeid": "tests/test_parser.py::ParseTestCase",
      "outcome": "passed",
      "result": [
        {
          "nodeid": "tests/test_parser.py::ParseTestCase::test_async_keyword",
          "type": "TestCaseFunction",
          "lineno": 802
        },
        {
          "nodeid": "tests/test_parser.py::ParseTestCase::test_async_keyword_with_class",
          "type": "TestCaseFunction",
          "lineno": 828
        },
        {
          "nodeid": "tests/test_parser.py::ParseTestCase::test_bare_raise",
          "type": "TestCaseFunction",
          "lineno": 867
        },
        {
          "nodeid": "tests/test_parser.py::ParseTestCase::test_doc_exists",
          "type": "TestCaseFunction",
          "lineno": 771
        },
        {
          "nodeid": "tests/test_parser.py::ParseTestCase::test_with_args",
          "type": "TestCaseFunction",
          "lineno": 126
        },
        {
          "nodeid": "tests/test_parser.py::ParseTestCase::test_with_args_and_kwargs",
          "type": "TestCaseFunction",
          "lineno": 202
        },
        {
          "nodeid": "tests/test_parser.py::ParseTestCase::test_with_class",
          "type": "TestCaseFunction",
          "lineno": 577
        },
        {
          "nodeid": "tests/test_parser.py::ParseTestCase::test_with_classes",
          "type": "TestCaseFunction",
          "lineno": 642
        },
        {
          "nodeid": "tests/test_parser.py::ParseTestCase::test_with_defs",
          "type": "TestCaseFunction",
          "lineno": 517
        },
        {
          "nodeid": "tests/test_parser.py::ParseTestCase::test_with_kwargs",
          "type": "TestCaseFunction",
          "lineno": 149
        },
        {
          "nodeid": "tests/test_parser.py::ParseTestCase::test_with_one_argument",
          "type": "TestCaseFunction",
          "lineno": 32
        },
        {
          "nodeid": "tests/test_parser.py::ParseTestCase::test_with_one_argument_and_annotaion",
          "type": "TestCaseFunction",
          "lineno": 80
        },
        {
          "nodeid": "tests/test_parser.py::ParseTestCase::test_with_one_argument_and_default",
          "type": "TestCaseFunction",
          "lineno": 56
        },
        {
          "nodeid": "tests/test_parser.py::ParseTestCase::test_with_one_argument_annotaion_and_default",
          "type": "TestCaseFunction",
          "lineno": 103
        },
        {
          "nodeid": "tests/test_parser.py::ParseTestCase::test_with_return_multi_line_type",
          "type": "TestCaseFunction",
          "lineno": 486
        },
        {
          "nodeid": "tests/test_parser.py::ParseTestCase::test_with_return_type",
          "type": "TestCaseFunction",
          "lineno": 461
        },
        {
          "nodeid": "tests/test_parser.py::ParseTestCase::test_with_two_arguments",
          "type": "TestCaseFunction",
          "lineno": 172
        },
        {
          "nodeid": "tests/test_parser.py::ParseTestCase::test_with_two_arguments_with_annotation",
          "type": "TestCaseFunction",
          "lineno": 290
        },
        {
          "nodeid": "tests/test_parser.py::ParseTestCase::test_with_two_arguments_with_annotation_and_default",
          "type": "TestCaseFunction",
          "lineno": 347
        },
        {
          "nodeid": "tests/test_parser.py::ParseTestCase::test_with_two_arguments_with_asterisk",
          "type": "TestCaseFunction",
          "lineno": 404
        },
        {
          "nodeid": "tests/test_parser.py::ParseTestCase::test_with_two_arguments_with_default",
          "type": "TestCaseFunction",
          "lineno": 232
        },
        {
          "nodeid": "tests/test_parser.py::ParseTestCase::test_without_argument",
          "type": "TestCaseFunction",
          "lineno": 12
        }
      ]
    },
    {
      "nodeid": "tests/test_parser.py::ReturnTypeTestCase",
      "outcome": "passed",
      "result": [
        {
          "nodeid": "tests/test_parser.py::ReturnTypeTestCase::test_get_return_type_0_def_foo_arg_str_",
          "type": "TestCaseFunction",
          "lineno": 895
        },
        {
          "nodeid": "tests/test_parser.py::ReturnTypeTestCase::test_get_return_type_1_def_foo_arg_str_int_",
          "type": "TestCaseFunction",
          "lineno": 895
        },
        {
          "nodeid": "tests/test_parser.py::ReturnTypeTestCase::test_get_return_type_2_def_foo_arg_str_int_",
          "type": "TestCaseFunction",
          "lineno": 895
        },
        {
          "nodeid": "tests/test_parser.py::ReturnTypeTestCase::test_get_return_type_3_def_foo_arg_str_int_",
          "type": "TestCaseFunction",
          "lineno": 895
        },
        {
          "nodeid": "tests/test_parser.py::ReturnTypeTestCase::test_get_return_type_4_def_foo_arg_str_int_",
          "type": "TestCaseFunction",
          "lineno": 895
        },
        {
          "nodeid": "tests/test_parser.py::ReturnTypeTestCase::test_get_return_type_5_def_foo_arg_str_int_",
          "type": "TestCaseFunction",
          "lineno": 895
        },
        {
          "nodeid": "tests/test_parser.py::ReturnTypeTestCase::test_get_return_type_6_def_foo_arg_str_int_",
          "type": "TestCaseFunction",
          "lineno": 895
        },
        {
          "nodeid": "tests/test_parser.py::ReturnTypeTestCase::test_get_return_type_7_def_foo_arg_str_int_",
          "type": "TestCaseFunction",
          "lineno": 895
        },
        {
          "nodeid": "tests/test_parser.py::ReturnTypeTestCase::test_get_return_type_8_def_foo_arg_str_int_",
          "type": "TestCaseFunction",
          "lineno": 895
        },
        {
          "nodeid": "tests/test_parser.py::ReturnTypeTestCase::test_get_return_type_9_def_foo_arg_str_int_",
          "type": "TestCaseFunction",
          "lineno": 895
        },
        {
          "nodeid": "tests/test_parser.py::ReturnTypeTestCase::test_parse_return_type_0_def_foo_arg_str_",
          "type": "TestCaseFunction",
          "lineno": 919
        },
        {
          "nodeid": "tests/test_parser.py::ReturnTypeTestCase::test_parse_return_type_1_def_foo_arg_str_int_",
          "type": "TestCaseFunction",
          "lineno": 919
        },
        {
          "nodeid": "tests/test_parser.py::ReturnTypeTestCase::test_parse_return_type_2_def_foo_arg_str_int_",
          "type": "TestCaseFunction",
          "lineno": 919
        },
        {
          "nodeid": "tests/test_parser.py::ReturnTypeTestCase::test_parse_return_type_3_def_foo_arg_str_int_",
          "type": "TestCaseFunction",
          "lineno": 919
        },
        {
          "nodeid": "tests/test_parser.py::ReturnTypeTestCase::test_parse_return_type_4_def_foo_arg_str_int_",
          "type": "TestCaseFunction",
          "lineno": 919
        },
        {
          "nodeid": "tests/test_parser.py::ReturnTypeTestCase::test_parse_return_type_5_def_foo_arg_str_int_",
          "type": "TestCaseFunction",
          "lineno": 919
        },
        {
          "nodeid": "tests/test_parser.py::ReturnTypeTestCase::test_parse_return_type_6_def_foo_arg_str_int_",
          "type": "TestCaseFunction",
          "lineno": 919
        },
        {
          "nodeid": "tests/test_parser.py::ReturnTypeTestCase::test_parse_return_type_7_def_foo_arg_str_int_",
          "type": "TestCaseFunction",
          "lineno": 919
        },
        {
          "nodeid": "tests/test_parser.py::ReturnTypeTestCase::test_parse_return_type_8_def_foo_arg_str_int_",
          "type": "TestCaseFunction",
          "lineno": 919
        },
        {
          "nodeid": "tests/test_parser.py::ReturnTypeTestCase::test_parse_return_type_9_def_foo_arg_str_int_",
          "type": "TestCaseFunction",
          "lineno": 919
        }
      ]
    },
    {
      "nodeid": "tests/test_parser.py",
      "outcome": "passed",
      "result": [
        {
          "nodeid": "tests/test_parser.py::TestCase",
          "type": "UnitTestCase"
        },
        {
          "nodeid": "tests/test_parser.py::ParseTestCase",
          "type": "UnitTestCase"
        },
        {
          "nodeid": "tests/test_parser.py::ReturnTypeTestCase",
          "type": "UnitTestCase"
        }
      ]
    },
    {
      "nodeid": "tests/test_template.py::TestCase",
      "outcome": "passed",
      "result": []
    },
    {
      "nodeid": "tests/test_template.py::SphinxTestCase",
      "outcome": "passed",
      "result": [
        {
          "nodeid": "tests/test_template.py::SphinxTestCase::test_class",
          "type": "TestCaseFunction",
          "lineno": 254
        },
        {
          "nodeid": "tests/test_template.py::SphinxTestCase::test_with_one_argument",
          "type": "TestCaseFunction",
          "lineno": 43
        },
        {
          "nodeid": "tests/test_template.py::SphinxTestCase::test_with_one_argument_and_annotaion",
          "type": "TestCaseFunction",
          "lineno": 71
        },
        {
          "nodeid": "tests/test_template.py::SphinxTestCase::test_with_one_argument_and_default",
          "type": "TestCaseFunction",
          "lineno": 57
        },
        {
          "nodeid": "tests/test_template.py::SphinxTestCase::test_with_one_argument_annotation_and_return_type",
          "type": "TestCaseFunction",
          "lineno": 91
        },
        {
          "nodeid": "tests/test_template.py::SphinxTestCase::test_with_two_arguments",
          "type": "TestCaseFunction",
          "lineno": 112
        },
        {
          "nodeid": "tests/test_template.py::SphinxTestCase::test_with_two_arguments_and_annotation",
          "type": "TestCaseFunction",
          "lineno": 166
        },
        {
          "nodeid": "tests/test_template.py::SphinxTestCase::test_with_two_arguments_and_defaults",
          "type": "TestCaseFunction",
          "lineno": 139
        },
        {
          "nodeid": "tests/test_template.py::SphinxTestCase::test_with_two_arguments_annotation_and_defaults",
          "type": "TestCaseFunction",
          "lineno": 195
        },
        {
          "nodeid": "tests/test_template.py::SphinxTestCase::test_with_two_arguments_annotation_defaults_and_return_type",
          "type": "TestCaseFunction",
          "lineno": 224
        },
        {
          "nodeid": "tests/test_template.py::SphinxTestCase::test_without_argument",
          "type": "TestCaseFunction",
          "lineno": 17
        },
        {
          "nodeid": "tests/test_template.py::SphinxTestCase::test_without_argument_and_return_type",
          "type": "TestCaseFunction",
          "lineno": 28
        }
      ]
    },
    {
      "nodeid": "tests/test_template.py",
      "outcome": "passed",
      "result": [
        {
          "nodeid": "tests/test_template.py::TestCase",
          "type": "UnitTestCase"
        },
        {
          "nodeid": "tests/test_template.py::SphinxTestCase",
          "type": "UnitTestCase"
        }
      ]
    },
    {
      "nodeid": "tests",
      "outcome": "passed",
      "result": [
        {
          "nodeid": "tests/expected",
          "type": "Package"
        },
        {
          "nodeid": "tests/fixtures",
          "type": "Dir"
        },
        {
          "nodeid": "tests/test_cli.py",
          "type": "Module"
        },
        {
          "nodeid": "tests/test_config.py",
          "type": "Module"
        },
        {
          "nodeid": "tests/test_outputter.py",
          "type": "Module"
        },
        {
          "nodeid": "tests/test_parser.py",
          "type": "Module"
        },
        {
          "nodeid": "tests/test_template.py",
          "type": "Module"
        }
      ]
    }
  ],
  "tests": [
    {
      "nodeid": "tests/test_cli.py::CliTestCase::test_find_files",
      "lineno": 197,
      "outcome": "passed",
      "keywords": [
        "test_find_files",
        "CliTestCase",
        "test_cli.py",
        "tests",
        "heavenshell@py-doq__75acafb9__jinja2__mako",
        ""
      ],
      "setup": {
        "outcome": "passed"
      },
      "call": {
        "outcome": "passed"
      },
      "teardown": {
        "outcome": "passed"
      }
    },
    {
      "nodeid": "tests/test_cli.py::CliTestCase::test_get_defalt_template_path_0_sphinx",
      "lineno": 215,
      "outcome": "passed",
      "keywords": [
        "test_get_defalt_template_path_0_sphinx",
        "place_as",
        "CliTestCase",
        "test_cli.py",
        "tests",
        "heavenshell@py-doq__75acafb9__jinja2__mako",
        ""
      ],
      "setup": {
        "outcome": "passed"
      },
      "call": {
        "outcome": "passed"
      },
      "teardown": {
        "outcome": "passed"
      }
    },
    {
      "nodeid": "tests/test_cli.py::CliTestCase::test_get_defalt_template_path_1_google",
      "lineno": 215,
      "outcome": "passed",
      "keywords": [
        "test_get_defalt_template_path_1_google",
        "place_as",
        "CliTestCase",
        "test_cli.py",
        "tests",
        "heavenshell@py-doq__75acafb9__jinja2__mako",
        ""
      ],
      "setup": {
        "outcome": "passed"
      },
      "call": {
        "outcome": "passed"
      },
      "teardown": {
        "outcome": "passed"
      }
    },
    {
      "nodeid": "tests/test_cli.py::CliTestCase::test_get_defalt_template_path_2_numpy",
      "lineno": 215,
      "outcome": "passed",
      "keywords": [
        "test_get_defalt_template_path_2_numpy",
        "place_as",
        "CliTestCase",
        "test_cli.py",
        "tests",
        "heavenshell@py-doq__75acafb9__jinja2__mako",
        ""
      ],
      "setup": {
        "outcome": "passed"
      },
      "call": {
        "outcome": "passed"
      },
      "teardown": {
        "outcome": "passed"
      }
    },
    {
      "nodeid": "tests/test_cli.py::CliTestCase::test_get_lines",
      "lineno": 206,
      "outcome": "passed",
      "keywords": [
        "test_get_lines",
        "CliTestCase",
        "test_cli.py",
        "tests",
        "heavenshell@py-doq__75acafb9__jinja2__mako",
        ""
      ],
      "setup": {
        "outcome": "passed"
      },
      "call": {
        "outcome": "passed"
      },
      "teardown": {
        "outcome": "passed"
      }
    },
    {
      "nodeid": "tests/test_cli.py::CliTestCase::test_get_target",
      "lineno": 233,
      "outcome": "passed",
      "keywords": [
        "test_get_target",
        "CliTestCase",
        "test_cli.py",
        "tests",
        "heavenshell@py-doq__75acafb9__jinja2__mako",
        ""
      ],
      "setup": {
        "outcome": "passed"
      },
      "call": {
        "outcome": "passed"
      },
      "teardown": {
        "outcome": "passed"
      }
    },
    {
      "nodeid": "tests/test_cli.py::CliTestCase::test_get_template_path",
      "lineno": 226,
      "outcome": "passed",
      "keywords": [
        "test_get_template_path",
        "CliTestCase",
        "test_cli.py",
        "tests",
        "heavenshell@py-doq__75acafb9__jinja2__mako",
        ""
      ],
      "setup": {
        "outcome": "passed"
      },
      "call": {
        "outcome": "passed"
      },
      "teardown": {
        "outcome": "passed"
      }
    },
    {
      "nodeid": "tests/test_cli.py::CliTestCase::test_ignore_init",
      "lineno": 575,
      "outcome": "failed",
      "keywords": [
        "test_ignore_init",
        "CliTestCase",
        "test_cli.py",
        "tests",
        "heavenshell@py-doq__75acafb9__jinja2__mako",
        ""
      ],
      "setup": {
        "outcome": "passed"
      },
      "call": {
        "outcome": "failed",
        "crash": {
          "path": "C:\\Users\\Mohay\\AppData\\Local\\Programs\\Python\\Python312\\Lib\\unittest\\case.py",
          "lineno": 878,
          "message": "AssertionError: '\"\"\"Foo.\"\"\"\\n' != b'\"\"\"{{ name }}.\"\"\"\\r\\n\\r\\n'"
        },
        "traceback": [
          {
            "path": "tests\\test_cli.py",
            "lineno": 619,
            "message": "AssertionError"
          }
        ],
        "longrepr": "self = <tests.test_cli.CliTestCase testMethod=test_ignore_init>\n\n    def test_ignore_init(self):\n        docstrings = [\n            'class Foo:',\n            '   def __init__(self, arg1):',\n            '       pass',\n            '',\n            '',\n            'class Bar:',\n            '   def bar(self, arg1, arg2):',\n            '      pass',\n        ]\n    \n        template_path = os.path.join(\n            self.basepath,\n            'doq',\n            'templates',\n            'sphinx',\n        )\n        results = generate_docstrings(\n            docstrings,\n            template_path,\n            omissions=['self'],\n            ignore_exception=False,\n            ignore_yield=False,\n            ignore_init=True,\n        )\n        expected_docstrings = [\n            [\n                '\"\"\"Foo.\"\"\"',\n                '',\n            ],\n            [\n                '\"\"\"Bar.\"\"\"',\n                '',\n            ],\n            [\n                '\"\"\"bar.',\n                '',\n                ':param arg1:',\n                ':param arg2:',\n                '\"\"\"',\n            ],\n        ]\n>       self.assertEqual(\n            '\\n'.join(expected_docstrings[0]),\n            results[0]['docstring'],\n        )\nE       AssertionError: '\"\"\"Foo.\"\"\"\\n' != b'\"\"\"{{ name }}.\"\"\"\\r\\n\\r\\n'\n\ntests\\test_cli.py:619: AssertionError"
      },
      "teardown": {
        "outcome": "passed"
      }
    },
    {
      "nodeid": "tests/test_cli.py::CliTestCase::test_is_doc_exists",
      "lineno": 376,
      "outcome": "failed",
      "keywords": [
        "test_is_doc_exists",
        "CliTestCase",
        "test_cli.py",
        "tests",
        "heavenshell@py-doq__75acafb9__jinja2__mako",
        ""
      ],
      "setup": {
        "outcome": "passed"
      },
      "call": {
        "outcome": "failed",
        "crash": {
          "path": "C:\\Users\\Mohay\\AppData\\Local\\Programs\\Python\\Python312\\Lib\\unittest\\case.py",
          "lineno": 878,
          "message": "AssertionError: '\"\"\"foo.\\n\\n:param arg1:\\n\"\"\"' != b'\"\"\"{{ name }}.\\r\\n\\r\\n{% for p in param[215 chars]\\r\\n'"
        },
        "traceback": [
          {
            "path": "tests\\test_cli.py",
            "lineno": 401,
            "message": "AssertionError"
          }
        ],
        "longrepr": "self = <tests.test_cli.CliTestCase testMethod=test_is_doc_exists>\n\n    def test_is_doc_exists(self):\n        docstrings = [\n            'def foo(arg1):',\n            '   \"\"\"foo.',\n            '',\n            '   :param arg1',\n            '   pass',\n        ]\n        template_path = os.path.join(\n            self.basepath,\n            'doq',\n            'templates',\n            'sphinx',\n        )\n    \n        expected_docstrings = [\n            [\n                '\"\"\"foo.',\n                '',\n                ':param arg1:',\n                '\"\"\"',\n            ],\n        ]\n        results = generate_docstrings(docstrings, template_path)\n>       self.assertEqual(\n            '\\n'.join(expected_docstrings[0]),\n            results[0]['docstring'],\n        )\nE       AssertionError: '\"\"\"foo.\\n\\n:param arg1:\\n\"\"\"' != b'\"\"\"{{ name }}.\\r\\n\\r\\n{% for p in param[215 chars]\\r\\n'\n\ntests\\test_cli.py:401: AssertionError"
      },
      "teardown": {
        "outcome": "passed"
      }
    },
    {
      "nodeid": "tests/test_cli.py::CliTestCase::test_no_files",
      "lineno": 202,
      "outcome": "passed",
      "keywords": [
        "test_no_files",
        "CliTestCase",
        "test_cli.py",
        "tests",
        "heavenshell@py-doq__75acafb9__jinja2__mako",
        ""
      ],
      "setup": {
        "outcome": "passed"
      },
      "call": {
        "outcome": "passed"
      },
      "teardown": {
        "outcome": "passed"
      }
    },
    {
      "nodeid": "tests/test_cli.py::CliTestCase::test_no_output_with_google_style",
      "lineno": 120,
      "outcome": "passed",
      "keywords": [
        "test_no_output_with_google_style",
        "CliTestCase",
        "test_cli.py",
        "tests",
        "heavenshell@py-doq__75acafb9__jinja2__mako",
        ""
      ],
      "setup": {
        "outcome": "passed"
      },
      "call": {
        "outcome": "passed"
      },
      "teardown": {
        "outcome": "passed"
      }
    },
    {
      "nodeid": "tests/test_cli.py::CliTestCase::test_no_output_with_numpy_style",
      "lineno": 173,
      "outcome": "passed",
      "keywords": [
        "test_no_output_with_numpy_style",
        "CliTestCase",
        "test_cli.py",
        "tests",
        "heavenshell@py-doq__75acafb9__jinja2__mako",
        ""
      ],
      "setup": {
        "outcome": "passed"
      },
      "call": {
        "outcome": "passed"
      },
      "teardown": {
        "outcome": "passed"
      }
    },
    {
      "nodeid": "tests/test_cli.py::CliTestCase::test_no_output_with_sphinx_style",
      "lineno": 67,
      "outcome": "passed",
      "keywords": [
        "test_no_output_with_sphinx_style",
        "CliTestCase",
        "test_cli.py",
        "tests",
        "heavenshell@py-doq__75acafb9__jinja2__mako",
        ""
      ],
      "setup": {
        "outcome": "passed"
      },
      "call": {
        "outcome": "passed"
      },
      "teardown": {
        "outcome": "passed"
      }
    },
    {
      "nodeid": "tests/test_cli.py::CliTestCase::test_not_ignore_exception",
      "lineno": 499,
      "outcome": "failed",
      "keywords": [
        "test_not_ignore_exception",
        "CliTestCase",
        "test_cli.py",
        "tests",
        "heavenshell@py-doq__75acafb9__jinja2__mako",
        ""
      ],
      "setup": {
        "outcome": "passed"
      },
      "call": {
        "outcome": "failed",
        "crash": {
          "path": "C:\\Users\\Mohay\\AppData\\Local\\Programs\\Python\\Python312\\Lib\\unittest\\case.py",
          "lineno": 878,
          "message": "AssertionError: '\"\"\"Summary of foo.\\n\\nArgs:\\n    arg1\\n\\[25 chars]n\"\"\"' != b'\"\"\"Summary of {{ name }}.\\r\\n{% if para[572 chars]\\r\\n'"
        },
        "traceback": [
          {
            "path": "tests\\test_cli.py",
            "lineno": 528,
            "message": "AssertionError"
          }
        ],
        "longrepr": "self = <tests.test_cli.CliTestCase testMethod=test_not_ignore_exception>\n\n    def test_not_ignore_exception(self):\n        docstrings = [\n            'def foo(arg1):',\n            '   raise Exception()',\n        ]\n    \n        template_path = os.path.join(\n            self.basepath,\n            'examples',\n        )\n        results = generate_docstrings(\n            docstrings,\n            template_path,\n            omissions=['self'],\n            ignore_exception=False,\n        )\n        expected_docstrings = [\n            [\n                '\"\"\"Summary of foo.',\n                '',\n                'Args:',\n                '    arg1',\n                '',\n                'Raises:',\n                '    Exception:',\n                '\"\"\"',\n            ],\n        ]\n>       self.assertEqual(\n            '\\n'.join(expected_docstrings[0]),\n            results[0]['docstring'],\n        )\nE       AssertionError: '\"\"\"Summary of foo.\\n\\nArgs:\\n    arg1\\n\\[25 chars]n\"\"\"' != b'\"\"\"Summary of {{ name }}.\\r\\n{% if para[572 chars]\\r\\n'\n\ntests\\test_cli.py:528: AssertionError"
      },
      "teardown": {
        "outcome": "passed"
      }
    },
    {
      "nodeid": "tests/test_cli.py::CliTestCase::test_not_ignore_yield",
      "lineno": 536,
      "outcome": "failed",
      "keywords": [
        "test_not_ignore_yield",
        "CliTestCase",
        "test_cli.py",
        "tests",
        "heavenshell@py-doq__75acafb9__jinja2__mako",
        ""
      ],
      "setup": {
        "outcome": "passed"
      },
      "call": {
        "outcome": "failed",
        "crash": {
          "path": "C:\\Users\\Mohay\\AppData\\Local\\Programs\\Python\\Python312\\Lib\\unittest\\case.py",
          "lineno": 878,
          "message": "AssertionError: '\"\"\"Summary of foo.\\n\\nArgs:\\n    arg1\\n\\[17 chars]n\"\"\"' != b'\"\"\"Summary of {{ name }}.\\r\\n{% if para[572 chars]\\r\\n'"
        },
        "traceback": [
          {
            "path": "tests\\test_cli.py",
            "lineno": 567,
            "message": "AssertionError"
          }
        ],
        "longrepr": "self = <tests.test_cli.CliTestCase testMethod=test_not_ignore_yield>\n\n    def test_not_ignore_yield(self):\n        docstrings = [\n            'def foo(arg1):',\n            '   for i in range(10):',\n            '       yield i',\n        ]\n    \n        template_path = os.path.join(\n            self.basepath,\n            'examples',\n        )\n        results = generate_docstrings(\n            docstrings,\n            template_path,\n            omissions=['self'],\n            ignore_exception=False,\n            ignore_yield=False,\n        )\n        expected_docstrings = [\n            [\n                '\"\"\"Summary of foo.',\n                '',\n                'Args:',\n                '    arg1',\n                '',\n                'Yields:',\n                '    i:',\n                '\"\"\"',\n            ],\n        ]\n>       self.assertEqual(\n            '\\n'.join(expected_docstrings[0]),\n            results[0]['docstring'],\n        )\nE       AssertionError: '\"\"\"Summary of foo.\\n\\nArgs:\\n    arg1\\n\\[17 chars]n\"\"\"' != b'\"\"\"Summary of {{ name }}.\\r\\n{% if para[572 chars]\\r\\n'\n\ntests\\test_cli.py:567: AssertionError"
      },
      "teardown": {
        "outcome": "passed"
      }
    },
    {
      "nodeid": "tests/test_cli.py::CliTestCase::test_omit_one",
      "lineno": 409,
      "outcome": "failed",
      "keywords": [
        "test_omit_one",
        "CliTestCase",
        "test_cli.py",
        "tests",
        "heavenshell@py-doq__75acafb9__jinja2__mako",
        ""
      ],
      "setup": {
        "outcome": "passed"
      },
      "call": {
        "outcome": "failed",
        "crash": {
          "path": "C:\\Users\\Mohay\\AppData\\Local\\Programs\\Python\\Python312\\Lib\\unittest\\case.py",
          "lineno": 878,
          "message": "AssertionError: '\"\"\"foo.\\n\\n:param arg1:\\n\"\"\"' != b'\"\"\"{{ name }}.\\r\\n\\r\\n{% for p in param[215 chars]\\r\\n'"
        },
        "traceback": [
          {
            "path": "tests\\test_cli.py",
            "lineno": 438,
            "message": "AssertionError"
          }
        ],
        "longrepr": "self = <tests.test_cli.CliTestCase testMethod=test_omit_one>\n\n    def test_omit_one(self):\n        docstrings = [\n            'def foo(self, arg1):',\n            '   \"\"\"foo.',\n            '',\n            '   :param arg1',\n            '   pass',\n        ]\n    \n        template_path = os.path.join(\n            self.basepath,\n            'doq',\n            'templates',\n            'sphinx',\n        )\n        results = generate_docstrings(\n            docstrings,\n            template_path,\n            omissions=['self'],\n        )\n        expected_docstrings = [\n            [\n                '\"\"\"foo.',\n                '',\n                ':param arg1:',\n                '\"\"\"',\n            ],\n        ]\n>       self.assertEqual(\n            '\\n'.join(expected_docstrings[0]),\n            results[0]['docstring'],\n        )\nE       AssertionError: '\"\"\"foo.\\n\\n:param arg1:\\n\"\"\"' != b'\"\"\"{{ name }}.\\r\\n\\r\\n{% for p in param[215 chars]\\r\\n'\n\ntests\\test_cli.py:438: AssertionError"
      },
      "teardown": {
        "outcome": "passed"
      }
    },
    {
      "nodeid": "tests/test_cli.py::CliTestCase::test_omit_two",
      "lineno": 446,
      "outcome": "failed",
      "keywords": [
        "test_omit_two",
        "CliTestCase",
        "test_cli.py",
        "tests",
        "heavenshell@py-doq__75acafb9__jinja2__mako",
        ""
      ],
      "setup": {
        "outcome": "passed"
      },
      "call": {
        "outcome": "failed",
        "crash": {
          "path": "C:\\Users\\Mohay\\AppData\\Local\\Programs\\Python\\Python312\\Lib\\unittest\\case.py",
          "lineno": 878,
          "message": "AssertionError: '\"\"\"foo.\\n\\n:param arg1:\\n\"\"\"' != b'\"\"\"{{ name }}.\\r\\n\\r\\n{% for p in param[215 chars]\\r\\n'"
        },
        "traceback": [
          {
            "path": "tests\\test_cli.py",
            "lineno": 483,
            "message": "AssertionError"
          }
        ],
        "longrepr": "self = <tests.test_cli.CliTestCase testMethod=test_omit_two>\n\n    def test_omit_two(self):\n        docstrings = [\n            'def foo(self, arg1):',\n            '   pass',\n            '',\n            '',\n            'def bar(cls, arg1):',\n            '   pass',\n        ]\n    \n        template_path = os.path.join(\n            self.basepath,\n            'doq',\n            'templates',\n            'sphinx',\n        )\n        results = generate_docstrings(\n            docstrings,\n            template_path,\n            omissions=['self', 'cls'],\n        )\n    \n        expected_docstrings = [\n            [\n                '\"\"\"foo.',\n                '',\n                ':param arg1:',\n                '\"\"\"',\n            ],\n            [\n                '\"\"\"bar.',\n                '',\n                ':param arg1:',\n                '\"\"\"',\n            ],\n        ]\n>       self.assertEqual(\n            '\\n'.join(expected_docstrings[0]),\n            results[0]['docstring'],\n        )\nE       AssertionError: '\"\"\"foo.\\n\\n:param arg1:\\n\"\"\"' != b'\"\"\"{{ name }}.\\r\\n\\r\\n{% for p in param[215 chars]\\r\\n'\n\ntests\\test_cli.py:483: AssertionError"
      },
      "teardown": {
        "outcome": "passed"
      }
    },
    {
      "nodeid": "tests/test_cli.py::CliTestCase::test_output_with_google_style",
      "lineno": 91,
      "outcome": "failed",
      "keywords": [
        "test_output_with_google_style",
        "CliTestCase",
        "test_cli.py",
        "tests",
        "heavenshell@py-doq__75acafb9__jinja2__mako",
        ""
      ],
      "setup": {
        "outcome": "passed"
      },
      "call": {
        "outcome": "failed",
        "crash": {
          "path": "D:\\repos\\heavenshell@py-doq__75acafb9__jinja2__mako\\doq\\outputter.py",
          "lineno": 39,
          "message": "TypeError: a bytes-like object is required, not 'str'"
        },
        "traceback": [
          {
            "path": "tests\\test_cli.py",
            "lineno": 114,
            "message": ""
          },
          {
            "path": "doq\\cli.py",
            "lineno": 231,
            "message": "in run"
          },
          {
            "path": "doq\\outputter.py",
            "lineno": 39,
            "message": "TypeError"
          }
        ],
        "longrepr": "self = <tests.test_cli.CliTestCase testMethod=test_output_with_google_style>\n\n    def test_output_with_google_style(self):\n        expected_path = os.path.join(self.basepath, 'tests', 'expected', 'google')\n    \n        for file in self.files:\n            with open(os.path.join(self.fixtures_path, file)) as f:\n                args = argparse.Namespace(\n                    file=f,\n                    start=1,\n                    end=0,\n                    template_path=None,\n                    formatter='google',\n                    style='string',\n                    indent=4,\n                    recursive=False,\n                    write=False,\n                    omit=None,\n                    ignore_exception=False,\n                    ignore_yield=False,\n                    ignore_init=False,\n                    config=None,\n                )\n                with patch('doq.cli.sys.stdout', new_callable=StringIO) as p:\n>                   run(args)\n\ntests\\test_cli.py:114: \n_ _ _ _ _ _ _ _ _ _ _ _ _ _ _ _ _ _ _ _ _ _ _ _ _ _ _ _ _ _ _ _ _ _ _ _ _ _ _ _\ndoq\\cli.py:231: in run\n    output = outputter.format(\n_ _ _ _ _ _ _ _ _ _ _ _ _ _ _ _ _ _ _ _ _ _ _ _ _ _ _ _ _ _ _ _ _ _ _ _ _ _ _ _\n\nself = <doq.outputter.StringOutptter object at 0x0000014CAF0C0DD0>\nlines = ['async def foo(arg1, arg2):', '    pass', '', '', 'def bar(arg1):', '    async def baz(arg2):', ...]\ndocstrings = [{'docstring': b'\"\"\"{{ name }}.\\r\\n\\r\\nArgs:\\r\\n{%- for p in params %}\\r\\n    {{ p.argument }}{% if p.annotation %} ({...\\nReturns:\\r\\n    {{ return_type }}:\\r\\n{% endif -%}\\r\\n\"\"\"\\r\\n', 'end_col': 4, 'end_lineno': 12, 'start_col': 4, ...}]\nindent = 4\n\n    def format(self, lines, docstrings, indent=None):\n        for d in reversed(docstrings):\n            col = d['start_col'] + indent\n            ret = []\n>           for line in d['docstring'].split('\\n'):\nE           TypeError: a bytes-like object is required, not 'str'\n\ndoq\\outputter.py:39: TypeError"
      },
      "teardown": {
        "outcome": "passed"
      }
    },
    {
      "nodeid": "tests/test_cli.py::CliTestCase::test_output_with_numpy_style",
      "lineno": 144,
      "outcome": "failed",
      "keywords": [
        "test_output_with_numpy_style",
        "CliTestCase",
        "test_cli.py",
        "tests",
        "heavenshell@py-doq__75acafb9__jinja2__mako",
        ""
      ],
      "setup": {
        "outcome": "passed"
      },
      "call": {
        "outcome": "failed",
        "crash": {
          "path": "D:\\repos\\heavenshell@py-doq__75acafb9__jinja2__mako\\doq\\outputter.py",
          "lineno": 39,
          "message": "TypeError: a bytes-like object is required, not 'str'"
        },
        "traceback": [
          {
            "path": "tests\\test_cli.py",
            "lineno": 167,
            "message": ""
          },
          {
            "path": "doq\\cli.py",
            "lineno": 231,
            "message": "in run"
          },
          {
            "path": "doq\\outputter.py",
            "lineno": 39,
            "message": "TypeError"
          }
        ],
        "longrepr": "self = <tests.test_cli.CliTestCase testMethod=test_output_with_numpy_style>\n\n    def test_output_with_numpy_style(self):\n        expected_path = os.path.join(self.basepath, 'tests', 'expected', 'numpy')\n    \n        for file in self.files:\n            with open(os.path.join(self.fixtures_path, file)) as f:\n                args = argparse.Namespace(\n                    file=f,\n                    start=1,\n                    end=0,\n                    template_path=None,\n                    formatter='numpy',\n                    style='string',\n                    indent=4,\n                    recursive=False,\n                    write=False,\n                    omit=None,\n                    ignore_exception=False,\n                    ignore_yield=False,\n                    ignore_init=False,\n                    config=None,\n                )\n                with patch('doq.cli.sys.stdout', new_callable=StringIO) as p:\n>                   run(args)\n\ntests\\test_cli.py:167: \n_ _ _ _ _ _ _ _ _ _ _ _ _ _ _ _ _ _ _ _ _ _ _ _ _ _ _ _ _ _ _ _ _ _ _ _ _ _ _ _\ndoq\\cli.py:231: in run\n    output = outputter.format(\n_ _ _ _ _ _ _ _ _ _ _ _ _ _ _ _ _ _ _ _ _ _ _ _ _ _ _ _ _ _ _ _ _ _ _ _ _ _ _ _\n\nself = <doq.outputter.StringOutptter object at 0x0000014CAF1663C0>\nlines = ['async def foo(arg1, arg2):', '    pass', '', '', 'def bar(arg1):', '    async def baz(arg2):', ...]\ndocstrings = [{'docstring': b'\"\"\"{{ name }}.\\r\\n\\r\\nParameters\\r\\n----------\\r\\n{% for p in params -%}\\r\\n{{ p.argument }} :{% if p...\\r\\n-------\\r\\n{{ return_type }}\\r\\n\\r\\n{% endif -%}\\r\\n\"\"\"\\r\\n', 'end_col': 4, 'end_lineno': 12, 'start_col': 4, ...}]\nindent = 4\n\n    def format(self, lines, docstrings, indent=None):\n        for d in reversed(docstrings):\n            col = d['start_col'] + indent\n            ret = []\n>           for line in d['docstring'].split('\\n'):\nE           TypeError: a bytes-like object is required, not 'str'\n\ndoq\\outputter.py:39: TypeError"
      },
      "teardown": {
        "outcome": "passed"
      }
    },
    {
      "nodeid": "tests/test_cli.py::CliTestCase::test_output_with_sphinx_style",
      "lineno": 39,
      "outcome": "failed",
      "keywords": [
        "test_output_with_sphinx_style",
        "CliTestCase",
        "test_cli.py",
        "tests",
        "heavenshell@py-doq__75acafb9__jinja2__mako",
        ""
      ],
      "setup": {
        "outcome": "passed"
      },
      "call": {
        "outcome": "failed",
        "crash": {
          "path": "D:\\repos\\heavenshell@py-doq__75acafb9__jinja2__mako\\doq\\outputter.py",
          "lineno": 39,
          "message": "TypeError: a bytes-like object is required, not 'str'"
        },
        "traceback": [
          {
            "path": "tests\\test_cli.py",
            "lineno": 61,
            "message": ""
          },
          {
            "path": "doq\\cli.py",
            "lineno": 231,
            "message": "in run"
          },
          {
            "path": "doq\\outputter.py",
            "lineno": 39,
            "message": "TypeError"
          }
        ],
        "longrepr": "self = <tests.test_cli.CliTestCase testMethod=test_output_with_sphinx_style>\n\n    def test_output_with_sphinx_style(self):\n        expected_path = os.path.join(self.basepath, 'tests', 'expected', 'sphinx')\n        for file in self.files:\n            with open(os.path.join(self.fixtures_path, file)) as f:\n                args = argparse.Namespace(\n                    file=f,\n                    start=1,\n                    end=0,\n                    template_path=None,\n                    formatter='sphinx',\n                    style='string',\n                    indent=4,\n                    recursive=False,\n                    write=False,\n                    omit=None,\n                    ignore_exception=False,\n                    ignore_yield=False,\n                    ignore_init=False,\n                    config=None,\n                )\n                with patch('doq.cli.sys.stdout', new_callable=StringIO) as p:\n>                   run(args)\n\ntests\\test_cli.py:61: \n_ _ _ _ _ _ _ _ _ _ _ _ _ _ _ _ _ _ _ _ _ _ _ _ _ _ _ _ _ _ _ _ _ _ _ _ _ _ _ _\ndoq\\cli.py:231: in run\n    output = outputter.format(\n_ _ _ _ _ _ _ _ _ _ _ _ _ _ _ _ _ _ _ _ _ _ _ _ _ _ _ _ _ _ _ _ _ _ _ _ _ _ _ _\n\nself = <doq.outputter.StringOutptter object at 0x0000014CAF165280>\nlines = ['async def foo(arg1, arg2):', '    pass', '', '', 'def bar(arg1):', '    async def baz(arg2):', ...]\ndocstrings = [{'docstring': b'\"\"\"{{ name }}.\\r\\n\\r\\n{% for p in params -%}\\r\\n:param {{ p.argument }}:\\r\\n{% if p.annotation -%}\\r\\...ype -%}\\r\\n:rtype: {{ return_type }}\\r\\n{% endif -%}\\r\\n\"\"\"\\r\\n', 'end_col': 4, 'end_lineno': 12, 'start_col': 4, ...}]\nindent = 4\n\n    def format(self, lines, docstrings, indent=None):\n        for d in reversed(docstrings):\n            col = d['start_col'] + indent\n            ret = []\n>           for line in d['docstring'].split('\\n'):\nE           TypeError: a bytes-like object is required, not 'str'\n\ndoq\\outputter.py:39: TypeError"
      },
      "teardown": {
        "outcome": "passed"
      }
    },
    {
      "nodeid": "tests/test_cli.py::CliTestCase::test_run_with_classes",
      "lineno": 307,
      "outcome": "failed",
      "keywords": [
        "test_run_with_classes",
        "CliTestCase",
        "test_cli.py",
        "tests",
        "heavenshell@py-doq__75acafb9__jinja2__mako",
        ""
      ],
      "setup": {
        "outcome": "passed"
      },
      "call": {
        "outcome": "failed",
        "crash": {
          "path": "C:\\Users\\Mohay\\AppData\\Local\\Programs\\Python\\Python312\\Lib\\unittest\\case.py",
          "lineno": 878,
          "message": "AssertionError: '\"\"\"Foo.\"\"\"\\n' != b'\"\"\"{{ name }}.\"\"\"\\r\\n\\r\\n'"
        },
        "traceback": [
          {
            "path": "tests\\test_cli.py",
            "lineno": 368,
            "message": "AssertionError"
          }
        ],
        "longrepr": "self = <tests.test_cli.CliTestCase testMethod=test_run_with_classes>\n\n    def test_run_with_classes(self):\n        docstrings = [\n            'class Foo:',\n            '   def foo(arg1):',\n            '       pass',\n            '',\n            '',\n            'class Bar:',\n            '   def bar(arg1, arg2):',\n            '      pass',\n        ]\n        template_path = os.path.join(\n            self.basepath,\n            'doq',\n            'templates',\n            'sphinx',\n        )\n        expected = [\n            {\n                'docstring': ['\"\"\"Foo.\"\"\"', ''],\n                'start_col': 0,\n                'end_col': 0,\n                'start_lineno': 1,\n                'end_lineno': 4,\n            },\n            {\n                'docstring': [\n                    '\"\"\"foo.',\n                    '',\n                    ':param arg1:',\n                    '\"\"\"',\n                ],\n                'start_col': 3,\n                'end_col': 3,\n                'start_lineno': 2,\n                'end_lineno': 4,\n            },\n            {\n                'docstring': ['\"\"\"Bar.\"\"\"', ''],\n                'start_col': 0,\n                'end_col': 10,\n                'start_lineno': 6,\n                'end_lineno': 8,\n            },\n            {\n                'docstring': [\n                    '\"\"\"bar.',\n                    '',\n                    ':param arg1:',\n                    ':param arg2:',\n                    '\"\"\"',\n                ],\n                'start_col': 3,\n                'end_col': 3,\n                'start_lineno': 7,\n                'end_lineno': 8,\n            },\n        ]\n        results = generate_docstrings(docstrings, template_path)\n        for k, v in enumerate(results):\n>           self.assertEqual(\n                '\\n'.join(expected[k]['docstring']),\n                v['docstring'],\n            )\nE           AssertionError: '\"\"\"Foo.\"\"\"\\n' != b'\"\"\"{{ name }}.\"\"\"\\r\\n\\r\\n'\n\ntests\\test_cli.py:368: AssertionError"
      },
      "teardown": {
        "outcome": "passed"
      }
    },
    {
      "nodeid": "tests/test_cli.py::CliTestCase::test_run_with_defs",
      "lineno": 258,
      "outcome": "failed",
      "keywords": [
        "test_run_with_defs",
        "CliTestCase",
        "test_cli.py",
        "tests",
        "heavenshell@py-doq__75acafb9__jinja2__mako",
        ""
      ],
      "setup": {
        "outcome": "passed"
      },
      "call": {
        "outcome": "failed",
        "crash": {
          "path": "C:\\Users\\Mohay\\AppData\\Local\\Programs\\Python\\Python312\\Lib\\unittest\\case.py",
          "lineno": 878,
          "message": "AssertionError: '\"\"\"foo.\\n\\n:param arg1:\\n\"\"\"' != b'\"\"\"{{ name }}.\\r\\n\\r\\n{% for p in param[215 chars]\\r\\n'"
        },
        "traceback": [
          {
            "path": "tests\\test_cli.py",
            "lineno": 291,
            "message": "AssertionError"
          }
        ],
        "longrepr": "self = <tests.test_cli.CliTestCase testMethod=test_run_with_defs>\n\n    def test_run_with_defs(self):\n        docstrings = [\n            'def foo(arg1):',\n            '   pass',\n            '',\n            '',\n            'def bar(arg1, arg2):',\n            '   pass',\n        ]\n        template_path = os.path.join(\n            self.basepath,\n            'doq',\n            'templates',\n            'sphinx',\n        )\n    \n        expected_docstrings = [\n            [\n                '\"\"\"foo.',\n                '',\n                ':param arg1:',\n                '\"\"\"',\n            ],\n            [\n                '\"\"\"bar.',\n                '',\n                ':param arg1:',\n                ':param arg2:',\n                '\"\"\"',\n            ],\n        ]\n        results = generate_docstrings(docstrings, template_path)\n>       self.assertEqual(\n            '\\n'.join(expected_docstrings[0]),\n            results[0]['docstring'],\n        )\nE       AssertionError: '\"\"\"foo.\\n\\n:param arg1:\\n\"\"\"' != b'\"\"\"{{ name }}.\\r\\n\\r\\n{% for p in param[215 chars]\\r\\n'\n\ntests\\test_cli.py:291: AssertionError"
      },
      "teardown": {
        "outcome": "passed"
      }
    },
    {
      "nodeid": "tests/test_config.py::ConfigSetupCfgTestCase::test_find_config",
      "lineno": 64,
      "outcome": "passed",
      "keywords": [
        "test_find_config",
        "ConfigSetupCfgTestCase",
        "test_config.py",
        "tests",
        "heavenshell@py-doq__75acafb9__jinja2__mako",
        ""
      ],
      "setup": {
        "outcome": "passed"
      },
      "call": {
        "outcome": "passed"
      },
      "teardown": {
        "outcome": "passed"
      }
    },
    {
      "nodeid": "tests/test_config.py::ConfigSetupCfgTestCase::test_find_config_not_found",
      "lineno": 90,
      "outcome": "passed",
      "keywords": [
        "test_find_config_not_found",
        "ConfigSetupCfgTestCase",
        "test_config.py",
        "tests",
        "heavenshell@py-doq__75acafb9__jinja2__mako",
        ""
      ],
      "setup": {
        "outcome": "passed"
      },
      "call": {
        "outcome": "passed"
      },
      "teardown": {
        "outcome": "passed"
      }
    },
    {
      "nodeid": "tests/test_config.py::ConfigSetupCfgTestCase::test_find_setupcfg",
      "lineno": 21,
      "outcome": "passed",
      "keywords": [
        "test_find_setupcfg",
        "ConfigSetupCfgTestCase",
        "test_config.py",
        "tests",
        "heavenshell@py-doq__75acafb9__jinja2__mako",
        ""
      ],
      "setup": {
        "outcome": "passed"
      },
      "call": {
        "outcome": "passed"
      },
      "teardown": {
        "outcome": "passed"
      }
    },
    {
      "nodeid": "tests/test_config.py::ConfigSetupCfgTestCase::test_get_config_from_setup_cfg",
      "lineno": 39,
      "outcome": "passed",
      "keywords": [
        "test_get_config_from_setup_cfg",
        "ConfigSetupCfgTestCase",
        "test_config.py",
        "tests",
        "heavenshell@py-doq__75acafb9__jinja2__mako",
        ""
      ],
      "setup": {
        "outcome": "passed"
      },
      "call": {
        "outcome": "passed"
      },
      "teardown": {
        "outcome": "passed"
      }
    },
    {
      "nodeid": "tests/test_config.py::ConfigSetupCfgTestCase::test_not_read_setupcfg",
      "lineno": 35,
      "outcome": "passed",
      "keywords": [
        "test_not_read_setupcfg",
        "ConfigSetupCfgTestCase",
        "test_config.py",
        "tests",
        "heavenshell@py-doq__75acafb9__jinja2__mako",
        ""
      ],
      "setup": {
        "outcome": "passed"
      },
      "call": {
        "outcome": "passed"
      },
      "teardown": {
        "outcome": "passed"
      }
    },
    {
      "nodeid": "tests/test_config.py::ConfigSetupCfgTestCase::test_read_setupcfg",
      "lineno": 29,
      "outcome": "passed",
      "keywords": [
        "test_read_setupcfg",
        "ConfigSetupCfgTestCase",
        "test_config.py",
        "tests",
        "heavenshell@py-doq__75acafb9__jinja2__mako",
        ""
      ],
      "setup": {
        "outcome": "passed"
      },
      "call": {
        "outcome": "passed"
      },
      "teardown": {
        "outcome": "passed"
      }
    },
    {
      "nodeid": "tests/test_config.py::ConfigPyprojectTomlTestCase::test_find_config",
      "lineno": 140,
      "outcome": "passed",
      "keywords": [
        "test_find_config",
        "ConfigPyprojectTomlTestCase",
        "test_config.py",
        "tests",
        "heavenshell@py-doq__75acafb9__jinja2__mako",
        ""
      ],
      "setup": {
        "outcome": "passed"
      },
      "call": {
        "outcome": "passed"
      },
      "teardown": {
        "outcome": "passed"
      }
    },
    {
      "nodeid": "tests/test_config.py::ConfigPyprojectTomlTestCase::test_find_pyproject_toml",
      "lineno": 126,
      "outcome": "passed",
      "keywords": [
        "test_find_pyproject_toml",
        "ConfigPyprojectTomlTestCase",
        "test_config.py",
        "tests",
        "heavenshell@py-doq__75acafb9__jinja2__mako",
        ""
      ],
      "setup": {
        "outcome": "passed"
      },
      "call": {
        "outcome": "passed"
      },
      "teardown": {
        "outcome": "passed"
      }
    },
    {
      "nodeid": "tests/test_config.py::ConfigPyprojectTomlTestCase::test_read_pyproject_toml",
      "lineno": 135,
      "outcome": "passed",
      "keywords": [
        "test_read_pyproject_toml",
        "ConfigPyprojectTomlTestCase",
        "test_config.py",
        "tests",
        "heavenshell@py-doq__75acafb9__jinja2__mako",
        ""
      ],
      "setup": {
        "outcome": "passed"
      },
      "call": {
        "outcome": "passed"
      },
      "teardown": {
        "outcome": "passed"
      }
    },
    {
      "nodeid": "tests/test_outputter.py::StringOutptterTestCase::test_multi_lines",
      "lineno": 35,
      "outcome": "passed",
      "keywords": [
        "test_multi_lines",
        "StringOutptterTestCase",
        "test_outputter.py",
        "tests",
        "heavenshell@py-doq__75acafb9__jinja2__mako",
        ""
      ],
      "setup": {
        "outcome": "passed"
      },
      "call": {
        "outcome": "passed"
      },
      "teardown": {
        "outcome": "passed"
      }
    },
    {
      "nodeid": "tests/test_outputter.py::StringOutptterTestCase::test_multi_lines_with_return_type",
      "lineno": 144,
      "outcome": "passed",
      "keywords": [
        "test_multi_lines_with_return_type",
        "StringOutptterTestCase",
        "test_outputter.py",
        "tests",
        "heavenshell@py-doq__75acafb9__jinja2__mako",
        ""
      ],
      "setup": {
        "outcome": "passed"
      },
      "call": {
        "outcome": "passed"
      },
      "teardown": {
        "outcome": "passed"
      }
    },
    {
      "nodeid": "tests/test_outputter.py::StringOutptterTestCase::test_multi_lines_with_space",
      "lineno": 73,
      "outcome": "passed",
      "keywords": [
        "test_multi_lines_with_space",
        "StringOutptterTestCase",
        "test_outputter.py",
        "tests",
        "heavenshell@py-doq__75acafb9__jinja2__mako",
        ""
      ],
      "setup": {
        "outcome": "passed"
      },
      "call": {
        "outcome": "passed"
      },
      "teardown": {
        "outcome": "passed"
      }
    },
    {
      "nodeid": "tests/test_outputter.py::StringOutptterTestCase::test_multi_lines_with_space_and_return_type",
      "lineno": 108,
      "outcome": "passed",
      "keywords": [
        "test_multi_lines_with_space_and_return_type",
        "StringOutptterTestCase",
        "test_outputter.py",
        "tests",
        "heavenshell@py-doq__75acafb9__jinja2__mako",
        ""
      ],
      "setup": {
        "outcome": "passed"
      },
      "call": {
        "outcome": "passed"
      },
      "teardown": {
        "outcome": "passed"
      }
    },
    {
      "nodeid": "tests/test_outputter.py::StringOutptterTestCase::test_multi_return_type",
      "lineno": 180,
      "outcome": "passed",
      "keywords": [
        "test_multi_return_type",
        "StringOutptterTestCase",
        "test_outputter.py",
        "tests",
        "heavenshell@py-doq__75acafb9__jinja2__mako",
        ""
      ],
      "setup": {
        "outcome": "passed"
      },
      "call": {
        "outcome": "passed"
      },
      "teardown": {
        "outcome": "passed"
      }
    },
    {
      "nodeid": "tests/test_outputter.py::StringOutptterTestCase::test_same_lines",
      "lineno": 10,
      "outcome": "passed",
      "keywords": [
        "test_same_lines",
        "StringOutptterTestCase",
        "test_outputter.py",
        "tests",
        "heavenshell@py-doq__75acafb9__jinja2__mako",
        ""
      ],
      "setup": {
        "outcome": "passed"
      },
      "call": {
        "outcome": "passed"
      },
      "teardown": {
        "outcome": "passed"
      }
    },
    {
      "nodeid": "tests/test_outputter.py::JSONOutptterTestCase::test_same_lines",
      "lineno": 216,
      "outcome": "passed",
      "keywords": [
        "test_same_lines",
        "JSONOutptterTestCase",
        "test_outputter.py",
        "tests",
        "heavenshell@py-doq__75acafb9__jinja2__mako",
        ""
      ],
      "setup": {
        "outcome": "passed"
      },
      "call": {
        "outcome": "passed"
      },
      "teardown": {
        "outcome": "passed"
      }
    },
    {
      "nodeid": "tests/test_parser.py::ParseTestCase::test_async_keyword",
      "lineno": 802,
      "outcome": "passed",
      "keywords": [
        "test_async_keyword",
        "ParseTestCase",
        "test_parser.py",
        "tests",
        "heavenshell@py-doq__75acafb9__jinja2__mako",
        ""
      ],
      "setup": {
        "outcome": "passed"
      },
      "call": {
        "outcome": "passed"
      },
      "teardown": {
        "outcome": "passed"
      }
    },
    {
      "nodeid": "tests/test_parser.py::ParseTestCase::test_async_keyword_with_class",
      "lineno": 828,
      "outcome": "passed",
      "keywords": [
        "test_async_keyword_with_class",
        "ParseTestCase",
        "test_parser.py",
        "tests",
        "heavenshell@py-doq__75acafb9__jinja2__mako",
        ""
      ],
      "setup": {
        "outcome": "passed"
      },
      "call": {
        "outcome": "passed"
      },
      "teardown": {
        "outcome": "passed"
      }
    },
    {
      "nodeid": "tests/test_parser.py::ParseTestCase::test_bare_raise",
      "lineno": 867,
      "outcome": "passed",
      "keywords": [
        "test_bare_raise",
        "ParseTestCase",
        "test_parser.py",
        "tests",
        "heavenshell@py-doq__75acafb9__jinja2__mako",
        ""
      ],
      "setup": {
        "outcome": "passed"
      },
      "call": {
        "outcome": "passed"
      },
      "teardown": {
        "outcome": "passed"
      }
    },
    {
      "nodeid": "tests/test_parser.py::ParseTestCase::test_doc_exists",
      "lineno": 771,
      "outcome": "passed",
      "keywords": [
        "test_doc_exists",
        "ParseTestCase",
        "test_parser.py",
        "tests",
        "heavenshell@py-doq__75acafb9__jinja2__mako",
        ""
      ],
      "setup": {
        "outcome": "passed"
      },
      "call": {
        "outcome": "passed"
      },
      "teardown": {
        "outcome": "passed"
      }
    },
    {
      "nodeid": "tests/test_parser.py::ParseTestCase::test_with_args",
      "lineno": 126,
      "outcome": "passed",
      "keywords": [
        "test_with_args",
        "ParseTestCase",
        "test_parser.py",
        "tests",
        "heavenshell@py-doq__75acafb9__jinja2__mako",
        ""
      ],
      "setup": {
        "outcome": "passed"
      },
      "call": {
        "outcome": "passed"
      },
      "teardown": {
        "outcome": "passed"
      }
    },
    {
      "nodeid": "tests/test_parser.py::ParseTestCase::test_with_args_and_kwargs",
      "lineno": 202,
      "outcome": "passed",
      "keywords": [
        "test_with_args_and_kwargs",
        "ParseTestCase",
        "test_parser.py",
        "tests",
        "heavenshell@py-doq__75acafb9__jinja2__mako",
        ""
      ],
      "setup": {
        "outcome": "passed"
      },
      "call": {
        "outcome": "passed"
      },
      "teardown": {
        "outcome": "passed"
      }
    },
    {
      "nodeid": "tests/test_parser.py::ParseTestCase::test_with_class",
      "lineno": 577,
      "outcome": "passed",
      "keywords": [
        "test_with_class",
        "ParseTestCase",
        "test_parser.py",
        "tests",
        "heavenshell@py-doq__75acafb9__jinja2__mako",
        ""
      ],
      "setup": {
        "outcome": "passed"
      },
      "call": {
        "outcome": "passed"
      },
      "teardown": {
        "outcome": "passed"
      }
    },
    {
      "nodeid": "tests/test_parser.py::ParseTestCase::test_with_classes",
      "lineno": 642,
      "outcome": "passed",
      "keywords": [
        "test_with_classes",
        "ParseTestCase",
        "test_parser.py",
        "tests",
        "heavenshell@py-doq__75acafb9__jinja2__mako",
        ""
      ],
      "setup": {
        "outcome": "passed"
      },
      "call": {
        "outcome": "passed"
      },
      "teardown": {
        "outcome": "passed"
      }
    },
    {
      "nodeid": "tests/test_parser.py::ParseTestCase::test_with_defs",
      "lineno": 517,
      "outcome": "passed",
      "keywords": [
        "test_with_defs",
        "ParseTestCase",
        "test_parser.py",
        "tests",
        "heavenshell@py-doq__75acafb9__jinja2__mako",
        ""
      ],
      "setup": {
        "outcome": "passed"
      },
      "call": {
        "outcome": "passed"
      },
      "teardown": {
        "outcome": "passed"
      }
    },
    {
      "nodeid": "tests/test_parser.py::ParseTestCase::test_with_kwargs",
      "lineno": 149,
      "outcome": "passed",
      "keywords": [
        "test_with_kwargs",
        "ParseTestCase",
        "test_parser.py",
        "tests",
        "heavenshell@py-doq__75acafb9__jinja2__mako",
        ""
      ],
      "setup": {
        "outcome": "passed"
      },
      "call": {
        "outcome": "passed"
      },
      "teardown": {
        "outcome": "passed"
      }
    },
    {
      "nodeid": "tests/test_parser.py::ParseTestCase::test_with_one_argument",
      "lineno": 32,
      "outcome": "passed",
      "keywords": [
        "test_with_one_argument",
        "ParseTestCase",
        "test_parser.py",
        "tests",
        "heavenshell@py-doq__75acafb9__jinja2__mako",
        ""
      ],
      "setup": {
        "outcome": "passed"
      },
      "call": {
        "outcome": "passed"
      },
      "teardown": {
        "outcome": "passed"
      }
    },
    {
      "nodeid": "tests/test_parser.py::ParseTestCase::test_with_one_argument_and_annotaion",
      "lineno": 80,
      "outcome": "passed",
      "keywords": [
        "test_with_one_argument_and_annotaion",
        "ParseTestCase",
        "test_parser.py",
        "tests",
        "heavenshell@py-doq__75acafb9__jinja2__mako",
        ""
      ],
      "setup": {
        "outcome": "passed"
      },
      "call": {
        "outcome": "passed"
      },
      "teardown": {
        "outcome": "passed"
      }
    },
    {
      "nodeid": "tests/test_parser.py::ParseTestCase::test_with_one_argument_and_default",
      "lineno": 56,
      "outcome": "passed",
      "keywords": [
        "test_with_one_argument_and_default",
        "ParseTestCase",
        "test_parser.py",
        "tests",
        "heavenshell@py-doq__75acafb9__jinja2__mako",
        ""
      ],
      "setup": {
        "outcome": "passed"
      },
      "call": {
        "outcome": "passed"
      },
      "teardown": {
        "outcome": "passed"
      }
    },
    {
      "nodeid": "tests/test_parser.py::ParseTestCase::test_with_one_argument_annotaion_and_default",
      "lineno": 103,
      "outcome": "passed",
      "keywords": [
        "test_with_one_argument_annotaion_and_default",
        "ParseTestCase",
        "test_parser.py",
        "tests",
        "heavenshell@py-doq__75acafb9__jinja2__mako",
        ""
      ],
      "setup": {
        "outcome": "passed"
      },
      "call": {
        "outcome": "passed"
      },
      "teardown": {
        "outcome": "passed"
      }
    },
    {
      "nodeid": "tests/test_parser.py::ParseTestCase::test_with_return_multi_line_type",
      "lineno": 486,
      "outcome": "passed",
      "keywords": [
        "test_with_return_multi_line_type",
        "ParseTestCase",
        "test_parser.py",
        "tests",
        "heavenshell@py-doq__75acafb9__jinja2__mako",
        ""
      ],
      "setup": {
        "outcome": "passed"
      },
      "call": {
        "outcome": "passed"
      },
      "teardown": {
        "outcome": "passed"
      }
    },
    {
      "nodeid": "tests/test_parser.py::ParseTestCase::test_with_return_type",
      "lineno": 461,
      "outcome": "passed",
      "keywords": [
        "test_with_return_type",
        "ParseTestCase",
        "test_parser.py",
        "tests",
        "heavenshell@py-doq__75acafb9__jinja2__mako",
        ""
      ],
      "setup": {
        "outcome": "passed"
      },
      "call": {
        "outcome": "passed"
      },
      "teardown": {
        "outcome": "passed"
      }
    },
    {
      "nodeid": "tests/test_parser.py::ParseTestCase::test_with_two_arguments",
      "lineno": 172,
      "outcome": "passed",
      "keywords": [
        "test_with_two_arguments",
        "ParseTestCase",
        "test_parser.py",
        "tests",
        "heavenshell@py-doq__75acafb9__jinja2__mako",
        ""
      ],
      "setup": {
        "outcome": "passed"
      },
      "call": {
        "outcome": "passed"
      },
      "teardown": {
        "outcome": "passed"
      }
    },
    {
      "nodeid": "tests/test_parser.py::ParseTestCase::test_with_two_arguments_with_annotation",
      "lineno": 290,
      "outcome": "passed",
      "keywords": [
        "test_with_two_arguments_with_annotation",
        "ParseTestCase",
        "test_parser.py",
        "tests",
        "heavenshell@py-doq__75acafb9__jinja2__mako",
        ""
      ],
      "setup": {
        "outcome": "passed"
      },
      "call": {
        "outcome": "passed"
      },
      "teardown": {
        "outcome": "passed"
      }
    },
    {
      "nodeid": "tests/test_parser.py::ParseTestCase::test_with_two_arguments_with_annotation_and_default",
      "lineno": 347,
      "outcome": "passed",
      "keywords": [
        "test_with_two_arguments_with_annotation_and_default",
        "ParseTestCase",
        "test_parser.py",
        "tests",
        "heavenshell@py-doq__75acafb9__jinja2__mako",
        ""
      ],
      "setup": {
        "outcome": "passed"
      },
      "call": {
        "outcome": "passed"
      },
      "teardown": {
        "outcome": "passed"
      }
    },
    {
      "nodeid": "tests/test_parser.py::ParseTestCase::test_with_two_arguments_with_asterisk",
      "lineno": 404,
      "outcome": "passed",
      "keywords": [
        "test_with_two_arguments_with_asterisk",
        "ParseTestCase",
        "test_parser.py",
        "tests",
        "heavenshell@py-doq__75acafb9__jinja2__mako",
        ""
      ],
      "setup": {
        "outcome": "passed"
      },
      "call": {
        "outcome": "passed"
      },
      "teardown": {
        "outcome": "passed"
      }
    },
    {
      "nodeid": "tests/test_parser.py::ParseTestCase::test_with_two_arguments_with_default",
      "lineno": 232,
      "outcome": "passed",
      "keywords": [
        "test_with_two_arguments_with_default",
        "ParseTestCase",
        "test_parser.py",
        "tests",
        "heavenshell@py-doq__75acafb9__jinja2__mako",
        ""
      ],
      "setup": {
        "outcome": "passed"
      },
      "call": {
        "outcome": "passed"
      },
      "teardown": {
        "outcome": "passed"
      }
    },
    {
      "nodeid": "tests/test_parser.py::ParseTestCase::test_without_argument",
      "lineno": 12,
      "outcome": "passed",
      "keywords": [
        "test_without_argument",
        "ParseTestCase",
        "test_parser.py",
        "tests",
        "heavenshell@py-doq__75acafb9__jinja2__mako",
        ""
      ],
      "setup": {
        "outcome": "passed"
      },
      "call": {
        "outcome": "passed"
      },
      "teardown": {
        "outcome": "passed"
      }
    },
    {
      "nodeid": "tests/test_parser.py::ReturnTypeTestCase::test_get_return_type_0_def_foo_arg_str_",
      "lineno": 895,
      "outcome": "passed",
      "keywords": [
        "test_get_return_type_0_def_foo_arg_str_",
        "place_as",
        "ReturnTypeTestCase",
        "test_parser.py",
        "tests",
        "heavenshell@py-doq__75acafb9__jinja2__mako",
        ""
      ],
      "setup": {
        "outcome": "passed"
      },
      "call": {
        "outcome": "passed"
      },
      "teardown": {
        "outcome": "passed"
      }
    },
    {
      "nodeid": "tests/test_parser.py::ReturnTypeTestCase::test_get_return_type_1_def_foo_arg_str_int_",
      "lineno": 895,
      "outcome": "passed",
      "keywords": [
        "test_get_return_type_1_def_foo_arg_str_int_",
        "place_as",
        "ReturnTypeTestCase",
        "test_parser.py",
        "tests",
        "heavenshell@py-doq__75acafb9__jinja2__mako",
        ""
      ],
      "setup": {
        "outcome": "passed"
      },
      "call": {
        "outcome": "passed"
      },
      "teardown": {
        "outcome": "passed"
      }
    },
    {
      "nodeid": "tests/test_parser.py::ReturnTypeTestCase::test_get_return_type_2_def_foo_arg_str_int_",
      "lineno": 895,
      "outcome": "passed",
      "keywords": [
        "test_get_return_type_2_def_foo_arg_str_int_",
        "place_as",
        "ReturnTypeTestCase",
        "test_parser.py",
        "tests",
        "heavenshell@py-doq__75acafb9__jinja2__mako",
        ""
      ],
      "setup": {
        "outcome": "passed"
      },
      "call": {
        "outcome": "passed"
      },
      "teardown": {
        "outcome": "passed"
      }
    },
    {
      "nodeid": "tests/test_parser.py::ReturnTypeTestCase::test_get_return_type_3_def_foo_arg_str_int_",
      "lineno": 895,
      "outcome": "passed",
      "keywords": [
        "test_get_return_type_3_def_foo_arg_str_int_",
        "place_as",
        "ReturnTypeTestCase",
        "test_parser.py",
        "tests",
        "heavenshell@py-doq__75acafb9__jinja2__mako",
        ""
      ],
      "setup": {
        "outcome": "passed"
      },
      "call": {
        "outcome": "passed"
      },
      "teardown": {
        "outcome": "passed"
      }
    },
    {
      "nodeid": "tests/test_parser.py::ReturnTypeTestCase::test_get_return_type_4_def_foo_arg_str_int_",
      "lineno": 895,
      "outcome": "passed",
      "keywords": [
        "test_get_return_type_4_def_foo_arg_str_int_",
        "place_as",
        "ReturnTypeTestCase",
        "test_parser.py",
        "tests",
        "heavenshell@py-doq__75acafb9__jinja2__mako",
        ""
      ],
      "setup": {
        "outcome": "passed"
      },
      "call": {
        "outcome": "passed"
      },
      "teardown": {
        "outcome": "passed"
      }
    },
    {
      "nodeid": "tests/test_parser.py::ReturnTypeTestCase::test_get_return_type_5_def_foo_arg_str_int_",
      "lineno": 895,
      "outcome": "passed",
      "keywords": [
        "test_get_return_type_5_def_foo_arg_str_int_",
        "place_as",
        "ReturnTypeTestCase",
        "test_parser.py",
        "tests",
        "heavenshell@py-doq__75acafb9__jinja2__mako",
        ""
      ],
      "setup": {
        "outcome": "passed"
      },
      "call": {
        "outcome": "passed"
      },
      "teardown": {
        "outcome": "passed"
      }
    },
    {
      "nodeid": "tests/test_parser.py::ReturnTypeTestCase::test_get_return_type_6_def_foo_arg_str_int_",
      "lineno": 895,
      "outcome": "passed",
      "keywords": [
        "test_get_return_type_6_def_foo_arg_str_int_",
        "place_as",
        "ReturnTypeTestCase",
        "test_parser.py",
        "tests",
        "heavenshell@py-doq__75acafb9__jinja2__mako",
        ""
      ],
      "setup": {
        "outcome": "passed"
      },
      "call": {
        "outcome": "passed"
      },
      "teardown": {
        "outcome": "passed"
      }
    },
    {
      "nodeid": "tests/test_parser.py::ReturnTypeTestCase::test_get_return_type_7_def_foo_arg_str_int_",
      "lineno": 895,
      "outcome": "passed",
      "keywords": [
        "test_get_return_type_7_def_foo_arg_str_int_",
        "place_as",
        "ReturnTypeTestCase",
        "test_parser.py",
        "tests",
        "heavenshell@py-doq__75acafb9__jinja2__mako",
        ""
      ],
      "setup": {
        "outcome": "passed"
      },
      "call": {
        "outcome": "passed"
      },
      "teardown": {
        "outcome": "passed"
      }
    },
    {
      "nodeid": "tests/test_parser.py::ReturnTypeTestCase::test_get_return_type_8_def_foo_arg_str_int_",
      "lineno": 895,
      "outcome": "passed",
      "keywords": [
        "test_get_return_type_8_def_foo_arg_str_int_",
        "place_as",
        "ReturnTypeTestCase",
        "test_parser.py",
        "tests",
        "heavenshell@py-doq__75acafb9__jinja2__mako",
        ""
      ],
      "setup": {
        "outcome": "passed"
      },
      "call": {
        "outcome": "passed"
      },
      "teardown": {
        "outcome": "passed"
      }
    },
    {
      "nodeid": "tests/test_parser.py::ReturnTypeTestCase::test_get_return_type_9_def_foo_arg_str_int_",
      "lineno": 895,
      "outcome": "passed",
      "keywords": [
        "test_get_return_type_9_def_foo_arg_str_int_",
        "place_as",
        "ReturnTypeTestCase",
        "test_parser.py",
        "tests",
        "heavenshell@py-doq__75acafb9__jinja2__mako",
        ""
      ],
      "setup": {
        "outcome": "passed"
      },
      "call": {
        "outcome": "passed"
      },
      "teardown": {
        "outcome": "passed"
      }
    },
    {
      "nodeid": "tests/test_parser.py::ReturnTypeTestCase::test_parse_return_type_0_def_foo_arg_str_",
      "lineno": 919,
      "outcome": "passed",
      "keywords": [
        "test_parse_return_type_0_def_foo_arg_str_",
        "place_as",
        "ReturnTypeTestCase",
        "test_parser.py",
        "tests",
        "heavenshell@py-doq__75acafb9__jinja2__mako",
        ""
      ],
      "setup": {
        "outcome": "passed"
      },
      "call": {
        "outcome": "passed"
      },
      "teardown": {
        "outcome": "passed"
      }
    },
    {
      "nodeid": "tests/test_parser.py::ReturnTypeTestCase::test_parse_return_type_1_def_foo_arg_str_int_",
      "lineno": 919,
      "outcome": "passed",
      "keywords": [
        "test_parse_return_type_1_def_foo_arg_str_int_",
        "place_as",
        "ReturnTypeTestCase",
        "test_parser.py",
        "tests",
        "heavenshell@py-doq__75acafb9__jinja2__mako",
        ""
      ],
      "setup": {
        "outcome": "passed"
      },
      "call": {
        "outcome": "passed"
      },
      "teardown": {
        "outcome": "passed"
      }
    },
    {
      "nodeid": "tests/test_parser.py::ReturnTypeTestCase::test_parse_return_type_2_def_foo_arg_str_int_",
      "lineno": 919,
      "outcome": "passed",
      "keywords": [
        "test_parse_return_type_2_def_foo_arg_str_int_",
        "place_as",
        "ReturnTypeTestCase",
        "test_parser.py",
        "tests",
        "heavenshell@py-doq__75acafb9__jinja2__mako",
        ""
      ],
      "setup": {
        "outcome": "passed"
      },
      "call": {
        "outcome": "passed"
      },
      "teardown": {
        "outcome": "passed"
      }
    },
    {
      "nodeid": "tests/test_parser.py::ReturnTypeTestCase::test_parse_return_type_3_def_foo_arg_str_int_",
      "lineno": 919,
      "outcome": "passed",
      "keywords": [
        "test_parse_return_type_3_def_foo_arg_str_int_",
        "place_as",
        "ReturnTypeTestCase",
        "test_parser.py",
        "tests",
        "heavenshell@py-doq__75acafb9__jinja2__mako",
        ""
      ],
      "setup": {
        "outcome": "passed"
      },
      "call": {
        "outcome": "passed"
      },
      "teardown": {
        "outcome": "passed"
      }
    },
    {
      "nodeid": "tests/test_parser.py::ReturnTypeTestCase::test_parse_return_type_4_def_foo_arg_str_int_",
      "lineno": 919,
      "outcome": "passed",
      "keywords": [
        "test_parse_return_type_4_def_foo_arg_str_int_",
        "place_as",
        "ReturnTypeTestCase",
        "test_parser.py",
        "tests",
        "heavenshell@py-doq__75acafb9__jinja2__mako",
        ""
      ],
      "setup": {
        "outcome": "passed"
      },
      "call": {
        "outcome": "passed"
      },
      "teardown": {
        "outcome": "passed"
      }
    },
    {
      "nodeid": "tests/test_parser.py::ReturnTypeTestCase::test_parse_return_type_5_def_foo_arg_str_int_",
      "lineno": 919,
      "outcome": "passed",
      "keywords": [
        "test_parse_return_type_5_def_foo_arg_str_int_",
        "place_as",
        "ReturnTypeTestCase",
        "test_parser.py",
        "tests",
        "heavenshell@py-doq__75acafb9__jinja2__mako",
        ""
      ],
      "setup": {
        "outcome": "passed"
      },
      "call": {
        "outcome": "passed"
      },
      "teardown": {
        "outcome": "passed"
      }
    },
    {
      "nodeid": "tests/test_parser.py::ReturnTypeTestCase::test_parse_return_type_6_def_foo_arg_str_int_",
      "lineno": 919,
      "outcome": "passed",
      "keywords": [
        "test_parse_return_type_6_def_foo_arg_str_int_",
        "place_as",
        "ReturnTypeTestCase",
        "test_parser.py",
        "tests",
        "heavenshell@py-doq__75acafb9__jinja2__mako",
        ""
      ],
      "setup": {
        "outcome": "passed"
      },
      "call": {
        "outcome": "passed"
      },
      "teardown": {
        "outcome": "passed"
      }
    },
    {
      "nodeid": "tests/test_parser.py::ReturnTypeTestCase::test_parse_return_type_7_def_foo_arg_str_int_",
      "lineno": 919,
      "outcome": "passed",
      "keywords": [
        "test_parse_return_type_7_def_foo_arg_str_int_",
        "place_as",
        "ReturnTypeTestCase",
        "test_parser.py",
        "tests",
        "heavenshell@py-doq__75acafb9__jinja2__mako",
        ""
      ],
      "setup": {
        "outcome": "passed"
      },
      "call": {
        "outcome": "passed"
      },
      "teardown": {
        "outcome": "passed"
      }
    },
    {
      "nodeid": "tests/test_parser.py::ReturnTypeTestCase::test_parse_return_type_8_def_foo_arg_str_int_",
      "lineno": 919,
      "outcome": "passed",
      "keywords": [
        "test_parse_return_type_8_def_foo_arg_str_int_",
        "place_as",
        "ReturnTypeTestCase",
        "test_parser.py",
        "tests",
        "heavenshell@py-doq__75acafb9__jinja2__mako",
        ""
      ],
      "setup": {
        "outcome": "passed"
      },
      "call": {
        "outcome": "passed"
      },
      "teardown": {
        "outcome": "passed"
      }
    },
    {
      "nodeid": "tests/test_parser.py::ReturnTypeTestCase::test_parse_return_type_9_def_foo_arg_str_int_",
      "lineno": 919,
      "outcome": "passed",
      "keywords": [
        "test_parse_return_type_9_def_foo_arg_str_int_",
        "place_as",
        "ReturnTypeTestCase",
        "test_parser.py",
        "tests",
        "heavenshell@py-doq__75acafb9__jinja2__mako",
        ""
      ],
      "setup": {
        "outcome": "passed"
      },
      "call": {
        "outcome": "passed"
      },
      "teardown": {
        "outcome": "passed"
      }
    },
    {
      "nodeid": "tests/test_template.py::SphinxTestCase::test_class",
      "lineno": 254,
      "outcome": "failed",
      "keywords": [
        "test_class",
        "SphinxTestCase",
        "test_template.py",
        "tests",
        "heavenshell@py-doq__75acafb9__jinja2__mako",
        ""
      ],
      "setup": {
        "outcome": "passed"
      },
      "call": {
        "outcome": "failed",
        "crash": {
          "path": "C:\\Users\\Mohay\\AppData\\Local\\Programs\\Python\\Python312\\Lib\\unittest\\case.py",
          "lineno": 878,
          "message": "AssertionError: '\"\"\"foo.\"\"\"\\n' != b'\"\"\"{{ name }}.\"\"\"\\r\\n\\r\\n'"
        },
        "traceback": [
          {
            "path": "tests\\test_template.py",
            "lineno": 266,
            "message": "AssertionError"
          }
        ],
        "longrepr": "self = <tests.test_template.SphinxTestCase testMethod=test_class>\n\n    def test_class(self):\n        params = {\n            'name': 'foo',\n            'defs': [\n                {\n                    'params': [],\n                },\n            ],\n        }\n        actual = self.template.load(params=params, filename='class.txt')\n        expected = '\"\"\"foo.\"\"\"\\n'\n>       self.assertEqual(expected, actual)\nE       AssertionError: '\"\"\"foo.\"\"\"\\n' != b'\"\"\"{{ name }}.\"\"\"\\r\\n\\r\\n'\n\ntests\\test_template.py:266: AssertionError"
      },
      "teardown": {
        "outcome": "passed"
      }
    },
    {
      "nodeid": "tests/test_template.py::SphinxTestCase::test_with_one_argument",
      "lineno": 43,
      "outcome": "failed",
      "keywords": [
        "test_with_one_argument",
        "SphinxTestCase",
        "test_template.py",
        "tests",
        "heavenshell@py-doq__75acafb9__jinja2__mako",
        ""
      ],
      "setup": {
        "outcome": "passed"
      },
      "call": {
        "outcome": "failed",
        "crash": {
          "path": "C:\\Users\\Mohay\\AppData\\Local\\Programs\\Python\\Python312\\Lib\\unittest\\case.py",
          "lineno": 878,
          "message": "AssertionError: '\"\"\"foo.\\n\\n:param arg1:\\n\"\"\"' != b'\"\"\"{{ name }}.\\r\\n\\r\\n{% for p in param[215 chars]\\r\\n'"
        },
        "traceback": [
          {
            "path": "tests\\test_template.py",
            "lineno": 56,
            "message": "AssertionError"
          }
        ],
        "longrepr": "self = <tests.test_template.SphinxTestCase testMethod=test_with_one_argument>\n\n    def test_with_one_argument(self):\n        params = {\n            'name': 'foo',\n            'params': [{\n                'argument': 'arg1',\n                'annotation': None,\n                'default': None,\n            }],\n            'return_type': None,\n        }\n        actual = self.template.load(params=params, filename='def.txt')\n        expected = '\\n'.join(['\"\"\"foo.', '', ':param arg1:', '\"\"\"'])\n>       self.assertEqual(expected, actual)\nE       AssertionError: '\"\"\"foo.\\n\\n:param arg1:\\n\"\"\"' != b'\"\"\"{{ name }}.\\r\\n\\r\\n{% for p in param[215 chars]\\r\\n'\n\ntests\\test_template.py:56: AssertionError"
      },
      "teardown": {
        "outcome": "passed"
      }
    },
    {
      "nodeid": "tests/test_template.py::SphinxTestCase::test_with_one_argument_and_annotaion",
      "lineno": 71,
      "outcome": "failed",
      "keywords": [
        "test_with_one_argument_and_annotaion",
        "SphinxTestCase",
        "test_template.py",
        "tests",
        "heavenshell@py-doq__75acafb9__jinja2__mako",
        ""
      ],
      "setup": {
        "outcome": "passed"
      },
      "call": {
        "outcome": "failed",
        "crash": {
          "path": "C:\\Users\\Mohay\\AppData\\Local\\Programs\\Python\\Python312\\Lib\\unittest\\case.py",
          "lineno": 878,
          "message": "AssertionError: '\"\"\"foo.\\n\\n:param arg1:\\n:type arg1: str\\n\"\"\"' != b'\"\"\"{{ name }}.\\r\\n\\r\\n{% for p in param[215 chars]\\r\\n'"
        },
        "traceback": [
          {
            "path": "tests\\test_template.py",
            "lineno": 90,
            "message": "AssertionError"
          }
        ],
        "longrepr": "self = <tests.test_template.SphinxTestCase testMethod=test_with_one_argument_and_annotaion>\n\n    def test_with_one_argument_and_annotaion(self):\n        params = {\n            'name': 'foo',\n            'params': [{\n                'argument': 'arg1',\n                'annotation': 'str',\n                'default': None,\n            }],\n            'return_type': None,\n        }\n        actual = self.template.load(params=params, filename='def.txt')\n        expected = '\\n'.join([\n            '\"\"\"foo.',\n            '',\n            ':param arg1:',\n            ':type arg1: str',\n            '\"\"\"',\n        ])\n>       self.assertEqual(expected, actual)\nE       AssertionError: '\"\"\"foo.\\n\\n:param arg1:\\n:type arg1: str\\n\"\"\"' != b'\"\"\"{{ name }}.\\r\\n\\r\\n{% for p in param[215 chars]\\r\\n'\n\ntests\\test_template.py:90: AssertionError"
      },
      "teardown": {
        "outcome": "passed"
      }
    },
    {
      "nodeid": "tests/test_template.py::SphinxTestCase::test_with_one_argument_and_default",
      "lineno": 57,
      "outcome": "failed",
      "keywords": [
        "test_with_one_argument_and_default",
        "SphinxTestCase",
        "test_template.py",
        "tests",
        "heavenshell@py-doq__75acafb9__jinja2__mako",
        ""
      ],
      "setup": {
        "outcome": "passed"
      },
      "call": {
        "outcome": "failed",
        "crash": {
          "path": "C:\\Users\\Mohay\\AppData\\Local\\Programs\\Python\\Python312\\Lib\\unittest\\case.py",
          "lineno": 878,
          "message": "AssertionError: '\"\"\"foo.\\n\\n:param arg1:\\n\"\"\"' != b'\"\"\"{{ name }}.\\r\\n\\r\\n{% for p in param[215 chars]\\r\\n'"
        },
        "traceback": [
          {
            "path": "tests\\test_template.py",
            "lineno": 70,
            "message": "AssertionError"
          }
        ],
        "longrepr": "self = <tests.test_template.SphinxTestCase testMethod=test_with_one_argument_and_default>\n\n    def test_with_one_argument_and_default(self):\n        params = {\n            'name': 'foo',\n            'params': [{\n                'argument': 'arg1',\n                'annotation': None,\n                'default': '\\'foo\\'',\n            }],\n            'return_type': None,\n        }\n        actual = self.template.load(params=params, filename='def.txt')\n        expected = '\\n'.join(['\"\"\"foo.', '', ':param arg1:', '\"\"\"'])\n>       self.assertEqual(expected, actual)\nE       AssertionError: '\"\"\"foo.\\n\\n:param arg1:\\n\"\"\"' != b'\"\"\"{{ name }}.\\r\\n\\r\\n{% for p in param[215 chars]\\r\\n'\n\ntests\\test_template.py:70: AssertionError"
      },
      "teardown": {
        "outcome": "passed"
      }
    },
    {
      "nodeid": "tests/test_template.py::SphinxTestCase::test_with_one_argument_annotation_and_return_type",
      "lineno": 91,
      "outcome": "failed",
      "keywords": [
        "test_with_one_argument_annotation_and_return_type",
        "SphinxTestCase",
        "test_template.py",
        "tests",
        "heavenshell@py-doq__75acafb9__jinja2__mako",
        ""
      ],
      "setup": {
        "outcome": "passed"
      },
      "call": {
        "outcome": "failed",
        "crash": {
          "path": "C:\\Users\\Mohay\\AppData\\Local\\Programs\\Python\\Python312\\Lib\\unittest\\case.py",
          "lineno": 878,
          "message": "AssertionError: '\"\"\"foo.\\n\\n:param arg1:\\n:type arg1: str[14 chars]n\"\"\"' != b'\"\"\"{{ name }}.\\r\\n\\r\\n{% for p in param[215 chars]\\r\\n'"
        },
        "traceback": [
          {
            "path": "tests\\test_template.py",
            "lineno": 111,
            "message": "AssertionError"
          }
        ],
        "longrepr": "self = <tests.test_template.SphinxTestCase testMethod=test_with_one_argument_annotation_and_return_type>\n\n    def test_with_one_argument_annotation_and_return_type(self):\n        params = {\n            'name': 'foo',\n            'params': [{\n                'argument': 'arg1',\n                'annotation': 'str',\n                'default': None,\n            }],\n            'return_type': 'str',\n        }\n        actual = self.template.load(params=params, filename='def.txt')\n        expected = '\\n'.join([\n            '\"\"\"foo.',\n            '',\n            ':param arg1:',\n            ':type arg1: str',\n            ':rtype: str',\n            '\"\"\"',\n        ])\n>       self.assertEqual(expected, actual)\nE       AssertionError: '\"\"\"foo.\\n\\n:param arg1:\\n:type arg1: str[14 chars]n\"\"\"' != b'\"\"\"{{ name }}.\\r\\n\\r\\n{% for p in param[215 chars]\\r\\n'\n\ntests\\test_template.py:111: AssertionError"
      },
      "teardown": {
        "outcome": "passed"
      }
    },
    {
      "nodeid": "tests/test_template.py::SphinxTestCase::test_with_two_arguments",
      "lineno": 112,
      "outcome": "failed",
      "keywords": [
        "test_with_two_arguments",
        "SphinxTestCase",
        "test_template.py",
        "tests",
        "heavenshell@py-doq__75acafb9__jinja2__mako",
        ""
      ],
      "setup": {
        "outcome": "passed"
      },
      "call": {
        "outcome": "failed",
        "crash": {
          "path": "C:\\Users\\Mohay\\AppData\\Local\\Programs\\Python\\Python312\\Lib\\unittest\\case.py",
          "lineno": 878,
          "message": "AssertionError: '\"\"\"foo.\\n\\n:param arg1:\\n:param arg2:\\n\"\"\"' != b'\"\"\"{{ name }}.\\r\\n\\r\\n{% for p in param[215 chars]\\r\\n'"
        },
        "traceback": [
          {
            "path": "tests\\test_template.py",
            "lineno": 138,
            "message": "AssertionError"
          }
        ],
        "longrepr": "self = <tests.test_template.SphinxTestCase testMethod=test_with_two_arguments>\n\n    def test_with_two_arguments(self):\n        params = {\n            'name': 'foo',\n            'params': [\n                {\n                    'argument': 'arg1',\n                    'annotation': None,\n                    'default': None,\n                },\n                {\n                    'argument': 'arg2',\n                    'annotation': None,\n                    'default': None,\n                },\n            ],\n            'return_type': None,\n        }\n        actual = self.template.load(params=params, filename='def.txt')\n        expected = '\\n'.join([\n            '\"\"\"foo.',\n            '',\n            ':param arg1:',\n            ':param arg2:',\n            '\"\"\"',\n        ])\n>       self.assertEqual(expected, actual)\nE       AssertionError: '\"\"\"foo.\\n\\n:param arg1:\\n:param arg2:\\n\"\"\"' != b'\"\"\"{{ name }}.\\r\\n\\r\\n{% for p in param[215 chars]\\r\\n'\n\ntests\\test_template.py:138: AssertionError"
      },
      "teardown": {
        "outcome": "passed"
      }
    },
    {
      "nodeid": "tests/test_template.py::SphinxTestCase::test_with_two_arguments_and_annotation",
      "lineno": 166,
      "outcome": "failed",
      "keywords": [
        "test_with_two_arguments_and_annotation",
        "SphinxTestCase",
        "test_template.py",
        "tests",
        "heavenshell@py-doq__75acafb9__jinja2__mako",
        ""
      ],
      "setup": {
        "outcome": "passed"
      },
      "call": {
        "outcome": "failed",
        "crash": {
          "path": "C:\\Users\\Mohay\\AppData\\Local\\Programs\\Python\\Python312\\Lib\\unittest\\case.py",
          "lineno": 878,
          "message": "AssertionError: '\"\"\"foo.\\n\\n:param arg1:\\n:type arg1: str[32 chars]n\"\"\"' != b'\"\"\"{{ name }}.\\r\\n\\r\\n{% for p in param[215 chars]\\r\\n'"
        },
        "traceback": [
          {
            "path": "tests\\test_template.py",
            "lineno": 194,
            "message": "AssertionError"
          }
        ],
        "longrepr": "self = <tests.test_template.SphinxTestCase testMethod=test_with_two_arguments_and_annotation>\n\n    def test_with_two_arguments_and_annotation(self):\n        params = {\n            'name': 'foo',\n            'params': [\n                {\n                    'argument': 'arg1',\n                    'annotation': 'str',\n                    'default': None,\n                },\n                {\n                    'argument': 'arg2',\n                    'annotation': 'int',\n                    'default': None,\n                },\n            ],\n            'return_type': None,\n        }\n        actual = self.template.load(params=params, filename='def.txt')\n        expected = '\\n'.join([\n            '\"\"\"foo.',\n            '',\n            ':param arg1:',\n            ':type arg1: str',\n            ':param arg2:',\n            ':type arg2: int',\n            '\"\"\"',\n        ])\n>       self.assertEqual(expected, actual)\nE       AssertionError: '\"\"\"foo.\\n\\n:param arg1:\\n:type arg1: str[32 chars]n\"\"\"' != b'\"\"\"{{ name }}.\\r\\n\\r\\n{% for p in param[215 chars]\\r\\n'\n\ntests\\test_template.py:194: AssertionError"
      },
      "teardown": {
        "outcome": "passed"
      }
    },
    {
      "nodeid": "tests/test_template.py::SphinxTestCase::test_with_two_arguments_and_defaults",
      "lineno": 139,
      "outcome": "failed",
      "keywords": [
        "test_with_two_arguments_and_defaults",
        "SphinxTestCase",
        "test_template.py",
        "tests",
        "heavenshell@py-doq__75acafb9__jinja2__mako",
        ""
      ],
      "setup": {
        "outcome": "passed"
      },
      "call": {
        "outcome": "failed",
        "crash": {
          "path": "C:\\Users\\Mohay\\AppData\\Local\\Programs\\Python\\Python312\\Lib\\unittest\\case.py",
          "lineno": 878,
          "message": "AssertionError: '\"\"\"foo.\\n\\n:param arg1:\\n:param arg2:\\n\"\"\"' != b'\"\"\"{{ name }}.\\r\\n\\r\\n{% for p in param[215 chars]\\r\\n'"
        },
        "traceback": [
          {
            "path": "tests\\test_template.py",
            "lineno": 165,
            "message": "AssertionError"
          }
        ],
        "longrepr": "self = <tests.test_template.SphinxTestCase testMethod=test_with_two_arguments_and_defaults>\n\n    def test_with_two_arguments_and_defaults(self):\n        params = {\n            'name': 'foo',\n            'params': [\n                {\n                    'argument': 'arg1',\n                    'annotation': None,\n                    'default': '\\'foo\\'',\n                },\n                {\n                    'argument': 'arg2',\n                    'annotation': None,\n                    'default': 'None',\n                },\n            ],\n            'return_type': None,\n        }\n        actual = self.template.load(params=params, filename='def.txt')\n        expected = '\\n'.join([\n            '\"\"\"foo.',\n            '',\n            ':param arg1:',\n            ':param arg2:',\n            '\"\"\"',\n        ])\n>       self.assertEqual(expected, actual)\nE       AssertionError: '\"\"\"foo.\\n\\n:param arg1:\\n:param arg2:\\n\"\"\"' != b'\"\"\"{{ name }}.\\r\\n\\r\\n{% for p in param[215 chars]\\r\\n'\n\ntests\\test_template.py:165: AssertionError"
      },
      "teardown": {
        "outcome": "passed"
      }
    },
    {
      "nodeid": "tests/test_template.py::SphinxTestCase::test_with_two_arguments_annotation_and_defaults",
      "lineno": 195,
      "outcome": "failed",
      "keywords": [
        "test_with_two_arguments_annotation_and_defaults",
        "SphinxTestCase",
        "test_template.py",
        "tests",
        "heavenshell@py-doq__75acafb9__jinja2__mako",
        ""
      ],
      "setup": {
        "outcome": "passed"
      },
      "call": {
        "outcome": "failed",
        "crash": {
          "path": "C:\\Users\\Mohay\\AppData\\Local\\Programs\\Python\\Python312\\Lib\\unittest\\case.py",
          "lineno": 878,
          "message": "AssertionError: '\"\"\"foo.\\n\\n:param arg1:\\n:type arg1: str[32 chars]n\"\"\"' != b'\"\"\"{{ name }}.\\r\\n\\r\\n{% for p in param[215 chars]\\r\\n'"
        },
        "traceback": [
          {
            "path": "tests\\test_template.py",
            "lineno": 223,
            "message": "AssertionError"
          }
        ],
        "longrepr": "self = <tests.test_template.SphinxTestCase testMethod=test_with_two_arguments_annotation_and_defaults>\n\n    def test_with_two_arguments_annotation_and_defaults(self):\n        params = {\n            'name': 'foo',\n            'params': [\n                {\n                    'argument': 'arg1',\n                    'annotation': 'str',\n                    'default': '\\'foo\\'',\n                },\n                {\n                    'argument': 'arg2',\n                    'annotation': 'int',\n                    'default': 'None',\n                },\n            ],\n            'return_type': None,\n        }\n        actual = self.template.load(params=params, filename='def.txt')\n        expected = '\\n'.join([\n            '\"\"\"foo.',\n            '',\n            ':param arg1:',\n            ':type arg1: str',\n            ':param arg2:',\n            ':type arg2: int',\n            '\"\"\"',\n        ])\n>       self.assertEqual(expected, actual)\nE       AssertionError: '\"\"\"foo.\\n\\n:param arg1:\\n:type arg1: str[32 chars]n\"\"\"' != b'\"\"\"{{ name }}.\\r\\n\\r\\n{% for p in param[215 chars]\\r\\n'\n\ntests\\test_template.py:223: AssertionError"
      },
      "teardown": {
        "outcome": "passed"
      }
    },
    {
      "nodeid": "tests/test_template.py::SphinxTestCase::test_with_two_arguments_annotation_defaults_and_return_type",
      "lineno": 224,
      "outcome": "failed",
      "keywords": [
        "test_with_two_arguments_annotation_defaults_and_return_type",
        "SphinxTestCase",
        "test_template.py",
        "tests",
        "heavenshell@py-doq__75acafb9__jinja2__mako",
        ""
      ],
      "setup": {
        "outcome": "passed"
      },
      "call": {
        "outcome": "failed",
        "crash": {
          "path": "C:\\Users\\Mohay\\AppData\\Local\\Programs\\Python\\Python312\\Lib\\unittest\\case.py",
          "lineno": 878,
          "message": "AssertionError: '\"\"\"foo.\\n\\n:param arg1:\\n:type arg1: str[45 chars]n\"\"\"' != b'\"\"\"{{ name }}.\\r\\n\\r\\n{% for p in param[215 chars]\\r\\n'"
        },
        "traceback": [
          {
            "path": "tests\\test_template.py",
            "lineno": 253,
            "message": "AssertionError"
          }
        ],
        "longrepr": "self = <tests.test_template.SphinxTestCase testMethod=test_with_two_arguments_annotation_defaults_and_return_type>\n\n    def test_with_two_arguments_annotation_defaults_and_return_type(self):\n        params = {\n            'name': 'foo',\n            'params': [\n                {\n                    'argument': 'arg1',\n                    'annotation': 'str',\n                    'default': '\\'foo\\'',\n                },\n                {\n                    'argument': 'arg2',\n                    'annotation': 'int',\n                    'default': 'None',\n                },\n            ],\n            'return_type': 'str',\n        }\n        actual = self.template.load(params=params, filename='def.txt')\n        expected = '\\n'.join([\n            '\"\"\"foo.',\n            '',\n            ':param arg1:',\n            ':type arg1: str',\n            ':param arg2:',\n            ':type arg2: int',\n            ':rtype: str',\n            '\"\"\"',\n        ])\n>       self.assertEqual(expected, actual)\nE       AssertionError: '\"\"\"foo.\\n\\n:param arg1:\\n:type arg1: str[45 chars]n\"\"\"' != b'\"\"\"{{ name }}.\\r\\n\\r\\n{% for p in param[215 chars]\\r\\n'\n\ntests\\test_template.py:253: AssertionError"
      },
      "teardown": {
        "outcome": "passed"
      }
    },
    {
      "nodeid": "tests/test_template.py::SphinxTestCase::test_without_argument",
      "lineno": 17,
      "outcome": "failed",
      "keywords": [
        "test_without_argument",
        "SphinxTestCase",
        "test_template.py",
        "tests",
        "heavenshell@py-doq__75acafb9__jinja2__mako",
        ""
      ],
      "setup": {
        "outcome": "passed"
      },
      "call": {
        "outcome": "failed",
        "crash": {
          "path": "C:\\Users\\Mohay\\AppData\\Local\\Programs\\Python\\Python312\\Lib\\unittest\\case.py",
          "lineno": 878,
          "message": "AssertionError: '\"\"\"foo.\"\"\"' != b'\"\"\"{{ name }}.\"\"\"\\r\\n'"
        },
        "traceback": [
          {
            "path": "tests\\test_template.py",
            "lineno": 27,
            "message": "AssertionError"
          }
        ],
        "longrepr": "self = <tests.test_template.SphinxTestCase testMethod=test_without_argument>\n\n    def test_without_argument(self):\n        params = {\n            'name': 'foo',\n            'params': [],\n            'return_type': None,\n        }\n        actual = self.template.load(params=params, filename='noarg.txt')\n        expected = '\"\"\"foo.\"\"\"'\n    \n>       self.assertEqual(expected, actual)\nE       AssertionError: '\"\"\"foo.\"\"\"' != b'\"\"\"{{ name }}.\"\"\"\\r\\n'\n\ntests\\test_template.py:27: AssertionError"
      },
      "teardown": {
        "outcome": "passed"
      }
    },
    {
      "nodeid": "tests/test_template.py::SphinxTestCase::test_without_argument_and_return_type",
      "lineno": 28,
      "outcome": "failed",
      "keywords": [
        "test_without_argument_and_return_type",
        "SphinxTestCase",
        "test_template.py",
        "tests",
        "heavenshell@py-doq__75acafb9__jinja2__mako",
        ""
      ],
      "setup": {
        "outcome": "passed"
      },
      "call": {
        "outcome": "failed",
        "crash": {
          "path": "C:\\Users\\Mohay\\AppData\\Local\\Programs\\Python\\Python312\\Lib\\unittest\\case.py",
          "lineno": 878,
          "message": "AssertionError: '\"\"\"foo.\\n\\n:rtype: str\\n\"\"\"' != b'\"\"\"{{ name }}.\\r\\n\\r\\n{% for p in param[215 chars]\\r\\n'"
        },
        "traceback": [
          {
            "path": "tests\\test_template.py",
            "lineno": 42,
            "message": "AssertionError"
          }
        ],
        "longrepr": "self = <tests.test_template.SphinxTestCase testMethod=test_without_argument_and_return_type>\n\n    def test_without_argument_and_return_type(self):\n        params = {\n            'name': 'foo',\n            'params': [],\n            'return_type': 'str',\n        }\n        actual = self.template.load(params=params, filename='def.txt')\n        expected = '\\n'.join([\n            '\"\"\"foo.',\n            '',\n            ':rtype: str',\n            '\"\"\"',\n        ])\n>       self.assertEqual(expected, actual)\nE       AssertionError: '\"\"\"foo.\\n\\n:rtype: str\\n\"\"\"' != b'\"\"\"{{ name }}.\\r\\n\\r\\n{% for p in param[215 chars]\\r\\n'\n\ntests\\test_template.py:42: AssertionError"
      },
      "teardown": {
        "outcome": "passed"
      }
    }
  ]
}