{
  "exitcode": 1,
  "summary": {
    "passed": 54,
    "failed": 4,
    "total": 58,
    "collected": 58
  },
  "collectors": [
    {
      "nodeid": "",
      "outcome": "passed",
      "result": [
        {
          "nodeid": ".",
          "type": "Dir"
        }
      ]
    },
    {
      "nodeid": "docs",
      "outcome": "passed",
      "result": []
    },
    {
      "nodeid": "pyschlage",
      "outcome": "passed",
      "result": []
    },
    {
      "nodeid": "pyschlage.egg-info",
      "outcome": "passed",
      "result": []
    },
    {
      "nodeid": "scripts",
      "outcome": "passed",
      "result": []
    },
    {
      "nodeid": "tests/test_api.py",
      "outcome": "passed",
      "result": [
        {
          "nodeid": "tests/test_api.py::test_locks",
          "type": "Function",
          "lineno": 8
        },
        {
          "nodeid": "tests/test_api.py::test_users",
          "type": "Function",
          "lineno": 33
        }
      ]
    },
    {
      "nodeid": "tests/test_auth.py",
      "outcome": "passed",
      "result": [
        {
          "nodeid": "tests/test_auth.py::test_authenticate",
          "type": "Function",
          "lineno": 10
        },
        {
          "nodeid": "tests/test_auth.py::test_request",
          "type": "Function",
          "lineno": 27
        },
        {
          "nodeid": "tests/test_auth.py::test_request_not_authorized",
          "type": "Function",
          "lineno": 43
        },
        {
          "nodeid": "tests/test_auth.py::test_request_unknown_error",
          "type": "Function",
          "lineno": 74
        },
        {
          "nodeid": "tests/test_auth.py::test_user_id",
          "type": "Function",
          "lineno": 102
        },
        {
          "nodeid": "tests/test_auth.py::test_user_id_is_cached",
          "type": "Function",
          "lineno": 129
        }
      ]
    },
    {
      "nodeid": "tests/test_code.py::TestAccessCode",
      "outcome": "passed",
      "result": [
        {
          "nodeid": "tests/test_code.py::TestAccessCode::test_to_from_json",
          "type": "Function",
          "lineno": 14
        },
        {
          "nodeid": "tests/test_code.py::TestAccessCode::test_to_from_json_recurring_schedule",
          "type": "Function",
          "lineno": 31
        },
        {
          "nodeid": "tests/test_code.py::TestAccessCode::test_to_from_json_temporary_schedule",
          "type": "Function",
          "lineno": 53
        },
        {
          "nodeid": "tests/test_code.py::TestAccessCode::test_save",
          "type": "Function",
          "lineno": 77
        },
        {
          "nodeid": "tests/test_code.py::TestAccessCode::test_delete",
          "type": "Function",
          "lineno": 107
        }
      ]
    },
    {
      "nodeid": "tests/test_code.py",
      "outcome": "passed",
      "result": [
        {
          "nodeid": "tests/test_code.py::TestAccessCode",
          "type": "Class"
        }
      ]
    },
    {
      "nodeid": "tests/test_common.py",
      "outcome": "passed",
      "result": [
        {
          "nodeid": "tests/test_common.py::test_pickle_unpickle",
          "type": "Function",
          "lineno": 10
        },
        {
          "nodeid": "tests/test_common.py::test_redact_allow_asterisk",
          "type": "Function",
          "lineno": 35
        },
        {
          "nodeid": "tests/test_common.py::test_redact_allow_all",
          "type": "Function",
          "lineno": 39
        },
        {
          "nodeid": "tests/test_common.py::test_redact_all",
          "type": "Function",
          "lineno": 50
        },
        {
          "nodeid": "tests/test_common.py::test_redact_partial",
          "type": "Function",
          "lineno": 67
        }
      ]
    },
    {
      "nodeid": "tests/test_lock.py::TestLock",
      "outcome": "passed",
      "result": [
        {
          "nodeid": "tests/test_lock.py::TestLock::test_from_json",
          "type": "Function",
          "lineno": 18
        },
        {
          "nodeid": "tests/test_lock.py::TestLock::test_from_json_cat_optional",
          "type": "Function",
          "lineno": 40
        },
        {
          "nodeid": "tests/test_lock.py::TestLock::test_from_json_no_connected",
          "type": "Function",
          "lineno": 47
        },
        {
          "nodeid": "tests/test_lock.py::TestLock::test_from_json_is_jammed",
          "type": "Function",
          "lineno": 54
        },
        {
          "nodeid": "tests/test_lock.py::TestLock::test_from_json_wifi_lock_unavailable",
          "type": "Function",
          "lineno": 60
        },
        {
          "nodeid": "tests/test_lock.py::TestLock::test_from_json_no_model_name",
          "type": "Function",
          "lineno": 69
        },
        {
          "nodeid": "tests/test_lock.py::TestLock::test_diagnostics",
          "type": "Function",
          "lineno": 76
        },
        {
          "nodeid": "tests/test_lock.py::TestLock::test_refresh",
          "type": "Function",
          "lineno": 142
        },
        {
          "nodeid": "tests/test_lock.py::TestLock::test_send_command_unauthenticated",
          "type": "Function",
          "lineno": 172
        },
        {
          "nodeid": "tests/test_lock.py::TestLock::test_lock_wifi",
          "type": "Function",
          "lineno": 176
        },
        {
          "nodeid": "tests/test_lock.py::TestLock::test_unlock_wifi",
          "type": "Function",
          "lineno": 192
        },
        {
          "nodeid": "tests/test_lock.py::TestLock::test_lock_ble",
          "type": "Function",
          "lineno": 208
        },
        {
          "nodeid": "tests/test_lock.py::TestLock::test_unlock_ble",
          "type": "Function",
          "lineno": 229
        },
        {
          "nodeid": "tests/test_lock.py::TestLock::test_logs",
          "type": "Function",
          "lineno": 250
        },
        {
          "nodeid": "tests/test_lock.py::TestLock::test_refresh_access_codes",
          "type": "Function",
          "lineno": 273
        },
        {
          "nodeid": "tests/test_lock.py::TestLock::test_add_access_code",
          "type": "Function",
          "lineno": 305
        },
        {
          "nodeid": "tests/test_lock.py::TestLock::test_set_beeper",
          "type": "Function",
          "lineno": 348
        },
        {
          "nodeid": "tests/test_lock.py::TestLock::test_set_lock_and_leave",
          "type": "Function",
          "lineno": 360
        },
        {
          "nodeid": "tests/test_lock.py::TestLock::test_set_auto_lock_time",
          "type": "Function",
          "lineno": 374
        }
      ]
    },
    {
      "nodeid": "tests/test_lock.py::TestKeypadDisabled",
      "outcome": "passed",
      "result": [
        {
          "nodeid": "tests/test_lock.py::TestKeypadDisabled::test_true",
          "type": "Function",
          "lineno": 393
        },
        {
          "nodeid": "tests/test_lock.py::TestKeypadDisabled::test_true_unsorted",
          "type": "Function",
          "lineno": 406
        },
        {
          "nodeid": "tests/test_lock.py::TestKeypadDisabled::test_false",
          "type": "Function",
          "lineno": 419
        },
        {
          "nodeid": "tests/test_lock.py::TestKeypadDisabled::test_fetches_logs",
          "type": "Function",
          "lineno": 432
        },
        {
          "nodeid": "tests/test_lock.py::TestKeypadDisabled::test_fetches_logs_no_logs",
          "type": "Function",
          "lineno": 447
        }
      ]
    },
    {
      "nodeid": "tests/test_lock.py::TestChangedBy",
      "outcome": "passed",
      "result": [
        {
          "nodeid": "tests/test_lock.py::TestChangedBy::test_thumbturn",
          "type": "Function",
          "lineno": 455
        },
        {
          "nodeid": "tests/test_lock.py::TestChangedBy::test_one_touch_locking",
          "type": "Function",
          "lineno": 460
        },
        {
          "nodeid": "tests/test_lock.py::TestChangedBy::test_nfc_device",
          "type": "Function",
          "lineno": 465
        },
        {
          "nodeid": "tests/test_lock.py::TestChangedBy::test_nfc_device_no_uuid",
          "type": "Function",
          "lineno": 471
        },
        {
          "nodeid": "tests/test_lock.py::TestChangedBy::test_keypad",
          "type": "Function",
          "lineno": 477
        },
        {
          "nodeid": "tests/test_lock.py::TestChangedBy::test_mobile_device",
          "type": "Function",
          "lineno": 483
        },
        {
          "nodeid": "tests/test_lock.py::TestChangedBy::test_unknown",
          "type": "Function",
          "lineno": 495
        },
        {
          "nodeid": "tests/test_lock.py::TestChangedBy::test_no_metadata",
          "type": "Function",
          "lineno": 498
        }
      ]
    },
    {
      "nodeid": "tests/test_lock.py",
      "outcome": "passed",
      "result": [
        {
          "nodeid": "tests/test_lock.py::TestLock",
          "type": "Class"
        },
        {
          "nodeid": "tests/test_lock.py::TestKeypadDisabled",
          "type": "Class"
        },
        {
          "nodeid": "tests/test_lock.py::TestChangedBy",
          "type": "Class"
        }
      ]
    },
    {
      "nodeid": "tests/test_log.py::TestFromJson",
      "outcome": "passed",
      "result": [
        {
          "nodeid": "tests/test_log.py::TestFromJson::test_unlocked_by_thumbturn",
          "type": "Function",
          "lineno": 8
        },
        {
          "nodeid": "tests/test_log.py::TestFromJson::test_unlocked_by_keypad",
          "type": "Function",
          "lineno": 18
        },
        {
          "nodeid": "tests/test_log.py::TestFromJson::test_unlocked_by_mobile_device",
          "type": "Function",
          "lineno": 33
        }
      ]
    },
    {
      "nodeid": "tests/test_log.py",
      "outcome": "passed",
      "result": [
        {
          "nodeid": "tests/test_log.py::TestFromJson",
          "type": "Class"
        }
      ]
    },
    {
      "nodeid": "tests/test_notification.py",
      "outcome": "passed",
      "result": [
        {
          "nodeid": "tests/test_notification.py::test_from_json",
          "type": "Function",
          "lineno": 10
        },
        {
          "nodeid": "tests/test_notification.py::test_save",
          "type": "Function",
          "lineno": 18
        },
        {
          "nodeid": "tests/test_notification.py::test_delete",
          "type": "Function",
          "lineno": 23
        }
      ]
    },
    {
      "nodeid": "tests/test_user.py",
      "outcome": "passed",
      "result": [
        {
          "nodeid": "tests/test_user.py::test_from_json",
          "type": "Function",
          "lineno": 5
        },
        {
          "nodeid": "tests/test_user.py::test_from_json_no_name",
          "type": "Function",
          "lineno": 14
        }
      ]
    },
    {
      "nodeid": "tests",
      "outcome": "passed",
      "result": [
        {
          "nodeid": "tests/test_api.py",
          "type": "Module"
        },
        {
          "nodeid": "tests/test_auth.py",
          "type": "Module"
        },
        {
          "nodeid": "tests/test_code.py",
          "type": "Module"
        },
        {
          "nodeid": "tests/test_common.py",
          "type": "Module"
        },
        {
          "nodeid": "tests/test_lock.py",
          "type": "Module"
        },
        {
          "nodeid": "tests/test_log.py",
          "type": "Module"
        },
        {
          "nodeid": "tests/test_notification.py",
          "type": "Module"
        },
        {
          "nodeid": "tests/test_user.py",
          "type": "Module"
        }
      ]
    },
    {
      "nodeid": ".",
      "outcome": "passed",
      "result": [
        {
          "nodeid": "docs",
          "type": "Dir"
        },
        {
          "nodeid": "pyschlage",
          "type": "Package"
        },
        {
          "nodeid": "pyschlage.egg-info",
          "type": "Dir"
        },
        {
          "nodeid": "scripts",
          "type": "Dir"
        },
        {
          "nodeid": "tests",
          "type": "Package"
        }
      ]
    }
  ],
  "tests": [
    {
      "nodeid": "tests/test_api.py::test_locks",
      "lineno": 8,
      "outcome": "passed",
      "keywords": [
        "test_locks",
        "test_api.py",
        "tests",
        "dknowles2@pyschlage__5c48dcd0__requests__requests_futures",
        ""
      ],
      "setup": {
        "outcome": "passed"
      },
      "call": {
        "outcome": "passed"
      },
      "teardown": {
        "outcome": "passed"
      }
    },
    {
      "nodeid": "tests/test_api.py::test_users",
      "lineno": 33,
      "outcome": "passed",
      "keywords": [
        "test_users",
        "test_api.py",
        "tests",
        "dknowles2@pyschlage__5c48dcd0__requests__requests_futures",
        ""
      ],
      "setup": {
        "outcome": "passed"
      },
      "call": {
        "outcome": "passed"
      },
      "teardown": {
        "outcome": "passed"
      }
    },
    {
      "nodeid": "tests/test_auth.py::test_authenticate",
      "lineno": 10,
      "outcome": "passed",
      "keywords": [
        "test_authenticate",
        "__wrapped__",
        "patchings",
        "test_auth.py",
        "tests",
        "dknowles2@pyschlage__5c48dcd0__requests__requests_futures",
        ""
      ],
      "setup": {
        "outcome": "passed"
      },
      "call": {
        "outcome": "passed"
      },
      "teardown": {
        "outcome": "passed"
      }
    },
    {
      "nodeid": "tests/test_auth.py::test_request",
      "lineno": 27,
      "outcome": "passed",
      "keywords": [
        "test_request",
        "__wrapped__",
        "patchings",
        "test_auth.py",
        "tests",
        "dknowles2@pyschlage__5c48dcd0__requests__requests_futures",
        ""
      ],
      "setup": {
        "outcome": "passed"
      },
      "call": {
        "outcome": "passed"
      },
      "teardown": {
        "outcome": "passed"
      }
    },
    {
      "nodeid": "tests/test_auth.py::test_request_not_authorized",
      "lineno": 43,
      "outcome": "passed",
      "keywords": [
        "test_request_not_authorized",
        "__wrapped__",
        "patchings",
        "test_auth.py",
        "tests",
        "dknowles2@pyschlage__5c48dcd0__requests__requests_futures",
        ""
      ],
      "setup": {
        "outcome": "passed"
      },
      "call": {
        "outcome": "passed"
      },
      "teardown": {
        "outcome": "passed"
      }
    },
    {
      "nodeid": "tests/test_auth.py::test_request_unknown_error",
      "lineno": 74,
      "outcome": "passed",
      "keywords": [
        "test_request_unknown_error",
        "__wrapped__",
        "patchings",
        "test_auth.py",
        "tests",
        "dknowles2@pyschlage__5c48dcd0__requests__requests_futures",
        ""
      ],
      "setup": {
        "outcome": "passed"
      },
      "call": {
        "outcome": "passed"
      },
      "teardown": {
        "outcome": "passed"
      }
    },
    {
      "nodeid": "tests/test_auth.py::test_user_id",
      "lineno": 102,
      "outcome": "passed",
      "keywords": [
        "test_user_id",
        "__wrapped__",
        "patchings",
        "test_auth.py",
        "tests",
        "dknowles2@pyschlage__5c48dcd0__requests__requests_futures",
        ""
      ],
      "setup": {
        "outcome": "passed"
      },
      "call": {
        "outcome": "passed"
      },
      "teardown": {
        "outcome": "passed"
      }
    },
    {
      "nodeid": "tests/test_auth.py::test_user_id_is_cached",
      "lineno": 129,
      "outcome": "passed",
      "keywords": [
        "test_user_id_is_cached",
        "__wrapped__",
        "patchings",
        "test_auth.py",
        "tests",
        "dknowles2@pyschlage__5c48dcd0__requests__requests_futures",
        ""
      ],
      "setup": {
        "outcome": "passed"
      },
      "call": {
        "outcome": "passed"
      },
      "teardown": {
        "outcome": "passed"
      }
    },
    {
      "nodeid": "tests/test_code.py::TestAccessCode::test_to_from_json",
      "lineno": 14,
      "outcome": "passed",
      "keywords": [
        "test_to_from_json",
        "TestAccessCode",
        "test_code.py",
        "tests",
        "dknowles2@pyschlage__5c48dcd0__requests__requests_futures",
        ""
      ],
      "setup": {
        "outcome": "passed"
      },
      "call": {
        "outcome": "passed"
      },
      "teardown": {
        "outcome": "passed"
      }
    },
    {
      "nodeid": "tests/test_code.py::TestAccessCode::test_to_from_json_recurring_schedule",
      "lineno": 31,
      "outcome": "passed",
      "keywords": [
        "test_to_from_json_recurring_schedule",
        "TestAccessCode",
        "test_code.py",
        "tests",
        "dknowles2@pyschlage__5c48dcd0__requests__requests_futures",
        ""
      ],
      "setup": {
        "outcome": "passed"
      },
      "call": {
        "outcome": "passed"
      },
      "teardown": {
        "outcome": "passed"
      }
    },
    {
      "nodeid": "tests/test_code.py::TestAccessCode::test_to_from_json_temporary_schedule",
      "lineno": 53,
      "outcome": "failed",
      "keywords": [
        "test_to_from_json_temporary_schedule",
        "TestAccessCode",
        "test_code.py",
        "tests",
        "dknowles2@pyschlage__5c48dcd0__requests__requests_futures",
        ""
      ],
      "setup": {
        "outcome": "passed"
      },
      "call": {
        "outcome": "failed",
        "crash": {
          "path": "D:\\repos\\dknowles2@pyschlage__5c48dcd0__requests__requests_futures\\tests\\test_code.py",
          "lineno": 75,
          "message": "AssertionError: assert AccessCode(na...isabled=False) == AccessCode(na...isabled=False)\n  \n  Omitting 10 identical items, use -vv to show\n  Differing attributes:\n  ['schedule']\n  \n  Drill down into differing attribute schedule:\n    schedule: TemporarySchedule(start=datetime.datetime(2022, 12, 25, 1, 30), end=datetime.datetime(2022, 12, 25, 2, 0)) != TemporarySchedule(start=datetime.datetime(2022, 12, 25, 8, 30), end=datetime.datetime(2022, 12, 25, 9, 0))...\n  \n  ...Full output truncated (9 lines hidden), use '-vv' to show"
        },
        "traceback": [
          {
            "path": "tests\\test_code.py",
            "lineno": 75,
            "message": "AssertionError"
          }
        ],
        "longrepr": "self = <tests.test_code.TestAccessCode object at 0x000001EE63F08C90>\nmock_auth = <MagicMock spec_set='Auth' id='2123373710992'>\naccess_code_json = {'accessCode': 123, 'accessCodeLength': 4, 'accesscodeId': '__access_code_uuid__', 'activationSecs': 0, ...}\nwifi_device = Device(device_id='__wifi_uuid__', device_type='be489wifi')\n\n    def test_to_from_json_temporary_schedule(\n        self, mock_auth: Mock, access_code_json: dict[str, Any], wifi_device: Device\n    ):\n        access_code_id = \"__access_code_uuid__\"\n        sched = TemporarySchedule(\n            start=datetime(2022, 12, 25, 8, 30, 0),\n            end=datetime(2022, 12, 25, 9, 0, 0),\n        )\n        json = deepcopy(access_code_json)\n        json[\"activationSecs\"] = 1671957000\n        json[\"expirationSecs\"] = 1671958800\n        code = AccessCode(\n            _auth=mock_auth,\n            _json=json,\n            _device=wifi_device,\n            name=\"Friendly name\",\n            code=\"0123\",\n            schedule=sched,\n            device_id=wifi_device.device_id,\n            access_code_id=access_code_id,\n        )\n>       assert AccessCode.from_json(mock_auth, wifi_device, json) == code\nE       AssertionError: assert AccessCode(na...isabled=False) == AccessCode(na...isabled=False)\nE         \nE         Omitting 10 identical items, use -vv to show\nE         Differing attributes:\nE         ['schedule']\nE         \nE         Drill down into differing attribute schedule:\nE           schedule: TemporarySchedule(start=datetime.datetime(2022, 12, 25, 1, 30), end=datetime.datetime(2022, 12, 25, 2, 0)) != TemporarySchedule(start=datetime.datetime(2022, 12, 25, 8, 30), end=datetime.datetime(2022, 12, 25, 9, 0))...\nE         \nE         ...Full output truncated (9 lines hidden), use '-vv' to show\n\ntests\\test_code.py:75: AssertionError"
      },
      "teardown": {
        "outcome": "passed"
      }
    },
    {
      "nodeid": "tests/test_code.py::TestAccessCode::test_save",
      "lineno": 77,
      "outcome": "passed",
      "keywords": [
        "test_save",
        "TestAccessCode",
        "test_code.py",
        "tests",
        "dknowles2@pyschlage__5c48dcd0__requests__requests_futures",
        ""
      ],
      "setup": {
        "outcome": "passed"
      },
      "call": {
        "outcome": "passed"
      },
      "teardown": {
        "outcome": "passed"
      }
    },
    {
      "nodeid": "tests/test_code.py::TestAccessCode::test_delete",
      "lineno": 107,
      "outcome": "passed",
      "keywords": [
        "test_delete",
        "TestAccessCode",
        "test_code.py",
        "tests",
        "dknowles2@pyschlage__5c48dcd0__requests__requests_futures",
        ""
      ],
      "setup": {
        "outcome": "passed"
      },
      "call": {
        "outcome": "passed"
      },
      "teardown": {
        "outcome": "passed"
      }
    },
    {
      "nodeid": "tests/test_common.py::test_pickle_unpickle",
      "lineno": 10,
      "outcome": "passed",
      "keywords": [
        "test_pickle_unpickle",
        "test_common.py",
        "tests",
        "dknowles2@pyschlage__5c48dcd0__requests__requests_futures",
        ""
      ],
      "setup": {
        "outcome": "passed"
      },
      "call": {
        "outcome": "passed"
      },
      "teardown": {
        "outcome": "passed"
      }
    },
    {
      "nodeid": "tests/test_common.py::test_redact_allow_asterisk",
      "lineno": 35,
      "outcome": "passed",
      "keywords": [
        "test_redact_allow_asterisk",
        "test_common.py",
        "tests",
        "dknowles2@pyschlage__5c48dcd0__requests__requests_futures",
        ""
      ],
      "setup": {
        "outcome": "passed"
      },
      "call": {
        "outcome": "passed"
      },
      "teardown": {
        "outcome": "passed"
      }
    },
    {
      "nodeid": "tests/test_common.py::test_redact_allow_all",
      "lineno": 39,
      "outcome": "passed",
      "keywords": [
        "test_redact_allow_all",
        "test_common.py",
        "tests",
        "dknowles2@pyschlage__5c48dcd0__requests__requests_futures",
        ""
      ],
      "setup": {
        "outcome": "passed"
      },
      "call": {
        "outcome": "passed"
      },
      "teardown": {
        "outcome": "passed"
      }
    },
    {
      "nodeid": "tests/test_common.py::test_redact_all",
      "lineno": 50,
      "outcome": "passed",
      "keywords": [
        "test_redact_all",
        "test_common.py",
        "tests",
        "dknowles2@pyschlage__5c48dcd0__requests__requests_futures",
        ""
      ],
      "setup": {
        "outcome": "passed"
      },
      "call": {
        "outcome": "passed"
      },
      "teardown": {
        "outcome": "passed"
      }
    },
    {
      "nodeid": "tests/test_common.py::test_redact_partial",
      "lineno": 67,
      "outcome": "passed",
      "keywords": [
        "test_redact_partial",
        "test_common.py",
        "tests",
        "dknowles2@pyschlage__5c48dcd0__requests__requests_futures",
        ""
      ],
      "setup": {
        "outcome": "passed"
      },
      "call": {
        "outcome": "passed"
      },
      "teardown": {
        "outcome": "passed"
      }
    },
    {
      "nodeid": "tests/test_lock.py::TestLock::test_from_json",
      "lineno": 18,
      "outcome": "passed",
      "keywords": [
        "test_from_json",
        "TestLock",
        "test_lock.py",
        "tests",
        "dknowles2@pyschlage__5c48dcd0__requests__requests_futures",
        ""
      ],
      "setup": {
        "outcome": "passed"
      },
      "call": {
        "outcome": "passed"
      },
      "teardown": {
        "outcome": "passed"
      }
    },
    {
      "nodeid": "tests/test_lock.py::TestLock::test_from_json_cat_optional",
      "lineno": 40,
      "outcome": "passed",
      "keywords": [
        "test_from_json_cat_optional",
        "TestLock",
        "test_lock.py",
        "tests",
        "dknowles2@pyschlage__5c48dcd0__requests__requests_futures",
        ""
      ],
      "setup": {
        "outcome": "passed"
      },
      "call": {
        "outcome": "passed"
      },
      "teardown": {
        "outcome": "passed"
      }
    },
    {
      "nodeid": "tests/test_lock.py::TestLock::test_from_json_no_connected",
      "lineno": 47,
      "outcome": "passed",
      "keywords": [
        "test_from_json_no_connected",
        "TestLock",
        "test_lock.py",
        "tests",
        "dknowles2@pyschlage__5c48dcd0__requests__requests_futures",
        ""
      ],
      "setup": {
        "outcome": "passed"
      },
      "call": {
        "outcome": "passed"
      },
      "teardown": {
        "outcome": "passed"
      }
    },
    {
      "nodeid": "tests/test_lock.py::TestLock::test_from_json_is_jammed",
      "lineno": 54,
      "outcome": "passed",
      "keywords": [
        "test_from_json_is_jammed",
        "TestLock",
        "test_lock.py",
        "tests",
        "dknowles2@pyschlage__5c48dcd0__requests__requests_futures",
        ""
      ],
      "setup": {
        "outcome": "passed"
      },
      "call": {
        "outcome": "passed"
      },
      "teardown": {
        "outcome": "passed"
      }
    },
    {
      "nodeid": "tests/test_lock.py::TestLock::test_from_json_wifi_lock_unavailable",
      "lineno": 60,
      "outcome": "passed",
      "keywords": [
        "test_from_json_wifi_lock_unavailable",
        "TestLock",
        "test_lock.py",
        "tests",
        "dknowles2@pyschlage__5c48dcd0__requests__requests_futures",
        ""
      ],
      "setup": {
        "outcome": "passed"
      },
      "call": {
        "outcome": "passed"
      },
      "teardown": {
        "outcome": "passed"
      }
    },
    {
      "nodeid": "tests/test_lock.py::TestLock::test_from_json_no_model_name",
      "lineno": 69,
      "outcome": "passed",
      "keywords": [
        "test_from_json_no_model_name",
        "TestLock",
        "test_lock.py",
        "tests",
        "dknowles2@pyschlage__5c48dcd0__requests__requests_futures",
        ""
      ],
      "setup": {
        "outcome": "passed"
      },
      "call": {
        "outcome": "passed"
      },
      "teardown": {
        "outcome": "passed"
      }
    },
    {
      "nodeid": "tests/test_lock.py::TestLock::test_diagnostics",
      "lineno": 76,
      "outcome": "passed",
      "keywords": [
        "test_diagnostics",
        "TestLock",
        "test_lock.py",
        "tests",
        "dknowles2@pyschlage__5c48dcd0__requests__requests_futures",
        ""
      ],
      "setup": {
        "outcome": "passed"
      },
      "call": {
        "outcome": "passed"
      },
      "teardown": {
        "outcome": "passed"
      }
    },
    {
      "nodeid": "tests/test_lock.py::TestLock::test_refresh",
      "lineno": 142,
      "outcome": "passed",
      "keywords": [
        "test_refresh",
        "TestLock",
        "test_lock.py",
        "tests",
        "dknowles2@pyschlage__5c48dcd0__requests__requests_futures",
        ""
      ],
      "setup": {
        "outcome": "passed"
      },
      "call": {
        "outcome": "passed"
      },
      "teardown": {
        "outcome": "passed"
      }
    },
    {
      "nodeid": "tests/test_lock.py::TestLock::test_send_command_unauthenticated",
      "lineno": 172,
      "outcome": "passed",
      "keywords": [
        "test_send_command_unauthenticated",
        "TestLock",
        "test_lock.py",
        "tests",
        "dknowles2@pyschlage__5c48dcd0__requests__requests_futures",
        ""
      ],
      "setup": {
        "outcome": "passed"
      },
      "call": {
        "outcome": "passed"
      },
      "teardown": {
        "outcome": "passed"
      }
    },
    {
      "nodeid": "tests/test_lock.py::TestLock::test_lock_wifi",
      "lineno": 176,
      "outcome": "passed",
      "keywords": [
        "test_lock_wifi",
        "TestLock",
        "test_lock.py",
        "tests",
        "dknowles2@pyschlage__5c48dcd0__requests__requests_futures",
        ""
      ],
      "setup": {
        "outcome": "passed"
      },
      "call": {
        "outcome": "passed"
      },
      "teardown": {
        "outcome": "passed"
      }
    },
    {
      "nodeid": "tests/test_lock.py::TestLock::test_unlock_wifi",
      "lineno": 192,
      "outcome": "passed",
      "keywords": [
        "test_unlock_wifi",
        "TestLock",
        "test_lock.py",
        "tests",
        "dknowles2@pyschlage__5c48dcd0__requests__requests_futures",
        ""
      ],
      "setup": {
        "outcome": "passed"
      },
      "call": {
        "outcome": "passed"
      },
      "teardown": {
        "outcome": "passed"
      }
    },
    {
      "nodeid": "tests/test_lock.py::TestLock::test_lock_ble",
      "lineno": 208,
      "outcome": "passed",
      "keywords": [
        "test_lock_ble",
        "TestLock",
        "test_lock.py",
        "tests",
        "dknowles2@pyschlage__5c48dcd0__requests__requests_futures",
        ""
      ],
      "setup": {
        "outcome": "passed"
      },
      "call": {
        "outcome": "passed"
      },
      "teardown": {
        "outcome": "passed"
      }
    },
    {
      "nodeid": "tests/test_lock.py::TestLock::test_unlock_ble",
      "lineno": 229,
      "outcome": "passed",
      "keywords": [
        "test_unlock_ble",
        "TestLock",
        "test_lock.py",
        "tests",
        "dknowles2@pyschlage__5c48dcd0__requests__requests_futures",
        ""
      ],
      "setup": {
        "outcome": "passed"
      },
      "call": {
        "outcome": "passed"
      },
      "teardown": {
        "outcome": "passed"
      }
    },
    {
      "nodeid": "tests/test_lock.py::TestLock::test_logs",
      "lineno": 250,
      "outcome": "passed",
      "keywords": [
        "test_logs",
        "TestLock",
        "test_lock.py",
        "tests",
        "dknowles2@pyschlage__5c48dcd0__requests__requests_futures",
        ""
      ],
      "setup": {
        "outcome": "passed"
      },
      "call": {
        "outcome": "passed"
      },
      "teardown": {
        "outcome": "passed"
      }
    },
    {
      "nodeid": "tests/test_lock.py::TestLock::test_refresh_access_codes",
      "lineno": 273,
      "outcome": "passed",
      "keywords": [
        "test_refresh_access_codes",
        "TestLock",
        "test_lock.py",
        "tests",
        "dknowles2@pyschlage__5c48dcd0__requests__requests_futures",
        ""
      ],
      "setup": {
        "outcome": "passed"
      },
      "call": {
        "outcome": "passed"
      },
      "teardown": {
        "outcome": "passed"
      }
    },
    {
      "nodeid": "tests/test_lock.py::TestLock::test_add_access_code",
      "lineno": 305,
      "outcome": "passed",
      "keywords": [
        "test_add_access_code",
        "TestLock",
        "test_lock.py",
        "tests",
        "dknowles2@pyschlage__5c48dcd0__requests__requests_futures",
        ""
      ],
      "setup": {
        "outcome": "passed"
      },
      "call": {
        "outcome": "passed"
      },
      "teardown": {
        "outcome": "passed"
      }
    },
    {
      "nodeid": "tests/test_lock.py::TestLock::test_set_beeper",
      "lineno": 348,
      "outcome": "passed",
      "keywords": [
        "test_set_beeper",
        "TestLock",
        "test_lock.py",
        "tests",
        "dknowles2@pyschlage__5c48dcd0__requests__requests_futures",
        ""
      ],
      "setup": {
        "outcome": "passed"
      },
      "call": {
        "outcome": "passed"
      },
      "teardown": {
        "outcome": "passed"
      }
    },
    {
      "nodeid": "tests/test_lock.py::TestLock::test_set_lock_and_leave",
      "lineno": 360,
      "outcome": "passed",
      "keywords": [
        "test_set_lock_and_leave",
        "TestLock",
        "test_lock.py",
        "tests",
        "dknowles2@pyschlage__5c48dcd0__requests__requests_futures",
        ""
      ],
      "setup": {
        "outcome": "passed"
      },
      "call": {
        "outcome": "passed"
      },
      "teardown": {
        "outcome": "passed"
      }
    },
    {
      "nodeid": "tests/test_lock.py::TestLock::test_set_auto_lock_time",
      "lineno": 374,
      "outcome": "passed",
      "keywords": [
        "test_set_auto_lock_time",
        "TestLock",
        "test_lock.py",
        "tests",
        "dknowles2@pyschlage__5c48dcd0__requests__requests_futures",
        ""
      ],
      "setup": {
        "outcome": "passed"
      },
      "call": {
        "outcome": "passed"
      },
      "teardown": {
        "outcome": "passed"
      }
    },
    {
      "nodeid": "tests/test_lock.py::TestKeypadDisabled::test_true",
      "lineno": 393,
      "outcome": "passed",
      "keywords": [
        "test_true",
        "TestKeypadDisabled",
        "test_lock.py",
        "tests",
        "dknowles2@pyschlage__5c48dcd0__requests__requests_futures",
        ""
      ],
      "setup": {
        "outcome": "passed"
      },
      "call": {
        "outcome": "passed"
      },
      "teardown": {
        "outcome": "passed"
      }
    },
    {
      "nodeid": "tests/test_lock.py::TestKeypadDisabled::test_true_unsorted",
      "lineno": 406,
      "outcome": "passed",
      "keywords": [
        "test_true_unsorted",
        "TestKeypadDisabled",
        "test_lock.py",
        "tests",
        "dknowles2@pyschlage__5c48dcd0__requests__requests_futures",
        ""
      ],
      "setup": {
        "outcome": "passed"
      },
      "call": {
        "outcome": "passed"
      },
      "teardown": {
        "outcome": "passed"
      }
    },
    {
      "nodeid": "tests/test_lock.py::TestKeypadDisabled::test_false",
      "lineno": 419,
      "outcome": "passed",
      "keywords": [
        "test_false",
        "TestKeypadDisabled",
        "test_lock.py",
        "tests",
        "dknowles2@pyschlage__5c48dcd0__requests__requests_futures",
        ""
      ],
      "setup": {
        "outcome": "passed"
      },
      "call": {
        "outcome": "passed"
      },
      "teardown": {
        "outcome": "passed"
      }
    },
    {
      "nodeid": "tests/test_lock.py::TestKeypadDisabled::test_fetches_logs",
      "lineno": 432,
      "outcome": "passed",
      "keywords": [
        "test_fetches_logs",
        "TestKeypadDisabled",
        "test_lock.py",
        "tests",
        "dknowles2@pyschlage__5c48dcd0__requests__requests_futures",
        ""
      ],
      "setup": {
        "outcome": "passed"
      },
      "call": {
        "outcome": "passed"
      },
      "teardown": {
        "outcome": "passed"
      }
    },
    {
      "nodeid": "tests/test_lock.py::TestKeypadDisabled::test_fetches_logs_no_logs",
      "lineno": 447,
      "outcome": "passed",
      "keywords": [
        "test_fetches_logs_no_logs",
        "TestKeypadDisabled",
        "test_lock.py",
        "tests",
        "dknowles2@pyschlage__5c48dcd0__requests__requests_futures",
        ""
      ],
      "setup": {
        "outcome": "passed"
      },
      "call": {
        "outcome": "passed"
      },
      "teardown": {
        "outcome": "passed"
      }
    },
    {
      "nodeid": "tests/test_lock.py::TestChangedBy::test_thumbturn",
      "lineno": 455,
      "outcome": "passed",
      "keywords": [
        "test_thumbturn",
        "TestChangedBy",
        "test_lock.py",
        "tests",
        "dknowles2@pyschlage__5c48dcd0__requests__requests_futures",
        ""
      ],
      "setup": {
        "outcome": "passed"
      },
      "call": {
        "outcome": "passed"
      },
      "teardown": {
        "outcome": "passed"
      }
    },
    {
      "nodeid": "tests/test_lock.py::TestChangedBy::test_one_touch_locking",
      "lineno": 460,
      "outcome": "passed",
      "keywords": [
        "test_one_touch_locking",
        "TestChangedBy",
        "test_lock.py",
        "tests",
        "dknowles2@pyschlage__5c48dcd0__requests__requests_futures",
        ""
      ],
      "setup": {
        "outcome": "passed"
      },
      "call": {
        "outcome": "passed"
      },
      "teardown": {
        "outcome": "passed"
      }
    },
    {
      "nodeid": "tests/test_lock.py::TestChangedBy::test_nfc_device",
      "lineno": 465,
      "outcome": "passed",
      "keywords": [
        "test_nfc_device",
        "TestChangedBy",
        "test_lock.py",
        "tests",
        "dknowles2@pyschlage__5c48dcd0__requests__requests_futures",
        ""
      ],
      "setup": {
        "outcome": "passed"
      },
      "call": {
        "outcome": "passed"
      },
      "teardown": {
        "outcome": "passed"
      }
    },
    {
      "nodeid": "tests/test_lock.py::TestChangedBy::test_nfc_device_no_uuid",
      "lineno": 471,
      "outcome": "passed",
      "keywords": [
        "test_nfc_device_no_uuid",
        "TestChangedBy",
        "test_lock.py",
        "tests",
        "dknowles2@pyschlage__5c48dcd0__requests__requests_futures",
        ""
      ],
      "setup": {
        "outcome": "passed"
      },
      "call": {
        "outcome": "passed"
      },
      "teardown": {
        "outcome": "passed"
      }
    },
    {
      "nodeid": "tests/test_lock.py::TestChangedBy::test_keypad",
      "lineno": 477,
      "outcome": "passed",
      "keywords": [
        "test_keypad",
        "TestChangedBy",
        "test_lock.py",
        "tests",
        "dknowles2@pyschlage__5c48dcd0__requests__requests_futures",
        ""
      ],
      "setup": {
        "outcome": "passed"
      },
      "call": {
        "outcome": "passed"
      },
      "teardown": {
        "outcome": "passed"
      }
    },
    {
      "nodeid": "tests/test_lock.py::TestChangedBy::test_mobile_device",
      "lineno": 483,
      "outcome": "passed",
      "keywords": [
        "test_mobile_device",
        "TestChangedBy",
        "test_lock.py",
        "tests",
        "dknowles2@pyschlage__5c48dcd0__requests__requests_futures",
        ""
      ],
      "setup": {
        "outcome": "passed"
      },
      "call": {
        "outcome": "passed"
      },
      "teardown": {
        "outcome": "passed"
      }
    },
    {
      "nodeid": "tests/test_lock.py::TestChangedBy::test_unknown",
      "lineno": 495,
      "outcome": "passed",
      "keywords": [
        "test_unknown",
        "TestChangedBy",
        "test_lock.py",
        "tests",
        "dknowles2@pyschlage__5c48dcd0__requests__requests_futures",
        ""
      ],
      "setup": {
        "outcome": "passed"
      },
      "call": {
        "outcome": "passed"
      },
      "teardown": {
        "outcome": "passed"
      }
    },
    {
      "nodeid": "tests/test_lock.py::TestChangedBy::test_no_metadata",
      "lineno": 498,
      "outcome": "passed",
      "keywords": [
        "test_no_metadata",
        "TestChangedBy",
        "test_lock.py",
        "tests",
        "dknowles2@pyschlage__5c48dcd0__requests__requests_futures",
        ""
      ],
      "setup": {
        "outcome": "passed"
      },
      "call": {
        "outcome": "passed"
      },
      "teardown": {
        "outcome": "passed"
      }
    },
    {
      "nodeid": "tests/test_log.py::TestFromJson::test_unlocked_by_thumbturn",
      "lineno": 8,
      "outcome": "failed",
      "keywords": [
        "test_unlocked_by_thumbturn",
        "TestFromJson",
        "test_log.py",
        "tests",
        "dknowles2@pyschlage__5c48dcd0__requests__requests_futures",
        ""
      ],
      "setup": {
        "outcome": "passed"
      },
      "call": {
        "outcome": "failed",
        "crash": {
          "path": "D:\\repos\\dknowles2@pyschlage__5c48dcd0__requests__requests_futures\\tests\\test_log.py",
          "lineno": 17,
          "message": "AssertionError: assert LockLog(creat..._code_id=None) == LockLog(creat..._code_id=None)\n  \n  Omitting 3 identical items, use -vv to show\n  Differing attributes:\n  ['created_at']\n  \n  Drill down into differing attribute created_at:\n    created_at: datetime.datetime(2023, 3, 1, 10, 26, 47, 366000) != datetime.datetime(2023, 3, 1, 17, 26, 47, 366000)"
        },
        "traceback": [
          {
            "path": "tests\\test_log.py",
            "lineno": 17,
            "message": "AssertionError"
          }
        ],
        "longrepr": "self = <tests.test_log.TestFromJson object at 0x000001EE640D7350>\nlog_json = {'createdAt': '2023-03-01T17:26:47.366Z', 'deviceId': '__device_uuid__', 'logId': '__log_uuid__', 'message': {'accessorUuid': 'ffffffff-ffff-ffff-ffff-ffffffffffff', 'action': 2, 'clientId': None, 'eventCode': 4, ...}, ...}\n\n    def test_unlocked_by_thumbturn(self, log_json):\n        log_json[\"message\"][\"eventCode\"] = 4\n        lock_log = LockLog(\n            created_at=datetime(2023, 3, 1, 17, 26, 47, 366000),\n            accessor_id=None,\n            access_code_id=None,\n            message=\"Unlocked by thumbturn\",\n        )\n>       assert LockLog.from_json(log_json) == lock_log\nE       AssertionError: assert LockLog(creat..._code_id=None) == LockLog(creat..._code_id=None)\nE         \nE         Omitting 3 identical items, use -vv to show\nE         Differing attributes:\nE         ['created_at']\nE         \nE         Drill down into differing attribute created_at:\nE           created_at: datetime.datetime(2023, 3, 1, 10, 26, 47, 366000) != datetime.datetime(2023, 3, 1, 17, 26, 47, 366000)\n\ntests\\test_log.py:17: AssertionError"
      },
      "teardown": {
        "outcome": "passed"
      }
    },
    {
      "nodeid": "tests/test_log.py::TestFromJson::test_unlocked_by_keypad",
      "lineno": 18,
      "outcome": "failed",
      "keywords": [
        "test_unlocked_by_keypad",
        "TestFromJson",
        "test_log.py",
        "tests",
        "dknowles2@pyschlage__5c48dcd0__requests__requests_futures",
        ""
      ],
      "setup": {
        "outcome": "passed"
      },
      "call": {
        "outcome": "failed",
        "crash": {
          "path": "D:\\repos\\dknowles2@pyschlage__5c48dcd0__requests__requests_futures\\tests\\test_log.py",
          "lineno": 32,
          "message": "AssertionError: assert LockLog(creat...ss-code-id__') == LockLog(creat...ss-code-id__')\n  \n  Omitting 3 identical items, use -vv to show\n  Differing attributes:\n  ['created_at']\n  \n  Drill down into differing attribute created_at:\n    created_at: datetime.datetime(2023, 3, 1, 10, 26, 47, 366000) != datetime.datetime(2023, 3, 1, 17, 26, 47, 366000)"
        },
        "traceback": [
          {
            "path": "tests\\test_log.py",
            "lineno": 32,
            "message": "AssertionError"
          }
        ],
        "longrepr": "self = <tests.test_log.TestFromJson object at 0x000001EE640D7A10>\nlog_json = {'createdAt': '2023-03-01T17:26:47.366Z', 'deviceId': '__device_uuid__', 'logId': '__log_uuid__', 'message': {'accessorUuid': 'ffffffff-ffff-ffff-ffff-ffffffffffff', 'action': 2, 'clientId': None, 'eventCode': 2, ...}, ...}\n\n    def test_unlocked_by_keypad(self, log_json):\n        log_json[\"message\"].update(\n            {\n                \"eventCode\": 2,\n                \"keypadUuid\": \"__access-code-id__\",\n            }\n        )\n        lock_log = LockLog(\n            created_at=datetime(2023, 3, 1, 17, 26, 47, 366000),\n            accessor_id=None,\n            access_code_id=\"__access-code-id__\",\n            message=\"Unlocked by keypad\",\n        )\n>       assert LockLog.from_json(log_json) == lock_log\nE       AssertionError: assert LockLog(creat...ss-code-id__') == LockLog(creat...ss-code-id__')\nE         \nE         Omitting 3 identical items, use -vv to show\nE         Differing attributes:\nE         ['created_at']\nE         \nE         Drill down into differing attribute created_at:\nE           created_at: datetime.datetime(2023, 3, 1, 10, 26, 47, 366000) != datetime.datetime(2023, 3, 1, 17, 26, 47, 366000)\n\ntests\\test_log.py:32: AssertionError"
      },
      "teardown": {
        "outcome": "passed"
      }
    },
    {
      "nodeid": "tests/test_log.py::TestFromJson::test_unlocked_by_mobile_device",
      "lineno": 33,
      "outcome": "failed",
      "keywords": [
        "test_unlocked_by_mobile_device",
        "TestFromJson",
        "test_log.py",
        "tests",
        "dknowles2@pyschlage__5c48dcd0__requests__requests_futures",
        ""
      ],
      "setup": {
        "outcome": "passed"
      },
      "call": {
        "outcome": "failed",
        "crash": {
          "path": "D:\\repos\\dknowles2@pyschlage__5c48dcd0__requests__requests_futures\\tests\\test_log.py",
          "lineno": 47,
          "message": "AssertionError: assert LockLog(creat..._code_id=None) == LockLog(creat..._code_id=None)\n  \n  Omitting 3 identical items, use -vv to show\n  Differing attributes:\n  ['created_at']\n  \n  Drill down into differing attribute created_at:\n    created_at: datetime.datetime(2023, 3, 1, 10, 26, 47, 366000) != datetime.datetime(2023, 3, 1, 17, 26, 47, 366000)"
        },
        "traceback": [
          {
            "path": "tests\\test_log.py",
            "lineno": 47,
            "message": "AssertionError"
          }
        ],
        "longrepr": "self = <tests.test_log.TestFromJson object at 0x000001EE640D4D90>\nlog_json = {'createdAt': '2023-03-01T17:26:47.366Z', 'deviceId': '__device_uuid__', 'logId': '__log_uuid__', 'message': {'accessorUuid': '__user-id__', 'action': 2, 'clientId': None, 'eventCode': 7, ...}, ...}\n\n    def test_unlocked_by_mobile_device(self, log_json):\n        log_json[\"message\"].update(\n            {\n                \"eventCode\": 7,\n                \"accessorUuid\": \"__user-id__\",\n            }\n        )\n        lock_log = LockLog(\n            created_at=datetime(2023, 3, 1, 17, 26, 47, 366000),\n            accessor_id=\"__user-id__\",\n            access_code_id=None,\n            message=\"Unlocked by mobile device\",\n        )\n>       assert LockLog.from_json(log_json) == lock_log\nE       AssertionError: assert LockLog(creat..._code_id=None) == LockLog(creat..._code_id=None)\nE         \nE         Omitting 3 identical items, use -vv to show\nE         Differing attributes:\nE         ['created_at']\nE         \nE         Drill down into differing attribute created_at:\nE           created_at: datetime.datetime(2023, 3, 1, 10, 26, 47, 366000) != datetime.datetime(2023, 3, 1, 17, 26, 47, 366000)\n\ntests\\test_log.py:47: AssertionError"
      },
      "teardown": {
        "outcome": "passed"
      }
    },
    {
      "nodeid": "tests/test_notification.py::test_from_json",
      "lineno": 10,
      "outcome": "passed",
      "keywords": [
        "test_from_json",
        "test_notification.py",
        "tests",
        "dknowles2@pyschlage__5c48dcd0__requests__requests_futures",
        ""
      ],
      "setup": {
        "outcome": "passed"
      },
      "call": {
        "outcome": "passed"
      },
      "teardown": {
        "outcome": "passed"
      }
    },
    {
      "nodeid": "tests/test_notification.py::test_save",
      "lineno": 18,
      "outcome": "passed",
      "keywords": [
        "test_save",
        "test_notification.py",
        "tests",
        "dknowles2@pyschlage__5c48dcd0__requests__requests_futures",
        ""
      ],
      "setup": {
        "outcome": "passed"
      },
      "call": {
        "outcome": "passed"
      },
      "teardown": {
        "outcome": "passed"
      }
    },
    {
      "nodeid": "tests/test_notification.py::test_delete",
      "lineno": 23,
      "outcome": "passed",
      "keywords": [
        "test_delete",
        "test_notification.py",
        "tests",
        "dknowles2@pyschlage__5c48dcd0__requests__requests_futures",
        ""
      ],
      "setup": {
        "outcome": "passed"
      },
      "call": {
        "outcome": "passed"
      },
      "teardown": {
        "outcome": "passed"
      }
    },
    {
      "nodeid": "tests/test_user.py::test_from_json",
      "lineno": 5,
      "outcome": "passed",
      "keywords": [
        "test_from_json",
        "test_user.py",
        "tests",
        "dknowles2@pyschlage__5c48dcd0__requests__requests_futures",
        ""
      ],
      "setup": {
        "outcome": "passed"
      },
      "call": {
        "outcome": "passed"
      },
      "teardown": {
        "outcome": "passed"
      }
    },
    {
      "nodeid": "tests/test_user.py::test_from_json_no_name",
      "lineno": 14,
      "outcome": "passed",
      "keywords": [
        "test_from_json_no_name",
        "test_user.py",
        "tests",
        "dknowles2@pyschlage__5c48dcd0__requests__requests_futures",
        ""
      ],
      "setup": {
        "outcome": "passed"
      },
      "call": {
        "outcome": "passed"
      },
      "teardown": {
        "outcome": "passed"
      }
    }
  ]
}