{
  "exitcode": 1,
  "summary": {
    "failed": 4,
    "passed": 4,
    "total": 8,
    "collected": 8
  },
  "collectors": [
    {
      "nodeid": "",
      "outcome": "passed",
      "result": [
        {
          "nodeid": ".",
          "type": "Dir"
        }
      ]
    },
    {
      "nodeid": "apyrat",
      "outcome": "passed",
      "result": []
    },
    {
      "nodeid": "apyrat.egg-info",
      "outcome": "passed",
      "result": []
    },
    {
      "nodeid": "tests/cli_test.py",
      "outcome": "passed",
      "result": [
        {
          "nodeid": "tests/cli_test.py::test_main_download_video_with_quality",
          "type": "Function",
          "lineno": 6
        },
        {
          "nodeid": "tests/cli_test.py::test_main_download_video_without_quality",
          "type": "Function",
          "lineno": 24
        },
        {
          "nodeid": "tests/cli_test.py::test_get_quality_available",
          "type": "Function",
          "lineno": 34
        },
        {
          "nodeid": "tests/cli_test.py::test_get_quality_not_available",
          "type": "Function",
          "lineno": 41
        },
        {
          "nodeid": "tests/cli_test.py::test_get_quality_not_available_no_confirm",
          "type": "Function",
          "lineno": 48
        }
      ]
    },
    {
      "nodeid": "tests/test_apyrat.py",
      "outcome": "passed",
      "result": [
        {
          "nodeid": "tests/test_apyrat.py::test_get_available_videos_single_video",
          "type": "Function",
          "lineno": 4
        },
        {
          "nodeid": "tests/test_apyrat.py::test_default_quality",
          "type": "Function",
          "lineno": 23
        },
        {
          "nodeid": "tests/test_apyrat.py::test_download_when_file_exists",
          "type": "Function",
          "lineno": 29
        }
      ]
    },
    {
      "nodeid": "tests",
      "outcome": "passed",
      "result": [
        {
          "nodeid": "tests/cli_test.py",
          "type": "Module"
        },
        {
          "nodeid": "tests/test_apyrat.py",
          "type": "Module"
        }
      ]
    },
    {
      "nodeid": ".",
      "outcome": "passed",
      "result": [
        {
          "nodeid": "apyrat",
          "type": "Package"
        },
        {
          "nodeid": "apyrat.egg-info",
          "type": "Dir"
        },
        {
          "nodeid": "tests",
          "type": "Package"
        }
      ]
    }
  ],
  "tests": [
    {
      "nodeid": "tests/cli_test.py::test_main_download_video_with_quality",
      "lineno": 6,
      "outcome": "failed",
      "keywords": [
        "test_main_download_video_with_quality",
        "cli_test.py",
        "tests",
        "codewithemad@apyrat__de1852d8__requests__treq",
        ""
      ],
      "setup": {
        "outcome": "passed"
      },
      "call": {
        "outcome": "failed",
        "crash": {
          "path": "D:\\repos\\codewithemad@apyrat__de1852d8__requests__treq\\tests\\cli_test.py",
          "lineno": 21,
          "message": "assert 1 == 0\n +  where 1 = <Result TypeError(\"argument of type 'NoneType' is not iterable\")>.exit_code"
        },
        "traceback": [
          {
            "path": "tests\\cli_test.py",
            "lineno": 21,
            "message": "AssertionError"
          }
        ],
        "longrepr": "def test_main_download_video_with_quality():\n        runner = CliRunner()\n        with patch(\n            \"apyrat.apyrat.Downloader._get_available_qualities\",\n            return_value=[\"480\", \"720\", \"1080\"],\n        ) as mock_qualities:\n            result = runner.invoke(\n                main,\n                [\n                    \"https://www.aparat.com/v/qur3I\",\n                    \"-q\",\n                    \"720\",\n                ],\n            )\n>       assert result.exit_code == 0\nE       assert 1 == 0\nE        +  where 1 = <Result TypeError(\"argument of type 'NoneType' is not iterable\")>.exit_code\n\ntests\\cli_test.py:21: AssertionError"
      },
      "teardown": {
        "outcome": "passed"
      }
    },
    {
      "nodeid": "tests/cli_test.py::test_main_download_video_without_quality",
      "lineno": 24,
      "outcome": "failed",
      "keywords": [
        "test_main_download_video_without_quality",
        "cli_test.py",
        "tests",
        "codewithemad@apyrat__de1852d8__requests__treq",
        ""
      ],
      "setup": {
        "outcome": "passed"
      },
      "call": {
        "outcome": "failed",
        "crash": {
          "path": "D:\\repos\\codewithemad@apyrat__de1852d8__requests__treq\\tests\\cli_test.py",
          "lineno": 32,
          "message": "assert 1 == 0\n +  where 1 = <Result TypeError(\"argument of type 'NoneType' is not iterable\")>.exit_code"
        },
        "traceback": [
          {
            "path": "tests\\cli_test.py",
            "lineno": 32,
            "message": "AssertionError"
          }
        ],
        "longrepr": "def test_main_download_video_without_quality():\n        runner = CliRunner()\n        with patch(\n            \"apyrat.apyrat.Downloader._get_available_qualities\",\n            return_value=[\"480\", \"720\", \"1080\"],\n        ), patch(\"click.prompt\", return_value=\"720\"):\n            result = runner.invoke(main, [\"https://www.aparat.com/v/qur3I\"])\n>       assert result.exit_code == 0\nE       assert 1 == 0\nE        +  where 1 = <Result TypeError(\"argument of type 'NoneType' is not iterable\")>.exit_code\n\ntests\\cli_test.py:32: AssertionError"
      },
      "teardown": {
        "outcome": "passed"
      }
    },
    {
      "nodeid": "tests/cli_test.py::test_get_quality_available",
      "lineno": 34,
      "outcome": "passed",
      "keywords": [
        "test_get_quality_available",
        "cli_test.py",
        "tests",
        "codewithemad@apyrat__de1852d8__requests__treq",
        ""
      ],
      "setup": {
        "outcome": "passed"
      },
      "call": {
        "outcome": "passed"
      },
      "teardown": {
        "outcome": "passed"
      }
    },
    {
      "nodeid": "tests/cli_test.py::test_get_quality_not_available",
      "lineno": 41,
      "outcome": "passed",
      "keywords": [
        "test_get_quality_not_available",
        "cli_test.py",
        "tests",
        "codewithemad@apyrat__de1852d8__requests__treq",
        ""
      ],
      "setup": {
        "outcome": "passed"
      },
      "call": {
        "outcome": "passed",
        "stderr": "Quality 240 is not available\n"
      },
      "teardown": {
        "outcome": "passed"
      }
    },
    {
      "nodeid": "tests/cli_test.py::test_get_quality_not_available_no_confirm",
      "lineno": 48,
      "outcome": "passed",
      "keywords": [
        "test_get_quality_not_available_no_confirm",
        "cli_test.py",
        "tests",
        "codewithemad@apyrat__de1852d8__requests__treq",
        ""
      ],
      "setup": {
        "outcome": "passed"
      },
      "call": {
        "outcome": "passed",
        "stderr": "Quality 240 is not available\n"
      },
      "teardown": {
        "outcome": "passed"
      }
    },
    {
      "nodeid": "tests/test_apyrat.py::test_get_available_videos_single_video",
      "lineno": 4,
      "outcome": "failed",
      "keywords": [
        "test_get_available_videos_single_video",
        "__wrapped__",
        "patchings",
        "test_apyrat.py",
        "tests",
        "codewithemad@apyrat__de1852d8__requests__treq",
        ""
      ],
      "setup": {
        "outcome": "passed"
      },
      "call": {
        "outcome": "failed",
        "crash": {
          "path": "D:\\repos\\codewithemad@apyrat__de1852d8__requests__treq\\tests\\test_apyrat.py",
          "lineno": 19,
          "message": "TypeError: object of type 'NoneType' has no len()"
        },
        "traceback": [
          {
            "path": "tests\\test_apyrat.py",
            "lineno": 19,
            "message": "TypeError"
          }
        ],
        "longrepr": "mock_get = <MagicMock name='get' id='1999703326352'>\n\n    @patch(\"requests.get\")\n    def test_get_available_videos_single_video(mock_get):\n        mock_get.return_value.json.return_value = {\n            \"data\": {\n                \"attributes\": {\n                    \"title\": \"My Video Title\",\n                    \"file_link_all\": [\n                        {\"profile\": \"720p\", \"urls\": [\"https://link-to-video\"]},\n                        {\"profile\": \"1080p\", \"urls\": [\"https://link-to-video\"]},\n                    ],\n                }\n            }\n        }\n        downloader = Downloader(\"https://www.aparat.com/v/qur3I\", \"outputfile\")\n>       assert len(downloader.videos) == 1\nE       TypeError: object of type 'NoneType' has no len()\n\ntests\\test_apyrat.py:19: TypeError"
      },
      "teardown": {
        "outcome": "passed"
      }
    },
    {
      "nodeid": "tests/test_apyrat.py::test_default_quality",
      "lineno": 23,
      "outcome": "passed",
      "keywords": [
        "test_default_quality",
        "test_apyrat.py",
        "tests",
        "codewithemad@apyrat__de1852d8__requests__treq",
        ""
      ],
      "setup": {
        "outcome": "passed"
      },
      "call": {
        "outcome": "passed"
      },
      "teardown": {
        "outcome": "passed"
      }
    },
    {
      "nodeid": "tests/test_apyrat.py::test_download_when_file_exists",
      "lineno": 29,
      "outcome": "failed",
      "keywords": [
        "test_download_when_file_exists",
        "__wrapped__",
        "patchings",
        "test_apyrat.py",
        "tests",
        "codewithemad@apyrat__de1852d8__requests__treq",
        ""
      ],
      "setup": {
        "outcome": "passed"
      },
      "call": {
        "outcome": "failed",
        "crash": {
          "path": "C:\\Users\\Mohay\\AppData\\Local\\Programs\\Python\\Python312\\Lib\\unittest\\mock.py",
          "lineno": 923,
          "message": "AssertionError: Expected 'download' to have been called once. Called 0 times."
        },
        "traceback": [
          {
            "path": "tests\\test_apyrat.py",
            "lineno": 45,
            "message": ""
          },
          {
            "path": "C:\\Users\\Mohay\\AppData\\Local\\Programs\\Python\\Python312\\Lib\\unittest\\mock.py",
            "lineno": 923,
            "message": "AssertionError"
          }
        ],
        "longrepr": "mock_wget = <MagicMock name='download' id='1999703484048'>\nmock_isfile = <MagicMock name='isfile' id='1999703487696'>\n\n    @patch(\"os.path.isfile\", return_value=True)\n    @patch(\"wget.download\")\n    def test_download_when_file_exists(mock_wget, mock_isfile):\n        downloader = Downloader(\"https://www.aparat.com/v/qur3I\", \"outputfile\")\n        downloader.videos = [\n            [\n                {\n                    \"title\": \"My Video Title\",\n                    \"profile\": \"720p\",\n                    \"url\": \"https://link-to-video\",\n                }\n            ]\n        ]\n        downloader.qualities = [\"720p\"]\n        downloader.download(\"720p\")\n>       mock_wget.assert_called_once()\n\ntests\\test_apyrat.py:45: \n_ _ _ _ _ _ _ _ _ _ _ _ _ _ _ _ _ _ _ _ _ _ _ _ _ _ _ _ _ _ _ _ _ _ _ _ _ _ _ _\n\nself = <MagicMock name='download' id='1999703484048'>\n\n    def assert_called_once(self):\n        \"\"\"assert that the mock was called only once.\n        \"\"\"\n        if not self.call_count == 1:\n            msg = (\"Expected '%s' to have been called once. Called %s times.%s\"\n                   % (self._mock_name or 'mock',\n                      self.call_count,\n                      self._calls_repr()))\n>           raise AssertionError(msg)\nE           AssertionError: Expected 'download' to have been called once. Called 0 times.\n\nC:\\Users\\Mohay\\AppData\\Local\\Programs\\Python\\Python312\\Lib\\unittest\\mock.py:923: AssertionError"
      },
      "teardown": {
        "outcome": "passed"
      }
    }
  ],
  "warnings": [
    {
      "message": "coroutine 'AsyncMockMixin._execute_mock_call' was never awaited",
      "category": "RuntimeWarning",
      "when": "runtest",
      "filename": "D:\\repos\\codewithemad@apyrat__de1852d8__requests__treq\\apyrat\\cli.py",
      "lineno": 93
    },
    {
      "message": "coroutine 'Downloader._get_available_qualities' was never awaited",
      "category": "RuntimeWarning",
      "when": "runtest",
      "filename": "<frozen abc>",
      "lineno": 117
    },
    {
      "message": "coroutine 'Downloader.download' was never awaited",
      "category": "RuntimeWarning",
      "when": "runtest",
      "filename": "D:\\repos\\codewithemad@apyrat__de1852d8__requests__treq\\tests\\test_apyrat.py",
      "lineno": 44
    }
  ]
}