{
  "exitcode": 1,
  "summary": {
    "failed": 10,
    "passed": 22,
    "total": 32,
    "collected": 32
  },
  "collectors": [
    {
      "nodeid": "",
      "outcome": "passed",
      "result": [
        {
          "nodeid": ".",
          "type": "Dir"
        }
      ]
    },
    {
      "nodeid": "docs",
      "outcome": "passed",
      "result": []
    },
    {
      "nodeid": "namesilo/common",
      "outcome": "passed",
      "result": []
    },
    {
      "nodeid": "namesilo",
      "outcome": "passed",
      "result": [
        {
          "nodeid": "namesilo/common",
          "type": "Package"
        }
      ]
    },
    {
      "nodeid": "python_namesilo.egg-info",
      "outcome": "passed",
      "result": []
    },
    {
      "nodeid": "tests/test_namesilo.py::NameSiloTestCase",
      "outcome": "passed",
      "result": [
        {
          "nodeid": "tests/test_namesilo.py::NameSiloTestCase::test_account_balance",
          "type": "TestCaseFunction",
          "lineno": 58
        },
        {
          "nodeid": "tests/test_namesilo.py::NameSiloTestCase::test_add_contact",
          "type": "TestCaseFunction",
          "lineno": 170
        },
        {
          "nodeid": "tests/test_namesilo.py::NameSiloTestCase::test_add_dns_record",
          "type": "TestCaseFunction",
          "lineno": 318
        },
        {
          "nodeid": "tests/test_namesilo.py::NameSiloTestCase::test_add_domain_privacy",
          "type": "TestCaseFunction",
          "lineno": 270
        },
        {
          "nodeid": "tests/test_namesilo.py::NameSiloTestCase::test_add_funds",
          "type": "TestCaseFunction",
          "lineno": 68
        },
        {
          "nodeid": "tests/test_namesilo.py::NameSiloTestCase::test_auto_renew_domain",
          "type": "TestCaseFunction",
          "lineno": 290
        },
        {
          "nodeid": "tests/test_namesilo.py::NameSiloTestCase::test_change_domain_nameservers",
          "type": "TestCaseFunction",
          "lineno": 244
        },
        {
          "nodeid": "tests/test_namesilo.py::NameSiloTestCase::test_check_error_code",
          "type": "TestCaseFunction",
          "lineno": 225
        },
        {
          "nodeid": "tests/test_namesilo.py::NameSiloTestCase::test_check_error_code_exception",
          "type": "TestCaseFunction",
          "lineno": 228
        },
        {
          "nodeid": "tests/test_namesilo.py::NameSiloTestCase::test_contacts_lists",
          "type": "TestCaseFunction",
          "lineno": 154
        },
        {
          "nodeid": "tests/test_namesilo.py::NameSiloTestCase::test_contacts_lists_only_one_contact",
          "type": "TestCaseFunction",
          "lineno": 162
        },
        {
          "nodeid": "tests/test_namesilo.py::NameSiloTestCase::test_delete_contact",
          "type": "TestCaseFunction",
          "lineno": 208
        },
        {
          "nodeid": "tests/test_namesilo.py::NameSiloTestCase::test_domain_check_available",
          "type": "TestCaseFunction",
          "lineno": 78
        },
        {
          "nodeid": "tests/test_namesilo.py::NameSiloTestCase::test_domain_check_not_available",
          "type": "TestCaseFunction",
          "lineno": 89
        },
        {
          "nodeid": "tests/test_namesilo.py::NameSiloTestCase::test_domain_price",
          "type": "TestCaseFunction",
          "lineno": 217
        },
        {
          "nodeid": "tests/test_namesilo.py::NameSiloTestCase::test_domain_registration",
          "type": "TestCaseFunction",
          "lineno": 101
        },
        {
          "nodeid": "tests/test_namesilo.py::NameSiloTestCase::test_domain_registration_fail",
          "type": "TestCaseFunction",
          "lineno": 258
        },
        {
          "nodeid": "tests/test_namesilo.py::NameSiloTestCase::test_domain_renewal",
          "type": "TestCaseFunction",
          "lineno": 112
        },
        {
          "nodeid": "tests/test_namesilo.py::NameSiloTestCase::test_get_content_xml",
          "type": "TestCaseFunction",
          "lineno": 33
        },
        {
          "nodeid": "tests/test_namesilo.py::NameSiloTestCase::test_get_content_xml_exception",
          "type": "TestCaseFunction",
          "lineno": 48
        },
        {
          "nodeid": "tests/test_namesilo.py::NameSiloTestCase::test_get_domain_info",
          "type": "TestCaseFunction",
          "lineno": 231
        },
        {
          "nodeid": "tests/test_namesilo.py::NameSiloTestCase::test_list_dns_records",
          "type": "TestCaseFunction",
          "lineno": 310
        },
        {
          "nodeid": "tests/test_namesilo.py::NameSiloTestCase::test_list_domains",
          "type": "TestCaseFunction",
          "lineno": 141
        },
        {
          "nodeid": "tests/test_namesilo.py::NameSiloTestCase::test_lock_domain",
          "type": "TestCaseFunction",
          "lineno": 123
        },
        {
          "nodeid": "tests/test_namesilo.py::NameSiloTestCase::test_process_data",
          "type": "TestCaseFunction",
          "lineno": 23
        },
        {
          "nodeid": "tests/test_namesilo.py::NameSiloTestCase::test_production_api_url",
          "type": "TestCaseFunction",
          "lineno": 15
        },
        {
          "nodeid": "tests/test_namesilo.py::NameSiloTestCase::test_remove_auto_renew_domain",
          "type": "TestCaseFunction",
          "lineno": 300
        },
        {
          "nodeid": "tests/test_namesilo.py::NameSiloTestCase::test_remove_domain_privacy",
          "type": "TestCaseFunction",
          "lineno": 280
        },
        {
          "nodeid": "tests/test_namesilo.py::NameSiloTestCase::test_sandbox_api_url",
          "type": "TestCaseFunction",
          "lineno": 19
        },
        {
          "nodeid": "tests/test_namesilo.py::NameSiloTestCase::test_unlock_domain",
          "type": "TestCaseFunction",
          "lineno": 132
        },
        {
          "nodeid": "tests/test_namesilo.py::NameSiloTestCase::test_update_contact",
          "type": "TestCaseFunction",
          "lineno": 182
        },
        {
          "nodeid": "tests/test_namesilo.py::NameSiloTestCase::test_update_dns_record",
          "type": "TestCaseFunction",
          "lineno": 330
        }
      ]
    },
    {
      "nodeid": "tests/test_namesilo.py",
      "outcome": "passed",
      "result": [
        {
          "nodeid": "tests/test_namesilo.py::NameSiloTestCase",
          "type": "UnitTestCase"
        }
      ]
    },
    {
      "nodeid": "tests",
      "outcome": "passed",
      "result": [
        {
          "nodeid": "tests/test_namesilo.py",
          "type": "Module"
        }
      ]
    },
    {
      "nodeid": ".",
      "outcome": "passed",
      "result": [
        {
          "nodeid": "docs",
          "type": "Dir"
        },
        {
          "nodeid": "namesilo",
          "type": "Package"
        },
        {
          "nodeid": "python_namesilo.egg-info",
          "type": "Dir"
        },
        {
          "nodeid": "tests",
          "type": "Package"
        }
      ]
    }
  ],
  "tests": [
    {
      "nodeid": "tests/test_namesilo.py::NameSiloTestCase::test_account_balance",
      "lineno": 58,
      "outcome": "failed",
      "keywords": [
        "test_account_balance",
        "__wrapped__",
        "patchings",
        "NameSiloTestCase",
        "test_namesilo.py",
        "tests",
        "goranvrbaski@python-namesilo__4c867e65__requests__aiohttp",
        ""
      ],
      "setup": {
        "outcome": "passed"
      },
      "call": {
        "outcome": "failed",
        "crash": {
          "path": "D:\\repos\\goranvrbaski@python-namesilo__4c867e65__requests__aiohttp\\namesilo\\core.py",
          "lineno": 358,
          "message": "TypeError: 'coroutine' object is not subscriptable"
        },
        "traceback": [
          {
            "path": "tests\\test_namesilo.py",
            "lineno": 62,
            "message": ""
          },
          {
            "path": "namesilo\\core.py",
            "lineno": 358,
            "message": "TypeError"
          }
        ],
        "longrepr": "self = <tests.test_namesilo.NameSiloTestCase testMethod=test_account_balance>\nmock_process_data = <AsyncMock name='_process_data' id='2339706543760'>\n\n    @mock.patch('namesilo.core.NameSilo._process_data')\n    def test_account_balance(self, mock_process_data):\n        mock_process_data.return_value = mocked_data\n>       balance = self.ns.get_account_balance()\n                  ^^^^^^^^^^^^^^^^^^^^^^^^^^^^^\n\ntests\\test_namesilo.py:62: \n_ _ _ _ _ _ _ _ _ _ _ _ _ _ _ _ _ _ _ _ _ _ _ _ _ _ _ _ _ _ _ _ _ _ _ _ _ _ _ _\n\nself = <namesilo.core.NameSilo object at 0x00000220C1618B90>\n\n    def get_account_balance(self) -> float:\n        \"\"\"\n        Returns current account balance\n    \n        :return: current account balance\n        :rtype: float\n        \"\"\"\n        url_extend = f\"getAccountBalance?version=1&type=xml&key={self._token}\"\n        parsed_context = self._process_data(url_extend)\n>       amount = parsed_context['namesilo']['reply']['balance']\n                 ^^^^^^^^^^^^^^^^^^^^^^^^^^\nE       TypeError: 'coroutine' object is not subscriptable\n\nnamesilo\\core.py:358: TypeError"
      },
      "teardown": {
        "outcome": "passed"
      }
    },
    {
      "nodeid": "tests/test_namesilo.py::NameSiloTestCase::test_add_contact",
      "lineno": 170,
      "outcome": "passed",
      "keywords": [
        "test_add_contact",
        "__wrapped__",
        "patchings",
        "NameSiloTestCase",
        "test_namesilo.py",
        "tests",
        "goranvrbaski@python-namesilo__4c867e65__requests__aiohttp",
        ""
      ],
      "setup": {
        "outcome": "passed"
      },
      "call": {
        "outcome": "passed"
      },
      "teardown": {
        "outcome": "passed"
      }
    },
    {
      "nodeid": "tests/test_namesilo.py::NameSiloTestCase::test_add_dns_record",
      "lineno": 318,
      "outcome": "failed",
      "keywords": [
        "test_add_dns_record",
        "__wrapped__",
        "patchings",
        "NameSiloTestCase",
        "test_namesilo.py",
        "tests",
        "goranvrbaski@python-namesilo__4c867e65__requests__aiohttp",
        ""
      ],
      "setup": {
        "outcome": "passed"
      },
      "call": {
        "outcome": "failed",
        "crash": {
          "path": "D:\\repos\\goranvrbaski@python-namesilo__4c867e65__requests__aiohttp\\namesilo\\core.py",
          "lineno": 426,
          "message": "TypeError: 'coroutine' object is not subscriptable"
        },
        "traceback": [
          {
            "path": "tests\\test_namesilo.py",
            "lineno": 322,
            "message": ""
          },
          {
            "path": "namesilo\\core.py",
            "lineno": 426,
            "message": "TypeError"
          }
        ],
        "longrepr": "self = <tests.test_namesilo.NameSiloTestCase testMethod=test_add_dns_record>\nmock_content_xml = <AsyncMock name='_process_data' id='2339706808592'>\n\n    @mock.patch('namesilo.core.NameSilo._process_data')\n    def test_add_dns_record(self, mock_content_xml):\n        mock_content_xml.return_value = mocked_data\n>       record_id = self.ns.add_dns_records(\n            \"some-domain.com\", \"A\", \"test.some-domain.com\", \"192.168.71.50\", 86400\n        )\n\ntests\\test_namesilo.py:322: \n_ _ _ _ _ _ _ _ _ _ _ _ _ _ _ _ _ _ _ _ _ _ _ _ _ _ _ _ _ _ _ _ _ _ _ _ _ _ _ _\n\nself = <namesilo.core.NameSilo object at 0x00000220C164A750>\ndomain_name = 'some-domain.com', record_type = 'A'\nrecord_host = 'test.some-domain.com', record_value = '192.168.71.50'\nttl = 86400\n\n    def add_dns_records(\n            self,\n            domain_name: str,\n            record_type: str,\n            record_host: str,\n            record_value: str,\n            ttl: int = 7207\n    ) -> int:\n        \"\"\"\n        Add DNS record to specified domain name\n    \n        :param str domain_name: Domain name for adding DNS record\n        :param str record_type: The type of resources record to add\n        :param str record_host: The hostname for the new record\n        :param str record_value: The value for the resource record\n        :param int ttl: The TTL for the new record\n        :return: Returns record id for specified domain record\n        :rtype: int\n        \"\"\"\n    \n        url_extend = f\"dnsAddRecord?version=1&type=xml&key={self._token}\" \\\n                     f\"&domain={domain_name}&rrtype={record_type}\" \\\n                     f\"&rrhost={record_host}&rrvalue={record_value}&rrttl={ttl}\"\n        parsed_context = self._process_data(url_extend)\n>       record_id = parsed_context['namesilo']['reply']['record_id']\n                    ^^^^^^^^^^^^^^^^^^^^^^^^^^\nE       TypeError: 'coroutine' object is not subscriptable\n\nnamesilo\\core.py:426: TypeError"
      },
      "teardown": {
        "outcome": "passed"
      }
    },
    {
      "nodeid": "tests/test_namesilo.py::NameSiloTestCase::test_add_domain_privacy",
      "lineno": 270,
      "outcome": "passed",
      "keywords": [
        "test_add_domain_privacy",
        "__wrapped__",
        "patchings",
        "NameSiloTestCase",
        "test_namesilo.py",
        "tests",
        "goranvrbaski@python-namesilo__4c867e65__requests__aiohttp",
        ""
      ],
      "setup": {
        "outcome": "passed"
      },
      "call": {
        "outcome": "passed"
      },
      "teardown": {
        "outcome": "passed"
      }
    },
    {
      "nodeid": "tests/test_namesilo.py::NameSiloTestCase::test_add_funds",
      "lineno": 68,
      "outcome": "failed",
      "keywords": [
        "test_add_funds",
        "__wrapped__",
        "patchings",
        "NameSiloTestCase",
        "test_namesilo.py",
        "tests",
        "goranvrbaski@python-namesilo__4c867e65__requests__aiohttp",
        ""
      ],
      "setup": {
        "outcome": "passed"
      },
      "call": {
        "outcome": "failed",
        "crash": {
          "path": "D:\\repos\\goranvrbaski@python-namesilo__4c867e65__requests__aiohttp\\namesilo\\core.py",
          "lineno": 346,
          "message": "TypeError: 'coroutine' object is not subscriptable"
        },
        "traceback": [
          {
            "path": "tests\\test_namesilo.py",
            "lineno": 72,
            "message": ""
          },
          {
            "path": "namesilo\\core.py",
            "lineno": 346,
            "message": "TypeError"
          }
        ],
        "longrepr": "self = <tests.test_namesilo.NameSiloTestCase testMethod=test_add_funds>\nmock_content_xml = <AsyncMock name='_process_data' id='2339706757776'>\n\n    @mock.patch('namesilo.core.NameSilo._process_data')\n    def test_add_funds(self, mock_content_xml):\n        mock_content_xml.return_value = mocked_data\n>       status, balance = self.ns.add_account_funds(5, 281)\n                          ^^^^^^^^^^^^^^^^^^^^^^^^^^^^^^^^^\n\ntests\\test_namesilo.py:72: \n_ _ _ _ _ _ _ _ _ _ _ _ _ _ _ _ _ _ _ _ _ _ _ _ _ _ _ _ _ _ _ _ _ _ _ _ _ _ _ _\n\nself = <namesilo.core.NameSilo object at 0x00000220C163E890>, amount = 5\npayment_id = 281\n\n    def add_account_funds(self, amount: float, payment_id: int) -> Tuple[bool, float]:\n        \"\"\"\n        Adding funds to Namesilo account\n    \n        :param float amount: amount to add\n        :param int payment_id: ID of payment (credit card)\n        :return: Status and amount after adding funds, example: (True, 150.00)\n        :rtype: tuple\n        \"\"\"\n        url_extend = f\"addAccountFunds?version=1&type=xml&key={self._token}&\" \\\n                     f\"amount={amount}&payment_id={payment_id}\"\n        parsed_context = self._process_data(url_extend)\n>       amount = parsed_context['namesilo']['reply']['new_balance']\n                 ^^^^^^^^^^^^^^^^^^^^^^^^^^\nE       TypeError: 'coroutine' object is not subscriptable\n\nnamesilo\\core.py:346: TypeError"
      },
      "teardown": {
        "outcome": "passed"
      }
    },
    {
      "nodeid": "tests/test_namesilo.py::NameSiloTestCase::test_auto_renew_domain",
      "lineno": 290,
      "outcome": "passed",
      "keywords": [
        "test_auto_renew_domain",
        "__wrapped__",
        "patchings",
        "NameSiloTestCase",
        "test_namesilo.py",
        "tests",
        "goranvrbaski@python-namesilo__4c867e65__requests__aiohttp",
        ""
      ],
      "setup": {
        "outcome": "passed"
      },
      "call": {
        "outcome": "passed"
      },
      "teardown": {
        "outcome": "passed"
      }
    },
    {
      "nodeid": "tests/test_namesilo.py::NameSiloTestCase::test_change_domain_nameservers",
      "lineno": 244,
      "outcome": "passed",
      "keywords": [
        "test_change_domain_nameservers",
        "asyncio",
        "__wrapped__",
        "patchings",
        "pytestmark",
        "NameSiloTestCase",
        "test_namesilo.py",
        "tests",
        "goranvrbaski@python-namesilo__4c867e65__requests__aiohttp",
        ""
      ],
      "setup": {
        "outcome": "passed"
      },
      "call": {
        "outcome": "passed"
      },
      "teardown": {
        "outcome": "passed"
      }
    },
    {
      "nodeid": "tests/test_namesilo.py::NameSiloTestCase::test_check_error_code",
      "lineno": 225,
      "outcome": "passed",
      "keywords": [
        "test_check_error_code",
        "NameSiloTestCase",
        "test_namesilo.py",
        "tests",
        "goranvrbaski@python-namesilo__4c867e65__requests__aiohttp",
        ""
      ],
      "setup": {
        "outcome": "passed"
      },
      "call": {
        "outcome": "passed"
      },
      "teardown": {
        "outcome": "passed"
      }
    },
    {
      "nodeid": "tests/test_namesilo.py::NameSiloTestCase::test_check_error_code_exception",
      "lineno": 228,
      "outcome": "passed",
      "keywords": [
        "test_check_error_code_exception",
        "NameSiloTestCase",
        "test_namesilo.py",
        "tests",
        "goranvrbaski@python-namesilo__4c867e65__requests__aiohttp",
        ""
      ],
      "setup": {
        "outcome": "passed"
      },
      "call": {
        "outcome": "passed"
      },
      "teardown": {
        "outcome": "passed"
      }
    },
    {
      "nodeid": "tests/test_namesilo.py::NameSiloTestCase::test_contacts_lists",
      "lineno": 154,
      "outcome": "failed",
      "keywords": [
        "test_contacts_lists",
        "__wrapped__",
        "patchings",
        "NameSiloTestCase",
        "test_namesilo.py",
        "tests",
        "goranvrbaski@python-namesilo__4c867e65__requests__aiohttp",
        ""
      ],
      "setup": {
        "outcome": "passed"
      },
      "call": {
        "outcome": "failed",
        "crash": {
          "path": "D:\\repos\\goranvrbaski@python-namesilo__4c867e65__requests__aiohttp\\namesilo\\core.py",
          "lineno": 274,
          "message": "TypeError: 'coroutine' object is not subscriptable"
        },
        "traceback": [
          {
            "path": "tests\\test_namesilo.py",
            "lineno": 158,
            "message": ""
          },
          {
            "path": "namesilo\\core.py",
            "lineno": 274,
            "message": "TypeError"
          }
        ],
        "longrepr": "self = <tests.test_namesilo.NameSiloTestCase testMethod=test_contacts_lists>\nmock_content_xml = <AsyncMock name='_process_data' id='2339707275472'>\n\n    @mock.patch('namesilo.core.NameSilo._process_data')\n    def test_contacts_lists(self, mock_content_xml):\n        mock_content_xml.return_value = mocked_data\n>       self.assertIsInstance(self.ns.list_contacts(), list)\n                              ^^^^^^^^^^^^^^^^^^^^^^^\n\ntests\\test_namesilo.py:158: \n_ _ _ _ _ _ _ _ _ _ _ _ _ _ _ _ _ _ _ _ _ _ _ _ _ _ _ _ _ _ _ _ _ _ _ _ _ _ _ _\n\nself = <namesilo.core.NameSilo object at 0x00000220C16BD310>\n\n    def list_contacts(self) -> List[ContactModel]:\n        \"\"\"\n        Returns list of all contacts for current account\n    \n        :return: list of all contacts\n        :rtype: list\n        \"\"\"\n        contacts = []\n        url_extend = f\"contactList?version=1&type=xml&key={self._token}\"\n        parsed_context = self._process_data(url_extend)\n>       reply = parsed_context['namesilo']['reply']['contact']\n                ^^^^^^^^^^^^^^^^^^^^^^^^^^\nE       TypeError: 'coroutine' object is not subscriptable\n\nnamesilo\\core.py:274: TypeError"
      },
      "teardown": {
        "outcome": "passed"
      }
    },
    {
      "nodeid": "tests/test_namesilo.py::NameSiloTestCase::test_contacts_lists_only_one_contact",
      "lineno": 162,
      "outcome": "failed",
      "keywords": [
        "test_contacts_lists_only_one_contact",
        "__wrapped__",
        "patchings",
        "NameSiloTestCase",
        "test_namesilo.py",
        "tests",
        "goranvrbaski@python-namesilo__4c867e65__requests__aiohttp",
        ""
      ],
      "setup": {
        "outcome": "passed"
      },
      "call": {
        "outcome": "failed",
        "crash": {
          "path": "D:\\repos\\goranvrbaski@python-namesilo__4c867e65__requests__aiohttp\\namesilo\\core.py",
          "lineno": 274,
          "message": "TypeError: 'coroutine' object is not subscriptable"
        },
        "traceback": [
          {
            "path": "tests\\test_namesilo.py",
            "lineno": 166,
            "message": ""
          },
          {
            "path": "namesilo\\core.py",
            "lineno": 274,
            "message": "TypeError"
          }
        ],
        "longrepr": "self = <tests.test_namesilo.NameSiloTestCase testMethod=test_contacts_lists_only_one_contact>\nmock_content_xml = <AsyncMock name='_process_data' id='2339706812560'>\n\n    @mock.patch('namesilo.core.NameSilo._process_data')\n    def test_contacts_lists_only_one_contact(self, mock_content_xml):\n        mock_content_xml.return_value = mocked_single_contact\n>       self.assertIsInstance(self.ns.list_contacts(), list)\n                              ^^^^^^^^^^^^^^^^^^^^^^^\n\ntests\\test_namesilo.py:166: \n_ _ _ _ _ _ _ _ _ _ _ _ _ _ _ _ _ _ _ _ _ _ _ _ _ _ _ _ _ _ _ _ _ _ _ _ _ _ _ _\n\nself = <namesilo.core.NameSilo object at 0x00000220C164B690>\n\n    def list_contacts(self) -> List[ContactModel]:\n        \"\"\"\n        Returns list of all contacts for current account\n    \n        :return: list of all contacts\n        :rtype: list\n        \"\"\"\n        contacts = []\n        url_extend = f\"contactList?version=1&type=xml&key={self._token}\"\n        parsed_context = self._process_data(url_extend)\n>       reply = parsed_context['namesilo']['reply']['contact']\n                ^^^^^^^^^^^^^^^^^^^^^^^^^^\nE       TypeError: 'coroutine' object is not subscriptable\n\nnamesilo\\core.py:274: TypeError"
      },
      "teardown": {
        "outcome": "passed"
      }
    },
    {
      "nodeid": "tests/test_namesilo.py::NameSiloTestCase::test_delete_contact",
      "lineno": 208,
      "outcome": "passed",
      "keywords": [
        "test_delete_contact",
        "__wrapped__",
        "patchings",
        "NameSiloTestCase",
        "test_namesilo.py",
        "tests",
        "goranvrbaski@python-namesilo__4c867e65__requests__aiohttp",
        ""
      ],
      "setup": {
        "outcome": "passed"
      },
      "call": {
        "outcome": "passed"
      },
      "teardown": {
        "outcome": "passed"
      }
    },
    {
      "nodeid": "tests/test_namesilo.py::NameSiloTestCase::test_domain_check_available",
      "lineno": 78,
      "outcome": "passed",
      "keywords": [
        "test_domain_check_available",
        "asyncio",
        "__wrapped__",
        "patchings",
        "pytestmark",
        "NameSiloTestCase",
        "test_namesilo.py",
        "tests",
        "goranvrbaski@python-namesilo__4c867e65__requests__aiohttp",
        ""
      ],
      "setup": {
        "outcome": "passed"
      },
      "call": {
        "outcome": "passed"
      },
      "teardown": {
        "outcome": "passed"
      }
    },
    {
      "nodeid": "tests/test_namesilo.py::NameSiloTestCase::test_domain_check_not_available",
      "lineno": 89,
      "outcome": "passed",
      "keywords": [
        "test_domain_check_not_available",
        "asyncio",
        "__wrapped__",
        "patchings",
        "pytestmark",
        "NameSiloTestCase",
        "test_namesilo.py",
        "tests",
        "goranvrbaski@python-namesilo__4c867e65__requests__aiohttp",
        ""
      ],
      "setup": {
        "outcome": "passed"
      },
      "call": {
        "outcome": "passed"
      },
      "teardown": {
        "outcome": "passed"
      }
    },
    {
      "nodeid": "tests/test_namesilo.py::NameSiloTestCase::test_domain_price",
      "lineno": 217,
      "outcome": "failed",
      "keywords": [
        "test_domain_price",
        "__wrapped__",
        "patchings",
        "NameSiloTestCase",
        "test_namesilo.py",
        "tests",
        "goranvrbaski@python-namesilo__4c867e65__requests__aiohttp",
        ""
      ],
      "setup": {
        "outcome": "passed"
      },
      "call": {
        "outcome": "failed",
        "crash": {
          "path": "D:\\repos\\goranvrbaski@python-namesilo__4c867e65__requests__aiohttp\\namesilo\\core.py",
          "lineno": 262,
          "message": "TypeError: 'coroutine' object is not subscriptable"
        },
        "traceback": [
          {
            "path": "tests\\test_namesilo.py",
            "lineno": 221,
            "message": ""
          },
          {
            "path": "namesilo\\core.py",
            "lineno": 262,
            "message": "TypeError"
          }
        ],
        "longrepr": "self = <tests.test_namesilo.NameSiloTestCase testMethod=test_domain_price>\nmock_content_xml = <AsyncMock name='_process_data' id='2339707789200'>\n\n    @mock.patch('namesilo.core.NameSilo._process_data')\n    def test_domain_price(self, mock_content_xml):\n        mock_content_xml.return_value = mocked_data\n>       self.assertIsInstance(self.ns.get_prices(), dict)\n                              ^^^^^^^^^^^^^^^^^^^^\n\ntests\\test_namesilo.py:221: \n_ _ _ _ _ _ _ _ _ _ _ _ _ _ _ _ _ _ _ _ _ _ _ _ _ _ _ _ _ _ _ _ _ _ _ _ _ _ _ _\n\nself = <namesilo.core.NameSilo object at 0x00000220C173B050>\n\n    def get_prices(self):\n        \"\"\"\n        Returns all prices for supported TLDs\n    \n        :return: Prices for supported TLDs\n        :rtype: dict\n        \"\"\"\n        url_extend = f\"getPrices?version=1&type=xml&key={self._token}\"\n        parsed_content = self._process_data(url_extend)\n>       return parsed_content['namesilo']['reply']\n               ^^^^^^^^^^^^^^^^^^^^^^^^^^\nE       TypeError: 'coroutine' object is not subscriptable\n\nnamesilo\\core.py:262: TypeError"
      },
      "teardown": {
        "outcome": "passed"
      }
    },
    {
      "nodeid": "tests/test_namesilo.py::NameSiloTestCase::test_domain_registration",
      "lineno": 101,
      "outcome": "passed",
      "keywords": [
        "test_domain_registration",
        "asyncio",
        "__wrapped__",
        "patchings",
        "pytestmark",
        "NameSiloTestCase",
        "test_namesilo.py",
        "tests",
        "goranvrbaski@python-namesilo__4c867e65__requests__aiohttp",
        ""
      ],
      "setup": {
        "outcome": "passed"
      },
      "call": {
        "outcome": "passed"
      },
      "teardown": {
        "outcome": "passed"
      }
    },
    {
      "nodeid": "tests/test_namesilo.py::NameSiloTestCase::test_domain_registration_fail",
      "lineno": 258,
      "outcome": "failed",
      "keywords": [
        "test_domain_registration_fail",
        "__wrapped__",
        "patchings",
        "NameSiloTestCase",
        "test_namesilo.py",
        "tests",
        "goranvrbaski@python-namesilo__4c867e65__requests__aiohttp",
        ""
      ],
      "setup": {
        "outcome": "passed"
      },
      "call": {
        "outcome": "failed",
        "crash": {
          "path": "C:\\Users\\Mohay\\AppData\\Local\\Programs\\Python\\Python311\\Lib\\unittest\\case.py",
          "lineno": 199,
          "message": "AssertionError: DomainProcessingError not raised by register_domain"
        },
        "traceback": [
          {
            "path": "tests\\test_namesilo.py",
            "lineno": 264,
            "message": "AssertionError"
          }
        ],
        "longrepr": "self = <tests.test_namesilo.NameSiloTestCase testMethod=test_domain_registration_fail>\nmock_content_xml = <AsyncMock name='_get_content_xml' id='2339707940624'>\n\n    @mock.patch('namesilo.core.NameSilo._get_content_xml')\n    def test_domain_registration_fail(self, mock_content_xml):\n        domain_name = \"some-domain.com\"\n        mocked_data['namesilo']['reply']['code'] = 261\n        mock_content_xml.return_value = mocked_data\n>       self.assertRaises(DomainProcessingError, self.ns.register_domain,\n                          domain_name)\nE       AssertionError: DomainProcessingError not raised by register_domain\n\ntests\\test_namesilo.py:264: AssertionError"
      },
      "teardown": {
        "outcome": "passed"
      }
    },
    {
      "nodeid": "tests/test_namesilo.py::NameSiloTestCase::test_domain_renewal",
      "lineno": 112,
      "outcome": "passed",
      "keywords": [
        "test_domain_renewal",
        "__wrapped__",
        "patchings",
        "NameSiloTestCase",
        "test_namesilo.py",
        "tests",
        "goranvrbaski@python-namesilo__4c867e65__requests__aiohttp",
        ""
      ],
      "setup": {
        "outcome": "passed"
      },
      "call": {
        "outcome": "passed"
      },
      "teardown": {
        "outcome": "passed"
      }
    },
    {
      "nodeid": "tests/test_namesilo.py::NameSiloTestCase::test_get_content_xml",
      "lineno": 33,
      "outcome": "passed",
      "keywords": [
        "test_get_content_xml",
        "asyncio",
        "__wrapped__",
        "patchings",
        "pytestmark",
        "NameSiloTestCase",
        "test_namesilo.py",
        "tests",
        "goranvrbaski@python-namesilo__4c867e65__requests__aiohttp",
        ""
      ],
      "setup": {
        "outcome": "passed"
      },
      "call": {
        "outcome": "passed"
      },
      "teardown": {
        "outcome": "passed"
      }
    },
    {
      "nodeid": "tests/test_namesilo.py::NameSiloTestCase::test_get_content_xml_exception",
      "lineno": 48,
      "outcome": "failed",
      "keywords": [
        "test_get_content_xml_exception",
        "__wrapped__",
        "patchings",
        "NameSiloTestCase",
        "test_namesilo.py",
        "tests",
        "goranvrbaski@python-namesilo__4c867e65__requests__aiohttp",
        ""
      ],
      "setup": {
        "outcome": "passed"
      },
      "call": {
        "outcome": "failed",
        "crash": {
          "path": "C:\\Users\\Mohay\\AppData\\Local\\Programs\\Python\\Python311\\Lib\\pkgutil.py",
          "lineno": 715,
          "message": "AttributeError: module 'namesilo.core' has no attribute 'requests'"
        },
        "traceback": [
          {
            "path": "C:\\Users\\Mohay\\AppData\\Local\\Programs\\Python\\Python311\\Lib\\unittest\\mock.py",
            "lineno": 1375,
            "message": "in patched"
          },
          {
            "path": "C:\\Users\\Mohay\\AppData\\Local\\Programs\\Python\\Python311\\Lib\\contextlib.py",
            "lineno": 137,
            "message": "in __enter__"
          },
          {
            "path": "C:\\Users\\Mohay\\AppData\\Local\\Programs\\Python\\Python311\\Lib\\unittest\\mock.py",
            "lineno": 1357,
            "message": "in decoration_helper"
          },
          {
            "path": "C:\\Users\\Mohay\\AppData\\Local\\Programs\\Python\\Python311\\Lib\\contextlib.py",
            "lineno": 517,
            "message": "in enter_context"
          },
          {
            "path": "C:\\Users\\Mohay\\AppData\\Local\\Programs\\Python\\Python311\\Lib\\unittest\\mock.py",
            "lineno": 1430,
            "message": "in __enter__"
          },
          {
            "path": "C:\\Users\\Mohay\\AppData\\Local\\Programs\\Python\\Python311\\Lib\\pkgutil.py",
            "lineno": 715,
            "message": "AttributeError"
          }
        ],
        "longrepr": "C:\\Users\\Mohay\\AppData\\Local\\Programs\\Python\\Python311\\Lib\\unittest\\mock.py:1375: in patched\n    with self.decoration_helper(patched,\nC:\\Users\\Mohay\\AppData\\Local\\Programs\\Python\\Python311\\Lib\\contextlib.py:137: in __enter__\n    return next(self.gen)\n           ^^^^^^^^^^^^^^\nC:\\Users\\Mohay\\AppData\\Local\\Programs\\Python\\Python311\\Lib\\unittest\\mock.py:1357: in decoration_helper\n    arg = exit_stack.enter_context(patching)\n          ^^^^^^^^^^^^^^^^^^^^^^^^^^^^^^^^^^\nC:\\Users\\Mohay\\AppData\\Local\\Programs\\Python\\Python311\\Lib\\contextlib.py:517: in enter_context\n    result = _enter(cm)\n             ^^^^^^^^^^\nC:\\Users\\Mohay\\AppData\\Local\\Programs\\Python\\Python311\\Lib\\unittest\\mock.py:1430: in __enter__\n    self.target = self.getter()\n                  ^^^^^^^^^^^^^\n_ _ _ _ _ _ _ _ _ _ _ _ _ _ _ _ _ _ _ _ _ _ _ _ _ _ _ _ _ _ _ _ _ _ _ _ _ _ _ _\n\nname = 'namesilo.core.requests'\n\n    def resolve_name(name):\n        \"\"\"\n        Resolve a name to an object.\n    \n        It is expected that `name` will be a string in one of the following\n        formats, where W is shorthand for a valid Python identifier and dot stands\n        for a literal period in these pseudo-regexes:\n    \n        W(.W)*\n        W(.W)*:(W(.W)*)?\n    \n        The first form is intended for backward compatibility only. It assumes that\n        some part of the dotted name is a package, and the rest is an object\n        somewhere within that package, possibly nested inside other objects.\n        Because the place where the package stops and the object hierarchy starts\n        can't be inferred by inspection, repeated attempts to import must be done\n        with this form.\n    \n        In the second form, the caller makes the division point clear through the\n        provision of a single colon: the dotted name to the left of the colon is a\n        package to be imported, and the dotted name to the right is the object\n        hierarchy within that package. Only one import is needed in this form. If\n        it ends with the colon, then a module object is returned.\n    \n        The function will return an object (which might be a module), or raise one\n        of the following exceptions:\n    \n        ValueError - if `name` isn't in a recognised format\n        ImportError - if an import failed when it shouldn't have\n        AttributeError - if a failure occurred when traversing the object hierarchy\n                         within the imported package to get to the desired object.\n        \"\"\"\n        global _NAME_PATTERN\n        if _NAME_PATTERN is None:\n            # Lazy import to speedup Python startup time\n            import re\n            dotted_words = r'(?!\\d)(\\w+)(\\.(?!\\d)(\\w+))*'\n            _NAME_PATTERN = re.compile(f'^(?P<pkg>{dotted_words})'\n                                       f'(?P<cln>:(?P<obj>{dotted_words})?)?$',\n                                       re.UNICODE)\n    \n        m = _NAME_PATTERN.match(name)\n        if not m:\n            raise ValueError(f'invalid format: {name!r}')\n        gd = m.groupdict()\n        if gd.get('cln'):\n            # there is a colon - a one-step import is all that's needed\n            mod = importlib.import_module(gd['pkg'])\n            parts = gd.get('obj')\n            parts = parts.split('.') if parts else []\n        else:\n            # no colon - have to iterate to find the package boundary\n            parts = name.split('.')\n            modname = parts.pop(0)\n            # first part *must* be a module/package.\n            mod = importlib.import_module(modname)\n            while parts:\n                p = parts[0]\n                s = f'{modname}.{p}'\n                try:\n                    mod = importlib.import_module(s)\n                    parts.pop(0)\n                    modname = s\n                except ImportError:\n                    break\n        # if we reach this point, mod is the module, already imported, and\n        # parts is the list of parts in the object hierarchy to be traversed, or\n        # an empty list if just the module is wanted.\n        result = mod\n        for p in parts:\n>           result = getattr(result, p)\n                     ^^^^^^^^^^^^^^^^^^\nE           AttributeError: module 'namesilo.core' has no attribute 'requests'\n\nC:\\Users\\Mohay\\AppData\\Local\\Programs\\Python\\Python311\\Lib\\pkgutil.py:715: AttributeError"
      },
      "teardown": {
        "outcome": "passed"
      }
    },
    {
      "nodeid": "tests/test_namesilo.py::NameSiloTestCase::test_get_domain_info",
      "lineno": 231,
      "outcome": "passed",
      "keywords": [
        "test_get_domain_info",
        "asyncio",
        "__wrapped__",
        "patchings",
        "pytestmark",
        "NameSiloTestCase",
        "test_namesilo.py",
        "tests",
        "goranvrbaski@python-namesilo__4c867e65__requests__aiohttp",
        ""
      ],
      "setup": {
        "outcome": "passed"
      },
      "call": {
        "outcome": "passed"
      },
      "teardown": {
        "outcome": "passed"
      }
    },
    {
      "nodeid": "tests/test_namesilo.py::NameSiloTestCase::test_list_dns_records",
      "lineno": 310,
      "outcome": "failed",
      "keywords": [
        "test_list_dns_records",
        "__wrapped__",
        "patchings",
        "NameSiloTestCase",
        "test_namesilo.py",
        "tests",
        "goranvrbaski@python-namesilo__4c867e65__requests__aiohttp",
        ""
      ],
      "setup": {
        "outcome": "passed"
      },
      "call": {
        "outcome": "failed",
        "crash": {
          "path": "D:\\repos\\goranvrbaski@python-namesilo__4c867e65__requests__aiohttp\\namesilo\\core.py",
          "lineno": 399,
          "message": "TypeError: 'coroutine' object is not subscriptable"
        },
        "traceback": [
          {
            "path": "tests\\test_namesilo.py",
            "lineno": 315,
            "message": ""
          },
          {
            "path": "namesilo\\core.py",
            "lineno": 399,
            "message": "TypeError"
          }
        ],
        "longrepr": "self = <tests.test_namesilo.NameSiloTestCase testMethod=test_list_dns_records>\nmock_content_xml = <AsyncMock name='_process_data' id='2339706813904'>\n\n    @mock.patch('namesilo.core.NameSilo._process_data')\n    def test_list_dns_records(self, mock_content_xml):\n        domain_name = \"some-domain.com\"\n        mock_content_xml.return_value = mocked_data\n>       result = self.ns.list_dns_records(domain_name)\n                 ^^^^^^^^^^^^^^^^^^^^^^^^^^^^^^^^^^^^^\n\ntests\\test_namesilo.py:315: \n_ _ _ _ _ _ _ _ _ _ _ _ _ _ _ _ _ _ _ _ _ _ _ _ _ _ _ _ _ _ _ _ _ _ _ _ _ _ _ _\n\nself = <namesilo.core.NameSilo object at 0x00000220C173A090>\ndomain_name = 'some-domain.com'\n\n    def list_dns_records(self, domain_name) -> List:\n        \"\"\"\n        List all DNS records for specified domain name\n    \n        :param str domain_name: Domain name for listing DNS records\n        :return: Returns a list of DNS records for specified domain name\n        :rtype: list\n        \"\"\"\n    \n        url_extend = f\"dnsListRecords?version=1&type=xml&key={self._token}\" \\\n                     f\"&domain={domain_name}\"\n        parsed_context = self._process_data(url_extend)\n>       records = parsed_context['namesilo']['reply']['resource_record']\n                  ^^^^^^^^^^^^^^^^^^^^^^^^^^\nE       TypeError: 'coroutine' object is not subscriptable\n\nnamesilo\\core.py:399: TypeError"
      },
      "teardown": {
        "outcome": "passed"
      }
    },
    {
      "nodeid": "tests/test_namesilo.py::NameSiloTestCase::test_list_domains",
      "lineno": 141,
      "outcome": "passed",
      "keywords": [
        "test_list_domains",
        "asyncio",
        "__wrapped__",
        "patchings",
        "pytestmark",
        "NameSiloTestCase",
        "test_namesilo.py",
        "tests",
        "goranvrbaski@python-namesilo__4c867e65__requests__aiohttp",
        ""
      ],
      "setup": {
        "outcome": "passed"
      },
      "call": {
        "outcome": "passed"
      },
      "teardown": {
        "outcome": "passed"
      }
    },
    {
      "nodeid": "tests/test_namesilo.py::NameSiloTestCase::test_lock_domain",
      "lineno": 123,
      "outcome": "passed",
      "keywords": [
        "test_lock_domain",
        "__wrapped__",
        "patchings",
        "NameSiloTestCase",
        "test_namesilo.py",
        "tests",
        "goranvrbaski@python-namesilo__4c867e65__requests__aiohttp",
        ""
      ],
      "setup": {
        "outcome": "passed"
      },
      "call": {
        "outcome": "passed"
      },
      "teardown": {
        "outcome": "passed"
      }
    },
    {
      "nodeid": "tests/test_namesilo.py::NameSiloTestCase::test_process_data",
      "lineno": 23,
      "outcome": "passed",
      "keywords": [
        "test_process_data",
        "asyncio",
        "__wrapped__",
        "patchings",
        "pytestmark",
        "NameSiloTestCase",
        "test_namesilo.py",
        "tests",
        "goranvrbaski@python-namesilo__4c867e65__requests__aiohttp",
        ""
      ],
      "setup": {
        "outcome": "passed"
      },
      "call": {
        "outcome": "passed"
      },
      "teardown": {
        "outcome": "passed"
      }
    },
    {
      "nodeid": "tests/test_namesilo.py::NameSiloTestCase::test_production_api_url",
      "lineno": 15,
      "outcome": "passed",
      "keywords": [
        "test_production_api_url",
        "NameSiloTestCase",
        "test_namesilo.py",
        "tests",
        "goranvrbaski@python-namesilo__4c867e65__requests__aiohttp",
        ""
      ],
      "setup": {
        "outcome": "passed"
      },
      "call": {
        "outcome": "passed"
      },
      "teardown": {
        "outcome": "passed"
      }
    },
    {
      "nodeid": "tests/test_namesilo.py::NameSiloTestCase::test_remove_auto_renew_domain",
      "lineno": 300,
      "outcome": "passed",
      "keywords": [
        "test_remove_auto_renew_domain",
        "__wrapped__",
        "patchings",
        "NameSiloTestCase",
        "test_namesilo.py",
        "tests",
        "goranvrbaski@python-namesilo__4c867e65__requests__aiohttp",
        ""
      ],
      "setup": {
        "outcome": "passed"
      },
      "call": {
        "outcome": "passed"
      },
      "teardown": {
        "outcome": "passed"
      }
    },
    {
      "nodeid": "tests/test_namesilo.py::NameSiloTestCase::test_remove_domain_privacy",
      "lineno": 280,
      "outcome": "passed",
      "keywords": [
        "test_remove_domain_privacy",
        "__wrapped__",
        "patchings",
        "NameSiloTestCase",
        "test_namesilo.py",
        "tests",
        "goranvrbaski@python-namesilo__4c867e65__requests__aiohttp",
        ""
      ],
      "setup": {
        "outcome": "passed"
      },
      "call": {
        "outcome": "passed"
      },
      "teardown": {
        "outcome": "passed"
      }
    },
    {
      "nodeid": "tests/test_namesilo.py::NameSiloTestCase::test_sandbox_api_url",
      "lineno": 19,
      "outcome": "passed",
      "keywords": [
        "test_sandbox_api_url",
        "NameSiloTestCase",
        "test_namesilo.py",
        "tests",
        "goranvrbaski@python-namesilo__4c867e65__requests__aiohttp",
        ""
      ],
      "setup": {
        "outcome": "passed"
      },
      "call": {
        "outcome": "passed"
      },
      "teardown": {
        "outcome": "passed"
      }
    },
    {
      "nodeid": "tests/test_namesilo.py::NameSiloTestCase::test_unlock_domain",
      "lineno": 132,
      "outcome": "passed",
      "keywords": [
        "test_unlock_domain",
        "__wrapped__",
        "patchings",
        "NameSiloTestCase",
        "test_namesilo.py",
        "tests",
        "goranvrbaski@python-namesilo__4c867e65__requests__aiohttp",
        ""
      ],
      "setup": {
        "outcome": "passed"
      },
      "call": {
        "outcome": "passed"
      },
      "teardown": {
        "outcome": "passed"
      }
    },
    {
      "nodeid": "tests/test_namesilo.py::NameSiloTestCase::test_update_contact",
      "lineno": 182,
      "outcome": "passed",
      "keywords": [
        "test_update_contact",
        "__wrapped__",
        "patchings",
        "NameSiloTestCase",
        "test_namesilo.py",
        "tests",
        "goranvrbaski@python-namesilo__4c867e65__requests__aiohttp",
        ""
      ],
      "setup": {
        "outcome": "passed"
      },
      "call": {
        "outcome": "passed"
      },
      "teardown": {
        "outcome": "passed"
      }
    },
    {
      "nodeid": "tests/test_namesilo.py::NameSiloTestCase::test_update_dns_record",
      "lineno": 330,
      "outcome": "failed",
      "keywords": [
        "test_update_dns_record",
        "__wrapped__",
        "patchings",
        "NameSiloTestCase",
        "test_namesilo.py",
        "tests",
        "goranvrbaski@python-namesilo__4c867e65__requests__aiohttp",
        ""
      ],
      "setup": {
        "outcome": "passed"
      },
      "call": {
        "outcome": "failed",
        "crash": {
          "path": "D:\\repos\\goranvrbaski@python-namesilo__4c867e65__requests__aiohttp\\namesilo\\core.py",
          "lineno": 455,
          "message": "TypeError: 'coroutine' object is not subscriptable"
        },
        "traceback": [
          {
            "path": "tests\\test_namesilo.py",
            "lineno": 334,
            "message": ""
          },
          {
            "path": "namesilo\\core.py",
            "lineno": 455,
            "message": "TypeError"
          }
        ],
        "longrepr": "self = <tests.test_namesilo.NameSiloTestCase testMethod=test_update_dns_record>\nmock_content_xml = <AsyncMock name='_process_data' id='2339708378000'>\n\n    @mock.patch('namesilo.core.NameSilo._process_data')\n    def test_update_dns_record(self, mock_content_xml):\n        mock_content_xml.return_value = mocked_data\n>       record_id = self.ns.update_dns_records(\n            \"some-domain.com\", \"e3f383786a647e83c49c6082c7ce8014\", \"test.some-domain.com\", \"192.168.71.55\"\n        )\n\ntests\\test_namesilo.py:334: \n_ _ _ _ _ _ _ _ _ _ _ _ _ _ _ _ _ _ _ _ _ _ _ _ _ _ _ _ _ _ _ _ _ _ _ _ _ _ _ _\n\nself = <namesilo.core.NameSilo object at 0x00000220C17C8B90>\ndomain_name = 'some-domain.com', record_id = 'e3f383786a647e83c49c6082c7ce8014'\nrecord_host = 'test.some-domain.com', record_value = '192.168.71.55', ttl = 7207\n\n    def update_dns_records(\n            self,\n            domain_name:\n            str,\n            record_id: str,\n            record_host: str,\n            record_value: str,\n            ttl: int = 7207\n    ) -> int:\n        \"\"\"\n        Update an existing DNS resource record\n    \n        :param str domain_name: Domain name for updating DNS record\n        :param str record_id: The unique ID of the resource record\n        :param str record_host: The hostname to use\n        :param str record_value: The value for the resource record\n        :param int ttl: The TTL for this record\n        :return: Returns record id for updated domain record\n        :rtype: int\n        \"\"\"\n    \n        url_extend = f\"dnsUpdateRecord?version=1&type=xml\" \\\n                     f\"&key={self._token}&domain={domain_name}&\" \\\n                     f\"rrid={record_id}&rrhost={record_host}\" \\\n                     f\"&rrvalue={record_value}&rrttl={ttl}\"\n        parsed_context = self._process_data(url_extend)\n>       new_record_id = parsed_context['namesilo']['reply']['record_id']\n                        ^^^^^^^^^^^^^^^^^^^^^^^^^^\nE       TypeError: 'coroutine' object is not subscriptable\n\nnamesilo\\core.py:455: TypeError"
      },
      "teardown": {
        "outcome": "passed"
      }
    }
  ],
  "warnings": [
    {
      "message": "coroutine 'AsyncMockMixin._execute_mock_call' was never awaited",
      "category": "RuntimeWarning",
      "when": "runtest",
      "filename": "D:\\repos\\goranvrbaski@python-namesilo__4c867e65__requests__aiohttp\\namesilo\\core.py",
      "lineno": 299
    },
    {
      "message": "coroutine 'AsyncMockMixin._execute_mock_call' was never awaited",
      "category": "RuntimeWarning",
      "when": "runtest",
      "filename": "D:\\repos\\goranvrbaski@python-namesilo__4c867e65__requests__aiohttp\\namesilo\\core.py",
      "lineno": 371
    },
    {
      "message": "coroutine 'AsyncMockMixin._execute_mock_call' was never awaited",
      "category": "RuntimeWarning",
      "when": "runtest",
      "filename": "D:\\repos\\goranvrbaski@python-namesilo__4c867e65__requests__aiohttp\\namesilo\\core.py",
      "lineno": 237
    },
    {
      "message": "coroutine 'NameSiloTestCase.test_change_domain_nameservers' was never awaited",
      "category": "RuntimeWarning",
      "when": "runtest",
      "filename": "C:\\Users\\Mohay\\AppData\\Local\\Programs\\Python\\Python311\\Lib\\unittest\\case.py",
      "lineno": 579
    },
    {
      "message": "It is deprecated to return a value that is not None from a test case (<bound method NameSiloTestCase.test_change_domain_nameservers of <tests.test_namesilo.NameSiloTestCase testMethod=test_change_domain_nameservers>>)",
      "category": "DeprecationWarning",
      "when": "runtest",
      "filename": "C:\\Users\\Mohay\\AppData\\Local\\Programs\\Python\\Python311\\Lib\\unittest\\case.py",
      "lineno": 678
    },
    {
      "message": "coroutine 'AsyncMockMixin._execute_mock_call' was never awaited",
      "category": "RuntimeWarning",
      "when": "runtest",
      "filename": "D:\\repos\\goranvrbaski@python-namesilo__4c867e65__requests__aiohttp\\tests\\test_namesilo.py",
      "lineno": 212
    },
    {
      "message": "coroutine 'NameSiloTestCase.test_domain_check_available' was never awaited",
      "category": "RuntimeWarning",
      "when": "runtest",
      "filename": "C:\\Users\\Mohay\\AppData\\Local\\Programs\\Python\\Python311\\Lib\\unittest\\case.py",
      "lineno": 579
    },
    {
      "message": "It is deprecated to return a value that is not None from a test case (<bound method NameSiloTestCase.test_domain_check_available of <tests.test_namesilo.NameSiloTestCase testMethod=test_domain_check_available>>)",
      "category": "DeprecationWarning",
      "when": "runtest",
      "filename": "C:\\Users\\Mohay\\AppData\\Local\\Programs\\Python\\Python311\\Lib\\unittest\\case.py",
      "lineno": 678
    },
    {
      "message": "coroutine 'NameSiloTestCase.test_domain_check_not_available' was never awaited",
      "category": "RuntimeWarning",
      "when": "runtest",
      "filename": "C:\\Users\\Mohay\\AppData\\Local\\Programs\\Python\\Python311\\Lib\\unittest\\case.py",
      "lineno": 579
    },
    {
      "message": "It is deprecated to return a value that is not None from a test case (<bound method NameSiloTestCase.test_domain_check_not_available of <tests.test_namesilo.NameSiloTestCase testMethod=test_domain_check_not_available>>)",
      "category": "DeprecationWarning",
      "when": "runtest",
      "filename": "C:\\Users\\Mohay\\AppData\\Local\\Programs\\Python\\Python311\\Lib\\unittest\\case.py",
      "lineno": 678
    },
    {
      "message": "coroutine 'NameSiloTestCase.test_domain_registration' was never awaited",
      "category": "RuntimeWarning",
      "when": "runtest",
      "filename": "C:\\Users\\Mohay\\AppData\\Local\\Programs\\Python\\Python311\\Lib\\unittest\\case.py",
      "lineno": 579
    },
    {
      "message": "It is deprecated to return a value that is not None from a test case (<bound method NameSiloTestCase.test_domain_registration of <tests.test_namesilo.NameSiloTestCase testMethod=test_domain_registration>>)",
      "category": "DeprecationWarning",
      "when": "runtest",
      "filename": "C:\\Users\\Mohay\\AppData\\Local\\Programs\\Python\\Python311\\Lib\\unittest\\case.py",
      "lineno": 678
    },
    {
      "message": "coroutine 'NameSilo.register_domain' was never awaited",
      "category": "RuntimeWarning",
      "when": "runtest",
      "filename": "C:\\Users\\Mohay\\AppData\\Local\\Programs\\Python\\Python311\\Lib\\unittest\\case.py",
      "lineno": 237
    },
    {
      "message": "coroutine 'AsyncMockMixin._execute_mock_call' was never awaited",
      "category": "RuntimeWarning",
      "when": "runtest",
      "filename": "D:\\repos\\goranvrbaski@python-namesilo__4c867e65__requests__aiohttp\\namesilo\\core.py",
      "lineno": 202
    },
    {
      "message": "coroutine 'NameSiloTestCase.test_get_content_xml' was never awaited",
      "category": "RuntimeWarning",
      "when": "runtest",
      "filename": "C:\\Users\\Mohay\\AppData\\Local\\Programs\\Python\\Python311\\Lib\\unittest\\case.py",
      "lineno": 579
    },
    {
      "message": "It is deprecated to return a value that is not None from a test case (<bound method NameSiloTestCase.test_get_content_xml of <tests.test_namesilo.NameSiloTestCase testMethod=test_get_content_xml>>)",
      "category": "DeprecationWarning",
      "when": "runtest",
      "filename": "C:\\Users\\Mohay\\AppData\\Local\\Programs\\Python\\Python311\\Lib\\unittest\\case.py",
      "lineno": 678
    },
    {
      "message": "coroutine 'NameSiloTestCase.test_get_domain_info' was never awaited",
      "category": "RuntimeWarning",
      "when": "runtest",
      "filename": "C:\\Users\\Mohay\\AppData\\Local\\Programs\\Python\\Python311\\Lib\\unittest\\case.py",
      "lineno": 579
    },
    {
      "message": "It is deprecated to return a value that is not None from a test case (<bound method NameSiloTestCase.test_get_domain_info of <tests.test_namesilo.NameSiloTestCase testMethod=test_get_domain_info>>)",
      "category": "DeprecationWarning",
      "when": "runtest",
      "filename": "C:\\Users\\Mohay\\AppData\\Local\\Programs\\Python\\Python311\\Lib\\unittest\\case.py",
      "lineno": 678
    },
    {
      "message": "coroutine 'NameSiloTestCase.test_list_domains' was never awaited",
      "category": "RuntimeWarning",
      "when": "runtest",
      "filename": "C:\\Users\\Mohay\\AppData\\Local\\Programs\\Python\\Python311\\Lib\\unittest\\case.py",
      "lineno": 579
    },
    {
      "message": "It is deprecated to return a value that is not None from a test case (<bound method NameSiloTestCase.test_list_domains of <tests.test_namesilo.NameSiloTestCase testMethod=test_list_domains>>)",
      "category": "DeprecationWarning",
      "when": "runtest",
      "filename": "C:\\Users\\Mohay\\AppData\\Local\\Programs\\Python\\Python311\\Lib\\unittest\\case.py",
      "lineno": 678
    },
    {
      "message": "coroutine 'AsyncMockMixin._execute_mock_call' was never awaited",
      "category": "RuntimeWarning",
      "when": "runtest",
      "filename": "D:\\repos\\goranvrbaski@python-namesilo__4c867e65__requests__aiohttp\\namesilo\\core.py",
      "lineno": 213
    },
    {
      "message": "coroutine 'NameSiloTestCase.test_process_data' was never awaited",
      "category": "RuntimeWarning",
      "when": "runtest",
      "filename": "C:\\Users\\Mohay\\AppData\\Local\\Programs\\Python\\Python311\\Lib\\unittest\\case.py",
      "lineno": 579
    },
    {
      "message": "It is deprecated to return a value that is not None from a test case (<bound method NameSiloTestCase.test_process_data of <tests.test_namesilo.NameSiloTestCase testMethod=test_process_data>>)",
      "category": "DeprecationWarning",
      "when": "runtest",
      "filename": "C:\\Users\\Mohay\\AppData\\Local\\Programs\\Python\\Python311\\Lib\\unittest\\case.py",
      "lineno": 678
    },
    {
      "message": "coroutine 'AsyncMockMixin._execute_mock_call' was never awaited",
      "category": "RuntimeWarning",
      "when": "runtest",
      "filename": "D:\\repos\\goranvrbaski@python-namesilo__4c867e65__requests__aiohttp\\namesilo\\core.py",
      "lineno": 250
    },
    {
      "message": "coroutine 'AsyncMockMixin._execute_mock_call' was never awaited",
      "category": "RuntimeWarning",
      "when": "runtest",
      "filename": "D:\\repos\\goranvrbaski@python-namesilo__4c867e65__requests__aiohttp\\namesilo\\core.py",
      "lineno": 384
    },
    {
      "message": "coroutine 'AsyncMockMixin._execute_mock_call' was never awaited",
      "category": "RuntimeWarning",
      "when": "runtest",
      "filename": "D:\\repos\\goranvrbaski@python-namesilo__4c867e65__requests__aiohttp\\namesilo\\core.py",
      "lineno": 224
    },
    {
      "message": "coroutine 'AsyncMockMixin._execute_mock_call' was never awaited",
      "category": "RuntimeWarning",
      "when": "runtest",
      "filename": "D:\\repos\\goranvrbaski@python-namesilo__4c867e65__requests__aiohttp\\namesilo\\core.py",
      "lineno": 318
    }
  ]
}