{
  "exitcode": 1,
  "summary": {
    "failed": 17,
    "passed": 4,
    "total": 21,
    "collected": 21
  },
  "collectors": [
    {
      "nodeid": "",
      "outcome": "passed",
      "result": [
        {
          "nodeid": ".",
          "type": "Dir"
        }
      ]
    },
    {
      "nodeid": "kling",
      "outcome": "passed",
      "result": []
    },
    {
      "nodeid": "kling_creator.egg-info",
      "outcome": "passed",
      "result": []
    },
    {
      "nodeid": "tests/test_kling.py",
      "outcome": "passed",
      "result": [
        {
          "nodeid": "tests/test_kling.py::test_base_gen_init",
          "type": "Function",
          "lineno": 33
        },
        {
          "nodeid": "tests/test_kling.py::test_image_gen_init",
          "type": "Function",
          "lineno": 38
        },
        {
          "nodeid": "tests/test_kling.py::test_video_gen_init",
          "type": "Function",
          "lineno": 43
        },
        {
          "nodeid": "tests/test_kling.py::test_parse_cookie_string",
          "type": "Function",
          "lineno": 48
        },
        {
          "nodeid": "tests/test_kling.py::test_get_account_point[ImageGen]",
          "type": "Function",
          "lineno": 59
        },
        {
          "nodeid": "tests/test_kling.py::test_get_account_point[VideoGen]",
          "type": "Function",
          "lineno": 59
        },
        {
          "nodeid": "tests/test_kling.py::test_image_uploader",
          "type": "Function",
          "lineno": 71
        },
        {
          "nodeid": "tests/test_kling.py::test_fetch_metadata",
          "type": "Function",
          "lineno": 90
        },
        {
          "nodeid": "tests/test_kling.py::test_get_content[ImageGen-get_images]",
          "type": "Function",
          "lineno": 114
        },
        {
          "nodeid": "tests/test_kling.py::test_get_content[VideoGen-get_video]",
          "type": "Function",
          "lineno": 114
        },
        {
          "nodeid": "tests/test_kling.py::test_save_content[ImageGen-save_images]",
          "type": "Function",
          "lineno": 137
        },
        {
          "nodeid": "tests/test_kling.py::test_save_content[VideoGen-save_video]",
          "type": "Function",
          "lineno": 137
        },
        {
          "nodeid": "tests/test_kling.py::test_call_for_daily_check",
          "type": "Coroutine",
          "lineno": 160
        },
        {
          "nodeid": "tests/test_kling.py::test_video_gen_get_video",
          "type": "Function",
          "lineno": 174
        },
        {
          "nodeid": "tests/test_kling.py::test_video_gen_save_video",
          "type": "Function",
          "lineno": 197
        },
        {
          "nodeid": "tests/test_kling.py::test_image_gen_get_images",
          "type": "Function",
          "lineno": 219
        },
        {
          "nodeid": "tests/test_kling.py::test_image_gen_save_images",
          "type": "Function",
          "lineno": 239
        },
        {
          "nodeid": "tests/test_kling.py::test_extend_video_completed",
          "type": "Function",
          "lineno": 262
        },
        {
          "nodeid": "tests/test_kling.py::test_extend_video_pending",
          "type": "Function",
          "lineno": 274
        },
        {
          "nodeid": "tests/test_kling.py::test_extend_video_failed",
          "type": "Function",
          "lineno": 285
        },
        {
          "nodeid": "tests/test_kling.py::test_extend_video_no_works",
          "type": "Function",
          "lineno": 296
        }
      ]
    },
    {
      "nodeid": "tests",
      "outcome": "passed",
      "result": [
        {
          "nodeid": "tests/test_kling.py",
          "type": "Module"
        }
      ]
    },
    {
      "nodeid": ".",
      "outcome": "passed",
      "result": [
        {
          "nodeid": "kling",
          "type": "Package"
        },
        {
          "nodeid": "kling_creator.egg-info",
          "type": "Dir"
        },
        {
          "nodeid": "tests",
          "type": "Dir"
        }
      ]
    }
  ],
  "tests": [
    {
      "nodeid": "tests/test_kling.py::test_base_gen_init",
      "lineno": 33,
      "outcome": "failed",
      "keywords": [
        "test_base_gen_init",
        "test_kling.py",
        "tests",
        "yihong0618@klingcreator__e567c6a1__requests__treq",
        ""
      ],
      "setup": {
        "outcome": "passed"
      },
      "call": {
        "outcome": "failed",
        "crash": {
          "path": "D:\\repos\\yihong0618@klingcreator__e567c6a1__requests__treq\\tests\\test_kling.py",
          "lineno": 35,
          "message": "assert False\n +  where False = isinstance(<coroutine object base_gen at 0x000002651FBE3AC0>, BaseGen)"
        },
        "traceback": [
          {
            "path": "tests\\test_kling.py",
            "lineno": 35,
            "message": "AssertionError"
          }
        ],
        "longrepr": "base_gen = <coroutine object base_gen at 0x000002651FBE3AC0>\n\n    def test_base_gen_init(base_gen):\n>       assert isinstance(base_gen, BaseGen)\nE       assert False\nE        +  where False = isinstance(<coroutine object base_gen at 0x000002651FBE3AC0>, BaseGen)\n\ntests\\test_kling.py:35: AssertionError"
      },
      "teardown": {
        "outcome": "passed"
      }
    },
    {
      "nodeid": "tests/test_kling.py::test_image_gen_init",
      "lineno": 38,
      "outcome": "failed",
      "keywords": [
        "test_image_gen_init",
        "test_kling.py",
        "tests",
        "yihong0618@klingcreator__e567c6a1__requests__treq",
        ""
      ],
      "setup": {
        "outcome": "passed"
      },
      "call": {
        "outcome": "failed",
        "crash": {
          "path": "D:\\repos\\yihong0618@klingcreator__e567c6a1__requests__treq\\tests\\test_kling.py",
          "lineno": 40,
          "message": "assert False\n +  where False = isinstance(<coroutine object image_gen at 0x000002651F05DCB0>, ImageGen)"
        },
        "traceback": [
          {
            "path": "tests\\test_kling.py",
            "lineno": 40,
            "message": "AssertionError"
          }
        ],
        "longrepr": "image_gen = <coroutine object image_gen at 0x000002651F05DCB0>\n\n    def test_image_gen_init(image_gen):\n>       assert isinstance(image_gen, ImageGen)\nE       assert False\nE        +  where False = isinstance(<coroutine object image_gen at 0x000002651F05DCB0>, ImageGen)\n\ntests\\test_kling.py:40: AssertionError"
      },
      "teardown": {
        "outcome": "passed"
      }
    },
    {
      "nodeid": "tests/test_kling.py::test_video_gen_init",
      "lineno": 43,
      "outcome": "failed",
      "keywords": [
        "test_video_gen_init",
        "test_kling.py",
        "tests",
        "yihong0618@klingcreator__e567c6a1__requests__treq",
        ""
      ],
      "setup": {
        "outcome": "passed"
      },
      "call": {
        "outcome": "failed",
        "crash": {
          "path": "D:\\repos\\yihong0618@klingcreator__e567c6a1__requests__treq\\tests\\test_kling.py",
          "lineno": 45,
          "message": "assert False\n +  where False = isinstance(<coroutine object video_gen at 0x000002651F05E400>, VideoGen)"
        },
        "traceback": [
          {
            "path": "tests\\test_kling.py",
            "lineno": 45,
            "message": "AssertionError"
          }
        ],
        "longrepr": "video_gen = <coroutine object video_gen at 0x000002651F05E400>\n\n    def test_video_gen_init(video_gen):\n>       assert isinstance(video_gen, VideoGen)\nE       assert False\nE        +  where False = isinstance(<coroutine object video_gen at 0x000002651F05E400>, VideoGen)\n\ntests\\test_kling.py:45: AssertionError"
      },
      "teardown": {
        "outcome": "passed"
      }
    },
    {
      "nodeid": "tests/test_kling.py::test_parse_cookie_string",
      "lineno": 48,
      "outcome": "passed",
      "keywords": [
        "test_parse_cookie_string",
        "test_kling.py",
        "tests",
        "yihong0618@klingcreator__e567c6a1__requests__treq",
        ""
      ],
      "setup": {
        "outcome": "passed"
      },
      "call": {
        "outcome": "passed"
      },
      "teardown": {
        "outcome": "passed"
      }
    },
    {
      "nodeid": "tests/test_kling.py::test_get_account_point[ImageGen]",
      "lineno": 59,
      "outcome": "failed",
      "keywords": [
        "test_get_account_point[ImageGen]",
        "parametrize",
        "__wrapped__",
        "pytestmark",
        "ImageGen",
        "test_kling.py",
        "tests",
        "yihong0618@klingcreator__e567c6a1__requests__treq",
        ""
      ],
      "setup": {
        "outcome": "passed"
      },
      "call": {
        "outcome": "failed",
        "crash": {
          "path": "D:\\repos\\yihong0618@klingcreator__e567c6a1__requests__treq\\.venv\\Lib\\site-packages\\twisted\\internet\\defer.py",
          "lineno": 2132,
          "message": "TypeError: inlineCallbacks requires <function test_get_account_point at 0x000002651FBB65C0> to produce a generator; instead got <async_generator object test_get_account_point at 0x000002651EDAAD60>"
        },
        "traceback": [
          {
            "path": ".venv\\Lib\\site-packages\\twisted\\internet\\defer.py",
            "lineno": 2132,
            "message": "TypeError"
          }
        ],
        "longrepr": "args = ()\nkwargs = {'gen_class': <class 'kling.kling.ImageGen'>, 'mock_session': {'get': <MagicMock name='get' id='2633336035152'>, 'post': <MagicMock name='post' id='2633336033744'>}}\ngen = <async_generator object test_get_account_point at 0x000002651EDAAD60>\n\n    @wraps(f)\n    def unwindGenerator(*args: _P.args, **kwargs: _P.kwargs) -> Deferred[_T]:\n        try:\n            gen = f(*args, **kwargs)\n        except _DefGen_Return:\n            raise TypeError(\n                \"inlineCallbacks requires %r to produce a generator; instead\"\n                \"caught returnValue being used in a non-generator\" % (f,)\n            )\n        if not isinstance(gen, GeneratorType):\n>           raise TypeError(\n                \"inlineCallbacks requires %r to produce a generator; \"\n                \"instead got %r\" % (f, gen)\n            )\nE           TypeError: inlineCallbacks requires <function test_get_account_point at 0x000002651FBB65C0> to produce a generator; instead got <async_generator object test_get_account_point at 0x000002651EDAAD60>\n\n.venv\\Lib\\site-packages\\twisted\\internet\\defer.py:2132: TypeError"
      },
      "teardown": {
        "outcome": "passed"
      }
    },
    {
      "nodeid": "tests/test_kling.py::test_get_account_point[VideoGen]",
      "lineno": 59,
      "outcome": "failed",
      "keywords": [
        "test_get_account_point[VideoGen]",
        "parametrize",
        "__wrapped__",
        "pytestmark",
        "VideoGen",
        "test_kling.py",
        "tests",
        "yihong0618@klingcreator__e567c6a1__requests__treq",
        ""
      ],
      "setup": {
        "outcome": "passed"
      },
      "call": {
        "outcome": "failed",
        "crash": {
          "path": "D:\\repos\\yihong0618@klingcreator__e567c6a1__requests__treq\\.venv\\Lib\\site-packages\\twisted\\internet\\defer.py",
          "lineno": 2132,
          "message": "TypeError: inlineCallbacks requires <function test_get_account_point at 0x000002651FBB65C0> to produce a generator; instead got <async_generator object test_get_account_point at 0x000002651EDABBA0>"
        },
        "traceback": [
          {
            "path": ".venv\\Lib\\site-packages\\twisted\\internet\\defer.py",
            "lineno": 2132,
            "message": "TypeError"
          }
        ],
        "longrepr": "args = ()\nkwargs = {'gen_class': <class 'kling.kling.VideoGen'>, 'mock_session': {'get': <MagicMock name='get' id='2633347772304'>, 'post': <MagicMock name='post' id='2633336181456'>}}\ngen = <async_generator object test_get_account_point at 0x000002651EDABBA0>\n\n    @wraps(f)\n    def unwindGenerator(*args: _P.args, **kwargs: _P.kwargs) -> Deferred[_T]:\n        try:\n            gen = f(*args, **kwargs)\n        except _DefGen_Return:\n            raise TypeError(\n                \"inlineCallbacks requires %r to produce a generator; instead\"\n                \"caught returnValue being used in a non-generator\" % (f,)\n            )\n        if not isinstance(gen, GeneratorType):\n>           raise TypeError(\n                \"inlineCallbacks requires %r to produce a generator; \"\n                \"instead got %r\" % (f, gen)\n            )\nE           TypeError: inlineCallbacks requires <function test_get_account_point at 0x000002651FBB65C0> to produce a generator; instead got <async_generator object test_get_account_point at 0x000002651EDABBA0>\n\n.venv\\Lib\\site-packages\\twisted\\internet\\defer.py:2132: TypeError"
      },
      "teardown": {
        "outcome": "passed"
      }
    },
    {
      "nodeid": "tests/test_kling.py::test_image_uploader",
      "lineno": 71,
      "outcome": "failed",
      "keywords": [
        "test_image_uploader",
        "asyncio",
        "__wrapped__",
        "patchings",
        "pytestmark",
        "test_kling.py",
        "tests",
        "yihong0618@klingcreator__e567c6a1__requests__treq",
        ""
      ],
      "setup": {
        "outcome": "passed"
      },
      "call": {
        "outcome": "failed",
        "crash": {
          "path": "D:\\repos\\yihong0618@klingcreator__e567c6a1__requests__treq\\.venv\\Lib\\site-packages\\twisted\\internet\\defer.py",
          "lineno": 2132,
          "message": "TypeError: inlineCallbacks requires <function test_image_uploader at 0x000002651FBB6700> to produce a generator; instead got <async_generator object test_image_uploader at 0x000002651EDABCD0>"
        },
        "traceback": [
          {
            "path": "C:\\Users\\Mohay\\AppData\\Local\\Programs\\Python\\Python311\\Lib\\unittest\\mock.py",
            "lineno": 1378,
            "message": ""
          },
          {
            "path": ".venv\\Lib\\site-packages\\twisted\\internet\\defer.py",
            "lineno": 2132,
            "message": "TypeError"
          }
        ],
        "longrepr": "args = ()\nkeywargs = {'image_gen': <coroutine object image_gen at 0x000002651F049560>, 'mock_session': {'get': <MagicMock name='get' id='2633335882000'>, 'post': <MagicMock name='post' id='2633335882704'>}}\nnewargs = (<MagicMock name='open' id='2633335894672'>,)\nnewkeywargs = {'image_gen': <coroutine object image_gen at 0x000002651F049560>, 'mock_session': {'get': <MagicMock name='get' id='2633335882000'>, 'post': <MagicMock name='post' id='2633335882704'>}}\n\n    @wraps(func)\n    def patched(*args, **keywargs):\n        with self.decoration_helper(patched,\n                                    args,\n                                    keywargs) as (newargs, newkeywargs):\n>           return func(*newargs, **newkeywargs)\n                   ^^^^^^^^^^^^^^^^^^^^^^^^^^^^^\n\nC:\\Users\\Mohay\\AppData\\Local\\Programs\\Python\\Python311\\Lib\\unittest\\mock.py:1378: \n_ _ _ _ _ _ _ _ _ _ _ _ _ _ _ _ _ _ _ _ _ _ _ _ _ _ _ _ _ _ _ _ _ _ _ _ _ _ _ _\n\nargs = (<MagicMock name='open' id='2633335894672'>,)\nkwargs = {'image_gen': <coroutine object image_gen at 0x000002651F049560>, 'mock_session': {'get': <MagicMock name='get' id='2633335882000'>, 'post': <MagicMock name='post' id='2633335882704'>}}\ngen = <async_generator object test_image_uploader at 0x000002651EDABCD0>\n\n    @wraps(f)\n    def unwindGenerator(*args: _P.args, **kwargs: _P.kwargs) -> Deferred[_T]:\n        try:\n            gen = f(*args, **kwargs)\n        except _DefGen_Return:\n            raise TypeError(\n                \"inlineCallbacks requires %r to produce a generator; instead\"\n                \"caught returnValue being used in a non-generator\" % (f,)\n            )\n        if not isinstance(gen, GeneratorType):\n>           raise TypeError(\n                \"inlineCallbacks requires %r to produce a generator; \"\n                \"instead got %r\" % (f, gen)\n            )\nE           TypeError: inlineCallbacks requires <function test_image_uploader at 0x000002651FBB6700> to produce a generator; instead got <async_generator object test_image_uploader at 0x000002651EDABCD0>\n\n.venv\\Lib\\site-packages\\twisted\\internet\\defer.py:2132: TypeError"
      },
      "teardown": {
        "outcome": "passed"
      }
    },
    {
      "nodeid": "tests/test_kling.py::test_fetch_metadata",
      "lineno": 90,
      "outcome": "failed",
      "keywords": [
        "test_fetch_metadata",
        "__wrapped__",
        "test_kling.py",
        "tests",
        "yihong0618@klingcreator__e567c6a1__requests__treq",
        ""
      ],
      "setup": {
        "outcome": "passed"
      },
      "call": {
        "outcome": "failed",
        "crash": {
          "path": "D:\\repos\\yihong0618@klingcreator__e567c6a1__requests__treq\\.venv\\Lib\\site-packages\\_pytest\\python.py",
          "lineno": 147,
          "message": "Failed: async def functions are not natively supported.\nYou need to install a suitable plugin for your async framework, for example:\n  - anyio\n  - pytest-asyncio\n  - pytest-tornasync\n  - pytest-trio\n  - pytest-twisted"
        },
        "longrepr": "async def functions are not natively supported.\nYou need to install a suitable plugin for your async framework, for example:\n  - anyio\n  - pytest-asyncio\n  - pytest-tornasync\n  - pytest-trio\n  - pytest-twisted"
      },
      "teardown": {
        "outcome": "passed"
      }
    },
    {
      "nodeid": "tests/test_kling.py::test_get_content[ImageGen-get_images]",
      "lineno": 114,
      "outcome": "failed",
      "keywords": [
        "test_get_content[ImageGen-get_images]",
        "parametrize",
        "__wrapped__",
        "pytestmark",
        "ImageGen-get_images",
        "test_kling.py",
        "tests",
        "yihong0618@klingcreator__e567c6a1__requests__treq",
        ""
      ],
      "setup": {
        "outcome": "passed",
        "stderr": "Unhandled error in Deferred:\n\nTraceback (most recent call last):\n  File \"D:\\repos\\yihong0618@klingcreator__e567c6a1__requests__treq\\.venv\\Lib\\site-packages\\twisted\\internet\\defer.py\", line 1857, in _inlineCallbacks\n    result = context.run(gen.send, result)\n  File \"D:\\repos\\yihong0618@klingcreator__e567c6a1__requests__treq\\tests\\test_kling.py\", line 96, in test_fetch_metadata\n    result, status = yield base_gen.fetch_metadata(\"mock_task_id\")\nbuiltins.AttributeError: 'coroutine' object has no attribute 'fetch_metadata'\n\n"
      },
      "call": {
        "outcome": "failed",
        "crash": {
          "path": "D:\\repos\\yihong0618@klingcreator__e567c6a1__requests__treq\\.venv\\Lib\\site-packages\\twisted\\internet\\defer.py",
          "lineno": 2132,
          "message": "TypeError: inlineCallbacks requires <function test_get_content at 0x000002651FBB6A20> to produce a generator; instead got <async_generator object test_get_content at 0x000002651F12C7C0>"
        },
        "traceback": [
          {
            "path": ".venv\\Lib\\site-packages\\twisted\\internet\\defer.py",
            "lineno": 2132,
            "message": "TypeError"
          }
        ],
        "longrepr": "args = ()\nkwargs = {'gen_class': <class 'kling.kling.ImageGen'>, 'method_name': 'get_images', 'mock_session': {'get': <MagicMock name='get' id='2633347763856'>, 'post': <MagicMock name='post' id='2633333720592'>}}\ngen = <async_generator object test_get_content at 0x000002651F12C7C0>\n\n    @wraps(f)\n    def unwindGenerator(*args: _P.args, **kwargs: _P.kwargs) -> Deferred[_T]:\n        try:\n            gen = f(*args, **kwargs)\n        except _DefGen_Return:\n            raise TypeError(\n                \"inlineCallbacks requires %r to produce a generator; instead\"\n                \"caught returnValue being used in a non-generator\" % (f,)\n            )\n        if not isinstance(gen, GeneratorType):\n>           raise TypeError(\n                \"inlineCallbacks requires %r to produce a generator; \"\n                \"instead got %r\" % (f, gen)\n            )\nE           TypeError: inlineCallbacks requires <function test_get_content at 0x000002651FBB6A20> to produce a generator; instead got <async_generator object test_get_content at 0x000002651F12C7C0>\n\n.venv\\Lib\\site-packages\\twisted\\internet\\defer.py:2132: TypeError"
      },
      "teardown": {
        "outcome": "passed"
      }
    },
    {
      "nodeid": "tests/test_kling.py::test_get_content[VideoGen-get_video]",
      "lineno": 114,
      "outcome": "failed",
      "keywords": [
        "test_get_content[VideoGen-get_video]",
        "parametrize",
        "__wrapped__",
        "pytestmark",
        "VideoGen-get_video",
        "test_kling.py",
        "tests",
        "yihong0618@klingcreator__e567c6a1__requests__treq",
        ""
      ],
      "setup": {
        "outcome": "passed"
      },
      "call": {
        "outcome": "failed",
        "crash": {
          "path": "D:\\repos\\yihong0618@klingcreator__e567c6a1__requests__treq\\.venv\\Lib\\site-packages\\twisted\\internet\\defer.py",
          "lineno": 2132,
          "message": "TypeError: inlineCallbacks requires <function test_get_content at 0x000002651FBB6A20> to produce a generator; instead got <async_generator object test_get_content at 0x000002651F12CB80>"
        },
        "traceback": [
          {
            "path": ".venv\\Lib\\site-packages\\twisted\\internet\\defer.py",
            "lineno": 2132,
            "message": "TypeError"
          }
        ],
        "longrepr": "args = ()\nkwargs = {'gen_class': <class 'kling.kling.VideoGen'>, 'method_name': 'get_video', 'mock_session': {'get': <MagicMock name='get' id='2633335143760'>, 'post': <MagicMock name='post' id='2633335476880'>}}\ngen = <async_generator object test_get_content at 0x000002651F12CB80>\n\n    @wraps(f)\n    def unwindGenerator(*args: _P.args, **kwargs: _P.kwargs) -> Deferred[_T]:\n        try:\n            gen = f(*args, **kwargs)\n        except _DefGen_Return:\n            raise TypeError(\n                \"inlineCallbacks requires %r to produce a generator; instead\"\n                \"caught returnValue being used in a non-generator\" % (f,)\n            )\n        if not isinstance(gen, GeneratorType):\n>           raise TypeError(\n                \"inlineCallbacks requires %r to produce a generator; \"\n                \"instead got %r\" % (f, gen)\n            )\nE           TypeError: inlineCallbacks requires <function test_get_content at 0x000002651FBB6A20> to produce a generator; instead got <async_generator object test_get_content at 0x000002651F12CB80>\n\n.venv\\Lib\\site-packages\\twisted\\internet\\defer.py:2132: TypeError"
      },
      "teardown": {
        "outcome": "passed"
      }
    },
    {
      "nodeid": "tests/test_kling.py::test_save_content[ImageGen-save_images]",
      "lineno": 137,
      "outcome": "failed",
      "keywords": [
        "test_save_content[ImageGen-save_images]",
        "parametrize",
        "__wrapped__",
        "patchings",
        "pytestmark",
        "ImageGen-save_images",
        "test_kling.py",
        "tests",
        "yihong0618@klingcreator__e567c6a1__requests__treq",
        ""
      ],
      "setup": {
        "outcome": "passed"
      },
      "call": {
        "outcome": "failed",
        "crash": {
          "path": "D:\\repos\\yihong0618@klingcreator__e567c6a1__requests__treq\\.venv\\Lib\\site-packages\\_pytest\\python.py",
          "lineno": 147,
          "message": "Failed: async def functions are not natively supported.\nYou need to install a suitable plugin for your async framework, for example:\n  - anyio\n  - pytest-asyncio\n  - pytest-tornasync\n  - pytest-trio\n  - pytest-twisted"
        },
        "longrepr": "async def functions are not natively supported.\nYou need to install a suitable plugin for your async framework, for example:\n  - anyio\n  - pytest-asyncio\n  - pytest-tornasync\n  - pytest-trio\n  - pytest-twisted"
      },
      "teardown": {
        "outcome": "passed"
      }
    },
    {
      "nodeid": "tests/test_kling.py::test_save_content[VideoGen-save_video]",
      "lineno": 137,
      "outcome": "failed",
      "keywords": [
        "test_save_content[VideoGen-save_video]",
        "parametrize",
        "__wrapped__",
        "patchings",
        "pytestmark",
        "VideoGen-save_video",
        "test_kling.py",
        "tests",
        "yihong0618@klingcreator__e567c6a1__requests__treq",
        ""
      ],
      "setup": {
        "outcome": "passed"
      },
      "call": {
        "outcome": "failed",
        "crash": {
          "path": "D:\\repos\\yihong0618@klingcreator__e567c6a1__requests__treq\\.venv\\Lib\\site-packages\\_pytest\\python.py",
          "lineno": 147,
          "message": "Failed: async def functions are not natively supported.\nYou need to install a suitable plugin for your async framework, for example:\n  - anyio\n  - pytest-asyncio\n  - pytest-tornasync\n  - pytest-trio\n  - pytest-twisted"
        },
        "longrepr": "async def functions are not natively supported.\nYou need to install a suitable plugin for your async framework, for example:\n  - anyio\n  - pytest-asyncio\n  - pytest-tornasync\n  - pytest-trio\n  - pytest-twisted"
      },
      "teardown": {
        "outcome": "passed"
      }
    },
    {
      "nodeid": "tests/test_kling.py::test_call_for_daily_check",
      "lineno": 160,
      "outcome": "failed",
      "keywords": [
        "test_call_for_daily_check",
        "asyncio",
        "pytestmark",
        "test_kling.py",
        "tests",
        "yihong0618@klingcreator__e567c6a1__requests__treq",
        ""
      ],
      "setup": {
        "outcome": "passed"
      },
      "call": {
        "outcome": "failed",
        "crash": {
          "path": "D:\\repos\\yihong0618@klingcreator__e567c6a1__requests__treq\\.venv\\Lib\\site-packages\\treq\\client.py",
          "lineno": 311,
          "message": "TypeError: headers must be a dict, twisted.web.http_headers.Headers, or None, but found <class 'unittest.mock.MagicMock'>."
        },
        "traceback": [
          {
            "path": "tests\\test_kling.py",
            "lineno": 167,
            "message": ""
          },
          {
            "path": "kling\\kling.py",
            "lineno": 25,
            "message": "in call_for_daily_check"
          },
          {
            "path": ".venv\\Lib\\site-packages\\treq\\api.py",
            "lineno": 23,
            "message": "in get"
          },
          {
            "path": ".venv\\Lib\\site-packages\\treq\\client.py",
            "lineno": 151,
            "message": "in get"
          },
          {
            "path": ".venv\\Lib\\site-packages\\treq\\client.py",
            "lineno": 238,
            "message": "in request"
          },
          {
            "path": ".venv\\Lib\\site-packages\\treq\\client.py",
            "lineno": 311,
            "message": "TypeError"
          }
        ],
        "longrepr": "@pytest.mark.asyncio\n    async def test_call_for_daily_check():\n        mock_session = MagicMock()\n        mock_session.get.return_value.ok = True\n        mock_session.get.return_value.json.return_value = {\"status\": \"success\"}\n    \n>       result = await call_for_daily_check(mock_session, True)\n                 ^^^^^^^^^^^^^^^^^^^^^^^^^^^^^^^^^^^^^^^^^^^^^^\n\ntests\\test_kling.py:167: \n_ _ _ _ _ _ _ _ _ _ _ _ _ _ _ _ _ _ _ _ _ _ _ _ _ _ _ _ _ _ _ _ _ _ _ _ _ _ _ _\nkling\\kling.py:25: in call_for_daily_check\n    response = await treq.get(url, headers=client.headers, cookies=client.cookies)\n                     ^^^^^^^^^^^^^^^^^^^^^^^^^^^^^^^^^^^^^^^^^^^^^^^^^^^^^^^^^^^^^\n.venv\\Lib\\site-packages\\treq\\api.py:23: in get\n    return _client(kwargs).get(url, headers=headers, _stacklevel=4, **kwargs)\n           ^^^^^^^^^^^^^^^^^^^^^^^^^^^^^^^^^^^^^^^^^^^^^^^^^^^^^^^^^^^^^^^^^^\n.venv\\Lib\\site-packages\\treq\\client.py:151: in get\n    return self.request(\"GET\", url, **kwargs)\n           ^^^^^^^^^^^^^^^^^^^^^^^^^^^^^^^^^^\n.venv\\Lib\\site-packages\\treq\\client.py:238: in request\n    headers = self._request_headers(headers, _stacklevel + 1)\n              ^^^^^^^^^^^^^^^^^^^^^^^^^^^^^^^^^^^^^^^^^^^^^^^\n_ _ _ _ _ _ _ _ _ _ _ _ _ _ _ _ _ _ _ _ _ _ _ _ _ _ _ _ _ _ _ _ _ _ _ _ _ _ _ _\n\nself = <treq.client.HTTPClient object at 0x000002651F0F27D0>\nheaders = <MagicMock name='mock.headers' id='2633349907664'>, stacklevel = 5\n\n    def _request_headers(\n        self, headers: Optional[_HeadersType], stacklevel: int\n    ) -> Headers:\n        \"\"\"\n        Convert the *headers* argument to a :class:`Headers` instance\n        \"\"\"\n        if isinstance(headers, dict):\n            h = Headers({})\n            for k, v in headers.items():\n                if isinstance(v, (bytes, str)):\n                    h.addRawHeader(k, v)\n                elif isinstance(v, list):\n                    h.setRawHeaders(k, v)\n                else:\n                    raise TypeError(\n                        \"The value of headers key {!r} has non-string type {}.\".format(\n                            k, type(v)\n                        )\n                    )\n            return h\n        if isinstance(headers, Headers):\n            return headers\n        if headers is None:\n            return Headers({})\n    \n>       raise TypeError(\n            (\n                \"headers must be a dict, twisted.web.http_headers.Headers, or None,\"\n                \" but found {}.\"\n            ).format(type(headers))\n        )\nE       TypeError: headers must be a dict, twisted.web.http_headers.Headers, or None, but found <class 'unittest.mock.MagicMock'>.\n\n.venv\\Lib\\site-packages\\treq\\client.py:311: TypeError"
      },
      "teardown": {
        "outcome": "passed"
      }
    },
    {
      "nodeid": "tests/test_kling.py::test_video_gen_get_video",
      "lineno": 174,
      "outcome": "failed",
      "keywords": [
        "test_video_gen_get_video",
        "__wrapped__",
        "patchings",
        "test_kling.py",
        "tests",
        "yihong0618@klingcreator__e567c6a1__requests__treq",
        ""
      ],
      "setup": {
        "outcome": "passed"
      },
      "call": {
        "outcome": "failed",
        "crash": {
          "path": "D:\\repos\\yihong0618@klingcreator__e567c6a1__requests__treq\\tests\\test_kling.py",
          "lineno": 178,
          "message": "AttributeError: 'dict' object has no attribute 'post'"
        },
        "traceback": [
          {
            "path": "tests\\test_kling.py",
            "lineno": 178,
            "message": "AttributeError"
          }
        ],
        "longrepr": "mock_uploader = <AsyncMock name='image_uploader' id='2633314455952'>\nmock_file = <MagicMock name='open' id='2633349887312'>\nvideo_gen = <coroutine object video_gen at 0x000002651FD63B90>\nmock_session = {'get': <MagicMock name='get' id='2633351514448'>, 'post': <MagicMock name='post' id='2633351518800'>}\n\n    @patch(\"builtins.open\", new_callable=mock_open, read_data=b\"mock_image_data\")\n    @patch.object(VideoGen, \"image_uploader\", return_value=\"mock_image_url\")\n    def test_video_gen_get_video(mock_uploader, mock_file, video_gen, mock_session):\n>       mock_session.post.return_value.json.return_value = {\n        ^^^^^^^^^^^^^^^^^\n            \"data\": {\"task\": {\"id\": \"mock_id\"}}\n        }\nE       AttributeError: 'dict' object has no attribute 'post'\n\ntests\\test_kling.py:178: AttributeError"
      },
      "teardown": {
        "outcome": "passed"
      }
    },
    {
      "nodeid": "tests/test_kling.py::test_video_gen_save_video",
      "lineno": 197,
      "outcome": "failed",
      "keywords": [
        "test_video_gen_save_video",
        "__wrapped__",
        "patchings",
        "test_kling.py",
        "tests",
        "yihong0618@klingcreator__e567c6a1__requests__treq",
        ""
      ],
      "setup": {
        "outcome": "passed"
      },
      "call": {
        "outcome": "failed",
        "crash": {
          "path": "D:\\repos\\yihong0618@klingcreator__e567c6a1__requests__treq\\tests\\test_kling.py",
          "lineno": 204,
          "message": "AttributeError: 'dict' object has no attribute 'post'"
        },
        "traceback": [
          {
            "path": "tests\\test_kling.py",
            "lineno": 204,
            "message": "AttributeError"
          }
        ],
        "longrepr": "mock_file = <MagicMock name='open' id='2633351622608'>\nmock_mkdir = <MagicMock name='mkdir' id='2633333690960'>\nmock_exists = <MagicMock name='exists' id='2633333696144'>\nvideo_gen = <coroutine object video_gen at 0x000002651FD61BE0>\nmock_session = {'get': <MagicMock name='get' id='2633333725008'>, 'post': <MagicMock name='post' id='2633351615760'>}\n\n    @patch(\"os.path.exists\", return_value=False)\n    @patch(\"os.mkdir\")\n    @patch(\"builtins.open\", new_callable=mock_open)\n    def test_video_gen_save_video(\n        mock_file, mock_mkdir, mock_exists, video_gen, mock_session\n    ):\n>       mock_session.post.return_value.json.return_value = {\n        ^^^^^^^^^^^^^^^^^\n            \"data\": {\"task\": {\"id\": \"mock_id\"}}\n        }\nE       AttributeError: 'dict' object has no attribute 'post'\n\ntests\\test_kling.py:204: AttributeError"
      },
      "teardown": {
        "outcome": "passed"
      }
    },
    {
      "nodeid": "tests/test_kling.py::test_image_gen_get_images",
      "lineno": 219,
      "outcome": "failed",
      "keywords": [
        "test_image_gen_get_images",
        "__wrapped__",
        "patchings",
        "test_kling.py",
        "tests",
        "yihong0618@klingcreator__e567c6a1__requests__treq",
        ""
      ],
      "setup": {
        "outcome": "passed"
      },
      "call": {
        "outcome": "failed",
        "crash": {
          "path": "D:\\repos\\yihong0618@klingcreator__e567c6a1__requests__treq\\tests\\test_kling.py",
          "lineno": 223,
          "message": "AttributeError: 'dict' object has no attribute 'post'"
        },
        "traceback": [
          {
            "path": "tests\\test_kling.py",
            "lineno": 223,
            "message": "AttributeError"
          }
        ],
        "longrepr": "mock_uploader = <AsyncMock name='image_uploader' id='2633333936208'>\nmock_file = <MagicMock name='open' id='2633334096144'>\nimage_gen = <coroutine object image_gen at 0x000002651FD617D0>\nmock_session = {'get': <MagicMock name='get' id='2633333942544'>, 'post': <MagicMock name='post' id='2633333945168'>}\n\n    @patch(\"builtins.open\", new_callable=mock_open, read_data=b\"mock_image_data\")\n    @patch.object(ImageGen, \"image_uploader\", return_value=\"mock_image_url\")\n    def test_image_gen_get_images(mock_uploader, mock_file, image_gen, mock_session):\n>       mock_session.post.return_value.json.return_value = {\n        ^^^^^^^^^^^^^^^^^\n            \"data\": {\"task\": {\"id\": \"mock_id\"}}\n        }\nE       AttributeError: 'dict' object has no attribute 'post'\n\ntests\\test_kling.py:223: AttributeError"
      },
      "teardown": {
        "outcome": "passed"
      }
    },
    {
      "nodeid": "tests/test_kling.py::test_image_gen_save_images",
      "lineno": 239,
      "outcome": "failed",
      "keywords": [
        "test_image_gen_save_images",
        "__wrapped__",
        "patchings",
        "test_kling.py",
        "tests",
        "yihong0618@klingcreator__e567c6a1__requests__treq",
        ""
      ],
      "setup": {
        "outcome": "passed"
      },
      "call": {
        "outcome": "failed",
        "crash": {
          "path": "D:\\repos\\yihong0618@klingcreator__e567c6a1__requests__treq\\tests\\test_kling.py",
          "lineno": 247,
          "message": "AttributeError: 'dict' object has no attribute 'post'"
        },
        "traceback": [
          {
            "path": "tests\\test_kling.py",
            "lineno": 247,
            "message": "AttributeError"
          }
        ],
        "longrepr": "mock_thread = <MagicMock name='Thread' id='2633333729680'>\nmock_file = <MagicMock name='open' id='2633333791952'>\nmock_mkdir = <MagicMock name='mkdir' id='2633336181328'>\nmock_exists = <MagicMock name='exists' id='2633336177232'>\nimage_gen = <coroutine object image_gen at 0x000002651CFB0A00>\nmock_session = {'get': <MagicMock name='get' id='2633333991440'>, 'post': <MagicMock name='post' id='2633335141008'>}\n\n    @patch(\"os.path.exists\", return_value=False)\n    @patch(\"os.mkdir\")\n    @patch(\"builtins.open\", new_callable=mock_open)\n    @patch(\"threading.Thread\")\n    def test_image_gen_save_images(\n        mock_thread, mock_file, mock_mkdir, mock_exists, image_gen, mock_session\n    ):\n>       mock_session.post.return_value.json.return_value = {\n        ^^^^^^^^^^^^^^^^^\n            \"data\": {\"task\": {\"id\": \"mock_id\"}}\n        }\nE       AttributeError: 'dict' object has no attribute 'post'\n\ntests\\test_kling.py:247: AttributeError"
      },
      "teardown": {
        "outcome": "passed"
      }
    },
    {
      "nodeid": "tests/test_kling.py::test_extend_video_completed",
      "lineno": 262,
      "outcome": "failed",
      "keywords": [
        "test_extend_video_completed",
        "__wrapped__",
        "patchings",
        "test_kling.py",
        "tests",
        "yihong0618@klingcreator__e567c6a1__requests__treq",
        ""
      ],
      "setup": {
        "outcome": "passed"
      },
      "call": {
        "outcome": "failed",
        "crash": {
          "path": "D:\\repos\\yihong0618@klingcreator__e567c6a1__requests__treq\\tests\\test_kling.py",
          "lineno": 270,
          "message": "AttributeError: 'coroutine' object has no attribute 'extend_video'"
        },
        "traceback": [
          {
            "path": "tests\\test_kling.py",
            "lineno": 270,
            "message": "AttributeError"
          }
        ],
        "longrepr": "mock_fetch_metadata = <MagicMock name='fetch_metadata' id='2633349883280'>\nvideo_gen = <coroutine object video_gen at 0x000002651F04B6B0>\n\n    @patch.object(VideoGen, \"fetch_metadata\")\n    def test_extend_video_completed(mock_fetch_metadata, video_gen):\n        mock_fetch_metadata.return_value = (\n            {\"works\": [{\"resource\": {\"resource\": \"mock_resource\"}}]},\n            TaskStatus.COMPLETED,\n        )\n    \n>       result = video_gen.extend_video(123, \"mock_prompt\")\n                 ^^^^^^^^^^^^^^^^^^^^^^\nE       AttributeError: 'coroutine' object has no attribute 'extend_video'\n\ntests\\test_kling.py:270: AttributeError"
      },
      "teardown": {
        "outcome": "passed"
      }
    },
    {
      "nodeid": "tests/test_kling.py::test_extend_video_pending",
      "lineno": 274,
      "outcome": "passed",
      "keywords": [
        "test_extend_video_pending",
        "__wrapped__",
        "patchings",
        "test_kling.py",
        "tests",
        "yihong0618@klingcreator__e567c6a1__requests__treq",
        ""
      ],
      "setup": {
        "outcome": "passed"
      },
      "call": {
        "outcome": "passed"
      },
      "teardown": {
        "outcome": "passed"
      }
    },
    {
      "nodeid": "tests/test_kling.py::test_extend_video_failed",
      "lineno": 285,
      "outcome": "passed",
      "keywords": [
        "test_extend_video_failed",
        "__wrapped__",
        "patchings",
        "test_kling.py",
        "tests",
        "yihong0618@klingcreator__e567c6a1__requests__treq",
        ""
      ],
      "setup": {
        "outcome": "passed"
      },
      "call": {
        "outcome": "passed"
      },
      "teardown": {
        "outcome": "passed"
      }
    },
    {
      "nodeid": "tests/test_kling.py::test_extend_video_no_works",
      "lineno": 296,
      "outcome": "passed",
      "keywords": [
        "test_extend_video_no_works",
        "__wrapped__",
        "patchings",
        "test_kling.py",
        "tests",
        "yihong0618@klingcreator__e567c6a1__requests__treq",
        ""
      ],
      "setup": {
        "outcome": "passed"
      },
      "call": {
        "outcome": "passed"
      },
      "teardown": {
        "outcome": "passed"
      }
    }
  ],
  "warnings": [
    {
      "message": "'test_base_gen_init' requested an async fixture 'base_gen', with no plugin or hook that handled it. This is usually an error, as pytest does not natively support it. This will turn into an error in pytest 9.\nSee: https://docs.pytest.org/en/stable/deprecations.html#sync-test-depending-on-async-fixture",
      "category": "PytestRemovedIn9Warning",
      "when": "runtest",
      "filename": "D:\\repos\\yihong0618@klingcreator__e567c6a1__requests__treq\\.venv\\Lib\\site-packages\\_pytest\\fixtures.py",
      "lineno": 1181
    },
    {
      "message": "'test_image_gen_init' requested an async fixture 'image_gen', with no plugin or hook that handled it. This is usually an error, as pytest does not natively support it. This will turn into an error in pytest 9.\nSee: https://docs.pytest.org/en/stable/deprecations.html#sync-test-depending-on-async-fixture",
      "category": "PytestRemovedIn9Warning",
      "when": "runtest",
      "filename": "D:\\repos\\yihong0618@klingcreator__e567c6a1__requests__treq\\.venv\\Lib\\site-packages\\_pytest\\fixtures.py",
      "lineno": 1181
    },
    {
      "message": "'test_video_gen_init' requested an async fixture 'video_gen', with no plugin or hook that handled it. This is usually an error, as pytest does not natively support it. This will turn into an error in pytest 9.\nSee: https://docs.pytest.org/en/stable/deprecations.html#sync-test-depending-on-async-fixture",
      "category": "PytestRemovedIn9Warning",
      "when": "runtest",
      "filename": "D:\\repos\\yihong0618@klingcreator__e567c6a1__requests__treq\\.venv\\Lib\\site-packages\\_pytest\\fixtures.py",
      "lineno": 1181
    },
    {
      "message": "'test_image_uploader' requested an async fixture 'image_gen', with no plugin or hook that handled it. This is usually an error, as pytest does not natively support it. This will turn into an error in pytest 9.\nSee: https://docs.pytest.org/en/stable/deprecations.html#sync-test-depending-on-async-fixture",
      "category": "PytestRemovedIn9Warning",
      "when": "runtest",
      "filename": "D:\\repos\\yihong0618@klingcreator__e567c6a1__requests__treq\\.venv\\Lib\\site-packages\\_pytest\\fixtures.py",
      "lineno": 1181
    },
    {
      "message": "The test <Function test_image_uploader> is marked with '@pytest.mark.asyncio' but it is not an async function. Please remove the asyncio mark. If the test is not marked explicitly, check for global marks applied via 'pytestmark'.",
      "category": "PytestWarning",
      "when": "runtest",
      "filename": "tests\\test_kling.py",
      "lineno": 72
    },
    {
      "message": "'test_fetch_metadata' requested an async fixture 'base_gen', with no plugin or hook that handled it. This is usually an error, as pytest does not natively support it. This will turn into an error in pytest 9.\nSee: https://docs.pytest.org/en/stable/deprecations.html#sync-test-depending-on-async-fixture",
      "category": "PytestRemovedIn9Warning",
      "when": "runtest",
      "filename": "D:\\repos\\yihong0618@klingcreator__e567c6a1__requests__treq\\.venv\\Lib\\site-packages\\_pytest\\fixtures.py",
      "lineno": 1181
    },
    {
      "message": "coroutine 'base_gen' was never awaited",
      "category": "RuntimeWarning",
      "when": "runtest",
      "filename": "C:\\Users\\Mohay\\AppData\\Local\\Programs\\Python\\Python311\\Lib\\unittest\\mock.py",
      "lineno": 2178
    },
    {
      "message": "'test_video_gen_get_video' requested an async fixture 'video_gen', with no plugin or hook that handled it. This is usually an error, as pytest does not natively support it. This will turn into an error in pytest 9.\nSee: https://docs.pytest.org/en/stable/deprecations.html#sync-test-depending-on-async-fixture",
      "category": "PytestRemovedIn9Warning",
      "when": "runtest",
      "filename": "D:\\repos\\yihong0618@klingcreator__e567c6a1__requests__treq\\.venv\\Lib\\site-packages\\_pytest\\fixtures.py",
      "lineno": 1181
    },
    {
      "message": "'test_video_gen_save_video' requested an async fixture 'video_gen', with no plugin or hook that handled it. This is usually an error, as pytest does not natively support it. This will turn into an error in pytest 9.\nSee: https://docs.pytest.org/en/stable/deprecations.html#sync-test-depending-on-async-fixture",
      "category": "PytestRemovedIn9Warning",
      "when": "runtest",
      "filename": "D:\\repos\\yihong0618@klingcreator__e567c6a1__requests__treq\\.venv\\Lib\\site-packages\\_pytest\\fixtures.py",
      "lineno": 1181
    },
    {
      "message": "'test_image_gen_get_images' requested an async fixture 'image_gen', with no plugin or hook that handled it. This is usually an error, as pytest does not natively support it. This will turn into an error in pytest 9.\nSee: https://docs.pytest.org/en/stable/deprecations.html#sync-test-depending-on-async-fixture",
      "category": "PytestRemovedIn9Warning",
      "when": "runtest",
      "filename": "D:\\repos\\yihong0618@klingcreator__e567c6a1__requests__treq\\.venv\\Lib\\site-packages\\_pytest\\fixtures.py",
      "lineno": 1181
    },
    {
      "message": "'test_image_gen_save_images' requested an async fixture 'image_gen', with no plugin or hook that handled it. This is usually an error, as pytest does not natively support it. This will turn into an error in pytest 9.\nSee: https://docs.pytest.org/en/stable/deprecations.html#sync-test-depending-on-async-fixture",
      "category": "PytestRemovedIn9Warning",
      "when": "runtest",
      "filename": "D:\\repos\\yihong0618@klingcreator__e567c6a1__requests__treq\\.venv\\Lib\\site-packages\\_pytest\\fixtures.py",
      "lineno": 1181
    },
    {
      "message": "'test_extend_video_completed' requested an async fixture 'video_gen', with no plugin or hook that handled it. This is usually an error, as pytest does not natively support it. This will turn into an error in pytest 9.\nSee: https://docs.pytest.org/en/stable/deprecations.html#sync-test-depending-on-async-fixture",
      "category": "PytestRemovedIn9Warning",
      "when": "runtest",
      "filename": "D:\\repos\\yihong0618@klingcreator__e567c6a1__requests__treq\\.venv\\Lib\\site-packages\\_pytest\\fixtures.py",
      "lineno": 1181
    },
    {
      "message": "'test_extend_video_pending' requested an async fixture 'video_gen', with no plugin or hook that handled it. This is usually an error, as pytest does not natively support it. This will turn into an error in pytest 9.\nSee: https://docs.pytest.org/en/stable/deprecations.html#sync-test-depending-on-async-fixture",
      "category": "PytestRemovedIn9Warning",
      "when": "runtest",
      "filename": "D:\\repos\\yihong0618@klingcreator__e567c6a1__requests__treq\\.venv\\Lib\\site-packages\\_pytest\\fixtures.py",
      "lineno": 1181
    },
    {
      "message": "coroutine 'video_gen' was never awaited",
      "category": "RuntimeWarning",
      "when": "runtest",
      "filename": "D:\\repos\\yihong0618@klingcreator__e567c6a1__requests__treq\\.venv\\Lib\\site-packages\\_pytest\\runner.py",
      "lineno": 146
    },
    {
      "message": "'test_extend_video_failed' requested an async fixture 'video_gen', with no plugin or hook that handled it. This is usually an error, as pytest does not natively support it. This will turn into an error in pytest 9.\nSee: https://docs.pytest.org/en/stable/deprecations.html#sync-test-depending-on-async-fixture",
      "category": "PytestRemovedIn9Warning",
      "when": "runtest",
      "filename": "D:\\repos\\yihong0618@klingcreator__e567c6a1__requests__treq\\.venv\\Lib\\site-packages\\_pytest\\fixtures.py",
      "lineno": 1181
    },
    {
      "message": "coroutine 'video_gen' was never awaited",
      "category": "RuntimeWarning",
      "when": "runtest",
      "filename": "D:\\repos\\yihong0618@klingcreator__e567c6a1__requests__treq\\.venv\\Lib\\site-packages\\_pytest\\runner.py",
      "lineno": 146
    },
    {
      "message": "'test_extend_video_no_works' requested an async fixture 'video_gen', with no plugin or hook that handled it. This is usually an error, as pytest does not natively support it. This will turn into an error in pytest 9.\nSee: https://docs.pytest.org/en/stable/deprecations.html#sync-test-depending-on-async-fixture",
      "category": "PytestRemovedIn9Warning",
      "when": "runtest",
      "filename": "D:\\repos\\yihong0618@klingcreator__e567c6a1__requests__treq\\.venv\\Lib\\site-packages\\_pytest\\fixtures.py",
      "lineno": 1181
    },
    {
      "message": "coroutine 'video_gen' was never awaited",
      "category": "RuntimeWarning",
      "when": "runtest",
      "filename": "D:\\repos\\yihong0618@klingcreator__e567c6a1__requests__treq\\.venv\\Lib\\site-packages\\_pytest\\runner.py",
      "lineno": 146
    }
  ]
}