{
  "exitcode": 1,
  "summary": {
    "passed": 52,
    "failed": 6,
    "total": 58,
    "collected": 58
  },
  "collectors": [
    {
      "nodeid": "",
      "outcome": "passed",
      "result": [
        {
          "nodeid": ".",
          "type": "Dir"
        }
      ]
    },
    {
      "nodeid": "docs",
      "outcome": "passed",
      "result": []
    },
    {
      "nodeid": "pyschlage",
      "outcome": "passed",
      "result": []
    },
    {
      "nodeid": "pyschlage.egg-info",
      "outcome": "passed",
      "result": []
    },
    {
      "nodeid": "scripts",
      "outcome": "passed",
      "result": []
    },
    {
      "nodeid": "tests/test_api.py",
      "outcome": "passed",
      "result": [
        {
          "nodeid": "tests/test_api.py::test_locks",
          "type": "Function",
          "lineno": 8
        },
        {
          "nodeid": "tests/test_api.py::test_users",
          "type": "Function",
          "lineno": 33
        }
      ]
    },
    {
      "nodeid": "tests/test_auth.py",
      "outcome": "passed",
      "result": [
        {
          "nodeid": "tests/test_auth.py::test_authenticate",
          "type": "Function",
          "lineno": 8
        },
        {
          "nodeid": "tests/test_auth.py::test_request",
          "type": "Function",
          "lineno": 25
        },
        {
          "nodeid": "tests/test_auth.py::test_request_not_authorized",
          "type": "Function",
          "lineno": 41
        },
        {
          "nodeid": "tests/test_auth.py::test_request_unknown_error",
          "type": "Function",
          "lineno": 72
        },
        {
          "nodeid": "tests/test_auth.py::test_user_id",
          "type": "Function",
          "lineno": 100
        },
        {
          "nodeid": "tests/test_auth.py::test_user_id_is_cached",
          "type": "Function",
          "lineno": 127
        }
      ]
    },
    {
      "nodeid": "tests/test_code.py::TestAccessCode",
      "outcome": "passed",
      "result": [
        {
          "nodeid": "tests/test_code.py::TestAccessCode::test_to_from_json",
          "type": "Function",
          "lineno": 14
        },
        {
          "nodeid": "tests/test_code.py::TestAccessCode::test_to_from_json_recurring_schedule",
          "type": "Function",
          "lineno": 31
        },
        {
          "nodeid": "tests/test_code.py::TestAccessCode::test_to_from_json_temporary_schedule",
          "type": "Function",
          "lineno": 53
        },
        {
          "nodeid": "tests/test_code.py::TestAccessCode::test_save",
          "type": "Function",
          "lineno": 77
        },
        {
          "nodeid": "tests/test_code.py::TestAccessCode::test_delete",
          "type": "Function",
          "lineno": 107
        }
      ]
    },
    {
      "nodeid": "tests/test_code.py",
      "outcome": "passed",
      "result": [
        {
          "nodeid": "tests/test_code.py::TestAccessCode",
          "type": "Class"
        }
      ]
    },
    {
      "nodeid": "tests/test_common.py",
      "outcome": "passed",
      "result": [
        {
          "nodeid": "tests/test_common.py::test_pickle_unpickle",
          "type": "Function",
          "lineno": 10
        },
        {
          "nodeid": "tests/test_common.py::test_redact_allow_asterisk",
          "type": "Function",
          "lineno": 35
        },
        {
          "nodeid": "tests/test_common.py::test_redact_allow_all",
          "type": "Function",
          "lineno": 39
        },
        {
          "nodeid": "tests/test_common.py::test_redact_all",
          "type": "Function",
          "lineno": 50
        },
        {
          "nodeid": "tests/test_common.py::test_redact_partial",
          "type": "Function",
          "lineno": 67
        }
      ]
    },
    {
      "nodeid": "tests/test_lock.py::TestLock",
      "outcome": "passed",
      "result": [
        {
          "nodeid": "tests/test_lock.py::TestLock::test_from_json",
          "type": "Function",
          "lineno": 18
        },
        {
          "nodeid": "tests/test_lock.py::TestLock::test_from_json_cat_optional",
          "type": "Function",
          "lineno": 40
        },
        {
          "nodeid": "tests/test_lock.py::TestLock::test_from_json_no_connected",
          "type": "Function",
          "lineno": 47
        },
        {
          "nodeid": "tests/test_lock.py::TestLock::test_from_json_is_jammed",
          "type": "Function",
          "lineno": 54
        },
        {
          "nodeid": "tests/test_lock.py::TestLock::test_from_json_wifi_lock_unavailable",
          "type": "Function",
          "lineno": 60
        },
        {
          "nodeid": "tests/test_lock.py::TestLock::test_from_json_no_model_name",
          "type": "Function",
          "lineno": 69
        },
        {
          "nodeid": "tests/test_lock.py::TestLock::test_diagnostics",
          "type": "Function",
          "lineno": 76
        },
        {
          "nodeid": "tests/test_lock.py::TestLock::test_refresh",
          "type": "Function",
          "lineno": 142
        },
        {
          "nodeid": "tests/test_lock.py::TestLock::test_send_command_unauthenticated",
          "type": "Function",
          "lineno": 172
        },
        {
          "nodeid": "tests/test_lock.py::TestLock::test_lock_wifi",
          "type": "Function",
          "lineno": 176
        },
        {
          "nodeid": "tests/test_lock.py::TestLock::test_unlock_wifi",
          "type": "Function",
          "lineno": 192
        },
        {
          "nodeid": "tests/test_lock.py::TestLock::test_lock_ble",
          "type": "Function",
          "lineno": 208
        },
        {
          "nodeid": "tests/test_lock.py::TestLock::test_unlock_ble",
          "type": "Function",
          "lineno": 229
        },
        {
          "nodeid": "tests/test_lock.py::TestLock::test_logs",
          "type": "Function",
          "lineno": 250
        },
        {
          "nodeid": "tests/test_lock.py::TestLock::test_refresh_access_codes",
          "type": "Function",
          "lineno": 273
        },
        {
          "nodeid": "tests/test_lock.py::TestLock::test_add_access_code",
          "type": "Function",
          "lineno": 305
        },
        {
          "nodeid": "tests/test_lock.py::TestLock::test_set_beeper",
          "type": "Function",
          "lineno": 348
        },
        {
          "nodeid": "tests/test_lock.py::TestLock::test_set_lock_and_leave",
          "type": "Function",
          "lineno": 360
        },
        {
          "nodeid": "tests/test_lock.py::TestLock::test_set_auto_lock_time",
          "type": "Function",
          "lineno": 374
        }
      ]
    },
    {
      "nodeid": "tests/test_lock.py::TestKeypadDisabled",
      "outcome": "passed",
      "result": [
        {
          "nodeid": "tests/test_lock.py::TestKeypadDisabled::test_true",
          "type": "Function",
          "lineno": 393
        },
        {
          "nodeid": "tests/test_lock.py::TestKeypadDisabled::test_true_unsorted",
          "type": "Function",
          "lineno": 406
        },
        {
          "nodeid": "tests/test_lock.py::TestKeypadDisabled::test_false",
          "type": "Function",
          "lineno": 419
        },
        {
          "nodeid": "tests/test_lock.py::TestKeypadDisabled::test_fetches_logs",
          "type": "Function",
          "lineno": 432
        },
        {
          "nodeid": "tests/test_lock.py::TestKeypadDisabled::test_fetches_logs_no_logs",
          "type": "Function",
          "lineno": 447
        }
      ]
    },
    {
      "nodeid": "tests/test_lock.py::TestChangedBy",
      "outcome": "passed",
      "result": [
        {
          "nodeid": "tests/test_lock.py::TestChangedBy::test_thumbturn",
          "type": "Function",
          "lineno": 455
        },
        {
          "nodeid": "tests/test_lock.py::TestChangedBy::test_one_touch_locking",
          "type": "Function",
          "lineno": 460
        },
        {
          "nodeid": "tests/test_lock.py::TestChangedBy::test_nfc_device",
          "type": "Function",
          "lineno": 465
        },
        {
          "nodeid": "tests/test_lock.py::TestChangedBy::test_nfc_device_no_uuid",
          "type": "Function",
          "lineno": 471
        },
        {
          "nodeid": "tests/test_lock.py::TestChangedBy::test_keypad",
          "type": "Function",
          "lineno": 477
        },
        {
          "nodeid": "tests/test_lock.py::TestChangedBy::test_mobile_device",
          "type": "Function",
          "lineno": 483
        },
        {
          "nodeid": "tests/test_lock.py::TestChangedBy::test_unknown",
          "type": "Function",
          "lineno": 495
        },
        {
          "nodeid": "tests/test_lock.py::TestChangedBy::test_no_metadata",
          "type": "Function",
          "lineno": 498
        }
      ]
    },
    {
      "nodeid": "tests/test_lock.py",
      "outcome": "passed",
      "result": [
        {
          "nodeid": "tests/test_lock.py::TestLock",
          "type": "Class"
        },
        {
          "nodeid": "tests/test_lock.py::TestKeypadDisabled",
          "type": "Class"
        },
        {
          "nodeid": "tests/test_lock.py::TestChangedBy",
          "type": "Class"
        }
      ]
    },
    {
      "nodeid": "tests/test_log.py::TestFromJson",
      "outcome": "passed",
      "result": [
        {
          "nodeid": "tests/test_log.py::TestFromJson::test_unlocked_by_thumbturn",
          "type": "Function",
          "lineno": 8
        },
        {
          "nodeid": "tests/test_log.py::TestFromJson::test_unlocked_by_keypad",
          "type": "Function",
          "lineno": 18
        },
        {
          "nodeid": "tests/test_log.py::TestFromJson::test_unlocked_by_mobile_device",
          "type": "Function",
          "lineno": 33
        }
      ]
    },
    {
      "nodeid": "tests/test_log.py",
      "outcome": "passed",
      "result": [
        {
          "nodeid": "tests/test_log.py::TestFromJson",
          "type": "Class"
        }
      ]
    },
    {
      "nodeid": "tests/test_notification.py",
      "outcome": "passed",
      "result": [
        {
          "nodeid": "tests/test_notification.py::test_from_json",
          "type": "Function",
          "lineno": 10
        },
        {
          "nodeid": "tests/test_notification.py::test_save",
          "type": "Function",
          "lineno": 18
        },
        {
          "nodeid": "tests/test_notification.py::test_delete",
          "type": "Function",
          "lineno": 23
        }
      ]
    },
    {
      "nodeid": "tests/test_user.py",
      "outcome": "passed",
      "result": [
        {
          "nodeid": "tests/test_user.py::test_from_json",
          "type": "Function",
          "lineno": 5
        },
        {
          "nodeid": "tests/test_user.py::test_from_json_no_name",
          "type": "Function",
          "lineno": 14
        }
      ]
    },
    {
      "nodeid": "tests",
      "outcome": "passed",
      "result": [
        {
          "nodeid": "tests/test_api.py",
          "type": "Module"
        },
        {
          "nodeid": "tests/test_auth.py",
          "type": "Module"
        },
        {
          "nodeid": "tests/test_code.py",
          "type": "Module"
        },
        {
          "nodeid": "tests/test_common.py",
          "type": "Module"
        },
        {
          "nodeid": "tests/test_lock.py",
          "type": "Module"
        },
        {
          "nodeid": "tests/test_log.py",
          "type": "Module"
        },
        {
          "nodeid": "tests/test_notification.py",
          "type": "Module"
        },
        {
          "nodeid": "tests/test_user.py",
          "type": "Module"
        }
      ]
    },
    {
      "nodeid": ".",
      "outcome": "passed",
      "result": [
        {
          "nodeid": "docs",
          "type": "Dir"
        },
        {
          "nodeid": "pyschlage",
          "type": "Package"
        },
        {
          "nodeid": "pyschlage.egg-info",
          "type": "Dir"
        },
        {
          "nodeid": "scripts",
          "type": "Dir"
        },
        {
          "nodeid": "tests",
          "type": "Package"
        }
      ]
    }
  ],
  "tests": [
    {
      "nodeid": "tests/test_api.py::test_locks",
      "lineno": 8,
      "outcome": "passed",
      "keywords": [
        "test_locks",
        "test_api.py",
        "tests",
        "dknowles2@pyschlage__5c48dcd0__requests__httpx",
        ""
      ],
      "setup": {
        "outcome": "passed"
      },
      "call": {
        "outcome": "passed"
      },
      "teardown": {
        "outcome": "passed"
      }
    },
    {
      "nodeid": "tests/test_api.py::test_users",
      "lineno": 33,
      "outcome": "passed",
      "keywords": [
        "test_users",
        "test_api.py",
        "tests",
        "dknowles2@pyschlage__5c48dcd0__requests__httpx",
        ""
      ],
      "setup": {
        "outcome": "passed"
      },
      "call": {
        "outcome": "passed"
      },
      "teardown": {
        "outcome": "passed"
      }
    },
    {
      "nodeid": "tests/test_auth.py::test_authenticate",
      "lineno": 8,
      "outcome": "passed",
      "keywords": [
        "test_authenticate",
        "__wrapped__",
        "patchings",
        "test_auth.py",
        "tests",
        "dknowles2@pyschlage__5c48dcd0__requests__httpx",
        ""
      ],
      "setup": {
        "outcome": "passed"
      },
      "call": {
        "outcome": "passed"
      },
      "teardown": {
        "outcome": "passed"
      }
    },
    {
      "nodeid": "tests/test_auth.py::test_request",
      "lineno": 25,
      "outcome": "passed",
      "keywords": [
        "test_request",
        "__wrapped__",
        "patchings",
        "test_auth.py",
        "tests",
        "dknowles2@pyschlage__5c48dcd0__requests__httpx",
        ""
      ],
      "setup": {
        "outcome": "passed"
      },
      "call": {
        "outcome": "passed"
      },
      "teardown": {
        "outcome": "passed"
      }
    },
    {
      "nodeid": "tests/test_auth.py::test_request_not_authorized",
      "lineno": 41,
      "outcome": "failed",
      "keywords": [
        "test_request_not_authorized",
        "__wrapped__",
        "patchings",
        "test_auth.py",
        "tests",
        "dknowles2@pyschlage__5c48dcd0__requests__httpx",
        ""
      ],
      "setup": {
        "outcome": "passed"
      },
      "call": {
        "outcome": "failed",
        "crash": {
          "path": "C:\\Users\\Mohay\\AppData\\Local\\Programs\\Python\\Python312\\Lib\\unittest\\mock.py",
          "lineno": 944,
          "message": "AssertionError: expected call not found.\nExpected: request('get', 'https://api.allegion.yonomi.cloud/v1/foo/bar', timeout=60, auth=<MagicMock name='RequestsSrpAuth()' spec='RequestsSrpAuth' id='2205449583696'>, headers={'X-Api-Key': 'hnuu9jbbJr7MssFDWm5nU2Z7nG5Q5rxsaqWsE7e9'}, baz='bam')\n  Actual: request('get', 'https://api.allegion.yonomi.cloud/v1/foo/bar', baz='bam', auth=<MagicMock name='RequestsSrpAuth()' spec='RequestsSrpAuth' id='2205449583696'>, headers={'X-Api-Key': 'hnuu9jbbJr7MssFDWm5nU2Z7nG5Q5rxsaqWsE7e9'}, timeout=60)"
        },
        "traceback": [
          {
            "path": "tests\\test_auth.py",
            "lineno": 63,
            "message": ""
          },
          {
            "path": "C:\\Users\\Mohay\\AppData\\Local\\Programs\\Python\\Python312\\Lib\\unittest\\mock.py",
            "lineno": 956,
            "message": "in assert_called_once_with"
          },
          {
            "path": "C:\\Users\\Mohay\\AppData\\Local\\Programs\\Python\\Python312\\Lib\\unittest\\mock.py",
            "lineno": 944,
            "message": "AssertionError"
          }
        ],
        "longrepr": "TypeError: got an unexpected keyword argument 'baz'\n\nThe above exception was the direct cause of the following exception:\n\nmock_cognito = <MagicMock name='Cognito' id='2205462458784'>\nmock_srp_auth = <MagicMock name='RequestsSrpAuth' spec='RequestsSrpAuth' id='2205462479024'>\nmock_request = <MagicMock name='request' spec='function' id='2205459924272'>\n\n    @mock.patch(\"httpx.request\", spec=True)  # Updated to httpx.request\n    @mock.patch(\"pycognito.utils.RequestsSrpAuth\", spec=True)\n    @mock.patch(\"pycognito.Cognito\")\n    def test_request_not_authorized(mock_cognito, mock_srp_auth, mock_request):\n        url = \"https://api.allegion.yonomi.cloud/v1/foo/bar\"\n        auth = _auth.Auth(\"__username__\", \"__password__\")\n        mock_request.side_effect = ClientError(\n            {\n                \"Error\": {\n                    \"Code\": \"NotAuthorizedException\",\n                    \"Message\": f\"Unauthorized for url: {url}\",\n                }\n            },\n            \"foo-op\",\n        )\n    \n        with pytest.raises(\n            pyschlage.exceptions.NotAuthorizedError, match=f\"Unauthorized for url: {url}\"\n        ):\n            auth.request(\"get\", \"/foo/bar\", baz=\"bam\")\n    \n>       mock_request.assert_called_once_with(\n            \"get\",\n            url,\n            timeout=60,\n            auth=mock_srp_auth.return_value,\n            headers={\"X-Api-Key\": _auth.API_KEY},\n            baz=\"bam\",\n        )\n\ntests\\test_auth.py:63: \n_ _ _ _ _ _ _ _ _ _ _ _ _ _ _ _ _ _ _ _ _ _ _ _ _ _ _ _ _ _ _ _ _ _ _ _ _ _ _ _\nC:\\Users\\Mohay\\AppData\\Local\\Programs\\Python\\Python312\\Lib\\unittest\\mock.py:956: in assert_called_once_with\n    return self.assert_called_with(*args, **kwargs)\n_ _ _ _ _ _ _ _ _ _ _ _ _ _ _ _ _ _ _ _ _ _ _ _ _ _ _ _ _ _ _ _ _ _ _ _ _ _ _ _\n\nself = <MagicMock name='request' spec='function' id='2205459924272'>\nargs = ('get', 'https://api.allegion.yonomi.cloud/v1/foo/bar')\nkwargs = {'auth': <MagicMock name='RequestsSrpAuth()' spec='RequestsSrpAuth' id='2205449583696'>, 'baz': 'bam', 'headers': {'X-Api-Key': 'hnuu9jbbJr7MssFDWm5nU2Z7nG5Q5rxsaqWsE7e9'}, 'timeout': 60}\nexpected = TypeError(\"got an unexpected keyword argument 'baz'\")\nactual = TypeError(\"got an unexpected keyword argument 'baz'\")\n_error_message = <function NonCallableMock.assert_called_with.<locals>._error_message at 0x000002017FC1B2E0>\ncause = TypeError(\"got an unexpected keyword argument 'baz'\")\n\n    def assert_called_with(self, /, *args, **kwargs):\n        \"\"\"assert that the last call was made with the specified arguments.\n    \n        Raises an AssertionError if the args and keyword args passed in are\n        different to the last call to the mock.\"\"\"\n        if self.call_args is None:\n            expected = self._format_mock_call_signature(args, kwargs)\n            actual = 'not called.'\n            error_message = ('expected call not found.\\nExpected: %s\\n  Actual: %s'\n                    % (expected, actual))\n            raise AssertionError(error_message)\n    \n        def _error_message():\n            msg = self._format_mock_failure_message(args, kwargs)\n            return msg\n        expected = self._call_matcher(_Call((args, kwargs), two=True))\n        actual = self._call_matcher(self.call_args)\n        if actual != expected:\n            cause = expected if isinstance(expected, Exception) else None\n>           raise AssertionError(_error_message()) from cause\nE           AssertionError: expected call not found.\nE           Expected: request('get', 'https://api.allegion.yonomi.cloud/v1/foo/bar', timeout=60, auth=<MagicMock name='RequestsSrpAuth()' spec='RequestsSrpAuth' id='2205449583696'>, headers={'X-Api-Key': 'hnuu9jbbJr7MssFDWm5nU2Z7nG5Q5rxsaqWsE7e9'}, baz='bam')\nE             Actual: request('get', 'https://api.allegion.yonomi.cloud/v1/foo/bar', baz='bam', auth=<MagicMock name='RequestsSrpAuth()' spec='RequestsSrpAuth' id='2205449583696'>, headers={'X-Api-Key': 'hnuu9jbbJr7MssFDWm5nU2Z7nG5Q5rxsaqWsE7e9'}, timeout=60)\n\nC:\\Users\\Mohay\\AppData\\Local\\Programs\\Python\\Python312\\Lib\\unittest\\mock.py:944: AssertionError"
      },
      "teardown": {
        "outcome": "passed"
      }
    },
    {
      "nodeid": "tests/test_auth.py::test_request_unknown_error",
      "lineno": 72,
      "outcome": "failed",
      "keywords": [
        "test_request_unknown_error",
        "__wrapped__",
        "patchings",
        "test_auth.py",
        "tests",
        "dknowles2@pyschlage__5c48dcd0__requests__httpx",
        ""
      ],
      "setup": {
        "outcome": "passed"
      },
      "call": {
        "outcome": "failed",
        "crash": {
          "path": "D:\\repos\\dknowles2@pyschlage__5c48dcd0__requests__httpx\\tests\\test_auth.py",
          "lineno": 80,
          "message": "TypeError: HTTPStatusError.__init__() missing 2 required keyword-only arguments: 'request' and 'response'"
        },
        "traceback": [
          {
            "path": "tests\\test_auth.py",
            "lineno": 80,
            "message": "TypeError"
          }
        ],
        "longrepr": "mock_cognito = <MagicMock name='Cognito' id='2205462455520'>\nmock_srp_auth = <MagicMock name='RequestsSrpAuth' spec='RequestsSrpAuth' id='2205462451584'>\nmock_request = <MagicMock name='request' spec='function' id='2205449581584'>\n\n    @mock.patch(\"httpx.request\", spec=True)  # Updated to httpx.request\n    @mock.patch(\"pycognito.utils.RequestsSrpAuth\", spec=True)\n    @mock.patch(\"pycognito.Cognito\")\n    def test_request_unknown_error(mock_cognito, mock_srp_auth, mock_request):\n        url = \"https://api.allegion.yonomi.cloud/v1/foo/bar\"\n        auth = _auth.Auth(\"__username__\", \"__password__\")\n        mock_resp = mock.create_autospec(httpx.Response)  # Updated to httpx.Response\n>       mock_resp.raise_for_status.side_effect = httpx.HTTPStatusError(\n            f\"500 Server Error: Internal for url: {url}\"\n        )\nE       TypeError: HTTPStatusError.__init__() missing 2 required keyword-only arguments: 'request' and 'response'\n\ntests\\test_auth.py:80: TypeError"
      },
      "teardown": {
        "outcome": "passed"
      }
    },
    {
      "nodeid": "tests/test_auth.py::test_user_id",
      "lineno": 100,
      "outcome": "passed",
      "keywords": [
        "test_user_id",
        "__wrapped__",
        "patchings",
        "test_auth.py",
        "tests",
        "dknowles2@pyschlage__5c48dcd0__requests__httpx",
        ""
      ],
      "setup": {
        "outcome": "passed"
      },
      "call": {
        "outcome": "passed"
      },
      "teardown": {
        "outcome": "passed"
      }
    },
    {
      "nodeid": "tests/test_auth.py::test_user_id_is_cached",
      "lineno": 127,
      "outcome": "passed",
      "keywords": [
        "test_user_id_is_cached",
        "__wrapped__",
        "patchings",
        "test_auth.py",
        "tests",
        "dknowles2@pyschlage__5c48dcd0__requests__httpx",
        ""
      ],
      "setup": {
        "outcome": "passed"
      },
      "call": {
        "outcome": "passed"
      },
      "teardown": {
        "outcome": "passed"
      }
    },
    {
      "nodeid": "tests/test_code.py::TestAccessCode::test_to_from_json",
      "lineno": 14,
      "outcome": "passed",
      "keywords": [
        "test_to_from_json",
        "TestAccessCode",
        "test_code.py",
        "tests",
        "dknowles2@pyschlage__5c48dcd0__requests__httpx",
        ""
      ],
      "setup": {
        "outcome": "passed"
      },
      "call": {
        "outcome": "passed"
      },
      "teardown": {
        "outcome": "passed"
      }
    },
    {
      "nodeid": "tests/test_code.py::TestAccessCode::test_to_from_json_recurring_schedule",
      "lineno": 31,
      "outcome": "passed",
      "keywords": [
        "test_to_from_json_recurring_schedule",
        "TestAccessCode",
        "test_code.py",
        "tests",
        "dknowles2@pyschlage__5c48dcd0__requests__httpx",
        ""
      ],
      "setup": {
        "outcome": "passed"
      },
      "call": {
        "outcome": "passed"
      },
      "teardown": {
        "outcome": "passed"
      }
    },
    {
      "nodeid": "tests/test_code.py::TestAccessCode::test_to_from_json_temporary_schedule",
      "lineno": 53,
      "outcome": "failed",
      "keywords": [
        "test_to_from_json_temporary_schedule",
        "TestAccessCode",
        "test_code.py",
        "tests",
        "dknowles2@pyschlage__5c48dcd0__requests__httpx",
        ""
      ],
      "setup": {
        "outcome": "passed"
      },
      "call": {
        "outcome": "failed",
        "crash": {
          "path": "D:\\repos\\dknowles2@pyschlage__5c48dcd0__requests__httpx\\tests\\test_code.py",
          "lineno": 75,
          "message": "AssertionError: assert AccessCode(na...isabled=False) == AccessCode(na...isabled=False)\n  \n  Omitting 10 identical items, use -vv to show\n  Differing attributes:\n  ['schedule']\n  \n  Drill down into differing attribute schedule:\n    schedule: TemporarySchedule(start=datetime.datetime(2022, 12, 25, 1, 30), end=datetime.datetime(2022, 12, 25, 2, 0)) != TemporarySchedule(start=datetime.datetime(2022, 12, 25, 8, 30), end=datetime.datetime(2022, 12, 25, 9, 0))...\n  \n  ...Full output truncated (9 lines hidden), use '-vv' to show"
        },
        "traceback": [
          {
            "path": "tests\\test_code.py",
            "lineno": 75,
            "message": "AssertionError"
          }
        ],
        "longrepr": "self = <tests.test_code.TestAccessCode object at 0x000002017FB93DD0>\nmock_auth = <MagicMock spec_set='Auth' id='2205463222544'>\naccess_code_json = {'accessCode': 123, 'accessCodeLength': 4, 'accesscodeId': '__access_code_uuid__', 'activationSecs': 0, ...}\nwifi_device = Device(device_id='__wifi_uuid__', device_type='be489wifi')\n\n    def test_to_from_json_temporary_schedule(\n        self, mock_auth: Mock, access_code_json: dict[str, Any], wifi_device: Device\n    ):\n        access_code_id = \"__access_code_uuid__\"\n        sched = TemporarySchedule(\n            start=datetime(2022, 12, 25, 8, 30, 0),\n            end=datetime(2022, 12, 25, 9, 0, 0),\n        )\n        json = deepcopy(access_code_json)\n        json[\"activationSecs\"] = 1671957000\n        json[\"expirationSecs\"] = 1671958800\n        code = AccessCode(\n            _auth=mock_auth,\n            _json=json,\n            _device=wifi_device,\n            name=\"Friendly name\",\n            code=\"0123\",\n            schedule=sched,\n            device_id=wifi_device.device_id,\n            access_code_id=access_code_id,\n        )\n>       assert AccessCode.from_json(mock_auth, wifi_device, json) == code\nE       AssertionError: assert AccessCode(na...isabled=False) == AccessCode(na...isabled=False)\nE         \nE         Omitting 10 identical items, use -vv to show\nE         Differing attributes:\nE         ['schedule']\nE         \nE         Drill down into differing attribute schedule:\nE           schedule: TemporarySchedule(start=datetime.datetime(2022, 12, 25, 1, 30), end=datetime.datetime(2022, 12, 25, 2, 0)) != TemporarySchedule(start=datetime.datetime(2022, 12, 25, 8, 30), end=datetime.datetime(2022, 12, 25, 9, 0))...\nE         \nE         ...Full output truncated (9 lines hidden), use '-vv' to show\n\ntests\\test_code.py:75: AssertionError"
      },
      "teardown": {
        "outcome": "passed"
      }
    },
    {
      "nodeid": "tests/test_code.py::TestAccessCode::test_save",
      "lineno": 77,
      "outcome": "passed",
      "keywords": [
        "test_save",
        "TestAccessCode",
        "test_code.py",
        "tests",
        "dknowles2@pyschlage__5c48dcd0__requests__httpx",
        ""
      ],
      "setup": {
        "outcome": "passed"
      },
      "call": {
        "outcome": "passed"
      },
      "teardown": {
        "outcome": "passed"
      }
    },
    {
      "nodeid": "tests/test_code.py::TestAccessCode::test_delete",
      "lineno": 107,
      "outcome": "passed",
      "keywords": [
        "test_delete",
        "TestAccessCode",
        "test_code.py",
        "tests",
        "dknowles2@pyschlage__5c48dcd0__requests__httpx",
        ""
      ],
      "setup": {
        "outcome": "passed"
      },
      "call": {
        "outcome": "passed"
      },
      "teardown": {
        "outcome": "passed"
      }
    },
    {
      "nodeid": "tests/test_common.py::test_pickle_unpickle",
      "lineno": 10,
      "outcome": "passed",
      "keywords": [
        "test_pickle_unpickle",
        "test_common.py",
        "tests",
        "dknowles2@pyschlage__5c48dcd0__requests__httpx",
        ""
      ],
      "setup": {
        "outcome": "passed"
      },
      "call": {
        "outcome": "passed"
      },
      "teardown": {
        "outcome": "passed"
      }
    },
    {
      "nodeid": "tests/test_common.py::test_redact_allow_asterisk",
      "lineno": 35,
      "outcome": "passed",
      "keywords": [
        "test_redact_allow_asterisk",
        "test_common.py",
        "tests",
        "dknowles2@pyschlage__5c48dcd0__requests__httpx",
        ""
      ],
      "setup": {
        "outcome": "passed"
      },
      "call": {
        "outcome": "passed"
      },
      "teardown": {
        "outcome": "passed"
      }
    },
    {
      "nodeid": "tests/test_common.py::test_redact_allow_all",
      "lineno": 39,
      "outcome": "passed",
      "keywords": [
        "test_redact_allow_all",
        "test_common.py",
        "tests",
        "dknowles2@pyschlage__5c48dcd0__requests__httpx",
        ""
      ],
      "setup": {
        "outcome": "passed"
      },
      "call": {
        "outcome": "passed"
      },
      "teardown": {
        "outcome": "passed"
      }
    },
    {
      "nodeid": "tests/test_common.py::test_redact_all",
      "lineno": 50,
      "outcome": "passed",
      "keywords": [
        "test_redact_all",
        "test_common.py",
        "tests",
        "dknowles2@pyschlage__5c48dcd0__requests__httpx",
        ""
      ],
      "setup": {
        "outcome": "passed"
      },
      "call": {
        "outcome": "passed"
      },
      "teardown": {
        "outcome": "passed"
      }
    },
    {
      "nodeid": "tests/test_common.py::test_redact_partial",
      "lineno": 67,
      "outcome": "passed",
      "keywords": [
        "test_redact_partial",
        "test_common.py",
        "tests",
        "dknowles2@pyschlage__5c48dcd0__requests__httpx",
        ""
      ],
      "setup": {
        "outcome": "passed"
      },
      "call": {
        "outcome": "passed"
      },
      "teardown": {
        "outcome": "passed"
      }
    },
    {
      "nodeid": "tests/test_lock.py::TestLock::test_from_json",
      "lineno": 18,
      "outcome": "passed",
      "keywords": [
        "test_from_json",
        "TestLock",
        "test_lock.py",
        "tests",
        "dknowles2@pyschlage__5c48dcd0__requests__httpx",
        ""
      ],
      "setup": {
        "outcome": "passed"
      },
      "call": {
        "outcome": "passed"
      },
      "teardown": {
        "outcome": "passed"
      }
    },
    {
      "nodeid": "tests/test_lock.py::TestLock::test_from_json_cat_optional",
      "lineno": 40,
      "outcome": "passed",
      "keywords": [
        "test_from_json_cat_optional",
        "TestLock",
        "test_lock.py",
        "tests",
        "dknowles2@pyschlage__5c48dcd0__requests__httpx",
        ""
      ],
      "setup": {
        "outcome": "passed"
      },
      "call": {
        "outcome": "passed"
      },
      "teardown": {
        "outcome": "passed"
      }
    },
    {
      "nodeid": "tests/test_lock.py::TestLock::test_from_json_no_connected",
      "lineno": 47,
      "outcome": "passed",
      "keywords": [
        "test_from_json_no_connected",
        "TestLock",
        "test_lock.py",
        "tests",
        "dknowles2@pyschlage__5c48dcd0__requests__httpx",
        ""
      ],
      "setup": {
        "outcome": "passed"
      },
      "call": {
        "outcome": "passed"
      },
      "teardown": {
        "outcome": "passed"
      }
    },
    {
      "nodeid": "tests/test_lock.py::TestLock::test_from_json_is_jammed",
      "lineno": 54,
      "outcome": "passed",
      "keywords": [
        "test_from_json_is_jammed",
        "TestLock",
        "test_lock.py",
        "tests",
        "dknowles2@pyschlage__5c48dcd0__requests__httpx",
        ""
      ],
      "setup": {
        "outcome": "passed"
      },
      "call": {
        "outcome": "passed"
      },
      "teardown": {
        "outcome": "passed"
      }
    },
    {
      "nodeid": "tests/test_lock.py::TestLock::test_from_json_wifi_lock_unavailable",
      "lineno": 60,
      "outcome": "passed",
      "keywords": [
        "test_from_json_wifi_lock_unavailable",
        "TestLock",
        "test_lock.py",
        "tests",
        "dknowles2@pyschlage__5c48dcd0__requests__httpx",
        ""
      ],
      "setup": {
        "outcome": "passed"
      },
      "call": {
        "outcome": "passed"
      },
      "teardown": {
        "outcome": "passed"
      }
    },
    {
      "nodeid": "tests/test_lock.py::TestLock::test_from_json_no_model_name",
      "lineno": 69,
      "outcome": "passed",
      "keywords": [
        "test_from_json_no_model_name",
        "TestLock",
        "test_lock.py",
        "tests",
        "dknowles2@pyschlage__5c48dcd0__requests__httpx",
        ""
      ],
      "setup": {
        "outcome": "passed"
      },
      "call": {
        "outcome": "passed"
      },
      "teardown": {
        "outcome": "passed"
      }
    },
    {
      "nodeid": "tests/test_lock.py::TestLock::test_diagnostics",
      "lineno": 76,
      "outcome": "passed",
      "keywords": [
        "test_diagnostics",
        "TestLock",
        "test_lock.py",
        "tests",
        "dknowles2@pyschlage__5c48dcd0__requests__httpx",
        ""
      ],
      "setup": {
        "outcome": "passed"
      },
      "call": {
        "outcome": "passed"
      },
      "teardown": {
        "outcome": "passed"
      }
    },
    {
      "nodeid": "tests/test_lock.py::TestLock::test_refresh",
      "lineno": 142,
      "outcome": "passed",
      "keywords": [
        "test_refresh",
        "TestLock",
        "test_lock.py",
        "tests",
        "dknowles2@pyschlage__5c48dcd0__requests__httpx",
        ""
      ],
      "setup": {
        "outcome": "passed"
      },
      "call": {
        "outcome": "passed"
      },
      "teardown": {
        "outcome": "passed"
      }
    },
    {
      "nodeid": "tests/test_lock.py::TestLock::test_send_command_unauthenticated",
      "lineno": 172,
      "outcome": "passed",
      "keywords": [
        "test_send_command_unauthenticated",
        "TestLock",
        "test_lock.py",
        "tests",
        "dknowles2@pyschlage__5c48dcd0__requests__httpx",
        ""
      ],
      "setup": {
        "outcome": "passed"
      },
      "call": {
        "outcome": "passed"
      },
      "teardown": {
        "outcome": "passed"
      }
    },
    {
      "nodeid": "tests/test_lock.py::TestLock::test_lock_wifi",
      "lineno": 176,
      "outcome": "passed",
      "keywords": [
        "test_lock_wifi",
        "TestLock",
        "test_lock.py",
        "tests",
        "dknowles2@pyschlage__5c48dcd0__requests__httpx",
        ""
      ],
      "setup": {
        "outcome": "passed"
      },
      "call": {
        "outcome": "passed"
      },
      "teardown": {
        "outcome": "passed"
      }
    },
    {
      "nodeid": "tests/test_lock.py::TestLock::test_unlock_wifi",
      "lineno": 192,
      "outcome": "passed",
      "keywords": [
        "test_unlock_wifi",
        "TestLock",
        "test_lock.py",
        "tests",
        "dknowles2@pyschlage__5c48dcd0__requests__httpx",
        ""
      ],
      "setup": {
        "outcome": "passed"
      },
      "call": {
        "outcome": "passed"
      },
      "teardown": {
        "outcome": "passed"
      }
    },
    {
      "nodeid": "tests/test_lock.py::TestLock::test_lock_ble",
      "lineno": 208,
      "outcome": "passed",
      "keywords": [
        "test_lock_ble",
        "TestLock",
        "test_lock.py",
        "tests",
        "dknowles2@pyschlage__5c48dcd0__requests__httpx",
        ""
      ],
      "setup": {
        "outcome": "passed"
      },
      "call": {
        "outcome": "passed"
      },
      "teardown": {
        "outcome": "passed"
      }
    },
    {
      "nodeid": "tests/test_lock.py::TestLock::test_unlock_ble",
      "lineno": 229,
      "outcome": "passed",
      "keywords": [
        "test_unlock_ble",
        "TestLock",
        "test_lock.py",
        "tests",
        "dknowles2@pyschlage__5c48dcd0__requests__httpx",
        ""
      ],
      "setup": {
        "outcome": "passed"
      },
      "call": {
        "outcome": "passed"
      },
      "teardown": {
        "outcome": "passed"
      }
    },
    {
      "nodeid": "tests/test_lock.py::TestLock::test_logs",
      "lineno": 250,
      "outcome": "passed",
      "keywords": [
        "test_logs",
        "TestLock",
        "test_lock.py",
        "tests",
        "dknowles2@pyschlage__5c48dcd0__requests__httpx",
        ""
      ],
      "setup": {
        "outcome": "passed"
      },
      "call": {
        "outcome": "passed"
      },
      "teardown": {
        "outcome": "passed"
      }
    },
    {
      "nodeid": "tests/test_lock.py::TestLock::test_refresh_access_codes",
      "lineno": 273,
      "outcome": "passed",
      "keywords": [
        "test_refresh_access_codes",
        "TestLock",
        "test_lock.py",
        "tests",
        "dknowles2@pyschlage__5c48dcd0__requests__httpx",
        ""
      ],
      "setup": {
        "outcome": "passed"
      },
      "call": {
        "outcome": "passed"
      },
      "teardown": {
        "outcome": "passed"
      }
    },
    {
      "nodeid": "tests/test_lock.py::TestLock::test_add_access_code",
      "lineno": 305,
      "outcome": "passed",
      "keywords": [
        "test_add_access_code",
        "TestLock",
        "test_lock.py",
        "tests",
        "dknowles2@pyschlage__5c48dcd0__requests__httpx",
        ""
      ],
      "setup": {
        "outcome": "passed"
      },
      "call": {
        "outcome": "passed"
      },
      "teardown": {
        "outcome": "passed"
      }
    },
    {
      "nodeid": "tests/test_lock.py::TestLock::test_set_beeper",
      "lineno": 348,
      "outcome": "passed",
      "keywords": [
        "test_set_beeper",
        "TestLock",
        "test_lock.py",
        "tests",
        "dknowles2@pyschlage__5c48dcd0__requests__httpx",
        ""
      ],
      "setup": {
        "outcome": "passed"
      },
      "call": {
        "outcome": "passed"
      },
      "teardown": {
        "outcome": "passed"
      }
    },
    {
      "nodeid": "tests/test_lock.py::TestLock::test_set_lock_and_leave",
      "lineno": 360,
      "outcome": "passed",
      "keywords": [
        "test_set_lock_and_leave",
        "TestLock",
        "test_lock.py",
        "tests",
        "dknowles2@pyschlage__5c48dcd0__requests__httpx",
        ""
      ],
      "setup": {
        "outcome": "passed"
      },
      "call": {
        "outcome": "passed"
      },
      "teardown": {
        "outcome": "passed"
      }
    },
    {
      "nodeid": "tests/test_lock.py::TestLock::test_set_auto_lock_time",
      "lineno": 374,
      "outcome": "passed",
      "keywords": [
        "test_set_auto_lock_time",
        "TestLock",
        "test_lock.py",
        "tests",
        "dknowles2@pyschlage__5c48dcd0__requests__httpx",
        ""
      ],
      "setup": {
        "outcome": "passed"
      },
      "call": {
        "outcome": "passed"
      },
      "teardown": {
        "outcome": "passed"
      }
    },
    {
      "nodeid": "tests/test_lock.py::TestKeypadDisabled::test_true",
      "lineno": 393,
      "outcome": "passed",
      "keywords": [
        "test_true",
        "TestKeypadDisabled",
        "test_lock.py",
        "tests",
        "dknowles2@pyschlage__5c48dcd0__requests__httpx",
        ""
      ],
      "setup": {
        "outcome": "passed"
      },
      "call": {
        "outcome": "passed"
      },
      "teardown": {
        "outcome": "passed"
      }
    },
    {
      "nodeid": "tests/test_lock.py::TestKeypadDisabled::test_true_unsorted",
      "lineno": 406,
      "outcome": "passed",
      "keywords": [
        "test_true_unsorted",
        "TestKeypadDisabled",
        "test_lock.py",
        "tests",
        "dknowles2@pyschlage__5c48dcd0__requests__httpx",
        ""
      ],
      "setup": {
        "outcome": "passed"
      },
      "call": {
        "outcome": "passed"
      },
      "teardown": {
        "outcome": "passed"
      }
    },
    {
      "nodeid": "tests/test_lock.py::TestKeypadDisabled::test_false",
      "lineno": 419,
      "outcome": "passed",
      "keywords": [
        "test_false",
        "TestKeypadDisabled",
        "test_lock.py",
        "tests",
        "dknowles2@pyschlage__5c48dcd0__requests__httpx",
        ""
      ],
      "setup": {
        "outcome": "passed"
      },
      "call": {
        "outcome": "passed"
      },
      "teardown": {
        "outcome": "passed"
      }
    },
    {
      "nodeid": "tests/test_lock.py::TestKeypadDisabled::test_fetches_logs",
      "lineno": 432,
      "outcome": "passed",
      "keywords": [
        "test_fetches_logs",
        "TestKeypadDisabled",
        "test_lock.py",
        "tests",
        "dknowles2@pyschlage__5c48dcd0__requests__httpx",
        ""
      ],
      "setup": {
        "outcome": "passed"
      },
      "call": {
        "outcome": "passed"
      },
      "teardown": {
        "outcome": "passed"
      }
    },
    {
      "nodeid": "tests/test_lock.py::TestKeypadDisabled::test_fetches_logs_no_logs",
      "lineno": 447,
      "outcome": "passed",
      "keywords": [
        "test_fetches_logs_no_logs",
        "TestKeypadDisabled",
        "test_lock.py",
        "tests",
        "dknowles2@pyschlage__5c48dcd0__requests__httpx",
        ""
      ],
      "setup": {
        "outcome": "passed"
      },
      "call": {
        "outcome": "passed"
      },
      "teardown": {
        "outcome": "passed"
      }
    },
    {
      "nodeid": "tests/test_lock.py::TestChangedBy::test_thumbturn",
      "lineno": 455,
      "outcome": "passed",
      "keywords": [
        "test_thumbturn",
        "TestChangedBy",
        "test_lock.py",
        "tests",
        "dknowles2@pyschlage__5c48dcd0__requests__httpx",
        ""
      ],
      "setup": {
        "outcome": "passed"
      },
      "call": {
        "outcome": "passed"
      },
      "teardown": {
        "outcome": "passed"
      }
    },
    {
      "nodeid": "tests/test_lock.py::TestChangedBy::test_one_touch_locking",
      "lineno": 460,
      "outcome": "passed",
      "keywords": [
        "test_one_touch_locking",
        "TestChangedBy",
        "test_lock.py",
        "tests",
        "dknowles2@pyschlage__5c48dcd0__requests__httpx",
        ""
      ],
      "setup": {
        "outcome": "passed"
      },
      "call": {
        "outcome": "passed"
      },
      "teardown": {
        "outcome": "passed"
      }
    },
    {
      "nodeid": "tests/test_lock.py::TestChangedBy::test_nfc_device",
      "lineno": 465,
      "outcome": "passed",
      "keywords": [
        "test_nfc_device",
        "TestChangedBy",
        "test_lock.py",
        "tests",
        "dknowles2@pyschlage__5c48dcd0__requests__httpx",
        ""
      ],
      "setup": {
        "outcome": "passed"
      },
      "call": {
        "outcome": "passed"
      },
      "teardown": {
        "outcome": "passed"
      }
    },
    {
      "nodeid": "tests/test_lock.py::TestChangedBy::test_nfc_device_no_uuid",
      "lineno": 471,
      "outcome": "passed",
      "keywords": [
        "test_nfc_device_no_uuid",
        "TestChangedBy",
        "test_lock.py",
        "tests",
        "dknowles2@pyschlage__5c48dcd0__requests__httpx",
        ""
      ],
      "setup": {
        "outcome": "passed"
      },
      "call": {
        "outcome": "passed"
      },
      "teardown": {
        "outcome": "passed"
      }
    },
    {
      "nodeid": "tests/test_lock.py::TestChangedBy::test_keypad",
      "lineno": 477,
      "outcome": "passed",
      "keywords": [
        "test_keypad",
        "TestChangedBy",
        "test_lock.py",
        "tests",
        "dknowles2@pyschlage__5c48dcd0__requests__httpx",
        ""
      ],
      "setup": {
        "outcome": "passed"
      },
      "call": {
        "outcome": "passed"
      },
      "teardown": {
        "outcome": "passed"
      }
    },
    {
      "nodeid": "tests/test_lock.py::TestChangedBy::test_mobile_device",
      "lineno": 483,
      "outcome": "passed",
      "keywords": [
        "test_mobile_device",
        "TestChangedBy",
        "test_lock.py",
        "tests",
        "dknowles2@pyschlage__5c48dcd0__requests__httpx",
        ""
      ],
      "setup": {
        "outcome": "passed"
      },
      "call": {
        "outcome": "passed"
      },
      "teardown": {
        "outcome": "passed"
      }
    },
    {
      "nodeid": "tests/test_lock.py::TestChangedBy::test_unknown",
      "lineno": 495,
      "outcome": "passed",
      "keywords": [
        "test_unknown",
        "TestChangedBy",
        "test_lock.py",
        "tests",
        "dknowles2@pyschlage__5c48dcd0__requests__httpx",
        ""
      ],
      "setup": {
        "outcome": "passed"
      },
      "call": {
        "outcome": "passed"
      },
      "teardown": {
        "outcome": "passed"
      }
    },
    {
      "nodeid": "tests/test_lock.py::TestChangedBy::test_no_metadata",
      "lineno": 498,
      "outcome": "passed",
      "keywords": [
        "test_no_metadata",
        "TestChangedBy",
        "test_lock.py",
        "tests",
        "dknowles2@pyschlage__5c48dcd0__requests__httpx",
        ""
      ],
      "setup": {
        "outcome": "passed"
      },
      "call": {
        "outcome": "passed"
      },
      "teardown": {
        "outcome": "passed"
      }
    },
    {
      "nodeid": "tests/test_log.py::TestFromJson::test_unlocked_by_thumbturn",
      "lineno": 8,
      "outcome": "failed",
      "keywords": [
        "test_unlocked_by_thumbturn",
        "TestFromJson",
        "test_log.py",
        "tests",
        "dknowles2@pyschlage__5c48dcd0__requests__httpx",
        ""
      ],
      "setup": {
        "outcome": "passed"
      },
      "call": {
        "outcome": "failed",
        "crash": {
          "path": "D:\\repos\\dknowles2@pyschlage__5c48dcd0__requests__httpx\\tests\\test_log.py",
          "lineno": 17,
          "message": "AssertionError: assert LockLog(creat..._code_id=None) == LockLog(creat..._code_id=None)\n  \n  Omitting 3 identical items, use -vv to show\n  Differing attributes:\n  ['created_at']\n  \n  Drill down into differing attribute created_at:\n    created_at: datetime.datetime(2023, 3, 1, 10, 26, 47, 366000) != datetime.datetime(2023, 3, 1, 17, 26, 47, 366000)"
        },
        "traceback": [
          {
            "path": "tests\\test_log.py",
            "lineno": 17,
            "message": "AssertionError"
          }
        ],
        "longrepr": "self = <tests.test_log.TestFromJson object at 0x000002017FC141A0>\nlog_json = {'createdAt': '2023-03-01T17:26:47.366Z', 'deviceId': '__device_uuid__', 'logId': '__log_uuid__', 'message': {'accessorUuid': 'ffffffff-ffff-ffff-ffff-ffffffffffff', 'action': 2, 'clientId': None, 'eventCode': 4, ...}, ...}\n\n    def test_unlocked_by_thumbturn(self, log_json):\n        log_json[\"message\"][\"eventCode\"] = 4\n        lock_log = LockLog(\n            created_at=datetime(2023, 3, 1, 17, 26, 47, 366000),\n            accessor_id=None,\n            access_code_id=None,\n            message=\"Unlocked by thumbturn\",\n        )\n>       assert LockLog.from_json(log_json) == lock_log\nE       AssertionError: assert LockLog(creat..._code_id=None) == LockLog(creat..._code_id=None)\nE         \nE         Omitting 3 identical items, use -vv to show\nE         Differing attributes:\nE         ['created_at']\nE         \nE         Drill down into differing attribute created_at:\nE           created_at: datetime.datetime(2023, 3, 1, 10, 26, 47, 366000) != datetime.datetime(2023, 3, 1, 17, 26, 47, 366000)\n\ntests\\test_log.py:17: AssertionError"
      },
      "teardown": {
        "outcome": "passed"
      }
    },
    {
      "nodeid": "tests/test_log.py::TestFromJson::test_unlocked_by_keypad",
      "lineno": 18,
      "outcome": "failed",
      "keywords": [
        "test_unlocked_by_keypad",
        "TestFromJson",
        "test_log.py",
        "tests",
        "dknowles2@pyschlage__5c48dcd0__requests__httpx",
        ""
      ],
      "setup": {
        "outcome": "passed"
      },
      "call": {
        "outcome": "failed",
        "crash": {
          "path": "D:\\repos\\dknowles2@pyschlage__5c48dcd0__requests__httpx\\tests\\test_log.py",
          "lineno": 32,
          "message": "AssertionError: assert LockLog(creat...ss-code-id__') == LockLog(creat...ss-code-id__')\n  \n  Omitting 3 identical items, use -vv to show\n  Differing attributes:\n  ['created_at']\n  \n  Drill down into differing attribute created_at:\n    created_at: datetime.datetime(2023, 3, 1, 10, 26, 47, 366000) != datetime.datetime(2023, 3, 1, 17, 26, 47, 366000)"
        },
        "traceback": [
          {
            "path": "tests\\test_log.py",
            "lineno": 32,
            "message": "AssertionError"
          }
        ],
        "longrepr": "self = <tests.test_log.TestFromJson object at 0x000002017FC16390>\nlog_json = {'createdAt': '2023-03-01T17:26:47.366Z', 'deviceId': '__device_uuid__', 'logId': '__log_uuid__', 'message': {'accessorUuid': 'ffffffff-ffff-ffff-ffff-ffffffffffff', 'action': 2, 'clientId': None, 'eventCode': 2, ...}, ...}\n\n    def test_unlocked_by_keypad(self, log_json):\n        log_json[\"message\"].update(\n            {\n                \"eventCode\": 2,\n                \"keypadUuid\": \"__access-code-id__\",\n            }\n        )\n        lock_log = LockLog(\n            created_at=datetime(2023, 3, 1, 17, 26, 47, 366000),\n            accessor_id=None,\n            access_code_id=\"__access-code-id__\",\n            message=\"Unlocked by keypad\",\n        )\n>       assert LockLog.from_json(log_json) == lock_log\nE       AssertionError: assert LockLog(creat...ss-code-id__') == LockLog(creat...ss-code-id__')\nE         \nE         Omitting 3 identical items, use -vv to show\nE         Differing attributes:\nE         ['created_at']\nE         \nE         Drill down into differing attribute created_at:\nE           created_at: datetime.datetime(2023, 3, 1, 10, 26, 47, 366000) != datetime.datetime(2023, 3, 1, 17, 26, 47, 366000)\n\ntests\\test_log.py:32: AssertionError"
      },
      "teardown": {
        "outcome": "passed"
      }
    },
    {
      "nodeid": "tests/test_log.py::TestFromJson::test_unlocked_by_mobile_device",
      "lineno": 33,
      "outcome": "failed",
      "keywords": [
        "test_unlocked_by_mobile_device",
        "TestFromJson",
        "test_log.py",
        "tests",
        "dknowles2@pyschlage__5c48dcd0__requests__httpx",
        ""
      ],
      "setup": {
        "outcome": "passed"
      },
      "call": {
        "outcome": "failed",
        "crash": {
          "path": "D:\\repos\\dknowles2@pyschlage__5c48dcd0__requests__httpx\\tests\\test_log.py",
          "lineno": 47,
          "message": "AssertionError: assert LockLog(creat..._code_id=None) == LockLog(creat..._code_id=None)\n  \n  Omitting 3 identical items, use -vv to show\n  Differing attributes:\n  ['created_at']\n  \n  Drill down into differing attribute created_at:\n    created_at: datetime.datetime(2023, 3, 1, 10, 26, 47, 366000) != datetime.datetime(2023, 3, 1, 17, 26, 47, 366000)"
        },
        "traceback": [
          {
            "path": "tests\\test_log.py",
            "lineno": 47,
            "message": "AssertionError"
          }
        ],
        "longrepr": "self = <tests.test_log.TestFromJson object at 0x000002017FC16570>\nlog_json = {'createdAt': '2023-03-01T17:26:47.366Z', 'deviceId': '__device_uuid__', 'logId': '__log_uuid__', 'message': {'accessorUuid': '__user-id__', 'action': 2, 'clientId': None, 'eventCode': 7, ...}, ...}\n\n    def test_unlocked_by_mobile_device(self, log_json):\n        log_json[\"message\"].update(\n            {\n                \"eventCode\": 7,\n                \"accessorUuid\": \"__user-id__\",\n            }\n        )\n        lock_log = LockLog(\n            created_at=datetime(2023, 3, 1, 17, 26, 47, 366000),\n            accessor_id=\"__user-id__\",\n            access_code_id=None,\n            message=\"Unlocked by mobile device\",\n        )\n>       assert LockLog.from_json(log_json) == lock_log\nE       AssertionError: assert LockLog(creat..._code_id=None) == LockLog(creat..._code_id=None)\nE         \nE         Omitting 3 identical items, use -vv to show\nE         Differing attributes:\nE         ['created_at']\nE         \nE         Drill down into differing attribute created_at:\nE           created_at: datetime.datetime(2023, 3, 1, 10, 26, 47, 366000) != datetime.datetime(2023, 3, 1, 17, 26, 47, 366000)\n\ntests\\test_log.py:47: AssertionError"
      },
      "teardown": {
        "outcome": "passed"
      }
    },
    {
      "nodeid": "tests/test_notification.py::test_from_json",
      "lineno": 10,
      "outcome": "passed",
      "keywords": [
        "test_from_json",
        "test_notification.py",
        "tests",
        "dknowles2@pyschlage__5c48dcd0__requests__httpx",
        ""
      ],
      "setup": {
        "outcome": "passed"
      },
      "call": {
        "outcome": "passed"
      },
      "teardown": {
        "outcome": "passed"
      }
    },
    {
      "nodeid": "tests/test_notification.py::test_save",
      "lineno": 18,
      "outcome": "passed",
      "keywords": [
        "test_save",
        "test_notification.py",
        "tests",
        "dknowles2@pyschlage__5c48dcd0__requests__httpx",
        ""
      ],
      "setup": {
        "outcome": "passed"
      },
      "call": {
        "outcome": "passed"
      },
      "teardown": {
        "outcome": "passed"
      }
    },
    {
      "nodeid": "tests/test_notification.py::test_delete",
      "lineno": 23,
      "outcome": "passed",
      "keywords": [
        "test_delete",
        "test_notification.py",
        "tests",
        "dknowles2@pyschlage__5c48dcd0__requests__httpx",
        ""
      ],
      "setup": {
        "outcome": "passed"
      },
      "call": {
        "outcome": "passed"
      },
      "teardown": {
        "outcome": "passed"
      }
    },
    {
      "nodeid": "tests/test_user.py::test_from_json",
      "lineno": 5,
      "outcome": "passed",
      "keywords": [
        "test_from_json",
        "test_user.py",
        "tests",
        "dknowles2@pyschlage__5c48dcd0__requests__httpx",
        ""
      ],
      "setup": {
        "outcome": "passed"
      },
      "call": {
        "outcome": "passed"
      },
      "teardown": {
        "outcome": "passed"
      }
    },
    {
      "nodeid": "tests/test_user.py::test_from_json_no_name",
      "lineno": 14,
      "outcome": "passed",
      "keywords": [
        "test_from_json_no_name",
        "test_user.py",
        "tests",
        "dknowles2@pyschlage__5c48dcd0__requests__httpx",
        ""
      ],
      "setup": {
        "outcome": "passed"
      },
      "call": {
        "outcome": "passed"
      },
      "teardown": {
        "outcome": "passed"
      }
    }
  ]
}