{
  "exitcode": 1,
  "summary": {
    "failed": 13,
    "passed": 31,
    "total": 44,
    "collected": 44
  },
  "collectors": [
    {
      "nodeid": "",
      "outcome": "passed",
      "result": [
        {
          "nodeid": ".",
          "type": "Dir"
        }
      ]
    },
    {
      "nodeid": "api/templates",
      "outcome": "passed",
      "result": []
    },
    {
      "nodeid": "api",
      "outcome": "passed",
      "result": [
        {
          "nodeid": "api/templates",
          "type": "Dir"
        }
      ]
    },
    {
      "nodeid": "migrations/versions",
      "outcome": "passed",
      "result": []
    },
    {
      "nodeid": "migrations",
      "outcome": "passed",
      "result": [
        {
          "nodeid": "migrations/versions",
          "type": "Dir"
        }
      ]
    },
    {
      "nodeid": "tests/test_auth.py::BaseTestCase",
      "outcome": "passed",
      "result": []
    },
    {
      "nodeid": "tests/test_auth.py::TestConfigWithAuth",
      "outcome": "passed",
      "result": []
    },
    {
      "nodeid": "tests/test_auth.py::AuthTests",
      "outcome": "passed",
      "result": [
        {
          "nodeid": "tests/test_auth.py::AuthTests::test_bad_login",
          "type": "TestCaseFunction",
          "lineno": 177
        },
        {
          "nodeid": "tests/test_auth.py::AuthTests::test_get_token",
          "type": "TestCaseFunction",
          "lineno": 13
        },
        {
          "nodeid": "tests/test_auth.py::AuthTests::test_get_token_in_body_only",
          "type": "TestCaseFunction",
          "lineno": 40
        },
        {
          "nodeid": "tests/test_auth.py::AuthTests::test_get_token_in_cookie_only",
          "type": "TestCaseFunction",
          "lineno": 32
        },
        {
          "nodeid": "tests/test_auth.py::AuthTests::test_no_auth",
          "type": "TestCaseFunction",
          "lineno": 9
        },
        {
          "nodeid": "tests/test_auth.py::AuthTests::test_no_login",
          "type": "TestCaseFunction",
          "lineno": 173
        },
        {
          "nodeid": "tests/test_auth.py::AuthTests::test_oauth",
          "type": "TestCaseFunction",
          "lineno": 216
        },
        {
          "nodeid": "tests/test_auth.py::AuthTests::test_refresh_revoke_all",
          "type": "TestCaseFunction",
          "lineno": 107
        },
        {
          "nodeid": "tests/test_auth.py::AuthTests::test_refresh_token",
          "type": "TestCaseFunction",
          "lineno": 59
        },
        {
          "nodeid": "tests/test_auth.py::AuthTests::test_refresh_token_failure",
          "type": "TestCaseFunction",
          "lineno": 82
        },
        {
          "nodeid": "tests/test_auth.py::AuthTests::test_reset_password",
          "type": "TestCaseFunction",
          "lineno": 181
        },
        {
          "nodeid": "tests/test_auth.py::AuthTests::test_revoke",
          "type": "TestCaseFunction",
          "lineno": 156
        },
        {
          "nodeid": "tests/test_auth.py::AuthTests::test_token_expired",
          "type": "TestCaseFunction",
          "lineno": 48
        }
      ]
    },
    {
      "nodeid": "tests/test_auth.py",
      "outcome": "passed",
      "result": [
        {
          "nodeid": "tests/test_auth.py::BaseTestCase",
          "type": "UnitTestCase"
        },
        {
          "nodeid": "tests/test_auth.py::TestConfigWithAuth",
          "type": "Class"
        },
        {
          "nodeid": "tests/test_auth.py::AuthTests",
          "type": "UnitTestCase"
        }
      ]
    },
    {
      "nodeid": "tests/test_pagination.py::BaseTestCase",
      "outcome": "passed",
      "result": []
    },
    {
      "nodeid": "tests/test_pagination.py::PaginationTests",
      "outcome": "passed",
      "result": [
        {
          "nodeid": "tests/test_pagination.py::PaginationTests::test_pagination_after_asc",
          "type": "TestCaseFunction",
          "lineno": 109
        },
        {
          "nodeid": "tests/test_pagination.py::PaginationTests::test_pagination_after_desc",
          "type": "TestCaseFunction",
          "lineno": 94
        },
        {
          "nodeid": "tests/test_pagination.py::PaginationTests::test_pagination_custom_limit",
          "type": "TestCaseFunction",
          "lineno": 66
        },
        {
          "nodeid": "tests/test_pagination.py::PaginationTests::test_pagination_default",
          "type": "TestCaseFunction",
          "lineno": 23
        },
        {
          "nodeid": "tests/test_pagination.py::PaginationTests::test_pagination_invalid",
          "type": "TestCaseFunction",
          "lineno": 56
        },
        {
          "nodeid": "tests/test_pagination.py::PaginationTests::test_pagination_large_per_page",
          "type": "TestCaseFunction",
          "lineno": 77
        },
        {
          "nodeid": "tests/test_pagination.py::PaginationTests::test_pagination_last",
          "type": "TestCaseFunction",
          "lineno": 45
        },
        {
          "nodeid": "tests/test_pagination.py::PaginationTests::test_pagination_offset_and_after",
          "type": "TestCaseFunction",
          "lineno": 88
        },
        {
          "nodeid": "tests/test_pagination.py::PaginationTests::test_pagination_page",
          "type": "TestCaseFunction",
          "lineno": 34
        }
      ]
    },
    {
      "nodeid": "tests/test_pagination.py",
      "outcome": "passed",
      "result": [
        {
          "nodeid": "tests/test_pagination.py::BaseTestCase",
          "type": "UnitTestCase"
        },
        {
          "nodeid": "tests/test_pagination.py::PaginationTests",
          "type": "UnitTestCase"
        }
      ]
    },
    {
      "nodeid": "tests/test_post_model.py::BaseTestCase",
      "outcome": "passed",
      "result": []
    },
    {
      "nodeid": "tests/test_post_model.py::PostModelTests",
      "outcome": "passed",
      "result": [
        {
          "nodeid": "tests/test_post_model.py::PostModelTests::test_url",
          "type": "TestCaseFunction",
          "lineno": 6
        }
      ]
    },
    {
      "nodeid": "tests/test_post_model.py",
      "outcome": "passed",
      "result": [
        {
          "nodeid": "tests/test_post_model.py::BaseTestCase",
          "type": "UnitTestCase"
        },
        {
          "nodeid": "tests/test_post_model.py::PostModelTests",
          "type": "UnitTestCase"
        }
      ]
    },
    {
      "nodeid": "tests/test_posts.py::BaseTestCase",
      "outcome": "passed",
      "result": []
    },
    {
      "nodeid": "tests/test_posts.py::PostTests",
      "outcome": "passed",
      "result": [
        {
          "nodeid": "tests/test_posts.py::PostTests::test_delete_post",
          "type": "TestCaseFunction",
          "lineno": 52
        },
        {
          "nodeid": "tests/test_posts.py::PostTests::test_edit_post",
          "type": "TestCaseFunction",
          "lineno": 34
        },
        {
          "nodeid": "tests/test_posts.py::PostTests::test_new_post",
          "type": "TestCaseFunction",
          "lineno": 8
        },
        {
          "nodeid": "tests/test_posts.py::PostTests::test_permissions",
          "type": "TestCaseFunction",
          "lineno": 92
        },
        {
          "nodeid": "tests/test_posts.py::PostTests::test_post_feed",
          "type": "TestCaseFunction",
          "lineno": 66
        }
      ]
    },
    {
      "nodeid": "tests/test_posts.py",
      "outcome": "passed",
      "result": [
        {
          "nodeid": "tests/test_posts.py::BaseTestCase",
          "type": "UnitTestCase"
        },
        {
          "nodeid": "tests/test_posts.py::PostTests",
          "type": "UnitTestCase"
        }
      ]
    },
    {
      "nodeid": "tests/test_token_model.py::BaseTestCase",
      "outcome": "passed",
      "result": []
    },
    {
      "nodeid": "tests/test_token_model.py::TokenModelTests",
      "outcome": "passed",
      "result": [
        {
          "nodeid": "tests/test_token_model.py::TokenModelTests::test_token_clean",
          "type": "TestCaseFunction",
          "lineno": 8
        }
      ]
    },
    {
      "nodeid": "tests/test_token_model.py",
      "outcome": "passed",
      "result": [
        {
          "nodeid": "tests/test_token_model.py::BaseTestCase",
          "type": "UnitTestCase"
        },
        {
          "nodeid": "tests/test_token_model.py::TokenModelTests",
          "type": "UnitTestCase"
        }
      ]
    },
    {
      "nodeid": "tests/test_user_model.py::BaseTestCase",
      "outcome": "passed",
      "result": []
    },
    {
      "nodeid": "tests/test_user_model.py::UserModelTests",
      "outcome": "passed",
      "result": [
        {
          "nodeid": "tests/test_user_model.py::UserModelTests::test_avatar",
          "type": "TestCaseFunction",
          "lineno": 23
        },
        {
          "nodeid": "tests/test_user_model.py::UserModelTests::test_follow",
          "type": "TestCaseFunction",
          "lineno": 29
        },
        {
          "nodeid": "tests/test_user_model.py::UserModelTests::test_follow_posts",
          "type": "TestCaseFunction",
          "lineno": 73
        },
        {
          "nodeid": "tests/test_user_model.py::UserModelTests::test_get_users",
          "type": "TestCaseFunction",
          "lineno": 59
        },
        {
          "nodeid": "tests/test_user_model.py::UserModelTests::test_password_hashing",
          "type": "TestCaseFunction",
          "lineno": 10
        },
        {
          "nodeid": "tests/test_user_model.py::UserModelTests::test_url",
          "type": "TestCaseFunction",
          "lineno": 17
        }
      ]
    },
    {
      "nodeid": "tests/test_user_model.py",
      "outcome": "passed",
      "result": [
        {
          "nodeid": "tests/test_user_model.py::BaseTestCase",
          "type": "UnitTestCase"
        },
        {
          "nodeid": "tests/test_user_model.py::UserModelTests",
          "type": "UnitTestCase"
        }
      ]
    },
    {
      "nodeid": "tests/test_users.py::BaseTestCase",
      "outcome": "passed",
      "result": []
    },
    {
      "nodeid": "tests/test_users.py::UserTests",
      "outcome": "passed",
      "result": [
        {
          "nodeid": "tests/test_users.py::UserTests::test_create_invalid_user",
          "type": "TestCaseFunction",
          "lineno": 29
        },
        {
          "nodeid": "tests/test_users.py::UserTests::test_create_user",
          "type": "TestCaseFunction",
          "lineno": 4
        },
        {
          "nodeid": "tests/test_users.py::UserTests::test_edit_me",
          "type": "TestCaseFunction",
          "lineno": 85
        },
        {
          "nodeid": "tests/test_users.py::UserTests::test_edit_password",
          "type": "TestCaseFunction",
          "lineno": 95
        },
        {
          "nodeid": "tests/test_users.py::UserTests::test_edit_user_no_changes",
          "type": "TestCaseFunction",
          "lineno": 72
        },
        {
          "nodeid": "tests/test_users.py::UserTests::test_follow_unfollow",
          "type": "TestCaseFunction",
          "lineno": 119
        },
        {
          "nodeid": "tests/test_users.py::UserTests::test_get_me",
          "type": "TestCaseFunction",
          "lineno": 65
        },
        {
          "nodeid": "tests/test_users.py::UserTests::test_get_user",
          "type": "TestCaseFunction",
          "lineno": 51
        },
        {
          "nodeid": "tests/test_users.py::UserTests::test_get_users",
          "type": "TestCaseFunction",
          "lineno": 43
        }
      ]
    },
    {
      "nodeid": "tests/test_users.py",
      "outcome": "passed",
      "result": [
        {
          "nodeid": "tests/test_users.py::BaseTestCase",
          "type": "UnitTestCase"
        },
        {
          "nodeid": "tests/test_users.py::UserTests",
          "type": "UnitTestCase"
        }
      ]
    },
    {
      "nodeid": "tests",
      "outcome": "passed",
      "result": [
        {
          "nodeid": "tests/test_auth.py",
          "type": "Module"
        },
        {
          "nodeid": "tests/test_pagination.py",
          "type": "Module"
        },
        {
          "nodeid": "tests/test_post_model.py",
          "type": "Module"
        },
        {
          "nodeid": "tests/test_posts.py",
          "type": "Module"
        },
        {
          "nodeid": "tests/test_token_model.py",
          "type": "Module"
        },
        {
          "nodeid": "tests/test_user_model.py",
          "type": "Module"
        },
        {
          "nodeid": "tests/test_users.py",
          "type": "Module"
        }
      ]
    },
    {
      "nodeid": ".",
      "outcome": "passed",
      "result": [
        {
          "nodeid": "api",
          "type": "Package"
        },
        {
          "nodeid": "migrations",
          "type": "Dir"
        },
        {
          "nodeid": "tests",
          "type": "Package"
        }
      ]
    }
  ],
  "tests": [
    {
      "nodeid": "tests/test_auth.py::AuthTests::test_bad_login",
      "lineno": 177,
      "outcome": "failed",
      "keywords": [
        "test_bad_login",
        "AuthTests",
        "test_auth.py",
        "tests",
        "miguelgrinberg@microblog-api__e250d711__requests__pycurl",
        ""
      ],
      "setup": {
        "outcome": "passed"
      },
      "call": {
        "outcome": "failed",
        "crash": {
          "path": "D:\\repos\\miguelgrinberg@microblog-api__e250d711__requests__pycurl\\tests\\test_auth.py",
          "lineno": 180,
          "message": "assert 404 == 401\n +  where 404 = <WrapperTestResponse streamed [404 NOT FOUND]>.status_code"
        },
        "traceback": [
          {
            "path": "tests\\test_auth.py",
            "lineno": 180,
            "message": "AssertionError"
          }
        ],
        "longrepr": "self = <tests.test_auth.AuthTests testMethod=test_bad_login>\n\n    def test_bad_login(self):\n        rv = self.client.post('/api/tokens', auth=('test', 'bar'))\n>       assert rv.status_code == 401\nE       assert 404 == 401\nE        +  where 404 = <WrapperTestResponse streamed [404 NOT FOUND]>.status_code\n\ntests\\test_auth.py:180: AssertionError"
      },
      "teardown": {
        "outcome": "passed"
      }
    },
    {
      "nodeid": "tests/test_auth.py::AuthTests::test_get_token",
      "lineno": 13,
      "outcome": "failed",
      "keywords": [
        "test_get_token",
        "AuthTests",
        "test_auth.py",
        "tests",
        "miguelgrinberg@microblog-api__e250d711__requests__pycurl",
        ""
      ],
      "setup": {
        "outcome": "passed"
      },
      "call": {
        "outcome": "failed",
        "crash": {
          "path": "D:\\repos\\miguelgrinberg@microblog-api__e250d711__requests__pycurl\\tests\\test_auth.py",
          "lineno": 16,
          "message": "assert 404 == 200\n +  where 404 = <WrapperTestResponse streamed [404 NOT FOUND]>.status_code"
        },
        "traceback": [
          {
            "path": "tests\\test_auth.py",
            "lineno": 16,
            "message": "AssertionError"
          }
        ],
        "longrepr": "self = <tests.test_auth.AuthTests testMethod=test_get_token>\n\n    def test_get_token(self):\n        rv = self.client.post('/api/tokens', auth=('test', 'foo'))\n>       assert rv.status_code == 200\nE       assert 404 == 200\nE        +  where 404 = <WrapperTestResponse streamed [404 NOT FOUND]>.status_code\n\ntests\\test_auth.py:16: AssertionError"
      },
      "teardown": {
        "outcome": "passed"
      }
    },
    {
      "nodeid": "tests/test_auth.py::AuthTests::test_get_token_in_body_only",
      "lineno": 40,
      "outcome": "failed",
      "keywords": [
        "test_get_token_in_body_only",
        "AuthTests",
        "test_auth.py",
        "tests",
        "miguelgrinberg@microblog-api__e250d711__requests__pycurl",
        ""
      ],
      "setup": {
        "outcome": "passed"
      },
      "call": {
        "outcome": "failed",
        "crash": {
          "path": "D:\\repos\\miguelgrinberg@microblog-api__e250d711__requests__pycurl\\tests\\test_auth.py",
          "lineno": 45,
          "message": "assert 404 == 200\n +  where 404 = <WrapperTestResponse streamed [404 NOT FOUND]>.status_code"
        },
        "traceback": [
          {
            "path": "tests\\test_auth.py",
            "lineno": 45,
            "message": "AssertionError"
          }
        ],
        "longrepr": "self = <tests.test_auth.AuthTests testMethod=test_get_token_in_body_only>\n\n    def test_get_token_in_body_only(self):\n        self.app.config['REFRESH_TOKEN_IN_COOKIE'] = False\n        self.app.config['REFRESH_TOKEN_IN_BODY'] = True\n        rv = self.client.post('/api/tokens', auth=('test', 'foo'))\n>       assert rv.status_code == 200\nE       assert 404 == 200\nE        +  where 404 = <WrapperTestResponse streamed [404 NOT FOUND]>.status_code\n\ntests\\test_auth.py:45: AssertionError"
      },
      "teardown": {
        "outcome": "passed"
      }
    },
    {
      "nodeid": "tests/test_auth.py::AuthTests::test_get_token_in_cookie_only",
      "lineno": 32,
      "outcome": "failed",
      "keywords": [
        "test_get_token_in_cookie_only",
        "AuthTests",
        "test_auth.py",
        "tests",
        "miguelgrinberg@microblog-api__e250d711__requests__pycurl",
        ""
      ],
      "setup": {
        "outcome": "passed"
      },
      "call": {
        "outcome": "failed",
        "crash": {
          "path": "D:\\repos\\miguelgrinberg@microblog-api__e250d711__requests__pycurl\\tests\\test_auth.py",
          "lineno": 37,
          "message": "assert 404 == 200\n +  where 404 = <WrapperTestResponse streamed [404 NOT FOUND]>.status_code"
        },
        "traceback": [
          {
            "path": "tests\\test_auth.py",
            "lineno": 37,
            "message": "AssertionError"
          }
        ],
        "longrepr": "self = <tests.test_auth.AuthTests testMethod=test_get_token_in_cookie_only>\n\n    def test_get_token_in_cookie_only(self):\n        self.app.config['REFRESH_TOKEN_IN_COOKIE'] = True\n        self.app.config['REFRESH_TOKEN_IN_BODY'] = False\n        rv = self.client.post('/api/tokens', auth=('test', 'foo'))\n>       assert rv.status_code == 200\nE       assert 404 == 200\nE        +  where 404 = <WrapperTestResponse streamed [404 NOT FOUND]>.status_code\n\ntests\\test_auth.py:37: AssertionError"
      },
      "teardown": {
        "outcome": "passed"
      }
    },
    {
      "nodeid": "tests/test_auth.py::AuthTests::test_no_auth",
      "lineno": 9,
      "outcome": "passed",
      "keywords": [
        "test_no_auth",
        "AuthTests",
        "test_auth.py",
        "tests",
        "miguelgrinberg@microblog-api__e250d711__requests__pycurl",
        ""
      ],
      "setup": {
        "outcome": "passed"
      },
      "call": {
        "outcome": "passed"
      },
      "teardown": {
        "outcome": "passed"
      }
    },
    {
      "nodeid": "tests/test_auth.py::AuthTests::test_no_login",
      "lineno": 173,
      "outcome": "failed",
      "keywords": [
        "test_no_login",
        "AuthTests",
        "test_auth.py",
        "tests",
        "miguelgrinberg@microblog-api__e250d711__requests__pycurl",
        ""
      ],
      "setup": {
        "outcome": "passed"
      },
      "call": {
        "outcome": "failed",
        "crash": {
          "path": "D:\\repos\\miguelgrinberg@microblog-api__e250d711__requests__pycurl\\tests\\test_auth.py",
          "lineno": 176,
          "message": "assert 404 == 401\n +  where 404 = <WrapperTestResponse streamed [404 NOT FOUND]>.status_code"
        },
        "traceback": [
          {
            "path": "tests\\test_auth.py",
            "lineno": 176,
            "message": "AssertionError"
          }
        ],
        "longrepr": "self = <tests.test_auth.AuthTests testMethod=test_no_login>\n\n    def test_no_login(self):\n        rv = self.client.post('/api/tokens')\n>       assert rv.status_code == 401\nE       assert 404 == 401\nE        +  where 404 = <WrapperTestResponse streamed [404 NOT FOUND]>.status_code\n\ntests\\test_auth.py:176: AssertionError"
      },
      "teardown": {
        "outcome": "passed"
      }
    },
    {
      "nodeid": "tests/test_auth.py::AuthTests::test_oauth",
      "lineno": 216,
      "outcome": "failed",
      "keywords": [
        "test_oauth",
        "AuthTests",
        "test_auth.py",
        "tests",
        "miguelgrinberg@microblog-api__e250d711__requests__pycurl",
        ""
      ],
      "setup": {
        "outcome": "passed"
      },
      "call": {
        "outcome": "failed",
        "crash": {
          "path": "D:\\repos\\miguelgrinberg@microblog-api__e250d711__requests__pycurl\\tests\\test_auth.py",
          "lineno": 219,
          "message": "assert 405 == 404\n +  where 405 = <WrapperTestResponse streamed [405 METHOD NOT ALLOWED]>.status_code"
        },
        "traceback": [
          {
            "path": "tests\\test_auth.py",
            "lineno": 219,
            "message": "AssertionError"
          }
        ],
        "longrepr": "self = <tests.test_auth.AuthTests testMethod=test_oauth>\n\n    def test_oauth(self):\n        rv = self.client.get('/api/tokens/oauth2/bar')\n>       assert rv.status_code == 404\nE       assert 405 == 404\nE        +  where 405 = <WrapperTestResponse streamed [405 METHOD NOT ALLOWED]>.status_code\n\ntests\\test_auth.py:219: AssertionError"
      },
      "teardown": {
        "outcome": "passed"
      }
    },
    {
      "nodeid": "tests/test_auth.py::AuthTests::test_refresh_revoke_all",
      "lineno": 107,
      "outcome": "failed",
      "keywords": [
        "test_refresh_revoke_all",
        "AuthTests",
        "test_auth.py",
        "tests",
        "miguelgrinberg@microblog-api__e250d711__requests__pycurl",
        ""
      ],
      "setup": {
        "outcome": "passed"
      },
      "call": {
        "outcome": "failed",
        "crash": {
          "path": "D:\\repos\\miguelgrinberg@microblog-api__e250d711__requests__pycurl\\tests\\test_auth.py",
          "lineno": 110,
          "message": "assert 404 == 200\n +  where 404 = <WrapperTestResponse streamed [404 NOT FOUND]>.status_code"
        },
        "traceback": [
          {
            "path": "tests\\test_auth.py",
            "lineno": 110,
            "message": "AssertionError"
          }
        ],
        "longrepr": "self = <tests.test_auth.AuthTests testMethod=test_refresh_revoke_all>\n\n    def test_refresh_revoke_all(self):\n        rv = self.client.post('/api/tokens', auth=('test', 'foo'))\n>       assert rv.status_code == 200\nE       assert 404 == 200\nE        +  where 404 = <WrapperTestResponse streamed [404 NOT FOUND]>.status_code\n\ntests\\test_auth.py:110: AssertionError"
      },
      "teardown": {
        "outcome": "passed"
      }
    },
    {
      "nodeid": "tests/test_auth.py::AuthTests::test_refresh_token",
      "lineno": 59,
      "outcome": "failed",
      "keywords": [
        "test_refresh_token",
        "AuthTests",
        "test_auth.py",
        "tests",
        "miguelgrinberg@microblog-api__e250d711__requests__pycurl",
        ""
      ],
      "setup": {
        "outcome": "passed"
      },
      "call": {
        "outcome": "failed",
        "crash": {
          "path": "D:\\repos\\miguelgrinberg@microblog-api__e250d711__requests__pycurl\\tests\\test_auth.py",
          "lineno": 62,
          "message": "assert 404 == 200\n +  where 404 = <WrapperTestResponse streamed [404 NOT FOUND]>.status_code"
        },
        "traceback": [
          {
            "path": "tests\\test_auth.py",
            "lineno": 62,
            "message": "AssertionError"
          }
        ],
        "longrepr": "self = <tests.test_auth.AuthTests testMethod=test_refresh_token>\n\n    def test_refresh_token(self):\n        rv = self.client.post('/api/tokens', auth=('test@example.com', 'foo'))\n>       assert rv.status_code == 200\nE       assert 404 == 200\nE        +  where 404 = <WrapperTestResponse streamed [404 NOT FOUND]>.status_code\n\ntests\\test_auth.py:62: AssertionError"
      },
      "teardown": {
        "outcome": "passed"
      }
    },
    {
      "nodeid": "tests/test_auth.py::AuthTests::test_refresh_token_failure",
      "lineno": 82,
      "outcome": "failed",
      "keywords": [
        "test_refresh_token_failure",
        "AuthTests",
        "test_auth.py",
        "tests",
        "miguelgrinberg@microblog-api__e250d711__requests__pycurl",
        ""
      ],
      "setup": {
        "outcome": "passed"
      },
      "call": {
        "outcome": "failed",
        "crash": {
          "path": "D:\\repos\\miguelgrinberg@microblog-api__e250d711__requests__pycurl\\tests\\test_auth.py",
          "lineno": 85,
          "message": "assert 404 == 200\n +  where 404 = <WrapperTestResponse streamed [404 NOT FOUND]>.status_code"
        },
        "traceback": [
          {
            "path": "tests\\test_auth.py",
            "lineno": 85,
            "message": "AssertionError"
          }
        ],
        "longrepr": "self = <tests.test_auth.AuthTests testMethod=test_refresh_token_failure>\n\n    def test_refresh_token_failure(self):\n        rv = self.client.post('/api/tokens', auth=('test', 'foo'))\n>       assert rv.status_code == 200\nE       assert 404 == 200\nE        +  where 404 = <WrapperTestResponse streamed [404 NOT FOUND]>.status_code\n\ntests\\test_auth.py:85: AssertionError"
      },
      "teardown": {
        "outcome": "passed"
      }
    },
    {
      "nodeid": "tests/test_auth.py::AuthTests::test_reset_password",
      "lineno": 181,
      "outcome": "failed",
      "keywords": [
        "test_reset_password",
        "AuthTests",
        "test_auth.py",
        "tests",
        "miguelgrinberg@microblog-api__e250d711__requests__pycurl",
        ""
      ],
      "setup": {
        "outcome": "passed"
      },
      "call": {
        "outcome": "failed",
        "crash": {
          "path": "D:\\repos\\miguelgrinberg@microblog-api__e250d711__requests__pycurl\\tests\\test_auth.py",
          "lineno": 187,
          "message": "assert 404 == 204\n +  where 404 = <WrapperTestResponse streamed [404 NOT FOUND]>.status_code"
        },
        "traceback": [
          {
            "path": "tests\\test_auth.py",
            "lineno": 187,
            "message": "AssertionError"
          }
        ],
        "longrepr": "self = <tests.test_auth.AuthTests testMethod=test_reset_password>\n\n    def test_reset_password(self):\n        with mock.patch('api.tokens.send_email') as send_email:\n            rv = self.client.post('/api/tokens/reset', json={\n                'email': 'bad@example.com',\n            })\n>           assert rv.status_code == 204\nE           assert 404 == 204\nE            +  where 404 = <WrapperTestResponse streamed [404 NOT FOUND]>.status_code\n\ntests\\test_auth.py:187: AssertionError"
      },
      "teardown": {
        "outcome": "passed"
      }
    },
    {
      "nodeid": "tests/test_auth.py::AuthTests::test_revoke",
      "lineno": 156,
      "outcome": "failed",
      "keywords": [
        "test_revoke",
        "AuthTests",
        "test_auth.py",
        "tests",
        "miguelgrinberg@microblog-api__e250d711__requests__pycurl",
        ""
      ],
      "setup": {
        "outcome": "passed"
      },
      "call": {
        "outcome": "failed",
        "crash": {
          "path": "D:\\repos\\miguelgrinberg@microblog-api__e250d711__requests__pycurl\\tests\\test_auth.py",
          "lineno": 159,
          "message": "assert 404 == 200\n +  where 404 = <WrapperTestResponse streamed [404 NOT FOUND]>.status_code"
        },
        "traceback": [
          {
            "path": "tests\\test_auth.py",
            "lineno": 159,
            "message": "AssertionError"
          }
        ],
        "longrepr": "self = <tests.test_auth.AuthTests testMethod=test_revoke>\n\n    def test_revoke(self):\n        rv = self.client.post('/api/tokens', auth=('test', 'foo'))\n>       assert rv.status_code == 200\nE       assert 404 == 200\nE        +  where 404 = <WrapperTestResponse streamed [404 NOT FOUND]>.status_code\n\ntests\\test_auth.py:159: AssertionError"
      },
      "teardown": {
        "outcome": "passed"
      }
    },
    {
      "nodeid": "tests/test_auth.py::AuthTests::test_token_expired",
      "lineno": 48,
      "outcome": "failed",
      "keywords": [
        "test_token_expired",
        "AuthTests",
        "test_auth.py",
        "tests",
        "miguelgrinberg@microblog-api__e250d711__requests__pycurl",
        ""
      ],
      "setup": {
        "outcome": "passed"
      },
      "call": {
        "outcome": "failed",
        "crash": {
          "path": "D:\\repos\\miguelgrinberg@microblog-api__e250d711__requests__pycurl\\tests\\test_auth.py",
          "lineno": 51,
          "message": "assert 404 == 200\n +  where 404 = <WrapperTestResponse streamed [404 NOT FOUND]>.status_code"
        },
        "traceback": [
          {
            "path": "tests\\test_auth.py",
            "lineno": 51,
            "message": "AssertionError"
          }
        ],
        "longrepr": "self = <tests.test_auth.AuthTests testMethod=test_token_expired>\n\n    def test_token_expired(self):\n        rv = self.client.post('/api/tokens', auth=('test', 'foo'))\n>       assert rv.status_code == 200\nE       assert 404 == 200\nE        +  where 404 = <WrapperTestResponse streamed [404 NOT FOUND]>.status_code\n\ntests\\test_auth.py:51: AssertionError"
      },
      "teardown": {
        "outcome": "passed"
      }
    },
    {
      "nodeid": "tests/test_pagination.py::PaginationTests::test_pagination_after_asc",
      "lineno": 109,
      "outcome": "passed",
      "keywords": [
        "test_pagination_after_asc",
        "PaginationTests",
        "test_pagination.py",
        "tests",
        "miguelgrinberg@microblog-api__e250d711__requests__pycurl",
        ""
      ],
      "setup": {
        "outcome": "passed"
      },
      "call": {
        "outcome": "passed"
      },
      "teardown": {
        "outcome": "passed"
      }
    },
    {
      "nodeid": "tests/test_pagination.py::PaginationTests::test_pagination_after_desc",
      "lineno": 94,
      "outcome": "passed",
      "keywords": [
        "test_pagination_after_desc",
        "PaginationTests",
        "test_pagination.py",
        "tests",
        "miguelgrinberg@microblog-api__e250d711__requests__pycurl",
        ""
      ],
      "setup": {
        "outcome": "passed"
      },
      "call": {
        "outcome": "passed"
      },
      "teardown": {
        "outcome": "passed"
      }
    },
    {
      "nodeid": "tests/test_pagination.py::PaginationTests::test_pagination_custom_limit",
      "lineno": 66,
      "outcome": "passed",
      "keywords": [
        "test_pagination_custom_limit",
        "PaginationTests",
        "test_pagination.py",
        "tests",
        "miguelgrinberg@microblog-api__e250d711__requests__pycurl",
        ""
      ],
      "setup": {
        "outcome": "passed"
      },
      "call": {
        "outcome": "passed"
      },
      "teardown": {
        "outcome": "passed"
      }
    },
    {
      "nodeid": "tests/test_pagination.py::PaginationTests::test_pagination_default",
      "lineno": 23,
      "outcome": "passed",
      "keywords": [
        "test_pagination_default",
        "PaginationTests",
        "test_pagination.py",
        "tests",
        "miguelgrinberg@microblog-api__e250d711__requests__pycurl",
        ""
      ],
      "setup": {
        "outcome": "passed"
      },
      "call": {
        "outcome": "passed"
      },
      "teardown": {
        "outcome": "passed"
      }
    },
    {
      "nodeid": "tests/test_pagination.py::PaginationTests::test_pagination_invalid",
      "lineno": 56,
      "outcome": "passed",
      "keywords": [
        "test_pagination_invalid",
        "PaginationTests",
        "test_pagination.py",
        "tests",
        "miguelgrinberg@microblog-api__e250d711__requests__pycurl",
        ""
      ],
      "setup": {
        "outcome": "passed"
      },
      "call": {
        "outcome": "passed"
      },
      "teardown": {
        "outcome": "passed"
      }
    },
    {
      "nodeid": "tests/test_pagination.py::PaginationTests::test_pagination_large_per_page",
      "lineno": 77,
      "outcome": "passed",
      "keywords": [
        "test_pagination_large_per_page",
        "PaginationTests",
        "test_pagination.py",
        "tests",
        "miguelgrinberg@microblog-api__e250d711__requests__pycurl",
        ""
      ],
      "setup": {
        "outcome": "passed"
      },
      "call": {
        "outcome": "passed"
      },
      "teardown": {
        "outcome": "passed"
      }
    },
    {
      "nodeid": "tests/test_pagination.py::PaginationTests::test_pagination_last",
      "lineno": 45,
      "outcome": "passed",
      "keywords": [
        "test_pagination_last",
        "PaginationTests",
        "test_pagination.py",
        "tests",
        "miguelgrinberg@microblog-api__e250d711__requests__pycurl",
        ""
      ],
      "setup": {
        "outcome": "passed"
      },
      "call": {
        "outcome": "passed"
      },
      "teardown": {
        "outcome": "passed"
      }
    },
    {
      "nodeid": "tests/test_pagination.py::PaginationTests::test_pagination_offset_and_after",
      "lineno": 88,
      "outcome": "passed",
      "keywords": [
        "test_pagination_offset_and_after",
        "PaginationTests",
        "test_pagination.py",
        "tests",
        "miguelgrinberg@microblog-api__e250d711__requests__pycurl",
        ""
      ],
      "setup": {
        "outcome": "passed"
      },
      "call": {
        "outcome": "passed"
      },
      "teardown": {
        "outcome": "passed"
      }
    },
    {
      "nodeid": "tests/test_pagination.py::PaginationTests::test_pagination_page",
      "lineno": 34,
      "outcome": "passed",
      "keywords": [
        "test_pagination_page",
        "PaginationTests",
        "test_pagination.py",
        "tests",
        "miguelgrinberg@microblog-api__e250d711__requests__pycurl",
        ""
      ],
      "setup": {
        "outcome": "passed"
      },
      "call": {
        "outcome": "passed"
      },
      "teardown": {
        "outcome": "passed"
      }
    },
    {
      "nodeid": "tests/test_post_model.py::PostModelTests::test_url",
      "lineno": 6,
      "outcome": "passed",
      "keywords": [
        "test_url",
        "PostModelTests",
        "test_post_model.py",
        "tests",
        "miguelgrinberg@microblog-api__e250d711__requests__pycurl",
        ""
      ],
      "setup": {
        "outcome": "passed"
      },
      "call": {
        "outcome": "passed"
      },
      "teardown": {
        "outcome": "passed"
      }
    },
    {
      "nodeid": "tests/test_posts.py::PostTests::test_delete_post",
      "lineno": 52,
      "outcome": "passed",
      "keywords": [
        "test_delete_post",
        "PostTests",
        "test_posts.py",
        "tests",
        "miguelgrinberg@microblog-api__e250d711__requests__pycurl",
        ""
      ],
      "setup": {
        "outcome": "passed"
      },
      "call": {
        "outcome": "passed"
      },
      "teardown": {
        "outcome": "passed"
      }
    },
    {
      "nodeid": "tests/test_posts.py::PostTests::test_edit_post",
      "lineno": 34,
      "outcome": "passed",
      "keywords": [
        "test_edit_post",
        "PostTests",
        "test_posts.py",
        "tests",
        "miguelgrinberg@microblog-api__e250d711__requests__pycurl",
        ""
      ],
      "setup": {
        "outcome": "passed"
      },
      "call": {
        "outcome": "passed"
      },
      "teardown": {
        "outcome": "passed"
      }
    },
    {
      "nodeid": "tests/test_posts.py::PostTests::test_new_post",
      "lineno": 8,
      "outcome": "passed",
      "keywords": [
        "test_new_post",
        "PostTests",
        "test_posts.py",
        "tests",
        "miguelgrinberg@microblog-api__e250d711__requests__pycurl",
        ""
      ],
      "setup": {
        "outcome": "passed"
      },
      "call": {
        "outcome": "passed"
      },
      "teardown": {
        "outcome": "passed"
      }
    },
    {
      "nodeid": "tests/test_posts.py::PostTests::test_permissions",
      "lineno": 92,
      "outcome": "passed",
      "keywords": [
        "test_permissions",
        "PostTests",
        "test_posts.py",
        "tests",
        "miguelgrinberg@microblog-api__e250d711__requests__pycurl",
        ""
      ],
      "setup": {
        "outcome": "passed"
      },
      "call": {
        "outcome": "passed"
      },
      "teardown": {
        "outcome": "passed"
      }
    },
    {
      "nodeid": "tests/test_posts.py::PostTests::test_post_feed",
      "lineno": 66,
      "outcome": "passed",
      "keywords": [
        "test_post_feed",
        "PostTests",
        "test_posts.py",
        "tests",
        "miguelgrinberg@microblog-api__e250d711__requests__pycurl",
        ""
      ],
      "setup": {
        "outcome": "passed"
      },
      "call": {
        "outcome": "passed"
      },
      "teardown": {
        "outcome": "passed"
      }
    },
    {
      "nodeid": "tests/test_token_model.py::TokenModelTests::test_token_clean",
      "lineno": 8,
      "outcome": "passed",
      "keywords": [
        "test_token_clean",
        "TokenModelTests",
        "test_token_model.py",
        "tests",
        "miguelgrinberg@microblog-api__e250d711__requests__pycurl",
        ""
      ],
      "setup": {
        "outcome": "passed"
      },
      "call": {
        "outcome": "passed"
      },
      "teardown": {
        "outcome": "passed"
      }
    },
    {
      "nodeid": "tests/test_user_model.py::UserModelTests::test_avatar",
      "lineno": 23,
      "outcome": "passed",
      "keywords": [
        "test_avatar",
        "UserModelTests",
        "test_user_model.py",
        "tests",
        "miguelgrinberg@microblog-api__e250d711__requests__pycurl",
        ""
      ],
      "setup": {
        "outcome": "passed"
      },
      "call": {
        "outcome": "passed"
      },
      "teardown": {
        "outcome": "passed"
      }
    },
    {
      "nodeid": "tests/test_user_model.py::UserModelTests::test_follow",
      "lineno": 29,
      "outcome": "passed",
      "keywords": [
        "test_follow",
        "UserModelTests",
        "test_user_model.py",
        "tests",
        "miguelgrinberg@microblog-api__e250d711__requests__pycurl",
        ""
      ],
      "setup": {
        "outcome": "passed"
      },
      "call": {
        "outcome": "passed"
      },
      "teardown": {
        "outcome": "passed"
      }
    },
    {
      "nodeid": "tests/test_user_model.py::UserModelTests::test_follow_posts",
      "lineno": 73,
      "outcome": "passed",
      "keywords": [
        "test_follow_posts",
        "UserModelTests",
        "test_user_model.py",
        "tests",
        "miguelgrinberg@microblog-api__e250d711__requests__pycurl",
        ""
      ],
      "setup": {
        "outcome": "passed"
      },
      "call": {
        "outcome": "passed"
      },
      "teardown": {
        "outcome": "passed"
      }
    },
    {
      "nodeid": "tests/test_user_model.py::UserModelTests::test_get_users",
      "lineno": 59,
      "outcome": "passed",
      "keywords": [
        "test_get_users",
        "UserModelTests",
        "test_user_model.py",
        "tests",
        "miguelgrinberg@microblog-api__e250d711__requests__pycurl",
        ""
      ],
      "setup": {
        "outcome": "passed"
      },
      "call": {
        "outcome": "passed"
      },
      "teardown": {
        "outcome": "passed"
      }
    },
    {
      "nodeid": "tests/test_user_model.py::UserModelTests::test_password_hashing",
      "lineno": 10,
      "outcome": "passed",
      "keywords": [
        "test_password_hashing",
        "UserModelTests",
        "test_user_model.py",
        "tests",
        "miguelgrinberg@microblog-api__e250d711__requests__pycurl",
        ""
      ],
      "setup": {
        "outcome": "passed"
      },
      "call": {
        "outcome": "passed"
      },
      "teardown": {
        "outcome": "passed"
      }
    },
    {
      "nodeid": "tests/test_user_model.py::UserModelTests::test_url",
      "lineno": 17,
      "outcome": "passed",
      "keywords": [
        "test_url",
        "UserModelTests",
        "test_user_model.py",
        "tests",
        "miguelgrinberg@microblog-api__e250d711__requests__pycurl",
        ""
      ],
      "setup": {
        "outcome": "passed"
      },
      "call": {
        "outcome": "passed"
      },
      "teardown": {
        "outcome": "passed"
      }
    },
    {
      "nodeid": "tests/test_users.py::UserTests::test_create_invalid_user",
      "lineno": 29,
      "outcome": "passed",
      "keywords": [
        "test_create_invalid_user",
        "UserTests",
        "test_users.py",
        "tests",
        "miguelgrinberg@microblog-api__e250d711__requests__pycurl",
        ""
      ],
      "setup": {
        "outcome": "passed"
      },
      "call": {
        "outcome": "passed"
      },
      "teardown": {
        "outcome": "passed"
      }
    },
    {
      "nodeid": "tests/test_users.py::UserTests::test_create_user",
      "lineno": 4,
      "outcome": "passed",
      "keywords": [
        "test_create_user",
        "UserTests",
        "test_users.py",
        "tests",
        "miguelgrinberg@microblog-api__e250d711__requests__pycurl",
        ""
      ],
      "setup": {
        "outcome": "passed"
      },
      "call": {
        "outcome": "passed"
      },
      "teardown": {
        "outcome": "passed"
      }
    },
    {
      "nodeid": "tests/test_users.py::UserTests::test_edit_me",
      "lineno": 85,
      "outcome": "passed",
      "keywords": [
        "test_edit_me",
        "UserTests",
        "test_users.py",
        "tests",
        "miguelgrinberg@microblog-api__e250d711__requests__pycurl",
        ""
      ],
      "setup": {
        "outcome": "passed"
      },
      "call": {
        "outcome": "passed"
      },
      "teardown": {
        "outcome": "passed"
      }
    },
    {
      "nodeid": "tests/test_users.py::UserTests::test_edit_password",
      "lineno": 95,
      "outcome": "failed",
      "keywords": [
        "test_edit_password",
        "UserTests",
        "test_users.py",
        "tests",
        "miguelgrinberg@microblog-api__e250d711__requests__pycurl",
        ""
      ],
      "setup": {
        "outcome": "passed"
      },
      "call": {
        "outcome": "failed",
        "crash": {
          "path": "D:\\repos\\miguelgrinberg@microblog-api__e250d711__requests__pycurl\\tests\\test_users.py",
          "lineno": 116,
          "message": "assert 404 == 401\n +  where 404 = <WrapperTestResponse streamed [404 NOT FOUND]>.status_code"
        },
        "traceback": [
          {
            "path": "tests\\test_users.py",
            "lineno": 116,
            "message": "AssertionError"
          }
        ],
        "longrepr": "self = <tests.test_users.UserTests testMethod=test_edit_password>\n\n    def test_edit_password(self):\n        rv = self.client.put('/api/me', json={\n            'password': 'bar',\n        })\n        assert rv.status_code == 400\n        rv = self.client.put('/api/me', json={\n            'old_password': 'foo1',\n            'password': 'bar',\n        })\n        assert rv.status_code == 400\n        rv = self.client.put('/api/me', json={\n            'old_password': 'foo',\n            'password': 'bar',\n        })\n        assert rv.status_code == 200\n        assert rv.json['username'] == 'test'\n        assert rv.json['email'] == 'test@example.com'\n        assert 'password' not in rv.json\n    \n        rv = self.client.post('/api/tokens', auth=('test@example.com', 'foo'))\n>       assert rv.status_code == 401\nE       assert 404 == 401\nE        +  where 404 = <WrapperTestResponse streamed [404 NOT FOUND]>.status_code\n\ntests\\test_users.py:116: AssertionError"
      },
      "teardown": {
        "outcome": "passed"
      }
    },
    {
      "nodeid": "tests/test_users.py::UserTests::test_edit_user_no_changes",
      "lineno": 72,
      "outcome": "passed",
      "keywords": [
        "test_edit_user_no_changes",
        "UserTests",
        "test_users.py",
        "tests",
        "miguelgrinberg@microblog-api__e250d711__requests__pycurl",
        ""
      ],
      "setup": {
        "outcome": "passed"
      },
      "call": {
        "outcome": "passed"
      },
      "teardown": {
        "outcome": "passed"
      }
    },
    {
      "nodeid": "tests/test_users.py::UserTests::test_follow_unfollow",
      "lineno": 119,
      "outcome": "passed",
      "keywords": [
        "test_follow_unfollow",
        "UserTests",
        "test_users.py",
        "tests",
        "miguelgrinberg@microblog-api__e250d711__requests__pycurl",
        ""
      ],
      "setup": {
        "outcome": "passed"
      },
      "call": {
        "outcome": "passed"
      },
      "teardown": {
        "outcome": "passed"
      }
    },
    {
      "nodeid": "tests/test_users.py::UserTests::test_get_me",
      "lineno": 65,
      "outcome": "passed",
      "keywords": [
        "test_get_me",
        "UserTests",
        "test_users.py",
        "tests",
        "miguelgrinberg@microblog-api__e250d711__requests__pycurl",
        ""
      ],
      "setup": {
        "outcome": "passed"
      },
      "call": {
        "outcome": "passed"
      },
      "teardown": {
        "outcome": "passed"
      }
    },
    {
      "nodeid": "tests/test_users.py::UserTests::test_get_user",
      "lineno": 51,
      "outcome": "passed",
      "keywords": [
        "test_get_user",
        "UserTests",
        "test_users.py",
        "tests",
        "miguelgrinberg@microblog-api__e250d711__requests__pycurl",
        ""
      ],
      "setup": {
        "outcome": "passed"
      },
      "call": {
        "outcome": "passed"
      },
      "teardown": {
        "outcome": "passed"
      }
    },
    {
      "nodeid": "tests/test_users.py::UserTests::test_get_users",
      "lineno": 43,
      "outcome": "passed",
      "keywords": [
        "test_get_users",
        "UserTests",
        "test_users.py",
        "tests",
        "miguelgrinberg@microblog-api__e250d711__requests__pycurl",
        ""
      ],
      "setup": {
        "outcome": "passed"
      },
      "call": {
        "outcome": "passed"
      },
      "teardown": {
        "outcome": "passed"
      }
    }
  ]
}